Running job array 30 on pe55.int.triton.aalto.fi
Starting at Sat Mar 22 10:18:57 EET 2025
Activating virtual environment at /scratch/work/uotilav2/quantum-portfolio/venv
Processing batch 31/100: experiments 30 to 30 (total 1)
Processing experiment 30
Budget: 1209
YF.download() has changed argument auto_adjust default to True
Number of qubits for asset AMGN: 3
Number of qubits for asset INTC: 6
Total number of qubits:  9
Optimized Weights (considering variance, skewness and kurtosis):
AMGN: 100.00%
INTC: 0.00%
Left over budget:  74.54528954089983
Optimized Discrete Allocation:
AMGN: 4
INTC: 5
Maximized utility from continuous higher moments:  -77.45325628996478
Budget constraint not satisfied 1214.6547050476074 1209 Difference:  -5.654705047607422
Budget constraint satisfied 1194.6047058105469 1209 Difference:  14.395294189453125
smallest_eigenvalues: [-0.38368303118405467]
smallest_bitstrings: ['001100100']
first_excited_energy: -0.38364270448573945
optimized_portfolio: [{'AMGN': 4, 'INTC': 9}]
second_optimized_portfolio: [{'AMGN': 4, 'INTC': 8}]
result_with_budget: [{'portfolio': {'AMGN': 4, 'INTC': 9}, 'budget': 1214.6547050476074, 'difference': -5.654705047607422, 'objective_value': -558.4137218972737}]
result_with_budget_excited: [{'portfolio': {'AMGN': 4, 'INTC': 8}, 'budget': 1194.6047058105469, 'difference': 14.395294189453125, 'objective_value': -366.70714295488517}]
Initial params:  [1.48788356 2.51613533 1.63512823 2.13276294 2.26393425 1.8284691
 1.68820779 2.38326127 0.33271856 1.4878596  0.58538032 2.31509673
 0.680313   0.42480042 1.01831901 0.47021746 0.69844324 1.21419094]
(6_w,12)-aCMA-ES (mu_w=3.7,w_1=40%) in dimension 18 (seed=795221, Sat Mar 22 10:19:02 2025)
Iterat #Fevals   function value  axis ratio  sigma  min&max std  t[m:s]
    1     12 -1.034829483833848e-01 1.0e+00 9.41e-02  9e-02  1e-01 0:15.6
    2     24 -1.175555281170486e-01 1.1e+00 9.26e-02  9e-02  9e-02 0:31.1
    3     36 -1.567034906508624e-01 1.2e+00 9.25e-02  9e-02  9e-02 0:46.6
    4     48 -1.995633384991983e-01 1.2e+00 9.39e-02  9e-02  1e-01 1:02.1
    5     60 -2.276560634902197e-01 1.3e+00 9.70e-02  9e-02  1e-01 1:17.6
    6     72 -2.526872518095869e-01 1.3e+00 1.11e-01  1e-01  1e-01 1:33.1
    7     84 -2.675417884173951e-01 1.4e+00 1.21e-01  1e-01  1e-01 1:48.7
    8     96 -2.924106280527494e-01 1.4e+00 1.25e-01  1e-01  1e-01 2:04.2
    9    108 -2.834587819512782e-01 1.4e+00 1.24e-01  1e-01  1e-01 2:19.7
   10    120 -2.977951263468198e-01 1.4e+00 1.29e-01  1e-01  1e-01 2:35.2
   11    132 -2.939194016440262e-01 1.4e+00 1.38e-01  1e-01  1e-01 2:50.8
   12    144 -2.931963787951727e-01 1.4e+00 1.39e-01  1e-01  1e-01 3:06.3
   13    156 -2.910618077656515e-01 1.5e+00 1.37e-01  1e-01  1e-01 3:21.8
   14    168 -2.895907709643721e-01 1.5e+00 1.37e-01  1e-01  1e-01 3:37.4
   15    180 -2.979922119228776e-01 1.5e+00 1.44e-01  1e-01  2e-01 3:52.8
   16    192 -3.097645513774538e-01 1.5e+00 1.52e-01  1e-01  2e-01 4:08.3
   18    216 -2.941039546319575e-01 1.5e+00 1.56e-01  1e-01  2e-01 4:39.3
   20    240 -2.926107388300685e-01 1.6e+00 1.57e-01  1e-01  2e-01 5:10.3
   22    264 -3.095433045088223e-01 1.6e+00 1.59e-01  1e-01  2e-01 5:41.2
   24    288 -3.106704772224356e-01 1.7e+00 1.62e-01  1e-01  2e-01 6:12.2
   26    312 -2.894100592435302e-01 1.8e+00 1.60e-01  1e-01  2e-01 6:43.2
   28    336 -3.063524012300442e-01 1.9e+00 1.63e-01  1e-01  2e-01 7:14.1
   30    360 -3.159785813602470e-01 2.0e+00 1.65e-01  1e-01  2e-01 7:45.0
   32    384 -3.101488613138684e-01 2.0e+00 1.56e-01  1e-01  2e-01 8:16.1
   34    408 -3.106247083915006e-01 2.1e+00 1.52e-01  1e-01  2e-01 8:47.1
   36    432 -3.182033123605489e-01 2.1e+00 1.49e-01  1e-01  2e-01 9:18.1
   38    456 -3.156938373119189e-01 2.1e+00 1.61e-01  1e-01  2e-01 9:49.2
   40    480 -3.239521688438280e-01 2.2e+00 1.62e-01  1e-01  2e-01 10:20.3
   42    504 -3.255557152903761e-01 2.3e+00 1.67e-01  1e-01  2e-01 10:51.5
   44    528 -3.187139145411150e-01 2.4e+00 1.59e-01  1e-01  2e-01 11:22.6
   46    552 -3.290901261663724e-01 2.5e+00 1.47e-01  1e-01  2e-01 11:53.7
   48    576 -3.268543928613239e-01 2.5e+00 1.35e-01  1e-01  2e-01 12:24.8
   51    612 -3.342100421083285e-01 2.6e+00 1.33e-01  1e-01  1e-01 13:11.3
   54    648 -3.272260931356527e-01 2.8e+00 1.23e-01  1e-01  1e-01 13:58.0
   57    684 -3.258217315047146e-01 3.0e+00 1.21e-01  1e-01  1e-01 14:44.5
   60    720 -3.246060179896538e-01 3.0e+00 1.18e-01  9e-02  1e-01 15:31.2
   63    756 -3.298995639885317e-01 3.2e+00 1.19e-01  9e-02  1e-01 16:17.7
   66    792 -3.341502642095207e-01 3.6e+00 1.07e-01  8e-02  1e-01 17:04.3
   69    828 -3.324474973800171e-01 3.6e+00 9.41e-02  7e-02  1e-01 17:51.0
   72    864 -3.369614801372844e-01 3.7e+00 8.16e-02  6e-02  1e-01 18:37.6
   75    900 -3.342727227277806e-01 3.8e+00 7.83e-02  6e-02  9e-02 19:24.2
   78    936 -3.355484143878369e-01 4.0e+00 7.51e-02  6e-02  9e-02 20:10.7
   81    972 -3.380765943289645e-01 4.2e+00 7.12e-02  5e-02  9e-02 20:57.2
   84   1008 -3.401875346297308e-01 4.4e+00 7.55e-02  6e-02  1e-01 21:43.8
   87   1044 -3.397983511751678e-01 4.7e+00 8.24e-02  6e-02  1e-01 22:30.4
   90   1080 -3.382321345659648e-01 4.8e+00 7.30e-02  6e-02  9e-02 23:16.9
   93   1116 -3.412131373459504e-01 5.0e+00 7.04e-02  5e-02  9e-02 24:02.9
   97   1164 -3.413177368059796e-01 5.1e+00 6.33e-02  5e-02  8e-02 25:02.6
  100   1200 -3.428224064829258e-01 5.3e+00 5.87e-02  5e-02  7e-02 25:47.3
  104   1248 -3.430468588795713e-01 5.6e+00 5.62e-02  4e-02  7e-02 26:46.6
  108   1296 -3.436874482742104e-01 5.7e+00 5.48e-02  4e-02  6e-02 27:45.7
  112   1344 -3.446329277953525e-01 5.7e+00 5.52e-02  4e-02  7e-02 28:44.8
  116   1392 -3.453372296134154e-01 5.7e+00 5.65e-02  4e-02  7e-02 29:44.0
  120   1440 -3.453536884982121e-01 5.9e+00 4.94e-02  4e-02  6e-02 30:43.3
  124   1488 -3.455087407439319e-01 6.1e+00 3.92e-02  3e-02  5e-02 31:42.7
  128   1536 -3.458608669430366e-01 6.4e+00 3.47e-02  2e-02  4e-02 32:42.1
  132   1584 -3.466385268452853e-01 6.7e+00 3.83e-02  3e-02  4e-02 33:41.5
  136   1632 -3.469561450150891e-01 6.9e+00 3.92e-02  3e-02  5e-02 34:40.8
  140   1680 -3.477013834960335e-01 7.1e+00 3.91e-02  3e-02  5e-02 35:40.2
  144   1728 -3.476193397237365e-01 7.4e+00 3.85e-02  2e-02  5e-02 36:39.5
  149   1788 -3.482556297376686e-01 7.7e+00 4.17e-02  3e-02  5e-02 37:53.5
  154   1848 -3.484804890312113e-01 8.7e+00 4.07e-02  2e-02  5e-02 39:07.7
  159   1908 -3.485580728397717e-01 8.8e+00 4.45e-02  3e-02  6e-02 40:21.9
  164   1968 -3.494313428835889e-01 9.3e+00 4.87e-02  3e-02  7e-02 41:36.0
  169   2028 -3.502623300625063e-01 1.1e+01 5.91e-02  3e-02  9e-02 42:49.9
  174   2088 -3.512033331439717e-01 1.3e+01 6.54e-02  4e-02  1e-01 44:04.2
  179   2148 -3.508962392696329e-01 1.4e+01 7.00e-02  4e-02  1e-01 45:18.4
  184   2208 -3.510149285429364e-01 1.4e+01 6.59e-02  3e-02  1e-01 46:32.4
  189   2268 -3.520940937093748e-01 1.5e+01 5.19e-02  3e-02  8e-02 47:46.9
  194   2328 -3.524534720552975e-01 1.6e+01 4.66e-02  2e-02  8e-02 49:01.1
  199   2388 -3.527179286431810e-01 1.9e+01 5.02e-02  2e-02  1e-01 50:15.1
  200   2400 -3.535193896635986e-01 2.0e+01 5.03e-02  2e-02  1e-01 50:30.0
  205   2460 -3.534436489826956e-01 2.0e+01 4.18e-02  2e-02  8e-02 51:44.2
  210   2520 -3.539596094353444e-01 2.0e+01 3.33e-02  2e-02  7e-02 52:58.5
  215   2580 -3.540650067491541e-01 2.2e+01 2.90e-02  1e-02  6e-02 54:12.7
  221   2652 -3.547015623285382e-01 2.4e+01 2.76e-02  1e-02  6e-02 55:41.7
  227   2724 -3.549871709293729e-01 2.6e+01 3.21e-02  1e-02  8e-02 57:10.9
  233   2796 -3.556194468851070e-01 3.0e+01 4.57e-02  2e-02  1e-01 58:39.7
  239   2868 -3.562611168068542e-01 3.2e+01 4.58e-02  2e-02  1e-01 60:08.8
  245   2940 -3.570989306243649e-01 3.3e+01 4.59e-02  2e-02  1e-01 61:37.8
  251   3012 -3.573273540906302e-01 3.5e+01 4.29e-02  2e-02  1e-01 63:06.9
  257   3084 -3.581376971319534e-01 3.4e+01 3.44e-02  1e-02  1e-01 64:36.1
  263   3156 -3.584648102386144e-01 3.7e+01 3.33e-02  1e-02  1e-01 66:05.0
  269   3228 -3.585629425756905e-01 3.8e+01 2.48e-02  8e-03  8e-02 67:33.9
  275   3300 -3.591014454469609e-01 3.8e+01 2.28e-02  7e-03  7e-02 69:02.8
  281   3372 -3.591870003873715e-01 4.2e+01 2.23e-02  7e-03  7e-02 70:31.8
  287   3444 -3.594459264711518e-01 4.6e+01 2.44e-02  7e-03  8e-02 72:00.9
  293   3516 -3.596032105483412e-01 5.1e+01 2.65e-02  8e-03  1e-01 73:30.1
  299   3588 -3.597514806943116e-01 5.4e+01 2.52e-02  7e-03  9e-02 74:59.2
  300   3600 -3.596907931282215e-01 5.5e+01 2.45e-02  7e-03  9e-02 75:14.0
  307   3684 -3.598038599705890e-01 5.6e+01 2.30e-02  6e-03  8e-02 76:57.8
  314   3768 -3.599709265741874e-01 5.9e+01 1.86e-02  5e-03  7e-02 78:41.6
  321   3852 -3.601121532150697e-01 6.8e+01 2.29e-02  6e-03  9e-02 80:25.4
  328   3936 -3.607157695530921e-01 7.7e+01 3.71e-02  1e-02  2e-01 82:09.4
  335   4020 -3.612664503185087e-01 7.8e+01 6.16e-02  2e-02  3e-01 83:53.3
  342   4104 -3.616389498752780e-01 8.0e+01 6.76e-02  2e-02  3e-01 85:36.9
  349   4188 -3.620310544004696e-01 7.9e+01 6.77e-02  2e-02  3e-01 87:20.6
  356   4272 -3.620270496463889e-01 7.6e+01 6.38e-02  1e-02  3e-01 89:04.2
  363   4356 -3.624381980685534e-01 7.5e+01 5.04e-02  1e-02  2e-01 90:48.1
  370   4440 -3.622423002911415e-01 7.4e+01 3.80e-02  8e-03  2e-01 92:31.9
  377   4524 -3.627980881723888e-01 7.3e+01 3.03e-02  6e-03  1e-01 94:15.6
  384   4608 -3.628362893665399e-01 7.3e+01 2.73e-02  6e-03  1e-01 95:59.5
  391   4692 -3.628221188268142e-01 7.2e+01 2.65e-02  5e-03  1e-01 97:43.6
  398   4776 -3.628669656940902e-01 7.2e+01 2.24e-02  4e-03  9e-02 99:27.7
  400   4800 -3.629158372098849e-01 7.1e+01 1.99e-02  4e-03  8e-02 99:57.3
  408   4896 -3.629915480085698e-01 7.5e+01 1.51e-02  3e-03  6e-02 101:56.0
  416   4992 -3.630194351823040e-01 7.8e+01 1.58e-02  3e-03  7e-02 103:54.5
  424   5088 -3.630837830865394e-01 7.9e+01 1.68e-02  3e-03  7e-02 105:53.2
  432   5184 -3.631265197235456e-01 8.3e+01 1.54e-02  2e-03  7e-02 107:51.8
  440   5280 -3.631844130592006e-01 8.3e+01 1.88e-02  3e-03  8e-02 109:50.4
  448   5376 -3.632750624174494e-01 8.5e+01 1.83e-02  3e-03  8e-02 111:49.1
  456   5472 -3.634052966654334e-01 8.9e+01 2.69e-02  4e-03  1e-01 113:47.6
  464   5568 -3.636101026701092e-01 9.5e+01 3.64e-02  5e-03  2e-01 115:46.2
  472   5664 -3.635573199397354e-01 9.7e+01 3.10e-02  4e-03  2e-01 117:44.8
  480   5760 -3.637097159163044e-01 1.0e+02 2.84e-02  3e-03  1e-01 119:43.4
  488   5856 -3.637737400759530e-01 1.1e+02 2.39e-02  3e-03  1e-01 121:42.1
  496   5952 -3.638537635772394e-01 1.1e+02 1.90e-02  2e-03  1e-01 123:40.6
  500   6000 -3.638711709555127e-01 1.1e+02 1.59e-02  2e-03  8e-02 124:39.9
  508   6096 -3.638870521205295e-01 1.2e+02 1.53e-02  2e-03  8e-02 126:38.6
  517   6204 -3.639082447800850e-01 1.2e+02 1.00e-02  1e-03  5e-02 128:51.8
  526   6312 -3.639225105158415e-01 1.2e+02 7.81e-03  8e-04  4e-02 131:04.9
  535   6420 -3.639367624012129e-01 1.2e+02 7.89e-03  8e-04  4e-02 133:17.9
  544   6528 -3.639563983621640e-01 1.3e+02 1.57e-02  2e-03  8e-02 135:32.7
  553   6636 -3.639829185901302e-01 1.3e+02 1.99e-02  2e-03  1e-01 137:48.7
  562   6744 -3.640558470296248e-01 1.3e+02 2.29e-02  2e-03  1e-01 140:04.8
  571   6852 -3.641578354370876e-01 1.4e+02 2.90e-02  3e-03  1e-01 142:20.7
  580   6960 -3.644217951324970e-01 1.4e+02 4.81e-02  4e-03  2e-01 144:36.6
  589   7068 -3.650019029504553e-01 1.4e+02 7.75e-02  7e-03  4e-01 146:52.4
  598   7176 -3.655533814704995e-01 1.4e+02 8.68e-02  7e-03  4e-01 149:08.0
  600   7200 -3.658512031449022e-01 1.3e+02 8.84e-02  7e-03  5e-01 149:38.1
  609   7308 -3.660941300698612e-01 1.4e+02 8.92e-02  7e-03  5e-01 151:54.0
  618   7416 -3.663106495886439e-01 1.3e+02 5.40e-02  4e-03  3e-01 154:08.6
  627   7524 -3.664353532203379e-01 1.4e+02 4.78e-02  4e-03  2e-01 156:21.6
  637   7644 -3.664154504913134e-01 1.3e+02 3.22e-02  2e-03  2e-01 158:49.1
  647   7764 -3.664631488962297e-01 1.3e+02 1.71e-02  1e-03  8e-02 161:16.9
  657   7884 -3.664737550591958e-01 1.3e+02 1.13e-02  8e-04  5e-02 163:44.6
  667   8004 -3.664782975140544e-01 1.3e+02 9.75e-03  7e-04  4e-02 166:12.1
  677   8124 -3.664819649735462e-01 1.2e+02 7.36e-03  5e-04  3e-02 168:39.8
  687   8244 -3.664835957025919e-01 1.2e+02 1.06e-02  7e-04  4e-02 171:07.5
  697   8364 -3.664867899327445e-01 1.3e+02 9.82e-03  6e-04  4e-02 173:35.2
  700   8400 -3.664872275626102e-01 1.3e+02 9.81e-03  6e-04  4e-02 174:19.4
  710   8520 -3.664893879870413e-01 1.3e+02 8.17e-03  4e-04  3e-02 176:47.3
  720   8640 -3.664908808788889e-01 1.3e+02 8.29e-03  4e-04  3e-02 179:15.0
  730   8760 -3.664930811453866e-01 1.3e+02 6.61e-03  3e-04  2e-02 181:42.6
  740   8880 -3.664961646381201e-01 1.3e+02 1.13e-02  6e-04  4e-02 184:10.4
  750   9000 -3.664979467104672e-01 1.4e+02 1.56e-02  7e-04  5e-02 186:38.2
  760   9120 -3.665024648279995e-01 1.4e+02 1.15e-02  5e-04  4e-02 189:05.9
  770   9240 -3.665067642457372e-01 1.5e+02 9.82e-03  4e-04  3e-02 191:33.5
  781   9372 -3.665107812371822e-01 1.5e+02 1.05e-02  5e-04  3e-02 194:16.3
  792   9504 -3.665160022120114e-01 1.6e+02 1.76e-02  8e-04  5e-02 196:58.8
  800   9600 -3.665196783671892e-01 1.6e+02 1.87e-02  8e-04  6e-02 198:57.0
  811   9732 -3.665246200997544e-01 1.5e+02 1.37e-02  6e-04  4e-02 201:39.5
  822   9864 -3.665289933888146e-01 1.5e+02 1.77e-02  7e-04  5e-02 204:21.9
  833   9996 -3.665360836360403e-01 1.5e+02 1.76e-02  7e-04  4e-02 207:04.1
  844  10128 -3.665459860854302e-01 1.5e+02 1.76e-02  6e-04  4e-02 209:46.3
  855  10260 -3.665552781597878e-01 1.5e+02 2.28e-02  8e-04  5e-02 212:28.5
  866  10392 -3.665726694951044e-01 1.6e+02 3.27e-02  1e-03  7e-02 215:11.1
  877  10524 -3.666150193390750e-01 1.7e+02 4.07e-02  1e-03  9e-02 217:53.7
  888  10656 -3.666560988024760e-01 1.6e+02 3.28e-02  1e-03  7e-02 220:36.4
  899  10788 -3.667105379404555e-01 1.9e+02 3.63e-02  1e-03  8e-02 223:19.2
  900  10800 -3.667347121133060e-01 1.9e+02 3.91e-02  1e-03  9e-02 223:33.9
  911  10932 -3.669994424235009e-01 1.9e+02 1.14e-01  4e-03  3e-01 226:16.7
  922  11064 -3.669944320059027e-01 1.7e+02 1.59e-01  5e-03  4e-01 228:59.5
  934  11208 -3.673343172566737e-01 1.6e+02 1.21e-01  4e-03  3e-01 231:57.0
  946  11352 -3.678503717479895e-01 1.7e+02 9.77e-02  3e-03  2e-01 234:54.4
  958  11496 -3.681597972620453e-01 1.6e+02 1.18e-01  4e-03  2e-01 237:51.8
  970  11640 -3.683331133026328e-01 1.6e+02 7.83e-02  3e-03  1e-01 240:49.3
  982  11784 -3.684345450342973e-01 1.6e+02 5.24e-02  2e-03  1e-01 243:46.8
  994  11928 -3.684949214628149e-01 1.6e+02 6.99e-02  2e-03  1e-01 246:44.5
 1000  12000 -3.685422285727945e-01 1.6e+02 6.05e-02  2e-03  1e-01 248:13.0
Budget constraint satisfied 1114.4047088623047 1209 Difference:  94.59529113769531
Budget constraint satisfied 1094.3547096252441 1209 Difference:  114.64529037475586
two_most_probable_states: ['001001000', '001110000']
final_expectation_value: -0.36854256618933495
params: [1.839171561612342, 4.839261612290746, -7.100981365306421, 6.375015652158856, 5.398142674395859, 7.943009703988234, 9.625065280159296, 11.670741013276187, 7.919567292722501, 2.6180676389116164, -0.2598472747102484, 1.5240901804448324, 1.253863161030385, -1.8062979773728969, 3.0124486861425765, -0.08458858896724222, 1.5050481490244143, 1.5785436404136546]
total_steps: 1000
states_probs: [0.01868254230627597, 0.018755268828850397]
optimized_portfolios: [{'AMGN': 4, 'INTC': 4}, {'AMGN': 4, 'INTC': 3}]
objective_values: [-41.2320990913516, -21.29655428596113]
result_with_budget: [{'portfolio': {'AMGN': 4, 'INTC': 4}, 'budget': 1114.4047088623047, 'difference': 94.59529113769531}, {'portfolio': {'AMGN': 4, 'INTC': 3}, 'budget': 1094.3547096252441, 'difference': 114.64529037475586}]
Batch 31/100 completed. Results saved to portfolio_optimization_results_batch_30.json
Job finished at Sat Mar 22 14:28:18 EET 2025
