Running job array 10 on milan11.int.triton.aalto.fi
Starting at Thu Mar 13 20:39:56 EET 2025
Activating virtual environment at /scratch/work/uotilav2/quantum-portfolio/venv
Processing batch 11/20: experiments 225 to 246 (total 22)
Skipping experiment 225 (already processed)
Skipping experiment 226 (already processed)
Processing experiment 227
Budget: 1250.6880645751953
YF.download() has changed argument auto_adjust default to True
Number of qubits for asset JNJ: 4
Number of qubits for asset MSFT: 2
Number of qubits for asset UNH: 2
Number of qubits for asset WMT: 4
Total number of qubits:  12
Optimized Weights (considering variance, skewness and kurtosis):
JNJ: 0.00%
MSFT: 100.00%
UNH: 0.00%
WMT: 0.00%
Left over budget:  85.20345961458816
Optimized Discrete Allocation:
JNJ: 1
MSFT: 2
WMT: 2
Maximized utility from continuous higher moments:  0.333141618959532
Budget constraint satisfied 1248.535385131836 1250.6880645751953 Difference:  2.152679443359375
Budget constraint satisfied 1249.6996307373047 1250.6880645751953 Difference:  0.988433837890625
smallest_eigenvalues: [-0.06589998347587919]
smallest_bitstrings: ['100010100100']
first_excited_energy: -0.06589944102849715
optimized_portfolio: [{'JNJ': 1, 'MSFT': 1, 'UNH': 1, 'WMT': 2}]
second_optimized_portfolio: [{'JNJ': 2, 'MSFT': 1, 'UNH': 0, 'WMT': 6}]
result_with_budget: [{'portfolio': {'JNJ': 1, 'MSFT': 1, 'UNH': 1, 'WMT': 2}, 'budget': 1248.535385131836, 'difference': 2.152679443359375, 'objective_value': 0.8613414643110691}]
result_with_budget_excited: [{'portfolio': {'JNJ': 2, 'MSFT': 1, 'UNH': 0, 'WMT': 6}, 'budget': 1249.6996307373047, 'difference': 0.988433837890625, 'objective_value': -111.81279648905021}]
Initial params:  [2.01037118 0.45035763 2.96776493 1.63943485 1.3026989  0.83112597
 2.43232687 1.43303853 1.78578792 0.0590299  1.94035914 1.92295543
 1.93815531 2.96487203 2.14200164 1.12942738 1.37297638 2.19167304
 0.1892039  2.09470941 2.106871   0.66093631 0.40503391 0.99094739]
(6_w,13)-aCMA-ES (mu_w=4.0,w_1=38%) in dimension 24 (seed=997727, Thu Mar 13 20:40:36 2025)
Iterat #Fevals   function value  axis ratio  sigma  min&max std  t[m:s]
    1     13 1.317213649643942e-01 1.0e+00 9.43e-02  9e-02  9e-02 1:05.7
    2     26 8.979283763907192e-02 1.1e+00 9.26e-02  9e-02  9e-02 2:11.1
    3     39 4.312235054191275e-02 1.1e+00 9.50e-02  9e-02  1e-01 3:16.8
    4     52 6.775704637004237e-02 1.2e+00 9.66e-02  9e-02  1e-01 4:22.8
    5     65 9.049810676601888e-03 1.2e+00 1.02e-01  1e-01  1e-01 5:28.6
    6     78 -6.292315965516646e-03 1.3e+00 1.06e-01  1e-01  1e-01 6:34.2
    7     91 -5.233474499845758e-03 1.4e+00 1.12e-01  1e-01  1e-01 7:39.9
    8    104 -1.661307826122998e-02 1.4e+00 1.16e-01  1e-01  1e-01 8:45.5
    9    117 -1.893090864720834e-02 1.5e+00 1.19e-01  1e-01  1e-01 9:51.4
   10    130 -8.703647775249604e-03 1.6e+00 1.18e-01  1e-01  1e-01 10:56.9
   11    143 -1.181344817661059e-02 1.6e+00 1.19e-01  1e-01  1e-01 12:02.7
   12    156 -2.749652103384903e-02 1.7e+00 1.19e-01  1e-01  1e-01 13:08.5
   13    169 -3.943190145264744e-02 1.7e+00 1.21e-01  1e-01  1e-01 14:14.0
   14    182 -3.161789403819158e-02 1.7e+00 1.25e-01  1e-01  1e-01 15:19.9
   15    195 -4.205565382729468e-02 1.8e+00 1.29e-01  1e-01  1e-01 16:25.5
   16    208 -4.426828589764564e-02 1.8e+00 1.33e-01  1e-01  1e-01 17:31.2
   17    221 -4.413095192005114e-02 1.9e+00 1.33e-01  1e-01  1e-01 18:36.8
   18    234 -4.517834190858194e-02 1.9e+00 1.35e-01  1e-01  1e-01 19:42.5
   19    247 -3.607267993500961e-02 1.9e+00 1.41e-01  1e-01  2e-01 20:48.1
   20    260 -4.396932508170666e-02 2.0e+00 1.41e-01  1e-01  2e-01 21:53.9
   21    273 -4.351997107160498e-02 2.0e+00 1.44e-01  1e-01  2e-01 22:59.9
   22    286 -4.665798594015742e-02 2.0e+00 1.47e-01  1e-01  2e-01 24:05.5
   23    299 -4.527215876960564e-02 2.0e+00 1.46e-01  1e-01  2e-01 25:11.6
   24    312 -4.470271931750145e-02 2.1e+00 1.50e-01  1e-01  2e-01 26:17.4
   25    325 -4.321088965373310e-02 2.1e+00 1.51e-01  1e-01  2e-01 27:22.9
   26    338 -4.401010498785556e-02 2.1e+00 1.56e-01  1e-01  2e-01 28:28.3
   27    351 -4.496568053846957e-02 2.1e+00 1.58e-01  1e-01  2e-01 29:33.9
   28    364 -4.684829237958765e-02 2.1e+00 1.66e-01  2e-01  2e-01 30:39.5
   29    377 -4.924259248812638e-02 2.1e+00 1.68e-01  2e-01  2e-01 31:45.4
   30    390 -4.726047863779043e-02 2.1e+00 1.68e-01  2e-01  2e-01 32:51.1
   31    403 -4.644701956980595e-02 2.2e+00 1.63e-01  2e-01  2e-01 33:56.5
   32    416 -4.825372373145095e-02 2.2e+00 1.62e-01  1e-01  2e-01 35:02.0
   33    429 -4.819383687429124e-02 2.1e+00 1.61e-01  1e-01  2e-01 36:07.6
   34    442 -4.792249950464056e-02 2.2e+00 1.64e-01  1e-01  2e-01 37:13.2
   35    455 -4.951648373465482e-02 2.2e+00 1.70e-01  2e-01  2e-01 38:18.5
   36    468 -4.897752068128525e-02 2.2e+00 1.75e-01  2e-01  2e-01 39:24.1
   37    481 -4.688708257741481e-02 2.2e+00 1.81e-01  2e-01  2e-01 40:29.9
   38    494 -4.942763878990880e-02 2.2e+00 1.81e-01  2e-01  2e-01 41:35.6
   39    507 -4.473964524776551e-02 2.3e+00 1.80e-01  2e-01  2e-01 42:41.2
   40    520 -5.185091245081296e-02 2.3e+00 1.74e-01  2e-01  2e-01 43:46.7
   41    533 -5.037115751007906e-02 2.3e+00 1.72e-01  2e-01  2e-01 44:52.2
   42    546 -4.677742260416657e-02 2.3e+00 1.70e-01  2e-01  2e-01 45:58.1
   43    559 -4.687593752369403e-02 2.3e+00 1.69e-01  1e-01  2e-01 47:03.6
   44    572 -5.218772569278438e-02 2.3e+00 1.68e-01  1e-01  2e-01 48:09.4
   45    585 -5.186407611281584e-02 2.4e+00 1.68e-01  1e-01  2e-01 49:14.9
   46    598 -4.831925527955110e-02 2.4e+00 1.72e-01  1e-01  2e-01 50:20.9
   47    611 -4.591786599665040e-02 2.4e+00 1.77e-01  2e-01  2e-01 51:26.6
   48    624 -4.604052632377720e-02 2.4e+00 1.73e-01  1e-01  2e-01 52:32.4
   49    637 -4.716203239986229e-02 2.4e+00 1.73e-01  1e-01  2e-01 53:37.9
   50    650 -4.931515929282062e-02 2.4e+00 1.77e-01  2e-01  2e-01 54:43.4
   51    663 -4.597066594539514e-02 2.5e+00 1.85e-01  2e-01  2e-01 55:48.9
   52    676 -4.955259258412820e-02 2.5e+00 1.94e-01  2e-01  2e-01 56:54.5
   53    689 -4.616456252927165e-02 2.6e+00 2.05e-01  2e-01  2e-01 58:00.4
   54    702 -4.275507606743979e-02 2.6e+00 2.25e-01  2e-01  3e-01 59:05.8
   55    715 -4.508853677013250e-02 2.7e+00 2.41e-01  2e-01  3e-01 60:11.4
   56    728 -3.981209264931434e-02 2.7e+00 2.54e-01  2e-01  3e-01 61:17.2
   57    741 -4.460247121551689e-02 2.8e+00 2.67e-01  2e-01  3e-01 62:23.3
   58    754 -3.686899751555961e-02 2.8e+00 2.72e-01  2e-01  3e-01 63:28.8
   59    767 -4.228766568026465e-02 2.9e+00 2.85e-01  2e-01  3e-01 64:34.5
   60    780 -4.995463627099055e-02 3.0e+00 2.89e-01  2e-01  3e-01 65:40.2
   61    793 -4.767033060125481e-02 3.0e+00 2.91e-01  2e-01  3e-01 66:46.1
   62    806 -4.504998575232309e-02 3.0e+00 2.86e-01  2e-01  3e-01 67:51.9
   63    819 -4.864445902767367e-02 3.1e+00 2.83e-01  2e-01  3e-01 68:57.3
   64    832 -4.347890676849989e-02 3.1e+00 2.85e-01  2e-01  3e-01 70:02.3
   65    845 -4.499253082655901e-02 3.1e+00 2.82e-01  2e-01  3e-01 71:06.9
   66    858 -4.886930160086968e-02 3.1e+00 2.82e-01  2e-01  3e-01 72:12.1
   68    884 -4.440091120894184e-02 3.2e+00 2.78e-01  2e-01  3e-01 74:21.8
   70    910 -4.342403502080291e-02 3.3e+00 2.76e-01  2e-01  3e-01 76:31.7
   72    936 -4.328820508361611e-02 3.4e+00 2.66e-01  2e-01  3e-01 78:41.6
   74    962 -4.824483076231958e-02 3.4e+00 2.60e-01  2e-01  3e-01 80:51.1
   76    988 -4.850107772040597e-02 3.5e+00 2.54e-01  2e-01  3e-01 83:00.7
   78   1014 -4.560239347727543e-02 3.5e+00 2.40e-01  2e-01  3e-01 85:10.5
   80   1040 -4.680135303160783e-02 3.5e+00 2.20e-01  2e-01  3e-01 87:19.9
   82   1066 -4.445046857156027e-02 3.6e+00 2.16e-01  2e-01  3e-01 89:29.4
   84   1092 -5.065666242792157e-02 3.6e+00 2.20e-01  2e-01  3e-01 91:39.0
   86   1118 -4.907799206688844e-02 3.7e+00 2.17e-01  2e-01  3e-01 93:48.7
   88   1144 -4.703882188222835e-02 3.7e+00 2.05e-01  2e-01  3e-01 95:58.3
   90   1170 -4.292939506373881e-02 3.7e+00 1.91e-01  2e-01  2e-01 98:08.4
   92   1196 -4.887830411922774e-02 3.9e+00 1.84e-01  1e-01  2e-01 100:19.7
   94   1222 -4.606907895681659e-02 4.0e+00 1.74e-01  1e-01  2e-01 102:29.2
   96   1248 -4.974986403855711e-02 4.0e+00 1.68e-01  1e-01  2e-01 104:39.2
   98   1274 -5.065375019946189e-02 4.1e+00 1.71e-01  1e-01  2e-01 106:48.8
  100   1300 -5.080183442141345e-02 4.2e+00 1.71e-01  1e-01  2e-01 108:58.7
  102   1326 -4.940303752931131e-02 4.3e+00 1.67e-01  1e-01  2e-01 111:08.3
  104   1352 -4.792079143992822e-02 4.4e+00 1.66e-01  1e-01  2e-01 113:17.8
  106   1378 -4.666078486301903e-02 4.5e+00 1.58e-01  1e-01  2e-01 115:27.5
  108   1404 -4.995067905589563e-02 4.6e+00 1.58e-01  1e-01  2e-01 117:36.9
  110   1430 -4.994215159375022e-02 4.6e+00 1.53e-01  1e-01  2e-01 119:47.0
  112   1456 -4.902911775260697e-02 4.6e+00 1.47e-01  1e-01  2e-01 121:56.2
  114   1482 -5.048129639951886e-02 4.6e+00 1.41e-01  1e-01  2e-01 124:05.5
  116   1508 -5.025183128592917e-02 4.7e+00 1.36e-01  1e-01  2e-01 126:15.2
  118   1534 -5.065014200207702e-02 4.7e+00 1.29e-01  1e-01  2e-01 128:24.7
  120   1560 -5.004872502521570e-02 4.7e+00 1.22e-01  1e-01  2e-01 130:34.6
  122   1586 -5.100751993083919e-02 4.8e+00 1.14e-01  9e-02  1e-01 132:43.8
  124   1612 -5.101433821684895e-02 4.9e+00 1.12e-01  9e-02  1e-01 134:54.4
  126   1638 -5.121559907380393e-02 5.0e+00 1.07e-01  9e-02  1e-01 137:05.1
  128   1664 -5.134742760961460e-02 5.1e+00 1.05e-01  9e-02  1e-01 139:15.9
  130   1690 -5.063248389771103e-02 5.1e+00 9.82e-02  8e-02  1e-01 141:27.0
  132   1716 -5.138999996263114e-02 5.3e+00 9.92e-02  8e-02  1e-01 143:37.8
  134   1742 -5.155140293797639e-02 5.4e+00 9.95e-02  8e-02  1e-01 145:48.1
  136   1768 -5.095311886128973e-02 5.4e+00 9.94e-02  8e-02  1e-01 147:59.2
  138   1794 -5.187013192287090e-02 5.4e+00 9.27e-02  7e-02  1e-01 150:09.9
  140   1820 -5.160204996415269e-02 5.5e+00 8.38e-02  7e-02  1e-01 152:21.5
  142   1846 -5.177496335825852e-02 5.6e+00 8.15e-02  6e-02  1e-01 154:33.0
  144   1872 -5.145539348100095e-02 5.7e+00 7.64e-02  6e-02  9e-02 156:44.9
  146   1898 -5.200139088726802e-02 5.8e+00 7.24e-02  6e-02  9e-02 158:56.9
  148   1924 -5.185607969091251e-02 5.9e+00 7.06e-02  5e-02  9e-02 161:08.3
  150   1950 -5.194055434524688e-02 6.0e+00 6.52e-02  5e-02  8e-02 163:20.4
  152   1976 -5.183508653085948e-02 6.1e+00 6.34e-02  5e-02  8e-02 165:31.4
  154   2002 -5.207247286250543e-02 6.1e+00 6.37e-02  5e-02  8e-02 167:42.7
  156   2028 -5.195136031494191e-02 6.1e+00 6.71e-02  5e-02  8e-02 169:54.4
  158   2054 -5.208322047276185e-02 6.3e+00 7.22e-02  5e-02  9e-02 172:05.9
  160   2080 -5.208877944089300e-02 6.4e+00 7.41e-02  5e-02  9e-02 174:17.2
  162   2106 -5.197933064607740e-02 6.5e+00 7.22e-02  5e-02  9e-02 176:28.0
  164   2132 -5.179373770549763e-02 6.6e+00 6.93e-02  5e-02  9e-02 178:39.4
  166   2158 -5.218819075058009e-02 6.8e+00 7.17e-02  5e-02  9e-02 180:51.0
  168   2184 -5.223665541915479e-02 6.8e+00 7.34e-02  5e-02  9e-02 183:02.1
  170   2210 -5.220423563188314e-02 6.8e+00 6.90e-02  5e-02  9e-02 185:14.0
  172   2236 -5.232741592190678e-02 7.0e+00 6.39e-02  4e-02  8e-02 187:24.9
  174   2262 -5.249263443864548e-02 7.1e+00 6.09e-02  4e-02  8e-02 189:36.1
  176   2288 -5.264211816052304e-02 7.2e+00 6.10e-02  4e-02  8e-02 191:47.7
  178   2314 -5.267223810448569e-02 7.3e+00 6.39e-02  4e-02  8e-02 193:58.6
  180   2340 -5.251673860556192e-02 7.6e+00 6.94e-02  5e-02  9e-02 196:09.9
  182   2366 -5.260049567403356e-02 7.8e+00 7.02e-02  5e-02  9e-02 198:20.8
  184   2392 -5.274019518340946e-02 7.9e+00 7.04e-02  5e-02  9e-02 200:34.9
  186   2418 -5.278009125265562e-02 8.0e+00 7.47e-02  5e-02  9e-02 202:46.6
  189   2457 -5.266298420252772e-02 8.5e+00 7.76e-02  5e-02  1e-01 205:42.4
  192   2496 -5.280863027107143e-02 8.9e+00 7.40e-02  5e-02  9e-02 208:16.7
  195   2535 -5.289345585730100e-02 9.4e+00 6.98e-02  5e-02  9e-02 210:50.1
  198   2574 -5.281855039853593e-02 9.7e+00 6.77e-02  5e-02  9e-02 213:21.3
  200   2600 -5.314377211050340e-02 9.7e+00 6.76e-02  5e-02  9e-02 215:10.3
  203   2639 -5.309293603540024e-02 9.9e+00 7.09e-02  5e-02  9e-02 218:00.4
  206   2678 -5.327111844333014e-02 1.0e+01 6.80e-02  4e-02  9e-02 220:51.4
  209   2717 -5.314521236826783e-02 1.0e+01 6.80e-02  4e-02  9e-02 223:32.2
  212   2756 -5.346822341092947e-02 1.0e+01 6.98e-02  4e-02  1e-01 226:14.2
  215   2795 -5.348306147434763e-02 1.1e+01 7.29e-02  5e-02  1e-01 229:13.5
  218   2834 -5.342146540758621e-02 1.1e+01 7.38e-02  5e-02  1e-01 232:13.7
  221   2873 -5.357376645885784e-02 1.1e+01 7.11e-02  4e-02  1e-01 235:05.1
  224   2912 -5.362566568873921e-02 1.1e+01 6.27e-02  4e-02  9e-02 238:04.8
  227   2951 -5.377763161695509e-02 1.2e+01 5.91e-02  4e-02  8e-02 241:05.5
  230   2990 -5.392273926548478e-02 1.2e+01 6.04e-02  4e-02  8e-02 243:52.0
  233   3029 -5.418079919106071e-02 1.2e+01 6.20e-02  4e-02  9e-02 246:51.7
  236   3068 -5.432236609426987e-02 1.3e+01 6.57e-02  4e-02  9e-02 249:52.6
  239   3107 -5.456254683859781e-02 1.3e+01 6.58e-02  4e-02  1e-01 252:47.0
  242   3146 -5.485851582905581e-02 1.4e+01 7.15e-02  4e-02  1e-01 255:40.1
  245   3185 -5.501616303129029e-02 1.5e+01 7.84e-02  4e-02  1e-01 258:41.8
  248   3224 -5.496494201958835e-02 1.6e+01 7.62e-02  4e-02  1e-01 261:41.8
  251   3263 -5.537931232305297e-02 1.7e+01 7.73e-02  4e-02  1e-01 264:13.8
  254   3302 -5.530907362457921e-02 1.8e+01 7.75e-02  4e-02  1e-01 267:08.0
  257   3341 -5.576751824179374e-02 1.9e+01 8.54e-02  5e-02  1e-01 270:08.9
  260   3380 -5.614316897503238e-02 2.1e+01 9.50e-02  5e-02  2e-01 273:08.6
  263   3419 -5.603538037824256e-02 2.3e+01 1.01e-01  5e-02  2e-01 275:46.0
  266   3458 -5.580844757715728e-02 2.4e+01 1.07e-01  6e-02  2e-01 278:24.8
  269   3497 -5.598167477733658e-02 2.4e+01 1.07e-01  6e-02  2e-01 281:02.7
  273   3549 -5.581244198364765e-02 2.4e+01 9.94e-02  5e-02  2e-01 284:23.5
  277   3601 -5.571374147953879e-02 2.5e+01 1.00e-01  5e-02  2e-01 287:41.4
  281   3653 -5.567545497432901e-02 2.5e+01 1.04e-01  6e-02  2e-01 290:59.1
  285   3705 -5.624440985948638e-02 2.6e+01 1.08e-01  6e-02  2e-01 294:16.8
  289   3757 -5.604338292932580e-02 2.6e+01 1.10e-01  6e-02  2e-01 297:34.7
  293   3809 -5.620542831440753e-02 2.7e+01 1.02e-01  5e-02  2e-01 300:51.6
  297   3861 -5.617711516925020e-02 2.8e+01 1.02e-01  5e-02  2e-01 304:07.7
  300   3900 -5.638440037231534e-02 2.9e+01 1.02e-01  5e-02  2e-01 306:35.0
  304   3952 -5.655776255220992e-02 3.0e+01 9.82e-02  5e-02  2e-01 309:51.1
  308   4004 -5.651853018237202e-02 3.1e+01 9.08e-02  4e-02  2e-01 313:07.5
  311   4043 -5.648911641400321e-02 3.1e+01 8.26e-02  4e-02  2e-01 316:03.4
  314   4082 -5.661531226837698e-02 3.1e+01 8.41e-02  4e-02  2e-01 318:59.7
  317   4121 -5.693437297951160e-02 3.1e+01 8.00e-02  4e-02  1e-01 321:50.6
  321   4173 -5.703094835903336e-02 3.2e+01 8.20e-02  4e-02  1e-01 325:23.5
  324   4212 -5.712335407554568e-02 3.3e+01 7.79e-02  4e-02  1e-01 328:19.8
  327   4251 -5.698077364492358e-02 3.3e+01 7.11e-02  3e-02  1e-01 331:17.1
  331   4303 -5.707594177241045e-02 3.3e+01 6.17e-02  3e-02  1e-01 335:03.9
  334   4342 -5.716835102642840e-02 3.3e+01 5.51e-02  3e-02  1e-01 338:00.4
  337   4381 -5.758779234863473e-02 3.3e+01 5.26e-02  2e-02  9e-02 340:56.9
  341   4433 -5.755353647604131e-02 3.4e+01 4.94e-02  2e-02  9e-02 344:14.8
  344   4472 -5.770629037438843e-02 3.5e+01 4.63e-02  2e-02  8e-02 347:14.9
  347   4511 -5.777078335263335e-02 3.5e+01 4.52e-02  2e-02  8e-02 350:17.0
  351   4563 -5.782490471220045e-02 3.7e+01 4.16e-02  2e-02  7e-02 354:01.9
  354   4602 -5.797062450656509e-02 3.9e+01 3.97e-02  2e-02  7e-02 357:01.2
  357   4641 -5.798260858018554e-02 4.0e+01 4.19e-02  2e-02  8e-02 360:04.1
  361   4693 -5.809785775954145e-02 4.1e+01 4.16e-02  2e-02  8e-02 363:53.2
  364   4732 -5.808438841698949e-02 4.2e+01 3.95e-02  2e-02  7e-02 366:54.9
  367   4771 -5.818737266195421e-02 4.2e+01 3.97e-02  2e-02  7e-02 369:57.3
  371   4823 -5.835962190905578e-02 4.5e+01 4.10e-02  2e-02  8e-02 373:41.6
  375   4875 -5.848839075830636e-02 4.4e+01 3.67e-02  2e-02  7e-02 377:44.7
  379   4927 -5.858250550816104e-02 4.7e+01 3.78e-02  2e-02  8e-02 381:47.1
  383   4979 -5.870632239682022e-02 5.1e+01 4.19e-02  2e-02  9e-02 385:09.5
  387   5031 -5.879602653703352e-02 5.6e+01 4.59e-02  2e-02  1e-01 388:25.6
  391   5083 -5.889608387274969e-02 5.8e+01 4.53e-02  2e-02  1e-01 391:42.3
  395   5135 -5.881852383786947e-02 5.9e+01 4.73e-02  2e-02  1e-01 394:58.5
  399   5187 -5.891089698686437e-02 6.0e+01 4.64e-02  2e-02  1e-01 398:14.4
  400   5200 -5.891775050137332e-02 6.0e+01 4.63e-02  2e-02  1e-01 399:03.7
  404   5252 -5.899359965791597e-02 6.2e+01 4.79e-02  2e-02  1e-01 402:38.0
  408   5304 -5.901588855766659e-02 6.1e+01 4.56e-02  2e-02  1e-01 406:38.0
  412   5356 -5.914048084715099e-02 6.3e+01 4.44e-02  2e-02  1e-01 410:31.8
  416   5408 -5.915515500804952e-02 6.4e+01 4.27e-02  2e-02  1e-01 414:33.0
  420   5460 -5.915767934099456e-02 6.5e+01 3.77e-02  1e-02  1e-01 418:34.1
  424   5512 -5.912506425892130e-02 6.6e+01 3.73e-02  1e-02  1e-01 422:15.1
  428   5564 -5.912202385186729e-02 6.5e+01 3.50e-02  1e-02  9e-02 426:18.8
  432   5616 -5.919975297364250e-02 6.6e+01 3.31e-02  1e-02  8e-02 430:01.4
  436   5668 -5.922078954682724e-02 6.7e+01 2.98e-02  1e-02  8e-02 433:55.2
  440   5720 -5.926245685773372e-02 6.8e+01 2.91e-02  1e-02  7e-02 437:56.5
  444   5772 -5.925388206799971e-02 6.9e+01 2.82e-02  1e-02  8e-02 441:42.7
  448   5824 -5.929465674205817e-02 7.2e+01 2.76e-02  1e-02  8e-02 445:27.9
  452   5876 -5.933885583186636e-02 7.4e+01 2.74e-02  1e-02  8e-02 448:59.7
  457   5941 -5.933519246024934e-02 7.9e+01 2.98e-02  1e-02  9e-02 453:04.2
  461   5993 -5.935651578058795e-02 8.3e+01 3.13e-02  1e-02  1e-01 456:34.4
  465   6045 -5.938509693770777e-02 8.5e+01 2.88e-02  1e-02  9e-02 460:35.0
  469   6097 -5.937464981921908e-02 8.4e+01 2.77e-02  1e-02  9e-02 464:19.5
  473   6149 -5.937231897464700e-02 8.4e+01 2.72e-02  1e-02  8e-02 468:00.8
  477   6201 -5.937315199434887e-02 8.5e+01 2.33e-02  8e-03  7e-02 472:02.1
  481   6253 -5.938490779683012e-02 8.4e+01 2.11e-02  7e-03  6e-02 475:48.4
  485   6305 -5.940375362323665e-02 8.4e+01 1.93e-02  7e-03  6e-02 479:49.7
  489   6357 -5.942045853951851e-02 8.5e+01 1.98e-02  7e-03  6e-02 483:49.7
  494   6422 -5.946099296699256e-02 8.9e+01 2.16e-02  7e-03  7e-02 487:59.1
  498   6474 -5.949036979197506e-02 9.4e+01 2.58e-02  9e-03  9e-02 492:00.8
  500   6500 -5.951880346914627e-02 9.8e+01 2.77e-02  9e-03  1e-01 494:02.0
  505   6565 -5.949543693200156e-02 1.1e+02 3.36e-02  1e-02  1e-01 498:24.5
  510   6630 -5.957743945511601e-02 1.1e+02 3.29e-02  1e-02  1e-01 502:31.7
  515   6695 -5.958643008333021e-02 1.2e+02 3.09e-02  1e-02  1e-01 506:40.7
  520   6760 -5.958579207736478e-02 1.2e+02 3.02e-02  9e-03  1e-01 510:47.2
  525   6825 -5.965895123477723e-02 1.3e+02 2.97e-02  9e-03  1e-01 514:52.4
  530   6890 -5.968612402720390e-02 1.3e+02 2.85e-02  9e-03  1e-01 518:57.2
  535   6955 -5.970121687180732e-02 1.4e+02 2.56e-02  8e-03  1e-01 523:03.5
  540   7020 -5.970668037419803e-02 1.4e+02 2.37e-02  7e-03  1e-01 527:23.1
  544   7072 -5.975295636173210e-02 1.4e+02 2.37e-02  7e-03  1e-01 531:15.6
  548   7124 -5.976360323807874e-02 1.5e+02 2.60e-02  8e-03  1e-01 535:10.1
  553   7189 -5.978782911749814e-02 1.6e+02 2.74e-02  8e-03  1e-01 539:29.3
  558   7254 -5.981704395487406e-02 1.7e+02 2.84e-02  8e-03  1e-01 543:35.4
  563   7319 -5.979495690344698e-02 1.7e+02 2.41e-02  7e-03  1e-01 547:43.7
  568   7384 -5.982049526384807e-02 1.7e+02 2.19e-02  6e-03  1e-01 552:13.0
  573   7449 -5.982108787565067e-02 1.7e+02 1.84e-02  5e-03  9e-02 556:49.0
  578   7514 -5.985373213887529e-02 1.8e+02 1.86e-02  5e-03  9e-02 561:25.5
  582   7566 -5.985867660718021e-02 1.8e+02 1.98e-02  6e-03  1e-01 565:29.2
  587   7631 -5.987544713708013e-02 1.7e+02 1.82e-02  5e-03  9e-02 570:11.1
  591   7683 -5.989599636147923e-02 1.8e+02 2.13e-02  6e-03  1e-01 574:13.1
  595   7735 -5.992605308518829e-02 1.8e+02 2.24e-02  6e-03  1e-01 578:13.0
  600   7800 -5.991781326396570e-02 1.7e+02 2.54e-02  7e-03  1e-01 582:36.1
  604   7852 -5.992971114396775e-02 1.8e+02 2.43e-02  7e-03  1e-01 586:37.3
  609   7917 -5.995812257681088e-02 1.8e+02 2.34e-02  6e-03  1e-01 591:17.1
  613   7969 -6.000537021231930e-02 1.8e+02 2.52e-02  7e-03  1e-01 595:18.4
  617   8021 -6.004098213654775e-02 1.9e+02 2.97e-02  8e-03  2e-01 599:20.5
  622   8086 -6.007744641730028e-02 2.0e+02 3.42e-02  9e-03  2e-01 603:30.3
  627   8151 -6.014235647035682e-02 2.1e+02 3.77e-02  1e-02  2e-01 607:35.2
  632   8216 -6.021585475963265e-02 2.4e+02 4.29e-02  1e-02  3e-01 611:40.4
  637   8281 -6.020764556207249e-02 2.5e+02 4.40e-02  1e-02  3e-01 615:45.7
  642   8346 -6.022224057837944e-02 2.5e+02 3.90e-02  1e-02  2e-01 619:51.1
  648   8424 -6.031956851481095e-02 2.6e+02 3.74e-02  9e-03  2e-01 624:44.9
  654   8502 -6.028039939325871e-02 2.7e+02 4.24e-02  1e-02  3e-01 629:39.2
  660   8580 -6.029483411372239e-02 2.7e+02 4.04e-02  1e-02  3e-01 634:33.8
  666   8658 -6.029412700538404e-02 2.7e+02 3.69e-02  9e-03  2e-01 639:27.7
  672   8736 -6.030379643376841e-02 2.7e+02 2.98e-02  7e-03  2e-01 644:21.5
