Running job array 56 on milan26.int.triton.aalto.fi
Starting at Sat Mar 22 10:19:09 EET 2025
Activating virtual environment at /scratch/work/uotilav2/quantum-portfolio/venv
Processing batch 57/100: experiments 56 to 56 (total 1)
Processing experiment 56
Budget: 1597
YF.download() has changed argument auto_adjust default to True
Number of qubits for asset BA: 4
Number of qubits for asset INTC: 7
Number of qubits for asset TRV: 3
Total number of qubits:  14
Optimized Weights (considering variance, skewness and kurtosis):
BA: 37.66%
INTC: 8.18%
TRV: 54.16%
Left over budget:  6.116027432817646
Optimized Discrete Allocation:
BA: 3
INTC: 5
TRV: 4
Maximized utility from continuous higher moments:  -478.6454149963856
Budget constraint satisfied 1593.642463684082 1597 Difference:  3.3575363159179688
smallest_eigenvalues: [-0.09343748566839924]
smallest_bitstrings: ['01000100000101']
first_excited_energy: None
optimized_portfolio: [{'BA': 2, 'INTC': 2, 'TRV': 5}]
second_optimized_portfolio: None
result_with_budget: [{'portfolio': {'BA': 2, 'INTC': 2, 'TRV': 5}, 'budget': 1593.642463684082, 'difference': 3.3575363159179688, 'objective_value': -255.04816601484418}]
result_with_budget_excited: None
Initial params:  [2.51063067 1.44978017 2.45210473 0.37157007 2.01037118 0.45035763
 2.96776493 1.63943485 1.3026989  0.83112597 2.43232687 1.43303853
 1.78578792 0.0590299  1.94035914 1.92295543 1.93815531 2.96487203
 2.14200164 1.12942738]
(6_w,12)-aCMA-ES (mu_w=3.7,w_1=40%) in dimension 20 (seed=707390, Sat Mar 22 10:22:54 2025)
Iterat #Fevals   function value  axis ratio  sigma  min&max std  t[m:s]
    1     12 -4.421089005611054e-02 1.0e+00 9.28e-02  9e-02  9e-02 1:46.9
    2     24 -5.269266221346734e-02 1.1e+00 9.12e-02  9e-02  9e-02 3:33.7
    3     36 -5.898292057650455e-02 1.1e+00 9.20e-02  9e-02  9e-02 5:20.2
    4     48 -5.855096552701337e-02 1.2e+00 9.42e-02  9e-02  1e-01 7:05.8
    5     60 -6.574940695007028e-02 1.2e+00 9.61e-02  9e-02  1e-01 8:54.0
    6     72 -7.045010459181965e-02 1.3e+00 9.82e-02  1e-01  1e-01 10:43.9
    7     84 -6.754295979216747e-02 1.3e+00 1.01e-01  1e-01  1e-01 12:34.0
    8     96 -6.803350678194189e-02 1.4e+00 1.03e-01  1e-01  1e-01 14:23.9
    9    108 -6.801104775775117e-02 1.4e+00 1.06e-01  1e-01  1e-01 16:13.7
   10    120 -6.903762574889359e-02 1.5e+00 1.07e-01  1e-01  1e-01 18:03.4
   11    132 -6.859376196316230e-02 1.5e+00 1.10e-01  1e-01  1e-01 19:53.3
   12    144 -6.798206071573520e-02 1.6e+00 1.08e-01  1e-01  1e-01 21:43.2
   13    156 -6.814381053137743e-02 1.6e+00 1.08e-01  1e-01  1e-01 23:33.3
   14    168 -7.025112603562217e-02 1.6e+00 1.08e-01  1e-01  1e-01 25:23.2
   15    180 -6.879836358151671e-02 1.6e+00 1.10e-01  1e-01  1e-01 27:12.8
   16    192 -6.856369914037665e-02 1.6e+00 1.09e-01  1e-01  1e-01 29:03.0
   17    204 -6.906974159518024e-02 1.7e+00 1.01e-01  9e-02  1e-01 30:56.3
   18    216 -7.105170698583864e-02 1.7e+00 9.68e-02  9e-02  1e-01 32:49.7
   19    228 -7.146293804307971e-02 1.7e+00 9.56e-02  9e-02  1e-01 34:43.1
   20    240 -6.898534352360297e-02 1.8e+00 9.09e-02  8e-02  1e-01 36:36.1
   21    252 -6.815845487626947e-02 1.8e+00 8.84e-02  8e-02  1e-01 38:29.0
   22    264 -6.865513204347545e-02 1.8e+00 8.51e-02  8e-02  9e-02 40:22.4
   23    276 -6.782316689026861e-02 1.8e+00 8.38e-02  8e-02  9e-02 42:10.3
   24    288 -7.010586444204243e-02 1.9e+00 8.59e-02  8e-02  1e-01 43:52.5
   25    300 -7.013936707291674e-02 1.9e+00 8.46e-02  8e-02  9e-02 45:34.5
   26    312 -6.944165806149939e-02 1.9e+00 8.05e-02  7e-02  9e-02 47:13.6
   27    324 -7.197076764354472e-02 1.9e+00 7.87e-02  7e-02  9e-02 48:52.4
   28    336 -7.127080149381171e-02 1.9e+00 7.83e-02  7e-02  9e-02 50:30.7
   29    348 -7.197432771942459e-02 1.9e+00 7.86e-02  7e-02  9e-02 52:06.1
   30    360 -7.056661597441374e-02 2.0e+00 7.76e-02  7e-02  9e-02 53:42.0
   31    372 -6.941634775407628e-02 2.0e+00 7.74e-02  7e-02  9e-02 55:19.8
   32    384 -7.181008463053644e-02 2.0e+00 7.47e-02  7e-02  8e-02 56:59.6
   33    396 -7.251633735720650e-02 2.0e+00 7.17e-02  6e-02  8e-02 58:39.5
   34    408 -7.303911071925243e-02 2.0e+00 7.01e-02  6e-02  8e-02 60:19.4
   35    420 -7.219644667713435e-02 2.0e+00 7.01e-02  6e-02  8e-02 61:59.8
   36    432 -7.205752955751213e-02 2.1e+00 7.11e-02  6e-02  8e-02 63:39.9
   37    444 -7.271776631264977e-02 2.1e+00 7.10e-02  6e-02  8e-02 65:20.0
   38    456 -7.285760075321404e-02 2.1e+00 6.77e-02  6e-02  7e-02 66:57.1
   39    468 -7.252861858793211e-02 2.1e+00 6.34e-02  6e-02  7e-02 68:33.5
   40    480 -7.316007499375987e-02 2.1e+00 6.02e-02  5e-02  6e-02 70:10.1
   41    492 -7.335346196094079e-02 2.2e+00 5.52e-02  5e-02  6e-02 71:46.3
   42    504 -7.362479497580877e-02 2.2e+00 5.18e-02  5e-02  6e-02 73:22.8
   43    516 -7.353517656595507e-02 2.2e+00 4.99e-02  4e-02  5e-02 74:59.3
   44    528 -7.321634112258625e-02 2.3e+00 4.75e-02  4e-02  5e-02 76:35.7
   45    540 -7.315233553605024e-02 2.3e+00 4.72e-02  4e-02  5e-02 78:12.1
   46    552 -7.325117973602691e-02 2.3e+00 4.75e-02  4e-02  5e-02 79:48.4
   47    564 -7.337142804117060e-02 2.3e+00 4.81e-02  4e-02  5e-02 81:24.5
   48    576 -7.320850005144379e-02 2.3e+00 4.98e-02  4e-02  5e-02 83:00.7
   49    588 -7.387665692452416e-02 2.4e+00 4.99e-02  4e-02  5e-02 84:37.2
   50    600 -7.381861228813792e-02 2.4e+00 4.83e-02  4e-02  5e-02 86:13.7
   51    612 -7.383026691544287e-02 2.5e+00 4.65e-02  4e-02  5e-02 87:49.8
   52    624 -7.405770338117453e-02 2.5e+00 4.62e-02  4e-02  5e-02 89:26.0
   53    636 -7.425778142668742e-02 2.6e+00 4.53e-02  4e-02  5e-02 91:02.5
   54    648 -7.396754899969935e-02 2.6e+00 4.40e-02  4e-02  5e-02 92:39.1
   55    660 -7.378092551936005e-02 2.6e+00 4.33e-02  4e-02  5e-02 94:15.4
   56    672 -7.403480611158197e-02 2.6e+00 4.23e-02  4e-02  5e-02 95:51.8
   57    684 -7.462127158383172e-02 2.6e+00 4.25e-02  4e-02  5e-02 97:28.4
   58    696 -7.425705420785496e-02 2.7e+00 4.28e-02  4e-02  5e-02 99:04.3
   59    708 -7.462669018142630e-02 2.7e+00 4.43e-02  4e-02  5e-02 100:41.0
   60    720 -7.471375513366610e-02 2.8e+00 4.64e-02  4e-02  5e-02 102:17.1
   61    732 -7.500352630620027e-02 2.8e+00 4.87e-02  4e-02  5e-02 103:53.5
   62    744 -7.501792438405804e-02 2.9e+00 5.07e-02  4e-02  6e-02 105:29.8
   63    756 -7.506926530678835e-02 3.0e+00 5.23e-02  4e-02  6e-02 107:03.1
   64    768 -7.554980867155500e-02 3.1e+00 5.23e-02  4e-02  6e-02 108:35.5
   65    780 -7.568411003205187e-02 3.2e+00 5.15e-02  4e-02  6e-02 110:07.9
   66    792 -7.534190620833438e-02 3.3e+00 4.95e-02  4e-02  6e-02 111:40.0
   67    804 -7.538728483844381e-02 3.3e+00 5.08e-02  4e-02  6e-02 113:12.5
   68    816 -7.549437935503986e-02 3.4e+00 5.25e-02  4e-02  6e-02 114:44.2
   69    828 -7.522889343469812e-02 3.4e+00 5.29e-02  4e-02  6e-02 116:25.8
   70    840 -7.514941743880112e-02 3.5e+00 5.49e-02  4e-02  6e-02 118:08.5
   71    852 -7.539399351745127e-02 3.5e+00 5.64e-02  5e-02  7e-02 119:50.7
   72    864 -7.637800632310142e-02 3.6e+00 5.53e-02  4e-02  7e-02 121:32.7
   73    876 -7.565827853188184e-02 3.6e+00 5.61e-02  5e-02  7e-02 123:15.2
   74    888 -7.562730621846497e-02 3.8e+00 5.60e-02  5e-02  7e-02 124:57.4
   75    900 -7.627089455874153e-02 3.9e+00 5.60e-02  4e-02  7e-02 126:39.9
   76    912 -7.665219751807367e-02 4.0e+00 5.56e-02  4e-02  7e-02 128:22.0
   77    924 -7.627315606651097e-02 4.1e+00 5.52e-02  4e-02  7e-02 130:04.2
   78    936 -7.616961622683127e-02 4.2e+00 5.35e-02  4e-02  7e-02 131:46.2
   79    948 -7.632958365121022e-02 4.2e+00 5.41e-02  4e-02  7e-02 133:28.6
   80    960 -7.651075102014554e-02 4.3e+00 5.41e-02  4e-02  7e-02 135:10.8
   81    972 -7.702169613135823e-02 4.4e+00 5.67e-02  5e-02  7e-02 136:53.2
   82    984 -7.726833381165402e-02 4.5e+00 5.80e-02  5e-02  7e-02 138:35.1
   83    996 -7.702047853068467e-02 4.6e+00 5.93e-02  5e-02  7e-02 140:17.1
   84   1008 -7.754929250140027e-02 4.7e+00 6.04e-02  5e-02  8e-02 141:59.2
   85   1020 -7.743157999347448e-02 4.8e+00 6.13e-02  5e-02  8e-02 143:41.4
   86   1032 -7.769123908461892e-02 4.9e+00 6.16e-02  5e-02  8e-02 145:23.4
   87   1044 -7.778575140174473e-02 4.9e+00 6.13e-02  5e-02  8e-02 147:06.0
   88   1056 -7.720055824231570e-02 5.0e+00 6.11e-02  5e-02  8e-02 148:48.3
   89   1068 -7.755359436426458e-02 5.0e+00 6.26e-02  5e-02  8e-02 150:29.2
   90   1080 -7.740478410932287e-02 5.1e+00 6.44e-02  5e-02  8e-02 152:09.4
   91   1092 -7.729948025310171e-02 5.2e+00 6.64e-02  5e-02  8e-02 153:50.0
   92   1104 -7.705331671846112e-02 5.3e+00 6.63e-02  5e-02  8e-02 155:32.1
   93   1116 -7.746708379978860e-02 5.4e+00 6.26e-02  5e-02  8e-02 157:14.1
   94   1128 -7.736639970398201e-02 5.5e+00 6.06e-02  5e-02  7e-02 158:53.8
   95   1140 -7.731060428700032e-02 5.5e+00 5.69e-02  4e-02  7e-02 160:36.5
   96   1152 -7.730406876454350e-02 5.5e+00 5.22e-02  4e-02  6e-02 162:19.3
   97   1164 -7.732360499541936e-02 5.5e+00 4.93e-02  4e-02  6e-02 164:01.6
   98   1176 -7.723880019706078e-02 5.5e+00 4.66e-02  4e-02  6e-02 165:43.8
   99   1188 -7.759165601252588e-02 5.5e+00 4.39e-02  3e-02  5e-02 167:25.6
  100   1200 -7.752246853866690e-02 5.5e+00 4.30e-02  3e-02  5e-02 169:07.7
  101   1212 -7.764343074099662e-02 5.5e+00 4.27e-02  3e-02  5e-02 170:50.0
  102   1224 -7.762615899049202e-02 5.6e+00 4.39e-02  3e-02  5e-02 172:32.0
  103   1236 -7.773107812762084e-02 5.7e+00 4.48e-02  3e-02  5e-02 174:14.2
  105   1260 -7.744557676378669e-02 5.8e+00 4.52e-02  3e-02  5e-02 177:38.2
  107   1284 -7.761638636196275e-02 6.0e+00 4.67e-02  4e-02  5e-02 181:02.8
  109   1308 -7.799618998707838e-02 6.0e+00 4.78e-02  4e-02  6e-02 184:27.7
  111   1332 -7.784528546555428e-02 6.1e+00 4.93e-02  4e-02  6e-02 187:52.4
  113   1356 -7.781743472792629e-02 6.5e+00 5.19e-02  4e-02  6e-02 191:16.9
  115   1380 -7.781944607729610e-02 6.8e+00 5.10e-02  4e-02  6e-02 194:36.7
  117   1404 -7.796545802473592e-02 7.0e+00 4.89e-02  4e-02  6e-02 198:01.1
  119   1428 -7.805304463235994e-02 7.2e+00 4.81e-02  4e-02  6e-02 201:21.4
  121   1452 -7.819212252720460e-02 7.7e+00 4.81e-02  4e-02  6e-02 204:46.2
  123   1476 -7.808540516851331e-02 8.1e+00 4.76e-02  4e-02  6e-02 208:11.5
  125   1500 -7.838389201339070e-02 8.3e+00 4.78e-02  4e-02  6e-02 211:36.4
  127   1524 -7.839807604283998e-02 8.4e+00 4.96e-02  4e-02  6e-02 215:01.0
  129   1548 -7.867300733029707e-02 8.7e+00 5.15e-02  4e-02  6e-02 218:25.6
  131   1572 -7.863881115938642e-02 8.9e+00 5.23e-02  4e-02  7e-02 221:50.7
  133   1596 -7.869754531665804e-02 9.3e+00 5.63e-02  4e-02  7e-02 225:15.4
  135   1620 -7.882153098321040e-02 9.6e+00 5.70e-02  4e-02  7e-02 228:40.5
  137   1644 -7.914786172408825e-02 1.0e+01 6.16e-02  5e-02  8e-02 232:06.5
  139   1668 -7.887749231683103e-02 1.1e+01 6.25e-02  5e-02  8e-02 235:30.1
  141   1692 -7.885659316910246e-02 1.1e+01 6.41e-02  5e-02  9e-02 238:53.9
  143   1716 -7.905515329350131e-02 1.1e+01 6.55e-02  5e-02  9e-02 242:17.5
  145   1740 -7.943935192731574e-02 1.2e+01 6.29e-02  5e-02  8e-02 245:43.3
  147   1764 -7.906371285224219e-02 1.2e+01 6.19e-02  5e-02  8e-02 249:09.1
  149   1788 -7.929626372337988e-02 1.2e+01 6.01e-02  4e-02  8e-02 252:34.5
  151   1812 -7.923301058249078e-02 1.2e+01 5.50e-02  4e-02  7e-02 255:59.9
  153   1836 -7.957332908325072e-02 1.3e+01 5.53e-02  4e-02  7e-02 259:25.7
  155   1860 -7.957408995276896e-02 1.3e+01 5.21e-02  4e-02  7e-02 262:50.6
  157   1884 -7.946018927926925e-02 1.3e+01 5.02e-02  4e-02  7e-02 266:16.4
  159   1908 -7.960385534612824e-02 1.3e+01 4.59e-02  3e-02  6e-02 269:41.6
  161   1932 -7.955710985167751e-02 1.3e+01 4.44e-02  3e-02  6e-02 273:07.1
  163   1956 -7.962275896394108e-02 1.3e+01 4.24e-02  3e-02  6e-02 276:30.8
  165   1980 -7.962401502494842e-02 1.4e+01 4.27e-02  3e-02  6e-02 280:01.4
  167   2004 -7.970475574579451e-02 1.5e+01 4.42e-02  3e-02  6e-02 283:48.4
  169   2028 -7.979084697294127e-02 1.5e+01 4.11e-02  3e-02  6e-02 287:36.0
  171   2052 -7.984255220940217e-02 1.6e+01 3.90e-02  3e-02  5e-02 291:25.3
  173   2076 -7.986602601728575e-02 1.6e+01 3.75e-02  3e-02  5e-02 295:14.4
  175   2100 -7.993510890623226e-02 1.6e+01 3.64e-02  3e-02  5e-02 299:02.5
  177   2124 -7.998644406253459e-02 1.6e+01 3.78e-02  3e-02  5e-02 302:51.4
  179   2148 -8.004878861203235e-02 1.6e+01 3.86e-02  3e-02  5e-02 306:40.0
  181   2172 -7.996952528934016e-02 1.6e+01 3.85e-02  3e-02  5e-02 310:28.4
  183   2196 -8.006511504876800e-02 1.7e+01 3.82e-02  3e-02  5e-02 314:16.7
  185   2220 -8.013370465954939e-02 1.7e+01 3.83e-02  3e-02  5e-02 317:54.7
  187   2244 -8.010312705876463e-02 1.7e+01 4.05e-02  3e-02  6e-02 321:37.0
  189   2268 -8.016897369281401e-02 1.7e+01 4.24e-02  3e-02  6e-02 325:22.1
  191   2292 -8.016096777858661e-02 1.7e+01 3.96e-02  3e-02  6e-02 329:04.0
  193   2316 -8.030146597675096e-02 1.8e+01 3.92e-02  3e-02  6e-02 332:50.0
  195   2340 -8.027766254551098e-02 1.9e+01 3.86e-02  3e-02  6e-02 336:35.2
  197   2364 -8.026592531643044e-02 1.9e+01 3.94e-02  3e-02  6e-02 340:20.2
  199   2388 -8.018672089615028e-02 1.9e+01 4.08e-02  3e-02  7e-02 344:02.0
  200   2400 -8.026124762417554e-02 1.9e+01 3.91e-02  3e-02  6e-02 345:47.7
  202   2424 -8.042057730053716e-02 2.0e+01 3.81e-02  3e-02  6e-02 349:18.8
  204   2448 -8.036144681819331e-02 2.0e+01 3.91e-02  3e-02  6e-02 352:49.6
  206   2472 -8.050350323366000e-02 2.0e+01 3.98e-02  3e-02  7e-02 356:20.6
  208   2496 -8.042496414326605e-02 2.1e+01 3.99e-02  3e-02  7e-02 359:52.1
  210   2520 -8.056574244285304e-02 2.1e+01 3.94e-02  3e-02  7e-02 363:21.6
  212   2544 -8.064339950322251e-02 2.2e+01 4.13e-02  3e-02  7e-02 366:51.5
  214   2568 -8.076076964491083e-02 2.2e+01 4.52e-02  3e-02  8e-02 370:20.7
  216   2592 -8.090455029403355e-02 2.4e+01 5.16e-02  4e-02  1e-01 373:52.3
  218   2616 -8.092342844697864e-02 2.5e+01 6.13e-02  4e-02  1e-01 377:24.5
  220   2640 -8.077498789357761e-02 2.6e+01 6.60e-02  5e-02  1e-01 380:55.6
  222   2664 -8.107481535764041e-02 2.7e+01 7.29e-02  5e-02  2e-01 384:26.6
  224   2688 -8.115326818268870e-02 2.8e+01 7.28e-02  5e-02  2e-01 387:57.9
  226   2712 -8.110618095967718e-02 2.8e+01 7.68e-02  6e-02  2e-01 391:29.0
  228   2736 -8.136870532967150e-02 2.8e+01 7.76e-02  6e-02  2e-01 395:00.6
  230   2760 -8.150706626091631e-02 2.9e+01 8.15e-02  6e-02  2e-01 398:31.9
  232   2784 -8.106635227775133e-02 2.9e+01 8.73e-02  6e-02  2e-01 402:03.7
  234   2808 -8.166769742481970e-02 3.0e+01 9.16e-02  7e-02  2e-01 405:33.4
  236   2832 -8.189294995187132e-02 3.1e+01 9.12e-02  6e-02  2e-01 409:03.4
  238   2856 -8.168738509954118e-02 3.1e+01 8.97e-02  6e-02  2e-01 412:32.0
  240   2880 -8.180924448272876e-02 3.1e+01 8.84e-02  6e-02  2e-01 416:03.4
  242   2904 -8.186095277836174e-02 3.2e+01 9.30e-02  6e-02  2e-01 419:34.9
  244   2928 -8.206205362134732e-02 3.3e+01 9.56e-02  7e-02  2e-01 423:06.5
  246   2952 -8.242158626947355e-02 3.3e+01 9.18e-02  6e-02  2e-01 426:37.6
  248   2976 -8.247371902452919e-02 3.3e+01 9.10e-02  6e-02  2e-01 430:09.2
  250   3000 -8.283637147319861e-02 3.3e+01 9.06e-02  6e-02  2e-01 433:39.8
  252   3024 -8.254866679272821e-02 3.4e+01 8.58e-02  6e-02  2e-01 437:10.9
  254   3048 -8.212462604235980e-02 3.3e+01 8.21e-02  6e-02  2e-01 440:42.4
  256   3072 -8.247854395854930e-02 3.4e+01 7.76e-02  5e-02  2e-01 444:13.0
  258   3096 -8.254214951546007e-02 3.4e+01 6.87e-02  5e-02  2e-01 447:35.1
  260   3120 -8.250198618093357e-02 3.4e+01 6.31e-02  4e-02  2e-01 451:02.5
  262   3144 -8.249353909074243e-02 3.4e+01 5.96e-02  4e-02  1e-01 454:31.0
  264   3168 -8.268995496233161e-02 3.4e+01 5.86e-02  4e-02  1e-01 458:03.2
  266   3192 -8.285457930765516e-02 3.4e+01 5.65e-02  4e-02  1e-01 461:34.6
  268   3216 -8.285053472379049e-02 3.5e+01 5.34e-02  3e-02  1e-01 465:06.2
  270   3240 -8.314493728861698e-02 3.5e+01 5.17e-02  3e-02  1e-01 468:36.9
  272   3264 -8.328405811495761e-02 3.6e+01 5.27e-02  3e-02  1e-01 472:08.7
  274   3288 -8.347681835064559e-02 3.8e+01 5.59e-02  3e-02  1e-01 475:39.8
  276   3312 -8.335851893264427e-02 4.0e+01 5.53e-02  3e-02  2e-01 479:10.3
  278   3336 -8.345904222914430e-02 4.1e+01 5.51e-02  3e-02  2e-01 482:41.6
  280   3360 -8.356493135155951e-02 4.3e+01 5.31e-02  3e-02  2e-01 486:12.4
  282   3384 -8.356477111153943e-02 4.3e+01 5.23e-02  3e-02  2e-01 489:41.2
  284   3408 -8.375838726061702e-02 4.5e+01 4.90e-02  3e-02  1e-01 493:11.8
  286   3432 -8.387720199258594e-02 4.6e+01 5.00e-02  3e-02  2e-01 496:40.1
  288   3456 -8.392370985246063e-02 4.8e+01 5.08e-02  3e-02  2e-01 500:11.6
  290   3480 -8.380543583411214e-02 5.0e+01 5.01e-02  3e-02  2e-01 503:43.3
  292   3504 -8.392878614038841e-02 5.1e+01 4.86e-02  3e-02  2e-01 507:14.2
  294   3528 -8.379336181026048e-02 5.2e+01 4.79e-02  2e-02  2e-01 510:45.3
  296   3552 -8.385553368758951e-02 5.2e+01 5.06e-02  3e-02  2e-01 514:16.1
  298   3576 -8.408285666566276e-02 5.2e+01 5.01e-02  3e-02  2e-01 517:47.7
  300   3600 -8.404026988522488e-02 5.3e+01 4.96e-02  3e-02  2e-01 521:17.4
Budget constraint satisfied 1270.775478363037 1597 Difference:  326.2245216369629
Budget constraint satisfied 1250.7254791259766 1597 Difference:  346.27452087402344
two_most_probable_states: ['11001000000110', '11000000000110']
final_expectation_value: -0.08408285666566276
params: [2.8003799671991207, -0.6589222440734767, 3.58795262061014, 4.697252738223233, 5.828381041458137, -1.6024882241266416, 2.793357475881937, 3.329116024985834, 7.62608921081013, -0.6188774429018644, 3.653739345947625, 0.7240666409356828, 2.577433186135873, -0.5425976121209354, 1.2504679178962548, 1.7198503339359887, 3.1798317084651595, 3.1646842100289, 0.5652170169507733, 2.4107273351272664]
total_steps: 300
states_probs: [0.0006390968766465354, 0.0006441221075403307]
optimized_portfolios: [{'BA': 3, 'INTC': 1, 'TRV': 3}, {'BA': 3, 'INTC': 0, 'TRV': 3}]
objective_values: [-88.75505513812739, -65.72259392777502]
result_with_budget: [{'portfolio': {'BA': 3, 'INTC': 1, 'TRV': 3}, 'budget': 1270.775478363037, 'difference': 326.2245216369629}, {'portfolio': {'BA': 3, 'INTC': 0, 'TRV': 3}, 'budget': 1250.7254791259766, 'difference': 346.27452087402344}]
Batch 57/100 completed. Results saved to portfolio_optimization_results_batch_56.json
Job finished at Sat Mar 22 19:05:19 EET 2025
