Running job array 31 on pe91.int.triton.aalto.fi
Starting at Sat Mar 22 10:18:57 EET 2025
Activating virtual environment at /scratch/work/uotilav2/quantum-portfolio/venv
Processing batch 32/100: experiments 31 to 31 (total 1)
Processing experiment 31
Budget: 4964
YF.download() has changed argument auto_adjust default to True
Number of qubits for asset HON: 5
Number of qubits for asset V: 4
Total number of qubits:  9
Optimized Weights (considering variance, skewness and kurtosis):
HON: 0.00%
V: 100.00%
Left over budget:  6.675628613156732
Optimized Discrete Allocation:
HON: 1
V: 15
Maximized utility from continuous higher moments:  -2495.38207245923
Budget constraint satisfied 4957.324371337891 4964 Difference:  6.675628662109375
Budget constraint satisfied 4952.591247558594 4964 Difference:  11.40875244140625
smallest_eigenvalues: [-0.4432320815551777]
smallest_bitstrings: ['100001111']
first_excited_energy: -0.44322897475380174
optimized_portfolio: [{'HON': 1, 'V': 15}]
second_optimized_portfolio: [{'HON': 8, 'V': 10}]
result_with_budget: [{'portfolio': {'HON': 1, 'V': 15}, 'budget': 4957.324371337891, 'difference': 6.675628662109375, 'objective_value': -2495.38207245923}]
result_with_budget_excited: [{'portfolio': {'HON': 8, 'V': 10}, 'budget': 4952.591247558594, 'difference': 11.40875244140625, 'objective_value': -3355.546631074119}]
Initial params:  [1.48788356 2.51613533 1.63512823 2.13276294 2.26393425 1.8284691
 1.68820779 2.38326127 0.33271856 1.4878596  0.58538032 2.31509673
 0.680313   0.42480042 1.01831901 0.47021746 0.69844324 1.21419094]
(6_w,12)-aCMA-ES (mu_w=3.7,w_1=40%) in dimension 18 (seed=769165, Sat Mar 22 10:19:00 2025)
Iterat #Fevals   function value  axis ratio  sigma  min&max std  t[m:s]
    1     12 -2.334230890225884e-01 1.0e+00 9.43e-02  9e-02  1e-01 0:14.1
    2     24 -2.238684857311074e-01 1.1e+00 9.34e-02  9e-02  1e-01 0:28.1
    3     36 -2.926562651605918e-01 1.2e+00 9.72e-02  1e-01  1e-01 0:42.1
    4     48 -2.841571590894210e-01 1.2e+00 9.69e-02  9e-02  1e-01 0:56.1
    5     60 -2.992085868380363e-01 1.3e+00 9.77e-02  9e-02  1e-01 1:10.0
    6     72 -2.849118934795307e-01 1.3e+00 9.89e-02  1e-01  1e-01 1:24.1
    7     84 -3.106833402785939e-01 1.3e+00 1.00e-01  1e-01  1e-01 1:38.1
    8     96 -3.200729694040562e-01 1.3e+00 1.02e-01  1e-01  1e-01 1:52.1
    9    108 -3.555318945062456e-01 1.4e+00 1.03e-01  1e-01  1e-01 2:06.1
   10    120 -3.549329730094285e-01 1.4e+00 1.12e-01  1e-01  1e-01 2:20.1
   11    132 -3.623591766118192e-01 1.4e+00 1.16e-01  1e-01  1e-01 2:34.1
   12    144 -3.805649302262324e-01 1.5e+00 1.20e-01  1e-01  1e-01 2:48.1
   13    156 -3.912180553730343e-01 1.5e+00 1.20e-01  1e-01  1e-01 3:02.1
   14    168 -3.862591661214157e-01 1.6e+00 1.22e-01  1e-01  1e-01 3:16.1
   16    192 -3.898358872691797e-01 1.6e+00 1.20e-01  1e-01  1e-01 3:44.2
   18    216 -3.909006602334017e-01 1.6e+00 1.18e-01  1e-01  1e-01 4:12.2
   20    240 -3.949544797426292e-01 1.6e+00 1.17e-01  1e-01  1e-01 4:40.1
   22    264 -3.960089809428624e-01 1.6e+00 1.20e-01  1e-01  1e-01 5:08.0
   24    288 -3.970150180196936e-01 1.6e+00 1.27e-01  1e-01  1e-01 5:36.0
   26    312 -4.045080133564090e-01 1.6e+00 1.23e-01  1e-01  1e-01 6:04.1
   28    336 -3.990352517819359e-01 1.6e+00 1.21e-01  1e-01  1e-01 6:32.1
   30    360 -4.069714471397555e-01 1.7e+00 1.18e-01  1e-01  1e-01 7:00.1
   32    384 -4.084866719416533e-01 1.7e+00 1.07e-01  1e-01  1e-01 7:28.1
   34    408 -4.065810868038054e-01 1.8e+00 1.07e-01  1e-01  1e-01 7:56.2
   36    432 -4.073348358330002e-01 1.8e+00 9.42e-02  9e-02  1e-01 8:24.2
   38    456 -4.051709746121983e-01 1.8e+00 9.03e-02  8e-02  1e-01 8:52.2
   40    480 -4.080502119181222e-01 1.9e+00 7.65e-02  7e-02  9e-02 9:20.1
   42    504 -4.075395885068682e-01 1.9e+00 7.33e-02  7e-02  8e-02 9:48.2
   44    528 -4.108100124646606e-01 1.9e+00 6.82e-02  6e-02  8e-02 10:16.3
   47    564 -4.098334935584648e-01 2.0e+00 6.45e-02  6e-02  7e-02 10:58.3
   50    600 -4.104447092216625e-01 2.1e+00 6.15e-02  5e-02  7e-02 11:40.3
   53    636 -4.106614727018932e-01 2.1e+00 5.71e-02  5e-02  6e-02 12:22.3
   56    672 -4.113581744664473e-01 2.2e+00 5.56e-02  5e-02  6e-02 13:04.4
   59    708 -4.111148752327189e-01 2.3e+00 5.31e-02  4e-02  6e-02 13:46.4
   62    744 -4.109666594736054e-01 2.4e+00 5.43e-02  5e-02  6e-02 14:28.5
   65    780 -4.106795859197855e-01 2.5e+00 4.85e-02  4e-02  6e-02 15:10.4
   68    816 -4.124200694445042e-01 2.7e+00 4.71e-02  4e-02  5e-02 15:52.5
   71    852 -4.125131588628643e-01 2.8e+00 4.94e-02  4e-02  6e-02 16:34.5
   74    888 -4.125710145747193e-01 3.1e+00 4.82e-02  4e-02  5e-02 17:16.6
   77    924 -4.130461900125118e-01 3.3e+00 4.74e-02  4e-02  6e-02 17:58.5
   80    960 -4.131716596543962e-01 3.6e+00 4.69e-02  4e-02  6e-02 18:40.6
   83    996 -4.144918753637755e-01 4.0e+00 4.91e-02  4e-02  6e-02 19:22.6
   86   1032 -4.147585772507247e-01 4.3e+00 5.37e-02  4e-02  6e-02 20:04.7
   90   1080 -4.159218381493952e-01 4.7e+00 4.61e-02  4e-02  6e-02 21:00.6
   94   1128 -4.174579167489992e-01 5.2e+00 4.79e-02  4e-02  6e-02 21:56.5
   98   1176 -4.178545380825073e-01 5.8e+00 5.23e-02  4e-02  7e-02 22:52.4
  100   1200 -4.184391416274289e-01 6.0e+00 5.43e-02  4e-02  7e-02 23:20.3
  104   1248 -4.187869062810258e-01 6.3e+00 5.25e-02  4e-02  7e-02 24:16.4
  108   1296 -4.183853591024482e-01 6.9e+00 4.74e-02  4e-02  6e-02 25:12.4
  112   1344 -4.189798421420826e-01 7.1e+00 4.19e-02  3e-02  6e-02 26:08.3
  116   1392 -4.192379973888277e-01 7.1e+00 3.96e-02  3e-02  5e-02 27:04.3
  120   1440 -4.189639264910462e-01 7.4e+00 3.74e-02  3e-02  5e-02 28:00.4
  124   1488 -4.196846824491954e-01 7.5e+00 3.58e-02  2e-02  5e-02 28:56.2
  128   1536 -4.197647203855786e-01 7.8e+00 2.87e-02  2e-02  4e-02 29:52.2
  132   1584 -4.197997993749369e-01 8.1e+00 2.90e-02  2e-02  4e-02 30:48.3
  136   1632 -4.200610315626707e-01 8.7e+00 2.43e-02  2e-02  3e-02 31:44.2
  140   1680 -4.200422981450739e-01 9.2e+00 2.50e-02  2e-02  3e-02 32:40.3
  145   1740 -4.202375015381922e-01 1.0e+01 2.53e-02  2e-02  4e-02 33:50.3
  150   1800 -4.203502447476480e-01 1.1e+01 2.28e-02  1e-02  3e-02 35:00.2
  155   1860 -4.204940741838576e-01 1.1e+01 2.37e-02  2e-02  3e-02 36:10.2
  160   1920 -4.205291817282106e-01 1.2e+01 2.22e-02  1e-02  3e-02 37:20.0
  165   1980 -4.207434101146611e-01 1.3e+01 2.13e-02  1e-02  3e-02 38:30.0
  170   2040 -4.209151089684552e-01 1.4e+01 2.20e-02  1e-02  3e-02 39:39.9
  175   2100 -4.209435042880224e-01 1.4e+01 1.90e-02  1e-02  3e-02 40:50.0
  180   2160 -4.211337085566103e-01 1.5e+01 2.32e-02  1e-02  4e-02 41:59.9
  185   2220 -4.212812626119228e-01 1.7e+01 2.70e-02  2e-02  5e-02 43:09.8
  190   2280 -4.215890009527817e-01 2.0e+01 3.53e-02  2e-02  7e-02 44:19.8
  195   2340 -4.215591556688259e-01 2.2e+01 3.47e-02  2e-02  8e-02 45:29.8
  200   2400 -4.218332208897100e-01 2.4e+01 3.33e-02  2e-02  8e-02 46:39.7
  205   2460 -4.219768362035150e-01 2.5e+01 3.00e-02  2e-02  7e-02 47:49.6
  210   2520 -4.221541733506390e-01 2.6e+01 3.03e-02  2e-02  7e-02 48:59.7
  216   2592 -4.221871145969901e-01 2.7e+01 2.62e-02  1e-02  7e-02 50:23.7
  222   2664 -4.222994135173863e-01 2.9e+01 2.75e-02  1e-02  7e-02 51:46.6
  228   2736 -4.223209170732506e-01 3.0e+01 2.67e-02  1e-02  7e-02 53:08.0
  234   2808 -4.223639317940544e-01 3.0e+01 2.40e-02  1e-02  6e-02 54:29.4
  240   2880 -4.225226090154822e-01 3.1e+01 2.36e-02  1e-02  6e-02 55:50.8
  246   2952 -4.226192196423800e-01 3.2e+01 2.85e-02  1e-02  7e-02 57:12.2
  252   3024 -4.228478934917920e-01 3.5e+01 3.21e-02  1e-02  8e-02 58:33.7
  258   3096 -4.229756558737282e-01 3.8e+01 3.80e-02  2e-02  9e-02 59:54.4
  265   3180 -4.229842775141975e-01 4.0e+01 3.81e-02  2e-02  9e-02 61:26.4
  272   3264 -4.233329964997770e-01 4.1e+01 3.05e-02  1e-02  7e-02 62:58.6
  279   3348 -4.235124812352888e-01 4.5e+01 3.72e-02  2e-02  9e-02 64:30.7
  286   3432 -4.236516479749359e-01 4.9e+01 3.62e-02  1e-02  9e-02 66:03.1
  293   3516 -4.238852247356111e-01 5.1e+01 2.72e-02  1e-02  7e-02 67:35.0
  300   3600 -4.239743042405847e-01 5.2e+01 2.63e-02  1e-02  7e-02 69:07.0
  307   3684 -4.240749007862548e-01 5.3e+01 2.55e-02  9e-03  7e-02 70:38.8
  314   3768 -4.242972337326156e-01 5.9e+01 3.06e-02  1e-02  9e-02 72:10.8
  321   3852 -4.244980019495739e-01 6.1e+01 3.55e-02  1e-02  1e-01 73:42.8
  328   3936 -4.248429292343553e-01 6.4e+01 4.38e-02  1e-02  1e-01 75:14.7
  335   4020 -4.250628791837827e-01 7.0e+01 5.01e-02  2e-02  1e-01 76:46.4
  342   4104 -4.251594971949265e-01 7.1e+01 4.51e-02  1e-02  1e-01 78:18.3
  349   4188 -4.255080135444191e-01 7.2e+01 5.15e-02  2e-02  2e-01 79:50.2
  357   4284 -4.252786273594002e-01 8.0e+01 1.09e-01  3e-02  3e-01 81:35.2
  365   4380 -4.257027690682912e-01 8.0e+01 8.20e-02  2e-02  3e-01 83:20.1
  373   4476 -4.257858545851596e-01 8.7e+01 8.55e-02  2e-02  3e-01 85:05.4
  381   4572 -4.263415697556884e-01 8.6e+01 5.51e-02  1e-02  2e-01 86:50.5
  389   4668 -4.264830800279333e-01 8.6e+01 4.85e-02  1e-02  2e-01 88:35.6
  397   4764 -4.267393669513451e-01 8.7e+01 4.19e-02  8e-03  1e-01 90:20.6
  400   4800 -4.267142312788125e-01 9.1e+01 3.84e-02  8e-03  1e-01 91:00.0
  408   4896 -4.270608313074843e-01 9.8e+01 4.27e-02  8e-03  2e-01 92:45.0
  416   4992 -4.272332588985487e-01 1.1e+02 6.43e-02  1e-02  3e-01 94:30.0
  424   5088 -4.273666526696137e-01 1.1e+02 5.79e-02  1e-02  2e-01 96:15.1
  432   5184 -4.275964238008671e-01 1.2e+02 4.82e-02  8e-03  2e-01 98:00.1
  440   5280 -4.276041503193069e-01 1.2e+02 4.45e-02  7e-03  2e-01 99:45.2
  448   5376 -4.278001752914620e-01 1.2e+02 4.08e-02  6e-03  2e-01 101:30.3
  457   5484 -4.279120171278681e-01 1.2e+02 2.83e-02  4e-03  1e-01 103:28.4
  466   5592 -4.280107962623694e-01 1.3e+02 2.15e-02  3e-03  1e-01 105:26.6
  475   5700 -4.280446295875324e-01 1.4e+02 2.70e-02  4e-03  1e-01 107:24.9
  484   5808 -4.281162227644878e-01 1.4e+02 1.97e-02  2e-03  9e-02 109:22.9
  493   5916 -4.281392644724663e-01 1.4e+02 1.93e-02  2e-03  8e-02 111:21.0
  500   6000 -4.281608743303426e-01 1.4e+02 1.81e-02  2e-03  7e-02 112:52.8
  509   6108 -4.281877349876171e-01 1.3e+02 1.73e-02  2e-03  7e-02 114:51.1
  518   6216 -4.282313545832622e-01 1.3e+02 1.80e-02  2e-03  7e-02 116:49.4
  527   6324 -4.282565779107981e-01 1.4e+02 2.60e-02  3e-03  1e-01 118:47.6
  536   6432 -4.283376632560288e-01 1.4e+02 2.36e-02  2e-03  9e-02 120:45.8
  545   6540 -4.284033560485503e-01 1.4e+02 2.85e-02  3e-03  1e-01 122:44.0
  554   6648 -4.284981314404335e-01 1.5e+02 3.99e-02  3e-03  1e-01 124:42.2
  563   6756 -4.286311693386703e-01 1.5e+02 5.14e-02  4e-03  2e-01 126:41.1
  572   6864 -4.289452924501703e-01 1.7e+02 6.97e-02  5e-03  3e-01 128:39.3
  582   6984 -4.291060133849266e-01 2.0e+02 7.58e-02  6e-03  4e-01 130:51.0
  592   7104 -4.293154800057924e-01 2.0e+02 5.49e-02  4e-03  3e-01 133:03.1
  600   7200 -4.293737963240823e-01 2.0e+02 4.87e-02  3e-03  2e-01 134:48.3
  610   7320 -4.294488428045569e-01 2.0e+02 3.11e-02  2e-03  1e-01 136:59.9
  620   7440 -4.295351691384142e-01 2.1e+02 3.11e-02  2e-03  1e-01 139:11.4
  630   7560 -4.295932546089983e-01 2.0e+02 3.55e-02  2e-03  2e-01 141:22.8
  640   7680 -4.296393976893905e-01 2.1e+02 4.34e-02  3e-03  2e-01 143:34.3
  650   7800 -4.297161892726665e-01 2.2e+02 4.23e-02  2e-03  2e-01 145:46.1
  660   7920 -4.297318403850280e-01 2.2e+02 5.42e-02  3e-03  2e-01 147:57.5
  670   8040 -4.297798218900948e-01 2.2e+02 4.48e-02  2e-03  2e-01 150:10.1
  680   8160 -4.298311440923105e-01 2.1e+02 3.03e-02  2e-03  1e-01 152:27.2
  690   8280 -4.298516706465338e-01 2.1e+02 3.08e-02  1e-03  1e-01 154:43.9
  700   8400 -4.298812625119521e-01 1.9e+02 2.81e-02  1e-03  9e-02 157:00.3
  710   8520 -4.298936981985846e-01 1.8e+02 2.72e-02  1e-03  9e-02 159:17.7
  720   8640 -4.299151536061179e-01 1.8e+02 2.48e-02  1e-03  8e-02 161:35.0
  730   8760 -4.299186523276016e-01 1.8e+02 2.30e-02  9e-04  7e-02 163:51.3
  740   8880 -4.299244156419148e-01 1.8e+02 1.40e-02  5e-04  4e-02 166:07.6
  750   9000 -4.299295269047594e-01 1.8e+02 1.33e-02  5e-04  4e-02 168:23.7
  761   9132 -4.299367258021184e-01 1.8e+02 1.70e-02  6e-04  5e-02 170:53.5
  772   9264 -4.299478035127101e-01 1.8e+02 2.42e-02  8e-04  7e-02 173:22.1
  783   9396 -4.299566752117083e-01 1.7e+02 2.45e-02  8e-04  6e-02 175:47.3
  794   9528 -4.299802013392310e-01 1.8e+02 3.74e-02  1e-03  1e-01 178:13.5
  800   9600 -4.299837447778858e-01 1.8e+02 4.01e-02  1e-03  1e-01 179:35.1
  811   9732 -4.300028894859953e-01 1.7e+02 4.24e-02  1e-03  1e-01 182:05.2
  822   9864 -4.300134090065122e-01 1.9e+02 3.00e-02  9e-04  7e-02 184:35.3
  833   9996 -4.300247194549620e-01 1.9e+02 2.59e-02  7e-04  6e-02 187:05.3
  844  10128 -4.300342611922781e-01 2.1e+02 2.76e-02  8e-04  7e-02 189:35.0
  855  10260 -4.300377744800841e-01 2.2e+02 1.99e-02  5e-04  6e-02 192:04.8
  866  10392 -4.300406440728038e-01 2.5e+02 1.39e-02  4e-04  4e-02 194:35.2
  877  10524 -4.300428884912604e-01 2.6e+02 1.10e-02  3e-04  3e-02 197:05.3
  888  10656 -4.300438165324276e-01 3.0e+02 1.05e-02  3e-04  4e-02 199:35.3
  899  10788 -4.300447714343016e-01 3.3e+02 1.02e-02  2e-04  4e-02 202:05.8
  900  10800 -4.300444159452388e-01 3.4e+02 9.92e-03  2e-04  4e-02 202:19.6
  912  10944 -4.300456035364508e-01 3.7e+02 7.68e-03  2e-04  3e-02 205:03.6
  924  11088 -4.300462206557564e-01 4.4e+02 7.17e-03  2e-04  3e-02 207:47.3
  936  11232 -4.300466806540971e-01 5.4e+02 8.64e-03  2e-04  5e-02 210:31.4
  948  11376 -4.300487606816709e-01 7.5e+02 1.10e-02  3e-04  8e-02 213:15.7
  960  11520 -4.300686510774819e-01 1.0e+03 2.99e-02  7e-04  3e-01 215:59.7
  972  11664 -4.301378324194200e-01 1.0e+03 6.74e-02  2e-03  6e-01 218:43.9
  984  11808 -4.301893034217199e-01 9.6e+02 5.02e-02  1e-03  4e-01 221:27.9
  996  11952 -4.302187629035110e-01 8.0e+02 4.36e-02  1e-03  3e-01 224:12.2
 1000  12000 -4.302301056923448e-01 7.5e+02 4.22e-02  1e-03  3e-01 225:06.8
Budget constraint satisfied 4857.0364990234375 4964 Difference:  106.9635009765625
Budget constraint satisfied 4493.75 4964 Difference:  470.25
two_most_probable_states: ['000010010', '001010000']
final_expectation_value: -0.4302301056923448
params: [2.395484605241585, 3.6416881544874986, 3.90616674882585, 4.795833507806883, 9.927496777828676, 13.786134793154282, -0.3302224868382816, 10.835079085782244, -0.3911393587840909, 0.7374547826370028, 0.7926100618164246, 1.132537241583771, 1.2847407852847124, -0.12299447780205296, 2.1981959919826055, -0.7144843270371687, 0.4225931005654755, 1.1407882085052912]
total_steps: 1000
states_probs: [0.010055851191006507, 0.010184273385564949]
optimized_portfolios: [{'HON': 16, 'V': 4}, {'HON': 20, 'V': 0}]
objective_values: [-6532.446628060867, -8318.613244611133]
result_with_budget: [{'portfolio': {'HON': 16, 'V': 4}, 'budget': 4857.0364990234375, 'difference': 106.9635009765625}, {'portfolio': {'HON': 20, 'V': 0}, 'budget': 4493.75, 'difference': 470.25}]
Batch 32/100 completed. Results saved to portfolio_optimization_results_batch_31.json
Job finished at Sat Mar 22 14:05:12 EET 2025
