Running job array 39 on pe75.int.triton.aalto.fi
Starting at Fri Mar 21 16:01:41 EET 2025
Activating virtual environment at /scratch/work/uotilav2/quantum-portfolio/venv
Processing batch 40/100: experiments 39 to 39 (total 1)
Processing experiment 39
Budget: 916
YF.download() has changed argument auto_adjust default to True
Number of qubits for asset CAT: 2
Number of qubits for asset GS: 1
Number of qubits for asset HON: 3
Number of qubits for asset MMM: 3
Total number of qubits:  9
Optimized Weights (considering variance, skewness and kurtosis):
CAT: 95.59%
GS: 4.41%
HON: 0.00%
MMM: 0.00%
Left over budget:  193.1300637452166
Optimized Discrete Allocation:
CAT: 2
Maximized utility from continuous higher moments:  0.03598456221512858
Budget constraint not satisfied 922.9384002685547 916 Difference:  -6.9384002685546875
Budget constraint not satisfied 930.9751892089844 916 Difference:  -14.975189208984375
smallest_eigenvalues: [-0.08863486369853923]
smallest_bitstrings: ['001100100']
first_excited_energy: -0.08861612452065018
optimized_portfolio: [{'CAT': 0, 'GS': 1, 'HON': 1, 'MMM': 1}]
second_optimized_portfolio: [{'CAT': 0, 'GS': 0, 'HON': 3, 'MMM': 2}]
result_with_budget: [{'portfolio': {'CAT': 0, 'GS': 1, 'HON': 1, 'MMM': 1}, 'budget': 922.9384002685547, 'difference': -6.9384002685546875, 'objective_value': -1.3297045698275263}]
result_with_budget_excited: [{'portfolio': {'CAT': 0, 'GS': 0, 'HON': 3, 'MMM': 2}, 'budget': 930.9751892089844, 'difference': -14.975189208984375, 'objective_value': -16.116649450700677}]
Initial params:  [1.48788356 2.51613533 1.63512823 2.13276294 2.26393425 1.8284691
 1.68820779 2.38326127 0.33271856 1.4878596  0.58538032 2.31509673
 0.680313   0.42480042 1.01831901 0.47021746 0.69844324 1.21419094]
(6_w,12)-aCMA-ES (mu_w=3.7,w_1=40%) in dimension 18 (seed=719148, Fri Mar 21 16:02:00 2025)
Iterat #Fevals   function value  axis ratio  sigma  min&max std  t[m:s]
    1     12 2.022203578641667e-01 1.0e+00 9.27e-02  9e-02  9e-02 0:15.5
    2     24 1.510895330237838e-01 1.1e+00 9.51e-02  9e-02  1e-01 0:31.0
    3     36 5.775129848327566e-02 1.2e+00 9.99e-02  1e-01  1e-01 0:46.5
    4     48 -3.523870115273405e-03 1.2e+00 1.08e-01  1e-01  1e-01 1:02.1
    5     60 -3.439567353947679e-02 1.3e+00 1.18e-01  1e-01  1e-01 1:17.5
    6     72 -5.321159946953478e-02 1.4e+00 1.29e-01  1e-01  1e-01 1:33.0
    7     84 -5.959418227970750e-02 1.4e+00 1.40e-01  1e-01  2e-01 1:48.5
    8     96 -5.591554720506704e-02 1.4e+00 1.50e-01  1e-01  2e-01 2:04.0
    9    108 -5.959643744332848e-02 1.5e+00 1.53e-01  1e-01  2e-01 2:19.6
   10    120 -5.429615520789096e-02 1.5e+00 1.52e-01  1e-01  2e-01 2:35.0
   11    132 -5.440055115843519e-02 1.5e+00 1.47e-01  1e-01  2e-01 2:50.4
   12    144 -5.855013183168897e-02 1.5e+00 1.43e-01  1e-01  2e-01 3:05.9
   13    156 -5.484312165536870e-02 1.5e+00 1.41e-01  1e-01  2e-01 3:21.4
   14    168 -6.009033140775540e-02 1.5e+00 1.41e-01  1e-01  2e-01 3:37.0
   15    180 -5.712923728085247e-02 1.6e+00 1.41e-01  1e-01  2e-01 3:52.4
   16    192 -5.818849210135158e-02 1.6e+00 1.48e-01  1e-01  2e-01 4:07.9
   18    216 -6.097911554719574e-02 1.7e+00 1.47e-01  1e-01  2e-01 4:38.9
   20    240 -6.275372203833293e-02 1.7e+00 1.36e-01  1e-01  1e-01 5:10.0
   22    264 -6.409192269181713e-02 1.7e+00 1.27e-01  1e-01  1e-01 5:40.9
   24    288 -6.374845054354637e-02 1.7e+00 1.17e-01  1e-01  1e-01 6:11.9
   26    312 -6.616504473072134e-02 1.8e+00 1.17e-01  1e-01  1e-01 6:42.9
   28    336 -6.276405118244820e-02 1.8e+00 1.18e-01  1e-01  1e-01 7:13.9
   30    360 -6.459769595493565e-02 1.9e+00 1.26e-01  1e-01  1e-01 7:44.9
   32    384 -6.269849652173326e-02 2.0e+00 1.40e-01  1e-01  1e-01 8:15.9
   34    408 -6.707990767908917e-02 2.2e+00 1.44e-01  1e-01  2e-01 8:46.8
   36    432 -6.546410262683613e-02 2.4e+00 1.45e-01  1e-01  2e-01 9:17.8
   38    456 -6.623298128829506e-02 2.5e+00 1.42e-01  1e-01  2e-01 9:48.8
   40    480 -6.458400310001033e-02 2.5e+00 1.38e-01  1e-01  2e-01 10:19.8
   42    504 -6.679327359780737e-02 2.6e+00 1.28e-01  1e-01  1e-01 10:50.8
   44    528 -6.651869135366503e-02 2.6e+00 1.25e-01  1e-01  1e-01 11:21.8
   46    552 -6.457515016255333e-02 2.6e+00 1.22e-01  1e-01  1e-01 11:52.7
   48    576 -6.392329087214955e-02 2.7e+00 1.25e-01  1e-01  1e-01 12:23.8
   51    612 -6.474766557476125e-02 2.9e+00 1.22e-01  1e-01  1e-01 13:10.3
   54    648 -6.487499764484206e-02 3.0e+00 1.22e-01  1e-01  2e-01 13:56.7
   57    684 -6.424235788573660e-02 3.4e+00 1.36e-01  1e-01  2e-01 14:43.3
   60    720 -6.610821681698625e-02 3.7e+00 1.36e-01  1e-01  2e-01 15:29.8
   63    756 -6.627309464828604e-02 3.9e+00 1.40e-01  1e-01  2e-01 16:16.3
   66    792 -6.590914092576020e-02 4.4e+00 1.47e-01  1e-01  2e-01 17:02.8
   69    828 -6.585893612850330e-02 4.6e+00 1.26e-01  1e-01  2e-01 17:49.3
   72    864 -6.562305336765022e-02 4.8e+00 1.09e-01  9e-02  1e-01 18:35.7
   75    900 -6.634350968116508e-02 4.9e+00 1.11e-01  9e-02  2e-01 19:22.2
   78    936 -6.666923617848845e-02 5.1e+00 1.07e-01  8e-02  1e-01 20:08.6
   81    972 -6.621513507813932e-02 5.4e+00 9.87e-02  8e-02  1e-01 20:55.2
   84   1008 -6.620352679713828e-02 5.7e+00 8.96e-02  7e-02  1e-01 21:41.6
   87   1044 -6.704020644659434e-02 6.0e+00 7.94e-02  6e-02  1e-01 22:28.1
   90   1080 -6.745028020105562e-02 6.2e+00 7.57e-02  6e-02  1e-01 23:14.6
   93   1116 -6.745703818350655e-02 6.4e+00 7.67e-02  6e-02  1e-01 24:01.0
   97   1164 -6.699031542693200e-02 6.7e+00 7.73e-02  6e-02  1e-01 25:02.8
  100   1200 -6.778415482131288e-02 7.1e+00 7.48e-02  5e-02  1e-01 25:49.2
  104   1248 -6.784343912382816e-02 7.4e+00 6.81e-02  5e-02  9e-02 26:51.2
  108   1296 -6.760617280791023e-02 7.9e+00 6.53e-02  4e-02  9e-02 27:53.0
  112   1344 -6.803702125753179e-02 8.7e+00 6.20e-02  4e-02  9e-02 28:55.0
  116   1392 -6.832074934782505e-02 9.4e+00 6.29e-02  4e-02  9e-02 29:57.0
  120   1440 -6.895821004594847e-02 9.6e+00 7.44e-02  5e-02  1e-01 30:58.8
  124   1488 -6.859582067269156e-02 1.0e+01 6.84e-02  5e-02  1e-01 32:00.7
  128   1536 -6.871285620202866e-02 1.1e+01 5.64e-02  4e-02  8e-02 33:02.6
  132   1584 -6.897511193879168e-02 1.1e+01 7.05e-02  5e-02  1e-01 34:04.5
  136   1632 -6.922314889118786e-02 1.1e+01 7.45e-02  5e-02  1e-01 35:06.4
  140   1680 -6.948249067435157e-02 1.2e+01 6.93e-02  4e-02  1e-01 36:08.4
  144   1728 -6.991778793705815e-02 1.3e+01 6.51e-02  4e-02  1e-01 37:10.1
  148   1776 -6.997552516994422e-02 1.4e+01 6.56e-02  4e-02  1e-01 38:12.0
  152   1824 -6.984972578481448e-02 1.4e+01 7.04e-02  4e-02  1e-01 39:13.9
  157   1884 -7.018353999617523e-02 1.5e+01 7.62e-02  4e-02  1e-01 40:31.4
  162   1944 -7.022622889465739e-02 1.5e+01 8.52e-02  5e-02  1e-01 41:48.7
  167   2004 -7.066926359560197e-02 1.6e+01 8.03e-02  4e-02  1e-01 43:06.1
  172   2064 -7.062528097325237e-02 1.7e+01 6.78e-02  4e-02  1e-01 44:23.4
  177   2124 -7.079957680392718e-02 1.7e+01 4.98e-02  3e-02  7e-02 45:40.9
  182   2184 -7.126051039379352e-02 1.7e+01 4.41e-02  2e-02  6e-02 46:58.3
  187   2244 -7.138141352853079e-02 1.9e+01 5.11e-02  3e-02  7e-02 48:15.6
  192   2304 -7.174185852018328e-02 2.0e+01 5.14e-02  3e-02  7e-02 49:33.0
  197   2364 -7.191626539944823e-02 2.2e+01 5.32e-02  3e-02  8e-02 50:50.2
  200   2400 -7.209535131038106e-02 2.2e+01 6.03e-02  3e-02  9e-02 51:36.7
  205   2460 -7.273577096970278e-02 2.4e+01 7.14e-02  3e-02  1e-01 52:54.1
  210   2520 -7.305393661611576e-02 2.6e+01 6.79e-02  3e-02  1e-01 54:11.6
  215   2580 -7.335035385733013e-02 2.7e+01 6.98e-02  3e-02  1e-01 55:28.9
  220   2640 -7.399917748418688e-02 2.8e+01 7.05e-02  3e-02  1e-01 56:46.2
  225   2700 -7.411467137166841e-02 3.0e+01 5.31e-02  2e-02  1e-01 58:03.6
  230   2760 -7.450226781145100e-02 3.1e+01 4.92e-02  2e-02  9e-02 59:21.0
  236   2832 -7.465658503296542e-02 3.1e+01 4.56e-02  2e-02  8e-02 60:53.9
  242   2904 -7.457805496498604e-02 3.2e+01 4.64e-02  2e-02  8e-02 62:26.8
  248   2976 -7.481069975551621e-02 3.2e+01 4.16e-02  2e-02  7e-02 63:59.5
  254   3048 -7.476140319224769e-02 3.4e+01 3.39e-02  1e-02  6e-02 65:32.3
  260   3120 -7.491814571886211e-02 3.7e+01 3.34e-02  1e-02  6e-02 67:05.2
  266   3192 -7.490820379540671e-02 3.7e+01 3.06e-02  1e-02  6e-02 68:38.0
  272   3264 -7.499204968341484e-02 3.7e+01 2.61e-02  1e-02  5e-02 70:10.8
  278   3336 -7.502639016151388e-02 3.7e+01 2.18e-02  8e-03  4e-02 71:43.7
  284   3408 -7.506177917112573e-02 3.8e+01 2.01e-02  8e-03  4e-02 73:16.6
  290   3480 -7.507681022315278e-02 4.0e+01 1.98e-02  7e-03  4e-02 74:49.5
  296   3552 -7.508680065256418e-02 4.3e+01 1.95e-02  7e-03  4e-02 76:22.2
  300   3600 -7.509746382949532e-02 4.6e+01 2.06e-02  7e-03  4e-02 77:24.1
  306   3672 -7.512351330901951e-02 4.7e+01 1.72e-02  6e-03  4e-02 78:57.0
  312   3744 -7.514420676602451e-02 4.7e+01 1.68e-02  5e-03  4e-02 80:29.9
  318   3816 -7.516881287159359e-02 4.7e+01 1.98e-02  6e-03  4e-02 82:02.8
  325   3900 -7.522278855764720e-02 4.8e+01 2.30e-02  7e-03  5e-02 83:51.2
  332   3984 -7.529273686746782e-02 4.8e+01 3.03e-02  8e-03  6e-02 85:39.4
  339   4068 -7.533309630846642e-02 5.7e+01 3.86e-02  1e-02  8e-02 87:27.8
  346   4152 -7.535877011149238e-02 5.8e+01 3.08e-02  8e-03  7e-02 89:16.1
  353   4236 -7.541777516854271e-02 5.9e+01 2.42e-02  6e-03  5e-02 91:04.3
  360   4320 -7.542316829513736e-02 6.4e+01 3.04e-02  8e-03  7e-02 92:52.6
  367   4404 -7.544453046559439e-02 6.6e+01 3.00e-02  7e-03  7e-02 94:41.0
  374   4488 -7.546568904094929e-02 6.7e+01 2.70e-02  6e-03  6e-02 96:29.3
  381   4572 -7.548996664280752e-02 6.7e+01 2.29e-02  5e-03  5e-02 98:17.6
  388   4656 -7.551023927476268e-02 6.9e+01 1.86e-02  4e-03  4e-02 100:05.9
  395   4740 -7.554062906718345e-02 7.0e+01 2.08e-02  4e-03  5e-02 101:54.2
  400   4800 -7.554528867536328e-02 6.9e+01 2.02e-02  4e-03  5e-02 103:11.6
  407   4884 -7.557512156350057e-02 7.0e+01 1.99e-02  4e-03  4e-02 104:59.8
  414   4968 -7.557638533219575e-02 7.2e+01 2.35e-02  5e-03  5e-02 106:48.3
  421   5052 -7.562400121745547e-02 7.2e+01 2.98e-02  6e-03  7e-02 108:36.6
  428   5136 -7.566043129792732e-02 7.7e+01 2.91e-02  6e-03  7e-02 110:24.9
  436   5232 -7.571778576725524e-02 8.1e+01 3.36e-02  7e-03  8e-02 112:28.6
  444   5328 -7.581589604118204e-02 8.2e+01 3.79e-02  8e-03  9e-02 114:32.5
  452   5424 -7.588836994301039e-02 9.3e+01 4.45e-02  1e-02  1e-01 116:36.3
  460   5520 -7.595096573558775e-02 1.0e+02 4.14e-02  9e-03  1e-01 118:40.1
  468   5616 -7.598514163158351e-02 9.8e+01 3.89e-02  8e-03  1e-01 120:44.0
  476   5712 -7.607230204731440e-02 9.7e+01 3.24e-02  7e-03  8e-02 122:47.8
  484   5808 -7.618528061684719e-02 1.0e+02 4.05e-02  9e-03  1e-01 124:51.7
  492   5904 -7.628096177330769e-02 1.0e+02 3.84e-02  9e-03  1e-01 126:55.6
  500   6000 -7.661529648525001e-02 1.1e+02 6.33e-02  2e-02  2e-01 128:59.3
  508   6096 -7.735412975031897e-02 1.1e+02 9.16e-02  2e-02  3e-01 131:03.2
  516   6192 -7.765925097559501e-02 1.2e+02 1.64e-01  4e-02  6e-01 133:07.0
  524   6288 -7.846164035083131e-02 1.2e+02 1.69e-01  4e-02  6e-01 135:10.8
  532   6384 -7.848270948215116e-02 1.1e+02 1.31e-01  3e-02  4e-01 137:14.6
  540   6480 -7.885971307865140e-02 1.0e+02 8.57e-02  2e-02  3e-01 139:18.3
  548   6576 -7.909702403418779e-02 1.0e+02 7.36e-02  1e-02  2e-01 141:22.0
  557   6684 -7.920426328610193e-02 1.0e+02 7.53e-02  1e-02  2e-01 143:41.3
  566   6792 -7.922182434497058e-02 9.7e+01 5.79e-02  8e-03  1e-01 146:00.5
  575   6900 -7.924264731808642e-02 1.0e+02 4.65e-02  6e-03  1e-01 148:19.7
  584   7008 -7.930840661362835e-02 1.1e+02 6.05e-02  7e-03  2e-01 150:38.8
  593   7116 -7.934827985853585e-02 1.1e+02 5.43e-02  6e-03  1e-01 152:57.9
  600   7200 -7.941444688172200e-02 1.1e+02 3.86e-02  4e-03  9e-02 154:46.1
  609   7308 -7.947401530007381e-02 1.1e+02 3.56e-02  4e-03  9e-02 157:05.4
  618   7416 -7.951947263269639e-02 1.1e+02 4.03e-02  4e-03  1e-01 159:24.4
  627   7524 -7.953235877155156e-02 1.2e+02 3.60e-02  3e-03  1e-01 161:43.6
  636   7632 -7.958760712883681e-02 1.3e+02 3.73e-02  3e-03  1e-01 164:02.7
  645   7740 -7.961474923498001e-02 1.4e+02 4.32e-02  4e-03  1e-01 166:21.9
  654   7848 -7.968397262402295e-02 1.5e+02 4.05e-02  4e-03  1e-01 168:41.0
  663   7956 -7.970983359265235e-02 1.6e+02 4.50e-02  4e-03  2e-01 171:00.1
  672   8064 -7.974339853181793e-02 1.6e+02 4.94e-02  4e-03  2e-01 173:19.3
  682   8184 -7.977053686713441e-02 1.6e+02 5.19e-02  4e-03  2e-01 175:51.9
  692   8304 -7.981659974974770e-02 1.7e+02 5.01e-02  4e-03  2e-01 178:21.0
  700   8400 -7.984856498032475e-02 1.9e+02 5.17e-02  4e-03  2e-01 180:19.9
  710   8520 -7.990125620725498e-02 1.8e+02 5.02e-02  4e-03  2e-01 182:48.7
  720   8640 -7.993568728035984e-02 1.8e+02 6.24e-02  4e-03  2e-01 185:17.5
  730   8760 -7.999088587429759e-02 1.8e+02 5.94e-02  4e-03  2e-01 187:46.3
  740   8880 -8.008514339948326e-02 2.2e+02 9.52e-02  6e-03  4e-01 190:15.1
  750   9000 -8.018329064264984e-02 2.1e+02 8.73e-02  5e-03  4e-01 192:44.2
  760   9120 -8.028921930580454e-02 2.1e+02 6.65e-02  4e-03  3e-01 195:13.7
  770   9240 -8.037919697867138e-02 2.1e+02 6.50e-02  4e-03  3e-01 197:43.4
  780   9360 -8.050888383569330e-02 2.2e+02 6.72e-02  3e-03  3e-01 200:12.8
  790   9480 -8.064588236342435e-02 2.3e+02 7.40e-02  4e-03  3e-01 202:42.4
  800   9600 -8.074775541472964e-02 2.3e+02 1.04e-01  5e-03  4e-01 205:11.8
  811   9732 -8.085365721776545e-02 2.2e+02 1.11e-01  5e-03  4e-01 207:56.5
  822   9864 -8.092115118900735e-02 2.0e+02 1.13e-01  5e-03  4e-01 210:40.6
  833   9996 -8.105875197683235e-02 2.0e+02 7.74e-02  3e-03  3e-01 213:25.1
  844  10128 -8.104888000428136e-02 2.0e+02 6.60e-02  3e-03  2e-01 216:09.3
  855  10260 -8.109132855052072e-02 1.8e+02 6.52e-02  3e-03  2e-01 218:53.8
  866  10392 -8.107688319200101e-02 1.7e+02 4.66e-02  2e-03  2e-01 221:38.3
  877  10524 -8.109939346967920e-02 1.7e+02 4.03e-02  2e-03  1e-01 224:23.2
  888  10656 -8.111213038021246e-02 1.6e+02 4.15e-02  2e-03  1e-01 227:07.5
  899  10788 -8.112195604834566e-02 1.7e+02 3.62e-02  1e-03  1e-01 229:52.9
  900  10800 -8.112752329041391e-02 1.7e+02 3.43e-02  1e-03  1e-01 230:07.8
  911  10932 -8.114628981738606e-02 1.7e+02 4.61e-02  2e-03  1e-01 232:52.5
  922  11064 -8.117649770884103e-02 1.7e+02 6.15e-02  2e-03  2e-01 235:36.2
  933  11196 -8.121103486593009e-02 1.7e+02 6.44e-02  2e-03  2e-01 238:20.4
  945  11340 -8.129158284781579e-02 1.6e+02 8.36e-02  3e-03  2e-01 241:19.2
  957  11484 -8.134158235685678e-02 1.6e+02 7.87e-02  3e-03  2e-01 244:17.7
  969  11628 -8.148547957071103e-02 1.5e+02 9.68e-02  3e-03  3e-01 247:16.4
  981  11772 -8.157335320072900e-02 1.5e+02 1.14e-01  4e-03  3e-01 250:15.0
  993  11916 -8.176889070789249e-02 1.6e+02 1.35e-01  4e-03  4e-01 253:14.1
 1000  12000 -8.178397152848635e-02 1.6e+02 2.01e-01  6e-03  5e-01 254:58.6
Budget constraint satisfied 722.8699340820312 916 Difference:  193.13006591796875
Budget constraint satisfied 898.75 916 Difference:  17.25
two_most_probable_states: ['010000000', '000001000']
final_expectation_value: -0.0818779731016398
params: [-7.136276323814869, 2.6256190876600805, 1.4153428115552042, 4.8388638857261075, 5.141021856362816, 3.9326723661030996, 5.381096247539477, 12.998085392572696, 8.147831379884, 0.25782004255305896, 1.0716868615757988, 3.291739873984869, 0.9165661685628999, -0.7383880400143543, 1.1338599577516395, 1.2812347943653695, 1.5148174579907685, 1.7410039457031687]
total_steps: 1000
states_probs: [0.16623852202543823, 0.3116115033186219]
optimized_portfolios: [{'CAT': 2, 'GS': 0, 'HON': 0, 'MMM': 0}, {'CAT': 0, 'GS': 0, 'HON': 4, 'MMM': 0}]
objective_values: [0.03598456221512858, -12.850923046677412]
result_with_budget: [{'portfolio': {'CAT': 2, 'GS': 0, 'HON': 0, 'MMM': 0}, 'budget': 722.8699340820312, 'difference': 193.13006591796875}, {'portfolio': {'CAT': 0, 'GS': 0, 'HON': 4, 'MMM': 0}, 'budget': 898.75, 'difference': 17.25}]
Batch 40/100 completed. Results saved to portfolio_optimization_results_batch_39.json
Job finished at Fri Mar 21 20:20:24 EET 2025
