Running job array 20 on pe78.int.triton.aalto.fi
Starting at Fri Mar 14 10:12:05 EET 2025
Activating virtual environment at /scratch/work/uotilav2/quantum-portfolio/venv
Processing batch 21/30: experiments 300 to 314 (total 15)
Processing experiment 300
Budget: 218.37515258789062
YF.download() has changed argument auto_adjust default to True
Expected returns: 0.06418417205452796
Covariance matrix: 0.4014421593765884
3rd-order coskewness tensor: 0.32992691400341584
4th-order cokurtosis tensor: 11.30963299800628
Number of qubits for asset DIS: 1
Number of qubits for asset IBM: 1
Number of qubits for asset JNJ: 1
Number of qubits for asset MMM: 1
Number of qubits for asset NKE: 2
Number of qubits for asset UNH: 1
Total number of qubits:  7
Optimized Weights (considering variance, skewness and kurtosis):
DIS: 16.86%
IBM: 8.57%
JNJ: 22.80%
MMM: 14.66%
NKE: 21.76%
UNH: 15.35%
Left over budget:  31.736221295361247
Optimized Discrete Allocation:
DIS: 1
NKE: 1
Maximized utility from continuous higher moments:  -11.07506041737985
Budget constraint satisfied 218.37515258789062 218.37515258789062 Difference:  0.0
Budget constraint not satisfied 218.76049041748047 218.37515258789062 Difference:  -0.38533782958984375
smallest_eigenvalues: [-0.03997229241776922]
smallest_bitstrings: ['0100000']
first_excited_energy: -0.03996254530841275
optimized_portfolio: [{'DIS': 0, 'IBM': 1, 'JNJ': 0, 'MMM': 0, 'NKE': 0, 'UNH': 0}]
second_optimized_portfolio: [{'DIS': 0, 'IBM': 0, 'JNJ': 1, 'MMM': 0, 'NKE': 1, 'UNH': 0}]
result_with_budget: [{'portfolio': {'DIS': 0, 'IBM': 1, 'JNJ': 0, 'MMM': 0, 'NKE': 0, 'UNH': 0}, 'budget': 218.37515258789062, 'difference': 0.0, 'objective_value': -2.839409993368476}]
result_with_budget_excited: [{'portfolio': {'DIS': 0, 'IBM': 0, 'JNJ': 1, 'MMM': 0, 'NKE': 1, 'UNH': 0}, 'budget': 218.76049041748047, 'difference': -0.38533782958984375, 'objective_value': -8.288498128107916}]
Initial params:  [0.27372477 0.06351797 2.61575239 2.44465153 2.73322377 3.07442019
 2.51063067 1.44978017 2.45210473 0.37157007 2.01037118 0.45035763
 2.96776493 1.63943485]
(5_w,11)-aCMA-ES (mu_w=3.4,w_1=42%) in dimension 14 (seed=1046476, Fri Mar 14 10:12:22 2025)
Iterat #Fevals   function value  axis ratio  sigma  min&max std  t[m:s]
    1     11 2.435394485825441e-02 1.0e+00 1.45e+00  1e+00  2e+00 0:04.4
    2     22 4.728805289335337e-03 1.2e+00 1.44e+00  1e+00  1e+00 0:08.6
    3     33 5.464921711134747e-02 1.2e+00 1.38e+00  1e+00  1e+00 0:12.9
    4     44 7.673720692242941e-02 1.3e+00 1.38e+00  1e+00  2e+00 0:17.1
    5     55 7.370358703534037e-03 1.4e+00 1.31e+00  1e+00  1e+00 0:21.4
    7     77 -1.562358524606916e-03 1.4e+00 1.25e+00  1e+00  1e+00 0:30.0
    9     99 9.972420528153660e-02 1.5e+00 1.30e+00  1e+00  1e+00 0:38.6
   11    121 6.179851966427917e-02 1.5e+00 1.35e+00  1e+00  2e+00 0:47.3
   13    143 6.239753932001466e-02 1.6e+00 1.42e+00  1e+00  2e+00 0:56.0
   16    176 7.056429582426427e-02 1.8e+00 1.57e+00  1e+00  2e+00 1:09.0
   19    209 7.037626436532039e-02 1.8e+00 1.76e+00  2e+00  2e+00 1:21.9
   22    242 7.711043498131843e-02 1.9e+00 2.10e+00  2e+00  3e+00 1:34.6
   25    275 2.846385840677304e-02 2.0e+00 2.05e+00  2e+00  2e+00 1:47.4
   29    319 4.115608849239549e-02 2.0e+00 2.29e+00  2e+00  3e+00 2:04.4
   33    363 2.463851819737644e-02 2.1e+00 2.43e+00  2e+00  3e+00 2:21.3
   37    407 6.046657779116061e-03 2.2e+00 2.45e+00  2e+00  3e+00 2:38.5
   41    451 1.292880784965291e-01 2.2e+00 2.61e+00  2e+00  3e+00 2:55.7
   45    495 3.715830958105375e-02 2.3e+00 2.38e+00  2e+00  3e+00 3:12.8
   50    550 3.763362503082548e-02 2.4e+00 2.18e+00  2e+00  3e+00 3:34.3
   55    605 6.212061372078210e-02 2.6e+00 2.39e+00  2e+00  3e+00 3:55.6
   60    660 1.419074736627101e-01 2.7e+00 3.00e+00  3e+00  4e+00 4:16.8
   65    715 1.181278407937633e-01 2.7e+00 3.10e+00  3e+00  4e+00 4:38.0
   71    781 1.187923128601050e-01 2.9e+00 2.71e+00  2e+00  3e+00 5:03.5
   77    847 1.216705227011761e-01 2.9e+00 3.06e+00  3e+00  4e+00 5:28.9
   83    913 1.622935846079773e-01 3.0e+00 3.19e+00  3e+00  4e+00 5:54.4
   89    979 1.148553746380136e-01 3.0e+00 3.49e+00  3e+00  4e+00 6:19.8
   96   1056 1.110916047679914e-01 3.3e+00 3.74e+00  3e+00  4e+00 6:49.5
  100   1100 1.486053762701739e-01 3.3e+00 4.90e+00  4e+00  6e+00 7:06.5
  107   1177 1.229879763534971e-01 3.6e+00 6.61e+00  6e+00  7e+00 7:36.2
  114   1254 1.830807770455001e-01 3.8e+00 7.38e+00  6e+00  9e+00 8:05.9
  122   1342 1.197799179225521e-01 3.6e+00 7.79e+00  7e+00  1e+01 8:39.8
  130   1430 1.708114263281350e-01 4.0e+00 8.46e+00  7e+00  1e+01 9:13.8
  138   1518 5.877089859898948e-02 3.9e+00 7.48e+00  6e+00  9e+00 9:47.8
  146   1606 5.611600226528510e-02 3.9e+00 8.62e+00  7e+00  1e+01 10:21.8
  155   1705 1.762282707692208e-01 4.0e+00 1.54e+01  1e+01  2e+01 11:00.0
  164   1804 1.653699009771387e-01 4.8e+00 1.32e+01  9e+00  2e+01 11:38.2
  173   1903 1.655885666896875e-01 4.7e+00 1.62e+01  1e+01  2e+01 12:16.4
  182   2002 1.729379182747298e-01 4.7e+00 2.37e+01  2e+01  3e+01 12:54.7
  191   2101 1.755587072302427e-01 4.8e+00 2.05e+01  1e+01  2e+01 13:32.9
  200   2200 1.506536347310697e-01 5.1e+00 1.37e+01  9e+00  2e+01 14:11.1
  210   2310 1.811206796160360e-01 5.4e+00 1.30e+01  8e+00  2e+01 14:53.6
  220   2420 1.689675839590307e-01 5.5e+00 1.08e+01  7e+00  1e+01 15:36.0
  230   2530 1.640611071971915e-01 6.0e+00 7.75e+00  5e+00  1e+01 16:18.6
  241   2651 1.625680115423615e-01 6.7e+00 8.95e+00  5e+00  1e+01 17:05.2
  252   2772 1.594603197493204e-01 6.7e+00 9.67e+00  6e+00  1e+01 17:51.9
  263   2893 1.602842679232314e-01 7.7e+00 9.38e+00  5e+00  1e+01 18:38.7
  274   3014 1.839124736566423e-01 8.1e+00 1.00e+01  6e+00  1e+01 19:25.3
  286   3146 1.685435804842366e-01 9.4e+00 1.19e+01  7e+00  2e+01 20:16.3
  298   3278 1.861567393602472e-01 9.5e+00 9.22e+00  5e+00  1e+01 21:07.3
  300   3300 1.503025411083172e-01 9.6e+00 8.59e+00  4e+00  1e+01 21:15.7
  312   3432 1.812552497397940e-01 1.0e+01 6.01e+00  3e+00  8e+00 22:06.7
  325   3575 1.494958686998410e-01 1.0e+01 5.14e+00  2e+00  7e+00 23:01.9
  338   3718 1.502229161354308e-01 1.2e+01 4.18e+00  2e+00  6e+00 23:57.1
  351   3861 1.392961194622458e-01 1.4e+01 3.52e+00  2e+00  5e+00 24:52.2
  364   4004 1.064666614346049e-01 1.6e+01 3.42e+00  2e+00  4e+00 25:47.5
  377   4147 1.531054902484439e-01 2.1e+01 3.43e+00  2e+00  5e+00 26:42.6
  391   4301 1.827969027454910e-01 2.1e+01 2.98e+00  1e+00  4e+00 27:42.1
  400   4400 1.516289088235855e-01 2.1e+01 3.61e+00  2e+00  5e+00 28:20.2
  414   4554 1.615099100684301e-01 2.1e+01 6.16e+00  3e+00  9e+00 29:19.6
  428   4708 7.746054423000917e-02 2.1e+01 1.03e+01  5e+00  2e+01 30:19.1
  443   4873 1.507493144603426e-01 2.0e+01 9.24e+00  4e+00  1e+01 31:22.7
  458   5038 1.686451788516004e-01 2.4e+01 8.45e+00  4e+00  1e+01 32:26.4
  473   5203 1.767423119915646e-01 2.4e+01 4.93e+00  2e+00  7e+00 33:30.0
  488   5368 1.485190739683139e-01 2.7e+01 4.17e+00  2e+00  6e+00 34:33.7
  500   5500 1.583540135855542e-01 2.6e+01 5.20e+00  2e+00  8e+00 35:24.7
  516   5676 1.653015865786273e-01 3.1e+01 8.85e+00  4e+00  1e+01 36:32.7
  532   5852 1.700930516059158e-01 3.3e+01 4.26e+00  2e+00  7e+00 37:40.8
  548   6028 1.065408916028702e-01 3.8e+01 3.65e+00  1e+00  6e+00 38:48.8
  560   6160 1.166864980340557e-01 3.8e+01 4.40e+00  2e+00  7e+00 39:39.7
Budget constraint satisfied 75.28893280029297 218.37515258789062 Difference:  143.08621978759766
Budget constraint satisfied 0.0 218.37515258789062 Difference:  218.37515258789062
two_most_probable_states: ['0000100', '0000000']
final_expectation_value: -0.0015623585246069163
params: [5.895591223237612, 1.9602304015393766, 3.426078251593789, 3.1440496855266495, 2.250993602320425, 5.798272770624797, -0.32904371047631203, 4.487929556835153, 0.799624385944993, 2.1696593976063108, 1.2491293892709265, 0.6842294457866106, -0.8827984372642865, -0.04753650039628321]
total_steps: 560
states_probs: [0.09812747899201854, 0.23875890572907021]
optimized_portfolios: [{'DIS': 0, 'IBM': 0, 'JNJ': 0, 'MMM': 0, 'NKE': 1, 'UNH': 0}, {'DIS': 0, 'IBM': 0, 'JNJ': 0, 'MMM': 0, 'NKE': 0, 'UNH': 0}]
objective_values: [-3.2239256052017575, -0.0]
result_with_budget: [{'portfolio': {'DIS': 0, 'IBM': 0, 'JNJ': 0, 'MMM': 0, 'NKE': 1, 'UNH': 0}, 'budget': 75.28893280029297, 'difference': 143.08621978759766}, {'portfolio': {'DIS': 0, 'IBM': 0, 'JNJ': 0, 'MMM': 0, 'NKE': 0, 'UNH': 0}, 'budget': 0.0, 'difference': 218.37515258789062}]
Processing experiment 301
Budget: 402.0227355957031
Expected returns: 0.27413980720285425
Covariance matrix: 0.38601232794718526
3rd-order coskewness tensor: -0.003054843839233096
4th-order cokurtosis tensor: 5.303607836468025
Number of qubits for asset AAPL: 1
Number of qubits for asset AMGN: 1
Number of qubits for asset CAT: 1
Number of qubits for asset JNJ: 2
Number of qubits for asset UNH: 1
Number of qubits for asset V: 1
Total number of qubits:  7
Optimized Weights (considering variance, skewness and kurtosis):
AAPL: 21.85%
AMGN: 20.81%
CAT: 29.71%
JNJ: 15.31%
UNH: 12.34%
V: 0.00%
Left over budget:  8.406204210068665
Optimized Discrete Allocation:
AAPL: 1
JNJ: 1
Maximized utility from continuous higher moments:  -7.822075612163174
Budget constraint satisfied 402.0227355957031 402.0227355957031 Difference:  0.0
Budget constraint satisfied 393.6165313720703 402.0227355957031 Difference:  8.406204223632812
smallest_eigenvalues: [-0.057900361723189145]
smallest_bitstrings: ['0101000']
first_excited_energy: -0.057876588337464216
optimized_portfolio: [{'AAPL': 0, 'AMGN': 1, 'CAT': 0, 'JNJ': 1, 'UNH': 0, 'V': 0}]
second_optimized_portfolio: [{'AAPL': 1, 'AMGN': 0, 'CAT': 0, 'JNJ': 1, 'UNH': 0, 'V': 0}]
result_with_budget: [{'portfolio': {'AAPL': 0, 'AMGN': 1, 'CAT': 0, 'JNJ': 1, 'UNH': 0, 'V': 0}, 'budget': 402.0227355957031, 'difference': 0.0, 'objective_value': -9.223524366779571}]
result_with_budget_excited: [{'portfolio': {'AAPL': 1, 'AMGN': 0, 'CAT': 0, 'JNJ': 1, 'UNH': 0, 'V': 0}, 'budget': 393.6165313720703, 'difference': 8.406204223632812, 'objective_value': -7.822075612163174}]
Initial params:  [0.88623548 0.63053329 0.73089126 2.77656479 1.8484312  1.95535061
 2.92237255 0.30456241 0.15077777 1.80198863 1.82979558 0.75580633
 0.82664275 2.44309886]
(5_w,11)-aCMA-ES (mu_w=3.4,w_1=42%) in dimension 14 (seed=1037068, Fri Mar 14 10:52:28 2025)
Iterat #Fevals   function value  axis ratio  sigma  min&max std  t[m:s]
    1     11 -7.480433402065148e-03 1.0e+00 1.39e+00  1e+00  1e+00 0:04.3
    2     22 -1.867178310485566e-02 1.1e+00 1.35e+00  1e+00  1e+00 0:08.5
    3     33 -2.359631692338869e-02 1.2e+00 1.32e+00  1e+00  1e+00 0:12.8
    4     44 5.141324838278631e-03 1.2e+00 1.19e+00  1e+00  1e+00 0:17.0
    5     55 1.724931828449650e-02 1.2e+00 1.15e+00  1e+00  1e+00 0:21.2
    7     77 -6.915495148704320e-03 1.3e+00 1.08e+00  1e+00  1e+00 0:29.7
    9     99 -5.651181281686279e-03 1.3e+00 9.26e-01  9e-01  1e+00 0:38.2
   11    121 -1.854422569255336e-02 1.3e+00 8.21e-01  8e-01  9e-01 0:46.8
   13    143 -2.943646666298006e-02 1.4e+00 7.55e-01  7e-01  8e-01 0:55.3
   16    176 -2.287073759185618e-02 1.4e+00 6.39e-01  6e-01  7e-01 1:08.0
   19    209 -2.174748624458232e-02 1.5e+00 6.56e-01  6e-01  7e-01 1:20.8
   22    242 -9.240811016390673e-03 1.6e+00 6.31e-01  6e-01  7e-01 1:33.5
   25    275 -2.997253292560132e-02 1.7e+00 6.05e-01  5e-01  6e-01 1:46.3
   29    319 -1.733168710984803e-02 1.7e+00 5.90e-01  5e-01  6e-01 2:03.3
   33    363 -3.468074182886868e-02 1.9e+00 5.72e-01  4e-01  6e-01 2:20.3
   37    407 -3.393332326146397e-02 2.0e+00 5.54e-01  4e-01  6e-01 2:37.2
   41    451 -2.053969593800420e-02 2.2e+00 5.25e-01  4e-01  6e-01 2:54.3
   46    506 -2.930074447106281e-02 2.4e+00 4.86e-01  3e-01  5e-01 3:15.6
   51    561 -2.855185896612331e-02 2.6e+00 5.43e-01  3e-01  7e-01 3:36.8
   56    616 -3.389366688041682e-02 2.8e+00 4.34e-01  3e-01  5e-01 3:58.1
   61    671 -3.534574827135373e-02 3.0e+00 3.89e-01  2e-01  5e-01 4:19.3
   66    726 -3.324708902489860e-02 3.3e+00 3.63e-01  2e-01  4e-01 4:40.5
   72    792 -3.213709373507614e-02 3.8e+00 2.59e-01  1e-01  3e-01 5:06.1
   78    858 -3.855851145881666e-02 4.2e+00 1.88e-01  9e-02  2e-01 5:31.6
   84    924 -4.004970012313875e-02 5.1e+00 1.53e-01  7e-02  2e-01 5:57.1
   90    990 -4.072692956869908e-02 5.6e+00 1.49e-01  6e-02  2e-01 6:22.6
   97   1067 -4.003962189528807e-02 6.0e+00 1.22e-01  4e-02  1e-01 6:52.4
  100   1100 -4.057310659588953e-02 6.1e+00 9.76e-02  3e-02  1e-01 7:05.2
  107   1177 -4.196826493388902e-02 6.9e+00 7.47e-02  2e-02  9e-02 7:35.0
  114   1254 -4.244158694349411e-02 8.9e+00 9.02e-02  3e-02  1e-01 8:04.9
  122   1342 -4.419409147720778e-02 1.3e+01 1.11e-01  3e-02  2e-01 8:38.6
  130   1430 -4.537067388873615e-02 1.4e+01 1.26e-01  3e-02  2e-01 9:11.5
  138   1518 -4.553027798179018e-02 1.5e+01 1.02e-01  3e-02  1e-01 9:44.3
  147   1617 -4.583376380554970e-02 1.7e+01 6.94e-02  2e-02  1e-01 10:21.1
  156   1716 -4.610336743185666e-02 1.7e+01 4.91e-02  1e-02  6e-02 10:58.0
  165   1815 -4.639481815691506e-02 1.8e+01 5.15e-02  1e-02  7e-02 11:34.8
  174   1914 -4.679984967165619e-02 2.4e+01 7.30e-02  2e-02  1e-01 12:11.5
  184   2024 -4.722571225784834e-02 2.7e+01 7.45e-02  2e-02  1e-01 12:52.4
  194   2134 -4.734796709869535e-02 2.6e+01 6.09e-02  1e-02  9e-02 13:33.3
  200   2200 -4.752274056622078e-02 2.8e+01 5.60e-02  1e-02  9e-02 13:57.8
  210   2310 -4.750548956355014e-02 3.1e+01 7.85e-02  1e-02  1e-01 14:38.7
  221   2431 -4.776115112162357e-02 3.5e+01 5.24e-02  9e-03  9e-02 15:23.6
  232   2552 -4.784668378494739e-02 3.8e+01 2.95e-02  5e-03  5e-02 16:08.4
  243   2673 -4.790244064872569e-02 4.6e+01 4.56e-02  7e-03  9e-02 16:53.1
  254   2794 -4.798715320167132e-02 4.8e+01 6.89e-02  1e-02  1e-01 17:37.9
  266   2926 -4.825078603637944e-02 5.4e+01 6.35e-02  8e-03  1e-01 18:26.7
  278   3058 -4.848392136051173e-02 8.2e+01 1.39e-01  2e-02  4e-01 19:15.6
  290   3190 -4.854054249501469e-02 9.9e+01 1.37e-01  2e-02  5e-01 20:04.4
  300   3300 -4.889827847978043e-02 1.1e+02 1.12e-01  1e-02  4e-01 20:45.1
  313   3443 -4.903242525632707e-02 1.2e+02 9.32e-02  1e-02  3e-01 21:38.0
  326   3586 -4.910853078709998e-02 1.3e+02 6.99e-02  7e-03  3e-01 22:31.0
  339   3729 -4.925511955803579e-02 1.4e+02 4.50e-02  4e-03  2e-01 23:23.9
  352   3872 -4.932878703111576e-02 1.7e+02 4.82e-02  4e-03  2e-01 24:16.8
  366   4026 -4.940625192024108e-02 1.9e+02 5.43e-02  4e-03  2e-01 25:13.9
  380   4180 -4.946534081397842e-02 1.8e+02 4.50e-02  3e-03  2e-01 26:10.8
  394   4334 -4.951142901171809e-02 2.0e+02 4.03e-02  3e-03  1e-01 27:07.8
  400   4400 -4.952683015442293e-02 2.0e+02 5.00e-02  3e-03  2e-01 27:32.2
  414   4554 -4.955377736044047e-02 2.0e+02 4.55e-02  3e-03  2e-01 28:29.2
  429   4719 -4.957432840163117e-02 1.9e+02 4.21e-02  2e-03  1e-01 29:30.3
  444   4884 -4.960286614723926e-02 1.9e+02 3.72e-02  2e-03  1e-01 30:31.6
  459   5049 -4.966801900933156e-02 2.0e+02 7.91e-02  4e-03  2e-01 31:32.5
  475   5225 -4.976726814862897e-02 2.8e+02 1.16e-01  5e-03  4e-01 32:37.4
  491   5401 -4.986643910454607e-02 3.3e+02 1.06e-01  4e-03  4e-01 33:42.4
  500   5500 -4.987380051501209e-02 3.0e+02 1.41e-01  5e-03  5e-01 34:18.9
  516   5676 -4.997047270109800e-02 3.0e+02 1.02e-01  4e-03  3e-01 35:23.8
  533   5863 -5.008824819648243e-02 3.5e+02 8.49e-02  3e-03  3e-01 36:32.8
  549   6039 -5.019342921296514e-02 4.4e+02 1.66e-01  5e-03  7e-01 37:39.5
  565   6215 -5.040239475840066e-02 4.8e+02 1.91e-01  6e-03  9e-01 38:47.7
  581   6391 -5.058086855599523e-02 5.4e+02 1.39e-01  4e-03  7e-01 39:56.4
  598   6578 -5.070187519606447e-02 7.0e+02 1.30e-01  4e-03  7e-01 41:09.4
  600   6600 -5.069419700272519e-02 6.7e+02 1.22e-01  3e-03  7e-01 41:18.0
  617   6787 -5.075728574470900e-02 7.3e+02 1.09e-01  3e-03  6e-01 42:30.9
  634   6974 -5.082705577416138e-02 8.2e+02 2.03e-01  4e-03  1e+00 43:43.3
  652   7172 -5.092817619081459e-02 9.0e+02 1.41e-01  3e-03  9e-01 45:00.2
  670   7370 -5.098152811306123e-02 9.5e+02 1.81e-01  3e-03  1e+00 46:17.1
  688   7568 -5.101365483188613e-02 9.4e+02 1.03e-01  2e-03  6e-01 47:33.8
  700   7700 -5.103334420317009e-02 9.6e+02 7.54e-02  1e-03  5e-01 48:24.8
  719   7909 -5.104776587919742e-02 1.2e+03 7.35e-02  1e-03  5e-01 49:45.7
  738   8118 -5.105778790690652e-02 1.1e+03 5.31e-02  8e-04  3e-01 51:06.7
  757   8327 -5.106383290852792e-02 9.9e+02 5.79e-02  8e-04  3e-01 52:27.6
  776   8536 -5.107174980271626e-02 1.0e+03 9.06e-02  1e-03  5e-01 53:48.5
  796   8756 -5.108592273642140e-02 9.5e+02 8.14e-02  9e-04  4e-01 55:13.3
  800   8800 -5.108844886614197e-02 9.3e+02 6.94e-02  8e-04  3e-01 55:30.3
  820   9020 -5.110122865014131e-02 9.3e+02 9.58e-02  1e-03  4e-01 56:55.4
  840   9240 -5.111422008857627e-02 8.9e+02 7.50e-02  7e-04  3e-01 58:20.6
  860   9460 -5.114030517997536e-02 1.0e+03 1.90e-01  2e-03  7e-01 59:45.9
  881   9691 -5.117203203515718e-02 1.0e+03 1.63e-01  1e-03  6e-01 61:15.1
  900   9900 -5.119702723095318e-02 1.1e+03 1.82e-01  2e-03  7e-01 62:36.6
  921  10131 -5.122866673442503e-02 1.1e+03 1.76e-01  1e-03  6e-01 64:06.4
  942  10362 -5.135014132463563e-02 1.4e+03 3.38e-01  3e-03  1e+00 65:35.7
  964  10604 -5.148661900525908e-02 1.6e+03 3.21e-01  3e-03  1e+00 67:09.6
  986  10846 -5.164491033699946e-02 1.3e+03 2.80e-01  2e-03  9e-01 68:43.7
 1000  11000 -5.168195774363762e-02 1.2e+03 2.55e-01  2e-03  7e-01 69:43.4
Budget constraint satisfied 361.4349670410156 402.0227355957031 Difference:  40.5877685546875
Budget constraint not satisfied 503.7073059082031 402.0227355957031 Difference:  -101.6845703125
two_most_probable_states: ['0010000', '0000010']
final_expectation_value: -0.05168195774363762
params: [4.152917742773835, -4.456050919853993, -63.90775285584143, 18.032298211913442, 3.8604719826980443, 10.935418916485812, 16.892629556405375, 4.647258176900107, 0.6905287776351754, 0.1644240274925404, 1.8112594651041687, 1.3583706295507374, 3.059957539907393, 3.0594115304634415]
total_steps: 1000
states_probs: [0.11010348388730597, 0.27685624302520256]
optimized_portfolios: [{'AAPL': 0, 'AMGN': 0, 'CAT': 1, 'JNJ': 0, 'UNH': 0, 'V': 0}, {'AAPL': 0, 'AMGN': 0, 'CAT': 0, 'JNJ': 0, 'UNH': 1, 'V': 0}]
objective_values: [-1.8999960547, -2.7910314647691834]
result_with_budget: [{'portfolio': {'AAPL': 0, 'AMGN': 0, 'CAT': 1, 'JNJ': 0, 'UNH': 0, 'V': 0}, 'budget': 361.4349670410156, 'difference': 40.5877685546875}, {'portfolio': {'AAPL': 0, 'AMGN': 0, 'CAT': 0, 'JNJ': 0, 'UNH': 1, 'V': 0}, 'budget': 503.7073059082031, 'difference': -101.6845703125}]
Processing experiment 302
Budget: 690.263313293457
Expected returns: 0.20876048712010906
Covariance matrix: 0.4334828839418404
3rd-order coskewness tensor: -0.15878771276635584
4th-order cokurtosis tensor: 4.234901483495452
Number of qubits for asset CAT: 1
Number of qubits for asset HD: 1
Number of qubits for asset JPM: 2
Number of qubits for asset MSFT: 1
Number of qubits for asset V: 2
Number of qubits for asset WMT: 3
Total number of qubits:  10
Optimized Weights (considering variance, skewness and kurtosis):
CAT: 37.14%
HD: 0.00%
JPM: 3.61%
MSFT: 15.29%
V: 10.59%
WMT: 33.37%
Left over budget:  57.778349552877216
Optimized Discrete Allocation:
CAT: 1
WMT: 3
Maximized utility from continuous higher moments:  -169.85190024842592
Budget constraint satisfied 690.263313293457 690.263313293457 Difference:  0.0
Budget constraint satisfied 676.944091796875 690.263313293457 Difference:  13.319221496582031
smallest_eigenvalues: [-0.06562426273939918]
smallest_bitstrings: ['1010000100']
first_excited_energy: -0.06560245337891253
optimized_portfolio: [{'CAT': 1, 'HD': 0, 'JPM': 1, 'MSFT': 0, 'V': 0, 'WMT': 1}]
second_optimized_portfolio: [{'CAT': 1, 'HD': 0, 'JPM': 0, 'MSFT': 0, 'V': 1, 'WMT': 0}]
result_with_budget: [{'portfolio': {'CAT': 1, 'HD': 0, 'JPM': 1, 'MSFT': 0, 'V': 0, 'WMT': 1}, 'budget': 690.263313293457, 'difference': 0.0, 'objective_value': -16.745162010781534}]
result_with_budget_excited: [{'portfolio': {'CAT': 1, 'HD': 0, 'JPM': 0, 'MSFT': 0, 'V': 1, 'WMT': 0}, 'budget': 676.944091796875, 'difference': 13.319221496582031, 'objective_value': -9.071482415803956}]
Initial params:  [1.19332618 0.10028403 2.50639752 2.94554303 2.25471325 2.76067055
 1.46694896 2.03729257 2.06168058 2.05154726 0.16211945 0.54034266
 1.30856582 3.11055075 2.54408935 0.75894333 1.8544595  1.35026239
 1.60128852 1.88844013]
(6_w,12)-aCMA-ES (mu_w=3.7,w_1=40%) in dimension 20 (seed=1060962, Fri Mar 14 12:02:59 2025)
Iterat #Fevals   function value  axis ratio  sigma  min&max std  t[m:s]
    1     12 -6.518875037369993e-03 1.0e+00 1.36e+00  1e+00  1e+00 0:27.1
    2     24 -2.569204015522240e-02 1.1e+00 1.33e+00  1e+00  1e+00 0:54.0
    3     36 -3.680946037053368e-02 1.1e+00 1.33e+00  1e+00  1e+00 1:21.0
    4     48 -3.163272362616509e-04 1.2e+00 1.32e+00  1e+00  1e+00 1:48.1
    5     60 -8.539517404973374e-03 1.2e+00 1.32e+00  1e+00  1e+00 2:15.4
    6     72 -2.536121452419902e-02 1.2e+00 1.36e+00  1e+00  1e+00 2:42.6
    7     84 -4.475108018477231e-02 1.3e+00 1.35e+00  1e+00  1e+00 3:09.6
    8     96 -1.520287610334165e-04 1.3e+00 1.30e+00  1e+00  1e+00 3:36.9
    9    108 -4.797728133092179e-02 1.3e+00 1.29e+00  1e+00  1e+00 4:04.2
   10    120 -1.914054683678260e-02 1.3e+00 1.29e+00  1e+00  1e+00 4:31.0
   11    132 -3.937003097584798e-02 1.4e+00 1.29e+00  1e+00  1e+00 4:58.0
   12    144 -4.222918750656537e-02 1.4e+00 1.32e+00  1e+00  1e+00 5:25.2
   13    156 -1.029367500221947e-02 1.5e+00 1.29e+00  1e+00  1e+00 5:52.0
   14    168 -4.231684240126708e-02 1.5e+00 1.28e+00  1e+00  1e+00 6:18.8
   15    180 -1.856310802269884e-02 1.5e+00 1.28e+00  1e+00  1e+00 6:45.9
   16    192 -2.552661076624614e-02 1.5e+00 1.33e+00  1e+00  1e+00 7:12.9
   17    204 -4.675001806345164e-02 1.6e+00 1.40e+00  1e+00  2e+00 7:39.9
   18    216 -2.364945344428393e-02 1.6e+00 1.41e+00  1e+00  2e+00 8:06.9
   19    228 -2.924408073202607e-02 1.7e+00 1.39e+00  1e+00  2e+00 8:33.8
   20    240 -1.331308877135458e-02 1.7e+00 1.42e+00  1e+00  2e+00 9:00.8
   21    252 -3.411715284789501e-02 1.7e+00 1.46e+00  1e+00  2e+00 9:27.8
   22    264 -3.401476572853800e-02 1.7e+00 1.52e+00  1e+00  2e+00 9:54.8
   23    276 -1.298159762739224e-02 1.7e+00 1.52e+00  1e+00  2e+00 10:21.8
   24    288 -2.047374249248635e-02 1.7e+00 1.52e+00  1e+00  2e+00 10:48.9
   25    300 -3.530576586058680e-02 1.7e+00 1.55e+00  1e+00  2e+00 11:16.1
   26    312 -2.102664384079408e-02 1.7e+00 1.57e+00  1e+00  2e+00 11:42.8
   27    324 -2.111580575371914e-02 1.8e+00 1.59e+00  1e+00  2e+00 12:10.0
   29    348 5.876915436150178e-03 1.8e+00 1.67e+00  2e+00  2e+00 13:04.1
   31    372 -9.753315445061052e-03 1.9e+00 1.64e+00  1e+00  2e+00 13:58.1
   33    396 -2.589818610156619e-02 1.9e+00 1.61e+00  1e+00  2e+00 14:51.9
   35    420 3.949784179099027e-02 1.9e+00 1.52e+00  1e+00  2e+00 15:45.9
   37    444 -4.735691766039782e-03 2.0e+00 1.46e+00  1e+00  2e+00 16:39.5
   39    468 -3.976976267526974e-02 2.1e+00 1.55e+00  1e+00  2e+00 17:33.7
   41    492 -5.128195383926720e-03 2.2e+00 1.56e+00  1e+00  2e+00 18:28.4
   43    516 -6.857150681133207e-03 2.3e+00 1.49e+00  1e+00  2e+00 19:22.7
   45    540 -1.144918161016856e-02 2.4e+00 1.46e+00  1e+00  2e+00 20:17.3
   47    564 -3.532793969786718e-02 2.4e+00 1.46e+00  1e+00  2e+00 21:11.3
   49    588 -1.102316474019881e-02 2.4e+00 1.43e+00  1e+00  2e+00 22:05.3
   51    612 -4.027996047769134e-02 2.5e+00 1.42e+00  1e+00  2e+00 22:59.6
   53    636 -3.093291458339658e-02 2.5e+00 1.39e+00  1e+00  2e+00 23:53.7
   55    660 -4.229919995127557e-02 2.5e+00 1.28e+00  1e+00  2e+00 24:47.8
   57    684 -2.619925203729546e-03 2.6e+00 1.14e+00  1e+00  1e+00 25:42.1
   59    708 -1.205320297139014e-02 2.6e+00 1.09e+00  9e-01  1e+00 26:36.6
   61    732 -2.222858602638528e-02 2.6e+00 1.06e+00  9e-01  1e+00 27:31.0
   63    756 -1.601216257415606e-02 2.6e+00 1.12e+00  9e-01  1e+00 28:25.3
   65    780 5.754755917576782e-03 2.6e+00 1.14e+00  1e+00  1e+00 29:19.8
   67    804 2.647808454412456e-02 2.6e+00 1.20e+00  1e+00  1e+00 30:14.1
   69    828 -5.998916456523368e-03 2.6e+00 1.26e+00  1e+00  2e+00 31:07.8
   71    852 -2.934389855043264e-02 2.6e+00 1.27e+00  1e+00  2e+00 32:02.1
   73    876 1.004138081617458e-01 2.6e+00 1.36e+00  1e+00  2e+00 32:56.0
   75    900 -3.394814651013271e-02 2.6e+00 1.43e+00  1e+00  2e+00 33:50.3
   77    924 1.359986796811924e-03 2.7e+00 1.50e+00  1e+00  2e+00 34:44.4
   79    948 1.586066626620266e-02 2.8e+00 1.57e+00  1e+00  2e+00 35:38.6
   82    984 -1.569073766219285e-02 2.9e+00 1.52e+00  1e+00  2e+00 36:56.3
   85   1020 -9.929338423332251e-03 2.9e+00 1.59e+00  1e+00  2e+00 38:13.8
   88   1056 3.154821401874174e-03 3.0e+00 1.57e+00  1e+00  2e+00 39:31.3
   91   1092 4.895373382208956e-03 3.1e+00 1.43e+00  1e+00  2e+00 40:51.0
   94   1128 4.401220707764074e-02 3.0e+00 1.36e+00  1e+00  2e+00 42:10.6
   97   1164 -3.415314076964142e-02 3.2e+00 1.31e+00  1e+00  2e+00 43:30.3
  100   1200 -2.370249407356941e-02 3.2e+00 1.44e+00  1e+00  2e+00 44:48.6
  103   1236 -1.710643166529710e-02 3.3e+00 1.42e+00  1e+00  2e+00 46:07.0
  106   1272 -2.382646722779640e-02 3.3e+00 1.45e+00  1e+00  2e+00 47:25.6
  109   1308 -3.901606559882412e-02 3.4e+00 1.59e+00  1e+00  2e+00 48:44.8
  112   1344 -1.867561413391591e-02 3.4e+00 1.64e+00  1e+00  2e+00 50:02.5
  115   1380 -6.171771685342964e-03 3.4e+00 1.55e+00  1e+00  2e+00 51:20.1
  118   1416 -2.688972413980011e-02 3.3e+00 1.59e+00  1e+00  2e+00 52:37.7
  121   1452 -2.731837061928246e-02 3.3e+00 1.56e+00  1e+00  2e+00 53:56.0
  124   1488 -2.236028370744760e-02 3.4e+00 1.46e+00  1e+00  2e+00 55:13.6
  127   1524 -2.672479330839611e-02 3.4e+00 1.40e+00  1e+00  2e+00 56:31.1
  130   1560 -2.609225068843299e-02 3.4e+00 1.48e+00  1e+00  2e+00 57:48.6
  133   1596 2.288864180555451e-02 3.4e+00 1.64e+00  1e+00  2e+00 59:05.8
  136   1632 -9.417095729938815e-03 3.6e+00 1.72e+00  1e+00  2e+00 60:23.2
  139   1668 -2.718066747479055e-02 3.7e+00 1.64e+00  1e+00  2e+00 61:40.5
  142   1704 -2.323221834557708e-02 3.8e+00 1.55e+00  1e+00  2e+00 62:58.0
  145   1740 4.463626575120518e-02 3.7e+00 1.69e+00  1e+00  2e+00 64:15.4
  148   1776 -1.754645205892655e-02 3.6e+00 1.63e+00  1e+00  2e+00 65:32.8
  151   1812 3.526495700332165e-03 3.6e+00 1.39e+00  1e+00  2e+00 66:50.3
  154   1848 8.277059383927814e-02 3.6e+00 1.26e+00  1e+00  2e+00 68:07.6
  158   1896 3.069921059402985e-03 3.6e+00 1.20e+00  1e+00  2e+00 69:50.9
  162   1944 -3.569446796124537e-02 3.7e+00 1.23e+00  1e+00  2e+00 71:34.1
  166   1992 7.315718495924865e-02 3.8e+00 1.32e+00  1e+00  2e+00 73:17.3
  170   2040 4.565334820849928e-02 3.8e+00 1.26e+00  1e+00  2e+00 75:00.6
  174   2088 5.800051069272234e-02 3.8e+00 1.11e+00  9e-01  1e+00 76:43.7
  178   2136 9.607267549121058e-02 3.9e+00 1.22e+00  1e+00  2e+00 78:26.8
  182   2184 -1.366848394799153e-02 4.1e+00 1.33e+00  1e+00  2e+00 80:10.1
  186   2232 -7.634910734169906e-03 4.0e+00 1.46e+00  1e+00  2e+00 81:53.4
  190   2280 -2.746741961338927e-02 4.0e+00 1.49e+00  1e+00  2e+00 83:36.8
  194   2328 -2.818727128145767e-02 4.0e+00 1.35e+00  1e+00  2e+00 85:20.5
  198   2376 -3.684562624132532e-02 3.9e+00 1.19e+00  9e-01  1e+00 87:04.4
  200   2400 -3.029082732749872e-02 3.9e+00 1.17e+00  9e-01  1e+00 87:56.4
  204   2448 2.937368248398793e-02 4.0e+00 1.26e+00  1e+00  2e+00 89:40.4
  208   2496 -5.266076695743966e-03 4.1e+00 1.31e+00  1e+00  2e+00 91:24.3
  212   2544 -2.143040897929227e-02 4.2e+00 1.48e+00  1e+00  2e+00 93:07.9
  216   2592 2.378920827850131e-02 4.2e+00 1.74e+00  1e+00  2e+00 94:51.6
  220   2640 -2.394659277280563e-02 4.2e+00 1.66e+00  1e+00  2e+00 96:35.2
  224   2688 -2.112384589815103e-02 4.3e+00 1.80e+00  1e+00  2e+00 98:18.9
  228   2736 8.203470532095887e-02 4.4e+00 1.92e+00  1e+00  2e+00 100:02.5
  232   2784 -1.949039724390961e-02 4.5e+00 1.80e+00  1e+00  2e+00 101:46.0
  236   2832 1.473235899937095e-02 4.6e+00 1.81e+00  1e+00  2e+00 103:29.2
  240   2880 2.854758839701522e-02 4.7e+00 1.86e+00  1e+00  2e+00 105:12.7
  244   2928 5.116812477877634e-02 4.7e+00 1.76e+00  1e+00  2e+00 106:56.0
  248   2976 2.833797806467064e-02 4.6e+00 1.62e+00  1e+00  2e+00 108:39.8
  252   3024 -3.433105687618519e-02 4.6e+00 1.61e+00  1e+00  2e+00 110:23.2
  256   3072 3.749016902382726e-02 4.7e+00 1.64e+00  1e+00  2e+00 112:06.6
