Running job array 44 on milan28.int.triton.aalto.fi
Starting at Sat Mar 22 10:19:10 EET 2025
Activating virtual environment at /scratch/work/uotilav2/quantum-portfolio/venv
Processing batch 45/100: experiments 44 to 44 (total 1)
Processing experiment 44
Budget: 1734
YF.download() has changed argument auto_adjust default to True
Number of qubits for asset GS: 2
Number of qubits for asset JPM: 3
Number of qubits for asset UNH: 2
Number of qubits for asset WBA: 8
Total number of qubits:  15
Optimized Weights (considering variance, skewness and kurtosis):
GS: 0.00%
JPM: 37.71%
UNH: 62.29%
WBA: 0.00%
Left over budget:  11.150344703855126
Optimized Discrete Allocation:
JPM: 3
UNH: 2
Maximized utility from continuous higher moments:  -18.71726371302354
Budget constraint satisfied 1732.1796550750732 1734 Difference:  1.8203449249267578
smallest_eigenvalues: [-0.062229002361986155]
smallest_bitstrings: ['001100110000000']
first_excited_energy: None
optimized_portfolio: [{'GS': 0, 'JPM': 3, 'UNH': 2, 'WBA': 1}]
second_optimized_portfolio: None
result_with_budget: [{'portfolio': {'GS': 0, 'JPM': 3, 'UNH': 2, 'WBA': 1}, 'budget': 1732.1796550750732, 'difference': 1.8203449249267578, 'objective_value': -20.251829009075845}]
result_with_budget_excited: None
Initial params:  [2.51063067 1.44978017 2.45210473 0.37157007 2.01037118 0.45035763
 2.96776493 1.63943485 1.3026989  0.83112597 2.43232687 1.43303853
 1.78578792 0.0590299  1.94035914 1.92295543 1.93815531 2.96487203
 2.14200164 1.12942738]
(6_w,12)-aCMA-ES (mu_w=3.7,w_1=40%) in dimension 20 (seed=735649, Sat Mar 22 11:11:24 2025)
Iterat #Fevals   function value  axis ratio  sigma  min&max std  t[m:s]
    1     12 -3.396883814901357e-02 1.0e+00 9.74e-02  1e-01  1e-01 4:40.6
    2     24 -3.177251153005901e-02 1.1e+00 9.96e-02  1e-01  1e-01 9:22.5
    3     36 -3.862315304559753e-02 1.2e+00 1.01e-01  1e-01  1e-01 13:31.0
    4     48 -3.911127920227447e-02 1.2e+00 1.02e-01  1e-01  1e-01 17:18.6
    5     60 -4.057496908416532e-02 1.3e+00 1.02e-01  1e-01  1e-01 20:50.7
    6     72 -4.111399237754904e-02 1.3e+00 1.01e-01  1e-01  1e-01 24:07.1
    7     84 -4.225894102990833e-02 1.3e+00 1.05e-01  1e-01  1e-01 27:23.2
    8     96 -4.277580773282102e-02 1.4e+00 1.08e-01  1e-01  1e-01 30:39.3
    9    108 -4.094747628871438e-02 1.4e+00 1.09e-01  1e-01  1e-01 33:53.6
   10    120 -3.916972683164382e-02 1.5e+00 1.06e-01  1e-01  1e-01 37:07.3
   11    132 -3.593136760886588e-02 1.5e+00 1.05e-01  1e-01  1e-01 40:23.8
   12    144 -4.063411160969167e-02 1.5e+00 1.04e-01  1e-01  1e-01 43:40.3
   13    156 -4.173877108469868e-02 1.6e+00 1.03e-01  1e-01  1e-01 46:57.6
   14    168 -4.373755025225911e-02 1.6e+00 1.04e-01  1e-01  1e-01 50:11.7
   15    180 -4.187282696851254e-02 1.7e+00 1.01e-01  9e-02  1e-01 53:27.2
   16    192 -4.228355432078044e-02 1.7e+00 9.85e-02  9e-02  1e-01 56:42.5
   17    204 -4.191935993547716e-02 1.7e+00 9.83e-02  9e-02  1e-01 59:56.4
   18    216 -4.270445080967503e-02 1.8e+00 9.71e-02  9e-02  1e-01 63:07.8
   19    228 -4.217802969729262e-02 1.7e+00 9.62e-02  9e-02  1e-01 66:19.5
   20    240 -3.772393533500751e-02 1.8e+00 9.85e-02  9e-02  1e-01 69:28.6
   21    252 -3.878198672108029e-02 1.8e+00 1.01e-01  9e-02  1e-01 72:33.5
   22    264 -4.016492147845449e-02 1.8e+00 1.05e-01  9e-02  1e-01 75:38.2
   23    276 -4.055440804379912e-02 1.8e+00 1.06e-01  9e-02  1e-01 78:42.8
   24    288 -3.999608362507329e-02 1.8e+00 1.06e-01  9e-02  1e-01 81:47.6
   25    300 -3.823436669063869e-02 1.8e+00 1.05e-01  9e-02  1e-01 84:52.2
   26    312 -4.204081254830427e-02 1.8e+00 1.04e-01  9e-02  1e-01 87:56.1
   27    324 -4.184709426783560e-02 1.9e+00 1.00e-01  9e-02  1e-01 91:00.1
   28    336 -3.866323812388833e-02 1.9e+00 9.84e-02  8e-02  1e-01 94:04.1
   29    348 -4.144534386991435e-02 1.9e+00 9.73e-02  8e-02  1e-01 97:08.7
   30    360 -4.251868259897788e-02 2.0e+00 9.33e-02  8e-02  1e-01 100:12.9
   31    372 -4.152469646098799e-02 2.0e+00 9.25e-02  8e-02  1e-01 103:13.7
   32    384 -4.243752910483044e-02 2.1e+00 8.73e-02  7e-02  1e-01 106:21.9
   33    396 -4.246600017529861e-02 2.1e+00 8.58e-02  7e-02  1e-01 109:35.1
   34    408 -4.297031566984016e-02 2.1e+00 8.61e-02  7e-02  1e-01 112:45.8
   35    420 -4.330655549297460e-02 2.2e+00 8.64e-02  7e-02  1e-01 115:58.0
   36    432 -4.260178131739233e-02 2.3e+00 8.86e-02  8e-02  1e-01 119:08.5
   37    444 -4.369957103702697e-02 2.3e+00 8.55e-02  7e-02  1e-01 122:21.3
   38    456 -4.357465486206162e-02 2.3e+00 8.22e-02  7e-02  1e-01 125:33.8
   39    468 -4.345236158344695e-02 2.4e+00 7.72e-02  7e-02  9e-02 128:45.8
   40    480 -4.228102616835915e-02 2.4e+00 7.49e-02  6e-02  9e-02 131:58.2
   41    492 -4.411242939985896e-02 2.4e+00 7.09e-02  6e-02  9e-02 135:10.8
   42    504 -4.365661649041671e-02 2.5e+00 6.72e-02  6e-02  8e-02 138:23.6
   43    516 -4.317582909038796e-02 2.5e+00 6.63e-02  6e-02  8e-02 141:36.3
   44    528 -4.399942763293432e-02 2.6e+00 6.62e-02  6e-02  8e-02 144:48.4
   45    540 -4.467166769796012e-02 2.6e+00 6.75e-02  6e-02  8e-02 148:00.2
   46    552 -4.393498847614549e-02 2.6e+00 7.03e-02  6e-02  8e-02 151:12.6
   47    564 -4.394104994105166e-02 2.6e+00 7.66e-02  6e-02  9e-02 154:23.3
   48    576 -4.404463129951021e-02 2.6e+00 8.17e-02  7e-02  1e-01 157:36.0
   49    588 -4.414070473887455e-02 2.7e+00 8.61e-02  7e-02  1e-01 160:45.7
   50    600 -4.237850377520010e-02 2.7e+00 8.89e-02  7e-02  1e-01 163:58.2
   51    612 -4.345875534261947e-02 2.7e+00 9.16e-02  8e-02  1e-01 167:10.9
   52    624 -4.366431990862937e-02 2.7e+00 9.16e-02  8e-02  1e-01 170:23.6
   53    636 -4.393897470658563e-02 2.8e+00 9.23e-02  8e-02  1e-01 173:37.1
   54    648 -4.288255660795563e-02 2.8e+00 9.17e-02  8e-02  1e-01 176:54.4
   55    660 -4.432580089225745e-02 2.8e+00 8.87e-02  7e-02  1e-01 180:11.8
   56    672 -4.469857200977354e-02 2.8e+00 8.84e-02  7e-02  1e-01 183:30.6
   57    684 -4.395983377732498e-02 2.8e+00 8.56e-02  7e-02  1e-01 186:48.5
   58    696 -4.443687590589788e-02 2.9e+00 8.47e-02  7e-02  1e-01 190:06.3
   59    708 -4.398848693373655e-02 3.0e+00 8.65e-02  7e-02  1e-01 193:23.2
   60    720 -4.457942352875156e-02 3.0e+00 8.85e-02  7e-02  1e-01 196:38.6
   61    732 -4.438977978155372e-02 3.1e+00 8.73e-02  7e-02  1e-01 199:54.1
   62    744 -4.434334773481531e-02 3.2e+00 8.51e-02  7e-02  1e-01 203:11.0
   63    756 -4.445270620564878e-02 3.3e+00 8.27e-02  6e-02  1e-01 206:28.4
   64    768 -4.441289480513991e-02 3.3e+00 7.88e-02  6e-02  9e-02 209:33.9
   65    780 -4.469235277892079e-02 3.4e+00 7.53e-02  6e-02  9e-02 212:39.0
   66    792 -4.426190461601336e-02 3.4e+00 7.47e-02  6e-02  9e-02 215:45.1
   67    804 -4.458037428729962e-02 3.4e+00 7.27e-02  6e-02  8e-02 218:52.9
   68    816 -4.440736736922807e-02 3.5e+00 6.91e-02  5e-02  8e-02 222:01.2
   69    828 -4.425915531991204e-02 3.5e+00 6.77e-02  5e-02  8e-02 225:09.8
   70    840 -4.396587494883941e-02 3.6e+00 6.41e-02  5e-02  8e-02 228:17.9
   71    852 -4.437577361625766e-02 3.6e+00 6.15e-02  5e-02  7e-02 231:26.9
   72    864 -4.484039543583444e-02 3.6e+00 5.97e-02  4e-02  7e-02 234:35.1
   73    876 -4.487584010193023e-02 3.7e+00 6.03e-02  4e-02  7e-02 237:41.0
   74    888 -4.452293449671267e-02 3.7e+00 5.84e-02  4e-02  7e-02 240:48.5
   75    900 -4.519436988319994e-02 3.7e+00 5.83e-02  4e-02  7e-02 243:40.6
   76    912 -4.474998999746551e-02 3.8e+00 5.71e-02  4e-02  7e-02 246:30.8
   77    924 -4.480879647508981e-02 3.8e+00 5.43e-02  4e-02  6e-02 249:21.3
   78    936 -4.481977046514918e-02 3.9e+00 5.15e-02  4e-02  6e-02 252:13.5
   79    948 -4.498364168820303e-02 4.0e+00 4.93e-02  4e-02  6e-02 255:01.2
   80    960 -4.485819019801680e-02 4.0e+00 4.85e-02  4e-02  6e-02 257:44.2
   81    972 -4.513303322744382e-02 4.1e+00 4.90e-02  4e-02  6e-02 260:26.5
   82    984 -4.528942780767114e-02 4.1e+00 4.88e-02  4e-02  6e-02 263:08.5
   83    996 -4.529700779756510e-02 4.2e+00 4.89e-02  4e-02  6e-02 265:50.4
   84   1008 -4.542053221458470e-02 4.3e+00 5.03e-02  4e-02  6e-02 268:32.1
   85   1020 -4.549375583225233e-02 4.4e+00 5.11e-02  4e-02  6e-02 271:14.5
   86   1032 -4.539930008615714e-02 4.6e+00 5.59e-02  4e-02  7e-02 273:56.9
   87   1044 -4.546579857314501e-02 4.7e+00 6.06e-02  4e-02  7e-02 276:39.0
   88   1056 -4.580906995586764e-02 4.8e+00 6.47e-02  5e-02  8e-02 279:21.1
   89   1068 -4.568927405796334e-02 4.9e+00 6.90e-02  5e-02  8e-02 282:02.8
   90   1080 -4.558533232204157e-02 5.0e+00 7.03e-02  5e-02  8e-02 284:45.7
   91   1092 -4.557617271251586e-02 5.0e+00 6.99e-02  5e-02  8e-02 287:28.2
   92   1104 -4.570962036214798e-02 5.1e+00 7.20e-02  5e-02  9e-02 290:10.0
   93   1116 -4.601173165603891e-02 5.2e+00 7.21e-02  5e-02  9e-02 292:52.4
   94   1128 -4.591881121872574e-02 5.2e+00 7.07e-02  5e-02  9e-02 295:34.9
   95   1140 -4.594251017105873e-02 5.3e+00 6.92e-02  5e-02  9e-02 298:17.0
   96   1152 -4.600069058849630e-02 5.3e+00 6.63e-02  5e-02  8e-02 300:59.0
   97   1164 -4.621487083819357e-02 5.3e+00 6.53e-02  4e-02  8e-02 303:40.9
   98   1176 -4.612432295592753e-02 5.4e+00 6.48e-02  4e-02  8e-02 306:22.9
   99   1188 -4.599705654005375e-02 5.4e+00 6.54e-02  5e-02  8e-02 309:05.2
  100   1200 -4.619733597428725e-02 5.4e+00 6.80e-02  5e-02  8e-02 311:47.4
  101   1212 -4.601912441197735e-02 5.5e+00 7.10e-02  5e-02  9e-02 314:29.6
  102   1224 -4.630751188854340e-02 5.5e+00 7.10e-02  5e-02  9e-02 317:11.4
  103   1236 -4.669595135843125e-02 5.7e+00 7.14e-02  5e-02  9e-02 319:53.1
  104   1248 -4.656628675137512e-02 5.8e+00 7.47e-02  5e-02  1e-01 322:35.5
  105   1260 -4.668981669060236e-02 5.9e+00 7.58e-02  5e-02  1e-01 325:23.9
  106   1272 -4.656841858344339e-02 5.9e+00 7.74e-02  5e-02  1e-01 328:14.1
  107   1284 -4.694852812000740e-02 6.0e+00 8.09e-02  5e-02  1e-01 331:04.3
  108   1296 -4.691164145035719e-02 6.1e+00 8.12e-02  5e-02  1e-01 333:54.8
  109   1308 -4.683769678062277e-02 6.1e+00 8.40e-02  5e-02  1e-01 336:45.3
  110   1320 -4.651955176840406e-02 6.1e+00 8.33e-02  5e-02  1e-01 339:35.7
  111   1332 -4.648400864583755e-02 6.1e+00 8.10e-02  5e-02  1e-01 342:26.0
  112   1344 -4.616498717667625e-02 6.2e+00 7.91e-02  5e-02  1e-01 345:14.8
  113   1356 -4.602300047837878e-02 6.2e+00 7.79e-02  5e-02  1e-01 348:04.8
  114   1368 -4.659953667378448e-02 6.3e+00 7.66e-02  5e-02  1e-01 350:53.6
  115   1380 -4.661985898817445e-02 6.4e+00 7.35e-02  5e-02  1e-01 353:55.2
  116   1392 -4.688899002486650e-02 6.5e+00 6.98e-02  5e-02  9e-02 356:58.0
  117   1404 -4.684185199771305e-02 6.5e+00 6.93e-02  5e-02  9e-02 360:02.1
  118   1416 -4.687527124752629e-02 6.5e+00 6.92e-02  4e-02  9e-02 363:06.0
  119   1428 -4.714552690668327e-02 6.7e+00 7.03e-02  5e-02  1e-01 366:10.5
  120   1440 -4.753259098172054e-02 6.9e+00 7.10e-02  5e-02  1e-01 369:14.4
  121   1452 -4.734778142899949e-02 7.1e+00 6.98e-02  4e-02  9e-02 372:18.0
  122   1464 -4.713984577982733e-02 7.2e+00 6.85e-02  4e-02  9e-02 375:21.0
  123   1476 -4.718624929721176e-02 7.3e+00 6.63e-02  4e-02  9e-02 378:12.3
  124   1488 -4.738410932122804e-02 7.3e+00 6.40e-02  4e-02  9e-02 381:05.1
  125   1500 -4.745188916262559e-02 7.4e+00 6.21e-02  4e-02  9e-02 383:57.8
  126   1512 -4.740991141136564e-02 7.6e+00 6.06e-02  4e-02  8e-02 386:50.0
  127   1524 -4.754327704050312e-02 7.8e+00 5.90e-02  4e-02  8e-02 389:41.3
  128   1536 -4.745932677873962e-02 7.9e+00 5.68e-02  4e-02  8e-02 392:32.9
  129   1548 -4.764464697106054e-02 7.9e+00 5.48e-02  3e-02  8e-02 395:25.9
  130   1560 -4.787180886038793e-02 8.1e+00 5.30e-02  3e-02  8e-02 398:18.9
  131   1572 -4.784209126090919e-02 8.1e+00 5.16e-02  3e-02  7e-02 401:11.8
  132   1584 -4.794454725515079e-02 8.2e+00 5.18e-02  3e-02  7e-02 404:04.4
  133   1596 -4.787293689067953e-02 8.1e+00 5.25e-02  3e-02  8e-02 406:54.6
  134   1608 -4.786277019452513e-02 8.2e+00 5.30e-02  3e-02  8e-02 409:46.4
  135   1620 -4.799652805222639e-02 8.2e+00 5.41e-02  3e-02  8e-02 412:39.1
  136   1632 -4.824051305132838e-02 8.3e+00 5.65e-02  3e-02  8e-02 415:30.9
  137   1644 -4.818120258123861e-02 8.7e+00 6.03e-02  4e-02  9e-02 418:23.0
  138   1656 -4.819001188484050e-02 8.9e+00 6.02e-02  4e-02  9e-02 421:14.8
  139   1668 -4.810509481326347e-02 9.0e+00 6.12e-02  4e-02  9e-02 424:06.7
  140   1680 -4.829956847792408e-02 9.1e+00 6.21e-02  4e-02  9e-02 426:57.6
  141   1692 -4.849501878252608e-02 9.1e+00 6.47e-02  4e-02  1e-01 429:47.9
  142   1704 -4.841333000248808e-02 9.4e+00 6.54e-02  4e-02  1e-01 432:32.7
  143   1716 -4.850736641144598e-02 9.4e+00 6.25e-02  4e-02  9e-02 435:28.1
  144   1728 -4.846990253894991e-02 9.5e+00 6.19e-02  4e-02  9e-02 438:36.2
  145   1740 -4.836552426621811e-02 9.8e+00 6.19e-02  4e-02  9e-02 441:45.2
  146   1752 -4.848863336505066e-02 9.9e+00 6.19e-02  4e-02  9e-02 444:53.6
  147   1764 -4.856269937614872e-02 1.0e+01 6.39e-02  4e-02  1e-01 448:02.4
  148   1776 -4.861822595750905e-02 1.0e+01 6.38e-02  4e-02  1e-01 451:10.8
  149   1788 -4.855639368496150e-02 1.0e+01 6.21e-02  4e-02  9e-02 454:20.2
  150   1800 -4.857324588990539e-02 1.0e+01 5.83e-02  3e-02  9e-02 457:29.2
  151   1812 -4.859964908251958e-02 1.0e+01 5.68e-02  3e-02  8e-02 460:37.5
  152   1824 -4.869549298230402e-02 1.0e+01 5.50e-02  3e-02  8e-02 463:44.1
  153   1836 -4.860014258138649e-02 1.0e+01 5.59e-02  3e-02  8e-02 466:51.9
  154   1848 -4.862233933382135e-02 1.1e+01 5.74e-02  4e-02  9e-02 469:58.1
  155   1860 -4.879454739858415e-02 1.1e+01 5.81e-02  4e-02  9e-02 473:06.0
  156   1872 -4.879940809319718e-02 1.1e+01 5.68e-02  4e-02  9e-02 476:14.6
  157   1884 -4.910864582352591e-02 1.1e+01 5.74e-02  4e-02  9e-02 479:22.8
  158   1896 -4.894055561322939e-02 1.1e+01 5.54e-02  3e-02  9e-02 482:31.1
  159   1908 -4.907521723472875e-02 1.1e+01 5.51e-02  3e-02  9e-02 485:39.6
  160   1920 -4.914766767864765e-02 1.1e+01 5.47e-02  3e-02  9e-02 488:47.7
  161   1932 -4.921592971335743e-02 1.1e+01 5.48e-02  3e-02  9e-02 491:56.2
  162   1944 -4.936915395118711e-02 1.1e+01 5.67e-02  4e-02  9e-02 495:04.1
  163   1956 -4.927576896095489e-02 1.1e+01 5.57e-02  3e-02  9e-02 498:12.7
  164   1968 -4.930114023424537e-02 1.2e+01 5.56e-02  3e-02  9e-02 501:19.2
  165   1980 -4.956985025645240e-02 1.2e+01 5.61e-02  3e-02  9e-02 504:26.7
  166   1992 -4.947397828924230e-02 1.2e+01 5.59e-02  4e-02  9e-02 507:32.9
  167   2004 -4.954036235876221e-02 1.2e+01 5.91e-02  4e-02  9e-02 510:40.9
  168   2016 -4.957777396587526e-02 1.2e+01 6.18e-02  4e-02  1e-01 513:49.3
  169   2028 -4.972270098859462e-02 1.2e+01 6.48e-02  4e-02  1e-01 516:58.2
  170   2040 -4.992931145944643e-02 1.3e+01 6.75e-02  4e-02  1e-01 520:06.4
  171   2052 -5.006768747620187e-02 1.3e+01 7.12e-02  5e-02  1e-01 523:14.9
  172   2064 -4.965299573463273e-02 1.4e+01 7.53e-02  5e-02  1e-01 526:22.9
  173   2076 -4.973917490229156e-02 1.4e+01 7.66e-02  5e-02  1e-01 529:31.4
  174   2088 -4.981166487015035e-02 1.4e+01 7.77e-02  5e-02  1e-01 532:39.7
  175   2100 -5.002161336995672e-02 1.4e+01 7.76e-02  5e-02  1e-01 535:46.5
  176   2112 -4.974419370461160e-02 1.5e+01 7.71e-02  5e-02  1e-01 538:54.6
  177   2124 -5.006433282313663e-02 1.5e+01 7.72e-02  5e-02  1e-01 542:02.0
  178   2136 -5.030357041676162e-02 1.5e+01 7.67e-02  5e-02  1e-01 545:10.6
  179   2148 -5.017053480831333e-02 1.5e+01 7.64e-02  5e-02  1e-01 548:13.0
  180   2160 -5.031658789144572e-02 1.6e+01 7.47e-02  5e-02  1e-01 551:21.7
  181   2172 -4.990033026887540e-02 1.6e+01 7.39e-02  5e-02  1e-01 554:30.4
  182   2184 -4.996832487535829e-02 1.6e+01 7.30e-02  4e-02  1e-01 557:43.3
  183   2196 -5.021377512406529e-02 1.6e+01 7.20e-02  4e-02  1e-01 561:01.1
  184   2208 -5.024390048459110e-02 1.6e+01 6.97e-02  4e-02  1e-01 564:18.8
  185   2220 -5.033424986178930e-02 1.6e+01 6.84e-02  4e-02  1e-01 567:36.8
  186   2232 -5.017095005423972e-02 1.7e+01 6.64e-02  4e-02  1e-01 570:53.1
  187   2244 -5.009637310868571e-02 1.7e+01 6.53e-02  4e-02  1e-01 574:10.6
  188   2256 -5.029230397678761e-02 1.7e+01 6.56e-02  4e-02  1e-01 577:28.7
  189   2268 -5.030365754273690e-02 1.7e+01 6.51e-02  4e-02  1e-01 580:45.8
  190   2280 -5.026727654869062e-02 1.7e+01 6.52e-02  4e-02  1e-01 584:02.9
  191   2292 -5.035351583088872e-02 1.7e+01 6.55e-02  4e-02  1e-01 587:17.6
  192   2304 -5.016612059790443e-02 1.8e+01 6.98e-02  4e-02  1e-01 590:33.9
  193   2316 -5.007126684161706e-02 1.8e+01 7.39e-02  5e-02  1e-01 593:50.7
  194   2328 -5.020390170411843e-02 1.9e+01 7.78e-02  5e-02  1e-01 597:06.7
  195   2340 -5.023857314712159e-02 1.9e+01 7.90e-02  5e-02  1e-01 600:23.1
  196   2352 -5.012872074920253e-02 1.9e+01 8.17e-02  5e-02  1e-01 603:39.0
  197   2364 -5.032632788235234e-02 1.9e+01 8.11e-02  5e-02  1e-01 606:55.2
  199   2388 -5.030647397934242e-02 1.9e+01 8.24e-02  5e-02  1e-01 613:28.7
  200   2400 -5.043081347296650e-02 1.9e+01 8.19e-02  5e-02  1e-01 616:45.5
  202   2424 -5.027805522089534e-02 1.9e+01 7.99e-02  5e-02  1e-01 623:17.5
  204   2448 -5.011774209998655e-02 2.0e+01 7.20e-02  4e-02  1e-01 629:48.9
  206   2472 -5.033977818666190e-02 2.0e+01 6.55e-02  4e-02  1e-01 636:18.1
  208   2496 -5.044123873012814e-02 2.1e+01 6.21e-02  4e-02  1e-01 642:45.8
  210   2520 -5.050831673007533e-02 2.1e+01 5.60e-02  3e-02  1e-01 649:13.5
  212   2544 -5.046922664389554e-02 2.1e+01 5.11e-02  3e-02  9e-02 655:41.0
  214   2568 -5.052817212624677e-02 2.1e+01 4.53e-02  3e-02  8e-02 662:06.4
  216   2592 -5.060053262088875e-02 2.1e+01 4.21e-02  2e-02  7e-02 668:23.9
  218   2616 -5.070074187477015e-02 2.1e+01 4.04e-02  2e-02  7e-02 674:49.6
  220   2640 -5.075078164501270e-02 2.1e+01 3.94e-02  2e-02  7e-02 681:15.5
  222   2664 -5.075407191747276e-02 2.2e+01 4.08e-02  2e-02  7e-02 687:40.4
  224   2688 -5.077383023383050e-02 2.2e+01 4.15e-02  2e-02  7e-02 693:48.9
  226   2712 -5.071484383897353e-02 2.3e+01 4.33e-02  2e-02  8e-02 699:13.4
  228   2736 -5.079395205685130e-02 2.3e+01 4.86e-02  3e-02  9e-02 704:38.4
  230   2760 -5.085428614244561e-02 2.5e+01 5.08e-02  3e-02  9e-02 710:51.1
  232   2784 -5.084769489627026e-02 2.6e+01 5.35e-02  3e-02  1e-01 717:25.8
  234   2808 -5.080268709494370e-02 2.6e+01 4.90e-02  3e-02  9e-02 724:01.3
  236   2832 -5.092287056886092e-02 2.7e+01 4.60e-02  3e-02  9e-02 730:35.6
  238   2856 -5.086751218295565e-02 2.8e+01 4.27e-02  2e-02  8e-02 737:09.3
  240   2880 -5.096497446244859e-02 2.9e+01 4.16e-02  2e-02  8e-02 743:39.8
  242   2904 -5.101936119560827e-02 2.9e+01 4.28e-02  2e-02  9e-02 750:13.6
  244   2928 -5.105027424779790e-02 3.0e+01 4.33e-02  2e-02  9e-02 756:47.9
  246   2952 -5.105380956121797e-02 3.1e+01 4.28e-02  2e-02  9e-02 763:22.6
  248   2976 -5.107763977571683e-02 3.1e+01 4.26e-02  2e-02  8e-02 769:57.1
  250   3000 -5.109699900898587e-02 3.2e+01 4.18e-02  2e-02  8e-02 776:30.9
  252   3024 -5.119573397690730e-02 3.3e+01 4.06e-02  2e-02  8e-02 783:01.2
  254   3048 -5.120673648502014e-02 3.4e+01 4.07e-02  2e-02  8e-02 789:34.1
  256   3072 -5.120136820649267e-02 3.5e+01 4.18e-02  2e-02  8e-02 796:08.0
  258   3096 -5.131366059370258e-02 3.5e+01 4.33e-02  2e-02  9e-02 802:42.3
  260   3120 -5.131422306490205e-02 3.6e+01 4.31e-02  2e-02  9e-02 809:16.5
  262   3144 -5.145873224919541e-02 3.8e+01 4.42e-02  2e-02  9e-02 815:48.3
  264   3168 -5.156143447999365e-02 4.0e+01 4.73e-02  2e-02  1e-01 822:18.6
  266   3192 -5.157099317959307e-02 4.3e+01 5.35e-02  3e-02  1e-01 828:51.6
  268   3216 -5.148607404841787e-02 4.4e+01 5.55e-02  3e-02  1e-01 835:25.7
  270   3240 -5.155909206637144e-02 4.6e+01 5.64e-02  3e-02  1e-01 842:00.4
  272   3264 -5.155036450556749e-02 4.8e+01 5.54e-02  3e-02  1e-01 848:35.2
  274   3288 -5.171396144293394e-02 5.0e+01 4.91e-02  2e-02  1e-01 855:07.9
  276   3312 -5.177594941234313e-02 5.0e+01 4.47e-02  2e-02  1e-01 861:38.7
  278   3336 -5.169374234201439e-02 5.2e+01 4.55e-02  2e-02  1e-01 868:12.7
  280   3360 -5.177192791195676e-02 5.3e+01 4.56e-02  2e-02  1e-01 874:46.8
  282   3384 -5.178767320487171e-02 5.3e+01 4.37e-02  2e-02  1e-01 881:19.8
  284   3408 -5.178063365209370e-02 5.2e+01 4.22e-02  2e-02  1e-01 887:54.0
  286   3432 -5.181065964551972e-02 5.4e+01 4.02e-02  2e-02  1e-01 894:26.5
  288   3456 -5.185996004535904e-02 5.3e+01 3.88e-02  2e-02  1e-01 900:56.0
  290   3480 -5.178164184225437e-02 5.4e+01 4.10e-02  2e-02  1e-01 907:29.2
  292   3504 -5.179956717045470e-02 5.6e+01 4.08e-02  2e-02  1e-01 914:01.8
  294   3528 -5.185866349332845e-02 5.6e+01 3.93e-02  2e-02  1e-01 920:29.1
  296   3552 -5.183701141858247e-02 5.7e+01 4.01e-02  2e-02  1e-01 926:36.6
  298   3576 -5.182619144146577e-02 5.7e+01 3.98e-02  2e-02  1e-01 932:41.4
  300   3600 -5.186926708170051e-02 5.7e+01 3.93e-02  2e-02  1e-01 938:44.3
Budget constraint satisfied 1285.2295989990234 1734 Difference:  448.77040100097656
Budget constraint satisfied 1311.980209350586 1734 Difference:  422.01979064941406
two_most_probable_states: ['101100000000000', '101001000000000']
final_expectation_value: -0.05186926708170051
params: [2.565777892758517, 1.6273080060996483, 3.923604375740976, 3.9839596516356734, 5.641464865388637, -4.345112211732186, 3.1438557788094816, 1.207874912434143, 4.7047157420276156, 2.533276062321548, 2.4793749559410876, 1.4817375513258468, 2.3605787420632516, -0.18374105354753895, 2.539022174374008, 2.164099958096586, 2.741568792462129, 1.9460918665785656, 1.268494783018264, 1.6636878018997165]
total_steps: 300
states_probs: [0.0005317518897396576, 0.0005325772730944453]
optimized_portfolios: [{'GS': 1, 'JPM': 3, 'UNH': 0, 'WBA': 0}, {'GS': 1, 'JPM': 1, 'UNH': 1, 'WBA': 0}]
objective_values: [-11.345562557555482, -1.7789161462897967]
result_with_budget: [{'portfolio': {'GS': 1, 'JPM': 3, 'UNH': 0, 'WBA': 0}, 'budget': 1285.2295989990234, 'difference': 448.77040100097656}, {'portfolio': {'GS': 1, 'JPM': 1, 'UNH': 1, 'WBA': 0}, 'budget': 1311.980209350586, 'difference': 422.01979064941406}]
Batch 45/100 completed. Results saved to portfolio_optimization_results_batch_44.json
Job finished at Sun Mar 23 02:50:55 EET 2025
