Running job array 67 on milan20.int.triton.aalto.fi
Starting at Sat Mar 22 10:19:10 EET 2025
Activating virtual environment at /scratch/work/uotilav2/quantum-portfolio/venv
Processing batch 68/100: experiments 67 to 67 (total 1)
Processing experiment 67
Budget: 1591
YF.download() has changed argument auto_adjust default to True
Number of qubits for asset JPM: 3
Number of qubits for asset MCD: 3
Number of qubits for asset VZ: 6
Total number of qubits:  12
Optimized Weights (considering variance, skewness and kurtosis):
JPM: 82.66%
MCD: 16.14%
VZ: 1.21%
Left over budget:  31.79492875838946
Optimized Discrete Allocation:
JPM: 5
MCD: 1
VZ: 2
Maximized utility from continuous higher moments:  -73.5112028427973
Budget constraint satisfied 1588.0449676513672 1591 Difference:  2.9550323486328125
Budget constraint satisfied 1587.850513458252 1591 Difference:  3.149486541748047
smallest_eigenvalues: [-0.13752347442319726]
smallest_bitstrings: ['011000001000']
first_excited_energy: -0.13752335039419625
optimized_portfolio: [{'JPM': 6, 'MCD': 0, 'VZ': 4}]
second_optimized_portfolio: [{'JPM': 1, 'MCD': 4, 'VZ': 5}]
result_with_budget: [{'portfolio': {'JPM': 6, 'MCD': 0, 'VZ': 4}, 'budget': 1588.0449676513672, 'difference': 2.9550323486328125, 'objective_value': -125.6935901336743}]
result_with_budget_excited: [{'portfolio': {'JPM': 1, 'MCD': 4, 'VZ': 5}, 'budget': 1587.850513458252, 'difference': 3.149486541748047, 'objective_value': -101.87630203120516}]
Initial params:  [2.51063067 1.44978017 2.45210473 0.37157007 2.01037118 0.45035763
 2.96776493 1.63943485 1.3026989  0.83112597 2.43232687 1.43303853
 1.78578792 0.0590299  1.94035914 1.92295543 1.93815531 2.96487203
 2.14200164 1.12942738]
(6_w,12)-aCMA-ES (mu_w=3.7,w_1=40%) in dimension 20 (seed=776183, Sat Mar 22 10:20:20 2025)
Iterat #Fevals   function value  axis ratio  sigma  min&max std  t[m:s]
    1     12 -7.089899340974383e-02 1.0e+00 9.46e-02  9e-02  9e-02 0:50.5
    2     24 -8.345546908931917e-02 1.1e+00 9.40e-02  9e-02  9e-02 1:40.4
    3     36 -9.558863589382925e-02 1.2e+00 9.30e-02  9e-02  9e-02 2:30.4
    4     48 -9.375690670833879e-02 1.2e+00 8.93e-02  9e-02  9e-02 3:20.4
    5     60 -9.404051690917785e-02 1.2e+00 8.50e-02  8e-02  9e-02 4:10.5
    6     72 -9.870857815842846e-02 1.2e+00 8.33e-02  8e-02  8e-02 4:58.7
    7     84 -1.002879581240938e-01 1.2e+00 8.14e-02  8e-02  8e-02 5:44.6
    8     96 -9.733724234114742e-02 1.3e+00 8.20e-02  8e-02  8e-02 6:30.4
    9    108 -9.901773752246432e-02 1.3e+00 8.51e-02  8e-02  9e-02 7:16.4
   10    120 -9.979840396233883e-02 1.3e+00 8.66e-02  8e-02  9e-02 8:02.2
   11    132 -1.015843982570971e-01 1.4e+00 9.08e-02  9e-02  9e-02 8:50.1
   12    144 -1.015991641226168e-01 1.4e+00 9.61e-02  9e-02  1e-01 9:39.8
   13    156 -9.972453080920748e-02 1.5e+00 9.95e-02  9e-02  1e-01 10:29.3
   14    168 -1.004237178345907e-01 1.5e+00 1.05e-01  1e-01  1e-01 11:19.1
   15    180 -1.044273840577603e-01 1.6e+00 1.06e-01  1e-01  1e-01 12:08.6
   16    192 -9.831990071438407e-02 1.6e+00 1.06e-01  1e-01  1e-01 12:58.3
   17    204 -1.070933030926136e-01 1.7e+00 1.10e-01  1e-01  1e-01 13:48.0
   18    216 -1.023436684062882e-01 1.7e+00 1.10e-01  1e-01  1e-01 14:37.6
   19    228 -1.061996387008356e-01 1.7e+00 1.10e-01  1e-01  1e-01 15:27.4
   20    240 -1.063042665647844e-01 1.7e+00 1.11e-01  1e-01  1e-01 16:16.9
   21    252 -1.058003203807283e-01 1.7e+00 1.12e-01  1e-01  1e-01 17:06.8
   22    264 -1.035826800237816e-01 1.8e+00 1.12e-01  1e-01  1e-01 17:56.4
   23    276 -1.036593552395336e-01 1.8e+00 1.17e-01  1e-01  1e-01 18:45.7
   24    288 -1.004453912260485e-01 1.8e+00 1.21e-01  1e-01  1e-01 19:35.3
   25    300 -1.069932479954694e-01 1.8e+00 1.21e-01  1e-01  1e-01 20:24.8
   26    312 -1.071467522578917e-01 1.8e+00 1.20e-01  1e-01  1e-01 21:14.3
   27    324 -1.089614812042848e-01 1.9e+00 1.20e-01  1e-01  1e-01 22:03.9
   28    336 -1.067251025696892e-01 1.9e+00 1.19e-01  1e-01  1e-01 22:53.3
   29    348 -1.029531844362439e-01 1.9e+00 1.19e-01  1e-01  1e-01 23:42.7
   30    360 -1.006127743401875e-01 1.9e+00 1.22e-01  1e-01  1e-01 24:30.7
   31    372 -1.043985893618483e-01 1.9e+00 1.21e-01  1e-01  1e-01 25:20.4
   32    384 -1.098822033475223e-01 2.0e+00 1.19e-01  1e-01  1e-01 26:09.7
   33    396 -1.100960132248784e-01 2.0e+00 1.17e-01  1e-01  1e-01 26:59.8
   34    408 -1.090669652224169e-01 2.0e+00 1.13e-01  1e-01  1e-01 27:49.3
   35    420 -1.055754078487298e-01 2.1e+00 1.10e-01  1e-01  1e-01 28:38.8
   36    432 -1.094911897511624e-01 2.1e+00 1.06e-01  9e-02  1e-01 29:28.4
   37    444 -1.109336815280858e-01 2.1e+00 1.01e-01  9e-02  1e-01 30:17.8
   38    456 -1.105025114069929e-01 2.2e+00 9.63e-02  9e-02  1e-01 31:07.2
   39    468 -1.131901492009224e-01 2.2e+00 9.44e-02  8e-02  1e-01 31:57.0
   40    480 -1.106592406062777e-01 2.3e+00 9.24e-02  8e-02  1e-01 32:46.6
   41    492 -1.105335006694997e-01 2.3e+00 9.08e-02  8e-02  1e-01 33:36.3
   42    504 -1.117732310545154e-01 2.4e+00 8.69e-02  8e-02  9e-02 34:25.1
   43    516 -1.114790866890179e-01 2.4e+00 8.36e-02  7e-02  9e-02 35:14.5
   44    528 -1.127959009729203e-01 2.4e+00 7.96e-02  7e-02  9e-02 36:04.2
   45    540 -1.134089332988536e-01 2.4e+00 7.45e-02  6e-02  8e-02 36:53.7
   46    552 -1.132118977680908e-01 2.5e+00 7.23e-02  6e-02  8e-02 37:43.7
   47    564 -1.117861246954967e-01 2.5e+00 7.16e-02  6e-02  8e-02 38:33.5
   48    576 -1.128989778506453e-01 2.5e+00 7.34e-02  6e-02  8e-02 39:23.3
   49    588 -1.139049598680565e-01 2.5e+00 7.39e-02  6e-02  8e-02 40:13.2
   50    600 -1.114438508684444e-01 2.5e+00 7.45e-02  6e-02  8e-02 41:03.0
   52    624 -1.130248038779753e-01 2.6e+00 7.11e-02  6e-02  8e-02 42:42.0
   54    648 -1.134435438467913e-01 2.7e+00 6.75e-02  6e-02  7e-02 44:21.9
   56    672 -1.149016371880337e-01 2.7e+00 6.43e-02  5e-02  7e-02 46:00.8
   58    696 -1.146793864997208e-01 2.8e+00 5.83e-02  5e-02  6e-02 47:36.8
   60    720 -1.140463308074715e-01 2.9e+00 5.36e-02  5e-02  6e-02 49:08.8
   62    744 -1.150939000749779e-01 3.0e+00 5.32e-02  4e-02  6e-02 50:40.7
   64    768 -1.149722520763989e-01 3.1e+00 5.70e-02  5e-02  6e-02 52:13.1
   66    792 -1.150315318882189e-01 3.2e+00 5.40e-02  4e-02  6e-02 53:45.0
   68    816 -1.142310473221508e-01 3.3e+00 4.84e-02  4e-02  6e-02 55:16.8
   70    840 -1.145475328029564e-01 3.4e+00 4.39e-02  4e-02  5e-02 56:46.2
   72    864 -1.149375035750201e-01 3.4e+00 4.29e-02  3e-02  5e-02 58:18.9
   74    888 -1.150962514015873e-01 3.5e+00 4.18e-02  3e-02  5e-02 59:51.9
   76    912 -1.156930697421095e-01 3.6e+00 3.93e-02  3e-02  5e-02 61:24.7
   78    936 -1.158052760048067e-01 3.6e+00 3.64e-02  3e-02  4e-02 62:57.6
   80    960 -1.160988753121662e-01 3.7e+00 3.67e-02  3e-02  4e-02 64:30.5
   82    984 -1.163726089763313e-01 3.7e+00 3.74e-02  3e-02  4e-02 66:03.2
   84   1008 -1.170616118761502e-01 3.8e+00 4.11e-02  3e-02  5e-02 67:36.4
   86   1032 -1.176409551262027e-01 3.9e+00 4.60e-02  4e-02  6e-02 69:09.2
   88   1056 -1.179067084699957e-01 4.0e+00 4.93e-02  4e-02  6e-02 70:41.8
   90   1080 -1.179094825202654e-01 4.3e+00 5.38e-02  4e-02  7e-02 72:14.5
   92   1104 -1.182614321446357e-01 4.5e+00 5.33e-02  4e-02  7e-02 73:47.1
   94   1128 -1.186345079045635e-01 4.7e+00 5.26e-02  4e-02  7e-02 75:19.6
   96   1152 -1.191999667931309e-01 4.8e+00 5.22e-02  4e-02  7e-02 76:52.4
   98   1176 -1.186874740227238e-01 5.0e+00 5.41e-02  4e-02  7e-02 78:24.7
  100   1200 -1.179585269015370e-01 5.2e+00 5.38e-02  4e-02  7e-02 79:57.2
  102   1224 -1.198197812368263e-01 5.2e+00 5.41e-02  4e-02  7e-02 81:29.8
  104   1248 -1.204570960346808e-01 5.3e+00 5.50e-02  4e-02  7e-02 83:00.6
  106   1272 -1.207261650823718e-01 5.5e+00 5.72e-02  5e-02  7e-02 84:30.4
  108   1296 -1.212425304792564e-01 5.7e+00 5.75e-02  5e-02  7e-02 86:00.2
  110   1320 -1.212215126042176e-01 6.0e+00 5.56e-02  4e-02  7e-02 87:30.0
  112   1344 -1.198504651385546e-01 6.2e+00 6.00e-02  5e-02  8e-02 88:59.0
  114   1368 -1.215021888741455e-01 6.5e+00 6.27e-02  5e-02  9e-02 90:28.7
  116   1392 -1.216260194032619e-01 6.9e+00 5.93e-02  5e-02  8e-02 91:58.7
  118   1416 -1.212139026531309e-01 7.2e+00 5.53e-02  4e-02  8e-02 93:28.5
  120   1440 -1.214878748229656e-01 7.1e+00 5.25e-02  4e-02  7e-02 94:58.0
  122   1464 -1.220542671745676e-01 7.2e+00 5.07e-02  4e-02  7e-02 96:27.8
  124   1488 -1.220097270516655e-01 7.4e+00 4.76e-02  4e-02  6e-02 97:57.6
  126   1512 -1.219280724159443e-01 7.5e+00 4.48e-02  4e-02  6e-02 99:25.0
  128   1536 -1.220095661960999e-01 7.6e+00 4.28e-02  3e-02  6e-02 101:00.3
  130   1560 -1.219698995077533e-01 7.8e+00 4.26e-02  3e-02  6e-02 102:35.1
  132   1584 -1.221477554971019e-01 7.8e+00 3.88e-02  3e-02  5e-02 104:10.3
  134   1608 -1.220887467959942e-01 8.0e+00 3.57e-02  3e-02  5e-02 105:44.8
  136   1632 -1.223834422191708e-01 8.0e+00 3.46e-02  3e-02  5e-02 107:19.4
  138   1656 -1.222650211654935e-01 8.1e+00 3.43e-02  3e-02  5e-02 108:54.1
  140   1680 -1.223134782006625e-01 8.2e+00 3.26e-02  2e-02  4e-02 110:28.7
  143   1716 -1.224063019840621e-01 8.5e+00 3.08e-02  2e-02  4e-02 112:51.2
  146   1752 -1.224429875524977e-01 8.8e+00 2.52e-02  2e-02  3e-02 115:13.9
  149   1788 -1.224510489296965e-01 8.9e+00 2.29e-02  2e-02  3e-02 117:36.7
  152   1824 -1.225182844048985e-01 8.9e+00 2.09e-02  2e-02  3e-02 119:59.6
  155   1860 -1.225641756385198e-01 9.1e+00 1.90e-02  1e-02  2e-02 122:21.0
  158   1896 -1.225889840000111e-01 9.0e+00 1.95e-02  1e-02  2e-02 124:43.4
  161   1932 -1.226166461898446e-01 9.4e+00 1.96e-02  1e-02  2e-02 127:05.8
  164   1968 -1.226428922573829e-01 9.5e+00 1.91e-02  1e-02  2e-02 129:27.9
  167   2004 -1.226759372976407e-01 9.4e+00 1.95e-02  1e-02  2e-02 131:50.2
  170   2040 -1.226559292477944e-01 9.6e+00 2.18e-02  2e-02  3e-02 134:12.3
  173   2076 -1.227950900077767e-01 9.6e+00 2.27e-02  2e-02  3e-02 136:34.4
  176   2112 -1.228137181742371e-01 1.0e+01 2.50e-02  2e-02  3e-02 138:56.5
  179   2148 -1.229336073690515e-01 1.0e+01 2.37e-02  2e-02  3e-02 141:18.3
  182   2184 -1.228939884176079e-01 1.1e+01 2.30e-02  2e-02  3e-02 143:41.1
  185   2220 -1.229975531316086e-01 1.1e+01 2.29e-02  2e-02  3e-02 145:58.4
  188   2256 -1.230444643955665e-01 1.2e+01 2.40e-02  2e-02  3e-02 148:15.6
  191   2292 -1.231409296562946e-01 1.2e+01 2.48e-02  2e-02  3e-02 150:32.3
  194   2328 -1.232031096510444e-01 1.2e+01 2.48e-02  2e-02  3e-02 152:49.1
  197   2364 -1.232719517873704e-01 1.4e+01 2.82e-02  2e-02  4e-02 155:09.3
  200   2400 -1.233860706188309e-01 1.5e+01 2.99e-02  2e-02  4e-02 157:30.8
  203   2436 -1.234646987402708e-01 1.6e+01 3.21e-02  2e-02  4e-02 159:52.6
  206   2472 -1.235827318277035e-01 1.8e+01 3.89e-02  2e-02  6e-02 162:14.2
  209   2508 -1.237786517470095e-01 1.9e+01 4.40e-02  3e-02  7e-02 164:34.2
  212   2544 -1.237430128604469e-01 2.0e+01 3.90e-02  2e-02  6e-02 166:55.6
  215   2580 -1.238168973835783e-01 2.1e+01 3.59e-02  2e-02  6e-02 169:16.5
  218   2616 -1.239509236251340e-01 2.1e+01 3.12e-02  2e-02  5e-02 171:37.2
  221   2652 -1.240519577618320e-01 2.2e+01 3.24e-02  2e-02  5e-02 173:58.1
  224   2688 -1.241175212290210e-01 2.2e+01 3.28e-02  2e-02  5e-02 176:19.5
  227   2724 -1.242178841296634e-01 2.2e+01 3.33e-02  2e-02  5e-02 178:40.2
  230   2760 -1.242624397396080e-01 2.3e+01 3.68e-02  2e-02  6e-02 181:00.5
  233   2796 -1.243531434027247e-01 2.5e+01 3.77e-02  2e-02  6e-02 183:19.3
  236   2832 -1.244625294928051e-01 2.6e+01 3.96e-02  2e-02  7e-02 185:38.4
  239   2868 -1.245144744076124e-01 2.7e+01 4.01e-02  2e-02  7e-02 187:57.6
  242   2904 -1.247067821100482e-01 2.8e+01 4.24e-02  2e-02  8e-02 190:17.5
  245   2940 -1.247288900354526e-01 2.9e+01 4.44e-02  2e-02  8e-02 192:36.0
  248   2976 -1.248426389685656e-01 3.0e+01 4.39e-02  2e-02  8e-02 194:54.5
  251   3012 -1.249293041026431e-01 3.0e+01 4.12e-02  2e-02  8e-02 197:13.7
  254   3048 -1.252096476644414e-01 3.0e+01 4.39e-02  2e-02  9e-02 199:33.3
  257   3084 -1.252429410892215e-01 3.1e+01 4.80e-02  3e-02  1e-01 201:51.8
  260   3120 -1.252557093841689e-01 3.2e+01 4.79e-02  3e-02  1e-01 204:07.4
  263   3156 -1.253948663404184e-01 3.3e+01 4.63e-02  3e-02  1e-01 206:23.6
  266   3192 -1.254501558258077e-01 3.4e+01 4.66e-02  3e-02  1e-01 208:39.6
  270   3240 -1.254704632554594e-01 3.5e+01 4.66e-02  3e-02  1e-01 211:40.8
  274   3288 -1.257417683860526e-01 3.6e+01 4.88e-02  3e-02  1e-01 214:41.9
  278   3336 -1.259179340387166e-01 3.6e+01 5.48e-02  3e-02  1e-01 217:44.3
  282   3384 -1.257589916987924e-01 3.8e+01 5.19e-02  3e-02  1e-01 220:46.2
  286   3432 -1.261250511753237e-01 3.9e+01 4.34e-02  2e-02  1e-01 223:47.9
  290   3480 -1.260100209911464e-01 3.9e+01 4.33e-02  2e-02  9e-02 226:49.8
  294   3528 -1.264107584895371e-01 4.0e+01 4.63e-02  2e-02  1e-01 229:51.5
  298   3576 -1.264659549192645e-01 4.1e+01 4.78e-02  2e-02  1e-01 232:52.0
  300   3600 -1.264188816858216e-01 4.2e+01 4.73e-02  2e-02  1e-01 234:21.5
  304   3648 -1.266480336101648e-01 4.2e+01 4.84e-02  2e-02  1e-01 237:22.0
  308   3696 -1.269501750152346e-01 4.8e+01 5.74e-02  3e-02  1e-01 240:20.7
  312   3744 -1.269984725759726e-01 4.9e+01 5.56e-02  3e-02  1e-01 243:19.8
  316   3792 -1.270423169468021e-01 5.1e+01 4.74e-02  2e-02  1e-01 246:19.3
  320   3840 -1.271673928061126e-01 5.0e+01 4.23e-02  2e-02  1e-01 249:18.9
  324   3888 -1.271853939292244e-01 5.1e+01 3.69e-02  2e-02  9e-02 252:18.1
  328   3936 -1.272524278652359e-01 5.2e+01 3.36e-02  1e-02  8e-02 255:18.0
  332   3984 -1.272611095799076e-01 5.3e+01 3.51e-02  1e-02  8e-02 258:21.9
  336   4032 -1.273018210414714e-01 5.3e+01 3.01e-02  1e-02  7e-02 261:36.4
  340   4080 -1.274116600821205e-01 5.3e+01 2.79e-02  1e-02  7e-02 264:50.6
  344   4128 -1.274722072977151e-01 5.3e+01 2.97e-02  1e-02  7e-02 267:55.6
  348   4176 -1.275264613200713e-01 5.4e+01 2.76e-02  1e-02  7e-02 271:11.0
  352   4224 -1.275872636645960e-01 5.5e+01 3.09e-02  1e-02  8e-02 274:26.8
  356   4272 -1.276404840119130e-01 5.9e+01 3.40e-02  1e-02  9e-02 277:42.0
  360   4320 -1.277402524215019e-01 6.1e+01 3.36e-02  1e-02  9e-02 280:57.0
  364   4368 -1.278502215352192e-01 6.4e+01 3.32e-02  1e-02  1e-01 284:13.0
  368   4416 -1.279262456637741e-01 6.7e+01 3.42e-02  1e-02  1e-01 287:28.3
  372   4464 -1.280168790850133e-01 6.8e+01 3.20e-02  1e-02  9e-02 290:43.4
  376   4512 -1.281271501857258e-01 6.9e+01 3.31e-02  1e-02  1e-01 293:50.5
  380   4560 -1.282949249810044e-01 7.3e+01 3.81e-02  1e-02  1e-01 296:50.1
  384   4608 -1.283266219283104e-01 8.0e+01 4.07e-02  1e-02  1e-01 299:49.0
  388   4656 -1.284155979036037e-01 8.3e+01 4.07e-02  1e-02  1e-01 302:48.2
  392   4704 -1.284991796507639e-01 8.5e+01 4.13e-02  1e-02  1e-01 305:42.5
  397   4764 -1.286030537912520e-01 8.5e+01 3.96e-02  1e-02  1e-01 309:06.9
  400   4800 -1.287695150499562e-01 8.7e+01 3.95e-02  1e-02  1e-01 311:09.5
  405   4860 -1.287742520976702e-01 9.0e+01 4.26e-02  1e-02  1e-01 314:33.6
  410   4920 -1.288513658717307e-01 8.8e+01 3.30e-02  1e-02  1e-01 317:57.0
  415   4980 -1.289049119963457e-01 8.8e+01 3.05e-02  9e-03  1e-01 321:21.0
  420   5040 -1.289898548690353e-01 9.2e+01 3.34e-02  1e-02  1e-01 324:44.9
  425   5100 -1.290982714439839e-01 9.5e+01 3.28e-02  9e-03  1e-01 328:03.9
  430   5160 -1.291139191699762e-01 9.8e+01 3.52e-02  1e-02  1e-01 331:26.6
  435   5220 -1.292124763169155e-01 1.0e+02 3.51e-02  1e-02  1e-01 334:50.9
  440   5280 -1.292536782482061e-01 1.1e+02 3.58e-02  1e-02  1e-01 338:15.6
  445   5340 -1.292882418455527e-01 1.1e+02 3.56e-02  1e-02  1e-01 341:40.0
  450   5400 -1.293380610643698e-01 1.1e+02 3.98e-02  1e-02  1e-01 345:04.6
  455   5460 -1.293373651513251e-01 1.1e+02 4.13e-02  1e-02  2e-01 348:28.9
  460   5520 -1.295333265692239e-01 1.1e+02 3.93e-02  1e-02  1e-01 351:54.1
  465   5580 -1.294772736902846e-01 1.2e+02 4.04e-02  1e-02  2e-01 355:18.2
  470   5640 -1.295213940217423e-01 1.2e+02 3.72e-02  1e-02  1e-01 358:43.1
  475   5700 -1.296152365941400e-01 1.3e+02 3.53e-02  1e-02  1e-01 362:09.0
  480   5760 -1.296879219678374e-01 1.4e+02 3.93e-02  1e-02  2e-01 365:35.2
  485   5820 -1.298001955115102e-01 1.4e+02 3.79e-02  1e-02  2e-01 368:56.1
  490   5880 -1.299241298520728e-01 1.5e+02 3.55e-02  1e-02  2e-01 372:24.1
  495   5940 -1.299361055567296e-01 1.6e+02 3.68e-02  1e-02  2e-01 376:02.8
  500   6000 -1.300268572791053e-01 1.6e+02 3.57e-02  1e-02  2e-01 379:49.6
  505   6060 -1.302218112300715e-01 1.7e+02 3.35e-02  1e-02  2e-01 383:36.6
  510   6120 -1.302344651282569e-01 1.9e+02 3.42e-02  1e-02  2e-01 387:23.6
  515   6180 -1.303432978512821e-01 2.0e+02 3.43e-02  1e-02  2e-01 391:11.5
  520   6240 -1.303006797719138e-01 2.0e+02 3.14e-02  1e-02  2e-01 394:58.9
  525   6300 -1.303567125596713e-01 2.2e+02 2.94e-02  9e-03  2e-01 398:46.4
  530   6360 -1.304097641668946e-01 2.2e+02 2.95e-02  9e-03  2e-01 402:23.9
  535   6420 -1.304257743434804e-01 2.2e+02 3.27e-02  1e-02  2e-01 405:47.7
  540   6480 -1.304372104805844e-01 2.3e+02 2.85e-02  8e-03  2e-01 409:07.5
  546   6552 -1.304428175737903e-01 2.3e+02 2.62e-02  8e-03  1e-01 413:04.4
  552   6624 -1.304616866470327e-01 2.3e+02 2.44e-02  7e-03  1e-01 417:01.3
  558   6696 -1.304845058978531e-01 2.4e+02 2.38e-02  6e-03  1e-01 420:58.0
  564   6768 -1.304808262548302e-01 2.4e+02 2.72e-02  7e-03  2e-01 424:54.5
  570   6840 -1.305003620505847e-01 2.4e+02 2.27e-02  6e-03  1e-01 428:50.0
  576   6912 -1.305193863822066e-01 2.3e+02 1.76e-02  4e-03  9e-02 432:46.0
  582   6984 -1.305197267274674e-01 2.3e+02 1.44e-02  3e-03  8e-02 436:41.5
  588   7056 -1.305299657106102e-01 2.3e+02 1.21e-02  3e-03  6e-02 440:36.4
  594   7128 -1.305335327898369e-01 2.3e+02 1.10e-02  2e-03  5e-02 444:31.7
  600   7200 -1.305401095415709e-01 2.3e+02 9.61e-03  2e-03  5e-02 448:26.8
  606   7272 -1.305515949196983e-01 2.3e+02 1.23e-02  3e-03  6e-02 452:21.6
  612   7344 -1.305625795967070e-01 2.3e+02 1.45e-02  3e-03  7e-02 456:16.4
  618   7416 -1.305787262305489e-01 2.3e+02 1.70e-02  3e-03  8e-02 460:10.7
  624   7488 -1.305988122050218e-01 2.3e+02 2.07e-02  4e-03  1e-01 464:05.0
  630   7560 -1.306453648588532e-01 2.3e+02 2.53e-02  5e-03  1e-01 468:00.7
  636   7632 -1.306745406811365e-01 2.3e+02 3.04e-02  5e-03  1e-01 471:55.9
  642   7704 -1.307403588084474e-01 2.3e+02 3.55e-02  6e-03  2e-01 475:51.5
  648   7776 -1.308065796440818e-01 2.4e+02 4.73e-02  8e-03  2e-01 479:47.0
  654   7848 -1.309981410540793e-01 2.7e+02 7.26e-02  1e-02  4e-01 483:43.8
  660   7920 -1.310739030998616e-01 2.9e+02 8.40e-02  1e-02  5e-01 487:42.6
  666   7992 -1.311387303863667e-01 2.9e+02 6.50e-02  1e-02  4e-01 491:41.2
  672   8064 -1.312290287844512e-01 3.1e+02 6.80e-02  1e-02  4e-01 495:38.5
  678   8136 -1.313710823119332e-01 3.1e+02 6.33e-02  9e-03  4e-01 499:35.1
  684   8208 -1.315373177218151e-01 3.1e+02 7.07e-02  1e-02  4e-01 503:31.8
  690   8280 -1.315548643275458e-01 3.3e+02 8.68e-02  1e-02  5e-01 507:29.3
  696   8352 -1.313080235173499e-01 3.3e+02 9.28e-02  1e-02  6e-01 511:25.8
  700   8400 -1.315469406484702e-01 3.4e+02 8.59e-02  1e-02  5e-01 514:03.5
  706   8472 -1.315611523244655e-01 3.3e+02 7.03e-02  9e-03  4e-01 518:00.0
  712   8544 -1.316375294181701e-01 3.3e+02 5.95e-02  8e-03  4e-01 521:57.4
  718   8616 -1.317485855598563e-01 3.6e+02 6.43e-02  8e-03  4e-01 525:50.1
  724   8688 -1.317703747278045e-01 3.6e+02 6.50e-02  8e-03  4e-01 529:43.4
  730   8760 -1.318161464355932e-01 3.6e+02 5.79e-02  7e-03  3e-01 533:40.1
  736   8832 -1.318659143880742e-01 3.5e+02 6.82e-02  8e-03  4e-01 537:38.0
  742   8904 -1.319057994533501e-01 3.5e+02 6.96e-02  8e-03  4e-01 541:35.3
  748   8976 -1.319559876096818e-01 3.8e+02 6.59e-02  7e-03  4e-01 545:32.0
  754   9048 -1.320469535687957e-01 3.9e+02 6.39e-02  6e-03  4e-01 549:26.8
  760   9120 -1.320636796878059e-01 3.9e+02 7.70e-02  8e-03  5e-01 553:24.2
  766   9192 -1.320126505075554e-01 4.0e+02 9.61e-02  9e-03  6e-01 557:22.3
  772   9264 -1.321660380380721e-01 4.1e+02 8.96e-02  9e-03  5e-01 561:20.9
  778   9336 -1.320187527638962e-01 4.1e+02 8.16e-02  8e-03  5e-01 565:19.2
  785   9420 -1.321576742188263e-01 4.2e+02 6.86e-02  6e-03  4e-01 569:56.6
  792   9504 -1.322207284200162e-01 4.3e+02 5.52e-02  5e-03  3e-01 574:34.3
  799   9588 -1.322333723064344e-01 4.2e+02 5.16e-02  4e-03  3e-01 579:11.8
  800   9600 -1.322431854824199e-01 4.2e+02 5.14e-02  4e-03  3e-01 579:51.4
  807   9684 -1.322847950447303e-01 4.2e+02 4.05e-02  3e-03  2e-01 584:29.3
  814   9768 -1.323254769870964e-01 4.4e+02 3.90e-02  3e-03  2e-01 589:06.8
  821   9852 -1.323479329330628e-01 4.8e+02 4.21e-02  3e-03  3e-01 593:43.0
  828   9936 -1.323910606176942e-01 4.9e+02 4.01e-02  3e-03  3e-01 598:18.1
  835  10020 -1.324021359397515e-01 4.9e+02 4.94e-02  3e-03  3e-01 602:52.6
  842  10104 -1.324176356570281e-01 4.9e+02 4.39e-02  3e-03  3e-01 607:25.0
  849  10188 -1.324515494425186e-01 5.0e+02 3.58e-02  2e-03  2e-01 612:00.6
  856  10272 -1.324725793024302e-01 4.9e+02 2.99e-02  2e-03  2e-01 616:35.8
  863  10356 -1.324962166491586e-01 4.8e+02 3.07e-02  2e-03  2e-01 621:11.2
  870  10440 -1.325258942341482e-01 4.8e+02 3.72e-02  2e-03  2e-01 625:45.8
  877  10524 -1.325575205910429e-01 4.9e+02 3.84e-02  2e-03  2e-01 630:21.3
  884  10608 -1.325557936739836e-01 4.9e+02 4.95e-02  3e-03  3e-01 634:55.5
  891  10692 -1.326301255389516e-01 5.1e+02 5.25e-02  3e-03  3e-01 639:29.3
  898  10776 -1.326678063035873e-01 5.3e+02 5.90e-02  3e-03  4e-01 644:04.4
  900  10800 -1.326752789389401e-01 5.1e+02 6.05e-02  3e-03  4e-01 645:22.8
  907  10884 -1.327215703047698e-01 5.1e+02 5.91e-02  3e-03  3e-01 649:57.2
  914  10968 -1.327558609579186e-01 5.1e+02 6.05e-02  3e-03  3e-01 654:32.4
  921  11052 -1.327809382912072e-01 5.3e+02 4.38e-02  2e-03  2e-01 659:06.3
  928  11136 -1.328194026090145e-01 5.4e+02 4.13e-02  2e-03  2e-01 663:41.2
  935  11220 -1.328440486402850e-01 5.5e+02 4.11e-02  2e-03  2e-01 668:16.3
  942  11304 -1.328657893002315e-01 5.8e+02 5.00e-02  2e-03  3e-01 672:51.6
  949  11388 -1.328712376560120e-01 6.2e+02 4.56e-02  2e-03  3e-01 677:27.0
  956  11472 -1.328954837070557e-01 6.2e+02 4.57e-02  2e-03  3e-01 682:02.2
  963  11556 -1.328977382949896e-01 6.5e+02 4.55e-02  2e-03  3e-01 686:36.7
  970  11640 -1.329188471030897e-01 6.7e+02 4.08e-02  2e-03  2e-01 691:11.7
  977  11724 -1.329275341575173e-01 6.8e+02 3.62e-02  2e-03  2e-01 695:44.0
  984  11808 -1.329369885894432e-01 7.1e+02 2.89e-02  1e-03  2e-01 700:16.6
  991  11892 -1.329428048614361e-01 7.4e+02 2.69e-02  1e-03  2e-01 704:52.5
  998  11976 -1.329518965227250e-01 7.6e+02 2.79e-02  1e-03  2e-01 709:26.9
 1000  12000 -1.329506909943654e-01 7.8e+02 3.00e-02  1e-03  2e-01 710:45.4
Budget constraint satisfied 1453.8676490783691 1591 Difference:  137.13235092163086
Budget constraint satisfied 1495.8773956298828 1591 Difference:  95.12260437011719
two_most_probable_states: ['000000101001', '100000000001']
final_expectation_value: -0.13295189652272496
params: [2.8700462868462995, 6.717677118714541, 1.5602921668828433, 12.563803026996393, 18.942958971176694, -0.412332282291044, 30.23237889561663, 24.30041532783107, 20.437771014174, -7.601672131678353, 2.6305192449245873, 1.385455963201897, 1.4851161555543557, -0.14079801910332482, 2.643024424697325, 0.39701775212003737, 3.0862576926684477, 3.09713802290731, 3.0840135559558934, 0.03269275914206943]
total_steps: 1000
states_probs: [0.0030339787410022857, 0.003070634587186998]
optimized_portfolios: [{'JPM': 0, 'MCD': 0, 'VZ': 37}, {'JPM': 1, 'MCD': 0, 'VZ': 32}]
objective_values: [-47591.49059297868, -26421.273708208635]
result_with_budget: [{'portfolio': {'JPM': 0, 'MCD': 0, 'VZ': 37}, 'budget': 1453.8676490783691, 'difference': 137.13235092163086}, {'portfolio': {'JPM': 1, 'MCD': 0, 'VZ': 32}, 'budget': 1495.8773956298828, 'difference': 95.12260437011719}]
Batch 68/100 completed. Results saved to portfolio_optimization_results_batch_67.json
Job finished at Sat Mar 22 22:12:55 EET 2025
