Running job array 55 on pe73.int.triton.aalto.fi
Starting at Fri Mar 21 16:01:41 EET 2025
Activating virtual environment at /scratch/work/uotilav2/quantum-portfolio/venv
Processing batch 56/100: experiments 55 to 55 (total 1)
Processing experiment 55
Budget: 2628
YF.download() has changed argument auto_adjust default to True
Number of qubits for asset JNJ: 5
Number of qubits for asset NKE: 6
Total number of qubits:  11
Optimized Weights (considering variance, skewness and kurtosis):
JNJ: 54.70%
NKE: 45.30%
Left over budget:  63.95042972228157
Optimized Discrete Allocation:
JNJ: 10
NKE: 15
Maximized utility from continuous higher moments:  -4370.466751999998
Budget constraint satisfied 2625.1258850097656 2628 Difference:  2.874114990234375
Budget constraint satisfied 2618.019577026367 2628 Difference:  9.980422973632812
smallest_eigenvalues: [-0.19035873045258284]
smallest_bitstrings: ['00110001100']
first_excited_energy: -0.19035752246885718
optimized_portfolio: [{'JNJ': 12, 'NKE': 12}]
second_optimized_portfolio: [{'JNJ': 13, 'NKE': 10}]
result_with_budget: [{'portfolio': {'JNJ': 12, 'NKE': 12}, 'budget': 2625.1258850097656, 'difference': 2.874114990234375, 'objective_value': -2954.9119802927353}]
result_with_budget_excited: [{'portfolio': {'JNJ': 13, 'NKE': 10}, 'budget': 2618.019577026367, 'difference': 9.980422973632812, 'objective_value': -2496.402831783076}]
Initial params:  [2.51063067 1.44978017 2.45210473 0.37157007 2.01037118 0.45035763
 2.96776493 1.63943485 1.3026989  0.83112597 2.43232687 1.43303853
 1.78578792 0.0590299  1.94035914 1.92295543 1.93815531 2.96487203
 2.14200164 1.12942738]
(6_w,12)-aCMA-ES (mu_w=3.7,w_1=40%) in dimension 20 (seed=592731, Fri Mar 21 16:02:07 2025)
Iterat #Fevals   function value  axis ratio  sigma  min&max std  t[m:s]
    1     12 -7.787845266303173e-02 1.0e+00 9.08e-02  9e-02  9e-02 0:39.7
    2     24 -1.233648451356247e-01 1.1e+00 8.82e-02  9e-02  9e-02 1:19.6
    3     36 -1.055312810614629e-01 1.1e+00 8.89e-02  9e-02  9e-02 1:59.5
    4     48 -1.243045927010336e-01 1.2e+00 8.80e-02  8e-02  9e-02 2:39.4
    5     60 -1.145507248292257e-01 1.2e+00 9.11e-02  9e-02  9e-02 3:19.2
    6     72 -1.221829974365007e-01 1.3e+00 9.56e-02  9e-02  1e-01 3:59.0
    7     84 -1.326650074887928e-01 1.3e+00 1.00e-01  1e-01  1e-01 4:39.1
    8     96 -1.296785797301856e-01 1.4e+00 1.08e-01  1e-01  1e-01 5:18.8
    9    108 -1.380105980718201e-01 1.5e+00 1.13e-01  1e-01  1e-01 5:58.7
   10    120 -1.363420325795477e-01 1.6e+00 1.15e-01  1e-01  1e-01 6:38.6
   11    132 -1.337011154581455e-01 1.6e+00 1.18e-01  1e-01  1e-01 7:18.6
   12    144 -1.457438751400084e-01 1.7e+00 1.21e-01  1e-01  1e-01 7:58.5
   13    156 -1.458814789127675e-01 1.7e+00 1.19e-01  1e-01  1e-01 8:38.2
   14    168 -1.401563564321900e-01 1.8e+00 1.20e-01  1e-01  1e-01 9:18.0
   15    180 -1.447055205989197e-01 1.8e+00 1.20e-01  1e-01  1e-01 9:57.8
   16    192 -1.426049936474302e-01 1.8e+00 1.19e-01  1e-01  1e-01 10:37.6
   17    204 -1.429156307236519e-01 1.9e+00 1.15e-01  1e-01  1e-01 11:17.4
   18    216 -1.431728234477106e-01 1.9e+00 1.09e-01  1e-01  1e-01 11:57.4
   19    228 -1.461306916921593e-01 1.9e+00 1.09e-01  1e-01  1e-01 12:37.3
   20    240 -1.454002861868842e-01 1.9e+00 1.12e-01  1e-01  1e-01 13:17.1
   21    252 -1.269743237755634e-01 1.9e+00 1.16e-01  1e-01  1e-01 13:57.2
   22    264 -1.460905954085283e-01 2.0e+00 1.20e-01  1e-01  1e-01 14:37.3
   23    276 -1.391028444189271e-01 2.0e+00 1.19e-01  1e-01  1e-01 15:17.4
   24    288 -1.514040338634433e-01 2.0e+00 1.18e-01  1e-01  1e-01 15:57.4
   25    300 -1.493026629697796e-01 2.0e+00 1.15e-01  1e-01  1e-01 16:37.2
   26    312 -1.457238119752130e-01 2.1e+00 1.09e-01  1e-01  1e-01 17:17.4
   27    324 -1.405922283600269e-01 2.1e+00 1.08e-01  9e-02  1e-01 17:57.6
   28    336 -1.368791618653759e-01 2.2e+00 1.03e-01  9e-02  1e-01 18:37.8
   29    348 -1.490892695804634e-01 2.2e+00 9.76e-02  8e-02  1e-01 19:17.7
   30    360 -1.524590217532725e-01 2.2e+00 9.38e-02  8e-02  1e-01 19:57.3
   31    372 -1.430105726142190e-01 2.2e+00 9.39e-02  8e-02  1e-01 20:37.4
   32    384 -1.507203057544665e-01 2.2e+00 9.28e-02  8e-02  1e-01 21:17.1
   33    396 -1.468232663671276e-01 2.3e+00 8.96e-02  8e-02  1e-01 21:57.1
   34    408 -1.479625432900739e-01 2.3e+00 8.91e-02  8e-02  1e-01 22:37.3
   35    420 -1.416653960493695e-01 2.3e+00 9.04e-02  8e-02  1e-01 23:17.3
   36    432 -1.419165395543043e-01 2.4e+00 8.90e-02  8e-02  1e-01 23:57.2
   37    444 -1.494408682480673e-01 2.4e+00 8.76e-02  7e-02  1e-01 24:36.9
   38    456 -1.512030020014247e-01 2.4e+00 8.60e-02  7e-02  1e-01 25:16.5
   39    468 -1.508237441945959e-01 2.5e+00 8.54e-02  7e-02  1e-01 25:56.5
   40    480 -1.548166476653464e-01 2.5e+00 8.51e-02  7e-02  1e-01 26:36.5
   42    504 -1.544159908843446e-01 2.5e+00 8.03e-02  7e-02  9e-02 27:55.8
   44    528 -1.515934108572205e-01 2.6e+00 7.89e-02  7e-02  9e-02 29:14.2
   46    552 -1.562777967518655e-01 2.7e+00 7.30e-02  6e-02  8e-02 30:31.4
   48    576 -1.558484831914256e-01 2.8e+00 6.52e-02  5e-02  7e-02 31:48.2
   50    600 -1.573513174763870e-01 2.9e+00 6.10e-02  5e-02  7e-02 33:05.3
   52    624 -1.579060316453338e-01 2.9e+00 5.60e-02  4e-02  6e-02 34:22.4
   54    648 -1.598155866856644e-01 3.1e+00 5.53e-02  4e-02  6e-02 35:40.1
   56    672 -1.594125309531496e-01 3.2e+00 5.31e-02  4e-02  6e-02 36:56.9
   58    696 -1.610424253618610e-01 3.3e+00 5.37e-02  4e-02  6e-02 38:13.7
   60    720 -1.613620548055821e-01 3.3e+00 5.53e-02  4e-02  6e-02 39:31.1
   62    744 -1.616151252511839e-01 3.4e+00 5.71e-02  5e-02  7e-02 40:48.0
   64    768 -1.619030721347128e-01 3.5e+00 5.81e-02  5e-02  7e-02 42:05.1
   66    792 -1.616341377256966e-01 3.6e+00 5.29e-02  4e-02  6e-02 43:22.1
   68    816 -1.621790352154490e-01 3.7e+00 5.04e-02  4e-02  6e-02 44:38.8
   70    840 -1.617255834290437e-01 3.7e+00 4.84e-02  4e-02  6e-02 45:56.1
   72    864 -1.620732765037531e-01 3.8e+00 4.79e-02  4e-02  6e-02 47:13.0
   74    888 -1.625241989276972e-01 3.8e+00 4.51e-02  4e-02  5e-02 48:29.9
   76    912 -1.623774560139075e-01 3.9e+00 4.11e-02  3e-02  5e-02 49:46.7
   78    936 -1.624220854865074e-01 4.0e+00 3.73e-02  3e-02  4e-02 51:03.1
   80    960 -1.615224921614254e-01 4.1e+00 3.57e-02  3e-02  4e-02 52:20.2
   82    984 -1.624053237821164e-01 4.2e+00 3.08e-02  2e-02  3e-02 53:36.7
   84   1008 -1.627883231331209e-01 4.3e+00 2.91e-02  2e-02  3e-02 54:53.6
   86   1032 -1.629151429736427e-01 4.3e+00 2.90e-02  2e-02  3e-02 56:10.6
   88   1056 -1.630221859317210e-01 4.4e+00 2.96e-02  2e-02  3e-02 57:27.6
   90   1080 -1.634069561602500e-01 4.5e+00 3.09e-02  2e-02  3e-02 58:44.6
   92   1104 -1.633951515493600e-01 4.7e+00 3.18e-02  2e-02  4e-02 60:01.7
   94   1128 -1.630588045414701e-01 4.7e+00 3.15e-02  2e-02  4e-02 61:18.7
   96   1152 -1.629782820520362e-01 4.9e+00 3.05e-02  2e-02  4e-02 62:35.3
   98   1176 -1.633394394378368e-01 5.0e+00 2.78e-02  2e-02  3e-02 63:52.4
  100   1200 -1.634003169893145e-01 5.2e+00 2.58e-02  2e-02  3e-02 65:09.1
  102   1224 -1.635494336096946e-01 5.3e+00 2.35e-02  2e-02  3e-02 66:26.2
  104   1248 -1.635351345576271e-01 5.4e+00 2.36e-02  2e-02  3e-02 67:43.3
  106   1272 -1.636848223915049e-01 5.6e+00 2.22e-02  2e-02  3e-02 69:00.0
  108   1296 -1.637808969754228e-01 5.7e+00 2.28e-02  2e-02  3e-02 70:17.0
  110   1320 -1.637195105013389e-01 5.8e+00 2.29e-02  2e-02  3e-02 71:34.1
  112   1344 -1.638976759157057e-01 6.0e+00 2.27e-02  2e-02  3e-02 72:51.0
  114   1368 -1.639849108957430e-01 6.1e+00 2.29e-02  2e-02  3e-02 74:07.8
  117   1404 -1.640384671692317e-01 6.6e+00 2.51e-02  2e-02  3e-02 76:03.3
  120   1440 -1.642430767849183e-01 6.9e+00 2.94e-02  2e-02  4e-02 77:59.0
  123   1476 -1.641354365665055e-01 7.1e+00 3.34e-02  2e-02  4e-02 79:55.1
  126   1512 -1.639170046784712e-01 7.4e+00 3.54e-02  3e-02  4e-02 81:50.8
  129   1548 -1.640952762413887e-01 7.6e+00 3.16e-02  2e-02  4e-02 83:47.0
  132   1584 -1.644383267004944e-01 8.0e+00 2.82e-02  2e-02  4e-02 85:43.2
  135   1620 -1.645356393159782e-01 8.2e+00 2.86e-02  2e-02  4e-02 87:38.8
  138   1656 -1.646904492339624e-01 8.7e+00 3.21e-02  2e-02  4e-02 89:35.4
  141   1692 -1.647907408916977e-01 9.5e+00 3.74e-02  3e-02  5e-02 91:31.4
  144   1728 -1.648727844088966e-01 1.1e+01 4.23e-02  3e-02  6e-02 93:28.1
  147   1764 -1.644887697859952e-01 1.1e+01 3.98e-02  3e-02  6e-02 95:23.8
  150   1800 -1.647423729257393e-01 1.1e+01 3.94e-02  3e-02  6e-02 97:20.3
  153   1836 -1.649612565865805e-01 1.1e+01 3.58e-02  2e-02  5e-02 99:16.8
  156   1872 -1.647121410947636e-01 1.1e+01 3.22e-02  2e-02  5e-02 101:12.5
  159   1908 -1.648393841903467e-01 1.2e+01 3.03e-02  2e-02  4e-02 103:08.6
  162   1944 -1.648547699613153e-01 1.2e+01 2.78e-02  2e-02  4e-02 105:04.2
  165   1980 -1.650092928690284e-01 1.3e+01 2.59e-02  2e-02  4e-02 107:00.0
  168   2016 -1.649801159852118e-01 1.3e+01 2.44e-02  2e-02  4e-02 108:56.2
  171   2052 -1.650933711836570e-01 1.3e+01 2.43e-02  1e-02  4e-02 110:52.4
  174   2088 -1.651603014816970e-01 1.4e+01 2.38e-02  1e-02  4e-02 112:48.6
  177   2124 -1.651767028610162e-01 1.5e+01 2.43e-02  1e-02  4e-02 114:44.3
  180   2160 -1.652657250147824e-01 1.5e+01 2.36e-02  1e-02  4e-02 116:40.4
  183   2196 -1.653151323810359e-01 1.5e+01 2.15e-02  1e-02  3e-02 118:36.7
  186   2232 -1.655232020505414e-01 1.5e+01 2.44e-02  1e-02  4e-02 120:32.2
  189   2268 -1.654634016974262e-01 1.6e+01 2.65e-02  2e-02  4e-02 122:28.4
  192   2304 -1.655500730713385e-01 1.6e+01 2.45e-02  1e-02  4e-02 124:24.2
  195   2340 -1.657311233076651e-01 1.7e+01 2.45e-02  1e-02  4e-02 126:19.9
  198   2376 -1.657377074526733e-01 1.7e+01 2.29e-02  1e-02  4e-02 128:16.5
  200   2400 -1.657534276962321e-01 1.7e+01 2.34e-02  1e-02  4e-02 129:33.7
  203   2436 -1.658495955692977e-01 1.8e+01 2.36e-02  1e-02  4e-02 131:30.0
  206   2472 -1.660475041469022e-01 1.8e+01 2.45e-02  1e-02  4e-02 133:25.5
  209   2508 -1.662692126650988e-01 1.9e+01 2.54e-02  1e-02  4e-02 135:21.8
  212   2544 -1.664306031492377e-01 2.0e+01 2.52e-02  1e-02  4e-02 137:18.0
  215   2580 -1.667422607087486e-01 2.1e+01 2.58e-02  1e-02  4e-02 139:14.3
  218   2616 -1.669367603260113e-01 2.2e+01 2.90e-02  2e-02  5e-02 141:10.7
  221   2652 -1.669992974434290e-01 2.4e+01 3.25e-02  2e-02  6e-02 143:06.5
  224   2688 -1.671138918331261e-01 2.5e+01 3.84e-02  2e-02  8e-02 145:02.8
  227   2724 -1.672687032716846e-01 2.7e+01 4.17e-02  2e-02  9e-02 146:58.4
  230   2760 -1.671094010474729e-01 2.9e+01 4.09e-02  2e-02  9e-02 148:54.6
  234   2808 -1.672160005882605e-01 2.9e+01 3.21e-02  2e-02  7e-02 151:29.3
  238   2856 -1.674009220265505e-01 2.8e+01 2.92e-02  2e-02  6e-02 154:03.9
  242   2904 -1.674164229273072e-01 2.9e+01 2.73e-02  1e-02  6e-02 156:38.6
  246   2952 -1.674370799907461e-01 3.0e+01 3.12e-02  2e-02  7e-02 159:13.4
  250   3000 -1.675790319321115e-01 3.0e+01 2.88e-02  1e-02  6e-02 161:47.8
  254   3048 -1.675945448865274e-01 3.1e+01 2.59e-02  1e-02  5e-02 164:21.9
  258   3096 -1.676378239671707e-01 3.1e+01 2.45e-02  1e-02  5e-02 166:56.8
  262   3144 -1.676910881956008e-01 3.1e+01 2.11e-02  1e-02  4e-02 169:31.8
  266   3192 -1.676801878649730e-01 3.2e+01 1.75e-02  8e-03  4e-02 172:06.5
  270   3240 -1.677569326445714e-01 3.4e+01 1.61e-02  8e-03  3e-02 174:41.5
  274   3288 -1.678335467378492e-01 3.5e+01 1.84e-02  9e-03  4e-02 177:16.0
  278   3336 -1.678089939929302e-01 3.6e+01 1.85e-02  9e-03  4e-02 179:51.1
  282   3384 -1.678554408445796e-01 3.5e+01 1.70e-02  8e-03  4e-02 182:25.6
  286   3432 -1.679240136067094e-01 3.7e+01 1.67e-02  8e-03  4e-02 185:00.5
  290   3480 -1.679646666086994e-01 4.0e+01 1.61e-02  8e-03  4e-02 187:35.3
  294   3528 -1.680303382865549e-01 4.3e+01 1.71e-02  8e-03  5e-02 190:10.0
  298   3576 -1.680974919287111e-01 4.6e+01 1.93e-02  9e-03  6e-02 192:45.3
  300   3600 -1.680780095618724e-01 4.8e+01 2.02e-02  9e-03  6e-02 194:02.9
  304   3648 -1.682093713651557e-01 5.1e+01 2.15e-02  1e-02  7e-02 196:38.3
  308   3696 -1.682496744385664e-01 5.5e+01 2.37e-02  1e-02  8e-02 199:13.4
  312   3744 -1.683330463848170e-01 5.7e+01 2.62e-02  1e-02  9e-02 201:47.8
  316   3792 -1.683735593285032e-01 5.8e+01 2.78e-02  1e-02  9e-02 204:22.6
  320   3840 -1.684792853521038e-01 5.8e+01 2.91e-02  1e-02  1e-01 206:57.3
  324   3888 -1.685736749693260e-01 5.8e+01 3.07e-02  1e-02  1e-01 209:32.3
  328   3936 -1.686677365257257e-01 6.0e+01 3.74e-02  2e-02  1e-01 212:07.1
  332   3984 -1.687616900688620e-01 6.0e+01 3.72e-02  2e-02  1e-01 214:41.6
  336   4032 -1.688418270461621e-01 6.2e+01 3.71e-02  1e-02  1e-01 217:16.3
  340   4080 -1.687986849369729e-01 6.0e+01 3.83e-02  2e-02  1e-01 219:50.9
  344   4128 -1.688332425197989e-01 5.8e+01 3.92e-02  2e-02  1e-01 222:26.4
  348   4176 -1.690187656084086e-01 5.7e+01 3.63e-02  1e-02  1e-01 225:01.4
  352   4224 -1.692625520570153e-01 5.6e+01 3.21e-02  1e-02  1e-01 227:35.6
  356   4272 -1.692838061090994e-01 5.7e+01 3.45e-02  1e-02  1e-01 230:10.1
  360   4320 -1.693425016353654e-01 5.6e+01 3.18e-02  1e-02  1e-01 232:44.4
  364   4368 -1.693767184872308e-01 5.7e+01 2.80e-02  1e-02  8e-02 235:19.3
  368   4416 -1.694390075253735e-01 5.5e+01 2.46e-02  9e-03  7e-02 237:53.7
  372   4464 -1.695699295868242e-01 5.7e+01 2.69e-02  1e-02  8e-02 240:28.4
  376   4512 -1.694506992841046e-01 5.8e+01 2.95e-02  1e-02  8e-02 243:02.9
  380   4560 -1.697518771572897e-01 6.1e+01 2.74e-02  1e-02  8e-02 245:37.1
  385   4620 -1.699730383885467e-01 6.1e+01 2.96e-02  1e-02  8e-02 248:48.4
  390   4680 -1.700867299911402e-01 6.2e+01 3.03e-02  1e-02  8e-02 251:59.4
  395   4740 -1.702578602825049e-01 6.9e+01 3.05e-02  1e-02  9e-02 255:09.8
  400   4800 -1.704927253621973e-01 7.3e+01 3.51e-02  1e-02  1e-01 258:20.7
  405   4860 -1.705332725802581e-01 7.8e+01 3.26e-02  1e-02  1e-01 261:31.7
  410   4920 -1.707313449850855e-01 8.1e+01 3.11e-02  1e-02  1e-01 264:42.6
  415   4980 -1.707648498195929e-01 8.0e+01 3.12e-02  1e-02  1e-01 267:53.2
  420   5040 -1.710467718689991e-01 8.2e+01 3.18e-02  1e-02  1e-01 271:04.0
  425   5100 -1.712466320714395e-01 8.7e+01 3.96e-02  1e-02  2e-01 274:15.3
  430   5160 -1.716503286800420e-01 8.8e+01 4.68e-02  2e-02  2e-01 277:26.6
  435   5220 -1.717536906477175e-01 9.5e+01 5.70e-02  2e-02  2e-01 280:37.3
  440   5280 -1.718039894401811e-01 9.8e+01 5.80e-02  2e-02  3e-01 283:48.4
  445   5340 -1.719538216954626e-01 9.7e+01 6.53e-02  2e-02  3e-01 286:59.5
  450   5400 -1.717420141917731e-01 1.1e+02 6.86e-02  2e-02  3e-01 290:10.9
  455   5460 -1.716644759836539e-01 1.1e+02 5.32e-02  2e-02  3e-01 293:21.9
  460   5520 -1.720409376815394e-01 1.1e+02 4.57e-02  2e-02  2e-01 296:32.7
  465   5580 -1.726290882394293e-01 1.1e+02 4.13e-02  1e-02  2e-01 299:43.6
  470   5640 -1.726665169228784e-01 1.2e+02 4.77e-02  2e-02  2e-01 302:54.7
  475   5700 -1.729966152145208e-01 1.1e+02 5.37e-02  2e-02  3e-01 306:05.4
  480   5760 -1.726769769524606e-01 1.2e+02 5.02e-02  2e-02  3e-01 309:16.0
  485   5820 -1.732241225315008e-01 1.1e+02 4.95e-02  2e-02  2e-01 312:27.0
  490   5880 -1.732800774873315e-01 1.1e+02 5.03e-02  2e-02  3e-01 315:38.4
  495   5940 -1.736999408988112e-01 1.1e+02 4.49e-02  1e-02  2e-01 318:50.5
  500   6000 -1.737871308245803e-01 1.1e+02 4.66e-02  1e-02  2e-01 322:01.5
  505   6060 -1.735649054068594e-01 1.1e+02 4.15e-02  1e-02  2e-01 325:13.2
  510   6120 -1.740192326018155e-01 1.1e+02 3.84e-02  1e-02  2e-01 328:25.7
  515   6180 -1.741882100948736e-01 1.1e+02 4.63e-02  1e-02  2e-01 331:36.1
  520   6240 -1.743110394451335e-01 1.1e+02 4.58e-02  1e-02  2e-01 334:47.0
  525   6300 -1.744443532390477e-01 1.1e+02 4.55e-02  1e-02  2e-01 337:57.8
  530   6360 -1.746555880732147e-01 1.1e+02 4.52e-02  1e-02  2e-01 341:08.9
  535   6420 -1.746645278774694e-01 1.2e+02 4.26e-02  1e-02  2e-01 344:19.9
  540   6480 -1.749916842188507e-01 1.2e+02 3.71e-02  1e-02  2e-01 347:30.9
  545   6540 -1.750434133286531e-01 1.2e+02 3.37e-02  9e-03  2e-01 350:42.0
  550   6600 -1.751882535718949e-01 1.2e+02 3.19e-02  8e-03  2e-01 353:52.6
  555   6660 -1.753057245583090e-01 1.2e+02 3.22e-02  8e-03  2e-01 357:03.2
  560   6720 -1.755094812995704e-01 1.3e+02 3.58e-02  8e-03  2e-01 360:13.9
  565   6780 -1.757524445214981e-01 1.4e+02 3.50e-02  8e-03  2e-01 363:24.6
  571   6852 -1.760075539585640e-01 1.4e+02 3.80e-02  8e-03  2e-01 367:13.6
  577   6924 -1.759910580705551e-01 1.5e+02 3.69e-02  8e-03  2e-01 371:02.5
  583   6996 -1.760755666631903e-01 1.5e+02 3.19e-02  6e-03  2e-01 374:52.6
  589   7068 -1.762714006661563e-01 1.5e+02 3.01e-02  6e-03  2e-01 378:42.8
  595   7140 -1.765220201065237e-01 1.5e+02 3.08e-02  6e-03  2e-01 382:32.7
  600   7200 -1.766336237524047e-01 1.6e+02 3.16e-02  6e-03  2e-01 385:44.4
  606   7272 -1.767868641342515e-01 1.6e+02 3.57e-02  6e-03  2e-01 389:34.7
  612   7344 -1.769653703709622e-01 1.7e+02 3.60e-02  6e-03  3e-01 393:25.6
  618   7416 -1.771806701528821e-01 1.8e+02 4.79e-02  8e-03  4e-01 397:16.1
  624   7488 -1.773902443920035e-01 1.8e+02 6.33e-02  1e-02  5e-01 401:06.4
  630   7560 -1.776121213512126e-01 1.9e+02 7.30e-02  1e-02  6e-01 404:56.8
  636   7632 -1.776320672077912e-01 1.9e+02 6.21e-02  1e-02  5e-01 408:47.2
  642   7704 -1.777801989280970e-01 1.9e+02 4.88e-02  7e-03  4e-01 412:37.6
  648   7776 -1.779477371743901e-01 2.0e+02 4.10e-02  6e-03  3e-01 416:27.8
  654   7848 -1.782106182751839e-01 2.0e+02 3.65e-02  5e-03  3e-01 420:17.4
  660   7920 -1.783728285583147e-01 2.0e+02 3.59e-02  5e-03  3e-01 424:08.3
  666   7992 -1.784691971253371e-01 2.1e+02 3.88e-02  5e-03  3e-01 427:59.1
  672   8064 -1.784958182715722e-01 2.1e+02 3.88e-02  5e-03  3e-01 431:50.5
  678   8136 -1.785823135893857e-01 2.1e+02 3.34e-02  4e-03  3e-01 435:40.1
  684   8208 -1.786795186443863e-01 2.2e+02 3.85e-02  4e-03  3e-01 439:31.4
  690   8280 -1.786602384283910e-01 2.2e+02 4.22e-02  5e-03  4e-01 443:21.8
  696   8352 -1.787792129066413e-01 2.2e+02 4.51e-02  5e-03  4e-01 447:11.3
  700   8400 -1.788009587882978e-01 2.1e+02 4.70e-02  5e-03  4e-01 449:44.7
  706   8472 -1.788732441501479e-01 2.1e+02 4.00e-02  4e-03  3e-01 453:34.5
  712   8544 -1.790068151085451e-01 2.1e+02 3.59e-02  4e-03  3e-01 457:24.6
  718   8616 -1.790607894698893e-01 2.1e+02 3.21e-02  3e-03  3e-01 461:14.2
  724   8688 -1.791237196906919e-01 2.0e+02 3.29e-02  3e-03  3e-01 465:04.1
  730   8760 -1.791800700861282e-01 1.9e+02 2.97e-02  3e-03  2e-01 468:52.9
  736   8832 -1.791835699099848e-01 1.9e+02 3.40e-02  3e-03  3e-01 472:41.7
  742   8904 -1.792382891067989e-01 1.8e+02 3.66e-02  3e-03  3e-01 476:30.8
  748   8976 -1.792945777089384e-01 1.8e+02 3.13e-02  3e-03  2e-01 480:20.0
  754   9048 -1.793467723213208e-01 1.8e+02 3.00e-02  3e-03  2e-01 484:08.9
  760   9120 -1.793490007971902e-01 1.8e+02 3.46e-02  3e-03  2e-01 487:59.5
  766   9192 -1.794401450833353e-01 1.8e+02 3.52e-02  3e-03  2e-01 491:49.9
  772   9264 -1.794975386197293e-01 1.8e+02 3.37e-02  3e-03  2e-01 495:40.4
  778   9336 -1.795729606856352e-01 1.8e+02 3.05e-02  2e-03  2e-01 499:30.2
  784   9408 -1.796521335769489e-01 1.7e+02 2.70e-02  2e-03  2e-01 503:20.0
  790   9480 -1.797096256597241e-01 1.7e+02 2.80e-02  2e-03  2e-01 507:11.0
  796   9552 -1.797626624020263e-01 1.7e+02 2.82e-02  2e-03  2e-01 511:00.6
  800   9600 -1.798012053269120e-01 1.6e+02 3.05e-02  2e-03  2e-01 513:33.8
  807   9684 -1.798578310103396e-01 1.7e+02 3.28e-02  2e-03  2e-01 518:03.1
  814   9768 -1.798689110646558e-01 1.6e+02 3.29e-02  2e-03  2e-01 522:30.3
  821   9852 -1.798895281177151e-01 1.6e+02 2.52e-02  2e-03  1e-01 526:57.1
  828   9936 -1.799028263759852e-01 1.6e+02 2.11e-02  1e-03  1e-01 531:25.6
  835  10020 -1.799449759022917e-01 1.5e+02 2.72e-02  2e-03  2e-01 535:52.3
  842  10104 -1.799777730899988e-01 1.5e+02 3.19e-02  2e-03  2e-01 540:19.0
  849  10188 -1.800153123811794e-01 1.5e+02 3.74e-02  2e-03  2e-01 544:46.4
  856  10272 -1.800204601587168e-01 1.6e+02 4.24e-02  3e-03  2e-01 549:13.1
  863  10356 -1.801049456945390e-01 1.6e+02 4.16e-02  3e-03  2e-01 553:39.9
  870  10440 -1.802134327875926e-01 1.6e+02 4.79e-02  3e-03  3e-01 558:06.9
  877  10524 -1.803793390551994e-01 1.6e+02 4.99e-02  3e-03  3e-01 562:33.3
  884  10608 -1.804647218366371e-01 1.7e+02 6.14e-02  4e-03  3e-01 567:00.5
  891  10692 -1.805717877494531e-01 1.7e+02 6.14e-02  4e-03  3e-01 571:29.4
  898  10776 -1.806277991600751e-01 1.8e+02 4.64e-02  3e-03  3e-01 575:57.7
  900  10800 -1.806542765506204e-01 1.8e+02 4.24e-02  2e-03  2e-01 577:14.1
  907  10884 -1.807566685066455e-01 1.8e+02 4.22e-02  2e-03  2e-01 581:43.1
  914  10968 -1.808702651348972e-01 1.8e+02 4.78e-02  3e-03  2e-01 586:11.4
  921  11052 -1.809002107391004e-01 1.9e+02 5.61e-02  3e-03  3e-01 590:39.2
  928  11136 -1.809849044610263e-01 1.9e+02 6.62e-02  4e-03  3e-01 595:07.9
  935  11220 -1.812328380328010e-01 2.0e+02 6.48e-02  3e-03  3e-01 599:35.1
  942  11304 -1.813537247240486e-01 1.9e+02 6.08e-02  3e-03  3e-01 604:02.9
  949  11388 -1.813780147422914e-01 2.0e+02 7.14e-02  4e-03  4e-01 608:31.1
  956  11472 -1.813932208992092e-01 2.0e+02 6.12e-02  3e-03  3e-01 612:58.8
  963  11556 -1.814349258364168e-01 1.9e+02 4.57e-02  2e-03  2e-01 617:27.1
  970  11640 -1.814878640142951e-01 1.8e+02 3.84e-02  2e-03  2e-01 621:54.6
  977  11724 -1.815102226965984e-01 1.9e+02 3.19e-02  1e-03  1e-01 626:21.6
  984  11808 -1.815160483122544e-01 1.9e+02 3.35e-02  2e-03  2e-01 630:48.8
  991  11892 -1.815306405285191e-01 1.9e+02 2.56e-02  1e-03  1e-01 635:17.0
  998  11976 -1.815502445058110e-01 1.9e+02 2.00e-02  9e-04  9e-02 639:47.6
 1000  12000 -1.815483967118246e-01 1.9e+02 2.04e-02  9e-04  9e-02 641:04.2
Budget constraint satisfied 2409.245849609375 2628 Difference:  218.754150390625
Budget constraint satisfied 2133.634895324707 2628 Difference:  494.36510467529297
two_most_probable_states: ['00000000001', '11100111100']
final_expectation_value: -0.181550244505811
params: [1.8416421718829317, 3.8465671503351615, 5.441151922799254, 9.50876458231524, 6.524459669203294, -9.808371481553529, 3.305096022030974, 18.194956521129807, 17.916942129987, 7.485905982117084, 2.611222909899114, 1.2968262986177723, 1.6593676675955336, -0.22908716936834436, 1.578324399369277, 3.1521689735210434, 1.2995749691505625, 3.0780590288777385, 1.505400241147568, 1.5432642523803117]
total_steps: 1000
states_probs: [0.0057889281131166615, 0.006966339394594488]
optimized_portfolios: [{'JNJ': 0, 'NKE': 32}, {'JNJ': 7, 'NKE': 15}]
objective_values: [-61746.30166358143, -3601.9291841560193]
result_with_budget: [{'portfolio': {'JNJ': 0, 'NKE': 32}, 'budget': 2409.245849609375, 'difference': 218.754150390625}, {'portfolio': {'JNJ': 7, 'NKE': 15}, 'budget': 2133.634895324707, 'difference': 494.36510467529297}]
Batch 56/100 completed. Results saved to portfolio_optimization_results_batch_55.json
Job finished at Sat Mar 22 02:46:52 EET 2025
