Running job array 97 on pe22.int.triton.aalto.fi
Starting at Fri Mar 21 16:13:35 EET 2025
Activating virtual environment at /scratch/work/uotilav2/quantum-portfolio/venv
Processing batch 98/100: experiments 97 to 97 (total 1)
Processing experiment 97
Budget: 4211
YF.download() has changed argument auto_adjust default to True
Number of qubits for asset HD: 4
Number of qubits for asset IBM: 5
Number of qubits for asset NKE: 6
Total number of qubits:  15
Optimized Weights (considering variance, skewness and kurtosis):
HD: 66.54%
IBM: 33.46%
NKE: 0.00%
Left over budget:  119.70123871045917
Optimized Discrete Allocation:
HD: 7
IBM: 6
NKE: 1
Maximized utility from continuous higher moments:  -994.804792338597
Budget constraint not satisfied 4216.738922119141 4211 Difference:  -5.738922119140625
smallest_eigenvalues: [-0.11507710906716878]
smallest_bitstrings: ['100101000001000']
first_excited_energy: None
optimized_portfolio: [{'HD': 9, 'IBM': 2, 'NKE': 4}]
second_optimized_portfolio: None
result_with_budget: [{'portfolio': {'HD': 9, 'IBM': 2, 'NKE': 4}, 'budget': 4216.738922119141, 'difference': -5.738922119140625, 'objective_value': -1534.29887058484}]
result_with_budget_excited: None
Initial params:  [2.51063067 1.44978017 2.45210473 0.37157007 2.01037118 0.45035763
 2.96776493 1.63943485 1.3026989  0.83112597 2.43232687 1.43303853
 1.78578792 0.0590299  1.94035914 1.92295543 1.93815531 2.96487203
 2.14200164 1.12942738]
(6_w,12)-aCMA-ES (mu_w=3.7,w_1=40%) in dimension 20 (seed=729327, Fri Mar 21 17:16:02 2025)
Iterat #Fevals   function value  axis ratio  sigma  min&max std  t[m:s]
    1     12 -5.864371225163525e-02 1.0e+00 9.45e-02  9e-02  1e-01 6:40.6
    2     24 -7.917946996738141e-02 1.1e+00 9.32e-02  9e-02  9e-02 12:02.6
    3     36 -7.644770552943726e-02 1.2e+00 9.02e-02  9e-02  9e-02 17:19.9
    4     48 -8.423634856187452e-02 1.2e+00 9.05e-02  9e-02  9e-02 21:49.8
    5     60 -8.612426718681580e-02 1.2e+00 9.06e-02  9e-02  9e-02 26:18.0
    6     72 -8.757484163552065e-02 1.2e+00 9.11e-02  9e-02  9e-02 30:47.5
    7     84 -8.908223839402599e-02 1.2e+00 9.54e-02  9e-02  1e-01 35:19.8
    8     96 -8.974451698924610e-02 1.3e+00 9.95e-02  9e-02  1e-01 39:52.1
    9    108 -9.052937750303329e-02 1.4e+00 1.03e-01  1e-01  1e-01 44:25.0
   10    120 -9.026438120648789e-02 1.4e+00 1.03e-01  1e-01  1e-01 48:54.6
   11    132 -9.288184245429251e-02 1.5e+00 1.05e-01  1e-01  1e-01 53:22.1
   12    144 -9.103383377097285e-02 1.5e+00 1.05e-01  1e-01  1e-01 57:49.7
   13    156 -8.938254531333004e-02 1.5e+00 1.05e-01  1e-01  1e-01 62:16.9
   14    168 -9.186515941965152e-02 1.6e+00 1.05e-01  1e-01  1e-01 66:44.3
   15    180 -9.213253930966077e-02 1.6e+00 1.03e-01  1e-01  1e-01 71:11.6
   16    192 -9.147418594269584e-02 1.6e+00 1.01e-01  9e-02  1e-01 75:39.0
   17    204 -9.087421152392727e-02 1.6e+00 1.02e-01  9e-02  1e-01 80:06.5
   18    216 -9.229346390357110e-02 1.6e+00 9.85e-02  9e-02  1e-01 84:33.7
   19    228 -9.216301936852025e-02 1.7e+00 9.62e-02  9e-02  1e-01 89:01.3
   20    240 -9.095917692027092e-02 1.7e+00 9.50e-02  9e-02  1e-01 93:28.5
   21    252 -9.030644229204947e-02 1.7e+00 9.24e-02  8e-02  1e-01 97:56.1
   22    264 -9.015482339105571e-02 1.7e+00 8.91e-02  8e-02  1e-01 102:23.7
   23    276 -8.946825357730058e-02 1.7e+00 8.86e-02  8e-02  1e-01 106:50.7
   24    288 -9.036421356669261e-02 1.7e+00 8.45e-02  8e-02  9e-02 111:18.2
   25    300 -9.215434571503320e-02 1.8e+00 8.11e-02  7e-02  9e-02 115:45.8
   26    312 -9.228401022988761e-02 1.8e+00 7.86e-02  7e-02  9e-02 120:13.1
   27    324 -9.167011608916854e-02 1.8e+00 7.51e-02  7e-02  8e-02 124:40.7
   28    336 -9.260953998419193e-02 1.8e+00 7.28e-02  7e-02  8e-02 129:07.6
   29    348 -9.236699731478631e-02 1.8e+00 7.04e-02  6e-02  8e-02 133:36.7
   30    360 -9.246490841815284e-02 1.8e+00 6.95e-02  6e-02  8e-02 138:09.6
   31    372 -9.300867897721717e-02 1.9e+00 7.03e-02  6e-02  8e-02 142:43.6
   32    384 -9.371826012900007e-02 1.9e+00 7.08e-02  6e-02  8e-02 147:18.4
   33    396 -9.313842072871835e-02 1.9e+00 7.08e-02  6e-02  8e-02 151:54.0
   34    408 -9.375771670125622e-02 1.9e+00 7.33e-02  6e-02  8e-02 156:28.2
   35    420 -9.374908856841098e-02 1.9e+00 7.51e-02  7e-02  8e-02 160:39.3
   36    432 -9.305169098834978e-02 1.9e+00 7.56e-02  7e-02  9e-02 164:35.6
   37    444 -9.254312473482226e-02 2.0e+00 7.53e-02  7e-02  9e-02 168:31.7
   38    456 -9.363786394115210e-02 2.0e+00 7.62e-02  7e-02  9e-02 172:27.2
   39    468 -9.341262640787552e-02 2.1e+00 7.74e-02  7e-02  9e-02 176:22.8
   40    480 -9.406482673954163e-02 2.1e+00 7.59e-02  7e-02  9e-02 180:18.4
   41    492 -9.395481076074588e-02 2.1e+00 7.10e-02  6e-02  8e-02 184:15.3
   42    504 -9.398619097324956e-02 2.1e+00 6.69e-02  6e-02  7e-02 188:11.4
   43    516 -9.347901200461388e-02 2.1e+00 6.60e-02  6e-02  7e-02 192:07.3
   44    528 -9.380432937323392e-02 2.2e+00 6.45e-02  6e-02  7e-02 196:03.4
   45    540 -9.397489217743686e-02 2.2e+00 6.41e-02  5e-02  7e-02 199:59.3
   46    552 -9.415156811771576e-02 2.2e+00 6.49e-02  5e-02  7e-02 203:56.1
   47    564 -9.403676143262664e-02 2.3e+00 6.64e-02  6e-02  7e-02 207:52.6
   48    576 -9.347280879232352e-02 2.3e+00 6.82e-02  6e-02  7e-02 211:48.4
   49    588 -9.295383042839681e-02 2.4e+00 7.14e-02  6e-02  8e-02 215:44.0
   50    600 -9.299410786483170e-02 2.4e+00 6.99e-02  6e-02  8e-02 219:39.6
   51    612 -9.355002752591622e-02 2.5e+00 6.49e-02  5e-02  7e-02 223:36.3
   52    624 -9.426404654078431e-02 2.5e+00 6.20e-02  5e-02  7e-02 227:32.7
   53    636 -9.348581075782557e-02 2.5e+00 6.11e-02  5e-02  7e-02 231:29.3
   54    648 -9.418627227801292e-02 2.6e+00 6.04e-02  5e-02  7e-02 235:25.3
   55    660 -9.452896549110409e-02 2.5e+00 6.41e-02  5e-02  7e-02 239:21.2
   56    672 -9.371035559243403e-02 2.6e+00 6.64e-02  5e-02  7e-02 243:17.1
   57    684 -9.394412357681391e-02 2.7e+00 6.86e-02  6e-02  8e-02 247:13.1
   58    696 -9.375824539964943e-02 2.7e+00 7.17e-02  6e-02  8e-02 251:08.2
   59    708 -9.400043378087043e-02 2.8e+00 7.32e-02  6e-02  8e-02 255:03.4
   60    720 -9.448561960950647e-02 2.9e+00 7.49e-02  6e-02  9e-02 258:58.5
   61    732 -9.408999857913508e-02 2.9e+00 7.58e-02  6e-02  9e-02 262:54.2
   62    744 -9.462087916597244e-02 3.0e+00 7.77e-02  6e-02  9e-02 266:49.5
   63    756 -9.483129824118197e-02 3.1e+00 7.79e-02  6e-02  9e-02 270:44.9
   64    768 -9.472874057379528e-02 3.1e+00 7.81e-02  6e-02  9e-02 274:40.2
   65    780 -9.489886097471033e-02 3.2e+00 7.81e-02  6e-02  9e-02 278:36.0
   66    792 -9.530637872376788e-02 3.2e+00 7.79e-02  6e-02  9e-02 282:32.2
   67    804 -9.361687646619955e-02 3.2e+00 7.77e-02  6e-02  9e-02 286:28.1
   68    816 -9.476935558101748e-02 3.3e+00 7.88e-02  6e-02  9e-02 290:24.1
   69    828 -9.468950870597562e-02 3.3e+00 8.04e-02  6e-02  1e-01 294:19.8
   70    840 -9.423998510706817e-02 3.3e+00 8.20e-02  6e-02  1e-01 298:15.2
   71    852 -9.447004557204025e-02 3.4e+00 8.58e-02  7e-02  1e-01 302:11.3
   72    864 -9.378883313121437e-02 3.5e+00 8.87e-02  7e-02  1e-01 306:07.4
   73    876 -9.457868157871735e-02 3.5e+00 8.92e-02  7e-02  1e-01 310:03.5
   74    888 -9.485387662725263e-02 3.6e+00 8.89e-02  7e-02  1e-01 313:59.6
   75    900 -9.474234760881109e-02 3.6e+00 8.86e-02  7e-02  1e-01 317:56.1
   76    912 -9.485141264588939e-02 3.6e+00 8.85e-02  7e-02  1e-01 321:52.6
   77    924 -9.493046517984570e-02 3.7e+00 8.55e-02  7e-02  1e-01 325:48.6
   78    936 -9.445031873462230e-02 3.7e+00 8.29e-02  6e-02  1e-01 329:44.8
   79    948 -9.553178179980250e-02 3.8e+00 8.27e-02  6e-02  1e-01 333:40.6
   80    960 -9.575675934884589e-02 3.8e+00 8.28e-02  6e-02  1e-01 337:36.8
   81    972 -9.435305799432689e-02 3.9e+00 8.62e-02  7e-02  1e-01 341:33.1
   82    984 -9.568176851778461e-02 3.9e+00 8.96e-02  7e-02  1e-01 345:28.8
   83    996 -9.510543983777643e-02 4.0e+00 9.44e-02  7e-02  1e-01 349:24.7
   84   1008 -9.528745092513302e-02 4.1e+00 9.79e-02  7e-02  1e-01 353:20.3
   85   1020 -9.460306514372516e-02 4.1e+00 9.73e-02  7e-02  1e-01 357:16.8
   86   1032 -9.561817563591288e-02 4.1e+00 9.97e-02  8e-02  1e-01 361:12.8
   87   1044 -9.562736594464523e-02 4.2e+00 1.00e-01  8e-02  1e-01 365:08.5
   88   1056 -9.550663087515496e-02 4.2e+00 9.61e-02  7e-02  1e-01 369:04.7
   89   1068 -9.478527427677015e-02 4.3e+00 8.90e-02  7e-02  1e-01 373:01.1
   90   1080 -9.530382737720056e-02 4.3e+00 8.51e-02  6e-02  1e-01 376:57.2
   91   1092 -9.496181084553444e-02 4.5e+00 8.28e-02  6e-02  1e-01 380:52.7
   92   1104 -9.515302105764632e-02 4.6e+00 8.04e-02  6e-02  1e-01 384:48.1
   93   1116 -9.565580661659080e-02 4.6e+00 7.81e-02  6e-02  1e-01 388:43.9
   94   1128 -9.576949790673271e-02 4.6e+00 7.81e-02  6e-02  1e-01 392:39.8
   95   1140 -9.545583303033071e-02 4.7e+00 7.81e-02  6e-02  1e-01 396:36.3
   96   1152 -9.516990484779378e-02 4.8e+00 7.47e-02  6e-02  1e-01 400:32.1
   97   1164 -9.570047340759523e-02 4.9e+00 7.26e-02  5e-02  1e-01 404:27.7
   98   1176 -9.588850619215136e-02 4.9e+00 7.01e-02  5e-02  9e-02 408:23.7
   99   1188 -9.581621472148982e-02 4.9e+00 6.84e-02  5e-02  9e-02 412:20.1
  100   1200 -9.595359876720845e-02 4.9e+00 6.60e-02  5e-02  9e-02 416:16.2
  101   1212 -9.576449258077623e-02 5.0e+00 6.28e-02  5e-02  8e-02 420:11.9
  102   1224 -9.599499218843235e-02 5.1e+00 5.84e-02  4e-02  8e-02 424:08.0
  103   1236 -9.563901155297243e-02 5.1e+00 5.40e-02  4e-02  7e-02 428:03.3
  104   1248 -9.593928661765845e-02 5.2e+00 5.15e-02  4e-02  7e-02 431:59.8
  105   1260 -9.619482340699446e-02 5.2e+00 4.91e-02  3e-02  7e-02 435:55.5
  106   1272 -9.606335601189904e-02 5.2e+00 4.65e-02  3e-02  6e-02 439:51.1
  107   1284 -9.618498147695306e-02 5.3e+00 4.53e-02  3e-02  6e-02 443:46.6
  108   1296 -9.597124026631768e-02 5.4e+00 4.29e-02  3e-02  6e-02 447:42.0
  109   1308 -9.613510059634935e-02 5.4e+00 4.00e-02  3e-02  5e-02 451:38.6
  110   1320 -9.620792176388442e-02 5.4e+00 3.90e-02  3e-02  5e-02 455:34.4
  111   1332 -9.639729479181229e-02 5.4e+00 3.90e-02  3e-02  5e-02 459:29.2
  112   1344 -9.647836948025737e-02 5.5e+00 4.03e-02  3e-02  5e-02 463:25.0
  113   1356 -9.647545549883069e-02 5.6e+00 4.24e-02  3e-02  5e-02 467:20.4
  114   1368 -9.670184627857270e-02 5.6e+00 4.43e-02  3e-02  6e-02 471:17.0
  115   1380 -9.656856975226093e-02 5.8e+00 4.39e-02  3e-02  6e-02 475:12.5
  116   1392 -9.657610561353787e-02 5.9e+00 4.28e-02  3e-02  6e-02 479:08.0
  117   1404 -9.673116192646251e-02 6.0e+00 4.37e-02  3e-02  6e-02 483:03.2
  118   1416 -9.658029791333775e-02 6.0e+00 4.31e-02  3e-02  6e-02 486:59.2
  119   1428 -9.667788427602549e-02 6.2e+00 4.19e-02  3e-02  6e-02 490:55.5
  120   1440 -9.684589952894984e-02 6.2e+00 4.23e-02  3e-02  6e-02 494:51.1
  121   1452 -9.685877648704112e-02 6.3e+00 4.28e-02  3e-02  6e-02 498:47.0
  122   1464 -9.695179190193016e-02 6.6e+00 4.44e-02  3e-02  6e-02 502:42.4
  123   1476 -9.717736888312441e-02 6.8e+00 4.57e-02  3e-02  7e-02 506:37.9
  124   1488 -9.719835955652820e-02 7.0e+00 4.68e-02  3e-02  7e-02 510:33.8
  125   1500 -9.690875532153015e-02 7.3e+00 4.67e-02  3e-02  7e-02 514:30.3
  126   1512 -9.691051445522253e-02 7.6e+00 4.57e-02  3e-02  7e-02 518:26.3
  127   1524 -9.702475860373802e-02 7.8e+00 4.47e-02  3e-02  7e-02 522:21.7
  128   1536 -9.717172048103163e-02 8.0e+00 4.34e-02  3e-02  7e-02 526:17.4
  129   1548 -9.737340725388716e-02 8.0e+00 4.34e-02  3e-02  7e-02 530:14.0
  130   1560 -9.729000481358788e-02 8.2e+00 4.47e-02  3e-02  7e-02 534:10.2
  131   1572 -9.739895838016172e-02 8.3e+00 4.82e-02  3e-02  8e-02 538:05.6
  132   1584 -9.744797745677253e-02 8.5e+00 5.10e-02  4e-02  8e-02 542:00.9
  133   1596 -9.749218389419995e-02 8.6e+00 5.12e-02  4e-02  8e-02 545:56.6
  134   1608 -9.766534176803361e-02 8.7e+00 5.23e-02  4e-02  9e-02 549:52.7
  135   1620 -9.765798634997758e-02 9.1e+00 5.26e-02  4e-02  9e-02 553:48.9
  136   1632 -9.744898167628402e-02 9.2e+00 5.24e-02  4e-02  9e-02 557:44.4
  137   1644 -9.757821641002007e-02 9.3e+00 4.90e-02  3e-02  8e-02 561:39.9
  138   1656 -9.764646634082787e-02 9.6e+00 4.73e-02  3e-02  8e-02 565:35.5
  139   1668 -9.768781429229138e-02 9.8e+00 4.68e-02  3e-02  8e-02 569:31.7
  140   1680 -9.762032275390346e-02 1.0e+01 4.57e-02  3e-02  8e-02 573:27.5
  141   1692 -9.762166200478489e-02 1.0e+01 4.48e-02  3e-02  8e-02 577:23.0
  142   1704 -9.792134182511990e-02 1.0e+01 4.65e-02  3e-02  8e-02 581:19.2
  143   1716 -9.789305890094428e-02 1.0e+01 4.87e-02  3e-02  8e-02 585:14.8
  144   1728 -9.822626138650271e-02 1.0e+01 5.20e-02  4e-02  9e-02 589:11.1
  145   1740 -9.832117078521938e-02 1.1e+01 5.42e-02  4e-02  9e-02 593:07.9
  146   1752 -9.814876784805762e-02 1.1e+01 5.61e-02  4e-02  9e-02 597:03.5
  147   1764 -9.829753440652150e-02 1.1e+01 5.50e-02  4e-02  9e-02 600:58.9
  148   1776 -9.816442357538137e-02 1.1e+01 5.37e-02  4e-02  9e-02 604:54.4
  149   1788 -9.816526592733991e-02 1.1e+01 5.35e-02  4e-02  9e-02 608:51.5
  150   1800 -9.816177338051559e-02 1.1e+01 5.41e-02  4e-02  9e-02 612:47.6
  151   1812 -9.826396110134930e-02 1.1e+01 5.37e-02  4e-02  9e-02 616:44.3
  152   1824 -9.827836345025492e-02 1.1e+01 5.34e-02  4e-02  9e-02 620:40.7
  153   1836 -9.849939278003113e-02 1.1e+01 5.37e-02  4e-02  9e-02 624:36.8
  154   1848 -9.831563276712689e-02 1.1e+01 5.45e-02  4e-02  9e-02 628:32.7
  155   1860 -9.826294884131515e-02 1.2e+01 5.48e-02  4e-02  9e-02 632:28.4
  156   1872 -9.850775590095663e-02 1.2e+01 5.31e-02  4e-02  9e-02 636:23.7
  157   1884 -9.858210483901102e-02 1.2e+01 5.34e-02  4e-02  9e-02 640:19.3
  158   1896 -9.860380913997562e-02 1.2e+01 5.27e-02  4e-02  9e-02 644:14.3
  159   1908 -9.864231979119407e-02 1.2e+01 5.33e-02  4e-02  9e-02 648:09.5
  160   1920 -9.843380601085948e-02 1.2e+01 5.18e-02  3e-02  9e-02 652:04.7
  161   1932 -9.859190997126326e-02 1.2e+01 5.11e-02  3e-02  9e-02 656:00.3
  162   1944 -9.857798810631287e-02 1.2e+01 5.42e-02  4e-02  1e-01 659:55.7
  163   1956 -9.866701891989539e-02 1.3e+01 5.57e-02  4e-02  1e-01 663:51.2
  164   1968 -9.863549768240179e-02 1.3e+01 5.58e-02  4e-02  1e-01 667:46.5
  165   1980 -9.887520678474508e-02 1.3e+01 5.54e-02  4e-02  1e-01 671:42.9
  166   1992 -9.876527642760276e-02 1.4e+01 5.40e-02  4e-02  1e-01 675:38.6
  167   2004 -9.886864313163957e-02 1.4e+01 5.43e-02  4e-02  1e-01 679:33.9
  168   2016 -9.902611991477059e-02 1.4e+01 5.47e-02  4e-02  1e-01 683:30.2
  169   2028 -9.885513947348798e-02 1.5e+01 5.21e-02  3e-02  1e-01 687:25.7
  170   2040 -9.901520077811929e-02 1.5e+01 5.14e-02  3e-02  1e-01 691:21.0
  171   2052 -9.889777173006588e-02 1.5e+01 5.01e-02  3e-02  1e-01 695:16.2
  172   2064 -9.916638148591310e-02 1.5e+01 4.94e-02  3e-02  1e-01 699:12.2
  173   2076 -9.908838364657234e-02 1.5e+01 5.00e-02  3e-02  1e-01 703:07.5
  174   2088 -9.921139308905734e-02 1.5e+01 5.10e-02  3e-02  1e-01 707:03.2
  175   2100 -9.927869777146914e-02 1.5e+01 5.35e-02  3e-02  1e-01 710:59.1
  176   2112 -9.918762773225194e-02 1.5e+01 5.61e-02  4e-02  1e-01 714:54.4
  177   2124 -9.907672324312498e-02 1.5e+01 5.72e-02  4e-02  1e-01 718:49.7
  178   2136 -9.918402403199507e-02 1.5e+01 5.64e-02  4e-02  1e-01 722:45.7
  179   2148 -9.923089268372152e-02 1.5e+01 5.63e-02  4e-02  1e-01 726:41.0
  180   2160 -9.910813359226775e-02 1.5e+01 5.40e-02  3e-02  1e-01 730:36.4
  181   2172 -9.942856120502831e-02 1.5e+01 5.19e-02  3e-02  1e-01 734:31.8
  182   2184 -9.942443390837792e-02 1.5e+01 5.07e-02  3e-02  1e-01 738:26.2
  183   2196 -9.950716671500676e-02 1.5e+01 5.03e-02  3e-02  1e-01 742:21.0
  184   2208 -9.947970218314688e-02 1.5e+01 5.02e-02  3e-02  1e-01 746:17.1
  185   2220 -9.950792365750354e-02 1.5e+01 4.94e-02  3e-02  1e-01 750:12.4
  186   2232 -9.966108731863688e-02 1.5e+01 4.83e-02  3e-02  1e-01 754:06.9
  187   2244 -9.966479376971295e-02 1.5e+01 4.79e-02  3e-02  1e-01 758:01.3
  188   2256 -9.985401112533288e-02 1.6e+01 4.77e-02  3e-02  1e-01 761:55.7
  189   2268 -9.997594077282274e-02 1.6e+01 4.77e-02  3e-02  1e-01 765:51.2
  190   2280 -9.972059200399638e-02 1.6e+01 4.83e-02  3e-02  1e-01 769:46.6
  191   2292 -9.984082359967715e-02 1.6e+01 4.89e-02  3e-02  1e-01 773:41.1
  192   2304 -9.973538711258866e-02 1.6e+01 4.92e-02  3e-02  1e-01 777:37.1
  193   2316 -1.000075541690616e-01 1.6e+01 5.00e-02  3e-02  1e-01 781:32.7
  194   2328 -1.000312278037500e-01 1.6e+01 5.20e-02  3e-02  1e-01 785:27.9
  195   2340 -1.001458242828457e-01 1.7e+01 5.16e-02  3e-02  1e-01 789:23.9
  196   2352 -1.001074534303137e-01 1.7e+01 5.03e-02  3e-02  1e-01 793:19.8
  197   2364 -1.001157808054321e-01 1.7e+01 5.10e-02  3e-02  1e-01 797:15.2
  198   2376 -1.002849197814300e-01 1.7e+01 5.17e-02  3e-02  1e-01 801:10.6
  199   2388 -1.002937933818061e-01 1.8e+01 5.15e-02  3e-02  1e-01 805:06.5
  200   2400 -1.002301487273490e-01 1.8e+01 5.05e-02  3e-02  1e-01 809:02.0
  201   2412 -1.002316271671354e-01 1.8e+01 5.10e-02  3e-02  1e-01 812:58.0
  202   2424 -1.001308748183962e-01 1.8e+01 5.24e-02  3e-02  1e-01 816:53.8
  203   2436 -1.002340925959046e-01 1.8e+01 5.19e-02  3e-02  1e-01 820:49.4
  204   2448 -1.002795777690728e-01 1.8e+01 4.81e-02  3e-02  1e-01 824:45.2
  205   2460 -1.002237843673756e-01 1.8e+01 4.49e-02  2e-02  9e-02 828:41.1
  206   2472 -1.001800437883615e-01 1.8e+01 4.31e-02  2e-02  9e-02 832:37.1
  207   2484 -1.003709550231620e-01 1.8e+01 4.17e-02  2e-02  9e-02 836:32.3
  208   2496 -1.005984427222885e-01 1.8e+01 3.99e-02  2e-02  8e-02 840:28.6
  209   2508 -1.006491314998324e-01 1.8e+01 3.95e-02  2e-02  8e-02 844:25.1
  210   2520 -1.007228997704838e-01 1.9e+01 4.06e-02  2e-02  9e-02 848:20.9
  211   2532 -1.008024223657254e-01 1.9e+01 4.31e-02  2e-02  9e-02 852:16.3
  212   2544 -1.008527693703194e-01 1.9e+01 4.54e-02  2e-02  1e-01 856:12.2
  213   2556 -1.007856524347480e-01 2.0e+01 4.65e-02  2e-02  1e-01 860:07.4
  214   2568 -1.010411241922099e-01 2.0e+01 4.64e-02  2e-02  1e-01 864:02.8
  215   2580 -1.008076072853984e-01 2.0e+01 4.54e-02  2e-02  1e-01 867:57.5
  216   2592 -1.008468640921244e-01 2.1e+01 4.38e-02  2e-02  1e-01 871:53.2
  217   2604 -1.008559543989570e-01 2.0e+01 4.17e-02  2e-02  9e-02 875:48.4
  218   2616 -1.009979762436103e-01 2.0e+01 3.96e-02  2e-02  9e-02 879:44.0
  219   2628 -1.010578975927429e-01 2.1e+01 3.88e-02  2e-02  9e-02 883:39.3
  220   2640 -1.010935435282772e-01 2.1e+01 3.91e-02  2e-02  9e-02 887:33.9
