Running job array 90 on pe32.int.triton.aalto.fi
Starting at Fri Mar 21 16:13:35 EET 2025
Activating virtual environment at /scratch/work/uotilav2/quantum-portfolio/venv
Processing batch 91/100: experiments 90 to 90 (total 1)
Processing experiment 90
Budget: 4855
YF.download() has changed argument auto_adjust default to True
Number of qubits for asset INTC: 8
Number of qubits for asset NKE: 7
Total number of qubits:  15
Optimized Weights (considering variance, skewness and kurtosis):
INTC: 25.27%
NKE: 74.73%
Left over budget:  18.08127148323001
Optimized Discrete Allocation:
INTC: 61
NKE: 48
Maximized utility from continuous higher moments:  -1234598.7547227838
Budget constraint satisfied 4822.591278076172 4855 Difference:  32.408721923828125
smallest_eigenvalues: [-0.22340118758990604]
smallest_bitstrings: ['010001001110110']
first_excited_energy: None
optimized_portfolio: [{'INTC': 34, 'NKE': 55}]
second_optimized_portfolio: None
result_with_budget: [{'portfolio': {'INTC': 34, 'NKE': 55}, 'budget': 4822.591278076172, 'difference': 32.408721923828125, 'objective_value': -640820.0310663444}]
result_with_budget_excited: None
Initial params:  [2.51063067 1.44978017 2.45210473 0.37157007 2.01037118 0.45035763
 2.96776493 1.63943485 1.3026989  0.83112597 2.43232687 1.43303853
 1.78578792 0.0590299  1.94035914 1.92295543 1.93815531 2.96487203
 2.14200164 1.12942738]
(6_w,12)-aCMA-ES (mu_w=3.7,w_1=40%) in dimension 20 (seed=695646, Fri Mar 21 16:18:00 2025)
Iterat #Fevals   function value  axis ratio  sigma  min&max std  t[m:s]
    1     12 -1.201295170086912e-01 1.0e+00 9.33e-02  9e-02  9e-02 3:54.8
    2     24 -1.359141721812045e-01 1.1e+00 9.15e-02  9e-02  9e-02 7:46.1
    3     36 -1.412312913990797e-01 1.1e+00 9.04e-02  9e-02  9e-02 11:37.7
    4     48 -1.391710891182186e-01 1.2e+00 8.89e-02  9e-02  9e-02 15:29.8
    5     60 -1.419871450875836e-01 1.2e+00 8.65e-02  8e-02  9e-02 19:15.8
    6     72 -1.408074155710194e-01 1.2e+00 8.33e-02  8e-02  8e-02 23:10.0
    7     84 -1.401594963717882e-01 1.2e+00 8.21e-02  8e-02  8e-02 27:04.4
    8     96 -1.531391903664955e-01 1.2e+00 8.32e-02  8e-02  8e-02 30:58.6
    9    108 -1.481245831009913e-01 1.3e+00 8.80e-02  8e-02  9e-02 34:53.6
   10    120 -1.600187977325444e-01 1.3e+00 9.32e-02  9e-02  1e-01 38:48.3
   11    132 -1.587790782669169e-01 1.4e+00 9.72e-02  9e-02  1e-01 42:43.1
   12    144 -1.555768341857568e-01 1.5e+00 1.01e-01  1e-01  1e-01 46:38.3
   13    156 -1.481903322963913e-01 1.6e+00 1.06e-01  1e-01  1e-01 50:32.9
   14    168 -1.471287120914181e-01 1.6e+00 1.09e-01  1e-01  1e-01 54:28.1
   15    180 -1.560492269712135e-01 1.7e+00 1.09e-01  1e-01  1e-01 58:21.6
   16    192 -1.535797720115054e-01 1.7e+00 1.07e-01  1e-01  1e-01 62:13.4
   17    204 -1.590822629507886e-01 1.7e+00 1.08e-01  1e-01  1e-01 66:04.8
   18    216 -1.568597820134884e-01 1.7e+00 1.10e-01  1e-01  1e-01 69:56.1
   19    228 -1.597366466449405e-01 1.8e+00 1.10e-01  1e-01  1e-01 73:47.9
   20    240 -1.668326975051818e-01 1.8e+00 1.07e-01  1e-01  1e-01 77:39.7
   21    252 -1.664068049939575e-01 1.8e+00 1.10e-01  1e-01  1e-01 81:29.6
   22    264 -1.667849973114726e-01 1.9e+00 1.08e-01  1e-01  1e-01 85:18.4
   23    276 -1.617403930819801e-01 1.9e+00 1.11e-01  1e-01  1e-01 89:07.2
   24    288 -1.624530663456326e-01 1.9e+00 1.13e-01  1e-01  1e-01 92:56.1
   25    300 -1.596053178317972e-01 2.0e+00 1.17e-01  1e-01  1e-01 96:44.9
   26    312 -1.769813105590985e-01 2.0e+00 1.20e-01  1e-01  1e-01 100:33.6
   27    324 -1.533954866688484e-01 2.0e+00 1.16e-01  1e-01  1e-01 104:22.3
   28    336 -1.621844822744879e-01 2.0e+00 1.10e-01  1e-01  1e-01 108:11.0
   29    348 -1.699649526138640e-01 2.1e+00 1.10e-01  1e-01  1e-01 112:00.4
   30    360 -1.666742709103584e-01 2.1e+00 1.06e-01  1e-01  1e-01 115:49.7
   31    372 -1.634692242188307e-01 2.2e+00 1.02e-01  9e-02  1e-01 119:38.9
   32    384 -1.648743721913943e-01 2.2e+00 9.76e-02  9e-02  1e-01 123:28.3
   33    396 -1.738164928353269e-01 2.2e+00 9.35e-02  9e-02  1e-01 127:19.0
   34    408 -1.714930574701139e-01 2.3e+00 8.97e-02  8e-02  1e-01 131:08.4
   35    420 -1.682356185915885e-01 2.3e+00 8.80e-02  8e-02  1e-01 134:58.5
   36    432 -1.721080450102060e-01 2.3e+00 8.39e-02  8e-02  1e-01 138:48.1
   37    444 -1.679979318762274e-01 2.4e+00 8.03e-02  7e-02  9e-02 142:37.7
   38    456 -1.662132945585374e-01 2.5e+00 7.91e-02  7e-02  9e-02 146:28.3
   39    468 -1.762187035175638e-01 2.5e+00 7.73e-02  7e-02  9e-02 150:17.9
   40    480 -1.722271632399315e-01 2.5e+00 7.65e-02  7e-02  9e-02 154:07.4
   41    492 -1.755211630933144e-01 2.5e+00 7.42e-02  7e-02  8e-02 157:57.0
   42    504 -1.748265098567651e-01 2.5e+00 7.35e-02  7e-02  8e-02 161:46.8
   43    516 -1.759192149146023e-01 2.5e+00 7.37e-02  7e-02  8e-02 165:37.2
   44    528 -1.771210896543325e-01 2.5e+00 7.24e-02  7e-02  8e-02 169:26.6
   45    540 -1.792502160020353e-01 2.6e+00 7.10e-02  6e-02  8e-02 173:16.0
   46    552 -1.797862163903686e-01 2.6e+00 6.91e-02  6e-02  8e-02 177:05.3
   47    564 -1.798201994804334e-01 2.7e+00 7.06e-02  6e-02  8e-02 180:55.7
   48    576 -1.773456211003720e-01 2.7e+00 7.20e-02  6e-02  8e-02 184:46.4
   49    588 -1.798659466447532e-01 2.7e+00 7.51e-02  7e-02  9e-02 188:35.9
   50    600 -1.792461782008405e-01 2.8e+00 7.58e-02  7e-02  9e-02 192:25.8
   51    612 -1.783562063486807e-01 2.9e+00 7.51e-02  7e-02  9e-02 196:15.3
   52    624 -1.747534879519744e-01 3.0e+00 7.61e-02  7e-02  9e-02 200:06.0
   53    636 -1.802257181677010e-01 3.1e+00 7.50e-02  7e-02  9e-02 203:55.3
   54    648 -1.815175317329656e-01 3.1e+00 7.45e-02  7e-02  9e-02 207:44.5
   55    660 -1.789499660430213e-01 3.1e+00 7.39e-02  7e-02  9e-02 211:34.2
   56    672 -1.770679675292213e-01 3.1e+00 7.34e-02  6e-02  8e-02 215:23.7
   57    684 -1.797554463708938e-01 3.2e+00 7.22e-02  6e-02  8e-02 219:14.0
   58    696 -1.777843123163184e-01 3.2e+00 6.99e-02  6e-02  8e-02 223:03.8
   59    708 -1.788326632361876e-01 3.2e+00 6.99e-02  6e-02  8e-02 226:53.1
   60    720 -1.786763338812215e-01 3.3e+00 7.04e-02  6e-02  8e-02 230:41.2
   61    732 -1.766910709724059e-01 3.3e+00 7.13e-02  6e-02  8e-02 234:30.5
   62    744 -1.788550285000858e-01 3.4e+00 7.08e-02  6e-02  8e-02 238:20.4
   63    756 -1.800163930477343e-01 3.4e+00 7.47e-02  6e-02  9e-02 242:09.7
   64    768 -1.791022717451606e-01 3.4e+00 7.67e-02  7e-02  9e-02 245:59.5
   65    780 -1.782208714047831e-01 3.4e+00 7.92e-02  7e-02  9e-02 249:48.8
   66    792 -1.771879700605391e-01 3.5e+00 8.11e-02  7e-02  9e-02 253:38.0
   67    804 -1.782309971393661e-01 3.5e+00 8.25e-02  7e-02  9e-02 257:28.1
   68    816 -1.791055243613457e-01 3.5e+00 8.18e-02  7e-02  9e-02 261:18.7
   69    828 -1.795344499189779e-01 3.5e+00 8.40e-02  7e-02  9e-02 265:07.9
   70    840 -1.817532873744385e-01 3.5e+00 8.45e-02  7e-02  1e-01 268:57.1
   71    852 -1.812690545299313e-01 3.6e+00 8.31e-02  7e-02  9e-02 272:46.3
   72    864 -1.816518555994276e-01 3.6e+00 8.39e-02  7e-02  9e-02 276:35.9
   73    876 -1.807729655411005e-01 3.6e+00 8.13e-02  7e-02  9e-02 280:25.1
   74    888 -1.817437002240972e-01 3.7e+00 7.87e-02  7e-02  9e-02 284:15.0
   75    900 -1.815555843331418e-01 3.8e+00 7.39e-02  6e-02  8e-02 288:04.1
   76    912 -1.804782931384562e-01 3.8e+00 7.19e-02  6e-02  8e-02 291:54.5
   77    924 -1.806271340863566e-01 3.9e+00 7.07e-02  6e-02  8e-02 295:45.0
   78    936 -1.806991745043665e-01 4.0e+00 6.99e-02  6e-02  8e-02 299:36.3
   79    948 -1.805538066189022e-01 4.0e+00 6.97e-02  6e-02  8e-02 303:27.0
   80    960 -1.808192624952859e-01 4.2e+00 7.12e-02  6e-02  8e-02 307:17.7
   81    972 -1.829309125934154e-01 4.3e+00 7.20e-02  6e-02  8e-02 311:08.7
   82    984 -1.838820209124782e-01 4.4e+00 7.11e-02  6e-02  8e-02 314:60.0
   83    996 -1.823167072320883e-01 4.5e+00 7.09e-02  6e-02  8e-02 318:52.3
   84   1008 -1.825968359754656e-01 4.6e+00 7.06e-02  6e-02  8e-02 322:43.8
   85   1020 -1.835962269133553e-01 4.6e+00 7.30e-02  6e-02  9e-02 326:35.0
   86   1032 -1.822444051157312e-01 4.7e+00 7.52e-02  6e-02  9e-02 330:26.9
   87   1044 -1.838723633225968e-01 4.8e+00 8.00e-02  7e-02  1e-01 334:18.0
   88   1056 -1.815528891913848e-01 4.9e+00 8.24e-02  7e-02  1e-01 338:09.3
   89   1068 -1.824316985253303e-01 5.0e+00 8.34e-02  7e-02  1e-01 342:00.5
   90   1080 -1.828518032787831e-01 5.2e+00 8.23e-02  7e-02  1e-01 345:51.5
   91   1092 -1.824003285124325e-01 5.4e+00 8.16e-02  7e-02  1e-01 349:43.2
   92   1104 -1.845887862651036e-01 5.5e+00 8.07e-02  7e-02  1e-01 353:32.4
   93   1116 -1.834212073360534e-01 5.6e+00 7.42e-02  6e-02  9e-02 357:22.2
   94   1128 -1.848298592236551e-01 5.6e+00 7.04e-02  6e-02  9e-02 361:12.7
   95   1140 -1.840258253101769e-01 5.6e+00 6.66e-02  5e-02  8e-02 365:03.8
   96   1152 -1.850917788853564e-01 5.8e+00 6.57e-02  5e-02  8e-02 368:55.6
   97   1164 -1.837196604296150e-01 5.9e+00 6.45e-02  5e-02  8e-02 372:46.5
   98   1176 -1.849509279954261e-01 6.0e+00 6.60e-02  5e-02  9e-02 376:37.5
   99   1188 -1.850894920043230e-01 6.1e+00 6.45e-02  5e-02  8e-02 380:28.9
  100   1200 -1.853146008799246e-01 6.2e+00 6.36e-02  5e-02  8e-02 384:20.6
  101   1212 -1.845318036987929e-01 6.2e+00 6.26e-02  5e-02  8e-02 388:12.1
  102   1224 -1.847810561364532e-01 6.2e+00 6.11e-02  5e-02  8e-02 392:03.6
  103   1236 -1.846379858587357e-01 6.2e+00 5.89e-02  5e-02  8e-02 395:55.0
  104   1248 -1.850297134522940e-01 6.3e+00 5.61e-02  5e-02  7e-02 399:45.6
  105   1260 -1.862390749850177e-01 6.3e+00 5.49e-02  4e-02  7e-02 403:37.3
  106   1272 -1.854566710077966e-01 6.3e+00 5.38e-02  4e-02  7e-02 407:29.1
  107   1284 -1.857411483139339e-01 6.5e+00 5.22e-02  4e-02  7e-02 411:20.4
  108   1296 -1.858528407011660e-01 6.7e+00 5.16e-02  4e-02  7e-02 415:11.3
  109   1308 -1.863097232127265e-01 6.8e+00 4.94e-02  4e-02  7e-02 419:02.0
  110   1320 -1.861998922892825e-01 6.9e+00 4.83e-02  4e-02  7e-02 422:53.2
  111   1332 -1.860366168842823e-01 7.0e+00 4.78e-02  4e-02  6e-02 426:45.2
  112   1344 -1.856433085312494e-01 7.1e+00 4.54e-02  4e-02  6e-02 430:35.6
  113   1356 -1.861728524227101e-01 7.2e+00 4.25e-02  3e-02  6e-02 434:26.8
  114   1368 -1.859317778614228e-01 7.3e+00 4.03e-02  3e-02  5e-02 438:17.6
  115   1380 -1.860930299815352e-01 7.4e+00 3.89e-02  3e-02  5e-02 442:09.2
  116   1392 -1.860625241633095e-01 7.5e+00 3.62e-02  3e-02  5e-02 446:00.5
  117   1404 -1.865204656891984e-01 7.5e+00 3.41e-02  3e-02  5e-02 449:52.5
  118   1416 -1.864684298125062e-01 7.6e+00 3.16e-02  3e-02  4e-02 453:45.1
  119   1428 -1.863666868811193e-01 7.7e+00 3.14e-02  3e-02  4e-02 457:36.6
  120   1440 -1.864324184159351e-01 7.8e+00 3.17e-02  3e-02  4e-02 461:28.9
  121   1452 -1.867156039683328e-01 8.0e+00 3.28e-02  3e-02  5e-02 465:20.7
  122   1464 -1.864142056570587e-01 8.1e+00 3.30e-02  3e-02  5e-02 469:11.5
  123   1476 -1.867610750715208e-01 8.3e+00 3.26e-02  3e-02  5e-02 473:02.2
  124   1488 -1.865375307494398e-01 8.4e+00 3.08e-02  2e-02  4e-02 476:53.1
  125   1500 -1.865046811720095e-01 8.4e+00 2.96e-02  2e-02  4e-02 480:45.4
  126   1512 -1.867233790519008e-01 8.5e+00 2.91e-02  2e-02  4e-02 484:36.6
  127   1524 -1.866721720097647e-01 8.4e+00 2.93e-02  2e-02  4e-02 488:27.4
  128   1536 -1.867018067687337e-01 8.5e+00 2.89e-02  2e-02  4e-02 492:18.1
  129   1548 -1.864978629505699e-01 8.7e+00 2.81e-02  2e-02  4e-02 496:08.8
  130   1560 -1.869600051971369e-01 8.6e+00 2.75e-02  2e-02  4e-02 500:00.9
  131   1572 -1.870059605104159e-01 8.6e+00 2.75e-02  2e-02  4e-02 503:53.5
  132   1584 -1.870132892346068e-01 8.7e+00 2.66e-02  2e-02  4e-02 507:44.0
  133   1596 -1.869516551271485e-01 8.7e+00 2.61e-02  2e-02  4e-02 511:34.4
  134   1608 -1.870985455763677e-01 8.9e+00 2.54e-02  2e-02  4e-02 515:25.0
  135   1620 -1.871090471080657e-01 8.9e+00 2.46e-02  2e-02  3e-02 519:16.9
  136   1632 -1.872815843225161e-01 9.0e+00 2.41e-02  2e-02  3e-02 523:09.0
  137   1644 -1.872537505572847e-01 9.1e+00 2.34e-02  2e-02  3e-02 526:59.4
  138   1656 -1.872507301638097e-01 9.3e+00 2.28e-02  2e-02  3e-02 530:49.4
  139   1668 -1.873434957671253e-01 9.4e+00 2.36e-02  2e-02  3e-02 534:38.3
  140   1680 -1.873601425996312e-01 9.5e+00 2.41e-02  2e-02  4e-02 538:27.8
  141   1692 -1.872578900897892e-01 9.6e+00 2.42e-02  2e-02  4e-02 542:17.8
  142   1704 -1.873942574327138e-01 9.8e+00 2.41e-02  2e-02  4e-02 546:07.8
  143   1716 -1.873179274598309e-01 9.9e+00 2.35e-02  2e-02  3e-02 549:58.1
  144   1728 -1.874618862128339e-01 9.9e+00 2.41e-02  2e-02  4e-02 553:48.2
  145   1740 -1.874673814048723e-01 1.0e+01 2.47e-02  2e-02  4e-02 557:39.1
  146   1752 -1.875447406814816e-01 1.0e+01 2.49e-02  2e-02  4e-02 561:29.7
  147   1764 -1.877019473338672e-01 1.0e+01 2.56e-02  2e-02  4e-02 565:20.1
  148   1776 -1.876784423926485e-01 1.1e+01 2.71e-02  2e-02  4e-02 569:10.7
  149   1788 -1.876946031165522e-01 1.1e+01 2.73e-02  2e-02  4e-02 573:00.7
  150   1800 -1.876412439702542e-01 1.1e+01 2.59e-02  2e-02  4e-02 576:50.8
  151   1812 -1.877150010234042e-01 1.2e+01 2.49e-02  2e-02  4e-02 580:41.9
  152   1824 -1.876154074266195e-01 1.2e+01 2.46e-02  2e-02  4e-02 584:30.7
  153   1836 -1.879284161947687e-01 1.2e+01 2.44e-02  2e-02  4e-02 588:18.1
  154   1848 -1.878134581881890e-01 1.2e+01 2.34e-02  2e-02  4e-02 592:05.9
  155   1860 -1.878191722490983e-01 1.2e+01 2.33e-02  2e-02  4e-02 595:53.8
  156   1872 -1.879265439497523e-01 1.2e+01 2.37e-02  2e-02  4e-02 599:41.7
  157   1884 -1.880084622369921e-01 1.2e+01 2.31e-02  2e-02  4e-02 603:31.0
  158   1896 -1.879540917533647e-01 1.2e+01 2.29e-02  2e-02  4e-02 607:19.2
  159   1908 -1.879608758666882e-01 1.2e+01 2.24e-02  2e-02  3e-02 611:09.3
  160   1920 -1.880998933584107e-01 1.3e+01 2.28e-02  2e-02  4e-02 614:58.4
  161   1932 -1.880896441979118e-01 1.3e+01 2.33e-02  2e-02  4e-02 618:48.9
  162   1944 -1.881672797446818e-01 1.3e+01 2.37e-02  2e-02  4e-02 622:38.0
  163   1956 -1.881884871766708e-01 1.3e+01 2.45e-02  2e-02  4e-02 626:26.6
  164   1968 -1.882306510943569e-01 1.4e+01 2.49e-02  2e-02  4e-02 630:16.4
  165   1980 -1.882568433315973e-01 1.4e+01 2.49e-02  2e-02  4e-02 634:05.6
  166   1992 -1.882614745887130e-01 1.4e+01 2.44e-02  2e-02  4e-02 637:54.9
  167   2004 -1.883323857450607e-01 1.4e+01 2.53e-02  2e-02  4e-02 641:44.3
  168   2016 -1.885216281327862e-01 1.4e+01 2.56e-02  2e-02  4e-02 645:33.0
  169   2028 -1.884892776033997e-01 1.5e+01 2.62e-02  2e-02  4e-02 649:22.7
  170   2040 -1.885842588787671e-01 1.5e+01 2.69e-02  2e-02  5e-02 653:11.5
  171   2052 -1.886601910408899e-01 1.6e+01 2.72e-02  2e-02  5e-02 657:01.4
  172   2064 -1.886963590072544e-01 1.6e+01 2.91e-02  2e-02  5e-02 660:49.0
  173   2076 -1.886807474986816e-01 1.6e+01 2.97e-02  2e-02  5e-02 664:36.9
  174   2088 -1.890271144323787e-01 1.6e+01 3.09e-02  2e-02  5e-02 668:25.6
  175   2100 -1.888604142211705e-01 1.7e+01 3.28e-02  2e-02  6e-02 672:14.0
  176   2112 -1.889523245584454e-01 1.8e+01 3.32e-02  2e-02  6e-02 676:02.3
  177   2124 -1.891182625526493e-01 1.8e+01 3.32e-02  2e-02  6e-02 679:50.8
  178   2136 -1.890434031908275e-01 1.8e+01 3.30e-02  2e-02  6e-02 683:38.5
  179   2148 -1.888796106108048e-01 1.9e+01 3.33e-02  2e-02  6e-02 687:27.2
  180   2160 -1.889754831157789e-01 1.9e+01 3.32e-02  2e-02  6e-02 691:16.3
  181   2172 -1.891133351399563e-01 1.9e+01 3.36e-02  2e-02  6e-02 695:05.8
  182   2184 -1.891630839817979e-01 2.0e+01 3.42e-02  2e-02  6e-02 698:54.4
  183   2196 -1.891895316358992e-01 2.1e+01 3.52e-02  2e-02  7e-02 702:43.5
  184   2208 -1.892992426288329e-01 2.2e+01 3.58e-02  2e-02  7e-02 706:32.3
  185   2220 -1.894954643378099e-01 2.2e+01 3.52e-02  2e-02  7e-02 710:21.6
  186   2232 -1.893026365819553e-01 2.2e+01 3.32e-02  2e-02  6e-02 714:11.3
  187   2244 -1.893259463541859e-01 2.2e+01 3.15e-02  2e-02  6e-02 718:00.2
  188   2256 -1.893815036723158e-01 2.2e+01 3.11e-02  2e-02  6e-02 721:48.9
  189   2268 -1.895249756348371e-01 2.2e+01 3.03e-02  2e-02  6e-02 725:38.1
  190   2280 -1.895946781367670e-01 2.2e+01 3.04e-02  2e-02  6e-02 729:27.7
  191   2292 -1.895163657266248e-01 2.2e+01 3.05e-02  2e-02  6e-02 733:17.4
  192   2304 -1.896294567480183e-01 2.2e+01 3.04e-02  2e-02  6e-02 737:05.2
  193   2316 -1.896481088474086e-01 2.3e+01 3.03e-02  2e-02  6e-02 740:52.5
  194   2328 -1.895346090119911e-01 2.3e+01 2.97e-02  2e-02  6e-02 744:39.8
  195   2340 -1.895832795472067e-01 2.3e+01 3.00e-02  2e-02  6e-02 748:28.1
  196   2352 -1.897114154451999e-01 2.3e+01 3.13e-02  2e-02  6e-02 752:16.7
  197   2364 -1.896600207414136e-01 2.3e+01 3.08e-02  2e-02  6e-02 756:04.4
  198   2376 -1.898065970464244e-01 2.4e+01 2.96e-02  2e-02  6e-02 759:52.5
  199   2388 -1.898491278522959e-01 2.4e+01 2.84e-02  2e-02  6e-02 763:40.0
  200   2400 -1.897539643982335e-01 2.4e+01 2.82e-02  2e-02  6e-02 767:27.6
  201   2412 -1.897210789537048e-01 2.4e+01 2.86e-02  2e-02  6e-02 771:15.4
  202   2424 -1.898636775076640e-01 2.5e+01 2.88e-02  2e-02  6e-02 775:03.0
  203   2436 -1.900167560225972e-01 2.5e+01 2.88e-02  2e-02  6e-02 778:50.9
  204   2448 -1.900443593282035e-01 2.5e+01 2.89e-02  2e-02  6e-02 782:39.1
  205   2460 -1.900954829683993e-01 2.5e+01 2.96e-02  2e-02  6e-02 786:27.4
  206   2472 -1.901437325302523e-01 2.5e+01 2.92e-02  2e-02  6e-02 790:15.5
  207   2484 -1.902534584578535e-01 2.6e+01 2.86e-02  2e-02  6e-02 794:03.6
  208   2496 -1.902656106974061e-01 2.6e+01 2.82e-02  2e-02  6e-02 797:52.0
  209   2508 -1.902461958722924e-01 2.6e+01 2.88e-02  2e-02  6e-02 801:39.7
  210   2520 -1.903050099120583e-01 2.7e+01 2.90e-02  2e-02  6e-02 805:27.8
  211   2532 -1.902704437974101e-01 2.7e+01 3.00e-02  2e-02  6e-02 809:16.5
  212   2544 -1.903694566195917e-01 2.7e+01 3.07e-02  2e-02  7e-02 813:04.4
  213   2556 -1.905115117698108e-01 2.7e+01 3.22e-02  2e-02  7e-02 816:52.5
  214   2568 -1.904942581450425e-01 2.7e+01 3.46e-02  2e-02  7e-02 820:41.0
  215   2580 -1.904582852220423e-01 2.7e+01 3.68e-02  2e-02  8e-02 824:30.1
  216   2592 -1.904897461215052e-01 2.8e+01 3.86e-02  2e-02  9e-02 828:19.6
  217   2604 -1.903100757252461e-01 2.8e+01 4.02e-02  2e-02  9e-02 832:10.0
  218   2616 -1.901578196848716e-01 2.8e+01 3.98e-02  2e-02  9e-02 835:59.5
  219   2628 -1.903267091952151e-01 2.8e+01 3.88e-02  2e-02  9e-02 839:49.3
  220   2640 -1.903355484505934e-01 2.8e+01 3.70e-02  2e-02  8e-02 843:38.7
  221   2652 -1.904162179870603e-01 2.8e+01 3.58e-02  2e-02  8e-02 847:28.7
  222   2664 -1.904554939000759e-01 2.9e+01 3.58e-02  2e-02  8e-02 851:17.7
  223   2676 -1.907318551476657e-01 2.9e+01 3.60e-02  2e-02  8e-02 855:07.0
  224   2688 -1.905865449087365e-01 2.9e+01 3.51e-02  2e-02  8e-02 858:56.0
  225   2700 -1.906592649991981e-01 2.9e+01 3.38e-02  2e-02  7e-02 862:45.4
  226   2712 -1.906774941159933e-01 2.9e+01 3.29e-02  2e-02  7e-02 866:34.8
  227   2724 -1.907137760405198e-01 2.9e+01 3.22e-02  2e-02  7e-02 870:24.3
  228   2736 -1.907069103281184e-01 3.0e+01 3.06e-02  2e-02  7e-02 874:14.1
  229   2748 -1.909775098949029e-01 2.9e+01 2.95e-02  2e-02  6e-02 878:03.1
  230   2760 -1.909329951637252e-01 2.9e+01 2.79e-02  1e-02  6e-02 881:53.2
  231   2772 -1.910953946372989e-01 3.0e+01 2.75e-02  1e-02  6e-02 885:43.4
  233   2796 -1.910982699088363e-01 3.0e+01 2.81e-02  1e-02  6e-02 893:19.3
  235   2820 -1.911579278093145e-01 3.1e+01 2.80e-02  1e-02  6e-02 900:55.9
  237   2844 -1.912181607461738e-01 3.2e+01 2.77e-02  1e-02  6e-02 908:32.5
  239   2868 -1.913068634577220e-01 3.2e+01 3.12e-02  2e-02  7e-02 916:09.3
  241   2892 -1.913338204319283e-01 3.3e+01 3.18e-02  2e-02  8e-02 923:46.3
  243   2916 -1.913991266971213e-01 3.4e+01 3.09e-02  1e-02  8e-02 931:22.3
  245   2940 -1.915883807836854e-01 3.5e+01 3.07e-02  1e-02  8e-02 939:00.4
  247   2964 -1.917219593003133e-01 3.6e+01 2.88e-02  1e-02  7e-02 946:39.5
  249   2988 -1.918188193002580e-01 3.6e+01 2.74e-02  1e-02  7e-02 954:18.0
  251   3012 -1.921093853940037e-01 3.7e+01 2.74e-02  1e-02  7e-02 961:57.4
  253   3036 -1.920993809281896e-01 3.8e+01 2.68e-02  1e-02  7e-02 969:34.3
  255   3060 -1.921061595750264e-01 3.9e+01 2.72e-02  1e-02  8e-02 977:11.6
  257   3084 -1.924710458255114e-01 4.1e+01 3.03e-02  1e-02  9e-02 984:49.1
  259   3108 -1.927135183311558e-01 4.3e+01 3.33e-02  1e-02  1e-01 992:25.1
  261   3132 -1.926922751238976e-01 4.5e+01 3.62e-02  2e-02  1e-01 1000:00.9
  263   3156 -1.928784525620258e-01 4.7e+01 3.77e-02  2e-02  1e-01 1007:37.1
  265   3180 -1.930452282815173e-01 4.9e+01 3.99e-02  2e-02  1e-01 1015:14.3
