Running job array 98 on csl2.int.triton.aalto.fi
Starting at Sat Mar 22 10:19:30 EET 2025
Activating virtual environment at /scratch/work/uotilav2/quantum-portfolio/venv
Processing batch 99/100: experiments 98 to 98 (total 1)
Processing experiment 98
Budget: 2166
YF.download() has changed argument auto_adjust default to True
Number of qubits for asset AXP: 3
Number of qubits for asset HD: 3
Total number of qubits:  6
Optimized Weights (considering variance, skewness and kurtosis):
AXP: 50.00%
HD: 50.00%
Left over budget:  118.10750934471298
Optimized Discrete Allocation:
AXP: 3
HD: 3
Maximized utility from continuous higher moments:  -59.17237198583613
Budget constraint satisfied 2163.1000366210938 2166 Difference:  2.89996337890625
Budget constraint satisfied 2138.3356323242188 2166 Difference:  27.66436767578125
smallest_eigenvalues: [-0.5255217419685291]
smallest_bitstrings: ['011100']
first_excited_energy: -0.5254374443532667
optimized_portfolio: [{'AXP': 6, 'HD': 1}]
second_optimized_portfolio: [{'AXP': 2, 'HD': 4}]
result_with_budget: [{'portfolio': {'AXP': 6, 'HD': 1}, 'budget': 2163.1000366210938, 'difference': 2.89996337890625, 'objective_value': -153.59300237056758}]
result_with_budget_excited: [{'portfolio': {'AXP': 2, 'HD': 4}, 'budget': 2138.3356323242188, 'difference': 27.66436767578125, 'objective_value': -64.71397393648564}]
Initial params:  [2.9078476  0.22316636 0.27372477 0.06351797 2.61575239 2.44465153
 2.73322377 3.07442019 2.51063067 1.44978017 2.45210473 0.37157007]
(5_w,11)-aCMA-ES (mu_w=3.4,w_1=42%) in dimension 12 (seed=736851, Sat Mar 22 10:19:33 2025)
Iterat #Fevals   function value  axis ratio  sigma  min&max std  t[m:s]
    1     11 -3.940743198120156e-01 1.0e+00 8.98e-02  9e-02  9e-02 0:01.7
    2     22 -4.137282233949040e-01 1.1e+00 8.78e-02  8e-02  9e-02 0:03.1
    3     33 -4.341610905701735e-01 1.2e+00 9.24e-02  9e-02  1e-01 0:04.6
    5     55 -4.528632673102478e-01 1.5e+00 9.99e-02  9e-02  1e-01 0:07.9
    8     88 -4.875177562563323e-01 1.9e+00 1.28e-01  1e-01  2e-01 0:12.2
   12    132 -4.897108347179402e-01 2.5e+00 1.60e-01  1e-01  2e-01 0:18.8
   16    176 -4.818848979653874e-01 2.7e+00 1.75e-01  2e-01  2e-01 0:25.4
   21    231 -4.747403886413840e-01 3.1e+00 1.42e-01  1e-01  2e-01 0:33.0
   27    297 -4.888295651232506e-01 3.2e+00 1.14e-01  1e-01  1e-01 0:42.3
   33    363 -4.900573925178288e-01 3.3e+00 9.38e-02  7e-02  1e-01 0:51.7
   40    440 -4.947289666414326e-01 3.6e+00 6.46e-02  4e-02  8e-02 1:02.6
   47    517 -4.947851666422343e-01 4.3e+00 4.58e-02  3e-02  6e-02 1:13.6
   55    605 -4.950243840425472e-01 5.3e+00 4.67e-02  2e-02  6e-02 1:26.1
   64    704 -4.955861390400783e-01 6.7e+00 4.07e-02  2e-02  5e-02 1:40.4
   74    814 -4.957721878482770e-01 1.0e+01 4.07e-02  2e-02  7e-02 1:56.0
   84    924 -4.968923457416288e-01 1.3e+01 4.52e-02  2e-02  8e-02 2:11.9
   95   1045 -4.974507916486655e-01 2.0e+01 4.29e-02  1e-02  8e-02 2:29.3
  100   1100 -4.978398190092423e-01 2.2e+01 3.26e-02  1e-02  6e-02 2:36.9
  112   1232 -4.981750885160963e-01 2.6e+01 2.20e-02  6e-03  4e-02 2:55.7
  125   1375 -4.985845923599719e-01 3.0e+01 2.91e-02  7e-03  6e-02 3:16.1
  138   1518 -4.992789061380613e-01 3.3e+01 8.24e-02  2e-02  2e-01 3:36.5
  152   1672 -5.002448057423828e-01 3.8e+01 7.84e-02  1e-02  1e-01 3:58.3
  167   1837 -5.024513592299573e-01 5.5e+01 1.07e-01  2e-02  3e-01 4:21.8
  182   2002 -5.046989845258532e-01 6.3e+01 1.27e-01  2e-02  4e-01 4:45.3
  198   2178 -5.061431462475698e-01 6.8e+01 7.67e-02  9e-03  2e-01 5:10.4
  200   2200 -5.057475853553072e-01 6.8e+01 6.88e-02  8e-03  2e-01 5:13.7
  217   2387 -5.063881913968890e-01 6.7e+01 3.45e-02  4e-03  9e-02 5:40.2
  235   2585 -5.068908320143791e-01 7.7e+01 5.44e-02  5e-03  2e-01 6:08.2
  253   2783 -5.077353955004339e-01 8.5e+01 7.69e-02  6e-03  2e-01 6:36.5
  273   3003 -5.084505696594313e-01 9.9e+01 1.00e-01  7e-03  3e-01 7:05.9
  295   3245 -5.095287585187358e-01 1.0e+02 1.04e-01  6e-03  3e-01 7:35.9
  300   3300 -5.096787199512874e-01 1.1e+02 1.08e-01  6e-03  3e-01 7:43.0
  321   3531 -5.104190560877723e-01 1.7e+02 8.65e-02  4e-03  3e-01 8:15.0
  343   3773 -5.104884933850441e-01 1.8e+02 2.74e-02  1e-03  7e-02 8:49.3
  365   4015 -5.104969969553873e-01 1.8e+02 2.51e-02  7e-04  6e-02 9:24.0
  388   4268 -5.105042830698400e-01 1.7e+02 1.19e-02  3e-04  2e-02 9:59.5
  400   4400 -5.105050750047818e-01 1.8e+02 9.67e-03  2e-04  2e-02 10:18.6
  424   4664 -5.105056766953444e-01 2.0e+02 4.30e-03  8e-05  7e-03 10:56.3
  449   4939 -5.105057197860917e-01 2.2e+02 6.10e-04  9e-06  9e-04 11:35.0
  474   5214 -5.105057200823794e-01 2.5e+02 1.30e-04  2e-06  2e-04 12:14.6
  500   5500 -5.105057201185287e-01 2.5e+02 4.71e-05  5e-07  5e-05 12:55.0
  527   5797 -5.105057201204906e-01 3.4e+02 6.77e-06  6e-08  7e-06 13:37.5
  530   5830 -5.105057201205313e-01 3.3e+02 5.47e-06  4e-08  6e-06 13:41.9
Budget constraint satisfied 2138.3356323242188 2166 Difference:  27.66436767578125
Budget constraint satisfied 2047.8924865722656 2166 Difference:  118.10751342773438
two_most_probable_states: ['010001', '110110']
final_expectation_value: -0.5105057201205313
params: [2.5262925004962975, 7.703668410138916, -0.7766293218139054, 0.9156067586226869, 9.965322578120043, 10.32008727448856, 2.736841096636178, 3.7497641183791375, 0.7022231730782381, 1.6121362984136764, 3.052671476929414, -0.061067491843520096]
total_steps: 530
states_probs: [0.0533261535076364, 0.06323060057830948]
optimized_portfolios: [{'AXP': 2, 'HD': 4}, {'AXP': 3, 'HD': 3}]
objective_values: [-64.71397393648564, -59.17237198583613]
result_with_budget: [{'portfolio': {'AXP': 2, 'HD': 4}, 'budget': 2138.3356323242188, 'difference': 27.66436767578125}, {'portfolio': {'AXP': 3, 'HD': 3}, 'budget': 2047.8924865722656, 'difference': 118.10751342773438}]
Batch 99/100 completed. Results saved to portfolio_optimization_results_batch_98.json
Job finished at Sat Mar 22 10:33:45 EET 2025
