Running job array 43 on milan28.int.triton.aalto.fi
Starting at Sat Mar 22 10:19:11 EET 2025
Activating virtual environment at /scratch/work/uotilav2/quantum-portfolio/venv
Processing batch 44/100: experiments 43 to 43 (total 1)
Processing experiment 43
Budget: 4139
YF.download() has changed argument auto_adjust default to True
Number of qubits for asset CAT: 4
Number of qubits for asset HD: 4
Number of qubits for asset VZ: 7
Total number of qubits:  15
Optimized Weights (considering variance, skewness and kurtosis):
CAT: 75.44%
HD: 24.56%
VZ: 0.00%
Left over budget:  87.90930324421151
Optimized Discrete Allocation:
CAT: 8
HD: 3
Maximized utility from continuous higher moments:  -138.67852590088035
Budget constraint not satisfied 4143.8698387146 4139 Difference:  -4.869838714599609
smallest_eigenvalues: [-0.1325895740622248]
smallest_bitstrings: ['100101001100000']
first_excited_energy: None
optimized_portfolio: [{'CAT': 9, 'HD': 2, 'VZ': 3}]
second_optimized_portfolio: None
result_with_budget: [{'portfolio': {'CAT': 9, 'HD': 2, 'VZ': 3}, 'budget': 4143.8698387146, 'difference': -4.869838714599609, 'objective_value': -62.76104622681978}]
result_with_budget_excited: None
Initial params:  [2.51063067 1.44978017 2.45210473 0.37157007 2.01037118 0.45035763
 2.96776493 1.63943485 1.3026989  0.83112597 2.43232687 1.43303853
 1.78578792 0.0590299  1.94035914 1.92295543 1.93815531 2.96487203
 2.14200164 1.12942738]
(6_w,12)-aCMA-ES (mu_w=3.7,w_1=40%) in dimension 20 (seed=657468, Sat Mar 22 10:55:19 2025)
Iterat #Fevals   function value  axis ratio  sigma  min&max std  t[m:s]
    1     12 -6.033333854427051e-02 1.0e+00 9.38e-02  9e-02  9e-02 3:04.3
    2     24 -9.127300399251413e-02 1.1e+00 9.31e-02  9e-02  9e-02 6:03.4
    3     36 -9.163537650490905e-02 1.1e+00 9.35e-02  9e-02  1e-01 9:01.0
    4     48 -8.836145669741784e-02 1.2e+00 9.44e-02  9e-02  1e-01 12:02.3
    5     60 -9.569891568976509e-02 1.2e+00 9.89e-02  1e-01  1e-01 15:20.3
    6     72 -9.349338887042541e-02 1.3e+00 9.88e-02  1e-01  1e-01 18:39.1
    7     84 -1.001967055337753e-01 1.3e+00 9.97e-02  1e-01  1e-01 21:57.6
    8     96 -9.129757003584088e-02 1.4e+00 9.75e-02  9e-02  1e-01 25:15.6
    9    108 -9.914316976793652e-02 1.4e+00 9.79e-02  9e-02  1e-01 28:29.5
   10    120 -1.009246664801294e-01 1.4e+00 1.01e-01  1e-01  1e-01 31:45.1
   11    132 -1.008095078763974e-01 1.4e+00 1.01e-01  1e-01  1e-01 35:01.3
   12    144 -1.035195306002911e-01 1.5e+00 1.00e-01  1e-01  1e-01 38:17.5
   13    156 -1.046713165932357e-01 1.5e+00 9.74e-02  9e-02  1e-01 41:32.7
   14    168 -1.040929288082542e-01 1.5e+00 9.55e-02  9e-02  1e-01 44:47.3
   15    180 -1.066244656619459e-01 1.6e+00 9.62e-02  9e-02  1e-01 48:00.4
   16    192 -1.039851681853514e-01 1.6e+00 9.90e-02  9e-02  1e-01 51:12.8
   17    204 -1.047140927621341e-01 1.6e+00 1.02e-01  1e-01  1e-01 54:23.4
   18    216 -1.085489800051950e-01 1.7e+00 1.03e-01  1e-01  1e-01 57:36.5
   19    228 -1.078358448661223e-01 1.6e+00 1.05e-01  1e-01  1e-01 60:49.3
   20    240 -1.074895873530222e-01 1.6e+00 1.04e-01  1e-01  1e-01 64:01.8
   21    252 -1.031708637020052e-01 1.7e+00 1.02e-01  9e-02  1e-01 67:12.3
   22    264 -1.006520918349467e-01 1.7e+00 1.03e-01  9e-02  1e-01 70:26.0
   23    276 -1.012189433551323e-01 1.8e+00 1.03e-01  9e-02  1e-01 73:39.1
   24    288 -1.055546335807704e-01 1.8e+00 1.03e-01  1e-01  1e-01 76:52.2
   25    300 -1.030111542369642e-01 1.8e+00 1.04e-01  1e-01  1e-01 80:05.1
   26    312 -1.041034490081927e-01 1.8e+00 1.02e-01  9e-02  1e-01 83:18.1
   27    324 -1.037189123666310e-01 1.8e+00 9.83e-02  9e-02  1e-01 86:28.7
   28    336 -1.071323728151023e-01 1.8e+00 9.46e-02  8e-02  1e-01 89:36.9
   29    348 -1.064335306034858e-01 1.9e+00 9.04e-02  8e-02  1e-01 92:45.3
   30    360 -1.070463724766764e-01 1.9e+00 8.99e-02  8e-02  1e-01 95:52.1
   31    372 -1.067841226769825e-01 1.9e+00 8.86e-02  8e-02  1e-01 98:58.4
   32    384 -1.069751173902428e-01 2.0e+00 8.76e-02  8e-02  1e-01 102:04.2
   33    396 -1.071545859673331e-01 1.9e+00 8.41e-02  7e-02  9e-02 105:10.2
   34    408 -1.068330086372996e-01 2.0e+00 7.91e-02  7e-02  9e-02 108:16.7
   35    420 -1.065294976615446e-01 2.0e+00 7.68e-02  7e-02  9e-02 111:23.1
   36    432 -1.061075047994477e-01 2.0e+00 7.25e-02  6e-02  8e-02 114:29.3
   37    444 -1.072738380842048e-01 2.0e+00 6.75e-02  6e-02  8e-02 117:34.5
   38    456 -1.070079798655154e-01 2.1e+00 6.38e-02  5e-02  7e-02 120:39.2
   39    468 -1.072394226889426e-01 2.1e+00 6.09e-02  5e-02  7e-02 123:54.4
   40    480 -1.062169449514818e-01 2.2e+00 5.97e-02  5e-02  7e-02 127:09.0
   41    492 -1.077714491925528e-01 2.2e+00 6.03e-02  5e-02  7e-02 130:22.2
   42    504 -1.080257109094064e-01 2.2e+00 6.01e-02  5e-02  7e-02 133:34.7
   43    516 -1.075807685996525e-01 2.2e+00 6.19e-02  5e-02  7e-02 136:49.3
   44    528 -1.082898870907559e-01 2.2e+00 6.21e-02  5e-02  7e-02 140:04.4
   45    540 -1.091211789768427e-01 2.2e+00 6.15e-02  5e-02  7e-02 143:18.9
   46    552 -1.081831927414472e-01 2.2e+00 5.96e-02  5e-02  7e-02 146:33.6
   47    564 -1.087459234541411e-01 2.3e+00 5.76e-02  5e-02  6e-02 149:48.8
   48    576 -1.081446973497267e-01 2.3e+00 5.65e-02  5e-02  6e-02 153:03.5
   49    588 -1.080411066153179e-01 2.3e+00 5.29e-02  4e-02  6e-02 156:18.3
   50    600 -1.083620061021006e-01 2.4e+00 5.11e-02  4e-02  6e-02 159:32.1
   51    612 -1.084291701996400e-01 2.4e+00 4.98e-02  4e-02  6e-02 162:44.8
   52    624 -1.089379192157053e-01 2.4e+00 4.81e-02  4e-02  5e-02 165:58.2
   53    636 -1.086948510501343e-01 2.4e+00 4.66e-02  4e-02  5e-02 169:10.1
   54    648 -1.087394405301321e-01 2.5e+00 4.63e-02  4e-02  5e-02 172:20.9
   55    660 -1.092362122968539e-01 2.5e+00 4.41e-02  3e-02  5e-02 175:30.9
   56    672 -1.093319979276680e-01 2.6e+00 4.41e-02  3e-02  5e-02 178:42.4
   57    684 -1.098093860712239e-01 2.6e+00 4.48e-02  4e-02  5e-02 181:53.1
   58    696 -1.099267088651313e-01 2.7e+00 4.53e-02  4e-02  5e-02 185:04.3
   59    708 -1.099430700827333e-01 2.7e+00 4.58e-02  4e-02  6e-02 188:15.1
   60    720 -1.104670797614562e-01 2.8e+00 4.60e-02  4e-02  6e-02 191:32.6
   61    732 -1.102813973458973e-01 2.8e+00 4.60e-02  4e-02  6e-02 194:50.0
   62    744 -1.102316331578342e-01 2.8e+00 4.63e-02  4e-02  6e-02 198:06.7
   63    756 -1.099046885591353e-01 2.9e+00 4.63e-02  4e-02  5e-02 201:24.0
   64    768 -1.101851588321438e-01 2.9e+00 4.58e-02  4e-02  5e-02 204:42.2
   65    780 -1.103562082366320e-01 3.0e+00 4.59e-02  4e-02  6e-02 207:59.7
   66    792 -1.103911693651109e-01 3.1e+00 4.55e-02  3e-02  5e-02 211:15.7
   67    804 -1.107844114115405e-01 3.1e+00 4.53e-02  4e-02  5e-02 214:32.3
   68    816 -1.109779282518882e-01 3.1e+00 4.42e-02  3e-02  5e-02 217:47.9
   69    828 -1.106597163822474e-01 3.2e+00 4.37e-02  3e-02  5e-02 221:06.1
   70    840 -1.105764676154090e-01 3.2e+00 4.35e-02  3e-02  5e-02 224:17.6
   71    852 -1.110771688158750e-01 3.2e+00 4.37e-02  3e-02  5e-02 227:25.4
   72    864 -1.108110951059351e-01 3.2e+00 4.29e-02  3e-02  5e-02 230:31.5
   73    876 -1.110815315074921e-01 3.3e+00 4.20e-02  3e-02  5e-02 233:38.7
   74    888 -1.107026883922409e-01 3.3e+00 4.24e-02  3e-02  5e-02 236:47.7
   75    900 -1.116023502393051e-01 3.3e+00 4.10e-02  3e-02  5e-02 239:56.8
   76    912 -1.110815634894313e-01 3.4e+00 4.09e-02  3e-02  5e-02 243:05.4
   77    924 -1.110698796582991e-01 3.4e+00 4.06e-02  3e-02  5e-02 246:14.2
   78    936 -1.109493997070430e-01 3.4e+00 4.15e-02  3e-02  5e-02 249:23.1
   79    948 -1.112856894440709e-01 3.5e+00 4.13e-02  3e-02  5e-02 252:30.6
   80    960 -1.109999393335931e-01 3.5e+00 4.16e-02  3e-02  5e-02 255:38.7
   81    972 -1.114389382152106e-01 3.5e+00 4.23e-02  3e-02  5e-02 258:36.6
   82    984 -1.115402222025274e-01 3.6e+00 4.23e-02  3e-02  5e-02 261:26.9
   83    996 -1.114601691777947e-01 3.7e+00 4.23e-02  3e-02  5e-02 264:16.8
   84   1008 -1.118143803793138e-01 3.7e+00 4.27e-02  3e-02  5e-02 267:07.0
   85   1020 -1.115641757644676e-01 3.8e+00 4.16e-02  3e-02  5e-02 269:58.1
   86   1032 -1.120101406380372e-01 3.8e+00 4.06e-02  3e-02  5e-02 272:39.2
   87   1044 -1.119979399980931e-01 3.9e+00 3.96e-02  3e-02  5e-02 275:20.5
   88   1056 -1.120952983324005e-01 4.0e+00 3.94e-02  3e-02  5e-02 278:01.7
   89   1068 -1.116018338638833e-01 4.1e+00 3.90e-02  3e-02  5e-02 280:42.8
   90   1080 -1.121201142953213e-01 4.2e+00 3.84e-02  3e-02  4e-02 283:23.7
   91   1092 -1.123070476472371e-01 4.2e+00 3.75e-02  3e-02  4e-02 286:04.8
   92   1104 -1.121829874746951e-01 4.4e+00 3.71e-02  3e-02  4e-02 288:45.7
   93   1116 -1.123833934539818e-01 4.4e+00 3.60e-02  3e-02  4e-02 291:27.0
   94   1128 -1.122619022848882e-01 4.4e+00 3.43e-02  3e-02  4e-02 294:07.9
   95   1140 -1.125965748346721e-01 4.5e+00 3.31e-02  3e-02  4e-02 296:48.7
   96   1152 -1.125267868012437e-01 4.6e+00 3.21e-02  3e-02  4e-02 299:29.1
   97   1164 -1.127287710862314e-01 4.6e+00 3.10e-02  2e-02  4e-02 302:10.1
   98   1176 -1.129110403074628e-01 4.6e+00 3.08e-02  2e-02  4e-02 304:51.4
   99   1188 -1.129698492216066e-01 4.8e+00 3.10e-02  3e-02  4e-02 307:32.6
  100   1200 -1.129868777572440e-01 4.9e+00 3.06e-02  2e-02  3e-02 310:13.3
  101   1212 -1.129003592080789e-01 4.9e+00 3.07e-02  3e-02  4e-02 312:54.3
  102   1224 -1.129707924065701e-01 4.9e+00 3.08e-02  3e-02  4e-02 315:35.3
  103   1236 -1.131202561301868e-01 5.0e+00 3.05e-02  3e-02  4e-02 318:16.2
  104   1248 -1.133040871009879e-01 5.1e+00 3.07e-02  3e-02  4e-02 320:57.5
  105   1260 -1.132777609918096e-01 5.2e+00 3.17e-02  3e-02  4e-02 323:38.2
  106   1272 -1.133840852822986e-01 5.4e+00 3.28e-02  3e-02  4e-02 326:18.9
  107   1284 -1.135797961405780e-01 5.5e+00 3.40e-02  3e-02  4e-02 329:00.3
  108   1296 -1.137021140541027e-01 5.7e+00 3.36e-02  3e-02  4e-02 331:41.7
  109   1308 -1.137822598929518e-01 5.8e+00 3.43e-02  3e-02  4e-02 334:22.5
  110   1320 -1.140852328600471e-01 5.8e+00 3.42e-02  3e-02  4e-02 337:03.9
  111   1332 -1.138238153983142e-01 5.9e+00 3.50e-02  3e-02  4e-02 339:46.6
  112   1344 -1.138906837740053e-01 6.0e+00 3.71e-02  3e-02  4e-02 342:36.2
  113   1356 -1.142117723713297e-01 6.2e+00 3.76e-02  3e-02  5e-02 345:26.2
  114   1368 -1.137741798708958e-01 6.3e+00 3.64e-02  3e-02  4e-02 348:16.1
  115   1380 -1.146649779295469e-01 6.4e+00 3.80e-02  3e-02  5e-02 351:05.6
  116   1392 -1.141526011078453e-01 6.7e+00 3.80e-02  3e-02  5e-02 353:54.8
  117   1404 -1.142823394410693e-01 6.8e+00 3.80e-02  3e-02  5e-02 356:44.3
  118   1416 -1.144960741291560e-01 7.0e+00 3.93e-02  3e-02  5e-02 359:33.2
  119   1428 -1.145246396505127e-01 7.2e+00 4.01e-02  3e-02  5e-02 362:22.3
  120   1440 -1.145408287850111e-01 7.5e+00 3.93e-02  3e-02  5e-02 365:11.0
  121   1452 -1.151997810590232e-01 7.7e+00 4.00e-02  3e-02  5e-02 367:58.5
  122   1464 -1.149128328231399e-01 7.9e+00 4.18e-02  4e-02  5e-02 370:51.4
  123   1476 -1.150811923595585e-01 7.9e+00 4.30e-02  4e-02  5e-02 373:43.9
  124   1488 -1.150511795381461e-01 8.1e+00 4.26e-02  4e-02  5e-02 376:37.0
  125   1500 -1.151775254721650e-01 8.3e+00 4.25e-02  4e-02  5e-02 379:29.6
  126   1512 -1.150168429159990e-01 8.4e+00 4.25e-02  4e-02  5e-02 382:21.9
  127   1524 -1.155496564110366e-01 8.6e+00 4.26e-02  4e-02  6e-02 385:14.8
  128   1536 -1.152806026356673e-01 8.9e+00 4.22e-02  4e-02  6e-02 388:07.4
  129   1548 -1.152409522090611e-01 9.0e+00 4.10e-02  3e-02  5e-02 391:00.0
  130   1560 -1.150582684108999e-01 9.1e+00 4.01e-02  3e-02  5e-02 393:46.6
  131   1572 -1.154632647897663e-01 9.2e+00 3.93e-02  3e-02  5e-02 396:35.4
  132   1584 -1.152555866229373e-01 9.1e+00 3.70e-02  3e-02  5e-02 399:24.7
  133   1596 -1.155627820826745e-01 9.1e+00 3.56e-02  3e-02  5e-02 402:13.8
  134   1608 -1.157488120068747e-01 9.2e+00 3.50e-02  3e-02  5e-02 405:01.4
  135   1620 -1.157077287173967e-01 9.4e+00 3.45e-02  3e-02  5e-02 407:50.4
  136   1632 -1.159847139848949e-01 9.7e+00 3.43e-02  3e-02  5e-02 410:40.7
  137   1644 -1.160909366357929e-01 1.0e+01 3.41e-02  3e-02  5e-02 413:30.3
  138   1656 -1.161377407464400e-01 1.0e+01 3.51e-02  3e-02  5e-02 416:20.2
  139   1668 -1.159537432188063e-01 1.1e+01 3.51e-02  3e-02  5e-02 419:10.1
  140   1680 -1.160303770004360e-01 1.1e+01 3.54e-02  3e-02  5e-02 421:59.6
  141   1692 -1.160150794795310e-01 1.1e+01 3.62e-02  3e-02  5e-02 424:47.9
  142   1704 -1.159564481220349e-01 1.2e+01 3.56e-02  3e-02  5e-02 427:37.9
  143   1716 -1.160671587010419e-01 1.2e+01 3.59e-02  3e-02  5e-02 430:27.7
  144   1728 -1.160659822901730e-01 1.2e+01 3.56e-02  3e-02  5e-02 433:17.7
  145   1740 -1.162843332824910e-01 1.2e+01 3.56e-02  3e-02  5e-02 436:07.2
  146   1752 -1.162139922798752e-01 1.2e+01 3.45e-02  3e-02  5e-02 438:56.9
  147   1764 -1.162212713575580e-01 1.2e+01 3.30e-02  3e-02  5e-02 441:45.2
  148   1776 -1.160523879011016e-01 1.2e+01 3.16e-02  3e-02  5e-02 444:34.9
  149   1788 -1.163952153092929e-01 1.2e+01 3.13e-02  3e-02  5e-02 447:20.8
  150   1800 -1.163219084444979e-01 1.2e+01 3.13e-02  3e-02  5e-02 450:07.6
  151   1812 -1.163378083867463e-01 1.2e+01 3.09e-02  3e-02  5e-02 452:55.2
  152   1824 -1.165993996459069e-01 1.3e+01 2.98e-02  3e-02  4e-02 455:44.9
  153   1836 -1.165126471920976e-01 1.3e+01 2.87e-02  2e-02  4e-02 458:33.2
  154   1848 -1.165411590584717e-01 1.3e+01 2.78e-02  2e-02  4e-02 461:20.9
  155   1860 -1.165145934277188e-01 1.3e+01 2.68e-02  2e-02  4e-02 464:09.1
  156   1872 -1.165278483688544e-01 1.3e+01 2.64e-02  2e-02  4e-02 466:57.8
  157   1884 -1.165699299179615e-01 1.3e+01 2.60e-02  2e-02  4e-02 469:46.5
  158   1896 -1.166782118526954e-01 1.3e+01 2.60e-02  2e-02  4e-02 472:34.4
  159   1908 -1.166690378979646e-01 1.4e+01 2.63e-02  2e-02  4e-02 475:21.2
  160   1920 -1.167395782298771e-01 1.4e+01 2.62e-02  2e-02  4e-02 478:09.2
  161   1932 -1.167639131386401e-01 1.4e+01 2.55e-02  2e-02  4e-02 480:56.9
  162   1944 -1.168413334990523e-01 1.4e+01 2.50e-02  2e-02  4e-02 483:45.4
  163   1956 -1.168324620154594e-01 1.4e+01 2.48e-02  2e-02  4e-02 486:32.8
  164   1968 -1.169431771567970e-01 1.5e+01 2.50e-02  2e-02  4e-02 489:21.1
  165   1980 -1.170482830242394e-01 1.5e+01 2.65e-02  2e-02  4e-02 492:09.7
  166   1992 -1.170115160588596e-01 1.5e+01 2.73e-02  2e-02  4e-02 494:57.1
  167   2004 -1.171043101417909e-01 1.5e+01 2.89e-02  3e-02  4e-02 497:45.6
  168   2016 -1.170691511128850e-01 1.5e+01 2.99e-02  3e-02  5e-02 500:34.4
  170   2040 -1.172127778897915e-01 1.6e+01 3.13e-02  3e-02  5e-02 506:08.2
  172   2064 -1.171569654024055e-01 1.6e+01 3.27e-02  3e-02  5e-02 511:43.3
  174   2088 -1.173127184234942e-01 1.7e+01 3.44e-02  3e-02  5e-02 517:18.1
  176   2112 -1.175192257519475e-01 1.8e+01 3.72e-02  3e-02  6e-02 522:52.9
  178   2136 -1.173224346037318e-01 1.9e+01 4.02e-02  3e-02  7e-02 528:31.3
  180   2160 -1.176766392715026e-01 1.9e+01 4.12e-02  3e-02  7e-02 534:10.9
  182   2184 -1.176517970743371e-01 1.9e+01 4.26e-02  4e-02  7e-02 539:48.3
  184   2208 -1.175035555397181e-01 2.0e+01 4.59e-02  4e-02  8e-02 545:23.3
  186   2232 -1.178990232350517e-01 2.0e+01 4.71e-02  4e-02  8e-02 550:49.3
  188   2256 -1.175550317875863e-01 2.1e+01 4.92e-02  4e-02  9e-02 556:25.3
  190   2280 -1.181882498717302e-01 2.2e+01 5.26e-02  4e-02  1e-01 561:55.9
  192   2304 -1.179188592738034e-01 2.2e+01 5.36e-02  4e-02  1e-01 567:31.3
  194   2328 -1.182320411513973e-01 2.3e+01 5.07e-02  4e-02  1e-01 573:04.5
  196   2352 -1.180876810181907e-01 2.3e+01 5.21e-02  4e-02  1e-01 578:36.8
  198   2376 -1.182806798225672e-01 2.4e+01 5.23e-02  4e-02  1e-01 584:07.9
  200   2400 -1.183170998505166e-01 2.5e+01 5.21e-02  4e-02  1e-01 589:37.7
  202   2424 -1.187046454923890e-01 2.5e+01 4.86e-02  4e-02  1e-01 595:09.2
  204   2448 -1.183105828829678e-01 2.5e+01 4.64e-02  4e-02  9e-02 600:40.2
  206   2472 -1.187811577107912e-01 2.6e+01 4.46e-02  4e-02  9e-02 606:08.4
  208   2496 -1.186280796043373e-01 2.6e+01 4.23e-02  3e-02  9e-02 611:40.0
  210   2520 -1.189284162005584e-01 2.6e+01 4.16e-02  3e-02  8e-02 617:11.5
  212   2544 -1.190906701386926e-01 2.7e+01 4.64e-02  4e-02  9e-02 622:44.0
  214   2568 -1.189572766888736e-01 2.8e+01 4.74e-02  4e-02  1e-01 628:17.0
  216   2592 -1.188349766922250e-01 2.8e+01 4.99e-02  4e-02  1e-01 633:51.1
  218   2616 -1.187866712705713e-01 2.8e+01 5.27e-02  4e-02  1e-01 639:24.6
  220   2640 -1.190086712630134e-01 2.8e+01 5.05e-02  4e-02  1e-01 644:57.8
  222   2664 -1.193048995389279e-01 2.9e+01 4.80e-02  4e-02  1e-01 650:33.3
  224   2688 -1.197157858539460e-01 3.0e+01 5.01e-02  4e-02  1e-01 656:10.7
  226   2712 -1.197725377207561e-01 3.1e+01 5.08e-02  4e-02  1e-01 661:47.3
  228   2736 -1.196397261943429e-01 3.2e+01 5.07e-02  4e-02  1e-01 667:24.0
  230   2760 -1.201675037738263e-01 3.3e+01 4.99e-02  4e-02  1e-01 672:59.3
  232   2784 -1.200094661498507e-01 3.4e+01 4.88e-02  4e-02  1e-01 678:34.2
  234   2808 -1.203759440679092e-01 3.5e+01 5.03e-02  4e-02  1e-01 684:05.4
  236   2832 -1.209168289246121e-01 3.6e+01 5.16e-02  4e-02  1e-01 689:43.5
  238   2856 -1.207072439099476e-01 3.7e+01 5.60e-02  4e-02  1e-01 695:22.1
  240   2880 -1.207408547160131e-01 3.8e+01 6.12e-02  4e-02  1e-01 701:00.9
  242   2904 -1.214368074715844e-01 3.9e+01 6.50e-02  5e-02  1e-01 706:38.3
  244   2928 -1.200915650433549e-01 3.9e+01 6.94e-02  5e-02  2e-01 712:12.7
  246   2952 -1.211359961311674e-01 3.9e+01 7.08e-02  5e-02  2e-01 717:47.7
  248   2976 -1.205777772662565e-01 3.8e+01 6.55e-02  5e-02  1e-01 723:16.9
  250   3000 -1.210950466967001e-01 3.8e+01 6.06e-02  4e-02  1e-01 728:47.8
  252   3024 -1.209531348703905e-01 3.8e+01 5.77e-02  4e-02  1e-01 734:23.1
  254   3048 -1.212596107449155e-01 3.8e+01 5.87e-02  4e-02  1e-01 739:57.9
  256   3072 -1.213364421619004e-01 3.8e+01 5.75e-02  4e-02  1e-01 745:30.6
  258   3096 -1.217219940357279e-01 3.7e+01 5.35e-02  4e-02  1e-01 751:04.9
  260   3120 -1.213907220751611e-01 3.8e+01 5.26e-02  4e-02  1e-01 756:38.7
  262   3144 -1.217181726143034e-01 3.7e+01 5.05e-02  3e-02  1e-01 762:11.3
  264   3168 -1.215608921162156e-01 3.7e+01 4.89e-02  3e-02  9e-02 767:45.0
  266   3192 -1.216128086270793e-01 3.7e+01 5.23e-02  4e-02  1e-01 773:18.7
  268   3216 -1.215902272393196e-01 3.7e+01 5.13e-02  3e-02  1e-01 778:53.1
  270   3240 -1.216930780519828e-01 3.7e+01 4.85e-02  3e-02  9e-02 784:26.3
  272   3264 -1.218139974829532e-01 3.6e+01 4.73e-02  3e-02  9e-02 789:59.2
  274   3288 -1.219443279054055e-01 3.7e+01 4.41e-02  3e-02  8e-02 795:31.3
  276   3312 -1.219935238071527e-01 3.7e+01 4.29e-02  3e-02  8e-02 801:05.3
  278   3336 -1.219867482527091e-01 3.7e+01 4.16e-02  3e-02  8e-02 806:38.5
  280   3360 -1.220466423254828e-01 3.8e+01 3.86e-02  2e-02  7e-02 812:14.1
  282   3384 -1.219388884051111e-01 3.8e+01 3.99e-02  3e-02  7e-02 817:49.8
  284   3408 -1.219757948946068e-01 3.7e+01 4.05e-02  3e-02  7e-02 823:22.1
  286   3432 -1.221322390205351e-01 3.6e+01 3.70e-02  2e-02  7e-02 828:53.0
  288   3456 -1.221648682895378e-01 3.6e+01 3.42e-02  2e-02  6e-02 834:27.0
  290   3480 -1.221264344303717e-01 3.7e+01 3.09e-02  2e-02  6e-02 840:00.9
  292   3504 -1.221903847237587e-01 3.7e+01 2.70e-02  2e-02  5e-02 845:35.6
  294   3528 -1.221958405872322e-01 3.8e+01 2.52e-02  2e-02  5e-02 851:11.1
  296   3552 -1.222234715758391e-01 3.8e+01 2.69e-02  2e-02  5e-02 856:44.1
  298   3576 -1.222742283535692e-01 3.8e+01 3.22e-02  2e-02  6e-02 862:19.7
  300   3600 -1.223054922820732e-01 3.8e+01 3.42e-02  2e-02  6e-02 867:53.4
Budget constraint satisfied 3557.42032623291 4139 Difference:  581.5796737670898
Budget constraint satisfied 3720.9954223632812 4139 Difference:  418.00457763671875
two_most_probable_states: ['000010010100000', '000000010000100']
final_expectation_value: -0.12232197557996574
params: [2.978673635042737, 1.4431237085828614, 4.203600253796635, -2.410908358449395, 4.102588363026097, -0.8738941596274673, 5.915097325112599, 4.676829172173612, 2.7025855823604514, 2.3462896718919435, 3.62432671726207, 0.4007938476294765, 1.786023808449006, 0.6769630748689127, 0.6872599215138109, 3.8924805583103086, 1.4348200768288428, 3.1791392145340907, 1.3334914987726452, 1.7531756784832502]
total_steps: 300
states_probs: [0.00031298304294003496, 0.00031349812626126614]
optimized_portfolios: [{'CAT': 0, 'HD': 9, 'VZ': 2}, {'CAT': 0, 'HD': 8, 'VZ': 16}]
objective_values: [-605.8608239956067, -3118.279247892591]
result_with_budget: [{'portfolio': {'CAT': 0, 'HD': 9, 'VZ': 2}, 'budget': 3557.42032623291, 'difference': 581.5796737670898}, {'portfolio': {'CAT': 0, 'HD': 8, 'VZ': 16}, 'budget': 3720.9954223632812, 'difference': 418.00457763671875}]
Batch 44/100 completed. Results saved to portfolio_optimization_results_batch_43.json
Job finished at Sun Mar 23 01:24:15 EET 2025
