Running job array 69 on milan20.int.triton.aalto.fi
Starting at Sat Mar 22 10:19:10 EET 2025
Activating virtual environment at /scratch/work/uotilav2/quantum-portfolio/venv
Processing batch 70/100: experiments 69 to 69 (total 1)
Processing experiment 69
Budget: 1696
YF.download() has changed argument auto_adjust default to True
Number of qubits for asset HON: 3
Number of qubits for asset INTC: 7
Number of qubits for asset UNH: 2
Total number of qubits:  12
Optimized Weights (considering variance, skewness and kurtosis):
HON: 3.01%
INTC: 0.00%
UNH: 96.99%
Left over budget:  64.57808603111903
Optimized Discrete Allocation:
INTC: 6
UNH: 3
Maximized utility from continuous higher moments:  -139.1577219898849
Budget constraint not satisfied 1701.5271110534668 1696 Difference:  -5.527111053466797
Budget constraint satisfied 1693.1124954223633 1696 Difference:  2.8875045776367188
smallest_eigenvalues: [-0.1965694730503816]
smallest_bitstrings: ['110100000001']
first_excited_energy: -0.1965671692281655
optimized_portfolio: [{'HON': 3, 'INTC': 1, 'UNH': 2}]
second_optimized_portfolio: [{'HON': 7, 'INTC': 6, 'UNH': 0}]
result_with_budget: [{'portfolio': {'HON': 3, 'INTC': 1, 'UNH': 2}, 'budget': 1701.5271110534668, 'difference': -5.527111053466797, 'objective_value': -27.619411255315253}]
result_with_budget_excited: [{'portfolio': {'HON': 7, 'INTC': 6, 'UNH': 0}, 'budget': 1693.1124954223633, 'difference': 2.8875045776367188, 'objective_value': -536.9865599213389}]
Initial params:  [2.51063067 1.44978017 2.45210473 0.37157007 2.01037118 0.45035763
 2.96776493 1.63943485 1.3026989  0.83112597 2.43232687 1.43303853
 1.78578792 0.0590299  1.94035914 1.92295543 1.93815531 2.96487203
 2.14200164 1.12942738]
(6_w,12)-aCMA-ES (mu_w=3.7,w_1=40%) in dimension 20 (seed=796515, Sat Mar 22 10:20:20 2025)
Iterat #Fevals   function value  axis ratio  sigma  min&max std  t[m:s]
    1     12 -1.091482489419767e-01 1.0e+00 9.21e-02  9e-02  9e-02 0:51.0
    2     24 -1.353279158595167e-01 1.1e+00 8.84e-02  9e-02  9e-02 1:41.4
    3     36 -1.158784370518252e-01 1.1e+00 8.46e-02  8e-02  9e-02 2:32.1
    4     48 -1.164509734435583e-01 1.1e+00 8.27e-02  8e-02  9e-02 3:22.4
    5     60 -1.401818448151631e-01 1.2e+00 8.34e-02  8e-02  9e-02 4:12.7
    6     72 -1.429645277098635e-01 1.2e+00 8.43e-02  8e-02  9e-02 5:01.0
    7     84 -1.426132324170529e-01 1.3e+00 8.42e-02  8e-02  9e-02 5:47.4
    8     96 -1.534255925020074e-01 1.3e+00 8.59e-02  8e-02  9e-02 6:33.7
    9    108 -1.525401708433883e-01 1.4e+00 8.76e-02  8e-02  9e-02 7:20.1
   10    120 -1.488234068239245e-01 1.4e+00 8.78e-02  8e-02  9e-02 8:06.5
   11    132 -1.527802503020093e-01 1.5e+00 9.13e-02  9e-02  1e-01 8:55.2
   12    144 -1.498568128768199e-01 1.5e+00 8.79e-02  8e-02  9e-02 9:45.4
   13    156 -1.490094242968856e-01 1.5e+00 8.41e-02  8e-02  9e-02 10:35.3
   14    168 -1.490816274207601e-01 1.5e+00 8.35e-02  8e-02  9e-02 11:25.3
   15    180 -1.559015382624270e-01 1.6e+00 8.04e-02  8e-02  9e-02 12:15.5
   16    192 -1.534452055283743e-01 1.6e+00 7.93e-02  7e-02  8e-02 13:05.5
   17    204 -1.542104519961123e-01 1.6e+00 7.75e-02  7e-02  8e-02 13:55.8
   18    216 -1.538509549307801e-01 1.7e+00 7.65e-02  7e-02  8e-02 14:45.9
   19    228 -1.575982219244274e-01 1.7e+00 7.24e-02  7e-02  8e-02 15:36.1
   20    240 -1.581535662027597e-01 1.7e+00 6.79e-02  6e-02  7e-02 16:26.6
   21    252 -1.574709329928744e-01 1.7e+00 6.35e-02  6e-02  7e-02 17:16.8
   22    264 -1.596427915393759e-01 1.8e+00 6.21e-02  6e-02  7e-02 18:06.9
   23    276 -1.545087178959278e-01 1.8e+00 6.27e-02  6e-02  7e-02 18:57.2
   24    288 -1.534967628909222e-01 1.9e+00 6.41e-02  6e-02  7e-02 19:47.5
   25    300 -1.650405253280474e-01 1.9e+00 6.59e-02  6e-02  7e-02 20:37.6
   26    312 -1.614182427238080e-01 1.9e+00 6.87e-02  6e-02  7e-02 21:27.5
   27    324 -1.636959586995279e-01 2.0e+00 7.04e-02  6e-02  7e-02 22:17.8
   28    336 -1.674094535633425e-01 2.0e+00 7.22e-02  7e-02  8e-02 23:07.9
   29    348 -1.607354447733361e-01 2.1e+00 7.60e-02  7e-02  8e-02 23:57.8
   30    360 -1.647114065940663e-01 2.2e+00 7.71e-02  7e-02  8e-02 24:46.6
   31    372 -1.646751105127760e-01 2.2e+00 7.92e-02  7e-02  9e-02 25:36.9
   32    384 -1.671031898976959e-01 2.3e+00 8.25e-02  7e-02  9e-02 26:27.2
   33    396 -1.616406508146131e-01 2.4e+00 8.18e-02  7e-02  9e-02 27:17.2
   34    408 -1.654063091930838e-01 2.4e+00 8.05e-02  7e-02  9e-02 28:07.5
   35    420 -1.660231652032054e-01 2.4e+00 8.14e-02  7e-02  1e-01 28:57.9
   36    432 -1.697932601238282e-01 2.5e+00 8.25e-02  7e-02  1e-01 29:47.9
   37    444 -1.668506093377339e-01 2.6e+00 8.63e-02  8e-02  1e-01 30:38.2
   38    456 -1.663407554443449e-01 2.6e+00 8.91e-02  8e-02  1e-01 31:28.6
   39    468 -1.704162236393176e-01 2.7e+00 8.83e-02  8e-02  1e-01 32:18.9
   40    480 -1.650598044738909e-01 2.7e+00 8.61e-02  8e-02  1e-01 33:09.3
   41    492 -1.689933516696845e-01 2.8e+00 8.37e-02  7e-02  1e-01 33:59.4
   42    504 -1.695742699170808e-01 2.9e+00 8.19e-02  7e-02  1e-01 34:48.9
   43    516 -1.692968511734897e-01 2.9e+00 7.94e-02  7e-02  1e-01 35:39.1
   44    528 -1.659094067340982e-01 2.9e+00 7.83e-02  7e-02  1e-01 36:29.5
   45    540 -1.683825426458032e-01 2.9e+00 8.05e-02  7e-02  1e-01 37:20.0
   46    552 -1.669996641404079e-01 3.0e+00 8.36e-02  7e-02  1e-01 38:10.1
   47    564 -1.674665424497977e-01 3.0e+00 8.90e-02  8e-02  1e-01 39:00.2
   48    576 -1.671466395140349e-01 3.0e+00 9.01e-02  8e-02  1e-01 39:51.0
   49    588 -1.672715845454257e-01 3.0e+00 8.89e-02  8e-02  1e-01 40:41.8
   50    600 -1.687305950690933e-01 3.1e+00 8.53e-02  7e-02  1e-01 41:32.3
   51    612 -1.668602536894759e-01 3.1e+00 8.06e-02  7e-02  1e-01 42:22.5
   53    636 -1.707524911750902e-01 3.1e+00 7.48e-02  7e-02  9e-02 44:03.9
   55    660 -1.716230459926808e-01 3.2e+00 7.46e-02  7e-02  9e-02 45:44.3
   57    684 -1.708140214680917e-01 3.2e+00 7.80e-02  7e-02  9e-02 47:22.3
   59    708 -1.661935424720012e-01 3.3e+00 8.57e-02  7e-02  1e-01 48:55.6
   61    732 -1.684099894467176e-01 3.4e+00 9.40e-02  8e-02  1e-01 50:29.2
   63    756 -1.663288114917183e-01 3.6e+00 9.53e-02  8e-02  1e-01 52:02.7
   65    780 -1.679668813366070e-01 3.7e+00 9.18e-02  8e-02  1e-01 53:36.3
   67    804 -1.685198530426949e-01 3.8e+00 8.90e-02  8e-02  1e-01 55:09.2
   69    828 -1.690658152244674e-01 4.0e+00 8.99e-02  8e-02  1e-01 56:40.1
   71    852 -1.675274614679849e-01 4.1e+00 8.62e-02  7e-02  1e-01 58:14.1
   73    876 -1.705089021834487e-01 4.1e+00 8.71e-02  7e-02  1e-01 59:48.5
   75    900 -1.727549082143487e-01 4.2e+00 8.47e-02  7e-02  1e-01 61:22.3
   77    924 -1.683443240660555e-01 4.3e+00 8.31e-02  7e-02  1e-01 62:56.4
   79    948 -1.703438708771981e-01 4.4e+00 7.44e-02  6e-02  9e-02 64:30.5
   81    972 -1.692763413307992e-01 4.6e+00 7.13e-02  6e-02  9e-02 66:04.6
   83    996 -1.711214398004691e-01 4.7e+00 6.95e-02  6e-02  8e-02 67:38.5
   85   1020 -1.695004725247611e-01 4.8e+00 6.61e-02  5e-02  8e-02 69:12.6
   87   1044 -1.722453767353190e-01 4.9e+00 6.38e-02  5e-02  8e-02 70:46.5
   89   1068 -1.719398454665010e-01 5.1e+00 6.27e-02  5e-02  8e-02 72:20.4
   91   1092 -1.705672914085998e-01 5.1e+00 6.17e-02  5e-02  8e-02 73:54.4
   93   1116 -1.728323769871796e-01 5.4e+00 5.53e-02  4e-02  7e-02 75:28.2
   95   1140 -1.731135335632081e-01 5.6e+00 5.17e-02  4e-02  6e-02 77:01.8
   97   1164 -1.732084949260054e-01 5.8e+00 4.85e-02  4e-02  6e-02 78:35.4
   99   1188 -1.732703893898608e-01 6.0e+00 4.70e-02  4e-02  6e-02 80:09.5
  100   1200 -1.728772426502421e-01 6.0e+00 4.66e-02  4e-02  6e-02 80:56.3
  102   1224 -1.725934822754760e-01 6.3e+00 4.40e-02  3e-02  6e-02 82:28.9
  104   1248 -1.736184555317627e-01 6.4e+00 4.12e-02  3e-02  5e-02 83:59.8
  106   1272 -1.740262167645154e-01 6.4e+00 3.77e-02  3e-02  5e-02 85:30.5
  108   1296 -1.738054714394093e-01 6.5e+00 3.56e-02  3e-02  4e-02 87:01.7
  110   1320 -1.735707734399589e-01 6.8e+00 3.66e-02  3e-02  5e-02 88:32.4
  112   1344 -1.738002076833552e-01 7.0e+00 3.69e-02  3e-02  5e-02 90:02.4
  114   1368 -1.737945862097960e-01 7.1e+00 3.83e-02  3e-02  5e-02 91:33.1
  116   1392 -1.742501211852248e-01 7.2e+00 3.89e-02  3e-02  5e-02 93:03.6
  118   1416 -1.742534455433505e-01 7.4e+00 4.15e-02  3e-02  5e-02 94:34.5
  120   1440 -1.742934210153367e-01 7.5e+00 4.15e-02  3e-02  6e-02 96:05.1
  122   1464 -1.741628654249845e-01 7.7e+00 3.96e-02  3e-02  6e-02 97:36.0
  124   1488 -1.741563803608927e-01 7.9e+00 3.75e-02  3e-02  5e-02 99:03.0
  126   1512 -1.743413401807461e-01 8.1e+00 3.81e-02  3e-02  5e-02 100:38.9
  128   1536 -1.742352019292275e-01 8.4e+00 3.67e-02  2e-02  5e-02 102:15.3
  130   1560 -1.744511405355632e-01 8.7e+00 3.45e-02  2e-02  5e-02 103:51.4
  132   1584 -1.747230436126047e-01 8.9e+00 3.39e-02  2e-02  5e-02 105:27.7
  134   1608 -1.747870430835934e-01 9.0e+00 3.32e-02  2e-02  5e-02 107:03.3
  136   1632 -1.748881950848670e-01 9.2e+00 3.46e-02  2e-02  5e-02 108:39.2
  138   1656 -1.750750486592982e-01 9.3e+00 3.56e-02  2e-02  5e-02 110:15.0
  140   1680 -1.751579405763146e-01 9.4e+00 3.47e-02  2e-02  5e-02 111:50.8
  142   1704 -1.751038715235848e-01 9.5e+00 3.47e-02  2e-02  5e-02 113:27.0
  145   1740 -1.750229442047978e-01 9.6e+00 3.55e-02  2e-02  6e-02 115:51.2
  148   1776 -1.754243360439114e-01 1.0e+01 4.02e-02  2e-02  7e-02 118:15.9
  151   1812 -1.754035849873611e-01 1.1e+01 4.36e-02  3e-02  8e-02 120:40.1
  154   1848 -1.756387703023655e-01 1.2e+01 4.33e-02  3e-02  8e-02 123:03.4
  157   1884 -1.752818315255903e-01 1.3e+01 3.98e-02  2e-02  8e-02 125:27.5
  160   1920 -1.752758207152151e-01 1.3e+01 3.86e-02  2e-02  8e-02 127:51.7
  163   1956 -1.754029309079994e-01 1.3e+01 3.50e-02  2e-02  7e-02 130:15.9
  166   1992 -1.757754518001424e-01 1.3e+01 3.04e-02  2e-02  6e-02 132:40.4
  169   2028 -1.759276179686096e-01 1.4e+01 3.01e-02  2e-02  6e-02 135:05.2
  172   2064 -1.758775800730885e-01 1.4e+01 2.84e-02  2e-02  6e-02 137:30.2
  175   2100 -1.761587976307167e-01 1.5e+01 3.00e-02  2e-02  6e-02 139:54.0
  178   2136 -1.761441276972316e-01 1.5e+01 2.96e-02  2e-02  6e-02 142:18.2
  181   2172 -1.761947184311319e-01 1.6e+01 3.15e-02  2e-02  6e-02 144:40.9
  184   2208 -1.763146320690019e-01 1.6e+01 3.20e-02  2e-02  7e-02 147:00.3
  187   2244 -1.765269118822798e-01 1.7e+01 3.41e-02  2e-02  7e-02 149:19.4
  190   2280 -1.762479061411844e-01 1.7e+01 3.84e-02  2e-02  8e-02 151:38.5
  193   2316 -1.765797801981042e-01 1.7e+01 3.93e-02  2e-02  8e-02 153:59.4
  196   2352 -1.766770491231764e-01 1.7e+01 3.97e-02  2e-02  8e-02 156:23.2
  199   2388 -1.766822708728719e-01 1.7e+01 3.61e-02  2e-02  7e-02 158:47.5
  200   2400 -1.768208674564332e-01 1.7e+01 3.47e-02  2e-02  7e-02 159:35.4
  203   2436 -1.767916077722582e-01 1.7e+01 3.08e-02  2e-02  6e-02 161:59.8
  206   2472 -1.767818522956536e-01 1.8e+01 2.89e-02  2e-02  6e-02 164:22.0
  209   2508 -1.769692193162769e-01 1.8e+01 2.87e-02  2e-02  6e-02 166:45.4
  212   2544 -1.770624561381882e-01 1.9e+01 3.03e-02  2e-02  6e-02 169:08.9
  215   2580 -1.771816477565694e-01 1.9e+01 3.46e-02  2e-02  7e-02 171:32.0
  218   2616 -1.772935743893331e-01 2.0e+01 3.99e-02  2e-02  8e-02 173:54.9
  221   2652 -1.772247296569202e-01 2.0e+01 4.44e-02  3e-02  9e-02 176:17.9
  224   2688 -1.773181159052123e-01 2.1e+01 4.20e-02  2e-02  8e-02 178:41.2
  227   2724 -1.772589577568809e-01 2.1e+01 3.94e-02  2e-02  8e-02 181:04.7
  230   2760 -1.773722291913752e-01 2.2e+01 3.92e-02  2e-02  8e-02 183:27.9
  233   2796 -1.774941934054560e-01 2.2e+01 4.35e-02  2e-02  9e-02 185:49.8
  236   2832 -1.774693643655201e-01 2.3e+01 4.12e-02  2e-02  8e-02 188:10.1
  239   2868 -1.775715761568333e-01 2.4e+01 4.13e-02  2e-02  8e-02 190:30.6
  242   2904 -1.777374003581697e-01 2.5e+01 4.45e-02  2e-02  9e-02 192:50.3
  245   2940 -1.776627708823696e-01 2.5e+01 5.06e-02  3e-02  1e-01 195:10.4
  248   2976 -1.776263173957122e-01 2.5e+01 4.81e-02  3e-02  1e-01 197:30.7
  251   3012 -1.778350286114407e-01 2.6e+01 4.60e-02  3e-02  9e-02 199:50.7
  254   3048 -1.779039216398262e-01 2.7e+01 5.10e-02  3e-02  1e-01 202:09.3
  257   3084 -1.779660384395809e-01 2.7e+01 5.04e-02  3e-02  1e-01 204:25.7
  260   3120 -1.778676625031055e-01 2.8e+01 5.37e-02  3e-02  1e-01 206:42.3
  264   3168 -1.780233063181349e-01 2.8e+01 5.27e-02  3e-02  1e-01 209:45.0
  268   3216 -1.779530684892448e-01 2.8e+01 4.81e-02  3e-02  1e-01 212:47.5
  272   3264 -1.781615763482290e-01 2.8e+01 4.08e-02  2e-02  8e-02 215:50.0
  276   3312 -1.784492735979148e-01 2.8e+01 3.91e-02  2e-02  8e-02 218:53.1
  280   3360 -1.784303430622437e-01 2.9e+01 4.73e-02  2e-02  1e-01 221:55.7
  284   3408 -1.782250529983129e-01 3.3e+01 4.97e-02  2e-02  1e-01 224:59.3
  288   3456 -1.783884376169681e-01 3.6e+01 5.35e-02  3e-02  1e-01 228:02.3
  292   3504 -1.788526474641706e-01 3.8e+01 5.17e-02  2e-02  1e-01 231:05.0
  296   3552 -1.787560723894231e-01 4.0e+01 5.45e-02  3e-02  1e-01 234:06.9
  300   3600 -1.789618339013520e-01 4.1e+01 4.60e-02  2e-02  1e-01 237:09.3
  304   3648 -1.792286328757804e-01 4.3e+01 4.17e-02  2e-02  1e-01 240:09.6
  308   3696 -1.791264015666212e-01 4.5e+01 3.79e-02  2e-02  9e-02 243:09.7
  312   3744 -1.792936484641056e-01 4.6e+01 3.77e-02  2e-02  9e-02 246:10.3
  316   3792 -1.794102313772676e-01 4.6e+01 3.42e-02  1e-02  8e-02 249:10.6
  320   3840 -1.795937644325576e-01 4.6e+01 3.15e-02  1e-02  7e-02 252:11.4
  324   3888 -1.797416561390122e-01 4.7e+01 3.54e-02  2e-02  8e-02 255:12.1
  328   3936 -1.798033457822870e-01 4.9e+01 3.71e-02  2e-02  8e-02 258:16.8
  332   3984 -1.799230445442766e-01 5.0e+01 3.09e-02  1e-02  7e-02 261:32.7
  336   4032 -1.800263142050484e-01 5.3e+01 2.94e-02  1e-02  7e-02 264:48.4
  340   4080 -1.801407031149910e-01 5.6e+01 2.88e-02  1e-02  7e-02 267:55.2
  344   4128 -1.802360925352676e-01 5.9e+01 2.73e-02  1e-02  6e-02 271:11.4
  348   4176 -1.803933323365477e-01 6.1e+01 2.67e-02  1e-02  7e-02 274:28.5
  352   4224 -1.805070626063617e-01 6.7e+01 2.71e-02  1e-02  7e-02 277:45.8
  356   4272 -1.806867398656363e-01 7.3e+01 2.64e-02  1e-02  8e-02 281:01.9
  360   4320 -1.808274519257979e-01 8.0e+01 3.21e-02  1e-02  1e-01 284:18.3
  364   4368 -1.811216182866815e-01 9.1e+01 3.82e-02  1e-02  1e-01 287:34.7
  368   4416 -1.811777360259883e-01 1.1e+02 4.52e-02  2e-02  2e-01 290:50.8
  372   4464 -1.813556164594658e-01 1.2e+02 4.34e-02  2e-02  2e-01 293:57.8
  376   4512 -1.813040021747618e-01 1.2e+02 4.28e-02  1e-02  2e-01 296:57.4
  380   4560 -1.815393248257285e-01 1.2e+02 4.35e-02  1e-02  2e-01 299:56.4
  384   4608 -1.816736520075898e-01 1.3e+02 4.52e-02  1e-02  2e-01 302:55.8
  388   4656 -1.815752752940611e-01 1.3e+02 4.20e-02  1e-02  2e-01 305:49.5
  393   4716 -1.815468630922213e-01 1.3e+02 3.94e-02  1e-02  2e-01 309:13.9
  398   4776 -1.816350370637698e-01 1.3e+02 4.08e-02  1e-02  2e-01 312:38.2
  400   4800 -1.817551284105716e-01 1.3e+02 3.76e-02  1e-02  2e-01 313:59.8
  405   4860 -1.817337519622818e-01 1.3e+02 3.12e-02  1e-02  1e-01 317:23.7
  410   4920 -1.818125502152893e-01 1.3e+02 2.71e-02  8e-03  1e-01 320:47.6
  415   4980 -1.818704889817455e-01 1.3e+02 2.74e-02  8e-03  1e-01 324:12.2
  420   5040 -1.819475007167745e-01 1.3e+02 2.47e-02  7e-03  1e-01 327:33.0
  425   5100 -1.819534099410071e-01 1.4e+02 2.21e-02  6e-03  1e-01 330:54.8
  430   5160 -1.819327937881188e-01 1.5e+02 1.97e-02  5e-03  9e-02 334:18.9
  435   5220 -1.819467684849630e-01 1.5e+02 1.81e-02  5e-03  8e-02 337:44.0
  440   5280 -1.819648810557283e-01 1.5e+02 1.64e-02  4e-03  7e-02 341:09.7
  445   5340 -1.820001134821377e-01 1.5e+02 1.40e-02  4e-03  6e-02 344:35.4
  450   5400 -1.820352136792794e-01 1.5e+02 1.67e-02  4e-03  7e-02 348:00.6
  455   5460 -1.820760397210836e-01 1.5e+02 2.72e-02  7e-03  1e-01 351:25.9
  460   5520 -1.821740923500130e-01 1.5e+02 3.74e-02  9e-03  2e-01 354:50.8
  465   5580 -1.822146051827652e-01 1.4e+02 4.27e-02  1e-02  2e-01 358:16.3
  470   5640 -1.821180548656930e-01 1.5e+02 4.21e-02  1e-02  2e-01 361:43.1
  475   5700 -1.822164122963105e-01 1.5e+02 3.52e-02  8e-03  1e-01 365:10.5
  480   5760 -1.822887605741966e-01 1.5e+02 2.95e-02  7e-03  1e-01 368:32.2
  485   5820 -1.823410616274543e-01 1.5e+02 2.46e-02  6e-03  1e-01 372:00.5
  490   5880 -1.823891274844285e-01 1.5e+02 2.80e-02  6e-03  1e-01 375:37.3
  495   5940 -1.824675846036180e-01 1.6e+02 3.62e-02  8e-03  2e-01 379:24.0
  500   6000 -1.825417345479806e-01 1.6e+02 3.25e-02  7e-03  1e-01 383:11.2
  505   6060 -1.825824830126286e-01 1.6e+02 2.99e-02  6e-03  1e-01 386:58.7
  510   6120 -1.825700553710821e-01 1.6e+02 2.84e-02  6e-03  1e-01 390:45.9
  515   6180 -1.826728228709531e-01 1.6e+02 2.61e-02  5e-03  1e-01 394:32.6
  520   6240 -1.827952873019786e-01 1.6e+02 2.73e-02  5e-03  1e-01 398:20.0
  525   6300 -1.829019798345244e-01 1.7e+02 3.21e-02  6e-03  2e-01 402:02.2
  530   6360 -1.830789041015657e-01 1.8e+02 3.78e-02  7e-03  2e-01 405:27.2
  535   6420 -1.834081429212022e-01 2.0e+02 5.26e-02  1e-02  3e-01 408:48.4
  541   6492 -1.836039539443421e-01 2.2e+02 6.86e-02  1e-02  4e-01 412:44.5
  547   6564 -1.837367616348152e-01 2.2e+02 6.19e-02  1e-02  4e-01 416:41.2
  553   6636 -1.836338724226650e-01 2.3e+02 6.76e-02  1e-02  4e-01 420:38.5
  559   6708 -1.836615037497044e-01 2.4e+02 7.03e-02  1e-02  4e-01 424:36.5
  565   6780 -1.837609720904620e-01 2.3e+02 4.97e-02  9e-03  3e-01 428:34.8
  571   6852 -1.837869091490209e-01 2.4e+02 4.89e-02  8e-03  3e-01 432:32.3
  577   6924 -1.838667217360609e-01 2.3e+02 3.75e-02  6e-03  2e-01 436:29.5
  583   6996 -1.838778051584170e-01 2.3e+02 3.82e-02  6e-03  2e-01 440:26.1
  589   7068 -1.839307677308946e-01 2.3e+02 4.16e-02  6e-03  2e-01 444:21.4
  595   7140 -1.839221548573873e-01 2.4e+02 4.07e-02  6e-03  2e-01 448:16.4
  600   7200 -1.839115628073675e-01 2.4e+02 3.98e-02  6e-03  2e-01 451:32.7
  606   7272 -1.839693477853123e-01 2.4e+02 3.59e-02  5e-03  2e-01 455:28.4
  612   7344 -1.839724849034720e-01 2.4e+02 2.94e-02  4e-03  2e-01 459:23.5
  618   7416 -1.840345570221431e-01 2.5e+02 2.61e-02  3e-03  1e-01 463:19.1
  624   7488 -1.840755250653014e-01 2.4e+02 2.95e-02  4e-03  2e-01 467:14.8
  630   7560 -1.841359663336844e-01 2.4e+02 4.51e-02  5e-03  2e-01 471:10.4
  636   7632 -1.842164161218867e-01 2.5e+02 5.81e-02  7e-03  3e-01 475:05.2
  642   7704 -1.842528212288204e-01 2.5e+02 4.91e-02  6e-03  3e-01 479:00.1
  648   7776 -1.843952756294117e-01 2.5e+02 4.61e-02  5e-03  2e-01 482:55.0
  654   7848 -1.846226680656051e-01 2.5e+02 5.03e-02  5e-03  2e-01 486:53.4
  660   7920 -1.846359697416712e-01 2.4e+02 5.90e-02  6e-03  3e-01 490:51.9
  666   7992 -1.847722825928289e-01 2.4e+02 5.29e-02  5e-03  2e-01 494:49.1
  672   8064 -1.848912283795541e-01 2.4e+02 5.13e-02  5e-03  2e-01 498:46.2
  678   8136 -1.849687501988486e-01 2.4e+02 4.58e-02  4e-03  2e-01 502:42.5
  684   8208 -1.850332203257065e-01 2.3e+02 4.66e-02  4e-03  2e-01 506:39.3
  690   8280 -1.850941175246032e-01 2.3e+02 3.89e-02  4e-03  2e-01 510:35.5
  696   8352 -1.851017845261310e-01 2.3e+02 3.27e-02  3e-03  1e-01 514:31.2
  700   8400 -1.851197658133943e-01 2.3e+02 3.03e-02  3e-03  1e-01 517:08.7
  706   8472 -1.851537753062686e-01 2.2e+02 2.58e-02  2e-03  1e-01 521:04.9
  712   8544 -1.851900212769367e-01 2.2e+02 2.36e-02  2e-03  9e-02 524:59.0
  718   8616 -1.852029591125752e-01 2.2e+02 2.60e-02  2e-03  1e-01 528:51.7
  724   8688 -1.852388171865775e-01 2.1e+02 3.06e-02  2e-03  1e-01 532:46.5
  730   8760 -1.852548166294632e-01 2.1e+02 3.33e-02  3e-03  1e-01 536:43.9
  736   8832 -1.853197696626982e-01 2.1e+02 3.13e-02  3e-03  1e-01 540:41.3
  742   8904 -1.853654635451069e-01 2.1e+02 3.50e-02  3e-03  1e-01 544:38.6
  749   8988 -1.853900852949612e-01 2.0e+02 3.25e-02  3e-03  1e-01 549:10.8
  755   9060 -1.854060736463539e-01 2.0e+02 3.22e-02  3e-03  1e-01 553:08.3
  761   9132 -1.854414559328590e-01 1.9e+02 3.32e-02  3e-03  1e-01 557:05.6
  767   9204 -1.854789536262556e-01 1.9e+02 3.89e-02  3e-03  1e-01 561:03.3
  774   9288 -1.855274268211716e-01 1.9e+02 4.89e-02  4e-03  2e-01 565:40.7
  781   9372 -1.855531545238010e-01 1.9e+02 4.08e-02  3e-03  2e-01 570:17.6
  788   9456 -1.855519284529623e-01 1.9e+02 3.24e-02  2e-03  1e-01 574:54.8
  795   9540 -1.855589254937383e-01 1.8e+02 2.52e-02  2e-03  9e-02 579:30.9
  800   9600 -1.855634270330135e-01 1.8e+02 2.20e-02  1e-03  8e-02 582:48.9
  807   9684 -1.855785191839674e-01 1.8e+02 1.91e-02  1e-03  6e-02 587:25.7
  814   9768 -1.855838562344178e-01 1.7e+02 1.62e-02  1e-03  5e-02 592:02.6
  821   9852 -1.855950141863665e-01 1.6e+02 1.89e-02  1e-03  6e-02 596:36.7
  828   9936 -1.855932716998514e-01 1.7e+02 2.35e-02  1e-03  8e-02 601:12.9
  835  10020 -1.856027476648252e-01 1.7e+02 2.26e-02  1e-03  8e-02 605:47.3
  842  10104 -1.856106255368301e-01 1.7e+02 2.18e-02  1e-03  7e-02 610:22.9
  849  10188 -1.856196115528550e-01 1.7e+02 1.88e-02  1e-03  6e-02 615:00.4
  856  10272 -1.856241405991944e-01 1.7e+02 2.39e-02  1e-03  8e-02 619:37.5
  863  10356 -1.856339646766980e-01 1.7e+02 2.53e-02  1e-03  8e-02 624:13.9
  870  10440 -1.856453101018437e-01 1.8e+02 2.64e-02  1e-03  9e-02 628:50.4
  877  10524 -1.856498857520145e-01 1.9e+02 2.61e-02  1e-03  9e-02 633:27.3
  884  10608 -1.856596413344807e-01 2.0e+02 2.56e-02  1e-03  9e-02 638:02.8
  891  10692 -1.856710712931559e-01 2.2e+02 2.54e-02  1e-03  9e-02 642:39.2
  898  10776 -1.856790391793850e-01 2.5e+02 2.69e-02  1e-03  9e-02 647:15.6
  900  10800 -1.856820671702726e-01 2.6e+02 2.86e-02  1e-03  9e-02 648:34.6
  907  10884 -1.856862340673985e-01 2.7e+02 2.31e-02  1e-03  8e-02 653:10.9
  914  10968 -1.856929409068281e-01 2.9e+02 2.25e-02  1e-03  7e-02 657:46.7
  921  11052 -1.856974746156183e-01 3.0e+02 2.16e-02  1e-03  7e-02 662:23.7
  928  11136 -1.857038807808791e-01 3.0e+02 2.17e-02  1e-03  7e-02 667:00.9
  935  11220 -1.857058821477852e-01 3.2e+02 2.28e-02  1e-03  8e-02 671:38.1
  942  11304 -1.857139822749591e-01 3.2e+02 2.00e-02  9e-04  6e-02 676:15.3
  949  11388 -1.857216570030371e-01 3.1e+02 2.80e-02  1e-03  9e-02 680:52.8
  956  11472 -1.857315724242732e-01 3.2e+02 3.40e-02  1e-03  1e-01 685:29.5
  963  11556 -1.857455776372574e-01 3.3e+02 4.25e-02  2e-03  1e-01 690:06.2
  970  11640 -1.857517915078368e-01 3.4e+02 4.47e-02  2e-03  2e-01 694:41.8
  977  11724 -1.857600242023840e-01 3.5e+02 3.73e-02  2e-03  1e-01 699:14.1
  984  11808 -1.857700394352880e-01 3.4e+02 3.17e-02  1e-03  1e-01 703:50.6
  991  11892 -1.857885528299794e-01 3.5e+02 3.39e-02  1e-03  1e-01 708:27.8
  998  11976 -1.858008052954649e-01 3.8e+02 3.59e-02  1e-03  1e-01 713:04.3
 1000  12000 -1.858071201199835e-01 3.8e+02 4.07e-02  2e-03  1e-01 714:22.9
Budget constraint satisfied 1303.2499504089355 1696 Difference:  392.75004959106445
Budget constraint satisfied 1283.199951171875 1696 Difference:  412.800048828125
two_most_probable_states: ['000100000100', '000000000100']
final_expectation_value: -0.18580712011998354
params: [2.5010274173455485, 5.667296099500503, 1.3214747156299447, 9.397810843948902, 14.038601511473965, 5.013915908038293, 6.977730925420379, 1.0849328940785772, 7.57564320017584, -0.5578816782046073, 2.636848927266135, 1.3912664884372519, 1.4798355778718175, -0.1371301397909437, 1.4727616726489303, 3.1101926652203162, 2.0637733358470576, 2.583110389133435, 0.03596640527266003, 3.2347787316427397]
total_steps: 1000
states_probs: [0.002773536735974743, 0.002898422078013984]
optimized_portfolios: [{'HON': 0, 'INTC': 65, 'UNH': 0}, {'HON': 0, 'INTC': 64, 'UNH': 0}]
objective_values: [-1114323.9255851621, -1047370.9780246664]
result_with_budget: [{'portfolio': {'HON': 0, 'INTC': 65, 'UNH': 0}, 'budget': 1303.2499504089355, 'difference': 392.75004959106445}, {'portfolio': {'HON': 0, 'INTC': 64, 'UNH': 0}, 'budget': 1283.199951171875, 'difference': 412.800048828125}]
Batch 70/100 completed. Results saved to portfolio_optimization_results_batch_69.json
Job finished at Sat Mar 22 22:16:10 EET 2025
