Running job array 68 on milan20.int.triton.aalto.fi
Starting at Sat Mar 22 10:19:11 EET 2025
Activating virtual environment at /scratch/work/uotilav2/quantum-portfolio/venv
Processing batch 69/100: experiments 68 to 68 (total 1)
Processing experiment 68
Budget: 5700
YF.download() has changed argument auto_adjust default to True
Number of qubits for asset PG: 6
Number of qubits for asset WMT: 6
Total number of qubits:  12
Optimized Weights (considering variance, skewness and kurtosis):
PG: 32.47%
WMT: 67.53%
Left over budget:  82.71902996895915
Optimized Discrete Allocation:
PG: 11
WMT: 42
Maximized utility from continuous higher moments:  -292049.5401545719
Budget constraint satisfied 5692.6954345703125 5700 Difference:  7.3045654296875
Budget constraint not satisfied 5706.266662597656 5700 Difference:  -6.26666259765625
smallest_eigenvalues: [-0.3042721351688571]
smallest_bitstrings: ['000001001000']
first_excited_energy: -0.30427175087310354
optimized_portfolio: [{'PG': 32, 'WMT': 4}]
second_optimized_portfolio: [{'PG': 31, 'WMT': 6}]
result_with_budget: [{'portfolio': {'PG': 32, 'WMT': 4}, 'budget': 5692.6954345703125, 'difference': 7.3045654296875, 'objective_value': -68906.24051255798}]
result_with_budget_excited: [{'portfolio': {'PG': 31, 'WMT': 6}, 'budget': 5706.266662597656, 'difference': -6.26666259765625, 'objective_value': -69577.47587757936}]
Initial params:  [2.51063067 1.44978017 2.45210473 0.37157007 2.01037118 0.45035763
 2.96776493 1.63943485 1.3026989  0.83112597 2.43232687 1.43303853
 1.78578792 0.0590299  1.94035914 1.92295543 1.93815531 2.96487203
 2.14200164 1.12942738]
(6_w,12)-aCMA-ES (mu_w=3.7,w_1=40%) in dimension 20 (seed=778663, Sat Mar 22 10:20:20 2025)
Iterat #Fevals   function value  axis ratio  sigma  min&max std  t[m:s]
    1     12 -1.747453124210110e-01 1.0e+00 9.32e-02  9e-02  9e-02 0:51.7
    2     24 -2.083718037416279e-01 1.1e+00 8.99e-02  9e-02  9e-02 1:43.0
    3     36 -2.096615101645445e-01 1.1e+00 8.67e-02  8e-02  9e-02 2:34.8
    4     48 -2.044914387459070e-01 1.1e+00 8.39e-02  8e-02  9e-02 3:26.4
    5     60 -2.229355074063410e-01 1.2e+00 8.39e-02  8e-02  9e-02 4:18.0
    6     72 -2.205541296107744e-01 1.2e+00 8.22e-02  8e-02  8e-02 5:06.9
    7     84 -2.165391670739077e-01 1.3e+00 8.21e-02  8e-02  8e-02 5:53.9
    8     96 -2.237143334814455e-01 1.3e+00 8.72e-02  8e-02  9e-02 6:40.9
    9    108 -2.448064814313239e-01 1.4e+00 9.07e-02  9e-02  1e-01 7:28.0
   10    120 -2.391213100980695e-01 1.5e+00 9.23e-02  9e-02  1e-01 8:15.1
   11    132 -2.317057138793719e-01 1.5e+00 9.66e-02  9e-02  1e-01 9:05.2
   12    144 -2.441274928012351e-01 1.6e+00 1.01e-01  1e-01  1e-01 9:56.3
   13    156 -2.378943187941016e-01 1.6e+00 1.02e-01  1e-01  1e-01 10:47.6
   14    168 -2.551283217535829e-01 1.7e+00 1.07e-01  1e-01  1e-01 11:38.9
   15    180 -2.658626866151086e-01 1.7e+00 1.16e-01  1e-01  1e-01 12:30.1
   16    192 -2.592680514839135e-01 1.8e+00 1.22e-01  1e-01  1e-01 13:21.2
   17    204 -2.465061951388953e-01 1.8e+00 1.27e-01  1e-01  1e-01 14:12.2
   18    216 -2.523270725563347e-01 1.9e+00 1.31e-01  1e-01  2e-01 15:03.4
   19    228 -2.509197559854135e-01 2.0e+00 1.35e-01  1e-01  2e-01 15:54.9
   20    240 -2.452128392230216e-01 2.0e+00 1.32e-01  1e-01  2e-01 16:46.2
   21    252 -2.579030893796366e-01 2.0e+00 1.30e-01  1e-01  2e-01 17:37.4
   22    264 -2.499698601942762e-01 2.1e+00 1.25e-01  1e-01  2e-01 18:28.3
   23    276 -2.595910734377987e-01 2.1e+00 1.22e-01  1e-01  1e-01 19:19.6
   24    288 -2.506075143326412e-01 2.1e+00 1.21e-01  1e-01  1e-01 20:10.8
   25    300 -2.417295053989398e-01 2.1e+00 1.15e-01  1e-01  1e-01 21:01.9
   26    312 -2.484186652141901e-01 2.1e+00 1.13e-01  1e-01  1e-01 21:53.4
   27    324 -2.552859929216441e-01 2.2e+00 1.12e-01  1e-01  1e-01 22:44.3
   28    336 -2.455502024369122e-01 2.2e+00 1.09e-01  1e-01  1e-01 23:35.6
   29    348 -2.529241128601275e-01 2.2e+00 1.09e-01  1e-01  1e-01 24:25.3
   30    360 -2.572759252057614e-01 2.3e+00 1.07e-01  1e-01  1e-01 25:16.2
   31    372 -2.596728368653254e-01 2.3e+00 1.04e-01  1e-01  1e-01 26:07.7
   32    384 -2.570099887340646e-01 2.3e+00 1.02e-01  9e-02  1e-01 26:59.0
   33    396 -2.645050090389346e-01 2.3e+00 1.02e-01  9e-02  1e-01 27:50.3
   34    408 -2.634626342251854e-01 2.3e+00 1.02e-01  9e-02  1e-01 28:41.9
   35    420 -2.668254171396946e-01 2.4e+00 1.05e-01  1e-01  1e-01 29:33.3
   36    432 -2.647292140498380e-01 2.4e+00 1.07e-01  1e-01  1e-01 30:24.4
   37    444 -2.600377982221570e-01 2.4e+00 1.05e-01  1e-01  1e-01 31:15.5
   38    456 -2.663853449142016e-01 2.5e+00 9.96e-02  9e-02  1e-01 32:06.6
   39    468 -2.676962798228976e-01 2.5e+00 9.60e-02  9e-02  1e-01 32:57.8
   40    480 -2.669563504270228e-01 2.5e+00 9.18e-02  8e-02  1e-01 33:49.0
   41    492 -2.657851202698501e-01 2.5e+00 9.02e-02  8e-02  1e-01 34:39.9
   42    504 -2.674703384304005e-01 2.6e+00 9.02e-02  8e-02  1e-01 35:31.0
   43    516 -2.634253341024986e-01 2.6e+00 9.15e-02  8e-02  1e-01 36:22.2
   44    528 -2.662373572263803e-01 2.7e+00 9.06e-02  8e-02  1e-01 37:13.4
   45    540 -2.675586951307299e-01 2.7e+00 9.17e-02  8e-02  1e-01 38:04.7
   46    552 -2.655566802202193e-01 2.8e+00 9.07e-02  8e-02  1e-01 38:56.1
   47    564 -2.679275062474978e-01 2.8e+00 8.80e-02  8e-02  1e-01 39:47.6
   48    576 -2.688121126163504e-01 2.8e+00 8.43e-02  7e-02  1e-01 40:39.2
   49    588 -2.687977647921448e-01 2.8e+00 8.16e-02  7e-02  9e-02 41:30.5
   50    600 -2.669716234188478e-01 2.8e+00 7.95e-02  7e-02  9e-02 42:21.7
   51    612 -2.665145302611591e-01 2.9e+00 7.81e-02  7e-02  9e-02 43:13.8
   52    624 -2.661822454604687e-01 2.9e+00 7.61e-02  7e-02  9e-02 44:04.8
   54    648 -2.665879075178589e-01 2.9e+00 7.08e-02  6e-02  8e-02 45:47.0
   56    672 -2.594452779272656e-01 2.9e+00 7.10e-02  6e-02  8e-02 47:27.1
   58    696 -2.627494291535819e-01 3.1e+00 7.09e-02  6e-02  8e-02 49:01.7
   60    720 -2.631714248087803e-01 3.2e+00 7.23e-02  6e-02  8e-02 50:37.3
   62    744 -2.696265751757579e-01 3.3e+00 7.01e-02  6e-02  8e-02 52:12.7
   64    768 -2.696476909635662e-01 3.4e+00 6.88e-02  6e-02  8e-02 53:47.7
   66    792 -2.718643025925823e-01 3.5e+00 6.82e-02  6e-02  8e-02 55:22.2
   68    816 -2.712068199703128e-01 3.6e+00 6.92e-02  6e-02  8e-02 56:54.5
   70    840 -2.681759135033551e-01 3.7e+00 6.99e-02  6e-02  8e-02 58:30.6
   72    864 -2.720766926672962e-01 3.7e+00 6.68e-02  6e-02  7e-02 60:06.5
   74    888 -2.722615313274947e-01 3.7e+00 6.83e-02  6e-02  8e-02 61:42.5
   76    912 -2.697314375532920e-01 3.8e+00 6.55e-02  5e-02  7e-02 63:18.8
   78    936 -2.726346849516960e-01 3.8e+00 6.77e-02  6e-02  7e-02 64:54.8
   80    960 -2.742319736893047e-01 3.8e+00 7.20e-02  6e-02  8e-02 66:30.7
   82    984 -2.746082945334578e-01 3.8e+00 6.91e-02  6e-02  8e-02 68:06.8
   84   1008 -2.737282448627765e-01 3.8e+00 6.49e-02  6e-02  7e-02 69:42.7
   86   1032 -2.754649379147623e-01 3.9e+00 5.94e-02  5e-02  7e-02 71:18.8
   88   1056 -2.748948994654556e-01 4.0e+00 5.56e-02  5e-02  6e-02 72:54.5
   90   1080 -2.745118252922250e-01 4.1e+00 5.38e-02  5e-02  6e-02 74:30.8
   92   1104 -2.760262631490293e-01 4.2e+00 5.16e-02  4e-02  6e-02 76:06.4
   94   1128 -2.752856794070868e-01 4.3e+00 4.94e-02  4e-02  6e-02 77:42.0
   96   1152 -2.755538560849170e-01 4.4e+00 4.97e-02  4e-02  6e-02 79:17.7
   98   1176 -2.748209975511422e-01 4.5e+00 4.72e-02  4e-02  5e-02 80:53.6
  100   1200 -2.753420808818705e-01 4.6e+00 4.55e-02  4e-02  5e-02 82:28.3
  102   1224 -2.754634652605351e-01 4.8e+00 4.06e-02  3e-02  5e-02 84:00.9
  104   1248 -2.759173145946026e-01 4.8e+00 3.80e-02  3e-02  4e-02 85:33.7
  106   1272 -2.764574421171047e-01 4.9e+00 3.46e-02  3e-02  4e-02 87:06.7
  108   1296 -2.763398057734432e-01 5.0e+00 3.28e-02  3e-02  4e-02 88:39.2
  110   1320 -2.763077699220801e-01 5.2e+00 3.15e-02  3e-02  4e-02 90:11.9
  112   1344 -2.766946739155038e-01 5.2e+00 2.96e-02  2e-02  3e-02 91:44.6
  114   1368 -2.765345275483763e-01 5.3e+00 2.80e-02  2e-02  3e-02 93:17.5
  116   1392 -2.767628749583856e-01 5.4e+00 2.65e-02  2e-02  3e-02 94:50.3
  118   1416 -2.770750744389795e-01 5.5e+00 2.36e-02  2e-02  3e-02 96:23.4
  120   1440 -2.772862475821189e-01 5.7e+00 2.38e-02  2e-02  3e-02 97:55.9
  122   1464 -2.770072080199049e-01 5.9e+00 2.34e-02  2e-02  3e-02 99:26.3
  124   1488 -2.776176373371914e-01 6.0e+00 2.24e-02  2e-02  3e-02 101:05.1
  126   1512 -2.772669215025774e-01 6.1e+00 2.34e-02  2e-02  3e-02 102:43.2
  128   1536 -2.774161642475765e-01 6.3e+00 2.58e-02  2e-02  3e-02 104:21.5
  130   1560 -2.775230893042339e-01 6.6e+00 2.79e-02  2e-02  3e-02 105:59.8
  132   1584 -2.777044632753988e-01 7.2e+00 2.82e-02  2e-02  3e-02 107:37.8
  134   1608 -2.778656981474448e-01 7.4e+00 2.84e-02  2e-02  3e-02 109:16.0
  136   1632 -2.776002912099865e-01 7.8e+00 2.87e-02  2e-02  4e-02 110:53.9
  138   1656 -2.776914435436510e-01 8.1e+00 2.80e-02  2e-02  3e-02 112:32.4
  140   1680 -2.777984055235839e-01 8.2e+00 2.54e-02  2e-02  3e-02 114:11.2
  142   1704 -2.779259766359047e-01 8.6e+00 2.56e-02  2e-02  3e-02 115:49.6
  144   1728 -2.780889148361996e-01 8.7e+00 2.58e-02  2e-02  3e-02 117:28.5
  146   1752 -2.780747665166955e-01 9.0e+00 2.53e-02  2e-02  3e-02 119:07.2
  149   1788 -2.783510286174151e-01 9.0e+00 2.35e-02  2e-02  3e-02 121:33.8
  152   1824 -2.785806675413374e-01 9.3e+00 2.27e-02  2e-02  3e-02 124:01.4
  155   1860 -2.786561500300442e-01 1.0e+01 2.43e-02  2e-02  3e-02 126:28.8
  158   1896 -2.786918533089609e-01 1.0e+01 2.51e-02  2e-02  4e-02 128:55.9
  161   1932 -2.789157019140042e-01 1.1e+01 2.52e-02  2e-02  4e-02 131:22.8
  164   1968 -2.789279850190025e-01 1.1e+01 2.41e-02  2e-02  4e-02 133:49.6
  167   2004 -2.794201812416551e-01 1.1e+01 2.35e-02  2e-02  4e-02 136:16.8
  170   2040 -2.796572203902752e-01 1.2e+01 2.72e-02  2e-02  4e-02 138:44.1
  173   2076 -2.797470348820589e-01 1.3e+01 2.61e-02  2e-02  4e-02 141:11.1
  176   2112 -2.798058482020869e-01 1.4e+01 2.59e-02  2e-02  4e-02 143:38.4
  179   2148 -2.801360201843425e-01 1.4e+01 2.55e-02  2e-02  4e-02 146:01.0
  182   2184 -2.802062961257597e-01 1.4e+01 2.55e-02  2e-02  4e-02 148:22.8
  185   2220 -2.802017534686320e-01 1.5e+01 2.81e-02  2e-02  5e-02 150:44.7
  188   2256 -2.804786133936326e-01 1.6e+01 2.80e-02  2e-02  5e-02 153:06.4
  191   2292 -2.803395330239124e-01 1.6e+01 2.57e-02  2e-02  5e-02 155:32.3
  194   2328 -2.805556288776528e-01 1.7e+01 2.57e-02  2e-02  5e-02 157:58.9
  197   2364 -2.806858683159028e-01 1.7e+01 2.54e-02  2e-02  5e-02 160:25.4
  200   2400 -2.807098867892623e-01 1.8e+01 2.44e-02  2e-02  5e-02 162:51.5
  203   2436 -2.808209074555294e-01 1.8e+01 2.47e-02  2e-02  5e-02 165:17.1
  206   2472 -2.809171886616635e-01 1.9e+01 2.35e-02  2e-02  5e-02 167:43.3
  209   2508 -2.810821613357007e-01 1.9e+01 2.30e-02  2e-02  4e-02 170:09.4
  212   2544 -2.811740024223294e-01 2.0e+01 2.51e-02  2e-02  5e-02 172:35.5
  215   2580 -2.812562192269205e-01 2.0e+01 2.78e-02  2e-02  5e-02 175:01.1
  218   2616 -2.810825620088578e-01 2.2e+01 3.35e-02  2e-02  6e-02 177:27.2
  221   2652 -2.815774612302432e-01 2.2e+01 3.44e-02  3e-02  7e-02 179:52.8
  224   2688 -2.815874561653614e-01 2.3e+01 3.35e-02  2e-02  6e-02 182:18.8
  227   2724 -2.816349600085558e-01 2.4e+01 3.37e-02  2e-02  6e-02 184:44.8
  230   2760 -2.817985229210428e-01 2.4e+01 3.58e-02  3e-02  7e-02 187:11.1
  233   2796 -2.819239886259727e-01 2.4e+01 3.69e-02  3e-02  7e-02 189:37.3
  236   2832 -2.824668210955424e-01 2.5e+01 4.26e-02  3e-02  8e-02 192:02.7
  239   2868 -2.824109987281240e-01 2.7e+01 4.63e-02  3e-02  9e-02 194:28.4
  242   2904 -2.827167791484824e-01 2.9e+01 4.68e-02  3e-02  1e-01 196:53.5
  245   2940 -2.831944704905855e-01 3.0e+01 4.50e-02  3e-02  1e-01 199:17.6
  248   2976 -2.833338103710690e-01 3.2e+01 4.85e-02  3e-02  1e-01 201:40.5
  251   3012 -2.838190243368439e-01 3.3e+01 4.92e-02  3e-02  1e-01 204:01.5
  254   3048 -2.839273812948664e-01 3.4e+01 4.71e-02  3e-02  1e-01 206:22.7
  257   3084 -2.839726285826098e-01 3.6e+01 4.74e-02  3e-02  1e-01 208:44.1
  260   3120 -2.839742975026436e-01 3.7e+01 4.44e-02  3e-02  1e-01 211:05.7
  263   3156 -2.843494296855772e-01 3.8e+01 3.81e-02  3e-02  9e-02 213:26.7
  266   3192 -2.844609017858474e-01 3.8e+01 3.77e-02  3e-02  9e-02 215:48.1
  269   3228 -2.844192139459841e-01 3.9e+01 3.79e-02  3e-02  9e-02 218:09.3
  272   3264 -2.844712457448512e-01 3.9e+01 3.25e-02  2e-02  7e-02 220:30.5
  275   3300 -2.845986618373674e-01 3.9e+01 3.06e-02  2e-02  7e-02 222:51.8
  279   3348 -2.845886721120185e-01 3.9e+01 2.71e-02  2e-02  6e-02 226:00.3
  283   3396 -2.846335444072921e-01 4.0e+01 2.23e-02  1e-02  5e-02 229:08.9
  287   3444 -2.846795070691237e-01 4.0e+01 1.90e-02  1e-02  4e-02 232:15.8
  291   3492 -2.847410637287681e-01 4.1e+01 2.02e-02  1e-02  4e-02 235:20.9
  295   3540 -2.847284487807186e-01 4.1e+01 2.00e-02  1e-02  4e-02 238:25.9
  299   3588 -2.848017643497370e-01 4.2e+01 2.02e-02  1e-02  4e-02 241:30.0
  300   3600 -2.848284018410677e-01 4.2e+01 2.03e-02  1e-02  4e-02 242:16.0
  304   3648 -2.848496733387837e-01 4.2e+01 2.00e-02  1e-02  4e-02 245:20.2
  308   3696 -2.848858738681363e-01 4.3e+01 1.84e-02  1e-02  4e-02 248:24.1
  312   3744 -2.848800685242268e-01 4.4e+01 1.89e-02  1e-02  4e-02 251:27.5
  316   3792 -2.849067990360724e-01 4.5e+01 1.84e-02  1e-02  4e-02 254:31.5
  320   3840 -2.849422072673651e-01 4.6e+01 1.70e-02  9e-03  4e-02 257:35.5
  324   3888 -2.849429033795033e-01 4.6e+01 1.65e-02  8e-03  3e-02 260:55.4
  328   3936 -2.849634586102391e-01 4.5e+01 1.65e-02  8e-03  3e-02 264:14.7
  332   3984 -2.849561187932376e-01 4.5e+01 1.76e-02  9e-03  3e-02 267:24.8
  336   4032 -2.850225640295054e-01 4.5e+01 1.63e-02  8e-03  3e-02 270:44.3
  340   4080 -2.850375801651524e-01 4.5e+01 1.72e-02  8e-03  3e-02 274:04.6
  344   4128 -2.850585936921808e-01 4.5e+01 1.60e-02  8e-03  3e-02 277:24.3
  348   4176 -2.850730789287014e-01 4.5e+01 1.58e-02  7e-03  3e-02 280:44.5
  352   4224 -2.850963284276911e-01 4.6e+01 1.55e-02  7e-03  3e-02 284:04.6
  356   4272 -2.851277866270372e-01 4.7e+01 1.75e-02  8e-03  3e-02 287:24.7
  360   4320 -2.851408322134907e-01 4.6e+01 1.72e-02  8e-03  3e-02 290:45.2
  364   4368 -2.851560278023757e-01 4.6e+01 1.76e-02  8e-03  3e-02 293:56.8
  368   4416 -2.851999553691538e-01 4.7e+01 1.98e-02  9e-03  3e-02 297:00.7
  372   4464 -2.852229888765614e-01 5.0e+01 2.32e-02  1e-02  4e-02 300:04.6
  376   4512 -2.853249758273431e-01 5.6e+01 2.56e-02  1e-02  5e-02 303:08.4
  380   4560 -2.853523502223195e-01 6.3e+01 2.72e-02  1e-02  6e-02 306:05.1
  385   4620 -2.853928071725049e-01 7.0e+01 2.77e-02  1e-02  7e-02 309:34.4
  390   4680 -2.854228521503629e-01 7.5e+01 2.61e-02  1e-02  7e-02 313:04.1
  395   4740 -2.854922601920498e-01 7.9e+01 2.67e-02  1e-02  7e-02 316:32.8
  400   4800 -2.855415463554670e-01 8.6e+01 2.78e-02  1e-02  8e-02 320:02.0
  405   4860 -2.855990200910832e-01 8.9e+01 2.30e-02  1e-02  6e-02 323:31.1
  410   4920 -2.856977516930981e-01 9.1e+01 2.37e-02  1e-02  7e-02 326:58.9
  415   4980 -2.857670077422663e-01 9.6e+01 2.31e-02  9e-03  7e-02 330:23.8
  420   5040 -2.858738236938774e-01 9.9e+01 2.34e-02  9e-03  7e-02 333:53.8
  425   5100 -2.860126230508316e-01 1.1e+02 3.29e-02  1e-02  1e-01 337:23.7
  430   5160 -2.860102263239003e-01 1.1e+02 3.92e-02  2e-02  1e-01 340:53.9
  435   5220 -2.862257080058311e-01 1.1e+02 3.81e-02  2e-02  1e-01 344:24.2
  440   5280 -2.864109721208464e-01 1.1e+02 4.02e-02  2e-02  1e-01 347:54.0
  445   5340 -2.868630591588341e-01 1.1e+02 5.23e-02  2e-02  2e-01 351:23.9
  450   5400 -2.864365317408004e-01 1.0e+02 6.56e-02  3e-02  2e-01 354:54.4
  455   5460 -2.870056895567956e-01 9.7e+01 6.60e-02  3e-02  2e-01 358:24.5
  460   5520 -2.869394626708779e-01 9.4e+01 6.00e-02  3e-02  2e-01 361:54.5
  465   5580 -2.871911039854469e-01 9.0e+01 5.54e-02  2e-02  1e-01 365:24.7
  470   5640 -2.875301752409101e-01 8.4e+01 4.91e-02  2e-02  1e-01 368:50.2
  475   5700 -2.877061631775432e-01 7.9e+01 4.02e-02  2e-02  9e-02 372:22.6
  480   5760 -2.876556809978398e-01 7.9e+01 4.32e-02  2e-02  9e-02 376:06.2
  485   5820 -2.877540818966842e-01 7.7e+01 3.64e-02  1e-02  8e-02 379:58.8
  490   5880 -2.877882161631771e-01 7.1e+01 3.39e-02  1e-02  7e-02 383:51.3
  495   5940 -2.878174928316148e-01 6.9e+01 2.68e-02  1e-02  5e-02 387:44.0
  500   6000 -2.878789564058389e-01 6.6e+01 2.33e-02  1e-02  4e-02 391:36.2
  505   6060 -2.879249643336749e-01 6.3e+01 2.35e-02  9e-03  4e-02 395:27.6
  510   6120 -2.880359054892741e-01 6.1e+01 2.49e-02  1e-02  4e-02 399:19.9
  515   6180 -2.880887811251290e-01 6.1e+01 2.29e-02  9e-03  4e-02 403:00.3
  520   6240 -2.881356044853661e-01 5.9e+01 2.12e-02  8e-03  3e-02 406:29.0
  525   6300 -2.881587713227018e-01 5.8e+01 2.10e-02  8e-03  3e-02 409:53.1
  530   6360 -2.882350700214326e-01 6.0e+01 2.45e-02  1e-02  4e-02 413:14.6
  535   6420 -2.883273387084880e-01 6.1e+01 3.27e-02  1e-02  5e-02 416:36.5
  540   6480 -2.884165785849845e-01 6.7e+01 4.37e-02  2e-02  8e-02 419:57.8
  545   6540 -2.884286176924247e-01 7.0e+01 5.29e-02  2e-02  9e-02 423:19.1
  551   6612 -2.885649812653622e-01 7.0e+01 4.36e-02  2e-02  8e-02 427:20.7
  557   6684 -2.886330793127898e-01 6.9e+01 4.29e-02  2e-02  8e-02 431:21.6
  563   6756 -2.888004987414038e-01 7.3e+01 3.15e-02  1e-02  6e-02 435:23.4
  569   6828 -2.889811074612389e-01 7.3e+01 3.49e-02  1e-02  6e-02 439:25.2
  575   6900 -2.890769850696848e-01 7.2e+01 5.08e-02  2e-02  9e-02 443:26.8
  581   6972 -2.892960884689048e-01 7.1e+01 4.32e-02  1e-02  8e-02 447:28.4
  587   7044 -2.895323550710920e-01 7.4e+01 4.52e-02  1e-02  8e-02 451:30.4
  593   7116 -2.895082403648396e-01 7.5e+01 3.82e-02  1e-02  7e-02 455:32.9
  599   7188 -2.895813990256900e-01 7.7e+01 3.59e-02  1e-02  7e-02 459:34.4
  600   7200 -2.895453203516029e-01 7.7e+01 3.58e-02  1e-02  7e-02 460:14.8
  606   7272 -2.896399262371304e-01 8.1e+01 4.74e-02  1e-02  9e-02 464:16.6
  612   7344 -2.897742938947319e-01 8.2e+01 4.21e-02  1e-02  8e-02 468:19.0
  618   7416 -2.897839135748608e-01 8.3e+01 3.91e-02  1e-02  8e-02 472:20.8
  624   7488 -2.898006262982352e-01 8.1e+01 3.19e-02  8e-03  6e-02 476:22.3
  630   7560 -2.898642191364939e-01 7.9e+01 2.42e-02  6e-03  5e-02 480:23.9
  636   7632 -2.899580432574460e-01 8.2e+01 2.52e-02  6e-03  5e-02 484:26.2
  642   7704 -2.899560112083658e-01 8.7e+01 3.30e-02  7e-03  7e-02 488:30.3
  648   7776 -2.900372456111623e-01 9.2e+01 3.60e-02  8e-03  7e-02 492:33.9
  654   7848 -2.900825090292417e-01 9.4e+01 3.54e-02  8e-03  7e-02 496:36.1
  660   7920 -2.901227212987993e-01 9.5e+01 3.11e-02  7e-03  6e-02 500:37.9
  666   7992 -2.902168769349853e-01 9.6e+01 2.79e-02  6e-03  6e-02 504:39.4
  672   8064 -2.902967301981388e-01 1.0e+02 2.86e-02  6e-03  6e-02 508:41.1
  678   8136 -2.903286126157079e-01 1.1e+02 3.67e-02  7e-03  8e-02 512:42.3
  684   8208 -2.904727989605467e-01 1.1e+02 4.34e-02  8e-03  9e-02 516:43.3
  690   8280 -2.905254507430703e-01 1.1e+02 4.67e-02  9e-03  9e-02 520:44.8
  696   8352 -2.905225641816311e-01 1.1e+02 4.07e-02  8e-03  8e-02 524:44.6
  700   8400 -2.905554993696160e-01 1.1e+02 3.72e-02  7e-03  7e-02 527:23.6
  706   8472 -2.906302289639789e-01 1.1e+02 3.26e-02  6e-03  6e-02 531:22.3
  712   8544 -2.906991172571919e-01 1.1e+02 2.85e-02  5e-03  6e-02 535:24.4
  718   8616 -2.907721086172894e-01 1.1e+02 3.03e-02  5e-03  6e-02 539:26.1
  724   8688 -2.908108168609013e-01 1.2e+02 2.71e-02  4e-03  5e-02 543:28.2
  730   8760 -2.908385946549603e-01 1.2e+02 2.02e-02  3e-03  4e-02 547:27.4
  736   8832 -2.908865109787380e-01 1.3e+02 2.50e-02  4e-03  5e-02 551:28.8
  742   8904 -2.909024922706936e-01 1.4e+02 2.17e-02  4e-03  5e-02 555:31.3
  748   8976 -2.909135422057505e-01 1.4e+02 1.96e-02  3e-03  4e-02 559:34.0
  754   9048 -2.909285544519394e-01 1.5e+02 1.99e-02  3e-03  4e-02 563:36.7
  760   9120 -2.909425577855864e-01 1.5e+02 1.88e-02  3e-03  4e-02 567:38.7
  766   9192 -2.909484330358376e-01 1.5e+02 1.66e-02  3e-03  4e-02 571:41.0
  772   9264 -2.909491175810220e-01 1.5e+02 1.45e-02  2e-03  3e-02 575:43.2
  778   9336 -2.909595293764766e-01 1.6e+02 1.41e-02  2e-03  3e-02 579:45.0
  784   9408 -2.909646396533180e-01 1.6e+02 1.48e-02  2e-03  3e-02 583:47.0
  791   9492 -2.909685043017965e-01 1.6e+02 1.45e-02  2e-03  3e-02 588:29.4
  798   9576 -2.909727226608315e-01 1.7e+02 1.07e-02  2e-03  2e-02 593:11.3
  800   9600 -2.909741159480255e-01 1.7e+02 1.09e-02  2e-03  2e-02 594:30.6
  807   9684 -2.909793723611342e-01 1.7e+02 1.24e-02  2e-03  3e-02 599:12.3
  814   9768 -2.909849682027588e-01 1.7e+02 1.15e-02  2e-03  2e-02 603:55.1
  821   9852 -2.909908478674464e-01 1.7e+02 1.32e-02  2e-03  3e-02 608:35.1
  828   9936 -2.909944824297930e-01 1.7e+02 1.36e-02  2e-03  3e-02 613:18.6
  835  10020 -2.909997953821431e-01 1.7e+02 1.21e-02  2e-03  2e-02 618:02.1
  842  10104 -2.910058714285159e-01 1.7e+02 1.10e-02  2e-03  2e-02 622:45.6
  849  10188 -2.910130604350523e-01 1.7e+02 1.21e-02  2e-03  2e-02 627:29.1
  856  10272 -2.910230039426757e-01 1.7e+02 1.98e-02  3e-03  4e-02 632:12.4
  863  10356 -2.910436037030988e-01 1.7e+02 3.49e-02  6e-03  7e-02 636:54.6
  870  10440 -2.910688844474797e-01 1.7e+02 4.11e-02  7e-03  8e-02 641:36.9
  877  10524 -2.911204332466992e-01 1.7e+02 4.33e-02  7e-03  8e-02 646:19.6
  884  10608 -2.911704964135501e-01 1.6e+02 3.53e-02  6e-03  6e-02 651:03.1
  891  10692 -2.912361707983867e-01 1.6e+02 3.63e-02  6e-03  6e-02 655:45.5
  898  10776 -2.913227412547894e-01 1.6e+02 4.56e-02  7e-03  9e-02 660:28.1
  900  10800 -2.913258717349242e-01 1.6e+02 5.17e-02  8e-03  1e-01 661:49.0
  907  10884 -2.914179326999479e-01 1.6e+02 5.04e-02  8e-03  1e-01 666:31.1
  914  10968 -2.915008383737945e-01 1.5e+02 5.24e-02  8e-03  1e-01 671:13.5
  921  11052 -2.916059821148341e-01 1.5e+02 5.54e-02  8e-03  1e-01 675:56.0
  928  11136 -2.917122287421660e-01 1.4e+02 6.21e-02  9e-03  1e-01 680:38.0
  935  11220 -2.918187565997392e-01 1.3e+02 8.07e-02  1e-02  2e-01 685:19.7
  942  11304 -2.918645374611564e-01 1.3e+02 7.90e-02  1e-02  1e-01 690:00.6
  949  11388 -2.920275050078543e-01 1.3e+02 6.96e-02  9e-03  1e-01 694:41.7
  956  11472 -2.921191538152273e-01 1.3e+02 5.98e-02  8e-03  1e-01 699:19.1
  963  11556 -2.921585909069490e-01 1.3e+02 4.52e-02  6e-03  8e-02 704:01.7
  970  11640 -2.922372946822030e-01 1.3e+02 5.18e-02  6e-03  9e-02 708:44.0
  977  11724 -2.922679813393696e-01 1.3e+02 5.17e-02  6e-03  9e-02 713:25.2
  984  11808 -2.922644504582567e-01 1.3e+02 5.19e-02  6e-03  9e-02 718:04.6
  991  11892 -2.923233251264910e-01 1.3e+02 4.41e-02  5e-03  7e-02 722:41.0
  998  11976 -2.924070821598074e-01 1.3e+02 3.75e-02  4e-03  6e-02 727:16.0
 1000  12000 -2.923855664026822e-01 1.3e+02 3.44e-02  4e-03  5e-02 728:34.5
Budget constraint satisfied 5202.585754394531 5700 Difference:  497.41424560546875
Budget constraint satisfied 5292.688323974609 5700 Difference:  407.3116760253906
two_most_probable_states: ['111100011110', '111100111110']
final_expectation_value: -0.2924070821598074
params: [5.909308466693464, 3.9831165935304647, -2.8455061904887438, 3.5944343164988264, 2.5578929832008224, -4.741562615600623, 6.150680211034671, -0.6469846709230793, 1.688887738673986, 2.832536097579341, 1.1143370544784867, 1.3824510609434981, 2.954575933180008, -0.23047431398016274, 1.9933071206530482, 1.909509976821137, 0.020689239788953102, 3.817881927381937, 1.2943017211382541, 2.7296096599797983]
total_steps: 1000
states_probs: [0.0019571277282144067, 0.002015424181945428]
optimized_portfolios: [{'PG': 15, 'WMT': 30}, {'PG': 15, 'WMT': 31}]
objective_values: [-117357.6753240518, -129660.2926916846]
result_with_budget: [{'portfolio': {'PG': 15, 'WMT': 30}, 'budget': 5202.585754394531, 'difference': 497.41424560546875}, {'portfolio': {'PG': 15, 'WMT': 31}, 'budget': 5292.688323974609, 'difference': 407.3116760253906}]
Batch 69/100 completed. Results saved to portfolio_optimization_results_batch_68.json
Job finished at Sat Mar 22 22:31:11 EET 2025
