Running job array 27 on pe78.int.triton.aalto.fi
Starting at Fri Mar 14 10:12:07 EET 2025
Activating virtual environment at /scratch/work/uotilav2/quantum-portfolio/venv
Processing batch 28/30: experiments 403 to 416 (total 14)
Processing experiment 403
Budget: 62.2599983215332
YF.download() has changed argument auto_adjust default to True
Expected returns: 0.1256806980728925
Covariance matrix: 0.32956935215551514
3rd-order coskewness tensor: 0.2030974684635513
4th-order cokurtosis tensor: 16.37096824554409
Number of qubits for asset BA: 1
Number of qubits for asset CRM: 1
Number of qubits for asset IBM: 1
Number of qubits for asset KO: 1
Number of qubits for asset MCD: 1
Number of qubits for asset NKE: 1
Number of qubits for asset V: 1
Number of qubits for asset VZ: 1
Total number of qubits:  8
Optimized Weights (considering variance, skewness and kurtosis):
BA: 6.68%
CRM: 31.18%
IBM: 9.19%
KO: 2.33%
MCD: 0.00%
NKE: 17.37%
V: 0.00%
VZ: 33.24%
Left over budget:  22.966278020527106
Optimized Discrete Allocation:
VZ: 1
Maximized utility from continuous higher moments:  -2.135185959244975
Budget constraint satisfied 62.2599983215332 62.2599983215332 Difference:  0.0
Budget constraint not satisfied 75.28893280029297 62.2599983215332 Difference:  -13.028934478759766
smallest_eigenvalues: [-0.0018469947675608146]
smallest_bitstrings: ['00010000']
first_excited_energy: -0.0017654350808587699
optimized_portfolio: [{'BA': 0, 'CRM': 0, 'IBM': 0, 'KO': 1, 'MCD': 0, 'NKE': 0, 'V': 0, 'VZ': 0}]
second_optimized_portfolio: [{'BA': 0, 'CRM': 0, 'IBM': 0, 'KO': 0, 'MCD': 0, 'NKE': 1, 'V': 0, 'VZ': 0}]
result_with_budget: [{'portfolio': {'BA': 0, 'CRM': 0, 'IBM': 0, 'KO': 1, 'MCD': 0, 'NKE': 0, 'V': 0, 'VZ': 0}, 'budget': 62.2599983215332, 'difference': 0.0, 'objective_value': -3.0444072763666243}]
result_with_budget_excited: [{'portfolio': {'BA': 0, 'CRM': 0, 'IBM': 0, 'KO': 0, 'MCD': 0, 'NKE': 1, 'V': 0, 'VZ': 0}, 'budget': 75.28893280029297, 'difference': -13.028934478759766, 'objective_value': -3.2239253088245463}]
Initial params:  [2.61575239 2.44465153 2.73322377 3.07442019 2.51063067 1.44978017
 2.45210473 0.37157007 2.01037118 0.45035763 2.96776493 1.63943485
 1.3026989  0.83112597 2.43232687 1.43303853]
(6_w,12)-aCMA-ES (mu_w=3.7,w_1=40%) in dimension 16 (seed=1011892, Fri Mar 14 10:12:23 2025)
Iterat #Fevals   function value  axis ratio  sigma  min&max std  t[m:s]
    1     12 6.340667266978138e-02 1.0e+00 1.40e+00  1e+00  1e+00 0:09.8
    2     24 5.113536522690087e-02 1.1e+00 1.32e+00  1e+00  1e+00 0:19.1
    3     36 3.018984766035631e-02 1.2e+00 1.25e+00  1e+00  1e+00 0:28.4
    4     48 1.732979788709745e-02 1.2e+00 1.26e+00  1e+00  1e+00 0:37.6
    5     60 5.005643589876385e-02 1.2e+00 1.25e+00  1e+00  1e+00 0:46.9
    6     72 1.072426461283591e-01 1.2e+00 1.30e+00  1e+00  1e+00 0:56.1
    7     84 1.098510471668527e-01 1.3e+00 1.35e+00  1e+00  1e+00 1:05.5
    8     96 7.508932015330279e-02 1.3e+00 1.36e+00  1e+00  1e+00 1:14.8
    9    108 2.021383362532065e-02 1.4e+00 1.35e+00  1e+00  1e+00 1:23.9
   10    120 1.466889968571021e-02 1.4e+00 1.34e+00  1e+00  1e+00 1:33.3
   12    144 2.521386943843327e-02 1.5e+00 1.32e+00  1e+00  1e+00 1:51.5
   14    168 2.728768442411948e-02 1.5e+00 1.25e+00  1e+00  1e+00 2:09.4
   16    192 6.491951959704249e-02 1.6e+00 1.13e+00  1e+00  1e+00 2:27.4
   18    216 1.266814341788050e-01 1.6e+00 1.10e+00  1e+00  1e+00 2:45.5
   20    240 6.753923878617578e-02 1.6e+00 1.14e+00  1e+00  1e+00 3:03.4
   22    264 7.101225584747776e-02 1.7e+00 1.07e+00  1e+00  1e+00 3:21.5
   24    288 3.524536008400373e-02 1.8e+00 1.06e+00  1e+00  1e+00 3:39.5
   26    312 2.146398677263601e-02 1.8e+00 1.08e+00  1e+00  1e+00 3:57.5
   28    336 3.024701700967437e-02 1.8e+00 1.12e+00  1e+00  1e+00 4:15.6
   31    372 1.479654205809993e-02 2.0e+00 1.20e+00  1e+00  1e+00 4:42.6
   34    408 3.381214222756004e-02 2.0e+00 1.22e+00  1e+00  1e+00 5:09.6
   37    444 1.505184454216135e-02 2.0e+00 1.01e+00  9e-01  1e+00 5:36.6
   40    480 1.913511469632822e-02 2.0e+00 8.93e-01  8e-01  1e+00 6:03.6
   43    516 4.686119218222986e-02 2.1e+00 9.08e-01  8e-01  1e+00 6:30.6
   46    552 8.373662402901758e-03 2.1e+00 9.43e-01  8e-01  1e+00 6:57.6
   49    588 2.618838595724645e-02 2.1e+00 8.84e-01  8e-01  1e+00 7:24.7
   52    624 4.016911517629102e-02 2.3e+00 8.58e-01  7e-01  1e+00 7:51.8
   56    672 5.467300580166114e-02 2.4e+00 8.82e-01  7e-01  1e+00 8:27.9
   60    720 7.049786912094570e-02 2.5e+00 1.00e+00  8e-01  1e+00 9:03.9
   64    768 9.194114959568710e-02 2.6e+00 1.01e+00  8e-01  1e+00 9:40.1
   68    816 3.410789247941291e-02 2.7e+00 1.10e+00  9e-01  1e+00 10:16.2
   72    864 1.345016672281619e-01 2.7e+00 9.95e-01  8e-01  1e+00 10:52.4
   76    912 1.001189599114294e-01 2.7e+00 1.21e+00  1e+00  1e+00 11:28.5
   80    960 5.083101882474914e-02 2.7e+00 1.26e+00  1e+00  1e+00 12:04.5
   84   1008 4.459981410065689e-02 2.7e+00 1.11e+00  9e-01  1e+00 12:40.6
   88   1056 1.217149715174691e-01 2.7e+00 1.19e+00  1e+00  1e+00 13:16.7
   92   1104 1.336557303373689e-01 2.8e+00 1.22e+00  1e+00  1e+00 13:52.7
   97   1164 2.201629462411422e-01 2.9e+00 1.77e+00  1e+00  2e+00 14:37.6
  100   1200 1.347583463324988e-01 3.1e+00 1.96e+00  2e+00  2e+00 15:04.6
  105   1260 1.475359198837594e-01 3.1e+00 2.06e+00  2e+00  2e+00 15:49.7
  110   1320 1.488964252443137e-01 3.1e+00 2.13e+00  2e+00  2e+00 16:34.7
  115   1380 7.080299876734232e-02 3.1e+00 2.29e+00  2e+00  3e+00 17:19.6
  120   1440 1.375558277320595e-01 3.2e+00 2.02e+00  2e+00  2e+00 18:04.6
  125   1500 4.016328584116220e-02 3.0e+00 1.86e+00  2e+00  2e+00 18:49.6
  130   1560 1.219939820024531e-01 3.2e+00 2.16e+00  2e+00  3e+00 19:34.6
  135   1620 7.724883712745824e-02 3.5e+00 2.43e+00  2e+00  3e+00 20:19.7
  141   1692 1.305083879644320e-01 3.7e+00 2.52e+00  2e+00  3e+00 21:13.8
  147   1764 1.273952613500740e-01 3.8e+00 2.28e+00  2e+00  3e+00 22:07.9
  153   1836 1.461919144231886e-01 4.1e+00 1.86e+00  1e+00  2e+00 23:02.0
  159   1908 1.019452611424512e-01 4.1e+00 1.70e+00  1e+00  2e+00 23:55.9
  165   1980 1.270169869525471e-01 4.3e+00 1.71e+00  1e+00  2e+00 24:50.0
  171   2052 9.478388853976638e-02 4.4e+00 1.74e+00  1e+00  2e+00 25:44.1
  177   2124 2.496683191196188e-01 4.9e+00 1.92e+00  1e+00  2e+00 26:38.0
  183   2196 1.931353509306392e-01 4.9e+00 2.41e+00  2e+00  3e+00 27:32.2
  189   2268 2.274967579278211e-01 5.3e+00 2.46e+00  2e+00  3e+00 28:26.4
  196   2352 1.397734342096613e-01 5.3e+00 2.62e+00  2e+00  3e+00 29:29.3
  200   2400 1.463432918983730e-01 5.5e+00 3.09e+00  2e+00  4e+00 30:05.3
  207   2484 1.672136122353717e-01 5.7e+00 3.52e+00  2e+00  5e+00 31:08.4
  214   2568 2.044454365204265e-01 6.1e+00 3.34e+00  2e+00  5e+00 32:11.5
  221   2652 1.455803036818013e-01 6.4e+00 2.68e+00  2e+00  4e+00 33:14.4
  228   2736 2.456585783872032e-01 6.3e+00 2.37e+00  1e+00  3e+00 34:17.4
  235   2820 2.172163070097769e-01 6.6e+00 2.50e+00  1e+00  4e+00 35:20.4
  242   2904 2.097106866348103e-01 7.3e+00 2.52e+00  1e+00  4e+00 36:23.5
  249   2988 1.386222450454005e-01 7.0e+00 2.73e+00  2e+00  4e+00 37:26.6
  257   3084 2.357912516208658e-01 7.1e+00 2.81e+00  2e+00  4e+00 38:38.6
  265   3180 2.387331242615657e-01 7.3e+00 2.87e+00  2e+00  4e+00 39:50.6
  273   3276 2.071720796738563e-01 7.2e+00 2.43e+00  1e+00  3e+00 41:02.6
  281   3372 1.370969427152150e-01 7.0e+00 2.29e+00  1e+00  3e+00 42:14.7
  289   3468 1.874855713094063e-01 7.0e+00 2.31e+00  1e+00  3e+00 43:26.9
  297   3564 2.186708937322292e-01 6.6e+00 2.15e+00  1e+00  3e+00 44:39.4
  300   3600 1.681288808593164e-01 6.5e+00 1.77e+00  9e-01  2e+00 45:06.6
  308   3696 5.701955239728620e-02 6.6e+00 1.52e+00  8e-01  2e+00 46:18.5
  316   3792 2.258398565840113e-01 6.9e+00 1.28e+00  7e-01  2e+00 47:30.8
  324   3888 1.594087948715678e-01 7.4e+00 1.30e+00  7e-01  2e+00 48:44.6
  333   3996 1.953025857538288e-01 7.5e+00 1.57e+00  9e-01  2e+00 50:06.7
  342   4104 2.260187068187852e-01 7.8e+00 1.09e+00  6e-01  1e+00 51:28.4
  351   4212 1.848619069042109e-01 8.7e+00 9.48e-01  5e-01  1e+00 52:50.5
  360   4320 1.813702102459843e-01 9.5e+00 1.24e+00  7e-01  1e+00 54:12.6
  369   4428 1.867058437964723e-01 1.0e+01 1.28e+00  7e-01  2e+00 55:34.0
  378   4536 1.811514913944466e-01 1.0e+01 1.53e+00  9e-01  2e+00 56:55.2
  387   4644 1.815769523176985e-01 1.1e+01 1.74e+00  1e+00  2e+00 58:16.4
  396   4752 2.029628925917329e-01 1.1e+01 1.94e+00  1e+00  2e+00 59:37.7
  400   4800 1.431428493550097e-01 1.1e+01 2.36e+00  1e+00  3e+00 60:13.9
  410   4920 1.875646073635886e-01 1.2e+01 4.19e+00  2e+00  5e+00 61:44.3
  420   5040 2.071860221866601e-01 1.3e+01 4.39e+00  2e+00  5e+00 63:14.2
  430   5160 1.846370725195103e-01 1.3e+01 3.51e+00  2e+00  4e+00 64:44.3
  440   5280 2.082872892929743e-01 1.4e+01 3.06e+00  2e+00  4e+00 66:14.1
  450   5400 1.913715526733561e-01 1.5e+01 2.60e+00  1e+00  3e+00 67:44.1
  460   5520 2.270921535614338e-01 1.4e+01 2.64e+00  1e+00  3e+00 69:14.1
  470   5640 2.070354553724396e-01 1.3e+01 2.85e+00  2e+00  3e+00 70:44.2
  480   5760 2.065940531887978e-01 1.3e+01 2.66e+00  1e+00  3e+00 72:14.4
  491   5892 1.904726439045604e-01 1.4e+01 2.76e+00  2e+00  4e+00 73:51.6
  500   6000 1.497384400016219e-01 1.5e+01 2.72e+00  2e+00  4e+00 75:10.2
  511   6132 1.324007679291261e-01 1.4e+01 2.77e+00  2e+00  3e+00 76:46.5
  522   6264 1.656533976174518e-01 1.5e+01 2.52e+00  1e+00  3e+00 78:22.7
  533   6396 8.925835261051925e-02 1.4e+01 2.25e+00  1e+00  3e+00 79:58.9
  544   6528 1.807977598682698e-01 1.6e+01 2.56e+00  1e+00  3e+00 81:35.0
  556   6672 8.771531554916842e-02 1.9e+01 2.13e+00  1e+00  3e+00 83:19.7
  568   6816 1.545882487264384e-01 2.0e+01 2.11e+00  1e+00  3e+00 85:04.7
  580   6960 2.239573083561378e-01 2.0e+01 2.23e+00  1e+00  3e+00 86:49.6
  592   7104 2.553259631346174e-01 2.0e+01 2.47e+00  1e+00  3e+00 88:34.4
  600   7200 1.854349345702471e-01 2.0e+01 1.97e+00  1e+00  2e+00 89:44.2
  612   7344 1.188033143863960e-01 2.2e+01 2.07e+00  1e+00  3e+00 91:29.0
  624   7488 1.192313990561242e-01 2.3e+01 1.64e+00  9e-01  2e+00 93:13.7
  636   7632 1.972478473272200e-01 2.4e+01 2.07e+00  1e+00  2e+00 94:58.6
  649   7788 1.504804184385570e-01 2.6e+01 2.22e+00  1e+00  3e+00 96:52.2
  662   7944 2.077526871103233e-01 2.7e+01 2.44e+00  1e+00  3e+00 98:45.8
  675   8100 1.284620940282148e-01 3.3e+01 2.74e+00  2e+00  4e+00 100:39.3
  688   8256 9.393366196814794e-02 3.3e+01 4.15e+00  2e+00  5e+00 102:32.9
  700   8400 1.463520017813345e-01 3.4e+01 4.20e+00  2e+00  5e+00 104:17.8
  713   8556 1.396792652225519e-01 3.6e+01 4.05e+00  2e+00  5e+00 106:11.5
  715   8580 6.890571815863041e-02 3.5e+01 3.77e+00  2e+00  5e+00 106:28.9
Budget constraint satisfied 39.29372024536133 62.2599983215332 Difference:  22.966278076171875
Budget constraint satisfied 0.0 62.2599983215332 Difference:  62.2599983215332
two_most_probable_states: ['00000001', '00000000']
final_expectation_value: 0.007905280415086808
params: [3.420906175212288, -3.3416230828002322, -6.067574453129335, 2.8357054123387377, -1.53739057538316, 3.0240448251504337, 4.0618675743343085, 0.9794020312723454, 4.098275898147458, -1.9989463532626768, -3.1794800706007074, 0.8615781614306843, 5.584479472892673, -3.166914608082473, -5.578717693494136, 2.1339299736296375]
total_steps: 715
states_probs: [0.13728852417736462, 0.19836747308453195]
optimized_portfolios: [{'BA': 0, 'CRM': 0, 'IBM': 0, 'KO': 0, 'MCD': 0, 'NKE': 0, 'V': 0, 'VZ': 1}, {'BA': 0, 'CRM': 0, 'IBM': 0, 'KO': 0, 'MCD': 0, 'NKE': 0, 'V': 0, 'VZ': 0}]
objective_values: [-2.135185959244975, -0.0]
result_with_budget: [{'portfolio': {'BA': 0, 'CRM': 0, 'IBM': 0, 'KO': 0, 'MCD': 0, 'NKE': 0, 'V': 0, 'VZ': 1}, 'budget': 39.29372024536133, 'difference': 22.966278076171875}, {'portfolio': {'BA': 0, 'CRM': 0, 'IBM': 0, 'KO': 0, 'MCD': 0, 'NKE': 0, 'V': 0, 'VZ': 0}, 'budget': 0.0, 'difference': 62.2599983215332}]
Processing experiment 404
Budget: 301.55999755859375
Expected returns: 0.23487817680420592
Covariance matrix: 0.3784996528883168
3rd-order coskewness tensor: 0.3361428348739891
4th-order cokurtosis tensor: 14.69355665229994
Number of qubits for asset CRM: 1
Number of qubits for asset HON: 1
Number of qubits for asset IBM: 1
Number of qubits for asset JNJ: 2
Number of qubits for asset JPM: 1
Number of qubits for asset MMM: 2
Number of qubits for asset NKE: 3
Number of qubits for asset PG: 1
Total number of qubits:  12
Optimized Weights (considering variance, skewness and kurtosis):
CRM: 31.90%
HON: 0.00%
IBM: 3.46%
JNJ: 15.69%
JPM: 4.75%
MMM: 14.52%
NKE: 13.96%
PG: 15.72%
Left over budget:  6.469741044656416
Optimized Discrete Allocation:
MMM: 1
PG: 1
Maximized utility from continuous higher moments:  -11.749415498049183
Budget constraint satisfied 299.97643280029297 301.55999755859375 Difference:  1.5835647583007812
Budget constraint satisfied 295.0902557373047 301.55999755859375 Difference:  6.4697418212890625
smallest_eigenvalues: [-0.01855541726439514]
smallest_bitstrings: ['010000001000']
first_excited_energy: -0.018549098592540902
optimized_portfolio: [{'CRM': 0, 'HON': 1, 'IBM': 0, 'JNJ': 0, 'JPM': 0, 'MMM': 0, 'NKE': 1, 'PG': 0}]
second_optimized_portfolio: [{'CRM': 0, 'HON': 0, 'IBM': 0, 'JNJ': 0, 'JPM': 0, 'MMM': 1, 'NKE': 0, 'PG': 1}]
result_with_budget: [{'portfolio': {'CRM': 0, 'HON': 1, 'IBM': 0, 'JNJ': 0, 'JPM': 0, 'MMM': 0, 'NKE': 1, 'PG': 0}, 'budget': 299.97643280029297, 'difference': 1.5835647583007812, 'objective_value': -15.214336776134402}]
result_with_budget_excited: [{'portfolio': {'CRM': 0, 'HON': 0, 'IBM': 0, 'JNJ': 0, 'JPM': 0, 'MMM': 1, 'NKE': 0, 'PG': 1}, 'budget': 295.0902557373047, 'difference': 6.4697418212890625, 'objective_value': -11.749415498049183}]
Initial params:  [2.031783   0.26885903 2.42188755 1.92538282 1.58547668 0.98080952
 1.36582557 0.42020286 0.32589719 0.38112296 1.23122001 1.09602285
 1.58711759 2.53306903 2.43187279 2.66323784 2.89660179 0.86897924
 0.42483813 1.06073071]
(6_w,12)-aCMA-ES (mu_w=3.7,w_1=40%) in dimension 20 (seed=1114383, Fri Mar 14 11:59:57 2025)
Iterat #Fevals   function value  axis ratio  sigma  min&max std  t[m:s]
    1     12 -2.764853037713577e-03 1.0e+00 1.40e+00  1e+00  1e+00 1:01.8
    2     24 1.325203398356947e-02 1.1e+00 1.37e+00  1e+00  1e+00 2:03.1
    3     36 -8.696924703451472e-03 1.1e+00 1.38e+00  1e+00  1e+00 3:04.9
    4     48 1.060943878833387e-02 1.2e+00 1.43e+00  1e+00  1e+00 4:06.5
    5     60 -1.080489481082885e-02 1.3e+00 1.44e+00  1e+00  1e+00 5:08.1
    6     72 -1.053155624043909e-02 1.3e+00 1.41e+00  1e+00  1e+00 6:09.8
    7     84 8.105906712544715e-03 1.3e+00 1.41e+00  1e+00  1e+00 7:11.2
    8     96 1.237557834439897e-02 1.3e+00 1.38e+00  1e+00  1e+00 8:12.7
    9    108 -2.977729390801472e-03 1.3e+00 1.32e+00  1e+00  1e+00 9:14.1
   10    120 -9.167418294646346e-03 1.4e+00 1.31e+00  1e+00  1e+00 10:15.4
   11    132 1.109101014233942e-02 1.4e+00 1.27e+00  1e+00  1e+00 11:17.2
   12    144 6.934603830462775e-03 1.4e+00 1.28e+00  1e+00  1e+00 12:18.5
   13    156 2.139330950053434e-03 1.4e+00 1.28e+00  1e+00  1e+00 13:20.0
   14    168 -9.154797882875152e-03 1.4e+00 1.29e+00  1e+00  1e+00 14:21.2
   15    180 -4.158665590528936e-03 1.4e+00 1.32e+00  1e+00  1e+00 15:22.6
   16    192 4.987056020045578e-02 1.4e+00 1.37e+00  1e+00  1e+00 16:24.4
   17    204 1.859076317931262e-02 1.4e+00 1.41e+00  1e+00  2e+00 17:25.7
   18    216 6.443279767242464e-03 1.4e+00 1.41e+00  1e+00  2e+00 18:27.0
   19    228 -4.850614442782186e-03 1.5e+00 1.37e+00  1e+00  1e+00 19:28.3
   20    240 3.509619119839841e-04 1.5e+00 1.30e+00  1e+00  1e+00 20:29.8
   21    252 -7.513134146672626e-03 1.5e+00 1.26e+00  1e+00  1e+00 21:31.5
   22    264 -4.103284579416467e-03 1.5e+00 1.23e+00  1e+00  1e+00 22:32.8
   23    276 -2.753223623485064e-04 1.5e+00 1.22e+00  1e+00  1e+00 23:34.3
   24    288 -7.747760309939799e-03 1.5e+00 1.21e+00  1e+00  1e+00 24:35.7
   25    300 3.191709841226698e-02 1.5e+00 1.22e+00  1e+00  1e+00 25:37.0
   26    312 3.285458628047283e-03 1.6e+00 1.21e+00  1e+00  1e+00 26:38.6
   27    324 -6.378512912187250e-03 1.6e+00 1.22e+00  1e+00  1e+00 27:40.0
   28    336 -9.508480637929612e-03 1.6e+00 1.18e+00  1e+00  1e+00 28:41.5
   29    348 -4.150689528516919e-03 1.6e+00 1.17e+00  1e+00  1e+00 29:42.8
   30    360 2.824472779637124e-02 1.6e+00 1.12e+00  1e+00  1e+00 30:44.2
   31    372 -5.765084751251679e-03 1.7e+00 1.06e+00  1e+00  1e+00 31:45.7
   32    384 -7.053523931453586e-03 1.7e+00 1.00e+00  9e-01  1e+00 32:47.0
   33    396 -6.425001598407425e-03 1.6e+00 9.77e-01  9e-01  1e+00 33:48.8
   34    408 7.654657874610605e-03 1.6e+00 9.50e-01  9e-01  1e+00 34:50.6
   35    420 8.705329180566609e-04 1.6e+00 9.46e-01  9e-01  1e+00 35:52.0
   36    432 -3.538572567395205e-03 1.6e+00 9.53e-01  9e-01  1e+00 36:53.5
   37    444 7.396409010596764e-03 1.7e+00 9.74e-01  9e-01  1e+00 37:55.0
   38    456 -1.025291234641618e-02 1.7e+00 9.80e-01  9e-01  1e+00 38:56.8
   39    468 -6.377723802692508e-04 1.7e+00 9.77e-01  9e-01  1e+00 39:58.5
   40    480 -5.035789470852513e-03 1.7e+00 9.56e-01  9e-01  1e+00 41:00.3
   41    492 -7.947722029718163e-03 1.7e+00 9.16e-01  8e-01  1e+00 42:02.0
   42    504 -2.209770970264161e-03 1.7e+00 9.07e-01  8e-01  1e+00 43:03.4
   43    516 8.857079247534263e-04 1.7e+00 9.19e-01  8e-01  1e+00 44:05.0
   44    528 2.786956531450656e-02 1.6e+00 9.28e-01  8e-01  1e+00 45:06.7
   45    540 7.333931287740637e-02 1.7e+00 9.39e-01  9e-01  1e+00 46:08.3
   46    552 7.452702742807629e-03 1.7e+00 9.47e-01  9e-01  1e+00 47:09.7
   47    564 -8.243609002005794e-03 1.7e+00 9.47e-01  9e-01  1e+00 48:11.2
   48    576 -7.606476345768227e-03 1.7e+00 9.12e-01  8e-01  1e+00 49:13.2
   49    588 -6.152850113459472e-03 1.7e+00 8.81e-01  8e-01  9e-01 50:14.5
   50    600 4.385247046941852e-02 1.7e+00 8.54e-01  8e-01  9e-01 51:15.7
   51    612 3.003380810858751e-02 1.7e+00 8.29e-01  8e-01  9e-01 52:17.0
   52    624 -9.268808417576838e-03 1.7e+00 8.41e-01  8e-01  9e-01 53:18.1
   53    636 5.006478245490147e-02 1.7e+00 8.49e-01  8e-01  9e-01 54:19.7
   54    648 4.320307882299522e-02 1.7e+00 8.63e-01  8e-01  9e-01 55:21.1
   55    660 1.779561575097423e-02 1.7e+00 8.62e-01  8e-01  9e-01 56:22.2
   56    672 -2.905436702420962e-03 1.7e+00 8.27e-01  7e-01  9e-01 57:23.3
   57    684 1.597777220139235e-02 1.7e+00 8.10e-01  7e-01  8e-01 58:24.7
   58    696 3.138659179666781e-02 1.7e+00 8.28e-01  7e-01  9e-01 59:26.0
   59    708 2.410789400703654e-02 1.7e+00 8.48e-01  8e-01  9e-01 60:27.3
   60    720 4.227245657153199e-04 1.7e+00 8.73e-01  8e-01  9e-01 61:28.5
   61    732 3.201488032686797e-03 1.7e+00 8.73e-01  8e-01  9e-01 62:29.6
   62    744 3.526866256851866e-03 1.8e+00 9.15e-01  8e-01  1e+00 63:31.2
   64    768 7.321878784786679e-03 1.8e+00 9.53e-01  8e-01  1e+00 65:34.1
   66    792 -2.189929433904250e-03 1.8e+00 9.87e-01  9e-01  1e+00 67:36.6
   68    816 -8.208528110433743e-03 1.9e+00 9.26e-01  8e-01  1e+00 69:39.9
   70    840 2.495875766760535e-02 1.9e+00 8.94e-01  8e-01  1e+00 71:42.8
   72    864 -6.585247668982682e-03 2.0e+00 8.56e-01  8e-01  1e+00 73:45.8
   74    888 -4.885648529447294e-03 2.0e+00 8.58e-01  7e-01  1e+00 75:48.3
   76    912 9.258077559037266e-02 2.0e+00 9.21e-01  8e-01  1e+00 77:50.9
   78    936 1.113799800434342e-01 2.1e+00 9.36e-01  8e-01  1e+00 79:53.7
   80    960 -6.863564238083434e-03 2.1e+00 9.37e-01  8e-01  1e+00 81:56.4
   82    984 3.449548657874477e-02 2.1e+00 9.08e-01  8e-01  1e+00 83:58.7
   84   1008 2.115812946020167e-03 2.1e+00 8.47e-01  7e-01  1e+00 86:01.7
   86   1032 -5.090044211938861e-03 2.1e+00 7.65e-01  7e-01  9e-01 88:04.2
   88   1056 8.359419397167586e-04 2.1e+00 7.29e-01  6e-01  8e-01 90:07.0
   90   1080 2.410505104980126e-02 2.2e+00 6.86e-01  6e-01  8e-01 92:10.0
   92   1104 -5.358391743971481e-03 2.2e+00 7.21e-01  6e-01  8e-01 94:12.9
   94   1128 -6.473410550349146e-03 2.2e+00 7.68e-01  6e-01  9e-01 96:15.6
   96   1152 -4.756769222836715e-03 2.3e+00 7.40e-01  6e-01  8e-01 98:18.0
   98   1176 -9.370462710088292e-03 2.3e+00 7.52e-01  6e-01  8e-01 100:21.0
  100   1200 4.388570090488895e-04 2.3e+00 7.81e-01  7e-01  9e-01 102:23.7
  102   1224 1.142607208957661e-02 2.3e+00 7.44e-01  6e-01  8e-01 104:26.7
  104   1248 1.488632669605230e-02 2.4e+00 7.35e-01  6e-01  8e-01 106:29.8
  106   1272 -1.032281673561183e-02 2.4e+00 7.79e-01  7e-01  8e-01 108:32.2
  108   1296 5.561550132895787e-02 2.3e+00 7.61e-01  6e-01  8e-01 110:35.1
  110   1320 8.530905707705717e-03 2.3e+00 7.40e-01  6e-01  8e-01 112:38.8
  112   1344 1.050338675064147e-02 2.3e+00 7.00e-01  6e-01  7e-01 114:41.8
  114   1368 6.373738889562115e-03 2.4e+00 6.93e-01  6e-01  7e-01 116:45.1
