Running job array 10 on pe34.int.triton.aalto.fi
Starting at Sun Mar 23 11:30:59 EET 2025
Activating virtual environment at /scratch/work/uotilav2/quantum-portfolio/venv
Processing batch 11/100: experiments 10 to 10 (total 1)
Processing experiment 10
Budget: 4550
YF.download() has changed argument auto_adjust default to True
Number of qubits for asset AXP: 4
Number of qubits for asset GS: 3
Number of qubits for asset MRK: 6
Total number of qubits:  13
Optimized Weights (considering variance, skewness and kurtosis):
AXP: 24.24%
GS: 42.88%
MRK: 32.88%
Left over budget:  78.1937064070571
Optimized Discrete Allocation:
AXP: 4
GS: 3
MRK: 16
Maximized utility from continuous higher moments:  -2610.0308923130983
Budget constraint satisfied 4548.881034851074 4550 Difference:  1.1189651489257812
Budget constraint satisfied 4548.671051025391 4550 Difference:  1.328948974609375
smallest_eigenvalues: [-0.22146911257460766]
smallest_bitstrings: ['0110001101000']
first_excited_energy: -0.22146906505973477
optimized_portfolio: [{'AXP': 6, 'GS': 4, 'MRK': 5}]
second_optimized_portfolio: [{'AXP': 5, 'GS': 4, 'MRK': 8}]
result_with_budget: [{'portfolio': {'AXP': 6, 'GS': 4, 'MRK': 5}, 'budget': 4548.881034851074, 'difference': 1.1189651489257812, 'objective_value': -763.6292843112434}]
result_with_budget_excited: [{'portfolio': {'AXP': 5, 'GS': 4, 'MRK': 8}, 'budget': 4548.671051025391, 'difference': 1.328948974609375, 'objective_value': -756.559433057683}]
Initial params:  [2.51063067 1.44978017 2.45210473 0.37157007 2.01037118 0.45035763
 2.96776493 1.63943485 1.3026989  0.83112597 2.43232687 1.43303853
 1.78578792 0.0590299  1.94035914 1.92295543 1.93815531 2.96487203
 2.14200164 1.12942738]
(6_w,12)-aCMA-ES (mu_w=3.7,w_1=40%) in dimension 20 (seed=902562, Sun Mar 23 11:35:56 2025)
Iterat #Fevals   function value  axis ratio  sigma  min&max std  t[m:s]
    1     12 -1.415585280825492e-01 1.0e+00 9.35e-02  9e-02  9e-02 1:29.2
    2     24 -1.703557841020406e-01 1.1e+00 8.91e-02  9e-02  9e-02 2:57.2
    3     36 -1.642586311937156e-01 1.1e+00 8.88e-02  9e-02  9e-02 4:25.7
    4     48 -1.668132571915148e-01 1.2e+00 8.87e-02  9e-02  9e-02 5:53.9
    5     60 -1.799964106041283e-01 1.2e+00 9.15e-02  9e-02  1e-01 7:22.4
    6     72 -1.843723342635426e-01 1.2e+00 9.79e-02  9e-02  1e-01 8:50.6
    7     84 -1.798068261402875e-01 1.3e+00 1.04e-01  1e-01  1e-01 10:18.6
    8     96 -1.773199802942296e-01 1.4e+00 1.06e-01  1e-01  1e-01 11:47.1
    9    108 -1.811105505213836e-01 1.5e+00 1.07e-01  1e-01  1e-01 13:15.2
   10    120 -1.799170086157469e-01 1.5e+00 1.12e-01  1e-01  1e-01 14:43.5
   11    132 -1.768782222174341e-01 1.6e+00 1.09e-01  1e-01  1e-01 16:11.7
   12    144 -1.779403746484381e-01 1.6e+00 1.07e-01  1e-01  1e-01 17:39.6
   13    156 -1.784394568518869e-01 1.6e+00 1.06e-01  1e-01  1e-01 19:07.9
   14    168 -1.838596246780740e-01 1.6e+00 1.08e-01  1e-01  1e-01 20:35.8
   15    180 -1.805363152015412e-01 1.7e+00 1.09e-01  1e-01  1e-01 22:04.0
   16    192 -1.863622249399348e-01 1.7e+00 1.09e-01  1e-01  1e-01 23:31.3
   17    204 -1.877884958158937e-01 1.7e+00 1.11e-01  1e-01  1e-01 24:56.7
   18    216 -1.874798297545141e-01 1.8e+00 1.13e-01  1e-01  1e-01 26:22.7
   19    228 -1.867690338371784e-01 1.8e+00 1.13e-01  1e-01  1e-01 27:48.2
   20    240 -1.838823586915371e-01 1.8e+00 1.13e-01  1e-01  1e-01 29:14.0
   21    252 -1.940003334175592e-01 1.8e+00 1.11e-01  1e-01  1e-01 30:39.9
   22    264 -1.899790732305271e-01 1.8e+00 1.12e-01  1e-01  1e-01 32:05.4
   23    276 -1.832433202081850e-01 1.9e+00 1.15e-01  1e-01  1e-01 33:31.3
   24    288 -1.824766633190201e-01 1.9e+00 1.15e-01  1e-01  1e-01 34:56.8
   25    300 -1.912488859188754e-01 1.9e+00 1.16e-01  1e-01  1e-01 36:22.5
   26    312 -1.860552400327216e-01 2.0e+00 1.13e-01  1e-01  1e-01 37:48.4
   27    324 -1.863189569380353e-01 2.0e+00 1.07e-01  9e-02  1e-01 39:14.1
   28    336 -1.897584551180588e-01 2.0e+00 1.00e-01  9e-02  1e-01 40:40.0
   29    348 -1.947196997226523e-01 2.0e+00 9.78e-02  9e-02  1e-01 42:05.5
   30    360 -1.872786486889400e-01 2.1e+00 9.71e-02  9e-02  1e-01 43:31.2
   31    372 -1.947509457269587e-01 2.1e+00 9.73e-02  9e-02  1e-01 44:57.0
   32    384 -1.955290034561935e-01 2.1e+00 9.76e-02  9e-02  1e-01 46:22.9
   33    396 -1.950824537743446e-01 2.1e+00 1.02e-01  9e-02  1e-01 47:48.8
   34    408 -1.912812154785473e-01 2.1e+00 1.08e-01  1e-01  1e-01 49:14.8
   35    420 -1.956699672946288e-01 2.1e+00 1.13e-01  1e-01  1e-01 50:40.6
   36    432 -1.895864982112579e-01 2.1e+00 1.18e-01  1e-01  1e-01 52:06.4
   37    444 -1.883357552642209e-01 2.2e+00 1.19e-01  1e-01  1e-01 53:32.4
   38    456 -1.901390463717187e-01 2.3e+00 1.20e-01  1e-01  1e-01 54:58.4
   39    468 -1.964474292882310e-01 2.3e+00 1.27e-01  1e-01  1e-01 56:24.5
   40    480 -1.936911216505325e-01 2.4e+00 1.32e-01  1e-01  2e-01 57:50.2
   41    492 -1.953589434196726e-01 2.5e+00 1.38e-01  1e-01  2e-01 59:15.9
   42    504 -1.930480744427806e-01 2.6e+00 1.47e-01  1e-01  2e-01 60:42.4
   43    516 -1.950727038442550e-01 2.7e+00 1.59e-01  1e-01  2e-01 62:08.8
   44    528 -1.953621184881041e-01 2.8e+00 1.63e-01  1e-01  2e-01 63:34.8
   45    540 -1.946374662075714e-01 2.8e+00 1.69e-01  2e-01  2e-01 65:00.7
   46    552 -1.940530186342882e-01 2.9e+00 1.71e-01  2e-01  2e-01 66:26.8
   47    564 -1.922954352657333e-01 3.0e+00 1.72e-01  2e-01  2e-01 67:53.2
   48    576 -1.930218104149628e-01 3.0e+00 1.72e-01  2e-01  2e-01 69:19.3
   49    588 -1.928460034334398e-01 3.1e+00 1.72e-01  2e-01  2e-01 70:45.0
   50    600 -1.927030510288656e-01 3.2e+00 1.70e-01  2e-01  2e-01 72:10.5
   51    612 -1.964195906321050e-01 3.2e+00 1.66e-01  1e-01  2e-01 73:36.2
   52    624 -1.877613810991196e-01 3.2e+00 1.63e-01  1e-01  2e-01 75:02.5
   53    636 -1.909767110672846e-01 3.2e+00 1.66e-01  1e-01  2e-01 76:28.3
   54    648 -1.901547766072549e-01 3.3e+00 1.69e-01  1e-01  2e-01 77:54.0
   55    660 -1.991334324880313e-01 3.4e+00 1.68e-01  1e-01  2e-01 79:19.9
   56    672 -1.950445812455274e-01 3.4e+00 1.72e-01  1e-01  2e-01 80:45.5
   57    684 -1.874062712560206e-01 3.5e+00 1.72e-01  1e-01  2e-01 82:11.4
   58    696 -1.961471433499724e-01 3.5e+00 1.73e-01  1e-01  2e-01 83:37.5
   59    708 -1.945019020878109e-01 3.6e+00 1.79e-01  2e-01  2e-01 85:03.1
   60    720 -1.946415703379751e-01 3.6e+00 1.87e-01  2e-01  2e-01 86:28.8
   61    732 -1.910486828689918e-01 3.7e+00 1.90e-01  2e-01  2e-01 87:54.8
   62    744 -1.936855069261127e-01 3.7e+00 1.92e-01  2e-01  2e-01 89:20.6
   63    756 -1.936086780157352e-01 3.6e+00 1.90e-01  2e-01  2e-01 90:46.3
   64    768 -1.933308950141231e-01 3.7e+00 1.91e-01  2e-01  2e-01 92:12.1
   65    780 -1.926528531677866e-01 3.7e+00 1.92e-01  2e-01  2e-01 93:38.0
   66    792 -1.911621862385991e-01 3.7e+00 1.89e-01  2e-01  2e-01 95:03.4
   67    804 -1.880967395979009e-01 3.7e+00 1.84e-01  2e-01  2e-01 96:29.2
   68    816 -1.939503655622140e-01 3.8e+00 1.78e-01  1e-01  2e-01 97:54.8
   69    828 -1.903931974928915e-01 3.8e+00 1.77e-01  1e-01  2e-01 99:20.0
   70    840 -1.895391214175041e-01 3.8e+00 1.74e-01  1e-01  2e-01 100:45.5
   71    852 -1.967192629385891e-01 3.9e+00 1.75e-01  1e-01  2e-01 102:10.7
   72    864 -1.935416358140744e-01 3.9e+00 1.75e-01  1e-01  2e-01 103:36.5
   73    876 -1.952682526707697e-01 4.1e+00 1.84e-01  2e-01  2e-01 105:01.9
   74    888 -1.972116136662583e-01 4.3e+00 1.87e-01  2e-01  2e-01 106:27.8
   75    900 -1.952581507523576e-01 4.3e+00 1.89e-01  2e-01  2e-01 107:53.3
   76    912 -1.956805712983626e-01 4.5e+00 1.87e-01  2e-01  2e-01 109:19.1
   77    924 -1.897792280679675e-01 4.5e+00 1.83e-01  2e-01  2e-01 110:44.9
   78    936 -1.951669396412385e-01 4.6e+00 1.77e-01  1e-01  2e-01 112:10.6
   79    948 -1.974967064371932e-01 4.7e+00 1.67e-01  1e-01  2e-01 113:36.0
   80    960 -1.951065622529309e-01 4.8e+00 1.57e-01  1e-01  2e-01 115:01.7
   81    972 -1.945353067301176e-01 4.9e+00 1.49e-01  1e-01  2e-01 116:27.1
   82    984 -1.961415026987694e-01 4.9e+00 1.42e-01  1e-01  2e-01 117:52.8
   83    996 -1.960680471233031e-01 5.0e+00 1.39e-01  1e-01  2e-01 119:18.5
   84   1008 -1.928956924493013e-01 5.1e+00 1.43e-01  1e-01  2e-01 120:44.0
   85   1020 -1.953902300828163e-01 5.1e+00 1.42e-01  1e-01  2e-01 122:09.6
   86   1032 -1.979192687504550e-01 5.2e+00 1.37e-01  1e-01  2e-01 123:35.4
   88   1056 -1.985526832812344e-01 5.2e+00 1.36e-01  1e-01  2e-01 126:27.6
   90   1080 -1.958183702854388e-01 5.2e+00 1.36e-01  1e-01  2e-01 129:19.8
   92   1104 -1.924394879221381e-01 5.5e+00 1.37e-01  1e-01  2e-01 132:11.3
   94   1128 -1.989987051629297e-01 5.8e+00 1.22e-01  1e-01  2e-01 135:02.3
   96   1152 -1.985232106868071e-01 5.8e+00 1.14e-01  9e-02  2e-01 137:54.1
   98   1176 -1.981462564038239e-01 5.9e+00 1.15e-01  9e-02  2e-01 140:45.0
  100   1200 -1.988992515428255e-01 6.1e+00 1.07e-01  9e-02  1e-01 143:36.6
  102   1224 -1.998127117122415e-01 6.3e+00 1.12e-01  9e-02  1e-01 146:28.5
  104   1248 -2.001955307149836e-01 6.3e+00 1.19e-01  1e-01  2e-01 149:20.3
  106   1272 -2.005534906190637e-01 6.4e+00 1.15e-01  9e-02  2e-01 152:12.5
  108   1296 -1.995983195277821e-01 6.5e+00 1.09e-01  9e-02  1e-01 155:03.8
  110   1320 -1.994854072603347e-01 6.7e+00 1.03e-01  8e-02  1e-01 157:55.8
  112   1344 -1.999509680374977e-01 6.8e+00 1.01e-01  8e-02  1e-01 160:48.0
  114   1368 -2.006694839398182e-01 6.8e+00 9.55e-02  8e-02  1e-01 163:39.8
  116   1392 -2.017748649522373e-01 6.9e+00 9.44e-02  8e-02  1e-01 166:31.7
  118   1416 -2.017167246480989e-01 7.2e+00 9.29e-02  7e-02  1e-01 169:23.1
  120   1440 -2.008671326304213e-01 7.3e+00 9.06e-02  7e-02  1e-01 172:14.6
  122   1464 -2.021058711943805e-01 7.4e+00 8.58e-02  7e-02  1e-01 175:06.5
  124   1488 -2.026116819303438e-01 7.6e+00 8.10e-02  6e-02  1e-01 177:57.8
  126   1512 -2.029432086367740e-01 7.6e+00 7.84e-02  6e-02  1e-01 180:49.6
  128   1536 -2.028654604650912e-01 7.8e+00 7.63e-02  6e-02  1e-01 183:41.0
  130   1560 -2.035954603063974e-01 8.0e+00 7.68e-02  6e-02  1e-01 186:32.4
  132   1584 -2.033625824580597e-01 8.1e+00 7.47e-02  6e-02  1e-01 189:24.1
  134   1608 -2.038849444070253e-01 8.2e+00 7.27e-02  5e-02  1e-01 192:15.6
  136   1632 -2.048907523782253e-01 8.4e+00 6.86e-02  5e-02  1e-01 195:07.2
  138   1656 -2.053197825018783e-01 8.5e+00 6.76e-02  5e-02  1e-01 197:58.3
  140   1680 -2.049856813708826e-01 8.9e+00 7.04e-02  5e-02  1e-01 200:49.6
  142   1704 -2.058087385232772e-01 9.2e+00 7.15e-02  5e-02  1e-01 203:40.8
  144   1728 -2.049411468118751e-01 9.6e+00 6.74e-02  5e-02  1e-01 206:32.2
  146   1752 -2.057301035656452e-01 9.8e+00 6.40e-02  5e-02  9e-02 209:23.8
  148   1776 -2.063094182301955e-01 9.8e+00 6.22e-02  4e-02  9e-02 212:14.7
  150   1800 -2.063315286452156e-01 1.0e+01 5.97e-02  4e-02  9e-02 215:05.9
  152   1824 -2.065160574704557e-01 1.1e+01 5.86e-02  4e-02  9e-02 217:57.3
  154   1848 -2.066278657299716e-01 1.1e+01 5.93e-02  4e-02  9e-02 220:48.1
  156   1872 -2.068648380406575e-01 1.2e+01 5.92e-02  4e-02  9e-02 223:40.0
  158   1896 -2.067948016745608e-01 1.2e+01 5.87e-02  4e-02  9e-02 226:30.7
  160   1920 -2.067781707989869e-01 1.2e+01 5.67e-02  4e-02  9e-02 229:22.2
  162   1944 -2.070948250812639e-01 1.3e+01 5.69e-02  4e-02  9e-02 232:13.7
  164   1968 -2.072767382655526e-01 1.3e+01 5.84e-02  4e-02  9e-02 235:04.8
  166   1992 -2.073437362644537e-01 1.4e+01 6.04e-02  4e-02  9e-02 237:56.4
  168   2016 -2.076176664176878e-01 1.4e+01 6.22e-02  4e-02  1e-01 240:47.6
  170   2040 -2.075156294925964e-01 1.5e+01 6.34e-02  4e-02  1e-01 243:39.7
  172   2064 -2.072029396135152e-01 1.5e+01 6.53e-02  4e-02  1e-01 246:30.9
  174   2088 -2.072489998032473e-01 1.5e+01 6.03e-02  4e-02  9e-02 249:22.2
  176   2112 -2.076036320492816e-01 1.6e+01 5.55e-02  4e-02  9e-02 252:13.6
  178   2136 -2.077042384354300e-01 1.6e+01 5.79e-02  4e-02  9e-02 255:05.3
  180   2160 -2.073055851642854e-01 1.7e+01 6.19e-02  4e-02  1e-01 257:58.0
  182   2184 -2.073665124433768e-01 1.7e+01 6.02e-02  4e-02  1e-01 260:49.9
  184   2208 -2.078589936946524e-01 1.7e+01 5.73e-02  4e-02  9e-02 263:41.5
  186   2232 -2.079778262926217e-01 1.8e+01 5.42e-02  4e-02  9e-02 266:33.1
  188   2256 -2.080694435187713e-01 1.8e+01 5.30e-02  4e-02  9e-02 269:24.8
  190   2280 -2.079723493078494e-01 1.9e+01 5.32e-02  4e-02  9e-02 272:16.7
  192   2304 -2.080208802898479e-01 2.0e+01 5.07e-02  3e-02  9e-02 275:08.1
  194   2328 -2.081203744481030e-01 2.0e+01 4.77e-02  3e-02  8e-02 277:59.6
  196   2352 -2.081768574948949e-01 2.0e+01 4.53e-02  3e-02  8e-02 280:51.1
  198   2376 -2.083090017545489e-01 2.0e+01 4.19e-02  3e-02  7e-02 283:42.4
  200   2400 -2.083414943473256e-01 2.0e+01 3.95e-02  3e-02  7e-02 286:33.8
  202   2424 -2.082901092974211e-01 2.1e+01 3.75e-02  3e-02  6e-02 289:25.3
  204   2448 -2.083482787663441e-01 2.1e+01 3.55e-02  2e-02  6e-02 292:16.3
  206   2472 -2.083582704248379e-01 2.1e+01 3.48e-02  2e-02  6e-02 295:07.8
  208   2496 -2.084370182117327e-01 2.1e+01 3.30e-02  2e-02  5e-02 297:59.0
  210   2520 -2.084456033439417e-01 2.2e+01 3.07e-02  2e-02  5e-02 300:50.4
  212   2544 -2.085280267772151e-01 2.2e+01 2.88e-02  2e-02  5e-02 303:41.6
  214   2568 -2.085313723592466e-01 2.2e+01 3.00e-02  2e-02  5e-02 306:33.0
  216   2592 -2.085674974722116e-01 2.3e+01 3.06e-02  2e-02  5e-02 309:25.0
  218   2616 -2.086059951946078e-01 2.4e+01 3.08e-02  2e-02  5e-02 312:16.1
  220   2640 -2.087175445364971e-01 2.4e+01 3.37e-02  2e-02  5e-02 315:07.4
  222   2664 -2.087296681959214e-01 2.4e+01 3.64e-02  2e-02  6e-02 317:58.5
  224   2688 -2.087547765832004e-01 2.4e+01 3.81e-02  2e-02  6e-02 320:50.0
  226   2712 -2.087154619290739e-01 2.4e+01 3.91e-02  2e-02  6e-02 323:42.0
  228   2736 -2.087121165602384e-01 2.5e+01 3.77e-02  2e-02  6e-02 326:33.3
  230   2760 -2.086700212596803e-01 2.5e+01 3.54e-02  2e-02  6e-02 329:25.5
  232   2784 -2.087167819410134e-01 2.5e+01 3.51e-02  2e-02  5e-02 332:16.8
  234   2808 -2.087884602419755e-01 2.6e+01 3.40e-02  2e-02  5e-02 335:07.7
  236   2832 -2.087592586694810e-01 2.6e+01 3.16e-02  2e-02  5e-02 337:58.8
  238   2856 -2.088306233235656e-01 2.6e+01 3.14e-02  2e-02  5e-02 340:50.0
  240   2880 -2.088669832217449e-01 2.6e+01 3.14e-02  2e-02  5e-02 343:41.1
  242   2904 -2.089049332421624e-01 2.7e+01 2.97e-02  2e-02  5e-02 346:32.4
  244   2928 -2.089112123892043e-01 2.7e+01 2.92e-02  2e-02  4e-02 349:23.4
  246   2952 -2.089356084282365e-01 2.8e+01 3.16e-02  2e-02  5e-02 352:14.7
  248   2976 -2.090140840528232e-01 2.8e+01 3.43e-02  2e-02  5e-02 355:05.7
  250   3000 -2.090264334059025e-01 2.8e+01 3.47e-02  2e-02  5e-02 357:57.1
  252   3024 -2.089824557073749e-01 2.8e+01 3.50e-02  2e-02  5e-02 360:48.7
  254   3048 -2.090346519962532e-01 2.8e+01 3.70e-02  2e-02  6e-02 363:40.2
  256   3072 -2.090439825160393e-01 2.8e+01 3.80e-02  2e-02  6e-02 366:31.4
  258   3096 -2.091273255145964e-01 2.8e+01 3.95e-02  2e-02  6e-02 369:22.9
  261   3132 -2.091360114115647e-01 3.0e+01 3.73e-02  2e-02  6e-02 373:40.1
  264   3168 -2.091562380863331e-01 3.1e+01 3.57e-02  2e-02  6e-02 377:56.9
  267   3204 -2.091676880848863e-01 3.3e+01 3.73e-02  2e-02  6e-02 382:13.9
  270   3240 -2.092394344998137e-01 3.4e+01 3.55e-02  2e-02  6e-02 386:31.5
  273   3276 -2.093235776286726e-01 3.5e+01 3.54e-02  2e-02  6e-02 390:48.3
  276   3312 -2.093713164790856e-01 3.6e+01 3.65e-02  2e-02  6e-02 395:06.0
  279   3348 -2.093930676927596e-01 3.8e+01 3.59e-02  2e-02  6e-02 399:22.7
  282   3384 -2.094916636083651e-01 3.9e+01 3.71e-02  2e-02  6e-02 403:39.8
  285   3420 -2.094483243840019e-01 4.0e+01 4.10e-02  2e-02  6e-02 407:57.0
  288   3456 -2.094114785720645e-01 4.1e+01 4.18e-02  2e-02  7e-02 412:13.8
  291   3492 -2.094651569947413e-01 4.2e+01 3.99e-02  2e-02  7e-02 416:30.9
  294   3528 -2.095078926223063e-01 4.3e+01 3.70e-02  2e-02  6e-02 420:47.9
  297   3564 -2.095574348026143e-01 4.3e+01 3.81e-02  2e-02  6e-02 425:05.1
  300   3600 -2.095748614316958e-01 4.3e+01 3.86e-02  2e-02  6e-02 429:22.2
  303   3636 -2.095221162385678e-01 4.2e+01 3.54e-02  2e-02  6e-02 433:39.1
  306   3672 -2.095353802231485e-01 4.2e+01 3.03e-02  1e-02  5e-02 437:55.5
  309   3708 -2.095850553703992e-01 4.3e+01 2.57e-02  1e-02  4e-02 442:12.2
  312   3744 -2.096269179945672e-01 4.4e+01 2.17e-02  1e-02  3e-02 446:29.6
  315   3780 -2.096231804795455e-01 4.5e+01 1.84e-02  9e-03  3e-02 450:46.3
  318   3816 -2.096573642015795e-01 4.6e+01 1.78e-02  8e-03  3e-02 455:04.1
  321   3852 -2.096685138868416e-01 4.6e+01 1.79e-02  9e-03  3e-02 459:21.0
  324   3888 -2.096871201509304e-01 4.8e+01 1.79e-02  8e-03  3e-02 463:37.7
  327   3924 -2.097146787818382e-01 4.8e+01 1.80e-02  8e-03  3e-02 467:54.5
  330   3960 -2.097542255714198e-01 5.0e+01 2.11e-02  1e-02  4e-02 472:11.8
  333   3996 -2.097581075900300e-01 5.3e+01 2.61e-02  1e-02  5e-02 476:29.0
  336   4032 -2.098190330589976e-01 5.4e+01 3.20e-02  1e-02  6e-02 480:46.4
  339   4068 -2.098461668028746e-01 5.5e+01 3.80e-02  2e-02  8e-02 485:02.8
  342   4104 -2.098251955955091e-01 5.7e+01 3.89e-02  2e-02  8e-02 489:19.8
  345   4140 -2.098751822319964e-01 5.9e+01 3.59e-02  2e-02  7e-02 493:36.2
  348   4176 -2.099546676125666e-01 5.8e+01 3.57e-02  2e-02  7e-02 497:53.2
  351   4212 -2.099222098508089e-01 6.1e+01 3.73e-02  2e-02  8e-02 502:10.0
  354   4248 -2.099824039171901e-01 6.3e+01 3.67e-02  2e-02  8e-02 506:27.2
  357   4284 -2.099919219721826e-01 6.6e+01 3.68e-02  2e-02  8e-02 510:44.2
  360   4320 -2.100386516985520e-01 6.7e+01 3.84e-02  2e-02  9e-02 515:01.3
  363   4356 -2.100943979615765e-01 6.9e+01 3.84e-02  2e-02  9e-02 519:18.1
  366   4392 -2.100575589446971e-01 7.0e+01 3.48e-02  2e-02  8e-02 523:34.5
  369   4428 -2.101448297269262e-01 7.0e+01 3.31e-02  1e-02  7e-02 527:50.5
  372   4464 -2.101509416211443e-01 7.3e+01 2.96e-02  1e-02  7e-02 532:07.5
  375   4500 -2.101750747901517e-01 7.5e+01 3.48e-02  1e-02  8e-02 536:24.2
  378   4536 -2.102483993734222e-01 7.7e+01 4.08e-02  2e-02  9e-02 540:40.5
  381   4572 -2.102748037488996e-01 8.0e+01 4.12e-02  2e-02  9e-02 544:57.2
  384   4608 -2.103481687527509e-01 8.1e+01 4.53e-02  2e-02  1e-01 549:14.0
  387   4644 -2.103049459893181e-01 8.2e+01 5.32e-02  2e-02  1e-01 553:31.7
  390   4680 -2.102723505692908e-01 8.3e+01 5.46e-02  2e-02  1e-01 557:49.6
  393   4716 -2.103632086740223e-01 8.3e+01 5.55e-02  2e-02  1e-01 562:06.9
  396   4752 -2.104090506395502e-01 8.3e+01 5.10e-02  2e-02  1e-01 566:24.0
  399   4788 -2.103192822046069e-01 8.3e+01 4.91e-02  2e-02  1e-01 570:40.8
  400   4800 -2.103474214171346e-01 8.2e+01 4.97e-02  2e-02  1e-01 572:06.7
  403   4836 -2.104277562413901e-01 8.3e+01 4.84e-02  2e-02  1e-01 576:23.3
  406   4872 -2.104726149744806e-01 8.3e+01 4.44e-02  2e-02  1e-01 580:40.3
  409   4908 -2.104600626959355e-01 8.1e+01 3.91e-02  1e-02  8e-02 584:57.7
  412   4944 -2.104761478581694e-01 8.1e+01 3.22e-02  1e-02  7e-02 589:15.0
  415   4980 -2.105043949466872e-01 7.9e+01 2.85e-02  1e-02  6e-02 593:32.7
  418   5016 -2.105510226583684e-01 8.0e+01 2.87e-02  1e-02  6e-02 597:50.0
  421   5052 -2.106215441814697e-01 8.2e+01 3.18e-02  1e-02  7e-02 602:07.5
  424   5088 -2.106457006515624e-01 8.4e+01 3.36e-02  1e-02  7e-02 606:26.2
  427   5124 -2.107041774690561e-01 8.7e+01 3.86e-02  1e-02  8e-02 610:45.1
  430   5160 -2.107479708989141e-01 8.8e+01 4.35e-02  1e-02  1e-01 615:03.2
  433   5196 -2.107574753264909e-01 9.2e+01 5.64e-02  2e-02  1e-01 619:21.8
  436   5232 -2.107993699065292e-01 9.3e+01 6.46e-02  2e-02  1e-01 623:41.3
  439   5268 -2.109187608481639e-01 9.3e+01 6.65e-02  2e-02  2e-01 627:59.6
  442   5304 -2.110145572576271e-01 9.5e+01 7.20e-02  2e-02  2e-01 632:17.9
  445   5340 -2.111873898606147e-01 9.9e+01 7.98e-02  2e-02  2e-01 636:36.5
  448   5376 -2.110611986452844e-01 1.0e+02 7.84e-02  2e-02  2e-01 640:55.3
  451   5412 -2.110742253087977e-01 1.0e+02 6.52e-02  2e-02  2e-01 645:14.3
  454   5448 -2.112391155515783e-01 1.0e+02 5.95e-02  2e-02  1e-01 649:32.8
  457   5484 -2.111959008357293e-01 1.1e+02 6.39e-02  2e-02  2e-01 653:51.3
  460   5520 -2.113235030532894e-01 1.1e+02 6.78e-02  2e-02  2e-01 658:09.7
  463   5556 -2.113245516312365e-01 1.1e+02 6.41e-02  2e-02  2e-01 662:28.3
  466   5592 -2.115492799605443e-01 1.2e+02 7.00e-02  2e-02  2e-01 666:47.1
  469   5628 -2.117346987546458e-01 1.3e+02 7.89e-02  2e-02  2e-01 671:05.0
  472   5664 -2.117461275346213e-01 1.3e+02 7.82e-02  2e-02  2e-01 675:23.6
  475   5700 -2.116406429544075e-01 1.4e+02 8.54e-02  2e-02  3e-01 679:43.2
  478   5736 -2.116699039612976e-01 1.4e+02 8.19e-02  2e-02  3e-01 684:01.5
  481   5772 -2.117678422131038e-01 1.5e+02 8.10e-02  2e-02  3e-01 688:19.8
  484   5808 -2.119818712580410e-01 1.5e+02 8.23e-02  2e-02  3e-01 692:38.2
  487   5844 -2.120413265393220e-01 1.5e+02 7.79e-02  2e-02  3e-01 696:56.9
  490   5880 -2.120603525439854e-01 1.6e+02 6.92e-02  2e-02  3e-01 701:15.7
  493   5916 -2.123013462702971e-01 1.6e+02 5.65e-02  1e-02  2e-01 705:33.8
  496   5952 -2.122392780226739e-01 1.6e+02 5.22e-02  1e-02  2e-01 709:52.7
  499   5988 -2.123123641208586e-01 1.6e+02 5.24e-02  1e-02  2e-01 714:11.5
  500   6000 -2.123000934661452e-01 1.6e+02 5.31e-02  1e-02  2e-01 715:37.7
  503   6036 -2.123995137272105e-01 1.6e+02 5.84e-02  1e-02  2e-01 719:56.5
  506   6072 -2.122731524575161e-01 1.6e+02 5.93e-02  1e-02  2e-01 724:15.7
  509   6108 -2.124430542416522e-01 1.7e+02 6.23e-02  1e-02  3e-01 728:34.1
  512   6144 -2.124570058432821e-01 1.7e+02 6.05e-02  1e-02  3e-01 732:52.3
  515   6180 -2.125425923032627e-01 1.7e+02 5.43e-02  1e-02  2e-01 737:12.4
  519   6228 -2.124700123828979e-01 1.8e+02 5.49e-02  1e-02  2e-01 742:57.9
  523   6276 -2.125393486512165e-01 1.7e+02 5.18e-02  1e-02  2e-01 748:43.3
  527   6324 -2.126460177535428e-01 1.8e+02 4.89e-02  1e-02  2e-01 754:29.3
  531   6372 -2.127666069961843e-01 1.8e+02 5.35e-02  1e-02  2e-01 760:15.3
  535   6420 -2.127301021617928e-01 1.9e+02 5.50e-02  1e-02  3e-01 766:01.4
  539   6468 -2.128035576535772e-01 2.0e+02 4.64e-02  1e-02  2e-01 771:46.8
  543   6516 -2.129139800490265e-01 2.0e+02 4.90e-02  1e-02  2e-01 777:32.4
  547   6564 -2.130061571782947e-01 2.1e+02 5.20e-02  1e-02  2e-01 783:18.0
  551   6612 -2.131117795382994e-01 2.1e+02 5.67e-02  1e-02  3e-01 789:03.2
  555   6660 -2.130903263087528e-01 2.2e+02 6.22e-02  1e-02  3e-01 794:48.4
  559   6708 -2.130862544504888e-01 2.3e+02 6.14e-02  1e-02  3e-01 800:34.1
  563   6756 -2.132592351627825e-01 2.2e+02 5.53e-02  1e-02  3e-01 806:19.9
  567   6804 -2.133310314831966e-01 2.3e+02 5.06e-02  1e-02  3e-01 812:05.8
  571   6852 -2.134086416204229e-01 2.4e+02 4.48e-02  9e-03  2e-01 817:51.6
  575   6900 -2.134928839360716e-01 2.4e+02 3.94e-02  8e-03  2e-01 823:37.1
  579   6948 -2.135418401698284e-01 2.5e+02 3.64e-02  7e-03  2e-01 829:22.9
  583   6996 -2.135854262899475e-01 2.4e+02 3.48e-02  7e-03  2e-01 835:08.3
  587   7044 -2.136254369247559e-01 2.5e+02 3.49e-02  7e-03  2e-01 840:54.4
  591   7092 -2.137361292758935e-01 2.7e+02 3.93e-02  7e-03  2e-01 846:39.9
  595   7140 -2.137925915939401e-01 2.8e+02 3.82e-02  7e-03  2e-01 852:26.3
  599   7188 -2.139002211148776e-01 3.1e+02 4.27e-02  8e-03  3e-01 858:12.2
  600   7200 -2.138661044969760e-01 3.1e+02 4.13e-02  7e-03  3e-01 859:39.2
  604   7248 -2.140072162494900e-01 3.2e+02 4.04e-02  7e-03  3e-01 865:23.9
  608   7296 -2.140747374493021e-01 3.3e+02 4.69e-02  9e-03  3e-01 871:09.2
  612   7344 -2.141564730171466e-01 3.4e+02 5.12e-02  9e-03  4e-01 876:54.4
  616   7392 -2.142080448365132e-01 3.6e+02 5.44e-02  1e-02  4e-01 882:40.0
  620   7440 -2.141864293763822e-01 3.7e+02 5.35e-02  1e-02  4e-01 888:25.3
  624   7488 -2.143275695738407e-01 3.9e+02 5.03e-02  9e-03  4e-01 894:10.4
  628   7536 -2.143710051299467e-01 4.0e+02 4.74e-02  8e-03  4e-01 899:55.9
  632   7584 -2.144150864682755e-01 4.0e+02 5.05e-02  9e-03  4e-01 905:41.1
  636   7632 -2.144492398621903e-01 3.9e+02 4.19e-02  7e-03  3e-01 911:26.9
  640   7680 -2.144918614691247e-01 3.8e+02 3.86e-02  6e-03  3e-01 917:11.7
  644   7728 -2.145156207837523e-01 3.9e+02 3.51e-02  5e-03  3e-01 922:56.6
  648   7776 -2.145765630047500e-01 4.0e+02 4.09e-02  6e-03  3e-01 928:41.9
  652   7824 -2.145785558912342e-01 4.1e+02 4.45e-02  6e-03  4e-01 934:27.6
  656   7872 -2.146275932626673e-01 4.0e+02 4.61e-02  6e-03  4e-01 940:13.3
  660   7920 -2.147152489556360e-01 4.0e+02 4.79e-02  7e-03  4e-01 945:58.6
  664   7968 -2.146758644991130e-01 4.1e+02 5.22e-02  7e-03  4e-01 951:43.5
  668   8016 -2.147129771499620e-01 4.3e+02 5.32e-02  7e-03  5e-01 957:29.8
  672   8064 -2.147233243175994e-01 4.2e+02 5.18e-02  6e-03  4e-01 963:14.7
  676   8112 -2.147377478372172e-01 4.2e+02 4.45e-02  5e-03  4e-01 969:00.6
  680   8160 -2.148112536708891e-01 4.1e+02 3.90e-02  5e-03  3e-01 974:45.8
  684   8208 -2.148573040358162e-01 4.1e+02 4.04e-02  5e-03  3e-01 980:31.3
  688   8256 -2.148444556198310e-01 4.1e+02 3.92e-02  4e-03  3e-01 986:17.3
  692   8304 -2.148920244583025e-01 4.0e+02 3.80e-02  4e-03  3e-01 992:03.1
  696   8352 -2.149099667595218e-01 3.8e+02 4.05e-02  4e-03  3e-01 997:49.9
  700   8400 -2.149250542136550e-01 3.8e+02 4.10e-02  4e-03  3e-01 1003:36.4
  704   8448 -2.149200035043178e-01 3.8e+02 4.54e-02  5e-03  3e-01 1009:22.6
  708   8496 -2.149744529441386e-01 3.7e+02 4.76e-02  5e-03  4e-01 1015:09.5
  712   8544 -2.149804207080697e-01 3.6e+02 4.34e-02  4e-03  3e-01 1020:54.7
  716   8592 -2.150024456879356e-01 3.6e+02 3.95e-02  4e-03  3e-01 1026:40.4
  720   8640 -2.150108710850439e-01 3.6e+02 3.76e-02  4e-03  3e-01 1032:26.2
  724   8688 -2.150229069790459e-01 3.6e+02 4.11e-02  4e-03  3e-01 1038:11.9
  728   8736 -2.150343119935676e-01 3.5e+02 4.14e-02  4e-03  3e-01 1043:57.7
  732   8784 -2.150359420402279e-01 3.6e+02 3.88e-02  4e-03  3e-01 1049:42.7
  736   8832 -2.150393007795532e-01 3.6e+02 3.37e-02  3e-03  2e-01 1055:28.8
  740   8880 -2.150579880102868e-01 3.6e+02 3.06e-02  3e-03  2e-01 1061:14.5
  744   8928 -2.150679444685421e-01 3.5e+02 3.03e-02  3e-03  2e-01 1067:00.7
  748   8976 -2.150723914870803e-01 3.5e+02 2.69e-02  2e-03  2e-01 1072:47.0
  752   9024 -2.150768802873825e-01 3.4e+02 2.91e-02  2e-03  2e-01 1078:32.9
  756   9072 -2.150855727303378e-01 3.4e+02 2.84e-02  2e-03  2e-01 1084:19.2
  760   9120 -2.150948029825929e-01 3.5e+02 2.93e-02  2e-03  2e-01 1090:04.6
  764   9168 -2.151032542914910e-01 3.4e+02 3.16e-02  3e-03  2e-01 1095:50.4
  768   9216 -2.151112384954454e-01 3.4e+02 2.95e-02  2e-03  2e-01 1101:36.2
  772   9264 -2.151233010072999e-01 3.3e+02 2.76e-02  2e-03  2e-01 1107:21.6
  776   9312 -2.151277862417483e-01 3.4e+02 2.64e-02  2e-03  2e-01 1113:07.4
  780   9360 -2.151470261646047e-01 3.3e+02 2.62e-02  2e-03  2e-01 1118:52.9
  784   9408 -2.151639368157536e-01 3.4e+02 3.47e-02  3e-03  2e-01 1124:38.3
  788   9456 -2.151769117012917e-01 3.4e+02 3.35e-02  2e-03  2e-01 1130:24.0
  792   9504 -2.152057761940578e-01 3.5e+02 3.60e-02  3e-03  2e-01 1136:09.5
  796   9552 -2.152148934562641e-01 3.6e+02 3.83e-02  3e-03  2e-01 1141:56.0
  800   9600 -2.152533717612821e-01 3.6e+02 4.52e-02  3e-03  3e-01 1147:41.6
Budget constraint satisfied 4142.5839920043945 4550 Difference:  407.41600799560547
Budget constraint satisfied 4043.956039428711 4550 Difference:  506.04396057128906
two_most_probable_states: ['1000000111001', '1000000011001']
final_expectation_value: -0.21525337176128212
params: [2.982521728344785, 9.163700252773184, -0.6869577948797684, 12.17509690275819, 12.980565048361077, -4.341966025220121, 0.5472649589478928, 16.094616768829848, 22.247474205763332, -0.15993303596100059, 2.6388039395419733, 0.6280239410250047, 2.253910561171561, -0.10499116787866312, 3.0582004405715373, 1.942021774790449, 1.2427356484753724, 3.0972763669634387, 1.1874023127166122, 1.9034670978749744]
total_steps: 800
states_probs: [0.0010149941268622073, 0.0010156086519073854]
optimized_portfolios: [{'AXP': 1, 'GS': 0, 'MRK': 39}, {'AXP': 1, 'GS': 0, 'MRK': 38}]
objective_values: [-73325.48049072556, -66088.62018584255]
result_with_budget: [{'portfolio': {'AXP': 1, 'GS': 0, 'MRK': 39}, 'budget': 4142.5839920043945, 'difference': 407.41600799560547}, {'portfolio': {'AXP': 1, 'GS': 0, 'MRK': 38}, 'budget': 4043.956039428711, 'difference': 506.04396057128906}]
Batch 11/100 completed. Results saved to portfolio_optimization_results_batch_10.json
Job finished at Mon Mar 24 06:44:06 EET 2025
