Running job array 18 on pe48.int.triton.aalto.fi
Starting at Sun Mar 16 11:20:27 EET 2025
Activating virtual environment at /scratch/work/uotilav2/quantum-portfolio/venv
Processing batch 19/40: experiments 203 to 213 (total 11)
Processing experiment 203
Budget: 1131.5408020019531
YF.download() has changed argument auto_adjust default to True
Expected returns: 0.1256806566788028
Covariance matrix: 0.4155283410159639
3rd-order coskewness tensor: 0.20309753131889113
4th-order cokurtosis tensor: 16.37097271545425
Number of qubits for asset BA: 3
Number of qubits for asset IBM: 3
Number of qubits for asset MSFT: 2
Number of qubits for asset V: 2
Total number of qubits:  10
Optimized Weights (considering variance, skewness and kurtosis):
BA: 16.25%
IBM: 32.11%
MSFT: 38.49%
V: 13.15%
Left over budget:  -2.3741677068755962e-07
Optimized Discrete Allocation:
BA: 1
IBM: 1
MSFT: 1
V: 1
Maximized utility from continuous higher moments:  -138.12415522782825
Budget constraint satisfied 1131.5408020019531 1131.5408020019531 Difference:  0.0
Budget constraint not satisfied 1156.8221740722656 1131.5408020019531 Difference:  -25.2813720703125
smallest_eigenvalues: [-0.09310480890322256]
smallest_bitstrings: ['1001001010']
first_excited_energy: -0.09307287665362202
optimized_portfolio: [{'BA': 1, 'IBM': 1, 'MSFT': 1, 'V': 1}]
second_optimized_portfolio: [{'BA': 0, 'IBM': 0, 'MSFT': 2, 'V': 1}]
result_with_budget: [{'portfolio': {'BA': 1, 'IBM': 1, 'MSFT': 1, 'V': 1}, 'budget': 1131.5408020019531, 'difference': 0.0, 'objective_value': -138.12415522782825}]
result_with_budget_excited: [{'portfolio': {'BA': 0, 'IBM': 0, 'MSFT': 2, 'V': 1}, 'budget': 1156.8221740722656, 'difference': -25.2813720703125, 'objective_value': -65.91214305766725}]
Initial params:  [2.51063067 1.44978017 2.45210473 0.37157007 2.01037118 0.45035763
 2.96776493 1.63943485 1.3026989  0.83112597 2.43232687 1.43303853
 1.78578792 0.0590299  1.94035914 1.92295543 1.93815531 2.96487203
 2.14200164 1.12942738]
(6_w,12)-aCMA-ES (mu_w=3.7,w_1=40%) in dimension 20 (seed=182519, Sun Mar 16 11:20:46 2025)
Iterat #Fevals   function value  axis ratio  sigma  min&max std  t[m:s]
    1     12 -6.603538244662131e-02 1.0e+00 1.42e+00  1e+00  1e+00 0:27.8
    2     24 -4.615218383084213e-03 1.1e+00 1.40e+00  1e+00  1e+00 0:55.6
    3     36 -6.349732789416027e-02 1.2e+00 1.39e+00  1e+00  1e+00 1:23.4
    4     48 -4.039290022209584e-02 1.2e+00 1.39e+00  1e+00  1e+00 1:51.3
    5     60 -5.814539179252676e-02 1.2e+00 1.36e+00  1e+00  1e+00 2:19.0
    6     72 -4.055031667859291e-02 1.3e+00 1.35e+00  1e+00  1e+00 2:46.9
    7     84 -4.616121637997948e-02 1.3e+00 1.31e+00  1e+00  1e+00 3:14.7
    8     96 -4.647295791073942e-02 1.3e+00 1.33e+00  1e+00  1e+00 3:42.5
    9    108 -5.718315660510357e-02 1.3e+00 1.43e+00  1e+00  1e+00 4:10.3
   10    120 -6.310965365948673e-02 1.4e+00 1.52e+00  1e+00  2e+00 4:38.1
   11    132 -7.084889265766117e-02 1.5e+00 1.61e+00  2e+00  2e+00 5:06.0
   12    144 -2.958785509645561e-02 1.5e+00 1.60e+00  2e+00  2e+00 5:33.8
   13    156 -5.692342230550210e-02 1.5e+00 1.62e+00  2e+00  2e+00 6:01.6
   14    168 -3.651850968493606e-02 1.6e+00 1.56e+00  1e+00  2e+00 6:29.5
   15    180 -7.036161835001321e-02 1.6e+00 1.54e+00  1e+00  2e+00 6:57.3
   16    192 -4.839474667783888e-02 1.6e+00 1.55e+00  1e+00  2e+00 7:25.1
   17    204 -4.089260905616508e-02 1.6e+00 1.62e+00  2e+00  2e+00 7:53.0
   18    216 -1.665314243373487e-02 1.6e+00 1.70e+00  2e+00  2e+00 8:20.9
   19    228 -7.232312314835600e-02 1.6e+00 1.75e+00  2e+00  2e+00 8:48.6
   20    240 -6.120207811579256e-02 1.6e+00 1.73e+00  2e+00  2e+00 9:16.4
   21    252 -6.058510881431905e-02 1.6e+00 1.79e+00  2e+00  2e+00 9:44.2
   22    264 -6.069223357318691e-02 1.7e+00 1.87e+00  2e+00  2e+00 10:12.1
   23    276 -3.608996839962661e-02 1.7e+00 1.94e+00  2e+00  2e+00 10:39.9
   24    288 -1.369656635219182e-02 1.7e+00 1.93e+00  2e+00  2e+00 11:07.7
   25    300 -6.428660952067067e-02 1.7e+00 1.99e+00  2e+00  2e+00 11:35.5
   26    312 -2.562762212941933e-02 1.7e+00 2.06e+00  2e+00  2e+00 12:03.4
   27    324 -6.184165185160999e-02 1.7e+00 2.12e+00  2e+00  2e+00 12:31.1
   28    336 -2.172383672689584e-02 1.7e+00 2.14e+00  2e+00  2e+00 12:59.0
   30    360 -7.053490993488276e-02 1.8e+00 2.28e+00  2e+00  3e+00 13:54.5
   32    384 -1.749248455927356e-02 1.8e+00 2.32e+00  2e+00  3e+00 14:50.0
   34    408 3.445847106618658e-02 1.9e+00 2.31e+00  2e+00  3e+00 15:45.6
   36    432 -3.602872338312359e-02 1.9e+00 2.36e+00  2e+00  3e+00 16:41.2
   38    456 -4.725447461652579e-02 1.9e+00 2.25e+00  2e+00  3e+00 17:36.8
   40    480 -3.844842499835247e-03 2.0e+00 2.48e+00  2e+00  3e+00 18:32.5
   42    504 1.943730770358285e-02 2.0e+00 2.56e+00  2e+00  3e+00 19:28.1
   44    528 -4.550471378265511e-02 2.1e+00 2.51e+00  2e+00  3e+00 20:23.8
   46    552 -2.639043231920949e-03 2.1e+00 2.35e+00  2e+00  3e+00 21:19.3
   48    576 6.362255992143739e-02 2.1e+00 2.37e+00  2e+00  3e+00 22:14.9
   50    600 -4.573544431539232e-02 2.1e+00 2.48e+00  2e+00  3e+00 23:10.4
   52    624 8.146130339086113e-02 2.2e+00 2.64e+00  2e+00  3e+00 24:05.9
   54    648 -1.524072005080637e-02 2.2e+00 2.91e+00  3e+00  3e+00 25:01.6
   56    672 6.712151309904887e-02 2.4e+00 3.13e+00  3e+00  4e+00 25:57.2
   58    696 1.192862234292344e-02 2.5e+00 3.25e+00  3e+00  4e+00 26:53.1
   60    720 5.301185878198661e-03 2.6e+00 3.55e+00  3e+00  4e+00 27:48.9
   62    744 -2.241891030539472e-02 2.7e+00 3.70e+00  3e+00  4e+00 28:44.5
   64    768 -1.523716795739962e-02 2.6e+00 3.74e+00  3e+00  4e+00 29:40.1
   66    792 -3.083636958267665e-02 2.6e+00 3.83e+00  4e+00  4e+00 30:35.7
   68    816 -1.005658853575897e-02 2.7e+00 3.96e+00  4e+00  5e+00 31:31.4
   70    840 2.420289339563174e-02 2.6e+00 4.21e+00  4e+00  5e+00 32:27.3
   72    864 -3.569837052041455e-02 2.6e+00 4.67e+00  4e+00  5e+00 33:23.3
   74    888 1.596339271812656e-02 2.7e+00 4.77e+00  4e+00  6e+00 34:19.4
   76    912 -4.751357585181804e-03 2.7e+00 4.84e+00  4e+00  6e+00 35:15.5
   78    936 -3.247434388666899e-03 2.7e+00 4.82e+00  4e+00  6e+00 36:11.3
   80    960 -1.737558832028942e-02 2.8e+00 4.71e+00  4e+00  6e+00 37:07.2
   82    984 -3.894863519313221e-02 2.9e+00 4.69e+00  4e+00  6e+00 38:02.8
   84   1008 4.382641802449048e-02 2.9e+00 5.00e+00  4e+00  6e+00 38:58.7
   87   1044 2.229432274362079e-02 2.9e+00 5.63e+00  5e+00  7e+00 40:22.3
   90   1080 2.693564571717297e-02 3.0e+00 5.63e+00  5e+00  7e+00 41:45.8
   93   1116 5.158083659571578e-02 3.0e+00 6.05e+00  5e+00  8e+00 43:09.3
   96   1152 2.217203454151099e-02 2.9e+00 6.33e+00  5e+00  8e+00 44:32.9
   99   1188 7.828694461748797e-02 2.9e+00 5.42e+00  5e+00  7e+00 45:56.5
  100   1200 5.237020058660882e-02 2.9e+00 5.12e+00  4e+00  6e+00 46:24.2
  103   1236 4.917623912627993e-02 2.9e+00 4.78e+00  4e+00  6e+00 47:45.8
  106   1272 4.137145051341783e-02 3.0e+00 4.37e+00  4e+00  5e+00 49:06.1
  109   1308 6.039397318578926e-02 3.0e+00 4.17e+00  4e+00  5e+00 50:26.8
  112   1344 2.042242677135018e-02 3.1e+00 3.77e+00  3e+00  5e+00 51:47.3
  115   1380 4.108864388439342e-02 3.2e+00 3.44e+00  3e+00  4e+00 53:07.5
  118   1416 6.107501313307043e-02 3.2e+00 3.27e+00  3e+00  4e+00 54:28.0
  121   1452 7.550737995069957e-02 3.2e+00 3.16e+00  3e+00  4e+00 55:48.4
  124   1488 7.960779031794769e-02 3.3e+00 2.94e+00  3e+00  4e+00 57:08.9
  127   1524 5.852996145116211e-02 3.4e+00 3.49e+00  3e+00  4e+00 58:29.4
  130   1560 7.525264756541068e-02 3.3e+00 3.99e+00  3e+00  5e+00 59:49.9
  133   1596 6.307321420901157e-02 3.4e+00 3.97e+00  4e+00  5e+00 61:10.4
  136   1632 6.883978852535960e-02 3.3e+00 3.75e+00  3e+00  4e+00 62:31.0
  139   1668 5.783272803619281e-02 3.4e+00 3.47e+00  3e+00  4e+00 63:51.6
  142   1704 4.254140529505030e-02 3.5e+00 3.38e+00  3e+00  4e+00 65:12.4
  145   1740 9.680793431456453e-02 3.5e+00 3.39e+00  3e+00  4e+00 66:32.9
  148   1776 6.039956712762493e-02 3.5e+00 3.29e+00  3e+00  4e+00 67:53.5
  151   1812 8.348689359593908e-02 3.5e+00 3.02e+00  3e+00  4e+00 69:14.0
  154   1848 4.044781660093126e-02 3.5e+00 2.65e+00  2e+00  3e+00 70:34.3
  157   1884 4.812559165845047e-02 3.5e+00 2.53e+00  2e+00  3e+00 71:54.8
  161   1932 1.520667319525230e-02 3.6e+00 2.31e+00  2e+00  3e+00 73:42.1
  165   1980 3.616573196416460e-02 3.7e+00 2.21e+00  2e+00  3e+00 75:29.3
  169   2028 1.928000307150425e-02 3.7e+00 2.17e+00  2e+00  3e+00 77:16.9
  173   2076 4.762213331665133e-02 3.8e+00 2.08e+00  2e+00  3e+00 79:04.1
  177   2124 7.099914509384425e-02 3.7e+00 2.11e+00  2e+00  2e+00 80:51.2
  181   2172 5.881763051698464e-02 3.7e+00 2.43e+00  2e+00  3e+00 82:38.2
  185   2220 3.018270571925019e-02 3.7e+00 2.31e+00  2e+00  3e+00 84:25.3
  189   2268 3.084341860020910e-02 3.7e+00 2.36e+00  2e+00  3e+00 86:12.4
  193   2316 6.145097101730750e-02 3.7e+00 2.42e+00  2e+00  3e+00 87:59.3
  197   2364 3.623877470153890e-02 4.0e+00 2.48e+00  2e+00  3e+00 89:46.4
  200   2400 4.601362435864310e-02 4.0e+00 2.62e+00  2e+00  3e+00 91:06.8
  204   2448 1.635974389720009e-02 4.1e+00 2.79e+00  2e+00  3e+00 92:54.0
  208   2496 9.122281881618198e-02 4.1e+00 2.88e+00  2e+00  3e+00 94:41.3
  212   2544 5.082121626449568e-02 4.3e+00 3.07e+00  2e+00  4e+00 96:28.3
  216   2592 8.351935857310340e-02 4.3e+00 2.77e+00  2e+00  3e+00 98:15.3
  220   2640 4.976827813927655e-02 4.3e+00 2.68e+00  2e+00  3e+00 100:02.4
  224   2688 5.470866597747550e-02 4.3e+00 2.47e+00  2e+00  3e+00 101:49.4
  228   2736 6.504878670286306e-02 4.5e+00 2.64e+00  2e+00  3e+00 103:36.5
  232   2784 2.847801374326913e-02 4.5e+00 2.51e+00  2e+00  3e+00 105:23.5
  236   2832 6.430439987140819e-02 4.5e+00 2.23e+00  2e+00  3e+00 107:10.4
  240   2880 -1.852344462232950e-04 4.5e+00 1.98e+00  2e+00  2e+00 108:57.4
  244   2928 5.037648192298362e-02 4.6e+00 1.99e+00  2e+00  2e+00 110:44.5
  248   2976 6.861170596475828e-02 4.8e+00 2.11e+00  2e+00  3e+00 112:31.5
  252   3024 3.965952541755697e-02 4.8e+00 2.12e+00  2e+00  3e+00 114:18.4
  256   3072 4.843317639668580e-02 4.7e+00 2.09e+00  2e+00  3e+00 116:05.5
  260   3120 4.540669363304359e-02 4.7e+00 1.88e+00  2e+00  2e+00 117:52.9
  264   3168 3.798001193111471e-02 4.8e+00 1.79e+00  1e+00  2e+00 119:41.4
  268   3216 7.630269523951558e-02 4.8e+00 1.87e+00  2e+00  2e+00 121:30.4
  273   3276 6.075736133680500e-02 4.8e+00 1.87e+00  2e+00  2e+00 123:44.8
  278   3336 2.623886650689214e-02 4.9e+00 1.75e+00  1e+00  2e+00 125:60.0
  283   3396 7.081977139576284e-02 4.9e+00 1.68e+00  1e+00  2e+00 128:15.7
  288   3456 7.956517815935427e-02 5.1e+00 2.04e+00  2e+00  3e+00 130:30.4
  293   3516 6.579288045772884e-02 5.4e+00 1.85e+00  1e+00  2e+00 132:45.5
  298   3576 7.568937575949640e-02 5.5e+00 2.11e+00  2e+00  3e+00 135:01.0
  300   3600 7.773863508766883e-02 5.6e+00 2.32e+00  2e+00  3e+00 135:55.1
  305   3660 5.657011314979497e-02 5.7e+00 2.88e+00  2e+00  4e+00 138:11.0
  310   3720 3.144881985598282e-02 6.0e+00 2.86e+00  2e+00  4e+00 140:25.3
  315   3780 8.397171890834555e-02 5.9e+00 2.98e+00  3e+00  4e+00 142:40.8
  320   3840 7.472284750226894e-02 6.1e+00 3.39e+00  3e+00  5e+00 144:54.7
  325   3900 6.487538018825512e-02 6.3e+00 3.97e+00  3e+00  5e+00 147:10.8
  330   3960 5.239950439363036e-02 6.4e+00 3.76e+00  3e+00  5e+00 149:25.3
  335   4020 2.972840891274154e-02 6.5e+00 3.50e+00  3e+00  5e+00 151:40.4
  340   4080 5.621234898421999e-02 6.5e+00 3.31e+00  3e+00  5e+00 153:56.3
  345   4140 -1.548389457419579e-02 6.6e+00 3.75e+00  3e+00  5e+00 156:10.3
  350   4200 -1.923383276002237e-02 6.8e+00 3.71e+00  3e+00  5e+00 158:26.2
  355   4260 6.521844369376009e-02 6.9e+00 3.48e+00  3e+00  5e+00 160:42.1
  360   4320 7.496147584201210e-02 7.1e+00 3.46e+00  3e+00  5e+00 162:56.1
  365   4380 5.847752371011204e-02 7.0e+00 3.90e+00  3e+00  5e+00 165:11.4
  370   4440 5.660998037422562e-02 6.9e+00 3.94e+00  3e+00  5e+00 167:25.4
  375   4500 3.836121982082025e-02 7.0e+00 4.18e+00  3e+00  5e+00 169:41.0
  380   4560 4.371900286315984e-02 7.0e+00 3.63e+00  3e+00  5e+00 171:55.7
  385   4620 4.020367649327358e-02 7.2e+00 4.57e+00  4e+00  6e+00 174:11.5
  390   4680 7.935932065601173e-02 7.4e+00 5.19e+00  4e+00  7e+00 176:25.9
  395   4740 4.312683641592726e-03 7.6e+00 5.05e+00  4e+00  7e+00 178:41.1
  400   4800 8.502994344833247e-02 7.4e+00 5.39e+00  4e+00  7e+00 180:55.1
  406   4872 8.257541364707660e-02 7.6e+00 5.87e+00  5e+00  8e+00 183:37.7
  412   4944 6.589806796856217e-02 7.8e+00 5.40e+00  4e+00  8e+00 186:20.7
  418   5016 6.985049404022371e-02 8.2e+00 6.17e+00  5e+00  9e+00 189:03.3
  424   5088 5.211587695376608e-02 8.7e+00 6.00e+00  5e+00  9e+00 191:46.2
  430   5160 6.527845938137480e-02 8.8e+00 6.19e+00  5e+00  9e+00 194:29.3
  436   5232 5.373256538292054e-02 8.8e+00 5.51e+00  4e+00  8e+00 197:11.6
  442   5304 8.825770323327074e-02 9.1e+00 4.89e+00  4e+00  8e+00 199:53.7
  448   5376 5.835227015058704e-02 9.2e+00 4.75e+00  4e+00  7e+00 202:36.0
  454   5448 8.452364262921286e-02 9.3e+00 5.14e+00  4e+00  8e+00 205:18.6
  460   5520 9.351075294836811e-02 9.9e+00 5.37e+00  4e+00  8e+00 208:01.2
  466   5592 6.243837772992491e-02 9.7e+00 5.66e+00  4e+00  8e+00 210:42.3
  472   5664 5.443024020430968e-02 9.9e+00 5.80e+00  4e+00  9e+00 213:24.7
  478   5736 9.471224550324386e-02 9.9e+00 5.69e+00  4e+00  8e+00 216:07.3
  484   5808 8.431104290693139e-02 1.0e+01 5.65e+00  4e+00  9e+00 218:49.8
  490   5880 4.483832860079124e-02 1.0e+01 5.34e+00  4e+00  8e+00 221:30.6
  496   5952 1.596540737942227e-02 1.0e+01 6.02e+00  4e+00  9e+00 224:11.6
  500   6000 6.956421324003288e-02 1.1e+01 6.54e+00  5e+00  9e+00 226:00.7
  506   6072 7.113751951968192e-02 1.1e+01 9.12e+00  7e+00  1e+01 228:42.2
  512   6144 4.192729607912766e-02 1.1e+01 1.02e+01  7e+00  2e+01 231:24.8
  518   6216 9.036519766576398e-02 1.1e+01 9.27e+00  7e+00  2e+01 234:06.6
  524   6288 5.836874747815621e-02 1.2e+01 9.81e+00  7e+00  2e+01 236:48.4
  530   6360 8.950064800478340e-02 1.2e+01 1.14e+01  8e+00  2e+01 239:30.8
  536   6432 8.631780094303823e-02 1.2e+01 1.21e+01  8e+00  2e+01 242:11.2
  542   6504 9.726016799980894e-02 1.2e+01 1.02e+01  7e+00  2e+01 244:53.0
  548   6576 7.411264687976840e-02 1.3e+01 1.08e+01  8e+00  2e+01 247:33.5
  554   6648 7.977137621055148e-02 1.3e+01 9.78e+00  7e+00  2e+01 250:14.5
  561   6732 9.099388297698477e-02 1.4e+01 8.81e+00  6e+00  2e+01 253:22.7
  568   6816 8.507929578540094e-02 1.4e+01 7.61e+00  5e+00  1e+01 256:32.1
  575   6900 8.559649647604252e-02 1.4e+01 6.05e+00  4e+00  1e+01 259:41.2
  582   6984 8.609558596263424e-02 1.4e+01 5.17e+00  4e+00  9e+00 262:50.3
  589   7068 8.662590823125164e-02 1.3e+01 4.51e+00  3e+00  8e+00 265:59.8
  596   7152 8.840881342538159e-02 1.4e+01 5.13e+00  3e+00  9e+00 269:08.9
  600   7200 8.792161593582840e-02 1.4e+01 4.58e+00  3e+00  8e+00 270:56.9
  607   7284 8.994564429640850e-02 1.4e+01 4.44e+00  3e+00  8e+00 274:06.0
  614   7368 9.227396320647852e-02 1.4e+01 3.96e+00  3e+00  7e+00 277:15.0
  621   7452 8.704437705866432e-02 1.5e+01 3.06e+00  2e+00  5e+00 280:24.5
  628   7536 8.687020452312420e-02 1.5e+01 3.03e+00  2e+00  5e+00 283:33.8
  635   7620 8.539588121601145e-02 1.5e+01 3.37e+00  2e+00  6e+00 286:42.8
  642   7704 8.900512562880056e-02 1.5e+01 3.83e+00  2e+00  7e+00 289:51.9
  649   7788 9.131361159314905e-02 1.6e+01 3.26e+00  2e+00  6e+00 293:01.2
  656   7872 9.182455040734318e-02 1.6e+01 3.12e+00  2e+00  6e+00 296:10.3
  663   7956 9.384502965296387e-02 1.6e+01 2.77e+00  2e+00  5e+00 299:19.4
  670   8040 9.329784627662002e-02 1.7e+01 2.76e+00  2e+00  5e+00 302:28.7
  677   8124 8.897395590323406e-02 1.6e+01 2.40e+00  1e+00  4e+00 305:37.9
  684   8208 9.534051061376525e-02 1.6e+01 2.22e+00  1e+00  4e+00 308:47.1
  691   8292 9.471517569418285e-02 1.6e+01 2.00e+00  1e+00  3e+00 311:56.2
  698   8376 8.560153379061644e-02 1.8e+01 1.67e+00  1e+00  3e+00 315:05.4
  700   8400 9.013555207445963e-02 1.8e+01 1.79e+00  1e+00  3e+00 315:59.6
  707   8484 8.628023034145731e-02 1.9e+01 1.82e+00  1e+00  3e+00 319:08.9
  714   8568 9.042704525157164e-02 1.9e+01 2.07e+00  1e+00  3e+00 322:17.6
  721   8652 8.451319745103850e-02 1.8e+01 1.85e+00  1e+00  3e+00 325:26.5
  728   8736 8.425077312030796e-02 1.9e+01 1.65e+00  1e+00  3e+00 328:35.1
  736   8832 9.404106852878269e-02 1.9e+01 1.75e+00  1e+00  3e+00 332:09.0
  744   8928 9.138149778440405e-02 1.9e+01 1.86e+00  1e+00  3e+00 335:44.6
  752   9024 9.067438012654452e-02 1.9e+01 2.09e+00  1e+00  3e+00 339:19.7
  760   9120 9.125544961859211e-02 1.8e+01 1.97e+00  1e+00  3e+00 342:54.0
  768   9216 8.200185030275967e-02 1.8e+01 1.87e+00  1e+00  3e+00 346:30.1
  776   9312 8.820894581923401e-02 1.9e+01 1.90e+00  1e+00  3e+00 350:04.8
  784   9408 9.022693263531230e-02 2.0e+01 2.17e+00  1e+00  4e+00 353:41.9
  792   9504 8.913908653144169e-02 2.0e+01 2.51e+00  2e+00  4e+00 357:17.3
  800   9600 9.608240858641851e-02 2.0e+01 2.60e+00  2e+00  5e+00 360:51.5
  808   9696 9.060531671722703e-02 2.0e+01 2.49e+00  2e+00  4e+00 364:28.1
  816   9792 9.210718032858260e-02 2.0e+01 2.90e+00  2e+00  5e+00 368:03.0
  824   9888 9.036834897446536e-02 1.9e+01 3.13e+00  2e+00  6e+00 371:39.5
  832   9984 9.317295673704167e-02 1.9e+01 2.78e+00  2e+00  5e+00 375:15.3
  840  10080 8.686617860768793e-02 1.8e+01 2.08e+00  1e+00  4e+00 378:50.9
  848  10176 8.881844272662028e-02 1.9e+01 2.20e+00  1e+00  4e+00 382:27.3
  856  10272 8.879797181694542e-02 2.0e+01 2.36e+00  1e+00  4e+00 386:03.1
  864  10368 9.079051088435439e-02 2.0e+01 2.29e+00  1e+00  4e+00 389:37.8
  872  10464 8.320404402116584e-02 2.0e+01 2.46e+00  1e+00  4e+00 393:12.6
  880  10560 9.005160516638619e-02 2.0e+01 2.12e+00  1e+00  4e+00 396:47.1
  888  10656 9.385141726429996e-02 2.1e+01 2.52e+00  2e+00  4e+00 400:21.7
  896  10752 9.025965947725940e-02 2.1e+01 2.85e+00  2e+00  5e+00 403:56.3
  900  10800 9.238697117792966e-02 2.2e+01 2.93e+00  2e+00  5e+00 405:43.7
  908  10896 8.646371925620593e-02 2.3e+01 3.74e+00  3e+00  7e+00 409:18.7
  916  10992 8.082044011473263e-02 2.4e+01 2.95e+00  2e+00  5e+00 412:53.2
  924  11088 9.714862846595025e-02 2.4e+01 2.87e+00  2e+00  5e+00 416:28.0
  932  11184 9.380432545332108e-02 2.5e+01 2.63e+00  2e+00  4e+00 420:02.8
  940  11280 8.957496793233957e-02 2.6e+01 2.87e+00  2e+00  5e+00 423:36.9
  949  11388 8.559253169696396e-02 2.6e+01 2.80e+00  2e+00  5e+00 427:38.5
  958  11496 9.105911727414193e-02 2.5e+01 2.60e+00  2e+00  4e+00 431:39.8
  967  11604 8.431861558485497e-02 2.6e+01 2.76e+00  2e+00  5e+00 435:41.5
  976  11712 8.573720229563438e-02 2.5e+01 2.75e+00  2e+00  4e+00 439:42.8
  985  11820 9.308127304791504e-02 2.7e+01 2.40e+00  2e+00  4e+00 443:43.7
  994  11928 7.726990700282259e-02 2.9e+01 1.88e+00  1e+00  3e+00 447:44.6
 1000  12000 8.396050542656835e-02 2.8e+01 1.67e+00  1e+00  3e+00 450:25.3
Budget constraint satisfied 177.0 1131.5408020019531 Difference:  954.5408020019531
Budget constraint satisfied 0.0 1131.5408020019531 Difference:  1131.5408020019531
two_most_probable_states: ['1000000000', '0000000000']
final_expectation_value: -0.072323123148356
params: [-0.18147452921113172, -1.7478540263018414, -1.0631040236033047, -0.251435036994359, 1.4855914022483945, 2.970370177244342, 4.26755457324745, -3.5579914209502426, -2.137143771451897, 0.20346703577659708, 8.901329346488671, 0.09783541255560779, 6.760323076190808, 7.613717626457277, 3.103654149028524, 2.511864079909598, -2.42062297997348, 4.248559813443816, 5.8210587974976775, -5.188374489350873]
total_steps: 1000
states_probs: [0.011231937535887283, 0.013551333638964845]
optimized_portfolios: [{'BA': 1, 'IBM': 0, 'MSFT': 0, 'V': 0}, {'BA': 0, 'IBM': 0, 'MSFT': 0, 'V': 0}]
objective_values: [-3.319142167093533, -0.0]
result_with_budget: [{'portfolio': {'BA': 1, 'IBM': 0, 'MSFT': 0, 'V': 0}, 'budget': 177.0, 'difference': 954.5408020019531}, {'portfolio': {'BA': 0, 'IBM': 0, 'MSFT': 0, 'V': 0}, 'budget': 0.0, 'difference': 1131.5408020019531}]
Processing experiment 204
Budget: 252.6699981689453
Expected returns: 0.1256806566788028
Covariance matrix: 0.4682220414404252
3rd-order coskewness tensor: 0.20309753131889113
4th-order cokurtosis tensor: 16.37097271545425
Number of qubits for asset BA: 1
Number of qubits for asset DIS: 2
Number of qubits for asset NKE: 2
Number of qubits for asset WBA: 5
Total number of qubits:  10
Optimized Weights (considering variance, skewness and kurtosis):
BA: 17.46%
DIS: 20.65%
NKE: 26.87%
WBA: 35.02%
Left over budget:  0.7210674112248796
Optimized Discrete Allocation:
DIS: 1
NKE: 1
WBA: 7
Maximized utility from continuous higher moments:  -3107.497979400955
Budget constraint satisfied 252.28893280029297 252.6699981689453 Difference:  0.38106536865234375
Budget constraint not satisfied 261.618932723999 252.6699981689453 Difference:  -8.948934555053711
smallest_eigenvalues: [-0.014646001911010757]
smallest_bitstrings: ['1001000000']
first_excited_energy: -0.01463012708341759
optimized_portfolio: [{'BA': 1, 'DIS': 0, 'NKE': 1, 'WBA': 0}]
second_optimized_portfolio: [{'BA': 1, 'DIS': 0, 'NKE': 1, 'WBA': 1}]
result_with_budget: [{'portfolio': {'BA': 1, 'DIS': 0, 'NKE': 1, 'WBA': 0}, 'budget': 252.28893280029297, 'difference': 0.38106536865234375, 'objective_value': -15.526430385329837}]
result_with_budget_excited: [{'portfolio': {'BA': 1, 'DIS': 0, 'NKE': 1, 'WBA': 1}, 'budget': 261.618932723999, 'difference': -8.948934555053711, 'objective_value': -14.7268815863361}]
Initial params:  [0.02158749 0.47397169 2.91101096 1.90563031 1.37798648 2.25131278
 1.12089526 0.80239252 0.40600268 0.72021955 1.60146132 0.21286371
 1.73198636 0.12879805 0.63455497 3.02534392 1.50188367 0.95316417
 0.52226156 2.6539519 ]
(6_w,12)-aCMA-ES (mu_w=3.7,w_1=40%) in dimension 20 (seed=241212, Sun Mar 16 18:51:59 2025)
Iterat #Fevals   function value  axis ratio  sigma  min&max std  t[m:s]
    1     12 2.909412006063560e-02 1.0e+00 1.45e+00  1e+00  1e+00 0:27.0
    2     24 4.953677313559983e-02 1.1e+00 1.40e+00  1e+00  1e+00 0:54.1
    3     36 5.293918918530934e-02 1.2e+00 1.36e+00  1e+00  1e+00 1:21.1
    4     48 5.430318694109663e-02 1.2e+00 1.34e+00  1e+00  1e+00 1:48.2
    5     60 3.743138563877473e-02 1.2e+00 1.31e+00  1e+00  1e+00 2:15.2
    6     72 5.414270195935642e-02 1.2e+00 1.29e+00  1e+00  1e+00 2:42.2
    7     84 1.009469190743187e-01 1.2e+00 1.28e+00  1e+00  1e+00 3:09.2
    8     96 5.339421874950908e-02 1.3e+00 1.24e+00  1e+00  1e+00 3:36.3
    9    108 6.618910489380800e-02 1.3e+00 1.18e+00  1e+00  1e+00 4:03.5
   10    120 8.708502479161973e-02 1.3e+00 1.11e+00  1e+00  1e+00 4:30.5
   11    132 4.865652695306678e-02 1.3e+00 1.09e+00  1e+00  1e+00 4:57.7
   12    144 9.539195515110074e-02 1.4e+00 1.06e+00  1e+00  1e+00 5:24.7
   13    156 8.689193761871888e-02 1.4e+00 1.05e+00  1e+00  1e+00 5:52.0
   14    168 6.095033540162616e-02 1.3e+00 1.07e+00  1e+00  1e+00 6:19.2
   15    180 2.821190597014632e-02 1.4e+00 1.06e+00  1e+00  1e+00 6:46.4
   16    192 3.683008136266226e-02 1.4e+00 1.06e+00  1e+00  1e+00 7:13.4
   17    204 9.000007917204977e-02 1.4e+00 1.09e+00  1e+00  1e+00 7:40.6
   18    216 4.137461966299780e-02 1.4e+00 1.13e+00  1e+00  1e+00 8:07.9
   19    228 4.979903993914615e-02 1.5e+00 1.15e+00  1e+00  1e+00 8:35.1
   20    240 3.008818134082531e-02 1.5e+00 1.17e+00  1e+00  1e+00 9:02.1
   21    252 6.491878788306271e-02 1.5e+00 1.19e+00  1e+00  1e+00 9:29.3
   22    264 1.182808330081204e-01 1.6e+00 1.17e+00  1e+00  1e+00 9:56.5
   23    276 4.621520267148195e-02 1.6e+00 1.21e+00  1e+00  1e+00 10:23.6
   24    288 7.343221247079494e-02 1.6e+00 1.26e+00  1e+00  1e+00 10:50.8
   25    300 5.828564943212409e-02 1.7e+00 1.37e+00  1e+00  1e+00 11:17.9
   26    312 9.236151205326355e-02 1.7e+00 1.40e+00  1e+00  2e+00 11:45.1
   27    324 1.225731106149647e-01 1.8e+00 1.43e+00  1e+00  2e+00 12:12.1
   28    336 7.038479312338912e-02 1.8e+00 1.45e+00  1e+00  2e+00 12:39.4
   30    360 1.058889087949972e-01 1.8e+00 1.44e+00  1e+00  2e+00 13:33.8
   32    384 2.713854532111679e-02 1.8e+00 1.42e+00  1e+00  2e+00 14:28.0
   34    408 5.610734815496601e-02 1.9e+00 1.39e+00  1e+00  2e+00 15:22.3
   36    432 5.110654556526090e-02 1.9e+00 1.36e+00  1e+00  2e+00 16:16.7
   38    456 2.531063107189192e-02 2.0e+00 1.45e+00  1e+00  2e+00 17:10.9
   40    480 8.906168006148862e-02 2.0e+00 1.46e+00  1e+00  2e+00 18:05.4
   42    504 6.320894152376032e-02 2.0e+00 1.37e+00  1e+00  2e+00 18:59.7
   44    528 1.155341290870293e-01 2.0e+00 1.27e+00  1e+00  1e+00 19:53.8
   46    552 6.773304892750613e-02 2.0e+00 1.14e+00  1e+00  1e+00 20:48.2
   48    576 1.236085413637538e-01 2.0e+00 1.09e+00  1e+00  1e+00 21:42.6
   50    600 3.477300846756640e-02 2.1e+00 1.03e+00  9e-01  1e+00 22:36.7
   52    624 7.433868121466201e-02 2.1e+00 1.01e+00  9e-01  1e+00 23:31.2
   54    648 7.070316609863408e-02 2.1e+00 9.46e-01  8e-01  1e+00 24:25.4
   56    672 7.382707093382188e-02 2.1e+00 9.32e-01  8e-01  1e+00 25:19.8
   58    696 5.550295479775597e-02 2.1e+00 9.48e-01  8e-01  1e+00 26:14.0
   60    720 7.380041098362200e-02 2.1e+00 9.70e-01  8e-01  1e+00 27:08.4
   62    744 6.520806814180180e-02 2.2e+00 9.97e-01  9e-01  1e+00 28:02.8
   64    768 8.224907011315907e-02 2.3e+00 1.06e+00  9e-01  1e+00 28:56.8
   66    792 4.802214416859668e-02 2.4e+00 1.07e+00  9e-01  1e+00 29:51.2
   68    816 1.100126902747370e-01 2.3e+00 1.10e+00  9e-01  1e+00 30:45.5
   70    840 7.003850846304510e-02 2.4e+00 1.20e+00  1e+00  1e+00 31:39.8
   72    864 3.689720952769419e-02 2.4e+00 1.25e+00  1e+00  1e+00 32:34.0
   74    888 3.095226706819144e-02 2.4e+00 1.28e+00  1e+00  1e+00 33:28.0
   76    912 7.457481886644377e-02 2.5e+00 1.30e+00  1e+00  2e+00 34:22.1
   78    936 4.687554815303350e-02 2.5e+00 1.26e+00  1e+00  1e+00 35:16.2
   80    960 6.246248806953672e-02 2.5e+00 1.32e+00  1e+00  2e+00 36:10.5
   82    984 1.077313941663417e-01 2.6e+00 1.31e+00  1e+00  2e+00 37:04.7
   85   1020 4.643433231128387e-02 2.6e+00 1.33e+00  1e+00  2e+00 38:26.0
   88   1056 6.725621910573998e-02 2.7e+00 1.35e+00  1e+00  2e+00 39:47.4
   91   1092 1.014256179411442e-01 2.8e+00 1.33e+00  1e+00  2e+00 41:08.7
   94   1128 1.162867808567726e-01 2.8e+00 1.21e+00  1e+00  2e+00 42:29.7
   97   1164 4.537308149946330e-02 2.9e+00 1.20e+00  9e-01  2e+00 43:51.1
  100   1200 9.750092304868095e-02 2.8e+00 1.10e+00  9e-01  1e+00 45:12.4
  103   1236 8.687640777152560e-02 2.9e+00 1.08e+00  8e-01  1e+00 46:33.6
  106   1272 7.174077770372506e-02 3.0e+00 9.99e-01  8e-01  1e+00 47:54.8
  109   1308 6.515788549986565e-02 3.0e+00 1.02e+00  8e-01  1e+00 49:16.0
  112   1344 5.833602055139056e-02 3.1e+00 1.04e+00  8e-01  1e+00 50:37.3
  115   1380 4.897727465102045e-02 3.1e+00 1.13e+00  8e-01  1e+00 51:58.3
  118   1416 1.648860388640169e-01 3.1e+00 1.09e+00  8e-01  1e+00 53:19.4
  121   1452 7.007510531092694e-02 3.1e+00 1.08e+00  8e-01  1e+00 54:40.6
  124   1488 9.649162126287565e-02 3.1e+00 1.02e+00  7e-01  1e+00 56:01.7
  127   1524 7.132953784824700e-02 3.1e+00 9.63e-01  7e-01  1e+00 57:22.9
  130   1560 6.285408841649137e-02 3.2e+00 9.63e-01  7e-01  1e+00 58:44.6
  133   1596 6.754280436667506e-02 3.3e+00 8.85e-01  6e-01  1e+00 60:06.5
  136   1632 3.278545227760070e-02 3.2e+00 9.05e-01  7e-01  1e+00 61:28.9
  139   1668 6.458690051938740e-02 3.3e+00 7.92e-01  6e-01  1e+00 62:50.7
  142   1704 1.008021652662436e-01 3.3e+00 7.63e-01  5e-01  1e+00 64:13.1
  145   1740 9.763338489422638e-02 3.4e+00 8.01e-01  6e-01  1e+00 65:35.0
  148   1776 4.297668535829087e-02 3.6e+00 7.80e-01  5e-01  1e+00 66:56.8
  151   1812 6.386359729813636e-02 3.7e+00 8.02e-01  6e-01  1e+00 68:19.5
  154   1848 3.841678223125741e-02 3.7e+00 9.33e-01  7e-01  1e+00 69:41.4
  157   1884 4.456696612217791e-02 3.7e+00 1.06e+00  7e-01  1e+00 71:03.3
  160   1920 7.048531945128420e-02 3.8e+00 1.24e+00  9e-01  2e+00 72:25.5
  163   1956 1.217416616600046e-01 3.8e+00 1.47e+00  1e+00  2e+00 73:47.6
  166   1992 1.114782377033493e-01 3.8e+00 1.67e+00  1e+00  2e+00 75:09.7
  170   2040 6.835692857226248e-02 3.9e+00 1.61e+00  1e+00  2e+00 76:59.1
  174   2088 7.204498663581346e-02 3.9e+00 1.62e+00  1e+00  2e+00 78:49.0
  178   2136 4.696534215953075e-02 3.9e+00 1.64e+00  1e+00  2e+00 80:38.4
  182   2184 9.355531959383571e-02 4.1e+00 1.75e+00  1e+00  2e+00 82:28.4
  186   2232 7.621747544237159e-02 4.2e+00 1.84e+00  1e+00  2e+00 84:17.9
  190   2280 9.357471429342237e-02 4.3e+00 1.76e+00  1e+00  2e+00 86:07.4
  194   2328 1.168545740526551e-01 4.5e+00 1.79e+00  1e+00  2e+00 87:56.8
  198   2376 9.521892257080673e-02 4.6e+00 1.78e+00  1e+00  2e+00 89:46.4
  200   2400 1.333278484646856e-01 4.7e+00 1.68e+00  1e+00  2e+00 90:41.7
  204   2448 1.037835776276199e-01 4.8e+00 1.48e+00  9e-01  2e+00 92:31.1
  208   2496 5.548000503473490e-02 4.9e+00 1.48e+00  9e-01  2e+00 94:20.6
  212   2544 7.648949302481176e-02 5.1e+00 1.56e+00  1e+00  2e+00 96:10.4
  216   2592 6.913050011331848e-02 5.0e+00 1.61e+00  1e+00  2e+00 98:00.3
  220   2640 6.498109309090055e-02 5.0e+00 1.72e+00  1e+00  2e+00 99:50.2
  224   2688 1.023590904928548e-01 4.9e+00 1.95e+00  1e+00  2e+00 101:39.8
  228   2736 7.933285145334122e-02 4.9e+00 2.16e+00  1e+00  3e+00 103:29.6
  232   2784 1.126015139879891e-01 4.9e+00 2.14e+00  1e+00  3e+00 105:19.8
  236   2832 7.356751760236577e-02 5.0e+00 2.04e+00  1e+00  3e+00 107:09.3
  240   2880 9.085415800693236e-02 5.1e+00 2.11e+00  1e+00  3e+00 108:58.6
  244   2928 1.297734954244857e-01 5.0e+00 2.16e+00  1e+00  3e+00 110:48.2
  248   2976 1.043112611413615e-01 4.9e+00 1.98e+00  1e+00  2e+00 112:38.0
  252   3024 9.535341303696529e-02 4.9e+00 2.09e+00  1e+00  3e+00 114:27.4
  256   3072 9.510572513673456e-02 4.7e+00 2.37e+00  1e+00  3e+00 116:16.6
  260   3120 1.095656370673803e-01 4.7e+00 2.31e+00  1e+00  3e+00 118:06.4
  264   3168 1.625938040212876e-01 4.8e+00 2.33e+00  1e+00  3e+00 119:56.1
  268   3216 1.016382785771459e-01 5.0e+00 2.50e+00  1e+00  3e+00 121:45.8
  272   3264 9.255651762217068e-02 5.0e+00 2.70e+00  2e+00  3e+00 123:34.9
  277   3324 1.092772772931280e-01 5.1e+00 3.11e+00  2e+00  4e+00 125:51.8
  282   3384 8.816711828512516e-02 5.1e+00 3.00e+00  2e+00  4e+00 128:09.1
  287   3444 1.026213244657628e-01 5.1e+00 3.05e+00  2e+00  4e+00 130:25.5
  292   3504 1.110172847888888e-01 5.1e+00 3.29e+00  2e+00  4e+00 132:42.1
  297   3564 1.101802079706897e-01 5.1e+00 3.91e+00  2e+00  5e+00 134:59.4
  300   3600 7.557549774402367e-02 5.1e+00 3.95e+00  3e+00  5e+00 136:21.3
  305   3660 1.317176967403452e-01 5.1e+00 4.32e+00  3e+00  6e+00 138:39.1
  310   3720 1.344985505182965e-01 5.3e+00 4.47e+00  3e+00  6e+00 140:56.6
  315   3780 1.058278372293454e-01 5.6e+00 4.41e+00  3e+00  6e+00 143:13.7
  320   3840 9.781124804731650e-02 5.6e+00 4.16e+00  3e+00  5e+00 145:30.9
  325   3900 1.134029890771299e-01 5.7e+00 4.35e+00  3e+00  6e+00 147:48.5
  330   3960 1.551181644254649e-01 5.6e+00 3.83e+00  3e+00  5e+00 150:05.5
  335   4020 1.054652500694587e-01 5.6e+00 3.64e+00  2e+00  5e+00 152:22.7
  340   4080 1.156844982367069e-01 5.7e+00 3.41e+00  2e+00  4e+00 154:39.9
  345   4140 1.509781234135914e-01 6.2e+00 4.03e+00  3e+00  5e+00 156:57.0
  350   4200 1.376438943254090e-01 6.8e+00 4.87e+00  3e+00  7e+00 159:14.0
  355   4260 1.501789796449774e-01 6.8e+00 5.39e+00  4e+00  7e+00 161:31.6
  360   4320 1.044193163521856e-01 6.8e+00 5.02e+00  3e+00  7e+00 163:49.2
  365   4380 1.097932930270370e-01 6.5e+00 5.08e+00  3e+00  7e+00 166:06.5
  370   4440 1.194162877254662e-01 6.7e+00 4.87e+00  3e+00  6e+00 168:23.8
  375   4500 1.446969668731009e-01 6.9e+00 5.13e+00  3e+00  7e+00 170:40.6
  380   4560 1.023402096578323e-01 7.1e+00 4.20e+00  3e+00  6e+00 172:58.3
  385   4620 1.207444063412201e-01 7.0e+00 3.77e+00  2e+00  5e+00 175:15.2
  390   4680 9.631464239220146e-02 7.0e+00 3.08e+00  2e+00  4e+00 177:32.1
  395   4740 1.248396756067869e-01 7.1e+00 3.14e+00  2e+00  4e+00 179:48.8
  400   4800 1.194267210606815e-01 7.0e+00 3.26e+00  2e+00  4e+00 182:05.7
  405   4860 1.451867763627707e-01 6.8e+00 3.19e+00  2e+00  4e+00 184:23.2
  410   4920 1.013363670061926e-01 6.9e+00 3.10e+00  2e+00  4e+00 186:40.4
  416   4992 1.194590503235128e-01 6.9e+00 3.37e+00  2e+00  4e+00 189:24.8
  422   5064 1.450311072954744e-01 7.0e+00 3.54e+00  2e+00  4e+00 192:09.8
  428   5136 8.401394551367213e-02 7.0e+00 3.40e+00  2e+00  4e+00 194:54.4
  434   5208 1.189896111894572e-01 7.4e+00 4.00e+00  3e+00  5e+00 197:38.7
  440   5280 8.096300993880692e-02 7.3e+00 4.22e+00  3e+00  5e+00 200:24.0
  446   5352 1.565734954969892e-01 7.3e+00 4.29e+00  3e+00  5e+00 203:08.2
  452   5424 1.263558746741791e-01 7.2e+00 4.23e+00  3e+00  5e+00 205:52.7
  458   5496 1.182820060694766e-01 7.2e+00 4.02e+00  3e+00  5e+00 208:38.1
  464   5568 1.150872190959357e-01 7.4e+00 3.14e+00  2e+00  4e+00 211:22.4
  470   5640 1.013225874800598e-01 7.2e+00 2.75e+00  2e+00  3e+00 214:07.3
  476   5712 9.508694613980936e-02 7.3e+00 2.46e+00  2e+00  3e+00 216:51.9
  482   5784 1.386584836373402e-01 7.6e+00 2.20e+00  1e+00  3e+00 219:36.8
  488   5856 8.119843346522858e-02 7.6e+00 2.06e+00  1e+00  2e+00 222:21.6
  494   5928 1.264848035322249e-01 7.9e+00 1.87e+00  1e+00  2e+00 225:05.4
  500   6000 1.249831212089346e-01 7.9e+00 1.98e+00  1e+00  2e+00 227:50.0
  506   6072 8.662846173722379e-02 8.3e+00 1.96e+00  1e+00  2e+00 230:34.9
  512   6144 9.089819389901196e-02 8.4e+00 2.34e+00  1e+00  3e+00 233:19.4
  518   6216 1.246401587031268e-01 8.9e+00 2.64e+00  2e+00  3e+00 236:05.1
  524   6288 1.172005145621275e-01 9.0e+00 2.98e+00  2e+00  4e+00 238:49.7
  530   6360 1.252597903956744e-01 9.7e+00 2.85e+00  2e+00  4e+00 241:34.7
  536   6432 8.928339790547790e-02 9.7e+00 2.90e+00  2e+00  4e+00 244:19.3
  542   6504 1.572532124627166e-01 9.8e+00 2.70e+00  2e+00  3e+00 247:03.4
  548   6576 9.759058399729950e-02 9.9e+00 2.73e+00  2e+00  4e+00 249:48.5
  554   6648 1.490058477201005e-01 9.6e+00 3.08e+00  2e+00  4e+00 252:33.2
  560   6720 1.301369778204859e-01 9.5e+00 2.65e+00  2e+00  3e+00 255:17.7
  566   6792 1.043253467864778e-01 9.2e+00 2.41e+00  1e+00  3e+00 258:02.9
  572   6864 1.085406367246938e-01 9.1e+00 2.72e+00  2e+00  4e+00 260:47.4
  579   6948 9.170797609466631e-02 9.7e+00 3.11e+00  2e+00  4e+00 263:59.4
  586   7032 1.303582874445192e-01 1.0e+01 3.16e+00  2e+00  5e+00 267:12.2
  593   7116 9.130348541632896e-02 1.0e+01 2.76e+00  1e+00  4e+00 270:24.3
  600   7200 1.032088928540120e-01 1.1e+01 2.69e+00  1e+00  4e+00 273:36.4
  607   7284 1.232205618501593e-01 1.1e+01 2.83e+00  2e+00  4e+00 276:48.8
  614   7368 1.260349372095363e-01 1.1e+01 2.76e+00  1e+00  4e+00 280:00.4
  621   7452 1.174652909247262e-01 1.1e+01 2.64e+00  1e+00  4e+00 283:12.5
  628   7536 1.019630627092268e-01 1.1e+01 2.61e+00  1e+00  4e+00 286:24.4
  635   7620 1.073297184865622e-01 1.2e+01 2.46e+00  1e+00  4e+00 289:35.7
  642   7704 1.113186751515296e-01 1.2e+01 2.01e+00  1e+00  3e+00 292:47.9
  649   7788 1.337861342924466e-01 1.2e+01 1.68e+00  8e-01  2e+00 295:59.9
  656   7872 1.360557845976306e-01 1.2e+01 1.42e+00  7e-01  2e+00 299:12.0
  663   7956 1.283184922472219e-01 1.2e+01 1.35e+00  7e-01  2e+00 302:24.7
  670   8040 1.405005639302409e-01 1.2e+01 1.36e+00  7e-01  2e+00 305:36.3
  677   8124 1.068531675714015e-01 1.3e+01 1.46e+00  7e-01  2e+00 308:48.4
  684   8208 1.025822085956262e-01 1.2e+01 1.85e+00  9e-01  3e+00 312:01.1
  691   8292 1.077051831312430e-01 1.2e+01 2.10e+00  1e+00  3e+00 315:13.7
  698   8376 1.101472137303576e-01 1.2e+01 2.01e+00  9e-01  3e+00 318:25.6
  700   8400 1.306101922641238e-01 1.2e+01 1.98e+00  9e-01  3e+00 319:20.3
  707   8484 1.079719304059375e-01 1.3e+01 2.51e+00  1e+00  4e+00 322:33.5
  714   8568 1.440077639331040e-01 1.3e+01 2.99e+00  1e+00  4e+00 325:44.7
  721   8652 1.559546552521927e-01 1.3e+01 2.77e+00  1e+00  4e+00 328:56.4
  728   8736 9.759918152603309e-02 1.2e+01 3.10e+00  2e+00  4e+00 332:08.5
  735   8820 9.852246563315005e-02 1.2e+01 2.81e+00  1e+00  4e+00 335:20.9
  742   8904 1.441408457605871e-01 1.3e+01 2.78e+00  1e+00  4e+00 338:33.1
  749   8988 1.167411607197839e-01 1.3e+01 2.34e+00  1e+00  3e+00 341:44.7
  756   9072 1.419012417634318e-01 1.3e+01 2.16e+00  1e+00  3e+00 344:57.1
  763   9156 1.411598992508826e-01 1.3e+01 2.52e+00  1e+00  3e+00 348:09.8
  771   9252 1.156122890751981e-01 1.3e+01 2.57e+00  1e+00  3e+00 351:49.0
  779   9348 1.377306690054897e-01 1.3e+01 2.13e+00  1e+00  3e+00 355:27.8
  787   9444 1.135992730389261e-01 1.4e+01 1.81e+00  1e+00  2e+00 359:08.1
  795   9540 1.043470833760294e-01 1.4e+01 2.03e+00  1e+00  3e+00 362:47.7
  800   9600 1.169763659813016e-01 1.4e+01 2.52e+00  1e+00  3e+00 365:04.9
  808   9696 1.364236346937602e-01 1.4e+01 2.65e+00  1e+00  3e+00 368:44.2
  816   9792 1.568863934310829e-01 1.4e+01 2.11e+00  1e+00  3e+00 372:24.8
  824   9888 1.299985985091308e-01 1.4e+01 2.04e+00  1e+00  3e+00 376:05.6
  825   9900 1.560766188526442e-01 1.4e+01 1.97e+00  1e+00  3e+00 376:33.2
Budget constraint satisfied 75.28893280029297 252.6699981689453 Difference:  177.38106536865234
Budget constraint satisfied 0.0 252.6699981689453 Difference:  252.6699981689453
two_most_probable_states: ['0001000000', '0000000000']
final_expectation_value: 0.008339286623810602
params: [-2.5561685026542156, 1.6116266024666563, 2.796653350788228, -1.382667102959484, 2.605546554735925, 0.6687345398855028, 0.8214718429854988, 2.6419555730990365, -4.166701069970021, -0.3752300576844011, -11.164107119241079, -8.594760187601011, 3.438011887453465, 0.8053267146038126, 0.8798697835529423, 2.56360448408198, 6.982415563716234, 1.169552813778013, -2.150522998740138, -2.5479145382061357]
total_steps: 825
states_probs: [0.008910551010929288, 0.009014882651081517]
optimized_portfolios: [{'BA': 0, 'DIS': 0, 'NKE': 1, 'WBA': 0}, {'BA': 0, 'DIS': 0, 'NKE': 0, 'WBA': 0}]
objective_values: [-3.2239244622407646, -0.0]
result_with_budget: [{'portfolio': {'BA': 0, 'DIS': 0, 'NKE': 1, 'WBA': 0}, 'budget': 75.28893280029297, 'difference': 177.38106536865234}, {'portfolio': {'BA': 0, 'DIS': 0, 'NKE': 0, 'WBA': 0}, 'budget': 0.0, 'difference': 252.6699981689453}]
Processing experiment 205
Budget: 218.37515258789062
Expected returns: 0.1256806566788028
Covariance matrix: 0.4155283410159639
3rd-order coskewness tensor: 0.20309753131889113
4th-order cokurtosis tensor: 16.37097271545425
Number of qubits for asset BA: 1
Number of qubits for asset IBM: 1
Number of qubits for asset UNH: 1
Number of qubits for asset VZ: 3
Total number of qubits:  6
Optimized Weights (considering variance, skewness and kurtosis):
BA: 17.72%
IBM: 19.82%
UNH: 20.18%
VZ: 42.28%
Left over budget:  61.20027122609687
Optimized Discrete Allocation:
VZ: 4
Maximized utility from continuous higher moments:  -214.48714639863485
Budget constraint satisfied 218.37515258789062 218.37515258789062 Difference:  0.0
Budget constraint satisfied 216.29372024536133 218.37515258789062 Difference:  2.081432342529297
smallest_eigenvalues: [-0.05471938896540918]
smallest_bitstrings: ['010000']
first_excited_energy: -0.054703481997137315
optimized_portfolio: [{'BA': 0, 'IBM': 1, 'UNH': 0, 'VZ': 0}]
second_optimized_portfolio: [{'BA': 1, 'IBM': 0, 'UNH': 0, 'VZ': 1}]
result_with_budget: [{'portfolio': {'BA': 0, 'IBM': 1, 'UNH': 0, 'VZ': 0}, 'budget': 218.37515258789062, 'difference': 0.0, 'objective_value': -2.8394115634245374}]
result_with_budget_excited: [{'portfolio': {'BA': 1, 'IBM': 0, 'UNH': 0, 'VZ': 1}, 'budget': 216.29372024536133, 'difference': 2.081432342529297, 'objective_value': -7.432070176867494}]
Initial params:  [2.50543688 1.9453977  0.7208883  1.23295245 2.07940927 1.86563051
 1.5342596  2.08256836 1.10889562 0.5010415  2.49965826 0.89402036]
(5_w,11)-aCMA-ES (mu_w=3.4,w_1=42%) in dimension 12 (seed=263022, Mon Mar 17 01:09:10 2025)
Iterat #Fevals   function value  axis ratio  sigma  min&max std  t[m:s]
    1     11 1.893544585492702e-02 1.0e+00 1.34e+00  1e+00  1e+00 0:02.2
    2     22 8.148604510003582e-02 1.1e+00 1.27e+00  1e+00  1e+00 0:04.3
    3     33 -1.306428283366967e-02 1.2e+00 1.24e+00  1e+00  1e+00 0:06.5
    5     55 8.638250880812371e-03 1.3e+00 1.27e+00  1e+00  1e+00 0:10.9
    7     77 6.849899834562585e-02 1.5e+00 1.08e+00  1e+00  1e+00 0:15.3
   10    110 1.195317698715764e-02 1.6e+00 9.74e-01  9e-01  1e+00 0:21.8
   13    143 -6.440650578425878e-03 1.7e+00 9.34e-01  8e-01  1e+00 0:28.3
   17    187 2.637940967386193e-02 1.9e+00 1.00e+00  9e-01  1e+00 0:37.1
   21    231 1.276147648580600e-02 2.2e+00 8.59e-01  7e-01  1e+00 0:45.8
   26    286 2.931498055233113e-02 2.3e+00 1.09e+00  9e-01  1e+00 0:56.7
   31    341 4.627681290488338e-02 2.5e+00 1.17e+00  1e+00  1e+00 1:07.6
   37    407 6.876630565905265e-02 2.5e+00 1.34e+00  1e+00  2e+00 1:20.6
   43    473 3.512489188721806e-02 2.6e+00 1.54e+00  1e+00  2e+00 1:33.7
   49    539 2.016653852779372e-02 2.8e+00 1.34e+00  1e+00  2e+00 1:46.8
   56    616 3.290065286689566e-02 3.0e+00 1.50e+00  1e+00  2e+00 2:02.1
   63    693 2.560506464076832e-02 3.3e+00 1.65e+00  1e+00  2e+00 2:17.3
   71    781 4.723009556582581e-02 3.5e+00 1.60e+00  1e+00  2e+00 2:34.7
   79    869 8.268017803699819e-02 3.9e+00 1.61e+00  1e+00  2e+00 2:52.1
   88    968 8.870366738303664e-02 4.0e+00 9.08e-01  6e-01  1e+00 3:11.7
   97   1067 4.801114283677707e-02 4.1e+00 1.12e+00  7e-01  1e+00 3:31.1
  100   1100 -1.411946376545266e-02 4.1e+00 1.20e+00  9e-01  2e+00 3:37.4
  110   1210 2.994968069387931e-02 4.1e+00 1.60e+00  1e+00  2e+00 3:58.7
  121   1331 8.459476641010692e-02 4.6e+00 1.35e+00  1e+00  2e+00 4:22.3
  132   1452 -9.852145053417102e-03 4.6e+00 1.32e+00  9e-01  2e+00 4:45.8
  144   1584 2.673634520348217e-02 4.6e+00 1.55e+00  1e+00  2e+00 5:11.7
  156   1716 9.414915033328397e-02 5.2e+00 1.98e+00  1e+00  2e+00 5:37.5
  169   1859 1.194604662428237e-01 5.6e+00 1.71e+00  1e+00  2e+00 6:05.4
  182   2002 8.344214482669632e-02 7.6e+00 3.49e+00  3e+00  5e+00 6:33.2
  196   2156 1.175202186315261e-01 8.2e+00 2.96e+00  2e+00  4e+00 7:03.1
  200   2200 1.279382238437827e-01 8.3e+00 3.41e+00  2e+00  5e+00 7:11.8
  214   2354 1.158966545982129e-01 8.2e+00 3.44e+00  2e+00  5e+00 7:41.9
  229   2519 5.429114666055843e-02 8.3e+00 2.79e+00  2e+00  4e+00 8:14.2
  244   2684 9.003657966658933e-02 9.2e+00 2.41e+00  2e+00  4e+00 8:46.2
  260   2860 8.613598922589630e-02 9.3e+00 1.18e+00  7e-01  1e+00 9:20.7
  276   3036 2.197465229459369e-02 9.0e+00 1.44e+00  9e-01  2e+00 9:55.2
  293   3223 8.454334875490334e-02 1.1e+01 1.30e+00  9e-01  2e+00 10:31.6
  300   3300 6.906079099388407e-02 1.1e+01 1.08e+00  7e-01  1e+00 10:46.5
  318   3498 4.665438244226042e-02 1.2e+01 1.29e+00  8e-01  2e+00 11:25.1
  336   3696 1.172651697415321e-01 1.1e+01 1.12e+00  6e-01  1e+00 12:04.4
  355   3905 4.946277971864699e-02 1.3e+01 1.74e+00  8e-01  2e+00 12:44.9
  374   4114 3.627891952939059e-02 1.3e+01 1.05e+00  5e-01  1e+00 13:25.5
  394   4334 1.876498697791507e-02 1.2e+01 3.02e-01  1e-01  3e-01 14:08.6
  400   4400 -6.061197285197940e-04 1.2e+01 2.39e-01  9e-02  2e-01 14:21.4
  421   4631 -1.404681952097583e-02 1.0e+01 1.86e-01  5e-02  2e-01 15:06.1
  442   4862 -1.933697241578659e-02 9.1e+00 1.28e-01  3e-02  9e-02 15:51.2
  463   5093 -2.625259269457350e-02 1.0e+01 1.49e-01  3e-02  1e-01 16:36.4
  485   5335 -2.898780821785906e-02 9.3e+00 9.61e-02  1e-02  6e-02 17:23.4
  500   5500 -3.182673542550497e-02 1.2e+01 2.49e-01  3e-02  2e-01 17:55.7
  523   5753 -3.403773816041587e-02 1.3e+01 1.26e-01  1e-02  9e-02 18:44.8
  546   6006 -3.613956127892425e-02 1.7e+01 1.52e-01  1e-02  1e-01 19:34.1
  570   6270 -3.841708186024004e-02 2.1e+01 1.85e-01  1e-02  1e-01 20:26.1
  594   6534 -4.027329375009876e-02 4.3e+01 2.10e-01  1e-02  2e-01 21:17.3
  600   6600 -4.030043205744074e-02 4.0e+01 1.75e-01  1e-02  2e-01 21:30.1
  625   6875 -4.066351749720869e-02 3.9e+01 7.13e-02  3e-03  6e-02 22:24.3
  651   7161 -4.098220082671997e-02 4.1e+01 1.41e-01  6e-03  1e-01 23:19.7
  677   7447 -4.149464142661895e-02 3.9e+01 1.68e-01  6e-03  1e-01 24:15.5
  700   7700 -4.166080570490704e-02 5.1e+01 8.55e-02  3e-03  5e-02 25:04.5
  727   7997 -4.167944301132252e-02 6.1e+01 2.37e-02  6e-04  1e-02 26:02.3
  755   8305 -4.168494621786723e-02 6.2e+01 3.70e-02  7e-04  2e-02 27:02.3
  783   8613 -4.170654409419745e-02 6.5e+01 8.84e-02  2e-03  4e-02 28:02.1
  800   8800 -4.172498345060877e-02 7.9e+01 1.30e-01  3e-03  6e-02 28:38.7
  829   9119 -4.175329946220722e-02 1.5e+02 9.57e-02  2e-03  6e-02 29:40.6
  858   9438 -4.184758035494633e-02 1.5e+02 1.82e-01  3e-03  1e-01 30:42.9
  888   9768 -4.221970239296528e-02 2.2e+02 4.31e-01  5e-03  4e-01 31:46.9
  900   9900 -4.237178264138371e-02 2.4e+02 4.43e-01  5e-03  4e-01 32:12.6
  931  10241 -4.251289492532691e-02 2.0e+02 1.80e-01  2e-03  1e-01 33:19.2
  962  10582 -4.255230463461009e-02 2.0e+02 1.55e-01  1e-03  8e-02 34:25.6
  994  10934 -4.256455861151140e-02 2.1e+02 7.92e-02  5e-04  3e-02 35:34.1
 1000  11000 -4.256626364394584e-02 2.1e+02 8.50e-02  5e-04  3e-02 35:46.9
Budget constraint satisfied 157.1748809814453 218.37515258789062 Difference:  61.20027160644531
Budget constraint satisfied 117.88116073608398 218.37515258789062 Difference:  100.49399185180664
two_most_probable_states: ['000001', '000110']
final_expectation_value: -0.04256626364394584
params: [3.8709085929981324, -6.4822862289400955, -7.676136027104562, 5.191254459686726, 15.562263219053225, 4.871891999110007, -15.90092053001215, -10.504718631155805, -3.00924316605245, 13.709751791530824, 13.989272627315925, -4.838132448484105]
total_steps: 1000
states_probs: [0.08222339598954528, 0.08944347636735347]
optimized_portfolios: [{'BA': 0, 'IBM': 0, 'UNH': 0, 'VZ': 4}, {'BA': 0, 'IBM': 0, 'UNH': 0, 'VZ': 3}]
objective_values: [-214.48714639863485, -73.16887195035521]
result_with_budget: [{'portfolio': {'BA': 0, 'IBM': 0, 'UNH': 0, 'VZ': 4}, 'budget': 157.1748809814453, 'difference': 61.20027160644531}, {'portfolio': {'BA': 0, 'IBM': 0, 'UNH': 0, 'VZ': 3}, 'budget': 117.88116073608398, 'difference': 100.49399185180664}]
Processing experiment 206
Budget: 1372.2482376098633
Expected returns: 0.06418418983957372
Covariance matrix: 0.46240257003427837
3rd-order coskewness tensor: 0.3299276412369681
4th-order cokurtosis tensor: 11.309633374496828
Number of qubits for asset DIS: 4
Number of qubits for asset HD: 2
Number of qubits for asset TRV: 3
Number of qubits for asset V: 3
Total number of qubits:  12
Optimized Weights (considering variance, skewness and kurtosis):
DIS: 45.70%
HD: 5.53%
TRV: 18.89%
V: 29.88%
Left over budget:  148.73062803994753
Optimized Discrete Allocation:
DIS: 6
TRV: 1
V: 1
Maximized utility from continuous higher moments:  -2867.6235214058433
Budget constraint satisfied 1368.8137283325195 1372.2482376098633 Difference:  3.43450927734375
Budget constraint not satisfied 1373.3864974975586 1372.2482376098633 Difference:  -1.1382598876953125
smallest_eigenvalues: [-0.06666658657202609]
smallest_bitstrings: ['100010100010']
first_excited_energy: -0.06665779633663763
optimized_portfolio: [{'DIS': 1, 'HD': 1, 'TRV': 1, 'V': 2}]
second_optimized_portfolio: [{'DIS': 1, 'HD': 0, 'TRV': 0, 'V': 4}]
result_with_budget: [{'portfolio': {'DIS': 1, 'HD': 1, 'TRV': 1, 'V': 2}, 'budget': 1368.8137283325195, 'difference': 3.43450927734375, 'objective_value': -479.23850806355927}]
result_with_budget_excited: [{'portfolio': {'DIS': 1, 'HD': 0, 'TRV': 0, 'V': 4}, 'budget': 1373.3864974975586, 'difference': -1.1382598876953125, 'objective_value': -552.5552942260086}]
Initial params:  [0.54975106 0.05947536 1.4374296  1.90248396 1.38996608 1.60029495
 0.09194352 1.55672122 1.55660728 0.53740232 0.20718487 1.66880519
 0.138905   1.9457394  1.20638044 1.71403186 1.65960315 0.95234938
 2.54355695 0.7519569 ]
(6_w,12)-aCMA-ES (mu_w=3.7,w_1=40%) in dimension 20 (seed=250777, Mon Mar 17 01:46:10 2025)
Iterat #Fevals   function value  axis ratio  sigma  min&max std  t[m:s]
    1     12 -1.841053426653235e-02 1.0e+00 1.40e+00  1e+00  1e+00 1:02.1
    2     24 -2.922921212348656e-02 1.1e+00 1.35e+00  1e+00  1e+00 2:04.1
    3     36 -3.952547803319192e-02 1.1e+00 1.32e+00  1e+00  1e+00 3:06.3
    4     48 -3.297145350267849e-02 1.2e+00 1.29e+00  1e+00  1e+00 4:08.4
    5     60 -4.118431144757968e-02 1.2e+00 1.27e+00  1e+00  1e+00 5:10.4
    6     72 -4.106855560633386e-02 1.2e+00 1.27e+00  1e+00  1e+00 6:12.6
    7     84 -4.571622407533647e-02 1.3e+00 1.31e+00  1e+00  1e+00 7:15.0
    8     96 -3.974403932251654e-02 1.3e+00 1.30e+00  1e+00  1e+00 8:17.1
    9    108 8.669558997026476e-03 1.4e+00 1.27e+00  1e+00  1e+00 9:19.8
   10    120 -4.088359363962858e-02 1.4e+00 1.26e+00  1e+00  1e+00 10:21.7
   11    132 -3.858571584133122e-02 1.4e+00 1.21e+00  1e+00  1e+00 11:24.2
   12    144 5.553245972902681e-04 1.4e+00 1.19e+00  1e+00  1e+00 12:26.3
   13    156 -3.893508022005258e-02 1.4e+00 1.15e+00  1e+00  1e+00 13:29.1
   14    168 -3.536739396810054e-02 1.4e+00 1.14e+00  1e+00  1e+00 14:31.3
   15    180 -4.001937437850802e-02 1.4e+00 1.12e+00  1e+00  1e+00 15:34.0
   16    192 -1.812810919293383e-02 1.4e+00 1.13e+00  1e+00  1e+00 16:36.1
   17    204 -3.612538180795296e-02 1.4e+00 1.11e+00  1e+00  1e+00 17:38.4
   18    216 -4.401957131077916e-02 1.4e+00 1.05e+00  1e+00  1e+00 18:40.3
   19    228 -3.444703172911122e-02 1.5e+00 1.01e+00  9e-01  1e+00 19:42.9
   20    240 -3.178890794688470e-02 1.5e+00 1.00e+00  9e-01  1e+00 20:44.9
   21    252 -3.940130352749038e-02 1.5e+00 1.00e+00  9e-01  1e+00 21:47.3
   22    264 -4.747581130590734e-02 1.5e+00 1.01e+00  9e-01  1e+00 22:49.3
   23    276 -4.277859067984873e-02 1.5e+00 1.05e+00  1e+00  1e+00 23:51.9
   24    288 -3.011641479500220e-02 1.5e+00 1.10e+00  1e+00  1e+00 24:54.1
   25    300 -3.673487403428058e-02 1.6e+00 1.14e+00  1e+00  1e+00 25:56.0
   26    312 -2.911496621265898e-02 1.6e+00 1.17e+00  1e+00  1e+00 26:57.6
   27    324 -3.567125038630300e-02 1.6e+00 1.25e+00  1e+00  1e+00 27:59.6
   28    336 -2.083672917054411e-02 1.7e+00 1.32e+00  1e+00  1e+00 29:01.3
   29    348 -2.986206099880015e-02 1.7e+00 1.35e+00  1e+00  1e+00 30:03.7
   30    360 -3.777717778837394e-02 1.8e+00 1.38e+00  1e+00  2e+00 31:05.3
   31    372 -2.042519058180298e-02 1.8e+00 1.39e+00  1e+00  2e+00 32:07.4
   32    384 5.794696470156026e-03 1.9e+00 1.41e+00  1e+00  2e+00 33:09.0
   33    396 -3.383110896991700e-02 1.9e+00 1.38e+00  1e+00  2e+00 34:10.9
   34    408 -4.789966370114176e-02 2.0e+00 1.34e+00  1e+00  1e+00 35:12.7
   35    420 -9.733018293679705e-03 2.0e+00 1.32e+00  1e+00  1e+00 36:14.7
   36    432 -3.702650807256919e-02 2.1e+00 1.25e+00  1e+00  1e+00 37:16.5
   37    444 -4.485613380935004e-02 2.0e+00 1.25e+00  1e+00  1e+00 38:18.4
   38    456 -4.159782491426682e-02 2.0e+00 1.26e+00  1e+00  1e+00 39:20.1
   39    468 -4.240291244600639e-02 2.0e+00 1.23e+00  1e+00  1e+00 40:22.0
   40    480 9.740393869977677e-03 2.0e+00 1.24e+00  1e+00  1e+00 41:23.8
   41    492 -2.764204267163691e-02 2.0e+00 1.27e+00  1e+00  1e+00 42:25.6
   42    504 -3.506045491355739e-02 2.0e+00 1.24e+00  1e+00  1e+00 43:27.3
   43    516 -3.459441438071940e-02 2.0e+00 1.22e+00  1e+00  1e+00 44:29.2
   44    528 -4.009943166138269e-02 2.0e+00 1.19e+00  1e+00  1e+00 45:30.9
   45    540 -1.384500757610045e-02 2.0e+00 1.19e+00  1e+00  1e+00 46:33.1
   46    552 -4.715951369846803e-02 2.0e+00 1.21e+00  1e+00  1e+00 47:35.2
   47    564 5.410301582706879e-02 2.0e+00 1.24e+00  1e+00  1e+00 48:37.7
   48    576 -2.612446598971113e-02 2.1e+00 1.29e+00  1e+00  2e+00 49:39.5
   49    588 -4.594628058761965e-02 2.1e+00 1.34e+00  1e+00  2e+00 50:41.4
   50    600 -6.338467946104377e-03 2.2e+00 1.40e+00  1e+00  2e+00 51:43.4
   51    612 -1.663722523590439e-03 2.2e+00 1.46e+00  1e+00  2e+00 52:45.4
   52    624 -1.612651283509626e-02 2.2e+00 1.52e+00  1e+00  2e+00 53:47.0
   53    636 -9.111769803860166e-03 2.2e+00 1.58e+00  1e+00  2e+00 54:48.8
   54    648 4.202893894772969e-02 2.2e+00 1.62e+00  1e+00  2e+00 55:50.4
   55    660 -1.283824343398236e-02 2.2e+00 1.67e+00  1e+00  2e+00 56:52.6
   56    672 -1.039844444594682e-02 2.2e+00 1.72e+00  1e+00  2e+00 57:54.7
   57    684 -5.249498175842482e-04 2.2e+00 1.74e+00  2e+00  2e+00 58:56.8
   58    696 -4.182226973499923e-02 2.2e+00 1.74e+00  1e+00  2e+00 59:58.6
   59    708 -4.454789727735844e-02 2.3e+00 1.69e+00  1e+00  2e+00 61:00.7
   60    720 -2.412922312389153e-02 2.3e+00 1.68e+00  1e+00  2e+00 62:02.4
   61    732 -4.410134706023172e-02 2.3e+00 1.67e+00  1e+00  2e+00 63:04.8
   62    744 -6.582837934002559e-03 2.3e+00 1.73e+00  1e+00  2e+00 64:06.3
   63    756 -3.428909872455829e-02 2.3e+00 1.80e+00  2e+00  2e+00 65:08.4
   65    780 -1.744107775071289e-02 2.3e+00 1.86e+00  2e+00  2e+00 67:11.9
   67    804 -3.346026100915578e-02 2.3e+00 1.74e+00  1e+00  2e+00 69:15.8
   69    828 6.043105036868516e-02 2.3e+00 1.75e+00  1e+00  2e+00 71:19.6
   71    852 -3.880260621440774e-02 2.3e+00 1.72e+00  1e+00  2e+00 73:23.3
   73    876 -3.371542449214534e-02 2.4e+00 1.67e+00  1e+00  2e+00 75:26.2
   75    900 -2.124895925527219e-02 2.4e+00 1.69e+00  1e+00  2e+00 77:29.7
   77    924 -2.922638582555706e-02 2.4e+00 1.61e+00  1e+00  2e+00 79:33.5
   79    948 -3.921041966750235e-02 2.4e+00 1.57e+00  1e+00  2e+00 81:37.0
   81    972 -1.641031847102441e-02 2.4e+00 1.52e+00  1e+00  2e+00 83:40.8
   83    996 3.209896692996062e-02 2.4e+00 1.43e+00  1e+00  2e+00 85:44.3
   85   1020 5.397581440687017e-02 2.4e+00 1.29e+00  1e+00  2e+00 87:48.1
   87   1044 -2.977336869996798e-02 2.4e+00 1.30e+00  1e+00  2e+00 89:51.9
   89   1068 -3.480293668349738e-02 2.5e+00 1.42e+00  1e+00  2e+00 91:55.8
   91   1092 7.246527701767261e-03 2.5e+00 1.46e+00  1e+00  2e+00 93:59.5
   93   1116 -2.410039851379771e-02 2.5e+00 1.40e+00  1e+00  2e+00 96:03.1
   95   1140 -2.895016565006611e-02 2.6e+00 1.43e+00  1e+00  2e+00 98:06.7
   97   1164 -4.203546194351421e-02 2.6e+00 1.42e+00  1e+00  2e+00 100:10.9
   99   1188 -2.193565805988889e-02 2.6e+00 1.42e+00  1e+00  2e+00 102:14.6
  100   1200 -2.354165714834872e-02 2.6e+00 1.41e+00  1e+00  2e+00 103:16.6
  102   1224 -4.856790748592593e-02 2.6e+00 1.43e+00  1e+00  2e+00 105:20.8
  104   1248 -3.300785878467020e-02 2.6e+00 1.43e+00  1e+00  2e+00 107:24.5
  106   1272 -6.794389190472681e-03 2.7e+00 1.47e+00  1e+00  2e+00 109:28.0
  108   1296 -4.047285110974143e-02 2.8e+00 1.47e+00  1e+00  2e+00 111:32.0
  110   1320 -1.976878683633366e-02 2.8e+00 1.38e+00  1e+00  2e+00 113:35.9
  112   1344 -3.328098002903711e-02 2.7e+00 1.36e+00  1e+00  2e+00 115:39.4
  114   1368 -3.143982856449493e-02 2.8e+00 1.30e+00  1e+00  2e+00 117:43.0
  116   1392 -2.844334184427938e-02 2.8e+00 1.22e+00  1e+00  2e+00 119:46.4
  118   1416 4.890510159553760e-02 2.8e+00 1.17e+00  1e+00  1e+00 121:50.0
  120   1440 1.984748967926103e-02 2.8e+00 1.21e+00  1e+00  2e+00 123:53.1
  122   1464 -3.039405721189590e-02 2.8e+00 1.21e+00  1e+00  2e+00 125:57.1
  124   1488 -1.328510729964141e-02 2.9e+00 1.16e+00  1e+00  1e+00 128:00.7
  126   1512 -1.186791096649001e-02 2.8e+00 1.15e+00  1e+00  1e+00 130:04.8
  128   1536 6.780637589866052e-02 2.9e+00 1.08e+00  9e-01  1e+00 132:08.6
  130   1560 -4.476126659749241e-02 2.8e+00 1.06e+00  9e-01  1e+00 134:12.5
  132   1584 6.806702891646059e-03 2.9e+00 1.05e+00  9e-01  1e+00 136:16.3
  134   1608 -6.767327526378984e-03 2.9e+00 1.07e+00  9e-01  1e+00 138:19.9
  136   1632 -1.488781986163593e-03 2.9e+00 1.13e+00  9e-01  1e+00 140:23.7
  138   1656 -2.386275200230122e-02 2.9e+00 1.12e+00  9e-01  1e+00 142:28.0
  140   1680 2.201830014301696e-02 2.9e+00 1.13e+00  9e-01  1e+00 144:32.5
  142   1704 -1.928447728964294e-02 2.9e+00 1.07e+00  9e-01  1e+00 146:36.6
  144   1728 -5.114739507537188e-03 3.0e+00 1.10e+00  9e-01  1e+00 148:40.7
  146   1752 -1.277620547389155e-02 2.9e+00 1.18e+00  1e+00  1e+00 150:44.6
  148   1776 -2.274418410272386e-02 2.9e+00 1.26e+00  1e+00  2e+00 152:48.6
  150   1800 -3.189762637819674e-02 2.9e+00 1.36e+00  1e+00  2e+00 154:52.5
  152   1824 -3.529098132674745e-02 2.9e+00 1.38e+00  1e+00  2e+00 156:56.2
  154   1848 -1.987205872133068e-02 3.0e+00 1.36e+00  1e+00  2e+00 159:00.1
  156   1872 1.688603630018658e-02 3.0e+00 1.32e+00  1e+00  2e+00 161:04.0
  158   1896 1.385673724162203e-04 3.0e+00 1.33e+00  1e+00  2e+00 163:07.8
  160   1920 -4.073815665182288e-02 3.0e+00 1.39e+00  1e+00  2e+00 165:11.6
  162   1944 2.291761304523312e-02 3.0e+00 1.48e+00  1e+00  2e+00 167:15.9
  164   1968 1.120368638796778e-03 3.0e+00 1.52e+00  1e+00  2e+00 169:20.0
  166   1992 5.955349214431992e-03 3.1e+00 1.58e+00  1e+00  2e+00 171:24.1
  168   2016 -4.113020709228897e-02 3.2e+00 1.64e+00  1e+00  2e+00 173:28.6
  170   2040 -1.601806965437179e-02 3.2e+00 1.66e+00  1e+00  2e+00 175:32.7
  172   2064 3.243547150255594e-03 3.2e+00 1.75e+00  1e+00  2e+00 177:36.4
  174   2088 7.820074120631442e-03 3.2e+00 1.86e+00  2e+00  2e+00 179:40.2
  176   2112 -4.805752357299308e-03 3.2e+00 1.77e+00  1e+00  2e+00 181:43.8
  178   2136 5.663940681351690e-02 3.3e+00 1.81e+00  1e+00  2e+00 183:48.3
  180   2160 -3.910478863845358e-02 3.4e+00 1.76e+00  1e+00  2e+00 185:52.4
  182   2184 1.542660238825006e-02 3.4e+00 1.75e+00  1e+00  2e+00 187:56.5
  184   2208 2.975343261649069e-03 3.3e+00 1.78e+00  1e+00  2e+00 190:00.3
  186   2232 1.273512034653237e-02 3.3e+00 1.78e+00  1e+00  2e+00 192:04.5
  189   2268 6.036305784772879e-02 3.3e+00 1.81e+00  1e+00  2e+00 195:11.2
  192   2304 5.701312124598935e-02 3.4e+00 1.79e+00  1e+00  2e+00 198:17.2
  195   2340 -2.725418558769981e-02 3.4e+00 1.81e+00  1e+00  2e+00 201:22.7
  198   2376 2.468918883883361e-02 3.5e+00 1.84e+00  1e+00  2e+00 204:28.4
  200   2400 3.375619691415427e-03 3.5e+00 1.81e+00  1e+00  2e+00 206:31.9
  203   2436 -6.900055225102956e-04 3.7e+00 1.88e+00  1e+00  2e+00 209:38.5
  206   2472 6.001369816106775e-02 3.8e+00 1.90e+00  1e+00  3e+00 212:44.3
  209   2508 -3.280137256127755e-02 3.9e+00 1.98e+00  2e+00  3e+00 215:50.5
  212   2544 5.887950879921653e-02 3.9e+00 2.02e+00  2e+00  3e+00 218:56.6
  215   2580 2.809675500187283e-02 3.9e+00 2.12e+00  2e+00  3e+00 222:01.9
  218   2616 -9.249536892565080e-03 4.0e+00 2.01e+00  2e+00  3e+00 225:07.5
  221   2652 3.596235150463737e-02 4.0e+00 1.77e+00  1e+00  2e+00 228:14.0
  224   2688 2.417772529225826e-02 4.0e+00 1.71e+00  1e+00  2e+00 231:20.2
  227   2724 3.746864420803427e-02 3.9e+00 1.63e+00  1e+00  2e+00 234:26.2
  230   2760 6.229086848209480e-02 3.9e+00 1.68e+00  1e+00  2e+00 237:32.3
  233   2796 7.866240019660965e-04 3.9e+00 1.56e+00  1e+00  2e+00 240:38.5
  236   2832 3.299937581883178e-02 3.8e+00 1.49e+00  1e+00  2e+00 243:44.6
  239   2868 4.205211815647179e-02 3.8e+00 1.60e+00  1e+00  2e+00 246:51.1
  242   2904 -1.403179637380922e-03 3.8e+00 1.62e+00  1e+00  2e+00 249:58.1
  245   2940 3.110980273847008e-02 3.8e+00 1.68e+00  1e+00  2e+00 253:04.4
  248   2976 2.727696042375826e-02 3.8e+00 1.70e+00  1e+00  2e+00 256:10.9
  251   3012 6.673356208817958e-02 3.9e+00 1.69e+00  1e+00  2e+00 259:17.4
  254   3048 2.941518695037314e-03 3.9e+00 1.44e+00  1e+00  2e+00 262:23.4
  257   3084 5.197328066078385e-02 3.8e+00 1.49e+00  1e+00  2e+00 265:29.6
  260   3120 7.517031132200906e-02 3.9e+00 1.40e+00  1e+00  2e+00 268:35.8
  263   3156 7.027328105748876e-02 3.9e+00 1.26e+00  1e+00  2e+00 271:42.5
  266   3192 -1.743082307094414e-02 3.9e+00 1.30e+00  1e+00  2e+00 274:48.6
  269   3228 -1.590114558633990e-02 3.9e+00 1.42e+00  1e+00  2e+00 277:55.1
  272   3264 4.991703457928776e-02 3.9e+00 1.33e+00  1e+00  2e+00 280:58.3
  275   3300 -1.368315117164983e-02 4.1e+00 1.35e+00  1e+00  2e+00 284:01.5
  278   3336 9.235773488747022e-02 4.3e+00 1.25e+00  1e+00  2e+00 287:04.6
  281   3372 4.130658218824368e-02 4.3e+00 1.14e+00  9e-01  1e+00 290:07.7
  284   3408 2.624812425638619e-02 4.2e+00 1.08e+00  8e-01  1e+00 293:11.5
  287   3444 2.718192804917188e-02 4.2e+00 1.04e+00  8e-01  1e+00 296:14.9
  290   3480 1.948250848542212e-02 4.2e+00 9.70e-01  7e-01  1e+00 299:18.0
  293   3516 4.637373462376248e-02 4.2e+00 1.07e+00  8e-01  1e+00 302:20.9
  296   3552 2.842719045323244e-02 4.3e+00 1.08e+00  8e-01  1e+00 305:23.8
  299   3588 4.215585143671535e-03 4.4e+00 9.89e-01  7e-01  1e+00 308:26.7
  300   3600 4.216923223347419e-02 4.4e+00 9.93e-01  7e-01  1e+00 309:27.6
  303   3636 5.114040505687849e-02 4.4e+00 9.80e-01  7e-01  1e+00 312:31.0
  306   3672 1.234722271792953e-02 4.5e+00 9.09e-01  7e-01  1e+00 315:34.1
  309   3708 9.618149118988438e-03 4.6e+00 8.27e-01  6e-01  1e+00 318:37.6
  312   3744 3.139692001173998e-02 4.7e+00 8.42e-01  6e-01  1e+00 321:40.7
  315   3780 2.766617662243760e-02 4.7e+00 7.69e-01  6e-01  1e+00 324:43.6
  318   3816 -8.211013053634085e-03 4.9e+00 6.87e-01  5e-01  9e-01 327:46.9
  321   3852 1.910456121580078e-02 4.8e+00 6.49e-01  5e-01  8e-01 330:49.7
  324   3888 -1.356876271499642e-02 5.0e+00 6.85e-01  5e-01  8e-01 333:52.8
  327   3924 -9.645728410781932e-03 4.9e+00 7.11e-01  5e-01  9e-01 336:56.1
  330   3960 -1.598053970036923e-02 4.8e+00 7.25e-01  5e-01  9e-01 339:59.1
  333   3996 6.330333322253517e-03 5.1e+00 7.78e-01  6e-01  1e+00 343:02.0
  336   4032 3.018000877987417e-02 5.2e+00 8.08e-01  6e-01  1e+00 346:05.3
  339   4068 -4.601909365717713e-03 5.4e+00 8.47e-01  6e-01  1e+00 349:08.1
  342   4104 2.685541985394065e-02 5.4e+00 8.73e-01  6e-01  1e+00 352:11.8
  345   4140 3.762473918372926e-02 5.5e+00 8.53e-01  6e-01  1e+00 355:15.1
  348   4176 6.105920091495625e-02 5.5e+00 7.44e-01  5e-01  9e-01 358:18.9
  351   4212 1.570829980769174e-02 5.5e+00 7.15e-01  5e-01  9e-01 361:22.4
  354   4248 -2.568773404459700e-03 5.5e+00 7.84e-01  5e-01  1e+00 364:25.4
  357   4284 1.090087277847408e-01 5.5e+00 8.68e-01  6e-01  1e+00 367:28.4
  361   4332 4.610143074005136e-02 5.9e+00 1.13e+00  7e-01  1e+00 371:32.2
  365   4380 6.035275832360119e-02 5.9e+00 1.46e+00  1e+00  2e+00 375:36.1
  369   4428 1.615188259287506e-02 6.1e+00 1.74e+00  1e+00  2e+00 379:40.5
  373   4476 5.474236449634270e-02 6.3e+00 1.96e+00  1e+00  2e+00 383:44.3
  377   4524 7.999555504447681e-02 6.4e+00 2.32e+00  2e+00  3e+00 387:48.5
  381   4572 7.663876706214244e-02 6.4e+00 2.45e+00  2e+00  3e+00 391:52.6
  385   4620 2.893977979737046e-02 6.3e+00 2.36e+00  2e+00  3e+00 395:56.7
  389   4668 2.434423735372124e-02 6.4e+00 2.33e+00  1e+00  3e+00 400:00.5
  393   4716 -2.899272933433913e-02 6.3e+00 2.39e+00  2e+00  3e+00 404:04.4
  397   4764 7.207508970485819e-03 6.3e+00 2.40e+00  2e+00  3e+00 408:08.5
  400   4800 6.846475352675396e-02 6.3e+00 2.41e+00  2e+00  3e+00 411:11.4
  404   4848 2.394556516071413e-02 6.4e+00 2.52e+00  2e+00  3e+00 415:15.8
  408   4896 1.045953417550739e-01 6.6e+00 2.50e+00  2e+00  3e+00 419:19.8
  412   4944 -1.859448311738056e-02 6.9e+00 2.28e+00  1e+00  3e+00 423:23.7
  416   4992 6.050167022453247e-02 6.8e+00 2.14e+00  1e+00  3e+00 427:27.6
  420   5040 9.776857987548118e-02 6.8e+00 2.11e+00  1e+00  3e+00 431:31.8
  424   5088 -3.056551030231090e-02 7.0e+00 2.15e+00  1e+00  3e+00 435:35.9
  428   5136 8.310132361592880e-03 7.3e+00 1.86e+00  1e+00  2e+00 439:39.9
  432   5184 3.789948161923985e-02 7.3e+00 1.63e+00  1e+00  2e+00 443:44.0
  436   5232 2.894220725790347e-02 7.3e+00 1.65e+00  1e+00  2e+00 447:47.7
  440   5280 2.590008658820932e-03 7.3e+00 1.63e+00  1e+00  2e+00 451:52.0
  444   5328 5.992435197666463e-02 7.5e+00 1.69e+00  1e+00  2e+00 455:55.7
  448   5376 2.483635403304938e-02 7.5e+00 1.54e+00  1e+00  2e+00 459:59.8
  452   5424 1.888598789659633e-02 7.9e+00 1.40e+00  9e-01  2e+00 464:03.4
  456   5472 6.712880890977736e-02 7.8e+00 1.55e+00  1e+00  2e+00 468:07.3
  460   5520 1.472959848637598e-02 7.8e+00 1.62e+00  1e+00  2e+00 472:11.0
  464   5568 8.612626565682623e-02 8.0e+00 1.64e+00  1e+00  2e+00 476:16.2
  468   5616 7.165527816628763e-02 7.9e+00 1.83e+00  1e+00  2e+00 480:21.9
  472   5664 5.733566070576923e-02 7.8e+00 1.63e+00  1e+00  2e+00 484:27.2
  476   5712 3.840452104162403e-02 7.7e+00 1.48e+00  1e+00  2e+00 488:32.2
  480   5760 6.416496911562054e-02 7.8e+00 1.52e+00  1e+00  2e+00 492:37.5
  484   5808 5.204346969569301e-02 7.9e+00 1.60e+00  1e+00  2e+00 496:43.8
  488   5856 1.418528486515220e-02 8.0e+00 1.76e+00  1e+00  2e+00 500:49.2
  492   5904 9.923231144413522e-02 8.1e+00 1.85e+00  1e+00  2e+00 504:54.2
  496   5952 -9.670645459179157e-03 7.8e+00 1.78e+00  1e+00  2e+00 508:59.2
  500   6000 6.025040896749598e-02 8.2e+00 1.92e+00  1e+00  3e+00 513:04.9
  504   6048 4.528306091259170e-02 8.1e+00 1.85e+00  1e+00  2e+00 517:10.9
  508   6096 5.848861337064700e-02 8.1e+00 1.72e+00  1e+00  2e+00 521:17.0
  512   6144 5.622607446452760e-02 8.2e+00 1.41e+00  9e-01  2e+00 525:22.3
  516   6192 3.436216081028380e-02 8.2e+00 1.22e+00  8e-01  2e+00 529:27.4
  520   6240 6.760204986261163e-02 8.1e+00 1.17e+00  7e-01  2e+00 533:32.9
  524   6288 5.862900978807385e-02 8.0e+00 1.01e+00  6e-01  1e+00 537:38.8
  528   6336 1.239521178814394e-02 8.0e+00 9.54e-01  6e-01  1e+00 541:44.9
  532   6384 7.699356098006664e-02 8.1e+00 9.91e-01  6e-01  1e+00 545:50.5
  536   6432 6.720364149194117e-03 8.1e+00 1.03e+00  6e-01  1e+00 549:54.6
  540   6480 9.302481335048532e-02 8.1e+00 9.94e-01  6e-01  1e+00 553:59.6
  544   6528 -2.581470687597821e-02 8.2e+00 9.05e-01  6e-01  1e+00 558:05.3
  548   6576 3.394211190504003e-02 8.2e+00 8.64e-01  5e-01  1e+00 562:10.1
  552   6624 -1.486945612454966e-02 8.2e+00 9.42e-01  6e-01  1e+00 566:14.4
  556   6672 6.771168640934787e-02 8.3e+00 9.18e-01  6e-01  1e+00 570:19.2
  560   6720 4.809972847368146e-02 8.4e+00 9.02e-01  5e-01  1e+00 574:24.1
  564   6768 9.148524038518348e-02 8.3e+00 9.82e-01  6e-01  1e+00 578:29.2
