Running job array 37 on pe45.int.triton.aalto.fi
Starting at Sun Mar 16 11:20:29 EET 2025
Activating virtual environment at /scratch/work/uotilav2/quantum-portfolio/venv
Processing batch 38/40: experiments 412 to 422 (total 11)
Processing experiment 412
Budget: 336.2238426208496
YF.download() has changed argument auto_adjust default to True
Expected returns: 0.1162632872726584
Covariance matrix: 0.312195588247215
3rd-order coskewness tensor: 0.6568635840930513
4th-order cokurtosis tensor: 8.0132622710834
Number of qubits for asset AMGN: 1
Number of qubits for asset AXP: 1
Number of qubits for asset CAT: 1
Number of qubits for asset CSCO: 3
Number of qubits for asset DOW: 4
Number of qubits for asset HD: 1
Number of qubits for asset TRV: 1
Number of qubits for asset WMT: 2
Total number of qubits:  14
Optimized Weights (considering variance, skewness and kurtosis):
AMGN: 22.20%
AXP: 12.78%
CAT: 31.86%
CSCO: 0.00%
DOW: 0.00%
HD: 0.00%
TRV: 5.48%
WMT: 27.68%
Left over budget:  5.965350374716422
Optimized Discrete Allocation:
TRV: 1
WMT: 1
Maximized utility from continuous higher moments:  -16.41467241189534
Job finished at Sun Mar 16 11:21:30 EET 2025
