Running job array 45 on milan28.int.triton.aalto.fi
Starting at Sat Mar 22 10:19:10 EET 2025
Activating virtual environment at /scratch/work/uotilav2/quantum-portfolio/venv
Processing batch 46/100: experiments 45 to 45 (total 1)
Processing experiment 45
Budget: 3633
YF.download() has changed argument auto_adjust default to True
Number of qubits for asset MCD: 4
Number of qubits for asset V: 4
Number of qubits for asset VZ: 7
Total number of qubits:  15
Optimized Weights (considering variance, skewness and kurtosis):
MCD: 0.00%
V: 100.00%
VZ: 0.00%
Left over budget:  83.81218361110268
Optimized Discrete Allocation:
V: 11
VZ: 2
Maximized utility from continuous higher moments:  -658.924953214561
Budget constraint satisfied 3627.7752532958984 3633 Difference:  5.2247467041015625
smallest_eigenvalues: [-0.13763521257629233]
smallest_bitstrings: ['000011010010000']
first_excited_energy: None
optimized_portfolio: [{'MCD': 0, 'V': 11, 'VZ': 4}]
second_optimized_portfolio: None
result_with_budget: [{'portfolio': {'MCD': 0, 'V': 11, 'VZ': 4}, 'budget': 3627.7752532958984, 'difference': 5.2247467041015625, 'objective_value': -732.3028993242164}]
result_with_budget_excited: None
Initial params:  [2.51063067 1.44978017 2.45210473 0.37157007 2.01037118 0.45035763
 2.96776493 1.63943485 1.3026989  0.83112597 2.43232687 1.43303853
 1.78578792 0.0590299  1.94035914 1.92295543 1.93815531 2.96487203
 2.14200164 1.12942738]
(6_w,12)-aCMA-ES (mu_w=3.7,w_1=40%) in dimension 20 (seed=792789, Sat Mar 22 11:21:38 2025)
Iterat #Fevals   function value  axis ratio  sigma  min&max std  t[m:s]
    1     12 -7.261898168856659e-02 1.0e+00 9.37e-02  9e-02  9e-02 3:57.5
    2     24 -9.280493936881748e-02 1.1e+00 9.22e-02  9e-02  9e-02 7:35.3
    3     36 -9.008993996829544e-02 1.2e+00 9.07e-02  9e-02  9e-02 11:00.3
    4     48 -9.335213713152921e-02 1.2e+00 9.24e-02  9e-02  9e-02 14:14.4
    5     60 -1.032155622057011e-01 1.2e+00 9.13e-02  9e-02  9e-02 17:27.7
    6     72 -1.026916397657694e-01 1.3e+00 9.26e-02  9e-02  9e-02 20:40.4
    7     84 -1.000416491682261e-01 1.3e+00 9.30e-02  9e-02  1e-01 23:51.9
    8     96 -9.687975129833973e-02 1.3e+00 9.48e-02  9e-02  1e-01 27:02.5
    9    108 -1.021766272728493e-01 1.3e+00 9.83e-02  9e-02  1e-01 30:15.9
   10    120 -1.064445968540635e-01 1.4e+00 1.01e-01  1e-01  1e-01 33:29.0
   11    132 -1.057654100842568e-01 1.4e+00 9.81e-02  9e-02  1e-01 36:41.9
   12    144 -1.008703492567401e-01 1.4e+00 9.40e-02  9e-02  1e-01 39:52.9
   13    156 -1.047408486964624e-01 1.5e+00 9.06e-02  9e-02  9e-02 43:05.2
   14    168 -1.044081619216118e-01 1.5e+00 8.71e-02  8e-02  9e-02 46:17.4
   15    180 -1.049857437423874e-01 1.5e+00 8.35e-02  8e-02  9e-02 49:27.8
   16    192 -1.072710093455393e-01 1.5e+00 8.22e-02  8e-02  8e-02 52:36.6
   17    204 -1.071605771687094e-01 1.5e+00 8.13e-02  8e-02  9e-02 55:45.8
   18    216 -1.031630253276236e-01 1.5e+00 7.92e-02  7e-02  8e-02 58:53.3
   19    228 -1.066672428659730e-01 1.5e+00 7.79e-02  7e-02  8e-02 61:56.0
   20    240 -1.075503420641487e-01 1.5e+00 7.67e-02  7e-02  8e-02 64:57.2
   21    252 -1.064726253610703e-01 1.6e+00 7.54e-02  7e-02  8e-02 68:00.9
   22    264 -1.079197205126963e-01 1.6e+00 7.27e-02  7e-02  8e-02 71:03.4
   23    276 -1.084062778708824e-01 1.6e+00 7.25e-02  7e-02  8e-02 74:05.6
   24    288 -1.092837678170629e-01 1.6e+00 7.21e-02  7e-02  8e-02 77:07.6
   25    300 -1.103432867102964e-01 1.6e+00 7.10e-02  6e-02  7e-02 80:09.9
   26    312 -1.080406504145367e-01 1.6e+00 6.97e-02  6e-02  7e-02 83:12.3
   27    324 -1.102325084227724e-01 1.6e+00 6.97e-02  6e-02  7e-02 86:15.2
   28    336 -1.115396959081014e-01 1.6e+00 6.95e-02  6e-02  7e-02 89:18.4
   29    348 -1.109670479599185e-01 1.7e+00 6.94e-02  6e-02  7e-02 92:18.0
   30    360 -1.101007348880408e-01 1.7e+00 6.68e-02  6e-02  7e-02 95:21.4
   31    372 -1.115707287188579e-01 1.7e+00 6.62e-02  6e-02  7e-02 98:32.7
   32    384 -1.128369655483053e-01 1.7e+00 6.83e-02  6e-02  7e-02 101:42.8
   33    396 -1.131798019464063e-01 1.7e+00 6.69e-02  6e-02  7e-02 104:52.9
   34    408 -1.134285024782444e-01 1.8e+00 6.51e-02  6e-02  7e-02 108:02.1
   35    420 -1.145018540026873e-01 1.9e+00 6.36e-02  5e-02  7e-02 111:13.4
   36    432 -1.145652144408968e-01 1.9e+00 6.04e-02  5e-02  6e-02 114:24.7
   37    444 -1.150131513185087e-01 1.9e+00 5.90e-02  5e-02  6e-02 117:35.4
   38    456 -1.150231307698606e-01 2.0e+00 5.71e-02  5e-02  6e-02 120:46.9
   39    468 -1.152011480185462e-01 1.9e+00 5.63e-02  5e-02  6e-02 123:58.6
   40    480 -1.161787796412786e-01 2.0e+00 5.65e-02  5e-02  6e-02 127:10.2
   41    492 -1.159298516176464e-01 2.0e+00 5.77e-02  5e-02  6e-02 130:21.8
   42    504 -1.162819739826159e-01 2.1e+00 6.11e-02  5e-02  6e-02 133:32.8
   43    516 -1.163421222779804e-01 2.2e+00 6.46e-02  5e-02  7e-02 136:43.5
   44    528 -1.148913969476829e-01 2.3e+00 6.75e-02  6e-02  7e-02 139:55.1
   45    540 -1.171997964679646e-01 2.4e+00 7.01e-02  6e-02  7e-02 143:05.4
   46    552 -1.183139810490933e-01 2.4e+00 7.24e-02  6e-02  8e-02 146:15.0
   47    564 -1.174641342949560e-01 2.5e+00 7.15e-02  6e-02  8e-02 149:23.5
   48    576 -1.172552490837104e-01 2.5e+00 7.11e-02  6e-02  8e-02 152:34.8
   49    588 -1.179740365279835e-01 2.5e+00 7.13e-02  6e-02  8e-02 155:46.5
   50    600 -1.178063422562635e-01 2.5e+00 6.96e-02  6e-02  8e-02 158:58.0
   51    612 -1.174447347447352e-01 2.6e+00 6.73e-02  5e-02  7e-02 162:09.3
   52    624 -1.185350295721852e-01 2.6e+00 6.67e-02  5e-02  7e-02 165:24.9
   53    636 -1.186917330101205e-01 2.6e+00 6.64e-02  5e-02  7e-02 168:40.4
   54    648 -1.196892122511267e-01 2.6e+00 6.49e-02  5e-02  7e-02 171:56.3
   55    660 -1.195975969730578e-01 2.7e+00 6.75e-02  5e-02  7e-02 175:12.7
   56    672 -1.189680110674710e-01 2.7e+00 6.96e-02  6e-02  8e-02 178:29.0
   57    684 -1.195743557233432e-01 2.8e+00 7.12e-02  6e-02  8e-02 181:44.8
   58    696 -1.188923059735841e-01 2.8e+00 6.99e-02  6e-02  8e-02 184:59.1
   59    708 -1.197231353900699e-01 2.8e+00 6.97e-02  6e-02  8e-02 188:15.2
   60    720 -1.191582534910390e-01 2.9e+00 7.04e-02  6e-02  8e-02 191:29.1
   61    732 -1.185841028383545e-01 3.0e+00 7.14e-02  6e-02  8e-02 194:45.3
   62    744 -1.183262657240768e-01 3.1e+00 7.10e-02  6e-02  8e-02 197:54.4
   63    756 -1.190787241028265e-01 3.1e+00 6.94e-02  6e-02  8e-02 200:58.6
   64    768 -1.193710458829569e-01 3.2e+00 6.75e-02  5e-02  8e-02 204:03.4
   65    780 -1.196205674472144e-01 3.2e+00 6.75e-02  5e-02  8e-02 207:08.7
   66    792 -1.183577309572843e-01 3.2e+00 6.57e-02  5e-02  7e-02 210:15.8
   67    804 -1.194589688880951e-01 3.2e+00 6.48e-02  5e-02  7e-02 213:22.5
   68    816 -1.195982445054090e-01 3.2e+00 6.14e-02  5e-02  7e-02 216:29.8
   69    828 -1.196952485210330e-01 3.3e+00 5.83e-02  5e-02  6e-02 219:37.4
   70    840 -1.190869546629536e-01 3.3e+00 5.54e-02  4e-02  6e-02 222:44.9
   71    852 -1.190789621387103e-01 3.4e+00 5.19e-02  4e-02  6e-02 225:50.5
   72    864 -1.196969070979076e-01 3.5e+00 4.86e-02  4e-02  5e-02 228:56.2
   73    876 -1.197512654558163e-01 3.5e+00 4.67e-02  4e-02  5e-02 231:55.7
   74    888 -1.196753631529758e-01 3.5e+00 4.39e-02  3e-02  5e-02 234:44.2
   75    900 -1.199818535059253e-01 3.6e+00 4.35e-02  3e-02  5e-02 237:32.9
   76    912 -1.201871975167272e-01 3.6e+00 4.28e-02  3e-02  5e-02 240:23.2
   77    924 -1.199023519735377e-01 3.7e+00 4.15e-02  3e-02  5e-02 243:14.2
   78    936 -1.197119936869322e-01 3.7e+00 4.13e-02  3e-02  5e-02 245:56.5
   79    948 -1.198903254071255e-01 3.8e+00 4.00e-02  3e-02  4e-02 248:37.8
   80    960 -1.200697893049357e-01 3.8e+00 3.83e-02  3e-02  4e-02 251:19.2
   81    972 -1.202161920137123e-01 3.9e+00 3.61e-02  3e-02  4e-02 254:00.4
   82    984 -1.201328616405963e-01 3.9e+00 3.47e-02  3e-02  4e-02 256:41.2
   83    996 -1.202930335967469e-01 3.9e+00 3.40e-02  3e-02  4e-02 259:21.9
   84   1008 -1.203974584211137e-01 3.9e+00 3.34e-02  2e-02  4e-02 262:03.3
   85   1020 -1.201498171643718e-01 3.9e+00 3.24e-02  2e-02  4e-02 264:43.8
   86   1032 -1.202377438375552e-01 4.0e+00 3.21e-02  2e-02  4e-02 267:24.9
   87   1044 -1.202049227306863e-01 4.0e+00 3.13e-02  2e-02  4e-02 270:05.6
   88   1056 -1.202431404914386e-01 4.0e+00 3.00e-02  2e-02  3e-02 272:46.3
   89   1068 -1.201891770314729e-01 4.1e+00 2.81e-02  2e-02  3e-02 275:27.5
   90   1080 -1.203003803412405e-01 4.1e+00 2.67e-02  2e-02  3e-02 278:08.8
   91   1092 -1.203648525787102e-01 4.2e+00 2.59e-02  2e-02  3e-02 280:49.5
   92   1104 -1.204564713486082e-01 4.2e+00 2.50e-02  2e-02  3e-02 283:30.8
   93   1116 -1.204157503020935e-01 4.3e+00 2.45e-02  2e-02  3e-02 286:11.4
   94   1128 -1.205118867483386e-01 4.3e+00 2.40e-02  2e-02  3e-02 288:52.4
   95   1140 -1.204518994409889e-01 4.3e+00 2.41e-02  2e-02  3e-02 291:33.2
   96   1152 -1.205541658174293e-01 4.4e+00 2.40e-02  2e-02  3e-02 294:14.1
   97   1164 -1.204935045423689e-01 4.4e+00 2.41e-02  2e-02  3e-02 296:54.8
   98   1176 -1.205754269204778e-01 4.5e+00 2.43e-02  2e-02  3e-02 299:35.7
   99   1188 -1.205824208754646e-01 4.6e+00 2.47e-02  2e-02  3e-02 302:16.5
  100   1200 -1.204736276247878e-01 4.6e+00 2.48e-02  2e-02  3e-02 304:57.0
  101   1212 -1.204850666294139e-01 4.6e+00 2.40e-02  2e-02  3e-02 307:37.2
  102   1224 -1.205602507322323e-01 4.6e+00 2.33e-02  2e-02  3e-02 310:18.7
  103   1236 -1.205640536920476e-01 4.6e+00 2.24e-02  2e-02  3e-02 313:00.4
  104   1248 -1.205600501795957e-01 4.6e+00 2.15e-02  2e-02  2e-02 315:49.1
  105   1260 -1.206261361713801e-01 4.8e+00 2.15e-02  2e-02  2e-02 318:38.4
  106   1272 -1.206661487057109e-01 4.8e+00 2.11e-02  2e-02  2e-02 321:27.0
  107   1284 -1.206449106633462e-01 4.8e+00 2.17e-02  2e-02  3e-02 324:15.6
  108   1296 -1.207616113732052e-01 4.9e+00 2.27e-02  2e-02  3e-02 327:04.8
  109   1308 -1.207464851569488e-01 4.9e+00 2.37e-02  2e-02  3e-02 329:53.7
  110   1320 -1.208931566574870e-01 5.0e+00 2.55e-02  2e-02  3e-02 332:42.2
  111   1332 -1.208347806729448e-01 5.0e+00 2.78e-02  2e-02  3e-02 335:30.6
  112   1344 -1.208617420540365e-01 5.2e+00 2.94e-02  2e-02  4e-02 338:19.5
  113   1356 -1.208806498314867e-01 5.3e+00 3.04e-02  2e-02  4e-02 341:09.0
  114   1368 -1.208603690322995e-01 5.3e+00 3.11e-02  2e-02  4e-02 344:11.7
  115   1380 -1.208954675884629e-01 5.4e+00 3.12e-02  2e-02  4e-02 347:15.1
  116   1392 -1.208204922069392e-01 5.4e+00 3.08e-02  2e-02  4e-02 350:17.7
  117   1404 -1.208119195626204e-01 5.5e+00 3.10e-02  2e-02  4e-02 353:21.2
  118   1416 -1.208061174074843e-01 5.5e+00 3.05e-02  2e-02  4e-02 356:24.5
  119   1428 -1.209342404942398e-01 5.6e+00 3.05e-02  2e-02  4e-02 359:27.5
  120   1440 -1.209793377249611e-01 5.6e+00 2.98e-02  2e-02  4e-02 362:29.6
  121   1452 -1.209959612794849e-01 5.7e+00 2.86e-02  2e-02  4e-02 365:32.1
  122   1464 -1.210451471037550e-01 5.7e+00 2.83e-02  2e-02  4e-02 368:18.5
  123   1476 -1.210864734109268e-01 5.9e+00 2.83e-02  2e-02  4e-02 371:10.2
  124   1488 -1.211060051757906e-01 6.0e+00 2.86e-02  2e-02  4e-02 374:02.1
  125   1500 -1.211025460276833e-01 6.0e+00 2.90e-02  2e-02  4e-02 376:53.2
  126   1512 -1.210729782300966e-01 6.1e+00 2.97e-02  2e-02  4e-02 379:43.5
  127   1524 -1.210862605100412e-01 6.1e+00 3.12e-02  2e-02  4e-02 382:33.8
  128   1536 -1.211696357607383e-01 6.2e+00 3.21e-02  2e-02  4e-02 385:25.6
  129   1548 -1.211274675800743e-01 6.3e+00 3.31e-02  2e-02  5e-02 388:17.1
  130   1560 -1.212730833807786e-01 6.5e+00 3.29e-02  2e-02  4e-02 391:08.9
  131   1572 -1.213378109373327e-01 6.5e+00 3.33e-02  2e-02  5e-02 393:59.7
  132   1584 -1.212719577088007e-01 6.7e+00 3.43e-02  2e-02  5e-02 396:48.8
  133   1596 -1.213332001723944e-01 6.8e+00 3.45e-02  2e-02  5e-02 399:39.7
  134   1608 -1.213091003653324e-01 6.9e+00 3.38e-02  2e-02  5e-02 402:30.4
  135   1620 -1.215257005181627e-01 6.9e+00 3.30e-02  2e-02  5e-02 405:20.5
  136   1632 -1.214728910708858e-01 7.0e+00 3.34e-02  2e-02  5e-02 408:11.0
  137   1644 -1.213691176913168e-01 7.1e+00 3.36e-02  2e-02  5e-02 411:01.8
  138   1656 -1.215257301594614e-01 7.1e+00 3.30e-02  2e-02  5e-02 413:51.7
  139   1668 -1.215131982636195e-01 7.2e+00 3.28e-02  2e-02  5e-02 416:41.0
  140   1680 -1.215515445167705e-01 7.4e+00 3.37e-02  2e-02  5e-02 419:28.1
  141   1692 -1.216777652189700e-01 7.5e+00 3.46e-02  2e-02  5e-02 422:10.8
  142   1704 -1.217026685041440e-01 7.6e+00 3.52e-02  2e-02  5e-02 425:10.6
  143   1716 -1.216218962445865e-01 7.7e+00 3.53e-02  2e-02  5e-02 428:17.8
  144   1728 -1.216757737047793e-01 7.9e+00 3.51e-02  2e-02  5e-02 431:24.9
  145   1740 -1.219023465481480e-01 7.9e+00 3.67e-02  2e-02  5e-02 434:32.5
  146   1752 -1.221656553990564e-01 8.1e+00 3.83e-02  3e-02  6e-02 437:39.3
  147   1764 -1.220483008636272e-01 8.4e+00 3.96e-02  3e-02  6e-02 440:46.1
  148   1776 -1.220729203358756e-01 8.6e+00 4.03e-02  3e-02  6e-02 443:53.0
  149   1788 -1.220220833655173e-01 8.9e+00 3.98e-02  3e-02  6e-02 447:00.5
  150   1800 -1.222238643199663e-01 9.1e+00 3.97e-02  3e-02  6e-02 450:06.8
  151   1812 -1.221794385039669e-01 9.3e+00 3.92e-02  3e-02  6e-02 453:11.6
  152   1824 -1.221839575748391e-01 9.5e+00 3.94e-02  3e-02  6e-02 456:18.5
  153   1836 -1.221812828519633e-01 9.5e+00 3.89e-02  3e-02  6e-02 459:23.0
  154   1848 -1.223579077156867e-01 9.5e+00 3.86e-02  3e-02  6e-02 462:29.7
  155   1860 -1.222095656490914e-01 9.5e+00 3.83e-02  3e-02  6e-02 465:36.4
  156   1872 -1.222995703176829e-01 9.7e+00 3.80e-02  3e-02  6e-02 468:43.3
  157   1884 -1.224127299168224e-01 9.8e+00 3.71e-02  2e-02  5e-02 471:50.2
  158   1896 -1.224865920992597e-01 9.9e+00 3.68e-02  2e-02  5e-02 474:57.0
  159   1908 -1.225760810599659e-01 1.0e+01 3.69e-02  2e-02  5e-02 478:03.7
  160   1920 -1.224385679330084e-01 1.0e+01 3.65e-02  2e-02  5e-02 481:10.4
  161   1932 -1.225373113140896e-01 1.1e+01 3.57e-02  2e-02  5e-02 484:17.7
  162   1944 -1.226449684074418e-01 1.1e+01 3.54e-02  2e-02  5e-02 487:24.9
  163   1956 -1.224993362239231e-01 1.1e+01 3.42e-02  2e-02  5e-02 490:30.1
  164   1968 -1.224312643901157e-01 1.1e+01 3.31e-02  2e-02  5e-02 493:36.1
  165   1980 -1.226207394565919e-01 1.2e+01 3.22e-02  2e-02  5e-02 496:39.9
  166   1992 -1.229750052854398e-01 1.2e+01 3.33e-02  2e-02  5e-02 499:46.5
  167   2004 -1.229043698371879e-01 1.2e+01 3.55e-02  2e-02  6e-02 502:53.0
  168   2016 -1.229153254835278e-01 1.2e+01 3.61e-02  2e-02  6e-02 505:59.6
  169   2028 -1.229032692822193e-01 1.3e+01 3.68e-02  2e-02  6e-02 509:06.4
  170   2040 -1.230335902095927e-01 1.3e+01 3.74e-02  2e-02  6e-02 512:13.1
  171   2052 -1.230172247631288e-01 1.3e+01 3.77e-02  2e-02  6e-02 515:19.1
  172   2064 -1.231953175539435e-01 1.3e+01 3.84e-02  2e-02  6e-02 518:26.2
  173   2076 -1.231795842494623e-01 1.3e+01 3.80e-02  2e-02  6e-02 521:32.4
  174   2088 -1.232207443523384e-01 1.4e+01 3.82e-02  2e-02  6e-02 524:37.2
  175   2100 -1.233220002853172e-01 1.4e+01 3.80e-02  2e-02  6e-02 527:43.5
  176   2112 -1.231739360214593e-01 1.4e+01 3.74e-02  2e-02  6e-02 530:49.3
  177   2124 -1.233466332801661e-01 1.4e+01 3.74e-02  2e-02  6e-02 533:56.6
  178   2136 -1.233286016885787e-01 1.4e+01 3.68e-02  2e-02  6e-02 536:56.5
  179   2148 -1.234061931460234e-01 1.4e+01 3.59e-02  2e-02  6e-02 540:03.4
  180   2160 -1.233241165402802e-01 1.5e+01 3.62e-02  2e-02  6e-02 543:09.6
  181   2172 -1.233286976903085e-01 1.5e+01 3.46e-02  2e-02  6e-02 546:18.8
  182   2184 -1.233266425187532e-01 1.5e+01 3.34e-02  2e-02  6e-02 549:34.9
  183   2196 -1.234711425024955e-01 1.5e+01 3.12e-02  2e-02  5e-02 552:50.7
  184   2208 -1.234211068338530e-01 1.5e+01 2.99e-02  2e-02  5e-02 556:06.2
  185   2220 -1.234398432483400e-01 1.5e+01 2.97e-02  2e-02  5e-02 559:19.9
  186   2232 -1.234221544963992e-01 1.6e+01 2.91e-02  2e-02  5e-02 562:35.0
  187   2244 -1.234643081752965e-01 1.6e+01 2.87e-02  2e-02  5e-02 565:50.8
  188   2256 -1.234921968210443e-01 1.6e+01 2.89e-02  2e-02  5e-02 569:06.1
  189   2268 -1.235447113644071e-01 1.6e+01 2.91e-02  2e-02  5e-02 572:20.9
  190   2280 -1.235874001826771e-01 1.7e+01 2.86e-02  2e-02  5e-02 575:33.5
  191   2292 -1.235633522018851e-01 1.7e+01 2.88e-02  2e-02  5e-02 578:48.4
  192   2304 -1.236388635069672e-01 1.7e+01 2.88e-02  2e-02  5e-02 582:03.4
  193   2316 -1.236463476240572e-01 1.7e+01 2.89e-02  2e-02  5e-02 585:18.4
  194   2328 -1.237071356190296e-01 1.8e+01 2.93e-02  2e-02  5e-02 588:32.1
  195   2340 -1.237139091462455e-01 1.7e+01 2.99e-02  2e-02  5e-02 591:46.7
  197   2364 -1.238356966585284e-01 1.8e+01 3.29e-02  2e-02  6e-02 598:16.5
  199   2388 -1.237701870212406e-01 1.9e+01 3.66e-02  2e-02  7e-02 604:46.2
  200   2400 -1.238794198064061e-01 1.9e+01 3.76e-02  2e-02  7e-02 608:00.9
  202   2424 -1.238539892632307e-01 2.0e+01 4.10e-02  2e-02  7e-02 614:27.4
  204   2448 -1.239167537250820e-01 2.0e+01 4.21e-02  2e-02  8e-02 620:58.7
  206   2472 -1.239011636696368e-01 2.0e+01 4.28e-02  2e-02  8e-02 627:20.5
  208   2496 -1.238956183953351e-01 2.0e+01 3.97e-02  2e-02  7e-02 633:43.6
  210   2520 -1.239287643893617e-01 2.0e+01 3.85e-02  2e-02  7e-02 640:06.6
  212   2544 -1.238883820605159e-01 2.1e+01 3.82e-02  2e-02  7e-02 646:29.6
  214   2568 -1.240653626210748e-01 2.1e+01 3.87e-02  2e-02  7e-02 652:49.6
  216   2592 -1.240685149111464e-01 2.1e+01 3.98e-02  2e-02  7e-02 659:01.9
  218   2616 -1.241659384048012e-01 2.2e+01 4.09e-02  2e-02  7e-02 665:23.5
  220   2640 -1.240516238682886e-01 2.2e+01 4.12e-02  2e-02  7e-02 671:44.7
  222   2664 -1.241840114019601e-01 2.3e+01 4.01e-02  2e-02  7e-02 678:06.9
  224   2688 -1.241847652823934e-01 2.3e+01 4.24e-02  2e-02  8e-02 683:58.9
  226   2712 -1.243691643189974e-01 2.4e+01 4.30e-02  2e-02  8e-02 689:19.7
  228   2736 -1.243979543354999e-01 2.4e+01 4.44e-02  2e-02  8e-02 694:42.1
  230   2760 -1.244552231218555e-01 2.4e+01 4.77e-02  3e-02  9e-02 701:03.3
  232   2784 -1.244339316143213e-01 2.4e+01 4.69e-02  2e-02  9e-02 707:34.2
  234   2808 -1.244359482523642e-01 2.5e+01 5.03e-02  3e-02  9e-02 714:04.7
  236   2832 -1.245317889640063e-01 2.5e+01 4.68e-02  2e-02  9e-02 720:36.2
  238   2856 -1.246743794442195e-01 2.6e+01 4.40e-02  2e-02  8e-02 727:05.9
  240   2880 -1.247343086500213e-01 2.6e+01 4.41e-02  2e-02  9e-02 733:32.8
  242   2904 -1.248265525931497e-01 2.8e+01 4.57e-02  2e-02  9e-02 740:03.8
  244   2928 -1.247974495476587e-01 2.8e+01 5.12e-02  2e-02  1e-01 746:34.5
  246   2952 -1.248275824253681e-01 2.8e+01 5.51e-02  3e-02  1e-01 753:04.8
  248   2976 -1.250501104369215e-01 2.9e+01 5.62e-02  3e-02  1e-01 759:36.0
  250   3000 -1.247521969416253e-01 3.0e+01 5.73e-02  3e-02  1e-01 766:04.7
  252   3024 -1.248765598063339e-01 3.0e+01 5.87e-02  3e-02  1e-01 772:32.3
  254   3048 -1.249277006448435e-01 3.1e+01 6.14e-02  3e-02  1e-01 779:00.7
  256   3072 -1.248456091819473e-01 3.1e+01 6.00e-02  3e-02  1e-01 785:32.1
  258   3096 -1.253325330001249e-01 3.1e+01 5.62e-02  3e-02  1e-01 792:03.4
  260   3120 -1.255661762926659e-01 3.1e+01 5.40e-02  2e-02  1e-01 798:33.3
  262   3144 -1.256106879421950e-01 3.2e+01 5.25e-02  2e-02  1e-01 805:03.0
  264   3168 -1.256962482843996e-01 3.4e+01 5.46e-02  2e-02  1e-01 811:29.9
  266   3192 -1.256139034432609e-01 3.5e+01 5.64e-02  2e-02  1e-01 817:59.4
  268   3216 -1.255115079498896e-01 3.6e+01 5.60e-02  2e-02  1e-01 824:31.2
  270   3240 -1.255556829315144e-01 3.6e+01 5.47e-02  2e-02  1e-01 831:01.7
  272   3264 -1.256973575412073e-01 3.6e+01 5.06e-02  2e-02  1e-01 837:32.7
  274   3288 -1.258095444527345e-01 3.7e+01 4.77e-02  2e-02  1e-01 844:00.9
  276   3312 -1.259582787299098e-01 3.7e+01 4.72e-02  2e-02  1e-01 850:27.9
  278   3336 -1.259156665023193e-01 3.7e+01 4.86e-02  2e-02  1e-01 856:58.9
  280   3360 -1.258548443782892e-01 3.8e+01 4.78e-02  2e-02  1e-01 863:29.1
  282   3384 -1.260676991617828e-01 3.8e+01 4.62e-02  2e-02  1e-01 869:58.6
  284   3408 -1.261079399740102e-01 3.9e+01 4.57e-02  2e-02  1e-01 876:29.3
  286   3432 -1.261053315597896e-01 3.9e+01 4.60e-02  2e-02  1e-01 882:58.9
  288   3456 -1.262094833491931e-01 4.0e+01 4.75e-02  2e-02  1e-01 889:25.5
  290   3480 -1.264066449786771e-01 4.1e+01 5.22e-02  2e-02  1e-01 895:54.7
  292   3504 -1.264715103892197e-01 4.4e+01 5.32e-02  2e-02  1e-01 902:24.4
  294   3528 -1.263917669701583e-01 4.4e+01 5.40e-02  2e-02  1e-01 908:48.9
  296   3552 -1.265355343338657e-01 4.5e+01 5.05e-02  2e-02  1e-01 914:54.9
  298   3576 -1.265814644391562e-01 4.5e+01 4.90e-02  2e-02  1e-01 920:57.3
  300   3600 -1.267309927007038e-01 4.6e+01 4.89e-02  2e-02  1e-01 926:58.3
Budget constraint satisfied 2636.3731727600098 3633 Difference:  996.6268272399902
Budget constraint satisfied 2675.666893005371 3633 Difference:  957.3331069946289
two_most_probable_states: ['110011001010100', '110011000110100']
final_expectation_value: -0.12673099270070382
params: [1.4393628332070445, 1.7940399549575574, 2.468520610603837, 2.2045019772712298, 4.502376013390081, 0.7966970872610335, 4.136044259118099, 5.542914042356684, 4.270113297430246, 2.6734474271801165, 1.9146824240202664, 0.712171043675121, 2.847645516852348, -0.46041333367654563, 1.6201861590588482, 1.551115987868626, 3.0240249731861883, 3.1658106987683965, 1.4445095091615279, 1.5826639622754868]
total_steps: 300
states_probs: [0.000239878470712622, 0.00023988755080980444]
optimized_portfolios: [{'MCD': 3, 'V': 3, 'VZ': 21}, {'MCD': 3, 'V': 3, 'VZ': 22}]
objective_values: [-4934.867069097408, -5912.450325017728]
result_with_budget: [{'portfolio': {'MCD': 3, 'V': 3, 'VZ': 21}, 'budget': 2636.3731727600098, 'difference': 996.6268272399902}, {'portfolio': {'MCD': 3, 'V': 3, 'VZ': 22}, 'budget': 2675.666893005371, 'difference': 957.3331069946289}]
Batch 46/100 completed. Results saved to portfolio_optimization_results_batch_45.json
Job finished at Sun Mar 23 02:50:02 EET 2025
