Running job array 6 on pe79.int.triton.aalto.fi
Starting at Fri Mar 21 16:01:41 EET 2025
Activating virtual environment at /scratch/work/uotilav2/quantum-portfolio/venv
Processing batch 7/100: experiments 6 to 6 (total 1)
Processing experiment 6
Budget: 1530
YF.download() has changed argument auto_adjust default to True
Number of qubits for asset GS: 2
Number of qubits for asset MRK: 4
Total number of qubits:  6
Optimized Weights (considering variance, skewness and kurtosis):
GS: 64.78%
MRK: 35.22%
Left over budget:  94.52703096310142
Optimized Discrete Allocation:
GS: 2
MRK: 3
Maximized utility from continuous higher moments:  -4.3486746266446135
Budget constraint not satisfied 1534.1009216308594 1530 Difference:  -4.100921630859375
Budget constraint not satisfied 1556.0740814208984 1530 Difference:  -26.074081420898438
smallest_eigenvalues: [-0.606564718198978]
smallest_bitstrings: ['010010']
first_excited_energy: -0.6063849402304919
optimized_portfolio: [{'GS': 2, 'MRK': 4}]
second_optimized_portfolio: [{'GS': 1, 'MRK': 10}]
result_with_budget: [{'portfolio': {'GS': 2, 'MRK': 4}, 'budget': 1534.1009216308594, 'difference': -4.100921630859375, 'objective_value': -10.747127561887343}]
result_with_budget_excited: [{'portfolio': {'GS': 1, 'MRK': 10}, 'budget': 1556.0740814208984, 'difference': -26.074081420898438, 'objective_value': -320.0953011711695}]
Initial params:  [2.9078476  0.22316636 0.27372477 0.06351797 2.61575239 2.44465153
 2.73322377 3.07442019 2.51063067 1.44978017 2.45210473 0.37157007]
(5_w,11)-aCMA-ES (mu_w=3.4,w_1=42%) in dimension 12 (seed=688120, Fri Mar 21 16:02:00 2025)
Iterat #Fevals   function value  axis ratio  sigma  min&max std  t[m:s]
    1     11 -4.615321846984647e-01 1.0e+00 9.31e-02  9e-02  9e-02 0:02.1
    2     22 -4.773354593170757e-01 1.2e+00 9.55e-02  9e-02  1e-01 0:04.1
    3     33 -4.743531079867760e-01 1.3e+00 9.45e-02  9e-02  1e-01 0:06.2
    5     55 -4.945292710670180e-01 1.6e+00 1.03e-01  1e-01  1e-01 0:10.3
    7     77 -5.237939245504326e-01 1.8e+00 1.15e-01  1e-01  1e-01 0:14.5
   10    110 -5.311304573814140e-01 2.2e+00 1.17e-01  1e-01  1e-01 0:20.8
   13    143 -5.333042525530164e-01 2.3e+00 1.23e-01  1e-01  1e-01 0:26.9
   17    187 -5.513481196652239e-01 2.6e+00 1.25e-01  1e-01  1e-01 0:35.2
   21    231 -5.545676174827064e-01 2.7e+00 1.15e-01  1e-01  1e-01 0:43.5
   26    286 -5.608899856182621e-01 3.2e+00 8.79e-02  8e-02  9e-02 0:53.9
   31    341 -5.615353968953005e-01 3.8e+00 7.97e-02  7e-02  9e-02 1:04.4
   37    407 -5.628275352563464e-01 4.3e+00 7.41e-02  6e-02  8e-02 1:16.9
   43    473 -5.619654672285292e-01 4.9e+00 5.97e-02  4e-02  7e-02 1:29.5
   50    550 -5.636513055312227e-01 6.3e+00 6.07e-02  4e-02  8e-02 1:44.2
   57    627 -5.642054673158211e-01 6.9e+00 3.59e-02  2e-02  4e-02 1:58.7
   65    715 -5.647213338606835e-01 7.9e+00 4.04e-02  2e-02  5e-02 2:15.4
   73    803 -5.656884341819557e-01 1.1e+01 4.99e-02  2e-02  8e-02 2:32.0
   82    902 -5.672462860672859e-01 1.5e+01 6.23e-02  3e-02  1e-01 2:50.6
   91   1001 -5.686953255293593e-01 1.9e+01 8.23e-02  3e-02  2e-01 3:09.3
  100   1100 -5.696844902863293e-01 2.5e+01 1.02e-01  3e-02  2e-01 3:28.1
  110   1210 -5.725788132382716e-01 2.7e+01 8.12e-02  2e-02  2e-01 3:48.7
  121   1331 -5.729860022810516e-01 3.0e+01 6.08e-02  2e-02  1e-01 4:11.5
  132   1452 -5.744155169732135e-01 3.5e+01 7.57e-02  2e-02  2e-01 4:34.2
  144   1584 -5.746344684673932e-01 3.7e+01 6.89e-02  2e-02  2e-01 4:59.0
  156   1716 -5.757346100287777e-01 3.9e+01 5.24e-02  1e-02  1e-01 5:23.9
  169   1859 -5.767415552865002e-01 4.7e+01 4.59e-02  7e-03  1e-01 5:50.8
  182   2002 -5.774538232580810e-01 5.4e+01 4.18e-02  7e-03  1e-01 6:17.7
  195   2145 -5.781211566059390e-01 6.7e+01 4.31e-02  6e-03  1e-01 6:44.8
  200   2200 -5.783617373380036e-01 7.7e+01 4.38e-02  6e-03  1e-01 6:55.1
  215   2365 -5.802611162550050e-01 8.5e+01 7.37e-02  9e-03  2e-01 7:25.9
  230   2530 -5.821518579825854e-01 9.4e+01 6.24e-02  7e-03  2e-01 7:57.0
  246   2706 -5.826298712121168e-01 9.1e+01 6.30e-02  6e-03  2e-01 8:30.0
  262   2882 -5.840091027771578e-01 1.1e+02 6.59e-02  6e-03  2e-01 9:03.0
  278   3058 -5.845329193451955e-01 1.3e+02 7.59e-02  6e-03  3e-01 9:36.4
  295   3245 -5.849225297408495e-01 1.2e+02 3.85e-02  3e-03  1e-01 10:11.8
  300   3300 -5.849864180223265e-01 1.2e+02 3.46e-02  3e-03  1e-01 10:22.1
  318   3498 -5.851083873568270e-01 1.1e+02 3.81e-02  3e-03  1e-01 10:59.3
  336   3696 -5.856339864297455e-01 1.1e+02 9.64e-02  5e-03  3e-01 11:36.7
  355   3905 -5.860854323274866e-01 1.0e+02 1.04e-01  5e-03  3e-01 12:16.2
  374   4114 -5.864170507321884e-01 9.8e+01 8.87e-02  4e-03  2e-01 12:55.4
  394   4334 -5.864975158228738e-01 9.4e+01 6.89e-02  3e-03  1e-01 13:36.6
  400   4400 -5.865148072661760e-01 9.6e+01 6.70e-02  3e-03  1e-01 13:49.0
  421   4631 -5.866454577090685e-01 9.0e+01 4.04e-02  2e-03  7e-02 14:32.4
  442   4862 -5.867488580667373e-01 9.4e+01 5.56e-02  2e-03  8e-02 15:15.8
  464   5104 -5.867872516838186e-01 9.4e+01 3.13e-02  8e-04  4e-02 16:01.8
  486   5346 -5.868057883194295e-01 1.2e+02 2.00e-02  4e-04  3e-02 16:47.1
  500   5500 -5.868149140490084e-01 1.6e+02 2.85e-02  6e-04  5e-02 17:16.2
  523   5753 -5.868222827552517e-01 1.8e+02 1.82e-02  3e-04  3e-02 18:03.9
  547   6017 -5.868235549041325e-01 1.9e+02 4.45e-03  7e-05  6e-03 18:53.5
  571   6281 -5.868235845719603e-01 2.1e+02 1.30e-03  2e-05  2e-03 19:42.9
  596   6556 -5.868235875896796e-01 2.3e+02 2.91e-04  3e-06  3e-04 20:34.3
  600   6600 -5.868235876203264e-01 2.2e+02 2.11e-04  2e-06  2e-04 20:42.5
  626   6886 -5.868235876728156e-01 2.2e+02 3.77e-05  3e-07  3e-05 21:35.7
  649   7139 -5.868235876748049e-01 2.1e+02 1.11e-05  8e-08  8e-06 22:22.9
Budget constraint not satisfied 1534.1009216308594 1530 Difference:  -4.100921630859375
Budget constraint satisfied 1435.4729690551758 1530 Difference:  94.52703094482422
two_most_probable_states: ['010010', '011100']
final_expectation_value: -0.5868235876748049
params: [4.00824641877553, 3.014858953958171, -7.262749060258656, 2.12947476827623, 11.560855576897147, 8.831954155478407, 2.426735397550032, 4.344246907318208, 2.761764393695941, 0.661394652117264, 3.0175857152375367, -0.06598692447411003]
total_steps: 649
states_probs: [0.05275486192189028, 0.055200780488555264]
optimized_portfolios: [{'GS': 2, 'MRK': 4}, {'GS': 2, 'MRK': 3}]
objective_values: [-10.747127561887343, -4.3486746266446135]
result_with_budget: [{'portfolio': {'GS': 2, 'MRK': 4}, 'budget': 1534.1009216308594, 'difference': -4.100921630859375}, {'portfolio': {'GS': 2, 'MRK': 3}, 'budget': 1435.4729690551758, 'difference': 94.52703094482422}]
Batch 7/100 completed. Results saved to portfolio_optimization_results_batch_6.json
Job finished at Fri Mar 21 16:24:58 EET 2025
