Running job array 12 on pe79.int.triton.aalto.fi
Starting at Fri Mar 14 10:12:06 EET 2025
Activating virtual environment at /scratch/work/uotilav2/quantum-portfolio/venv
Processing batch 13/30: experiments 180 to 194 (total 15)
Processing experiment 180
Budget: 1002.8811492919922
YF.download() has changed argument auto_adjust default to True
Expected returns: 0.10814550469693032
Covariance matrix: 0.29688099541417823
3rd-order coskewness tensor: 0.33645103728379405
4th-order cokurtosis tensor: 6.397528435310777
Number of qubits for asset AMGN: 2
Number of qubits for asset CRM: 2
Number of qubits for asset IBM: 3
Number of qubits for asset NKE: 4
Total number of qubits:  11
Optimized Weights (considering variance, skewness and kurtosis):
AMGN: 33.95%
CRM: 30.67%
IBM: 13.75%
NKE: 21.63%
Left over budget:  41.046964480007205
Optimized Discrete Allocation:
AMGN: 1
CRM: 1
IBM: 1
NKE: 2
Maximized utility from continuous higher moments:  -58.74029890083972
Budget constraint satisfied 1002.0102081298828 1002.8811492919922 Difference:  0.870941162109375
Budget constraint satisfied 1002.5000839233398 1002.8811492919922 Difference:  0.38106536865234375
smallest_eigenvalues: [-0.08993440743472797]
smallest_bitstrings: ['01100000100']
first_excited_energy: -0.08993311418858609
optimized_portfolio: [{'AMGN': 2, 'CRM': 1, 'IBM': 0, 'NKE': 2}]
second_optimized_portfolio: [{'AMGN': 1, 'CRM': 2, 'IBM': 0, 'NKE': 1}]
result_with_budget: [{'portfolio': {'AMGN': 2, 'CRM': 1, 'IBM': 0, 'NKE': 2}, 'budget': 1002.0102081298828, 'difference': 0.870941162109375, 'objective_value': -32.49798850184845}]
result_with_budget_excited: [{'portfolio': {'AMGN': 1, 'CRM': 2, 'IBM': 0, 'NKE': 1}, 'budget': 1002.5000839233398, 'difference': 0.38106536865234375, 'objective_value': -31.619488603288506}]
Initial params:  [2.51063067 1.44978017 2.45210473 0.37157007 2.01037118 0.45035763
 2.96776493 1.63943485 1.3026989  0.83112597 2.43232687 1.43303853
 1.78578792 0.0590299  1.94035914 1.92295543 1.93815531 2.96487203
 2.14200164 1.12942738]
(6_w,12)-aCMA-ES (mu_w=3.7,w_1=40%) in dimension 20 (seed=1050132, Fri Mar 14 10:12:28 2025)
Iterat #Fevals   function value  axis ratio  sigma  min&max std  t[m:s]
    1     12 -2.829032338178268e-02 1.0e+00 1.38e+00  1e+00  1e+00 0:43.7
    2     24 -6.153010138537039e-02 1.1e+00 1.36e+00  1e+00  1e+00 1:27.3
    3     36 -6.285166556539044e-02 1.1e+00 1.31e+00  1e+00  1e+00 2:10.7
    4     48 -6.649256210834974e-02 1.2e+00 1.28e+00  1e+00  1e+00 2:54.1
    5     60 -5.370383483402491e-04 1.2e+00 1.27e+00  1e+00  1e+00 3:37.7
    6     72 -4.862373546882738e-02 1.2e+00 1.25e+00  1e+00  1e+00 4:21.3
    7     84 -4.705316861933043e-02 1.3e+00 1.28e+00  1e+00  1e+00 5:05.0
    8     96 -4.412116851511357e-02 1.3e+00 1.30e+00  1e+00  1e+00 5:48.5
    9    108 -1.993376814081450e-02 1.3e+00 1.31e+00  1e+00  1e+00 6:32.2
   10    120 -4.934698487386653e-02 1.4e+00 1.32e+00  1e+00  1e+00 7:15.7
   11    132 -4.892371109532472e-02 1.4e+00 1.27e+00  1e+00  1e+00 7:59.3
   12    144 -2.980438054640548e-02 1.4e+00 1.18e+00  1e+00  1e+00 8:42.9
   13    156 -1.296798364936845e-02 1.4e+00 1.11e+00  1e+00  1e+00 9:26.6
   14    168 -6.600579329275780e-02 1.4e+00 1.08e+00  1e+00  1e+00 10:10.1
   15    180 -5.047165097605637e-02 1.4e+00 1.07e+00  1e+00  1e+00 10:53.7
   16    192 -4.572662920191774e-02 1.4e+00 1.04e+00  1e+00  1e+00 11:37.3
   17    204 -5.306355553851988e-02 1.4e+00 1.02e+00  9e-01  1e+00 12:21.1
   18    216 -3.943968067465570e-02 1.4e+00 1.01e+00  9e-01  1e+00 13:04.8
   19    228 -6.981742628088902e-02 1.4e+00 1.02e+00  9e-01  1e+00 13:48.4
   20    240 -5.377338849537049e-02 1.4e+00 1.00e+00  9e-01  1e+00 14:31.8
   21    252 -5.374483524226113e-02 1.5e+00 9.73e-01  9e-01  1e+00 15:15.3
   22    264 -5.560852566602555e-02 1.5e+00 9.64e-01  9e-01  1e+00 15:58.8
   23    276 -4.614909882331198e-02 1.5e+00 9.64e-01  9e-01  1e+00 16:42.5
   24    288 -4.714477552351311e-02 1.5e+00 9.35e-01  8e-01  1e+00 17:26.1
   25    300 -5.179770087461798e-02 1.5e+00 9.42e-01  8e-01  1e+00 18:09.8
   26    312 -3.854862332834300e-02 1.5e+00 9.44e-01  8e-01  1e+00 18:53.4
   27    324 -1.705862686455308e-02 1.6e+00 9.24e-01  8e-01  1e+00 19:36.9
   28    336 -4.185239134488382e-02 1.6e+00 9.01e-01  8e-01  1e+00 20:20.7
   29    348 -4.763880880163236e-02 1.6e+00 9.22e-01  8e-01  1e+00 21:04.3
   30    360 -5.578123198566579e-02 1.6e+00 9.68e-01  8e-01  1e+00 21:47.8
   31    372 -2.613245785741553e-02 1.6e+00 9.74e-01  8e-01  1e+00 22:31.3
   32    384 -4.808953615617376e-02 1.6e+00 1.01e+00  9e-01  1e+00 23:14.8
   33    396 2.585407998729435e-02 1.6e+00 1.07e+00  9e-01  1e+00 23:58.3
   34    408 -2.845213229618230e-02 1.6e+00 1.08e+00  9e-01  1e+00 24:41.8
   35    420 -4.368960627306546e-02 1.6e+00 1.14e+00  1e+00  1e+00 25:25.5
   36    432 -4.896601338039958e-02 1.6e+00 1.17e+00  1e+00  1e+00 26:08.9
   37    444 -6.277980004350822e-02 1.7e+00 1.24e+00  1e+00  1e+00 26:52.4
   38    456 -1.517891435586028e-02 1.7e+00 1.31e+00  1e+00  1e+00 27:36.1
   39    468 -4.259584667219627e-02 1.8e+00 1.39e+00  1e+00  2e+00 28:19.7
   40    480 -1.465217461801194e-02 1.9e+00 1.45e+00  1e+00  2e+00 29:03.4
   41    492 1.158890635668826e-02 2.0e+00 1.47e+00  1e+00  2e+00 29:47.1
   42    504 -5.232856868625459e-02 2.0e+00 1.53e+00  1e+00  2e+00 30:30.8
   43    516 -2.657733189001310e-02 2.0e+00 1.55e+00  1e+00  2e+00 31:14.3
   44    528 -2.922549319730946e-02 2.0e+00 1.58e+00  1e+00  2e+00 31:57.8
   46    552 1.759437281453028e-02 2.0e+00 1.58e+00  1e+00  2e+00 33:25.3
   48    576 -5.107826603337030e-02 2.0e+00 1.48e+00  1e+00  2e+00 34:52.5
   50    600 -5.890618104159352e-02 2.0e+00 1.46e+00  1e+00  2e+00 36:20.1
   52    624 -4.828897632700489e-02 2.1e+00 1.59e+00  1e+00  2e+00 37:47.4
   54    648 -5.227406417904371e-02 2.2e+00 1.60e+00  1e+00  2e+00 39:14.7
   56    672 -4.565342363890652e-02 2.2e+00 1.52e+00  1e+00  2e+00 40:42.0
   58    696 -4.605531293537976e-02 2.2e+00 1.46e+00  1e+00  2e+00 42:09.0
   60    720 -2.380218591432320e-02 2.3e+00 1.35e+00  1e+00  2e+00 43:36.3
   62    744 -5.922567607099953e-02 2.3e+00 1.31e+00  1e+00  1e+00 45:03.4
   64    768 6.552586361749951e-03 2.3e+00 1.38e+00  1e+00  2e+00 46:30.6
   66    792 -1.145683569046590e-02 2.4e+00 1.29e+00  1e+00  1e+00 47:58.0
   68    816 1.883720919645110e-02 2.4e+00 1.20e+00  1e+00  1e+00 49:25.1
   70    840 -3.625898788866802e-02 2.4e+00 1.27e+00  1e+00  1e+00 50:52.3
   72    864 -3.608009224103975e-02 2.4e+00 1.34e+00  1e+00  2e+00 52:19.4
   74    888 -4.332892552098622e-02 2.5e+00 1.40e+00  1e+00  2e+00 53:46.5
   76    912 -5.324984943887147e-03 2.6e+00 1.48e+00  1e+00  2e+00 55:13.7
   78    936 -4.525964085308251e-02 2.7e+00 1.54e+00  1e+00  2e+00 56:40.7
   80    960 -5.627896258482789e-02 2.7e+00 1.54e+00  1e+00  2e+00 58:08.0
   82    984 -3.377961105630223e-02 2.7e+00 1.53e+00  1e+00  2e+00 59:35.0
   84   1008 -1.403126546244219e-02 2.8e+00 1.57e+00  1e+00  2e+00 61:02.2
   86   1032 1.282679778591008e-02 2.8e+00 1.70e+00  1e+00  2e+00 62:29.4
   88   1056 -3.925351307123347e-02 2.9e+00 1.83e+00  1e+00  2e+00 63:56.7
   90   1080 -5.927499717794794e-02 2.9e+00 1.74e+00  1e+00  2e+00 65:24.2
   92   1104 4.035305609335500e-02 2.9e+00 1.69e+00  1e+00  2e+00 66:50.9
   94   1128 -3.758445143390780e-02 2.9e+00 1.65e+00  1e+00  2e+00 68:17.9
   96   1152 1.074717870532016e-02 2.9e+00 1.68e+00  1e+00  2e+00 69:44.7
   98   1176 4.719910203574190e-02 2.9e+00 1.79e+00  1e+00  2e+00 71:11.8
  100   1200 1.208496199366966e-02 3.0e+00 1.85e+00  1e+00  2e+00 72:38.9
  102   1224 -9.298288857970830e-03 3.0e+00 1.78e+00  1e+00  2e+00 74:05.7
  104   1248 3.817918279681620e-02 3.0e+00 1.73e+00  1e+00  2e+00 75:32.6
  106   1272 1.448349617819553e-02 3.0e+00 1.62e+00  1e+00  2e+00 76:59.6
  108   1296 3.762095742021662e-02 3.0e+00 1.66e+00  1e+00  2e+00 78:26.5
  110   1320 1.839983875833145e-02 3.1e+00 1.76e+00  1e+00  2e+00 79:53.4
  112   1344 4.064405648697375e-02 3.2e+00 1.82e+00  1e+00  2e+00 81:17.7
  114   1368 5.322289133222006e-02 3.2e+00 1.91e+00  1e+00  2e+00 82:41.9
  116   1392 2.352074586321017e-02 3.2e+00 2.00e+00  2e+00  2e+00 84:06.0
  118   1416 5.494520368866172e-02 3.3e+00 1.98e+00  2e+00  2e+00 85:30.3
  120   1440 1.004338420526669e-01 3.4e+00 2.15e+00  2e+00  2e+00 86:54.6
  122   1464 8.756219953751231e-02 3.5e+00 2.26e+00  2e+00  3e+00 88:18.5
  124   1488 2.442645348721193e-02 3.5e+00 2.35e+00  2e+00  3e+00 89:42.8
  126   1512 -2.897422525143106e-03 3.5e+00 2.43e+00  2e+00  3e+00 91:07.0
  129   1548 3.924642412351408e-02 3.5e+00 2.39e+00  2e+00  3e+00 93:13.6
  132   1584 7.399537615127752e-02 3.5e+00 2.47e+00  2e+00  3e+00 95:19.7
  135   1620 4.729283255908692e-02 3.5e+00 2.76e+00  2e+00  3e+00 97:25.9
  138   1656 5.065834177317279e-02 3.5e+00 3.37e+00  3e+00  4e+00 99:32.3
  141   1692 1.660543042360570e-02 3.6e+00 3.45e+00  3e+00  4e+00 101:38.6
  144   1728 1.806538524434380e-02 3.7e+00 3.55e+00  3e+00  4e+00 103:45.0
  147   1764 6.800599092155359e-02 3.7e+00 3.59e+00  3e+00  4e+00 105:51.3
  150   1800 -3.310816320250392e-02 3.7e+00 3.36e+00  2e+00  4e+00 107:57.8
  153   1836 -8.867942384038921e-03 3.7e+00 3.20e+00  2e+00  4e+00 110:04.1
  156   1872 -8.137345376703069e-03 3.9e+00 3.15e+00  2e+00  4e+00 112:10.3
  159   1908 2.398632810193984e-02 3.9e+00 2.90e+00  2e+00  3e+00 114:16.7
  162   1944 -3.971725062164244e-03 4.0e+00 2.68e+00  2e+00  3e+00 116:23.2
  165   1980 6.486205557847190e-02 4.0e+00 2.54e+00  2e+00  3e+00 118:30.0
  168   2016 -1.355521807063548e-02 4.0e+00 2.31e+00  2e+00  3e+00 120:36.4
  171   2052 2.665700554396412e-02 4.2e+00 2.20e+00  1e+00  3e+00 122:43.1
  174   2088 -5.530633877885635e-02 4.2e+00 2.30e+00  2e+00  3e+00 124:49.8
  177   2124 2.517160518726785e-02 4.1e+00 2.28e+00  2e+00  3e+00 126:56.0
  180   2160 2.362467353546424e-02 4.1e+00 2.39e+00  2e+00  3e+00 129:02.4
  183   2196 -1.770485274506396e-02 4.1e+00 2.42e+00  2e+00  3e+00 131:08.8
  186   2232 1.752700716760505e-03 4.2e+00 2.35e+00  2e+00  3e+00 133:15.1
  189   2268 -5.657976891623749e-02 4.2e+00 2.55e+00  2e+00  3e+00 135:21.5
  192   2304 -3.515892488478500e-02 4.3e+00 2.40e+00  2e+00  3e+00 137:27.8
  195   2340 -5.063887384141925e-02 4.3e+00 2.33e+00  2e+00  3e+00 139:34.1
  198   2376 -5.939938616543364e-02 4.3e+00 2.34e+00  2e+00  3e+00 141:40.5
  200   2400 1.594240676696177e-02 4.3e+00 2.45e+00  2e+00  3e+00 143:04.8
  203   2436 -3.451548196864779e-03 4.4e+00 2.61e+00  2e+00  3e+00 145:11.2
  206   2472 3.161885995147096e-02 4.4e+00 2.57e+00  2e+00  3e+00 147:17.4
  209   2508 5.924472966931130e-02 4.6e+00 2.52e+00  2e+00  3e+00 149:24.1
  212   2544 -1.521482280082858e-02 4.7e+00 2.60e+00  2e+00  4e+00 151:30.5
  215   2580 -2.309560502299200e-02 4.7e+00 2.63e+00  2e+00  4e+00 153:36.7
  218   2616 -1.527821880377461e-02 4.8e+00 2.75e+00  2e+00  4e+00 155:42.9
  221   2652 3.504763110072884e-02 4.9e+00 2.73e+00  2e+00  4e+00 157:49.2
  224   2688 3.487328205099566e-02 4.9e+00 2.70e+00  2e+00  4e+00 159:55.8
  227   2724 -1.833167150911175e-02 4.9e+00 2.69e+00  2e+00  4e+00 162:02.0
  230   2760 3.264903018076334e-02 4.9e+00 2.63e+00  2e+00  3e+00 164:08.4
  233   2796 2.883882759138725e-02 5.1e+00 2.61e+00  2e+00  3e+00 166:14.5
  236   2832 -3.289457115278985e-02 5.2e+00 2.62e+00  2e+00  3e+00 168:20.5
  239   2868 2.808286970096930e-02 5.1e+00 2.60e+00  2e+00  3e+00 170:27.1
  242   2904 6.826896251921535e-02 5.2e+00 2.75e+00  2e+00  4e+00 172:33.5
  245   2940 -5.859556533102086e-02 5.5e+00 2.98e+00  2e+00  4e+00 174:40.1
  248   2976 8.133516167980285e-03 5.6e+00 3.57e+00  2e+00  5e+00 176:46.5
  251   3012 -1.231069939408682e-02 5.6e+00 3.57e+00  3e+00  5e+00 178:52.7
  255   3060 -1.539093162139233e-02 5.6e+00 3.60e+00  3e+00  4e+00 181:40.9
  259   3108 -3.899044486181140e-02 5.5e+00 3.78e+00  3e+00  5e+00 184:29.6
  263   3156 1.505066381703643e-02 5.4e+00 3.73e+00  3e+00  5e+00 187:18.3
  267   3204 -5.305049613929817e-02 5.5e+00 4.19e+00  3e+00  5e+00 190:06.9
  271   3252 -4.011179304793539e-03 5.4e+00 4.39e+00  3e+00  5e+00 192:55.7
  275   3300 3.060371082327890e-02 5.5e+00 4.17e+00  3e+00  5e+00 195:44.5
  279   3348 3.869067792898563e-02 5.4e+00 3.96e+00  3e+00  5e+00 198:33.4
  283   3396 5.785679562890525e-02 5.4e+00 4.15e+00  3e+00  5e+00 201:22.3
  287   3444 8.842249230658041e-03 5.4e+00 4.16e+00  3e+00  5e+00 204:10.9
  291   3492 3.515906471097231e-02 5.4e+00 4.24e+00  3e+00  5e+00 206:59.6
  295   3540 5.273455880281106e-03 5.3e+00 4.33e+00  3e+00  5e+00 209:48.3
  299   3588 -1.451255633876937e-02 5.6e+00 4.60e+00  3e+00  5e+00 212:37.1
  300   3600 6.722088938753182e-02 5.6e+00 4.53e+00  3e+00  5e+00 213:19.1
  304   3648 3.860905738941637e-03 5.7e+00 4.12e+00  3e+00  5e+00 216:07.8
  308   3696 5.187331991334983e-02 5.8e+00 3.91e+00  3e+00  5e+00 218:56.6
  312   3744 7.223103132252412e-02 6.1e+00 3.80e+00  3e+00  4e+00 221:45.7
  316   3792 -5.472340670374105e-03 6.2e+00 3.66e+00  3e+00  4e+00 224:34.3
  320   3840 2.060289907482792e-02 6.3e+00 4.01e+00  3e+00  5e+00 227:23.4
  324   3888 3.094781833963051e-02 6.4e+00 3.91e+00  3e+00  5e+00 230:12.4
  328   3936 3.973321828695824e-02 6.3e+00 3.65e+00  3e+00  4e+00 233:01.0
  332   3984 7.998622683948862e-02 6.4e+00 3.50e+00  3e+00  4e+00 235:49.7
  336   4032 6.293369396165746e-02 6.4e+00 3.41e+00  3e+00  4e+00 238:38.1
  340   4080 5.829868156569223e-02 6.4e+00 3.55e+00  3e+00  4e+00 241:26.9
  344   4128 1.020053879140297e-02 6.3e+00 3.06e+00  2e+00  4e+00 244:15.7
  348   4176 1.372880008188101e-02 6.2e+00 2.66e+00  2e+00  3e+00 247:04.5
  352   4224 2.830471735888364e-02 6.3e+00 2.70e+00  2e+00  3e+00 249:53.2
  356   4272 -1.647243721133035e-02 6.4e+00 2.27e+00  2e+00  3e+00 252:41.8
  360   4320 -3.619384133678454e-04 6.5e+00 2.25e+00  2e+00  3e+00 255:30.4
  364   4368 4.930800684969102e-02 6.6e+00 2.06e+00  1e+00  2e+00 258:19.2
  368   4416 4.587021547833472e-02 6.7e+00 1.92e+00  1e+00  2e+00 261:08.2
  372   4464 1.837663383595000e-02 6.9e+00 1.79e+00  1e+00  2e+00 263:56.9
  376   4512 6.921315389727990e-02 6.9e+00 1.66e+00  1e+00  2e+00 266:45.3
  380   4560 1.760735999369679e-02 7.2e+00 1.84e+00  1e+00  2e+00 269:34.0
  384   4608 3.131477786804644e-02 7.5e+00 1.86e+00  1e+00  2e+00 272:22.8
  388   4656 2.385401816470291e-02 7.4e+00 1.66e+00  1e+00  2e+00 275:11.8
  392   4704 2.303052158716465e-03 7.4e+00 1.74e+00  1e+00  2e+00 278:00.3
  396   4752 9.316180342849962e-03 7.0e+00 1.92e+00  1e+00  2e+00 280:48.8
  400   4800 3.426849043392816e-02 7.4e+00 2.34e+00  1e+00  3e+00 283:37.8
  404   4848 5.079097796525396e-02 7.8e+00 2.64e+00  2e+00  3e+00 286:26.3
  408   4896 3.116278745671044e-02 8.2e+00 2.77e+00  2e+00  4e+00 289:15.1
  412   4944 4.912039782632614e-02 8.4e+00 2.52e+00  2e+00  3e+00 292:03.5
  416   4992 3.187249464586699e-02 8.7e+00 2.50e+00  1e+00  3e+00 294:52.1
  421   5052 7.145809593326763e-02 8.8e+00 2.30e+00  1e+00  3e+00 298:22.9
  426   5112 2.517255523906920e-02 9.0e+00 2.01e+00  1e+00  3e+00 301:53.5
  431   5172 5.856035335313631e-02 8.7e+00 1.96e+00  1e+00  3e+00 305:23.9
  436   5232 4.997238217613704e-02 8.8e+00 1.92e+00  1e+00  2e+00 308:54.0
  441   5292 6.858032257067817e-02 8.9e+00 1.68e+00  1e+00  2e+00 312:24.7
  446   5352 2.369307394440602e-02 9.3e+00 1.62e+00  9e-01  2e+00 315:55.2
  451   5412 2.561620046397950e-02 9.1e+00 1.46e+00  8e-01  2e+00 319:25.9
  456   5472 1.568043593127470e-02 9.2e+00 1.38e+00  8e-01  2e+00 322:56.5
  461   5532 1.206102569461513e-02 9.3e+00 1.42e+00  8e-01  2e+00 326:27.7
  466   5592 5.397330304397827e-02 9.3e+00 1.53e+00  9e-01  2e+00 329:58.5
  471   5652 2.188166635398857e-02 9.4e+00 1.55e+00  9e-01  2e+00 333:29.4
  476   5712 4.557481411080302e-02 9.6e+00 1.45e+00  8e-01  2e+00 337:00.1
  481   5772 4.812757042010457e-02 9.6e+00 1.51e+00  9e-01  2e+00 340:31.5
  486   5832 5.074171902160686e-02 9.7e+00 1.64e+00  9e-01  2e+00 344:02.8
  491   5892 2.144214674503717e-02 1.0e+01 1.47e+00  8e-01  2e+00 347:33.9
  496   5952 4.301789037170459e-02 9.8e+00 1.40e+00  8e-01  2e+00 351:04.6
  500   6000 6.034996128237566e-02 9.7e+00 1.34e+00  8e-01  2e+00 353:53.0
  505   6060 1.638991386335503e-02 9.7e+00 1.28e+00  7e-01  2e+00 357:23.6
  510   6120 5.321837909728120e-02 9.8e+00 1.21e+00  7e-01  1e+00 360:54.4
  515   6180 2.966835436320456e-02 1.0e+01 1.13e+00  6e-01  1e+00 364:25.1
  520   6240 3.133844629387140e-02 9.9e+00 1.05e+00  6e-01  1e+00 367:56.2
  525   6300 5.423971864593326e-02 1.0e+01 9.36e-01  5e-01  1e+00 371:27.0
  530   6360 1.148085383526637e-02 1.0e+01 8.79e-01  5e-01  1e+00 374:57.9
  535   6420 3.868404793823779e-02 1.0e+01 9.63e-01  5e-01  1e+00 378:28.5
  540   6480 3.335656210020863e-02 1.0e+01 8.78e-01  5e-01  1e+00 381:59.5
  545   6540 -4.423579509441685e-03 1.0e+01 8.34e-01  5e-01  1e+00 385:30.6
  550   6600 1.152804062917263e-02 1.0e+01 7.84e-01  4e-01  9e-01 389:01.7
  555   6660 6.200296608744303e-02 9.9e+00 7.53e-01  4e-01  9e-01 392:32.4
  560   6720 6.252558438555902e-02 1.0e+01 6.76e-01  4e-01  8e-01 396:03.4
  565   6780 3.169615829524127e-02 1.0e+01 6.16e-01  3e-01  7e-01 399:34.5
  570   6840 2.661448590019005e-02 1.0e+01 5.95e-01  3e-01  7e-01 403:05.4
  575   6900 -5.336666861601832e-03 1.0e+01 5.65e-01  3e-01  7e-01 406:35.9
  580   6960 1.717383888200639e-02 1.0e+01 6.05e-01  3e-01  7e-01 410:06.7
  585   7020 2.324058732890955e-02 1.0e+01 6.63e-01  3e-01  8e-01 413:37.4
  590   7080 4.058484958258941e-02 1.0e+01 6.60e-01  3e-01  8e-01 417:08.3
  595   7140 7.451840117795533e-02 1.0e+01 8.11e-01  4e-01  9e-01 420:39.0
  600   7200 2.319354723136427e-02 1.1e+01 8.24e-01  4e-01  1e+00 424:10.0
  605   7260 2.977495011119322e-02 1.1e+01 7.80e-01  4e-01  9e-01 427:41.0
  610   7320 3.755417647853265e-02 1.1e+01 7.90e-01  4e-01  9e-01 431:12.4
  615   7380 5.039073756948925e-02 1.1e+01 6.96e-01  3e-01  8e-01 434:43.1
  620   7440 6.088677431848020e-02 1.1e+01 6.77e-01  3e-01  8e-01 438:14.3
  625   7500 7.166602788102519e-03 1.1e+01 6.50e-01  3e-01  7e-01 441:45.5
  630   7560 1.677981872788046e-02 1.1e+01 7.08e-01  3e-01  8e-01 445:16.6
  636   7632 9.348783818304493e-03 1.1e+01 7.51e-01  4e-01  8e-01 449:29.7
  642   7704 3.709167568357020e-02 1.1e+01 8.18e-01  4e-01  9e-01 453:43.3
  648   7776 4.190272048471394e-02 1.1e+01 7.67e-01  4e-01  8e-01 457:56.7
  654   7848 5.549314147052210e-02 1.1e+01 7.55e-01  4e-01  8e-01 462:09.9
  660   7920 6.627006903120478e-02 1.2e+01 7.28e-01  4e-01  8e-01 466:23.1
  666   7992 4.163887958624016e-02 1.2e+01 7.46e-01  4e-01  8e-01 470:36.4
  672   8064 2.270554304914127e-02 1.2e+01 8.67e-01  5e-01  1e+00 474:49.3
  678   8136 2.037814535062662e-02 1.1e+01 8.83e-01  5e-01  9e-01 479:02.6
  684   8208 4.054469524504106e-02 1.2e+01 7.70e-01  4e-01  8e-01 483:15.9
  690   8280 1.627188262495632e-02 1.2e+01 6.73e-01  4e-01  7e-01 487:29.0
  696   8352 1.799465924819071e-02 1.2e+01 6.47e-01  3e-01  7e-01 491:41.9
  700   8400 -1.156172554985027e-02 1.2e+01 6.74e-01  4e-01  7e-01 494:30.9
  706   8472 1.141381375535220e-02 1.2e+01 8.23e-01  4e-01  9e-01 498:44.2
  712   8544 1.501844627347740e-02 1.2e+01 9.29e-01  5e-01  1e+00 502:57.6
  718   8616 4.062934727804885e-02 1.2e+01 1.09e+00  6e-01  1e+00 507:11.0
  724   8688 2.261716211225305e-02 1.2e+01 1.17e+00  6e-01  1e+00 511:24.3
  730   8760 1.266627046776621e-02 1.2e+01 1.21e+00  7e-01  1e+00 515:37.5
  736   8832 5.680337181577221e-02 1.3e+01 1.20e+00  7e-01  1e+00 519:50.3
  742   8904 6.377875542453085e-02 1.3e+01 1.00e+00  6e-01  1e+00 524:03.4
  748   8976 5.504762208977947e-02 1.4e+01 9.70e-01  5e-01  1e+00 528:16.9
  754   9048 4.340586955078337e-02 1.4e+01 9.11e-01  5e-01  1e+00 532:30.2
  760   9120 2.678583227540874e-02 1.5e+01 1.01e+00  6e-01  1e+00 536:43.6
  766   9192 5.335142609656887e-02 1.4e+01 1.06e+00  6e-01  1e+00 540:56.8
  772   9264 6.179478516758791e-02 1.5e+01 9.73e-01  5e-01  1e+00 545:10.1
  778   9336 2.024483958617852e-02 1.5e+01 9.92e-01  5e-01  1e+00 549:23.3
  784   9408 4.220055569705071e-02 1.4e+01 8.89e-01  5e-01  9e-01 553:36.9
  790   9480 1.985141251290923e-02 1.5e+01 7.45e-01  4e-01  8e-01 557:50.4
  795   9540 1.798890192693816e-02 1.5e+01 6.17e-01  3e-01  6e-01 561:21.2
Budget constraint satisfied 75.28893280029297 1002.8811492919922 Difference:  927.5922164916992
Budget constraint satisfied 0.0 1002.8811492919922 Difference:  1002.8811492919922
two_most_probable_states: ['00000001000', '00000000000']
final_expectation_value: -0.06981742628088902
params: [1.1629727829657623, 0.8924333975628254, 0.8227271750732603, 1.4157964858483194, -1.5780922098705896, 0.24707838796345916, 0.20926868264671494, 2.560813092336728, 2.6654625204993723, 4.909765766729404, 0.5970066442720983, 0.1916025887825779, -2.47750483169666, -0.3703412784651622, -0.32784562654104393, 3.725844472622909, 2.8538954865343924, 2.379852927109198, 0.21206572365211313, 2.7329915588532208]
total_steps: 795
states_probs: [0.010947214729634508, 0.011266475781293693]
optimized_portfolios: [{'AMGN': 0, 'CRM': 0, 'IBM': 0, 'NKE': 1}, {'AMGN': 0, 'CRM': 0, 'IBM': 0, 'NKE': 0}]
objective_values: [-3.2239253088245463, -0.0]
result_with_budget: [{'portfolio': {'AMGN': 0, 'CRM': 0, 'IBM': 0, 'NKE': 1}, 'budget': 75.28893280029297, 'difference': 927.5922164916992}, {'portfolio': {'AMGN': 0, 'CRM': 0, 'IBM': 0, 'NKE': 0}, 'budget': 0.0, 'difference': 1002.8811492919922}]
Processing experiment 181
Budget: 377.22999572753906
Expected returns: 0.13283861453386916
Covariance matrix: 0.499593920153012
3rd-order coskewness tensor: 0.059694549979533516
4th-order cokurtosis tensor: 12.491743691618415
Number of qubits for asset HON: 1
Number of qubits for asset NKE: 3
Number of qubits for asset UNH: 1
Number of qubits for asset VZ: 4
Total number of qubits:  9
Optimized Weights (considering variance, skewness and kurtosis):
HON: 8.93%
NKE: 30.15%
UNH: 21.11%
VZ: 39.82%
Left over budget:  30.183527945872584
Optimized Discrete Allocation:
NKE: 2
VZ: 5
Maximized utility from continuous higher moments:  -411.44905936873084
Budget constraint not satisfied 378.5638732910156 377.22999572753906 Difference:  -1.3338775634765625
Budget constraint satisfied 375.26536560058594 377.22999572753906 Difference:  1.964630126953125
smallest_eigenvalues: [-0.06769552702586032]
smallest_bitstrings: ['110000100']
first_excited_energy: -0.06762560139728019
optimized_portfolio: [{'HON': 1, 'NKE': 1, 'UNH': 0, 'VZ': 2}]
second_optimized_portfolio: [{'HON': 1, 'NKE': 2, 'UNH': 0, 'VZ': 0}]
result_with_budget: [{'portfolio': {'HON': 1, 'NKE': 1, 'UNH': 0, 'VZ': 2}, 'budget': 378.5638732910156, 'difference': -1.3338775634765625, 'objective_value': -26.39875614538539}]
result_with_budget_excited: [{'portfolio': {'HON': 1, 'NKE': 2, 'UNH': 0, 'VZ': 0}, 'budget': 375.26536560058594, 'difference': 1.964630126953125, 'objective_value': -70.98504452223332}]
Initial params:  [1.19153186 2.99148926 2.24466958 1.73926527 2.30187014 2.60286753
 2.85282529 1.76340095 1.27149794 0.53933069 2.64846741 2.01333518
 0.28504305 0.74620757 3.13773841 0.4189451  3.01618451 1.13903519]
(6_w,12)-aCMA-ES (mu_w=3.7,w_1=40%) in dimension 18 (seed=1009534, Fri Mar 14 19:34:13 2025)
Iterat #Fevals   function value  axis ratio  sigma  min&max std  t[m:s]
    1     12 -3.659533759897437e-02 1.0e+00 1.41e+00  1e+00  1e+00 0:16.4
    2     24 -2.080454043270556e-02 1.1e+00 1.37e+00  1e+00  1e+00 0:32.8
    3     36 -2.465264958407546e-02 1.1e+00 1.38e+00  1e+00  1e+00 0:49.1
    4     48 3.885885149817786e-02 1.2e+00 1.36e+00  1e+00  1e+00 1:05.3
    5     60 -2.964332601700329e-02 1.2e+00 1.40e+00  1e+00  1e+00 1:21.7
    6     72 -3.957743306758393e-02 1.3e+00 1.40e+00  1e+00  1e+00 1:38.0
    7     84 -9.039436775656514e-03 1.3e+00 1.43e+00  1e+00  1e+00 1:54.3
    8     96 -3.858767748312233e-02 1.4e+00 1.42e+00  1e+00  1e+00 2:10.6
    9    108 -2.782459417519005e-02 1.4e+00 1.38e+00  1e+00  1e+00 2:27.0
   10    120 -1.933008834693204e-02 1.4e+00 1.34e+00  1e+00  1e+00 2:43.2
   11    132 -1.313812891382580e-02 1.4e+00 1.34e+00  1e+00  1e+00 2:59.4
   12    144 -1.530513383298694e-02 1.4e+00 1.36e+00  1e+00  1e+00 3:15.8
   13    156 -1.459343439324583e-02 1.5e+00 1.40e+00  1e+00  2e+00 3:32.1
   14    168 -1.435244828857305e-02 1.5e+00 1.49e+00  1e+00  2e+00 3:48.4
   15    180 -1.687454728301136e-02 1.5e+00 1.52e+00  1e+00  2e+00 4:04.7
   16    192 -3.582430083029691e-02 1.5e+00 1.54e+00  1e+00  2e+00 4:20.9
   17    204 -4.138531855488228e-02 1.5e+00 1.53e+00  1e+00  2e+00 4:37.3
   19    228 -2.674487039736065e-02 1.6e+00 1.53e+00  1e+00  2e+00 5:09.9
   21    252 -3.116764021821085e-02 1.5e+00 1.47e+00  1e+00  2e+00 5:42.5
   23    276 2.342159973309290e-02 1.5e+00 1.42e+00  1e+00  2e+00 6:15.1
   25    300 -1.939612193933605e-02 1.6e+00 1.46e+00  1e+00  2e+00 6:47.8
   27    324 -2.838138538871293e-02 1.6e+00 1.48e+00  1e+00  2e+00 7:20.4
   29    348 4.077394749626172e-03 1.7e+00 1.50e+00  1e+00  2e+00 7:53.0
   31    372 1.424398304083502e-02 1.8e+00 1.53e+00  1e+00  2e+00 8:25.6
   33    396 5.727200473739692e-02 1.9e+00 1.49e+00  1e+00  2e+00 8:58.3
   35    420 2.959648533150853e-02 1.9e+00 1.54e+00  1e+00  2e+00 9:31.0
   37    444 2.785121863429771e-02 2.0e+00 1.77e+00  2e+00  2e+00 10:03.6
   39    468 7.675507045365283e-03 2.1e+00 2.02e+00  2e+00  3e+00 10:36.1
   41    492 3.800990264958639e-02 2.1e+00 2.11e+00  2e+00  3e+00 11:08.6
   43    516 1.453230970112609e-02 2.2e+00 2.16e+00  2e+00  3e+00 11:41.2
   45    540 -7.615714028506088e-03 2.3e+00 2.14e+00  2e+00  3e+00 12:13.8
   47    564 6.358665795592755e-02 2.3e+00 2.07e+00  2e+00  2e+00 12:46.3
   49    588 -1.567955722247774e-02 2.3e+00 2.23e+00  2e+00  3e+00 13:19.0
   52    624 -2.300380945648960e-02 2.3e+00 2.83e+00  3e+00  4e+00 14:07.9
   55    660 -1.713814138836875e-02 2.4e+00 3.01e+00  3e+00  4e+00 14:56.8
   58    696 3.365824074084870e-02 2.4e+00 2.82e+00  3e+00  4e+00 15:45.7
   61    732 5.584384813572218e-02 2.4e+00 2.48e+00  2e+00  3e+00 16:34.7
   64    768 -4.502219692860836e-03 2.5e+00 2.26e+00  2e+00  3e+00 17:23.5
   67    804 2.028480603073059e-02 2.5e+00 1.85e+00  2e+00  2e+00 18:12.6
   70    840 -1.176546416656818e-02 2.5e+00 1.67e+00  1e+00  2e+00 19:01.3
   73    876 9.390741742630168e-03 2.5e+00 1.60e+00  1e+00  2e+00 19:50.2
   76    912 4.922345730679521e-02 2.6e+00 1.53e+00  1e+00  2e+00 20:39.2
   79    948 -2.064903442213399e-03 2.6e+00 1.46e+00  1e+00  2e+00 21:28.1
   82    984 3.877898342786281e-03 2.6e+00 1.35e+00  1e+00  2e+00 22:16.9
   85   1020 6.248142377385969e-02 2.5e+00 1.26e+00  1e+00  2e+00 23:05.9
   88   1056 2.030065130942099e-02 2.6e+00 1.23e+00  1e+00  1e+00 23:54.9
   91   1092 3.014646223465721e-02 2.6e+00 1.14e+00  1e+00  1e+00 24:43.7
   94   1128 2.303324785822561e-02 2.7e+00 1.20e+00  1e+00  1e+00 25:32.6
   97   1164 1.577608958625838e-03 2.7e+00 1.29e+00  1e+00  2e+00 26:21.6
  100   1200 -2.572723842125306e-02 2.7e+00 1.42e+00  1e+00  2e+00 27:10.5
  104   1248 -8.685974453494970e-03 2.7e+00 1.34e+00  1e+00  2e+00 28:15.8
  108   1296 -1.452997636967470e-03 2.8e+00 1.42e+00  1e+00  2e+00 29:21.1
  112   1344 -1.277170282191442e-02 2.9e+00 1.42e+00  1e+00  2e+00 30:26.4
  116   1392 -1.207015016771299e-02 2.9e+00 1.29e+00  1e+00  1e+00 31:31.5
  120   1440 -2.354103692656685e-02 3.0e+00 1.29e+00  1e+00  2e+00 32:37.0
  124   1488 1.838700376457994e-03 3.0e+00 1.25e+00  1e+00  1e+00 33:42.3
  128   1536 -7.785003272386957e-03 3.1e+00 1.10e+00  1e+00  1e+00 34:47.6
  132   1584 -2.812746161857981e-02 3.1e+00 1.19e+00  1e+00  1e+00 35:53.1
  136   1632 7.828022247824093e-03 3.1e+00 1.52e+00  1e+00  2e+00 36:58.5
  140   1680 4.746310945709617e-03 3.1e+00 1.42e+00  1e+00  2e+00 38:03.9
  144   1728 -1.696175115012577e-02 3.1e+00 1.49e+00  1e+00  2e+00 39:09.2
  148   1776 -2.414610773128689e-02 3.3e+00 1.47e+00  1e+00  2e+00 40:14.5
  152   1824 -8.120043803496553e-03 3.5e+00 1.40e+00  1e+00  2e+00 41:19.9
  156   1872 4.863039843307449e-03 3.5e+00 1.34e+00  1e+00  1e+00 42:25.2
  160   1920 -2.697157956566851e-02 3.6e+00 1.42e+00  1e+00  2e+00 43:30.4
  164   1968 4.456047157479789e-02 3.6e+00 1.52e+00  1e+00  2e+00 44:35.8
  169   2028 -3.827348974832120e-03 3.5e+00 1.34e+00  1e+00  2e+00 45:57.4
  174   2088 2.104202526602379e-02 3.7e+00 1.06e+00  9e-01  1e+00 47:19.0
  179   2148 -2.710141539883591e-02 3.8e+00 7.68e-01  6e-01  9e-01 48:40.6
  184   2208 -1.627950892425808e-02 3.9e+00 6.80e-01  5e-01  8e-01 50:02.0
  189   2268 -2.250319081587071e-02 4.0e+00 8.63e-01  7e-01  1e+00 51:23.5
  194   2328 2.898829693655790e-02 4.0e+00 8.13e-01  6e-01  9e-01 52:45.0
  199   2388 -1.333714279173966e-03 4.0e+00 8.11e-01  6e-01  9e-01 54:06.4
  200   2400 -1.414106524603342e-02 4.0e+00 8.63e-01  7e-01  9e-01 54:22.7
  205   2460 1.372308312228623e-02 4.0e+00 8.64e-01  7e-01  9e-01 55:44.4
  210   2520 -5.418252884874997e-03 4.1e+00 8.33e-01  7e-01  9e-01 57:05.8
  215   2580 3.360821434939809e-02 4.1e+00 8.47e-01  7e-01  9e-01 58:27.1
  220   2640 -2.536053914054781e-03 4.3e+00 6.86e-01  5e-01  8e-01 59:48.4
  225   2700 -2.922272139640841e-02 4.5e+00 6.98e-01  5e-01  8e-01 61:09.7
  230   2760 1.534021851785098e-02 4.4e+00 6.63e-01  5e-01  7e-01 62:31.2
  235   2820 -3.013264019291724e-02 4.5e+00 6.54e-01  5e-01  7e-01 63:52.7
  240   2880 -1.303342201166872e-02 4.5e+00 6.89e-01  5e-01  8e-01 65:14.1
  246   2952 2.284246941894451e-02 4.4e+00 7.46e-01  6e-01  9e-01 66:51.5
  252   3024 1.472147694958399e-03 4.3e+00 8.75e-01  7e-01  1e+00 68:29.4
  258   3096 -1.237448166958183e-02 4.3e+00 9.20e-01  7e-01  1e+00 70:07.0
  264   3168 -9.642421858718893e-03 4.5e+00 1.01e+00  8e-01  1e+00 71:44.7
  270   3240 -1.120449685159440e-02 4.4e+00 9.63e-01  7e-01  1e+00 73:22.3
  276   3312 -9.781708944461473e-03 4.7e+00 1.09e+00  8e-01  1e+00 75:00.1
  282   3384 1.300750057265275e-02 4.9e+00 1.19e+00  9e-01  1e+00 76:37.8
  288   3456 -7.114371621864696e-03 5.1e+00 1.28e+00  9e-01  2e+00 78:15.6
  294   3528 1.383389185060864e-02 5.1e+00 1.27e+00  9e-01  2e+00 79:53.3
  300   3600 8.436477835435663e-03 5.0e+00 1.46e+00  1e+00  2e+00 81:30.9
  306   3672 1.843706966559788e-03 5.2e+00 1.70e+00  1e+00  2e+00 83:08.7
  312   3744 5.975986122047520e-02 5.2e+00 1.81e+00  1e+00  2e+00 84:46.2
  318   3816 -1.599880389822579e-02 5.6e+00 2.07e+00  1e+00  2e+00 86:23.8
  324   3888 3.446794901674852e-02 5.6e+00 2.68e+00  2e+00  3e+00 88:01.4
  330   3960 4.734943636665354e-02 5.7e+00 2.74e+00  2e+00  3e+00 89:39.1
  336   4032 -1.290457928902270e-03 5.7e+00 2.73e+00  2e+00  3e+00 91:16.7
  343   4116 4.022767665185124e-02 5.8e+00 2.54e+00  2e+00  3e+00 93:10.5
  350   4200 2.171786949762209e-02 5.9e+00 2.52e+00  2e+00  3e+00 95:04.5
  357   4284 4.158749937371620e-02 5.9e+00 1.78e+00  1e+00  2e+00 96:58.4
  364   4368 2.853753267711301e-02 6.0e+00 1.53e+00  1e+00  2e+00 98:52.2
  371   4452 2.224430183580882e-02 6.3e+00 1.53e+00  1e+00  2e+00 100:46.2
  378   4536 -1.216070462139515e-02 6.1e+00 1.68e+00  1e+00  2e+00 102:40.1
  385   4620 5.835200906458620e-02 6.4e+00 1.63e+00  1e+00  2e+00 104:34.1
  392   4704 5.095705689151339e-03 6.6e+00 1.65e+00  1e+00  2e+00 106:28.1
  399   4788 3.305866756372115e-02 6.9e+00 1.30e+00  9e-01  1e+00 108:21.8
  400   4800 3.596235069878689e-02 6.8e+00 1.28e+00  8e-01  1e+00 108:38.1
  407   4884 3.900490048535397e-02 7.5e+00 1.37e+00  9e-01  1e+00 110:32.1
  414   4968 -9.914537638556912e-03 7.7e+00 1.60e+00  1e+00  2e+00 112:26.0
  421   5052 4.065122406895334e-02 8.0e+00 1.81e+00  1e+00  2e+00 114:19.9
  428   5136 1.149816368982775e-03 8.4e+00 1.76e+00  1e+00  2e+00 116:13.8
  435   5220 3.162232399316140e-02 8.3e+00 2.17e+00  1e+00  2e+00 118:07.8
  442   5304 3.093496844938929e-02 8.4e+00 2.30e+00  2e+00  2e+00 120:01.6
  450   5400 1.146467577111429e-02 8.7e+00 2.64e+00  2e+00  3e+00 122:11.7
  458   5496 6.846560055203889e-02 9.4e+00 3.04e+00  2e+00  3e+00 124:21.5
  466   5592 -1.824322636274884e-02 9.9e+00 2.92e+00  2e+00  3e+00 126:31.7
  474   5688 1.790948731367261e-02 9.8e+00 3.23e+00  2e+00  4e+00 128:42.0
  482   5784 5.006565271277549e-02 1.0e+01 2.69e+00  2e+00  3e+00 130:52.0
  490   5880 2.014725667148418e-02 1.0e+01 2.70e+00  2e+00  3e+00 133:02.4
  498   5976 4.093195038250755e-02 1.1e+01 3.09e+00  2e+00  3e+00 135:12.8
  500   6000 -1.818439378710119e-03 1.1e+01 3.10e+00  2e+00  3e+00 135:45.3
  508   6096 3.593765249565976e-02 1.1e+01 3.88e+00  3e+00  5e+00 137:55.3
  516   6192 1.141171993145439e-01 1.1e+01 4.90e+00  3e+00  6e+00 140:05.7
  524   6288 7.367045875845650e-03 1.1e+01 4.77e+00  3e+00  6e+00 142:15.6
  532   6384 2.153141143086858e-02 1.2e+01 5.17e+00  4e+00  6e+00 144:25.8
  540   6480 8.188191583581800e-02 1.3e+01 4.44e+00  3e+00  5e+00 146:36.1
  548   6576 4.732130738699829e-02 1.3e+01 3.51e+00  2e+00  4e+00 148:46.5
  556   6672 3.570062755997216e-02 1.3e+01 3.61e+00  2e+00  4e+00 150:56.8
  564   6768 1.888694029216575e-02 1.3e+01 3.41e+00  2e+00  4e+00 153:07.0
  572   6864 1.010039271166003e-01 1.3e+01 2.82e+00  2e+00  3e+00 155:17.5
  581   6972 6.531129341150002e-02 1.3e+01 2.76e+00  2e+00  3e+00 157:44.0
  590   7080 5.271987097549716e-02 1.3e+01 2.99e+00  2e+00  3e+00 160:10.4
  599   7188 2.216717856153213e-02 1.2e+01 2.71e+00  2e+00  3e+00 162:37.0
  600   7200 4.509740863386500e-02 1.2e+01 2.76e+00  2e+00  3e+00 162:53.2
  609   7308 6.006165614918822e-02 1.2e+01 3.15e+00  2e+00  4e+00 165:19.9
  618   7416 1.334747110198100e-01 1.2e+01 2.98e+00  2e+00  3e+00 167:46.6
  627   7524 7.389388452483518e-02 1.2e+01 2.50e+00  2e+00  3e+00 170:13.1
  636   7632 9.452023906682486e-02 1.2e+01 2.30e+00  2e+00  3e+00 172:39.6
  645   7740 1.231612179167595e-02 1.2e+01 1.89e+00  1e+00  2e+00 175:06.3
  654   7848 4.617849737991368e-02 1.2e+01 2.15e+00  1e+00  2e+00 177:32.6
  663   7956 5.320764391433625e-02 1.2e+01 1.89e+00  1e+00  2e+00 179:59.3
  672   8064 4.720538232235343e-02 1.3e+01 1.88e+00  1e+00  2e+00 182:25.7
  681   8172 4.820762859928678e-02 1.4e+01 2.07e+00  1e+00  2e+00 184:52.3
  690   8280 6.168759391808862e-02 1.4e+01 1.71e+00  1e+00  2e+00 187:18.7
  699   8388 3.646075960399797e-02 1.5e+01 1.47e+00  9e-01  2e+00 189:45.2
  700   8400 6.172430117557800e-02 1.5e+01 1.43e+00  9e-01  2e+00 190:01.4
  710   8520 5.015839414314474e-02 1.6e+01 1.13e+00  7e-01  1e+00 192:44.4
  720   8640 -5.066879807569755e-03 1.6e+01 7.24e-01  4e-01  8e-01 195:27.1
  730   8760 3.400582535754418e-02 1.6e+01 6.71e-01  4e-01  7e-01 198:09.7
  740   8880 2.197093880648299e-03 1.7e+01 6.96e-01  4e-01  8e-01 200:52.3
  750   9000 3.991236743173681e-02 1.8e+01 6.17e-01  3e-01  7e-01 203:35.1
  760   9120 -6.067416755617356e-03 1.8e+01 4.40e-01  3e-01  5e-01 206:17.9
  770   9240 -1.475154858718077e-02 1.8e+01 2.74e-01  2e-01  3e-01 209:00.6
  780   9360 -2.263351205778607e-02 1.9e+01 3.35e-01  2e-01  4e-01 211:43.4
  790   9480 -2.636176031449217e-02 1.8e+01 3.07e-01  2e-01  4e-01 214:26.0
  800   9600 -3.017081145912626e-02 1.8e+01 2.06e-01  1e-01  2e-01 217:09.2
  810   9720 -4.439458542616766e-02 1.8e+01 1.38e-01  7e-02  2e-01 219:52.1
  820   9840 -4.695367727599701e-02 1.7e+01 1.01e-01  5e-02  1e-01 222:34.8
  830   9960 -4.727092337036813e-02 1.7e+01 6.99e-02  3e-02  8e-02 225:17.6
  840  10080 -4.817306585407349e-02 1.7e+01 5.43e-02  3e-02  6e-02 228:00.2
  850  10200 -4.864161070333257e-02 1.7e+01 5.66e-02  3e-02  6e-02 230:43.0
  860  10320 -4.943423253866876e-02 1.6e+01 5.18e-02  2e-02  5e-02 233:25.6
  871  10452 -4.969000650482873e-02 1.6e+01 5.35e-02  2e-02  5e-02 236:24.5
  882  10584 -5.017457855717672e-02 1.6e+01 4.27e-02  2e-02  4e-02 239:23.5
  893  10716 -5.053762267753040e-02 1.8e+01 4.86e-02  2e-02  5e-02 242:22.6
  900  10800 -5.099977479595563e-02 1.9e+01 5.51e-02  2e-02  5e-02 244:16.5
  911  10932 -5.118106256703560e-02 2.0e+01 6.93e-02  2e-02  7e-02 247:15.4
  922  11064 -5.140666566363669e-02 1.9e+01 5.26e-02  2e-02  5e-02 250:14.6
  933  11196 -5.173138134100499e-02 1.9e+01 4.14e-02  1e-02  4e-02 253:13.7
  944  11328 -5.195995850049440e-02 2.0e+01 8.15e-02  2e-02  8e-02 256:13.1
  955  11460 -5.227137363102606e-02 1.9e+01 6.67e-02  2e-02  7e-02 259:12.1
  966  11592 -5.253571619244061e-02 2.0e+01 4.84e-02  1e-02  5e-02 262:11.4
  977  11724 -5.275584431609370e-02 2.0e+01 4.72e-02  1e-02  5e-02 265:10.5
  988  11856 -5.303910316205399e-02 2.1e+01 7.57e-02  1e-02  8e-02 268:09.8
  999  11988 -5.325527411574717e-02 2.5e+01 8.22e-02  1e-02  1e-01 271:09.1
 1000  12000 -5.329849375124718e-02 2.5e+01 8.33e-02  1e-02  1e-01 271:25.4
Budget constraint satisfied 224.6875 377.22999572753906 Difference:  152.54249572753906
Budget constraint satisfied 301.1557312011719 377.22999572753906 Difference:  76.07426452636719
two_most_probable_states: ['100000000', '000100000']
final_expectation_value: -0.05329849375124718
params: [3.4032423152613767, 4.971840825545371, -13.28814985381013, -3.1637192211739054, 11.663036788373939, -2.72013472141402, 19.87963195893687, 2.733356678837321, -3.962784951182325, 10.185643843039754, 13.349321708047169, -1.5272846393653308, 34.454332870498156, -0.038827999036229924, 23.427238712020277, 15.245168307863251, 9.768043739352596, -14.07966452471781]
total_steps: 1000
states_probs: [0.08346639095349061, 0.10010647430406988]
optimized_portfolios: [{'HON': 1, 'NKE': 0, 'UNH': 0, 'VZ': 0}, {'HON': 0, 'NKE': 4, 'UNH': 0, 'VZ': 0}]
objective_values: [-2.8987820719286663, -479.2760408638337]
result_with_budget: [{'portfolio': {'HON': 1, 'NKE': 0, 'UNH': 0, 'VZ': 0}, 'budget': 224.6875, 'difference': 152.54249572753906}, {'portfolio': {'HON': 0, 'NKE': 4, 'UNH': 0, 'VZ': 0}, 'budget': 301.1557312011719, 'difference': 76.07426452636719}]
Processing experiment 182
Budget: 977.8497467041016
Expected returns: 0.1067799764358019
Covariance matrix: 0.46924846594996
3rd-order coskewness tensor: -0.4193757781722564
4th-order cokurtosis tensor: 9.892031564575486
Number of qubits for asset IBM: 3
Number of qubits for asset KO: 4
Number of qubits for asset MMM: 3
Number of qubits for asset V: 2
Total number of qubits:  12
Optimized Weights (considering variance, skewness and kurtosis):
IBM: 21.60%
KO: 20.32%
MMM: 29.23%
V: 28.85%
Left over budget:  0.2727849828356739
Optimized Discrete Allocation:
IBM: 1
KO: 3
MMM: 2
V: 1
Maximized utility from continuous higher moments:  -912.7113568639135
Budget constraint satisfied 977.8497467041016 977.8497467041016 Difference:  0.0
Budget constraint satisfied 970.6345825195312 977.8497467041016 Difference:  7.2151641845703125
smallest_eigenvalues: [-0.08442436409105822]
smallest_bitstrings: ['100000010001']
first_excited_energy: -0.08440230781134578
optimized_portfolio: [{'IBM': 1, 'KO': 0, 'MMM': 1, 'V': 2}]
second_optimized_portfolio: [{'IBM': 3, 'KO': 0, 'MMM': 0, 'V': 1}]
result_with_budget: [{'portfolio': {'IBM': 1, 'KO': 0, 'MMM': 1, 'V': 2}, 'budget': 977.8497467041016, 'difference': 0.0, 'objective_value': -128.38975409133502}]
result_with_budget_excited: [{'portfolio': {'IBM': 3, 'KO': 0, 'MMM': 0, 'V': 1}, 'budget': 970.6345825195312, 'difference': 7.2151641845703125, 'objective_value': -201.88109434923882}]
Initial params:  [2.57952916 3.01352729 1.87746064 2.40414651 0.37922752 2.94728816
 0.01895545 1.59301622 2.2000468  0.1707023  0.46161532 1.55847916
 1.50196262 0.74126701 3.04981059 0.6500321  0.9695686  3.02103008
 0.59840369 2.86334838]
(6_w,12)-aCMA-ES (mu_w=3.7,w_1=40%) in dimension 20 (seed=997840, Sat Mar 15 00:06:44 2025)
Iterat #Fevals   function value  axis ratio  sigma  min&max std  t[m:s]
    1     12 -5.445160608767120e-02 1.0e+00 1.42e+00  1e+00  1e+00 1:03.7
    2     24 -3.119625184704018e-02 1.1e+00 1.40e+00  1e+00  1e+00 2:07.6
    3     36 -6.285866132161044e-02 1.2e+00 1.39e+00  1e+00  1e+00 3:11.3
    4     48 -3.052356923234784e-02 1.2e+00 1.31e+00  1e+00  1e+00 4:15.3
    5     60 -5.104989370208399e-02 1.2e+00 1.30e+00  1e+00  1e+00 5:19.0
    6     72 -4.196731148848051e-02 1.2e+00 1.29e+00  1e+00  1e+00 6:22.8
    7     84 -3.093746667298457e-02 1.3e+00 1.26e+00  1e+00  1e+00 7:26.5
    8     96 -4.536044557313244e-02 1.3e+00 1.25e+00  1e+00  1e+00 8:30.2
    9    108 -4.805212021401496e-02 1.3e+00 1.24e+00  1e+00  1e+00 9:33.8
   10    120 -5.189678362437233e-02 1.3e+00 1.27e+00  1e+00  1e+00 10:37.3
   11    132 -2.323366556824791e-02 1.3e+00 1.27e+00  1e+00  1e+00 11:40.9
   12    144 -5.323278021585379e-02 1.4e+00 1.35e+00  1e+00  1e+00 12:44.6
   13    156 -1.086785454392965e-02 1.4e+00 1.35e+00  1e+00  1e+00 13:48.3
   14    168 -5.517059269816699e-02 1.4e+00 1.41e+00  1e+00  1e+00 14:51.9
   15    180 -4.274468441989890e-02 1.5e+00 1.46e+00  1e+00  2e+00 15:55.5
   16    192 -6.801575759905285e-02 1.6e+00 1.42e+00  1e+00  2e+00 16:59.3
   17    204 -4.537415093549516e-02 1.6e+00 1.38e+00  1e+00  1e+00 18:02.9
   18    216 -5.403093844035317e-02 1.6e+00 1.35e+00  1e+00  1e+00 19:06.6
   19    228 -3.860816682910577e-02 1.7e+00 1.31e+00  1e+00  1e+00 20:10.4
   20    240 -5.897643549391942e-02 1.7e+00 1.27e+00  1e+00  1e+00 21:14.1
   21    252 -5.793764797045028e-02 1.7e+00 1.28e+00  1e+00  1e+00 22:17.9
   22    264 -2.425472537769270e-02 1.7e+00 1.30e+00  1e+00  1e+00 23:21.5
   23    276 -5.941193176178803e-02 1.7e+00 1.32e+00  1e+00  1e+00 24:25.3
   24    288 -4.288716736677425e-02 1.7e+00 1.32e+00  1e+00  1e+00 25:29.1
   25    300 -5.243218464302046e-02 1.8e+00 1.30e+00  1e+00  1e+00 26:32.7
   26    312 -6.094699839726879e-02 1.8e+00 1.31e+00  1e+00  1e+00 27:36.7
   27    324 -5.520999686524749e-02 1.8e+00 1.30e+00  1e+00  1e+00 28:40.3
   28    336 -4.058590518232204e-02 1.8e+00 1.29e+00  1e+00  1e+00 29:44.1
   29    348 -4.488402142710952e-02 1.8e+00 1.30e+00  1e+00  1e+00 30:47.9
   30    360 -1.939385613535887e-02 1.8e+00 1.29e+00  1e+00  1e+00 31:51.5
   31    372 -2.939679459616071e-02 1.8e+00 1.33e+00  1e+00  2e+00 32:55.3
   32    384 -4.347620967488067e-02 1.8e+00 1.35e+00  1e+00  2e+00 33:58.9
   33    396 -4.088575335039490e-02 1.8e+00 1.31e+00  1e+00  1e+00 35:02.7
   34    408 -4.837610082357233e-02 1.8e+00 1.27e+00  1e+00  1e+00 36:06.3
   35    420 -2.758626623708418e-02 1.9e+00 1.25e+00  1e+00  1e+00 37:10.1
   36    432 -2.983221144914118e-02 1.9e+00 1.25e+00  1e+00  1e+00 38:14.1
   37    444 -4.984473519115722e-02 1.9e+00 1.25e+00  1e+00  1e+00 39:17.7
   38    456 -2.061083215274293e-02 1.9e+00 1.24e+00  1e+00  1e+00 40:21.3
   39    468 -3.183473084705625e-02 1.9e+00 1.24e+00  1e+00  1e+00 41:24.9
   40    480 -6.004434363774772e-02 1.9e+00 1.22e+00  1e+00  1e+00 42:28.7
   41    492 -4.467387766883221e-02 1.9e+00 1.21e+00  1e+00  1e+00 43:32.4
   42    504 -3.978240352462740e-02 1.9e+00 1.21e+00  1e+00  1e+00 44:36.2
   43    516 -5.618543180717651e-02 1.9e+00 1.21e+00  1e+00  1e+00 45:39.9
   44    528 -5.610123936601330e-02 1.9e+00 1.22e+00  1e+00  1e+00 46:43.5
   45    540 -4.048892851399612e-02 2.0e+00 1.24e+00  1e+00  1e+00 47:47.3
   46    552 -5.756366651672089e-02 1.9e+00 1.21e+00  1e+00  1e+00 48:51.3
   47    564 -5.231073536758358e-02 1.9e+00 1.19e+00  1e+00  1e+00 49:55.2
   48    576 -4.216131952493889e-02 1.9e+00 1.16e+00  1e+00  1e+00 50:59.0
   49    588 -5.498922189727790e-02 1.9e+00 1.10e+00  1e+00  1e+00 52:02.6
   50    600 -4.859642868254384e-02 1.9e+00 1.04e+00  9e-01  1e+00 53:06.2
   51    612 -4.175460814469498e-02 1.9e+00 9.90e-01  9e-01  1e+00 54:10.0
   52    624 -6.348628898230776e-02 1.9e+00 9.52e-01  8e-01  1e+00 55:13.5
   53    636 -4.934533290947966e-02 1.9e+00 9.05e-01  8e-01  1e+00 56:16.9
   54    648 -5.558452932105448e-02 1.9e+00 8.77e-01  8e-01  1e+00 57:20.4
   55    660 -5.404494567439148e-02 1.9e+00 8.61e-01  7e-01  9e-01 58:24.0
   56    672 -5.725121367588656e-02 1.9e+00 8.52e-01  7e-01  9e-01 59:27.6
   57    684 -4.546382132699348e-02 1.9e+00 8.41e-01  7e-01  9e-01 60:31.1
   58    696 -3.796648768280560e-02 2.0e+00 8.32e-01  7e-01  9e-01 61:34.6
   59    708 -3.499220284235021e-02 2.0e+00 8.53e-01  7e-01  9e-01 62:38.1
   60    720 -5.664080946529126e-02 2.0e+00 8.67e-01  8e-01  9e-01 63:41.6
   61    732 7.502572229654505e-03 2.0e+00 8.68e-01  7e-01  9e-01 64:45.2
   62    744 -4.795174515200783e-02 2.1e+00 8.74e-01  8e-01  9e-01 65:49.1
   63    756 -2.635881947351083e-02 2.0e+00 8.55e-01  7e-01  9e-01 66:52.6
   64    768 -3.235268544279710e-02 2.1e+00 7.99e-01  7e-01  9e-01 67:56.1
   66    792 -3.506491402305292e-02 2.1e+00 7.44e-01  6e-01  8e-01 70:03.4
   68    816 -4.961944035134403e-02 2.1e+00 7.87e-01  7e-01  8e-01 72:10.8
   70    840 1.417482960313283e-03 2.1e+00 7.96e-01  7e-01  8e-01 74:17.9
   72    864 -4.466081366437334e-02 2.0e+00 7.42e-01  6e-01  8e-01 76:25.4
   74    888 -5.205305620215600e-02 2.1e+00 7.04e-01  6e-01  8e-01 78:32.5
   76    912 -5.918682404254355e-02 2.1e+00 6.72e-01  6e-01  7e-01 80:40.4
   78    936 -5.178931579089565e-02 2.1e+00 6.86e-01  6e-01  7e-01 82:47.1
   80    960 -5.941783905800302e-02 2.1e+00 7.00e-01  6e-01  7e-01 84:53.4
   82    984 2.167080690852983e-02 2.2e+00 7.04e-01  6e-01  8e-01 87:00.6
   84   1008 -5.949812628717293e-02 2.2e+00 6.70e-01  6e-01  7e-01 89:07.4
   86   1032 -1.269733788880009e-02 2.2e+00 6.27e-01  5e-01  7e-01 91:14.3
   88   1056 -5.842212243293048e-02 2.2e+00 6.20e-01  5e-01  7e-01 93:21.2
   90   1080 -2.168681690709318e-02 2.3e+00 5.93e-01  5e-01  6e-01 95:28.1
   92   1104 -3.396980754440671e-02 2.4e+00 5.56e-01  4e-01  6e-01 97:35.1
   94   1128 -3.941886218049739e-02 2.4e+00 5.81e-01  5e-01  6e-01 99:41.7
   96   1152 -6.011297988579117e-03 2.4e+00 6.16e-01  5e-01  7e-01 101:48.5
   98   1176 -6.188760185860012e-02 2.4e+00 6.25e-01  5e-01  7e-01 103:55.4
  100   1200 -4.094370674355730e-02 2.5e+00 6.05e-01  5e-01  7e-01 106:01.9
  102   1224 -3.484696058343473e-02 2.5e+00 5.92e-01  5e-01  6e-01 108:08.8
  104   1248 -4.300682588346707e-02 2.5e+00 5.86e-01  5e-01  6e-01 110:15.4
  106   1272 -4.723804249885434e-02 2.5e+00 5.86e-01  5e-01  6e-01 112:22.0
  108   1296 6.805411149567244e-03 2.6e+00 5.76e-01  5e-01  6e-01 114:28.7
  110   1320 -3.300370609744372e-02 2.6e+00 5.63e-01  4e-01  6e-01 116:35.6
  112   1344 -1.229923506691441e-02 2.7e+00 5.42e-01  4e-01  6e-01 118:42.3
  114   1368 -4.819496289231866e-02 2.8e+00 5.33e-01  4e-01  6e-01 120:48.9
  116   1392 -3.908540499261946e-02 2.8e+00 5.13e-01  4e-01  6e-01 122:55.7
  118   1416 -3.561532863589604e-02 2.9e+00 4.78e-01  4e-01  5e-01 125:02.6
  120   1440 -4.732844469286827e-02 3.0e+00 4.52e-01  4e-01  5e-01 127:09.3
  122   1464 -6.119356172581942e-02 3.0e+00 4.51e-01  4e-01  5e-01 129:16.0
  124   1488 -5.550581786909991e-02 3.0e+00 4.51e-01  4e-01  5e-01 131:22.9
  126   1512 -3.210478316459103e-02 3.0e+00 4.34e-01  3e-01  5e-01 133:29.9
  128   1536 -4.911996080030765e-02 3.0e+00 4.14e-01  3e-01  5e-01 135:36.8
  130   1560 -3.751722151248834e-02 3.0e+00 4.22e-01  3e-01  5e-01 137:43.3
  132   1584 -4.403069102987184e-02 3.1e+00 4.24e-01  3e-01  5e-01 139:50.3
  134   1608 -5.434716441100004e-02 3.1e+00 4.30e-01  3e-01  5e-01 141:57.1
  136   1632 -3.855328884247086e-02 3.1e+00 4.29e-01  3e-01  5e-01 144:03.9
  138   1656 -1.111222913609105e-02 3.1e+00 4.35e-01  3e-01  5e-01 146:10.6
  140   1680 -4.381461168992836e-02 3.0e+00 4.34e-01  3e-01  5e-01 148:17.3
  142   1704 -4.761705425138843e-02 3.0e+00 4.49e-01  3e-01  5e-01 150:24.1
  144   1728 -5.261804890595155e-02 2.9e+00 4.61e-01  4e-01  5e-01 152:30.7
  146   1752 -6.471999709135408e-02 3.0e+00 4.59e-01  3e-01  5e-01 154:37.5
  148   1776 -4.456957507289764e-02 3.1e+00 4.36e-01  3e-01  5e-01 156:44.4
  150   1800 -5.615838646716150e-02 3.1e+00 4.40e-01  3e-01  5e-01 158:50.9
  152   1824 -5.268782518907150e-02 3.2e+00 4.74e-01  4e-01  5e-01 160:57.7
  154   1848 -6.185872774810775e-02 3.2e+00 4.79e-01  4e-01  5e-01 163:04.3
  156   1872 -5.189014649739503e-02 3.3e+00 4.55e-01  3e-01  5e-01 165:11.3
  158   1896 -4.617132184372075e-02 3.4e+00 4.36e-01  3e-01  5e-01 167:17.9
  160   1920 -3.210682439159625e-02 3.4e+00 4.25e-01  3e-01  5e-01 169:24.7
  162   1944 -3.614535566340906e-02 3.5e+00 4.24e-01  3e-01  5e-01 171:31.8
  164   1968 -5.652272069476662e-02 3.6e+00 4.34e-01  3e-01  5e-01 173:38.4
  166   1992 -5.852645007122232e-02 3.6e+00 3.98e-01  3e-01  4e-01 175:45.3
  168   2016 -6.015072126145513e-02 3.7e+00 3.74e-01  3e-01  4e-01 177:52.0
  170   2040 -3.326347288627314e-02 3.7e+00 3.60e-01  3e-01  4e-01 179:58.6
  172   2064 -4.877873434427152e-02 3.8e+00 3.31e-01  3e-01  4e-01 182:05.3
  174   2088 -6.798411000078215e-02 3.9e+00 3.24e-01  2e-01  4e-01 184:12.0
  176   2112 -6.812721794846317e-02 4.0e+00 3.03e-01  2e-01  3e-01 186:18.8
  178   2136 -5.907015272372600e-02 4.1e+00 3.05e-01  2e-01  3e-01 188:25.7
  180   2160 -6.995745000045192e-02 4.2e+00 3.28e-01  2e-01  4e-01 190:32.6
  182   2184 -6.704727470764514e-02 4.3e+00 3.23e-01  2e-01  4e-01 192:39.4
  184   2208 -5.903923581294606e-02 4.3e+00 3.06e-01  2e-01  3e-01 194:46.2
  186   2232 -5.451251953349061e-02 4.3e+00 3.02e-01  2e-01  3e-01 196:53.1
  188   2256 -5.889427759369613e-02 4.3e+00 2.95e-01  2e-01  3e-01 199:00.1
  190   2280 -6.046453050568945e-02 4.3e+00 2.90e-01  2e-01  3e-01 201:06.9
  193   2316 -6.355594594020740e-02 4.3e+00 2.81e-01  2e-01  3e-01 204:16.8
  196   2352 -7.129663008162793e-02 4.4e+00 2.56e-01  2e-01  3e-01 207:26.7
  199   2388 -6.857866391590579e-02 4.4e+00 2.66e-01  2e-01  3e-01 210:37.2
  200   2400 -7.148527670760087e-02 4.5e+00 2.73e-01  2e-01  3e-01 211:40.5
  203   2436 -6.312042023375014e-02 4.7e+00 2.81e-01  2e-01  3e-01 214:51.3
  206   2472 -7.367083771310838e-02 4.9e+00 2.67e-01  2e-01  3e-01 218:01.4
  209   2508 -6.904339226599439e-02 4.9e+00 2.49e-01  2e-01  3e-01 221:11.5
  212   2544 -7.209997611147025e-02 4.9e+00 2.11e-01  1e-01  2e-01 224:21.9
  215   2580 -7.310656999321184e-02 5.0e+00 1.90e-01  1e-01  2e-01 227:31.9
  218   2616 -7.064611869708209e-02 5.0e+00 1.86e-01  1e-01  2e-01 230:42.2
  221   2652 -7.232204800811526e-02 5.1e+00 1.79e-01  1e-01  2e-01 233:52.3
  224   2688 -6.854720041226363e-02 5.2e+00 1.65e-01  1e-01  2e-01 237:02.7
  227   2724 -7.142024910867556e-02 5.3e+00 1.73e-01  1e-01  2e-01 240:13.3
  230   2760 -6.846789575605089e-02 5.4e+00 1.68e-01  1e-01  2e-01 243:23.4
  233   2796 -7.113389543093648e-02 5.5e+00 1.56e-01  9e-02  2e-01 246:33.6
  236   2832 -7.249091636272267e-02 5.6e+00 1.46e-01  8e-02  2e-01 249:44.2
  239   2868 -7.102586403464377e-02 5.7e+00 1.41e-01  8e-02  2e-01 252:54.2
  242   2904 -7.227999841871914e-02 5.9e+00 1.38e-01  8e-02  2e-01 256:04.7
  245   2940 -7.192453727822908e-02 6.1e+00 1.52e-01  9e-02  2e-01 259:14.9
  248   2976 -7.155221838874347e-02 6.2e+00 1.52e-01  8e-02  2e-01 262:25.5
  251   3012 -7.384278914605855e-02 6.5e+00 1.48e-01  8e-02  2e-01 265:35.7
  254   3048 -7.347751557770915e-02 6.5e+00 1.38e-01  7e-02  2e-01 268:45.9
  257   3084 -7.321944256788521e-02 6.6e+00 1.32e-01  7e-02  1e-01 271:56.9
  260   3120 -7.236522976493780e-02 7.1e+00 1.21e-01  6e-02  1e-01 275:07.1
  263   3156 -7.344508463854559e-02 7.2e+00 1.11e-01  6e-02  1e-01 278:17.4
  266   3192 -7.318005016060930e-02 7.3e+00 9.98e-02  5e-02  1e-01 281:28.0
  269   3228 -7.369348333527710e-02 7.6e+00 8.76e-02  4e-02  1e-01 284:38.7
  272   3264 -7.351843306076181e-02 7.9e+00 7.84e-02  4e-02  9e-02 287:49.1
  275   3300 -7.387999249961844e-02 8.0e+00 7.13e-02  3e-02  8e-02 290:59.4
  278   3336 -7.374420322802494e-02 8.1e+00 6.26e-02  3e-02  7e-02 294:10.1
  281   3372 -7.390682032366291e-02 8.0e+00 5.65e-02  3e-02  6e-02 297:20.8
  284   3408 -7.390836575123079e-02 8.1e+00 5.63e-02  3e-02  6e-02 300:31.3
  287   3444 -7.428560633922830e-02 8.1e+00 5.03e-02  2e-02  6e-02 303:42.5
  290   3480 -7.437413964507363e-02 8.5e+00 4.88e-02  2e-02  6e-02 306:52.9
  293   3516 -7.442326555730011e-02 8.6e+00 4.53e-02  2e-02  5e-02 310:03.4
  296   3552 -7.462654258240820e-02 9.0e+00 5.05e-02  2e-02  6e-02 313:14.0
  299   3588 -7.452629868599830e-02 9.5e+00 5.88e-02  3e-02  7e-02 316:24.3
  300   3600 -7.460823516256139e-02 9.5e+00 5.86e-02  3e-02  7e-02 317:27.8
  303   3636 -7.464925065236401e-02 1.0e+01 5.83e-02  3e-02  7e-02 320:38.0
  306   3672 -7.454496490974526e-02 1.1e+01 5.94e-02  3e-02  8e-02 323:48.6
  309   3708 -7.457148784049655e-02 1.1e+01 5.53e-02  2e-02  7e-02 326:59.6
  312   3744 -7.448384376265507e-02 1.2e+01 5.02e-02  2e-02  7e-02 330:09.6
  315   3780 -7.468375467112379e-02 1.2e+01 4.67e-02  2e-02  6e-02 333:19.7
  318   3816 -7.455961391698304e-02 1.2e+01 4.25e-02  2e-02  5e-02 336:30.3
  321   3852 -7.474761437032224e-02 1.2e+01 3.62e-02  1e-02  5e-02 339:40.9
  324   3888 -7.472120501316845e-02 1.3e+01 3.43e-02  1e-02  4e-02 342:51.2
  327   3924 -7.472578022007942e-02 1.3e+01 3.40e-02  1e-02  4e-02 346:02.1
  330   3960 -7.475276347230939e-02 1.3e+01 3.04e-02  1e-02  4e-02 349:12.2
  333   3996 -7.478023176414550e-02 1.3e+01 2.83e-02  1e-02  4e-02 352:22.3
  336   4032 -7.479015548906622e-02 1.4e+01 2.90e-02  1e-02  4e-02 355:32.8
  339   4068 -7.480152280266636e-02 1.4e+01 2.82e-02  1e-02  4e-02 358:42.9
  342   4104 -7.480793978709541e-02 1.4e+01 2.92e-02  1e-02  4e-02 361:53.2
  345   4140 -7.482146386241290e-02 1.4e+01 2.57e-02  9e-03  3e-02 365:03.5
  348   4176 -7.482538148871086e-02 1.4e+01 2.44e-02  9e-03  3e-02 368:14.4
  351   4212 -7.486235296231482e-02 1.5e+01 2.33e-02  8e-03  3e-02 371:25.0
  354   4248 -7.489688016180072e-02 1.5e+01 2.29e-02  8e-03  3e-02 374:34.9
  357   4284 -7.489194527137083e-02 1.6e+01 2.34e-02  8e-03  3e-02 377:45.7
  360   4320 -7.491792576444467e-02 1.7e+01 2.57e-02  8e-03  4e-02 380:55.8
  363   4356 -7.493557703916430e-02 1.8e+01 3.06e-02  1e-02  4e-02 384:06.5
  366   4392 -7.494406000703238e-02 1.9e+01 3.32e-02  1e-02  5e-02 387:16.9
  369   4428 -7.500150700276847e-02 2.0e+01 3.83e-02  1e-02  5e-02 390:27.9
  372   4464 -7.495322174588209e-02 2.1e+01 4.20e-02  1e-02  6e-02 393:38.0
  375   4500 -7.499260260096582e-02 2.2e+01 4.37e-02  1e-02  6e-02 396:47.9
  378   4536 -7.499382768968840e-02 2.2e+01 5.18e-02  2e-02  8e-02 399:58.5
  382   4584 -7.497802972019393e-02 2.3e+01 6.05e-02  2e-02  9e-02 404:12.1
  386   4632 -7.494448687575479e-02 2.4e+01 5.52e-02  2e-02  9e-02 408:25.3
  390   4680 -7.500801699688485e-02 2.5e+01 4.55e-02  1e-02  7e-02 412:38.9
  394   4728 -7.505701861405205e-02 2.5e+01 4.24e-02  1e-02  7e-02 416:52.1
  398   4776 -7.510341654742150e-02 2.6e+01 3.81e-02  1e-02  6e-02 421:06.0
  400   4800 -7.505984761030965e-02 2.7e+01 3.61e-02  1e-02  6e-02 423:12.6
  404   4848 -7.509073925847297e-02 2.8e+01 3.32e-02  9e-03  5e-02 427:26.4
  408   4896 -7.514329231657474e-02 2.9e+01 2.83e-02  8e-03  4e-02 431:39.8
  412   4944 -7.514571178340063e-02 3.0e+01 2.75e-02  7e-03  4e-02 435:53.5
  416   4992 -7.517134845038795e-02 3.2e+01 2.72e-02  7e-03  5e-02 440:06.8
  420   5040 -7.517555870221951e-02 3.4e+01 2.92e-02  8e-03  5e-02 444:19.9
  424   5088 -7.518370700887364e-02 3.6e+01 3.13e-02  8e-03  6e-02 448:33.3
  428   5136 -7.519433115146472e-02 3.7e+01 2.59e-02  7e-03  5e-02 452:47.2
  432   5184 -7.520209120453752e-02 3.8e+01 2.15e-02  6e-03  4e-02 457:01.3
  436   5232 -7.523604401360472e-02 3.8e+01 2.03e-02  5e-03  4e-02 461:14.9
  440   5280 -7.525564749356475e-02 3.8e+01 2.05e-02  5e-03  4e-02 465:28.5
  444   5328 -7.526140255510178e-02 3.9e+01 2.24e-02  6e-03  4e-02 469:42.0
  448   5376 -7.527666105321086e-02 4.2e+01 2.66e-02  7e-03  5e-02 473:55.8
  452   5424 -7.529022111628510e-02 4.4e+01 3.04e-02  8e-03  6e-02 478:09.4
  456   5472 -7.528840118842479e-02 4.6e+01 2.80e-02  7e-03  6e-02 482:23.1
  460   5520 -7.530567697543764e-02 4.8e+01 2.95e-02  7e-03  6e-02 486:36.7
  464   5568 -7.534751779796695e-02 4.7e+01 2.80e-02  7e-03  6e-02 490:50.3
  468   5616 -7.539186532334367e-02 5.1e+01 3.09e-02  7e-03  6e-02 495:04.4
  472   5664 -7.542454389301927e-02 5.3e+01 3.57e-02  9e-03  7e-02 499:17.9
  476   5712 -7.542476807842421e-02 5.4e+01 4.24e-02  1e-02  9e-02 503:31.7
  480   5760 -7.545937872824385e-02 5.7e+01 4.40e-02  1e-02  9e-02 507:45.3
  484   5808 -7.547851170869126e-02 5.8e+01 4.08e-02  9e-03  9e-02 511:58.9
  488   5856 -7.548688651314323e-02 6.0e+01 3.55e-02  8e-03  7e-02 516:12.7
  492   5904 -7.553001327328727e-02 6.2e+01 3.59e-02  8e-03  8e-02 520:25.8
  496   5952 -7.555632893629334e-02 6.3e+01 3.74e-02  9e-03  8e-02 524:39.3
  500   6000 -7.559376615486943e-02 6.7e+01 3.67e-02  9e-03  8e-02 528:52.9
  504   6048 -7.559313972030611e-02 6.9e+01 3.39e-02  8e-03  8e-02 533:06.4
  508   6096 -7.561666941032098e-02 7.2e+01 3.38e-02  8e-03  8e-02 537:20.2
  512   6144 -7.562880610605008e-02 7.9e+01 3.54e-02  8e-03  8e-02 541:33.8
  516   6192 -7.565409984335479e-02 8.0e+01 3.59e-02  8e-03  8e-02 545:47.3
  520   6240 -7.567141898917948e-02 7.9e+01 3.79e-02  9e-03  9e-02 550:00.4
  524   6288 -7.573116797724695e-02 8.4e+01 4.78e-02  1e-02  1e-01 554:14.6
  528   6336 -7.569237476443871e-02 8.7e+01 4.65e-02  1e-02  1e-01 558:28.5
  532   6384 -7.572759949455607e-02 8.6e+01 4.55e-02  1e-02  1e-01 562:41.9
  536   6432 -7.574010583260861e-02 8.8e+01 4.55e-02  9e-03  1e-01 566:55.3
  540   6480 -7.577793175038991e-02 8.7e+01 4.24e-02  9e-03  1e-01 571:09.0
  544   6528 -7.579929256265325e-02 8.6e+01 3.93e-02  8e-03  9e-02 575:22.5
  548   6576 -7.579705385481530e-02 8.5e+01 3.74e-02  8e-03  8e-02 579:36.0
  552   6624 -7.580863854674902e-02 8.7e+01 4.44e-02  9e-03  1e-01 583:49.7
  556   6672 -7.581336254833622e-02 9.0e+01 4.77e-02  9e-03  1e-01 588:03.1
  560   6720 -7.582771012696395e-02 9.0e+01 4.85e-02  9e-03  1e-01 592:16.8
  564   6768 -7.582563440593613e-02 9.1e+01 4.27e-02  8e-03  1e-01 596:30.6
  568   6816 -7.585519442196176e-02 9.1e+01 3.86e-02  7e-03  9e-02 600:44.7
  572   6864 -7.586840418449964e-02 9.0e+01 3.82e-02  7e-03  9e-02 604:58.1
  576   6912 -7.588334684999236e-02 9.1e+01 3.74e-02  7e-03  8e-02 609:12.1
