Running job array 5 on pe79.int.triton.aalto.fi
Starting at Fri Mar 21 16:01:41 EET 2025
Activating virtual environment at /scratch/work/uotilav2/quantum-portfolio/venv
Processing batch 6/100: experiments 5 to 5 (total 1)
Processing experiment 5
Budget: 840
YF.download() has changed argument auto_adjust default to True
Number of qubits for asset AAPL: 2
Number of qubits for asset KO: 4
Total number of qubits:  6
Optimized Weights (considering variance, skewness and kurtosis):
AAPL: 100.00%
KO: 0.00%
Left over budget:  27.76116285462058
Optimized Discrete Allocation:
AAPL: 3
KO: 1
Maximized utility from continuous higher moments:  -2.429439899920263
Budget constraint satisfied 812.2388343811035 840 Difference:  27.761165618896484
Budget constraint not satisfied 865.2547836303711 840 Difference:  -25.254783630371094
smallest_eigenvalues: [-0.6452506221325508]
smallest_bitstrings: ['111000']
first_excited_energy: -0.645193504688684
optimized_portfolio: [{'AAPL': 3, 'KO': 1}]
second_optimized_portfolio: [{'AAPL': 0, 'KO': 14}]
result_with_budget: [{'portfolio': {'AAPL': 3, 'KO': 1}, 'budget': 812.2388343811035, 'difference': 27.761165618896484, 'objective_value': -2.429439899920263}]
result_with_budget_excited: [{'portfolio': {'AAPL': 0, 'KO': 14}, 'budget': 865.2547836303711, 'difference': -25.254783630371094, 'objective_value': -1657.4929281944417}]
Initial params:  [2.9078476  0.22316636 0.27372477 0.06351797 2.61575239 2.44465153
 2.73322377 3.07442019 2.51063067 1.44978017 2.45210473 0.37157007]
(5_w,11)-aCMA-ES (mu_w=3.4,w_1=42%) in dimension 12 (seed=619243, Fri Mar 21 16:02:00 2025)
Iterat #Fevals   function value  axis ratio  sigma  min&max std  t[m:s]
    1     11 -5.069259599767730e-01 1.0e+00 9.29e-02  9e-02  9e-02 0:02.1
    2     22 -5.196017455107068e-01 1.2e+00 8.73e-02  8e-02  9e-02 0:04.2
    3     33 -5.305572279202928e-01 1.2e+00 8.79e-02  8e-02  9e-02 0:06.2
    5     55 -5.504375929507945e-01 1.3e+00 8.76e-02  8e-02  9e-02 0:10.5
    7     77 -5.681481265087650e-01 1.4e+00 9.25e-02  8e-02  1e-01 0:14.7
   10    110 -5.791887459563585e-01 1.7e+00 1.10e-01  1e-01  1e-01 0:21.0
   13    143 -5.878912730055250e-01 2.0e+00 1.15e-01  1e-01  1e-01 0:27.4
   17    187 -5.944272719997230e-01 2.5e+00 1.39e-01  1e-01  2e-01 0:35.8
   21    231 -5.964345256258248e-01 2.7e+00 1.45e-01  1e-01  2e-01 0:44.2
   26    286 -5.937008027452960e-01 3.1e+00 1.53e-01  1e-01  2e-01 0:54.8
   31    341 -5.998225600487435e-01 3.4e+00 1.66e-01  1e-01  2e-01 1:05.4
   37    407 -6.112272111196135e-01 4.5e+00 1.56e-01  1e-01  2e-01 1:18.2
   43    473 -6.139344648034386e-01 5.5e+00 1.27e-01  1e-01  2e-01 1:30.9
   50    550 -6.169724076488873e-01 6.2e+00 8.68e-02  6e-02  1e-01 1:45.6
   57    627 -6.195429984251513e-01 7.6e+00 7.54e-02  5e-02  1e-01 2:00.4
   64    704 -6.186506171783689e-01 1.0e+01 6.50e-02  4e-02  1e-01 2:15.4
   72    792 -6.190030205534581e-01 1.1e+01 4.94e-02  2e-02  8e-02 2:32.3
   81    891 -6.194166760634769e-01 1.4e+01 4.76e-02  2e-02  7e-02 2:51.1
   90    990 -6.196429527261412e-01 1.5e+01 4.49e-02  2e-02  6e-02 3:09.9
  100   1100 -6.202687680511387e-01 1.7e+01 3.89e-02  1e-02  5e-02 3:30.6
  110   1210 -6.210783763187829e-01 2.3e+01 6.91e-02  2e-02  1e-01 3:51.8
  120   1320 -6.213924111734764e-01 2.6e+01 6.60e-02  2e-02  1e-01 4:12.9
  131   1441 -6.226731830462968e-01 3.1e+01 5.85e-02  2e-02  1e-01 4:35.9
  142   1562 -6.237759650529340e-01 4.4e+01 6.05e-02  2e-02  1e-01 4:59.2
  154   1694 -6.249072543630549e-01 6.6e+01 6.35e-02  2e-02  2e-01 5:24.6
  167   1837 -6.250750360997293e-01 6.0e+01 8.57e-02  2e-02  2e-01 5:51.7
  180   1980 -6.257415282488764e-01 5.7e+01 7.62e-02  2e-02  2e-01 6:18.8
  193   2123 -6.263258551896991e-01 5.8e+01 6.19e-02  1e-02  1e-01 6:45.9
  200   2200 -6.264846376240172e-01 6.0e+01 4.65e-02  1e-02  9e-02 7:00.5
  214   2354 -6.267361916307012e-01 6.4e+01 3.74e-02  8e-03  8e-02 7:29.7
  229   2519 -6.270165598430182e-01 6.5e+01 3.96e-02  8e-03  7e-02 8:01.0
  244   2684 -6.272570045914877e-01 7.4e+01 2.88e-02  5e-03  5e-02 8:32.2
  259   2849 -6.274402344153681e-01 9.4e+01 3.65e-02  6e-03  7e-02 9:04.2
  275   3025 -6.274386950234574e-01 1.1e+02 3.94e-02  6e-03  8e-02 9:37.8
  292   3212 -6.275680873280158e-01 1.2e+02 2.95e-02  4e-03  6e-02 10:13.5
  300   3300 -6.275993347279890e-01 1.1e+02 2.59e-02  3e-03  5e-02 10:30.2
  318   3498 -6.277210159535637e-01 1.3e+02 2.87e-02  4e-03  6e-02 11:07.8
  336   3696 -6.278178936250391e-01 1.4e+02 3.18e-02  4e-03  7e-02 11:45.2
  355   3905 -6.278760456766258e-01 1.6e+02 2.60e-02  3e-03  6e-02 12:25.1
  374   4114 -6.279150093303173e-01 1.6e+02 2.38e-02  2e-03  5e-02 13:05.2
  393   4323 -6.279893710209239e-01 1.9e+02 4.22e-02  4e-03  8e-02 13:45.4
  400   4400 -6.280126968591477e-01 2.0e+02 4.06e-02  4e-03  7e-02 14:00.0
  421   4631 -6.280841726805305e-01 1.8e+02 3.39e-02  3e-03  6e-02 14:43.7
  442   4862 -6.281504213707974e-01 1.9e+02 5.88e-02  5e-03  1e-01 15:27.5
  463   5093 -6.282265208402803e-01 1.8e+02 5.72e-02  4e-03  1e-01 16:12.7
  485   5335 -6.283774807924407e-01 1.7e+02 7.88e-02  6e-03  1e-01 16:59.6
  500   5500 -6.284824429228894e-01 2.0e+02 6.45e-02  4e-03  1e-01 17:31.5
  523   5753 -6.286300954020895e-01 2.5e+02 7.54e-02  5e-03  1e-01 18:19.7
  547   6017 -6.287720406241788e-01 2.8e+02 6.50e-02  4e-03  1e-01 19:09.7
  571   6281 -6.288108417311440e-01 2.2e+02 5.62e-02  3e-03  8e-02 20:00.0
  595   6545 -6.288564408827040e-01 2.0e+02 6.66e-02  3e-03  7e-02 20:50.1
  600   6600 -6.288727566415353e-01 2.0e+02 8.66e-02  4e-03  9e-02 21:00.4
  626   6886 -6.288892761022562e-01 1.8e+02 6.33e-02  2e-03  5e-02 21:54.4
  652   7172 -6.289342438984576e-01 2.6e+02 6.31e-02  2e-03  5e-02 22:48.3
  679   7469 -6.289732835978488e-01 2.7e+02 6.92e-02  2e-03  6e-02 23:44.2
  700   7700 -6.289827144099760e-01 3.0e+02 3.26e-02  1e-03  3e-02 24:27.7
  728   8008 -6.289861617465663e-01 2.6e+02 2.20e-02  5e-04  2e-02 25:25.6
  757   8327 -6.289865169253954e-01 2.6e+02 3.42e-03  6e-05  2e-03 26:24.6
  786   8646 -6.289865268615242e-01 3.0e+02 1.38e-03  2e-05  7e-04 27:23.3
  800   8800 -6.289865275927519e-01 3.0e+02 9.75e-04  2e-05  5e-04 27:51.6
  830   9130 -6.289865279607517e-01 3.3e+02 3.66e-04  5e-06  1e-04 28:52.3
  862   9482 -6.289865279813336e-01 3.2e+02 4.82e-05  5e-07  2e-05 29:54.9
  876   9636 -6.289865279815104e-01 3.1e+02 1.98e-05  2e-07  6e-06 30:21.9
Budget constraint not satisfied 994.7212524414062 840 Difference:  -154.72125244140625
Budget constraint satisfied 682.7723655700684 840 Difference:  157.22763442993164
two_most_probable_states: ['010001', '101110']
final_expectation_value: -0.6289865279815104
params: [4.12505880554863, -4.986266512594987, -6.263905152761499, -2.2563396793431707, 4.638365403470159, 4.651425513723452, 2.3574263843465078, 3.925151093828995, 1.9151689521854154, 2.709813781952495, 2.2411872600607645, -0.902582247226315]
total_steps: 876
states_probs: [0.07871312210080422, 0.07893107665351953]
optimized_portfolios: [{'AAPL': 2, 'KO': 8}, {'AAPL': 1, 'KO': 7}]
objective_values: [-243.5022018359793, -124.51903597585762]
result_with_budget: [{'portfolio': {'AAPL': 2, 'KO': 8}, 'budget': 994.7212524414062, 'difference': -154.72125244140625}, {'portfolio': {'AAPL': 1, 'KO': 7}, 'budget': 682.7723655700684, 'difference': 157.22763442993164}]
Batch 6/100 completed. Results saved to portfolio_optimization_results_batch_5.json
Job finished at Fri Mar 21 16:33:04 EET 2025
