Running job array 99 on skl48.int.triton.aalto.fi
Starting at Sat Mar 22 10:19:30 EET 2025
Activating virtual environment at /scratch/work/uotilav2/quantum-portfolio/venv
Processing batch 100/100: experiments 99 to 99 (total 1)
Processing experiment 99
Budget: 848
YF.download() has changed argument auto_adjust default to True
Number of qubits for asset AAPL: 2
Number of qubits for asset AMGN: 2
Number of qubits for asset AXP: 2
Total number of qubits:  6
Optimized Weights (considering variance, skewness and kurtosis):
AAPL: 100.00%
AMGN: 0.00%
AXP: 0.00%
Left over budget:  97.56507826137931
Optimized Discrete Allocation:
AAPL: 3
Maximized utility from continuous higher moments:  -1.0386238345855772
Budget constraint not satisfied 850.7388610839844 848 Difference:  -2.738861083984375
Budget constraint satisfied 842.3326568603516 848 Difference:  5.6673431396484375
smallest_eigenvalues: [-0.3031780534269462]
smallest_bitstrings: ['001001']
first_excited_energy: -0.30316772361675143
optimized_portfolio: [{'AAPL': 0, 'AMGN': 1, 'AXP': 2}]
second_optimized_portfolio: [{'AAPL': 1, 'AMGN': 0, 'AXP': 2}]
result_with_budget: [{'portfolio': {'AAPL': 0, 'AMGN': 1, 'AXP': 2}, 'budget': 850.7388610839844, 'difference': -2.738861083984375, 'objective_value': -1.9924685845009893}]
result_with_budget_excited: [{'portfolio': {'AAPL': 1, 'AMGN': 0, 'AXP': 2}, 'budget': 842.3326568603516, 'difference': 5.6673431396484375, 'objective_value': -2.056117419147575}]
Initial params:  [2.9078476  0.22316636 0.27372477 0.06351797 2.61575239 2.44465153
 2.73322377 3.07442019 2.51063067 1.44978017 2.45210473 0.37157007]
(5_w,11)-aCMA-ES (mu_w=3.4,w_1=42%) in dimension 12 (seed=740024, Sat Mar 22 10:19:33 2025)
Iterat #Fevals   function value  axis ratio  sigma  min&max std  t[m:s]
    1     11 -1.770853862090453e-01 1.0e+00 9.51e-02  9e-02  1e-01 0:01.4
    2     22 -1.830660354564859e-01 1.2e+00 9.64e-02  9e-02  1e-01 0:03.0
    3     33 -2.019390872595669e-01 1.3e+00 9.56e-02  9e-02  1e-01 0:04.6
    5     55 -2.193049291836206e-01 1.4e+00 9.77e-02  9e-02  1e-01 0:07.9
    8     88 -2.375679923344631e-01 1.6e+00 9.59e-02  9e-02  1e-01 0:12.7
   12    132 -2.481053552994986e-01 1.7e+00 8.95e-02  8e-02  9e-02 0:18.9
   16    176 -2.634194579784830e-01 2.1e+00 9.67e-02  9e-02  1e-01 0:25.2
   21    231 -2.718645392775321e-01 2.5e+00 1.05e-01  9e-02  1e-01 0:32.9
   26    286 -2.694485083338626e-01 2.7e+00 9.18e-02  8e-02  1e-01 0:41.0
   32    352 -2.726103113142619e-01 3.1e+00 8.04e-02  7e-02  9e-02 0:50.2
   39    429 -2.744737339916428e-01 3.8e+00 6.83e-02  5e-02  8e-02 1:01.1
   47    517 -2.743595950523551e-01 5.1e+00 8.10e-02  6e-02  1e-01 1:13.6
   55    605 -2.746488373100072e-01 6.1e+00 7.77e-02  5e-02  1e-01 1:26.0
   64    704 -2.754860885489312e-01 8.6e+00 1.03e-01  5e-02  1e-01 1:40.2
   73    803 -2.758438069412541e-01 9.5e+00 8.57e-02  4e-02  1e-01 1:54.2
   83    913 -2.775951823615281e-01 1.2e+01 7.74e-02  3e-02  1e-01 2:10.0
   94   1034 -2.790274260717501e-01 1.5e+01 6.26e-02  2e-02  1e-01 2:27.3
  100   1100 -2.794115716109851e-01 2.0e+01 7.65e-02  2e-02  1e-01 2:36.4
  112   1232 -2.808787002792322e-01 3.0e+01 8.87e-02  2e-02  2e-01 2:55.3
  125   1375 -2.820798023401757e-01 3.5e+01 6.10e-02  1e-02  2e-01 3:15.5
  138   1518 -2.836679350277186e-01 4.5e+01 9.72e-02  2e-02  3e-01 3:35.5
  152   1672 -2.847661327078096e-01 5.2e+01 7.28e-02  1e-02  3e-01 3:57.6
  167   1837 -2.856853992442384e-01 8.7e+01 7.17e-02  8e-03  3e-01 4:21.0
  182   2002 -2.862890573160562e-01 7.5e+01 5.16e-02  5e-03  2e-01 4:44.6
  198   2178 -2.866962518354471e-01 9.2e+01 5.00e-02  4e-03  2e-01 5:09.5
  200   2200 -2.867351239025765e-01 9.4e+01 4.78e-02  3e-03  2e-01 5:12.6
  217   2387 -2.873970829511494e-01 1.0e+02 1.01e-01  7e-03  4e-01 5:39.2
  235   2585 -2.879005869594343e-01 1.2e+02 8.52e-02  5e-03  3e-01 6:07.2
  254   2794 -2.882427265885454e-01 1.3e+02 6.20e-02  3e-03  2e-01 6:36.6
  273   3003 -2.885472715972481e-01 1.4e+02 5.95e-02  3e-03  2e-01 7:06.4
  293   3223 -2.888070650296350e-01 1.6e+02 7.62e-02  4e-03  3e-01 7:37.4
  300   3300 -2.889213501184345e-01 1.7e+02 6.51e-02  3e-03  2e-01 7:48.6
  321   3531 -2.889981379042623e-01 1.6e+02 2.60e-02  1e-03  8e-02 8:21.6
  343   3773 -2.890363482882402e-01 1.7e+02 2.38e-02  9e-04  8e-02 8:55.8
  365   4015 -2.890548773277990e-01 2.0e+02 1.61e-02  5e-04  5e-02 9:29.8
  388   4268 -2.890585029921435e-01 1.8e+02 1.23e-02  4e-04  3e-02 10:06.0
  400   4400 -2.890619332250161e-01 1.8e+02 1.72e-02  4e-04  4e-02 10:24.5
  424   4664 -2.890719090449747e-01 1.5e+02 2.73e-02  6e-04  5e-02 11:02.3
  449   4939 -2.890751341255262e-01 1.9e+02 1.38e-02  3e-04  2e-02 11:40.8
  474   5214 -2.890763746677820e-01 1.9e+02 8.48e-03  1e-04  1e-02 12:20.1
  500   5500 -2.890781413532459e-01 1.8e+02 1.70e-02  2e-04  2e-02 13:00.6
  527   5797 -2.890788970882119e-01 2.0e+02 6.72e-03  7e-05  8e-03 13:42.8
  555   6105 -2.890790767977236e-01 2.4e+02 4.14e-03  3e-05  4e-03 14:26.3
  583   6413 -2.890791014865145e-01 3.2e+02 2.02e-03  2e-05  2e-03 15:10.2
  600   6600 -2.890791031989415e-01 3.2e+02 8.12e-04  5e-06  7e-04 15:36.8
  629   6919 -2.890791034399396e-01 3.4e+02 1.69e-04  9e-07  1e-04 16:22.0
  659   7249 -2.890791034480915e-01 3.1e+02 2.70e-05  1e-07  2e-05 17:08.6
  667   7337 -2.890791034482143e-01 3.2e+02 1.52e-05  7e-08  9e-06 17:21.6
Budget constraint satisfied 804.7899932861328 848 Difference:  43.21000671386719
Budget constraint satisfied 842.3326568603516 848 Difference:  5.6673431396484375
two_most_probable_states: ['101010', '100001']
final_expectation_value: -0.2890791034482177
params: [3.0933063848049396, 2.059142297633983, -1.3159541377095048, -2.4946496646640397, 10.260138331338046, 12.244485150546769, 2.723247242599269, 3.4475307379620896, 2.445500776662668, 0.28679146373636083, 3.0381438056001815, -0.06635923706914436]
total_steps: 667
states_probs: [0.055286702639614486, 0.055597723802257346]
optimized_portfolios: [{'AAPL': 1, 'AMGN': 1, 'AXP': 1}, {'AAPL': 1, 'AMGN': 0, 'AXP': 2}]
objective_values: [-0.3218697337802427, -2.056117419147575]
result_with_budget: [{'portfolio': {'AAPL': 1, 'AMGN': 1, 'AXP': 1}, 'budget': 804.7899932861328, 'difference': 43.21000671386719}, {'portfolio': {'AAPL': 1, 'AMGN': 0, 'AXP': 2}, 'budget': 842.3326568603516, 'difference': 5.6673431396484375}]
Batch 100/100 completed. Results saved to portfolio_optimization_results_batch_99.json
Job finished at Sat Mar 22 10:37:32 EET 2025
