Running job array 88 on csl45.int.triton.aalto.fi
Starting at Sat Mar 22 10:19:31 EET 2025
Activating virtual environment at /scratch/work/uotilav2/quantum-portfolio/venv
Processing batch 89/100: experiments 88 to 88 (total 1)
Processing experiment 88
Budget: 1283
YF.download() has changed argument auto_adjust default to True
Number of qubits for asset KO: 5
Number of qubits for asset MSFT: 2
Total number of qubits:  7
Optimized Weights (considering variance, skewness and kurtosis):
KO: 0.00%
MSFT: 100.00%
Left over budget:  21.030425057332195
Optimized Discrete Allocation:
MSFT: 3
Maximized utility from continuous higher moments:  -1.8335559839901971
Budget constraint satisfied 1273.9404411315918 1283 Difference:  9.059558868408203
Budget constraint not satisfied 1285.9113082885742 1283 Difference:  -2.9113082885742188
smallest_eigenvalues: [-0.4157911729313545]
smallest_bitstrings: ['1110001']
first_excited_energy: -0.4157611480507423
optimized_portfolio: [{'KO': 7, 'MSFT': 2}]
second_optimized_portfolio: [{'KO': 14, 'MSFT': 1}]
result_with_budget: [{'portfolio': {'KO': 7, 'MSFT': 2}, 'budget': 1273.9404411315918, 'difference': 9.059558868408203, 'objective_value': -153.98205798325566}]
result_with_budget_excited: [{'portfolio': {'KO': 14, 'MSFT': 1}, 'budget': 1285.9113082885742, 'difference': -2.9113082885742188, 'objective_value': -1803.7707826668054}]
Initial params:  [0.27372477 0.06351797 2.61575239 2.44465153 2.73322377 3.07442019
 2.51063067 1.44978017 2.45210473 0.37157007 2.01037118 0.45035763
 2.96776493 1.63943485]
(5_w,11)-aCMA-ES (mu_w=3.4,w_1=42%) in dimension 14 (seed=718522, Sat Mar 22 10:19:33 2025)
Iterat #Fevals   function value  axis ratio  sigma  min&max std  t[m:s]
    1     11 -1.734851353558065e-01 1.0e+00 9.95e-02  1e-01  1e-01 0:03.5
    2     22 -2.867100045864174e-01 1.2e+00 1.07e-01  1e-01  1e-01 0:07.1
    3     33 -2.556091598013863e-01 1.2e+00 1.13e-01  1e-01  1e-01 0:10.6
    4     44 -3.060099529835387e-01 1.3e+00 1.22e-01  1e-01  1e-01 0:14.2
    6     66 -3.070344573773587e-01 1.4e+00 1.36e-01  1e-01  1e-01 0:21.3
    8     88 -3.229311042471045e-01 1.5e+00 1.45e-01  1e-01  2e-01 0:28.5
   10    110 -3.209786863019677e-01 1.6e+00 1.52e-01  1e-01  2e-01 0:35.6
   12    132 -3.386963030070583e-01 1.7e+00 1.59e-01  1e-01  2e-01 0:42.7
   15    165 -3.506680316307944e-01 1.8e+00 1.60e-01  1e-01  2e-01 0:53.4
   18    198 -3.594395960795873e-01 1.9e+00 1.50e-01  1e-01  2e-01 1:04.1
   21    231 -3.612475497315879e-01 1.9e+00 1.36e-01  1e-01  2e-01 1:14.8
   25    275 -3.602104510381260e-01 2.0e+00 1.06e-01  8e-02  1e-01 1:29.0
   29    319 -3.647353824243902e-01 2.1e+00 8.94e-02  7e-02  1e-01 1:43.3
   33    363 -3.702577207947217e-01 2.3e+00 7.55e-02  6e-02  9e-02 1:57.5
   37    407 -3.719925853570489e-01 2.7e+00 6.90e-02  5e-02  8e-02 2:11.8
   42    462 -3.691240205085011e-01 2.9e+00 5.42e-02  4e-02  6e-02 2:29.6
   47    517 -3.732919582450543e-01 3.2e+00 4.04e-02  3e-02  5e-02 2:47.5
   52    572 -3.753542645427537e-01 3.8e+00 3.98e-02  2e-02  5e-02 3:05.4
   58    638 -3.776335500397416e-01 4.7e+00 5.20e-02  3e-02  7e-02 3:26.8
   64    704 -3.785294952900776e-01 5.9e+00 5.68e-02  4e-02  8e-02 3:48.2
   70    770 -3.791279714555002e-01 6.3e+00 4.75e-02  3e-02  6e-02 4:09.7
   76    836 -3.791828820319216e-01 6.7e+00 5.74e-02  3e-02  8e-02 4:31.2
   83    913 -3.799970136338288e-01 7.5e+00 3.83e-02  2e-02  5e-02 4:56.1
   90    990 -3.801902549525762e-01 7.5e+00 3.40e-02  2e-02  5e-02 5:21.2
   97   1067 -3.803188749267232e-01 7.6e+00 2.74e-02  1e-02  4e-02 5:46.2
  100   1100 -3.802816741511850e-01 7.6e+00 2.78e-02  1e-02  4e-02 5:56.9
  108   1188 -3.804134218405446e-01 7.9e+00 2.23e-02  1e-02  3e-02 6:25.4
  116   1276 -3.806760302896694e-01 8.6e+00 1.87e-02  7e-03  3e-02 6:53.9
  124   1364 -3.808443251638603e-01 9.8e+00 1.98e-02  7e-03  3e-02 7:22.4
  133   1463 -3.810248490817541e-01 1.2e+01 2.10e-02  7e-03  3e-02 7:54.5
  142   1562 -3.815508576059659e-01 1.3e+01 3.14e-02  1e-02  5e-02 8:26.5
  151   1661 -3.822612297350068e-01 1.9e+01 5.92e-02  2e-02  1e-01 8:58.6
  160   1760 -3.831534433815780e-01 2.0e+01 6.80e-02  2e-02  1e-01 9:30.7
  170   1870 -3.844698002970947e-01 1.9e+01 5.57e-02  2e-02  1e-01 10:06.4
  180   1980 -3.849829567702691e-01 1.9e+01 5.38e-02  1e-02  1e-01 10:42.0
  190   2090 -3.859407786532946e-01 1.9e+01 5.23e-02  1e-02  1e-01 11:17.7
  200   2200 -3.866771633953482e-01 2.0e+01 4.05e-02  9e-03  8e-02 11:53.4
  211   2321 -3.882552156204152e-01 2.3e+01 5.83e-02  1e-02  1e-01 12:32.6
  222   2442 -3.896066583329272e-01 3.1e+01 6.14e-02  1e-02  1e-01 13:11.9
  233   2563 -3.913611888472052e-01 3.8e+01 6.98e-02  1e-02  2e-01 13:51.2
  245   2695 -3.916022123708918e-01 4.6e+01 5.66e-02  9e-03  1e-01 14:34.0
  257   2827 -3.924253130353054e-01 4.9e+01 4.73e-02  7e-03  1e-01 15:16.8
  269   2959 -3.929695160959211e-01 5.7e+01 4.43e-02  6e-03  1e-01 15:59.6
  282   3102 -3.939905648412587e-01 6.5e+01 6.78e-02  8e-03  2e-01 16:46.0
  295   3245 -3.942548599622547e-01 6.5e+01 7.22e-02  7e-03  2e-01 17:32.4
  300   3300 -3.942568334820176e-01 6.6e+01 6.19e-02  6e-03  2e-01 17:50.2
  313   3443 -3.945892385449324e-01 6.0e+01 4.54e-02  5e-03  1e-01 18:36.5
  327   3597 -3.949822071663789e-01 7.1e+01 4.80e-02  4e-03  1e-01 19:26.4
  341   3751 -3.950923342277134e-01 6.8e+01 4.76e-02  4e-03  1e-01 20:16.4
  355   3905 -3.954470003612925e-01 7.6e+01 7.43e-02  6e-03  2e-01 21:06.3
  370   4070 -3.961658771656191e-01 8.2e+01 6.11e-02  4e-03  2e-01 21:59.8
  385   4235 -3.966032468316376e-01 9.2e+01 4.75e-02  3e-03  1e-01 22:53.3
  400   4400 -3.969469068526852e-01 9.3e+01 5.85e-02  4e-03  1e-01 23:46.7
  415   4565 -3.971222890358506e-01 9.0e+01 5.34e-02  3e-03  1e-01 24:40.3
  431   4741 -3.972094053648421e-01 8.7e+01 3.79e-02  2e-03  8e-02 25:37.4
  447   4917 -3.972247873851633e-01 9.2e+01 2.12e-02  1e-03  4e-02 26:34.4
  463   5093 -3.972436179650797e-01 9.9e+01 1.95e-02  8e-04  4e-02 27:31.5
  479   5269 -3.972470482663957e-01 1.1e+02 1.48e-02  6e-04  3e-02 28:28.5
  496   5456 -3.972495402206086e-01 1.1e+02 1.46e-02  5e-04  3e-02 29:29.1
  500   5500 -3.972511125632979e-01 1.2e+02 1.30e-02  4e-04  2e-02 29:43.4
  517   5687 -3.972549708794288e-01 1.2e+02 1.28e-02  4e-04  2e-02 30:44.0
  535   5885 -3.972632036443505e-01 1.8e+02 2.09e-02  7e-04  5e-02 31:48.0
  553   6083 -3.972842916551615e-01 3.0e+02 3.09e-02  9e-04  1e-01 32:52.0
  571   6281 -3.973276675874733e-01 6.0e+02 5.25e-02  1e-03  3e-01 33:56.0
  589   6479 -3.973431927713063e-01 5.5e+02 3.07e-02  8e-04  2e-01 35:00.1
  600   6600 -3.973488952062710e-01 5.4e+02 2.30e-02  6e-04  1e-01 35:39.2
  619   6809 -3.973546441445599e-01 5.7e+02 1.60e-02  4e-04  8e-02 36:46.7
  639   7029 -3.973557786906864e-01 5.8e+02 1.07e-02  2e-04  4e-02 37:57.1
  659   7249 -3.973560667110011e-01 5.3e+02 3.11e-03  6e-05  1e-02 39:06.2
  679   7469 -3.973560863952130e-01 5.1e+02 1.64e-03  3e-05  5e-03 40:15.3
  700   7700 -3.973560891218232e-01 5.0e+02 5.14e-04  9e-06  1e-03 41:27.9
  721   7931 -3.973560895566977e-01 5.0e+02 1.77e-04  3e-06  5e-04 42:40.3
  742   8162 -3.973560895939349e-01 5.2e+02 5.63e-05  8e-07  1e-04 43:53.0
  764   8404 -3.973560895965388e-01 5.5e+02 1.27e-05  2e-07  3e-05 45:09.3
  785   8635 -3.973560895967100e-01 4.6e+02 4.81e-06  6e-08  9e-06 46:22.2
Budget constraint satisfied 1112.4704360961914 1283 Difference:  170.5295639038086
Budget constraint satisfied 1050.6665229797363 1283 Difference:  232.33347702026367
two_most_probable_states: ['0100100', '1000100']
final_expectation_value: -0.39735608959671315
params: [2.0252084287244276, -1.287079205751303, 8.836371650711364, -0.43687514616509987, 11.486788612579106, 4.0058920412358265, 8.184854531857441, 2.206215518656763, 3.53280807590054, 2.383601316664218, 0.5726322784606562, 1.487010810739758, 3.116200224461435, 1.6201548885876838]
total_steps: 785
states_probs: [0.029001304511244243, 0.029227798679791465]
optimized_portfolios: [{'KO': 18, 'MSFT': 0}, {'KO': 17, 'MSFT': 0}]
objective_values: [-4510.341179654216, -3591.665398474142]
result_with_budget: [{'portfolio': {'KO': 18, 'MSFT': 0}, 'budget': 1112.4704360961914, 'difference': 170.5295639038086}, {'portfolio': {'KO': 17, 'MSFT': 0}, 'budget': 1050.6665229797363, 'difference': 232.33347702026367}]
Batch 89/100 completed. Results saved to portfolio_optimization_results_batch_88.json
Job finished at Sat Mar 22 11:06:21 EET 2025
