Running job array 8 on milan11.int.triton.aalto.fi
Starting at Thu Mar 13 20:39:56 EET 2025
Activating virtual environment at /scratch/work/uotilav2/quantum-portfolio/venv
Processing batch 9/20: experiments 181 to 202 (total 22)
Skipping experiment 181 (already processed)
Processing experiment 182
Budget: 977.8497467041016
YF.download() has changed argument auto_adjust default to True
Number of qubits for asset IBM: 3
Number of qubits for asset KO: 4
Number of qubits for asset MMM: 3
Number of qubits for asset V: 2
Total number of qubits:  12
Optimized Weights (considering variance, skewness and kurtosis):
IBM: 0.00%
KO: 0.00%
MMM: 0.00%
V: 100.00%
Left over budget:  31.322372216154577
Optimized Discrete Allocation:
V: 3
Maximized utility from continuous higher moments:  0.27842199024637226
Budget constraint satisfied 977.8497467041016 977.8497467041016 Difference:  0.0
Budget constraint satisfied 977.576961517334 977.8497467041016 Difference:  0.2727851867675781
smallest_eigenvalues: [-0.09432491407330644]
smallest_bitstrings: ['100000010001']
first_excited_energy: -0.09432460456599227
optimized_portfolio: [{'IBM': 1, 'KO': 0, 'MMM': 1, 'V': 2}]
second_optimized_portfolio: [{'IBM': 1, 'KO': 3, 'MMM': 2, 'V': 1}]
result_with_budget: [{'portfolio': {'IBM': 1, 'KO': 0, 'MMM': 1, 'V': 2}, 'budget': 977.8497467041016, 'difference': 0.0, 'objective_value': 0.7075041501930713}]
result_with_budget_excited: [{'portfolio': {'IBM': 1, 'KO': 3, 'MMM': 2, 'V': 1}, 'budget': 977.576961517334, 'difference': 0.2727851867675781, 'objective_value': -21.367023889633547}]
Initial params:  [2.01037118 0.45035763 2.96776493 1.63943485 1.3026989  0.83112597
 2.43232687 1.43303853 1.78578792 0.0590299  1.94035914 1.92295543
 1.93815531 2.96487203 2.14200164 1.12942738 1.37297638 2.19167304
 0.1892039  2.09470941 2.106871   0.66093631 0.40503391 0.99094739]
(6_w,13)-aCMA-ES (mu_w=4.0,w_1=38%) in dimension 24 (seed=1013310, Thu Mar 13 20:40:36 2025)
Iterat #Fevals   function value  axis ratio  sigma  min&max std  t[m:s]
    1     13 1.631790743173791e-01 1.0e+00 9.34e-02  9e-02  9e-02 1:01.2
    2     26 1.036321432677438e-01 1.1e+00 9.19e-02  9e-02  9e-02 2:02.4
    3     39 7.688211962396896e-02 1.1e+00 9.23e-02  9e-02  9e-02 3:03.4
    4     52 4.267180642389368e-02 1.2e+00 9.62e-02  9e-02  1e-01 4:04.7
    5     65 4.092953037080848e-02 1.2e+00 1.01e-01  1e-01  1e-01 5:06.0
    6     78 1.391135113855810e-02 1.3e+00 1.06e-01  1e-01  1e-01 6:06.9
    7     91 -1.365725081198377e-02 1.3e+00 1.15e-01  1e-01  1e-01 7:08.4
    8    104 -1.258659581984755e-02 1.4e+00 1.23e-01  1e-01  1e-01 8:09.3
    9    117 -3.689271289110038e-02 1.4e+00 1.29e-01  1e-01  1e-01 9:10.6
   10    130 -5.285432942767404e-02 1.4e+00 1.34e-01  1e-01  1e-01 10:11.9
   11    143 -5.871772548924932e-02 1.5e+00 1.37e-01  1e-01  2e-01 11:13.0
   12    156 -4.581719505764168e-02 1.5e+00 1.41e-01  1e-01  2e-01 12:14.2
   13    169 -6.059496525243695e-02 1.5e+00 1.46e-01  1e-01  2e-01 13:15.1
   14    182 -5.085104675810800e-02 1.5e+00 1.51e-01  1e-01  2e-01 14:16.4
   15    195 -5.393831059109409e-02 1.6e+00 1.55e-01  2e-01  2e-01 15:17.6
   16    208 -6.097980236905057e-02 1.6e+00 1.55e-01  1e-01  2e-01 16:18.6
   17    221 -5.805677236796709e-02 1.6e+00 1.56e-01  1e-01  2e-01 17:19.3
   18    234 -6.571865260612497e-02 1.6e+00 1.57e-01  2e-01  2e-01 18:20.2
   19    247 -5.765213633799245e-02 1.6e+00 1.57e-01  2e-01  2e-01 19:20.9
   20    260 -5.565804318222975e-02 1.7e+00 1.54e-01  1e-01  2e-01 20:21.8
   21    273 -6.253276328889006e-02 1.7e+00 1.55e-01  1e-01  2e-01 21:22.8
   22    286 -4.830529077182058e-02 1.7e+00 1.54e-01  1e-01  2e-01 22:23.5
   23    299 -6.364939598594135e-02 1.7e+00 1.55e-01  1e-01  2e-01 23:24.4
   24    312 -6.477548585783588e-02 1.8e+00 1.59e-01  2e-01  2e-01 24:25.2
   25    325 -6.535433191825324e-02 1.8e+00 1.62e-01  2e-01  2e-01 25:25.8
   26    338 -6.044846830648755e-02 1.8e+00 1.66e-01  2e-01  2e-01 26:26.4
   27    351 -5.779847582081779e-02 1.8e+00 1.70e-01  2e-01  2e-01 27:27.4
   28    364 -6.588173440931598e-02 1.8e+00 1.72e-01  2e-01  2e-01 28:28.1
   29    377 -6.355757276488562e-02 1.8e+00 1.72e-01  2e-01  2e-01 29:28.8
   30    390 -5.439258722587660e-02 1.9e+00 1.69e-01  2e-01  2e-01 30:29.4
   31    403 -5.996669673387961e-02 1.9e+00 1.64e-01  2e-01  2e-01 31:30.0
   32    416 -6.153244385188075e-02 1.9e+00 1.60e-01  1e-01  2e-01 32:30.7
   33    429 -6.168269630475649e-02 1.9e+00 1.58e-01  1e-01  2e-01 33:31.6
   34    442 -6.574956785726986e-02 1.9e+00 1.49e-01  1e-01  2e-01 34:32.2
   35    455 -6.253361775381837e-02 1.9e+00 1.38e-01  1e-01  1e-01 35:32.7
   36    468 -6.505094507724457e-02 1.9e+00 1.35e-01  1e-01  1e-01 36:33.5
   37    481 -6.339637896367087e-02 2.0e+00 1.32e-01  1e-01  1e-01 37:34.2
   38    494 -6.544272829529416e-02 2.0e+00 1.30e-01  1e-01  1e-01 38:35.1
   39    507 -6.260404070336961e-02 2.0e+00 1.28e-01  1e-01  1e-01 39:35.8
   40    520 -6.481338727140991e-02 2.1e+00 1.25e-01  1e-01  1e-01 40:36.5
   41    533 -6.128546628823030e-02 2.1e+00 1.25e-01  1e-01  1e-01 41:37.4
   42    546 -6.571279014450657e-02 2.1e+00 1.23e-01  1e-01  1e-01 42:38.3
   43    559 -6.258919620519558e-02 2.1e+00 1.25e-01  1e-01  1e-01 43:38.8
   44    572 -6.809344974488002e-02 2.1e+00 1.26e-01  1e-01  1e-01 44:39.6
   45    585 -6.142176097883059e-02 2.2e+00 1.29e-01  1e-01  1e-01 45:40.2
   46    598 -6.814675655613327e-02 2.3e+00 1.30e-01  1e-01  1e-01 46:41.2
   47    611 -6.906568930319652e-02 2.3e+00 1.31e-01  1e-01  2e-01 47:42.2
   48    624 -7.167572606249660e-02 2.4e+00 1.30e-01  1e-01  1e-01 48:42.9
   49    637 -6.853962322005344e-02 2.4e+00 1.31e-01  1e-01  2e-01 49:43.6
   50    650 -6.368983793588055e-02 2.4e+00 1.33e-01  1e-01  2e-01 50:44.4
   51    663 -6.922975756449708e-02 2.4e+00 1.39e-01  1e-01  2e-01 51:45.2
   52    676 -6.481334570310487e-02 2.5e+00 1.46e-01  1e-01  2e-01 52:45.9
   53    689 -6.877433628542326e-02 2.6e+00 1.49e-01  1e-01  2e-01 53:46.7
   54    702 -7.285959967065643e-02 2.6e+00 1.53e-01  1e-01  2e-01 54:47.3
   55    715 -7.308357698416457e-02 2.7e+00 1.54e-01  1e-01  2e-01 55:47.9
   56    728 -7.119267550499057e-02 2.7e+00 1.56e-01  1e-01  2e-01 56:48.9
   57    741 -7.298606636519486e-02 2.8e+00 1.61e-01  1e-01  2e-01 57:50.1
   58    754 -7.375047879095872e-02 2.9e+00 1.61e-01  1e-01  2e-01 58:51.1
   59    767 -7.303753587124387e-02 2.9e+00 1.57e-01  1e-01  2e-01 59:52.0
   60    780 -7.360680068196325e-02 3.0e+00 1.58e-01  1e-01  2e-01 60:52.7
   61    793 -7.317588803535489e-02 3.0e+00 1.59e-01  1e-01  2e-01 61:53.8
   62    806 -7.075590521241834e-02 3.1e+00 1.55e-01  1e-01  2e-01 62:55.1
   64    832 -6.864529824550049e-02 3.2e+00 1.56e-01  1e-01  2e-01 64:56.9
   66    858 -7.221708912069162e-02 3.2e+00 1.56e-01  1e-01  2e-01 66:58.8
   68    884 -7.348945324252007e-02 3.3e+00 1.60e-01  1e-01  2e-01 69:01.1
   70    910 -7.483401470437738e-02 3.3e+00 1.65e-01  1e-01  2e-01 71:03.1
   72    936 -7.073481334384490e-02 3.3e+00 1.59e-01  1e-01  2e-01 73:05.4
   74    962 -7.439238256447989e-02 3.4e+00 1.54e-01  1e-01  2e-01 75:07.4
   76    988 -7.591737627404539e-02 3.3e+00 1.44e-01  1e-01  2e-01 77:09.7
   78   1014 -7.214325505191166e-02 3.4e+00 1.41e-01  1e-01  2e-01 79:11.7
   80   1040 -7.488612730678754e-02 3.5e+00 1.39e-01  1e-01  2e-01 81:13.1
   82   1066 -7.491052589016560e-02 3.6e+00 1.40e-01  1e-01  2e-01 83:14.6
   84   1092 -7.343174629307078e-02 3.6e+00 1.34e-01  1e-01  2e-01 85:16.1
   86   1118 -7.499034259091501e-02 3.7e+00 1.31e-01  1e-01  1e-01 87:17.8
   88   1144 -7.767420229052178e-02 3.8e+00 1.27e-01  1e-01  1e-01 89:19.5
   90   1170 -7.849876649540626e-02 3.8e+00 1.24e-01  1e-01  1e-01 91:21.0
   92   1196 -7.754617616127689e-02 3.9e+00 1.25e-01  1e-01  1e-01 93:22.6
   94   1222 -7.701788887681257e-02 4.0e+00 1.23e-01  1e-01  1e-01 95:24.0
   96   1248 -7.597223128376293e-02 4.0e+00 1.21e-01  1e-01  1e-01 97:25.8
   98   1274 -7.587460551468633e-02 4.1e+00 1.24e-01  1e-01  1e-01 99:27.5
  100   1300 -7.662313288566872e-02 4.3e+00 1.25e-01  1e-01  1e-01 101:29.3
  102   1326 -7.727132253242984e-02 4.3e+00 1.26e-01  1e-01  1e-01 103:31.2
  104   1352 -7.782218300286779e-02 4.4e+00 1.27e-01  1e-01  2e-01 105:32.7
  106   1378 -7.796178277383325e-02 4.5e+00 1.26e-01  1e-01  1e-01 107:34.8
  108   1404 -7.751262341291963e-02 4.5e+00 1.21e-01  1e-01  1e-01 109:36.9
  110   1430 -7.673764009307259e-02 4.6e+00 1.13e-01  1e-01  1e-01 111:39.7
  112   1456 -7.788462267839094e-02 4.7e+00 1.04e-01  9e-02  1e-01 113:41.7
  114   1482 -7.924723420022933e-02 4.7e+00 1.04e-01  9e-02  1e-01 115:43.7
  116   1508 -7.917015682819965e-02 4.7e+00 1.03e-01  9e-02  1e-01 117:45.7
  118   1534 -7.941837539247217e-02 4.8e+00 9.56e-02  8e-02  1e-01 119:47.5
  120   1560 -7.757907345975590e-02 4.9e+00 8.86e-02  8e-02  1e-01 121:49.6
  122   1586 -7.974854255159770e-02 5.0e+00 8.25e-02  7e-02  1e-01 123:51.3
  124   1612 -7.922537524886475e-02 5.1e+00 8.00e-02  7e-02  9e-02 125:53.5
  126   1638 -7.933994642803281e-02 5.3e+00 7.88e-02  7e-02  9e-02 127:55.8
  128   1664 -7.994164249467299e-02 5.6e+00 7.49e-02  6e-02  9e-02 129:57.7
  130   1690 -8.024478254562678e-02 5.7e+00 7.46e-02  6e-02  9e-02 132:00.2
  132   1716 -7.988169315016169e-02 5.8e+00 7.46e-02  6e-02  9e-02 134:01.9
  134   1742 -8.026949174112991e-02 5.9e+00 7.43e-02  6e-02  9e-02 136:04.4
  136   1768 -7.865376292348170e-02 5.9e+00 7.20e-02  6e-02  8e-02 138:07.4
  138   1794 -8.036919372517534e-02 6.0e+00 6.76e-02  6e-02  8e-02 140:09.6
  140   1820 -8.037029451950423e-02 6.1e+00 6.46e-02  5e-02  8e-02 142:12.2
  142   1846 -8.079036730124631e-02 6.2e+00 6.48e-02  5e-02  8e-02 144:14.9
  144   1872 -8.054287887548253e-02 6.3e+00 6.44e-02  5e-02  8e-02 146:17.3
  146   1898 -8.049809434990852e-02 6.5e+00 5.94e-02  5e-02  7e-02 148:19.8
  148   1924 -8.046538997723240e-02 6.6e+00 5.43e-02  5e-02  6e-02 150:22.2
  150   1950 -8.057346018249516e-02 6.7e+00 5.15e-02  4e-02  6e-02 152:25.4
  152   1976 -8.089950080995222e-02 6.7e+00 4.99e-02  4e-02  6e-02 154:27.7
  154   2002 -8.114445949421460e-02 6.8e+00 5.11e-02  4e-02  6e-02 156:30.1
  156   2028 -8.093806085813350e-02 6.9e+00 4.97e-02  4e-02  6e-02 158:32.8
  158   2054 -8.108229842157490e-02 7.0e+00 4.58e-02  4e-02  5e-02 160:35.1
  160   2080 -8.143008781408609e-02 7.1e+00 4.43e-02  4e-02  5e-02 162:37.8
  162   2106 -8.146407559321038e-02 7.1e+00 4.44e-02  4e-02  5e-02 164:40.4
  164   2132 -8.142035569541424e-02 7.3e+00 4.48e-02  4e-02  5e-02 166:42.7
  166   2158 -8.145279520842297e-02 7.5e+00 4.57e-02  4e-02  5e-02 168:45.2
  168   2184 -8.157275877074349e-02 7.5e+00 4.57e-02  4e-02  5e-02 170:47.6
  170   2210 -8.154300167409116e-02 7.6e+00 4.51e-02  4e-02  5e-02 172:50.2
  172   2236 -8.171283591760448e-02 7.7e+00 4.28e-02  3e-02  5e-02 174:52.6
  174   2262 -8.195170089983088e-02 7.9e+00 4.37e-02  4e-02  5e-02 176:54.8
  176   2288 -8.188515950400563e-02 8.2e+00 4.43e-02  4e-02  5e-02 178:57.0
  178   2314 -8.203571200629248e-02 8.2e+00 4.32e-02  3e-02  5e-02 180:58.9
  180   2340 -8.193362915447944e-02 8.4e+00 4.24e-02  3e-02  5e-02 183:01.3
  182   2366 -8.196697685117557e-02 8.5e+00 4.13e-02  3e-02  5e-02 185:03.5
  184   2392 -8.212635672757509e-02 8.8e+00 4.09e-02  3e-02  5e-02 187:05.7
  187   2431 -8.231250409187503e-02 9.1e+00 4.17e-02  3e-02  5e-02 190:09.3
  190   2470 -8.251022170690861e-02 9.5e+00 4.21e-02  3e-02  5e-02 193:13.8
  193   2509 -8.252601428976566e-02 1.0e+01 4.16e-02  3e-02  5e-02 196:16.8
  196   2548 -8.260572926896484e-02 1.1e+01 4.36e-02  3e-02  5e-02 199:20.7
  199   2587 -8.283688617855456e-02 1.1e+01 4.31e-02  3e-02  6e-02 202:23.9
  200   2600 -8.281625815280297e-02 1.1e+01 4.35e-02  3e-02  6e-02 203:24.8
  203   2639 -8.299450540729544e-02 1.2e+01 4.21e-02  3e-02  5e-02 206:25.8
  206   2678 -8.303128171615845e-02 1.2e+01 4.33e-02  3e-02  6e-02 209:21.3
  209   2717 -8.317652902555744e-02 1.2e+01 4.47e-02  3e-02  6e-02 212:14.0
  212   2756 -8.325102643406751e-02 1.3e+01 4.82e-02  3e-02  6e-02 214:58.1
  215   2795 -8.349406574480957e-02 1.4e+01 4.81e-02  3e-02  7e-02 217:56.0
  218   2834 -8.368140059526571e-02 1.4e+01 5.20e-02  4e-02  7e-02 220:53.7
  221   2873 -8.341698542983512e-02 1.5e+01 5.67e-02  4e-02  8e-02 223:43.8
  224   2912 -8.347589906899494e-02 1.5e+01 5.41e-02  4e-02  8e-02 226:30.1
  227   2951 -8.371988802478118e-02 1.6e+01 4.81e-02  3e-02  7e-02 229:27.4
  230   2990 -8.362772631089282e-02 1.6e+01 4.53e-02  3e-02  7e-02 232:26.0
  233   3029 -8.383302586533173e-02 1.6e+01 4.31e-02  3e-02  6e-02 235:19.1
  236   3068 -8.392010510695389e-02 1.7e+01 4.26e-02  3e-02  6e-02 238:15.5
  239   3107 -8.419269979738693e-02 1.7e+01 4.39e-02  3e-02  7e-02 241:11.9
  242   3146 -8.413848065359110e-02 1.7e+01 4.80e-02  3e-02  7e-02 244:01.7
  245   3185 -8.419537771084731e-02 1.7e+01 5.52e-02  4e-02  8e-02 246:59.2
  248   3224 -8.428971318172457e-02 1.8e+01 6.03e-02  4e-02  9e-02 249:56.3
  251   3263 -8.450045628370194e-02 1.8e+01 6.82e-02  4e-02  1e-01 252:52.8
  254   3302 -8.431831691466996e-02 1.9e+01 7.45e-02  5e-02  1e-01 255:44.6
  257   3341 -8.424917404592400e-02 1.9e+01 7.58e-02  5e-02  1e-01 258:42.7
  260   3380 -8.397674009367877e-02 2.0e+01 7.54e-02  5e-02  1e-01 261:40.7
  263   3419 -8.462566156548246e-02 2.0e+01 7.09e-02  4e-02  1e-01 264:22.1
  266   3458 -8.516516218452561e-02 2.0e+01 7.14e-02  4e-02  1e-01 267:14.0
  269   3497 -8.497822588664668e-02 2.0e+01 7.09e-02  4e-02  1e-01 270:10.1
  272   3536 -8.522142630875017e-02 2.1e+01 6.66e-02  4e-02  1e-01 273:06.1
  275   3575 -8.532977473171031e-02 2.1e+01 6.71e-02  4e-02  1e-01 275:57.1
  278   3614 -8.531450264781694e-02 2.2e+01 6.47e-02  4e-02  1e-01 278:48.0
  281   3653 -8.556389988364252e-02 2.2e+01 6.09e-02  4e-02  1e-01 281:40.0
  284   3692 -8.556018900413813e-02 2.3e+01 5.61e-02  3e-02  9e-02 284:24.8
  287   3731 -8.572723411383834e-02 2.3e+01 5.37e-02  3e-02  9e-02 287:02.2
  291   3783 -8.572918652547415e-02 2.5e+01 4.81e-02  3e-02  8e-02 290:32.3
  295   3835 -8.588417879743082e-02 2.5e+01 4.44e-02  3e-02  7e-02 294:02.1
  299   3887 -8.594250445332255e-02 2.6e+01 4.40e-02  3e-02  7e-02 297:31.0
  300   3900 -8.593795222728148e-02 2.6e+01 4.38e-02  3e-02  7e-02 298:23.4
  304   3952 -8.604918565838879e-02 2.8e+01 4.21e-02  2e-02  7e-02 301:56.3
  308   4004 -8.614843634393135e-02 2.9e+01 4.30e-02  3e-02  7e-02 305:31.9
  312   4056 -8.614520439588418e-02 3.1e+01 4.48e-02  3e-02  8e-02 309:07.8
  316   4108 -8.605635911365096e-02 3.1e+01 4.17e-02  2e-02  7e-02 312:43.8
  319   4147 -8.612954334865935e-02 3.2e+01 3.90e-02  2e-02  7e-02 315:33.3
  322   4186 -8.621939055416934e-02 3.2e+01 3.85e-02  2e-02  7e-02 318:23.9
  325   4225 -8.623115202360422e-02 3.2e+01 3.74e-02  2e-02  7e-02 321:14.4
  329   4277 -8.623880918774597e-02 3.3e+01 3.81e-02  2e-02  7e-02 324:55.1
  332   4316 -8.631944267027565e-02 3.3e+01 3.82e-02  2e-02  7e-02 327:45.2
  335   4355 -8.634229505790456e-02 3.3e+01 3.56e-02  2e-02  6e-02 330:36.4
  339   4407 -8.630175882640595e-02 3.4e+01 3.13e-02  2e-02  5e-02 334:23.1
  343   4459 -8.639051609076107e-02 3.5e+01 2.94e-02  2e-02  5e-02 338:12.5
  347   4511 -8.642513746215007e-02 3.5e+01 2.76e-02  2e-02  5e-02 341:59.5
  351   4563 -8.644604749424996e-02 3.7e+01 2.70e-02  2e-02  5e-02 345:41.7
  355   4615 -8.645839281755473e-02 3.8e+01 2.53e-02  1e-02  5e-02 349:30.0
  359   4667 -8.649177635251221e-02 3.9e+01 2.37e-02  1e-02  4e-02 353:17.3
  363   4719 -8.650319825057089e-02 3.9e+01 2.12e-02  1e-02  4e-02 357:01.7
  367   4771 -8.653593095611886e-02 4.0e+01 1.97e-02  1e-02  4e-02 360:50.3
  371   4823 -8.653031953250193e-02 4.1e+01 2.01e-02  1e-02  4e-02 364:35.9
  375   4875 -8.656590542693839e-02 4.2e+01 1.74e-02  9e-03  3e-02 368:23.9
  379   4927 -8.659547882575043e-02 4.4e+01 1.93e-02  1e-02  3e-02 372:12.3
  383   4979 -8.660819265737943e-02 4.5e+01 1.96e-02  1e-02  4e-02 375:58.4
  387   5031 -8.666400651901848e-02 4.8e+01 2.27e-02  1e-02  4e-02 379:46.5
  391   5083 -8.669431139974051e-02 5.2e+01 2.60e-02  1e-02  5e-02 383:32.4
  395   5135 -8.669829707076949e-02 5.8e+01 3.02e-02  2e-02  6e-02 387:09.4
  399   5187 -8.679211956192277e-02 6.2e+01 3.23e-02  2e-02  7e-02 390:46.4
  400   5200 -8.678185527678889e-02 6.3e+01 3.18e-02  2e-02  7e-02 391:40.3
  404   5252 -8.681386331479947e-02 6.6e+01 3.32e-02  2e-02  7e-02 395:17.1
  408   5304 -8.688859658851283e-02 6.8e+01 3.36e-02  2e-02  8e-02 398:53.9
  412   5356 -8.695818835894864e-02 7.1e+01 3.27e-02  2e-02  8e-02 402:34.3
  416   5408 -8.694703337037657e-02 7.7e+01 3.19e-02  2e-02  8e-02 406:21.0
  420   5460 -8.698028105474329e-02 8.0e+01 2.81e-02  1e-02  7e-02 410:06.4
  424   5512 -8.705681136202324e-02 8.1e+01 2.84e-02  1e-02  7e-02 413:45.9
  428   5564 -8.709105835164108e-02 8.7e+01 3.19e-02  2e-02  9e-02 417:32.5
  432   5616 -8.707868094547579e-02 9.7e+01 3.82e-02  2e-02  1e-01 421:15.3
  436   5668 -8.717032715951147e-02 1.0e+02 3.66e-02  2e-02  1e-01 425:02.3
  440   5720 -8.713975270015603e-02 1.0e+02 3.07e-02  2e-02  9e-02 428:49.2
  444   5772 -8.719588213087433e-02 1.0e+02 3.17e-02  2e-02  9e-02 432:30.5
  448   5824 -8.717321579000011e-02 1.1e+02 3.19e-02  2e-02  1e-01 436:17.4
  452   5876 -8.723825253440280e-02 1.1e+02 2.97e-02  1e-02  9e-02 440:03.7
  456   5928 -8.728686696030724e-02 1.1e+02 2.89e-02  1e-02  9e-02 443:50.9
  460   5980 -8.725641495650871e-02 1.2e+02 2.84e-02  1e-02  8e-02 447:37.9
  464   6032 -8.732216567990475e-02 1.2e+02 3.00e-02  1e-02  9e-02 451:15.1
  468   6084 -8.734506428574070e-02 1.2e+02 3.34e-02  2e-02  1e-01 454:51.3
  472   6136 -8.728661075217568e-02 1.2e+02 3.93e-02  2e-02  1e-01 458:37.9
  476   6188 -8.735963838331400e-02 1.2e+02 4.01e-02  2e-02  1e-01 462:25.7
  480   6240 -8.740673725042195e-02 1.2e+02 3.41e-02  2e-02  1e-01 466:07.6
  484   6292 -8.743071200639189e-02 1.2e+02 2.95e-02  1e-02  9e-02 469:55.1
  488   6344 -8.749862571022302e-02 1.2e+02 2.87e-02  1e-02  9e-02 473:42.2
  492   6396 -8.752235181366315e-02 1.3e+02 2.99e-02  1e-02  9e-02 477:26.0
  496   6448 -8.755260374201064e-02 1.3e+02 3.09e-02  1e-02  1e-01 481:13.9
  500   6500 -8.758213795853607e-02 1.3e+02 3.25e-02  1e-02  1e-01 484:58.0
  504   6552 -8.754921530574825e-02 1.3e+02 3.07e-02  1e-02  1e-01 488:41.0
  508   6604 -8.764312574153482e-02 1.3e+02 3.06e-02  1e-02  1e-01 492:28.7
  512   6656 -8.770863319675573e-02 1.3e+02 3.10e-02  1e-02  1e-01 496:11.9
  516   6708 -8.775184096122392e-02 1.4e+02 3.24e-02  1e-02  1e-01 499:49.5
  520   6760 -8.778520699841155e-02 1.4e+02 3.64e-02  1e-02  1e-01 503:36.5
  524   6812 -8.784169689770117e-02 1.5e+02 3.97e-02  2e-02  1e-01 507:24.8
  529   6877 -8.782368773255343e-02 1.6e+02 4.21e-02  2e-02  1e-01 511:57.4
  534   6942 -8.789383147919494e-02 1.6e+02 3.87e-02  2e-02  1e-01 516:28.7
  539   7007 -8.798111224724706e-02 1.6e+02 4.19e-02  2e-02  2e-01 521:00.1
  543   7059 -8.804258032635885e-02 1.6e+02 4.82e-02  2e-02  2e-01 524:46.0
  547   7111 -8.801626873009560e-02 1.6e+02 4.93e-02  2e-02  2e-01 528:33.3
  552   7176 -8.821653690606784e-02 1.7e+02 5.31e-02  2e-02  2e-01 533:10.3
  556   7228 -8.818229219067440e-02 1.7e+02 6.44e-02  2e-02  2e-01 536:57.5
  560   7280 -8.815203040622668e-02 1.7e+02 7.24e-02  3e-02  3e-01 540:44.7
  565   7345 -8.815302324614810e-02 1.7e+02 6.56e-02  2e-02  2e-01 545:20.9
  570   7410 -8.819870014702338e-02 1.8e+02 5.50e-02  2e-02  2e-01 550:05.1
  575   7475 -8.842623817943780e-02 1.7e+02 4.40e-02  2e-02  2e-01 554:41.0
  580   7540 -8.853796436711144e-02 1.8e+02 4.44e-02  2e-02  2e-01 559:11.6
  585   7605 -8.850641051228246e-02 1.8e+02 4.07e-02  1e-02  2e-01 563:54.6
  590   7670 -8.857193361231570e-02 1.8e+02 3.67e-02  1e-02  1e-01 568:37.6
  595   7735 -8.858529387217154e-02 1.8e+02 3.30e-02  1e-02  1e-01 573:18.9
  600   7800 -8.865768711812112e-02 1.8e+02 3.03e-02  1e-02  1e-01 578:03.1
  605   7865 -8.865575808819849e-02 1.8e+02 3.24e-02  1e-02  1e-01 582:38.7
  610   7930 -8.866225407440811e-02 1.8e+02 3.24e-02  1e-02  1e-01 587:22.2
  615   7995 -8.873109029631165e-02 1.8e+02 3.07e-02  1e-02  1e-01 592:01.9
  620   8060 -8.877782019918438e-02 1.8e+02 3.08e-02  1e-02  1e-01 596:45.7
  625   8125 -8.878593377805684e-02 1.8e+02 3.15e-02  1e-02  1e-01 601:25.4
  630   8190 -8.881902626483922e-02 1.8e+02 2.85e-02  9e-03  1e-01 605:56.9
  635   8255 -8.887144192254298e-02 1.8e+02 2.59e-02  8e-03  9e-02 610:28.8
  640   8320 -8.887699014399683e-02 1.7e+02 2.63e-02  8e-03  9e-02 614:60.0
  645   8385 -8.890796430297203e-02 1.7e+02 2.52e-02  8e-03  8e-02 619:31.2
  650   8450 -8.891574744240929e-02 1.7e+02 2.71e-02  8e-03  9e-02 624:02.8
  655   8515 -8.892791931079164e-02 1.8e+02 2.65e-02  8e-03  9e-02 628:34.3
  660   8580 -8.894356753795631e-02 1.8e+02 2.62e-02  8e-03  8e-02 633:02.0
  665   8645 -8.898231874581139e-02 1.7e+02 2.52e-02  7e-03  8e-02 637:24.1
  670   8710 -8.899051236144156e-02 1.8e+02 2.65e-02  7e-03  9e-02 641:45.8
  675   8775 -8.900918462634304e-02 1.7e+02 2.15e-02  6e-03  7e-02 646:07.2
