Running job array 12 on milan20.int.triton.aalto.fi
Starting at Thu Mar 13 20:39:56 EET 2025
Activating virtual environment at /scratch/work/uotilav2/quantum-portfolio/venv
Processing batch 13/20: experiments 269 to 290 (total 22)
Processing experiment 269
Budget: 378.601318359375
YF.download() has changed argument auto_adjust default to True
Number of qubits for asset AAPL: 1
Number of qubits for asset CSCO: 3
Number of qubits for asset INTC: 5
Number of qubits for asset MMM: 2
Number of qubits for asset V: 1
Total number of qubits:  12
Optimized Weights (considering variance, skewness and kurtosis):
AAPL: 100.00%
CSCO: 0.00%
INTC: 0.00%
MMM: 0.00%
V: 0.00%
Left over budget:  88.35634611068468
Optimized Discrete Allocation:
AAPL: 1
INTC: 2
Maximized utility from continuous higher moments:  1.4759005504630134
Budget constraint satisfied 378.601318359375 378.601318359375 Difference:  0.0
Budget constraint satisfied 375.86201095581055 378.601318359375 Difference:  2.739307403564453
smallest_eigenvalues: [-0.05868628684211186]
smallest_bitstrings: ['100000000100']
first_excited_energy: -0.0586828763342013
optimized_portfolio: [{'AAPL': 1, 'CSCO': 0, 'INTC': 0, 'MMM': 1, 'V': 0}]
second_optimized_portfolio: [{'AAPL': 0, 'CSCO': 1, 'INTC': 3, 'MMM': 2, 'V': 0}]
result_with_budget: [{'portfolio': {'AAPL': 1, 'CSCO': 0, 'INTC': 0, 'MMM': 1, 'V': 0}, 'budget': 378.601318359375, 'difference': 0.0, 'objective_value': 2.112986215929451}]
result_with_budget_excited: [{'portfolio': {'AAPL': 0, 'CSCO': 1, 'INTC': 3, 'MMM': 2, 'V': 0}, 'budget': 375.86201095581055, 'difference': 2.739307403564453, 'objective_value': -6.405695386769407}]
Initial params:  [2.01037118 0.45035763 2.96776493 1.63943485 1.3026989  0.83112597
 2.43232687 1.43303853 1.78578792 0.0590299  1.94035914 1.92295543
 1.93815531 2.96487203 2.14200164 1.12942738 1.37297638 2.19167304
 0.1892039  2.09470941 2.106871   0.66093631 0.40503391 0.99094739]
(6_w,13)-aCMA-ES (mu_w=4.0,w_1=38%) in dimension 24 (seed=945702, Thu Mar 13 20:40:38 2025)
Iterat #Fevals   function value  axis ratio  sigma  min&max std  t[m:s]
    1     13 1.236169819875046e-01 1.0e+00 9.55e-02  9e-02  1e-01 0:57.1
    2     26 8.856921441263876e-02 1.1e+00 9.35e-02  9e-02  1e-01 1:53.9
    3     39 7.241543498932121e-02 1.1e+00 9.61e-02  9e-02  1e-01 2:50.0
    4     52 2.924491921230789e-02 1.2e+00 9.85e-02  1e-01  1e-01 3:46.6
    5     65 4.335953673592521e-02 1.2e+00 9.87e-02  1e-01  1e-01 4:42.6
    6     78 2.150723603107647e-02 1.2e+00 9.97e-02  1e-01  1e-01 5:38.3
    7     91 2.793545620780956e-02 1.3e+00 1.00e-01  1e-01  1e-01 6:34.6
    8    104 -1.744936945696892e-02 1.3e+00 1.05e-01  1e-01  1e-01 7:27.3
    9    117 -2.530279764147856e-02 1.3e+00 1.11e-01  1e-01  1e-01 8:20.8
   10    130 -1.545026725225969e-02 1.4e+00 1.16e-01  1e-01  1e-01 9:24.0
   11    143 -3.136556878670806e-02 1.4e+00 1.20e-01  1e-01  1e-01 10:23.0
   12    156 -2.447195721458766e-02 1.5e+00 1.25e-01  1e-01  1e-01 11:21.9
   13    169 -2.591422354663414e-02 1.5e+00 1.29e-01  1e-01  1e-01 12:20.1
   14    182 -3.103465975950685e-02 1.6e+00 1.30e-01  1e-01  1e-01 13:19.5
   15    195 -3.244087687251368e-02 1.6e+00 1.33e-01  1e-01  1e-01 14:19.3
   16    208 -3.804402334852512e-02 1.7e+00 1.36e-01  1e-01  2e-01 15:18.3
   17    221 -3.603445520919758e-02 1.7e+00 1.44e-01  1e-01  2e-01 16:16.2
   18    234 -3.537956580775030e-02 1.8e+00 1.47e-01  1e-01  2e-01 17:13.9
   19    247 -3.934235197749904e-02 1.8e+00 1.50e-01  1e-01  2e-01 18:07.5
   20    260 -3.948425444686625e-02 1.9e+00 1.55e-01  1e-01  2e-01 18:59.9
   21    273 -4.064293731174132e-02 1.9e+00 1.62e-01  2e-01  2e-01 19:50.3
   22    286 -3.843621234014878e-02 2.0e+00 1.65e-01  2e-01  2e-01 20:44.5
   23    299 -3.810526428757308e-02 2.1e+00 1.69e-01  2e-01  2e-01 21:39.8
   24    312 -4.216279739970136e-02 2.1e+00 1.73e-01  2e-01  2e-01 22:35.6
   25    325 -4.028434379810362e-02 2.1e+00 1.77e-01  2e-01  2e-01 23:31.2
   26    338 -4.041493572225482e-02 2.2e+00 1.73e-01  2e-01  2e-01 24:26.5
   27    351 -4.133944502718027e-02 2.2e+00 1.69e-01  2e-01  2e-01 25:22.0
   28    364 -4.287943905352982e-02 2.2e+00 1.59e-01  1e-01  2e-01 26:17.1
   29    377 -4.372908081383559e-02 2.2e+00 1.56e-01  1e-01  2e-01 27:12.6
   30    390 -4.195110193203509e-02 2.2e+00 1.55e-01  1e-01  2e-01 28:07.5
   31    403 -3.967747008836977e-02 2.2e+00 1.60e-01  1e-01  2e-01 28:58.2
   32    416 -4.345380305914206e-02 2.3e+00 1.61e-01  1e-01  2e-01 29:48.0
   33    429 -3.553529822233342e-02 2.3e+00 1.68e-01  2e-01  2e-01 30:41.5
   34    442 -4.257013928095633e-02 2.3e+00 1.70e-01  2e-01  2e-01 31:36.6
   35    455 -4.165643466556952e-02 2.3e+00 1.71e-01  2e-01  2e-01 32:31.6
   36    468 -3.967550734023383e-02 2.3e+00 1.66e-01  2e-01  2e-01 33:26.0
   37    481 -4.153889246328905e-02 2.3e+00 1.65e-01  2e-01  2e-01 34:20.5
   38    494 -4.073217400151438e-02 2.3e+00 1.68e-01  2e-01  2e-01 35:15.4
   39    507 -4.122595655838581e-02 2.4e+00 1.68e-01  2e-01  2e-01 36:10.4
   40    520 -4.189109240411940e-02 2.4e+00 1.71e-01  2e-01  2e-01 37:04.8
   41    533 -4.454841128424122e-02 2.4e+00 1.74e-01  2e-01  2e-01 37:59.3
   42    546 -4.101028864889388e-02 2.4e+00 1.75e-01  2e-01  2e-01 38:53.8
   43    559 -4.283989639021617e-02 2.5e+00 1.76e-01  2e-01  2e-01 39:43.5
   44    572 -4.113562161300945e-02 2.5e+00 1.72e-01  2e-01  2e-01 40:33.3
   45    585 -3.955362990362111e-02 2.5e+00 1.72e-01  2e-01  2e-01 41:22.9
   46    598 -3.884002729376430e-02 2.5e+00 1.63e-01  1e-01  2e-01 42:12.9
   47    611 -4.194368007287274e-02 2.6e+00 1.54e-01  1e-01  2e-01 43:02.5
   48    624 -4.222937151636656e-02 2.6e+00 1.50e-01  1e-01  2e-01 43:53.5
   49    637 -4.335825232543058e-02 2.6e+00 1.46e-01  1e-01  2e-01 44:48.1
   50    650 -4.363834564359931e-02 2.6e+00 1.45e-01  1e-01  2e-01 45:47.1
   51    663 -4.352628670108152e-02 2.6e+00 1.42e-01  1e-01  2e-01 46:45.5
   52    676 -4.354403810596248e-02 2.6e+00 1.37e-01  1e-01  2e-01 47:43.9
   53    689 -4.488568871663732e-02 2.7e+00 1.33e-01  1e-01  2e-01 48:42.8
   54    702 -4.236277608720269e-02 2.7e+00 1.31e-01  1e-01  2e-01 49:41.4
   55    715 -4.248458316270584e-02 2.7e+00 1.31e-01  1e-01  2e-01 50:39.7
   56    728 -4.462738092152412e-02 2.7e+00 1.32e-01  1e-01  2e-01 51:38.0
   57    741 -4.503161072214255e-02 2.7e+00 1.36e-01  1e-01  2e-01 52:35.0
   58    754 -4.014463092239690e-02 2.7e+00 1.34e-01  1e-01  2e-01 53:32.8
   60    780 -4.392003464483599e-02 2.8e+00 1.35e-01  1e-01  2e-01 55:18.8
   62    806 -4.260273670240958e-02 2.8e+00 1.40e-01  1e-01  2e-01 57:13.6
   64    832 -4.299125848383348e-02 2.9e+00 1.40e-01  1e-01  2e-01 59:08.0
   66    858 -4.154429719651950e-02 3.0e+00 1.40e-01  1e-01  2e-01 61:04.1
   68    884 -4.374622961177476e-02 3.0e+00 1.44e-01  1e-01  2e-01 62:47.0
   70    910 -4.326122091446347e-02 3.1e+00 1.43e-01  1e-01  2e-01 64:43.3
   72    936 -4.294430970908655e-02 3.2e+00 1.42e-01  1e-01  2e-01 66:40.5
   74    962 -4.403973218262516e-02 3.2e+00 1.46e-01  1e-01  2e-01 68:37.8
   76    988 -4.314493186435430e-02 3.3e+00 1.53e-01  1e-01  2e-01 70:35.3
   78   1014 -4.292676009120251e-02 3.4e+00 1.57e-01  1e-01  2e-01 72:22.1
   80   1040 -4.292595321582958e-02 3.4e+00 1.52e-01  1e-01  2e-01 74:01.2
   82   1066 -4.453451638348763e-02 3.5e+00 1.51e-01  1e-01  2e-01 75:39.4
   84   1092 -4.362104176222682e-02 3.5e+00 1.46e-01  1e-01  2e-01 77:17.6
   86   1118 -4.418491009169451e-02 3.6e+00 1.44e-01  1e-01  2e-01 79:06.0
   88   1144 -4.503593374069934e-02 3.6e+00 1.35e-01  1e-01  2e-01 80:54.4
   90   1170 -4.460835997161451e-02 3.7e+00 1.28e-01  1e-01  2e-01 82:43.5
   92   1196 -4.124773283610635e-02 3.7e+00 1.28e-01  1e-01  2e-01 84:32.2
   94   1222 -4.283814956740026e-02 3.7e+00 1.35e-01  1e-01  2e-01 86:17.5
   96   1248 -4.353748594580192e-02 3.8e+00 1.37e-01  1e-01  2e-01 87:55.7
   98   1274 -4.407799224591936e-02 3.9e+00 1.29e-01  1e-01  2e-01 89:40.8
  100   1300 -4.450020700340470e-02 3.9e+00 1.19e-01  1e-01  1e-01 91:29.4
  102   1326 -4.347252738910712e-02 4.0e+00 1.10e-01  9e-02  1e-01 93:18.2
  104   1352 -4.446200874199434e-02 4.1e+00 1.04e-01  9e-02  1e-01 95:06.8
  106   1378 -4.436481995923638e-02 4.1e+00 9.69e-02  8e-02  1e-01 96:54.7
  108   1404 -4.451543738893296e-02 4.2e+00 9.08e-02  8e-02  1e-01 98:36.2
  110   1430 -4.448035944615527e-02 4.3e+00 8.41e-02  7e-02  1e-01 100:25.2
  112   1456 -4.469631817759458e-02 4.3e+00 7.84e-02  6e-02  1e-01 102:13.8
  114   1482 -4.533096446388361e-02 4.4e+00 7.52e-02  6e-02  9e-02 104:02.5
  116   1508 -4.503105856142470e-02 4.4e+00 7.16e-02  6e-02  9e-02 105:51.6
  118   1534 -4.511071290709642e-02 4.5e+00 7.09e-02  6e-02  9e-02 107:35.4
  120   1560 -4.578358673848460e-02 4.6e+00 7.55e-02  6e-02  9e-02 109:24.3
  122   1586 -4.537878161790899e-02 4.7e+00 7.82e-02  6e-02  9e-02 111:13.3
  124   1612 -4.521584691913445e-02 4.8e+00 7.50e-02  6e-02  9e-02 113:02.8
  126   1638 -4.550379609768480e-02 4.8e+00 7.13e-02  5e-02  9e-02 114:52.1
  128   1664 -4.593884848576248e-02 4.9e+00 6.51e-02  5e-02  8e-02 116:33.9
  130   1690 -4.599762359592999e-02 4.9e+00 6.25e-02  5e-02  7e-02 118:25.4
  132   1716 -4.650952164300634e-02 5.0e+00 6.18e-02  5e-02  7e-02 120:26.6
  134   1742 -4.626180964262562e-02 5.1e+00 6.26e-02  5e-02  8e-02 122:25.9
  136   1768 -4.650295874208021e-02 5.3e+00 6.18e-02  4e-02  7e-02 124:25.6
  138   1794 -4.659409834074355e-02 5.5e+00 6.22e-02  5e-02  8e-02 126:17.5
  140   1820 -4.672087872834740e-02 5.7e+00 6.60e-02  5e-02  8e-02 128:02.2
  142   1846 -4.676072531862181e-02 6.0e+00 6.84e-02  5e-02  8e-02 129:50.7
  144   1872 -4.701604984267550e-02 6.1e+00 7.05e-02  5e-02  9e-02 131:39.4
  146   1898 -4.723553909045269e-02 6.1e+00 6.97e-02  5e-02  9e-02 133:27.6
  148   1924 -4.719544433203558e-02 6.3e+00 6.81e-02  5e-02  9e-02 135:15.0
  151   1963 -4.743157499561063e-02 6.5e+00 6.58e-02  5e-02  8e-02 137:49.2
  153   1989 -4.750653304471319e-02 6.7e+00 6.74e-02  5e-02  9e-02 139:37.7
  155   2015 -4.760209378333563e-02 6.7e+00 6.49e-02  5e-02  8e-02 141:26.5
  157   2041 -4.762780155342756e-02 6.8e+00 6.09e-02  4e-02  8e-02 143:15.1
  159   2067 -4.762513709525708e-02 6.9e+00 5.52e-02  4e-02  7e-02 145:03.8
  162   2106 -4.761045954761957e-02 7.3e+00 4.95e-02  3e-02  6e-02 147:46.9
  164   2132 -4.780342535450931e-02 7.3e+00 4.91e-02  3e-02  6e-02 149:39.1
  166   2158 -4.787767290847014e-02 7.5e+00 4.66e-02  3e-02  6e-02 151:31.0
  168   2184 -4.807573848993099e-02 7.6e+00 4.55e-02  3e-02  6e-02 153:23.0
  171   2223 -4.812860719127539e-02 7.7e+00 4.85e-02  3e-02  6e-02 156:01.1
  174   2262 -4.827900179334071e-02 8.1e+00 4.60e-02  3e-02  6e-02 158:29.1
  177   2301 -4.825544202551874e-02 8.3e+00 4.71e-02  3e-02  6e-02 161:06.4
  180   2340 -4.832010567631586e-02 8.6e+00 4.98e-02  3e-02  6e-02 163:49.8
  183   2379 -4.832554570731862e-02 8.8e+00 5.12e-02  3e-02  6e-02 166:32.7
  186   2418 -4.852435482008322e-02 9.2e+00 5.28e-02  3e-02  6e-02 169:09.0
  189   2457 -4.864772760442438e-02 9.7e+00 5.09e-02  3e-02  6e-02 171:47.9
  192   2496 -4.872714868520199e-02 1.0e+01 5.35e-02  3e-02  7e-02 174:29.9
  195   2535 -4.877328063159238e-02 1.1e+01 5.48e-02  3e-02  7e-02 177:11.5
  198   2574 -4.899614056111373e-02 1.1e+01 5.68e-02  4e-02  7e-02 179:44.1
  200   2600 -4.907748019767785e-02 1.2e+01 5.74e-02  4e-02  8e-02 181:22.5
  203   2639 -4.899494650934131e-02 1.2e+01 6.31e-02  4e-02  8e-02 184:21.3
  206   2678 -4.914867506935488e-02 1.3e+01 6.67e-02  4e-02  9e-02 187:23.9
  209   2717 -4.928939528264058e-02 1.3e+01 7.58e-02  5e-02  1e-01 190:21.6
  212   2756 -4.950187949881579e-02 1.3e+01 7.73e-02  5e-02  1e-01 192:50.1
  215   2795 -4.948048919173514e-02 1.4e+01 8.53e-02  5e-02  1e-01 195:33.0
  218   2834 -4.935613772005009e-02 1.5e+01 8.21e-02  5e-02  1e-01 198:30.5
  221   2873 -4.934983932584686e-02 1.5e+01 7.35e-02  4e-02  1e-01 201:28.8
  224   2912 -4.928038066676131e-02 1.6e+01 6.91e-02  4e-02  1e-01 204:07.6
  227   2951 -4.924455193329854e-02 1.6e+01 6.38e-02  4e-02  9e-02 206:49.1
  230   2990 -4.933524349886057e-02 1.6e+01 6.05e-02  3e-02  9e-02 209:31.7
  233   3029 -4.956204536231167e-02 1.6e+01 5.59e-02  3e-02  8e-02 212:13.4
  236   3068 -4.954415192943616e-02 1.7e+01 5.39e-02  3e-02  8e-02 214:50.2
  239   3107 -4.970185687615084e-02 1.7e+01 5.22e-02  3e-02  8e-02 217:33.5
  242   3146 -4.980215975647968e-02 1.7e+01 5.75e-02  3e-02  8e-02 220:16.8
  245   3185 -4.970893348808023e-02 1.8e+01 5.86e-02  3e-02  9e-02 222:55.4
  248   3224 -4.979034222011657e-02 1.8e+01 5.70e-02  3e-02  8e-02 225:29.9
  251   3263 -4.991080130452753e-02 1.8e+01 5.80e-02  3e-02  8e-02 228:22.8
  254   3302 -4.997722990946768e-02 1.9e+01 5.70e-02  3e-02  8e-02 231:14.3
  257   3341 -4.996009593182434e-02 2.0e+01 5.75e-02  3e-02  9e-02 233:57.1
  260   3380 -5.009130475154345e-02 2.1e+01 5.41e-02  3e-02  8e-02 236:48.7
  263   3419 -5.010552809527321e-02 2.1e+01 5.22e-02  3e-02  8e-02 239:40.5
  266   3458 -5.038855497701763e-02 2.2e+01 5.20e-02  3e-02  8e-02 242:28.9
  269   3497 -5.036924304196155e-02 2.3e+01 5.58e-02  3e-02  9e-02 245:16.3
  272   3536 -5.057677038608236e-02 2.5e+01 6.23e-02  3e-02  1e-01 248:18.9
  275   3575 -5.049854219548847e-02 2.6e+01 5.99e-02  3e-02  1e-01 251:18.8
  278   3614 -5.064418376923341e-02 2.6e+01 5.71e-02  3e-02  1e-01 254:01.0
  281   3653 -5.055218117916417e-02 2.7e+01 5.25e-02  3e-02  9e-02 256:50.9
  284   3692 -5.064872814395168e-02 2.8e+01 4.99e-02  3e-02  9e-02 259:40.2
  287   3731 -5.059898398290825e-02 2.8e+01 5.24e-02  3e-02  9e-02 262:20.8
  290   3770 -5.060590319037046e-02 2.8e+01 5.07e-02  3e-02  9e-02 264:53.5
  293   3809 -5.067707959597002e-02 2.9e+01 4.65e-02  2e-02  8e-02 267:46.8
  296   3848 -5.069605986295264e-02 3.0e+01 3.97e-02  2e-02  7e-02 270:43.0
  299   3887 -5.073733253210492e-02 3.0e+01 3.58e-02  2e-02  6e-02 273:40.4
  300   3900 -5.077148383628535e-02 3.0e+01 3.54e-02  2e-02  6e-02 274:38.4
  303   3939 -5.079216759325980e-02 3.1e+01 3.63e-02  2e-02  6e-02 277:31.4
  306   3978 -5.078178997672652e-02 3.2e+01 3.90e-02  2e-02  7e-02 280:26.1
  309   4017 -5.075304841352690e-02 3.1e+01 3.91e-02  2e-02  7e-02 283:15.4
  313   4069 -5.084511423102481e-02 3.2e+01 4.21e-02  2e-02  8e-02 286:43.1
  317   4121 -5.080534232276056e-02 3.3e+01 4.41e-02  2e-02  8e-02 290:03.6
  321   4173 -5.090201865489369e-02 3.4e+01 3.87e-02  2e-02  7e-02 293:23.9
  325   4225 -5.091059130161068e-02 3.4e+01 4.04e-02  2e-02  7e-02 296:44.7
  329   4277 -5.092775031025729e-02 3.4e+01 4.18e-02  2e-02  8e-02 300:04.6
  333   4329 -5.099265831710403e-02 3.5e+01 4.27e-02  2e-02  8e-02 303:24.2
  337   4381 -5.099052905411394e-02 3.6e+01 4.30e-02  2e-02  8e-02 306:43.9
  341   4433 -5.102554822809992e-02 3.7e+01 4.43e-02  2e-02  8e-02 310:04.0
  345   4485 -5.103648891669850e-02 3.8e+01 4.79e-02  2e-02  8e-02 313:28.5
  348   4524 -5.108408970411689e-02 3.9e+01 4.95e-02  2e-02  9e-02 316:26.7
  351   4563 -5.116262611851642e-02 4.0e+01 5.57e-02  3e-02  1e-01 319:25.0
  355   4615 -5.097383642115128e-02 4.0e+01 5.76e-02  3e-02  1e-01 323:03.8
  358   4654 -5.113120466991706e-02 4.1e+01 5.97e-02  3e-02  1e-01 325:56.1
  361   4693 -5.116559930194167e-02 4.2e+01 6.19e-02  3e-02  1e-01 328:51.6
  364   4732 -5.119646459755994e-02 4.3e+01 6.03e-02  3e-02  1e-01 331:47.7
  368   4784 -5.126412429230486e-02 4.4e+01 5.25e-02  3e-02  1e-01 335:37.8
  372   4836 -5.126284300358296e-02 4.4e+01 4.93e-02  2e-02  9e-02 339:32.0
  376   4888 -5.132690262836283e-02 4.5e+01 4.05e-02  2e-02  7e-02 343:09.2
  380   4940 -5.135529341312951e-02 4.6e+01 3.67e-02  2e-02  7e-02 346:41.4
  384   4992 -5.134183578095974e-02 4.6e+01 3.74e-02  2e-02  7e-02 350:34.6
  388   5044 -5.140862566423769e-02 4.7e+01 4.15e-02  2e-02  8e-02 354:19.7
  392   5096 -5.142317081615496e-02 5.0e+01 4.14e-02  2e-02  8e-02 357:53.1
  396   5148 -5.144923949698185e-02 5.1e+01 4.61e-02  2e-02  9e-02 361:25.4
  400   5200 -5.151499080813388e-02 5.4e+01 4.49e-02  2e-02  8e-02 365:01.1
  404   5252 -5.151483272998972e-02 5.4e+01 3.94e-02  2e-02  7e-02 368:54.1
  408   5304 -5.157570886884631e-02 5.5e+01 3.99e-02  2e-02  7e-02 372:42.8
  412   5356 -5.161188598293918e-02 5.6e+01 4.18e-02  2e-02  8e-02 376:10.3
  416   5408 -5.159647353373237e-02 5.7e+01 4.38e-02  2e-02  8e-02 379:41.5
  420   5460 -5.162191718289673e-02 5.8e+01 4.43e-02  2e-02  8e-02 383:28.6
  424   5512 -5.163154877805982e-02 5.9e+01 4.00e-02  2e-02  8e-02 387:03.1
  428   5564 -5.169925974412093e-02 5.9e+01 4.22e-02  2e-02  8e-02 390:28.1
  432   5616 -5.167230736142272e-02 6.0e+01 4.06e-02  2e-02  8e-02 393:47.0
  436   5668 -5.174531139877097e-02 6.4e+01 4.05e-02  2e-02  8e-02 397:06.9
  440   5720 -5.178390648103563e-02 6.8e+01 4.50e-02  2e-02  9e-02 400:26.3
  444   5772 -5.184999303345032e-02 7.2e+01 4.77e-02  2e-02  1e-01 404:13.2
  448   5824 -5.184820922511282e-02 7.2e+01 4.54e-02  2e-02  1e-01 408:05.0
  452   5876 -5.188488982808022e-02 7.3e+01 3.84e-02  2e-02  8e-02 411:37.1
  456   5928 -5.196262349325667e-02 7.4e+01 3.70e-02  2e-02  8e-02 415:28.8
  460   5980 -5.206044815983866e-02 7.4e+01 4.18e-02  2e-02  9e-02 419:24.6
  464   6032 -5.202238565123506e-02 7.6e+01 4.27e-02  2e-02  1e-01 423:16.9
  468   6084 -5.209725420459472e-02 7.6e+01 4.37e-02  2e-02  1e-01 427:16.6
  472   6136 -5.215929442847071e-02 7.8e+01 5.54e-02  2e-02  1e-01 431:05.7
  476   6188 -5.223833373627613e-02 7.9e+01 6.42e-02  3e-02  2e-01 435:06.3
  480   6240 -5.236827658406773e-02 8.1e+01 6.91e-02  3e-02  2e-01 439:09.2
  484   6292 -5.222699151500422e-02 8.6e+01 7.68e-02  3e-02  2e-01 443:04.1
  488   6344 -5.215073882704720e-02 8.9e+01 8.01e-02  3e-02  2e-01 447:06.0
  492   6396 -5.234817050154337e-02 8.9e+01 6.69e-02  2e-02  2e-01 450:33.7
  497   6461 -5.240268078420869e-02 9.0e+01 6.28e-02  2e-02  2e-01 454:41.9
  500   6500 -5.251557439788591e-02 9.0e+01 6.58e-02  2e-02  2e-01 457:17.9
  504   6552 -5.260160848611555e-02 9.0e+01 6.37e-02  2e-02  2e-01 461:17.0
  508   6604 -5.251987031104404e-02 9.0e+01 5.73e-02  2e-02  1e-01 465:14.8
  512   6656 -5.256025331198156e-02 9.0e+01 4.86e-02  2e-02  1e-01 469:07.8
  516   6708 -5.262935704427101e-02 9.2e+01 3.90e-02  1e-02  1e-01 473:07.3
  520   6760 -5.262917377308738e-02 9.2e+01 3.53e-02  1e-02  9e-02 476:57.9
  524   6812 -5.272267182012737e-02 9.2e+01 3.12e-02  1e-02  8e-02 480:59.5
  528   6864 -5.268131391571267e-02 9.3e+01 3.12e-02  1e-02  8e-02 484:38.9
  533   6929 -5.273961588970626e-02 9.4e+01 2.81e-02  9e-03  7e-02 489:07.8
  537   6981 -5.273770799120202e-02 9.4e+01 2.64e-02  8e-03  7e-02 493:07.4
  541   7033 -5.274931057825212e-02 9.4e+01 2.59e-02  8e-03  7e-02 496:51.0
  546   7098 -5.278133601482684e-02 9.4e+01 2.64e-02  8e-03  7e-02 500:57.5
  551   7163 -5.276488894988823e-02 9.2e+01 2.73e-02  8e-03  7e-02 505:03.8
  556   7228 -5.279248278921666e-02 9.5e+01 2.54e-02  7e-03  6e-02 509:09.9
  561   7293 -5.279912339941852e-02 9.7e+01 2.24e-02  6e-03  6e-02 513:16.8
  566   7358 -5.283745088891296e-02 9.7e+01 2.08e-02  6e-03  5e-02 517:24.0
  571   7423 -5.287634390551620e-02 9.9e+01 2.35e-02  6e-03  6e-02 521:30.3
  576   7488 -5.286851439478686e-02 1.0e+02 2.76e-02  8e-03  7e-02 525:37.4
  580   7540 -5.289455543080197e-02 1.0e+02 2.89e-02  8e-03  7e-02 529:36.9
  584   7592 -5.288881599082310e-02 1.1e+02 2.86e-02  8e-03  8e-02 533:35.9
  589   7657 -5.290598484272004e-02 1.1e+02 2.78e-02  7e-03  7e-02 537:49.3
  594   7722 -5.292299302483577e-02 1.1e+02 2.47e-02  6e-03  6e-02 541:56.5
  599   7787 -5.295565776978457e-02 1.1e+02 2.46e-02  6e-03  6e-02 546:03.3
  600   7800 -5.294633241816319e-02 1.1e+02 2.49e-02  6e-03  6e-02 546:52.5
  605   7865 -5.296385177607974e-02 1.1e+02 2.65e-02  7e-03  7e-02 551:19.0
  609   7917 -5.296298900008893e-02 1.1e+02 2.59e-02  6e-03  7e-02 555:21.8
  614   7982 -5.298707846440540e-02 1.1e+02 2.44e-02  6e-03  6e-02 560:06.2
  618   8034 -5.300485624385058e-02 1.1e+02 2.59e-02  6e-03  7e-02 564:07.3
  623   8099 -5.302017065041034e-02 1.2e+02 2.66e-02  6e-03  7e-02 568:48.8
  627   8151 -5.303566512480417e-02 1.2e+02 2.71e-02  6e-03  7e-02 572:47.8
  631   8203 -5.306391997216911e-02 1.2e+02 3.08e-02  7e-03  8e-02 576:48.5
  636   8268 -5.307960864889803e-02 1.3e+02 3.34e-02  8e-03  9e-02 581:09.2
  640   8320 -5.307817511091530e-02 1.3e+02 3.97e-02  9e-03  1e-01 585:12.5
  645   8385 -5.305460207944186e-02 1.3e+02 4.17e-02  9e-03  1e-01 590:00.8
  650   8450 -5.307897548944421e-02 1.4e+02 3.48e-02  8e-03  9e-02 594:52.8
  655   8515 -5.311533049487724e-02 1.4e+02 3.14e-02  7e-03  8e-02 599:43.4
  660   8580 -5.312961791216802e-02 1.4e+02 2.90e-02  6e-03  7e-02 603:50.5
  665   8645 -5.315476620604892e-02 1.3e+02 2.64e-02  5e-03  7e-02 607:57.2
  670   8710 -5.317637180930048e-02 1.3e+02 2.45e-02  5e-03  6e-02 612:03.9
  676   8788 -5.319832091992450e-02 1.4e+02 2.57e-02  5e-03  7e-02 617:00.4
  682   8866 -5.321661230108985e-02 1.5e+02 2.74e-02  5e-03  7e-02 621:56.7
  688   8944 -5.323600662675335e-02 1.5e+02 2.84e-02  5e-03  7e-02 626:53.0
  694   9022 -5.325223764525237e-02 1.6e+02 2.82e-02  5e-03  7e-02 631:49.3
  700   9100 -5.327731477840268e-02 1.6e+02 2.51e-02  5e-03  7e-02 636:45.7
  706   9178 -5.330020309268180e-02 1.7e+02 2.68e-02  5e-03  7e-02 641:41.9
  712   9256 -5.332028855126653e-02 1.7e+02 3.28e-02  6e-03  9e-02 646:37.3
