Running job array 1 on pe79.int.triton.aalto.fi
Starting at Fri Mar 14 10:12:04 EET 2025
Activating virtual environment at /scratch/work/uotilav2/quantum-portfolio/venv
Processing batch 2/30: experiments 15 to 29 (total 15)
Processing experiment 15
Budget: 177.0
YF.download() has changed argument auto_adjust default to True
Expected returns: 0.1256806980728925
Covariance matrix: 0.42753858133240474
3rd-order coskewness tensor: 0.2030974684635513
4th-order cokurtosis tensor: 16.37096824554409
Number of qubits for asset BA: 1
Number of qubits for asset HD: 1
Total number of qubits:  2
Optimized Weights (considering variance, skewness and kurtosis):
BA: 61.19%
HD: 38.81%
Left over budget:  -7.117887435015291e-08
Optimized Discrete Allocation:
BA: 1
Maximized utility from continuous higher moments:  -3.3191415983883434
Budget constraint satisfied 177.0 177.0 Difference:  0.0
Budget constraint satisfied 0.0 177.0 Difference:  177.0
smallest_eigenvalues: [-0.26509008898324127]
smallest_bitstrings: ['10']
first_excited_energy: -1.1102230246251565e-16
optimized_portfolio: [{'BA': 1, 'HD': 0}]
second_optimized_portfolio: [{'BA': 0, 'HD': 0}]
result_with_budget: [{'portfolio': {'BA': 1, 'HD': 0}, 'budget': 177.0, 'difference': 0.0, 'objective_value': -3.3191415983883434}]
result_with_budget_excited: [{'portfolio': {'BA': 0, 'HD': 0}, 'budget': 0.0, 'difference': 177.0, 'objective_value': -0.0}]
Initial params:  [1.20757075 0.93473253 0.17816907 0.85657501]
(4_w,8)-aCMA-ES (mu_w=2.6,w_1=52%) in dimension 4 (seed=1118433, Fri Mar 14 10:12:22 2025)
Iterat #Fevals   function value  axis ratio  sigma  min&max std  t[m:s]
    1      8 -3.777189972398592e-02 1.0e+00 1.59e+00  2e+00  2e+00 0:00.2
    2     16 -1.229101087640508e-01 1.5e+00 1.59e+00  1e+00  2e+00 0:00.2
    3     24 -7.561621961059591e-02 1.7e+00 1.94e+00  2e+00  3e+00 0:00.3
   62    496 -2.602966720685972e-01 3.8e+00 1.97e-01  2e-02  8e-02 0:03.3
  100    800 -2.613853487947415e-01 6.7e+00 2.91e-02  7e-04  3e-03 0:05.2
  159   1272 -2.613858408253651e-01 1.2e+01 1.81e-05  3e-08  2e-07 0:08.0
Budget constraint not satisfied 386.5369873046875 177.0 Difference:  -209.5369873046875
Budget constraint satisfied 177.0 177.0 Difference:  0.0
two_most_probable_states: ['01', '10']
final_expectation_value: -0.26138584082536515
params: [8.42163961554046, 2.4111009811257262, -10.507104926561434, 2.3234388807218394]
total_steps: 159
states_probs: [0.005961076028852245, 0.9890114021926718]
optimized_portfolios: [{'BA': 0, 'HD': 1}, {'BA': 1, 'HD': 0}]
objective_values: [-3.9923510400695577, -3.3191415983883434]
result_with_budget: [{'portfolio': {'BA': 0, 'HD': 1}, 'budget': 386.5369873046875, 'difference': -209.5369873046875}, {'portfolio': {'BA': 1, 'HD': 0}, 'budget': 177.0, 'difference': 0.0}]
Processing experiment 16
Budget: 840.7849197387695
Expected returns: 0.2741398165955808
Covariance matrix: 0.3103087810158425
3rd-order coskewness tensor: -0.0030559702572121867
4th-order cokurtosis tensor: 5.303623028807602
Number of qubits for asset AAPL: 2
Number of qubits for asset WMT: 4
Total number of qubits:  6
Optimized Weights (considering variance, skewness and kurtosis):
AAPL: 56.78%
WMT: 43.22%
Left over budget:  69.4449777363186
Optimized Discrete Allocation:
AAPL: 2
WMT: 3
Maximized utility from continuous higher moments:  -261.204968785637
Budget constraint satisfied 840.7849197387695 840.7849197387695 Difference:  0.0
Budget constraint not satisfied 861.68994140625 840.7849197387695 Difference:  -20.90502166748047
smallest_eigenvalues: [-0.3722248128823332]
smallest_bitstrings: ['111000']
first_excited_energy: -0.37106981605158584
optimized_portfolio: [{'AAPL': 3, 'WMT': 1}]
second_optimized_portfolio: [{'AAPL': 2, 'WMT': 4}]
result_with_budget: [{'portfolio': {'AAPL': 3, 'WMT': 1}, 'budget': 840.7849197387695, 'difference': 0.0, 'objective_value': -91.80943146473452}]
result_with_budget_excited: [{'portfolio': {'AAPL': 2, 'WMT': 4}, 'budget': 861.68994140625, 'difference': -20.90502166748047, 'objective_value': -684.3890881769173}]
Initial params:  [0.6455593  1.4896465  1.89219801 0.27623912 1.74596368 0.18021868
 3.02990711 0.26497375 0.59243192 0.32304594 2.28434855 1.31112324]
(5_w,11)-aCMA-ES (mu_w=3.4,w_1=42%) in dimension 12 (seed=1005653, Fri Mar 14 10:12:32 2025)
Iterat #Fevals   function value  axis ratio  sigma  min&max std  t[m:s]
    1     11 -2.819752267654633e-01 1.0e+00 1.42e+00  1e+00  1e+00 0:02.2
    2     22 -2.385131626242442e-01 1.1e+00 1.34e+00  1e+00  1e+00 0:04.4
    3     33 -2.426742975995072e-01 1.2e+00 1.31e+00  1e+00  1e+00 0:06.6
    5     55 -2.177292529178214e-01 1.3e+00 1.33e+00  1e+00  1e+00 0:11.1
    7     77 -2.825089549435212e-01 1.4e+00 1.46e+00  1e+00  2e+00 0:15.4
   10    110 -2.589042789254101e-01 1.6e+00 1.64e+00  1e+00  2e+00 0:22.2
   13    143 -1.662261313659808e-01 1.8e+00 2.11e+00  2e+00  2e+00 0:28.9
   17    187 -2.269047331066937e-01 2.0e+00 2.44e+00  2e+00  3e+00 0:38.1
   21    231 -2.642684508611590e-01 2.0e+00 2.28e+00  2e+00  3e+00 0:47.3
   25    275 -2.165269146057093e-01 2.0e+00 2.30e+00  2e+00  3e+00 0:56.6
   30    330 -2.465538109785665e-01 2.2e+00 1.90e+00  2e+00  2e+00 1:08.1
   35    385 -2.363018101709274e-01 2.4e+00 1.75e+00  1e+00  2e+00 1:19.5
   41    451 -2.261617847761380e-01 2.5e+00 1.85e+00  2e+00  2e+00 1:33.3
   47    517 -2.323277934223353e-01 2.5e+00 2.00e+00  2e+00  2e+00 1:47.1
   54    594 -2.318337987223297e-01 2.8e+00 1.38e+00  1e+00  2e+00 2:03.1
   61    671 -2.724374917751918e-01 2.8e+00 1.39e+00  1e+00  2e+00 2:19.2
   68    748 -2.905901868553552e-01 2.8e+00 1.12e+00  9e-01  1e+00 2:35.2
   76    836 -2.464760340844802e-01 3.2e+00 8.03e-01  6e-01  1e+00 2:53.5
   85    935 -2.693863120855761e-01 3.3e+00 5.68e-01  4e-01  7e-01 3:13.7
   94   1034 -2.870240155621908e-01 3.6e+00 5.50e-01  4e-01  8e-01 3:33.9
  100   1100 -2.570288355410668e-01 3.7e+00 7.17e-01  5e-01  1e+00 3:47.5
  110   1210 -2.622831327859738e-01 4.0e+00 4.96e-01  3e-01  8e-01 4:09.9
  120   1320 -2.645175422454359e-01 3.7e+00 3.45e-01  2e-01  5e-01 4:32.4
  131   1441 -2.763083660706832e-01 4.9e+00 2.85e-01  2e-01  4e-01 4:57.1
  142   1562 -2.938476489580100e-01 5.6e+00 2.37e-01  1e-01  4e-01 5:22.1
  153   1683 -3.244088008928364e-01 7.6e+00 2.02e-01  1e-01  4e-01 5:47.4
  165   1815 -3.302501973723051e-01 9.2e+00 1.41e-01  7e-02  3e-01 6:14.7
  177   1947 -3.363682821761488e-01 1.0e+01 1.49e-01  7e-02  3e-01 6:41.9
  190   2090 -3.384351253339832e-01 1.5e+01 1.14e-01  4e-02  3e-01 7:11.5
  200   2200 -3.406408793094688e-01 1.7e+01 6.69e-02  2e-02  1e-01 7:34.0
  214   2354 -3.417078993798798e-01 2.2e+01 3.68e-02  1e-02  8e-02 8:05.4
  228   2508 -3.423140287097719e-01 3.5e+01 4.34e-02  1e-02  1e-01 8:36.7
  243   2673 -3.429575320756343e-01 4.5e+01 3.07e-02  7e-03  9e-02 9:10.3
  258   2838 -3.439364972082555e-01 5.6e+01 7.56e-02  1e-02  2e-01 9:44.0
  274   3014 -3.443850710026602e-01 5.6e+01 4.92e-02  8e-03  1e-01 10:20.0
  290   3190 -3.446968909840090e-01 6.0e+01 3.15e-02  5e-03  7e-02 10:55.9
  300   3300 -3.449161223753303e-01 7.0e+01 5.24e-02  7e-03  1e-01 11:18.5
  317   3487 -3.449315766810883e-01 6.9e+01 2.27e-02  3e-03  4e-02 11:57.2
  334   3674 -3.449503644730224e-01 7.9e+01 1.12e-02  1e-03  2e-02 12:35.3
  352   3872 -3.449613985818926e-01 7.6e+01 1.41e-02  1e-03  2e-02 13:15.8
  370   4070 -3.449759818891036e-01 7.9e+01 3.59e-02  3e-03  6e-02 13:56.3
  389   4279 -3.450115719918769e-01 1.1e+02 3.56e-02  2e-03  6e-02 14:39.6
  400   4400 -3.450300149225913e-01 1.1e+02 2.52e-02  2e-03  4e-02 15:04.3
  420   4620 -3.450372222735164e-01 1.1e+02 1.24e-02  7e-04  2e-02 15:49.2
  440   4840 -3.450408590204965e-01 1.5e+02 2.03e-02  1e-03  3e-02 16:34.6
  460   5060 -3.450444927810682e-01 1.5e+02 8.90e-03  3e-04  1e-02 17:19.7
  481   5291 -3.450448801753758e-01 1.6e+02 3.48e-03  1e-04  4e-03 18:06.9
  500   5500 -3.450449273850651e-01 1.7e+02 1.37e-03  4e-05  1e-03 18:49.6
  522   5742 -3.450449324802560e-01 1.6e+02 4.24e-04  1e-05  4e-04 19:39.1
  544   5984 -3.450449328792249e-01 1.7e+02 1.50e-04  4e-06  1e-04 20:28.5
  567   6237 -3.450449329021441e-01 1.9e+02 3.14e-05  6e-07  2e-05 21:20.2
  590   6490 -3.450449329035763e-01 2.0e+02 7.19e-06  1e-07  5e-06 22:12.1
  594   6534 -3.450449329035802e-01 2.1e+02 5.57e-06  1e-07  4e-06 22:21.1
Budget constraint not satisfied 952.0399398803711 840.7849197387695 Difference:  -111.25502014160156
Budget constraint not satisfied 861.68994140625 840.7849197387695 Difference:  -20.90502166748047
two_most_probable_states: ['011010', '010010']
final_expectation_value: -0.34504493290358457
params: [8.264760455610766, -3.4187059509537234, -16.19735331094939, 8.050986182493363, 6.275589441216165, -5.655157356905809, 9.582662743368092, -8.279715068497604, -14.157570349362095, -4.6051629275903645, 3.447536312131006, 13.656134237003362]
total_steps: 594
states_probs: [0.05301650586357886, 0.11212275333940333]
optimized_portfolios: [{'AAPL': 2, 'WMT': 5}, {'AAPL': 2, 'WMT': 4}]
objective_values: [-1526.0024897330325, -684.3890881769173]
result_with_budget: [{'portfolio': {'AAPL': 2, 'WMT': 5}, 'budget': 952.0399398803711, 'difference': -111.25502014160156}, {'portfolio': {'AAPL': 2, 'WMT': 4}, 'budget': 861.68994140625, 'difference': -20.90502166748047}]
Processing experiment 17
Budget: 677.6699981689453
Expected returns: 0.23487817472993913
Covariance matrix: 0.3784997100082885
3rd-order coskewness tensor: 0.33614328345231986
4th-order cokurtosis tensor: 14.693575028609239
Number of qubits for asset CRM: 2
Number of qubits for asset HON: 2
Total number of qubits:  4
Optimized Weights (considering variance, skewness and kurtosis):
CRM: 53.58%
HON: 46.42%
Left over budget:  118.65251084739566
Optimized Discrete Allocation:
CRM: 1
HON: 1
Maximized utility from continuous higher moments:  -9.515390781213618
Budget constraint satisfied 668.6599731445312 677.6699981689453 Difference:  9.010025024414062
Budget constraint satisfied 674.0625 677.6699981689453 Difference:  3.6074981689453125
smallest_eigenvalues: [-0.45846763070587077]
smallest_bitstrings: ['0100']
first_excited_energy: -0.45823671304689323
optimized_portfolio: [{'CRM': 2, 'HON': 0}]
second_optimized_portfolio: [{'CRM': 0, 'HON': 3}]
result_with_budget: [{'portfolio': {'CRM': 2, 'HON': 0}, 'budget': 668.6599731445312, 'difference': 9.010025024414062, 'objective_value': -33.572820573949315}]
result_with_budget_excited: [{'portfolio': {'CRM': 0, 'HON': 3}, 'budget': 674.0625, 'difference': 3.6074981689453125, 'objective_value': -138.77415723918676}]
Initial params:  [1.46748065 1.91903248 1.95376897 1.63636623 1.18697186 0.08959267
 0.46243502 0.31253132]
(5_w,10)-aCMA-ES (mu_w=3.2,w_1=45%) in dimension 8 (seed=972883, Fri Mar 14 10:35:05 2025)
Iterat #Fevals   function value  axis ratio  sigma  min&max std  t[m:s]
    1     10 -3.157529359101670e-01 1.0e+00 1.44e+00  1e+00  2e+00 0:00.4
    2     20 -3.456401658066161e-01 1.2e+00 1.43e+00  1e+00  1e+00 0:00.8
    3     30 -3.296599166744020e-01 1.3e+00 1.42e+00  1e+00  1e+00 0:01.2
   11    110 -2.777102669101265e-01 2.0e+00 1.46e+00  1e+00  2e+00 0:04.3
   22    220 -2.276663127082274e-01 2.9e+00 2.45e+00  2e+00  4e+00 0:08.7
   35    350 -3.334630889084227e-01 4.0e+00 3.63e+00  2e+00  5e+00 0:14.0
   51    510 -3.523879700702798e-01 5.7e+00 1.60e+00  8e-01  3e+00 0:20.2
   69    690 -2.353654503259354e-01 6.3e+00 1.18e+00  6e-01  2e+00 0:27.4
   90    900 -3.065583160996954e-01 7.8e+00 9.77e-01  5e-01  1e+00 0:35.8
  100   1000 -2.901841356087189e-01 9.9e+00 1.08e+00  5e-01  2e+00 0:39.7
  126   1260 -3.293764934876074e-01 1.2e+01 7.41e-01  2e-01  1e+00 0:50.0
  154   1540 -3.562768268890458e-01 1.6e+01 1.36e-01  3e-02  2e-01 1:01.2
  185   1850 -3.722830816901271e-01 1.4e+01 1.56e-01  3e-02  2e-01 1:13.5
  200   2000 -3.804071608836479e-01 1.3e+01 2.29e-01  3e-02  2e-01 1:19.4
  236   2360 -4.006672584307214e-01 1.7e+01 2.79e-01  2e-02  2e-01 1:33.7
  274   2740 -4.018039242812572e-01 1.9e+01 1.28e-01  4e-03  6e-02 1:48.8
  300   3000 -4.035727306103177e-01 3.8e+01 1.86e-01  5e-03  1e-01 1:59.2
  344   3440 -4.038357205765167e-01 4.5e+01 9.78e-03  2e-04  4e-03 2:16.6
  390   3900 -4.038358558301106e-01 3.4e+01 4.64e-04  4e-06  7e-05 2:34.8
  400   4000 -4.038358558941079e-01 3.4e+01 1.82e-04  2e-06  2e-05 2:38.7
  434   4340 -4.038358559061664e-01 3.9e+01 8.63e-06  5e-08  8e-07 2:52.2
Budget constraint satisfied 559.0174865722656 677.6699981689453 Difference:  118.65251159667969
Budget constraint satisfied 674.0625 677.6699981689453 Difference:  3.6074981689453125
two_most_probable_states: ['1010', '0011']
final_expectation_value: -0.40383585590616766
params: [4.907099781149134, 8.109432465385115, 2.5332807372633277, 24.476577034179034, 31.12706191313454, 2.461516246141032, -11.076030158282427, -19.775792213736214]
total_steps: 434
states_probs: [0.1562306541194148, 0.33540496251390606]
optimized_portfolios: [{'CRM': 1, 'HON': 1}, {'CRM': 0, 'HON': 3}]
objective_values: [-9.515390781213618, -138.77415723918676]
result_with_budget: [{'portfolio': {'CRM': 1, 'HON': 1}, 'budget': 559.0174865722656, 'difference': 118.65251159667969}, {'portfolio': {'CRM': 0, 'HON': 3}, 'budget': 674.0625, 'difference': 3.6074981689453125}]
Processing experiment 18
Budget: 257.66887283325195
Expected returns: 0.10677998623170587
Covariance matrix: 0.3809851554214601
3rd-order coskewness tensor: -0.4193738375366277
4th-order cokurtosis tensor: 9.892044951485548
Number of qubits for asset IBM: 1
Number of qubits for asset VZ: 3
Total number of qubits:  4
Optimized Weights (considering variance, skewness and kurtosis):
IBM: 43.68%
VZ: 56.32%
Left over budget:  -7.175444807216991e-07
Optimized Discrete Allocation:
IBM: 1
VZ: 1
Maximized utility from continuous higher moments:  -6.92059299531913
Budget constraint satisfied 257.66887283325195 257.66887283325195 Difference:  0.0
Budget constraint satisfied 218.37515258789062 257.66887283325195 Difference:  39.29372024536133
smallest_eigenvalues: [-0.7360947178635788]
smallest_bitstrings: ['1100']
first_excited_energy: -0.7190513296715217
optimized_portfolio: [{'IBM': 1, 'VZ': 1}]
second_optimized_portfolio: [{'IBM': 1, 'VZ': 0}]
result_with_budget: [{'portfolio': {'IBM': 1, 'VZ': 1}, 'budget': 257.66887283325195, 'difference': 0.0, 'objective_value': -6.92059299531913}]
result_with_budget_excited: [{'portfolio': {'IBM': 1, 'VZ': 0}, 'budget': 218.37515258789062, 'difference': 39.29372024536133, 'objective_value': -2.839412551472302}]
Initial params:  [1.14630531 2.58007413 2.44491868 0.87996045 0.93571782 1.08796741
 0.46334083 2.77537817]
(5_w,10)-aCMA-ES (mu_w=3.2,w_1=45%) in dimension 8 (seed=1056977, Fri Mar 14 10:38:06 2025)
Iterat #Fevals   function value  axis ratio  sigma  min&max std  t[m:s]
    1     10 -6.380910777558479e-01 1.0e+00 1.37e+00  1e+00  1e+00 0:00.4
    2     20 -6.440109658283902e-01 1.2e+00 1.24e+00  1e+00  1e+00 0:00.8
    3     30 -6.187575250848052e-01 1.3e+00 1.16e+00  1e+00  1e+00 0:01.2
   11    110 -5.914432719987395e-01 2.1e+00 1.99e+00  2e+00  2e+00 0:04.3
   22    220 -5.368689233414419e-01 2.9e+00 2.83e+00  2e+00  4e+00 0:08.6
   35    350 -4.886622968659679e-01 3.3e+00 2.36e+00  2e+00  4e+00 0:13.7
   51    510 -5.558155719829690e-01 4.3e+00 7.68e-01  4e-01  1e+00 0:20.0
   69    690 -5.869067490635170e-01 5.4e+00 6.74e-01  3e-01  9e-01 0:27.1
   90    900 -6.359740953016544e-01 6.7e+00 5.74e-01  2e-01  8e-01 0:35.3
  100   1000 -6.233121084809771e-01 8.3e+00 3.31e-01  8e-02  4e-01 0:39.3
  126   1260 -6.710226139419534e-01 8.8e+00 1.42e-01  3e-02  2e-01 0:49.5
  155   1550 -6.741987436117158e-01 8.8e+00 4.07e-02  6e-03  3e-02 1:00.9
  186   1860 -6.747350028770865e-01 2.1e+01 1.18e-01  1e-02  9e-02 1:13.2
  200   2000 -6.756470843270873e-01 4.3e+01 3.79e-01  3e-02  3e-01 1:18.7
  236   2360 -6.834476116557971e-01 5.9e+01 4.40e-01  2e-02  3e-01 1:33.1
  275   2750 -6.904384226858195e-01 5.3e+01 4.81e-01  2e-02  3e-01 1:48.4
  300   3000 -6.928144111924184e-01 7.6e+01 2.60e-01  6e-03  1e-01 1:58.2
  343   3430 -6.938985594222808e-01 8.8e+01 2.72e-01  4e-03  1e-01 2:15.2
  389   3890 -6.944610834989594e-01 9.9e+01 1.84e-01  1e-03  5e-02 2:33.5
  400   4000 -6.944661130261808e-01 9.4e+01 1.22e-01  9e-04  3e-02 2:37.9
  451   4510 -6.944667505657803e-01 1.2e+02 1.37e-03  5e-06  2e-04 2:58.1
  497   4970 -6.944667506565034e-01 1.1e+02 3.74e-05  6e-08  2e-06 3:16.2
Budget constraint satisfied 235.76232147216797 257.66887283325195 Difference:  21.906551361083984
Budget constraint satisfied 257.66887283325195 257.66887283325195 Difference:  0.0
two_most_probable_states: ['0011', '1100']
final_expectation_value: -0.6944667506565034
params: [3.380466450663803, -7.6170497291191746, -5.726920610828244, 6.945283189751772, -6.485708853871634, 11.418583173633763, 0.16662507146750336, 1.4138014499294966]
total_steps: 497
states_probs: [0.15885841440464424, 0.17294772907801023]
optimized_portfolios: [{'IBM': 0, 'VZ': 6}, {'IBM': 1, 'VZ': 1}]
objective_values: [-1027.2632987484317, -6.92059299531913]
result_with_budget: [{'portfolio': {'IBM': 0, 'VZ': 6}, 'budget': 235.76232147216797, 'difference': 21.906551361083984}, {'portfolio': {'IBM': 1, 'VZ': 1}, 'budget': 257.66887283325195, 'difference': 0.0}]
Processing experiment 19
Budget: 75.66999816894531
Expected returns: 0.2724870897222417
Covariance matrix: 0.4590406176186982
3rd-order coskewness tensor: 0.07522059123296716
4th-order cokurtosis tensor: 7.79616690100945
Number of qubits for asset MSFT: 1
Number of qubits for asset NKE: 1
Total number of qubits:  2
Optimized Weights (considering variance, skewness and kurtosis):
MSFT: 56.50%
NKE: 43.50%
Left over budget:  0.3810653521878322
Optimized Discrete Allocation:
NKE: 1
Maximized utility from continuous higher moments:  -3.223925631569133
Budget constraint satisfied 75.28893280029297 75.66999816894531 Difference:  0.38106536865234375
Budget constraint satisfied 0.0 75.66999816894531 Difference:  75.66999816894531
smallest_eigenvalues: [-0.033459021180943724]
smallest_bitstrings: ['01']
first_excited_energy: 4.163336342344337e-17
optimized_portfolio: [{'MSFT': 0, 'NKE': 1}]
second_optimized_portfolio: [{'MSFT': 0, 'NKE': 0}]
result_with_budget: [{'portfolio': {'MSFT': 0, 'NKE': 1}, 'budget': 75.28893280029297, 'difference': 0.38106536865234375, 'objective_value': -3.223925631569133}]
result_with_budget_excited: [{'portfolio': {'MSFT': 0, 'NKE': 0}, 'budget': 0.0, 'difference': 75.66999816894531, 'objective_value': -0.0}]
Initial params:  [2.21105366 0.12538621 2.42538728 2.29229596]
(4_w,8)-aCMA-ES (mu_w=2.6,w_1=52%) in dimension 4 (seed=1084327, Fri Mar 14 10:41:32 2025)
Iterat #Fevals   function value  axis ratio  sigma  min&max std  t[m:s]
    1      8 9.609754926376018e-02 1.0e+00 1.25e+00  1e+00  1e+00 0:00.1
    2     16 8.007587884767828e-02 1.2e+00 1.17e+00  1e+00  1e+00 0:00.1
    3     24 7.578226384138086e-02 1.5e+00 1.30e+00  1e+00  1e+00 0:00.1
   66    528 -2.151847018766277e-02 7.8e+00 4.79e-01  5e-02  3e-01 0:03.2
  100    800 -2.846503454596756e-02 9.9e+00 6.54e-01  5e-02  1e-01 0:04.8
  186   1488 -2.950063123609399e-02 1.5e+01 6.25e-05  2e-07  4e-07 0:08.9
Budget constraint satisfied 0.0 75.66999816894531 Difference:  75.66999816894531
Budget constraint satisfied 75.28893280029297 75.66999816894531 Difference:  0.38106536865234375
two_most_probable_states: ['00', '01']
final_expectation_value: -0.029500631236095018
params: [2.7443429489581397, -2.7699679396164356, 1.493249757077274, 5.450539310216099]
total_steps: 186
states_probs: [0.11677890299024246, 0.88315691675446]
optimized_portfolios: [{'MSFT': 0, 'NKE': 0}, {'MSFT': 0, 'NKE': 1}]
objective_values: [-0.0, -3.223925631569133]
result_with_budget: [{'portfolio': {'MSFT': 0, 'NKE': 0}, 'budget': 0.0, 'difference': 75.66999816894531}, {'portfolio': {'MSFT': 0, 'NKE': 1}, 'budget': 75.28893280029297, 'difference': 0.38106536865234375}]
Processing experiment 20
Budget: 60.14999771118164
Expected returns: 0.1256806980728925
Covariance matrix: 0.38349734985378786
3rd-order coskewness tensor: 0.2030974684635513
4th-order cokurtosis tensor: 16.37096824554409
Number of qubits for asset BA: 1
Number of qubits for asset INTC: 2
Total number of qubits:  3
Optimized Weights (considering variance, skewness and kurtosis):
BA: 52.04%
INTC: 47.96%
Left over budget:  20.04999923400974
Optimized Discrete Allocation:
INTC: 2
Maximized utility from continuous higher moments:  -38.99389327958245
Budget constraint satisfied 60.14999771118164 60.14999771118164 Difference:  0.0
Budget constraint satisfied 40.099998474121094 60.14999771118164 Difference:  20.049999237060547
smallest_eigenvalues: [-0.11056522448180348]
smallest_bitstrings: ['011']
first_excited_energy: -0.1097563427108318
optimized_portfolio: [{'BA': 0, 'INTC': 3}]
second_optimized_portfolio: [{'BA': 0, 'INTC': 2}]
result_with_budget: [{'portfolio': {'BA': 0, 'INTC': 3}, 'budget': 60.14999771118164, 'difference': 0.0, 'objective_value': -175.36976404346467}]
result_with_budget_excited: [{'portfolio': {'BA': 0, 'INTC': 2}, 'budget': 40.099998474121094, 'difference': 20.049999237060547, 'objective_value': -38.99389327958245}]
Initial params:  [1.464206   1.93755295 1.93527758 0.91244875 0.14167447 1.87945205]
(4_w,9)-aCMA-ES (mu_w=2.8,w_1=49%) in dimension 6 (seed=1100849, Fri Mar 14 10:41:43 2025)
Iterat #Fevals   function value  axis ratio  sigma  min&max std  t[m:s]
    1      9 1.084672507130248e-02 1.0e+00 1.36e+00  1e+00  1e+00 0:00.1
    2     18 2.833875740350381e-02 1.2e+00 1.24e+00  1e+00  1e+00 0:00.3
    3     27 1.609355941153631e-01 1.3e+00 1.17e+00  1e+00  1e+00 0:00.4
   25    225 -5.666112333592696e-02 3.3e+00 2.71e-01  1e-01  3e-01 0:03.5
   54    486 -6.809498202264094e-02 7.7e+00 8.10e-02  2e-02  8e-02 0:07.6
   90    810 -7.245561212970654e-02 2.1e+01 8.60e-02  1e-02  1e-01 0:12.7
  100    900 -7.262116010485080e-02 2.0e+01 5.26e-02  5e-03  5e-02 0:14.1
  150   1350 -7.268908111437329e-02 2.4e+01 1.79e-03  7e-05  6e-04 0:21.2
  200   1800 -7.268910613448104e-02 2.3e+01 4.82e-05  5e-07  7e-06 0:28.3
  214   1926 -7.268910613498238e-02 2.0e+01 1.18e-05  9e-08  1e-06 0:30.2
Budget constraint satisfied 20.049999237060547 60.14999771118164 Difference:  40.099998474121094
Budget constraint satisfied 40.099998474121094 60.14999771118164 Difference:  20.049999237060547
two_most_probable_states: ['010', '001']
final_expectation_value: -0.07268910613498238
params: [1.0596780126637888, 2.110378917182413, 3.2621350327268708, -0.8271755160929811, -0.4943008627076448, 2.9926107631154717]
total_steps: 214
states_probs: [0.2756193950594742, 0.277644764826892]
optimized_portfolios: [{'BA': 0, 'INTC': 1}, {'BA': 0, 'INTC': 2}]
objective_values: [-3.734024657997587, -38.99389327958245]
result_with_budget: [{'portfolio': {'BA': 0, 'INTC': 1}, 'budget': 20.049999237060547, 'difference': 40.099998474121094}, {'portfolio': {'BA': 0, 'INTC': 2}, 'budget': 40.099998474121094, 'difference': 20.049999237060547}]
Processing experiment 21
Budget: 1152.1853485107422
Expected returns: 0.10677998623170587
Covariance matrix: 0.5371183217626555
3rd-order coskewness tensor: -0.4193738375366277
4th-order cokurtosis tensor: 9.892044951485548
Number of qubits for asset IBM: 3
Number of qubits for asset JPM: 3
Total number of qubits:  6
Optimized Weights (considering variance, skewness and kurtosis):
IBM: 51.48%
JPM: 48.52%
Left over budget:  20.10319167296916
Optimized Discrete Allocation:
IBM: 3
JPM: 2
Maximized utility from continuous higher moments:  -410.38066893764466
Budget constraint satisfied 1152.1853485107422 1152.1853485107422 Difference:  0.0
Budget constraint satisfied 1132.0821533203125 1152.1853485107422 Difference:  20.103195190429688
smallest_eigenvalues: [-0.3263861772321439]
smallest_bitstrings: ['010110']
first_excited_energy: -0.3263358474897361
optimized_portfolio: [{'IBM': 2, 'JPM': 3}]
second_optimized_portfolio: [{'IBM': 3, 'JPM': 2}]
result_with_budget: [{'portfolio': {'IBM': 2, 'JPM': 3}, 'budget': 1152.1853485107422, 'difference': 0.0, 'objective_value': -471.29592421816113}]
result_with_budget_excited: [{'portfolio': {'IBM': 3, 'JPM': 2}, 'budget': 1132.0821533203125, 'difference': 20.103195190429688, 'objective_value': -410.38066893764466}]
Initial params:  [1.3873439  1.8055572  0.79263283 1.20626    0.05655565 0.36855628
 1.37917259 1.24399962 0.19824395 2.5979963  0.77141683 0.44323494]
(5_w,11)-aCMA-ES (mu_w=3.4,w_1=42%) in dimension 12 (seed=1048404, Fri Mar 14 10:42:16 2025)
Iterat #Fevals   function value  axis ratio  sigma  min&max std  t[m:s]
    1     11 -1.579745816672447e-01 1.0e+00 1.35e+00  1e+00  1e+00 0:02.3
    2     22 -2.427660789995983e-01 1.1e+00 1.24e+00  1e+00  1e+00 0:04.5
    3     33 -2.455660898835844e-01 1.2e+00 1.22e+00  1e+00  1e+00 0:06.8
    5     55 -2.197497971625181e-01 1.3e+00 1.25e+00  1e+00  1e+00 0:11.4
    7     77 -2.102187955185596e-01 1.4e+00 1.04e+00  1e+00  1e+00 0:15.9
   10    110 -2.467987028975968e-01 1.5e+00 8.59e-01  8e-01  9e-01 0:22.8
   13    143 -2.471516026582047e-01 1.6e+00 7.82e-01  7e-01  8e-01 0:29.6
   17    187 -2.041865590582637e-01 1.8e+00 8.05e-01  7e-01  9e-01 0:38.8
   21    231 -2.227095628639847e-01 2.0e+00 7.82e-01  7e-01  9e-01 0:47.9
   25    275 -2.301840958364898e-01 2.3e+00 7.50e-01  6e-01  9e-01 0:56.9
   30    330 -2.482792508313397e-01 2.4e+00 7.43e-01  6e-01  9e-01 1:08.1
   35    385 -2.184346619745825e-01 2.7e+00 6.38e-01  5e-01  8e-01 1:19.4
   41    451 -2.008832052208240e-01 2.9e+00 6.80e-01  5e-01  8e-01 1:32.9
   47    517 -2.275743866041564e-01 3.4e+00 7.78e-01  6e-01  1e+00 1:46.4
   54    594 -1.534696242710573e-01 3.7e+00 6.74e-01  5e-01  8e-01 2:02.4
   61    671 -2.471128491614699e-01 4.0e+00 6.71e-01  4e-01  8e-01 2:18.3
   69    759 -1.311793691149804e-01 4.3e+00 6.80e-01  4e-01  1e+00 2:36.5
   77    847 -2.393115343562285e-01 4.4e+00 5.31e-01  3e-01  7e-01 2:54.5
   86    946 -2.043848448849371e-01 4.6e+00 4.82e-01  3e-01  6e-01 3:14.8
   95   1045 -2.377938561160976e-01 5.4e+00 3.77e-01  2e-01  5e-01 3:35.0
  100   1100 -2.543209862700514e-01 5.4e+00 4.12e-01  2e-01  5e-01 3:46.3
  110   1210 -2.092193685691477e-01 5.1e+00 7.38e-01  4e-01  9e-01 4:08.8
  120   1320 -2.170542396293242e-01 5.6e+00 8.45e-01  5e-01  1e+00 4:31.3
  131   1441 -1.818404093071035e-01 6.4e+00 9.72e-01  6e-01  1e+00 4:56.0
  142   1562 -2.056674459867668e-01 6.6e+00 6.58e-01  4e-01  8e-01 5:21.1
  154   1694 -1.925334569867349e-01 6.5e+00 5.27e-01  3e-01  6e-01 5:48.4
  166   1826 -2.252473007819169e-01 7.4e+00 4.47e-01  3e-01  5e-01 6:15.4
  178   1958 -2.716099607002297e-01 8.9e+00 2.90e-01  2e-01  4e-01 6:42.4
  191   2101 -2.835970586402592e-01 9.3e+00 1.66e-01  8e-02  2e-01 7:11.6
  200   2200 -2.869581778605579e-01 9.9e+00 1.02e-01  4e-02  1e-01 7:31.9
  214   2354 -2.890676831450265e-01 9.4e+00 6.93e-02  3e-02  8e-02 8:03.4
  228   2508 -2.912196935642297e-01 9.6e+00 4.64e-02  2e-02  5e-02 8:35.0
  243   2673 -2.924575841482472e-01 9.4e+00 4.22e-02  1e-02  4e-02 9:08.7
  258   2838 -2.931616786973942e-01 1.3e+01 4.34e-02  1e-02  5e-02 9:42.5
  274   3014 -2.936388366539078e-01 1.5e+01 2.75e-02  7e-03  3e-02 10:18.5
  290   3190 -2.946989576021719e-01 3.1e+01 7.81e-02  2e-02  1e-01 10:54.5
  300   3300 -2.958854272223359e-01 4.0e+01 8.20e-02  2e-02  2e-01 11:17.0
  317   3487 -2.972817179538352e-01 4.3e+01 1.34e-01  2e-02  2e-01 11:55.2
  334   3674 -2.986412020826905e-01 3.6e+01 9.23e-02  2e-02  1e-01 12:33.4
  352   3872 -3.010085585533886e-01 3.6e+01 1.25e-01  2e-02  2e-01 13:13.9
  370   4070 -3.035007048455730e-01 3.9e+01 1.54e-01  3e-02  2e-01 13:54.7
  389   4279 -3.050045408234290e-01 3.6e+01 1.14e-01  2e-02  1e-01 14:37.7
  400   4400 -3.056131599011619e-01 3.3e+01 9.61e-02  1e-02  1e-01 15:02.7
  419   4609 -3.064011017841871e-01 3.2e+01 1.47e-01  2e-02  1e-01 15:46.0
  439   4829 -3.071560917151318e-01 3.2e+01 1.20e-01  2e-02  9e-02 16:31.1
  459   5049 -3.077802985355763e-01 4.2e+01 1.00e-01  1e-02  7e-02 17:16.1
  480   5280 -3.080286433879612e-01 4.4e+01 9.04e-02  8e-03  6e-02 18:03.4
  500   5500 -3.081566319521380e-01 5.3e+01 6.75e-02  5e-03  5e-02 18:49.0
  522   5742 -3.081945349094550e-01 6.2e+01 3.10e-02  2e-03  2e-02 19:38.5
  544   5984 -3.082081785610334e-01 8.3e+01 1.96e-02  1e-03  1e-02 20:27.9
  567   6237 -3.082246120533456e-01 9.0e+01 5.67e-02  3e-03  4e-02 21:19.4
  590   6490 -3.082558265714334e-01 1.2e+02 7.57e-02  3e-03  6e-02 22:10.8
  600   6600 -3.082771176853873e-01 1.5e+02 5.46e-02  2e-03  5e-02 22:33.2
  624   6864 -3.083219199694239e-01 2.0e+02 8.28e-02  2e-03  9e-02 23:26.8
  649   7139 -3.084571958603678e-01 2.3e+02 1.25e-01  3e-03  1e-01 24:22.7
  674   7414 -3.090713010196661e-01 2.2e+02 2.77e-01  9e-03  2e-01 25:18.7
  700   7700 -3.093244484729725e-01 1.4e+02 1.91e-01  5e-03  1e-01 26:16.8
  726   7986 -3.095606152428709e-01 1.0e+02 2.37e-01  6e-03  1e-01 27:14.9
  752   8272 -3.096933302831328e-01 9.6e+01 1.40e-01  2e-03  6e-02 28:13.0
  779   8569 -3.098945917621375e-01 1.3e+02 2.23e-01  3e-03  9e-02 29:14.0
  800   8800 -3.100346893745113e-01 1.3e+02 2.86e-01  4e-03  1e-01 30:01.5
  828   9108 -3.102411813303484e-01 9.8e+01 2.99e-01  4e-03  8e-02 31:04.0
  856   9416 -3.104679075810007e-01 8.3e+01 3.02e-01  4e-03  8e-02 32:06.5
  885   9735 -3.105549340150733e-01 8.7e+01 3.45e-01  4e-03  9e-02 33:11.6
  900   9900 -3.106098025887298e-01 1.0e+02 1.82e-01  2e-03  5e-02 33:44.8
  930  10230 -3.106557926564581e-01 7.8e+01 1.78e-01  2e-03  4e-02 34:51.0
  961  10571 -3.106842593152491e-01 7.7e+01 9.84e-02  7e-04  2e-02 35:58.8
  993  10923 -3.106907657180246e-01 1.0e+02 9.64e-02  6e-04  2e-02 37:07.9
 1000  11000 -3.106911833263994e-01 9.6e+01 6.07e-02  3e-04  1e-02 37:22.8
Budget constraint satisfied 873.5006103515625 1152.1853485107422 Difference:  278.6847381591797
Budget constraint satisfied 953.9133911132812 1152.1853485107422 Difference:  198.27195739746094
two_most_probable_states: ['001000', '000001']
final_expectation_value: -0.31069118332639944
params: [-4.413891693505819, -1.541419623099231, 5.64876998965117, -2.7893005420691335, -1.7207731154071393, -5.437379758214326, 17.744056759476383, -6.746333409444165, 1.1789948113703832, -5.28774748090537, -1.6025979483630248, 4.88170333392493]
total_steps: 1000
states_probs: [0.28864777336362996, 0.3562026684324956]
optimized_portfolios: [{'IBM': 4, 'JPM': 0}, {'IBM': 0, 'JPM': 4}]
objective_values: [-353.5382813037828, -456.01961208697537]
result_with_budget: [{'portfolio': {'IBM': 4, 'JPM': 0}, 'budget': 873.5006103515625, 'difference': 278.6847381591797}, {'portfolio': {'IBM': 0, 'JPM': 4}, 'budget': 953.9133911132812, 'difference': 198.27195739746094}]
Processing experiment 22
Budget: 481.7799987792969
Expected returns: 0.1347438436022339
Covariance matrix: 0.4236400884839456
3rd-order coskewness tensor: -1.3529248194885486
4th-order cokurtosis tensor: 24.124133834995376
Number of qubits for asset TRV: 2
Number of qubits for asset UNH: 1
Total number of qubits:  3
Optimized Weights (considering variance, skewness and kurtosis):
TRV: 24.17%
UNH: 75.83%
Left over budget:  241.87150443454405
Optimized Discrete Allocation:
TRV: 1
Maximized utility from continuous higher moments:  -5.057235295516462
Budget constraint satisfied 479.8169860839844 481.7799987792969 Difference:  1.9630126953125
Budget constraint not satisfied 503.7073059082031 481.7799987792969 Difference:  -21.92730712890625
smallest_eigenvalues: [-0.48475034563839636]
smallest_bitstrings: ['010']
first_excited_energy: -0.48406739738334476
optimized_portfolio: [{'TRV': 2, 'UNH': 0}]
second_optimized_portfolio: [{'TRV': 0, 'UNH': 1}]
result_with_budget: [{'portfolio': {'TRV': 2, 'UNH': 0}, 'budget': 479.8169860839844, 'difference': 1.9630126953125, 'objective_value': -59.39047926074048}]
result_with_budget_excited: [{'portfolio': {'TRV': 0, 'UNH': 1}, 'budget': 503.7073059082031, 'difference': -21.92730712890625, 'objective_value': -2.7910350364940086}]
Initial params:  [1.71265369 0.21129927 3.13799895 2.89791782 0.69550427 1.14681385]
(4_w,9)-aCMA-ES (mu_w=2.8,w_1=49%) in dimension 6 (seed=1047382, Fri Mar 14 11:20:01 2025)
Iterat #Fevals   function value  axis ratio  sigma  min&max std  t[m:s]
    1      9 -1.656855052639845e-01 1.0e+00 1.45e+00  1e+00  2e+00 0:00.1
    2     18 -2.360012239310137e-01 1.2e+00 1.52e+00  1e+00  2e+00 0:00.3
    3     27 -2.199937679565449e-01 1.5e+00 1.69e+00  2e+00  2e+00 0:00.4
   26    234 -2.920925092016428e-01 3.4e+00 8.98e-01  6e-01  1e+00 0:03.5
   57    513 -1.937567237230162e-01 5.4e+00 1.56e+00  1e+00  2e+00 0:07.6
   95    855 -3.141628061791827e-01 1.3e+01 1.15e+00  6e-01  1e+00 0:12.7
  100    900 -3.489196830586840e-01 1.5e+01 8.18e-01  4e-01  8e-01 0:13.4
  153   1377 -4.704836215565343e-01 8.8e+00 2.18e-01  2e-02  9e-02 0:20.5
  200   1800 -4.711231274456244e-01 1.5e+01 1.82e-02  4e-04  4e-03 0:26.7
  268   2412 -4.711239564808457e-01 2.1e+01 1.50e-05  6e-08  8e-07 0:35.8
  270   2430 -4.711239564808703e-01 1.9e+01 1.28e-05  5e-08  7e-07 0:36.0
Budget constraint not satisfied 503.7073059082031 481.7799987792969 Difference:  -21.92730712890625
Budget constraint satisfied 479.8169860839844 481.7799987792969 Difference:  1.9630126953125
two_most_probable_states: ['001', '010']
final_expectation_value: -0.4711239564808703
params: [12.485857087456045, -9.020021974109564, -3.880316074867142, 2.340225197698462, -8.235104411843277, 4.813817401366318]
total_steps: 270
states_probs: [0.41216646345103586, 0.5138276927057461]
optimized_portfolios: [{'TRV': 0, 'UNH': 1}, {'TRV': 2, 'UNH': 0}]
objective_values: [-2.7910350364940086, -59.39047926074048]
result_with_budget: [{'portfolio': {'TRV': 0, 'UNH': 1}, 'budget': 503.7073059082031, 'difference': -21.92730712890625}, {'portfolio': {'TRV': 2, 'UNH': 0}, 'budget': 479.8169860839844, 'difference': 1.9630126953125}]
Processing experiment 23
Budget: 259.4493293762207
Expected returns: 0.0856454988040353
Covariance matrix: 0.46086673746177687
3rd-order coskewness tensor: -0.522195923463217
4th-order cokurtosis tensor: 12.325533767280216
Number of qubits for asset CSCO: 3
Number of qubits for asset DOW: 3
Total number of qubits:  6
Optimized Weights (considering variance, skewness and kurtosis):
CSCO: 53.53%
DOW: 46.47%
Left over budget:  23.653571907588855
Optimized Discrete Allocation:
CSCO: 2
DOW: 3
Maximized utility from continuous higher moments:  -471.1393543811919
Budget constraint satisfied 255.196044921875 259.4493293762207 Difference:  4.253284454345703
Budget constraint satisfied 235.19729614257812 259.4493293762207 Difference:  24.252033233642578
smallest_eigenvalues: [-0.28924163127702546]
smallest_bitstrings: ['110010']
first_excited_energy: -0.2865064477521669
optimized_portfolio: [{'CSCO': 3, 'DOW': 2}]
second_optimized_portfolio: [{'CSCO': 4, 'DOW': 0}]
result_with_budget: [{'portfolio': {'CSCO': 3, 'DOW': 2}, 'budget': 255.196044921875, 'difference': 4.253284454345703, 'objective_value': -422.41392670681824}]
result_with_budget_excited: [{'portfolio': {'CSCO': 4, 'DOW': 0}, 'budget': 235.19729614257812, 'difference': 24.252033233642578, 'objective_value': -434.78476810857376}]
Initial params:  [0.40001447 1.11720899 0.74550749 2.53415287 2.86664679 2.14932391
 1.37656735 0.71687393 0.84074072 2.26781342 2.50705535 1.70321595]
(5_w,11)-aCMA-ES (mu_w=3.4,w_1=42%) in dimension 12 (seed=1081506, Fri Mar 14 11:20:40 2025)
Iterat #Fevals   function value  axis ratio  sigma  min&max std  t[m:s]
    1     11 -1.204998265555953e-01 1.0e+00 1.35e+00  1e+00  1e+00 0:02.2
    2     22 -1.784483394360341e-01 1.1e+00 1.23e+00  1e+00  1e+00 0:04.3
    3     33 -4.364348653905530e-02 1.2e+00 1.10e+00  1e+00  1e+00 0:06.5
    5     55 -1.154545620834563e-01 1.3e+00 1.01e+00  1e+00  1e+00 0:10.8
    7     77 -1.985248991780343e-01 1.4e+00 1.05e+00  1e+00  1e+00 0:15.1
   10    110 -1.910607688337179e-01 1.4e+00 9.67e-01  9e-01  1e+00 0:21.5
   13    143 -2.278679147712964e-01 1.5e+00 9.12e-01  8e-01  9e-01 0:27.9
   17    187 -1.773212849111115e-01 1.6e+00 9.34e-01  8e-01  1e+00 0:36.4
   21    231 -1.362699361972060e-01 1.7e+00 7.88e-01  7e-01  8e-01 0:45.0
   26    286 -1.743160746655514e-01 2.1e+00 8.72e-01  8e-01  9e-01 0:55.7
   31    341 -2.091810871410079e-01 2.1e+00 6.31e-01  5e-01  6e-01 1:06.5
   37    407 -2.155199005065359e-01 2.2e+00 5.46e-01  5e-01  6e-01 1:19.5
   43    473 -2.091850508479660e-01 2.3e+00 3.86e-01  3e-01  4e-01 1:32.4
   49    539 -2.330198132439818e-01 2.4e+00 2.88e-01  2e-01  3e-01 1:45.5
   56    616 -2.395140451953034e-01 2.3e+00 2.06e-01  1e-01  2e-01 2:00.6
   63    693 -2.337246705766738e-01 2.6e+00 1.79e-01  1e-01  2e-01 2:15.8
   71    781 -2.383033788729539e-01 3.1e+00 1.67e-01  9e-02  2e-01 2:32.9
   79    869 -2.412707376939150e-01 4.2e+00 1.86e-01  9e-02  2e-01 2:50.0
   88    968 -2.456789064024525e-01 5.2e+00 1.75e-01  8e-02  2e-01 3:09.2
   97   1067 -2.484240108208018e-01 7.0e+00 1.57e-01  6e-02  2e-01 3:28.5
  100   1100 -2.471419572760585e-01 6.9e+00 1.48e-01  6e-02  2e-01 3:34.8
  110   1210 -2.479711242944014e-01 7.6e+00 9.21e-02  3e-02  1e-01 3:56.2
  121   1331 -2.508980833021044e-01 8.7e+00 7.39e-02  2e-02  8e-02 4:19.9
  132   1452 -2.521725866560705e-01 1.1e+01 7.38e-02  2e-02  8e-02 4:43.4
  144   1584 -2.533741483207975e-01 1.4e+01 1.15e-01  3e-02  1e-01 5:09.2
  156   1716 -2.545414095917701e-01 2.0e+01 1.10e-01  2e-02  2e-01 5:35.5
  169   1859 -2.560689683242467e-01 2.7e+01 1.03e-01  2e-02  2e-01 6:03.5
  182   2002 -2.575290789787543e-01 3.2e+01 1.02e-01  1e-02  2e-01 6:31.3
  196   2156 -2.588216047085464e-01 3.9e+01 7.65e-02  9e-03  2e-01 7:01.3
  200   2200 -2.593441673684716e-01 4.6e+01 9.95e-02  1e-02  3e-01 7:09.9
  214   2354 -2.615183802526778e-01 6.4e+01 1.19e-01  1e-02  4e-01 7:40.4
  229   2519 -2.618399517089563e-01 7.3e+01 1.04e-01  9e-03  4e-01 8:12.6
  244   2684 -2.625633376748004e-01 9.5e+01 7.68e-02  6e-03  3e-01 8:44.8
  260   2860 -2.630498026173840e-01 1.0e+02 8.95e-02  6e-03  3e-01 9:19.1
  276   3036 -2.632446419973223e-01 9.8e+01 6.36e-02  4e-03  2e-01 9:54.0
  293   3223 -2.634694644949677e-01 1.1e+02 6.59e-02  3e-03  2e-01 10:30.5
  300   3300 -2.635739278091760e-01 1.1e+02 5.26e-02  3e-03  1e-01 10:45.6
  318   3498 -2.637889958543135e-01 1.2e+02 6.10e-02  3e-03  2e-01 11:24.4
  336   3696 -2.640976414769549e-01 1.4e+02 7.48e-02  3e-03  2e-01 12:02.8
  355   3905 -2.642680683747647e-01 1.5e+02 7.01e-02  3e-03  2e-01 12:43.5
  374   4114 -2.647435488863517e-01 1.3e+02 1.01e-01  3e-03  2e-01 13:24.2
  394   4334 -2.653000514021813e-01 1.6e+02 1.49e-01  5e-03  4e-01 14:06.9
  400   4400 -2.657123509206852e-01 1.7e+02 1.33e-01  4e-03  3e-01 14:19.8
  421   4631 -2.661027866985098e-01 2.3e+02 1.12e-01  4e-03  3e-01 15:04.7
  442   4862 -2.661135568309672e-01 2.2e+02 5.02e-02  1e-03  1e-01 15:49.5
  464   5104 -2.661353233824027e-01 2.3e+02 1.66e-02  4e-04  4e-02 16:36.5
  486   5346 -2.661368017924340e-01 2.4e+02 7.99e-03  2e-04  2e-02 17:23.5
  500   5500 -2.661369336348278e-01 2.0e+02 4.39e-03  7e-05  7e-03 17:53.4
  523   5753 -2.661370064603390e-01 1.9e+02 3.45e-03  5e-05  5e-03 18:42.7
  546   6006 -2.661370448756682e-01 2.0e+02 1.99e-03  2e-05  2e-03 19:32.2
  570   6270 -2.661370499348186e-01 2.3e+02 9.51e-04  9e-06  1e-03 20:24.0
  594   6534 -2.661370505760274e-01 2.5e+02 1.57e-04  1e-06  2e-04 21:15.8
  600   6600 -2.661370505853407e-01 2.4e+02 1.07e-04  8e-07  1e-04 21:28.7
  625   6875 -2.661370505902281e-01 2.3e+02 2.39e-05  2e-07  2e-05 22:22.4
  638   7018 -2.661370505905572e-01 2.3e+02 1.18e-05  7e-08  9e-06 22:50.3
Budget constraint not satisfied 274.5963325500488 259.4493293762207 Difference:  -15.147003173828125
Budget constraint satisfied 235.19729614257812 259.4493293762207 Difference:  24.252033233642578
two_most_probable_states: ['001100', '001000']
final_expectation_value: -0.266137050590564
params: [-1.0353665230814328, -3.194771122718166, -6.36989677427348, 16.02820247062523, -0.374957452733852, 12.716008140435495, 3.777675293544603, 3.4071805996158817, -3.054735496209709, 2.032033946296882, 0.9705584121340372, -0.06794279726191284]
total_steps: 638
states_probs: [0.06330580161277985, 0.07477526260459921]
optimized_portfolios: [{'CSCO': 4, 'DOW': 1}, {'CSCO': 4, 'DOW': 0}]
objective_values: [-592.3396391317838, -434.78476810857376]
result_with_budget: [{'portfolio': {'CSCO': 4, 'DOW': 1}, 'budget': 274.5963325500488, 'difference': -15.147003173828125}, {'portfolio': {'CSCO': 4, 'DOW': 0}, 'budget': 235.19729614257812, 'difference': 24.252033233642578}]
Processing experiment 24
Budget: 1758.2960968017578
Expected returns: 0.2724870897222417
Covariance matrix: 0.4590406176186982
3rd-order coskewness tensor: 0.07522059123296716
4th-order cokurtosis tensor: 7.79616690100945
Number of qubits for asset MSFT: 3
Number of qubits for asset NKE: 5
Total number of qubits:  8
Optimized Weights (considering variance, skewness and kurtosis):
MSFT: 56.50%
NKE: 43.50%
Left over budget:  88.80478601894129
Optimized Discrete Allocation:
MSFT: 2
NKE: 11
Maximized utility from continuous higher moments:  -29063.94020504918
Budget constraint satisfied 1757.9150314331055 1758.2960968017578 Difference:  0.38106536865234375
Budget constraint satisfied 1682.6260986328125 1758.2960968017578 Difference:  75.66999816894531
smallest_eigenvalues: [-0.20731458269750877]
smallest_bitstrings: ['00110000']
first_excited_energy: -0.20694807766073556
optimized_portfolio: [{'MSFT': 4, 'NKE': 1}]
second_optimized_portfolio: [{'MSFT': 4, 'NKE': 0}]
result_with_budget: [{'portfolio': {'MSFT': 4, 'NKE': 1}, 'budget': 1757.9150314331055, 'difference': 0.38106536865234375, 'objective_value': -366.02012888549024}]
result_with_budget_excited: [{'portfolio': {'MSFT': 4, 'NKE': 0}, 'budget': 1682.6260986328125, 'difference': 75.66999816894531, 'objective_value': -269.9803335539585}]
Initial params:  [0.67762436 2.47887961 1.19267469 0.90301079 0.56875644 2.11939987
 3.07709744 1.10866077 1.14610763 0.9014569  2.09753377 0.17205835
 1.66126488 0.3469342  0.09927916 0.51906304]
(6_w,12)-aCMA-ES (mu_w=3.7,w_1=40%) in dimension 16 (seed=993158, Fri Mar 14 11:43:44 2025)
Iterat #Fevals   function value  axis ratio  sigma  min&max std  t[m:s]
    1     12 -1.227387006476695e-01 1.0e+00 1.36e+00  1e+00  1e+00 0:09.0
    2     24 -1.059859712961965e-01 1.1e+00 1.27e+00  1e+00  1e+00 0:18.1
    3     36 -1.158671244583257e-01 1.2e+00 1.25e+00  1e+00  1e+00 0:27.2
    4     48 -1.461408004863497e-01 1.2e+00 1.30e+00  1e+00  1e+00 0:36.3
    5     60 -8.522313033582889e-02 1.2e+00 1.26e+00  1e+00  1e+00 0:45.4
    6     72 -9.113262819055057e-02 1.3e+00 1.24e+00  1e+00  1e+00 0:54.5
    7     84 -8.522121904984785e-02 1.3e+00 1.24e+00  1e+00  1e+00 1:03.6
    8     96 -1.440122741111145e-01 1.4e+00 1.21e+00  1e+00  1e+00 1:12.7
    9    108 -1.242121205082321e-01 1.4e+00 1.20e+00  1e+00  1e+00 1:21.8
   10    120 -9.412598961870497e-02 1.4e+00 1.18e+00  1e+00  1e+00 1:30.9
   12    144 -7.809028107036102e-02 1.4e+00 1.05e+00  1e+00  1e+00 1:49.1
   14    168 -1.357584221194836e-01 1.4e+00 1.04e+00  1e+00  1e+00 2:07.3
   16    192 -2.438729566668136e-02 1.5e+00 1.01e+00  9e-01  1e+00 2:25.3
   18    216 -1.082901470961111e-01 1.6e+00 1.05e+00  1e+00  1e+00 2:43.3
   20    240 -1.091886150996420e-01 1.7e+00 1.08e+00  1e+00  1e+00 3:01.3
   22    264 -4.215318410195547e-02 1.7e+00 1.09e+00  1e+00  1e+00 3:19.4
   24    288 -9.561184812794492e-02 1.7e+00 1.14e+00  1e+00  1e+00 3:37.4
   26    312 -1.368346492837874e-01 1.8e+00 1.13e+00  1e+00  1e+00 3:55.5
   28    336 -1.449141487552937e-01 1.9e+00 1.17e+00  1e+00  1e+00 4:13.5
   31    372 -9.025965849137475e-02 1.9e+00 1.13e+00  1e+00  1e+00 4:40.4
   34    408 -1.137037200313124e-01 1.8e+00 1.03e+00  9e-01  1e+00 5:07.5
   37    444 -1.052202738864084e-01 1.9e+00 8.65e-01  8e-01  1e+00 5:34.5
   40    480 -1.014235262709406e-01 1.8e+00 7.73e-01  7e-01  8e-01 6:01.6
   43    516 -1.004845951416166e-01 1.9e+00 6.97e-01  6e-01  8e-01 6:28.7
   46    552 -9.441359499296631e-02 2.0e+00 5.89e-01  5e-01  6e-01 6:55.8
   49    588 -1.467755100042914e-01 2.0e+00 5.84e-01  5e-01  7e-01 7:22.9
   52    624 -1.029580491339527e-01 2.0e+00 5.83e-01  5e-01  7e-01 7:49.9
   56    672 -1.108697328995922e-01 2.2e+00 5.99e-01  5e-01  7e-01 8:25.9
   60    720 -7.494406194281253e-02 2.2e+00 5.68e-01  5e-01  7e-01 9:01.9
   64    768 -1.222558270757952e-01 2.4e+00 5.03e-01  4e-01  6e-01 9:38.0
   68    816 -1.003618966300305e-01 2.5e+00 4.69e-01  4e-01  5e-01 10:14.0
   72    864 -1.076212797899156e-01 2.6e+00 4.83e-01  4e-01  6e-01 10:50.0
   76    912 -1.161646169924154e-01 2.6e+00 5.10e-01  4e-01  6e-01 11:26.0
   80    960 -1.036869013537619e-01 2.6e+00 5.82e-01  5e-01  7e-01 12:02.1
   84   1008 -1.001255668609062e-01 2.8e+00 7.09e-01  6e-01  8e-01 12:38.2
   88   1056 -9.964493745463336e-02 2.9e+00 7.91e-01  6e-01  9e-01 13:14.2
   92   1104 -8.576782038515560e-02 3.1e+00 8.40e-01  7e-01  1e+00 13:50.5
   97   1164 -7.835694505240334e-02 3.3e+00 7.67e-01  6e-01  9e-01 14:35.8
  100   1200 -9.205167330796328e-02 3.2e+00 1.03e+00  8e-01  1e+00 15:03.0
  105   1260 -8.788952590938996e-02 3.3e+00 1.17e+00  9e-01  1e+00 15:48.5
  110   1320 -7.691459542847472e-02 3.8e+00 1.47e+00  1e+00  2e+00 16:33.5
  115   1380 -9.291227058406859e-02 3.8e+00 1.29e+00  1e+00  2e+00 17:18.6
  120   1440 -1.070068138728570e-01 4.0e+00 1.10e+00  8e-01  1e+00 18:03.5
  125   1500 -4.238623560551610e-02 4.3e+00 1.10e+00  8e-01  1e+00 18:48.6
  130   1560 -2.732959843916983e-02 4.3e+00 9.93e-01  7e-01  1e+00 19:33.7
  135   1620 -8.989139695948618e-02 4.2e+00 9.40e-01  7e-01  1e+00 20:18.8
  141   1692 -3.593092145811903e-02 4.0e+00 1.01e+00  7e-01  1e+00 21:12.9
  147   1764 -6.609312869488451e-02 4.1e+00 1.25e+00  9e-01  2e+00 22:07.0
  153   1836 -9.632137574222255e-02 4.1e+00 9.55e-01  7e-01  1e+00 23:01.1
  159   1908 -7.872062179218370e-02 4.2e+00 1.04e+00  7e-01  1e+00 23:55.1
  165   1980 -4.929865348106117e-02 4.3e+00 9.98e-01  7e-01  1e+00 24:49.3
  171   2052 -9.728924019905608e-02 4.4e+00 1.25e+00  9e-01  2e+00 25:43.3
  177   2124 -1.274307516963548e-02 4.6e+00 1.07e+00  8e-01  1e+00 26:37.3
  183   2196 -9.874339747901613e-02 4.7e+00 1.36e+00  9e-01  2e+00 27:31.4
  189   2268 -6.858187222806288e-02 4.6e+00 1.18e+00  8e-01  1e+00 28:25.5
  196   2352 -9.599454870686139e-02 4.7e+00 1.17e+00  8e-01  1e+00 29:28.5
  200   2400 -5.963991384636140e-02 4.9e+00 1.02e+00  7e-01  1e+00 30:04.6
  207   2484 -4.112295744052605e-02 5.0e+00 1.06e+00  8e-01  1e+00 31:07.6
  214   2568 -5.818877266526250e-02 5.6e+00 8.51e-01  6e-01  9e-01 32:10.7
  221   2652 -2.925689137293542e-02 6.1e+00 8.12e-01  6e-01  9e-01 33:13.8
  228   2736 -4.681113939917884e-02 6.2e+00 8.04e-01  6e-01  9e-01 34:17.0
  235   2820 -3.785823234868507e-02 6.5e+00 9.53e-01  7e-01  1e+00 35:20.4
  242   2904 -7.959710198960772e-02 6.6e+00 1.23e+00  9e-01  1e+00 36:23.4
  249   2988 -9.650105517232539e-02 7.3e+00 1.66e+00  1e+00  2e+00 37:26.7
  257   3084 -7.401058562095555e-02 7.7e+00 1.66e+00  1e+00  2e+00 38:38.6
  265   3180 -8.074462631358448e-02 7.5e+00 1.23e+00  9e-01  2e+00 39:50.8
  273   3276 -6.553186043715659e-02 7.2e+00 1.27e+00  9e-01  2e+00 41:02.8
  281   3372 -8.949909298463231e-02 7.0e+00 1.36e+00  1e+00  2e+00 42:15.0
  289   3468 -9.214607164761097e-02 7.1e+00 1.40e+00  1e+00  2e+00 43:27.2
  297   3564 -5.562213279279245e-02 7.3e+00 2.00e+00  1e+00  3e+00 44:39.2
  300   3600 -7.835489810684483e-02 7.6e+00 2.33e+00  2e+00  3e+00 45:06.3
  308   3696 -2.857246926472205e-02 7.8e+00 1.70e+00  1e+00  2e+00 46:18.4
  316   3792 -8.519331611689779e-02 8.1e+00 2.13e+00  1e+00  3e+00 47:30.9
  325   3900 -1.305996818338508e-01 9.0e+00 2.06e+00  1e+00  3e+00 48:52.3
  334   4008 -8.104901827308314e-02 8.9e+00 2.54e+00  2e+00  4e+00 50:13.8
  343   4116 -4.020659822894268e-02 8.8e+00 2.81e+00  2e+00  4e+00 51:35.5
  352   4224 -8.649657468747346e-02 9.4e+00 3.29e+00  2e+00  5e+00 52:57.1
  361   4332 -5.762406746049465e-02 9.8e+00 4.13e+00  3e+00  6e+00 54:18.4
  370   4440 -7.311986306046532e-02 1.0e+01 3.98e+00  3e+00  6e+00 55:39.5
  379   4548 -1.855907275680415e-02 9.4e+00 4.71e+00  3e+00  7e+00 57:00.8
  388   4656 -5.867798186000268e-02 9.7e+00 4.56e+00  3e+00  7e+00 58:22.1
  397   4764 -1.013820186336138e-01 9.8e+00 3.60e+00  2e+00  5e+00 59:44.6
  400   4800 -4.062208156395011e-02 9.9e+00 3.63e+00  2e+00  5e+00 60:12.4
  409   4908 -1.043681417206648e-01 1.0e+01 3.09e+00  2e+00  4e+00 61:35.7
  419   5028 -6.500329277309444e-02 9.9e+00 2.90e+00  2e+00  4e+00 63:05.9
  429   5148 -8.125918611113767e-02 1.0e+01 2.62e+00  2e+00  4e+00 64:36.9
  439   5268 -6.884885525639453e-02 1.0e+01 2.48e+00  2e+00  3e+00 66:08.5
  449   5388 -8.204947354733010e-02 1.0e+01 2.39e+00  1e+00  3e+00 67:38.7
  459   5508 -8.242273379867192e-02 1.1e+01 2.53e+00  2e+00  4e+00 69:08.6
  469   5628 -5.126448179620810e-02 1.2e+01 2.66e+00  2e+00  4e+00 70:39.3
  479   5748 -6.609146256031343e-03 1.3e+01 3.39e+00  2e+00  5e+00 72:09.9
  490   5880 -5.281119480441140e-02 1.4e+01 3.72e+00  2e+00  5e+00 73:49.2
  500   6000 -9.201798183842007e-02 1.3e+01 3.85e+00  2e+00  5e+00 75:19.4
  511   6132 -3.048115177946795e-02 1.3e+01 3.43e+00  2e+00  5e+00 76:59.0
  522   6264 -3.998441522306355e-02 1.5e+01 3.98e+00  2e+00  6e+00 78:38.4
  533   6396 -4.345929300848790e-02 1.5e+01 3.57e+00  2e+00  5e+00 80:17.7
  544   6528 -2.844151826298576e-02 1.5e+01 3.82e+00  2e+00  6e+00 81:56.7
  555   6660 -4.250491853870584e-02 1.5e+01 2.80e+00  2e+00  4e+00 83:35.9
  566   6792 -2.455689423977218e-02 1.6e+01 2.44e+00  1e+00  3e+00 85:14.7
  577   6924 -2.803983124664959e-02 1.6e+01 2.21e+00  1e+00  3e+00 86:54.1
  589   7068 -3.417880161311839e-02 1.9e+01 1.92e+00  1e+00  3e+00 88:42.1
  600   7200 -4.046750942315375e-02 1.8e+01 2.01e+00  1e+00  3e+00 90:20.8
  612   7344 -1.328529956513481e-02 1.9e+01 1.88e+00  8e-01  3e+00 92:08.4
  624   7488 -9.002541160996419e-03 1.9e+01 2.18e+00  1e+00  3e+00 93:56.3
  636   7632 -2.617064326844892e-02 1.9e+01 1.79e+00  8e-01  2e+00 95:43.9
  648   7776 -2.715192762497928e-02 2.2e+01 2.09e+00  9e-01  3e+00 97:31.7
  660   7920 -8.295626095824853e-02 2.1e+01 2.20e+00  9e-01  4e+00 99:19.3
  672   8064 -3.660518629874514e-02 2.3e+01 2.78e+00  1e+00  4e+00 101:07.3
  684   8208 -3.231092353675554e-02 2.3e+01 3.51e+00  1e+00  6e+00 102:55.5
  697   8364 -3.674815112938616e-02 2.4e+01 4.53e+00  2e+00  7e+00 104:52.2
  700   8400 -1.074793352942371e-02 2.5e+01 4.54e+00  2e+00  8e+00 105:19.1
  713   8556 -2.613367983576976e-02 2.8e+01 3.30e+00  1e+00  6e+00 107:15.9
  726   8712 -2.530546637167464e-03 2.8e+01 2.87e+00  1e+00  4e+00 109:12.7
  739   8868 -2.084213755263424e-02 2.8e+01 3.72e+00  1e+00  6e+00 111:09.5
  752   9024 -1.807082485717075e-02 3.4e+01 4.64e+00  2e+00  8e+00 113:06.2
  765   9180 -2.156213998493188e-02 3.2e+01 3.29e+00  1e+00  5e+00 115:02.8
  778   9336 -2.891073217778961e-02 3.2e+01 3.22e+00  1e+00  5e+00 116:59.5
  792   9504 -3.484059154440752e-02 3.6e+01 3.18e+00  1e+00  5e+00 119:05.2
  800   9600 -1.895054786183680e-02 3.8e+01 3.64e+00  1e+00  7e+00 120:17.0
  814   9768 -2.714118689990011e-02 3.5e+01 3.56e+00  1e+00  6e+00 122:22.9
  828   9936 -8.067216217928143e-03 3.6e+01 3.31e+00  1e+00  5e+00 124:28.5
  842  10104 -3.240975185782560e-02 4.1e+01 4.08e+00  2e+00  7e+00 126:34.4
  856  10272 -2.497088011262068e-02 4.1e+01 3.30e+00  1e+00  5e+00 128:40.5
  870  10440 -2.404000619333227e-02 4.2e+01 4.08e+00  2e+00  6e+00 130:46.7
  884  10608 -2.166228317643356e-02 4.0e+01 3.61e+00  2e+00  5e+00 132:52.4
  898  10776 -5.811178674045268e-02 4.4e+01 3.15e+00  1e+00  4e+00 134:58.1
  900  10800 -1.912668800246701e-02 4.3e+01 2.98e+00  1e+00  4e+00 135:16.1
  915  10980 -4.283979817179265e-02 4.9e+01 3.12e+00  1e+00  4e+00 137:31.0
  930  11160 -6.442931664749861e-02 5.2e+01 2.63e+00  1e+00  4e+00 139:45.6
  945  11340 -3.330314706862588e-02 5.2e+01 2.05e+00  8e-01  3e+00 142:00.4
  960  11520 -1.016436701211274e-01 6.0e+01 1.98e+00  7e-01  3e+00 144:15.1
  975  11700 -5.388138275566941e-02 6.2e+01 1.59e+00  6e-01  2e+00 146:29.7
  990  11880 -4.629255513576352e-02 7.4e+01 2.65e+00  1e+00  4e+00 148:44.6
 1000  12000 -3.085492263375031e-02 7.4e+01 2.54e+00  1e+00  3e+00 150:14.2
Budget constraint satisfied 1261.9695739746094 1758.2960968017578 Difference:  496.32652282714844
Budget constraint satisfied 1142.4687805175781 1758.2960968017578 Difference:  615.8273162841797
two_most_probable_states: ['11000000', '01000100']
final_expectation_value: -0.15480960235261984
params: [1.4290534713678995, 4.272901783992236, -0.6405696043491168, 4.889215561156721, -0.9456695279707777, 3.4367064272852796, -0.8760592169207289, 4.5015872514946915, 0.9165448116287278, 1.0768428956650358, -2.893936512855301, -4.3857643850157, 2.238403923846157, -4.270665412688178, -2.7197657397998305, -3.2876107401018317]
total_steps: 1000
states_probs: [0.018801479985187615, 0.018916036674456627]
optimized_portfolios: [{'MSFT': 3, 'NKE': 0}, {'MSFT': 2, 'NKE': 4}]
objective_values: [-90.6032506219089, -733.118680335731]
result_with_budget: [{'portfolio': {'MSFT': 3, 'NKE': 0}, 'budget': 1261.9695739746094, 'difference': 496.32652282714844}, {'portfolio': {'MSFT': 2, 'NKE': 4}, 'budget': 1142.4687805175781, 'difference': 615.8273162841797}]
Processing experiment 25
Budget: 741.6700134277344
Expected returns: 0.13283863406814192
Covariance matrix: 0.5298866329527775
3rd-order coskewness tensor: 0.05969278074270497
4th-order cokurtosis tensor: 12.49170624014002
Number of qubits for asset HON: 2
Number of qubits for asset MCD: 2
Total number of qubits:  4
Optimized Weights (considering variance, skewness and kurtosis):
HON: 73.55%
MCD: 26.45%
Left over budget:  4.069122216828077
Optimized Discrete Allocation:
HON: 2
MCD: 1
Maximized utility from continuous higher moments:  -139.15971735787582
Budget constraint satisfied 737.6008911132812 741.6700134277344 Difference:  4.069122314453125
Budget constraint not satisfied 801.1392822265625 741.6700134277344 Difference:  -59.469268798828125
smallest_eigenvalues: [-0.6431987725824176]
smallest_bitstrings: ['0110']
first_excited_energy: -0.6388723592712579
optimized_portfolio: [{'HON': 2, 'MCD': 1}]
second_optimized_portfolio: [{'HON': 1, 'MCD': 2}]
result_with_budget: [{'portfolio': {'HON': 2, 'MCD': 1}, 'budget': 737.6008911132812, 'difference': 4.069122314453125, 'objective_value': -139.15971735787582}]
result_with_budget_excited: [{'portfolio': {'HON': 1, 'MCD': 2}, 'budget': 801.1392822265625, 'difference': -59.469268798828125, 'objective_value': -197.14658421204274}]
Initial params:  [1.75764589 0.43775787 2.24228698 1.59585164 2.44513891 1.34412677
 0.24477408 3.06525524]
(5_w,10)-aCMA-ES (mu_w=3.2,w_1=45%) in dimension 8 (seed=1104308, Fri Mar 14 14:14:22 2025)
Iterat #Fevals   function value  axis ratio  sigma  min&max std  t[m:s]
    1     10 -3.691744739076463e-01 1.0e+00 1.43e+00  1e+00  1e+00 0:00.4
    2     20 -5.592941943623763e-01 1.2e+00 1.56e+00  1e+00  2e+00 0:00.7
    3     30 -5.727173503690328e-01 1.3e+00 1.52e+00  1e+00  2e+00 0:01.1
   12    120 -5.076124802024548e-01 1.9e+00 1.58e+00  1e+00  2e+00 0:04.5
   23    230 -5.754622797381199e-01 2.4e+00 1.50e+00  1e+00  2e+00 0:08.6
   37    370 -5.583911172325593e-01 2.8e+00 9.97e-01  7e-01  1e+00 0:13.8
   54    540 -5.632583207079355e-01 3.2e+00 7.07e-01  4e-01  8e-01 0:20.1
   73    730 -5.724649334716494e-01 5.8e+00 3.13e-01  8e-02  4e-01 0:27.1
   95    950 -5.821993210531279e-01 7.9e+00 2.24e-01  4e-02  2e-01 0:35.3
  100   1000 -5.852630506582193e-01 8.8e+00 1.68e-01  3e-02  2e-01 0:37.2
  127   1270 -6.004989980851612e-01 2.0e+01 2.89e-01  3e-02  4e-01 0:47.2
  157   1570 -6.053277803778424e-01 3.1e+01 1.06e-01  6e-03  1e-01 0:58.4
  190   1900 -6.063651502809623e-01 6.6e+01 1.22e-01  6e-03  1e-01 1:10.6
  200   2000 -6.073669722153348e-01 1.1e+02 2.09e-01  9e-03  3e-01 1:14.3
  238   2380 -6.090534051093726e-01 1.2e+02 1.54e-01  5e-03  2e-01 1:28.5
  279   2790 -6.092100059919172e-01 1.4e+02 2.78e-02  5e-04  3e-02 1:43.8
  300   3000 -6.092211515464404e-01 1.8e+02 6.73e-02  9e-04  6e-02 1:51.6
  346   3460 -6.092588752118157e-01 1.8e+02 4.55e-02  3e-04  2e-02 2:08.7
  395   3950 -6.092624909188344e-01 2.4e+02 5.37e-02  3e-04  2e-02 2:27.0
  400   4000 -6.092626901051897e-01 2.9e+02 5.88e-02  3e-04  2e-02 2:28.8
  454   4540 -6.092631914172150e-01 2.7e+02 1.77e-03  4e-06  3e-04 2:48.9
  498   4980 -6.092631914956357e-01 2.6e+02 3.74e-05  4e-08  3e-06 3:05.2
Budget constraint satisfied 737.6008911132812 741.6700134277344 Difference:  4.069122314453125
Budget constraint not satisfied 801.1392822265625 741.6700134277344 Difference:  -59.469268798828125
two_most_probable_states: ['0110', '1001']
final_expectation_value: -0.6092631914956357
params: [4.497584604166947, 0.5425829428357878, -1.1192438779143434, -11.09198032241037, -9.90346764534763, -2.19408252246068, 2.404589528066384, 7.925818933987822]
total_steps: 498
states_probs: [0.15900720628431245, 0.1643132703721178]
optimized_portfolios: [{'HON': 2, 'MCD': 1}, {'HON': 1, 'MCD': 2}]
objective_values: [-139.15971735787582, -197.14658421204274]
result_with_budget: [{'portfolio': {'HON': 2, 'MCD': 1}, 'budget': 737.6008911132812, 'difference': 4.069122314453125}, {'portfolio': {'HON': 1, 'MCD': 2}, 'budget': 801.1392822265625, 'difference': -59.469268798828125}]
Processing experiment 26
Budget: 572.6199951171875
Expected returns: 0.1695621521777687
Covariance matrix: 0.3247199651665247
3rd-order coskewness tensor: 0.22219625635507462
4th-order cokurtosis tensor: 10.092018720798304
Number of qubits for asset GS: 1
Number of qubits for asset MRK: 3
Total number of qubits:  4
Optimized Weights (considering variance, skewness and kurtosis):
GS: 46.62%
MRK: 53.38%
Left over budget:  174.6999816839438
Optimized Discrete Allocation:
MRK: 4
Maximized utility from continuous higher moments:  -267.32325887885906
Budget constraint satisfied 569.7945556640625 572.6199951171875 Difference:  2.825439453125
Budget constraint not satisfied 596.8800201416016 572.6199951171875 Difference:  -24.260025024414062
smallest_eigenvalues: [-0.6083542170112008]
smallest_bitstrings: ['1000']
first_excited_energy: -0.6003203177324306
optimized_portfolio: [{'GS': 1, 'MRK': 0}]
second_optimized_portfolio: [{'GS': 0, 'MRK': 6}]
result_with_budget: [{'portfolio': {'GS': 1, 'MRK': 0}, 'budget': 569.7945556640625, 'difference': 2.825439453125, 'objective_value': -2.4808420597444814}]
result_with_budget_excited: [{'portfolio': {'GS': 0, 'MRK': 6}, 'budget': 596.8800201416016, 'difference': -24.260025024414062, 'objective_value': -1287.2636372574798}]
Initial params:  [3.12054548 1.90729486 2.0561636  2.47421956 2.51088125 0.57080068
 2.59486806 1.2510428 ]
(5_w,10)-aCMA-ES (mu_w=3.2,w_1=45%) in dimension 8 (seed=1073588, Fri Mar 14 14:17:34 2025)
Iterat #Fevals   function value  axis ratio  sigma  min&max std  t[m:s]
    1     10 -4.213440784879785e-01 1.0e+00 1.37e+00  1e+00  1e+00 0:00.4
    2     20 -3.436048543699665e-01 1.2e+00 1.33e+00  1e+00  1e+00 0:00.7
    3     30 -4.938315096589508e-01 1.3e+00 1.41e+00  1e+00  2e+00 0:01.1
   12    120 -4.337965163321414e-01 1.9e+00 9.08e-01  7e-01  1e+00 0:04.5
   23    230 -4.439456202812178e-01 2.8e+00 5.79e-01  5e-01  8e-01 0:08.6
   37    370 -4.142902350895006e-01 4.6e+00 5.83e-01  4e-01  8e-01 0:13.8
   53    530 -5.293392662532719e-01 6.1e+00 3.52e-01  2e-01  4e-01 0:19.8
   72    720 -5.323982632787928e-01 6.9e+00 3.37e-01  2e-01  4e-01 0:26.9
   94    940 -5.589753019425253e-01 1.3e+01 1.94e-01  8e-02  2e-01 0:35.1
  100   1000 -5.595016737829998e-01 1.5e+01 1.40e-01  6e-02  2e-01 0:37.3
  127   1270 -5.654325082752708e-01 2.9e+01 1.91e-01  4e-02  3e-01 0:47.5
  157   1570 -5.711094549336730e-01 3.8e+01 1.26e-01  1e-02  2e-01 0:58.6
  190   1900 -5.714127837033764e-01 4.1e+01 1.78e-02  1e-03  2e-02 1:11.0
  200   2000 -5.714168328211310e-01 4.7e+01 9.74e-03  6e-04  8e-03 1:14.7
  238   2380 -5.714178971609634e-01 5.1e+01 6.33e-04  2e-05  4e-04 1:28.9
  279   2790 -5.714178986868234e-01 6.4e+01 1.55e-05  2e-07  6e-06 1:44.2
  294   2940 -5.714178986871167e-01 5.6e+01 4.69e-06  6e-08  1e-06 1:49.8
Budget constraint not satisfied 669.2745590209961 572.6199951171875 Difference:  -96.6545639038086
Budget constraint satisfied 569.7945556640625 572.6199951171875 Difference:  2.825439453125
two_most_probable_states: ['1100', '1000']
final_expectation_value: -0.5714178986871167
params: [1.9176649086611806, 3.8977038045233683, 4.011878517723109, -0.691789732596564, 2.6842489344395783, 1.4100506029096909, 0.6376503403417831, 0.8611906073167166]
total_steps: 294
states_probs: [0.14944575457657652, 0.19773857725418528]
optimized_portfolios: [{'GS': 1, 'MRK': 1}, {'GS': 1, 'MRK': 0}]
objective_values: [-7.698254247682277, -2.4808420597444814]
result_with_budget: [{'portfolio': {'GS': 1, 'MRK': 1}, 'budget': 669.2745590209961, 'difference': -96.6545639038086}, {'portfolio': {'GS': 1, 'MRK': 0}, 'budget': 569.7945556640625, 'difference': 2.825439453125}]
Processing experiment 27
Budget: 407.44384002685547
Expected returns: 0.17820424376067417
Covariance matrix: 0.5581850808338195
3rd-order coskewness tensor: 1.0810210744848803
4th-order cokurtosis tensor: 21.98837479500276
Number of qubits for asset AXP: 1
Number of qubits for asset DIS: 2
Total number of qubits:  3
Optimized Weights (considering variance, skewness and kurtosis):
AXP: 39.54%
DIS: 60.46%
Left over budget:  -5.166236860532081e-08
Optimized Discrete Allocation:
AXP: 1
DIS: 1
Maximized utility from continuous higher moments:  -21.20988885681704
Budget constraint satisfied 407.44384002685547 407.44384002685547 Difference:  0.0
Budget constraint satisfied 334.0499954223633 407.44384002685547 Difference:  73.39384460449219
smallest_eigenvalues: [-0.69207403081129]
smallest_bitstrings: ['110']
first_excited_energy: -0.6683872894959976
optimized_portfolio: [{'AXP': 1, 'DIS': 1}]
second_optimized_portfolio: [{'AXP': 0, 'DIS': 3}]
result_with_budget: [{'portfolio': {'AXP': 1, 'DIS': 1}, 'budget': 407.44384002685547, 'difference': 0.0, 'objective_value': -21.20988885681704}]
result_with_budget_excited: [{'portfolio': {'AXP': 0, 'DIS': 3}, 'budget': 334.0499954223633, 'difference': 73.39384460449219, 'objective_value': -123.36348597685516}]
Initial params:  [1.26890277 0.31621736 0.71296714 0.71033372 3.11986762 2.72691369]
(4_w,9)-aCMA-ES (mu_w=2.8,w_1=49%) in dimension 6 (seed=961027, Fri Mar 14 14:19:28 2025)
Iterat #Fevals   function value  axis ratio  sigma  min&max std  t[m:s]
    1      9 -6.246069828139557e-01 1.0e+00 1.43e+00  1e+00  1e+00 0:00.1
    2     18 -5.179633638419648e-01 1.2e+00 1.53e+00  1e+00  2e+00 0:00.3
    3     27 -5.807162304676458e-01 1.3e+00 1.45e+00  1e+00  2e+00 0:00.4
   26    234 -6.019955110829620e-01 3.7e+00 1.30e+00  9e-01  2e+00 0:03.4
   57    513 -6.157258501775539e-01 5.3e+00 1.30e+00  4e-01  1e+00 0:07.5
   96    864 -6.340399678034314e-01 1.2e+01 5.44e-01  7e-02  4e-01 0:12.6
  100    900 -6.375682274726370e-01 1.2e+01 3.86e-01  4e-02  3e-01 0:13.1
  154   1386 -6.569145813273486e-01 3.2e+01 2.38e-01  7e-03  1e-01 0:20.3
  200   1800 -6.577962278578038e-01 4.1e+01 2.55e-02  4e-04  7e-03 0:26.3
  269   2421 -6.577965543054960e-01 3.3e+01 4.60e-05  1e-07  3e-06 0:35.4
  275   2475 -6.577965543055444e-01 3.5e+01 2.88e-05  8e-08  2e-06 0:36.2
Budget constraint satisfied 407.44384002685547 407.44384002685547 Difference:  0.0
Budget constraint satisfied 334.0499954223633 407.44384002685547 Difference:  73.39384460449219
two_most_probable_states: ['110', '011']
final_expectation_value: -0.6577965543055444
params: [3.211605155412823, 0.9020034451788379, -8.36672684194812, 1.1596775694802348, 11.081924225164903, 3.3292022500387093]
total_steps: 275
states_probs: [0.2858637270926859, 0.3028268599597477]
optimized_portfolios: [{'AXP': 1, 'DIS': 1}, {'AXP': 0, 'DIS': 3}]
objective_values: [-21.20988885681704, -123.36348597685516]
result_with_budget: [{'portfolio': {'AXP': 1, 'DIS': 1}, 'budget': 407.44384002685547, 'difference': 0.0}, {'portfolio': {'AXP': 0, 'DIS': 3}, 'budget': 334.0499954223633, 'difference': 73.39384460449219}]
Processing experiment 28
Budget: 1382.359577178955
Expected returns: 0.07964968898333454
Covariance matrix: 0.36557680709323814
3rd-order coskewness tensor: -0.39677331896325196
4th-order cokurtosis tensor: 14.683024914425385
Number of qubits for asset DOW: 6
Number of qubits for asset MSFT: 2
Total number of qubits:  8
Optimized Weights (considering variance, skewness and kurtosis):
DOW: 36.76%
MSFT: 63.24%
Left over budget:  28.859051249177583
Optimized Discrete Allocation:
DOW: 13
MSFT: 2
Maximized utility from continuous higher moments:  -68778.09975087213
Budget constraint satisfied 1380.1666831970215 1382.359577178955 Difference:  2.1928939819335938
Budget constraint satisfied 1340.7676467895508 1382.359577178955 Difference:  41.5919303894043
smallest_eigenvalues: [-0.019560203989003235]
smallest_bitstrings: ['11000011']
first_excited_energy: -0.019557268194728215
optimized_portfolio: [{'DOW': 3, 'MSFT': 3}]
second_optimized_portfolio: [{'DOW': 2, 'MSFT': 3}]
result_with_budget: [{'portfolio': {'DOW': 3, 'MSFT': 3}, 'budget': 1380.1666831970215, 'difference': 2.1928939819335938, 'objective_value': -916.9018073788575}]
result_with_budget_excited: [{'portfolio': {'DOW': 2, 'MSFT': 3}, 'budget': 1340.7676467895508, 'difference': 41.5919303894043, 'objective_value': -419.01677350297473}]
Initial params:  [0.46678708 1.27987814 0.15933728 2.57325364 0.37155994 3.09121057
 1.27483177 2.32037697 0.14215169 2.13697492 2.06482608 0.83537409
 2.01421864 1.73779157 2.91504834 0.4433555 ]
(6_w,12)-aCMA-ES (mu_w=3.7,w_1=40%) in dimension 16 (seed=978323, Fri Mar 14 14:20:07 2025)
Iterat #Fevals   function value  axis ratio  sigma  min&max std  t[m:s]
    1     12 9.619598389162841e-03 1.0e+00 1.44e+00  1e+00  1e+00 0:09.1
    2     24 3.094732594646744e-02 1.2e+00 1.44e+00  1e+00  1e+00 0:18.3
    3     36 8.343045215955474e-03 1.2e+00 1.43e+00  1e+00  1e+00 0:27.4
    4     48 6.311591212860695e-02 1.3e+00 1.46e+00  1e+00  2e+00 0:36.3
    5     60 2.533440692702080e-02 1.3e+00 1.49e+00  1e+00  2e+00 0:45.3
    6     72 1.510416890681559e-02 1.4e+00 1.52e+00  1e+00  2e+00 0:54.3
    7     84 4.146158810947587e-02 1.4e+00 1.52e+00  1e+00  2e+00 1:03.3
    8     96 1.106740205807210e-01 1.5e+00 1.48e+00  1e+00  2e+00 1:12.3
    9    108 1.179482174350068e-01 1.5e+00 1.39e+00  1e+00  2e+00 1:21.4
   11    132 2.909522725469134e-02 1.6e+00 1.32e+00  1e+00  2e+00 1:39.3
   13    156 4.879097579617808e-02 1.7e+00 1.25e+00  1e+00  1e+00 1:57.2
   15    180 9.264831398962621e-02 1.7e+00 1.21e+00  1e+00  1e+00 2:15.1
   17    204 6.460266310592477e-02 1.8e+00 1.10e+00  1e+00  1e+00 2:33.1
   19    228 1.235339887050743e-01 1.8e+00 1.05e+00  1e+00  1e+00 2:51.0
   21    252 4.962440509884497e-02 2.0e+00 1.14e+00  1e+00  1e+00 3:08.9
   23    276 4.966766076290070e-02 2.1e+00 1.06e+00  1e+00  1e+00 3:26.9
   25    300 1.230353821083351e-01 2.1e+00 1.02e+00  9e-01  1e+00 3:44.8
   27    324 4.171784319015801e-02 2.2e+00 9.73e-01  9e-01  1e+00 4:02.7
   30    360 7.252783861326491e-02 2.1e+00 8.48e-01  8e-01  1e+00 4:29.6
   33    396 6.925689710008828e-02 2.3e+00 8.77e-01  8e-01  1e+00 4:56.5
   36    432 9.475589861964226e-02 2.4e+00 8.64e-01  8e-01  1e+00 5:23.5
   39    468 7.561143094181787e-02 2.5e+00 7.99e-01  7e-01  9e-01 5:50.3
   42    504 2.805828330146772e-02 2.4e+00 8.26e-01  7e-01  1e+00 6:17.4
   45    540 1.124495404790823e-01 2.4e+00 8.13e-01  7e-01  9e-01 6:44.5
   48    576 3.619019861526417e-02 2.4e+00 7.84e-01  7e-01  9e-01 7:11.5
   51    612 6.695800146881543e-02 2.4e+00 7.03e-01  6e-01  8e-01 7:38.5
   54    648 9.102392198401427e-02 2.5e+00 7.16e-01  6e-01  8e-01 8:05.3
   58    696 9.220814984025731e-02 2.5e+00 6.68e-01  6e-01  8e-01 8:41.1
   62    744 5.741258201912894e-02 2.6e+00 6.41e-01  5e-01  8e-01 9:16.9
   66    792 5.668240433293961e-02 2.5e+00 6.68e-01  5e-01  8e-01 9:52.7
   70    840 7.818543451845515e-02 2.7e+00 6.74e-01  5e-01  8e-01 10:28.6
   74    888 7.387639908741664e-02 2.6e+00 6.91e-01  5e-01  8e-01 11:04.5
   78    936 8.945858016841575e-02 2.6e+00 7.53e-01  6e-01  9e-01 11:40.6
   82    984 5.736544552217254e-02 2.8e+00 7.39e-01  6e-01  9e-01 12:16.8
   86   1032 9.007154857682924e-02 3.1e+00 7.10e-01  6e-01  9e-01 12:52.7
   90   1080 6.437127660669958e-02 3.2e+00 7.30e-01  6e-01  9e-01 13:28.5
   95   1140 8.067996612696704e-02 3.2e+00 6.94e-01  5e-01  8e-01 14:13.3
  100   1200 5.078942800510829e-02 3.3e+00 5.73e-01  4e-01  7e-01 14:58.1
  105   1260 2.271664106055152e-02 3.4e+00 6.43e-01  5e-01  8e-01 15:43.0
  110   1320 5.833532294021015e-02 3.4e+00 6.01e-01  4e-01  7e-01 16:27.8
  115   1380 3.659676373486058e-02 3.5e+00 6.12e-01  4e-01  8e-01 17:12.5
  120   1440 6.726275753234694e-02 3.8e+00 6.79e-01  5e-01  9e-01 17:57.5
  125   1500 2.812576931554296e-02 3.8e+00 6.51e-01  5e-01  8e-01 18:42.3
  130   1560 8.190398443663691e-02 3.7e+00 5.83e-01  4e-01  7e-01 19:27.1
  135   1620 6.909195454597183e-02 3.7e+00 5.80e-01  4e-01  7e-01 20:11.8
  141   1692 7.613473603245456e-02 3.9e+00 5.96e-01  4e-01  7e-01 21:05.7
  147   1764 5.753628463917484e-02 3.9e+00 5.29e-01  4e-01  7e-01 21:59.6
  153   1836 3.911760733310391e-02 4.0e+00 4.27e-01  3e-01  6e-01 22:53.4
  159   1908 4.362987908178792e-02 4.3e+00 4.50e-01  3e-01  6e-01 23:47.2
  165   1980 7.120141863242282e-02 4.4e+00 4.11e-01  2e-01  5e-01 24:41.0
  171   2052 4.692462256950095e-02 4.5e+00 4.09e-01  2e-01  5e-01 25:34.9
  177   2124 3.617700504614440e-02 4.7e+00 3.36e-01  2e-01  5e-01 26:28.6
  183   2196 3.151996000983361e-02 4.8e+00 3.12e-01  2e-01  4e-01 27:22.3
  189   2268 1.954644983332251e-02 4.9e+00 2.86e-01  2e-01  4e-01 28:16.3
  196   2352 1.790899959634294e-02 5.0e+00 2.16e-01  1e-01  3e-01 29:18.9
  200   2400 4.129603663828912e-03 5.1e+00 1.84e-01  1e-01  3e-01 29:54.9
  207   2484 5.501723678258432e-03 5.5e+00 1.68e-01  9e-02  2e-01 30:57.5
  214   2568 -2.562637805557374e-03 5.9e+00 1.33e-01  6e-02  2e-01 32:00.6
  221   2652 -4.784418250974419e-03 5.7e+00 9.92e-02  5e-02  1e-01 33:03.6
  228   2736 -6.657549209215886e-03 5.9e+00 7.86e-02  4e-02  1e-01 34:06.5
  235   2820 -9.088289578100936e-03 6.0e+00 6.10e-02  3e-02  8e-02 35:09.6
  242   2904 -9.051347792669827e-03 6.4e+00 6.71e-02  3e-02  9e-02 36:12.6
  249   2988 -1.041349242506192e-02 6.8e+00 4.69e-02  2e-02  6e-02 37:15.6
  256   3072 -1.059827237682084e-02 6.9e+00 5.57e-02  2e-02  8e-02 38:18.7
  264   3168 -1.068563403852946e-02 7.1e+00 4.21e-02  2e-02  6e-02 39:30.7
  272   3264 -1.071273231082713e-02 7.1e+00 3.48e-02  1e-02  5e-02 40:42.4
  280   3360 -1.082249533325631e-02 7.8e+00 2.55e-02  9e-03  3e-02 41:54.2
  288   3456 -1.088119211914089e-02 8.0e+00 1.92e-02  6e-03  2e-02 43:06.2
  296   3552 -1.088521810135129e-02 8.5e+00 1.88e-02  6e-03  2e-02 44:17.8
  300   3600 -1.090061937937613e-02 8.6e+00 1.62e-02  5e-03  2e-02 44:53.6
  308   3696 -1.090730052949072e-02 9.4e+00 1.31e-02  4e-03  2e-02 46:05.5
  316   3792 -1.091125796431859e-02 9.9e+00 9.59e-03  3e-03  1e-02 47:17.5
  325   3900 -1.091917426453463e-02 1.0e+01 6.74e-03  2e-03  8e-03 48:38.2
  334   4008 -1.092825458677951e-02 1.1e+01 6.39e-03  1e-03  7e-03 49:59.0
  343   4116 -1.093975035622491e-02 1.2e+01 7.62e-03  2e-03  9e-03 51:19.6
  352   4224 -1.095371201712877e-02 1.6e+01 1.19e-02  2e-03  2e-02 52:40.4
  361   4332 -1.101728575371181e-02 2.2e+01 1.63e-02  3e-03  4e-02 54:00.9
  370   4440 -1.113809278430470e-02 3.4e+01 3.26e-02  6e-03  1e-01 55:21.7
  379   4548 -1.119884501389600e-02 3.6e+01 3.64e-02  6e-03  1e-01 56:42.3
  388   4656 -1.125238268250069e-02 3.7e+01 3.16e-02  5e-03  1e-01 58:03.0
  397   4764 -1.129206674694971e-02 3.6e+01 2.74e-02  4e-03  8e-02 59:23.8
  400   4800 -1.130821898731877e-02 3.4e+01 2.56e-02  4e-03  7e-02 59:50.6
  410   4920 -1.135448027801082e-02 4.1e+01 2.32e-02  4e-03  7e-02 61:20.4
  420   5040 -1.136364922885986e-02 4.6e+01 2.65e-02  4e-03  8e-02 62:49.9
  430   5160 -1.139264743842473e-02 5.2e+01 2.61e-02  3e-03  9e-02 64:19.7
  440   5280 -1.141736633317902e-02 5.7e+01 1.87e-02  2e-03  6e-02 65:49.3
  450   5400 -1.144207051788085e-02 6.3e+01 1.88e-02  2e-03  7e-02 67:19.0
  460   5520 -1.147090861206887e-02 7.6e+01 2.04e-02  2e-03  8e-02 68:48.6
  470   5640 -1.154455661300212e-02 8.8e+01 3.16e-02  3e-03  1e-01 70:18.5
  480   5760 -1.172113717607709e-02 9.6e+01 4.37e-02  5e-03  2e-01 71:48.0
  491   5892 -1.183487730036409e-02 9.7e+01 4.10e-02  4e-03  2e-01 73:26.8
  500   6000 -1.187294524079596e-02 9.3e+01 2.85e-02  3e-03  1e-01 74:47.8
  511   6132 -1.190961131849220e-02 8.6e+01 2.91e-02  3e-03  1e-01 76:26.8
  522   6264 -1.194469942936764e-02 8.7e+01 2.65e-02  3e-03  9e-02 78:05.7
  533   6396 -1.195714563403930e-02 8.3e+01 2.19e-02  2e-03  7e-02 79:44.2
  544   6528 -1.197709476015191e-02 8.2e+01 2.66e-02  3e-03  8e-02 81:23.0
  555   6660 -1.198900501438513e-02 8.0e+01 1.64e-02  2e-03  5e-02 83:01.7
  566   6792 -1.199464611642856e-02 8.6e+01 1.58e-02  2e-03  5e-02 84:40.5
  577   6924 -1.199722087547871e-02 8.2e+01 1.05e-02  1e-03  3e-02 86:19.2
  589   7068 -1.199898701147106e-02 7.8e+01 7.89e-03  8e-04  2e-02 88:06.8
  600   7200 -1.200258441823251e-02 7.8e+01 1.16e-02  1e-03  3e-02 89:45.4
  612   7344 -1.201540238827212e-02 8.4e+01 2.05e-02  2e-03  4e-02 91:33.0
  624   7488 -1.202131328270437e-02 8.5e+01 2.23e-02  2e-03  5e-02 93:20.6
  636   7632 -1.203890378502301e-02 7.8e+01 2.24e-02  2e-03  4e-02 95:08.3
  648   7776 -1.205729314456583e-02 7.7e+01 3.56e-02  4e-03  7e-02 96:55.9
  660   7920 -1.206251072859949e-02 7.3e+01 5.13e-02  5e-03  9e-02 98:43.6
  672   8064 -1.209473578223195e-02 6.7e+01 4.04e-02  4e-03  7e-02 100:31.1
  684   8208 -1.211034783376319e-02 6.7e+01 5.23e-02  5e-03  9e-02 102:18.8
  697   8364 -1.214416901137675e-02 7.1e+01 3.22e-02  3e-03  5e-02 104:15.4
  700   8400 -1.214394884133365e-02 7.0e+01 3.26e-02  3e-03  5e-02 104:42.3
  713   8556 -1.216457253019678e-02 7.1e+01 3.57e-02  3e-03  6e-02 106:39.0
  726   8712 -1.220608934642913e-02 7.1e+01 3.88e-02  3e-03  6e-02 108:35.6
  739   8868 -1.226519245096308e-02 7.8e+01 5.41e-02  4e-03  9e-02 110:32.1
  752   9024 -1.231961475135247e-02 8.8e+01 6.43e-02  4e-03  1e-01 112:28.6
  765   9180 -1.240626853997778e-02 9.2e+01 6.56e-02  4e-03  1e-01 114:25.4
  778   9336 -1.250610005297584e-02 8.3e+01 7.89e-02  5e-03  1e-01 116:22.0
  791   9492 -1.261220782714500e-02 7.8e+01 7.18e-02  4e-03  1e-01 118:18.7
  800   9600 -1.266932315713834e-02 7.3e+01 6.34e-02  4e-03  1e-01 119:39.5
  814   9768 -1.273750616543290e-02 7.1e+01 7.46e-02  5e-03  1e-01 121:45.1
  828   9936 -1.282733942062994e-02 6.6e+01 4.12e-02  2e-03  5e-02 123:50.4
  842  10104 -1.289488970437136e-02 6.6e+01 4.33e-02  3e-03  5e-02 125:55.8
  856  10272 -1.294743971702928e-02 6.4e+01 6.58e-02  4e-03  6e-02 128:01.4
  870  10440 -1.297515849369285e-02 6.0e+01 5.52e-02  4e-03  5e-02 130:07.0
  884  10608 -1.303172154268305e-02 6.3e+01 6.29e-02  4e-03  5e-02 132:12.5
  898  10776 -1.311224630238092e-02 6.0e+01 8.39e-02  5e-03  7e-02 134:18.1
  900  10800 -1.310420544341663e-02 6.0e+01 8.81e-02  5e-03  7e-02 134:36.1
  915  10980 -1.321440387767469e-02 6.4e+01 1.22e-01  6e-03  1e-01 136:50.7
  930  11160 -1.333591671563720e-02 6.8e+01 1.00e-01  5e-03  8e-02 139:05.5
  945  11340 -1.338821980101134e-02 7.0e+01 6.95e-02  3e-03  6e-02 141:20.1
  960  11520 -1.343445982187609e-02 7.2e+01 5.36e-02  2e-03  4e-02 143:34.5
  975  11700 -1.345410134956740e-02 7.9e+01 4.56e-02  2e-03  4e-02 145:49.3
  990  11880 -1.349608698934070e-02 1.0e+02 9.11e-02  4e-03  1e-01 148:04.0
 1000  12000 -1.352962141830181e-02 1.2e+02 8.99e-02  4e-03  1e-01 149:33.7
Budget constraint satisfied 1117.1063041687012 1382.359577178955 Difference:  265.2532730102539
Budget constraint not satisfied 1537.7628288269043 1382.359577178955 Difference:  -155.40325164794922
two_most_probable_states: ['11100001', '11100011']
final_expectation_value: -0.01352962141830181
params: [1.4336104752850445, 3.3878241603158483, -8.498513339863013, 0.4606709933277118, -2.0643037928038237, 5.517096910300161, -1.6042477237861836, 6.940982777588138, -8.627390359588677, -0.5805476230108355, 1.3511891638125375, 7.180039183774715, -4.022660570265893, 6.161195775660433, -9.558094116010158, -4.815677166392506]
total_steps: 1000
states_probs: [0.035522118938717345, 0.04040598256644347]
optimized_portfolios: [{'DOW': 7, 'MSFT': 2}, {'DOW': 7, 'MSFT': 3}]
objective_values: [-7394.818514109954, -9501.371461686816]
result_with_budget: [{'portfolio': {'DOW': 7, 'MSFT': 2}, 'budget': 1117.1063041687012, 'difference': 265.2532730102539}, {'portfolio': {'DOW': 7, 'MSFT': 3}, 'budget': 1537.7628288269043, 'difference': -155.40325164794922}]
Processing experiment 29
Budget: 120.3900032043457
Expected returns: 0.07964968898333454
Covariance matrix: 0.5077541916038094
3rd-order coskewness tensor: -0.39677331896325196
4th-order cokurtosis tensor: 14.683024914425385
Number of qubits for asset DOW: 2
Number of qubits for asset MMM: 1
Total number of qubits:  3
Optimized Weights (considering variance, skewness and kurtosis):
DOW: 47.07%
MMM: 52.93%
Left over budget:  41.591930387145595
Optimized Discrete Allocation:
DOW: 2
Maximized utility from continuous higher moments:  -36.79384372673711
Budget constraint not satisfied 128.4563446044922 120.3900032043457 Difference:  -8.066341400146484
Budget constraint satisfied 118.19710922241211 120.3900032043457 Difference:  2.1928939819335938
smallest_eigenvalues: [-0.7753253349095878]
smallest_bitstrings: ['001']
first_excited_energy: -0.7540990931290655
optimized_portfolio: [{'DOW': 0, 'MMM': 1}]
second_optimized_portfolio: [{'DOW': 3, 'MMM': 0}]
result_with_budget: [{'portfolio': {'DOW': 0, 'MMM': 1}, 'budget': 128.4563446044922, 'difference': -8.066341400146484, 'objective_value': -3.828247670714698}]
result_with_budget_excited: [{'portfolio': {'DOW': 3, 'MMM': 0}, 'budget': 118.19710922241211, 'difference': 2.1928939819335938, 'objective_value': -167.2831179976109}]
Initial params:  [3.13055426 2.24497658 2.89983863 1.87404507 1.37179865 2.30325612]
(4_w,9)-aCMA-ES (mu_w=2.8,w_1=49%) in dimension 6 (seed=1033376, Fri Mar 14 16:50:05 2025)
Iterat #Fevals   function value  axis ratio  sigma  min&max std  t[m:s]
    1      9 -5.142163996625446e-01 1.0e+00 1.66e+00  2e+00  2e+00 0:00.2
    2     18 -5.884014269291017e-01 1.2e+00 1.64e+00  2e+00  2e+00 0:00.3
    3     27 -5.108753492949478e-01 1.3e+00 1.70e+00  2e+00  2e+00 0:00.4
   26    234 -5.983936039155296e-01 3.1e+00 3.71e-01  2e-01  4e-01 0:03.4
   57    513 -7.281810983019069e-01 7.3e+00 4.41e-01  1e-01  5e-01 0:07.5
   96    864 -7.477808920774526e-01 1.4e+01 1.30e-01  2e-02  1e-01 0:12.7
  100    900 -7.480017164775664e-01 1.4e+01 1.06e-01  1e-02  8e-02 0:13.2
  154   1386 -7.492048288105702e-01 2.9e+01 3.30e-03  9e-05  2e-03 0:20.3
  200   1800 -7.492048870253091e-01 3.1e+01 5.74e-05  7e-07  1e-05 0:26.3
  224   2016 -7.492048870265759e-01 3.1e+01 5.52e-06  4e-08  6e-07 0:29.5
Budget constraint not satisfied 128.4563446044922 120.3900032043457 Difference:  -8.066341400146484
Budget constraint satisfied 118.19710922241211 120.3900032043457 Difference:  2.1928939819335938
two_most_probable_states: ['001', '110']
final_expectation_value: -0.7492048870265772
params: [3.84707980425381, 3.9053654196144483, 8.16419405326869, -0.5255535938201852, 4.431012622236186, 2.8042470861680484]
total_steps: 224
states_probs: [0.4185679301826922, 0.4578679083541315]
optimized_portfolios: [{'DOW': 0, 'MMM': 1}, {'DOW': 3, 'MMM': 0}]
objective_values: [-3.828247670714698, -167.2831179976109]
result_with_budget: [{'portfolio': {'DOW': 0, 'MMM': 1}, 'budget': 128.4563446044922, 'difference': -8.066341400146484}, {'portfolio': {'DOW': 3, 'MMM': 0}, 'budget': 118.19710922241211, 'difference': 2.1928939819335938}]
Batch 2/30 completed. Results saved to portfolio_optimization_results_batch_1.json
Job finished at Fri Mar 14 16:50:38 EET 2025
