Running job array 81 on csl45.int.triton.aalto.fi
Starting at Sat Mar 22 10:19:30 EET 2025
Activating virtual environment at /scratch/work/uotilav2/quantum-portfolio/venv
Processing batch 82/100: experiments 81 to 81 (total 1)
Processing experiment 81
Budget: 1366
YF.download() has changed argument auto_adjust default to True
Number of qubits for asset CAT: 2
Number of qubits for asset IBM: 3
Number of qubits for asset UNH: 2
Total number of qubits:  7
Optimized Weights (considering variance, skewness and kurtosis):
CAT: 54.33%
IBM: 0.00%
UNH: 45.67%
Left over budget:  139.42275911015622
Optimized Discrete Allocation:
CAT: 2
UNH: 1
Maximized utility from continuous higher moments:  0.046074992516223816
Budget constraint not satisfied 1368.8495788574219 1366 Difference:  -2.849578857421875
Budget constraint not satisfied 1377.2079162597656 1366 Difference:  -11.207916259765625
smallest_eigenvalues: [-0.2649622649884898]
smallest_bitstrings: ['1000001']
first_excited_energy: -0.2649452912240719
optimized_portfolio: [{'CAT': 1, 'IBM': 0, 'UNH': 2}]
second_optimized_portfolio: [{'CAT': 0, 'IBM': 4, 'UNH': 1}]
result_with_budget: [{'portfolio': {'CAT': 1, 'IBM': 0, 'UNH': 2}, 'budget': 1368.8495788574219, 'difference': -2.849578857421875, 'objective_value': -0.6240784016522929}]
result_with_budget_excited: [{'portfolio': {'CAT': 0, 'IBM': 4, 'UNH': 1}, 'budget': 1377.2079162597656, 'difference': -11.207916259765625, 'objective_value': -15.277985195885304}]
Initial params:  [0.27372477 0.06351797 2.61575239 2.44465153 2.73322377 3.07442019
 2.51063067 1.44978017 2.45210473 0.37157007 2.01037118 0.45035763
 2.96776493 1.63943485]
(5_w,11)-aCMA-ES (mu_w=3.4,w_1=42%) in dimension 14 (seed=694741, Sat Mar 22 10:19:33 2025)
Iterat #Fevals   function value  axis ratio  sigma  min&max std  t[m:s]
    1     11 2.248810763427592e-01 1.0e+00 9.50e-02  9e-02  1e-01 0:03.6
    2     22 1.204548238829340e-01 1.1e+00 9.29e-02  9e-02  1e-01 0:07.3
    3     33 6.749087193043600e-02 1.2e+00 9.10e-02  9e-02  9e-02 0:10.9
    4     44 -4.632085473032199e-02 1.3e+00 9.18e-02  9e-02  1e-01 0:14.4
    6     66 -1.742740911030002e-01 1.4e+00 9.77e-02  9e-02  1e-01 0:21.8
    8     88 -2.023990791439417e-01 1.4e+00 1.01e-01  9e-02  1e-01 0:29.1
   10    110 -2.190836269296838e-01 1.5e+00 1.09e-01  1e-01  1e-01 0:36.4
   12    132 -2.137983238077988e-01 1.6e+00 1.15e-01  1e-01  1e-01 0:43.7
   15    165 -2.157442803456150e-01 1.7e+00 1.04e-01  9e-02  1e-01 0:54.6
   18    198 -2.172182280535202e-01 1.7e+00 1.06e-01  9e-02  1e-01 1:05.6
   21    231 -2.195033344569981e-01 1.8e+00 1.07e-01  9e-02  1e-01 1:16.7
   25    275 -2.152192214967581e-01 1.9e+00 1.00e-01  9e-02  1e-01 1:31.3
   29    319 -2.238116676927686e-01 2.1e+00 7.93e-02  7e-02  9e-02 1:46.0
   33    363 -2.281716479848663e-01 2.2e+00 6.47e-02  5e-02  7e-02 2:00.7
   37    407 -2.324795555041350e-01 2.5e+00 6.24e-02  5e-02  7e-02 2:15.3
   42    462 -2.356005968795417e-01 2.9e+00 7.98e-02  6e-02  9e-02 2:33.6
   47    517 -2.341469032074464e-01 3.2e+00 6.62e-02  5e-02  8e-02 2:52.0
   52    572 -2.362446581151286e-01 3.5e+00 5.92e-02  5e-02  7e-02 3:10.4
   57    627 -2.384221243312216e-01 3.9e+00 6.15e-02  5e-02  7e-02 3:28.8
   63    693 -2.388177223122976e-01 4.7e+00 6.23e-02  5e-02  8e-02 3:50.7
   69    759 -2.410952629567751e-01 5.3e+00 6.21e-02  4e-02  8e-02 4:12.8
   75    825 -2.415875684356157e-01 5.9e+00 5.78e-02  4e-02  7e-02 4:34.7
   81    891 -2.425297640634945e-01 6.5e+00 4.77e-02  3e-02  6e-02 4:56.8
   88    968 -2.427823124744641e-01 7.6e+00 3.37e-02  2e-02  5e-02 5:22.4
   95   1045 -2.427130767188951e-01 8.3e+00 2.29e-02  1e-02  3e-02 5:48.1
  100   1100 -2.429111463361117e-01 8.5e+00 2.28e-02  1e-02  3e-02 6:06.5
  108   1188 -2.430271927057980e-01 1.0e+01 2.08e-02  1e-02  3e-02 6:35.8
  116   1276 -2.432873161562540e-01 1.2e+01 2.37e-02  1e-02  4e-02 7:05.1
  124   1364 -2.437206176148290e-01 1.5e+01 2.11e-02  1e-02  4e-02 7:34.4
  132   1452 -2.439166058081113e-01 1.9e+01 2.77e-02  1e-02  6e-02 8:03.8
  141   1551 -2.441510356045551e-01 2.1e+01 3.10e-02  1e-02  7e-02 8:36.8
  150   1650 -2.445432240386833e-01 2.6e+01 3.25e-02  1e-02  7e-02 9:10.0
  159   1749 -2.451519912603078e-01 2.8e+01 3.34e-02  1e-02  7e-02 9:43.0
  168   1848 -2.459576156739475e-01 3.9e+01 5.65e-02  2e-02  2e-01 10:16.1
  178   1958 -2.465935521622024e-01 4.8e+01 6.03e-02  2e-02  2e-01 10:52.7
  188   2068 -2.477272766234878e-01 5.3e+01 5.61e-02  1e-02  2e-01 11:29.6
  198   2178 -2.478112217282313e-01 5.4e+01 3.00e-02  7e-03  9e-02 12:06.3
  200   2200 -2.479885001285508e-01 5.4e+01 2.85e-02  6e-03  9e-02 12:13.7
  211   2321 -2.482686384035007e-01 5.8e+01 3.01e-02  6e-03  1e-01 12:54.2
  222   2442 -2.485511946924364e-01 6.1e+01 3.55e-02  7e-03  1e-01 13:34.9
  233   2563 -2.487669728848053e-01 5.7e+01 3.30e-02  6e-03  9e-02 14:15.2
  245   2695 -2.491142902809652e-01 6.6e+01 4.11e-02  6e-03  1e-01 14:59.2
  257   2827 -2.496171076059334e-01 6.9e+01 5.66e-02  8e-03  2e-01 15:43.0
  269   2959 -2.502032802185990e-01 7.0e+01 5.05e-02  7e-03  2e-01 16:26.8
  282   3102 -2.503258872666534e-01 7.0e+01 3.38e-02  4e-03  1e-01 17:14.4
  295   3245 -2.503874521916090e-01 6.2e+01 2.17e-02  3e-03  6e-02 18:02.0
  300   3300 -2.504172120347548e-01 6.0e+01 2.12e-02  3e-03  5e-02 18:20.3
  313   3443 -2.504452952488818e-01 6.7e+01 1.94e-02  2e-03  5e-02 19:07.7
  327   3597 -2.504885750112962e-01 6.6e+01 1.80e-02  2e-03  5e-02 19:58.7
  341   3751 -2.505915551750005e-01 6.8e+01 2.78e-02  3e-03  7e-02 20:49.5
  355   3905 -2.506799805630309e-01 7.3e+01 3.52e-02  3e-03  9e-02 21:40.2
  370   4070 -2.507301901781040e-01 8.0e+01 2.50e-02  2e-03  7e-02 22:34.6
  385   4235 -2.507568465064574e-01 8.4e+01 2.00e-02  1e-03  6e-02 23:29.1
  400   4400 -2.507970105769358e-01 9.8e+01 3.27e-02  2e-03  1e-01 24:23.5
  415   4565 -2.508539266370756e-01 1.1e+02 2.82e-02  2e-03  1e-01 25:17.8
  431   4741 -2.508737948057517e-01 1.3e+02 1.40e-02  8e-04  5e-02 26:15.7
  447   4917 -2.508765486725154e-01 1.4e+02 8.01e-03  4e-04  3e-02 27:13.2
  464   5104 -2.508773295487786e-01 1.5e+02 3.77e-03  2e-04  1e-02 28:13.1
  481   5291 -2.508775081509066e-01 1.5e+02 1.69e-03  7e-05  5e-03 29:13.0
  498   5478 -2.508775261738719e-01 1.5e+02 5.73e-04  2e-05  2e-03 30:12.6
  500   5500 -2.508775269854716e-01 1.6e+02 5.50e-04  2e-05  2e-03 30:19.6
  518   5698 -2.508775286243348e-01 1.8e+02 1.74e-04  6e-06  5e-04 31:22.7
  536   5896 -2.508775287361402e-01 1.9e+02 8.09e-05  3e-06  2e-04 32:25.7
  554   6094 -2.508775287997379e-01 2.0e+02 4.10e-05  1e-06  1e-04 33:28.9
  573   6303 -2.508775288451043e-01 2.0e+02 5.30e-05  1e-06  1e-04 34:35.5
  592   6512 -2.508775289231377e-01 2.1e+02 1.44e-04  3e-06  3e-04 35:42.0
  600   6600 -2.508775289967466e-01 2.3e+02 1.78e-04  4e-06  4e-04 36:10.0
  620   6820 -2.508775293830851e-01 3.7e+02 2.06e-04  4e-06  6e-04 37:20.0
  640   7040 -2.508775303277648e-01 6.9e+02 4.36e-04  8e-06  2e-03 38:30.2
  660   7260 -2.508775330307912e-01 1.2e+03 5.37e-04  9e-06  4e-03 39:40.3
  680   7480 -2.508775475267944e-01 3.0e+03 1.75e-03  3e-05  3e-02 40:50.4
  700   7700 -2.508777488117379e-01 5.8e+03 6.81e-03  1e-04  2e-01 42:00.3
  721   7931 -2.508782396334834e-01 5.5e+03 1.82e-02  3e-04  4e-01 43:13.8
  742   8162 -2.508790120706481e-01 4.3e+03 1.02e-02  1e-04  2e-01 44:27.6
  764   8404 -2.508797103884068e-01 3.6e+03 2.15e-02  2e-04  3e-01 45:45.1
  786   8646 -2.508815615846131e-01 2.8e+03 2.60e-02  3e-04  2e-01 47:01.9
  800   8800 -2.508836953079157e-01 2.2e+03 3.23e-02  3e-04  2e-01 47:50.6
  823   9053 -2.508878673437002e-01 1.3e+03 3.54e-02  4e-04  1e-01 49:10.4
  846   9306 -2.508919807227987e-01 7.4e+02 2.35e-02  2e-04  6e-02 50:30.2
  869   9559 -2.508977541676388e-01 4.9e+02 4.37e-02  4e-04  8e-02 51:49.9
  893   9823 -2.509046863794661e-01 3.5e+02 4.13e-02  3e-04  5e-02 53:12.7
  900   9900 -2.509063617177745e-01 3.2e+02 3.61e-02  3e-04  4e-02 53:36.9
  924  10164 -2.509170163652272e-01 3.0e+02 7.26e-02  6e-04  8e-02 54:59.9
  948  10428 -2.509261530664756e-01 2.8e+02 6.19e-02  5e-04  6e-02 56:23.0
  973  10703 -2.509291658159767e-01 2.9e+02 3.66e-02  2e-04  3e-02 57:49.5
  999  10989 -2.509294682406529e-01 2.7e+02 1.10e-02  6e-05  8e-03 59:15.6
 1000  11000 -2.509294748946637e-01 2.7e+02 1.05e-02  6e-05  8e-03 59:18.9
Budget constraint satisfied 1225.7897644042969 1366 Difference:  140.21023559570312
Budget constraint satisfied 1007.4146118164062 1366 Difference:  358.58538818359375
two_most_probable_states: ['0010001', '0000001']
final_expectation_value: -0.25092947489466366
params: [2.197589104775139, 3.429812830678652, 4.097116687986055, 3.175215692147758, 10.597744194971847, 8.936419671685632, 0.43413473954963266, 1.0854003625122772, 2.7507282473997634, 1.4494263949581832, 1.3735585451449892, 1.4793376946200851, 2.9059729007542474, 1.8590148797020178]
total_steps: 1000
states_probs: [0.04175438786072501, 0.0452827610338152]
optimized_portfolios: [{'CAT': 0, 'IBM': 1, 'UNH': 2}, {'CAT': 0, 'IBM': 0, 'UNH': 2}]
objective_values: [-1.4737181986497405, -0.41822354346918994]
result_with_budget: [{'portfolio': {'CAT': 0, 'IBM': 1, 'UNH': 2}, 'budget': 1225.7897644042969, 'difference': 140.21023559570312}, {'portfolio': {'CAT': 0, 'IBM': 0, 'UNH': 2}, 'budget': 1007.4146118164062, 'difference': 358.58538818359375}]
Batch 82/100 completed. Results saved to portfolio_optimization_results_batch_81.json
Job finished at Sat Mar 22 11:19:25 EET 2025
