Running job array 2 on pe79.int.triton.aalto.fi
Starting at Fri Mar 21 16:01:40 EET 2025
Activating virtual environment at /scratch/work/uotilav2/quantum-portfolio/venv
Processing batch 3/100: experiments 2 to 2 (total 1)
Processing experiment 2
Budget: 2805
YF.download() has changed argument auto_adjust default to True
Number of qubits for asset HD: 3
Number of qubits for asset MSFT: 3
Total number of qubits:  6
Optimized Weights (considering variance, skewness and kurtosis):
HD: 0.00%
MSFT: 100.00%
Left over budget:  281.06085114426105
Optimized Discrete Allocation:
MSFT: 6
Maximized utility from continuous higher moments:  -40.36702241175485
Budget constraint not satisfied 2808.1175231933594 2805 Difference:  -3.117523193359375
Budget constraint satisfied 2773.9979858398438 2805 Difference:  31.00201416015625
smallest_eigenvalues: [-0.6276056136955338]
smallest_bitstrings: ['001110']
first_excited_energy: -0.6275294796855413
optimized_portfolio: [{'HD': 4, 'MSFT': 3}]
second_optimized_portfolio: [{'HD': 5, 'MSFT': 2}]
result_with_budget: [{'portfolio': {'HD': 4, 'MSFT': 3}, 'budget': 2808.1175231933594, 'difference': -3.117523193359375, 'objective_value': -90.36840776534731}]
result_with_budget_excited: [{'portfolio': {'HD': 5, 'MSFT': 2}, 'budget': 2773.9979858398438, 'difference': 31.00201416015625, 'objective_value': -113.03973593284792}]
Initial params:  [2.9078476  0.22316636 0.27372477 0.06351797 2.61575239 2.44465153
 2.73322377 3.07442019 2.51063067 1.44978017 2.45210473 0.37157007]
(5_w,11)-aCMA-ES (mu_w=3.4,w_1=42%) in dimension 12 (seed=689889, Fri Mar 21 16:02:00 2025)
Iterat #Fevals   function value  axis ratio  sigma  min&max std  t[m:s]
    1     11 -5.322042227914829e-01 1.0e+00 9.16e-02  9e-02  9e-02 0:02.2
    2     22 -5.328335043338782e-01 1.1e+00 9.16e-02  9e-02  1e-01 0:04.4
    3     33 -5.385593367526995e-01 1.2e+00 9.23e-02  9e-02  1e-01 0:06.5
    5     55 -5.466465544797769e-01 1.5e+00 1.03e-01  9e-02  1e-01 0:10.8
    7     77 -5.635078248126179e-01 1.8e+00 1.03e-01  9e-02  1e-01 0:15.0
   10    110 -5.676212464360282e-01 1.8e+00 1.02e-01  9e-02  1e-01 0:21.4
   13    143 -5.815432510862397e-01 2.1e+00 1.13e-01  1e-01  1e-01 0:27.8
   17    187 -5.914479568709330e-01 2.5e+00 1.36e-01  1e-01  2e-01 0:36.3
   21    231 -5.836411934753267e-01 2.7e+00 1.25e-01  1e-01  1e-01 0:44.9
   26    286 -5.886611869148304e-01 3.1e+00 1.09e-01  9e-02  1e-01 0:55.6
   31    341 -5.907466890241895e-01 3.9e+00 7.63e-02  6e-02  9e-02 1:06.2
   37    407 -5.931694654475849e-01 4.5e+00 5.92e-02  4e-02  7e-02 1:19.0
   43    473 -5.929273630599604e-01 5.1e+00 5.15e-02  3e-02  6e-02 1:31.9
   50    550 -5.935466881770787e-01 6.4e+00 6.31e-02  4e-02  9e-02 1:46.9
   57    627 -5.939275652495423e-01 8.2e+00 5.72e-02  3e-02  9e-02 2:01.8
   64    704 -5.943550725039743e-01 9.2e+00 4.72e-02  3e-02  7e-02 2:16.8
   72    792 -5.955296202013363e-01 1.3e+01 4.31e-02  2e-02  8e-02 2:34.0
   80    880 -5.962840442519081e-01 1.6e+01 6.13e-02  3e-02  1e-01 2:51.7
   89    979 -5.966674878575442e-01 2.0e+01 4.70e-02  2e-02  1e-01 3:11.0
   98   1078 -5.977396449800245e-01 2.3e+01 6.77e-02  3e-02  2e-01 3:30.1
  100   1100 -5.977810378138586e-01 2.4e+01 8.17e-02  3e-02  2e-01 3:34.3
  110   1210 -5.988152063302824e-01 2.7e+01 9.32e-02  4e-02  2e-01 3:55.6
  121   1331 -5.998112774903126e-01 2.2e+01 7.99e-02  3e-02  2e-01 4:19.0
  132   1452 -6.013564029085059e-01 1.9e+01 1.12e-01  4e-02  2e-01 4:42.3
  144   1584 -6.020450969160388e-01 1.8e+01 5.77e-02  2e-02  1e-01 5:07.9
  156   1716 -6.022733347547682e-01 2.0e+01 4.27e-02  1e-02  8e-02 5:33.5
  169   1859 -6.029913712071896e-01 2.2e+01 5.16e-02  1e-02  8e-02 6:01.6
  182   2002 -6.037187603460706e-01 2.8e+01 5.88e-02  1e-02  1e-01 6:29.5
  196   2156 -6.047162497604099e-01 3.3e+01 6.67e-02  1e-02  1e-01 6:59.4
  200   2200 -6.051042656225771e-01 3.6e+01 6.20e-02  1e-02  1e-01 7:07.9
  214   2354 -6.060834488561760e-01 4.0e+01 7.83e-02  1e-02  2e-01 7:38.6
  229   2519 -6.068835092553136e-01 4.1e+01 6.45e-02  9e-03  1e-01 8:10.6
  244   2684 -6.075475968902994e-01 5.4e+01 9.05e-02  1e-02  2e-01 8:43.2
  260   2860 -6.085627593390562e-01 6.7e+01 9.43e-02  1e-02  3e-01 9:17.1
  276   3036 -6.091566341786185e-01 5.5e+01 6.57e-02  7e-03  1e-01 9:51.2
  293   3223 -6.097862732093517e-01 6.3e+01 1.55e-01  1e-02  3e-01 10:27.5
  300   3300 -6.102554994311225e-01 6.8e+01 1.21e-01  1e-02  3e-01 10:42.6
  318   3498 -6.112724586241516e-01 8.0e+01 7.26e-02  5e-03  2e-01 11:20.7
  336   3696 -6.113307653795527e-01 7.2e+01 2.80e-02  2e-03  5e-02 11:58.9
  355   3905 -6.114005262120116e-01 9.5e+01 3.12e-02  2e-03  6e-02 12:39.1
  374   4114 -6.115133973720293e-01 1.5e+02 6.26e-02  3e-03  1e-01 13:20.1
  394   4334 -6.117646808358016e-01 1.7e+02 1.03e-01  4e-03  2e-01 14:02.5
  400   4400 -6.120248620222600e-01 1.8e+02 1.65e-01  6e-03  4e-01 14:15.4
  421   4631 -6.132904886741812e-01 1.7e+02 2.30e-01  6e-03  4e-01 15:00.5
  442   4862 -6.144036271045510e-01 2.5e+02 2.50e-01  5e-03  6e-01 15:44.9
  464   5104 -6.149078157923905e-01 2.8e+02 1.20e-01  2e-03  2e-01 16:31.7
  486   5346 -6.149591673602360e-01 2.8e+02 3.41e-02  5e-04  6e-02 17:18.3
  500   5500 -6.149621427633277e-01 2.6e+02 1.55e-02  2e-04  2e-02 17:48.1
  523   5753 -6.149632456416688e-01 2.5e+02 1.40e-02  2e-04  2e-02 18:37.3
  547   6017 -6.149642451142191e-01 3.7e+02 1.36e-02  1e-04  3e-02 19:28.2
  571   6281 -6.149646779061498e-01 4.1e+02 6.37e-03  6e-05  1e-02 20:19.3
  596   6556 -6.149648591154151e-01 4.7e+02 6.59e-03  6e-05  1e-02 21:12.0
  600   6600 -6.149649125422645e-01 4.7e+02 7.29e-03  7e-05  1e-02 21:20.5
  626   6886 -6.149657712460135e-01 4.8e+02 2.14e-02  2e-04  2e-02 22:15.3
  652   7172 -6.149673881262153e-01 4.0e+02 2.17e-02  1e-04  2e-02 23:10.1
  679   7469 -6.149692673144870e-01 2.9e+02 1.80e-02  1e-04  1e-02 24:06.8
  700   7700 -6.149710685627799e-01 2.9e+02 2.07e-02  1e-04  1e-02 24:51.0
  728   8008 -6.149748636450921e-01 3.5e+02 4.40e-02  2e-04  2e-02 25:49.8
  757   8327 -6.149765187525110e-01 2.5e+02 2.96e-02  1e-04  1e-02 26:49.3
  786   8646 -6.149781007694290e-01 2.1e+02 3.33e-02  1e-04  1e-02 27:49.0
  800   8800 -6.149788966021164e-01 2.5e+02 4.19e-02  1e-04  1e-02 28:17.8
  830   9130 -6.149805910947859e-01 3.2e+02 3.46e-02  1e-04  1e-02 29:19.2
  862   9482 -6.149827562732209e-01 3.9e+02 6.32e-02  2e-04  2e-02 30:22.2
  895   9845 -6.149851022153642e-01 5.2e+02 6.54e-02  1e-04  3e-02 31:26.6
  900   9900 -6.149851450140071e-01 5.4e+02 8.43e-02  2e-04  4e-02 31:36.3
  934  10274 -6.149858745408994e-01 6.2e+02 2.76e-02  5e-05  1e-02 32:42.6
  968  10648 -6.149860510157108e-01 6.1e+02 1.78e-02  3e-05  7e-03 33:49.7
 1000  11000 -6.149861408756719e-01 9.1e+02 1.90e-02  2e-05  9e-03 34:56.5
Budget constraint not satisfied 2808.1175231933594 2805 Difference:  -3.117523193359375
Budget constraint not satisfied 3228.7740478515625 2805 Difference:  -423.7740478515625
two_most_probable_states: ['001110', '001001']
final_expectation_value: -0.614986146271622
params: [2.9798493078236796, 9.489330810016055, -2.2641726638723005, 1.2587265351968377, 12.373503764581514, 11.396234450939223, 2.7470973861706423, 3.5932356081419545, 3.0735753783453426, 0.9801437967109504, 3.0607971699583847, -0.05566597792412895]
total_steps: 1000
states_probs: [0.05084585070398323, 0.05132543790058406]
optimized_portfolios: [{'HD': 4, 'MSFT': 3}, {'HD': 4, 'MSFT': 4}]
objective_values: [-90.36840776534731, -139.8172330157837]
result_with_budget: [{'portfolio': {'HD': 4, 'MSFT': 3}, 'budget': 2808.1175231933594, 'difference': -3.117523193359375}, {'portfolio': {'HD': 4, 'MSFT': 4}, 'budget': 3228.7740478515625, 'difference': -423.7740478515625}]
Batch 3/100 completed. Results saved to portfolio_optimization_results_batch_2.json
Job finished at Fri Mar 21 16:40:35 EET 2025
