Running job array 2 on csl20.int.triton.aalto.fi
Starting at Wed Mar 12 12:30:33 EET 2025
Activating virtual environment at /scratch/work/uotilav2/quantum-portfolio/venv
Processing batch 3/20: experiments 46 to 68 (total 23)
Processing experiment 46
Budget: 596.8800201416016
YF.download() has changed argument auto_adjust default to True
Number of qubits for asset CRM: 1
Number of qubits for asset MRK: 3
Total number of qubits:  4
Optimized Weights (considering variance, skewness and kurtosis):
CRM: 75.77%
MRK: 24.23%
Left over budget:  63.59002680218532
Optimized Discrete Allocation:
CRM: 1
MRK: 2
Maximized utility from continuous higher moments:  2.8880805171583424
Budget constraint satisfied 596.8800201416016 596.8800201416016 Difference:  0.0
Budget constraint not satisfied 632.7699966430664 596.8800201416016 Difference:  -35.889976501464844
smallest_eigenvalues: [-0.6604253492918982]
smallest_bitstrings: ['0011']
first_excited_energy: -0.6580655891641141
optimized_portfolio: [{'CRM': 0, 'MRK': 6}]
second_optimized_portfolio: [{'CRM': 1, 'MRK': 3}]
result_with_budget: [{'portfolio': {'CRM': 0, 'MRK': 6}, 'budget': 596.8800201416016, 'difference': 0.0, 'objective_value': -34.561849461343655}]
result_with_budget_excited: [{'portfolio': {'CRM': 1, 'MRK': 3}, 'budget': 632.7699966430664, 'difference': -35.889976501464844, 'objective_value': 2.066079648336403}]
Initial params:  [2.48727756 1.66157239 1.78456462 2.9078476  0.22316636 0.27372477
 0.06351797 2.61575239]
(5_w,10)-aCMA-ES (mu_w=3.2,w_1=45%) in dimension 8 (seed=824054, Wed Mar 12 12:30:36 2025)
Iterat #Fevals   function value  axis ratio  sigma  min&max std  t[m:s]
    1     10 -5.319074648038149e-01 1.0e+00 9.64e-02  9e-02  1e-01 0:00.4
    2     20 -5.372818854290328e-01 1.2e+00 1.02e-01  1e-01  1e-01 0:00.7
    3     30 -5.637797114944694e-01 1.5e+00 1.02e-01  1e-01  1e-01 0:01.0
   13    130 -6.014768067379817e-01 2.9e+00 1.82e-01  2e-01  2e-01 0:04.2
   26    260 -6.086416097288997e-01 3.6e+00 1.11e-01  7e-02  1e-01 0:08.3
   43    430 -6.173795958314140e-01 1.0e+01 1.35e-01  4e-02  3e-01 0:13.6
   63    630 -6.269637446743384e-01 2.9e+01 1.49e-01  3e-02  4e-01 0:19.8
   86    860 -6.288969926696457e-01 3.0e+01 1.18e-01  1e-02  3e-01 0:27.0
  100   1000 -6.303602653091585e-01 3.3e+01 1.10e-01  1e-02  2e-01 0:31.5
  129   1290 -6.331003209150222e-01 3.2e+01 1.42e-01  1e-02  2e-01 0:40.5
  161   1610 -6.348579944000748e-01 4.5e+01 9.24e-02  4e-03  1e-01 0:50.7
  197   1970 -6.355174280939241e-01 7.9e+01 1.50e-01  5e-03  2e-01 1:02.0
  200   2000 -6.355005612676523e-01 8.7e+01 1.89e-01  6e-03  2e-01 1:02.9
  241   2410 -6.365683433505216e-01 8.2e+01 1.17e-01  2e-03  9e-02 1:15.9
  286   2860 -6.367693711288982e-01 8.9e+01 4.69e-02  6e-04  2e-02 1:30.0
  300   3000 -6.367706582662234e-01 8.2e+01 1.65e-02  2e-04  6e-03 1:34.4
  352   3520 -6.367707343456507e-01 1.0e+02 2.60e-04  1e-06  5e-05 1:50.7
  383   3830 -6.367707343521362e-01 9.6e+01 2.70e-05  7e-08  3e-06 2:00.4
Budget constraint satisfied 596.8800201416016 596.8800201416016 Difference:  0.0
Budget constraint not satisfied 632.7699966430664 596.8800201416016 Difference:  -35.889976501464844
two_most_probable_states: ['0011', '1110']
final_expectation_value: -0.6367707343521497
params: [1.7196889259432075, -1.688269063376007, 8.043869087063394, 7.842626425570338, 2.2701660321369066, 0.3133163976656401, -0.17500523865827752, 3.056968520439224]
total_steps: 383
states_probs: [0.1474312844812287, 0.16872118159529662]
optimized_portfolios: [{'CRM': 0, 'MRK': 6}, {'CRM': 1, 'MRK': 3}]
objective_values: [-34.561849461343655, 2.066079648336403]
result_with_budget: [{'portfolio': {'CRM': 0, 'MRK': 6}, 'budget': 596.8800201416016, 'difference': 0.0}, {'portfolio': {'CRM': 1, 'MRK': 3}, 'budget': 632.7699966430664, 'difference': -35.889976501464844}]
Processing experiment 47
Budget: 628.3100051879883
Number of qubits for asset DOW: 4
Number of qubits for asset NKE: 4
Total number of qubits:  8
Optimized Weights (considering variance, skewness and kurtosis):
DOW: 53.28%
NKE: 46.72%
Left over budget:  11.961982718612262
Optimized Discrete Allocation:
DOW: 8
NKE: 4
Maximized utility from continuous higher moments:  -429.47928770788235
Budget constraint not satisfied 641.7104988098145 628.3100051879883 Difference:  -13.400493621826172
Budget constraint satisfied 616.3480224609375 628.3100051879883 Difference:  11.961982727050781
smallest_eigenvalues: [-0.33539536808135395]
smallest_bitstrings: ['10000001']
first_excited_energy: -0.33535372686219567
optimized_portfolio: [{'DOW': 1, 'NKE': 8}]
second_optimized_portfolio: [{'DOW': 8, 'NKE': 4}]
result_with_budget: [{'portfolio': {'DOW': 1, 'NKE': 8}, 'budget': 641.7104988098145, 'difference': -13.400493621826172, 'objective_value': -236.04398077409454}]
result_with_budget_excited: [{'portfolio': {'DOW': 8, 'NKE': 4}, 'budget': 616.3480224609375, 'difference': 11.961982727050781, 'objective_value': -429.47928770788235}]
Initial params:  [1.07645798 1.16749305 2.63677371 2.76642256 1.66707524 1.91953795
 0.15045032 0.50590648 1.27570788 1.92358856 2.57733062 2.09222624
 1.20610136 0.33898189 2.4442188  1.9485578 ]
(6_w,12)-aCMA-ES (mu_w=3.7,w_1=40%) in dimension 16 (seed=863124, Wed Mar 12 12:32:55 2025)
Iterat #Fevals   function value  axis ratio  sigma  min&max std  t[m:s]
    1     12 -2.299816946516414e-01 1.0e+00 9.18e-02  9e-02  9e-02 0:07.7
    2     24 -2.481793361206528e-01 1.1e+00 8.79e-02  9e-02  9e-02 0:15.3
    3     36 -2.354904339967497e-01 1.1e+00 8.79e-02  9e-02  9e-02 0:22.8
    4     48 -2.482540971960907e-01 1.2e+00 9.01e-02  9e-02  9e-02 0:30.6
    5     60 -2.513000669560463e-01 1.2e+00 9.61e-02  9e-02  1e-01 0:38.3
    6     72 -2.639483139080900e-01 1.3e+00 1.08e-01  1e-01  1e-01 0:45.9
    7     84 -2.777657489891354e-01 1.4e+00 1.16e-01  1e-01  1e-01 0:53.4
    8     96 -2.841431799432638e-01 1.4e+00 1.19e-01  1e-01  1e-01 1:01.1
   10    120 -2.800842899303552e-01 1.7e+00 1.31e-01  1e-01  2e-01 1:16.3
   12    144 -2.686532705195725e-01 1.8e+00 1.29e-01  1e-01  2e-01 1:31.5
   14    168 -2.654461813321085e-01 1.9e+00 1.15e-01  1e-01  1e-01 1:46.9
   16    192 -2.723974597695910e-01 1.9e+00 1.05e-01  1e-01  1e-01 2:02.1
   18    216 -2.817699207432384e-01 2.0e+00 9.90e-02  9e-02  1e-01 2:17.5
   20    240 -2.839497914625497e-01 2.1e+00 9.22e-02  8e-02  1e-01 2:32.7
   22    264 -2.805496727459835e-01 2.2e+00 9.43e-02  8e-02  1e-01 2:48.0
   24    288 -2.770430614662389e-01 2.4e+00 1.01e-01  9e-02  1e-01 3:03.1
   27    324 -2.875028720149340e-01 2.5e+00 8.60e-02  7e-02  1e-01 3:26.1
   30    360 -2.851952023511480e-01 2.6e+00 7.94e-02  7e-02  9e-02 3:49.2
   33    396 -2.848495936856165e-01 2.6e+00 8.31e-02  7e-02  9e-02 4:11.9
   36    432 -2.869039708203057e-01 2.7e+00 8.07e-02  7e-02  9e-02 4:34.6
   39    468 -2.873512239394294e-01 2.9e+00 9.23e-02  8e-02  1e-01 4:57.5
   42    504 -2.888483454568759e-01 3.3e+00 1.06e-01  9e-02  1e-01 5:20.5
   45    540 -2.955790560377567e-01 3.5e+00 1.20e-01  9e-02  1e-01 5:43.3
   48    576 -2.924181922675989e-01 3.9e+00 1.05e-01  8e-02  1e-01 6:06.3
   52    624 -3.015891708385062e-01 4.2e+00 8.79e-02  6e-02  1e-01 6:36.9
   56    672 -2.995763596938985e-01 4.8e+00 7.95e-02  6e-02  1e-01 7:07.2
   60    720 -3.007703167728812e-01 5.1e+00 6.28e-02  4e-02  8e-02 7:37.7
   64    768 -2.980403700151844e-01 5.4e+00 6.06e-02  4e-02  7e-02 8:08.3
   68    816 -3.006564155207795e-01 5.5e+00 5.51e-02  4e-02  7e-02 8:38.8
   72    864 -3.017089922909567e-01 6.0e+00 5.47e-02  4e-02  7e-02 9:09.4
   76    912 -3.023541146346206e-01 6.5e+00 5.41e-02  3e-02  7e-02 9:40.0
   81    972 -3.027655235513195e-01 7.1e+00 5.15e-02  3e-02  7e-02 10:18.1
   86   1032 -3.028261705927765e-01 7.5e+00 4.41e-02  3e-02  6e-02 10:56.5
   91   1092 -3.030266130677307e-01 7.9e+00 3.63e-02  2e-02  5e-02 11:34.9
   96   1152 -3.045921374870320e-01 8.9e+00 3.71e-02  2e-02  5e-02 12:13.0
  100   1200 -3.050560604424037e-01 1.0e+01 4.16e-02  2e-02  6e-02 12:43.5
  105   1260 -3.059246723600018e-01 1.2e+01 4.83e-02  3e-02  7e-02 13:21.6
  110   1320 -3.066075447108661e-01 1.5e+01 5.55e-02  3e-02  9e-02 13:59.8
  115   1380 -3.077097986350792e-01 1.5e+01 5.25e-02  3e-02  8e-02 14:37.9
  121   1452 -3.085782776526345e-01 1.7e+01 4.81e-02  2e-02  7e-02 15:23.8
  127   1524 -3.090386581213261e-01 1.8e+01 5.65e-02  3e-02  9e-02 16:09.6
  133   1596 -3.097945338468744e-01 1.9e+01 4.91e-02  2e-02  8e-02 16:55.5
  139   1668 -3.102320210350864e-01 1.9e+01 4.52e-02  2e-02  8e-02 17:41.2
  145   1740 -3.102792486363750e-01 2.1e+01 4.41e-02  2e-02  8e-02 18:27.0
  151   1812 -3.108639929405262e-01 2.3e+01 4.29e-02  2e-02  7e-02 19:12.8
  157   1884 -3.114927238731792e-01 2.2e+01 4.92e-02  2e-02  8e-02 19:58.5
  164   1968 -3.119941471408471e-01 2.3e+01 4.99e-02  2e-02  8e-02 20:52.1
  171   2052 -3.126037474039699e-01 2.3e+01 4.60e-02  2e-02  8e-02 21:45.6
  178   2136 -3.132702060949299e-01 2.4e+01 5.07e-02  2e-02  9e-02 22:39.0
  185   2220 -3.134312111935761e-01 2.5e+01 4.61e-02  2e-02  8e-02 23:32.4
  192   2304 -3.135367314749168e-01 2.7e+01 3.89e-02  1e-02  7e-02 24:25.8
  199   2388 -3.138356048918355e-01 2.8e+01 2.92e-02  8e-03  5e-02 25:19.3
  200   2400 -3.138114959924471e-01 2.8e+01 2.77e-02  8e-03  5e-02 25:26.9
  207   2484 -3.141962111999388e-01 2.7e+01 3.09e-02  9e-03  6e-02 26:20.4
  215   2580 -3.142189800875684e-01 3.1e+01 2.95e-02  8e-03  5e-02 27:21.7
  223   2676 -3.144610240555185e-01 3.3e+01 3.02e-02  8e-03  5e-02 28:22.8
  231   2772 -3.147371402403529e-01 3.5e+01 3.26e-02  9e-03  6e-02 29:24.0
  239   2868 -3.150419716430964e-01 3.7e+01 5.12e-02  1e-02  1e-01 30:24.9
  247   2964 -3.149097537290071e-01 4.2e+01 5.94e-02  2e-02  1e-01 31:26.1
  255   3060 -3.152693120108509e-01 4.6e+01 4.95e-02  1e-02  1e-01 32:27.4
  263   3156 -3.153075453489352e-01 4.5e+01 3.87e-02  1e-02  8e-02 33:28.4
  272   3264 -3.153408497091416e-01 4.7e+01 4.59e-02  1e-02  1e-01 34:37.1
  281   3372 -3.156844528196163e-01 4.9e+01 5.22e-02  1e-02  1e-01 35:45.6
  290   3480 -3.158764859311951e-01 4.9e+01 4.55e-02  1e-02  1e-01 36:54.2
  299   3588 -3.158736916430635e-01 5.4e+01 4.65e-02  1e-02  1e-01 38:02.7
  300   3600 -3.158678337319114e-01 5.4e+01 4.44e-02  1e-02  1e-01 38:10.3
  309   3708 -3.160352728337306e-01 5.9e+01 4.15e-02  1e-02  1e-01 39:19.2
  318   3816 -3.160753727141729e-01 6.1e+01 3.96e-02  9e-03  9e-02 40:28.0
  327   3924 -3.161806827116272e-01 6.1e+01 3.29e-02  8e-03  7e-02 41:36.8
  337   4044 -3.163316350475975e-01 6.2e+01 3.84e-02  8e-03  8e-02 42:53.2
  347   4164 -3.163601177732341e-01 6.3e+01 3.23e-02  6e-03  7e-02 44:09.6
  357   4284 -3.164224205224421e-01 5.9e+01 3.25e-02  6e-03  7e-02 45:25.9
  367   4404 -3.164813723400751e-01 6.0e+01 2.31e-02  4e-03  5e-02 46:42.2
  377   4524 -3.165360669353234e-01 6.5e+01 2.73e-02  4e-03  5e-02 47:58.5
  387   4644 -3.165865249274884e-01 7.0e+01 2.75e-02  4e-03  5e-02 49:14.8
  397   4764 -3.166815556272197e-01 8.6e+01 3.84e-02  6e-03  8e-02 50:31.3
  400   4800 -3.166842171467097e-01 9.3e+01 4.27e-02  6e-03  9e-02 50:54.2
  411   4932 -3.168580176009559e-01 9.5e+01 4.48e-02  6e-03  8e-02 52:18.1
  422   5064 -3.169814167370107e-01 9.7e+01 4.11e-02  5e-03  7e-02 53:41.8
  433   5196 -3.170916681598719e-01 8.8e+01 2.38e-02  3e-03  4e-02 55:05.7
  444   5328 -3.172056851078308e-01 9.5e+01 4.02e-02  6e-03  7e-02 56:29.7
  455   5460 -3.172652140484033e-01 9.7e+01 3.41e-02  5e-03  6e-02 57:53.3
  466   5592 -3.172968435906122e-01 1.0e+02 2.48e-02  3e-03  5e-02 59:17.5
  477   5724 -3.173440746225594e-01 9.9e+01 2.24e-02  3e-03  4e-02 60:41.4
  489   5868 -3.173730411550812e-01 1.1e+02 1.89e-02  3e-03  4e-02 62:13.0
  500   6000 -3.173933388226303e-01 1.1e+02 1.63e-02  2e-03  3e-02 63:37.2
  512   6144 -3.174119983269788e-01 1.1e+02 1.27e-02  1e-03  3e-02 65:08.6
  524   6288 -3.174181726041221e-01 1.3e+02 1.73e-02  2e-03  4e-02 66:40.0
  536   6432 -3.174359311987456e-01 1.3e+02 1.75e-02  2e-03  4e-02 68:11.9
  548   6576 -3.174683829528581e-01 1.7e+02 2.94e-02  3e-03  8e-02 69:43.6
  560   6720 -3.174728628915947e-01 1.9e+02 3.17e-02  3e-03  9e-02 71:15.4
  572   6864 -3.175201081295098e-01 1.9e+02 3.01e-02  2e-03  8e-02 72:46.8
  585   7020 -3.175830345810545e-01 1.9e+02 4.23e-02  3e-03  1e-01 74:26.0
  598   7176 -3.176274424947397e-01 1.8e+02 3.43e-02  2e-03  8e-02 76:05.2
  600   7200 -3.176379566408860e-01 1.8e+02 3.19e-02  2e-03  7e-02 76:20.4
  613   7356 -3.176833479503527e-01 1.7e+02 3.49e-02  2e-03  7e-02 77:59.7
  626   7512 -3.176971135599647e-01 1.6e+02 2.75e-02  2e-03  5e-02 79:38.8
  639   7668 -3.177237749106190e-01 1.3e+02 2.09e-02  1e-03  3e-02 81:18.1
  652   7824 -3.177593721895867e-01 1.3e+02 2.45e-02  1e-03  4e-02 82:57.2
  665   7980 -3.178265228846305e-01 1.1e+02 3.91e-02  2e-03  6e-02 84:36.3
  679   8148 -3.179856516031558e-01 1.2e+02 5.35e-02  3e-03  8e-02 86:23.1
  693   8316 -3.182402463429377e-01 1.3e+02 7.34e-02  4e-03  1e-01 88:09.9
  700   8400 -3.182805553644790e-01 1.4e+02 7.12e-02  4e-03  1e-01 89:03.2
  714   8568 -3.184845428647124e-01 1.5e+02 5.34e-02  3e-03  8e-02 90:49.8
  728   8736 -3.186321833549235e-01 1.6e+02 4.96e-02  3e-03  8e-02 92:36.8
  742   8904 -3.186691135911776e-01 1.5e+02 3.62e-02  2e-03  6e-02 94:23.7
  756   9072 -3.187172126983067e-01 1.6e+02 3.68e-02  2e-03  6e-02 96:10.8
  771   9252 -3.187517274560376e-01 1.6e+02 4.23e-02  2e-03  6e-02 98:05.0
  786   9432 -3.187968789811888e-01 1.6e+02 4.59e-02  2e-03  6e-02 99:59.0
  800   9600 -3.188503145148976e-01 1.7e+02 7.63e-02  4e-03  1e-01 101:45.8
  815   9780 -3.189015360137615e-01 1.7e+02 5.47e-02  3e-03  7e-02 103:40.2
  830   9960 -3.189855335021359e-01 1.8e+02 7.73e-02  4e-03  1e-01 105:34.5
  845  10140 -3.190427720595397e-01 1.8e+02 5.92e-02  3e-03  8e-02 107:28.7
  860  10320 -3.190489724644229e-01 1.9e+02 3.37e-02  1e-03  4e-02 109:22.9
  875  10500 -3.190549522155323e-01 1.8e+02 2.67e-02  1e-03  3e-02 111:17.5
  891  10692 -3.190585476091731e-01 1.8e+02 2.24e-02  9e-04  3e-02 113:19.2
  900  10800 -3.190605126345601e-01 1.7e+02 1.87e-02  7e-04  2e-02 114:27.5
  916  10992 -3.190639326460442e-01 1.6e+02 1.70e-02  6e-04  2e-02 116:29.3
  932  11184 -3.190700890175645e-01 2.2e+02 2.78e-02  1e-03  4e-02 118:31.4
  948  11376 -3.190776685999764e-01 2.8e+02 3.44e-02  1e-03  6e-02 120:33.4
  964  11568 -3.190831724081652e-01 3.1e+02 2.22e-02  9e-04  4e-02 122:35.3
  980  11760 -3.190865624585549e-01 3.4e+02 1.85e-02  7e-04  3e-02 124:37.3
  996  11952 -3.190883780035591e-01 3.7e+02 1.64e-02  6e-04  3e-02 126:39.6
 1000  12000 -3.190892419391344e-01 3.9e+02 1.49e-02  5e-04  3e-02 127:10.3
Iterat #Fevals   function value  axis ratio  sigma  min&max std  t[m:s]
 1017  12204 -3.190906523102972e-01 4.6e+02 1.93e-02  6e-04  4e-02 129:19.8
 1034  12408 -3.190910148746814e-01 4.3e+02 9.68e-03  3e-04  2e-02 131:29.3
 1051  12612 -3.190912445172329e-01 3.7e+02 7.93e-03  2e-04  1e-02 133:39.0
 1068  12816 -3.190913073460249e-01 4.0e+02 3.64e-03  1e-04  6e-03 135:48.7
 1085  13020 -3.190913259184271e-01 4.0e+02 2.08e-03  5e-05  3e-03 137:58.2
 1100  13200 -3.190913278127913e-01 3.8e+02 1.57e-03  4e-05  2e-03 139:52.4
 1118  13416 -3.190913304465393e-01 3.9e+02 5.14e-04  1e-05  8e-04 142:09.6
 1136  13632 -3.190913305486889e-01 3.9e+02 2.00e-04  4e-06  3e-04 144:27.3
 1154  13848 -3.190913305854310e-01 4.0e+02 7.56e-05  1e-06  1e-04 146:44.6
 1172  14064 -3.190913305875568e-01 4.0e+02 3.13e-05  6e-07  4e-05 149:02.1
 1190  14280 -3.190913305880715e-01 3.8e+02 9.86e-06  2e-07  1e-05 151:19.7
 1194  14328 -3.190913305880922e-01 3.8e+02 6.96e-06  1e-07  8e-06 151:50.3
Budget constraint not satisfied 655.7470588684082 628.3100051879883 Difference:  -27.437053680419922
Budget constraint not satisfied 691.6369552612305 628.3100051879883 Difference:  -63.32695007324219
two_most_probable_states: ['10010010', '00011010']
final_expectation_value: -0.31909133058809225
params: [1.6171320770822601, 3.3299375758971324, 7.39410970179225, 3.963144999596787, 2.7766573183794523, 4.766124713775856, -4.4048847533406725, 4.470834953888428, -0.4455501347096662, 2.8373719730675857, 2.560326649005513, 2.74447023135332, -0.13706310301884325, 1.8828685146863464, 2.913624444354257, 1.1757955115272514]
total_steps: 1194
states_probs: [0.016376760147451253, 0.016430510772072224]
optimized_portfolios: [{'DOW': 9, 'NKE': 4}, {'DOW': 8, 'NKE': 5}]
objective_values: [-645.5394140063257, -508.9502688654911]
result_with_budget: [{'portfolio': {'DOW': 9, 'NKE': 4}, 'budget': 655.7470588684082, 'difference': -27.437053680419922}, {'portfolio': {'DOW': 8, 'NKE': 5}, 'budget': 691.6369552612305, 'difference': -63.32695007324219}]
Processing experiment 48
Budget: 2478.0
Number of qubits for asset BA: 4
Number of qubits for asset HD: 3
Total number of qubits:  7
Optimized Weights (considering variance, skewness and kurtosis):
BA: 0.00%
HD: 100.00%
Left over budget:  144.06005820765677
Optimized Discrete Allocation:
HD: 6
Maximized utility from continuous higher moments:  -92.77879430733611
Budget constraint satisfied 2475.949951171875 2478.0 Difference:  2.050048828125
Budget constraint satisfied 2478.0 2478.0 Difference:  0.0
smallest_eigenvalues: [-0.5319493927302258]
smallest_bitstrings: ['1100101']
first_excited_energy: -0.531881250187458
optimized_portfolio: [{'BA': 3, 'HD': 5}]
second_optimized_portfolio: [{'BA': 14, 'HD': 0}]
result_with_budget: [{'portfolio': {'BA': 3, 'HD': 5}, 'budget': 2475.949951171875, 'difference': 2.050048828125, 'objective_value': -199.9986263581476}]
result_with_budget_excited: [{'portfolio': {'BA': 14, 'HD': 0}, 'budget': 2478.0, 'difference': 0.0, 'objective_value': -2596.523948729867}]
Initial params:  [0.7005845  2.1976188  1.35525875 0.06298078 1.89452955 3.08733819
 2.0061364  1.69636407 0.53191964 1.0167782  1.85782279 0.05873554
 2.31693923 1.24512954]
(5_w,11)-aCMA-ES (mu_w=3.4,w_1=42%) in dimension 14 (seed=899111, Wed Mar 12 15:05:58 2025)
Iterat #Fevals   function value  axis ratio  sigma  min&max std  t[m:s]
    1     11 -3.002118375984976e-01 1.0e+00 9.38e-02  9e-02  9e-02 0:03.7
    2     22 -3.913044904050320e-01 1.1e+00 9.80e-02  9e-02  1e-01 0:07.2
    3     33 -4.495907510419476e-01 1.3e+00 1.06e-01  1e-01  1e-01 0:10.9
    4     44 -4.400842903652467e-01 1.4e+00 1.15e-01  1e-01  1e-01 0:14.6
    6     66 -4.678378656412581e-01 1.6e+00 1.30e-01  1e-01  1e-01 0:22.1
    8     88 -4.826253842492565e-01 1.7e+00 1.42e-01  1e-01  2e-01 0:29.5
   10    110 -4.954937851393606e-01 1.8e+00 1.50e-01  1e-01  2e-01 0:36.8
   12    132 -4.912182619421993e-01 1.8e+00 1.41e-01  1e-01  2e-01 0:44.0
   15    165 -4.930056223355265e-01 1.8e+00 1.28e-01  1e-01  1e-01 0:55.2
   18    198 -4.946910087340408e-01 1.9e+00 1.26e-01  1e-01  1e-01 1:06.3
   21    231 -4.900616052410074e-01 1.9e+00 1.15e-01  1e-01  1e-01 1:17.4
   24    264 -5.013548727405935e-01 2.0e+00 1.05e-01  9e-02  1e-01 1:28.4
   28    308 -4.986385298176992e-01 2.0e+00 9.44e-02  8e-02  1e-01 1:43.2
   32    352 -5.010813100581420e-01 2.0e+00 7.96e-02  6e-02  8e-02 1:58.0
   36    396 -5.006893504566791e-01 2.3e+00 8.73e-02  7e-02  1e-01 2:12.8
   41    451 -5.010002446799456e-01 2.6e+00 9.20e-02  7e-02  1e-01 2:31.1
   46    506 -5.015712910837981e-01 2.9e+00 7.21e-02  5e-02  9e-02 2:49.5
   51    561 -5.017250444689608e-01 3.1e+00 5.79e-02  4e-02  7e-02 3:07.9
   56    616 -5.014238678544163e-01 3.5e+00 5.24e-02  3e-02  7e-02 3:26.2
   62    682 -5.025390970787192e-01 4.0e+00 3.75e-02  2e-02  5e-02 3:48.4
   68    748 -5.032173099174849e-01 5.1e+00 4.62e-02  2e-02  7e-02 4:10.4
   74    814 -5.037390371929491e-01 6.1e+00 5.53e-02  3e-02  8e-02 4:32.5
   80    880 -5.036958710274623e-01 6.2e+00 4.63e-02  2e-02  6e-02 4:54.7
   87    957 -5.038506155878838e-01 6.7e+00 4.05e-02  2e-02  6e-02 5:20.5
   94   1034 -5.043999784311385e-01 7.4e+00 3.98e-02  2e-02  5e-02 5:46.2
  100   1100 -5.049022415989479e-01 8.5e+00 3.63e-02  2e-02  5e-02 6:08.2
  108   1188 -5.051216751563278e-01 9.5e+00 5.01e-02  2e-02  7e-02 6:37.6
  116   1276 -5.058534679763188e-01 1.2e+01 5.60e-02  2e-02  1e-01 7:07.1
  124   1364 -5.073583290285226e-01 1.4e+01 6.19e-02  2e-02  1e-01 7:36.6
  132   1452 -5.080271464286527e-01 1.6e+01 5.96e-02  2e-02  1e-01 8:06.1
  141   1551 -5.080417635444676e-01 1.6e+01 4.20e-02  2e-02  8e-02 8:39.1
  150   1650 -5.084318095898360e-01 1.7e+01 3.12e-02  1e-02  6e-02 9:12.2
  159   1749 -5.089964427384386e-01 1.7e+01 3.49e-02  1e-02  7e-02 9:45.4
  168   1848 -5.095939771283354e-01 2.3e+01 5.81e-02  2e-02  1e-01 10:18.5
  178   1958 -5.104170028591488e-01 2.3e+01 5.82e-02  2e-02  1e-01 10:55.1
  188   2068 -5.102831108719721e-01 2.4e+01 5.07e-02  1e-02  1e-01 11:31.8
  198   2178 -5.109953190595641e-01 2.4e+01 4.11e-02  1e-02  8e-02 12:08.6
  200   2200 -5.113378766908308e-01 2.5e+01 4.00e-02  1e-02  8e-02 12:16.1
  211   2321 -5.115790050639469e-01 2.4e+01 3.84e-02  1e-02  7e-02 12:56.5
  222   2442 -5.119787834167637e-01 2.4e+01 5.17e-02  1e-02  9e-02 13:36.9
  233   2563 -5.121973217834190e-01 2.6e+01 5.28e-02  1e-02  9e-02 14:17.3
  245   2695 -5.126811898917043e-01 3.0e+01 5.22e-02  1e-02  9e-02 15:01.4
  257   2827 -5.127249246158831e-01 3.8e+01 6.09e-02  1e-02  1e-01 15:45.5
  269   2959 -5.129126562196206e-01 4.4e+01 4.59e-02  7e-03  9e-02 16:29.7
  281   3091 -5.131272584189009e-01 4.6e+01 2.84e-02  4e-03  5e-02 17:13.7
  294   3234 -5.132807953542834e-01 4.9e+01 4.48e-02  6e-03  8e-02 18:01.7
  300   3300 -5.133248627011697e-01 5.0e+01 5.55e-02  7e-03  9e-02 18:23.7
  313   3443 -5.134755921588615e-01 5.3e+01 3.44e-02  4e-03  6e-02 19:11.5
  327   3597 -5.136760496554239e-01 5.5e+01 3.57e-02  4e-03  7e-02 20:03.0
  341   3751 -5.138589493793101e-01 7.5e+01 4.56e-02  4e-03  1e-01 20:54.3
  355   3905 -5.141670873736146e-01 1.1e+02 7.53e-02  6e-03  2e-01 21:46.0
  369   4059 -5.145038581894371e-01 1.2e+02 7.87e-02  5e-03  2e-01 22:37.3
  384   4224 -5.146397722428547e-01 1.2e+02 8.07e-02  5e-03  2e-01 23:32.5
  399   4389 -5.147730099734675e-01 1.3e+02 4.39e-02  3e-03  1e-01 24:27.8
  400   4400 -5.147829979148604e-01 1.3e+02 4.26e-02  2e-03  1e-01 24:31.4
  415   4565 -5.149612257448009e-01 1.2e+02 7.17e-02  4e-03  2e-01 25:26.6
  431   4741 -5.153792353013840e-01 1.4e+02 7.99e-02  4e-03  2e-01 26:25.5
  447   4917 -5.163680550944703e-01 1.8e+02 1.93e-01  8e-03  6e-01 27:24.2
  463   5093 -5.166573279654282e-01 1.9e+02 1.19e-01  5e-03  4e-01 28:22.9
  480   5280 -5.172141047654988e-01 1.7e+02 1.12e-01  4e-03  3e-01 29:25.4
  497   5467 -5.174250485632796e-01 1.8e+02 1.10e-01  3e-03  3e-01 30:28.0
  500   5500 -5.175722767768767e-01 1.7e+02 1.08e-01  3e-03  3e-01 30:38.9
  517   5687 -5.184003152320185e-01 1.6e+02 2.20e-01  7e-03  5e-01 31:41.2
  535   5885 -5.190035901614611e-01 1.7e+02 2.00e-01  6e-03  4e-01 32:47.2
  553   6083 -5.195189278486244e-01 1.5e+02 1.00e-01  2e-03  2e-01 33:53.6
  571   6281 -5.195836891758392e-01 1.6e+02 4.97e-02  1e-03  9e-02 34:59.7
  589   6479 -5.196295279298694e-01 1.5e+02 4.86e-02  1e-03  9e-02 36:05.9
  600   6600 -5.196363015752307e-01 1.5e+02 2.95e-02  6e-04  5e-02 36:46.4
  619   6809 -5.196443491078664e-01 1.7e+02 3.85e-02  7e-04  6e-02 37:56.0
  638   7018 -5.196574342904936e-01 1.9e+02 4.24e-02  7e-04  7e-02 39:06.1
  658   7238 -5.196815309933899e-01 2.0e+02 6.24e-02  1e-03  1e-01 40:19.5
  678   7458 -5.196941065486512e-01 2.0e+02 3.20e-02  5e-04  5e-02 41:32.8
  698   7678 -5.197077984601834e-01 2.1e+02 4.37e-02  6e-04  8e-02 42:46.3
  700   7700 -5.197062615644218e-01 2.2e+02 4.18e-02  6e-04  7e-02 42:53.6
  721   7931 -5.197214890764004e-01 2.1e+02 4.25e-02  6e-04  7e-02 44:10.8
  742   8162 -5.197446653973381e-01 2.7e+02 6.68e-02  9e-04  1e-01 45:28.2
  763   8393 -5.198208162025760e-01 3.2e+02 1.22e-01  1e-03  2e-01 46:45.3
  784   8624 -5.199498071594422e-01 3.4e+02 2.92e-01  3e-03  6e-01 48:02.5
  800   8800 -5.210445698793053e-01 3.3e+02 3.05e-01  3e-03  5e-01 49:01.4
  822   9042 -5.214030385802102e-01 2.9e+02 1.38e-01  1e-03  2e-01 50:22.2
  844   9284 -5.215252139728400e-01 3.0e+02 1.43e-01  1e-03  2e-01 51:43.1
  867   9537 -5.215840807747819e-01 3.1e+02 5.94e-02  6e-04  9e-02 53:07.4
  890   9790 -5.215902359544362e-01 3.0e+02 3.42e-02  3e-04  5e-02 54:32.0
  900   9900 -5.215905827669751e-01 3.0e+02 2.32e-02  2e-04  3e-02 55:08.7
  923  10153 -5.215911569846805e-01 3.2e+02 1.11e-02  9e-05  1e-02 56:32.9
  947  10417 -5.215912578056451e-01 3.3e+02 2.95e-03  2e-05  4e-03 58:01.2
  971  10681 -5.215912620242266e-01 3.3e+02 9.46e-04  6e-06  1e-03 59:29.3
  995  10945 -5.215912626883401e-01 3.0e+02 2.64e-04  2e-06  3e-04 60:57.2
 1000  11000 -5.215912627106351e-01 2.8e+02 2.14e-04  1e-06  2e-04 61:15.5
Iterat #Fevals   function value  axis ratio  sigma  min&max std  t[m:s]
 1025  11275 -5.215912627223526e-01 3.0e+02 5.19e-05  3e-07  4e-05 62:47.7
 1050  11550 -5.215912627229725e-01 3.0e+02 1.27e-05  6e-08  1e-05 64:20.0
 1052  11572 -5.215912627229760e-01 3.1e+02 1.14e-05  5e-08  9e-06 64:27.3
Budget constraint satisfied 2335.989990234375 2478.0 Difference:  142.010009765625
Budget constraint satisfied 2405.969970703125 2478.0 Difference:  72.030029296875
two_most_probable_states: ['1101100', '1110110']
final_expectation_value: -0.521591262722976
params: [2.8053640033964005, 6.498093738644132, 10.103959785548591, -0.5516519719804436, 13.38965895008486, 12.636882376687252, 9.780813553440039, 2.7448929542524136, -0.1887298978563267, 0.6847527756173758, 2.313963330922, -0.07755425120544046, 1.516350489536741, 1.5402813001936353]
total_steps: 1052
states_probs: [0.030896845304150135, 0.04409229780603429]
optimized_portfolios: [{'BA': 11, 'HD': 1}, {'BA': 7, 'HD': 3}]
objective_values: [-1206.5097326247414, -460.45216215106666]
result_with_budget: [{'portfolio': {'BA': 11, 'HD': 1}, 'budget': 2335.989990234375, 'difference': 142.010009765625}, {'portfolio': {'BA': 7, 'HD': 3}, 'budget': 2405.969970703125, 'difference': 72.030029296875}]
Processing experiment 49
Budget: 2008.2830200195312
Number of qubits for asset HD: 3
Number of qubits for asset MSFT: 3
Total number of qubits:  6
Optimized Weights (considering variance, skewness and kurtosis):
HD: 0.00%
MSFT: 100.00%
Left over budget:  325.6569204008963
Optimized Discrete Allocation:
MSFT: 4
Maximized utility from continuous higher moments:  -3.173084508991532
Budget constraint satisfied 2008.2830200195312 2008.2830200195312 Difference:  0.0
Budget constraint not satisfied 2039.9495544433594 2008.2830200195312 Difference:  -31.666534423828125
smallest_eigenvalues: [-0.31974115594098473]
smallest_bitstrings: ['110010']
first_excited_energy: -0.319661810709094
optimized_portfolio: [{'HD': 3, 'MSFT': 2}]
second_optimized_portfolio: [{'HD': 2, 'MSFT': 3}]
result_with_budget: [{'portfolio': {'HD': 3, 'MSFT': 2}, 'budget': 2008.2830200195312, 'difference': 0.0, 'objective_value': -19.141111437572526}]
result_with_budget_excited: [{'portfolio': {'HD': 2, 'MSFT': 3}, 'budget': 2039.9495544433594, 'difference': -31.666534423828125, 'objective_value': -13.346929454589446}]
Initial params:  [2.43096887 2.91966105 1.23851142 2.22416858 1.34113624 1.83297518
 0.44801648 0.5600394  1.97758407 0.72971356 1.39478978 0.56714971]
(5_w,11)-aCMA-ES (mu_w=3.4,w_1=42%) in dimension 12 (seed=835634, Wed Mar 12 16:11:48 2025)
Iterat #Fevals   function value  axis ratio  sigma  min&max std  t[m:s]
    1     11 -5.954161671360369e-03 1.0e+00 9.54e-02  9e-02  1e-01 0:01.8
    2     22 -5.123370607811751e-02 1.1e+00 9.77e-02  9e-02  1e-01 0:03.7
    3     33 -7.238358313270181e-02 1.2e+00 9.93e-02  1e-01  1e-01 0:05.5
    5     55 -1.254972654123182e-01 1.3e+00 1.04e-01  1e-01  1e-01 0:09.0
    8     88 -1.708737771333468e-01 1.4e+00 1.16e-01  1e-01  1e-01 0:14.4
   11    121 -1.981240304590065e-01 1.7e+00 1.39e-01  1e-01  2e-01 0:19.8
   15    165 -2.133458444647504e-01 1.9e+00 1.66e-01  1e-01  2e-01 0:26.9
   19    209 -2.656527900153134e-01 2.2e+00 2.14e-01  2e-01  3e-01 0:34.3
   24    264 -2.584527940913309e-01 2.4e+00 1.95e-01  2e-01  3e-01 0:43.2
   30    330 -2.612314483724843e-01 2.4e+00 2.03e-01  2e-01  2e-01 0:54.0
   36    396 -2.483132505948563e-01 3.0e+00 2.26e-01  2e-01  3e-01 1:04.9
   43    473 -2.592176284718266e-01 3.3e+00 2.72e-01  2e-01  4e-01 1:17.4
   50    550 -2.645475791337977e-01 4.0e+00 2.15e-01  1e-01  3e-01 1:29.9
   58    638 -2.797157641340660e-01 4.1e+00 1.49e-01  9e-02  2e-01 1:44.4
   66    726 -2.804715523524320e-01 5.2e+00 1.11e-01  6e-02  2e-01 1:58.7
   75    825 -2.838046037394588e-01 6.2e+00 7.74e-02  4e-02  1e-01 2:14.9
   84    924 -2.849723057282236e-01 7.5e+00 6.08e-02  3e-02  9e-02 2:31.0
   94   1034 -2.860192570103499e-01 1.2e+01 8.50e-02  3e-02  2e-01 2:49.1
  100   1100 -2.858647376441846e-01 1.4e+01 6.26e-02  2e-02  1e-01 2:59.8
  111   1221 -2.864855032075157e-01 1.7e+01 5.64e-02  2e-02  1e-01 3:19.7
  123   1353 -2.870620024453622e-01 2.0e+01 4.45e-02  1e-02  8e-02 3:41.4
  135   1485 -2.872646991973704e-01 2.1e+01 4.45e-02  1e-02  9e-02 4:02.9
  148   1628 -2.875579012745579e-01 2.8e+01 4.10e-02  9e-03  9e-02 4:26.4
  161   1771 -2.890744522644213e-01 3.5e+01 6.60e-02  1e-02  2e-01 4:49.7
  175   1925 -2.907978383862525e-01 4.7e+01 7.38e-02  2e-02  2e-01 5:14.8
  189   2079 -2.922868287364382e-01 5.0e+01 7.26e-02  2e-02  2e-01 5:40.0
  200   2200 -2.934164441331788e-01 4.8e+01 5.37e-02  1e-02  1e-01 5:59.8
  215   2365 -2.946239088630173e-01 5.5e+01 5.27e-02  9e-03  1e-01 6:26.9
  231   2541 -2.958269686805278e-01 6.1e+01 6.74e-02  1e-02  2e-01 6:55.7
  248   2728 -2.961617341252737e-01 7.1e+01 5.72e-02  8e-03  2e-01 7:26.3
  265   2915 -2.964299809177784e-01 7.3e+01 2.44e-02  3e-03  7e-02 7:56.9
  283   3113 -2.964782725513091e-01 8.0e+01 1.57e-02  1e-03  4e-02 8:29.3
  300   3300 -2.964999253478509e-01 9.1e+01 1.38e-02  1e-03  3e-02 8:59.9
  319   3509 -2.965316999268628e-01 9.7e+01 2.25e-02  1e-03  5e-02 9:34.3
  338   3718 -2.966308568283698e-01 1.2e+02 4.13e-02  2e-03  1e-01 10:08.5
  358   3938 -2.967353368861133e-01 1.7e+02 4.66e-02  3e-03  2e-01 10:44.5
  378   4158 -2.971616983977001e-01 1.7e+02 8.74e-02  5e-03  3e-01 11:20.6
  399   4389 -2.979132062899190e-01 1.4e+02 1.11e-01  5e-03  3e-01 11:58.4
  400   4400 -2.980337202635267e-01 1.4e+02 1.06e-01  5e-03  3e-01 12:00.3
  422   4642 -2.980911507547725e-01 1.3e+02 4.95e-02  2e-03  1e-01 12:40.0
  445   4895 -2.981428107888350e-01 1.4e+02 2.78e-02  9e-04  7e-02 13:21.2
  468   5148 -2.981528762847988e-01 1.7e+02 1.36e-02  4e-04  3e-02 14:02.7
  492   5412 -2.981560522430080e-01 2.2e+02 6.81e-03  2e-04  2e-02 14:46.1
  500   5500 -2.981562067902024e-01 2.5e+02 7.20e-03  2e-04  2e-02 15:00.4
  525   5775 -2.981564668999256e-01 2.6e+02 2.58e-03  6e-05  8e-03 15:45.4
  550   6050 -2.981564721755653e-01 2.5e+02 5.12e-04  9e-06  1e-03 16:30.5
  576   6336 -2.981564727203905e-01 3.0e+02 1.19e-04  2e-06  3e-04 17:17.4
  600   6600 -2.981564727361503e-01 3.2e+02 2.45e-05  3e-07  5e-05 18:00.7
  622   6842 -2.981564727364274e-01 3.1e+02 4.84e-06  6e-08  8e-06 18:40.4
Budget constraint not satisfied 2071.6160888671875 2008.2830200195312 Difference:  -63.33306884765625
Budget constraint satisfied 1682.6260986328125 2008.2830200195312 Difference:  325.65692138671875
two_most_probable_states: ['100001', '000001']
final_expectation_value: -0.2981564727364439
params: [2.00688824466668, 3.15552121807556, 2.377743983480406, 7.060758307121312, 9.820335722523039, 2.3290287431189878, 0.8755774346347682, 1.1757238089935338, 1.3167573438583484, -0.136118484399723, 1.5026918510020781, 1.5562999563705253]
total_steps: 622
states_probs: [0.056742408273683015, 0.06287729871334258]
optimized_portfolios: [{'HD': 1, 'MSFT': 4}, {'HD': 0, 'MSFT': 4}]
objective_values: [-11.34882141920279, -3.173084508991532]
result_with_budget: [{'portfolio': {'HD': 1, 'MSFT': 4}, 'budget': 2071.6160888671875, 'difference': -63.33306884765625}, {'portfolio': {'HD': 0, 'MSFT': 4}, 'budget': 1682.6260986328125, 'difference': 325.65692138671875}]
Processing experiment 50
Budget: 4732.636871337891
Number of qubits for asset BA: 5
Number of qubits for asset V: 4
Total number of qubits:  9
Optimized Weights (considering variance, skewness and kurtosis):
BA: 0.00%
V: 100.00%
Left over budget:  1.1599695426411927e-08
Optimized Discrete Allocation:
V: 15
Maximized utility from continuous higher moments:  -2059.0648482450933
Budget constraint satisfied 4732.636871337891 4732.636871337891 Difference:  0.0
Budget constraint satisfied 4709.600372314453 4732.636871337891 Difference:  23.0364990234375
smallest_eigenvalues: [-0.5246047790955944]
smallest_bitstrings: ['000001111']
first_excited_energy: -0.5245812833171668
optimized_portfolio: [{'BA': 0, 'V': 15}]
second_optimized_portfolio: [{'BA': 7, 'V': 11}]
result_with_budget: [{'portfolio': {'BA': 0, 'V': 15}, 'budget': 4732.636871337891, 'difference': 0.0, 'objective_value': -2059.0648482450933}]
result_with_budget_excited: [{'portfolio': {'BA': 7, 'V': 11}, 'budget': 4709.600372314453, 'difference': 23.0364990234375, 'objective_value': -3372.6803958100436}]
Initial params:  [0.58429601 2.60456739 2.76050788 2.58892755 2.63841177 0.98654731
 0.57397731 1.79333347 1.08084035 1.39990102 2.60031642 1.03895087
 0.37949941 3.08744632 0.58722043 1.9650508  0.70525351 1.19372579]
(6_w,12)-aCMA-ES (mu_w=3.7,w_1=40%) in dimension 18 (seed=893400, Wed Mar 12 16:31:04 2025)
Iterat #Fevals   function value  axis ratio  sigma  min&max std  t[m:s]
    1     12 -4.463469491864127e-01 1.0e+00 9.44e-02  9e-02  1e-01 0:13.8
    2     24 -4.512485785457749e-01 1.1e+00 9.19e-02  9e-02  9e-02 0:27.3
    3     36 -4.520386149711978e-01 1.1e+00 9.25e-02  9e-02  9e-02 0:40.9
    4     48 -4.636406637523948e-01 1.2e+00 9.65e-02  9e-02  1e-01 0:54.4
    5     60 -4.628504079256771e-01 1.2e+00 9.86e-02  9e-02  1e-01 1:08.1
    6     72 -4.690991409326284e-01 1.3e+00 9.35e-02  9e-02  1e-01 1:21.7
    7     84 -4.741321964261190e-01 1.4e+00 9.41e-02  9e-02  1e-01 1:35.4
    8     96 -4.662156422994945e-01 1.4e+00 9.55e-02  9e-02  1e-01 1:48.9
    9    108 -4.657670750046417e-01 1.4e+00 1.04e-01  1e-01  1e-01 2:02.6
   10    120 -4.579544494853639e-01 1.5e+00 1.12e-01  1e-01  1e-01 2:16.3
   11    132 -4.763209717927190e-01 1.6e+00 1.18e-01  1e-01  1e-01 2:30.0
   12    144 -4.805500201004146e-01 1.7e+00 1.27e-01  1e-01  1e-01 2:43.8
   13    156 -4.822580111963650e-01 1.8e+00 1.35e-01  1e-01  2e-01 2:57.3
   14    168 -4.748288790643588e-01 1.8e+00 1.38e-01  1e-01  2e-01 3:10.8
   16    192 -4.894927345031208e-01 1.9e+00 1.44e-01  1e-01  2e-01 3:38.0
   18    216 -4.743264246312633e-01 2.0e+00 1.53e-01  1e-01  2e-01 4:05.3
   20    240 -4.665386189904952e-01 2.1e+00 1.43e-01  1e-01  2e-01 4:32.5
   22    264 -4.919595562200090e-01 2.2e+00 1.35e-01  1e-01  2e-01 4:59.9
   24    288 -4.940480788189128e-01 2.4e+00 1.32e-01  1e-01  2e-01 5:27.2
   26    312 -4.917910715168606e-01 2.4e+00 1.25e-01  1e-01  2e-01 5:54.5
   28    336 -4.875072645379110e-01 2.6e+00 1.27e-01  1e-01  2e-01 6:21.8
   30    360 -4.872325664641590e-01 2.7e+00 1.33e-01  1e-01  2e-01 6:49.1
   32    384 -4.986526411627784e-01 2.8e+00 1.37e-01  1e-01  2e-01 7:16.4
   34    408 -4.897336897049140e-01 2.9e+00 1.25e-01  1e-01  2e-01 7:43.8
   36    432 -4.855664989869350e-01 3.0e+00 1.20e-01  1e-01  2e-01 8:11.2
   38    456 -4.872780823581617e-01 3.1e+00 1.15e-01  1e-01  1e-01 8:38.5
   40    480 -4.868947283827422e-01 3.1e+00 1.18e-01  1e-01  2e-01 9:05.7
   42    504 -4.908882295213703e-01 3.1e+00 1.18e-01  1e-01  2e-01 9:33.2
   45    540 -4.965041714064160e-01 3.2e+00 1.22e-01  1e-01  2e-01 10:14.1
   48    576 -4.888281658810612e-01 3.2e+00 1.19e-01  1e-01  1e-01 10:54.9
   51    612 -4.928219539911283e-01 3.4e+00 1.04e-01  8e-02  1e-01 11:35.8
   54    648 -4.936693922941489e-01 3.5e+00 9.54e-02  8e-02  1e-01 12:16.7
   57    684 -4.980798513043881e-01 3.6e+00 8.04e-02  6e-02  1e-01 12:57.6
   60    720 -4.996799605039306e-01 3.9e+00 7.51e-02  6e-02  1e-01 13:38.5
   63    756 -5.001338831394508e-01 4.0e+00 7.03e-02  6e-02  9e-02 14:19.4
   66    792 -5.012792889947091e-01 4.2e+00 6.11e-02  5e-02  8e-02 15:00.2
   69    828 -5.014754673706414e-01 4.5e+00 5.90e-02  5e-02  8e-02 15:41.7
   72    864 -5.000622291912595e-01 5.0e+00 5.54e-02  4e-02  7e-02 16:22.7
   75    900 -4.984254291907321e-01 5.2e+00 4.97e-02  4e-02  6e-02 17:03.4
   78    936 -5.004260920159603e-01 5.4e+00 5.27e-02  4e-02  7e-02 17:44.5
   81    972 -5.015475408509377e-01 5.8e+00 4.58e-02  3e-02  6e-02 18:25.6
   85   1020 -5.015971648393114e-01 6.1e+00 3.64e-02  3e-02  5e-02 19:20.3
   89   1068 -5.019462261763131e-01 6.4e+00 2.84e-02  2e-02  4e-02 20:15.1
   93   1116 -5.022334133702662e-01 6.8e+00 2.74e-02  2e-02  4e-02 21:09.7
   97   1164 -5.023459481531058e-01 7.5e+00 2.42e-02  2e-02  3e-02 22:04.2
  100   1200 -5.024493708960490e-01 7.9e+00 2.03e-02  1e-02  3e-02 22:45.1
  104   1248 -5.026611210932969e-01 8.4e+00 2.22e-02  2e-02  3e-02 23:39.5
  108   1296 -5.026958291098801e-01 8.9e+00 2.13e-02  1e-02  3e-02 24:33.9
  112   1344 -5.027461527391117e-01 9.5e+00 2.00e-02  1e-02  3e-02 25:28.5
  116   1392 -5.027448112952664e-01 1.0e+01 1.97e-02  1e-02  3e-02 26:23.0
  120   1440 -5.027913884537480e-01 1.1e+01 1.67e-02  1e-02  3e-02 27:17.3
  124   1488 -5.027862667190764e-01 1.2e+01 1.53e-02  1e-02  2e-02 28:11.8
  128   1536 -5.027619418145551e-01 1.2e+01 1.48e-02  1e-02  2e-02 29:06.5
  132   1584 -5.028011174136783e-01 1.3e+01 1.29e-02  8e-03  2e-02 30:01.2
  136   1632 -5.028404208177666e-01 1.4e+01 1.28e-02  8e-03  2e-02 30:55.6
  141   1692 -5.028946398323560e-01 1.5e+01 1.35e-02  8e-03  2e-02 32:03.7
  146   1752 -5.029538477353102e-01 1.6e+01 1.46e-02  9e-03  2e-02 33:11.9
  151   1812 -5.029794705025945e-01 1.6e+01 1.76e-02  1e-02  3e-02 34:20.1
  156   1872 -5.030467453837314e-01 1.8e+01 1.99e-02  1e-02  3e-02 35:28.2
  161   1932 -5.031180236365925e-01 1.9e+01 2.58e-02  2e-02  5e-02 36:36.2
  166   1992 -5.034004523688614e-01 2.2e+01 3.42e-02  2e-02  7e-02 37:44.6
  171   2052 -5.034770253705553e-01 2.5e+01 3.73e-02  2e-02  8e-02 38:52.9
  176   2112 -5.037332013544882e-01 2.8e+01 3.57e-02  2e-02  8e-02 40:01.1
  181   2172 -5.038929171243094e-01 3.3e+01 3.78e-02  2e-02  1e-01 41:09.0
  186   2232 -5.039266007173571e-01 3.5e+01 3.13e-02  2e-02  8e-02 42:17.0
  191   2292 -5.040324343440148e-01 3.7e+01 2.96e-02  1e-02  8e-02 43:25.3
  196   2352 -5.041107554252728e-01 3.8e+01 3.07e-02  1e-02  8e-02 44:33.2
  200   2400 -5.044114121633467e-01 4.0e+01 3.04e-02  1e-02  8e-02 45:27.7
  206   2472 -5.044662967835405e-01 4.2e+01 3.30e-02  2e-02  9e-02 46:49.2
  212   2544 -5.046396667128854e-01 4.6e+01 3.17e-02  1e-02  9e-02 48:11.3
  218   2616 -5.049063030360644e-01 4.9e+01 2.88e-02  1e-02  9e-02 49:33.1
  224   2688 -5.052533343099358e-01 5.8e+01 3.83e-02  2e-02  1e-01 50:55.0
  230   2760 -5.055527028001950e-01 6.0e+01 4.30e-02  2e-02  1e-01 52:16.8
  236   2832 -5.056653460068017e-01 7.1e+01 5.59e-02  2e-02  2e-01 53:38.4
  242   2904 -5.058836575708789e-01 7.5e+01 4.60e-02  2e-02  2e-01 55:00.1
  248   2976 -5.063758398439152e-01 8.0e+01 4.36e-02  1e-02  2e-01 56:21.7
  254   3048 -5.062822669628282e-01 8.6e+01 4.97e-02  1e-02  2e-01 57:43.5
  260   3120 -5.065153916125346e-01 8.7e+01 4.53e-02  1e-02  2e-01 59:05.2
  266   3192 -5.065979044115057e-01 8.7e+01 3.72e-02  1e-02  1e-01 60:27.1
  272   3264 -5.066779487567448e-01 9.1e+01 3.66e-02  9e-03  1e-01 61:48.9
  278   3336 -5.067562614408651e-01 9.2e+01 3.33e-02  8e-03  1e-01 63:10.6
  284   3408 -5.068787124820525e-01 9.3e+01 2.91e-02  7e-03  1e-01 64:32.5
  291   3492 -5.069798419339582e-01 9.7e+01 2.89e-02  7e-03  1e-01 66:08.0
  298   3576 -5.070252099644905e-01 1.0e+02 2.63e-02  6e-03  1e-01 67:43.5
  300   3600 -5.070157208147534e-01 1.0e+02 2.50e-02  6e-03  9e-02 68:10.7
  307   3684 -5.070651919080132e-01 1.1e+02 2.39e-02  5e-03  9e-02 69:46.1
  314   3768 -5.071322469032128e-01 1.1e+02 2.20e-02  5e-03  8e-02 71:21.5
  321   3852 -5.072081613921076e-01 1.1e+02 3.08e-02  7e-03  1e-01 72:56.5
  328   3936 -5.072797318196508e-01 1.2e+02 3.61e-02  7e-03  1e-01 74:29.7
  335   4020 -5.073241942356524e-01 1.2e+02 3.43e-02  7e-03  1e-01 76:02.5
  342   4104 -5.072971157149292e-01 1.3e+02 4.20e-02  8e-03  2e-01 77:35.7
  349   4188 -5.073766938898658e-01 1.3e+02 3.14e-02  6e-03  1e-01 79:08.6
  356   4272 -5.074415257558985e-01 1.3e+02 2.15e-02  4e-03  8e-02 80:41.6
  364   4368 -5.074884550982460e-01 1.3e+02 1.85e-02  3e-03  7e-02 82:27.5
  372   4464 -5.075178654532061e-01 1.5e+02 2.01e-02  3e-03  9e-02 84:13.8
  380   4560 -5.075625676201986e-01 1.6e+02 2.26e-02  4e-03  1e-01 86:00.9
  388   4656 -5.075847075814710e-01 1.7e+02 2.45e-02  4e-03  1e-01 87:47.3
  396   4752 -5.076362054571983e-01 1.8e+02 2.08e-02  3e-03  9e-02 89:33.4
  400   4800 -5.076625993444436e-01 1.9e+02 2.13e-02  3e-03  9e-02 90:26.7
  408   4896 -5.077357172774827e-01 2.1e+02 2.74e-02  4e-03  1e-01 92:12.8
  416   4992 -5.077715022982097e-01 2.3e+02 2.51e-02  4e-03  1e-01 93:59.1
  424   5088 -5.078335469693284e-01 2.4e+02 2.39e-02  3e-03  1e-01 95:45.2
  432   5184 -5.079053816989448e-01 2.5e+02 2.57e-02  4e-03  1e-01 97:31.4
  440   5280 -5.079611151648346e-01 2.6e+02 3.40e-02  5e-03  2e-01 99:17.3
  448   5376 -5.081186822065094e-01 2.5e+02 3.52e-02  5e-03  2e-01 101:03.5
  456   5472 -5.082298140411498e-01 2.7e+02 3.90e-02  5e-03  2e-01 102:49.7
  464   5568 -5.083905197188875e-01 2.7e+02 4.42e-02  6e-03  2e-01 104:35.7
  473   5676 -5.085137274010618e-01 2.7e+02 4.71e-02  6e-03  2e-01 106:35.2
  482   5784 -5.086421099082387e-01 2.7e+02 4.73e-02  6e-03  2e-01 108:34.4
  491   5892 -5.088005405286810e-01 2.6e+02 4.35e-02  6e-03  2e-01 110:34.0
  500   6000 -5.088348515664621e-01 2.6e+02 3.09e-02  4e-03  1e-01 112:33.4
  509   6108 -5.088794062787074e-01 2.5e+02 2.87e-02  4e-03  1e-01 114:33.0
  518   6216 -5.089839706150096e-01 2.4e+02 3.08e-02  4e-03  1e-01 116:32.4
  527   6324 -5.090707282944565e-01 2.5e+02 4.44e-02  6e-03  2e-01 118:31.7
  536   6432 -5.091151994403745e-01 2.4e+02 4.18e-02  6e-03  2e-01 120:31.4
  545   6540 -5.091924290924065e-01 2.3e+02 4.13e-02  6e-03  1e-01 122:30.8
  554   6648 -5.092539506402851e-01 2.2e+02 3.15e-02  4e-03  1e-01 124:30.0
  563   6756 -5.092924925881694e-01 2.2e+02 2.83e-02  4e-03  9e-02 126:29.6
  572   6864 -5.092993015255832e-01 2.0e+02 5.18e-02  7e-03  2e-01 128:29.5
  581   6972 -5.093126474755678e-01 1.9e+02 3.62e-02  4e-03  1e-01 130:28.8
  591   7092 -5.093643006689993e-01 1.8e+02 2.41e-02  3e-03  7e-02 132:41.5
  600   7200 -5.093767698356401e-01 1.6e+02 1.95e-02  2e-03  5e-02 134:41.0
  610   7320 -5.093833704504275e-01 1.5e+02 1.81e-02  2e-03  4e-02 136:54.0
  620   7440 -5.094002369786848e-01 1.4e+02 1.70e-02  2e-03  4e-02 139:06.5
  630   7560 -5.094131621172248e-01 1.4e+02 1.70e-02  2e-03  4e-02 141:19.3
  640   7680 -5.094298230318525e-01 1.4e+02 1.89e-02  2e-03  4e-02 143:32.1
  650   7800 -5.094441410669636e-01 1.4e+02 2.17e-02  2e-03  5e-02 145:45.0
  660   7920 -5.094637993675705e-01 1.6e+02 2.10e-02  2e-03  4e-02 147:57.7
  670   8040 -5.094859682916552e-01 1.7e+02 2.53e-02  2e-03  5e-02 150:10.7
  680   8160 -5.094981028037806e-01 2.0e+02 2.45e-02  2e-03  6e-02 152:24.5
  690   8280 -5.095147887258031e-01 2.3e+02 2.25e-02  2e-03  6e-02 154:37.8
  700   8400 -5.095215029416673e-01 2.4e+02 3.14e-02  3e-03  9e-02 156:50.9
  710   8520 -5.095328952159928e-01 2.5e+02 2.22e-02  2e-03  6e-02 159:04.3
  720   8640 -5.095414425835015e-01 2.5e+02 1.60e-02  1e-03  4e-02 161:17.4
  731   8772 -5.095475436617311e-01 2.6e+02 1.63e-02  1e-03  4e-02 163:43.9
  742   8904 -5.095511250592080e-01 2.6e+02 1.93e-02  1e-03  5e-02 166:10.2
  753   9036 -5.095535092126103e-01 2.7e+02 1.29e-02  8e-04  4e-02 168:36.6
  764   9168 -5.095566671731325e-01 2.8e+02 1.15e-02  7e-04  3e-02 171:03.0
  775   9300 -5.095587645218999e-01 2.9e+02 9.17e-03  5e-04  3e-02 173:29.8
  786   9432 -5.095603479562009e-01 2.8e+02 1.15e-02  6e-04  3e-02 175:56.4
  797   9564 -5.095606474722595e-01 3.0e+02 1.18e-02  6e-04  3e-02 178:22.9
  800   9600 -5.095611258137337e-01 3.1e+02 1.18e-02  6e-04  3e-02 179:03.0
  811   9732 -5.095617619515076e-01 3.0e+02 1.10e-02  5e-04  3e-02 181:29.5
  822   9864 -5.095628620048523e-01 3.1e+02 9.62e-03  4e-04  2e-02 183:56.1
  833   9996 -5.095634734021249e-01 3.2e+02 8.73e-03  4e-04  2e-02 186:23.0
  844  10128 -5.095638091398205e-01 3.2e+02 9.16e-03  4e-04  2e-02 188:49.4
  856  10272 -5.095640679181165e-01 3.6e+02 7.08e-03  3e-04  2e-02 191:28.6
  868  10416 -5.095644343442092e-01 3.7e+02 6.43e-03  2e-04  1e-02 194:08.4
  880  10560 -5.095645867587383e-01 3.6e+02 5.39e-03  2e-04  1e-02 196:48.1
  892  10704 -5.095648409862087e-01 3.6e+02 5.62e-03  2e-04  1e-02 199:28.0
  900  10800 -5.095652164778590e-01 3.5e+02 6.66e-03  2e-04  1e-02 201:14.7
  912  10944 -5.095654540465117e-01 3.4e+02 9.51e-03  3e-04  2e-02 203:55.2
  924  11088 -5.095665681585525e-01 3.6e+02 1.26e-02  4e-04  3e-02 206:34.9
  936  11232 -5.095685963389217e-01 4.7e+02 1.89e-02  6e-04  5e-02 209:14.6
  948  11376 -5.095701138561243e-01 6.6e+02 2.13e-02  6e-04  7e-02 211:54.5
  960  11520 -5.095719667781828e-01 6.7e+02 1.86e-02  5e-04  6e-02 214:30.2
  973  11676 -5.095724835560346e-01 7.2e+02 1.49e-02  4e-04  5e-02 217:18.5
  986  11832 -5.095740518479371e-01 7.3e+02 1.25e-02  3e-04  4e-02 220:06.1
  999  11988 -5.095745681938666e-01 7.3e+02 1.11e-02  3e-04  4e-02 222:53.9
 1000  12000 -5.095748521344469e-01 7.3e+02 1.07e-02  3e-04  4e-02 223:06.8
Iterat #Fevals   function value  axis ratio  sigma  min&max std  t[m:s]
 1013  12156 -5.095756003941099e-01 7.8e+02 1.63e-02  4e-04  6e-02 225:54.6
 1026  12312 -5.095760880464850e-01 8.7e+02 1.41e-02  3e-04  5e-02 228:42.4
 1039  12468 -5.095768582660264e-01 8.0e+02 1.47e-02  4e-04  5e-02 231:29.7
 1052  12624 -5.095770765097435e-01 7.8e+02 1.07e-02  3e-04  4e-02 234:17.3
 1065  12780 -5.095772253532085e-01 7.8e+02 8.65e-03  2e-04  3e-02 237:04.5
 1078  12936 -5.095773293152260e-01 7.9e+02 5.47e-03  1e-04  2e-02 239:52.2
 1091  13092 -5.095773480407594e-01 7.9e+02 3.07e-03  7e-05  9e-03 242:40.1
 1100  13200 -5.095773655434366e-01 7.7e+02 3.31e-03  7e-05  9e-03 244:35.9
 1114  13368 -5.095773821073356e-01 7.9e+02 3.84e-03  8e-05  1e-02 247:36.4
 1128  13536 -5.095773928206793e-01 7.8e+02 2.94e-03  6e-05  8e-03 250:36.9
 1142  13704 -5.095773998850089e-01 8.3e+02 1.27e-03  2e-05  3e-03 253:37.3
 1156  13872 -5.095774007307892e-01 8.2e+02 8.03e-04  1e-05  2e-03 256:37.4
 1170  14040 -5.095774010188280e-01 8.4e+02 4.12e-04  7e-06  1e-03 259:38.3
 1184  14208 -5.095774011335809e-01 8.3e+02 2.10e-04  3e-06  5e-04 262:38.4
 1198  14376 -5.095774011590425e-01 8.5e+02 1.38e-04  2e-06  3e-04 265:38.4
 1200  14400 -5.095774011624059e-01 8.2e+02 1.15e-04  2e-06  3e-04 266:04.2
 1214  14568 -5.095774011689724e-01 8.2e+02 4.53e-05  7e-07  1e-04 269:04.7
 1228  14736 -5.095774011704659e-01 8.3e+02 2.54e-05  3e-07  6e-05 272:05.1
 1242  14904 -5.095774011706229e-01 8.6e+02 1.21e-05  2e-07  3e-05 275:05.6
 1253  15036 -5.095774011706455e-01 8.7e+02 8.16e-06  1e-07  2e-05 277:28.8
Budget constraint satisfied 4663.527374267578 4732.636871337891 Difference:  69.1094970703125
Budget constraint not satisfied 5356.072998046875 4732.636871337891 Difference:  -623.4361267089844
two_most_probable_states: ['101011100', '000010001']
final_expectation_value: -0.5095774011706575
params: [0.6126296801269885, 3.0841280654127257, 9.815971814333334, -0.9263480658036273, 6.1456280471357925, 1.3948710951446295, -6.643138576757807, 5.680392976633974, 3.113085176461427, 1.395950629993194, 2.8093386477067797, 1.88747089766898, -0.4241633045329475, 3.0305942651971005, 0.8948429781346862, 3.075675702224545, -0.8844443922522656, 1.6009222720313991]
total_steps: 1253
states_probs: [0.006029351979741313, 0.006974931425070879]
optimized_portfolios: [{'BA': 21, 'V': 3}, {'BA': 16, 'V': 8}]
objective_values: [-18093.74121713216, -13337.362115475707]
result_with_budget: [{'portfolio': {'BA': 21, 'V': 3}, 'budget': 4663.527374267578, 'difference': 69.1094970703125}, {'portfolio': {'BA': 16, 'V': 8}, 'budget': 5356.072998046875, 'difference': -623.4361267089844}]
Processing experiment 51
Budget: 5266.253448486328
Number of qubits for asset IBM: 5
Number of qubits for asset MSFT: 4
Total number of qubits:  9
Optimized Weights (considering variance, skewness and kurtosis):
IBM: 0.00%
MSFT: 100.00%
Left over budget:  -1.5982732293196023e-07
Optimized Discrete Allocation:
IBM: 1
MSFT: 12
Maximized utility from continuous higher moments:  -737.5183604180806
Budget constraint satisfied 5266.253448486328 5266.253448486328 Difference:  0.0
Budget constraint not satisfied 5282.347229003906 5266.253448486328 Difference:  -16.093780517578125
smallest_eigenvalues: [-0.39673184439306336]
smallest_bitstrings: ['100000011']
first_excited_energy: -0.39672832398990315
optimized_portfolio: [{'IBM': 1, 'MSFT': 12}]
second_optimized_portfolio: [{'IBM': 3, 'MSFT': 11}]
result_with_budget: [{'portfolio': {'IBM': 1, 'MSFT': 12}, 'budget': 5266.253448486328, 'difference': 0.0, 'objective_value': -737.5183604180806}]
result_with_budget_excited: [{'portfolio': {'IBM': 3, 'MSFT': 11}, 'budget': 5282.347229003906, 'difference': -16.093780517578125, 'objective_value': -704.1688372837285}]
Initial params:  [2.50636104 1.15570839 0.20239522 1.61421075 0.59610445 0.67506954
 1.90195069 1.57302984 2.66148645 0.35011199 2.86159989 1.78852638
 0.40689896 0.09494742 1.59061219 0.30218715 0.3081694  1.93935455]
(6_w,12)-aCMA-ES (mu_w=3.7,w_1=40%) in dimension 18 (seed=868712, Wed Mar 12 21:09:55 2025)
Iterat #Fevals   function value  axis ratio  sigma  min&max std  t[m:s]
    1     12 -2.484662085956901e-01 1.0e+00 9.06e-02  9e-02  9e-02 0:13.5
    2     24 -2.754187815648183e-01 1.1e+00 8.61e-02  8e-02  9e-02 0:26.8
    3     36 -2.932634537805891e-01 1.1e+00 8.61e-02  8e-02  9e-02 0:40.1
    4     48 -3.059926838913420e-01 1.2e+00 8.87e-02  9e-02  9e-02 0:53.5
    5     60 -3.212952909343124e-01 1.2e+00 9.24e-02  9e-02  9e-02 1:06.7
    6     72 -3.152802647661057e-01 1.3e+00 9.98e-02  1e-01  1e-01 1:20.1
    7     84 -3.220287335861250e-01 1.4e+00 1.09e-01  1e-01  1e-01 1:33.5
    8     96 -3.373049431169203e-01 1.5e+00 1.16e-01  1e-01  1e-01 1:46.9
    9    108 -3.338880401205288e-01 1.6e+00 1.19e-01  1e-01  1e-01 2:00.2
   10    120 -3.323620379653527e-01 1.7e+00 1.21e-01  1e-01  1e-01 2:13.6
   11    132 -3.328971867867097e-01 1.7e+00 1.21e-01  1e-01  1e-01 2:27.2
   12    144 -3.296175001442577e-01 1.8e+00 1.23e-01  1e-01  1e-01 2:40.8
   13    156 -3.423607054925055e-01 1.8e+00 1.25e-01  1e-01  1e-01 2:54.0
   14    168 -3.357127849002107e-01 1.8e+00 1.27e-01  1e-01  1e-01 3:07.3
   16    192 -3.445855703447172e-01 1.8e+00 1.27e-01  1e-01  1e-01 3:33.8
   18    216 -3.387628854488141e-01 1.9e+00 1.23e-01  1e-01  1e-01 4:00.2
   20    240 -3.397089417935082e-01 1.9e+00 1.17e-01  1e-01  1e-01 4:26.8
   22    264 -3.405450000115323e-01 1.9e+00 1.19e-01  1e-01  1e-01 4:53.4
   24    288 -3.446269973259162e-01 1.9e+00 1.21e-01  1e-01  1e-01 5:20.1
   26    312 -3.424209810368247e-01 2.0e+00 1.17e-01  1e-01  1e-01 5:46.7
   28    336 -3.466221686285279e-01 1.9e+00 1.10e-01  1e-01  1e-01 6:13.2
   30    360 -3.437787369884830e-01 2.0e+00 1.09e-01  1e-01  1e-01 6:39.9
   32    384 -3.464466211822180e-01 2.0e+00 1.02e-01  9e-02  1e-01 7:06.4
   34    408 -3.469333140227769e-01 2.0e+00 9.57e-02  8e-02  1e-01 7:32.9
   36    432 -3.488776367357964e-01 2.0e+00 1.00e-01  9e-02  1e-01 7:59.5
   38    456 -3.460324167063682e-01 2.1e+00 1.04e-01  9e-02  1e-01 8:26.2
   40    480 -3.455971385248834e-01 2.2e+00 9.90e-02  8e-02  1e-01 8:52.8
   43    516 -3.544612859117538e-01 2.3e+00 1.06e-01  8e-02  1e-01 9:32.8
   46    552 -3.505017621856358e-01 2.4e+00 9.68e-02  8e-02  1e-01 10:12.7
   49    588 -3.534383979356130e-01 2.5e+00 8.56e-02  7e-02  1e-01 10:52.7
   52    624 -3.529619925341327e-01 2.6e+00 8.08e-02  6e-02  9e-02 11:32.4
   55    660 -3.571828119968138e-01 2.6e+00 7.88e-02  6e-02  9e-02 12:13.1
   58    696 -3.585758281830514e-01 2.8e+00 9.64e-02  7e-02  1e-01 12:53.8
   61    732 -3.559853156966514e-01 3.1e+00 1.04e-01  8e-02  1e-01 13:34.4
   64    768 -3.622082371517661e-01 3.2e+00 9.48e-02  7e-02  1e-01 14:15.0
   67    804 -3.620523762956676e-01 3.5e+00 9.87e-02  7e-02  1e-01 14:55.6
   70    840 -3.633528836722787e-01 3.6e+00 9.22e-02  7e-02  1e-01 15:36.3
   73    876 -3.631920145744185e-01 3.7e+00 8.68e-02  6e-02  1e-01 16:16.9
   76    912 -3.623122042067573e-01 3.8e+00 8.23e-02  6e-02  1e-01 16:57.6
   79    948 -3.638368253525518e-01 3.9e+00 7.70e-02  5e-02  9e-02 17:38.2
   82    984 -3.632639817739527e-01 4.0e+00 6.86e-02  4e-02  8e-02 18:19.0
   86   1032 -3.654810816249068e-01 4.1e+00 6.09e-02  4e-02  7e-02 19:13.3
   90   1080 -3.663949318110078e-01 4.3e+00 5.90e-02  4e-02  7e-02 20:07.5
   94   1128 -3.658926671578500e-01 4.8e+00 6.37e-02  4e-02  8e-02 21:01.7
   98   1176 -3.665069889894663e-01 5.1e+00 6.09e-02  3e-02  8e-02 21:56.0
  100   1200 -3.669453495357789e-01 5.3e+00 5.85e-02  3e-02  7e-02 22:23.0
  104   1248 -3.670945202995078e-01 5.5e+00 5.37e-02  3e-02  7e-02 23:17.4
  108   1296 -3.673272452144886e-01 5.8e+00 5.23e-02  3e-02  6e-02 24:11.4
  112   1344 -3.677781436739892e-01 6.0e+00 4.76e-02  2e-02  6e-02 25:05.6
  116   1392 -3.679521948037086e-01 6.2e+00 4.84e-02  2e-02  6e-02 25:59.7
  120   1440 -3.681790275760884e-01 6.8e+00 4.73e-02  2e-02  6e-02 26:54.0
  124   1488 -3.682985331358751e-01 7.0e+00 4.93e-02  2e-02  6e-02 27:48.3
  128   1536 -3.682223202294364e-01 7.4e+00 4.68e-02  2e-02  6e-02 28:42.5
  132   1584 -3.680595731746402e-01 7.6e+00 4.36e-02  2e-02  6e-02 29:36.6
  137   1644 -3.688442080175575e-01 8.0e+00 4.01e-02  2e-02  5e-02 30:42.7
  142   1704 -3.689372514477154e-01 8.5e+00 3.46e-02  1e-02  5e-02 31:49.2
  147   1764 -3.690947898700783e-01 8.6e+00 3.29e-02  1e-02  4e-02 32:55.6
  152   1824 -3.696217510087707e-01 9.9e+00 3.48e-02  1e-02  5e-02 34:01.8
  157   1884 -3.695548833459005e-01 1.1e+01 3.06e-02  1e-02  5e-02 35:08.4
  162   1944 -3.697237573768227e-01 1.1e+01 2.58e-02  1e-02  4e-02 36:14.9
  167   2004 -3.699915069203901e-01 1.3e+01 3.43e-02  1e-02  6e-02 37:21.3
  172   2064 -3.698798025628006e-01 1.3e+01 3.37e-02  1e-02  6e-02 38:27.6
  177   2124 -3.700476265816536e-01 1.4e+01 2.72e-02  1e-02  4e-02 39:34.2
  182   2184 -3.700416777024557e-01 1.5e+01 2.50e-02  9e-03  4e-02 40:40.8
  187   2244 -3.701073105090774e-01 1.5e+01 2.04e-02  7e-03  3e-02 41:47.3
  192   2304 -3.701621743008861e-01 1.6e+01 1.88e-02  6e-03  3e-02 42:55.1
  197   2364 -3.701462296204411e-01 1.6e+01 1.85e-02  6e-03  3e-02 44:03.1
  200   2400 -3.701718792602989e-01 1.7e+01 1.93e-02  6e-03  3e-02 44:43.7
  206   2472 -3.701886978055883e-01 1.7e+01 2.23e-02  7e-03  4e-02 46:05.3
  212   2544 -3.702461779588346e-01 1.7e+01 2.71e-02  8e-03  5e-02 47:26.7
  218   2616 -3.702926204926153e-01 1.8e+01 2.72e-02  8e-03  6e-02 48:47.9
  224   2688 -3.703126720134985e-01 1.9e+01 2.27e-02  6e-03  5e-02 50:09.4
  230   2760 -3.703588516410563e-01 1.9e+01 2.13e-02  6e-03  4e-02 51:30.9
  236   2832 -3.703692453413606e-01 2.0e+01 1.64e-02  5e-03  3e-02 52:52.1
  242   2904 -3.704212134487119e-01 2.2e+01 1.72e-02  5e-03  4e-02 54:11.4
  248   2976 -3.704564896210946e-01 2.5e+01 2.03e-02  5e-03  4e-02 55:31.0
  254   3048 -3.705141537890365e-01 2.7e+01 1.95e-02  5e-03  4e-02 56:50.6
  260   3120 -3.706174602314399e-01 3.0e+01 2.21e-02  6e-03  5e-02 58:10.2
  266   3192 -3.708751040625787e-01 3.6e+01 2.58e-02  7e-03  7e-02 59:30.0
  272   3264 -3.711722831215099e-01 4.6e+01 4.17e-02  1e-02  1e-01 60:49.7
  279   3348 -3.714858640491029e-01 5.5e+01 5.11e-02  1e-02  2e-01 62:22.5
  286   3432 -3.721275601487574e-01 6.2e+01 5.33e-02  1e-02  2e-01 63:55.4
  293   3516 -3.725506934616284e-01 6.5e+01 4.92e-02  1e-02  2e-01 65:28.7
  300   3600 -3.725566978091456e-01 6.6e+01 5.36e-02  1e-02  2e-01 67:03.8
  307   3684 -3.727275965652468e-01 6.7e+01 4.23e-02  1e-02  2e-01 68:40.0
  314   3768 -3.730557676069598e-01 6.8e+01 4.57e-02  1e-02  2e-01 70:15.3
  321   3852 -3.736835203330590e-01 6.8e+01 5.14e-02  1e-02  2e-01 71:50.4
  328   3936 -3.741407718930941e-01 6.7e+01 5.81e-02  1e-02  2e-01 73:25.5
  335   4020 -3.746115174693394e-01 7.1e+01 5.96e-02  1e-02  3e-01 75:00.7
  342   4104 -3.750329993346986e-01 7.3e+01 5.56e-02  1e-02  2e-01 76:35.9
  349   4188 -3.757431582028277e-01 8.2e+01 6.48e-02  1e-02  3e-01 78:09.5
  356   4272 -3.759264545782183e-01 8.5e+01 5.86e-02  1e-02  3e-01 79:42.5
  363   4356 -3.762388289978372e-01 8.6e+01 5.16e-02  9e-03  2e-01 81:15.6
  370   4440 -3.765391621061610e-01 9.3e+01 4.10e-02  7e-03  2e-01 82:49.0
  378   4536 -3.767304970972270e-01 9.2e+01 3.74e-02  6e-03  2e-01 84:35.2
  386   4632 -3.773445852185373e-01 9.8e+01 4.22e-02  7e-03  2e-01 86:21.9
  394   4728 -3.776835776561362e-01 1.1e+02 5.60e-02  1e-02  3e-01 88:08.2
  400   4800 -3.782458753360631e-01 1.1e+02 6.26e-02  1e-02  3e-01 89:28.0
  408   4896 -3.784037134502263e-01 1.1e+02 7.25e-02  1e-02  4e-01 91:14.8
  416   4992 -3.787423518858491e-01 1.0e+02 5.81e-02  1e-02  3e-01 93:01.3
  424   5088 -3.786487118386778e-01 1.0e+02 5.70e-02  1e-02  3e-01 94:47.9
  432   5184 -3.792061625104740e-01 1.0e+02 3.48e-02  6e-03  2e-01 96:34.2
  440   5280 -3.795820736264606e-01 1.0e+02 3.27e-02  6e-03  2e-01 98:21.0
  448   5376 -3.799988288119452e-01 1.1e+02 4.28e-02  8e-03  2e-01 100:07.3
  456   5472 -3.802234803986635e-01 1.2e+02 4.36e-02  8e-03  2e-01 101:54.2
  464   5568 -3.804656049140798e-01 1.2e+02 4.93e-02  9e-03  3e-01 103:40.6
  472   5664 -3.807649684922310e-01 1.4e+02 5.21e-02  1e-02  3e-01 105:27.0
  481   5772 -3.808123007025541e-01 1.3e+02 4.55e-02  8e-03  2e-01 107:26.9
  490   5880 -3.810311999161133e-01 1.3e+02 3.48e-02  6e-03  2e-01 109:26.6
  499   5988 -3.811233288726079e-01 1.3e+02 3.00e-02  5e-03  1e-01 111:26.3
  500   6000 -3.811384582236516e-01 1.3e+02 2.96e-02  5e-03  1e-01 111:39.5
  509   6108 -3.811671746047233e-01 1.2e+02 2.52e-02  4e-03  1e-01 113:39.6
  518   6216 -3.812286975173274e-01 1.2e+02 2.12e-02  4e-03  9e-02 115:39.6
  527   6324 -3.812493038346372e-01 1.2e+02 2.02e-02  3e-03  9e-02 117:39.3
  536   6432 -3.812904455505429e-01 1.3e+02 1.75e-02  3e-03  7e-02 119:39.1
  545   6540 -3.813136748758643e-01 1.2e+02 1.65e-02  3e-03  7e-02 121:39.1
  554   6648 -3.813306520622601e-01 1.2e+02 1.32e-02  2e-03  5e-02 123:38.7
  563   6756 -3.813444127213594e-01 1.2e+02 9.74e-03  2e-03  3e-02 125:38.7
  572   6864 -3.813523129933997e-01 1.2e+02 1.04e-02  2e-03  3e-02 127:38.7
  581   6972 -3.813608113254301e-01 1.2e+02 1.17e-02  2e-03  4e-02 129:38.6
  590   7080 -3.813706037654675e-01 1.2e+02 1.10e-02  2e-03  3e-02 131:38.7
  600   7200 -3.813808611560630e-01 1.2e+02 1.47e-02  2e-03  5e-02 133:52.5
  610   7320 -3.813926336159943e-01 1.3e+02 1.43e-02  2e-03  4e-02 136:05.6
  620   7440 -3.814127884445434e-01 1.3e+02 1.56e-02  2e-03  5e-02 138:18.6
  630   7560 -3.814227780229619e-01 1.3e+02 1.74e-02  2e-03  5e-02 140:31.5
  640   7680 -3.814264313587338e-01 1.4e+02 1.43e-02  2e-03  4e-02 142:44.9
  650   7800 -3.814309031445030e-01 1.3e+02 1.26e-02  2e-03  4e-02 144:57.9
  660   7920 -3.814340411938656e-01 1.3e+02 7.23e-03  9e-04  2e-02 147:10.7
  670   8040 -3.814360267198093e-01 1.3e+02 5.40e-03  6e-04  2e-02 149:23.8
  680   8160 -3.814392716175037e-01 1.4e+02 8.07e-03  9e-04  2e-02 151:36.9
  690   8280 -3.814427730991934e-01 1.4e+02 1.07e-02  1e-03  3e-02 153:49.5
  700   8400 -3.814500989596900e-01 1.4e+02 1.09e-02  1e-03  3e-02 156:02.3
  710   8520 -3.814635749751378e-01 1.4e+02 1.76e-02  2e-03  5e-02 158:15.0
  721   8652 -3.814804554975362e-01 1.6e+02 2.30e-02  2e-03  6e-02 160:41.0
  732   8784 -3.814912998562126e-01 1.8e+02 2.22e-02  2e-03  6e-02 163:07.5
  743   8916 -3.815050374652961e-01 2.0e+02 1.72e-02  2e-03  5e-02 165:33.5
  754   9048 -3.815244786313520e-01 2.2e+02 3.02e-02  3e-03  9e-02 167:59.5
  765   9180 -3.815317317971417e-01 2.4e+02 2.12e-02  2e-03  6e-02 170:26.0
  776   9312 -3.815419053388364e-01 2.3e+02 2.06e-02  2e-03  6e-02 172:52.3
  787   9444 -3.815568017234760e-01 2.3e+02 2.88e-02  3e-03  8e-02 175:18.5
  798   9576 -3.815571173843773e-01 2.3e+02 2.99e-02  3e-03  8e-02 177:44.5
  800   9600 -3.815661600901444e-01 2.3e+02 2.67e-02  2e-03  7e-02 178:11.1
  811   9732 -3.815766964430937e-01 2.3e+02 2.21e-02  2e-03  6e-02 180:37.3
  822   9864 -3.815938483791816e-01 2.3e+02 2.73e-02  2e-03  8e-02 183:03.6
  833   9996 -3.816088729465513e-01 2.4e+02 3.41e-02  2e-03  1e-01 185:30.1
  844  10128 -3.816324265510721e-01 2.4e+02 3.32e-02  2e-03  1e-01 187:56.2
  855  10260 -3.816669965389988e-01 2.5e+02 3.38e-02  2e-03  1e-01 190:22.4
  867  10404 -3.817219848980543e-01 2.6e+02 5.35e-02  3e-03  2e-01 193:01.7
  879  10548 -3.817863904948907e-01 2.8e+02 4.91e-02  2e-03  2e-01 195:41.6
  891  10692 -3.818550662158648e-01 3.4e+02 7.06e-02  3e-03  3e-01 198:21.6
  900  10800 -3.818685561988439e-01 3.5e+02 6.11e-02  2e-03  2e-01 200:21.5
  912  10944 -3.818998534652632e-01 3.7e+02 3.54e-02  1e-03  1e-01 203:01.3
  924  11088 -3.819245177883533e-01 3.7e+02 2.72e-02  9e-04  1e-01 205:41.2
  936  11232 -3.819289572490605e-01 3.5e+02 2.96e-02  1e-03  1e-01 208:21.3
  948  11376 -3.819456502673726e-01 3.4e+02 2.78e-02  9e-04  1e-01 211:01.3
  960  11520 -3.819548072946419e-01 3.5e+02 2.64e-02  8e-04  9e-02 213:41.1
  972  11664 -3.819576072043125e-01 3.7e+02 2.00e-02  6e-04  7e-02 216:21.3
  984  11808 -3.819621443470190e-01 3.5e+02 2.12e-02  6e-04  7e-02 219:01.1
  996  11952 -3.819664051071696e-01 3.5e+02 2.18e-02  6e-04  7e-02 221:41.4
 1000  12000 -3.819677064544503e-01 3.6e+02 2.03e-02  5e-04  6e-02 222:34.5
Iterat #Fevals   function value  axis ratio  sigma  min&max std  t[m:s]
 1013  12156 -3.819693817231788e-01 3.5e+02 1.54e-02  4e-04  4e-02 225:27.7
 1026  12312 -3.819714760736728e-01 3.4e+02 1.34e-02  3e-04  4e-02 228:20.4
 1039  12468 -3.819736939059343e-01 3.6e+02 1.55e-02  4e-04  4e-02 231:13.7
 1052  12624 -3.819746165230495e-01 3.6e+02 1.57e-02  4e-04  4e-02 234:07.3
 1065  12780 -3.819764799110829e-01 3.5e+02 1.05e-02  2e-04  3e-02 237:00.6
 1078  12936 -3.819781751978163e-01 3.9e+02 1.41e-02  3e-04  3e-02 239:53.7
 1091  13092 -3.819792265406255e-01 4.2e+02 1.26e-02  3e-04  3e-02 242:47.2
 1100  13200 -3.819800438565020e-01 4.4e+02 1.16e-02  2e-04  3e-02 244:47.2
 1113  13356 -3.819806372271841e-01 4.1e+02 1.08e-02  2e-04  3e-02 247:40.8
 1126  13512 -3.819811943033964e-01 4.1e+02 1.32e-02  2e-04  3e-02 250:34.1
 1139  13668 -3.819818132319365e-01 4.3e+02 1.15e-02  2e-04  3e-02 253:27.3
 1152  13824 -3.819822443178880e-01 4.1e+02 7.92e-03  1e-04  2e-02 256:20.3
 1165  13980 -3.819825007588097e-01 3.9e+02 5.60e-03  1e-04  1e-02 259:13.3
 1178  14136 -3.819825923369138e-01 3.8e+02 4.24e-03  7e-05  9e-03 262:06.8
 1192  14304 -3.819826103541383e-01 3.8e+02 2.45e-03  4e-05  5e-03 265:13.6
 1200  14400 -3.819826213677022e-01 3.9e+02 1.80e-03  3e-05  3e-03 266:59.6
 1214  14568 -3.819826248460607e-01 4.1e+02 8.84e-04  1e-05  2e-03 270:06.0
 1228  14736 -3.819826260228716e-01 4.1e+02 3.99e-04  6e-06  7e-04 273:11.9
 1242  14904 -3.819826261777799e-01 4.0e+02 1.92e-04  3e-06  3e-04 276:17.8
 1256  15072 -3.819826262063190e-01 3.9e+02 9.77e-05  1e-06  2e-04 279:23.9
 1270  15240 -3.819826262152026e-01 4.1e+02 4.36e-05  6e-07  7e-05 282:29.9
 1284  15408 -3.819826262172148e-01 4.2e+02 1.98e-05  2e-07  3e-05 285:36.0
 1298  15576 -3.819826262174571e-01 4.4e+02 9.07e-06  1e-07  1e-05 288:42.5
 1300  15600 -3.819826262174586e-01 4.4e+02 8.34e-06  1e-07  1e-05 289:08.9
 1314  15768 -3.819826262175225e-01 4.6e+02 4.15e-06  5e-08  6e-06 292:14.5
Budget constraint satisfied 5176.6285400390625 5266.253448486328 Difference:  89.62490844726562
Budget constraint satisfied 5241.003662109375 5266.253448486328 Difference:  25.249786376953125
two_most_probable_states: ['000010010', '000110000']
final_expectation_value: -0.38198262621752566
params: [2.5908171468805876, 4.02526875804934, 3.861261440402195, -1.3834089044177134, 3.1306354871095827, 2.8684847865229983, 15.197899212867636, -8.30529914877176, 7.5135562714138695, 0.7483464095495459, 3.892471863048545, 2.036098934609059, -1.0096363159912016, -0.13111769770134457, 1.377291310027211, 2.011778039250268, -0.034756993108682833, 1.0327377932826467]
total_steps: 1314
states_probs: [0.007931521420512063, 0.008039642748969324]
optimized_portfolios: [{'IBM': 16, 'MSFT': 4}, {'IBM': 24, 'MSFT': 0}]
objective_values: [-3635.221010706611, -13745.383850180253]
result_with_budget: [{'portfolio': {'IBM': 16, 'MSFT': 4}, 'budget': 5176.6285400390625, 'difference': 89.62490844726562}, {'portfolio': {'IBM': 24, 'MSFT': 0}, 'budget': 5241.003662109375, 'difference': 25.249786376953125}]
Processing experiment 52
Budget: 3004.582962036133
Number of qubits for asset AMGN: 4
Number of qubits for asset DOW: 7
Total number of qubits:  11
Optimized Weights (considering variance, skewness and kurtosis):
AMGN: 98.82%
DOW: 1.18%
Left over budget:  42.322894582994195
Optimized Discrete Allocation:
AMGN: 11
DOW: 3
Maximized utility from continuous higher moments:  -711.002079436074
Budget constraint satisfied 3001.6591033935547 3004.582962036133 Difference:  2.923858642578125
Budget constraint not satisfied 3041.0581398010254 3004.582962036133 Difference:  -36.47517776489258
smallest_eigenvalues: [-0.24221535186709894]
smallest_bitstrings: ['11010010000']
first_excited_energy: -0.24217741680448732
optimized_portfolio: [{'AMGN': 11, 'DOW': 4}]
second_optimized_portfolio: [{'AMGN': 11, 'DOW': 5}]
result_with_budget: [{'portfolio': {'AMGN': 11, 'DOW': 4}, 'budget': 3001.6591033935547, 'difference': 2.923858642578125, 'objective_value': -876.5606779110168}]
result_with_budget_excited: [{'portfolio': {'AMGN': 11, 'DOW': 5}, 'budget': 3041.0581398010254, 'difference': -36.47517776489258, 'objective_value': -1101.7586921038596}]
Initial params:  [1.43457565 0.65847712 3.00755557 1.27549277 0.3267267  0.12017602
 1.4066174  0.54427404 2.57846687 0.25121804 2.69162314 0.52983924
 2.96234954 1.31777875 1.96555545 2.47918468 2.57622482 1.50780619
 0.0502531  0.71620807 0.80598295 0.40066618]
(6_w,13)-aCMA-ES (mu_w=4.0,w_1=38%) in dimension 22 (seed=922974, Thu Mar 13 02:03:37 2025)
Iterat #Fevals   function value  axis ratio  sigma  min&max std  t[m:s]
    1     13 -4.126944868625310e-02 1.0e+00 1.00e-01  1e-01  1e-01 0:42.3
    2     26 -3.578447164564110e-02 1.1e+00 1.01e-01  1e-01  1e-01 1:24.6
    3     39 -8.901559656253606e-02 1.1e+00 1.04e-01  1e-01  1e-01 2:06.6
    4     52 -9.144871053524689e-02 1.2e+00 1.05e-01  1e-01  1e-01 2:48.6
    5     65 -1.037414494082745e-01 1.2e+00 1.08e-01  1e-01  1e-01 3:30.5
    6     78 -1.065439313034075e-01 1.3e+00 1.09e-01  1e-01  1e-01 4:12.6
    7     91 -6.777662617678744e-02 1.3e+00 1.11e-01  1e-01  1e-01 4:54.9
    8    104 -1.196956350118464e-01 1.3e+00 1.13e-01  1e-01  1e-01 5:36.8
    9    117 -1.453903864333050e-01 1.4e+00 1.18e-01  1e-01  1e-01 6:18.6
   10    130 -1.203176977190040e-01 1.4e+00 1.25e-01  1e-01  1e-01 7:00.4
   11    143 -1.435689443627645e-01 1.5e+00 1.27e-01  1e-01  1e-01 7:42.2
   12    156 -1.452482654019793e-01 1.5e+00 1.29e-01  1e-01  1e-01 8:24.2
   13    169 -1.410554973473350e-01 1.5e+00 1.28e-01  1e-01  1e-01 9:06.3
   14    182 -1.244275605085691e-01 1.6e+00 1.29e-01  1e-01  1e-01 9:48.4
   15    195 -1.403772330042231e-01 1.6e+00 1.28e-01  1e-01  1e-01 10:30.2
   16    208 -1.497503669507723e-01 1.7e+00 1.27e-01  1e-01  1e-01 11:12.1
   17    221 -1.467541173837575e-01 1.7e+00 1.27e-01  1e-01  1e-01 11:54.3
   18    234 -1.454370269888754e-01 1.8e+00 1.30e-01  1e-01  1e-01 12:36.2
   19    247 -1.407472939777642e-01 1.8e+00 1.35e-01  1e-01  1e-01 13:18.0
   20    260 -1.434741683851166e-01 1.8e+00 1.39e-01  1e-01  2e-01 13:59.8
   21    273 -1.372148740814665e-01 1.8e+00 1.44e-01  1e-01  2e-01 14:41.7
   22    286 -1.437124168942067e-01 1.8e+00 1.46e-01  1e-01  2e-01 15:23.9
   23    299 -1.550377250907075e-01 1.8e+00 1.52e-01  1e-01  2e-01 16:05.8
   24    312 -1.386021403564318e-01 1.8e+00 1.56e-01  1e-01  2e-01 16:47.7
   25    325 -1.510568605468603e-01 1.8e+00 1.56e-01  1e-01  2e-01 17:29.7
   26    338 -1.748174991009647e-01 1.9e+00 1.54e-01  1e-01  2e-01 18:11.6
   27    351 -1.636555762974370e-01 1.9e+00 1.53e-01  1e-01  2e-01 18:53.4
   28    364 -1.556396552495962e-01 1.9e+00 1.53e-01  1e-01  2e-01 19:35.2
   29    377 -1.680872786288149e-01 1.9e+00 1.56e-01  1e-01  2e-01 20:17.3
   30    390 -1.600458517073987e-01 1.9e+00 1.53e-01  1e-01  2e-01 20:59.2
   31    403 -1.808791839374975e-01 1.9e+00 1.54e-01  1e-01  2e-01 21:41.4
   32    416 -1.782715611203252e-01 2.0e+00 1.56e-01  1e-01  2e-01 22:23.1
   33    429 -1.799689011917180e-01 2.0e+00 1.54e-01  1e-01  2e-01 23:04.9
   34    442 -1.885215069121867e-01 2.0e+00 1.49e-01  1e-01  2e-01 23:47.0
   35    455 -1.896928905237877e-01 2.0e+00 1.46e-01  1e-01  2e-01 24:28.8
   36    468 -1.931472033271766e-01 2.0e+00 1.43e-01  1e-01  2e-01 25:10.8
   37    481 -1.930728325266953e-01 2.0e+00 1.40e-01  1e-01  2e-01 25:52.5
   38    494 -1.976405749774553e-01 2.1e+00 1.32e-01  1e-01  1e-01 26:34.3
   39    507 -1.943136379864752e-01 2.1e+00 1.29e-01  1e-01  1e-01 27:16.6
   40    520 -1.969454135671319e-01 2.1e+00 1.24e-01  1e-01  1e-01 27:58.5
   41    533 -1.985458120631577e-01 2.1e+00 1.23e-01  1e-01  1e-01 28:40.4
   42    546 -1.970064655144708e-01 2.1e+00 1.21e-01  1e-01  1e-01 29:22.4
   44    572 -1.940263169080891e-01 2.2e+00 1.10e-01  1e-01  1e-01 30:46.4
   46    598 -1.957885888207777e-01 2.2e+00 1.05e-01  1e-01  1e-01 32:10.8
   48    624 -1.911173157298919e-01 2.2e+00 1.05e-01  1e-01  1e-01 33:35.0
   50    650 -1.973056912639484e-01 2.2e+00 1.04e-01  9e-02  1e-01 34:59.6
   52    676 -1.974691985115876e-01 2.2e+00 1.02e-01  9e-02  1e-01 36:23.4
   54    702 -1.987794238960206e-01 2.3e+00 9.73e-02  9e-02  1e-01 37:47.6
   56    728 -1.963047350464327e-01 2.3e+00 9.33e-02  8e-02  1e-01 39:11.3
   58    754 -1.996171331573051e-01 2.3e+00 8.88e-02  8e-02  1e-01 40:35.1
   60    780 -1.987663122821726e-01 2.4e+00 8.43e-02  7e-02  9e-02 41:59.1
   62    806 -1.981372053993196e-01 2.5e+00 8.03e-02  7e-02  9e-02 43:22.7
   64    832 -2.008172427225932e-01 2.5e+00 7.36e-02  6e-02  8e-02 44:46.7
   66    858 -2.018906355338866e-01 2.5e+00 7.13e-02  6e-02  8e-02 46:10.6
   68    884 -2.010871377343656e-01 2.5e+00 6.98e-02  6e-02  8e-02 47:34.4
   70    910 -2.015805816873519e-01 2.6e+00 6.86e-02  6e-02  7e-02 48:58.5
   72    936 -2.019778222573705e-01 2.6e+00 6.84e-02  5e-02  7e-02 50:22.1
   74    962 -2.018304430837873e-01 2.7e+00 6.83e-02  5e-02  7e-02 51:45.9
   76    988 -2.033711580152916e-01 2.8e+00 7.00e-02  5e-02  8e-02 53:10.0
   78   1014 -2.025907037111928e-01 3.0e+00 7.21e-02  5e-02  8e-02 54:34.2
   80   1040 -2.026670764677040e-01 3.1e+00 7.64e-02  6e-02  8e-02 55:58.3
   82   1066 -2.027957247509672e-01 3.1e+00 7.40e-02  6e-02  8e-02 57:22.3
   84   1092 -2.028806510787646e-01 3.1e+00 7.36e-02  5e-02  8e-02 58:46.4
   86   1118 -2.043452935300168e-01 3.1e+00 7.52e-02  5e-02  8e-02 60:10.3
   88   1144 -2.031000616023911e-01 3.2e+00 6.94e-02  5e-02  8e-02 61:34.1
   90   1170 -2.028728402108168e-01 3.2e+00 6.39e-02  5e-02  7e-02 62:58.0
   92   1196 -2.036877096194021e-01 3.3e+00 5.95e-02  4e-02  7e-02 64:21.8
   94   1222 -2.052077880678162e-01 3.4e+00 5.68e-02  4e-02  6e-02 65:45.5
   96   1248 -2.048874830198092e-01 3.5e+00 5.60e-02  4e-02  6e-02 67:09.4
   98   1274 -2.056843895576828e-01 3.5e+00 5.88e-02  4e-02  7e-02 68:32.9
  100   1300 -2.042251498022167e-01 3.6e+00 5.82e-02  4e-02  7e-02 69:57.0
  102   1326 -2.051172770979897e-01 3.7e+00 5.97e-02  4e-02  7e-02 71:20.5
  104   1352 -2.056177727731341e-01 3.7e+00 5.76e-02  4e-02  7e-02 72:43.9
  106   1378 -2.065613246640588e-01 3.9e+00 5.59e-02  4e-02  6e-02 74:07.8
  108   1404 -2.052190749678670e-01 4.0e+00 5.26e-02  3e-02  6e-02 75:31.6
  110   1430 -2.045861823214571e-01 4.1e+00 5.17e-02  3e-02  6e-02 76:55.3
  112   1456 -2.063547580262835e-01 4.3e+00 4.71e-02  3e-02  5e-02 78:18.8
  114   1482 -2.061284304451170e-01 4.4e+00 4.57e-02  3e-02  5e-02 79:42.3
  116   1508 -2.069362761161631e-01 4.6e+00 4.61e-02  3e-02  5e-02 81:06.5
  118   1534 -2.071430332554121e-01 4.6e+00 4.71e-02  3e-02  5e-02 82:30.4
  120   1560 -2.073455887345514e-01 4.7e+00 4.59e-02  3e-02  5e-02 83:54.1
  122   1586 -2.069792572126789e-01 4.9e+00 4.54e-02  3e-02  5e-02 85:17.8
  124   1612 -2.071470221986034e-01 5.1e+00 4.30e-02  3e-02  5e-02 86:41.7
  126   1638 -2.073631849237666e-01 5.2e+00 3.93e-02  2e-02  5e-02 88:05.7
  129   1677 -2.077183656080007e-01 5.2e+00 3.51e-02  2e-02  4e-02 90:11.4
  132   1716 -2.080092803439817e-01 5.4e+00 3.18e-02  2e-02  4e-02 92:17.7
  135   1755 -2.077627461816171e-01 5.4e+00 3.05e-02  2e-02  4e-02 94:23.5
  138   1794 -2.085856942790642e-01 5.7e+00 3.02e-02  2e-02  4e-02 96:29.2
  141   1833 -2.084929735922733e-01 6.1e+00 3.00e-02  2e-02  4e-02 98:35.5
  144   1872 -2.085517741199399e-01 6.5e+00 2.96e-02  2e-02  4e-02 100:42.3
  147   1911 -2.088748224129776e-01 6.6e+00 2.79e-02  2e-02  3e-02 102:48.6
  150   1950 -2.095252318757871e-01 6.8e+00 2.82e-02  2e-02  3e-02 104:54.4
  153   1989 -2.094022401297041e-01 7.0e+00 2.82e-02  2e-02  3e-02 106:59.8
  156   2028 -2.097545794634351e-01 7.2e+00 2.91e-02  2e-02  3e-02 109:05.8
  159   2067 -2.104914859637889e-01 7.6e+00 3.12e-02  2e-02  4e-02 111:12.1
  162   2106 -2.107952214598405e-01 8.1e+00 3.81e-02  2e-02  5e-02 113:17.5
  165   2145 -2.108511263713842e-01 8.6e+00 4.24e-02  2e-02  6e-02 115:23.6
  168   2184 -2.116280707799392e-01 9.3e+00 4.86e-02  3e-02  7e-02 117:29.2
  171   2223 -2.127567630755253e-01 1.0e+01 5.64e-02  3e-02  9e-02 119:35.2
  174   2262 -2.134936557684720e-01 1.1e+01 6.12e-02  3e-02  1e-01 121:41.1
  177   2301 -2.122281402973601e-01 1.1e+01 6.26e-02  3e-02  1e-01 123:46.9
  180   2340 -2.137275297675256e-01 1.2e+01 6.35e-02  3e-02  1e-01 125:52.8
  183   2379 -2.141769743363191e-01 1.2e+01 6.82e-02  3e-02  1e-01 127:58.6
  186   2418 -2.147634090695661e-01 1.3e+01 6.43e-02  3e-02  1e-01 130:04.6
  189   2457 -2.143804339375055e-01 1.3e+01 6.26e-02  3e-02  1e-01 132:10.4
  192   2496 -2.152625025989376e-01 1.3e+01 5.95e-02  3e-02  1e-01 134:16.1
  195   2535 -2.142637394185680e-01 1.3e+01 5.94e-02  3e-02  1e-01 136:22.2
  198   2574 -2.144458062833260e-01 1.4e+01 5.35e-02  3e-02  9e-02 138:27.8
  200   2600 -2.159973710704039e-01 1.4e+01 5.13e-02  2e-02  9e-02 139:51.9
  203   2639 -2.159896984397113e-01 1.4e+01 5.12e-02  2e-02  9e-02 141:57.8
  206   2678 -2.153494300275348e-01 1.3e+01 5.10e-02  2e-02  9e-02 144:03.8
  209   2717 -2.163217948646828e-01 1.3e+01 4.71e-02  2e-02  8e-02 146:10.1
  212   2756 -2.162223131929710e-01 1.3e+01 4.18e-02  2e-02  7e-02 148:15.9
  215   2795 -2.164876118763054e-01 1.4e+01 3.99e-02  2e-02  7e-02 150:21.6
  218   2834 -2.164867716050021e-01 1.3e+01 3.46e-02  2e-02  6e-02 152:27.6
  221   2873 -2.167580443920546e-01 1.4e+01 2.97e-02  1e-02  5e-02 154:34.0
  224   2912 -2.169978394585488e-01 1.4e+01 2.94e-02  1e-02  5e-02 156:39.4
  227   2951 -2.170423217752937e-01 1.4e+01 3.17e-02  1e-02  5e-02 158:45.0
  230   2990 -2.170735679482420e-01 1.4e+01 3.07e-02  1e-02  5e-02 160:51.3
  233   3029 -2.174746167007938e-01 1.4e+01 2.87e-02  1e-02  5e-02 162:57.1
  236   3068 -2.173539544175331e-01 1.4e+01 2.86e-02  1e-02  5e-02 165:03.4
  239   3107 -2.175969949032475e-01 1.4e+01 2.85e-02  1e-02  5e-02 167:09.5
  242   3146 -2.178909557777598e-01 1.5e+01 3.24e-02  1e-02  5e-02 169:14.9
  245   3185 -2.176881623181662e-01 1.5e+01 4.01e-02  2e-02  7e-02 171:20.7
  248   3224 -2.178906142614205e-01 1.5e+01 3.80e-02  2e-02  6e-02 173:26.2
  251   3263 -2.180246204767014e-01 1.5e+01 3.55e-02  1e-02  6e-02 175:32.0
  255   3315 -2.179455135895277e-01 1.5e+01 3.42e-02  1e-02  6e-02 178:19.5
  259   3367 -2.179448229238626e-01 1.6e+01 3.72e-02  1e-02  6e-02 181:07.3
  263   3419 -2.181188175573020e-01 1.6e+01 3.11e-02  1e-02  5e-02 183:54.9
  267   3471 -2.182276941074523e-01 1.7e+01 3.04e-02  1e-02  5e-02 186:42.5
  271   3523 -2.182693214134989e-01 1.7e+01 3.41e-02  1e-02  6e-02 189:30.7
  275   3575 -2.182461232244619e-01 1.8e+01 3.43e-02  1e-02  6e-02 192:18.3
  279   3627 -2.183030963352794e-01 1.8e+01 3.44e-02  1e-02  6e-02 195:06.1
  283   3679 -2.184502398975638e-01 1.8e+01 3.51e-02  1e-02  6e-02 197:54.2
  287   3731 -2.183475307067726e-01 1.9e+01 3.66e-02  1e-02  6e-02 200:42.1
  291   3783 -2.184723452674133e-01 1.9e+01 3.59e-02  1e-02  6e-02 203:29.6
  295   3835 -2.186418133047347e-01 1.9e+01 3.41e-02  1e-02  6e-02 206:16.6
  299   3887 -2.185478164932248e-01 1.9e+01 2.99e-02  1e-02  5e-02 209:04.4
  300   3900 -2.184871150208082e-01 2.0e+01 2.91e-02  1e-02  5e-02 209:46.5
  304   3952 -2.187521129352045e-01 2.0e+01 2.77e-02  1e-02  5e-02 212:34.0
  308   4004 -2.186623948419871e-01 2.1e+01 2.48e-02  9e-03  4e-02 215:21.9
  312   4056 -2.187849774625043e-01 2.1e+01 2.41e-02  8e-03  4e-02 218:09.5
  316   4108 -2.188169287789569e-01 2.2e+01 2.66e-02  9e-03  4e-02 220:57.1
  320   4160 -2.188270800257426e-01 2.2e+01 2.56e-02  9e-03  4e-02 223:45.1
  324   4212 -2.188967417553424e-01 2.2e+01 2.40e-02  8e-03  4e-02 226:32.8
  328   4264 -2.189740683457131e-01 2.2e+01 2.27e-02  7e-03  4e-02 229:20.4
  332   4316 -2.189933317340727e-01 2.3e+01 2.18e-02  7e-03  4e-02 232:04.7
  336   4368 -2.190095647061272e-01 2.3e+01 2.34e-02  7e-03  4e-02 234:48.2
  340   4420 -2.191023740029672e-01 2.4e+01 2.31e-02  7e-03  4e-02 237:31.4
  344   4472 -2.191517121349100e-01 2.4e+01 2.36e-02  7e-03  4e-02 240:14.9
  348   4524 -2.192039389475201e-01 2.5e+01 2.38e-02  7e-03  4e-02 242:58.1
  352   4576 -2.192492804207213e-01 2.6e+01 2.41e-02  7e-03  5e-02 245:41.3
  356   4628 -2.193243792899163e-01 2.7e+01 2.21e-02  6e-03  4e-02 248:24.5
  361   4693 -2.194331602142162e-01 2.8e+01 2.08e-02  6e-03  4e-02 251:29.9
  366   4758 -2.195530003826541e-01 3.1e+01 2.58e-02  7e-03  6e-02 254:32.4
  371   4823 -2.195728783783837e-01 3.3e+01 2.92e-02  7e-03  7e-02 257:34.9
  376   4888 -2.198942275838398e-01 3.8e+01 3.43e-02  8e-03  9e-02 260:37.2
  381   4953 -2.200181020611757e-01 4.3e+01 3.75e-02  9e-03  1e-01 263:39.3
  386   5018 -2.201759090969060e-01 4.6e+01 3.85e-02  9e-03  1e-01 266:41.6
  391   5083 -2.205136826721245e-01 5.0e+01 4.57e-02  1e-02  2e-01 269:43.6
  396   5148 -2.207425196436084e-01 5.5e+01 4.74e-02  1e-02  2e-01 272:45.9
  400   5200 -2.206377557463187e-01 5.8e+01 4.49e-02  9e-03  2e-01 275:11.4
  405   5265 -2.208509833140124e-01 5.8e+01 3.58e-02  7e-03  1e-01 278:14.0
  410   5330 -2.211678224057326e-01 5.9e+01 3.11e-02  6e-03  1e-01 281:16.2
  415   5395 -2.213080976674746e-01 6.5e+01 3.21e-02  6e-03  1e-01 284:18.1
  420   5460 -2.216860572333239e-01 7.0e+01 3.39e-02  7e-03  1e-01 287:20.2
  425   5525 -2.218708965109776e-01 7.7e+01 3.77e-02  7e-03  2e-01 290:22.9
  430   5590 -2.219976855567040e-01 8.0e+01 3.91e-02  7e-03  2e-01 293:26.0
  435   5655 -2.222156564441322e-01 8.3e+01 4.15e-02  8e-03  2e-01 296:29.0
  440   5720 -2.225915341251020e-01 8.4e+01 4.57e-02  8e-03  2e-01 299:31.5
  445   5785 -2.228144841692938e-01 8.6e+01 4.70e-02  8e-03  2e-01 302:33.6
  450   5850 -2.230819637909320e-01 9.2e+01 4.87e-02  8e-03  3e-01 305:35.8
  455   5915 -2.231980568869693e-01 9.7e+01 4.55e-02  7e-03  3e-01 308:38.2
  460   5980 -2.232220583768259e-01 9.9e+01 4.46e-02  7e-03  3e-01 311:40.5
  465   6045 -2.233178333613991e-01 1.0e+02 5.01e-02  8e-03  3e-01 314:42.3
  470   6110 -2.233937523022753e-01 1.0e+02 4.58e-02  7e-03  3e-01 317:44.9
  475   6175 -2.236106672574618e-01 1.1e+02 4.82e-02  7e-03  3e-01 320:47.2
  480   6240 -2.235916862857517e-01 1.1e+02 4.23e-02  6e-03  3e-01 323:49.2
  485   6305 -2.237952786776228e-01 1.0e+02 3.73e-02  5e-03  2e-01 326:51.8
  490   6370 -2.237673200298665e-01 1.1e+02 3.27e-02  5e-03  2e-01 329:53.9
  495   6435 -2.238172114257174e-01 1.1e+02 2.59e-02  4e-03  2e-01 332:56.2
  500   6500 -2.238959747446512e-01 1.1e+02 2.75e-02  4e-03  2e-01 335:58.4
  505   6565 -2.239919432856418e-01 1.1e+02 2.76e-02  4e-03  2e-01 339:00.6
  511   6643 -2.240807230445070e-01 1.1e+02 2.71e-02  4e-03  2e-01 342:39.8
  517   6721 -2.241097372568850e-01 1.1e+02 2.56e-02  3e-03  2e-01 346:18.3
  523   6799 -2.241310436302253e-01 1.2e+02 2.20e-02  3e-03  1e-01 349:57.2
  529   6877 -2.240930973563866e-01 1.2e+02 2.19e-02  3e-03  1e-01 353:36.5
  535   6955 -2.242236077626778e-01 1.2e+02 2.33e-02  3e-03  1e-01 357:15.2
  541   7033 -2.242775194929598e-01 1.2e+02 2.47e-02  3e-03  2e-01 360:52.9
  547   7111 -2.243186561644834e-01 1.1e+02 2.51e-02  3e-03  2e-01 364:27.9
  553   7189 -2.243170731804520e-01 1.1e+02 2.65e-02  3e-03  2e-01 368:02.8
  559   7267 -2.244062549963064e-01 1.1e+02 2.70e-02  3e-03  2e-01 371:37.6
  565   7345 -2.244320494621771e-01 1.1e+02 3.40e-02  4e-03  2e-01 375:12.9
  571   7423 -2.244967854800206e-01 1.1e+02 3.07e-02  3e-03  2e-01 378:47.9
  577   7501 -2.245860152218128e-01 1.1e+02 3.10e-02  3e-03  2e-01 382:22.1
  583   7579 -2.246667095522472e-01 1.1e+02 3.70e-02  4e-03  2e-01 385:57.2
  589   7657 -2.248084666262332e-01 1.2e+02 4.84e-02  5e-03  3e-01 389:32.1
  595   7735 -2.248067491056744e-01 1.1e+02 4.62e-02  5e-03  3e-01 393:07.2
  600   7800 -2.248486458229438e-01 1.1e+02 4.59e-02  5e-03  3e-01 396:06.3
  606   7878 -2.248808252573792e-01 1.1e+02 4.39e-02  4e-03  2e-01 399:41.3
  612   7956 -2.250387744683031e-01 1.1e+02 4.16e-02  4e-03  2e-01 403:16.3
  618   8034 -2.250229745926954e-01 1.2e+02 4.34e-02  4e-03  3e-01 406:51.1
  624   8112 -2.251453490695659e-01 1.2e+02 4.16e-02  4e-03  2e-01 410:29.5
  630   8190 -2.251823457493728e-01 1.2e+02 3.54e-02  3e-03  2e-01 414:07.5
  636   8268 -2.253043047640484e-01 1.2e+02 2.91e-02  3e-03  2e-01 417:42.4
  642   8346 -2.253639930344860e-01 1.2e+02 2.27e-02  2e-03  1e-01 421:20.7
  648   8424 -2.254203073251907e-01 1.2e+02 2.25e-02  2e-03  1e-01 424:58.2
  654   8502 -2.254480008242715e-01 1.3e+02 2.38e-02  2e-03  1e-01 428:31.9
  661   8593 -2.255279293419316e-01 1.3e+02 2.93e-02  3e-03  2e-01 432:16.6
  668   8684 -2.256484742484689e-01 1.5e+02 3.21e-02  3e-03  2e-01 436:00.8
  675   8775 -2.257578280737740e-01 1.5e+02 3.57e-02  3e-03  3e-01 439:49.7
  682   8866 -2.257890021765548e-01 1.6e+02 3.43e-02  3e-03  2e-01 443:34.1
  689   8957 -2.258672344318636e-01 1.6e+02 3.31e-02  3e-03  2e-01 447:17.9
  696   9048 -2.260026630104562e-01 1.7e+02 3.42e-02  3e-03  3e-01 451:01.7
  700   9100 -2.260831763150983e-01 1.8e+02 3.64e-02  3e-03  3e-01 453:09.5
  707   9191 -2.261658932029754e-01 1.9e+02 3.87e-02  3e-03  3e-01 456:53.1
  714   9282 -2.262381178361215e-01 2.0e+02 4.57e-02  3e-03  4e-01 460:37.2
  721   9373 -2.264829418903427e-01 2.1e+02 6.42e-02  5e-03  6e-01 464:25.3
  727   9451 -2.267429583591473e-01 2.2e+02 8.33e-02  6e-03  7e-01 468:03.5
  733   9529 -2.267899422157624e-01 2.3e+02 8.35e-02  6e-03  8e-01 471:43.7
  739   9607 -2.270429577221028e-01 2.2e+02 7.12e-02  5e-03  6e-01 475:32.4
  745   9685 -2.273786001629396e-01 2.2e+02 6.95e-02  5e-03  6e-01 479:25.8
  751   9763 -2.275505466668099e-01 2.3e+02 6.94e-02  5e-03  6e-01 483:20.3
  757   9841 -2.278520333437559e-01 2.2e+02 7.99e-02  6e-03  6e-01 487:14.2
  764   9932 -2.279462093211730e-01 2.2e+02 7.37e-02  5e-03  6e-01 491:26.0
  771  10023 -2.282538951564460e-01 2.1e+02 6.70e-02  5e-03  5e-01 495:32.6
  778  10114 -2.284696088420447e-01 2.1e+02 6.33e-02  4e-03  5e-01 499:38.8
  784  10192 -2.284706932864637e-01 2.1e+02 6.69e-02  5e-03  5e-01 503:40.1
  790  10270 -2.286931678270407e-01 2.1e+02 5.61e-02  4e-03  4e-01 507:49.0
  796  10348 -2.286728992565525e-01 2.1e+02 4.62e-02  3e-03  3e-01 511:57.4
  800  10400 -2.287639936105280e-01 2.1e+02 4.40e-02  3e-03  3e-01 514:43.0
  806  10478 -2.289510161040627e-01 2.1e+02 4.59e-02  3e-03  3e-01 518:51.5
  812  10556 -2.289781020045651e-01 2.1e+02 4.72e-02  3e-03  3e-01 523:00.2
  818  10634 -2.290490590655345e-01 2.2e+02 4.84e-02  3e-03  3e-01 527:08.8
  824  10712 -2.290995949088994e-01 2.1e+02 4.48e-02  3e-03  3e-01 531:17.3
  830  10790 -2.291950818706839e-01 2.2e+02 4.44e-02  3e-03  3e-01 535:26.2
  836  10868 -2.292139783406253e-01 2.2e+02 3.87e-02  2e-03  3e-01 539:34.1
  842  10946 -2.293123612355156e-01 2.2e+02 3.32e-02  2e-03  2e-01 543:42.8
  848  11024 -2.293084455524501e-01 2.3e+02 3.27e-02  2e-03  2e-01 547:51.5
  854  11102 -2.293669898691683e-01 2.3e+02 3.06e-02  2e-03  2e-01 551:56.4
  860  11180 -2.294131741837860e-01 2.3e+02 3.23e-02  2e-03  2e-01 555:57.7
  867  11271 -2.294659159693297e-01 2.3e+02 3.47e-02  2e-03  2e-01 560:38.0
  874  11362 -2.294979627515007e-01 2.3e+02 3.43e-02  2e-03  2e-01 565:18.2
  881  11453 -2.295016454296657e-01 2.2e+02 2.87e-02  2e-03  2e-01 569:58.5
  888  11544 -2.295187791312377e-01 2.3e+02 2.41e-02  1e-03  1e-01 574:39.0
  895  11635 -2.295357506634470e-01 2.3e+02 1.93e-02  1e-03  1e-01 579:19.6
  900  11700 -2.295554794314061e-01 2.3e+02 1.91e-02  1e-03  1e-01 582:39.6
  907  11791 -2.295583153381425e-01 2.3e+02 1.91e-02  1e-03  1e-01 587:20.5
  914  11882 -2.295694978276400e-01 2.3e+02 1.70e-02  1e-03  1e-01 592:00.7
  921  11973 -2.295753906564456e-01 2.3e+02 2.17e-02  1e-03  1e-01 596:41.2
  928  12064 -2.295775563362365e-01 2.2e+02 1.73e-02  1e-03  1e-01 601:22.2
  935  12155 -2.295869142750999e-01 2.2e+02 1.74e-02  9e-04  9e-02 606:03.1
  942  12246 -2.295953543915844e-01 2.2e+02 1.46e-02  8e-04  8e-02 610:43.5
  949  12337 -2.295984123870097e-01 2.2e+02 1.45e-02  8e-04  8e-02 615:24.0
  956  12428 -2.296042522996453e-01 2.3e+02 1.25e-02  7e-04  7e-02 620:04.3
  963  12519 -2.296055314619895e-01 2.3e+02 1.22e-02  6e-04  6e-02 624:45.7
  970  12610 -2.296201125990850e-01 2.4e+02 1.41e-02  7e-04  7e-02 629:27.0
