Running job array 11 on pe78.int.triton.aalto.fi
Starting at Fri Mar 21 16:01:40 EET 2025
Activating virtual environment at /scratch/work/uotilav2/quantum-portfolio/venv
Processing batch 12/100: experiments 11 to 11 (total 1)
Processing experiment 11
Budget: 1443
YF.download() has changed argument auto_adjust default to True
Number of qubits for asset HD: 2
Number of qubits for asset MSFT: 2
Number of qubits for asset V: 3
Total number of qubits:  7
Optimized Weights (considering variance, skewness and kurtosis):
HD: 0.00%
MSFT: 100.00%
V: 0.00%
Left over budget:  181.0304253937611
Optimized Discrete Allocation:
MSFT: 3
Maximized utility from continuous higher moments:  -1.8335601108117991
Budget constraint satisfied 1438.2117614746094 1443 Difference:  4.788238525390625
Budget constraint not satisfied 1472.331298828125 1443 Difference:  -29.331298828125
smallest_eigenvalues: [-0.2350662494200438]
smallest_bitstrings: ['1010010']
first_excited_energy: -0.23497175421168473
optimized_portfolio: [{'HD': 1, 'MSFT': 1, 'V': 2}]
second_optimized_portfolio: [{'HD': 0, 'MSFT': 2, 'V': 2}]
result_with_budget: [{'portfolio': {'HD': 1, 'MSFT': 1, 'V': 2}, 'budget': 1438.2117614746094, 'difference': 4.788238525390625, 'objective_value': -6.582023680372345}]
result_with_budget_excited: [{'portfolio': {'HD': 0, 'MSFT': 2, 'V': 2}, 'budget': 1472.331298828125, 'difference': -29.331298828125, 'objective_value': -5.010189394518521}]
Initial params:  [0.27372477 0.06351797 2.61575239 2.44465153 2.73322377 3.07442019
 2.51063067 1.44978017 2.45210473 0.37157007 2.01037118 0.45035763
 2.96776493 1.63943485]
(5_w,11)-aCMA-ES (mu_w=3.4,w_1=42%) in dimension 14 (seed=666594, Fri Mar 21 16:02:00 2025)
Iterat #Fevals   function value  axis ratio  sigma  min&max std  t[m:s]
    1     11 3.631313664398492e-02 1.0e+00 9.35e-02  9e-02  9e-02 0:04.2
    2     22 -7.073024267723674e-02 1.1e+00 1.00e-01  1e-01  1e-01 0:08.4
    3     33 -1.605252981764112e-01 1.2e+00 1.09e-01  1e-01  1e-01 0:12.5
    4     44 -1.615600225252473e-01 1.2e+00 1.26e-01  1e-01  1e-01 0:16.7
    5     55 -1.738504488247470e-01 1.3e+00 1.34e-01  1e-01  1e-01 0:20.8
    7     77 -1.757742974004644e-01 1.3e+00 1.43e-01  1e-01  1e-01 0:29.2
    9     99 -1.752202248109556e-01 1.3e+00 1.40e-01  1e-01  1e-01 0:37.6
   11    121 -1.726015203442862e-01 1.4e+00 1.36e-01  1e-01  1e-01 0:45.9
   13    143 -1.847028235092229e-01 1.4e+00 1.32e-01  1e-01  1e-01 0:54.4
   16    176 -1.773613448684775e-01 1.5e+00 1.19e-01  1e-01  1e-01 1:06.9
   19    209 -1.939791021480204e-01 1.7e+00 1.08e-01  8e-02  1e-01 1:19.5
   22    242 -1.918473202286683e-01 1.7e+00 9.89e-02  8e-02  1e-01 1:32.2
   25    275 -1.931477425051315e-01 1.9e+00 9.09e-02  7e-02  1e-01 1:44.8
   29    319 -1.909313344998038e-01 2.2e+00 7.82e-02  6e-02  8e-02 2:01.6
   33    363 -1.944670286128294e-01 2.5e+00 7.58e-02  5e-02  9e-02 2:18.4
   37    407 -1.988943018606864e-01 2.8e+00 6.75e-02  5e-02  8e-02 2:35.1
   41    451 -1.981737662951205e-01 3.4e+00 7.63e-02  5e-02  9e-02 2:51.9
   46    506 -2.029144628604977e-01 3.7e+00 8.64e-02  6e-02  1e-01 3:12.8
   51    561 -2.057690996411898e-01 4.0e+00 1.03e-01  7e-02  1e-01 3:33.8
   56    616 -2.084595031816631e-01 4.5e+00 1.08e-01  7e-02  1e-01 3:54.7
   61    671 -2.055645792002214e-01 5.0e+00 1.06e-01  7e-02  1e-01 4:15.6
   67    737 -2.081598691850223e-01 5.8e+00 9.62e-02  6e-02  1e-01 4:40.8
   73    803 -2.093787928272392e-01 6.7e+00 6.96e-02  4e-02  1e-01 5:05.9
   79    869 -2.118176305635020e-01 7.4e+00 6.38e-02  4e-02  9e-02 5:31.1
   85    935 -2.114897932439423e-01 8.4e+00 6.01e-02  4e-02  8e-02 5:56.2
   91   1001 -2.126407855785750e-01 8.9e+00 4.04e-02  2e-02  5e-02 6:21.5
   98   1078 -2.127327963364874e-01 9.8e+00 4.87e-02  3e-02  7e-02 6:50.8
  100   1100 -2.124420481922939e-01 9.9e+00 4.44e-02  3e-02  6e-02 6:59.2
  107   1177 -2.129991118980796e-01 1.1e+01 3.55e-02  2e-02  5e-02 7:28.6
  114   1254 -2.132871383127893e-01 1.2e+01 2.79e-02  1e-02  4e-02 7:58.0
  122   1342 -2.138186482054905e-01 1.6e+01 3.57e-02  2e-02  5e-02 8:31.8
  130   1430 -2.147847068340278e-01 2.1e+01 4.53e-02  2e-02  9e-02 9:05.6
  138   1518 -2.150540550396027e-01 2.7e+01 7.70e-02  4e-02  2e-01 9:39.1
  146   1606 -2.160547980334941e-01 3.1e+01 8.41e-02  4e-02  2e-01 10:12.7
  155   1705 -2.168652915341147e-01 3.0e+01 4.84e-02  2e-02  1e-01 10:50.4
  164   1804 -2.168613423622861e-01 3.3e+01 3.75e-02  2e-02  9e-02 11:28.2
  173   1903 -2.170279270969974e-01 3.6e+01 2.53e-02  1e-02  6e-02 12:06.1
  182   2002 -2.170796855776828e-01 3.7e+01 1.88e-02  7e-03  4e-02 12:44.2
  191   2101 -2.172024125066631e-01 3.8e+01 2.38e-02  8e-03  5e-02 13:22.5
  200   2200 -2.172666768452924e-01 3.8e+01 2.32e-02  7e-03  4e-02 14:00.3
  210   2310 -2.173337318905999e-01 4.0e+01 2.25e-02  7e-03  4e-02 14:42.3
  220   2420 -2.173981752402346e-01 5.0e+01 1.93e-02  6e-03  4e-02 15:24.2
  231   2541 -2.175012714215145e-01 6.3e+01 2.19e-02  6e-03  5e-02 16:10.4
  242   2662 -2.176015137320574e-01 7.5e+01 3.03e-02  7e-03  8e-02 16:56.5
  253   2783 -2.177814691877825e-01 1.0e+02 3.42e-02  7e-03  1e-01 17:42.6
  264   2904 -2.179856140037731e-01 1.2e+02 5.58e-02  1e-02  2e-01 18:28.6
  275   3025 -2.182566614129300e-01 1.2e+02 6.18e-02  1e-02  2e-01 19:14.7
  287   3157 -2.183779570294722e-01 1.1e+02 5.54e-02  8e-03  1e-01 20:04.8
  299   3289 -2.184320875276397e-01 1.1e+02 4.51e-02  6e-03  1e-01 20:55.0
  300   3300 -2.184210704637027e-01 1.1e+02 4.55e-02  6e-03  1e-01 20:59.2
  312   3432 -2.185589078496948e-01 1.0e+02 5.26e-02  7e-03  1e-01 21:49.4
  325   3575 -2.186994205853709e-01 1.0e+02 3.00e-02  3e-03  6e-02 22:44.3
  338   3718 -2.187972825978799e-01 8.9e+01 2.88e-02  3e-03  5e-02 23:38.7
  351   3861 -2.189137382880818e-01 8.5e+01 4.33e-02  4e-03  8e-02 24:33.1
  364   4004 -2.190526185714561e-01 8.0e+01 5.74e-02  5e-03  1e-01 25:27.5
  378   4158 -2.195302483914950e-01 1.0e+02 8.75e-02  7e-03  3e-01 26:26.1
  392   4312 -2.199735446926189e-01 1.4e+02 1.04e-01  8e-03  4e-01 27:24.7
  400   4400 -2.203914949724383e-01 1.5e+02 1.02e-01  8e-03  4e-01 27:58.1
  414   4554 -2.209286291091343e-01 1.7e+02 1.06e-01  8e-03  5e-01 28:56.7
  429   4719 -2.210587500358717e-01 1.8e+02 5.51e-02  4e-03  2e-01 29:59.3
  444   4884 -2.211255147217329e-01 1.8e+02 2.78e-02  2e-03  1e-01 31:02.0
  459   5049 -2.211554735104799e-01 2.2e+02 3.01e-02  2e-03  1e-01 32:04.5
  474   5214 -2.211679611945604e-01 2.3e+02 2.37e-02  1e-03  1e-01 33:07.2
  490   5390 -2.211737608175162e-01 2.3e+02 1.42e-02  7e-04  6e-02 34:14.0
  500   5500 -2.211769015262491e-01 2.3e+02 1.23e-02  6e-04  5e-02 34:55.8
  516   5676 -2.211829370318248e-01 2.3e+02 1.84e-02  8e-04  6e-02 36:02.6
  532   5852 -2.211885595301639e-01 2.3e+02 2.52e-02  1e-03  8e-02 37:09.4
  549   6039 -2.211912551665543e-01 2.7e+02 1.52e-02  6e-04  5e-02 38:20.3
  566   6226 -2.211928590005705e-01 2.8e+02 1.47e-02  5e-04  4e-02 39:31.3
  583   6413 -2.211940299195215e-01 2.8e+02 1.43e-02  5e-04  4e-02 40:42.3
  600   6600 -2.211964594459786e-01 2.9e+02 2.14e-02  6e-04  5e-02 41:53.2
  617   6787 -2.212415018333205e-01 3.2e+02 8.86e-02  2e-03  2e-01 43:04.3
  635   6985 -2.213422109556758e-01 3.7e+02 7.88e-02  2e-03  2e-01 44:19.4
  653   7183 -2.214020391092476e-01 3.7e+02 5.89e-02  2e-03  1e-01 45:34.7
  671   7381 -2.214384408260914e-01 3.4e+02 7.30e-02  2e-03  2e-01 46:49.9
  689   7579 -2.214543603680711e-01 3.2e+02 5.70e-02  2e-03  1e-01 48:05.1
  700   7700 -2.214653129168821e-01 3.3e+02 5.95e-02  2e-03  1e-01 48:51.0
  719   7909 -2.214842226942010e-01 3.4e+02 4.63e-02  1e-03  8e-02 50:10.4
  738   8118 -2.215064903399999e-01 3.4e+02 8.00e-02  2e-03  1e-01 51:29.8
  757   8327 -2.215308899937427e-01 3.6e+02 1.25e-01  3e-03  2e-01 52:49.2
  777   8547 -2.215545049779797e-01 3.8e+02 6.74e-02  1e-03  1e-01 54:12.7
  797   8767 -2.215795278282113e-01 3.6e+02 7.51e-02  1e-03  1e-01 55:36.4
  800   8800 -2.215851231376521e-01 3.6e+02 9.95e-02  2e-03  1e-01 55:48.9
  820   9020 -2.216057536991508e-01 3.6e+02 8.41e-02  1e-03  1e-01 57:12.4
  841   9251 -2.216170033456465e-01 3.5e+02 7.86e-02  1e-03  1e-01 58:40.2
  862   9482 -2.216201396237677e-01 3.4e+02 4.17e-02  6e-04  5e-02 60:08.0
  883   9713 -2.216213831997393e-01 3.3e+02 3.42e-02  5e-04  3e-02 61:35.8
  900   9900 -2.216216556599226e-01 3.1e+02 1.52e-02  2e-04  1e-02 62:46.9
  922  10142 -2.216217690204584e-01 3.2e+02 5.66e-03  6e-05  5e-03 64:18.9
  944  10384 -2.216217829395966e-01 3.2e+02 2.86e-03  3e-05  2e-03 65:50.9
  966  10626 -2.216217842550500e-01 3.4e+02 1.02e-03  9e-06  7e-04 67:22.9
  988  10868 -2.216217844594783e-01 3.8e+02 3.25e-04  2e-06  2e-04 68:54.9
 1000  11000 -2.216217844637548e-01 4.0e+02 2.19e-04  1e-06  1e-04 69:45.1
Budget constraint satisfied 1122.70263671875 1443 Difference:  320.29736328125
Budget constraint satisfied 1262.0364990234375 1443 Difference:  180.9635009765625
two_most_probable_states: ['1010100', '0000001']
final_expectation_value: -0.22162178446464142
params: [3.772596899326594, -3.4367651051270447, 1.1923750455604452, 1.253771737888737, 16.49695324858546, -0.20194710439795624, 11.664737318245034, 1.8886681434268604, 2.8681777312332897, -0.42127090219546076, 1.3264880538889359, 2.340544767235072, 2.2793447322975458, 1.588263022040441]
total_steps: 1000
states_probs: [0.034407030032606034, 0.04033203817583858]
optimized_portfolios: [{'HD': 1, 'MSFT': 1, 'V': 1}, {'HD': 0, 'MSFT': 0, 'V': 4}]
objective_values: [-1.8144602383225195, -9.690560342741758]
result_with_budget: [{'portfolio': {'HD': 1, 'MSFT': 1, 'V': 1}, 'budget': 1122.70263671875, 'difference': 320.29736328125}, {'portfolio': {'HD': 0, 'MSFT': 0, 'V': 4}, 'budget': 1262.0364990234375, 'difference': 180.9635009765625}]
Batch 12/100 completed. Results saved to portfolio_optimization_results_batch_11.json
Job finished at Fri Mar 21 17:15:17 EET 2025
