Running job array 53 on milan26.int.triton.aalto.fi
Starting at Sat Mar 22 10:19:10 EET 2025
Activating virtual environment at /scratch/work/uotilav2/quantum-portfolio/venv
Processing batch 54/100: experiments 53 to 53 (total 1)
Processing experiment 53
Budget: 4081
YF.download() has changed argument auto_adjust default to True
Number of qubits for asset CAT: 4
Number of qubits for asset CVX: 5
Number of qubits for asset HON: 5
Total number of qubits:  14
Optimized Weights (considering variance, skewness and kurtosis):
CAT: 100.00%
CVX: 0.00%
HON: 0.00%
Left over budget:  105.21536214294474
Optimized Discrete Allocation:
CAT: 11
Maximized utility from continuous higher moments:  -260.4405101729321
Budget constraint not satisfied 4083.235565185547 4081 Difference:  -2.235565185546875
smallest_eigenvalues: [-0.11412303723219841]
smallest_bitstrings: ['11101100010100']
first_excited_energy: None
optimized_portfolio: [{'CAT': 7, 'CVX': 3, 'HON': 5}]
second_optimized_portfolio: None
result_with_budget: [{'portfolio': {'CAT': 7, 'CVX': 3, 'HON': 5}, 'budget': 4083.235565185547, 'difference': -2.235565185546875, 'objective_value': -765.1597175952662}]
result_with_budget_excited: None
Initial params:  [2.51063067 1.44978017 2.45210473 0.37157007 2.01037118 0.45035763
 2.96776493 1.63943485 1.3026989  0.83112597 2.43232687 1.43303853
 1.78578792 0.0590299  1.94035914 1.92295543 1.93815531 2.96487203
 2.14200164 1.12942738]
(6_w,12)-aCMA-ES (mu_w=3.7,w_1=40%) in dimension 20 (seed=735384, Sat Mar 22 10:25:26 2025)
Iterat #Fevals   function value  axis ratio  sigma  min&max std  t[m:s]
    1     12 -6.524386790580419e-02 1.0e+00 9.38e-02  9e-02  1e-01 1:52.4
    2     24 -7.995325069021239e-02 1.1e+00 9.51e-02  9e-02  1e-01 3:43.9
    3     36 -8.630879193342285e-02 1.2e+00 1.00e-01  1e-01  1e-01 5:32.9
    4     48 -8.668154110861027e-02 1.2e+00 1.07e-01  1e-01  1e-01 7:27.3
    5     60 -8.712281116893700e-02 1.3e+00 1.12e-01  1e-01  1e-01 9:21.3
    6     72 -8.647010717862139e-02 1.4e+00 1.17e-01  1e-01  1e-01 11:15.4
    7     84 -8.923608717524635e-02 1.4e+00 1.23e-01  1e-01  1e-01 13:09.9
    8     96 -8.438695350557632e-02 1.4e+00 1.25e-01  1e-01  1e-01 15:04.3
    9    108 -8.959367587962531e-02 1.5e+00 1.32e-01  1e-01  1e-01 16:58.9
   10    120 -8.845098952867463e-02 1.6e+00 1.35e-01  1e-01  2e-01 18:52.8
   11    132 -8.688224967219269e-02 1.6e+00 1.30e-01  1e-01  1e-01 20:46.7
   12    144 -8.777638281947403e-02 1.6e+00 1.28e-01  1e-01  1e-01 22:40.2
   13    156 -8.684604893571993e-02 1.7e+00 1.30e-01  1e-01  1e-01 24:32.6
   14    168 -8.774261674193058e-02 1.7e+00 1.25e-01  1e-01  1e-01 26:25.2
   15    180 -8.656888239535267e-02 1.7e+00 1.20e-01  1e-01  1e-01 28:20.9
   16    192 -8.679922803649512e-02 1.7e+00 1.18e-01  1e-01  1e-01 30:16.3
   17    204 -8.605390970710801e-02 1.7e+00 1.13e-01  1e-01  1e-01 32:12.0
   18    216 -8.670823942791402e-02 1.7e+00 1.08e-01  1e-01  1e-01 34:07.9
   19    228 -8.663249891891635e-02 1.8e+00 1.04e-01  9e-02  1e-01 36:03.4
   20    240 -8.790357706862573e-02 1.8e+00 1.04e-01  9e-02  1e-01 37:59.1
   21    252 -8.702620032123456e-02 1.8e+00 1.06e-01  1e-01  1e-01 39:48.2
   22    264 -8.571912916684149e-02 1.8e+00 1.08e-01  1e-01  1e-01 41:32.7
   23    276 -8.919794238239961e-02 1.8e+00 1.08e-01  1e-01  1e-01 43:17.0
   24    288 -8.786099247947439e-02 1.8e+00 1.07e-01  1e-01  1e-01 44:58.9
   25    300 -8.769850685590266e-02 1.8e+00 1.07e-01  1e-01  1e-01 46:40.0
   26    312 -8.847796382504600e-02 1.8e+00 1.05e-01  1e-01  1e-01 48:21.3
   27    324 -8.727562789198164e-02 1.8e+00 1.00e-01  9e-02  1e-01 49:59.6
   28    336 -8.997555419674835e-02 1.9e+00 9.71e-02  9e-02  1e-01 51:39.5
   29    348 -8.911559252853071e-02 1.9e+00 9.21e-02  8e-02  1e-01 53:20.5
   30    360 -8.776009773341986e-02 1.9e+00 8.57e-02  8e-02  9e-02 55:00.9
   31    372 -8.810731939818173e-02 1.9e+00 8.14e-02  7e-02  9e-02 56:40.5
   32    384 -8.848181001773534e-02 2.0e+00 8.06e-02  7e-02  9e-02 58:19.9
   33    396 -8.925848081532708e-02 2.0e+00 7.77e-02  7e-02  8e-02 59:59.7
   34    408 -8.841484722324654e-02 2.0e+00 7.60e-02  7e-02  8e-02 61:39.2
   35    420 -8.779362134765262e-02 2.0e+00 7.38e-02  6e-02  8e-02 63:19.2
   36    432 -8.914917393037167e-02 2.0e+00 7.30e-02  6e-02  8e-02 64:55.0
   37    444 -8.968663534939669e-02 2.1e+00 7.15e-02  6e-02  8e-02 66:31.3
   38    456 -9.002387292118065e-02 2.1e+00 7.02e-02  6e-02  8e-02 68:07.0
   39    468 -8.931469990156481e-02 2.1e+00 7.13e-02  6e-02  8e-02 69:43.4
   40    480 -9.055356538469878e-02 2.1e+00 7.11e-02  6e-02  8e-02 71:19.7
   41    492 -8.973771897948331e-02 2.2e+00 6.92e-02  6e-02  8e-02 72:55.7
   42    504 -8.985863440358755e-02 2.2e+00 6.76e-02  6e-02  7e-02 74:32.0
   43    516 -8.943460473609907e-02 2.2e+00 6.41e-02  6e-02  7e-02 76:07.7
   44    528 -9.055366814683213e-02 2.2e+00 6.14e-02  5e-02  7e-02 77:43.7
   45    540 -9.080455537163219e-02 2.2e+00 6.16e-02  5e-02  7e-02 79:19.8
   46    552 -9.083852778512623e-02 2.2e+00 6.10e-02  5e-02  7e-02 80:56.1
   47    564 -9.088846048019023e-02 2.3e+00 6.02e-02  5e-02  7e-02 82:31.9
   48    576 -9.091707364540090e-02 2.3e+00 5.88e-02  5e-02  6e-02 84:08.0
   49    588 -9.169371913065281e-02 2.3e+00 5.88e-02  5e-02  6e-02 85:43.8
   50    600 -9.098946193641844e-02 2.3e+00 6.10e-02  5e-02  7e-02 87:20.2
   51    612 -9.162877584457306e-02 2.4e+00 6.39e-02  5e-02  7e-02 88:55.8
   52    624 -9.187954632131441e-02 2.4e+00 6.61e-02  6e-02  7e-02 90:31.5
   53    636 -9.213117142381975e-02 2.5e+00 6.50e-02  6e-02  7e-02 92:07.7
   54    648 -9.209003195713028e-02 2.5e+00 6.49e-02  6e-02  7e-02 93:43.8
   55    660 -9.234225145769183e-02 2.6e+00 6.53e-02  6e-02  7e-02 95:20.1
   56    672 -9.253321994791217e-02 2.7e+00 6.53e-02  6e-02  7e-02 96:56.2
   57    684 -9.229056767743074e-02 2.7e+00 6.33e-02  5e-02  7e-02 98:32.2
   58    696 -9.286630583961863e-02 2.8e+00 6.54e-02  6e-02  7e-02 100:07.8
   59    708 -9.261096660513538e-02 2.9e+00 6.73e-02  6e-02  7e-02 101:44.0
   60    720 -9.239443640424398e-02 2.9e+00 7.17e-02  6e-02  8e-02 103:19.7
   61    732 -9.326595166412800e-02 3.0e+00 7.44e-02  6e-02  8e-02 104:52.2
   62    744 -9.290706046188169e-02 3.1e+00 7.45e-02  6e-02  8e-02 106:24.3
   63    756 -9.188816631845434e-02 3.1e+00 7.40e-02  6e-02  8e-02 107:56.3
   64    768 -9.241415123789420e-02 3.2e+00 7.48e-02  6e-02  8e-02 109:28.5
   65    780 -9.238616876107580e-02 3.3e+00 7.65e-02  6e-02  9e-02 111:00.8
   66    792 -9.295967435429885e-02 3.3e+00 7.69e-02  6e-02  9e-02 112:34.2
   67    804 -9.372654898775483e-02 3.4e+00 7.69e-02  6e-02  9e-02 114:16.6
   68    816 -9.354549467684514e-02 3.4e+00 7.63e-02  6e-02  9e-02 115:59.4
   69    828 -9.405938721674327e-02 3.6e+00 7.71e-02  6e-02  9e-02 117:42.4
   70    840 -9.375441028168453e-02 3.7e+00 7.77e-02  6e-02  9e-02 119:25.1
   71    852 -9.397635656648311e-02 3.7e+00 7.74e-02  6e-02  9e-02 121:07.1
   72    864 -9.410322332685642e-02 3.7e+00 7.60e-02  6e-02  9e-02 122:49.4
   73    876 -9.456113223966847e-02 3.7e+00 7.52e-02  6e-02  9e-02 124:31.7
   74    888 -9.459014298351036e-02 3.8e+00 7.52e-02  6e-02  9e-02 126:14.1
   75    900 -9.530612118678169e-02 3.9e+00 7.56e-02  6e-02  9e-02 127:56.6
   76    912 -9.495886826470427e-02 4.0e+00 7.51e-02  6e-02  9e-02 129:38.7
   77    924 -9.528004866507127e-02 4.1e+00 7.66e-02  6e-02  9e-02 131:21.1
   78    936 -9.575736566270537e-02 4.2e+00 7.78e-02  7e-02  9e-02 133:03.5
   79    948 -9.706136397822310e-02 4.3e+00 7.91e-02  7e-02  9e-02 134:46.4
   80    960 -9.682808928394786e-02 4.4e+00 7.98e-02  7e-02  9e-02 136:28.6
   81    972 -9.673703549579933e-02 4.5e+00 7.93e-02  7e-02  9e-02 138:10.9
   82    984 -9.542025134595554e-02 4.7e+00 8.05e-02  7e-02  1e-01 139:53.0
   83    996 -9.739713448771727e-02 4.8e+00 8.22e-02  7e-02  1e-01 141:35.2
   84   1008 -9.690387026333108e-02 4.9e+00 8.22e-02  7e-02  1e-01 143:18.1
   85   1020 -9.684887831552032e-02 4.9e+00 8.03e-02  7e-02  1e-01 145:00.6
   86   1032 -9.721047107813091e-02 5.0e+00 8.15e-02  7e-02  1e-01 146:42.9
   87   1044 -9.813435076287831e-02 5.1e+00 8.54e-02  7e-02  1e-01 148:23.2
   88   1056 -9.769039693667714e-02 5.3e+00 8.59e-02  7e-02  1e-01 150:03.9
   89   1068 -9.871661839209317e-02 5.4e+00 8.54e-02  7e-02  1e-01 151:45.8
   90   1080 -9.827526735531425e-02 5.7e+00 8.07e-02  7e-02  1e-01 153:28.0
   91   1092 -9.781768551280842e-02 5.7e+00 7.58e-02  7e-02  9e-02 155:10.0
   92   1104 -9.756126276789839e-02 5.8e+00 7.44e-02  6e-02  9e-02 156:50.0
   93   1116 -9.833127802829635e-02 5.9e+00 7.29e-02  6e-02  9e-02 158:32.4
   94   1128 -9.844600417241951e-02 5.9e+00 7.24e-02  6e-02  9e-02 160:14.6
   95   1140 -9.803224172682833e-02 5.9e+00 7.18e-02  6e-02  9e-02 161:56.7
   96   1152 -9.765314876099093e-02 5.9e+00 7.08e-02  6e-02  9e-02 163:38.6
   97   1164 -9.929575688972649e-02 6.0e+00 7.00e-02  6e-02  9e-02 165:21.1
   98   1176 -9.894082597269720e-02 6.0e+00 6.96e-02  6e-02  9e-02 167:03.1
   99   1188 -9.891868698256440e-02 6.1e+00 6.96e-02  6e-02  9e-02 168:45.2
  100   1200 -9.814681233659159e-02 6.2e+00 6.91e-02  6e-02  9e-02 170:27.3
  101   1212 -9.916873307559909e-02 6.3e+00 6.79e-02  6e-02  8e-02 172:09.2
  102   1224 -9.927921239615971e-02 6.3e+00 6.76e-02  6e-02  8e-02 173:51.6
  103   1236 -9.973261514866480e-02 6.4e+00 6.88e-02  6e-02  9e-02 175:34.3
  105   1260 -9.942208977965454e-02 6.7e+00 6.76e-02  5e-02  8e-02 178:58.0
  107   1284 -9.922244464383842e-02 6.8e+00 6.76e-02  5e-02  8e-02 182:22.0
  109   1308 -9.965314695306221e-02 7.1e+00 6.75e-02  5e-02  8e-02 185:46.6
  111   1332 -9.862233931210772e-02 7.2e+00 6.28e-02  5e-02  8e-02 189:09.9
  113   1356 -9.927194404074252e-02 7.3e+00 5.94e-02  5e-02  7e-02 192:30.7
  115   1380 -9.949983774416141e-02 7.5e+00 5.68e-02  4e-02  7e-02 195:55.0
  117   1404 -9.951962992275225e-02 7.8e+00 5.27e-02  4e-02  7e-02 199:15.2
  119   1428 -9.939825248788527e-02 7.9e+00 4.59e-02  3e-02  6e-02 202:40.0
  121   1452 -9.950778410773002e-02 8.1e+00 4.27e-02  3e-02  5e-02 206:04.5
  123   1476 -9.961624845548848e-02 8.2e+00 3.88e-02  3e-02  5e-02 209:29.4
  125   1500 -9.978810114838486e-02 8.3e+00 3.70e-02  3e-02  5e-02 212:53.6
  127   1524 -9.971663841278586e-02 8.4e+00 3.54e-02  3e-02  5e-02 216:17.5
  129   1548 -1.001610974652416e-01 8.3e+00 3.60e-02  3e-02  5e-02 219:42.0
  131   1572 -1.002251208391469e-01 8.6e+00 3.62e-02  3e-02  5e-02 223:06.3
  133   1596 -1.003080440724645e-01 8.7e+00 3.80e-02  3e-02  5e-02 226:30.8
  135   1620 -1.003902198958586e-01 8.8e+00 3.98e-02  3e-02  5e-02 229:56.0
  137   1644 -1.005533874634413e-01 8.8e+00 4.21e-02  3e-02  5e-02 233:18.3
  139   1668 -1.007661296853241e-01 9.1e+00 4.20e-02  3e-02  5e-02 236:42.1
  141   1692 -1.008760606145706e-01 9.2e+00 4.33e-02  3e-02  5e-02 240:04.4
  143   1716 -1.007438495194894e-01 9.3e+00 4.42e-02  3e-02  6e-02 243:30.7
  145   1740 -1.008301898562761e-01 9.5e+00 4.32e-02  3e-02  5e-02 246:57.3
  147   1764 -1.014139897152469e-01 9.5e+00 4.38e-02  3e-02  5e-02 250:23.2
  149   1788 -1.013861010928575e-01 9.6e+00 4.30e-02  3e-02  5e-02 253:49.1
  151   1812 -1.014760705159343e-01 9.8e+00 4.29e-02  3e-02  6e-02 257:14.5
  153   1836 -1.015663793951904e-01 9.9e+00 4.49e-02  4e-02  6e-02 260:40.4
  155   1860 -1.016153471731788e-01 1.0e+01 4.50e-02  4e-02  6e-02 264:06.5
  157   1884 -1.018002430886604e-01 1.0e+01 4.54e-02  4e-02  6e-02 267:32.4
  159   1908 -1.019178923466916e-01 1.0e+01 4.61e-02  4e-02  6e-02 270:58.5
  161   1932 -1.019350352797915e-01 1.1e+01 4.66e-02  4e-02  6e-02 274:21.9
  163   1956 -1.017942603308071e-01 1.1e+01 4.20e-02  3e-02  6e-02 277:57.3
  165   1980 -1.019856725149488e-01 1.1e+01 3.82e-02  3e-02  5e-02 281:41.7
  167   2004 -1.019015430031927e-01 1.1e+01 3.32e-02  3e-02  4e-02 285:30.3
  169   2028 -1.019170920520531e-01 1.1e+01 2.97e-02  2e-02  4e-02 289:19.8
  171   2052 -1.020174978072687e-01 1.2e+01 2.80e-02  2e-02  4e-02 293:08.3
  173   2076 -1.020858741763691e-01 1.2e+01 2.70e-02  2e-02  3e-02 296:58.5
  175   2100 -1.022107014686106e-01 1.2e+01 2.54e-02  2e-02  3e-02 300:48.0
  177   2124 -1.021978748937859e-01 1.2e+01 2.52e-02  2e-02  3e-02 304:37.1
  179   2148 -1.022286669750613e-01 1.2e+01 2.80e-02  2e-02  4e-02 308:25.8
  181   2172 -1.022371353154842e-01 1.3e+01 2.87e-02  2e-02  4e-02 312:14.2
  183   2196 -1.023392632556364e-01 1.3e+01 2.94e-02  2e-02  4e-02 315:53.0
  185   2220 -1.023518827605992e-01 1.3e+01 2.77e-02  2e-02  4e-02 319:36.3
  187   2244 -1.023930866557005e-01 1.3e+01 2.63e-02  2e-02  3e-02 323:23.5
  189   2268 -1.025009317667073e-01 1.4e+01 2.74e-02  2e-02  4e-02 327:07.6
  191   2292 -1.026102109512352e-01 1.4e+01 3.37e-02  3e-02  5e-02 330:55.4
  193   2316 -1.026802960319018e-01 1.4e+01 3.91e-02  3e-02  5e-02 334:42.6
  195   2340 -1.027598130796176e-01 1.4e+01 4.34e-02  3e-02  6e-02 338:29.3
  197   2364 -1.028834662932808e-01 1.4e+01 4.35e-02  3e-02  6e-02 342:10.3
  199   2388 -1.029806797791188e-01 1.4e+01 4.62e-02  3e-02  6e-02 345:44.1
  200   2400 -1.031029893282116e-01 1.4e+01 4.82e-02  4e-02  6e-02 347:31.3
  202   2424 -1.032621821217280e-01 1.4e+01 5.34e-02  4e-02  7e-02 351:05.0
  204   2448 -1.030652547629248e-01 1.5e+01 5.52e-02  4e-02  7e-02 354:38.9
  206   2472 -1.031439934450153e-01 1.5e+01 5.22e-02  4e-02  7e-02 358:11.9
  208   2496 -1.033047087631423e-01 1.6e+01 4.99e-02  4e-02  7e-02 361:42.7
  210   2520 -1.032701714824987e-01 1.6e+01 4.82e-02  4e-02  6e-02 365:16.4
  212   2544 -1.033168580470073e-01 1.6e+01 4.64e-02  3e-02  6e-02 368:47.4
  214   2568 -1.035000345739658e-01 1.6e+01 4.63e-02  3e-02  6e-02 372:20.9
  216   2592 -1.036602365977814e-01 1.7e+01 5.15e-02  4e-02  7e-02 375:54.9
  218   2616 -1.036570946380761e-01 1.7e+01 5.40e-02  4e-02  8e-02 379:28.6
  220   2640 -1.037039203376425e-01 1.7e+01 5.68e-02  4e-02  8e-02 383:02.1
  222   2664 -1.036155016782187e-01 1.8e+01 5.38e-02  4e-02  8e-02 386:36.0
  224   2688 -1.036698230099488e-01 1.8e+01 5.03e-02  4e-02  7e-02 390:09.2
  226   2712 -1.036985562497202e-01 1.8e+01 4.78e-02  3e-02  7e-02 393:42.7
  228   2736 -1.037844290034799e-01 1.9e+01 4.46e-02  3e-02  6e-02 397:17.3
  230   2760 -1.037639059752761e-01 1.9e+01 4.40e-02  3e-02  6e-02 400:51.1
  232   2784 -1.037841446808386e-01 2.0e+01 4.69e-02  3e-02  7e-02 404:21.4
  234   2808 -1.037437101350763e-01 2.0e+01 4.77e-02  3e-02  7e-02 407:55.1
  236   2832 -1.038011517421214e-01 2.1e+01 5.15e-02  4e-02  8e-02 411:26.0
  238   2856 -1.037947527212291e-01 2.2e+01 5.00e-02  4e-02  7e-02 415:00.1
  240   2880 -1.037300033140322e-01 2.2e+01 4.88e-02  3e-02  7e-02 418:34.1
  242   2904 -1.038073592951691e-01 2.3e+01 4.99e-02  4e-02  8e-02 422:07.7
  244   2928 -1.038273689582375e-01 2.4e+01 4.65e-02  3e-02  7e-02 425:41.4
  246   2952 -1.038785157002601e-01 2.4e+01 4.06e-02  3e-02  6e-02 429:15.4
  248   2976 -1.038898973525835e-01 2.4e+01 3.73e-02  3e-02  6e-02 432:49.6
  250   3000 -1.038678828148328e-01 2.4e+01 3.63e-02  3e-02  5e-02 436:23.4
  252   3024 -1.039282207103773e-01 2.4e+01 3.51e-02  2e-02  5e-02 439:57.2
  254   3048 -1.038882315175989e-01 2.4e+01 3.51e-02  2e-02  5e-02 443:29.9
  256   3072 -1.038592072164413e-01 2.5e+01 3.59e-02  3e-02  5e-02 446:51.3
  258   3096 -1.038687620879788e-01 2.5e+01 3.67e-02  3e-02  5e-02 450:25.1
  260   3120 -1.039274761836512e-01 2.6e+01 3.67e-02  3e-02  5e-02 453:56.2
  262   3144 -1.038929210577301e-01 2.6e+01 3.64e-02  3e-02  5e-02 457:30.2
  264   3168 -1.038860616002190e-01 2.6e+01 3.36e-02  2e-02  5e-02 461:04.7
  266   3192 -1.039040765628194e-01 2.6e+01 2.97e-02  2e-02  4e-02 464:37.3
  268   3216 -1.039449265129867e-01 2.6e+01 2.84e-02  2e-02  4e-02 468:11.0
  270   3240 -1.039172622974706e-01 2.7e+01 2.78e-02  2e-02  4e-02 471:45.0
  272   3264 -1.039264172112043e-01 2.7e+01 2.66e-02  2e-02  4e-02 475:19.1
  274   3288 -1.039377741369822e-01 2.7e+01 2.61e-02  2e-02  4e-02 478:53.1
  276   3312 -1.039307129668883e-01 2.7e+01 2.52e-02  2e-02  4e-02 482:26.5
  278   3336 -1.039483773464081e-01 2.8e+01 2.45e-02  2e-02  4e-02 485:59.7
  280   3360 -1.039542893987290e-01 2.8e+01 2.26e-02  1e-02  3e-02 489:31.9
  282   3384 -1.039453278251979e-01 2.9e+01 2.02e-02  1e-02  3e-02 493:02.1
  284   3408 -1.039563995697249e-01 2.9e+01 1.77e-02  1e-02  3e-02 496:35.9
  286   3432 -1.039502947761472e-01 2.9e+01 1.66e-02  1e-02  2e-02 500:10.3
  288   3456 -1.039614441078036e-01 2.9e+01 1.56e-02  1e-02  2e-02 503:44.2
  290   3480 -1.039697251155720e-01 3.0e+01 1.59e-02  1e-02  2e-02 507:17.5
  292   3504 -1.039726709624533e-01 3.0e+01 1.49e-02  1e-02  2e-02 510:50.6
  294   3528 -1.039732202071707e-01 3.0e+01 1.40e-02  9e-03  2e-02 514:24.2
  296   3552 -1.039887321840485e-01 3.1e+01 1.35e-02  9e-03  2e-02 517:57.9
  298   3576 -1.039926745797573e-01 3.1e+01 1.40e-02  9e-03  2e-02 521:30.6
  300   3600 -1.039949889721306e-01 3.1e+01 1.51e-02  1e-02  2e-02 525:01.7
Budget constraint satisfied 3116.167236328125 4081 Difference:  964.832763671875
Budget constraint satisfied 3177.98193359375 4081 Difference:  903.01806640625
two_most_probable_states: ['00010000010000', '00010100000000']
final_expectation_value: -0.10399498897213058
params: [3.2100840720301926, 1.908019846618222, 2.127650818098397, 1.529594516045123, 3.2430565062260412, -1.6288337461795401, 3.6835923328270224, 1.4139441746746033, 2.3679132065416733, 0.5311285839258798, 1.6335840639117898, 3.121420382720598, 2.401444268058685, -0.11743331874708561, 1.9876876646242032, 2.1757465686201662, 2.537954898107285, 2.5766598976794883, 1.1909385377442756, 1.5124637783534067]
total_steps: 300
states_probs: [0.0006211559347429505, 0.0006214588749803144]
optimized_portfolios: [{'CAT': 8, 'CVX': 0, 'HON': 1}, {'CAT': 8, 'CVX': 2, 'HON': 0}]
objective_values: [-91.0831305377429, -131.5957084159037]
result_with_budget: [{'portfolio': {'CAT': 8, 'CVX': 0, 'HON': 1}, 'budget': 3116.167236328125, 'difference': 964.832763671875}, {'portfolio': {'CAT': 8, 'CVX': 2, 'HON': 0}, 'budget': 3177.98193359375, 'difference': 903.01806640625}]
Batch 54/100 completed. Results saved to portfolio_optimization_results_batch_53.json
Job finished at Sat Mar 22 19:11:02 EET 2025
