Running job array 6 on milan6.int.triton.aalto.fi
Starting at Wed Mar 12 12:45:19 EET 2025
Activating virtual environment at /scratch/work/uotilav2/quantum-portfolio/venv
Processing batch 7/20: experiments 137 to 158 (total 22)
Processing experiment 137
Budget: 530.3674392700195
YF.download() has changed argument auto_adjust default to True
Number of qubits for asset HON: 2
Number of qubits for asset PG: 2
Number of qubits for asset VZ: 4
Total number of qubits:  8
Optimized Weights (considering variance, skewness and kurtosis):
HON: 57.60%
PG: 40.89%
VZ: 1.51%
Left over budget:  99.75230550237944
Optimized Discrete Allocation:
HON: 1
PG: 1
VZ: 1
Maximized utility from continuous higher moments:  2.5510625133996205
Budget constraint satisfied 527.9624404907227 530.3674392700195 Difference:  2.404998779296875
Budget constraint satisfied 529.7364234924316 530.3674392700195 Difference:  0.6310157775878906
smallest_eigenvalues: [-0.21742075570980232]
smallest_bitstrings: ['01000100']
first_excited_energy: -0.21742041605923054
optimized_portfolio: [{'HON': 2, 'PG': 0, 'VZ': 2}]
second_optimized_portfolio: [{'HON': 0, 'PG': 2, 'VZ': 5}]
result_with_budget: [{'portfolio': {'HON': 2, 'PG': 0, 'VZ': 2}, 'budget': 527.9624404907227, 'difference': 2.404998779296875, 'objective_value': 2.506162377181889}]
result_with_budget_excited: [{'portfolio': {'HON': 0, 'PG': 2, 'VZ': 5}, 'budget': 529.7364234924316, 'difference': 0.6310157775878906, 'objective_value': -20.874574223471605}]
Initial params:  [2.61575239 2.44465153 2.73322377 3.07442019 2.51063067 1.44978017
 2.45210473 0.37157007 2.01037118 0.45035763 2.96776493 1.63943485
 1.3026989  0.83112597 2.43232687 1.43303853]
(6_w,12)-aCMA-ES (mu_w=3.7,w_1=40%) in dimension 16 (seed=805544, Wed Mar 12 12:45:37 2025)
Iterat #Fevals   function value  axis ratio  sigma  min&max std  t[m:s]
    1     12 2.592471282121341e-02 1.0e+00 9.53e-02  9e-02  1e-01 0:07.1
    2     24 -1.186839607765554e-02 1.1e+00 9.44e-02  9e-02  1e-01 0:14.1
    3     36 -2.396074232527911e-02 1.2e+00 9.41e-02  9e-02  1e-01 0:21.3
    4     48 -2.989157928647757e-02 1.2e+00 9.53e-02  9e-02  1e-01 0:28.2
    5     60 -5.903898216414042e-02 1.3e+00 1.02e-01  1e-01  1e-01 0:35.2
    6     72 -1.048805926285545e-01 1.3e+00 1.12e-01  1e-01  1e-01 0:42.1
    7     84 -1.346048393719421e-01 1.4e+00 1.17e-01  1e-01  1e-01 0:49.1
    9    108 -9.508149856032391e-02 1.6e+00 1.26e-01  1e-01  1e-01 1:02.9
   11    132 -1.214733497473383e-01 1.6e+00 1.33e-01  1e-01  1e-01 1:16.5
   13    156 -1.251268199855836e-01 1.7e+00 1.61e-01  2e-01  2e-01 1:30.2
   15    180 -1.439690882657606e-01 1.8e+00 1.73e-01  2e-01  2e-01 1:44.0
   17    204 -1.638915629410657e-01 1.9e+00 1.71e-01  2e-01  2e-01 1:57.9
   19    228 -1.338507592785443e-01 2.0e+00 1.92e-01  2e-01  2e-01 2:11.5
   21    252 -1.541869410222262e-01 2.2e+00 2.10e-01  2e-01  3e-01 2:25.4
   24    288 -1.489330027175144e-01 2.3e+00 2.08e-01  2e-01  3e-01 2:45.9
   27    324 -1.571254188411743e-01 2.3e+00 1.81e-01  2e-01  2e-01 3:06.6
   30    360 -1.495053815878737e-01 2.4e+00 1.84e-01  2e-01  2e-01 3:27.1
   33    396 -1.621325815248374e-01 2.6e+00 2.03e-01  2e-01  2e-01 3:47.7
   36    432 -1.588578053355209e-01 2.8e+00 1.97e-01  2e-01  2e-01 4:08.5
   39    468 -1.553249634656527e-01 2.9e+00 1.89e-01  2e-01  2e-01 4:29.0
   42    504 -1.579088492147232e-01 3.1e+00 1.76e-01  1e-01  2e-01 4:49.4
   46    552 -1.682822518944345e-01 3.3e+00 1.58e-01  1e-01  2e-01 5:17.1
   50    600 -1.806685610303896e-01 3.4e+00 1.36e-01  1e-01  2e-01 5:44.2
   54    648 -1.803158986108656e-01 3.8e+00 1.47e-01  1e-01  2e-01 6:11.7
   58    696 -1.807423573081338e-01 4.1e+00 1.44e-01  1e-01  2e-01 6:39.0
   62    744 -1.809216405096191e-01 4.4e+00 1.55e-01  1e-01  2e-01 7:06.4
   66    792 -1.750469387104136e-01 4.8e+00 1.69e-01  1e-01  2e-01 7:33.8
   70    840 -1.802086043718716e-01 4.9e+00 1.30e-01  1e-01  2e-01 8:01.1
   75    900 -1.862468891556112e-01 5.1e+00 1.05e-01  8e-02  1e-01 8:35.0
   80    960 -1.881464116215135e-01 5.3e+00 9.36e-02  7e-02  1e-01 9:09.3
   85   1020 -1.899035929065472e-01 5.8e+00 7.24e-02  5e-02  9e-02 9:43.4
   90   1080 -1.912394487496791e-01 6.0e+00 6.01e-02  4e-02  8e-02 10:17.7
   95   1140 -1.933508897758478e-01 6.7e+00 6.60e-02  4e-02  9e-02 10:52.1
  100   1200 -1.932933383175742e-01 7.3e+00 7.30e-02  4e-02  1e-01 11:26.4
  105   1260 -1.946228254495211e-01 8.0e+00 6.57e-02  4e-02  1e-01 12:00.7
  111   1332 -1.953621425771271e-01 1.0e+01 7.12e-02  4e-02  1e-01 12:41.7
  117   1404 -1.973303275174810e-01 1.1e+01 7.46e-02  4e-02  1e-01 13:22.8
  123   1476 -1.977837898825976e-01 1.2e+01 6.36e-02  3e-02  1e-01 14:03.9
  129   1548 -1.976025571194804e-01 1.3e+01 6.58e-02  3e-02  1e-01 14:45.3
  135   1620 -1.985746252647840e-01 1.5e+01 5.85e-02  3e-02  1e-01 15:26.3
  141   1692 -1.991540470181055e-01 1.5e+01 5.13e-02  3e-02  1e-01 16:07.6
  147   1764 -1.995071260630744e-01 1.6e+01 4.13e-02  2e-02  8e-02 16:48.7
  154   1848 -2.003865284565649e-01 1.8e+01 4.53e-02  2e-02  9e-02 17:36.6
  161   1932 -2.011012565130139e-01 2.0e+01 7.00e-02  3e-02  1e-01 18:24.8
  168   2016 -2.014211567473385e-01 2.3e+01 6.06e-02  3e-02  1e-01 19:13.0
  175   2100 -2.014770617209387e-01 2.5e+01 5.24e-02  2e-02  1e-01 20:00.4
  182   2184 -2.021270137867833e-01 2.6e+01 4.32e-02  2e-02  9e-02 20:48.6
  189   2268 -2.024825649004096e-01 2.8e+01 5.22e-02  2e-02  1e-01 21:36.7
  197   2364 -2.027153368178451e-01 2.9e+01 3.71e-02  1e-02  7e-02 22:31.5
  200   2400 -2.027702713714859e-01 3.0e+01 3.55e-02  1e-02  7e-02 22:52.0
  208   2496 -2.028692338499213e-01 3.4e+01 2.88e-02  1e-02  6e-02 23:46.7
  216   2592 -2.029405804606844e-01 3.8e+01 1.99e-02  7e-03  4e-02 24:41.3
  224   2688 -2.029848158975752e-01 3.9e+01 1.48e-02  5e-03  3e-02 25:36.4
  232   2784 -2.030121563203447e-01 4.2e+01 1.52e-02  5e-03  3e-02 26:31.0
  240   2880 -2.030480805978675e-01 4.7e+01 1.61e-02  5e-03  4e-02 27:25.9
  249   2988 -2.031202018008031e-01 5.6e+01 2.02e-02  6e-03  5e-02 28:27.4
  258   3096 -2.032278872053865e-01 7.3e+01 2.97e-02  8e-03  9e-02 29:28.9
  267   3204 -2.034365644316307e-01 8.7e+01 4.36e-02  1e-02  1e-01 30:30.9
  276   3312 -2.036227222479029e-01 1.1e+02 3.99e-02  1e-02  1e-01 31:32.5
  285   3420 -2.038022410091019e-01 1.3e+02 5.88e-02  1e-02  3e-01 32:34.3
  294   3528 -2.040335087147803e-01 1.6e+02 5.34e-02  1e-02  3e-01 33:36.1
  300   3600 -2.041317513567062e-01 1.6e+02 3.65e-02  9e-03  2e-01 34:17.0
  310   3720 -2.042232917560209e-01 1.6e+02 2.76e-02  7e-03  1e-01 35:25.7
  320   3840 -2.044195415947182e-01 1.6e+02 3.61e-02  9e-03  2e-01 36:33.9
  330   3960 -2.047092518089932e-01 1.7e+02 3.98e-02  1e-02  2e-01 37:42.5
  340   4080 -2.052831429283947e-01 2.0e+02 6.67e-02  2e-02  4e-01 38:50.8
  350   4200 -2.061943582961097e-01 2.0e+02 6.67e-02  1e-02  4e-01 39:59.1
  360   4320 -2.057036543933073e-01 2.0e+02 8.36e-02  2e-02  5e-01 41:07.1
  370   4440 -2.065579992250645e-01 2.0e+02 5.69e-02  1e-02  3e-01 42:15.8
  381   4572 -2.069323008033884e-01 2.1e+02 5.39e-02  9e-03  3e-01 43:30.9
  392   4704 -2.070332906359870e-01 2.1e+02 3.73e-02  5e-03  2e-01 44:46.2
  400   4800 -2.071013343130061e-01 2.1e+02 3.57e-02  5e-03  2e-01 45:44.3
  410   4920 -2.072175380040789e-01 2.1e+02 4.41e-02  5e-03  2e-01 46:57.8
  420   5040 -2.073753636706599e-01 2.3e+02 5.70e-02  6e-03  3e-01 48:11.4
  431   5172 -2.073643291870648e-01 2.6e+02 6.48e-02  7e-03  4e-01 49:32.6
  442   5304 -2.076078557415023e-01 2.5e+02 4.11e-02  4e-03  2e-01 50:53.7
  453   5436 -2.076634290993421e-01 2.5e+02 3.09e-02  3e-03  2e-01 52:15.6
  464   5568 -2.076933942616856e-01 2.3e+02 2.49e-02  2e-03  1e-01 53:37.6
  475   5700 -2.077002293635376e-01 2.4e+02 1.70e-02  1e-03  8e-02 54:59.7
  486   5832 -2.077164616641001e-01 2.5e+02 1.59e-02  1e-03  7e-02 56:21.7
  497   5964 -2.077202068462052e-01 2.4e+02 1.50e-02  1e-03  7e-02 57:43.5
  500   6000 -2.077230859234977e-01 2.4e+02 1.45e-02  1e-03  6e-02 58:05.7
  512   6144 -2.077314155896057e-01 2.4e+02 1.13e-02  8e-04  5e-02 59:32.4
  525   6300 -2.077453537272544e-01 2.3e+02 2.77e-02  2e-03  1e-01 61:01.1
  538   6456 -2.077530003325190e-01 2.5e+02 3.91e-02  2e-03  1e-01 62:30.5
  551   6612 -2.077878351662935e-01 2.6e+02 3.48e-02  2e-03  1e-01 63:59.7
  564   6768 -2.078040902370306e-01 2.8e+02 3.21e-02  1e-03  1e-01 65:29.2
  577   6924 -2.078151158821131e-01 2.6e+02 3.08e-02  1e-03  1e-01 66:57.6
  590   7080 -2.078414497795672e-01 2.5e+02 2.80e-02  1e-03  9e-02 68:26.7
  600   7200 -2.078804781310719e-01 2.5e+02 5.71e-02  2e-03  2e-01 69:35.1
  614   7368 -2.079801035888620e-01 3.0e+02 8.70e-02  3e-03  3e-01 71:11.1
  628   7536 -2.081237056893898e-01 3.3e+02 9.19e-02  3e-03  4e-01 72:47.4
  642   7704 -2.082486080944757e-01 2.9e+02 9.63e-02  3e-03  4e-01 74:22.7
  656   7872 -2.083329105307614e-01 2.9e+02 8.38e-02  3e-03  3e-01 75:58.1
  670   8040 -2.083796712169366e-01 3.2e+02 9.90e-02  3e-03  4e-01 77:34.3
  684   8208 -2.084522684993103e-01 3.6e+02 7.14e-02  2e-03  3e-01 79:10.9
  698   8376 -2.084902934798541e-01 3.8e+02 5.65e-02  1e-03  3e-01 80:47.2
  700   8400 -2.084891524472105e-01 3.7e+02 5.03e-02  1e-03  2e-01 81:01.0
  715   8580 -2.085128833949652e-01 3.4e+02 4.50e-02  1e-03  2e-01 82:44.1
  730   8760 -2.085327275074841e-01 4.0e+02 4.07e-02  1e-03  2e-01 84:26.3
  745   8940 -2.085397393662305e-01 4.3e+02 4.40e-02  1e-03  2e-01 86:08.2
  760   9120 -2.085537365741812e-01 4.4e+02 2.96e-02  7e-04  1e-01 87:51.1
  775   9300 -2.085613113575973e-01 4.2e+02 3.73e-02  9e-04  1e-01 89:34.1
  791   9492 -2.085673455085393e-01 4.2e+02 2.80e-02  6e-04  9e-02 91:23.3
  800   9600 -2.085699269728164e-01 4.3e+02 3.23e-02  7e-04  1e-01 92:24.4
  816   9792 -2.085735915192128e-01 4.2e+02 2.22e-02  4e-04  7e-02 94:14.0
  832   9984 -2.085770323690276e-01 4.5e+02 3.13e-02  6e-04  9e-02 96:03.2
  848  10176 -2.085789627605935e-01 4.4e+02 1.94e-02  3e-04  5e-02 97:52.7
  864  10368 -2.085798157358970e-01 4.4e+02 1.16e-02  2e-04  3e-02 99:42.3
  879  10548 -2.085799899993369e-01 4.7e+02 5.04e-03  8e-05  1e-02 101:34.6
  894  10728 -2.085800033759577e-01 4.6e+02 2.22e-03  3e-05  5e-03 103:27.4
  900  10800 -2.085800087089869e-01 4.3e+02 1.57e-03  2e-05  4e-03 104:13.1
  915  10980 -2.085800117308713e-01 4.5e+02 6.75e-04  9e-06  2e-03 106:06.1
  930  11160 -2.085800120647754e-01 4.3e+02 3.18e-04  4e-06  7e-04 107:59.8
  946  11352 -2.085800121181993e-01 4.6e+02 1.53e-04  2e-06  3e-04 110:00.2
  962  11544 -2.085800121258546e-01 4.3e+02 6.76e-05  7e-07  1e-04 112:00.9
  978  11736 -2.085800121285973e-01 4.7e+02 3.01e-05  3e-07  5e-05 114:01.2
  994  11928 -2.085800121290462e-01 4.5e+02 1.42e-05  1e-07  2e-05 116:01.0
 1000  12000 -2.085800121290836e-01 4.8e+02 1.09e-05  1e-07  2e-05 116:45.9
Iterat #Fevals   function value  axis ratio  sigma  min&max std  t[m:s]
 1001  12012 -2.085800121290865e-01 4.8e+02 1.04e-05  9e-08  2e-05 116:53.5
Budget constraint satisfied 441.6899528503418 530.3674392700195 Difference:  88.67748641967773
Budget constraint satisfied 449.375 530.3674392700195 Difference:  80.99243927001953
two_most_probable_states: ['00101110', '01000000']
final_expectation_value: -0.20858001212908653
params: [1.3303796592718042, 3.204677050660155, 5.73536992713741, 9.203920435645342, 13.377825508099631, -0.32936746892661894, 20.970217424129427, -0.17683327155304482, 2.3872958467810554, -0.4360295626530231, 2.9426726566500108, -0.11825662618117626, 2.637558350388415, 0.4144585242164754, 2.4997412327235473, 0.5883709023481499]
total_steps: 1001
states_probs: [0.025042343648798867, 0.025401475208095072]
optimized_portfolios: [{'HON': 0, 'PG': 1, 'VZ': 7}, {'HON': 2, 'PG': 0, 'VZ': 0}]
objective_values: [-60.89058021205423, 1.4008567961670972]
result_with_budget: [{'portfolio': {'HON': 0, 'PG': 1, 'VZ': 7}, 'budget': 441.6899528503418, 'difference': 88.67748641967773}, {'portfolio': {'HON': 2, 'PG': 0, 'VZ': 0}, 'budget': 449.375, 'difference': 80.99243927001953}]
Processing experiment 138
Budget: 858.9066009521484
Number of qubits for asset AXP: 2
Number of qubits for asset JNJ: 3
Number of qubits for asset JPM: 2
Total number of qubits:  7
Optimized Weights (considering variance, skewness and kurtosis):
AXP: 0.00%
JNJ: 7.19%
JPM: 92.81%
Left over budget:  -1.975899976969231e-07
Optimized Discrete Allocation:
JNJ: 1
JPM: 3
Maximized utility from continuous higher moments:  -2.9298093530267275
Budget constraint satisfied 858.9066009521484 858.9066009521484 Difference:  0.0
Budget constraint not satisfied 860.829345703125 858.9066009521484 Difference:  -1.9227447509765625
smallest_eigenvalues: [-0.26128325976088446]
smallest_bitstrings: ['0010011']
first_excited_energy: -0.2612792823873065
optimized_portfolio: [{'AXP': 0, 'JNJ': 1, 'JPM': 3}]
second_optimized_portfolio: [{'AXP': 0, 'JNJ': 6, 'JPM': 0}]
result_with_budget: [{'portfolio': {'AXP': 0, 'JNJ': 1, 'JPM': 3}, 'budget': 858.9066009521484, 'difference': 0.0, 'objective_value': -2.9298093530267275}]
result_with_budget_excited: [{'portfolio': {'AXP': 0, 'JNJ': 6, 'JPM': 0}, 'budget': 860.829345703125, 'difference': -1.9227447509765625, 'objective_value': -44.73814120004194}]
Initial params:  [1.3342898  3.13136625 1.01874383 1.64474963 2.7586362  2.86321382
 0.75237423 2.06758646 0.35345697 1.4697582  1.4836335  1.36811902
 3.01348478 1.3818802 ]
(5_w,11)-aCMA-ES (mu_w=3.4,w_1=42%) in dimension 14 (seed=887802, Wed Mar 12 14:43:09 2025)
Iterat #Fevals   function value  axis ratio  sigma  min&max std  t[m:s]
    1     11 -1.619114020449341e-01 1.0e+00 9.33e-02  9e-02  9e-02 0:03.7
    2     22 -1.776809273537818e-01 1.1e+00 9.27e-02  9e-02  1e-01 0:07.3
    3     33 -1.839150063614754e-01 1.2e+00 9.52e-02  9e-02  1e-01 0:11.0
    4     44 -2.087217325897946e-01 1.3e+00 9.93e-02  9e-02  1e-01 0:14.7
    6     66 -2.161220087705326e-01 1.4e+00 1.05e-01  1e-01  1e-01 0:22.0
    8     88 -1.881563384649199e-01 1.6e+00 1.03e-01  1e-01  1e-01 0:29.4
   10    110 -2.044409169470863e-01 1.7e+00 1.00e-01  9e-02  1e-01 0:36.6
   12    132 -2.030691282635078e-01 1.8e+00 9.90e-02  9e-02  1e-01 0:43.9
   15    165 -2.163907118790449e-01 1.8e+00 9.05e-02  8e-02  1e-01 0:54.8
   18    198 -2.204287775398624e-01 1.9e+00 8.39e-02  7e-02  9e-02 1:05.7
   21    231 -2.206773060726033e-01 2.1e+00 8.16e-02  7e-02  9e-02 1:16.8
   25    275 -2.179017335987483e-01 2.5e+00 6.91e-02  6e-02  8e-02 1:31.5
   29    319 -2.232352679568599e-01 2.8e+00 5.48e-02  5e-02  6e-02 1:46.1
   33    363 -2.240636959305744e-01 2.9e+00 4.73e-02  4e-02  6e-02 2:00.6
   37    407 -2.275904201636688e-01 3.1e+00 4.62e-02  4e-02  5e-02 2:15.2
   42    462 -2.296684838523045e-01 3.7e+00 5.21e-02  4e-02  6e-02 2:33.5
   47    517 -2.301998820403497e-01 4.6e+00 6.11e-02  4e-02  8e-02 2:51.8
   52    572 -2.324351129765370e-01 5.0e+00 6.30e-02  4e-02  9e-02 3:10.0
   57    627 -2.325215382546814e-01 5.5e+00 8.36e-02  6e-02  1e-01 3:28.2
   63    693 -2.330366019915067e-01 6.5e+00 8.57e-02  6e-02  1e-01 3:50.1
   69    759 -2.337241478017683e-01 7.2e+00 7.22e-02  5e-02  1e-01 4:12.0
   75    825 -2.352102524541751e-01 7.9e+00 7.06e-02  4e-02  1e-01 4:33.9
   82    902 -2.361929454223841e-01 9.3e+00 6.15e-02  4e-02  1e-01 4:59.4
   89    979 -2.379394230758170e-01 1.0e+01 5.61e-02  3e-02  1e-01 5:25.0
   96   1056 -2.391066438870800e-01 1.2e+01 4.54e-02  2e-02  8e-02 5:50.5
  100   1100 -2.390483777996401e-01 1.3e+01 4.60e-02  2e-02  9e-02 6:05.1
  108   1188 -2.394806069385070e-01 1.4e+01 3.43e-02  2e-02  6e-02 6:34.5
  116   1276 -2.399200151375282e-01 1.6e+01 2.98e-02  1e-02  6e-02 7:03.4
  124   1364 -2.400838642108626e-01 1.9e+01 3.18e-02  1e-02  7e-02 7:32.8
  132   1452 -2.405588963373692e-01 2.1e+01 2.95e-02  1e-02  7e-02 8:02.1
  141   1551 -2.409533959872908e-01 2.5e+01 3.01e-02  1e-02  7e-02 8:34.9
  150   1650 -2.414626581343124e-01 2.7e+01 3.79e-02  1e-02  9e-02 9:07.8
  159   1749 -2.422423751765200e-01 3.7e+01 6.17e-02  2e-02  2e-01 9:40.6
  169   1859 -2.434616039296023e-01 5.2e+01 6.14e-02  2e-02  2e-01 10:17.0
  179   1969 -2.443910168730703e-01 6.4e+01 6.60e-02  2e-02  3e-01 10:53.5
  189   2079 -2.445370910387811e-01 8.2e+01 8.43e-02  2e-02  4e-01 11:29.8
  199   2189 -2.452464577179740e-01 9.2e+01 5.97e-02  1e-02  3e-01 12:06.4
  200   2200 -2.456618411695586e-01 9.2e+01 5.77e-02  1e-02  3e-01 12:10.2
  211   2321 -2.460875481754573e-01 9.3e+01 4.65e-02  9e-03  2e-01 12:50.3
  222   2442 -2.463897767710942e-01 9.9e+01 4.38e-02  7e-03  2e-01 13:30.4
  233   2563 -2.469466395024830e-01 1.1e+02 6.20e-02  1e-02  3e-01 14:10.5
  245   2695 -2.473078727427624e-01 1.2e+02 7.35e-02  1e-02  3e-01 14:54.2
  257   2827 -2.475093568695904e-01 1.3e+02 5.37e-02  7e-03  2e-01 15:37.9
  269   2959 -2.479177091932454e-01 1.4e+02 6.32e-02  7e-03  3e-01 16:21.5
  282   3102 -2.481161158924323e-01 1.6e+02 5.50e-02  5e-03  3e-01 17:08.9
  295   3245 -2.482632573619689e-01 1.6e+02 6.15e-02  6e-03  3e-01 17:56.3
  300   3300 -2.483995593423585e-01 1.5e+02 6.04e-02  5e-03  3e-01 18:14.6
  313   3443 -2.484549667832872e-01 1.5e+02 4.49e-02  4e-03  2e-01 19:01.9
  327   3597 -2.486096935246669e-01 1.5e+02 6.67e-02  6e-03  3e-01 19:52.8
  341   3751 -2.487624002808570e-01 1.7e+02 5.04e-02  5e-03  3e-01 20:43.9
  355   3905 -2.488721527491898e-01 1.8e+02 4.02e-02  4e-03  2e-01 21:35.0
  369   4059 -2.489598145263122e-01 2.0e+02 5.24e-02  4e-03  3e-01 22:26.0
  384   4224 -2.490502244009843e-01 2.1e+02 4.69e-02  3e-03  2e-01 23:20.8
  400   4400 -2.490641821907114e-01 2.2e+02 3.62e-02  2e-03  2e-01 24:16.3
  415   4565 -2.490813145131200e-01 2.3e+02 2.09e-02  1e-03  9e-02 25:11.2
  431   4741 -2.490934486404181e-01 2.4e+02 3.22e-02  2e-03  1e-01 26:09.6
  447   4917 -2.491111182504410e-01 2.5e+02 2.20e-02  1e-03  8e-02 27:07.9
  463   5093 -2.491204292769668e-01 2.6e+02 1.76e-02  1e-03  7e-02 28:06.2
  479   5269 -2.491322351137458e-01 2.8e+02 2.88e-02  1e-03  1e-01 29:05.0
  495   5445 -2.491489313155150e-01 3.1e+02 2.73e-02  1e-03  9e-02 30:04.1
  500   5500 -2.491551078251323e-01 3.2e+02 2.78e-02  1e-03  9e-02 30:22.5
  517   5687 -2.491853865088839e-01 3.1e+02 5.35e-02  3e-03  2e-01 31:25.3
  534   5874 -2.492074919243762e-01 3.1e+02 4.70e-02  2e-03  1e-01 32:27.7
  552   6072 -2.492472135473761e-01 2.9e+02 4.57e-02  2e-03  1e-01 33:33.4
  570   6270 -2.492812568485906e-01 2.9e+02 3.76e-02  2e-03  1e-01 34:39.2
  588   6468 -2.493134454778003e-01 2.7e+02 4.11e-02  2e-03  1e-01 35:44.7
  600   6600 -2.493278595597431e-01 2.9e+02 3.57e-02  2e-03  9e-02 36:28.6
  619   6809 -2.493461264362146e-01 3.0e+02 2.53e-02  1e-03  6e-02 37:38.5
  638   7018 -2.493522699455579e-01 3.1e+02 1.73e-02  7e-04  4e-02 38:48.0
  657   7227 -2.493580146554342e-01 3.0e+02 2.30e-02  1e-03  5e-02 39:57.3
  677   7447 -2.493627768587862e-01 2.9e+02 1.94e-02  7e-04  4e-02 41:10.8
  697   7667 -2.493771023478488e-01 2.9e+02 4.29e-02  1e-03  7e-02 42:24.4
  700   7700 -2.493772633259081e-01 2.9e+02 5.62e-02  2e-03  1e-01 42:35.3
  720   7920 -2.493983549750566e-01 2.9e+02 5.32e-02  2e-03  8e-02 43:48.8
  741   8151 -2.494081404616798e-01 4.1e+02 3.09e-02  9e-04  5e-02 45:05.4
  762   8382 -2.494120740382356e-01 6.0e+02 2.44e-02  7e-04  5e-02 46:22.3
  783   8613 -2.494131496631017e-01 6.7e+02 1.51e-02  4e-04  3e-02 47:39.0
  800   8800 -2.494134959542879e-01 6.7e+02 8.89e-03  2e-04  2e-02 48:41.1
  822   9042 -2.494136155508534e-01 8.3e+02 5.17e-03  1e-04  1e-02 50:01.4
  844   9284 -2.494136308851004e-01 8.1e+02 1.66e-03  4e-05  3e-03 51:21.8
  866   9526 -2.494136339272617e-01 7.7e+02 8.20e-04  2e-05  2e-03 52:42.5
  889   9779 -2.494136341240327e-01 7.8e+02 2.52e-04  5e-06  4e-04 54:06.4
  900   9900 -2.494136341268590e-01 7.8e+02 1.32e-04  2e-06  2e-04 54:46.7
  923  10153 -2.494136341346523e-01 9.2e+02 3.92e-05  6e-07  7e-05 56:10.9
  946  10406 -2.494136341350555e-01 9.1e+02 1.11e-05  2e-07  2e-05 57:35.1
  947  10417 -2.494136341350678e-01 9.0e+02 1.07e-05  2e-07  2e-05 57:38.7
Budget constraint satisfied 821.5153045654297 858.9066009521484 Difference:  37.39129638671875
Budget constraint satisfied 735.6592407226562 858.9066009521484 Difference:  123.24736022949219
two_most_probable_states: ['1001010', '0110000']
final_expectation_value: -0.2494136341350678
params: [2.0277013783119417, 4.505860196844533, 7.80603453792626, 0.6795244978033168, 16.71969954886955, 3.4628808124580313, -3.7535301599098685, 2.689780236256791, -0.2183049564760084, 1.6456322768196634, 1.3560104677556597, 0.8366296577207505, 3.110042167020647, 2.2349348477745]
total_steps: 947
states_probs: [0.033255512583983377, 0.035082291096907615]
optimized_portfolios: [{'AXP': 1, 'JNJ': 2, 'JPM': 1}, {'AXP': 2, 'JNJ': 1, 'JPM': 0}]
objective_values: [-0.1409930130228534, 0.6618419026198298]
result_with_budget: [{'portfolio': {'AXP': 1, 'JNJ': 2, 'JPM': 1}, 'budget': 821.5153045654297, 'difference': 37.39129638671875}, {'portfolio': {'AXP': 2, 'JNJ': 1, 'JPM': 0}, 'budget': 735.6592407226562, 'difference': 123.24736022949219}]
Processing experiment 139
Budget: 892.4256439208984
Number of qubits for asset HON: 2
Number of qubits for asset PG: 3
Number of qubits for asset V: 2
Total number of qubits:  7
Optimized Weights (considering variance, skewness and kurtosis):
HON: 0.00%
PG: 6.83%
V: 93.17%
Left over budget:  94.77348134972806
Optimized Discrete Allocation:
PG: 1
V: 2
Maximized utility from continuous higher moments:  1.8903664765505104
Budget constraint satisfied 891.22314453125 892.4256439208984 Difference:  1.2024993896484375
Budget constraint satisfied 873.4644470214844 892.4256439208984 Difference:  18.961196899414062
smallest_eigenvalues: [-0.247549585617262]
smallest_bitstrings: ['1000100']
first_excited_energy: -0.24743917611871666
optimized_portfolio: [{'HON': 1, 'PG': 4, 'V': 0}]
second_optimized_portfolio: [{'HON': 1, 'PG': 2, 'V': 1}]
result_with_budget: [{'portfolio': {'HON': 1, 'PG': 4, 'V': 0}, 'budget': 891.22314453125, 'difference': 1.2024993896484375, 'objective_value': -14.710846268820047}]
result_with_budget_excited: [{'portfolio': {'HON': 1, 'PG': 2, 'V': 1}, 'budget': 873.4644470214844, 'difference': 18.961196899414062, 'objective_value': -0.40346338009582494}]
Initial params:  [0.80549016 1.0396729  0.69573325 0.88535561 0.82343846 1.72582489
 0.44683583 2.39176646 1.64407306 1.39609498 1.87106368 2.51269376
 2.40516281 1.26825689]
(5_w,11)-aCMA-ES (mu_w=3.4,w_1=42%) in dimension 14 (seed=919269, Wed Mar 12 15:41:48 2025)
Iterat #Fevals   function value  axis ratio  sigma  min&max std  t[m:s]
    1     11 -5.859055600121948e-02 1.0e+00 9.89e-02  1e-01  1e-01 0:03.7
    2     22 -6.979034108754822e-02 1.2e+00 1.02e-01  1e-01  1e-01 0:07.5
    3     33 -1.058036630487830e-01 1.2e+00 1.04e-01  1e-01  1e-01 0:11.1
    4     44 -1.520089662600599e-01 1.3e+00 1.12e-01  1e-01  1e-01 0:14.7
    6     66 -1.668470536545199e-01 1.5e+00 1.28e-01  1e-01  1e-01 0:21.9
    8     88 -1.705987017269301e-01 1.6e+00 1.38e-01  1e-01  2e-01 0:29.2
   10    110 -1.997309659569770e-01 1.7e+00 1.44e-01  1e-01  2e-01 0:36.5
   12    132 -1.979740695174879e-01 1.8e+00 1.51e-01  1e-01  2e-01 0:43.9
   15    165 -2.086172549679705e-01 2.0e+00 1.52e-01  1e-01  2e-01 0:55.2
   18    198 -2.079086915284592e-01 2.1e+00 1.46e-01  1e-01  2e-01 1:06.1
   21    231 -2.099553274117595e-01 2.2e+00 1.31e-01  1e-01  1e-01 1:17.1
   25    275 -2.078465816086713e-01 2.3e+00 1.28e-01  1e-01  1e-01 1:31.7
   29    319 -2.102949879619743e-01 2.5e+00 1.22e-01  1e-01  1e-01 1:46.2
   33    363 -2.105089246418605e-01 2.7e+00 1.14e-01  1e-01  1e-01 2:00.8
   37    407 -2.108210234753497e-01 2.9e+00 1.08e-01  9e-02  1e-01 2:15.3
   42    462 -2.101302733377598e-01 3.2e+00 9.48e-02  8e-02  1e-01 2:33.7
   47    517 -2.133854593037033e-01 3.6e+00 8.91e-02  8e-02  1e-01 2:52.1
   52    572 -2.137332019140817e-01 4.1e+00 7.44e-02  6e-02  9e-02 3:10.4
   57    627 -2.156906770136402e-01 4.5e+00 7.02e-02  6e-02  8e-02 3:28.7
   63    693 -2.159740342737217e-01 4.7e+00 6.62e-02  5e-02  8e-02 3:50.6
   69    759 -2.159106257725728e-01 5.1e+00 5.83e-02  5e-02  6e-02 4:12.5
   75    825 -2.169798298389727e-01 5.6e+00 4.63e-02  4e-02  5e-02 4:34.6
   82    902 -2.176570882815061e-01 6.1e+00 4.11e-02  3e-02  4e-02 5:00.2
   89    979 -2.176654632835327e-01 8.1e+00 5.05e-02  4e-02  6e-02 5:25.8
   96   1056 -2.188697866220687e-01 9.3e+00 4.66e-02  4e-02  6e-02 5:51.3
  100   1100 -2.190639558796104e-01 1.0e+01 4.44e-02  3e-02  6e-02 6:06.1
  108   1188 -2.198577378600674e-01 1.2e+01 4.62e-02  4e-02  6e-02 6:35.5
  116   1276 -2.210920944570386e-01 1.4e+01 5.26e-02  4e-02  8e-02 7:04.9
  124   1364 -2.221722056990001e-01 1.9e+01 8.13e-02  6e-02  2e-01 7:34.5
  132   1452 -2.242461104502052e-01 2.2e+01 1.01e-01  7e-02  2e-01 8:03.8
  141   1551 -2.257593952680239e-01 2.4e+01 1.08e-01  8e-02  2e-01 8:37.0
  150   1650 -2.265175120743149e-01 2.5e+01 8.59e-02  6e-02  2e-01 9:10.0
  159   1749 -2.268495433391615e-01 2.6e+01 8.66e-02  6e-02  2e-01 9:43.0
  168   1848 -2.279104255071265e-01 2.8e+01 7.75e-02  5e-02  2e-01 10:16.0
  178   1958 -2.287414556599983e-01 3.0e+01 4.97e-02  3e-02  1e-01 10:52.8
  188   2068 -2.294470670144685e-01 3.2e+01 4.87e-02  3e-02  1e-01 11:29.3
  198   2178 -2.300181413267216e-01 3.5e+01 5.67e-02  3e-02  1e-01 12:06.0
  200   2200 -2.302769858877007e-01 3.6e+01 6.13e-02  3e-02  1e-01 12:13.3
  211   2321 -2.306958158697488e-01 4.5e+01 8.95e-02  5e-02  2e-01 12:53.5
  222   2442 -2.310734421915166e-01 4.8e+01 5.27e-02  3e-02  1e-01 13:33.7
  233   2563 -2.312233425901750e-01 4.6e+01 5.17e-02  2e-02  1e-01 14:14.0
  245   2695 -2.317089151674506e-01 5.0e+01 3.42e-02  1e-02  8e-02 14:58.1
  257   2827 -2.319241249134618e-01 6.4e+01 3.34e-02  1e-02  1e-01 15:42.1
  269   2959 -2.320484743627481e-01 7.0e+01 4.44e-02  1e-02  1e-01 16:26.1
  282   3102 -2.323648794442665e-01 7.3e+01 4.53e-02  1e-02  1e-01 17:13.7
  295   3245 -2.325645228502845e-01 7.9e+01 3.82e-02  1e-02  1e-01 18:01.3
  300   3300 -2.326298046237652e-01 8.0e+01 3.48e-02  9e-03  1e-01 18:19.6
  313   3443 -2.331959024700945e-01 9.4e+01 7.94e-02  2e-02  3e-01 19:07.5
  327   3597 -2.338507192776029e-01 1.0e+02 9.74e-02  2e-02  3e-01 19:58.8
  341   3751 -2.347064680744906e-01 1.2e+02 9.28e-02  2e-02  3e-01 20:49.9
  355   3905 -2.349800964128759e-01 1.3e+02 4.92e-02  7e-03  2e-01 21:41.2
  370   4070 -2.351905878872499e-01 1.4e+02 4.61e-02  6e-03  2e-01 22:35.9
  385   4235 -2.353421149346493e-01 1.4e+02 5.73e-02  6e-03  2e-01 23:30.7
  400   4400 -2.354497845356981e-01 1.4e+02 3.56e-02  3e-03  1e-01 24:25.7
  415   4565 -2.355602725010424e-01 1.4e+02 4.73e-02  4e-03  1e-01 25:20.5
  431   4741 -2.357280676969645e-01 1.7e+02 8.02e-02  6e-03  3e-01 26:18.9
  447   4917 -2.360545353100047e-01 2.0e+02 1.05e-01  7e-03  4e-01 27:17.1
  463   5093 -2.366201504675373e-01 2.5e+02 1.25e-01  8e-03  6e-01 28:15.5
  479   5269 -2.369954413710366e-01 2.5e+02 1.49e-01  8e-03  7e-01 29:13.5
  496   5456 -2.371365136228198e-01 2.2e+02 6.69e-02  3e-03  3e-01 30:15.4
  500   5500 -2.371524139501895e-01 2.3e+02 5.20e-02  2e-03  2e-01 30:30.0
  517   5687 -2.371887777704931e-01 2.2e+02 3.02e-02  1e-03  1e-01 31:31.8
  534   5874 -2.372099680452592e-01 2.1e+02 4.45e-02  2e-03  1e-01 32:33.8
  552   6072 -2.372250300167897e-01 2.4e+02 2.89e-02  9e-04  8e-02 33:39.6
  570   6270 -2.372300419149828e-01 2.4e+02 1.76e-02  5e-04  5e-02 34:45.0
  588   6468 -2.372328986682996e-01 2.2e+02 1.63e-02  4e-04  4e-02 35:50.4
  600   6600 -2.372332156104423e-01 2.3e+02 1.02e-02  2e-04  2e-02 36:34.0
  619   6809 -2.372336139784947e-01 2.3e+02 4.00e-03  8e-05  8e-03 37:42.8
  638   7018 -2.372336304562274e-01 2.2e+02 1.06e-03  2e-05  2e-03 38:52.1
  658   7238 -2.372336323242176e-01 2.3e+02 3.73e-04  6e-06  7e-04 40:04.6
  678   7458 -2.372336326641150e-01 2.3e+02 1.07e-04  1e-06  2e-04 41:16.9
  698   7678 -2.372336326723725e-01 2.5e+02 2.76e-05  3e-07  4e-05 42:29.5
  700   7700 -2.372336326723140e-01 2.5e+02 2.44e-05  3e-07  4e-05 42:36.9
  721   7931 -2.372336326729729e-01 2.4e+02 7.89e-06  9e-08  1e-05 43:53.1
  728   8008 -2.372336326729846e-01 2.5e+02 5.22e-06  6e-08  7e-06 44:18.6
Budget constraint satisfied 891.22314453125 892.4256439208984 Difference:  1.2024993896484375
Budget constraint satisfied 833.1695556640625 892.4256439208984 Difference:  59.25608825683594
two_most_probable_states: ['1000100', '0010100']
final_expectation_value: -0.23723363267298456
params: [1.9598556198324002, 4.296978110719558, 7.375021398207727, 0.8452672214884026, 12.690794132945559, 18.793619296477896, -0.25299989395649164, -0.4549140265014575, 2.9124437230840705, 1.6129053796909258, 1.3819313617182458, 3.0503884562647086, 0.5211162774771608, 2.55940795282709]
total_steps: 728
states_probs: [0.03882548007269054, 0.04195119053849697]
optimized_portfolios: [{'HON': 1, 'PG': 4, 'V': 0}, {'HON': 0, 'PG': 5, 'V': 0}]
objective_values: [-14.710846268820047, -26.386966123901225]
result_with_budget: [{'portfolio': {'HON': 1, 'PG': 4, 'V': 0}, 'budget': 891.22314453125, 'difference': 1.2024993896484375}, {'portfolio': {'HON': 0, 'PG': 5, 'V': 0}, 'budget': 833.1695556640625, 'difference': 59.25608825683594}]
Processing experiment 140
Budget: 46.64999961853027
Number of qubits for asset JPM: 1
Number of qubits for asset VZ: 1
Number of qubits for asset WBA: 3
Total number of qubits:  5
Optimized Weights (considering variance, skewness and kurtosis):
JPM: 93.19%
VZ: 6.81%
WBA: 0.00%
Left over budget:  7.356279367747689
Optimized Discrete Allocation:
VZ: 1
Maximized utility from continuous higher moments:  1.011936229059089
Budget constraint not satisfied 48.62372016906738 46.64999961853027 Difference:  -1.9737205505371094
Budget constraint satisfied 46.64999961853027 46.64999961853027 Difference:  0.0
smallest_eigenvalues: [-0.025346608069509845]
smallest_bitstrings: ['01100']
first_excited_energy: -0.025295693353501642
optimized_portfolio: [{'JPM': 0, 'VZ': 1, 'WBA': 1}]
second_optimized_portfolio: [{'JPM': 0, 'VZ': 0, 'WBA': 5}]
result_with_budget: [{'portfolio': {'JPM': 0, 'VZ': 1, 'WBA': 1}, 'budget': 48.62372016906738, 'difference': -1.9737205505371094, 'objective_value': 1.8403107547772528}]
result_with_budget_excited: [{'portfolio': {'JPM': 0, 'VZ': 0, 'WBA': 5}, 'budget': 46.64999961853027, 'difference': 0.0, 'objective_value': -27.178001932191908}]
Initial params:  [3.09759205 1.92808471 0.44007591 0.01119417 1.49338284 1.49361978
 1.6391523  0.19634295 0.35918645 2.3478735 ]
(5_w,10)-aCMA-ES (mu_w=3.2,w_1=45%) in dimension 10 (seed=902235, Wed Mar 12 16:26:46 2025)
Iterat #Fevals   function value  axis ratio  sigma  min&max std  t[m:s]
    1     10 5.185230012340646e-02 1.0e+00 9.84e-02  1e-01  1e-01 0:00.7
    2     20 7.152206502562551e-02 1.2e+00 9.90e-02  9e-02  1e-01 0:01.5
    3     30 5.729693864568591e-02 1.3e+00 1.00e-01  9e-02  1e-01 0:02.2
    8     80 3.462837289463074e-02 1.6e+00 1.02e-01  9e-02  1e-01 0:05.9
   14    140 1.805379264596929e-02 2.1e+00 8.83e-02  7e-02  1e-01 0:10.5
   21    210 7.483058682276088e-03 3.3e+00 1.12e-01  8e-02  2e-01 0:15.7
   30    300 -9.935221192519106e-03 4.4e+00 1.23e-01  9e-02  2e-01 0:22.4
   40    400 -7.442905156992386e-03 5.6e+00 1.06e-01  7e-02  2e-01 0:30.0
   51    510 -1.401834753627261e-02 6.4e+00 7.96e-02  6e-02  1e-01 0:38.2
   63    630 -1.580368318492711e-02 8.3e+00 5.98e-02  4e-02  1e-01 0:47.3
   77    770 -1.642427425885216e-02 1.0e+01 3.66e-02  2e-02  6e-02 0:57.8
   92    920 -1.654647616239557e-02 1.6e+01 2.98e-02  2e-02  5e-02 1:09.3
  100   1000 -1.662558526257651e-02 1.9e+01 2.81e-02  2e-02  5e-02 1:15.3
  118   1180 -1.664827157739900e-02 2.3e+01 1.12e-02  6e-03  2e-02 1:28.8
  137   1370 -1.665643969483105e-02 2.7e+01 7.64e-03  3e-03  1e-02 1:43.1
  157   1570 -1.666426198415863e-02 4.5e+01 6.91e-03  2e-03  1e-02 1:58.3
  179   1790 -1.668373427128571e-02 6.8e+01 2.49e-02  8e-03  4e-02 2:14.7
  200   2000 -1.669678618432561e-02 8.4e+01 2.23e-02  7e-03  4e-02 2:30.7
  225   2250 -1.670740625757751e-02 9.5e+01 9.90e-03  2e-03  1e-02 2:49.3
  251   2510 -1.671223679004375e-02 1.4e+02 2.07e-02  4e-03  4e-02 3:08.9
  278   2780 -1.671780377132044e-02 1.8e+02 1.83e-02  4e-03  4e-02 3:29.3
  300   3000 -1.672045227193581e-02 2.2e+02 1.10e-02  2e-03  2e-02 3:46.0
  330   3300 -1.672433914921216e-02 3.7e+02 1.80e-02  3e-03  5e-02 4:08.7
  361   3610 -1.672682121541032e-02 3.8e+02 1.43e-02  2e-03  3e-02 4:32.1
  393   3930 -1.672740302820226e-02 3.9e+02 8.43e-03  8e-04  2e-02 4:56.3
  400   4000 -1.672743419043313e-02 3.8e+02 6.46e-03  6e-04  1e-02 5:01.6
  435   4350 -1.672753314694119e-02 4.1e+02 7.35e-03  5e-04  1e-02 5:28.0
  471   4710 -1.672755961615795e-02 4.9e+02 1.25e-03  7e-05  1e-03 5:55.3
  500   5000 -1.672755997145579e-02 5.6e+02 1.64e-04  7e-06  1e-04 6:16.9
  535   5350 -1.672755997478457e-02 5.0e+02 2.00e-05  6e-07  1e-05 6:43.4
Budget constraint satisfied 9.329999923706055 46.64999961853027 Difference:  37.31999969482422
Budget constraint satisfied 0.0 46.64999961853027 Difference:  46.64999961853027
two_most_probable_states: ['00100', '00000']
final_expectation_value: -0.0167275599747995
params: [2.1650948651981397, 1.5371630198336457, -0.7813288906892921, 2.5032674508505464, 0.5927201032721884, 1.7375998173280953, 1.7954404350146576, 0.5096170596816233, -0.12387487300230489, 2.4459179414681125]
total_steps: 535
states_probs: [0.08858823626055204, 0.08946333532758843]
optimized_portfolios: [{'JPM': 0, 'VZ': 0, 'WBA': 1}, {'JPM': 0, 'VZ': 0, 'WBA': 0}]
objective_values: [0.7881333649958562, -0.0]
result_with_budget: [{'portfolio': {'JPM': 0, 'VZ': 0, 'WBA': 1}, 'budget': 9.329999923706055, 'difference': 37.31999969482422}, {'portfolio': {'JPM': 0, 'VZ': 0, 'WBA': 0}, 'budget': 0.0, 'difference': 46.64999961853027}]
Processing experiment 141
Budget: 1725.02001953125
Number of qubits for asset AAPL: 3
Number of qubits for asset GS: 2
Number of qubits for asset MCD: 3
Total number of qubits:  8
Optimized Weights (considering variance, skewness and kurtosis):
AAPL: 100.00%
GS: 0.00%
MCD: 0.00%
Left over budget:  224.15017606992888
Optimized Discrete Allocation:
AAPL: 6
Maximized utility from continuous higher moments:  -21.0722126647448
Budget constraint satisfied 1722.6981201171875 1725.02001953125 Difference:  2.3218994140625
Budget constraint not satisfied 1729.3553466796875 1725.02001953125 Difference:  -4.3353271484375
smallest_eigenvalues: [-0.23498131082498655]
smallest_bitstrings: ['00010001']
first_excited_energy: -0.23497866668381828
optimized_portfolio: [{'AAPL': 0, 'GS': 1, 'MCD': 4}]
second_optimized_portfolio: [{'AAPL': 0, 'GS': 0, 'MCD': 6}]
result_with_budget: [{'portfolio': {'AAPL': 0, 'GS': 1, 'MCD': 4}, 'budget': 1722.6981201171875, 'difference': 2.3218994140625, 'objective_value': -47.66777211508929}]
result_with_budget_excited: [{'portfolio': {'AAPL': 0, 'GS': 0, 'MCD': 6}, 'budget': 1729.3553466796875, 'difference': -4.3353271484375, 'objective_value': -160.2857551436449}]
Initial params:  [1.05103911 1.28595839 2.98382638 0.59990699 0.14366967 2.90446769
 0.38740833 1.83402642 1.28798184 2.26600497 1.10096777 2.37131504
 1.40875372 0.19831807 0.42067745 1.42249034]
(6_w,12)-aCMA-ES (mu_w=3.7,w_1=40%) in dimension 16 (seed=906774, Wed Mar 12 16:33:48 2025)
Iterat #Fevals   function value  axis ratio  sigma  min&max std  t[m:s]
    1     12 -8.413630969804729e-02 1.0e+00 9.73e-02  1e-01  1e-01 0:07.6
    2     24 -1.147180302295471e-01 1.2e+00 9.80e-02  1e-01  1e-01 0:15.1
    3     36 -1.381338670784734e-01 1.2e+00 1.03e-01  1e-01  1e-01 0:22.6
    4     48 -1.761175489910408e-01 1.3e+00 1.15e-01  1e-01  1e-01 0:30.0
    5     60 -1.765930428670920e-01 1.4e+00 1.23e-01  1e-01  1e-01 0:37.6
    6     72 -1.755699086056141e-01 1.4e+00 1.27e-01  1e-01  1e-01 0:45.2
    7     84 -1.714655408552919e-01 1.4e+00 1.25e-01  1e-01  1e-01 0:52.7
    8     96 -1.691421843003052e-01 1.4e+00 1.29e-01  1e-01  1e-01 1:00.3
   10    120 -1.786041960710248e-01 1.5e+00 1.37e-01  1e-01  1e-01 1:15.3
   12    144 -1.763533098523959e-01 1.5e+00 1.41e-01  1e-01  1e-01 1:30.3
   14    168 -1.867538113546065e-01 1.5e+00 1.41e-01  1e-01  1e-01 1:45.1
   16    192 -1.895418708187734e-01 1.6e+00 1.48e-01  1e-01  2e-01 2:00.1
   18    216 -1.894495064222433e-01 1.7e+00 1.45e-01  1e-01  2e-01 2:15.0
   20    240 -2.014893626666866e-01 1.8e+00 1.41e-01  1e-01  2e-01 2:30.2
   22    264 -1.966672057700791e-01 1.8e+00 1.40e-01  1e-01  2e-01 2:45.0
   24    288 -1.987411237881989e-01 1.9e+00 1.35e-01  1e-01  1e-01 3:00.0
   27    324 -1.988070090368394e-01 2.1e+00 1.21e-01  1e-01  1e-01 3:22.4
   30    360 -1.959601217152953e-01 2.2e+00 1.30e-01  1e-01  1e-01 3:44.7
   33    396 -1.964856731037802e-01 2.4e+00 1.42e-01  1e-01  2e-01 4:06.9
   36    432 -1.949706303354947e-01 2.6e+00 1.34e-01  1e-01  2e-01 4:28.8
   39    468 -1.947005422730968e-01 2.7e+00 1.06e-01  8e-02  1e-01 4:51.4
   42    504 -1.965631532714803e-01 3.0e+00 9.40e-02  7e-02  1e-01 5:14.0
   45    540 -1.988802964893601e-01 3.2e+00 9.06e-02  7e-02  1e-01 5:36.3
   49    588 -1.997016878937100e-01 3.3e+00 8.32e-02  6e-02  1e-01 6:06.6
   53    636 -2.007412955223108e-01 3.5e+00 6.70e-02  5e-02  8e-02 6:36.8
   57    684 -2.038595011661084e-01 3.7e+00 7.26e-02  6e-02  9e-02 7:06.8
   61    732 -2.030231451290024e-01 4.3e+00 6.87e-02  5e-02  8e-02 7:36.7
   65    780 -2.037392220875449e-01 4.8e+00 5.90e-02  5e-02  7e-02 8:06.7
   69    828 -2.049974761665087e-01 5.0e+00 5.73e-02  5e-02  7e-02 8:36.8
   73    876 -2.046595126454842e-01 5.4e+00 5.72e-02  4e-02  7e-02 9:06.8
   78    936 -2.061252538629635e-01 5.9e+00 5.61e-02  4e-02  7e-02 9:44.2
   83    996 -2.059395147448201e-01 6.4e+00 6.68e-02  5e-02  9e-02 10:21.2
   88   1056 -2.073504773761362e-01 7.2e+00 6.82e-02  5e-02  9e-02 10:57.9
   93   1116 -2.089781217670215e-01 7.4e+00 6.00e-02  5e-02  8e-02 11:34.5
   98   1176 -2.107328921387266e-01 8.1e+00 6.73e-02  5e-02  9e-02 12:11.0
  100   1200 -2.129602581503207e-01 8.6e+00 8.52e-02  6e-02  1e-01 12:25.7
  105   1260 -2.116730744636254e-01 9.6e+00 9.54e-02  6e-02  1e-01 13:02.3
  111   1332 -2.130437921717504e-01 1.1e+01 1.01e-01  7e-02  2e-01 13:46.0
  117   1404 -2.157157186795268e-01 1.2e+01 9.21e-02  6e-02  1e-01 14:30.0
  123   1476 -2.156956347975742e-01 1.3e+01 7.07e-02  4e-02  1e-01 15:14.2
  129   1548 -2.167183435661000e-01 1.4e+01 8.23e-02  5e-02  1e-01 15:58.3
  135   1620 -2.167479876316801e-01 1.5e+01 6.98e-02  4e-02  1e-01 16:42.4
  141   1692 -2.170317175432250e-01 1.6e+01 5.80e-02  3e-02  9e-02 17:26.7
  147   1764 -2.173659075547610e-01 1.7e+01 4.19e-02  2e-02  6e-02 18:10.6
  153   1836 -2.174442024755817e-01 1.8e+01 4.22e-02  2e-02  7e-02 18:55.0
  160   1920 -2.178703084504567e-01 2.1e+01 3.84e-02  2e-02  6e-02 19:46.9
  167   2004 -2.180414905181086e-01 2.5e+01 4.08e-02  2e-02  7e-02 20:38.6
  174   2088 -2.180681012168828e-01 3.1e+01 4.72e-02  2e-02  1e-01 21:30.4
  181   2172 -2.182522094181545e-01 3.2e+01 3.90e-02  2e-02  8e-02 22:21.9
  188   2256 -2.183707227067614e-01 3.4e+01 3.40e-02  2e-02  7e-02 23:13.4
  195   2340 -2.184972763965170e-01 3.8e+01 3.04e-02  1e-02  7e-02 24:05.0
  200   2400 -2.185508931693569e-01 3.9e+01 3.11e-02  1e-02  7e-02 24:41.9
  208   2496 -2.186389586506123e-01 4.0e+01 3.27e-02  1e-02  7e-02 25:41.0
  216   2592 -2.187787219609095e-01 4.3e+01 3.14e-02  1e-02  7e-02 26:34.7
  224   2688 -2.187820655528918e-01 4.6e+01 2.60e-02  9e-03  5e-02 27:33.8
  232   2784 -2.189149652100142e-01 5.0e+01 2.60e-02  8e-03  5e-02 28:32.8
  240   2880 -2.189845850394262e-01 5.3e+01 2.06e-02  6e-03  4e-02 29:32.2
  248   2976 -2.190454687082663e-01 5.6e+01 1.93e-02  5e-03  4e-02 30:31.4
  256   3072 -2.192055628708924e-01 6.7e+01 3.01e-02  8e-03  8e-02 31:30.5
  264   3168 -2.193609152849895e-01 8.0e+01 3.52e-02  9e-03  1e-01 32:29.6
  273   3276 -2.195287944651777e-01 9.1e+01 3.46e-02  9e-03  1e-01 33:36.1
  282   3384 -2.195096637231065e-01 1.1e+02 5.13e-02  1e-02  2e-01 34:42.5
  291   3492 -2.196008251121889e-01 1.1e+02 2.85e-02  7e-03  1e-01 35:49.1
  300   3600 -2.197159987438534e-01 1.2e+02 2.43e-02  6e-03  1e-01 36:55.9
  309   3708 -2.197969145014314e-01 1.1e+02 3.51e-02  8e-03  1e-01 38:02.3
  318   3816 -2.199043728554521e-01 1.1e+02 4.13e-02  9e-03  2e-01 39:08.8
  327   3924 -2.199910279449125e-01 1.2e+02 4.25e-02  8e-03  2e-01 40:15.3
  337   4044 -2.200490484067180e-01 1.1e+02 3.01e-02  5e-03  1e-01 41:29.2
  347   4164 -2.201319152989665e-01 1.0e+02 3.27e-02  5e-03  1e-01 42:43.0
  357   4284 -2.202122714032766e-01 1.1e+02 3.35e-02  5e-03  1e-01 43:56.4
  367   4404 -2.202990256802452e-01 1.2e+02 4.77e-02  7e-03  2e-01 45:10.2
  377   4524 -2.205562127282451e-01 1.1e+02 6.39e-02  8e-03  2e-01 46:24.0
  387   4644 -2.208684726076303e-01 1.1e+02 8.48e-02  1e-02  3e-01 47:38.1
  397   4764 -2.210378215217538e-01 1.0e+02 6.63e-02  8e-03  2e-01 48:52.0
  400   4800 -2.212176662314135e-01 1.1e+02 6.12e-02  7e-03  2e-01 49:14.2
  411   4932 -2.214378869280677e-01 1.2e+02 6.27e-02  7e-03  3e-01 50:35.6
  422   5064 -2.215364181285123e-01 1.3e+02 5.42e-02  5e-03  2e-01 51:56.9
  433   5196 -2.216942531559838e-01 1.4e+02 6.56e-02  5e-03  3e-01 53:18.3
  445   5340 -2.217449381822741e-01 1.4e+02 6.07e-02  5e-03  3e-01 54:43.7
  456   5472 -2.218855786568818e-01 1.5e+02 5.16e-02  4e-03  2e-01 56:04.9
  467   5604 -2.218844100488134e-01 1.5e+02 4.51e-02  3e-03  2e-01 57:25.9
  478   5736 -2.219694010350431e-01 1.7e+02 4.02e-02  3e-03  2e-01 58:47.5
  490   5880 -2.220350425168150e-01 1.9e+02 4.95e-02  3e-03  2e-01 60:16.3
  500   6000 -2.220505735425553e-01 2.0e+02 2.90e-02  2e-03  1e-01 61:30.5
  512   6144 -2.220770208501923e-01 2.2e+02 3.12e-02  2e-03  2e-01 62:59.4
  524   6288 -2.220988060650231e-01 2.6e+02 2.61e-02  1e-03  1e-01 64:28.2
  538   6456 -2.221102001282915e-01 2.7e+02 3.03e-02  2e-03  2e-01 65:58.4
  553   6636 -2.221261821955930e-01 2.8e+02 2.05e-02  1e-03  1e-01 67:26.0
  569   6828 -2.221376885382153e-01 3.2e+02 1.76e-02  8e-04  1e-01 68:59.5
  585   7020 -2.221486734831974e-01 3.2e+02 2.76e-02  1e-03  2e-01 70:32.7
  600   7200 -2.221560476454492e-01 2.8e+02 2.79e-02  1e-03  1e-01 72:00.2
  616   7392 -2.221858820863344e-01 3.0e+02 5.03e-02  2e-03  3e-01 73:33.3
  632   7584 -2.222283843146586e-01 2.7e+02 5.38e-02  2e-03  2e-01 75:06.3
  648   7776 -2.223279870927622e-01 2.7e+02 8.68e-02  3e-03  4e-01 76:39.3
  665   7980 -2.223712489448426e-01 2.4e+02 9.29e-02  3e-03  3e-01 78:18.1
  682   8184 -2.224526893110143e-01 2.6e+02 6.17e-02  2e-03  2e-01 79:57.2
  699   8388 -2.228397663619852e-01 2.7e+02 1.47e-01  4e-03  5e-01 81:36.0
  700   8400 -2.227915816170723e-01 2.7e+02 1.52e-01  4e-03  5e-01 81:41.8
  717   8604 -2.233299950460854e-01 2.6e+02 1.15e-01  3e-03  3e-01 83:23.7
  732   8784 -2.233688763727440e-01 2.6e+02 9.93e-02  3e-03  3e-01 85:06.1
  747   8964 -2.234788786125634e-01 2.7e+02 7.34e-02  2e-03  2e-01 86:48.3
  762   9144 -2.235542870745461e-01 2.8e+02 6.83e-02  2e-03  2e-01 88:31.1
  777   9324 -2.236416589338381e-01 3.2e+02 6.78e-02  1e-03  2e-01 90:13.5
  793   9516 -2.237609258386914e-01 3.2e+02 1.04e-01  2e-03  4e-01 92:02.9
  800   9600 -2.238114593816487e-01 3.1e+02 1.12e-01  2e-03  4e-01 92:50.7
  816   9792 -2.239361170526846e-01 3.1e+02 8.48e-02  2e-03  2e-01 94:39.8
  832   9984 -2.239926587675701e-01 2.7e+02 8.62e-02  2e-03  2e-01 96:29.5
  848  10176 -2.240822727475401e-01 2.4e+02 8.01e-02  1e-03  2e-01 98:19.1
  864  10368 -2.241460840435132e-01 2.2e+02 1.18e-01  2e-03  2e-01 100:08.3
  880  10560 -2.242164580937860e-01 2.1e+02 9.30e-02  1e-03  2e-01 101:57.7
  897  10764 -2.242620207578983e-01 2.0e+02 6.66e-02  1e-03  1e-01 103:54.2
  900  10800 -2.242632999005071e-01 2.0e+02 6.81e-02  1e-03  1e-01 104:14.8
  917  11004 -2.242946147111564e-01 2.1e+02 8.31e-02  1e-03  1e-01 106:11.4
  934  11208 -2.243510295958213e-01 2.8e+02 1.00e-01  1e-03  2e-01 108:08.0
  951  11412 -2.243544336662422e-01 2.7e+02 7.63e-02  9e-04  1e-01 110:04.3
  968  11616 -2.243828323197604e-01 2.9e+02 8.38e-02  1e-03  2e-01 112:00.1
  986  11832 -2.244121259050096e-01 2.8e+02 9.12e-02  1e-03  2e-01 114:02.4
 1000  12000 -2.244512037759102e-01 3.0e+02 1.22e-01  1e-03  2e-01 115:37.7
Iterat #Fevals   function value  axis ratio  sigma  min&max std  t[m:s]
 1018  12216 -2.245145879931349e-01 3.2e+02 1.13e-01  1e-03  2e-01 117:40.0
 1036  12432 -2.245436007188474e-01 3.4e+02 1.67e-01  2e-03  3e-01 119:42.2
 1054  12648 -2.245731668364288e-01 3.4e+02 7.25e-02  7e-04  1e-01 121:44.8
 1072  12864 -2.245823167555736e-01 3.5e+02 4.11e-02  4e-04  6e-02 123:47.3
 1090  13080 -2.245990169310011e-01 5.6e+02 7.05e-02  6e-04  2e-01 125:49.6
 1100  13200 -2.246105310002127e-01 6.7e+02 8.69e-02  8e-04  2e-01 126:57.8
 1119  13428 -2.246177517601041e-01 6.2e+02 4.69e-02  4e-04  1e-01 129:06.9
 1138  13656 -2.246260895832715e-01 5.1e+02 6.00e-02  5e-04  1e-01 131:16.5
 1157  13884 -2.246354995416927e-01 4.5e+02 1.62e-01  1e-03  3e-01 133:25.6
 1176  14112 -2.246477775957510e-01 3.9e+02 9.16e-02  7e-04  1e-01 135:35.2
 1195  14340 -2.246563468317440e-01 3.8e+02 4.34e-02  3e-04  5e-02 137:44.5
 1200  14400 -2.246564915003087e-01 3.9e+02 4.38e-02  3e-04  5e-02 138:18.6
 1220  14640 -2.246629026883049e-01 3.5e+02 8.93e-02  6e-04  1e-01 140:34.8
 1240  14880 -2.246670050268027e-01 3.2e+02 5.46e-02  3e-04  5e-02 142:46.9
 1263  15156 -2.246684817251154e-01 2.9e+02 2.94e-02  2e-04  2e-02 145:01.8
 1286  15432 -2.246687902365280e-01 2.8e+02 1.12e-02  6e-05  8e-03 147:16.9
 1300  15600 -2.246688214832814e-01 2.9e+02 7.46e-03  4e-05  5e-03 148:39.0
 1323  15876 -2.246688368290645e-01 3.2e+02 3.21e-03  2e-05  2e-03 150:54.1
 1346  16152 -2.246688395262226e-01 3.2e+02 2.12e-03  1e-05  1e-03 153:10.6
 1370  16440 -2.246688399643533e-01 3.6e+02 7.40e-04  3e-06  4e-04 155:33.5
 1394  16728 -2.246688401283076e-01 3.6e+02 3.14e-04  1e-06  2e-04 157:55.6
 1400  16800 -2.246688401388919e-01 3.6e+02 2.39e-04  9e-07  1e-04 158:31.1
 1424  17088 -2.246688401439732e-01 3.8e+02 1.14e-04  4e-07  5e-05 160:52.5
 1448  17376 -2.246688401450904e-01 4.3e+02 3.46e-05  1e-07  1e-05 163:14.2
Budget constraint satisfied 1570.3744506835938 1725.02001953125 Difference:  154.64556884765625
Budget constraint satisfied 1577.0316772460938 1725.02001953125 Difference:  147.98834228515625
two_most_probable_states: ['00110000', '00100010']
final_expectation_value: -0.22466884014511102
params: [2.560020535015503, 2.721122263547501, 6.919681677654839, -0.8830221985249829, 16.390780079415144, 11.380087429769718, 0.6586470790978798, 8.391559324198754, 1.0691354105305482, 1.6361964517321008, 1.8688320230288997, 1.0343418670220699, 1.4580009960834457, -0.894607660302179, 2.433047679439904, 0.09037882489546785]
total_steps: 1448
states_probs: [0.02287119937322739, 0.02291804899072685]
optimized_portfolios: [{'AAPL': 4, 'GS': 1, 'MCD': 0}, {'AAPL': 4, 'GS': 0, 'MCD': 2}]
objective_values: [-3.63701090830131, -22.27172494191562]
result_with_budget: [{'portfolio': {'AAPL': 4, 'GS': 1, 'MCD': 0}, 'budget': 1570.3744506835938, 'difference': 154.64556884765625}, {'portfolio': {'AAPL': 4, 'GS': 0, 'MCD': 2}, 'budget': 1577.0316772460938, 'difference': 147.98834228515625}]
Processing experiment 142
Budget: 1790.5783081054688
Number of qubits for asset CVX: 4
Number of qubits for asset MCD: 3
Number of qubits for asset V: 3
Total number of qubits:  10
Optimized Weights (considering variance, skewness and kurtosis):
CVX: 0.00%
MCD: 0.00%
V: 100.00%
Left over budget:  69.78158554500601
Optimized Discrete Allocation:
CVX: 1
V: 5
Maximized utility from continuous higher moments:  -39.232370918422305
Budget constraint satisfied 1783.9218139648438 1790.5783081054688 Difference:  6.656494140625
Budget constraint satisfied 1782.1981201171875 1790.5783081054688 Difference:  8.38018798828125
smallest_eigenvalues: [-0.1799652279868027]
smallest_bitstrings: ['0000001010']
first_excited_energy: -0.17996344459183444
optimized_portfolio: [{'CVX': 0, 'MCD': 4, 'V': 2}]
second_optimized_portfolio: [{'CVX': 2, 'MCD': 3, 'V': 2}]
result_with_budget: [{'portfolio': {'CVX': 0, 'MCD': 4, 'V': 2}, 'budget': 1783.9218139648438, 'difference': 6.656494140625, 'objective_value': -92.24312634261922}]
result_with_budget_excited: [{'portfolio': {'CVX': 2, 'MCD': 3, 'V': 2}, 'budget': 1782.1981201171875, 'difference': 8.38018798828125, 'objective_value': -138.44067402923793}]
Initial params:  [1.89397476 2.84648164 1.24826832 1.16181397 3.05661345 0.83354575
 0.338274   2.96429936 2.39620561 1.88447806 1.34003828 1.6633055
 2.30183625 1.73047948 1.90891988 0.89936971 1.29023639 2.80983019
 0.32854149 1.43499325]
(6_w,12)-aCMA-ES (mu_w=3.7,w_1=40%) in dimension 20 (seed=951130, Wed Mar 12 19:18:13 2025)
Iterat #Fevals   function value  axis ratio  sigma  min&max std  t[m:s]
    1     12 -1.314353288846701e-01 1.0e+00 9.50e-02  9e-02  1e-01 0:17.6
    2     24 -1.350019247548422e-01 1.1e+00 9.24e-02  9e-02  9e-02 0:35.6
    3     36 -1.243679504890245e-01 1.1e+00 8.94e-02  9e-02  9e-02 0:53.5
    4     48 -1.237630136274386e-01 1.2e+00 8.63e-02  8e-02  9e-02 1:11.6
    5     60 -1.273527810597631e-01 1.2e+00 8.38e-02  8e-02  9e-02 1:30.1
    6     72 -1.301357986698185e-01 1.2e+00 8.61e-02  8e-02  9e-02 1:48.7
    7     84 -1.336975174195792e-01 1.3e+00 8.83e-02  8e-02  9e-02 2:06.8
    8     96 -1.322274506181886e-01 1.4e+00 9.14e-02  9e-02  1e-01 2:25.3
    9    108 -1.287678600584669e-01 1.4e+00 9.16e-02  9e-02  1e-01 2:43.8
   10    120 -1.343461293092561e-01 1.5e+00 8.81e-02  8e-02  1e-01 3:02.5
   11    132 -1.358642766850105e-01 1.5e+00 8.80e-02  8e-02  9e-02 3:21.1
   12    144 -1.375547568707234e-01 1.6e+00 8.96e-02  8e-02  1e-01 3:39.6
   13    156 -1.399338418475672e-01 1.6e+00 9.01e-02  8e-02  1e-01 3:58.2
   14    168 -1.419960052270906e-01 1.6e+00 8.81e-02  8e-02  9e-02 4:16.8
   15    180 -1.413069167541503e-01 1.6e+00 8.66e-02  8e-02  9e-02 4:35.4
   16    192 -1.408325913335239e-01 1.6e+00 8.77e-02  8e-02  9e-02 4:54.1
   17    204 -1.344978070128416e-01 1.6e+00 8.67e-02  8e-02  9e-02 5:12.6
   18    216 -1.421622130838895e-01 1.7e+00 8.55e-02  8e-02  9e-02 5:31.3
   19    228 -1.414131218454001e-01 1.7e+00 8.23e-02  8e-02  9e-02 5:49.9
   21    252 -1.377272062679060e-01 1.8e+00 8.05e-02  7e-02  9e-02 6:27.0
   23    276 -1.406324257331432e-01 1.8e+00 7.55e-02  7e-02  8e-02 7:04.3
   25    300 -1.425425634946396e-01 1.8e+00 7.50e-02  7e-02  8e-02 7:40.6
   27    324 -1.438775234611856e-01 1.9e+00 7.59e-02  7e-02  8e-02 8:17.7
   29    348 -1.471038517127500e-01 2.0e+00 7.94e-02  7e-02  9e-02 8:54.4
   31    372 -1.469916334817467e-01 2.0e+00 7.74e-02  7e-02  9e-02 9:31.7
   33    396 -1.487607755896036e-01 2.2e+00 7.49e-02  7e-02  9e-02 10:09.2
   35    420 -1.473594887409595e-01 2.2e+00 7.21e-02  6e-02  8e-02 10:46.4
   37    444 -1.493658432109795e-01 2.3e+00 6.99e-02  6e-02  8e-02 11:23.7
   39    468 -1.465784767851777e-01 2.3e+00 7.37e-02  6e-02  8e-02 12:00.9
   41    492 -1.486815224496335e-01 2.4e+00 8.13e-02  7e-02  1e-01 12:38.2
   43    516 -1.525894108982383e-01 2.5e+00 7.73e-02  7e-02  9e-02 13:15.4
   45    540 -1.554246851169377e-01 2.6e+00 7.21e-02  6e-02  9e-02 13:52.7
   47    564 -1.575260840862805e-01 2.8e+00 7.77e-02  7e-02  1e-01 14:29.5
   49    588 -1.591208765163209e-01 2.8e+00 7.91e-02  7e-02  1e-01 15:06.4
   51    612 -1.556332216468441e-01 2.9e+00 7.25e-02  6e-02  9e-02 15:43.2
   53    636 -1.566899331862774e-01 2.9e+00 7.03e-02  6e-02  9e-02 16:20.4
   55    660 -1.580549550189950e-01 3.0e+00 7.56e-02  6e-02  9e-02 16:57.7
   57    684 -1.563911628444905e-01 3.0e+00 7.88e-02  6e-02  1e-01 17:34.9
   60    720 -1.601651751339954e-01 3.2e+00 8.29e-02  7e-02  1e-01 18:30.9
   63    756 -1.592362393492104e-01 3.4e+00 8.95e-02  7e-02  1e-01 19:26.7
   66    792 -1.617363546906270e-01 3.7e+00 9.58e-02  8e-02  1e-01 20:22.6
   69    828 -1.582751108629890e-01 4.0e+00 1.07e-01  8e-02  1e-01 21:18.1
   72    864 -1.597593704645619e-01 4.2e+00 1.09e-01  8e-02  1e-01 22:13.9
   75    900 -1.617645627798808e-01 4.4e+00 9.69e-02  7e-02  1e-01 23:10.2
   78    936 -1.619099817670820e-01 4.5e+00 1.02e-01  8e-02  1e-01 24:06.2
   81    972 -1.607065664939082e-01 4.6e+00 9.86e-02  7e-02  1e-01 25:02.3
   84   1008 -1.606956302338205e-01 4.7e+00 8.79e-02  6e-02  1e-01 25:57.9
   87   1044 -1.592498013669423e-01 4.9e+00 8.05e-02  6e-02  1e-01 26:53.7
   90   1080 -1.615165296584580e-01 5.1e+00 7.10e-02  5e-02  9e-02 27:50.0
   93   1116 -1.609722798679869e-01 5.3e+00 6.75e-02  5e-02  9e-02 28:46.2
   96   1152 -1.620668529271114e-01 5.4e+00 6.67e-02  5e-02  9e-02 29:41.6
   99   1188 -1.626571580678851e-01 5.6e+00 6.25e-02  4e-02  8e-02 30:37.0
  100   1200 -1.634096986385319e-01 5.5e+00 6.02e-02  4e-02  8e-02 30:55.7
  103   1236 -1.639835442355438e-01 5.7e+00 6.01e-02  4e-02  8e-02 31:51.9
  106   1272 -1.644088473441391e-01 5.9e+00 5.54e-02  4e-02  7e-02 32:47.8
  109   1308 -1.636997140879792e-01 6.2e+00 5.51e-02  4e-02  7e-02 33:43.9
  113   1356 -1.627282947207195e-01 6.4e+00 5.34e-02  3e-02  7e-02 34:57.1
  117   1404 -1.636794021692101e-01 6.6e+00 4.34e-02  3e-02  6e-02 36:11.7
  121   1452 -1.642851779037920e-01 6.9e+00 3.54e-02  2e-02  5e-02 37:26.8
  125   1500 -1.645744789747452e-01 7.2e+00 3.32e-02  2e-02  4e-02 38:40.5
  129   1548 -1.644474510061775e-01 7.4e+00 3.08e-02  2e-02  4e-02 39:55.8
  133   1596 -1.647531084196775e-01 7.7e+00 2.71e-02  2e-02  3e-02 41:11.1
  137   1644 -1.646394546813398e-01 7.9e+00 3.05e-02  2e-02  4e-02 42:25.7
  141   1692 -1.646180929324455e-01 8.5e+00 2.90e-02  2e-02  4e-02 43:40.3
  145   1740 -1.647323185171905e-01 8.9e+00 2.64e-02  2e-02  3e-02 44:56.0
  149   1788 -1.647688473003861e-01 9.0e+00 2.05e-02  1e-02  3e-02 46:11.3
  153   1836 -1.648521519072387e-01 9.2e+00 1.94e-02  1e-02  3e-02 47:25.6
  157   1884 -1.647997550780967e-01 9.3e+00 1.73e-02  1e-02  2e-02 48:41.0
  161   1932 -1.648807009459371e-01 9.5e+00 1.67e-02  1e-02  2e-02 49:56.5
  165   1980 -1.649624751462980e-01 1.0e+01 1.72e-02  1e-02  2e-02 51:11.5
  169   2028 -1.650135540356114e-01 1.1e+01 1.71e-02  1e-02  2e-02 52:23.7
  173   2076 -1.650757245988512e-01 1.1e+01 1.73e-02  1e-02  2e-02 53:35.9
  177   2124 -1.651017260576433e-01 1.1e+01 1.69e-02  9e-03  2e-02 54:48.3
  182   2184 -1.651402708866941e-01 1.2e+01 1.71e-02  9e-03  2e-02 56:18.7
  187   2244 -1.652233693003420e-01 1.2e+01 1.83e-02  1e-02  3e-02 57:48.9
  192   2304 -1.651534436533914e-01 1.3e+01 1.77e-02  9e-03  2e-02 59:19.3
  197   2364 -1.651703150773523e-01 1.4e+01 1.90e-02  1e-02  3e-02 60:49.6
  200   2400 -1.652346065894926e-01 1.4e+01 1.96e-02  1e-02  3e-02 61:43.8
  205   2460 -1.652952394124067e-01 1.5e+01 2.01e-02  1e-02  3e-02 63:14.1
  210   2520 -1.653131403314803e-01 1.6e+01 1.78e-02  9e-03  2e-02 64:44.2
  215   2580 -1.653684325412152e-01 1.6e+01 1.84e-02  9e-03  3e-02 66:14.5
  220   2640 -1.654161358726326e-01 1.7e+01 2.27e-02  1e-02  3e-02 67:45.0
  225   2700 -1.653491312039941e-01 1.8e+01 2.85e-02  1e-02  4e-02 69:14.9
  230   2760 -1.654358895954062e-01 1.9e+01 2.77e-02  1e-02  4e-02 70:53.2
  235   2820 -1.654586269079027e-01 2.0e+01 2.92e-02  1e-02  5e-02 72:33.2
  240   2880 -1.655476611304969e-01 2.1e+01 2.85e-02  1e-02  4e-02 74:13.1
  245   2940 -1.656138177754988e-01 2.2e+01 2.64e-02  1e-02  4e-02 75:52.7
  250   3000 -1.656175757751620e-01 2.4e+01 2.82e-02  1e-02  5e-02 77:32.9
  255   3060 -1.656136608363062e-01 2.5e+01 2.21e-02  1e-02  4e-02 79:12.8
  260   3120 -1.656882900219572e-01 2.6e+01 1.96e-02  9e-03  3e-02 80:53.0
  265   3180 -1.656988003088746e-01 2.6e+01 2.10e-02  9e-03  4e-02 82:33.7
  270   3240 -1.657450510999987e-01 2.6e+01 2.09e-02  9e-03  4e-02 84:14.4
  275   3300 -1.657742932187057e-01 2.9e+01 2.24e-02  9e-03  4e-02 85:54.8
  280   3360 -1.657592677134735e-01 3.0e+01 1.97e-02  8e-03  4e-02 87:35.3
  285   3420 -1.657929917862356e-01 3.2e+01 2.16e-02  9e-03  4e-02 89:15.7
  290   3480 -1.657959968750548e-01 3.4e+01 2.44e-02  1e-02  5e-02 90:56.1
  295   3540 -1.658141124924080e-01 3.4e+01 2.47e-02  1e-02  5e-02 92:36.6
  300   3600 -1.658583759878230e-01 3.7e+01 2.21e-02  8e-03  5e-02 94:17.0
  305   3660 -1.658939799262238e-01 3.7e+01 1.84e-02  7e-03  4e-02 95:57.1
  310   3720 -1.659205510602352e-01 3.6e+01 1.96e-02  7e-03  4e-02 97:37.5
  315   3780 -1.659583725087390e-01 3.8e+01 2.03e-02  8e-03  4e-02 99:17.8
  321   3852 -1.660445735384772e-01 4.1e+01 2.45e-02  9e-03  5e-02 101:18.0
  327   3924 -1.660952433078444e-01 4.6e+01 3.49e-02  1e-02  8e-02 103:18.5
  333   3996 -1.662518165414554e-01 5.1e+01 4.21e-02  2e-02  1e-01 105:18.7
  339   4068 -1.665299842206399e-01 5.7e+01 4.43e-02  2e-02  1e-01 107:18.8
  345   4140 -1.666776210406297e-01 6.8e+01 5.38e-02  2e-02  2e-01 109:19.5
  351   4212 -1.669346711236343e-01 7.1e+01 4.74e-02  2e-02  1e-01 111:20.2
  357   4284 -1.668680034656331e-01 7.4e+01 5.20e-02  2e-02  1e-01 113:20.8
  363   4356 -1.671918404045438e-01 7.5e+01 5.66e-02  2e-02  2e-01 115:21.4
  369   4428 -1.670099359882400e-01 7.6e+01 5.55e-02  2e-02  2e-01 117:21.9
  375   4500 -1.672731418407931e-01 7.6e+01 4.97e-02  2e-02  1e-01 119:22.2
  381   4572 -1.673076591479769e-01 7.8e+01 4.56e-02  2e-02  1e-01 121:22.8
  387   4644 -1.675611253440233e-01 8.0e+01 3.87e-02  1e-02  1e-01 123:23.0
  393   4716 -1.676920141643490e-01 8.7e+01 3.83e-02  1e-02  1e-01 125:23.4
  399   4788 -1.676876937120205e-01 8.6e+01 3.13e-02  1e-02  9e-02 127:23.9
  400   4800 -1.676720063860441e-01 8.6e+01 2.98e-02  1e-02  9e-02 127:44.1
  406   4872 -1.679045933897915e-01 8.8e+01 2.82e-02  9e-03  8e-02 129:44.8
  412   4944 -1.679273766105139e-01 9.5e+01 3.10e-02  1e-02  1e-01 131:45.8
  418   5016 -1.680743569690243e-01 9.8e+01 2.85e-02  9e-03  9e-02 133:46.7
  424   5088 -1.682856327614355e-01 1.1e+02 3.11e-02  1e-02  1e-01 135:47.6
  430   5160 -1.682558775553441e-01 1.1e+02 3.04e-02  1e-02  1e-01 137:48.7
  437   5244 -1.684144308759576e-01 1.2e+02 3.24e-02  1e-02  1e-01 140:09.3
  444   5328 -1.684761539992695e-01 1.2e+02 2.83e-02  1e-02  1e-01 142:30.3
  451   5412 -1.685251139883085e-01 1.2e+02 2.62e-02  9e-03  1e-01 144:51.0
  458   5496 -1.686352212567263e-01 1.3e+02 2.69e-02  9e-03  1e-01 147:11.9
  465   5580 -1.687249283185756e-01 1.3e+02 2.47e-02  8e-03  1e-01 149:33.0
  472   5664 -1.687804062431293e-01 1.5e+02 2.51e-02  9e-03  1e-01 151:53.8
  479   5748 -1.688131689886018e-01 1.5e+02 2.57e-02  9e-03  1e-01 154:14.7
  486   5832 -1.689374484724959e-01 1.5e+02 3.32e-02  1e-02  1e-01 156:35.4
  493   5916 -1.689123191858003e-01 1.5e+02 5.12e-02  2e-02  2e-01 158:56.3
  500   6000 -1.689124624261310e-01 1.5e+02 4.29e-02  1e-02  2e-01 161:17.4
  507   6084 -1.691237755866067e-01 1.5e+02 3.11e-02  1e-02  1e-01 163:38.3
  514   6168 -1.691051739440413e-01 1.5e+02 2.35e-02  8e-03  1e-01 165:59.4
  521   6252 -1.691184648430623e-01 1.6e+02 1.92e-02  6e-03  9e-02 168:20.6
  528   6336 -1.691770567397632e-01 1.5e+02 1.60e-02  5e-03  7e-02 170:41.4
  535   6420 -1.691900772302000e-01 1.5e+02 1.97e-02  6e-03  9e-02 173:02.4
  542   6504 -1.692140400988189e-01 1.5e+02 2.12e-02  6e-03  9e-02 175:23.3
  549   6588 -1.692587352361858e-01 1.5e+02 2.47e-02  7e-03  1e-01 177:44.1
  556   6672 -1.692919946708389e-01 1.5e+02 2.60e-02  8e-03  1e-01 180:05.1
  563   6756 -1.693863347462755e-01 1.6e+02 3.12e-02  9e-03  1e-01 182:26.2
  570   6840 -1.694619667203887e-01 1.6e+02 3.19e-02  9e-03  1e-01 184:47.1
  578   6936 -1.695078375083532e-01 1.6e+02 2.88e-02  8e-03  1e-01 187:27.8
  586   7032 -1.695802183313099e-01 1.6e+02 2.79e-02  7e-03  1e-01 190:09.2
  594   7128 -1.697039868971532e-01 1.6e+02 3.21e-02  8e-03  1e-01 192:50.2
  600   7200 -1.697217963423230e-01 1.6e+02 4.43e-02  1e-02  2e-01 194:51.4
  608   7296 -1.698150417139238e-01 1.7e+02 5.60e-02  1e-02  3e-01 197:32.8
  616   7392 -1.699130700043358e-01 1.7e+02 4.40e-02  1e-02  2e-01 200:13.8
  624   7488 -1.699756429123324e-01 1.7e+02 3.29e-02  7e-03  2e-01 202:54.8
  632   7584 -1.700035638991563e-01 1.8e+02 3.23e-02  6e-03  2e-01 205:36.3
  640   7680 -1.701400676715768e-01 1.8e+02 4.11e-02  8e-03  2e-01 208:17.3
  648   7776 -1.702145281738179e-01 1.9e+02 4.75e-02  8e-03  2e-01 210:58.5
  656   7872 -1.702101795465935e-01 2.0e+02 4.13e-02  7e-03  2e-01 213:39.5
  664   7968 -1.702582168984094e-01 2.0e+02 5.13e-02  8e-03  3e-01 216:20.9
  672   8064 -1.703911262136727e-01 2.1e+02 4.32e-02  6e-03  2e-01 219:02.7
  680   8160 -1.704178851728552e-01 2.1e+02 3.90e-02  6e-03  2e-01 221:43.4
  688   8256 -1.704960106333545e-01 2.2e+02 4.03e-02  5e-03  2e-01 224:24.6
  696   8352 -1.706041003453390e-01 2.3e+02 3.17e-02  4e-03  2e-01 227:05.4
  700   8400 -1.706307154602401e-01 2.3e+02 3.15e-02  4e-03  2e-01 228:25.7
  708   8496 -1.707058028179406e-01 2.4e+02 3.07e-02  4e-03  2e-01 231:06.8
  716   8592 -1.707857969113759e-01 2.5e+02 3.67e-02  4e-03  2e-01 233:47.5
  724   8688 -1.708498794206583e-01 2.6e+02 3.10e-02  3e-03  2e-01 236:28.4
  732   8784 -1.710138711479241e-01 2.7e+02 4.58e-02  5e-03  3e-01 239:09.6
  741   8892 -1.710061853125378e-01 2.8e+02 3.86e-02  4e-03  3e-01 242:11.0
  750   9000 -1.710643949993266e-01 2.8e+02 4.26e-02  4e-03  3e-01 245:12.3
  759   9108 -1.711405700384799e-01 2.8e+02 3.49e-02  3e-03  2e-01 248:13.7
  768   9216 -1.712456763132914e-01 2.9e+02 3.70e-02  3e-03  3e-01 251:15.3
  777   9324 -1.712676263328545e-01 3.0e+02 4.83e-02  4e-03  4e-01 254:16.3
  786   9432 -1.713593646001109e-01 2.9e+02 4.20e-02  4e-03  3e-01 257:17.5
  795   9540 -1.713720228858195e-01 2.8e+02 3.28e-02  3e-03  2e-01 260:18.2
  800   9600 -1.714318035525945e-01 2.8e+02 3.18e-02  3e-03  2e-01 261:59.2
  809   9708 -1.715071012561055e-01 2.9e+02 3.97e-02  3e-03  3e-01 265:00.9
  818   9816 -1.715237031532977e-01 3.0e+02 3.06e-02  2e-03  2e-01 268:02.4
  827   9924 -1.715695638878187e-01 3.0e+02 3.35e-02  3e-03  2e-01 271:03.5
  836  10032 -1.716633110134311e-01 3.0e+02 3.51e-02  3e-03  2e-01 274:04.9
  845  10140 -1.716970556870213e-01 3.2e+02 3.44e-02  2e-03  2e-01 277:06.4
  854  10248 -1.717788750985097e-01 3.1e+02 3.24e-02  2e-03  2e-01 280:07.7
  863  10356 -1.719131594705096e-01 3.2e+02 4.06e-02  3e-03  3e-01 283:08.9
  872  10464 -1.721004098431815e-01 3.4e+02 5.35e-02  4e-03  4e-01 286:09.5
  881  10572 -1.722808233069493e-01 3.5e+02 6.22e-02  4e-03  4e-01 289:11.0
  890  10680 -1.724890762790672e-01 3.5e+02 6.29e-02  4e-03  4e-01 292:12.1
  899  10788 -1.726363195993224e-01 3.6e+02 6.91e-02  4e-03  5e-01 295:13.5
  900  10800 -1.725932220874215e-01 3.7e+02 6.82e-02  4e-03  5e-01 295:33.5
  910  10920 -1.727979171762379e-01 3.9e+02 5.72e-02  4e-03  4e-01 298:55.3
  920  11040 -1.728472224972053e-01 4.0e+02 3.67e-02  2e-03  3e-01 302:16.6
  930  11160 -1.729121408331957e-01 4.1e+02 3.79e-02  2e-03  3e-01 305:38.1
  940  11280 -1.729622609529128e-01 4.4e+02 4.43e-02  3e-03  3e-01 308:58.9
  950  11400 -1.729935233824386e-01 4.6e+02 3.52e-02  2e-03  3e-01 312:20.3
  960  11520 -1.730297043387126e-01 4.8e+02 4.85e-02  3e-03  4e-01 315:41.0
  970  11640 -1.730855451618902e-01 4.9e+02 4.70e-02  2e-03  4e-01 319:02.3
  980  11760 -1.731571897948745e-01 4.9e+02 4.96e-02  2e-03  4e-01 322:23.6
  990  11880 -1.732231723982863e-01 4.9e+02 6.38e-02  3e-03  5e-01 325:45.1
 1000  12000 -1.733021063252695e-01 4.8e+02 8.35e-02  4e-03  6e-01 329:06.7
Iterat #Fevals   function value  axis ratio  sigma  min&max std  t[m:s]
 1010  12120 -1.733593679622474e-01 4.6e+02 7.78e-02  3e-03  5e-01 332:28.5
 1020  12240 -1.734454249657878e-01 4.5e+02 8.14e-02  3e-03  6e-01 335:50.1
 1030  12360 -1.735014730154754e-01 4.5e+02 6.44e-02  3e-03  4e-01 339:11.7
 1040  12480 -1.735384533624641e-01 4.5e+02 6.04e-02  2e-03  4e-01 342:33.2
 1050  12600 -1.735820696124471e-01 4.5e+02 5.07e-02  2e-03  3e-01 345:55.1
 1060  12720 -1.735944943176880e-01 4.2e+02 3.66e-02  1e-03  2e-01 349:16.4
 1070  12840 -1.735967323802052e-01 4.2e+02 2.70e-02  1e-03  2e-01 352:38.3
 1080  12960 -1.736023279320192e-01 4.4e+02 1.78e-02  6e-04  1e-01 355:59.5
 1090  13080 -1.736065692669944e-01 4.4e+02 1.38e-02  5e-04  9e-02 359:20.7
 1100  13200 -1.736093458564731e-01 4.5e+02 1.28e-02  4e-04  8e-02 362:41.8
 1111  13332 -1.736135380789816e-01 4.6e+02 1.85e-02  6e-04  1e-01 366:23.1
 1122  13464 -1.736197078588833e-01 4.6e+02 2.02e-02  6e-04  1e-01 370:04.3
 1133  13596 -1.736289944757750e-01 5.0e+02 2.62e-02  8e-04  2e-01 373:45.7
 1144  13728 -1.736466998237922e-01 5.4e+02 3.35e-02  1e-03  2e-01 377:26.9
 1155  13860 -1.736714516539025e-01 6.0e+02 4.46e-02  1e-03  3e-01 381:08.5
 1166  13992 -1.737754093786250e-01 6.2e+02 1.07e-01  3e-03  7e-01 384:49.8
 1177  14124 -1.738619382954933e-01 6.0e+02 1.41e-01  4e-03  9e-01 388:31.3
 1188  14256 -1.739841681388072e-01 6.1e+02 1.08e-01  3e-03  7e-01 392:13.0
 1199  14388 -1.740819265875395e-01 5.7e+02 8.23e-02  2e-03  5e-01 395:55.1
 1200  14400 -1.740820441213015e-01 5.7e+02 8.37e-02  2e-03  5e-01 396:15.4
 1211  14532 -1.741185159786759e-01 5.8e+02 1.13e-01  3e-03  7e-01 399:57.9
 1222  14664 -1.742158206009039e-01 5.7e+02 1.05e-01  2e-03  6e-01 403:39.5
 1233  14796 -1.742964461407149e-01 5.7e+02 1.48e-01  3e-03  9e-01 407:21.0
 1244  14928 -1.743914526396970e-01 5.3e+02 1.10e-01  2e-03  6e-01 411:02.7
 1255  15060 -1.744873148310548e-01 5.1e+02 9.64e-02  2e-03  5e-01 414:44.0
 1266  15192 -1.745355907177157e-01 5.0e+02 8.27e-02  2e-03  4e-01 418:25.4
 1277  15324 -1.745662100889060e-01 4.9e+02 7.15e-02  1e-03  4e-01 422:07.6
 1288  15456 -1.745743222680278e-01 4.8e+02 4.39e-02  9e-04  2e-01 425:49.7
 1299  15588 -1.745825199272721e-01 4.8e+02 3.79e-02  8e-04  2e-01 429:31.5
 1300  15600 -1.745874665324504e-01 4.7e+02 3.79e-02  8e-04  2e-01 429:51.7
 1311  15732 -1.745915222849814e-01 4.9e+02 3.50e-02  7e-04  2e-01 433:34.0
 1323  15876 -1.745969289045476e-01 4.8e+02 2.96e-02  6e-04  1e-01 437:35.7
 1335  16020 -1.746005806346523e-01 4.6e+02 2.37e-02  4e-04  1e-01 441:37.3
 1347  16164 -1.746034861325869e-01 4.5e+02 2.17e-02  4e-04  9e-02 445:38.3
 1359  16308 -1.746072164285360e-01 4.6e+02 2.18e-02  4e-04  9e-02 449:40.1
 1371  16452 -1.746104211416620e-01 4.5e+02 2.18e-02  4e-04  9e-02 453:42.5
 1383  16596 -1.746115920440381e-01 4.4e+02 1.78e-02  3e-04  7e-02 457:44.6
 1395  16740 -1.746132641892295e-01 4.3e+02 2.00e-02  3e-04  8e-02 461:46.5
 1400  16800 -1.746136174895545e-01 4.4e+02 2.02e-02  3e-04  8e-02 463:27.4
 1412  16944 -1.746146296256813e-01 4.3e+02 1.69e-02  3e-04  6e-02 467:29.0
 1424  17088 -1.746166746045476e-01 4.3e+02 1.96e-02  3e-04  7e-02 471:30.7
 1436  17232 -1.746179854126202e-01 4.3e+02 1.82e-02  3e-04  6e-02 475:32.2
 1448  17376 -1.746194879006490e-01 4.5e+02 1.93e-02  3e-04  7e-02 479:31.9
 1460  17520 -1.746206442727082e-01 4.5e+02 2.21e-02  3e-04  8e-02 483:32.1
 1472  17664 -1.746225397576243e-01 4.5e+02 2.26e-02  3e-04  7e-02 487:31.8
 1484  17808 -1.746227402609591e-01 4.6e+02 1.80e-02  2e-04  6e-02 491:31.7
 1496  17952 -1.746233633698956e-01 4.8e+02 1.24e-02  2e-04  4e-02 495:31.6
 1500  18000 -1.746233584240321e-01 4.8e+02 1.12e-02  1e-04  4e-02 496:51.8
 1513  18156 -1.746235067713794e-01 4.6e+02 5.31e-03  6e-05  2e-02 501:11.7
 1526  18312 -1.746235138933333e-01 4.7e+02 3.15e-03  3e-05  1e-02 505:31.5
 1539  18468 -1.746235222722722e-01 4.7e+02 2.40e-03  3e-05  7e-03 509:51.3
 1552  18624 -1.746235283341020e-01 4.8e+02 1.78e-03  2e-05  5e-03 514:11.6
 1565  18780 -1.746235342969547e-01 4.8e+02 1.13e-03  1e-05  3e-03 518:31.2
 1578  18936 -1.746235359623436e-01 4.9e+02 9.95e-04  1e-05  3e-03 522:50.5
 1591  19092 -1.746235387685867e-01 5.0e+02 1.19e-03  1e-05  3e-03 527:09.9
 1600  19200 -1.746235392063281e-01 5.3e+02 1.15e-03  1e-05  3e-03 530:09.3
 1613  19356 -1.746235408564875e-01 5.3e+02 7.95e-04  7e-06  2e-03 534:28.4
 1626  19512 -1.746235417770659e-01 5.2e+02 6.05e-04  5e-06  2e-03 538:47.5
 1639  19668 -1.746235420736355e-01 5.3e+02 4.66e-04  4e-06  1e-03 543:06.8
 1652  19824 -1.746235422380218e-01 5.4e+02 2.93e-04  2e-06  7e-04 547:26.3
 1665  19980 -1.746235422656407e-01 5.5e+02 1.60e-04  1e-06  4e-04 551:45.8
 1678  20136 -1.746235422826663e-01 5.4e+02 8.06e-05  6e-07  2e-04 556:05.5
 1691  20292 -1.746235422867185e-01 5.4e+02 5.29e-05  4e-07  1e-04 560:25.0
 1700  20400 -1.746235422873912e-01 5.5e+02 3.49e-05  3e-07  7e-05 563:24.5
 1713  20556 -1.746235422880655e-01 5.8e+02 2.38e-05  2e-07  5e-05 567:43.9
 1726  20712 -1.746235422884269e-01 5.9e+02 1.43e-05  1e-07  3e-05 572:03.3
 1735  20820 -1.746235422884733e-01 5.8e+02 1.21e-05  8e-08  2e-05 575:02.9
Budget constraint satisfied 1729.3553466796875 1790.5783081054688 Difference:  61.22296142578125
Budget constraint satisfied 1780.4744262695312 1790.5783081054688 Difference:  10.1038818359375
two_most_probable_states: ['0000011000', '0010010010']
final_expectation_value: -0.17462354228850097
params: [1.2806819458929644, 2.9420634072054592, 6.599853661472913, 1.287081337083251, 13.111768353143965, 20.477193801983006, 26.19482271229737, -1.7081985808631064, 17.00243031390683, 8.03144159120155, 0.7418155455247499, 2.4867530039110184, 1.588523157787755, 1.3451240680193224, 3.014451113569144, -0.07635341586987822, -0.21878410039148372, 4.882563179427603, 0.06412259446549039, 1.6149351558053178]
total_steps: 1735
states_probs: [0.012807895436234935, 0.01363683289219358]
optimized_portfolios: [{'CVX': 0, 'MCD': 6, 'V': 0}, {'CVX': 4, 'MCD': 2, 'V': 2}]
objective_values: [-160.2857551436449, -228.75448959474338]
result_with_budget: [{'portfolio': {'CVX': 0, 'MCD': 6, 'V': 0}, 'budget': 1729.3553466796875, 'difference': 61.22296142578125}, {'portfolio': {'CVX': 4, 'MCD': 2, 'V': 2}, 'budget': 1780.4744262695312, 'difference': 10.1038818359375}]
Processing experiment 143
Budget: 762.6900062561035
Number of qubits for asset DOW: 5
Number of qubits for asset MSFT: 1
Number of qubits for asset TRV: 2
Total number of qubits:  8
Optimized Weights (considering variance, skewness and kurtosis):
DOW: 0.00%
MSFT: 100.00%
TRV: 0.00%
Left over budget:  145.0382994813025
Optimized Discrete Allocation:
DOW: 5
MSFT: 1
Maximized utility from continuous higher moments:  -48.62085794301349
Budget constraint satisfied 759.1245155334473 762.6900062561035 Difference:  3.56549072265625
Budget constraint satisfied 755.6102409362793 762.6900062561035 Difference:  7.079765319824219
smallest_eigenvalues: [-0.25288708958751116]
smallest_bitstrings: ['10000011']
first_excited_energy: -0.25284916478801067
optimized_portfolio: [{'DOW': 1, 'MSFT': 0, 'TRV': 3}]
second_optimized_portfolio: [{'DOW': 7, 'MSFT': 0, 'TRV': 2}]
result_with_budget: [{'portfolio': {'DOW': 1, 'MSFT': 0, 'TRV': 3}, 'budget': 759.1245155334473, 'difference': 3.56549072265625, 'objective_value': -10.642077591428915}]
result_with_budget_excited: [{'portfolio': {'DOW': 7, 'MSFT': 0, 'TRV': 2}, 'budget': 755.6102409362793, 'difference': 7.079765319824219, 'objective_value': -295.1545542653226}]
Initial params:  [2.30371804 3.00186527 2.87862302 1.12247245 0.88647959 0.6589145
 1.26137431 1.65226934 2.76679524 0.19877901 2.94687539 0.05906899
 2.64872247 2.20246819 1.12642197 1.7525816 ]
(6_w,12)-aCMA-ES (mu_w=3.7,w_1=40%) in dimension 16 (seed=957424, Thu Mar 13 04:54:52 2025)
Iterat #Fevals   function value  axis ratio  sigma  min&max std  t[m:s]
    1     12 -1.145125492413393e-01 1.0e+00 9.69e-02  1e-01  1e-01 0:06.6
    2     24 -1.123566173435517e-01 1.2e+00 9.44e-02  9e-02  1e-01 0:13.2
    3     36 -1.103254336910050e-01 1.2e+00 9.46e-02  9e-02  1e-01 0:19.8
    4     48 -1.136286492524677e-01 1.2e+00 9.71e-02  9e-02  1e-01 0:26.5
    5     60 -1.224629600346245e-01 1.3e+00 9.44e-02  9e-02  1e-01 0:33.1
    6     72 -1.226417557677480e-01 1.3e+00 9.62e-02  9e-02  1e-01 0:39.7
    7     84 -1.323083804115689e-01 1.4e+00 1.00e-01  1e-01  1e-01 0:46.3
    9    108 -1.258577551822904e-01 1.5e+00 1.08e-01  1e-01  1e-01 0:59.6
   11    132 -1.336924856888870e-01 1.6e+00 9.97e-02  9e-02  1e-01 1:12.8
   13    156 -1.494582620840805e-01 1.7e+00 1.03e-01  1e-01  1e-01 1:25.9
   15    180 -1.522225734151872e-01 1.7e+00 1.06e-01  1e-01  1e-01 1:39.0
   17    204 -1.572118037913261e-01 1.8e+00 1.16e-01  1e-01  1e-01 1:52.2
   19    228 -1.729956170440885e-01 1.9e+00 1.31e-01  1e-01  1e-01 2:05.3
   21    252 -1.867489274101784e-01 2.1e+00 1.37e-01  1e-01  1e-01 2:18.5
   24    288 -2.024792493444209e-01 2.5e+00 1.53e-01  1e-01  2e-01 2:38.3
   27    324 -1.834296994612659e-01 2.8e+00 1.52e-01  1e-01  2e-01 2:58.1
   30    360 -2.038802345521928e-01 2.8e+00 1.38e-01  1e-01  2e-01 3:17.8
   33    396 -2.075004211494869e-01 2.9e+00 1.29e-01  1e-01  1e-01 3:37.6
   36    432 -2.129734525878005e-01 3.1e+00 1.06e-01  9e-02  1e-01 3:57.3
   39    468 -2.099885096910075e-01 3.4e+00 8.99e-02  8e-02  1e-01 4:16.9
   43    516 -2.149066346970218e-01 3.6e+00 8.56e-02  7e-02  1e-01 4:43.3
   47    564 -2.147885333264941e-01 3.6e+00 8.82e-02  8e-02  1e-01 5:09.7
   51    612 -2.167045831084287e-01 3.7e+00 1.09e-01  9e-02  1e-01 5:36.0
   55    660 -2.110081590767488e-01 4.2e+00 1.33e-01  1e-01  2e-01 6:02.4
   59    708 -2.133668201649100e-01 4.9e+00 1.39e-01  1e-01  2e-01 6:28.9
   63    756 -2.121971964763740e-01 5.3e+00 1.30e-01  1e-01  2e-01 6:55.3
   67    804 -2.150470210403707e-01 5.6e+00 1.13e-01  9e-02  2e-01 7:21.7
   72    864 -2.176033652671760e-01 5.8e+00 1.00e-01  8e-02  1e-01 7:54.6
   77    924 -2.189198757151349e-01 6.2e+00 7.93e-02  6e-02  1e-01 8:27.8
   82    984 -2.211671784303688e-01 7.0e+00 6.32e-02  5e-02  9e-02 9:01.2
   87   1044 -2.221022635657826e-01 8.0e+00 6.65e-02  5e-02  1e-01 9:34.6
   92   1104 -2.214114263595085e-01 9.0e+00 5.33e-02  4e-02  8e-02 10:07.7
   97   1164 -2.225186309911404e-01 9.4e+00 4.45e-02  3e-02  7e-02 10:41.0
  100   1200 -2.227781849758343e-01 1.0e+01 4.54e-02  3e-02  7e-02 11:01.0
  106   1272 -2.234607931756812e-01 1.1e+01 4.56e-02  3e-02  8e-02 11:40.8
  112   1344 -2.241634406799882e-01 1.2e+01 3.52e-02  2e-02  6e-02 12:20.7
  118   1416 -2.243252615778139e-01 1.4e+01 3.34e-02  2e-02  6e-02 13:00.7
  124   1488 -2.251469539454169e-01 1.6e+01 3.48e-02  2e-02  7e-02 13:40.5
  130   1560 -2.253852273432314e-01 1.9e+01 3.98e-02  2e-02  8e-02 14:20.5
  136   1632 -2.260323998805929e-01 2.1e+01 4.37e-02  2e-02  1e-01 15:00.4
  143   1716 -2.268338814426963e-01 2.3e+01 4.07e-02  2e-02  9e-02 15:47.0
  150   1800 -2.266961567862470e-01 2.5e+01 4.40e-02  2e-02  1e-01 16:33.6
  157   1884 -2.274580131753885e-01 2.6e+01 3.49e-02  2e-02  8e-02 17:20.2
  164   1968 -2.277172812170345e-01 2.8e+01 3.19e-02  2e-02  7e-02 18:06.5
  171   2052 -2.280053652047737e-01 3.0e+01 3.41e-02  2e-02  8e-02 18:52.9
  178   2136 -2.283569135461726e-01 3.3e+01 4.08e-02  2e-02  9e-02 19:39.2
  185   2220 -2.289499862889900e-01 3.6e+01 5.56e-02  2e-02  1e-01 20:25.5
  193   2316 -2.297569459857293e-01 3.7e+01 6.80e-02  3e-02  2e-01 21:18.4
  200   2400 -2.294525760563892e-01 3.8e+01 7.74e-02  3e-02  2e-01 22:04.1
  208   2496 -2.308261703996979e-01 4.3e+01 8.50e-02  3e-02  3e-01 22:56.4
  216   2592 -2.314847456432734e-01 5.1e+01 8.95e-02  3e-02  3e-01 23:48.7
  224   2688 -2.314511044324394e-01 5.3e+01 1.25e-01  5e-02  5e-01 24:40.9
  232   2784 -2.318426886684625e-01 5.3e+01 9.11e-02  3e-02  4e-01 25:33.2
  241   2892 -2.329962462666575e-01 5.7e+01 6.91e-02  2e-02  3e-01 26:32.0
  250   3000 -2.333071515440736e-01 5.9e+01 5.88e-02  2e-02  2e-01 27:30.4
  259   3108 -2.335546022027069e-01 6.4e+01 4.26e-02  1e-02  2e-01 28:28.7
  268   3216 -2.336353028266750e-01 6.4e+01 3.12e-02  8e-03  1e-01 29:26.6
  277   3324 -2.337259545608235e-01 6.4e+01 2.27e-02  6e-03  9e-02 30:24.3
  287   3444 -2.337845762540399e-01 6.6e+01 1.65e-02  4e-03  7e-02 31:27.3
  297   3564 -2.339230577342952e-01 7.0e+01 2.89e-02  7e-03  1e-01 32:30.0
  300   3600 -2.339660263967331e-01 7.4e+01 3.12e-02  8e-03  1e-01 32:48.5
  310   3720 -2.341531428901834e-01 8.0e+01 3.35e-02  1e-02  1e-01 33:49.9
  321   3852 -2.342763945532813e-01 9.0e+01 3.83e-02  1e-02  2e-01 34:55.9
  332   3984 -2.343529075398678e-01 8.9e+01 3.33e-02  9e-03  1e-01 36:01.6
  343   4116 -2.344006937200415e-01 8.9e+01 3.51e-02  9e-03  1e-01 37:07.2
  355   4260 -2.344124210896915e-01 8.9e+01 2.05e-02  5e-03  8e-02 38:17.6
  367   4404 -2.344341085313984e-01 9.1e+01 1.44e-02  3e-03  5e-02 39:27.9
  379   4548 -2.344482906876831e-01 9.6e+01 1.20e-02  2e-03  4e-02 40:38.2
  391   4692 -2.344559730870144e-01 9.5e+01 1.11e-02  2e-03  4e-02 41:48.5
  400   4800 -2.344598807408433e-01 9.7e+01 1.04e-02  2e-03  3e-02 42:41.3
  412   4944 -2.344651064627624e-01 9.8e+01 9.53e-03  1e-03  3e-02 43:51.6
  425   5100 -2.344678698754841e-01 1.0e+02 9.62e-03  1e-03  3e-02 45:07.9
  438   5256 -2.344750314084824e-01 1.0e+02 1.58e-02  2e-03  4e-02 46:24.2
  451   5412 -2.344860430450262e-01 1.0e+02 1.55e-02  2e-03  4e-02 47:40.5
  464   5568 -2.344940912343518e-01 1.0e+02 1.30e-02  2e-03  4e-02 48:56.3
  477   5724 -2.345004861589283e-01 1.1e+02 9.86e-03  1e-03  3e-02 50:14.3
  490   5880 -2.345067158859181e-01 1.1e+02 1.23e-02  1e-03  3e-02 51:32.3
  500   6000 -2.345139280024254e-01 1.1e+02 1.77e-02  2e-03  5e-02 52:32.1
  514   6168 -2.345285459630049e-01 1.2e+02 2.06e-02  2e-03  5e-02 53:56.1
  528   6336 -2.345405755413993e-01 1.1e+02 1.73e-02  2e-03  4e-02 55:19.8
  542   6504 -2.345494065376859e-01 1.2e+02 1.62e-02  2e-03  4e-02 56:43.7
  556   6672 -2.345586993705942e-01 1.4e+02 1.48e-02  1e-03  4e-02 58:07.6
  570   6840 -2.345781064675352e-01 1.8e+02 2.77e-02  2e-03  9e-02 59:31.6
  584   7008 -2.346101571550068e-01 2.0e+02 3.12e-02  3e-03  1e-01 60:55.4
  599   7188 -2.346419788152267e-01 2.3e+02 4.77e-02  4e-03  2e-01 62:25.3
  600   7200 -2.346370575974357e-01 2.3e+02 4.56e-02  4e-03  2e-01 62:31.4
  615   7380 -2.346922876058652e-01 2.1e+02 2.93e-02  2e-03  8e-02 64:01.5
  630   7560 -2.347247271976496e-01 2.0e+02 3.56e-02  3e-03  1e-01 65:31.3
  645   7740 -2.347465671383819e-01 2.1e+02 2.55e-02  2e-03  7e-02 67:01.4
  660   7920 -2.347563078363289e-01 2.1e+02 2.31e-02  2e-03  6e-02 68:31.3
  676   8112 -2.347723093501309e-01 1.9e+02 2.24e-02  2e-03  5e-02 70:07.2
  692   8304 -2.347811799628214e-01 1.5e+02 2.02e-02  1e-03  4e-02 71:43.2
  700   8400 -2.347896083517891e-01 1.4e+02 1.97e-02  1e-03  4e-02 72:31.1
  716   8592 -2.347966839045101e-01 1.6e+02 1.53e-02  9e-04  3e-02 74:07.0
  732   8784 -2.348025397838303e-01 1.7e+02 1.85e-02  1e-03  4e-02 75:42.9
  748   8976 -2.348074067338352e-01 2.0e+02 1.61e-02  9e-04  3e-02 77:18.6
  765   9180 -2.348106340465156e-01 2.1e+02 1.62e-02  9e-04  3e-02 79:00.6
  782   9384 -2.348123421882383e-01 2.3e+02 9.85e-03  5e-04  2e-02 80:42.3
  799   9588 -2.348127552677025e-01 2.5e+02 5.58e-03  3e-04  1e-02 82:24.2
  800   9600 -2.348127408862530e-01 2.5e+02 5.36e-03  3e-04  1e-02 82:30.2
  817   9804 -2.348128281458181e-01 2.5e+02 1.81e-03  8e-05  3e-03 84:12.0
  834  10008 -2.348128451373504e-01 2.6e+02 8.34e-04  3e-05  1e-03 85:53.7
  852  10224 -2.348128465569545e-01 2.5e+02 4.18e-04  2e-05  7e-04 87:41.4
  870  10440 -2.348128469078415e-01 2.6e+02 2.49e-04  9e-06  4e-04 89:29.5
  888  10656 -2.348128470507423e-01 2.7e+02 1.60e-04  5e-06  2e-04 91:17.5
  900  10800 -2.348128470630552e-01 2.7e+02 7.38e-05  2e-06  1e-04 92:29.7
  918  11016 -2.348128470746575e-01 2.7e+02 3.94e-05  1e-06  5e-05 94:17.6
  936  11232 -2.348128470750216e-01 2.9e+02 1.52e-05  4e-07  2e-05 96:05.5
  951  11412 -2.348128470753204e-01 2.8e+02 7.58e-06  2e-07  9e-06 97:35.4
Budget constraint satisfied 673.2978935241699 762.6900062561035 Difference:  89.3921127319336
Budget constraint satisfied 630.3845825195312 762.6900062561035 Difference:  132.30542373657227
two_most_probable_states: ['11010010', '00001000']
final_expectation_value: -0.23481284707532035
params: [1.648585174849338, 4.155741922700853, 3.129494397897193, 2.771036080449583, 3.7394539615134015, 0.5162595256586388, 9.832579683935494, 1.4639570286870975, 2.7508639754806907, -0.5291999756690475, 2.1876888065978832, 0.794853843044845, 4.196795729346607, 1.5256607949877292, 1.5013312023896874, 1.4877353104358797]
total_steps: 951
states_probs: [0.016606919835291185, 0.01670357122575004]
optimized_portfolios: [{'DOW': 11, 'MSFT': 0, 'TRV': 1}, {'DOW': 16, 'MSFT': 0, 'TRV': 0}]
objective_values: [-1119.4121029464052, -4020.2779579402377]
result_with_budget: [{'portfolio': {'DOW': 11, 'MSFT': 0, 'TRV': 1}, 'budget': 673.2978935241699, 'difference': 89.3921127319336}, {'portfolio': {'DOW': 16, 'MSFT': 0, 'TRV': 0}, 'budget': 630.3845825195312, 'difference': 132.30542373657227}]
Processing experiment 144
Budget: 2913.719970703125
Number of qubits for asset AMGN: 4
Number of qubits for asset HD: 3
Number of qubits for asset MCD: 4
Total number of qubits:  11
Optimized Weights (considering variance, skewness and kurtosis):
AMGN: 39.81%
HD: 60.19%
MCD: 0.00%
Left over budget:  65.00411918219379
Optimized Discrete Allocation:
AMGN: 5
HD: 4
Maximized utility from continuous higher moments:  -88.2710409486755
Budget constraint satisfied 2910.3917236328125 2913.719970703125 Difference:  3.3282470703125
Budget constraint satisfied 2908.0652770996094 2913.719970703125 Difference:  5.654693603515625
smallest_eigenvalues: [-0.1524387346127335]
smallest_bitstrings: ['00000110100']
first_excited_energy: -0.15243871488213423
optimized_portfolio: [{'AMGN': 0, 'HD': 6, 'MCD': 2}]
second_optimized_portfolio: [{'AMGN': 3, 'HD': 4, 'MCD': 2}]
result_with_budget: [{'portfolio': {'AMGN': 0, 'HD': 6, 'MCD': 2}, 'budget': 2910.3917236328125, 'difference': 3.3282470703125, 'objective_value': -289.10073692198705}]
result_with_budget_excited: [{'portfolio': {'AMGN': 3, 'HD': 4, 'MCD': 2}, 'budget': 2908.0652770996094, 'difference': 5.654693603515625, 'objective_value': -172.4456400377838}]
Initial params:  [0.44197699 0.64693001 0.27221474 0.22250583 2.84413608 1.83386499
 0.50304676 0.80988871 0.87964036 0.97149712 2.95765882 0.75284167
 1.99162748 2.97610592 2.58573745 1.63664671 0.81613137 0.09849696
 1.76334474 2.95192834 2.83170767 1.45344195]
(6_w,13)-aCMA-ES (mu_w=4.0,w_1=38%) in dimension 22 (seed=949222, Thu Mar 13 06:33:19 2025)
Iterat #Fevals   function value  axis ratio  sigma  min&max std  t[m:s]
    1     13 4.192528011318278e-02 1.0e+00 9.33e-02  9e-02  9e-02 0:32.8
    2     26 2.684623931441058e-02 1.1e+00 9.05e-02  9e-02  9e-02 1:05.6
    3     39 -2.902916908831596e-02 1.1e+00 9.32e-02  9e-02  1e-01 1:38.4
    4     52 -3.768030076104524e-02 1.2e+00 9.54e-02  9e-02  1e-01 2:11.2
    5     65 -8.499671322800681e-02 1.2e+00 1.01e-01  1e-01  1e-01 2:44.0
    6     78 -1.007031884474062e-01 1.3e+00 1.04e-01  1e-01  1e-01 3:16.8
    7     91 -9.308544165551134e-02 1.3e+00 1.07e-01  1e-01  1e-01 3:49.6
    8    104 -1.107589018008013e-01 1.4e+00 1.11e-01  1e-01  1e-01 4:22.5
    9    117 -1.138869408415184e-01 1.4e+00 1.18e-01  1e-01  1e-01 4:55.3
   10    130 -1.134244250990400e-01 1.5e+00 1.27e-01  1e-01  1e-01 5:28.1
   11    143 -1.138340221117828e-01 1.6e+00 1.39e-01  1e-01  2e-01 6:00.8
   12    156 -1.182677567263285e-01 1.6e+00 1.49e-01  1e-01  2e-01 6:33.6
   13    169 -1.028740455219501e-01 1.7e+00 1.54e-01  1e-01  2e-01 7:06.5
   14    182 -1.024938554668952e-01 1.7e+00 1.59e-01  2e-01  2e-01 7:39.3
   15    195 -1.106592523222833e-01 1.8e+00 1.63e-01  2e-01  2e-01 8:12.1
   16    208 -1.086595888209660e-01 1.8e+00 1.64e-01  2e-01  2e-01 8:44.9
   17    221 -1.198023234930214e-01 1.8e+00 1.67e-01  2e-01  2e-01 9:17.8
   18    234 -1.193312905352471e-01 1.8e+00 1.65e-01  2e-01  2e-01 9:50.8
   19    247 -1.159848796690742e-01 1.8e+00 1.64e-01  2e-01  2e-01 10:23.7
   20    260 -1.141523501124230e-01 1.8e+00 1.60e-01  1e-01  2e-01 10:56.5
   21    273 -1.172819084938825e-01 1.9e+00 1.55e-01  1e-01  2e-01 11:29.2
   22    286 -1.139069922637566e-01 1.9e+00 1.53e-01  1e-01  2e-01 12:01.9
   23    299 -1.066726625343530e-01 1.9e+00 1.46e-01  1e-01  2e-01 12:34.7
   24    312 -1.157710208743502e-01 1.9e+00 1.42e-01  1e-01  2e-01 13:07.6
   25    325 -1.120816927117171e-01 1.9e+00 1.43e-01  1e-01  2e-01 13:40.6
   26    338 -1.119158350945983e-01 2.0e+00 1.42e-01  1e-01  2e-01 14:13.4
   27    351 -1.140685080973669e-01 2.0e+00 1.35e-01  1e-01  2e-01 14:46.3
   28    364 -1.185723271052196e-01 2.0e+00 1.29e-01  1e-01  1e-01 15:19.3
   29    377 -1.200380777378012e-01 2.0e+00 1.25e-01  1e-01  1e-01 15:52.0
   30    390 -1.189263345842125e-01 2.0e+00 1.27e-01  1e-01  1e-01 16:24.7
   31    403 -1.218254863314685e-01 2.0e+00 1.30e-01  1e-01  1e-01 16:57.5
   32    416 -1.227754358024599e-01 2.1e+00 1.28e-01  1e-01  1e-01 17:30.2
   33    429 -1.188616798104921e-01 2.1e+00 1.25e-01  1e-01  1e-01 18:03.0
   35    455 -1.223956833186326e-01 2.1e+00 1.16e-01  9e-02  1e-01 19:08.5
   37    481 -1.256692174078332e-01 2.2e+00 1.11e-01  9e-02  1e-01 20:14.2
   39    507 -1.245357972579957e-01 2.2e+00 1.05e-01  8e-02  1e-01 21:19.5
   41    533 -1.232931703982588e-01 2.3e+00 9.30e-02  7e-02  1e-01 22:25.2
   43    559 -1.235718857468136e-01 2.3e+00 8.98e-02  7e-02  1e-01 23:30.9
   45    585 -1.267548571460586e-01 2.3e+00 8.55e-02  7e-02  1e-01 24:36.5
   47    611 -1.240988401625324e-01 2.4e+00 8.58e-02  6e-02  1e-01 25:42.4
   49    637 -1.249566403725395e-01 2.5e+00 8.34e-02  6e-02  1e-01 26:48.1
   51    663 -1.217921339271588e-01 2.5e+00 8.29e-02  6e-02  1e-01 27:53.5
   53    689 -1.256466550764357e-01 2.6e+00 8.00e-02  6e-02  9e-02 28:58.8
   55    715 -1.267287424675622e-01 2.7e+00 7.95e-02  6e-02  9e-02 30:04.3
   57    741 -1.266042358092884e-01 2.7e+00 8.27e-02  6e-02  9e-02 31:09.7
   59    767 -1.264109688425166e-01 2.8e+00 8.66e-02  6e-02  1e-01 32:15.2
   61    793 -1.279532525944388e-01 2.8e+00 8.14e-02  6e-02  9e-02 33:20.7
   63    819 -1.279189851214985e-01 2.8e+00 7.48e-02  5e-02  8e-02 34:26.3
   65    845 -1.276849805629612e-01 2.9e+00 7.36e-02  5e-02  8e-02 35:31.7
   67    871 -1.283533562923313e-01 2.9e+00 7.12e-02  5e-02  8e-02 36:37.5
   69    897 -1.285790577403176e-01 3.0e+00 6.90e-02  5e-02  8e-02 37:42.8
   71    923 -1.286482418605924e-01 3.0e+00 6.79e-02  5e-02  8e-02 38:48.3
   73    949 -1.302004776607448e-01 3.1e+00 6.88e-02  5e-02  8e-02 39:53.9
   75    975 -1.291885203346448e-01 3.1e+00 6.95e-02  5e-02  8e-02 40:59.3
   77   1001 -1.284163378844520e-01 3.1e+00 7.14e-02  5e-02  8e-02 42:04.9
   79   1027 -1.295329504165247e-01 3.1e+00 7.21e-02  5e-02  8e-02 43:10.5
   81   1053 -1.293968987708707e-01 3.3e+00 7.08e-02  5e-02  8e-02 44:15.9
   83   1079 -1.294716901836122e-01 3.4e+00 6.30e-02  4e-02  7e-02 45:21.3
   85   1105 -1.296919259533976e-01 3.4e+00 6.20e-02  4e-02  7e-02 46:26.5
   87   1131 -1.290952612141932e-01 3.5e+00 6.06e-02  4e-02  7e-02 47:32.2
   89   1157 -1.289015942440736e-01 3.6e+00 5.90e-02  4e-02  7e-02 48:37.8
   91   1183 -1.307994781058778e-01 3.7e+00 5.54e-02  3e-02  6e-02 49:43.2
   93   1209 -1.299945258372215e-01 3.8e+00 5.57e-02  3e-02  6e-02 50:48.5
   95   1235 -1.302839580317434e-01 3.9e+00 5.50e-02  3e-02  6e-02 51:53.8
   97   1261 -1.315690232543375e-01 4.0e+00 5.26e-02  3e-02  6e-02 52:59.5
   99   1287 -1.318919292812838e-01 4.1e+00 5.14e-02  3e-02  6e-02 54:05.0
  100   1300 -1.309842864188943e-01 4.2e+00 5.07e-02  3e-02  6e-02 54:37.8
  103   1339 -1.317656148934228e-01 4.3e+00 4.77e-02  3e-02  6e-02 56:16.2
  106   1378 -1.322630533212394e-01 4.5e+00 4.66e-02  3e-02  6e-02 57:54.6
  109   1417 -1.317467911779977e-01 4.9e+00 4.71e-02  3e-02  6e-02 59:32.7
  112   1456 -1.325323614177933e-01 5.1e+00 4.41e-02  2e-02  6e-02 61:11.1
  115   1495 -1.327047703892256e-01 5.5e+00 4.12e-02  2e-02  5e-02 62:49.4
  118   1534 -1.326816813899581e-01 5.7e+00 3.96e-02  2e-02  5e-02 64:27.8
  121   1573 -1.331712325855450e-01 5.8e+00 3.66e-02  2e-02  5e-02 66:05.9
  124   1612 -1.331659296833492e-01 5.9e+00 3.68e-02  2e-02  5e-02 67:44.2
  127   1651 -1.336596549310135e-01 6.0e+00 4.27e-02  2e-02  6e-02 69:22.6
  130   1690 -1.340698267778309e-01 6.4e+00 4.38e-02  2e-02  7e-02 71:00.6
  133   1729 -1.341111689400808e-01 6.8e+00 4.55e-02  2e-02  7e-02 72:38.7
  136   1768 -1.342601823722715e-01 7.0e+00 4.37e-02  2e-02  7e-02 74:16.7
  139   1807 -1.346248223798167e-01 7.3e+00 4.09e-02  2e-02  6e-02 75:55.0
  142   1846 -1.345389689653781e-01 7.4e+00 4.08e-02  2e-02  6e-02 77:33.2
  145   1885 -1.348686016312469e-01 7.6e+00 4.45e-02  2e-02  7e-02 79:11.7
  148   1924 -1.349619645655805e-01 7.9e+00 4.58e-02  2e-02  7e-02 80:50.4
  151   1963 -1.351325879989076e-01 8.2e+00 4.44e-02  2e-02  7e-02 82:29.1
  154   2002 -1.353073301487876e-01 8.5e+00 4.48e-02  2e-02  7e-02 84:07.4
  157   2041 -1.353670894639662e-01 9.0e+00 4.78e-02  2e-02  8e-02 85:45.9
  160   2080 -1.357583399825120e-01 9.8e+00 5.14e-02  2e-02  9e-02 87:24.0
  163   2119 -1.358901499763369e-01 1.0e+01 5.32e-02  2e-02  9e-02 89:02.3
  166   2158 -1.360443873966235e-01 1.1e+01 5.22e-02  2e-02  9e-02 90:40.5
  169   2197 -1.358183305874136e-01 1.2e+01 5.32e-02  2e-02  1e-01 92:18.7
  172   2236 -1.360867407968676e-01 1.2e+01 5.05e-02  2e-02  9e-02 93:57.0
  175   2275 -1.361812342629739e-01 1.2e+01 5.04e-02  2e-02  9e-02 95:35.0
  178   2314 -1.362971082399960e-01 1.2e+01 4.41e-02  2e-02  8e-02 97:13.1
  181   2353 -1.362329348816963e-01 1.2e+01 4.21e-02  2e-02  7e-02 98:51.4
  184   2392 -1.363171828313870e-01 1.3e+01 4.18e-02  2e-02  7e-02 100:29.7
  187   2431 -1.363784716791468e-01 1.3e+01 4.31e-02  2e-02  8e-02 102:07.9
  190   2470 -1.366334968445916e-01 1.4e+01 4.45e-02  2e-02  8e-02 103:46.0
  193   2509 -1.367695909930521e-01 1.4e+01 4.74e-02  2e-02  8e-02 105:24.2
  197   2561 -1.363563996076790e-01 1.5e+01 4.91e-02  2e-02  9e-02 107:34.7
  200   2600 -1.365583760470855e-01 1.6e+01 4.46e-02  2e-02  8e-02 109:12.7
  204   2652 -1.365598432167441e-01 1.6e+01 3.98e-02  2e-02  7e-02 111:23.7
  208   2704 -1.367830788929696e-01 1.6e+01 3.33e-02  1e-02  6e-02 113:34.6
  212   2756 -1.367622446849135e-01 1.6e+01 2.76e-02  1e-02  5e-02 115:45.4
  216   2808 -1.368047490890806e-01 1.7e+01 2.57e-02  1e-02  5e-02 117:55.9
  220   2860 -1.368987995327151e-01 1.7e+01 2.43e-02  9e-03  4e-02 120:06.8
  224   2912 -1.369177385657957e-01 1.8e+01 2.49e-02  9e-03  5e-02 122:17.9
  228   2964 -1.370211729136332e-01 1.9e+01 2.63e-02  9e-03  5e-02 124:28.8
  232   3016 -1.369327601722087e-01 1.9e+01 2.66e-02  9e-03  5e-02 126:39.6
  236   3068 -1.369621953658613e-01 1.9e+01 2.48e-02  9e-03  5e-02 128:50.2
  240   3120 -1.370120772475801e-01 2.0e+01 2.48e-02  9e-03  5e-02 131:00.8
  244   3172 -1.370165302704183e-01 2.0e+01 2.82e-02  1e-02  5e-02 133:11.6
  248   3224 -1.372143005874169e-01 2.1e+01 2.96e-02  1e-02  6e-02 135:22.5
  252   3276 -1.372095822479110e-01 2.2e+01 3.12e-02  1e-02  6e-02 137:33.5
  256   3328 -1.372119143421373e-01 2.2e+01 3.04e-02  1e-02  6e-02 139:44.3
  260   3380 -1.372863636899171e-01 2.3e+01 3.05e-02  1e-02  7e-02 141:55.0
  264   3432 -1.373333202374810e-01 2.5e+01 3.14e-02  1e-02  7e-02 144:06.3
  268   3484 -1.374291292311104e-01 2.6e+01 3.36e-02  1e-02  8e-02 146:17.4
  272   3536 -1.373271765562600e-01 2.7e+01 3.58e-02  1e-02  9e-02 148:28.0
  276   3588 -1.374876979895613e-01 3.0e+01 3.83e-02  1e-02  1e-01 150:38.3
  280   3640 -1.377271931147104e-01 3.2e+01 4.61e-02  1e-02  1e-01 152:48.5
  284   3692 -1.375072456505269e-01 3.4e+01 4.60e-02  1e-02  1e-01 154:59.6
  288   3744 -1.377189934775143e-01 3.4e+01 4.12e-02  1e-02  1e-01 157:10.5
  292   3796 -1.376840007430532e-01 3.6e+01 4.41e-02  1e-02  1e-01 159:21.4
  296   3848 -1.377468664511252e-01 3.6e+01 4.65e-02  1e-02  1e-01 161:31.6
  300   3900 -1.378486771875022e-01 3.7e+01 4.27e-02  1e-02  1e-01 163:42.0
  304   3952 -1.379700586109220e-01 3.7e+01 4.25e-02  1e-02  1e-01 165:52.5
  308   4004 -1.380779378543330e-01 3.7e+01 4.14e-02  1e-02  1e-01 168:03.1
  312   4056 -1.381186313311702e-01 3.9e+01 4.22e-02  1e-02  1e-01 170:13.9
  316   4108 -1.379616219425395e-01 4.2e+01 4.72e-02  1e-02  2e-01 172:24.2
  320   4160 -1.382119934624030e-01 4.2e+01 4.24e-02  1e-02  1e-01 174:34.5
  324   4212 -1.382402368748480e-01 4.2e+01 4.05e-02  1e-02  1e-01 176:44.8
  329   4277 -1.384568358123433e-01 4.1e+01 3.90e-02  9e-03  1e-01 179:28.0
  334   4342 -1.384734508033684e-01 4.3e+01 3.26e-02  8e-03  1e-01 182:10.9
  339   4407 -1.385618399530003e-01 4.4e+01 2.72e-02  6e-03  9e-02 184:53.8
  344   4472 -1.386615333375868e-01 4.5e+01 2.43e-02  6e-03  8e-02 187:37.1
  349   4537 -1.386833287156814e-01 4.6e+01 2.80e-02  7e-03  9e-02 190:20.6
  354   4602 -1.386356183534092e-01 4.8e+01 3.75e-02  9e-03  1e-01 193:03.4
  359   4667 -1.386136668608010e-01 4.8e+01 2.99e-02  7e-03  1e-01 195:46.8
  364   4732 -1.387305925375616e-01 5.0e+01 2.57e-02  6e-03  8e-02 198:29.9
  369   4797 -1.387671664354915e-01 5.0e+01 2.50e-02  6e-03  8e-02 201:12.9
  374   4862 -1.387983053205209e-01 5.0e+01 2.07e-02  5e-03  7e-02 203:57.0
  379   4927 -1.388290109477783e-01 5.0e+01 1.95e-02  4e-03  6e-02 206:41.2
  384   4992 -1.388832940379475e-01 5.0e+01 1.75e-02  4e-03  5e-02 209:25.3
  389   5057 -1.388975457694087e-01 5.1e+01 1.99e-02  4e-03  6e-02 212:09.9
  394   5122 -1.389590167134862e-01 5.1e+01 2.42e-02  5e-03  7e-02 214:53.8
  399   5187 -1.390093506845263e-01 5.3e+01 2.79e-02  6e-03  8e-02 217:37.8
  400   5200 -1.390095478534077e-01 5.3e+01 2.85e-02  6e-03  8e-02 218:10.5
  405   5265 -1.390675600400798e-01 5.6e+01 3.12e-02  6e-03  1e-01 220:54.7
  410   5330 -1.390909592456587e-01 6.0e+01 3.04e-02  6e-03  9e-02 223:39.2
  415   5395 -1.391423921767512e-01 6.0e+01 3.13e-02  6e-03  1e-01 226:23.2
  420   5460 -1.391789845998655e-01 6.2e+01 2.71e-02  5e-03  8e-02 229:07.1
  425   5525 -1.391764514112954e-01 6.4e+01 2.26e-02  5e-03  7e-02 231:50.8
  430   5590 -1.391873992504948e-01 6.5e+01 2.28e-02  5e-03  7e-02 234:34.6
  435   5655 -1.391873202592824e-01 6.4e+01 1.94e-02  4e-03  6e-02 237:18.2
  440   5720 -1.391923672410232e-01 6.5e+01 1.64e-02  3e-03  5e-02 240:01.9
  445   5785 -1.392045293160161e-01 6.5e+01 1.64e-02  3e-03  5e-02 242:46.3
  450   5850 -1.392135749897881e-01 6.5e+01 1.76e-02  3e-03  5e-02 245:30.6
  455   5915 -1.392170420831079e-01 6.5e+01 1.76e-02  3e-03  5e-02 248:14.2
  460   5980 -1.392220634447088e-01 6.6e+01 1.64e-02  3e-03  5e-02 250:58.1
  465   6045 -1.392324433678960e-01 6.6e+01 1.57e-02  3e-03  4e-02 253:42.0
  470   6110 -1.392353812386532e-01 6.5e+01 1.56e-02  3e-03  4e-02 256:26.0
  475   6175 -1.392428418154549e-01 6.5e+01 1.69e-02  3e-03  5e-02 259:10.0
  480   6240 -1.392479078928173e-01 6.4e+01 1.83e-02  3e-03  5e-02 261:53.9
  485   6305 -1.392497599940727e-01 6.6e+01 1.65e-02  3e-03  4e-02 264:38.0
  490   6370 -1.392556859311898e-01 6.7e+01 1.51e-02  3e-03  4e-02 267:22.3
  496   6448 -1.392750005207795e-01 6.8e+01 1.72e-02  3e-03  5e-02 270:38.7
  500   6500 -1.393002929396876e-01 6.7e+01 2.20e-02  4e-03  6e-02 272:49.7
  506   6578 -1.392969012906352e-01 6.9e+01 2.55e-02  5e-03  7e-02 276:05.6
  512   6656 -1.393189770116974e-01 6.9e+01 2.48e-02  5e-03  6e-02 279:20.4
  518   6734 -1.393437631770430e-01 6.8e+01 2.31e-02  4e-03  6e-02 282:35.1
  524   6812 -1.393640921702127e-01 7.0e+01 2.48e-02  5e-03  6e-02 285:49.9
  530   6890 -1.393825435826986e-01 7.1e+01 2.29e-02  4e-03  6e-02 289:05.1
  536   6968 -1.394045741128816e-01 7.1e+01 2.50e-02  5e-03  7e-02 292:19.8
  542   7046 -1.394318790977587e-01 7.2e+01 2.89e-02  5e-03  7e-02 295:34.4
  548   7124 -1.394345603955733e-01 7.1e+01 3.76e-02  7e-03  1e-01 298:49.3
  554   7202 -1.394326082723637e-01 7.2e+01 4.20e-02  8e-03  1e-01 302:04.0
  560   7280 -1.394886011523019e-01 7.5e+01 3.76e-02  7e-03  1e-01 305:18.8
  566   7358 -1.395398886501977e-01 7.8e+01 4.08e-02  7e-03  1e-01 308:34.3
  572   7436 -1.395942868213043e-01 8.5e+01 4.00e-02  7e-03  1e-01 311:50.2
  578   7514 -1.396135489492241e-01 8.7e+01 3.02e-02  5e-03  9e-02 315:05.4
  584   7592 -1.396514057001976e-01 8.6e+01 3.26e-02  6e-03  1e-01 318:21.1
  590   7670 -1.396698468763912e-01 8.4e+01 2.59e-02  5e-03  8e-02 321:37.3
  596   7748 -1.397218062493370e-01 8.5e+01 2.52e-02  4e-03  7e-02 324:52.6
  600   7800 -1.397197236736457e-01 8.5e+01 2.96e-02  5e-03  9e-02 327:03.3
  606   7878 -1.397783007826456e-01 9.6e+01 4.11e-02  7e-03  1e-01 330:19.6
  612   7956 -1.397615344849102e-01 1.1e+02 4.27e-02  8e-03  1e-01 333:36.1
  618   8034 -1.398333050901490e-01 1.1e+02 4.31e-02  8e-03  1e-01 336:51.9
  624   8112 -1.398803500111941e-01 1.1e+02 4.14e-02  8e-03  1e-01 340:08.2
  630   8190 -1.398969297897534e-01 1.1e+02 3.42e-02  6e-03  1e-01 343:24.6
  636   8268 -1.399061036668769e-01 1.2e+02 4.03e-02  7e-03  1e-01 346:40.6
  642   8346 -1.399572132027488e-01 1.2e+02 3.01e-02  5e-03  1e-01 349:56.9
  648   8424 -1.399670430353462e-01 1.2e+02 2.22e-02  4e-03  7e-02 353:13.2
  654   8502 -1.399874761004216e-01 1.2e+02 1.93e-02  3e-03  6e-02 356:29.5
  660   8580 -1.399960669013989e-01 1.3e+02 1.76e-02  3e-03  6e-02 359:45.6
  666   8658 -1.400032027279061e-01 1.3e+02 1.93e-02  3e-03  6e-02 363:02.1
  672   8736 -1.400144838354236e-01 1.3e+02 1.88e-02  3e-03  6e-02 366:18.8
  678   8814 -1.400209851269116e-01 1.3e+02 1.75e-02  3e-03  5e-02 369:34.9
  685   8905 -1.400263767398326e-01 1.3e+02 1.59e-02  3e-03  5e-02 373:24.5
