Running job array 0 on pe52.int.triton.aalto.fi
Starting at Thu Mar 13 20:39:56 EET 2025
Activating virtual environment at /scratch/work/uotilav2/quantum-portfolio/venv
Processing batch 1/20: experiments 0 to 22 (total 23)
Skipping experiment 0 (already processed)
Skipping experiment 1 (already processed)
Skipping experiment 2 (already processed)
Skipping experiment 3 (already processed)
Skipping experiment 4 (already processed)
Skipping experiment 5 (already processed)
Skipping experiment 6 (already processed)
Skipping experiment 7 (already processed)
Skipping experiment 8 (already processed)
Skipping experiment 9 (already processed)
Skipping experiment 10 (already processed)
Skipping experiment 11 (already processed)
Skipping experiment 12 (already processed)
Skipping experiment 13 (already processed)
Skipping experiment 14 (already processed)
Skipping experiment 15 (already processed)
Skipping experiment 16 (already processed)
Skipping experiment 17 (already processed)
Skipping experiment 18 (already processed)
Skipping experiment 19 (already processed)
Skipping experiment 20 (already processed)
Skipping experiment 21 (already processed)
Skipping experiment 22 (already processed)
Batch 1/20 completed. Results saved to portfolio_optimization_results_batch_0.json
Job finished at Thu Mar 13 20:40:15 EET 2025
