Running job array 94 on csl45.int.triton.aalto.fi
Starting at Sat Mar 22 10:19:33 EET 2025
Activating virtual environment at /scratch/work/uotilav2/quantum-portfolio/venv
Processing batch 95/100: experiments 94 to 94 (total 1)
Processing experiment 94
Budget: 1059
YF.download() has changed argument auto_adjust default to True
Number of qubits for asset AMGN: 3
Number of qubits for asset JPM: 3
Total number of qubits:  6
Optimized Weights (considering variance, skewness and kurtosis):
AMGN: 17.80%
JPM: 82.20%
Left over budget:  85.01377329281479
Optimized Discrete Allocation:
AMGN: 1
JPM: 3
Maximized utility from continuous higher moments:  -6.636729003180307
Budget constraint satisfied 1034.2047119140625 1059 Difference:  24.7952880859375
Budget constraint satisfied 1014.1318817138672 1059 Difference:  44.86811828613281
smallest_eigenvalues: [-0.2358026950071434]
smallest_bitstrings: ['001000']
first_excited_energy: -0.23550858454023316
optimized_portfolio: [{'AMGN': 4, 'JPM': 0}]
second_optimized_portfolio: [{'AMGN': 3, 'JPM': 1}]
result_with_budget: [{'portfolio': {'AMGN': 4, 'JPM': 0}, 'budget': 1034.2047119140625, 'difference': 24.7952880859375, 'objective_value': -6.191804604416698}]
result_with_budget_excited: [{'portfolio': {'AMGN': 3, 'JPM': 1}, 'budget': 1014.1318817138672, 'difference': 44.86811828613281, 'objective_value': -2.9253745207977873}]
Initial params:  [2.9078476  0.22316636 0.27372477 0.06351797 2.61575239 2.44465153
 2.73322377 3.07442019 2.51063067 1.44978017 2.45210473 0.37157007]
(5_w,11)-aCMA-ES (mu_w=3.4,w_1=42%) in dimension 12 (seed=709184, Sat Mar 22 10:19:34 2025)
Iterat #Fevals   function value  axis ratio  sigma  min&max std  t[m:s]
    1     11 -6.353466813012998e-02 1.0e+00 9.60e-02  9e-02  1e-01 0:01.7
    2     22 -7.426334912832197e-02 1.2e+00 9.96e-02  1e-01  1e-01 0:03.3
    3     33 -6.984600405857223e-02 1.3e+00 1.04e-01  1e-01  1e-01 0:04.9
    5     55 -6.722704756116224e-02 1.5e+00 1.11e-01  1e-01  1e-01 0:08.2
    8     88 -1.707407878589967e-01 1.8e+00 1.54e-01  1e-01  2e-01 0:12.7
   11    121 -1.729804216034681e-01 2.0e+00 1.90e-01  2e-01  2e-01 0:17.7
   15    165 -1.536014260589550e-01 1.9e+00 2.29e-01  2e-01  3e-01 0:24.4
   20    220 -1.638129883266027e-01 1.9e+00 2.29e-01  2e-01  3e-01 0:32.2
   25    275 -1.852410052308813e-01 2.1e+00 2.53e-01  2e-01  3e-01 0:40.4
   31    341 -1.861002025116621e-01 2.3e+00 2.37e-01  2e-01  3e-01 0:49.9
   38    418 -1.835861769588915e-01 2.7e+00 1.48e-01  9e-02  2e-01 1:01.3
   45    495 -1.873443410620944e-01 3.0e+00 1.66e-01  9e-02  2e-01 1:12.6
   53    583 -1.864818121126654e-01 3.7e+00 1.64e-01  8e-02  2e-01 1:25.4
   61    671 -1.922891742626112e-01 4.3e+00 1.34e-01  6e-02  2e-01 1:38.5
   70    770 -1.991722341785127e-01 5.7e+00 1.84e-01  7e-02  3e-01 1:53.0
   80    880 -2.022133119188026e-01 7.2e+00 1.18e-01  4e-02  2e-01 2:09.1
   90    990 -2.044457500886754e-01 8.4e+00 5.97e-02  2e-02  9e-02 2:25.1
  100   1100 -2.060611186473905e-01 1.1e+01 5.85e-02  1e-02  1e-01 2:41.2
  111   1221 -2.072811130787883e-01 1.5e+01 5.70e-02  1e-02  1e-01 2:59.3
  123   1353 -2.081001632629609e-01 1.9e+01 7.11e-02  1e-02  1e-01 3:18.3
  136   1496 -2.096974887531942e-01 2.0e+01 5.39e-02  9e-03  9e-02 3:39.3
  150   1650 -2.109185726381123e-01 2.5e+01 6.37e-02  1e-02  1e-01 4:01.8
  164   1804 -2.113809035270270e-01 3.3e+01 8.83e-02  1e-02  2e-01 4:24.5
  179   1969 -2.126669075772432e-01 4.1e+01 4.84e-02  7e-03  1e-01 4:48.7
  195   2145 -2.136825745969757e-01 7.0e+01 7.34e-02  8e-03  3e-01 5:14.2
  200   2200 -2.136040650722829e-01 8.7e+01 9.88e-02  1e-02  5e-01 5:22.4
  217   2387 -2.147171516858276e-01 1.1e+02 5.31e-02  5e-03  3e-01 5:49.6
  234   2574 -2.149678065347323e-01 1.0e+02 3.87e-02  3e-03  2e-01 6:17.1
  252   2772 -2.153751577123427e-01 9.6e+01 9.10e-02  6e-03  4e-01 6:46.2
  271   2981 -2.159880476313231e-01 9.9e+01 6.90e-02  4e-03  3e-01 7:16.7
  290   3190 -2.162103491652065e-01 1.2e+02 4.31e-02  2e-03  2e-01 7:47.0
  300   3300 -2.163589875397585e-01 1.1e+02 5.25e-02  3e-03  2e-01 8:03.4
  320   3520 -2.164219002308289e-01 1.1e+02 2.88e-02  1e-03  1e-01 8:35.5
  341   3751 -2.164632632577925e-01 1.3e+02 1.76e-02  7e-04  6e-02 9:09.3
  363   3993 -2.164811272738482e-01 1.2e+02 1.99e-02  7e-04  6e-02 9:44.7
  385   4235 -2.165381392734031e-01 1.4e+02 5.05e-02  2e-03  1e-01 10:20.0
  400   4400 -2.166593235117038e-01 1.4e+02 6.90e-02  2e-03  2e-01 10:44.3
  423   4653 -2.171943934113297e-01 2.3e+02 1.37e-01  4e-03  3e-01 11:21.5
  447   4917 -2.174719835499257e-01 1.9e+02 7.99e-02  2e-03  2e-01 12:00.3
  472   5192 -2.176496018399976e-01 1.6e+02 6.34e-02  1e-03  1e-01 12:40.7
  497   5467 -2.176626910898426e-01 1.6e+02 1.85e-02  3e-04  3e-02 13:21.2
  500   5500 -2.176635201595367e-01 1.6e+02 1.38e-02  2e-04  2e-02 13:25.8
  526   5786 -2.176644171859220e-01 1.5e+02 6.42e-03  1e-04  1e-02 14:07.9
  553   6083 -2.176646528209002e-01 1.6e+02 2.58e-03  4e-05  4e-03 14:51.5
  581   6391 -2.176646720419444e-01 1.5e+02 4.51e-04  5e-06  5e-04 15:36.7
  600   6600 -2.176646724600808e-01 1.4e+02 1.60e-04  2e-06  1e-04 16:06.9
  629   6919 -2.176646724764395e-01 1.4e+02 2.93e-05  2e-07  2e-05 16:53.5
  652   7172 -2.176646724769905e-01 1.4e+02 4.35e-06  3e-08  3e-06 17:30.4
Budget constraint satisfied 953.9133911132812 1059 Difference:  105.08660888671875
Budget constraint satisfied 1034.2047119140625 1059 Difference:  24.7952880859375
two_most_probable_states: ['000001', '001000']
final_expectation_value: -0.2176646724769905
params: [2.2011507966395087, -3.1013156387091616, -6.312265502791092, 2.281349868636311, 7.585013803453789, 13.492702607070024, 1.7318458027048278, 3.890840196849, 1.8550856021456394, 1.3122017782273938, 2.898805303731131, -0.07884283740708317]
total_steps: 652
states_probs: [0.07673296583532276, 0.08420899921053168]
optimized_portfolios: [{'AMGN': 0, 'JPM': 4}, {'AMGN': 4, 'JPM': 0}]
objective_values: [-13.784867607400296, -6.191804604416698]
result_with_budget: [{'portfolio': {'AMGN': 0, 'JPM': 4}, 'budget': 953.9133911132812, 'difference': 105.08660888671875}, {'portfolio': {'AMGN': 4, 'JPM': 0}, 'budget': 1034.2047119140625, 'difference': 24.7952880859375}]
Batch 95/100 completed. Results saved to portfolio_optimization_results_batch_94.json
Job finished at Sat Mar 22 10:37:27 EET 2025
