Running job array 17 on pe78.int.triton.aalto.fi
Starting at Fri Mar 14 10:12:06 EET 2025
Activating virtual environment at /scratch/work/uotilav2/quantum-portfolio/venv
Processing batch 18/30: experiments 255 to 269 (total 15)
Processing experiment 255
Budget: 299.22001457214355
YF.download() has changed argument auto_adjust default to True
Expected returns: 0.17820424382101893
Covariance matrix: 0.45957451692830714
3rd-order coskewness tensor: 1.0810317204274504
4th-order cokurtosis tensor: 21.9884959461354
Number of qubits for asset AXP: 1
Number of qubits for asset MCD: 1
Number of qubits for asset PG: 1
Number of qubits for asset V: 1
Number of qubits for asset WBA: 6
Total number of qubits:  10
Optimized Weights (considering variance, skewness and kurtosis):
AXP: 12.02%
MCD: 9.91%
PG: 22.40%
V: 20.33%
WBA: 35.35%
Left over budget:  11.296104405025005
Optimized Discrete Allocation:
PG: 1
WBA: 13
Maximized utility from continuous higher moments:  -43470.18669565988
Budget constraint satisfied 296.0938415527344 299.22001457214355 Difference:  3.1261730194091797
Budget constraint satisfied 297.5558910369873 299.22001457214355 Difference:  1.66412353515625
smallest_eigenvalues: [-0.0012535465611238762]
smallest_bitstrings: ['1000000000']
first_excited_energy: -0.0012534766216526852
optimized_portfolio: [{'AXP': 1, 'MCD': 0, 'PG': 0, 'V': 0, 'WBA': 0}]
second_optimized_portfolio: [{'AXP': 0, 'MCD': 1, 'PG': 0, 'V': 0, 'WBA': 1}]
result_with_budget: [{'portfolio': {'AXP': 1, 'MCD': 0, 'PG': 0, 'V': 0, 'WBA': 0}, 'budget': 296.0938415527344, 'difference': 3.1261730194091797, 'objective_value': -3.529841889232181}]
result_with_budget_excited: [{'portfolio': {'AXP': 0, 'MCD': 1, 'PG': 0, 'V': 0, 'WBA': 1}, 'budget': 297.5558910369873, 'difference': 1.66412353515625, 'objective_value': -9.642899875860385}]
Initial params:  [2.51063067 1.44978017 2.45210473 0.37157007 2.01037118 0.45035763
 2.96776493 1.63943485 1.3026989  0.83112597 2.43232687 1.43303853
 1.78578792 0.0590299  1.94035914 1.92295543 1.93815531 2.96487203
 2.14200164 1.12942738]
(6_w,12)-aCMA-ES (mu_w=3.7,w_1=40%) in dimension 20 (seed=1061599, Fri Mar 14 10:12:24 2025)
Iterat #Fevals   function value  axis ratio  sigma  min&max std  t[m:s]
    1     12 6.351460981076984e-02 1.0e+00 1.39e+00  1e+00  1e+00 0:27.6
    2     24 7.316947958548606e-02 1.1e+00 1.31e+00  1e+00  1e+00 0:54.7
    3     36 6.624950316304451e-02 1.1e+00 1.31e+00  1e+00  1e+00 1:21.6
    4     48 8.682250921844364e-02 1.2e+00 1.34e+00  1e+00  1e+00 1:48.6
    5     60 9.700093704739572e-02 1.2e+00 1.35e+00  1e+00  1e+00 2:15.6
    6     72 1.345026666364259e-01 1.3e+00 1.39e+00  1e+00  1e+00 2:42.6
    7     84 7.366724402991594e-02 1.3e+00 1.35e+00  1e+00  1e+00 3:09.7
    8     96 7.478658150689886e-02 1.4e+00 1.33e+00  1e+00  1e+00 3:36.7
    9    108 1.021765121954975e-01 1.4e+00 1.32e+00  1e+00  1e+00 4:03.6
   10    120 9.482327800182855e-02 1.4e+00 1.30e+00  1e+00  1e+00 4:30.7
   11    132 7.380882824491734e-02 1.4e+00 1.28e+00  1e+00  1e+00 4:57.7
   12    144 9.761733643627453e-02 1.4e+00 1.25e+00  1e+00  1e+00 5:24.6
   13    156 6.314601194524591e-02 1.4e+00 1.22e+00  1e+00  1e+00 5:51.5
   14    168 6.981982158580476e-02 1.4e+00 1.13e+00  1e+00  1e+00 6:18.5
   15    180 8.062409744302795e-02 1.4e+00 1.10e+00  1e+00  1e+00 6:45.6
   16    192 4.629086719207540e-02 1.4e+00 1.10e+00  1e+00  1e+00 7:12.5
   17    204 1.242484890676073e-01 1.4e+00 1.08e+00  1e+00  1e+00 7:39.5
   18    216 1.265806537708420e-01 1.4e+00 1.07e+00  1e+00  1e+00 8:06.5
   19    228 6.680993674583714e-02 1.4e+00 1.01e+00  1e+00  1e+00 8:33.4
   20    240 8.166089978738918e-02 1.4e+00 9.57e-01  9e-01  1e+00 9:00.5
   21    252 7.065666551287986e-02 1.5e+00 9.41e-01  9e-01  1e+00 9:27.4
   22    264 9.451194822289580e-02 1.5e+00 9.29e-01  9e-01  1e+00 9:54.4
   23    276 1.183444897548170e-01 1.5e+00 9.11e-01  9e-01  9e-01 10:21.3
   24    288 7.399038407410820e-02 1.5e+00 9.56e-01  9e-01  1e+00 10:48.2
   25    300 6.212889923795249e-02 1.5e+00 9.63e-01  9e-01  1e+00 11:15.2
   26    312 1.186917860848456e-01 1.5e+00 9.75e-01  9e-01  1e+00 11:42.2
   27    324 1.097125849581793e-01 1.5e+00 1.00e+00  9e-01  1e+00 12:09.1
   29    348 5.415920595979501e-02 1.6e+00 1.08e+00  1e+00  1e+00 13:03.0
   31    372 1.199673156710346e-01 1.7e+00 1.06e+00  1e+00  1e+00 13:56.9
   33    396 5.892668173270042e-02 1.7e+00 9.73e-01  9e-01  1e+00 14:50.8
   35    420 5.631601059639699e-02 1.8e+00 9.27e-01  9e-01  1e+00 15:44.5
   37    444 5.427960230544644e-02 1.8e+00 9.28e-01  9e-01  1e+00 16:38.4
   39    468 7.133059449351860e-02 1.8e+00 9.33e-01  8e-01  1e+00 17:32.4
   41    492 1.385870308146926e-01 1.8e+00 8.92e-01  8e-01  9e-01 18:26.4
   43    516 7.845299361798125e-02 1.8e+00 8.89e-01  8e-01  9e-01 19:20.4
   45    540 8.162374003005664e-02 1.8e+00 8.86e-01  8e-01  9e-01 20:14.1
   47    564 9.474609333563869e-02 1.9e+00 9.71e-01  9e-01  1e+00 21:08.0
   49    588 5.730314841498677e-02 1.9e+00 9.49e-01  8e-01  1e+00 22:01.8
   51    612 8.834491868780762e-02 1.9e+00 8.64e-01  8e-01  9e-01 22:55.6
   53    636 7.768287931999208e-02 1.9e+00 8.12e-01  7e-01  9e-01 23:49.3
   55    660 1.001938927679291e-01 1.9e+00 7.32e-01  7e-01  8e-01 24:43.1
   57    684 1.171444445393530e-01 1.9e+00 6.59e-01  6e-01  7e-01 25:37.1
   59    708 1.081343760975976e-01 1.9e+00 6.96e-01  6e-01  8e-01 26:31.2
   61    732 9.855702249404479e-02 2.0e+00 8.24e-01  7e-01  9e-01 27:25.1
   63    756 1.029889869690583e-01 2.1e+00 8.61e-01  8e-01  1e+00 28:19.0
   65    780 1.197207002378218e-01 2.2e+00 8.36e-01  7e-01  9e-01 29:12.8
   67    804 1.111438080507304e-01 2.3e+00 8.39e-01  8e-01  9e-01 30:06.8
   69    828 1.003116436722111e-01 2.3e+00 8.23e-01  7e-01  9e-01 31:00.8
   71    852 9.588589684619769e-02 2.3e+00 8.59e-01  8e-01  1e+00 31:54.6
   73    876 8.867508839070284e-02 2.3e+00 8.84e-01  8e-01  1e+00 32:48.3
   75    900 6.947287360082025e-02 2.3e+00 8.46e-01  8e-01  1e+00 33:42.0
   77    924 1.021481973483186e-01 2.4e+00 7.95e-01  7e-01  9e-01 34:36.0
   79    948 7.300698474331480e-02 2.4e+00 7.79e-01  7e-01  9e-01 35:29.8
   81    972 9.640280856862557e-02 2.4e+00 7.72e-01  7e-01  9e-01 36:23.8
   84   1008 7.419608145978164e-02 2.4e+00 6.79e-01  6e-01  8e-01 37:44.7
   87   1044 1.235424215761104e-01 2.4e+00 6.05e-01  5e-01  7e-01 39:05.6
   90   1080 1.125586833432158e-01 2.4e+00 5.98e-01  5e-01  7e-01 40:26.6
   93   1116 8.630331913537892e-02 2.5e+00 5.35e-01  5e-01  6e-01 41:47.6
   96   1152 1.124245052966393e-01 2.5e+00 5.20e-01  5e-01  6e-01 43:08.9
   99   1188 9.912347537856310e-02 2.6e+00 5.76e-01  5e-01  7e-01 44:30.0
  100   1200 1.177011827060021e-01 2.6e+00 5.85e-01  5e-01  7e-01 44:57.0
  103   1236 9.251010932554125e-02 2.6e+00 6.28e-01  6e-01  7e-01 46:18.4
  106   1272 1.281518953200279e-01 2.6e+00 5.73e-01  5e-01  6e-01 47:40.0
  109   1308 1.567309277770512e-01 2.6e+00 6.45e-01  6e-01  7e-01 49:01.3
  112   1344 8.587940091136641e-02 2.6e+00 6.65e-01  6e-01  8e-01 50:22.4
  115   1380 9.350075502566015e-02 2.6e+00 6.56e-01  6e-01  8e-01 51:43.6
  118   1416 1.312550264229092e-01 2.7e+00 6.44e-01  6e-01  7e-01 53:04.8
  121   1452 5.996529481933677e-02 2.7e+00 5.88e-01  5e-01  7e-01 54:26.0
  124   1488 9.481045637528547e-02 2.7e+00 5.79e-01  5e-01  7e-01 55:47.2
  127   1524 6.497170572649738e-02 2.7e+00 5.95e-01  5e-01  7e-01 57:08.4
  130   1560 9.098483301326693e-02 2.8e+00 5.64e-01  5e-01  6e-01 58:29.5
  133   1596 5.727434842574061e-02 2.8e+00 5.58e-01  5e-01  6e-01 59:50.4
  136   1632 6.673216824168686e-02 2.7e+00 5.52e-01  5e-01  6e-01 61:11.4
  139   1668 1.034294153227686e-01 2.7e+00 6.00e-01  5e-01  7e-01 62:32.3
  142   1704 1.068770809912236e-01 2.7e+00 6.35e-01  5e-01  7e-01 63:53.4
  145   1740 1.316560459108179e-01 2.8e+00 6.73e-01  6e-01  8e-01 65:14.5
  148   1776 1.285078256338158e-01 2.8e+00 7.63e-01  7e-01  9e-01 66:35.5
  151   1812 1.326387070380141e-01 2.9e+00 8.10e-01  7e-01  9e-01 67:56.7
  154   1848 1.184193219656997e-01 3.1e+00 8.15e-01  7e-01  9e-01 69:15.3
  158   1896 1.184694914302576e-01 3.2e+00 9.37e-01  8e-01  1e+00 70:59.7
  162   1944 1.466360967647380e-01 3.1e+00 1.02e+00  9e-01  1e+00 72:44.0
  166   1992 1.235051434515098e-01 3.1e+00 9.57e-01  8e-01  1e+00 74:28.4
  170   2040 1.283229126089608e-01 3.0e+00 8.85e-01  8e-01  1e+00 76:12.6
  174   2088 1.261061831894538e-01 3.0e+00 9.14e-01  8e-01  1e+00 77:57.7
  178   2136 1.076823297518296e-01 3.0e+00 9.01e-01  8e-01  1e+00 79:44.5
  182   2184 1.187621073166005e-01 3.1e+00 9.89e-01  9e-01  1e+00 81:31.4
  186   2232 4.149941737581517e-02 3.2e+00 9.75e-01  8e-01  1e+00 83:18.5
  190   2280 6.576583781489383e-02 3.3e+00 8.75e-01  7e-01  1e+00 85:05.4
  194   2328 1.537630704061002e-01 3.4e+00 8.22e-01  7e-01  9e-01 86:52.5
  198   2376 1.004548225630245e-01 3.5e+00 7.49e-01  7e-01  8e-01 88:39.6
  200   2400 9.887870686740280e-02 3.6e+00 7.15e-01  6e-01  8e-01 89:33.0
  204   2448 9.449957496631779e-02 3.6e+00 7.79e-01  7e-01  9e-01 91:20.1
  208   2496 9.315882419355859e-02 3.6e+00 8.41e-01  7e-01  9e-01 93:07.1
  212   2544 8.871128577467387e-02 3.6e+00 8.06e-01  7e-01  9e-01 94:54.3
  216   2592 1.190054758257617e-01 3.8e+00 7.57e-01  6e-01  9e-01 96:41.5
  220   2640 1.209295936548960e-01 3.8e+00 7.16e-01  6e-01  8e-01 98:28.5
  224   2688 1.424770853315487e-01 3.9e+00 7.57e-01  6e-01  9e-01 100:15.5
  228   2736 9.313656198490032e-02 3.9e+00 6.67e-01  6e-01  8e-01 102:02.3
  232   2784 1.341550121017322e-01 3.9e+00 6.60e-01  6e-01  7e-01 103:49.6
  236   2832 5.227130560030636e-02 3.8e+00 7.35e-01  6e-01  8e-01 105:36.8
  240   2880 1.105485384239512e-01 3.8e+00 8.60e-01  7e-01  1e+00 107:23.4
  244   2928 9.063982462912841e-02 3.8e+00 7.80e-01  6e-01  9e-01 109:10.4
  248   2976 9.416096974652821e-02 4.0e+00 7.33e-01  6e-01  8e-01 110:57.4
  252   3024 1.115428850039411e-01 3.9e+00 7.32e-01  6e-01  8e-01 112:44.1
  256   3072 1.284971030164265e-01 4.1e+00 7.12e-01  6e-01  8e-01 114:30.8
  260   3120 8.733220890992469e-02 4.0e+00 8.46e-01  7e-01  1e+00 116:17.6
  264   3168 8.772046372031306e-02 4.1e+00 7.84e-01  6e-01  9e-01 118:04.4
  269   3228 1.505012720637944e-01 4.1e+00 7.83e-01  6e-01  9e-01 120:18.0
  274   3288 9.442324240340370e-02 4.2e+00 6.80e-01  5e-01  8e-01 122:31.9
  279   3348 1.010946855364807e-01 4.3e+00 5.77e-01  5e-01  7e-01 124:46.0
  284   3408 1.196968228349732e-01 4.3e+00 5.99e-01  5e-01  7e-01 126:59.7
  289   3468 9.923237101188238e-02 4.4e+00 6.29e-01  5e-01  7e-01 129:14.0
  294   3528 8.144920746394969e-02 4.4e+00 7.16e-01  6e-01  8e-01 131:28.2
  299   3588 7.563421643748310e-02 4.5e+00 6.35e-01  5e-01  7e-01 133:42.6
  300   3600 1.016696916774841e-01 4.5e+00 6.23e-01  5e-01  7e-01 134:09.5
  305   3660 1.126501914822214e-01 4.6e+00 5.50e-01  4e-01  7e-01 136:24.0
  310   3720 6.980009690357546e-02 4.8e+00 5.61e-01  4e-01  7e-01 138:39.1
  315   3780 9.282600030108261e-02 5.3e+00 5.85e-01  5e-01  7e-01 140:53.8
  320   3840 9.319219862883935e-02 5.3e+00 5.72e-01  5e-01  7e-01 143:07.9
  325   3900 1.081236668480138e-01 5.3e+00 5.35e-01  4e-01  6e-01 145:22.1
  330   3960 7.204298609758550e-02 5.5e+00 5.66e-01  5e-01  7e-01 147:33.5
  335   4020 1.238528141996733e-01 5.4e+00 5.80e-01  5e-01  7e-01 149:43.3
  340   4080 9.344943956984764e-02 5.7e+00 5.86e-01  5e-01  7e-01 151:57.0
  345   4140 9.684595056219908e-02 5.9e+00 5.65e-01  4e-01  7e-01 154:10.4
  350   4200 7.047951665649906e-02 5.9e+00 5.04e-01  4e-01  6e-01 156:21.3
  355   4260 6.005342843979657e-02 6.1e+00 4.68e-01  3e-01  6e-01 158:32.7
  360   4320 1.420820282843437e-01 6.4e+00 4.67e-01  3e-01  6e-01 160:43.3
  365   4380 1.088461590688003e-01 6.5e+00 5.35e-01  4e-01  6e-01 162:53.7
  370   4440 1.097399113658463e-01 6.4e+00 5.28e-01  4e-01  6e-01 165:04.4
  375   4500 1.108157922448030e-01 6.6e+00 4.73e-01  3e-01  5e-01 167:13.9
  381   4572 1.045162461393596e-01 6.6e+00 4.48e-01  3e-01  5e-01 169:49.5
  387   4644 8.439989871919693e-02 6.6e+00 3.77e-01  3e-01  4e-01 172:25.1
  393   4716 9.024896226782160e-02 6.6e+00 3.29e-01  2e-01  4e-01 175:00.6
  399   4788 4.046812357030600e-02 6.5e+00 2.67e-01  2e-01  3e-01 177:36.4
  400   4800 6.450192879305364e-02 6.5e+00 2.66e-01  2e-01  3e-01 178:02.5
  406   4872 5.727830720790756e-02 6.4e+00 2.19e-01  1e-01  2e-01 180:38.1
  412   4944 3.798480230873926e-02 6.5e+00 1.69e-01  1e-01  2e-01 183:13.6
  418   5016 3.129691697243719e-02 6.5e+00 1.22e-01  7e-02  1e-01 185:49.2
  424   5088 2.440272122508510e-02 6.5e+00 1.05e-01  6e-02  1e-01 188:24.8
  430   5160 1.507771063589098e-02 6.4e+00 8.42e-02  5e-02  9e-02 191:00.4
  436   5232 1.530218495253449e-02 6.5e+00 6.93e-02  4e-02  8e-02 193:36.2
  442   5304 1.407749470045522e-02 6.5e+00 5.42e-02  3e-02  6e-02 196:12.5
  448   5376 1.280455858115635e-02 6.5e+00 4.60e-02  3e-02  5e-02 198:48.6
  454   5448 1.204027272207614e-02 6.4e+00 4.14e-02  2e-02  5e-02 201:25.0
  460   5520 1.148051520889439e-02 6.3e+00 4.60e-02  2e-02  5e-02 204:01.4
  466   5592 1.144492122015290e-02 6.3e+00 4.11e-02  2e-02  5e-02 206:37.8
  472   5664 1.062796532493302e-02 6.4e+00 3.89e-02  2e-02  4e-02 209:14.1
  478   5736 1.044353161326849e-02 6.4e+00 3.43e-02  2e-02  4e-02 211:50.3
  484   5808 1.020424604171346e-02 6.3e+00 3.08e-02  2e-02  4e-02 214:26.7
  490   5880 9.937099493148636e-03 6.0e+00 2.74e-02  1e-02  3e-02 217:02.5
  496   5952 1.000380874783731e-02 5.9e+00 2.74e-02  1e-02  3e-02 219:38.5
  500   6000 9.813175471105473e-03 5.9e+00 2.09e-02  1e-02  2e-02 221:22.8
  506   6072 9.808990862936139e-03 6.0e+00 1.66e-02  8e-03  2e-02 223:59.3
  512   6144 9.560665692913209e-03 6.0e+00 1.67e-02  8e-03  2e-02 226:35.5
  518   6216 9.493989939266338e-03 6.5e+00 1.58e-02  7e-03  2e-02 229:11.9
  524   6288 9.323061460778669e-03 6.9e+00 1.55e-02  7e-03  2e-02 231:48.3
  530   6360 9.317244420482410e-03 6.9e+00 1.51e-02  6e-03  2e-02 234:24.7
  537   6444 9.218806183364554e-03 7.3e+00 1.54e-02  6e-03  2e-02 237:27.1
  544   6528 9.103750610668020e-03 7.8e+00 1.69e-02  7e-03  2e-02 240:29.8
  551   6612 8.989046379555844e-03 8.1e+00 1.71e-02  7e-03  2e-02 243:32.4
  558   6696 8.922015818613285e-03 8.6e+00 1.81e-02  7e-03  2e-02 246:34.7
  565   6780 8.848796424098960e-03 9.1e+00 1.72e-02  6e-03  2e-02 249:37.5
  572   6864 8.757950460899704e-03 1.0e+01 1.82e-02  7e-03  3e-02 252:39.8
  579   6948 8.670665903337376e-03 1.2e+01 2.21e-02  8e-03  3e-02 255:42.1
  586   7032 8.590189811949389e-03 1.3e+01 1.91e-02  7e-03  3e-02 258:44.5
  593   7116 8.514227234927852e-03 1.3e+01 1.66e-02  6e-03  3e-02 261:46.9
  600   7200 8.464765141235049e-03 1.4e+01 1.43e-02  5e-03  2e-02 264:48.9
  607   7284 8.398374339788154e-03 1.5e+01 1.39e-02  5e-03  2e-02 267:51.1
  614   7368 8.332208264274141e-03 1.7e+01 1.47e-02  5e-03  3e-02 270:53.6
  621   7452 8.289573357377495e-03 1.8e+01 1.46e-02  5e-03  3e-02 273:55.8
  628   7536 8.248415934344928e-03 1.9e+01 1.70e-02  6e-03  3e-02 276:57.8
  635   7620 8.192623990223247e-03 2.0e+01 1.44e-02  5e-03  3e-02 279:59.7
  642   7704 8.151590766320826e-03 2.3e+01 1.64e-02  5e-03  4e-02 283:02.1
  649   7788 8.118022141509969e-03 2.6e+01 1.85e-02  6e-03  5e-02 286:04.6
  656   7872 8.073102592055887e-03 2.7e+01 2.19e-02  7e-03  6e-02 289:06.9
  663   7956 7.964569107812687e-03 2.8e+01 3.22e-02  1e-02  8e-02 292:09.0
  670   8040 7.795823966136909e-03 3.0e+01 3.25e-02  1e-02  9e-02 295:11.4
  677   8124 7.361513697468288e-03 3.4e+01 4.03e-02  1e-02  1e-01 298:13.9
  684   8208 6.829669438004737e-03 4.0e+01 5.86e-02  2e-02  2e-01 301:16.5
  691   8292 4.754490685060458e-03 4.6e+01 8.01e-02  3e-02  3e-01 304:18.9
  698   8376 3.365845443158286e-03 5.0e+01 1.03e-01  3e-02  4e-01 307:21.3
  700   8400 3.183383182939262e-03 4.9e+01 1.07e-01  4e-02  4e-01 308:13.6
  707   8484 3.153375723274241e-03 4.9e+01 9.81e-02  3e-02  4e-01 311:16.3
  715   8580 2.228504514250724e-03 4.6e+01 7.25e-02  2e-02  3e-01 314:44.7
  723   8676 2.218169577090111e-03 4.3e+01 5.97e-02  2e-02  2e-01 318:13.2
  731   8772 2.048416204155195e-03 4.2e+01 4.56e-02  1e-02  1e-01 321:42.1
  739   8868 1.881370000875502e-03 4.1e+01 3.61e-02  1e-02  1e-01 325:10.6
  747   8964 1.868875299962682e-03 4.1e+01 4.81e-02  1e-02  1e-01 328:39.4
  755   9060 1.629210469863112e-03 3.9e+01 4.46e-02  1e-02  1e-01 332:08.2
  763   9156 1.423706315744233e-03 3.8e+01 4.35e-02  1e-02  1e-01 335:36.8
  771   9252 1.456838983798333e-03 3.6e+01 5.17e-02  1e-02  1e-01 339:05.8
  779   9348 1.396606471472982e-03 3.5e+01 5.41e-02  1e-02  1e-01 342:34.6
  787   9444 1.228415557854746e-03 3.4e+01 4.44e-02  1e-02  1e-01 346:03.4
  795   9540 1.173986234161056e-03 3.4e+01 3.67e-02  9e-03  9e-02 349:31.8
  800   9600 1.157866349080948e-03 3.3e+01 3.15e-02  7e-03  7e-02 351:41.9
  808   9696 1.121266929616393e-03 3.3e+01 2.66e-02  6e-03  6e-02 355:10.3
  816   9792 1.088022548990939e-03 3.2e+01 3.31e-02  7e-03  7e-02 358:38.8
  824   9888 1.050054518373752e-03 3.3e+01 3.42e-02  7e-03  7e-02 362:07.4
  832   9984 1.048735883964745e-03 3.2e+01 3.41e-02  7e-03  7e-02 365:36.0
  840  10080 1.036137042633567e-03 3.3e+01 2.36e-02  5e-03  5e-02 369:04.3
  848  10176 1.015932437072483e-03 3.2e+01 1.75e-02  3e-03  4e-02 372:32.5
  856  10272 9.951023411268536e-04 3.2e+01 1.74e-02  3e-03  3e-02 376:01.4
  864  10368 9.752764370121218e-04 3.3e+01 1.73e-02  3e-03  3e-02 379:30.3
  872  10464 9.678225745746523e-04 3.5e+01 1.77e-02  3e-03  3e-02 382:58.8
  880  10560 9.556829495616672e-04 3.6e+01 1.70e-02  3e-03  3e-02 386:26.8
  888  10656 9.393579343497366e-04 3.8e+01 2.41e-02  5e-03  5e-02 389:55.2
  896  10752 9.286248739683240e-04 3.9e+01 2.32e-02  4e-03  4e-02 393:24.2
  900  10800 9.236030524989727e-04 4.2e+01 1.96e-02  4e-03  4e-02 395:08.6
  908  10896 9.165126277232662e-04 4.2e+01 1.64e-02  3e-03  3e-02 398:37.5
  917  11004 9.179400499015090e-04 4.5e+01 1.48e-02  3e-03  3e-02 402:32.4
  926  11112 9.155317959360450e-04 4.5e+01 1.33e-02  2e-03  3e-02 406:27.2
  935  11220 9.133341281591287e-04 4.8e+01 1.08e-02  2e-03  2e-02 410:22.2
  944  11328 9.116519963627576e-04 4.9e+01 9.20e-03  2e-03  2e-02 414:16.8
  953  11436 9.104210938351351e-04 5.0e+01 1.06e-02  2e-03  2e-02 418:11.8
  962  11544 9.104782502060659e-04 5.0e+01 8.68e-03  1e-03  2e-02 422:06.9
  971  11652 9.098620268258755e-04 5.0e+01 7.19e-03  1e-03  1e-02 426:02.0
  980  11760 9.087568479444736e-04 5.1e+01 6.32e-03  1e-03  1e-02 429:56.9
  989  11868 9.086224380771129e-04 5.4e+01 6.56e-03  1e-03  1e-02 433:52.1
  998  11976 9.080670685404097e-04 5.6e+01 6.45e-03  1e-03  1e-02 437:46.8
 1000  12000 9.081145462852861e-04 5.7e+01 6.61e-03  1e-03  1e-02 438:38.9
Budget constraint satisfied 288.22589111328125 299.22001457214355 Difference:  10.994123458862305
Budget constraint satisfied 0.0 299.22001457214355 Difference:  299.22001457214355
two_most_probable_states: ['0100000000', '0000000000']
final_expectation_value: 0.0009079598829741673
params: [1.1311362912321672, -3.179106190538046, 5.710964972289721, -0.923485054603301, -4.981721503156789, -0.21916589180579088, 14.843199850759689, 5.248703007334801, 10.59158793651486, 2.960154275893378, 1.1714647334596398, -3.3989054588444554, 4.311988522441911, -0.8071018673362452, 0.7708612782664538, -2.5270754623271925, -4.733874502050738, -9.397653905725356, 7.844430655838665, -3.1568358186102063]
total_steps: 1000
states_probs: [0.023583284241966103, 0.024388174074352918]
optimized_portfolios: [{'AXP': 0, 'MCD': 1, 'PG': 0, 'V': 0, 'WBA': 0}, {'AXP': 0, 'MCD': 0, 'PG': 0, 'V': 0, 'WBA': 0}]
objective_values: [-5.019342195737723, -0.0]
result_with_budget: [{'portfolio': {'AXP': 0, 'MCD': 1, 'PG': 0, 'V': 0, 'WBA': 0}, 'budget': 288.22589111328125, 'difference': 10.994123458862305}, {'portfolio': {'AXP': 0, 'MCD': 0, 'PG': 0, 'V': 0, 'WBA': 0}, 'budget': 0.0, 'difference': 299.22001457214355}]
Processing experiment 256
Budget: 381.9499053955078
Expected returns: -0.008296548548885046
Covariance matrix: 0.507115219062669
3rd-order coskewness tensor: 0.24834973623726725
4th-order cokurtosis tensor: 12.5117657444275
Number of qubits for asset BA: 2
Number of qubits for asset CVX: 2
Number of qubits for asset DOW: 4
Number of qubits for asset JNJ: 2
Number of qubits for asset JPM: 1
Total number of qubits:  11
Optimized Weights (considering variance, skewness and kurtosis):
BA: 19.15%
CVX: 9.28%
DOW: 14.11%
JNJ: 45.65%
JPM: 11.82%
Left over budget:  22.07931112701715
Optimized Discrete Allocation:
BA: 1
DOW: 1
JNJ: 1
Maximized utility from continuous higher moments:  -39.678501817341996
Budget constraint satisfied 381.9499053955078 381.9499053955078 Difference:  0.0
Budget constraint satisfied 381.7294464111328 381.9499053955078 Difference:  0.220458984375
smallest_eigenvalues: [-0.03594716479181485]
smallest_bitstrings: ['00000000101']
first_excited_energy: -0.035935441681622
optimized_portfolio: [{'BA': 0, 'CVX': 0, 'DOW': 0, 'JNJ': 1, 'JPM': 1}]
second_optimized_portfolio: [{'BA': 0, 'CVX': 1, 'DOW': 0, 'JNJ': 0, 'JPM': 1}]
result_with_budget: [{'portfolio': {'BA': 0, 'CVX': 0, 'DOW': 0, 'JNJ': 1, 'JPM': 1}, 'budget': 381.9499053955078, 'difference': 0.0, 'objective_value': -12.332844888449456}]
result_with_budget_excited: [{'portfolio': {'BA': 0, 'CVX': 1, 'DOW': 0, 'JNJ': 0, 'JPM': 1}, 'budget': 381.7294464111328, 'difference': 0.220458984375, 'objective_value': -29.425232139217567}]
Initial params:  [1.86748062 2.86078404 2.79455785 2.22753913 2.59362596 0.5822323
 2.51695673 2.33643966 0.58699204 2.59307315 2.43024081 2.04033866
 1.3959595  0.41321703 2.70694124 2.7032876  2.07618446 1.53340746
 3.10176953 2.64750264]
(6_w,12)-aCMA-ES (mu_w=3.7,w_1=40%) in dimension 20 (seed=1123810, Fri Mar 14 17:32:02 2025)
Iterat #Fevals   function value  axis ratio  sigma  min&max std  t[m:s]
    1     12 -1.155402246922082e-02 1.0e+00 1.42e+00  1e+00  1e+00 0:40.3
    2     24 1.913504091292439e-02 1.1e+00 1.40e+00  1e+00  1e+00 1:20.4
    3     36 -2.092536910441954e-02 1.1e+00 1.35e+00  1e+00  1e+00 2:00.4
    4     48 -8.399219657857440e-03 1.2e+00 1.30e+00  1e+00  1e+00 2:40.4
    5     60 -1.586955728646992e-02 1.2e+00 1.25e+00  1e+00  1e+00 3:20.7
    6     72 -6.302124396674648e-03 1.2e+00 1.19e+00  1e+00  1e+00 4:00.9
    7     84 1.363080543185647e-02 1.2e+00 1.13e+00  1e+00  1e+00 4:41.1
    8     96 -2.315050405341003e-03 1.2e+00 1.10e+00  1e+00  1e+00 5:21.1
    9    108 8.095444772399417e-04 1.2e+00 1.14e+00  1e+00  1e+00 6:01.2
   10    120 -9.866903723630808e-03 1.3e+00 1.16e+00  1e+00  1e+00 6:41.4
   11    132 -1.426689341122060e-02 1.3e+00 1.21e+00  1e+00  1e+00 7:21.6
   12    144 -3.201806738651151e-03 1.3e+00 1.22e+00  1e+00  1e+00 8:01.7
   13    156 -1.141474409989109e-02 1.4e+00 1.22e+00  1e+00  1e+00 8:41.9
   14    168 -1.923879101090374e-02 1.4e+00 1.19e+00  1e+00  1e+00 9:22.0
   15    180 -1.305355967725682e-02 1.4e+00 1.14e+00  1e+00  1e+00 10:02.2
   16    192 2.354129567863040e-02 1.4e+00 1.17e+00  1e+00  1e+00 10:42.4
   17    204 -2.003710137804566e-02 1.4e+00 1.22e+00  1e+00  1e+00 11:22.7
   18    216 6.602607559422357e-03 1.5e+00 1.18e+00  1e+00  1e+00 12:02.9
   19    228 4.453696449033980e-03 1.5e+00 1.17e+00  1e+00  1e+00 12:43.1
   20    240 -1.253533640261942e-02 1.5e+00 1.18e+00  1e+00  1e+00 13:23.4
   21    252 -1.617463228281322e-02 1.5e+00 1.20e+00  1e+00  1e+00 14:03.8
   22    264 1.711109990073588e-02 1.5e+00 1.16e+00  1e+00  1e+00 14:44.0
   23    276 -1.561785006041173e-02 1.6e+00 1.16e+00  1e+00  1e+00 15:24.1
   24    288 -1.280539256310433e-02 1.6e+00 1.16e+00  1e+00  1e+00 16:04.2
   25    300 -1.326687855279194e-02 1.6e+00 1.15e+00  1e+00  1e+00 16:44.6
   26    312 -1.397127232891978e-02 1.6e+00 1.12e+00  1e+00  1e+00 17:24.8
   27    324 -2.818730169694064e-03 1.7e+00 1.13e+00  1e+00  1e+00 18:05.1
   28    336 -9.180972047622426e-03 1.7e+00 1.17e+00  1e+00  1e+00 18:45.3
   29    348 5.905771773057712e-03 1.7e+00 1.20e+00  1e+00  1e+00 19:25.7
   30    360 3.246786651042137e-02 1.7e+00 1.21e+00  1e+00  1e+00 20:06.1
   31    372 -1.632536320783321e-02 1.7e+00 1.22e+00  1e+00  1e+00 20:46.5
   32    384 1.023756620429095e-02 1.7e+00 1.26e+00  1e+00  1e+00 21:26.5
   33    396 -9.397397971826902e-03 1.7e+00 1.25e+00  1e+00  1e+00 22:06.6
   34    408 -2.092720134720195e-02 1.7e+00 1.25e+00  1e+00  1e+00 22:46.7
   35    420 2.025943768852531e-02 1.8e+00 1.19e+00  1e+00  1e+00 23:26.8
   36    432 5.887576718944810e-03 1.8e+00 1.15e+00  1e+00  1e+00 24:06.9
   37    444 -1.501601333772687e-02 1.8e+00 1.17e+00  1e+00  1e+00 24:47.2
   38    456 -2.140324523277481e-03 1.8e+00 1.20e+00  1e+00  1e+00 25:27.4
   39    468 -9.875224063918529e-03 1.8e+00 1.23e+00  1e+00  1e+00 26:07.6
   40    480 1.566254935016372e-03 1.8e+00 1.23e+00  1e+00  1e+00 26:47.6
   41    492 -1.554141463106599e-02 1.8e+00 1.20e+00  1e+00  1e+00 27:27.7
   43    516 1.111772122768195e-02 1.8e+00 1.11e+00  1e+00  1e+00 28:48.5
   45    540 -6.952733043772974e-03 1.8e+00 1.03e+00  9e-01  1e+00 30:09.0
   47    564 -2.059703570642130e-02 1.8e+00 1.03e+00  9e-01  1e+00 31:29.5
   49    588 -5.272417638573129e-03 1.8e+00 1.05e+00  9e-01  1e+00 32:50.2
   51    612 7.225828096780971e-03 1.9e+00 1.06e+00  9e-01  1e+00 34:10.7
   53    636 2.199784825694457e-02 1.9e+00 1.03e+00  9e-01  1e+00 35:31.1
   55    660 2.388550572437158e-02 1.9e+00 9.32e-01  8e-01  1e+00 36:51.2
   57    684 1.074588433983721e-02 2.0e+00 9.15e-01  8e-01  1e+00 38:11.7
   59    708 7.563729404115488e-03 2.0e+00 9.09e-01  8e-01  1e+00 39:32.2
   61    732 -3.673892546060376e-03 2.1e+00 8.76e-01  7e-01  1e+00 40:52.5
   63    756 1.070535690065652e-02 2.1e+00 8.14e-01  7e-01  9e-01 42:13.3
   65    780 -2.840810248726816e-03 2.1e+00 7.61e-01  6e-01  9e-01 43:33.7
   67    804 5.895028429091479e-03 2.1e+00 6.86e-01  6e-01  8e-01 44:54.2
   69    828 -5.743575267460479e-03 2.2e+00 6.65e-01  6e-01  8e-01 46:14.8
   71    852 -1.080159550277874e-02 2.2e+00 6.47e-01  5e-01  8e-01 47:35.1
   73    876 4.578677265242513e-03 2.2e+00 6.10e-01  5e-01  7e-01 48:55.5
   75    900 9.094423702971918e-03 2.2e+00 5.48e-01  4e-01  6e-01 50:15.6
   77    924 -1.198769552225168e-02 2.2e+00 5.37e-01  4e-01  6e-01 51:36.1
   79    948 -1.238805581188745e-03 2.2e+00 5.07e-01  4e-01  6e-01 52:56.4
   81    972 -9.435828057446487e-03 2.2e+00 4.81e-01  4e-01  6e-01 54:16.6
   83    996 -1.356575242054464e-02 2.2e+00 4.47e-01  3e-01  5e-01 55:37.1
   85   1020 -1.759668085738839e-03 2.2e+00 4.07e-01  3e-01  5e-01 56:57.5
   87   1044 -1.512847876722237e-02 2.3e+00 3.76e-01  3e-01  4e-01 58:17.7
   89   1068 -4.746031080692714e-03 2.2e+00 3.59e-01  3e-01  4e-01 59:38.1
   91   1092 -1.400825306543825e-02 2.2e+00 3.52e-01  3e-01  4e-01 60:58.4
   93   1116 1.263220009675075e-03 2.3e+00 3.32e-01  3e-01  4e-01 62:18.6
   95   1140 -9.501909636425334e-03 2.3e+00 3.23e-01  2e-01  4e-01 63:38.9
   97   1164 -9.813230920061315e-03 2.3e+00 3.38e-01  3e-01  4e-01 64:59.6
   99   1188 2.974264880932627e-03 2.4e+00 3.48e-01  3e-01  4e-01 66:20.2
  100   1200 3.886331798506887e-02 2.4e+00 3.50e-01  3e-01  4e-01 67:00.4
  102   1224 -2.912160864248515e-03 2.4e+00 3.30e-01  3e-01  4e-01 68:20.9
  104   1248 -1.236041894144850e-02 2.4e+00 3.17e-01  2e-01  4e-01 69:41.6
  106   1272 -2.396631798864064e-02 2.4e+00 3.16e-01  2e-01  4e-01 71:01.8
  108   1296 -9.479564907822325e-03 2.5e+00 3.13e-01  2e-01  4e-01 72:22.5
  110   1320 -9.274931579826538e-03 2.5e+00 2.91e-01  2e-01  3e-01 73:43.1
  112   1344 -9.376566909346355e-03 2.5e+00 2.71e-01  2e-01  3e-01 75:03.3
  114   1368 -2.258547608725302e-02 2.5e+00 2.63e-01  2e-01  3e-01 76:23.6
  116   1392 -1.698079549263386e-02 2.6e+00 2.48e-01  2e-01  3e-01 77:43.7
  118   1416 -2.167581439620634e-02 2.6e+00 2.36e-01  2e-01  3e-01 79:04.2
  120   1440 -2.053795064616795e-02 2.6e+00 2.50e-01  2e-01  3e-01 80:24.3
  123   1476 -1.751125262539208e-02 2.7e+00 2.37e-01  2e-01  3e-01 82:25.4
  126   1512 -1.648788957837809e-02 2.8e+00 2.51e-01  2e-01  3e-01 84:25.8
  129   1548 -1.600376192664636e-02 2.9e+00 3.01e-01  2e-01  4e-01 86:27.0
  132   1584 -1.644765276546153e-02 3.1e+00 3.09e-01  2e-01  4e-01 88:27.8
  135   1620 -1.290078040977386e-02 3.2e+00 2.89e-01  2e-01  4e-01 90:28.2
  138   1656 -1.455495191574014e-02 3.3e+00 2.65e-01  2e-01  4e-01 92:28.9
  141   1692 -1.739527371977411e-02 3.4e+00 2.28e-01  2e-01  3e-01 94:29.6
  144   1728 -1.938413805807771e-02 3.5e+00 2.02e-01  1e-01  3e-01 96:31.0
  147   1764 -2.213711969113173e-02 3.6e+00 1.97e-01  2e-01  3e-01 98:31.6
  150   1800 -1.832266539176098e-02 3.8e+00 1.88e-01  1e-01  3e-01 100:32.3
  153   1836 -1.870695212196526e-02 4.1e+00 1.75e-01  1e-01  2e-01 102:33.0
  156   1872 -1.988348348002156e-02 4.2e+00 1.49e-01  1e-01  2e-01 104:33.3
  159   1908 -2.010950030299071e-02 4.3e+00 1.43e-01  1e-01  2e-01 106:33.9
  162   1944 -2.055536171766754e-02 4.5e+00 1.33e-01  1e-01  2e-01 108:34.6
  165   1980 -2.084717068234097e-02 4.5e+00 1.31e-01  9e-02  2e-01 110:35.6
  168   2016 -2.228112591083934e-02 4.6e+00 1.17e-01  8e-02  2e-01 112:36.5
  171   2052 -2.112057058858983e-02 4.7e+00 1.04e-01  7e-02  1e-01 114:37.3
  174   2088 -2.301096784449724e-02 4.8e+00 9.63e-02  7e-02  1e-01 116:38.0
  177   2124 -2.373718561318173e-02 5.1e+00 9.83e-02  7e-02  1e-01 118:38.6
  180   2160 -2.350082365165513e-02 5.2e+00 1.01e-01  7e-02  1e-01 120:39.3
  183   2196 -2.257159210631141e-02 5.6e+00 9.27e-02  6e-02  1e-01 122:40.3
  186   2232 -2.396665354749475e-02 5.8e+00 8.91e-02  6e-02  1e-01 124:41.2
  189   2268 -2.455810148233723e-02 5.8e+00 8.05e-02  5e-02  1e-01 126:42.2
  192   2304 -2.495423421196652e-02 6.0e+00 8.18e-02  5e-02  1e-01 128:42.8
  195   2340 -2.488599489047206e-02 6.3e+00 7.47e-02  5e-02  1e-01 130:43.3
  198   2376 -2.527521542854905e-02 6.4e+00 7.05e-02  5e-02  1e-01 132:44.0
  200   2400 -2.507883313393396e-02 6.8e+00 7.82e-02  5e-02  1e-01 134:04.1
  203   2436 -2.572418463391845e-02 7.6e+00 9.53e-02  6e-02  1e-01 136:05.3
  206   2472 -2.475434121953012e-02 7.8e+00 9.60e-02  6e-02  1e-01 138:06.0
  209   2508 -2.466935194633174e-02 7.9e+00 9.52e-02  6e-02  1e-01 140:07.2
  212   2544 -2.542612129857943e-02 7.9e+00 9.09e-02  6e-02  1e-01 142:08.1
  215   2580 -2.570121436683196e-02 8.2e+00 8.26e-02  5e-02  1e-01 144:08.7
  218   2616 -2.585036154904197e-02 8.3e+00 7.92e-02  5e-02  1e-01 146:09.3
  221   2652 -2.584428586896088e-02 8.5e+00 7.46e-02  5e-02  1e-01 148:09.7
  224   2688 -2.593879361773178e-02 8.7e+00 6.38e-02  4e-02  9e-02 150:10.8
  227   2724 -2.632555766886735e-02 8.8e+00 5.70e-02  4e-02  8e-02 152:11.6
  230   2760 -2.638659710414304e-02 9.1e+00 5.79e-02  3e-02  9e-02 154:12.6
  233   2796 -2.678872045961086e-02 9.5e+00 5.60e-02  3e-02  8e-02 156:13.2
  236   2832 -2.690925244401075e-02 9.6e+00 5.69e-02  3e-02  8e-02 158:13.5
  239   2868 -2.681353903233191e-02 9.7e+00 6.13e-02  4e-02  9e-02 160:14.4
  243   2916 -2.749004128720753e-02 9.7e+00 6.68e-02  4e-02  1e-01 162:55.9
  247   2964 -2.773492195561178e-02 1.0e+01 6.05e-02  3e-02  9e-02 165:37.0
  251   3012 -2.773020388019235e-02 9.9e+00 5.82e-02  3e-02  8e-02 168:18.1
  255   3060 -2.787424251022573e-02 1.0e+01 6.30e-02  4e-02  9e-02 170:59.0
  259   3108 -2.822651613252584e-02 1.0e+01 6.99e-02  4e-02  1e-01 173:40.0
  263   3156 -2.820020990464533e-02 1.1e+01 6.80e-02  4e-02  1e-01 176:20.9
  267   3204 -2.845335289183821e-02 1.2e+01 6.95e-02  4e-02  1e-01 179:01.7
  271   3252 -2.848958343741009e-02 1.3e+01 6.86e-02  4e-02  1e-01 181:42.8
  275   3300 -2.889553483147143e-02 1.4e+01 7.06e-02  4e-02  1e-01 184:23.5
  279   3348 -2.898055750253467e-02 1.5e+01 7.23e-02  4e-02  1e-01 187:04.2
  283   3396 -2.913577758792955e-02 1.6e+01 7.09e-02  4e-02  1e-01 189:45.4
  287   3444 -2.907737109611596e-02 1.7e+01 8.12e-02  4e-02  1e-01 192:26.3
  291   3492 -2.945369563438526e-02 1.8e+01 9.41e-02  5e-02  1e-01 195:07.4
  295   3540 -2.946743831566893e-02 2.0e+01 9.69e-02  5e-02  1e-01 197:48.0
  299   3588 -2.944130281630557e-02 2.2e+01 1.04e-01  5e-02  2e-01 200:28.8
  300   3600 -2.941429303107885e-02 2.2e+01 1.05e-01  5e-02  2e-01 201:08.8
  304   3648 -2.948005359507112e-02 2.3e+01 1.05e-01  5e-02  2e-01 203:49.8
  308   3696 -2.928663873004260e-02 2.3e+01 9.14e-02  4e-02  1e-01 206:30.8
  312   3744 -2.973996778514666e-02 2.4e+01 8.10e-02  4e-02  1e-01 209:11.8
  316   3792 -2.952532974209438e-02 2.5e+01 8.45e-02  4e-02  1e-01 211:52.6
  320   3840 -2.978991428670566e-02 2.7e+01 8.76e-02  4e-02  1e-01 214:33.3
  324   3888 -2.971095498296046e-02 2.8e+01 7.66e-02  4e-02  1e-01 217:14.9
  328   3936 -2.978028681190600e-02 3.0e+01 6.85e-02  3e-02  1e-01 219:55.9
  332   3984 -2.968023496378159e-02 3.0e+01 6.65e-02  3e-02  1e-01 222:37.2
  336   4032 -2.975709775311134e-02 3.0e+01 5.48e-02  3e-02  9e-02 225:17.6
  340   4080 -2.975803442879392e-02 3.1e+01 4.38e-02  2e-02  7e-02 227:58.7
  344   4128 -2.980316149641155e-02 3.1e+01 3.37e-02  1e-02  5e-02 230:40.3
  348   4176 -2.979740799419677e-02 3.2e+01 3.05e-02  1e-02  5e-02 233:21.3
  352   4224 -2.983544253962192e-02 3.4e+01 2.87e-02  1e-02  4e-02 236:02.3
  356   4272 -2.984400778434067e-02 3.5e+01 2.71e-02  1e-02  4e-02 238:42.9
  360   4320 -2.985335840831314e-02 3.5e+01 2.30e-02  1e-02  4e-02 241:23.8
  364   4368 -2.988498496269796e-02 3.4e+01 2.15e-02  9e-03  3e-02 244:05.3
  368   4416 -2.989793089888914e-02 3.7e+01 2.47e-02  1e-02  4e-02 246:46.3
  372   4464 -2.990974671094877e-02 4.1e+01 3.02e-02  1e-02  5e-02 249:27.2
  376   4512 -2.992775025525651e-02 4.2e+01 2.95e-02  1e-02  5e-02 252:07.7
  380   4560 -2.993894922392008e-02 4.6e+01 2.94e-02  1e-02  5e-02 254:48.5
  384   4608 -2.995374480626435e-02 4.9e+01 2.87e-02  1e-02  5e-02 257:30.0
  388   4656 -2.997292153239910e-02 5.1e+01 2.75e-02  1e-02  5e-02 260:10.7
  392   4704 -2.996809106390150e-02 5.1e+01 2.97e-02  1e-02  5e-02 262:51.4
  396   4752 -2.999007628458607e-02 5.3e+01 2.97e-02  1e-02  5e-02 265:32.1
  400   4800 -3.000935912929478e-02 5.3e+01 2.75e-02  1e-02  5e-02 268:13.3
  405   4860 -3.002709440584319e-02 5.6e+01 2.91e-02  1e-02  5e-02 271:34.6
  410   4920 -3.006319777067231e-02 5.6e+01 3.27e-02  1e-02  6e-02 274:55.8
  415   4980 -3.007075141353385e-02 5.7e+01 4.12e-02  2e-02  7e-02 278:16.8
  420   5040 -3.011134580582430e-02 5.9e+01 4.19e-02  2e-02  8e-02 281:37.9
  425   5100 -3.016421015528054e-02 6.1e+01 3.59e-02  1e-02  7e-02 285:00.2
  430   5160 -3.021933132715729e-02 6.5e+01 4.10e-02  1e-02  8e-02 288:21.8
  435   5220 -3.020199992583269e-02 6.4e+01 5.14e-02  2e-02  1e-01 291:42.4
  440   5280 -3.018440529025576e-02 6.5e+01 6.22e-02  2e-02  1e-01 295:03.8
  445   5340 -3.022459690015018e-02 6.6e+01 5.28e-02  2e-02  1e-01 298:26.3
  450   5400 -3.027555196038359e-02 6.7e+01 4.47e-02  1e-02  9e-02 301:47.9
  455   5460 -3.025738397337941e-02 6.5e+01 4.46e-02  1e-02  9e-02 305:08.8
  460   5520 -3.025426426606997e-02 6.5e+01 4.41e-02  1e-02  8e-02 308:29.7
  465   5580 -3.027835769463346e-02 6.5e+01 3.93e-02  1e-02  7e-02 311:50.6
  470   5640 -3.029773484990333e-02 6.5e+01 4.23e-02  1e-02  8e-02 315:12.0
  475   5700 -3.029989813099108e-02 6.9e+01 4.33e-02  1e-02  8e-02 318:32.6
  480   5760 -3.032590740939086e-02 6.8e+01 3.82e-02  1e-02  7e-02 321:54.0
  485   5820 -3.034390686316744e-02 7.0e+01 3.45e-02  9e-03  7e-02 325:15.2
  490   5880 -3.035694861758216e-02 7.2e+01 3.44e-02  9e-03  7e-02 328:36.5
  495   5940 -3.036087263349541e-02 7.3e+01 3.65e-02  9e-03  7e-02 331:56.8
  500   6000 -3.040025211096545e-02 7.3e+01 3.48e-02  8e-03  7e-02 335:17.6
  505   6060 -3.043005035190589e-02 7.6e+01 4.62e-02  1e-02  1e-01 338:38.4
  510   6120 -3.044353978931018e-02 7.9e+01 5.04e-02  1e-02  1e-01 341:59.3
  515   6180 -3.049116638108581e-02 8.2e+01 5.29e-02  1e-02  1e-01 345:20.0
  520   6240 -3.053457217071163e-02 9.0e+01 6.75e-02  1e-02  2e-01 348:41.3
  525   6300 -3.057608632604603e-02 9.6e+01 6.91e-02  1e-02  2e-01 352:02.7
  530   6360 -3.058263880861841e-02 9.7e+01 5.93e-02  1e-02  1e-01 355:23.5
  535   6420 -3.058849777452964e-02 9.7e+01 5.84e-02  1e-02  1e-01 358:44.1
  540   6480 -3.071028217528283e-02 1.0e+02 6.87e-02  1e-02  2e-01 362:05.1
  545   6540 -3.077759075680861e-02 1.1e+02 7.32e-02  1e-02  2e-01 365:25.7
  550   6600 -3.079554809403209e-02 1.2e+02 7.59e-02  1e-02  2e-01 368:46.9
  555   6660 -3.082116568873419e-02 1.1e+02 6.11e-02  1e-02  2e-01 372:08.0
  560   6720 -3.078439409119418e-02 1.1e+02 6.16e-02  1e-02  2e-01 375:29.4
  565   6780 -3.080999555238988e-02 1.1e+02 5.69e-02  1e-02  2e-01 378:50.8
  570   6840 -3.084465800311198e-02 1.2e+02 4.64e-02  8e-03  1e-01 382:12.3
  575   6900 -3.083996272121547e-02 1.2e+02 4.15e-02  7e-03  1e-01 385:32.8
  580   6960 -3.083972954653971e-02 1.2e+02 3.55e-02  6e-03  1e-01 388:53.6
  585   7020 -3.087399502265123e-02 1.2e+02 3.37e-02  6e-03  9e-02 392:14.2
  590   7080 -3.087877026704403e-02 1.2e+02 3.72e-02  6e-03  1e-01 395:35.4
  595   7140 -3.087798309427154e-02 1.2e+02 3.33e-02  5e-03  9e-02 398:56.2
  600   7200 -3.088542650076589e-02 1.2e+02 3.22e-02  5e-03  9e-02 402:18.0
  606   7272 -3.089782913542952e-02 1.2e+02 3.07e-02  5e-03  8e-02 406:19.1
  612   7344 -3.089468563887720e-02 1.2e+02 3.06e-02  5e-03  8e-02 410:20.9
  618   7416 -3.090181284440903e-02 1.2e+02 2.75e-02  4e-03  7e-02 414:21.9
  624   7488 -3.090937261210272e-02 1.2e+02 2.52e-02  4e-03  7e-02 418:22.8
  630   7560 -3.091858685036898e-02 1.2e+02 3.10e-02  5e-03  8e-02 422:24.0
  636   7632 -3.092220642543685e-02 1.2e+02 3.69e-02  6e-03  1e-01 426:25.1
  642   7704 -3.092094587778917e-02 1.3e+02 3.47e-02  5e-03  9e-02 430:26.8
  648   7776 -3.094097548883893e-02 1.2e+02 3.25e-02  5e-03  8e-02 434:28.4
  654   7848 -3.094457190364022e-02 1.2e+02 3.93e-02  6e-03  1e-01 438:29.6
  660   7920 -3.094621698105694e-02 1.2e+02 4.10e-02  6e-03  1e-01 442:30.9
  666   7992 -3.095316324907302e-02 1.2e+02 3.86e-02  6e-03  9e-02 446:32.2
  672   8064 -3.096831048304032e-02 1.2e+02 3.54e-02  5e-03  8e-02 450:34.0
  678   8136 -3.097942023052519e-02 1.2e+02 3.10e-02  4e-03  7e-02 454:35.2
  684   8208 -3.098166263543294e-02 1.3e+02 2.68e-02  4e-03  6e-02 458:36.5
  690   8280 -3.099133957981580e-02 1.3e+02 2.19e-02  3e-03  5e-02 462:38.0
  696   8352 -3.099331950892341e-02 1.4e+02 2.40e-02  3e-03  6e-02 466:38.4
  700   8400 -3.099922252379605e-02 1.3e+02 2.56e-02  3e-03  6e-02 469:19.1
  706   8472 -3.100366173858221e-02 1.4e+02 3.04e-02  4e-03  7e-02 473:20.5
  712   8544 -3.101075046243489e-02 1.4e+02 3.55e-02  5e-03  8e-02 477:22.2
  718   8616 -3.101005588875332e-02 1.5e+02 3.04e-02  4e-03  7e-02 481:23.7
  724   8688 -3.101387260161014e-02 1.5e+02 2.81e-02  4e-03  6e-02 485:25.0
  730   8760 -3.101508055658713e-02 1.5e+02 2.43e-02  3e-03  5e-02 489:26.5
  736   8832 -3.101787923782826e-02 1.5e+02 1.87e-02  2e-03  4e-02 493:27.4
  742   8904 -3.101984829909457e-02 1.6e+02 1.73e-02  2e-03  4e-02 497:28.6
  748   8976 -3.101999511422742e-02 1.6e+02 1.50e-02  2e-03  3e-02 501:30.6
  754   9048 -3.102143326177515e-02 1.6e+02 1.38e-02  2e-03  3e-02 505:31.9
  760   9120 -3.102232330985988e-02 1.6e+02 1.45e-02  2e-03  3e-02 509:33.1
  766   9192 -3.102329976879926e-02 1.7e+02 1.45e-02  2e-03  3e-02 513:34.0
  772   9264 -3.102351845667549e-02 1.7e+02 1.55e-02  2e-03  3e-02 517:34.9
  778   9336 -3.102522426085205e-02 1.8e+02 1.75e-02  2e-03  3e-02 521:35.5
  784   9408 -3.102827838309154e-02 1.8e+02 2.07e-02  2e-03  4e-02 525:36.0
  790   9480 -3.103022115390719e-02 1.9e+02 2.44e-02  3e-03  4e-02 529:37.2
  796   9552 -3.103315345761362e-02 1.9e+02 2.67e-02  3e-03  5e-02 533:37.8
  800   9600 -3.104097352738894e-02 2.1e+02 3.12e-02  3e-03  6e-02 536:18.6
  806   9672 -3.104545418840640e-02 2.2e+02 3.50e-02  4e-03  7e-02 540:20.0
  812   9744 -3.105521397553601e-02 2.1e+02 3.40e-02  3e-03  7e-02 544:21.4
  818   9816 -3.106668564736968e-02 2.1e+02 3.63e-02  4e-03  7e-02 548:22.2
  824   9888 -3.106664536877789e-02 2.1e+02 3.31e-02  3e-03  6e-02 552:23.1
  830   9960 -3.108872813803195e-02 2.0e+02 3.68e-02  4e-03  7e-02 556:24.9
  836  10032 -3.108909422523582e-02 2.0e+02 4.71e-02  5e-03  8e-02 560:25.9
  843  10116 -3.111242286063429e-02 2.0e+02 4.84e-02  4e-03  8e-02 565:08.0
  850  10200 -3.111751398640091e-02 1.9e+02 5.02e-02  5e-03  8e-02 569:49.8
  857  10284 -3.113580421554619e-02 1.8e+02 4.24e-02  4e-03  7e-02 574:30.8
  864  10368 -3.114161312440634e-02 1.8e+02 4.25e-02  4e-03  7e-02 579:11.5
  871  10452 -3.115603839869418e-02 1.9e+02 4.47e-02  4e-03  7e-02 583:53.3
  878  10536 -3.116808462533728e-02 1.9e+02 5.20e-02  4e-03  9e-02 588:35.6
  885  10620 -3.118470661206934e-02 2.0e+02 5.12e-02  4e-03  9e-02 593:16.7
  892  10704 -3.120251326218324e-02 2.1e+02 6.38e-02  6e-03  1e-01 597:58.7
  899  10788 -3.119738069596451e-02 2.5e+02 9.40e-02  8e-03  2e-01 602:40.0
  900  10800 -3.119746389700551e-02 2.5e+02 9.72e-02  9e-03  2e-01 603:20.2
  907  10884 -3.121746760805843e-02 2.5e+02 6.98e-02  6e-03  2e-01 608:02.2
  914  10968 -3.123572004735028e-02 2.5e+02 6.22e-02  5e-03  1e-01 612:44.4
  921  11052 -3.124475859644519e-02 2.6e+02 5.13e-02  4e-03  1e-01 617:26.3
  928  11136 -3.125754723929635e-02 2.5e+02 4.35e-02  4e-03  1e-01 622:08.5
  935  11220 -3.126564878193645e-02 2.6e+02 4.43e-02  4e-03  1e-01 626:49.7
  942  11304 -3.126650816320654e-02 2.5e+02 4.83e-02  4e-03  1e-01 631:31.2
  949  11388 -3.127394690087717e-02 2.6e+02 4.38e-02  4e-03  1e-01 636:13.6
  956  11472 -3.127996587648640e-02 2.8e+02 4.92e-02  4e-03  1e-01 640:55.2
  963  11556 -3.128867470208264e-02 2.9e+02 4.73e-02  4e-03  1e-01 645:37.2
  970  11640 -3.129365281842506e-02 2.9e+02 4.05e-02  3e-03  1e-01 650:19.5
  977  11724 -3.129425368762365e-02 2.9e+02 3.60e-02  3e-03  8e-02 655:00.9
  984  11808 -3.129886086955259e-02 3.0e+02 3.12e-02  3e-03  7e-02 659:42.7
  991  11892 -3.130163149786624e-02 3.0e+02 2.23e-02  2e-03  5e-02 664:24.7
  998  11976 -3.130528971080503e-02 3.0e+02 2.27e-02  2e-03  5e-02 669:06.8
 1000  12000 -3.130531134581764e-02 3.0e+02 2.34e-02  2e-03  6e-02 670:27.8
Budget constraint satisfied 286.943115234375 381.9499053955078 Difference:  95.00679016113281
Budget constraint satisfied 286.502197265625 381.9499053955078 Difference:  95.44770812988281
two_most_probable_states: ['00000000010', '00010000000']
final_expectation_value: -0.03130574249842265
params: [5.1583618788581465, -3.5931528013286482, 3.3773784161755067, 4.257814365852453, -8.188180972873615, 6.725924482987234, 2.9251774170218576, 2.596707919044411, -4.999747420053606, 10.57257406598868, 2.514683022258171, 8.250662831282082, 2.5657113787939667, -7.312030443930158, 5.13006119498257, 5.479332232896527, 2.4015713816916957, -4.763844057134406, -1.5005843994376777, 6.065310588857342]
total_steps: 1000
states_probs: [0.017895803804371693, 0.017933704453888834]
optimized_portfolios: [{'BA': 0, 'CVX': 0, 'DOW': 0, 'JNJ': 2, 'JPM': 0}, {'BA': 0, 'CVX': 2, 'DOW': 0, 'JNJ': 0, 'JPM': 0}]
objective_values: [-21.336498566393292, -53.248304109231924]
result_with_budget: [{'portfolio': {'BA': 0, 'CVX': 0, 'DOW': 0, 'JNJ': 2, 'JPM': 0}, 'budget': 286.943115234375, 'difference': 95.00679016113281}, {'portfolio': {'BA': 0, 'CVX': 2, 'DOW': 0, 'JNJ': 0, 'JPM': 0}, 'budget': 286.502197265625, 'difference': 95.44770812988281}]
Processing experiment 257
Budget: 587.3249664306641
Expected returns: 0.20876051559385572
Covariance matrix: 0.6065170425273793
3rd-order coskewness tensor: -0.1587869635858299
4th-order cokurtosis tensor: 4.234904143520446
Number of qubits for asset CAT: 1
Number of qubits for asset HON: 2
Number of qubits for asset MMM: 3
Number of qubits for asset MRK: 3
Number of qubits for asset TRV: 2
Total number of qubits:  11
Optimized Weights (considering variance, skewness and kurtosis):
CAT: 33.19%
HON: 0.00%
MMM: 22.22%
MRK: 37.20%
TRV: 7.38%
Left over budget:  26.929992630091306
Optimized Discrete Allocation:
CAT: 1
MRK: 2
Maximized utility from continuous higher moments:  -21.563533478463224
Budget constraint not satisfied 589.3713150024414 587.3249664306641 Difference:  -2.0463485717773438
Budget constraint satisfied 586.1224670410156 587.3249664306641 Difference:  1.2024993896484375
smallest_eigenvalues: [-0.046833931515785035]
smallest_bitstrings: ['10010010000']
first_excited_energy: -0.04683209843617531
optimized_portfolio: [{'CAT': 1, 'HON': 0, 'MMM': 1, 'MRK': 1, 'TRV': 0}]
second_optimized_portfolio: [{'CAT': 1, 'HON': 1, 'MMM': 0, 'MRK': 0, 'TRV': 0}]
result_with_budget: [{'portfolio': {'CAT': 1, 'HON': 0, 'MMM': 1, 'MRK': 1, 'TRV': 0}, 'budget': 589.3713150024414, 'difference': -2.0463485717773438, 'objective_value': -8.360859250014055}]
result_with_budget_excited: [{'portfolio': {'CAT': 1, 'HON': 1, 'MMM': 0, 'MRK': 0, 'TRV': 0}, 'budget': 586.1224670410156, 'difference': 1.2024993896484375, 'objective_value': -11.795705991515172}]
Initial params:  [2.20737677 1.21189759 1.6319588  2.98283055 0.64733765 1.92386057
 2.25809605 0.92247074 2.93714386 1.52807219 0.31914075 2.6870498
 1.55847734 0.95250264 1.85597029 0.49140085 3.13526152 2.57410163
 1.98505226 0.09172979]
(6_w,12)-aCMA-ES (mu_w=3.7,w_1=40%) in dimension 20 (seed=109693, Sat Mar 15 04:43:21 2025)
Iterat #Fevals   function value  axis ratio  sigma  min&max std  t[m:s]
    1     12 -1.572041276347505e-02 1.0e+00 1.34e+00  1e+00  1e+00 0:39.9
    2     24 -1.405458989987459e-02 1.1e+00 1.22e+00  1e+00  1e+00 1:19.5
    3     36 -2.109754290319584e-02 1.1e+00 1.15e+00  1e+00  1e+00 1:59.2
    4     48 3.990697216917498e-02 1.1e+00 1.14e+00  1e+00  1e+00 2:38.9
    5     60 3.607041812826935e-04 1.2e+00 1.12e+00  1e+00  1e+00 3:18.8
    6     72 -2.565722156919887e-02 1.2e+00 1.12e+00  1e+00  1e+00 3:58.6
    7     84 -7.735245411868372e-04 1.2e+00 1.06e+00  1e+00  1e+00 4:38.3
    8     96 -1.600469867731867e-02 1.3e+00 1.03e+00  1e+00  1e+00 5:17.9
    9    108 -1.803047913298830e-02 1.3e+00 1.01e+00  1e+00  1e+00 5:57.7
   10    120 -2.375089174507292e-02 1.3e+00 1.01e+00  1e+00  1e+00 6:37.5
   11    132 -1.468488878058125e-02 1.3e+00 9.88e-01  9e-01  1e+00 7:17.3
   12    144 -1.960026615676863e-02 1.3e+00 9.46e-01  9e-01  1e+00 7:57.0
   13    156 -1.111921223518723e-02 1.3e+00 9.50e-01  9e-01  1e+00 8:36.6
   14    168 -1.983074862445530e-02 1.3e+00 9.69e-01  9e-01  1e+00 9:16.2
   15    180 -2.265732006603138e-02 1.3e+00 1.01e+00  9e-01  1e+00 9:56.1
   16    192 -9.394751710946092e-03 1.3e+00 1.00e+00  9e-01  1e+00 10:35.8
   17    204 -1.075566832431149e-02 1.4e+00 9.93e-01  9e-01  1e+00 11:15.6
   18    216 -1.355624974392791e-02 1.4e+00 9.86e-01  9e-01  1e+00 11:55.1
   19    228 2.177668790967867e-03 1.4e+00 9.84e-01  9e-01  1e+00 12:34.8
   20    240 1.139698481252917e-02 1.4e+00 9.77e-01  9e-01  1e+00 13:14.5
   21    252 -2.675433352368950e-02 1.4e+00 9.72e-01  9e-01  1e+00 13:54.3
   22    264 -2.660563403554965e-02 1.4e+00 1.00e+00  9e-01  1e+00 14:33.9
   23    276 -2.356489658014044e-02 1.5e+00 9.99e-01  9e-01  1e+00 15:13.4
   24    288 -2.189176388778657e-02 1.5e+00 9.75e-01  9e-01  1e+00 15:52.9
   25    300 -2.470694054185058e-02 1.5e+00 9.31e-01  8e-01  1e+00 16:32.5
   26    312 -2.166903996366575e-02 1.5e+00 9.51e-01  9e-01  1e+00 17:12.1
   27    324 -3.251046746348036e-03 1.6e+00 9.66e-01  9e-01  1e+00 17:51.7
   28    336 -3.610955788149898e-02 1.6e+00 1.00e+00  9e-01  1e+00 18:30.9
   29    348 -1.404087595860359e-02 1.6e+00 1.04e+00  9e-01  1e+00 19:10.5
   30    360 -1.342572866910168e-02 1.6e+00 1.02e+00  9e-01  1e+00 19:50.1
   31    372 -2.634519429671135e-02 1.6e+00 1.02e+00  9e-01  1e+00 20:29.6
   32    384 -1.868526083095869e-02 1.6e+00 9.80e-01  9e-01  1e+00 21:09.0
   33    396 2.255974606489427e-02 1.6e+00 9.78e-01  9e-01  1e+00 21:48.7
   34    408 -2.297295741696584e-02 1.6e+00 9.96e-01  9e-01  1e+00 22:28.2
   35    420 -2.322960741570864e-02 1.7e+00 9.86e-01  9e-01  1e+00 23:07.7
   36    432 -8.804371962468163e-03 1.7e+00 9.87e-01  9e-01  1e+00 23:47.2
   37    444 -8.712597785666847e-03 1.7e+00 1.05e+00  9e-01  1e+00 24:26.8
   38    456 -1.224247539796013e-02 1.8e+00 1.04e+00  9e-01  1e+00 25:06.3
   39    468 -7.162207824522818e-03 1.8e+00 1.04e+00  9e-01  1e+00 25:45.8
   40    480 -2.852954975726869e-02 1.8e+00 1.00e+00  9e-01  1e+00 26:25.4
   42    504 -1.160511315946537e-02 1.9e+00 1.06e+00  9e-01  1e+00 27:44.4
   44    528 -4.359636960129999e-03 2.0e+00 1.16e+00  1e+00  1e+00 29:03.5
   46    552 -2.597739552150975e-02 2.0e+00 1.16e+00  1e+00  1e+00 30:22.5
   48    576 1.557317364232719e-01 2.1e+00 1.24e+00  1e+00  1e+00 31:41.6
   50    600 1.405945360708649e-02 2.1e+00 1.32e+00  1e+00  2e+00 33:01.0
   52    624 5.131853462237267e-02 2.1e+00 1.36e+00  1e+00  2e+00 34:19.9
   54    648 -3.863308055703961e-04 2.2e+00 1.36e+00  1e+00  2e+00 35:39.1
   56    672 3.167683104337070e-02 2.2e+00 1.37e+00  1e+00  2e+00 36:58.0
   58    696 5.521305398455540e-02 2.3e+00 1.40e+00  1e+00  2e+00 38:17.0
   60    720 1.948915036655752e-02 2.2e+00 1.42e+00  1e+00  2e+00 39:36.0
   62    744 3.472911864718937e-02 2.2e+00 1.49e+00  1e+00  2e+00 40:54.7
   64    768 3.767449268903848e-02 2.2e+00 1.67e+00  1e+00  2e+00 42:13.9
   66    792 2.519864632142227e-03 2.3e+00 1.98e+00  2e+00  2e+00 43:32.9
   68    816 -1.154582826633003e-02 2.3e+00 2.21e+00  2e+00  3e+00 44:52.0
   70    840 -2.278131730250416e-02 2.3e+00 2.44e+00  2e+00  3e+00 46:11.1
   72    864 1.805550388815720e-02 2.4e+00 2.69e+00  2e+00  3e+00 47:29.8
   74    888 -1.419029748551935e-02 2.5e+00 2.79e+00  2e+00  3e+00 48:48.9
   76    912 1.079805705729643e-01 2.5e+00 2.88e+00  3e+00  3e+00 50:08.1
   78    936 4.159502202031433e-02 2.6e+00 2.89e+00  3e+00  3e+00 51:27.3
   80    960 -2.168151154920667e-02 2.7e+00 2.80e+00  2e+00  3e+00 52:46.3
   82    984 1.636004302284523e-02 2.7e+00 2.89e+00  3e+00  4e+00 54:05.3
   84   1008 -1.796627771969954e-02 2.7e+00 2.96e+00  3e+00  4e+00 55:24.7
   86   1032 -1.244657183527258e-03 2.7e+00 2.96e+00  3e+00  4e+00 56:43.8
   88   1056 -4.626619682297546e-03 2.7e+00 2.78e+00  2e+00  3e+00 58:03.1
   90   1080 -1.122291810062979e-02 2.7e+00 2.62e+00  2e+00  3e+00 59:22.6
   92   1104 -8.249289785059055e-04 2.7e+00 2.58e+00  2e+00  3e+00 60:41.6
   94   1128 -1.080251979672140e-02 2.8e+00 2.71e+00  2e+00  3e+00 62:00.6
   96   1152 1.801804213891310e-02 2.8e+00 2.56e+00  2e+00  3e+00 63:19.7
   98   1176 6.471264898064626e-02 2.8e+00 2.56e+00  2e+00  3e+00 64:38.8
  100   1200 1.508565037668490e-03 2.8e+00 2.29e+00  2e+00  3e+00 65:57.7
  102   1224 -2.092007515037326e-02 2.8e+00 2.19e+00  2e+00  3e+00 67:16.6
  104   1248 2.460745022540897e-02 2.8e+00 2.10e+00  2e+00  3e+00 68:35.7
  106   1272 1.433778256770262e-02 2.8e+00 1.98e+00  2e+00  2e+00 69:54.8
  108   1296 2.671393156877943e-02 2.9e+00 1.79e+00  2e+00  2e+00 71:13.9
  110   1320 1.737160155973567e-02 2.9e+00 1.61e+00  1e+00  2e+00 72:33.2
  112   1344 -3.524065554296017e-03 3.0e+00 1.52e+00  1e+00  2e+00 73:52.0
  114   1368 1.968626406843133e-02 3.0e+00 1.40e+00  1e+00  2e+00 75:11.2
  116   1392 9.529762318147728e-03 3.0e+00 1.35e+00  1e+00  2e+00 76:30.1
  118   1416 6.282193644212986e-02 3.1e+00 1.31e+00  1e+00  2e+00 77:49.2
  120   1440 8.051660653622821e-02 3.1e+00 1.33e+00  1e+00  2e+00 79:08.4
  123   1476 5.380891952181675e-03 3.1e+00 1.46e+00  1e+00  2e+00 81:07.0
  126   1512 9.074593803306429e-02 3.2e+00 1.60e+00  1e+00  2e+00 83:05.7
  129   1548 2.522745035603745e-02 3.3e+00 1.67e+00  1e+00  2e+00 85:04.6
  132   1584 -1.563131062787282e-02 3.3e+00 1.56e+00  1e+00  2e+00 87:02.9
  135   1620 -1.450624645377439e-02 3.3e+00 1.43e+00  1e+00  2e+00 89:01.5
  138   1656 -9.568436280638689e-03 3.3e+00 1.38e+00  1e+00  2e+00 91:00.0
  141   1692 2.175193333461053e-02 3.3e+00 1.32e+00  1e+00  2e+00 92:58.6
  144   1728 -2.133458572977500e-02 3.3e+00 1.27e+00  1e+00  2e+00 94:57.3
  147   1764 4.094026121718104e-02 3.4e+00 1.27e+00  1e+00  2e+00 96:55.8
  150   1800 2.291632538979921e-02 3.3e+00 1.19e+00  1e+00  1e+00 98:54.6
  153   1836 -1.134538967112306e-02 3.3e+00 1.02e+00  8e-01  1e+00 100:53.2
  156   1872 -1.809524230352984e-02 3.2e+00 1.03e+00  8e-01  1e+00 102:51.8
  159   1908 1.638483619579290e-02 3.2e+00 1.03e+00  8e-01  1e+00 104:50.5
  162   1944 5.652796620922647e-03 3.2e+00 1.03e+00  8e-01  1e+00 106:48.9
  165   1980 2.256628649390667e-02 3.1e+00 1.07e+00  9e-01  1e+00 108:47.8
  168   2016 5.807613904477795e-02 3.1e+00 1.17e+00  1e+00  1e+00 110:46.2
  171   2052 3.628099426975887e-02 3.0e+00 1.22e+00  1e+00  1e+00 112:44.8
  174   2088 -1.839729526545059e-02 3.1e+00 1.20e+00  1e+00  1e+00 114:43.4
  177   2124 6.613340615227907e-02 3.1e+00 1.07e+00  9e-01  1e+00 116:41.7
  180   2160 9.550796913860369e-04 3.2e+00 1.00e+00  8e-01  1e+00 118:40.3
  183   2196 4.818521360906617e-02 3.2e+00 9.02e-01  7e-01  1e+00 120:38.7
  186   2232 3.660350256879616e-02 3.3e+00 9.87e-01  8e-01  1e+00 122:37.8
  189   2268 4.878768423076883e-02 3.3e+00 8.92e-01  7e-01  1e+00 124:37.5
  192   2304 1.012148836409671e-02 3.3e+00 8.83e-01  7e-01  1e+00 126:36.0
  195   2340 -1.923876756806485e-02 3.4e+00 9.10e-01  8e-01  1e+00 128:34.8
  198   2376 3.440179050638482e-02 3.5e+00 8.74e-01  7e-01  1e+00 130:33.5
  200   2400 -1.297493399308954e-02 3.5e+00 8.56e-01  7e-01  1e+00 131:52.8
  203   2436 3.069669662008843e-02 3.4e+00 8.44e-01  7e-01  1e+00 133:51.7
  206   2472 2.749183899062430e-02 3.4e+00 8.13e-01  7e-01  9e-01 135:50.6
  209   2508 2.283052112688305e-02 3.5e+00 8.12e-01  7e-01  1e+00 137:49.4
  212   2544 9.908678423597155e-03 3.5e+00 8.17e-01  7e-01  1e+00 139:48.0
  215   2580 -2.362275140640971e-02 3.6e+00 7.98e-01  7e-01  9e-01 141:46.8
  218   2616 3.101051843943670e-02 3.7e+00 7.46e-01  6e-01  9e-01 143:45.3
  221   2652 7.424618674749579e-03 3.7e+00 7.32e-01  6e-01  9e-01 145:43.7
  224   2688 4.636295818556870e-02 3.7e+00 6.51e-01  5e-01  8e-01 147:42.2
  227   2724 1.003136485598278e-02 3.7e+00 6.25e-01  5e-01  8e-01 149:40.9
  230   2760 -1.377368834643168e-02 3.8e+00 6.41e-01  5e-01  8e-01 151:39.8
  233   2796 7.247640137489250e-02 3.8e+00 5.97e-01  5e-01  7e-01 153:38.6
  236   2832 -9.911475659394627e-03 3.8e+00 5.87e-01  5e-01  7e-01 155:37.0
  240   2880 3.030505497066855e-02 3.9e+00 5.79e-01  5e-01  7e-01 158:15.6
  244   2928 1.040607231402121e-01 4.0e+00 7.43e-01  6e-01  9e-01 160:54.0
  248   2976 3.635290043460616e-02 4.2e+00 8.23e-01  6e-01  1e+00 163:32.5
  252   3024 8.518930627769404e-02 4.3e+00 7.32e-01  6e-01  9e-01 166:10.6
  256   3072 6.915246699277144e-02 4.4e+00 6.80e-01  5e-01  9e-01 168:48.5
  260   3120 1.053944383701668e-02 4.6e+00 6.19e-01  5e-01  8e-01 171:26.6
  264   3168 7.438372784168489e-02 4.6e+00 5.30e-01  4e-01  7e-01 174:04.7
  268   3216 9.177880871876659e-02 4.8e+00 4.62e-01  4e-01  6e-01 176:42.9
  272   3264 1.688893061669687e-02 5.0e+00 4.06e-01  3e-01  5e-01 179:20.8
  276   3312 1.368450267339962e-02 5.0e+00 3.55e-01  3e-01  4e-01 181:59.2
  280   3360 2.527924063791511e-02 5.0e+00 3.39e-01  2e-01  4e-01 184:37.6
  284   3408 3.010025873213008e-02 5.0e+00 3.26e-01  2e-01  4e-01 187:16.1
  288   3456 -5.248525627087134e-04 5.1e+00 3.46e-01  3e-01  4e-01 189:54.7
  292   3504 9.589134966811722e-03 5.1e+00 3.31e-01  2e-01  4e-01 192:32.8
  296   3552 1.261082644079737e-02 5.2e+00 3.25e-01  2e-01  4e-01 195:10.7
  300   3600 1.581247302420924e-02 5.2e+00 3.13e-01  2e-01  4e-01 197:49.2
  304   3648 -8.187322931245770e-03 5.1e+00 3.41e-01  3e-01  4e-01 200:27.3
  308   3696 -1.394185352430607e-02 4.9e+00 3.87e-01  3e-01  4e-01 203:05.6
  312   3744 3.881196231682350e-02 4.9e+00 3.83e-01  3e-01  4e-01 205:43.9
  316   3792 -1.212724724331970e-02 4.8e+00 3.44e-01  2e-01  4e-01 208:22.1
  320   3840 -2.126680419177814e-02 4.9e+00 3.19e-01  2e-01  4e-01 211:00.4
  324   3888 -2.038395283055186e-02 5.1e+00 2.78e-01  2e-01  3e-01 213:38.8
  328   3936 -1.934890437795587e-02 5.0e+00 2.62e-01  2e-01  3e-01 216:17.1
  332   3984 -1.376282975012595e-02 5.1e+00 2.46e-01  2e-01  3e-01 218:55.3
  336   4032 -1.736808560005728e-02 5.1e+00 2.15e-01  1e-01  2e-01 221:33.5
  340   4080 -1.255099353798425e-02 4.9e+00 2.22e-01  1e-01  2e-01 224:11.9
  344   4128 -2.429011761519124e-02 4.9e+00 1.81e-01  1e-01  2e-01 226:50.0
  348   4176 -2.302943148156995e-02 4.9e+00 1.62e-01  1e-01  2e-01 229:28.1
  352   4224 -2.986179144700336e-02 4.8e+00 1.51e-01  1e-01  2e-01 232:06.0
  356   4272 -2.414669771537445e-02 4.8e+00 1.59e-01  1e-01  2e-01 234:44.4
  360   4320 -3.082058735734551e-02 4.7e+00 1.69e-01  1e-01  2e-01 237:22.9
  364   4368 -3.133480934707898e-02 4.8e+00 1.62e-01  1e-01  2e-01 240:01.2
  368   4416 -3.242322705537871e-02 4.8e+00 1.49e-01  9e-02  2e-01 242:39.4
  372   4464 -2.896289773346354e-02 5.0e+00 1.52e-01  9e-02  2e-01 245:17.4
  376   4512 -3.491323341072379e-02 5.0e+00 1.56e-01  9e-02  2e-01 247:55.7
  380   4560 -3.276289681823424e-02 5.1e+00 1.69e-01  1e-01  2e-01 250:34.1
  384   4608 -3.328264565904931e-02 5.1e+00 1.57e-01  9e-02  2e-01 253:12.2
  388   4656 -3.446861424752995e-02 5.0e+00 1.18e-01  7e-02  1e-01 255:50.8
  392   4704 -3.581998141132969e-02 5.2e+00 1.09e-01  6e-02  1e-01 258:28.9
  396   4752 -3.607108154551825e-02 5.2e+00 9.51e-02  5e-02  1e-01 261:07.3
  400   4800 -3.659597315381354e-02 5.3e+00 8.99e-02  5e-02  1e-01 263:45.8
  405   4860 -3.706196130976910e-02 5.4e+00 8.59e-02  4e-02  1e-01 267:04.1
  410   4920 -3.791404724648860e-02 5.8e+00 8.04e-02  4e-02  9e-02 270:21.6
  415   4980 -3.818002200558996e-02 5.9e+00 7.44e-02  4e-02  8e-02 273:38.7
  420   5040 -3.859124875934326e-02 6.2e+00 7.29e-02  3e-02  8e-02 276:56.2
  425   5100 -3.839608106928599e-02 6.6e+00 5.78e-02  3e-02  6e-02 280:13.5
  430   5160 -3.874375314891480e-02 6.7e+00 5.27e-02  2e-02  6e-02 283:31.0
  435   5220 -3.892857188945022e-02 7.0e+00 4.62e-02  2e-02  5e-02 286:48.7
  440   5280 -3.904291737721541e-02 7.5e+00 4.30e-02  2e-02  5e-02 290:06.6
  445   5340 -3.931445325110587e-02 8.3e+00 4.79e-02  2e-02  6e-02 293:24.7
  450   5400 -3.936620227616032e-02 8.9e+00 4.72e-02  2e-02  6e-02 296:42.3
  455   5460 -3.949386325608089e-02 9.6e+00 4.09e-02  2e-02  5e-02 299:59.7
  460   5520 -3.961670528093265e-02 1.0e+01 4.09e-02  2e-02  5e-02 303:17.1
  465   5580 -3.968630351418927e-02 1.1e+01 3.92e-02  2e-02  5e-02 306:34.9
  470   5640 -3.964569101837601e-02 1.1e+01 3.70e-02  1e-02  5e-02 309:52.9
  475   5700 -3.974551986631154e-02 1.2e+01 3.14e-02  1e-02  4e-02 313:10.6
  480   5760 -3.978422886108018e-02 1.3e+01 2.69e-02  1e-02  3e-02 316:28.7
  485   5820 -3.982392300348535e-02 1.5e+01 2.54e-02  9e-03  3e-02 319:46.6
  490   5880 -3.984751223237382e-02 1.6e+01 2.09e-02  7e-03  3e-02 323:04.3
  495   5940 -3.990036524203077e-02 1.7e+01 2.30e-02  8e-03  3e-02 326:21.4
  500   6000 -3.994220327226007e-02 1.8e+01 2.21e-02  8e-03  3e-02 329:39.1
  505   6060 -3.998902953847207e-02 1.9e+01 2.73e-02  9e-03  4e-02 332:56.9
