Running job array 78 on pe47.int.triton.aalto.fi
Starting at Fri Mar 21 18:09:47 EET 2025
Activating virtual environment at /scratch/work/uotilav2/quantum-portfolio/venv
Processing batch 79/100: experiments 78 to 78 (total 1)
Processing experiment 78
Budget: 816
YF.download() has changed argument auto_adjust default to True
Number of qubits for asset BA: 3
Number of qubits for asset CSCO: 4
Number of qubits for asset NKE: 4
Number of qubits for asset V: 2
Total number of qubits:  13
Optimized Weights (considering variance, skewness and kurtosis):
BA: 0.00%
CSCO: 7.57%
NKE: 0.00%
V: 92.43%
Left over budget:  67.38310164138204
Optimized Discrete Allocation:
CSCO: 2
V: 2
Maximized utility from continuous higher moments:  -4.9850370238867745
Budget constraint satisfied 815.6661224365234 816 Difference:  0.3338775634765625
Budget constraint satisfied 815.064094543457 816 Difference:  0.9359054565429688
smallest_eigenvalues: [-0.06184003108284697]
smallest_bitstrings: ['1101000110000']
first_excited_energy: -0.061839517595010454
optimized_portfolio: [{'BA': 3, 'CSCO': 1, 'NKE': 3, 'V': 0}]
second_optimized_portfolio: [{'BA': 2, 'CSCO': 4, 'NKE': 3, 'V': 0}]
result_with_budget: [{'portfolio': {'BA': 3, 'CSCO': 1, 'NKE': 3, 'V': 0}, 'budget': 815.6661224365234, 'difference': 0.3338775634765625, 'objective_value': -41.97542476244429}]
result_with_budget_excited: [{'portfolio': {'BA': 2, 'CSCO': 4, 'NKE': 3, 'V': 0}, 'budget': 815.064094543457, 'difference': 0.9359054565429688, 'objective_value': -79.48941013648952}]
Initial params:  [2.51063067 1.44978017 2.45210473 0.37157007 2.01037118 0.45035763
 2.96776493 1.63943485 1.3026989  0.83112597 2.43232687 1.43303853
 1.78578792 0.0590299  1.94035914 1.92295543 1.93815531 2.96487203
 2.14200164 1.12942738]
(6_w,12)-aCMA-ES (mu_w=3.7,w_1=40%) in dimension 20 (seed=685711, Fri Mar 21 18:13:41 2025)
Iterat #Fevals   function value  axis ratio  sigma  min&max std  t[m:s]
    1     12 -1.830429100149876e-02 1.0e+00 9.81e-02  1e-01  1e-01 1:29.5
    2     24 -3.769571050839810e-02 1.1e+00 1.02e-01  1e-01  1e-01 2:59.4
    3     36 -3.679479669780161e-02 1.2e+00 1.04e-01  1e-01  1e-01 4:28.8
    4     48 -4.126681716739711e-02 1.2e+00 1.08e-01  1e-01  1e-01 5:57.9
    5     60 -4.318473898827584e-02 1.2e+00 1.12e-01  1e-01  1e-01 7:27.0
    6     72 -4.371112339606737e-02 1.3e+00 1.17e-01  1e-01  1e-01 8:56.5
    7     84 -4.181833195431031e-02 1.4e+00 1.24e-01  1e-01  1e-01 10:26.1
    8     96 -4.401411381683355e-02 1.5e+00 1.25e-01  1e-01  1e-01 11:55.4
    9    108 -4.548473983105723e-02 1.5e+00 1.28e-01  1e-01  1e-01 13:24.3
   10    120 -4.603968049122369e-02 1.6e+00 1.30e-01  1e-01  1e-01 14:53.0
   11    132 -4.443820755287427e-02 1.6e+00 1.33e-01  1e-01  1e-01 16:21.6
   12    144 -4.596658196684883e-02 1.7e+00 1.36e-01  1e-01  2e-01 17:51.5
   13    156 -4.529821108967621e-02 1.7e+00 1.40e-01  1e-01  2e-01 19:21.1
   14    168 -4.445317639107327e-02 1.7e+00 1.41e-01  1e-01  2e-01 20:50.4
   15    180 -4.571546897297198e-02 1.7e+00 1.42e-01  1e-01  2e-01 22:17.6
   16    192 -4.598061637869218e-02 1.7e+00 1.47e-01  1e-01  2e-01 23:43.7
   17    204 -4.486627349961991e-02 1.8e+00 1.48e-01  1e-01  2e-01 25:10.2
   18    216 -4.671234341880093e-02 1.8e+00 1.50e-01  1e-01  2e-01 26:36.5
   19    228 -4.551375646554588e-02 1.8e+00 1.53e-01  1e-01  2e-01 28:02.8
   20    240 -4.516634750800964e-02 1.8e+00 1.58e-01  1e-01  2e-01 29:29.2
   21    252 -4.643534888321696e-02 1.9e+00 1.59e-01  1e-01  2e-01 30:55.3
   22    264 -4.507329183871887e-02 1.9e+00 1.62e-01  2e-01  2e-01 32:21.6
   23    276 -4.612282049889872e-02 1.9e+00 1.62e-01  2e-01  2e-01 33:47.7
   24    288 -4.362743857979094e-02 1.9e+00 1.61e-01  2e-01  2e-01 35:13.9
   25    300 -4.203421622655034e-02 1.9e+00 1.62e-01  2e-01  2e-01 36:40.0
   26    312 -4.497075182527009e-02 2.0e+00 1.64e-01  2e-01  2e-01 38:06.1
   27    324 -4.660061954862933e-02 2.0e+00 1.65e-01  2e-01  2e-01 39:32.2
   28    336 -4.510113867579268e-02 2.0e+00 1.65e-01  2e-01  2e-01 40:58.4
   29    348 -4.717972601195226e-02 2.1e+00 1.64e-01  2e-01  2e-01 42:24.6
   30    360 -4.570736277338423e-02 2.1e+00 1.64e-01  2e-01  2e-01 43:50.8
   31    372 -4.408711189034662e-02 2.1e+00 1.62e-01  2e-01  2e-01 45:16.8
   32    384 -4.611932217881337e-02 2.2e+00 1.64e-01  2e-01  2e-01 46:43.3
   33    396 -4.663238843169459e-02 2.2e+00 1.67e-01  2e-01  2e-01 48:09.5
   34    408 -4.577871557803485e-02 2.2e+00 1.64e-01  2e-01  2e-01 49:35.5
   35    420 -4.570167897199963e-02 2.3e+00 1.61e-01  1e-01  2e-01 51:01.8
   36    432 -4.529673780930885e-02 2.4e+00 1.60e-01  1e-01  2e-01 52:28.0
   37    444 -4.666511424725661e-02 2.4e+00 1.61e-01  1e-01  2e-01 53:54.2
   38    456 -4.706708533875448e-02 2.4e+00 1.64e-01  1e-01  2e-01 55:20.5
   39    468 -4.239858968266861e-02 2.5e+00 1.65e-01  1e-01  2e-01 56:46.5
   40    480 -4.556349460984996e-02 2.5e+00 1.66e-01  1e-01  2e-01 58:12.8
   41    492 -4.669200205934352e-02 2.5e+00 1.61e-01  1e-01  2e-01 59:39.2
   42    504 -4.491179733142554e-02 2.5e+00 1.57e-01  1e-01  2e-01 61:05.2
   43    516 -4.725520598890009e-02 2.6e+00 1.48e-01  1e-01  2e-01 62:31.6
   44    528 -4.779765720712315e-02 2.7e+00 1.40e-01  1e-01  2e-01 63:57.9
   45    540 -4.722966280545227e-02 2.7e+00 1.35e-01  1e-01  2e-01 65:24.2
   46    552 -4.711113018482164e-02 2.7e+00 1.32e-01  1e-01  2e-01 66:50.9
   47    564 -4.835898113996245e-02 2.8e+00 1.28e-01  1e-01  1e-01 68:17.2
   48    576 -4.725372484680795e-02 2.8e+00 1.28e-01  1e-01  1e-01 69:43.4
   49    588 -4.588860703193257e-02 2.8e+00 1.24e-01  1e-01  1e-01 71:09.5
   50    600 -4.517252492152441e-02 2.9e+00 1.22e-01  1e-01  1e-01 72:35.5
   51    612 -4.680481625545134e-02 2.9e+00 1.20e-01  1e-01  1e-01 74:02.1
   52    624 -4.721608524470803e-02 2.9e+00 1.21e-01  1e-01  1e-01 75:28.2
   53    636 -4.556423219755067e-02 2.9e+00 1.22e-01  1e-01  1e-01 76:54.4
   54    648 -4.775944977254482e-02 3.0e+00 1.22e-01  1e-01  1e-01 78:20.8
   55    660 -4.760300739411989e-02 3.0e+00 1.24e-01  1e-01  1e-01 79:47.1
   56    672 -4.682044054487047e-02 3.1e+00 1.27e-01  1e-01  2e-01 81:13.3
   57    684 -4.790384892098452e-02 3.1e+00 1.30e-01  1e-01  2e-01 82:39.6
   58    696 -4.710398708857243e-02 3.2e+00 1.23e-01  1e-01  1e-01 84:05.6
   59    708 -4.803287131727803e-02 3.3e+00 1.20e-01  1e-01  1e-01 85:31.6
   60    720 -4.815777513875651e-02 3.3e+00 1.22e-01  1e-01  1e-01 86:57.8
   61    732 -4.791614397522372e-02 3.4e+00 1.21e-01  1e-01  1e-01 88:24.0
   62    744 -4.700658608247574e-02 3.5e+00 1.14e-01  1e-01  1e-01 89:50.4
   63    756 -4.812877967994351e-02 3.6e+00 1.09e-01  1e-01  1e-01 91:16.4
   64    768 -4.795336500694880e-02 3.7e+00 1.10e-01  1e-01  1e-01 92:42.3
   65    780 -4.778043376008542e-02 3.7e+00 1.11e-01  1e-01  1e-01 94:08.9
   66    792 -4.761351484159088e-02 3.8e+00 1.14e-01  1e-01  1e-01 95:35.1
   67    804 -4.738406264841770e-02 4.0e+00 1.16e-01  1e-01  1e-01 97:01.5
   68    816 -4.719221914375881e-02 4.0e+00 1.14e-01  1e-01  1e-01 98:27.5
   69    828 -4.822734724329653e-02 4.1e+00 1.13e-01  1e-01  1e-01 99:53.4
   70    840 -4.681736325738439e-02 4.1e+00 1.12e-01  1e-01  1e-01 101:19.7
   71    852 -4.763848078301821e-02 4.2e+00 1.11e-01  1e-01  1e-01 102:46.3
   72    864 -4.781776383160293e-02 4.2e+00 1.09e-01  1e-01  1e-01 104:12.3
   73    876 -4.779689667442986e-02 4.2e+00 1.04e-01  9e-02  1e-01 105:38.4
   74    888 -4.737325118588257e-02 4.2e+00 9.62e-02  9e-02  1e-01 107:04.5
   75    900 -4.758537313073556e-02 4.2e+00 9.28e-02  8e-02  1e-01 108:31.0
   76    912 -4.800946381223491e-02 4.2e+00 8.98e-02  8e-02  1e-01 109:57.4
   77    924 -4.838521448500129e-02 4.3e+00 8.88e-02  8e-02  1e-01 111:23.4
   78    936 -4.838737603198393e-02 4.4e+00 8.65e-02  7e-02  1e-01 112:49.5
   79    948 -4.809299786326440e-02 4.4e+00 8.31e-02  7e-02  1e-01 114:15.9
   80    960 -4.774991784005691e-02 4.5e+00 7.95e-02  7e-02  1e-01 115:42.3
   81    972 -4.838172524180014e-02 4.6e+00 7.91e-02  7e-02  1e-01 117:08.6
   82    984 -4.831158171841285e-02 4.6e+00 8.00e-02  7e-02  1e-01 118:34.8
   83    996 -4.825220326735033e-02 4.7e+00 8.16e-02  7e-02  1e-01 120:00.8
   84   1008 -4.827424302573246e-02 4.7e+00 8.20e-02  7e-02  1e-01 121:26.9
   85   1020 -4.816745976438597e-02 4.7e+00 8.25e-02  7e-02  1e-01 122:53.4
   86   1032 -4.862424639574107e-02 4.8e+00 8.09e-02  7e-02  1e-01 124:19.4
   87   1044 -4.831048986126978e-02 4.8e+00 8.00e-02  7e-02  1e-01 125:45.7
   89   1068 -4.853936429123445e-02 4.8e+00 7.71e-02  7e-02  1e-01 128:38.6
   91   1092 -4.787223963286293e-02 4.8e+00 8.24e-02  7e-02  1e-01 131:31.2
   93   1116 -4.839672018814956e-02 4.9e+00 7.67e-02  7e-02  1e-01 134:24.0
   95   1140 -4.875060355724949e-02 4.9e+00 7.42e-02  6e-02  9e-02 137:16.5
   97   1164 -4.864384777763137e-02 5.0e+00 7.94e-02  7e-02  1e-01 140:08.7
   99   1188 -4.905207584967226e-02 5.0e+00 8.39e-02  7e-02  1e-01 143:01.5
  100   1200 -4.930490695764040e-02 5.0e+00 8.55e-02  7e-02  1e-01 144:27.6
  102   1224 -4.832175131276527e-02 5.2e+00 8.80e-02  7e-02  1e-01 147:19.8
  104   1248 -4.862663254387004e-02 5.3e+00 8.42e-02  7e-02  1e-01 150:13.2
  106   1272 -4.922628437503764e-02 5.4e+00 8.10e-02  7e-02  1e-01 153:05.3
  108   1296 -4.940134136002139e-02 5.4e+00 7.85e-02  7e-02  1e-01 155:57.4
  110   1320 -4.903350325300443e-02 5.6e+00 7.89e-02  7e-02  1e-01 158:50.5
  112   1344 -4.963281977638186e-02 5.8e+00 7.90e-02  7e-02  1e-01 161:43.0
  114   1368 -4.997715204872182e-02 6.0e+00 8.26e-02  7e-02  1e-01 164:35.7
  116   1392 -4.958505977535691e-02 6.4e+00 8.57e-02  7e-02  1e-01 167:28.2
  118   1416 -4.986145267958696e-02 6.8e+00 8.58e-02  7e-02  1e-01 170:20.8
  120   1440 -4.999289024859122e-02 6.9e+00 8.49e-02  7e-02  1e-01 173:13.3
  122   1464 -5.002070552656563e-02 7.0e+00 8.16e-02  7e-02  1e-01 176:06.1
  124   1488 -5.033530880964285e-02 7.1e+00 8.40e-02  7e-02  1e-01 178:59.1
  126   1512 -5.040182653072960e-02 7.3e+00 8.66e-02  7e-02  1e-01 181:51.9
  128   1536 -5.045097627695156e-02 7.4e+00 8.28e-02  7e-02  1e-01 184:44.5
  130   1560 -5.093570806168671e-02 7.5e+00 8.08e-02  7e-02  1e-01 187:37.2
  132   1584 -5.061600729380648e-02 7.9e+00 7.56e-02  6e-02  1e-01 190:29.8
  134   1608 -5.066807009256957e-02 8.1e+00 7.23e-02  6e-02  1e-01 193:23.0
  136   1632 -5.070661095373415e-02 8.2e+00 6.82e-02  5e-02  9e-02 196:15.5
  138   1656 -5.099213160707330e-02 8.4e+00 6.89e-02  5e-02  9e-02 199:08.2
  140   1680 -5.061717134968158e-02 8.6e+00 6.75e-02  5e-02  9e-02 202:01.2
  142   1704 -5.054462099026602e-02 8.9e+00 6.93e-02  5e-02  9e-02 204:53.8
  144   1728 -5.088469630390634e-02 9.0e+00 6.51e-02  5e-02  9e-02 207:46.9
  146   1752 -5.095468813752446e-02 9.3e+00 6.46e-02  5e-02  9e-02 210:39.3
  148   1776 -5.090509831924465e-02 9.5e+00 6.18e-02  5e-02  8e-02 213:31.7
  150   1800 -5.094999978831617e-02 9.5e+00 5.87e-02  4e-02  8e-02 216:24.5
  152   1824 -5.105073682377451e-02 9.8e+00 5.95e-02  4e-02  8e-02 219:16.9
  154   1848 -5.095293229304322e-02 1.0e+01 6.29e-02  5e-02  8e-02 222:09.9
  156   1872 -5.089741487986616e-02 1.1e+01 6.08e-02  4e-02  8e-02 225:02.3
  158   1896 -5.106168297182438e-02 1.1e+01 5.82e-02  4e-02  8e-02 227:54.6
  160   1920 -5.095739765803349e-02 1.1e+01 5.36e-02  4e-02  7e-02 230:47.1
  162   1944 -5.098605835713627e-02 1.1e+01 5.06e-02  4e-02  7e-02 233:39.3
  164   1968 -5.103432937825850e-02 1.1e+01 4.91e-02  4e-02  7e-02 236:32.2
  166   1992 -5.128386074089220e-02 1.1e+01 4.70e-02  3e-02  6e-02 239:24.5
  168   2016 -5.132997221589254e-02 1.1e+01 4.41e-02  3e-02  6e-02 242:16.6
  170   2040 -5.136669344346409e-02 1.1e+01 4.45e-02  3e-02  6e-02 245:09.3
  172   2064 -5.138111516811830e-02 1.2e+01 4.70e-02  3e-02  6e-02 248:01.4
  174   2088 -5.147388087448368e-02 1.2e+01 4.60e-02  3e-02  7e-02 250:53.9
  176   2112 -5.143654326742736e-02 1.2e+01 4.58e-02  3e-02  7e-02 253:46.4
  178   2136 -5.144711724549596e-02 1.3e+01 4.64e-02  3e-02  7e-02 256:38.9
  180   2160 -5.147231841045794e-02 1.3e+01 4.52e-02  3e-02  7e-02 259:31.8
  182   2184 -5.152342736061460e-02 1.3e+01 4.33e-02  3e-02  7e-02 262:24.5
  184   2208 -5.151403927596212e-02 1.3e+01 4.07e-02  3e-02  6e-02 265:18.0
  186   2232 -5.153724023266205e-02 1.3e+01 3.56e-02  3e-02  5e-02 268:10.4
  188   2256 -5.162664322950006e-02 1.4e+01 3.26e-02  2e-02  5e-02 271:02.8
  190   2280 -5.161629979330098e-02 1.4e+01 3.00e-02  2e-02  5e-02 273:55.8
  192   2304 -5.164221865123027e-02 1.4e+01 2.92e-02  2e-02  5e-02 276:47.7
  194   2328 -5.170303422878127e-02 1.5e+01 2.97e-02  2e-02  5e-02 279:39.9
  196   2352 -5.171740626201279e-02 1.5e+01 3.15e-02  2e-02  5e-02 282:32.2
  198   2376 -5.183405597290146e-02 1.6e+01 3.27e-02  2e-02  6e-02 285:24.7
  200   2400 -5.190852209643137e-02 1.7e+01 3.74e-02  3e-02  7e-02 288:16.8
  202   2424 -5.193639216156114e-02 1.8e+01 4.29e-02  3e-02  8e-02 291:08.8
  204   2448 -5.206522848740157e-02 1.9e+01 4.62e-02  3e-02  8e-02 294:01.5
  206   2472 -5.214718856938623e-02 2.0e+01 5.32e-02  4e-02  1e-01 296:53.8
  208   2496 -5.229013636560546e-02 2.1e+01 6.29e-02  4e-02  1e-01 299:46.3
  210   2520 -5.238222832482667e-02 2.2e+01 7.51e-02  5e-02  1e-01 302:39.1
  212   2544 -5.243108049465300e-02 2.2e+01 8.48e-02  6e-02  2e-01 305:31.2
  214   2568 -5.286835686101152e-02 2.3e+01 9.33e-02  6e-02  2e-01 308:23.5
  216   2592 -5.269911234889208e-02 2.5e+01 1.01e-01  7e-02  2e-01 311:15.8
  218   2616 -5.318462176472819e-02 2.6e+01 1.05e-01  7e-02  2e-01 314:08.4
  220   2640 -5.315067940572094e-02 2.6e+01 1.04e-01  7e-02  2e-01 317:00.8
  222   2664 -5.299694663132504e-02 2.7e+01 1.07e-01  7e-02  2e-01 319:52.7
  224   2688 -5.335904433841519e-02 2.7e+01 1.04e-01  7e-02  2e-01 322:45.6
  226   2712 -5.294527522480045e-02 2.8e+01 1.02e-01  6e-02  2e-01 325:37.7
  228   2736 -5.346784913542257e-02 2.8e+01 9.90e-02  6e-02  2e-01 328:30.2
  230   2760 -5.343494636735248e-02 2.9e+01 8.98e-02  6e-02  2e-01 331:23.1
  232   2784 -5.326319634147006e-02 2.9e+01 8.62e-02  5e-02  2e-01 334:15.5
  234   2808 -5.357676703746643e-02 2.9e+01 8.73e-02  5e-02  2e-01 337:08.2
  236   2832 -5.372107346139443e-02 3.0e+01 8.54e-02  5e-02  2e-01 340:00.1
  238   2856 -5.394085851216436e-02 3.0e+01 8.24e-02  5e-02  2e-01 342:52.7
  240   2880 -5.352071478614345e-02 3.1e+01 8.41e-02  5e-02  2e-01 345:45.2
  242   2904 -5.362221067538684e-02 3.1e+01 8.63e-02  5e-02  2e-01 348:37.6
  244   2928 -5.389995725338619e-02 3.1e+01 8.09e-02  5e-02  2e-01 351:30.1
  246   2952 -5.411606419958184e-02 3.2e+01 7.46e-02  4e-02  2e-01 354:22.1
  248   2976 -5.428902882469679e-02 3.3e+01 7.21e-02  4e-02  2e-01 357:14.5
  250   3000 -5.439159491926216e-02 3.4e+01 7.32e-02  4e-02  2e-01 360:06.9
  252   3024 -5.439539132116321e-02 3.5e+01 7.29e-02  4e-02  2e-01 362:58.8
  254   3048 -5.438965639759311e-02 3.7e+01 7.10e-02  4e-02  2e-01 365:51.2
  256   3072 -5.449351058619515e-02 3.7e+01 7.39e-02  4e-02  2e-01 368:43.2
  258   3096 -5.426240374825043e-02 3.7e+01 7.11e-02  4e-02  2e-01 371:35.9
  261   3132 -5.445150012052388e-02 3.7e+01 6.56e-02  4e-02  2e-01 375:54.4
  264   3168 -5.452423407173562e-02 3.7e+01 6.45e-02  3e-02  1e-01 380:13.5
  267   3204 -5.465431586366537e-02 3.8e+01 6.28e-02  3e-02  1e-01 384:32.1
  270   3240 -5.469502862923114e-02 4.0e+01 5.87e-02  3e-02  1e-01 388:51.8
  273   3276 -5.484095423478175e-02 4.2e+01 5.84e-02  3e-02  1e-01 393:10.7
  276   3312 -5.484082519567272e-02 4.3e+01 5.42e-02  3e-02  1e-01 397:30.1
  279   3348 -5.485159262720821e-02 4.7e+01 5.70e-02  3e-02  1e-01 401:49.2
  282   3384 -5.497448679946395e-02 4.8e+01 5.31e-02  3e-02  1e-01 406:08.1
  285   3420 -5.514237157479874e-02 4.9e+01 4.83e-02  2e-02  1e-01 410:27.2
  288   3456 -5.508031123481712e-02 5.0e+01 4.84e-02  2e-02  1e-01 414:46.3
  291   3492 -5.515195610252616e-02 5.3e+01 5.12e-02  2e-02  1e-01 419:05.1
  294   3528 -5.514739910824365e-02 5.4e+01 5.55e-02  3e-02  2e-01 423:24.2
  297   3564 -5.531294128249568e-02 5.5e+01 5.28e-02  3e-02  2e-01 427:42.1
  300   3600 -5.530032778478056e-02 5.7e+01 5.10e-02  2e-02  1e-01 432:00.5
  303   3636 -5.540351876976924e-02 5.9e+01 5.22e-02  3e-02  2e-01 436:18.6
  306   3672 -5.535477902754120e-02 6.1e+01 5.32e-02  3e-02  2e-01 440:36.9
  309   3708 -5.536454347214106e-02 6.0e+01 4.99e-02  2e-02  1e-01 444:55.6
  312   3744 -5.542927058738992e-02 6.1e+01 4.63e-02  2e-02  1e-01 449:13.7
  315   3780 -5.545649583929832e-02 6.2e+01 4.63e-02  2e-02  1e-01 453:32.9
  318   3816 -5.543720290819817e-02 6.3e+01 4.99e-02  2e-02  1e-01 457:51.2
  321   3852 -5.557170757142968e-02 6.5e+01 4.52e-02  2e-02  1e-01 462:10.3
  324   3888 -5.557064336074795e-02 6.6e+01 4.09e-02  2e-02  1e-01 466:28.7
  327   3924 -5.554942940451100e-02 6.7e+01 4.23e-02  2e-02  1e-01 470:47.1
  330   3960 -5.564246040758419e-02 6.8e+01 4.31e-02  2e-02  1e-01 475:06.0
  333   3996 -5.564521115873782e-02 7.2e+01 4.46e-02  2e-02  1e-01 479:24.1
  336   4032 -5.567703149350284e-02 7.3e+01 4.88e-02  2e-02  1e-01 483:42.2
  339   4068 -5.573633002000509e-02 7.5e+01 4.91e-02  2e-02  1e-01 488:00.5
  342   4104 -5.576112213343185e-02 7.9e+01 5.15e-02  2e-02  2e-01 492:18.2
  345   4140 -5.578935167163384e-02 8.2e+01 5.48e-02  2e-02  2e-01 496:36.6
  348   4176 -5.583297475715740e-02 8.2e+01 5.33e-02  2e-02  2e-01 500:54.8
  351   4212 -5.593394956475449e-02 8.5e+01 5.39e-02  2e-02  2e-01 505:13.1
  354   4248 -5.592104808968265e-02 9.2e+01 5.87e-02  2e-02  2e-01 509:31.3
  357   4284 -5.597231809463191e-02 9.3e+01 5.68e-02  2e-02  2e-01 513:49.0
  360   4320 -5.599104684848809e-02 9.5e+01 5.40e-02  2e-02  2e-01 518:08.4
  363   4356 -5.604020667494797e-02 9.9e+01 5.06e-02  2e-02  2e-01 522:26.7
  366   4392 -5.609719743129349e-02 1.0e+02 4.87e-02  2e-02  2e-01 526:45.9
  369   4428 -5.606789210919898e-02 1.0e+02 5.04e-02  2e-02  2e-01 531:04.8
  372   4464 -5.609724722176727e-02 1.1e+02 4.84e-02  2e-02  2e-01 535:23.3
  375   4500 -5.620634163161863e-02 1.1e+02 5.39e-02  2e-02  2e-01 539:42.0
  378   4536 -5.616015929547079e-02 1.1e+02 5.67e-02  2e-02  2e-01 544:00.9
  381   4572 -5.622726232229449e-02 1.1e+02 5.55e-02  2e-02  2e-01 548:19.3
  384   4608 -5.622410726988638e-02 1.1e+02 5.41e-02  2e-02  2e-01 552:37.8
  387   4644 -5.622257807363947e-02 1.2e+02 5.06e-02  2e-02  2e-01 556:55.7
  390   4680 -5.628437654040911e-02 1.1e+02 4.61e-02  2e-02  2e-01 561:14.3
  393   4716 -5.631395634373049e-02 1.2e+02 4.68e-02  2e-02  2e-01 565:33.0
  396   4752 -5.629989751772500e-02 1.2e+02 4.28e-02  1e-02  2e-01 569:51.1
  399   4788 -5.633362769192548e-02 1.2e+02 3.92e-02  1e-02  2e-01 574:09.8
  400   4800 -5.636707345952141e-02 1.2e+02 3.87e-02  1e-02  2e-01 575:35.7
  403   4836 -5.636253462641547e-02 1.2e+02 3.68e-02  1e-02  1e-01 579:54.2
  406   4872 -5.637338724585426e-02 1.2e+02 3.88e-02  1e-02  2e-01 584:13.3
  409   4908 -5.639705564798561e-02 1.3e+02 3.97e-02  1e-02  2e-01 588:32.3
  412   4944 -5.640863293311919e-02 1.4e+02 4.03e-02  1e-02  2e-01 592:51.3
  415   4980 -5.642666498873213e-02 1.4e+02 3.66e-02  1e-02  2e-01 597:10.1
  418   5016 -5.646443375001161e-02 1.5e+02 3.69e-02  1e-02  2e-01 601:28.8
  421   5052 -5.645349779249231e-02 1.5e+02 3.45e-02  1e-02  2e-01 605:47.1
  424   5088 -5.650966047090676e-02 1.5e+02 3.59e-02  1e-02  2e-01 610:05.8
  427   5124 -5.649621564604685e-02 1.6e+02 3.80e-02  1e-02  2e-01 614:24.1
  430   5160 -5.651155611526857e-02 1.6e+02 3.62e-02  1e-02  2e-01 618:42.9
  433   5196 -5.652487155927675e-02 1.7e+02 3.59e-02  1e-02  2e-01 623:01.6
  436   5232 -5.653170599512320e-02 1.7e+02 3.85e-02  1e-02  2e-01 627:20.0
  439   5268 -5.653723392411465e-02 1.8e+02 3.68e-02  1e-02  2e-01 631:39.4
  442   5304 -5.655596631876109e-02 1.8e+02 3.58e-02  9e-03  2e-01 635:57.8
  445   5340 -5.653827596884609e-02 1.8e+02 3.39e-02  9e-03  2e-01 640:16.2
  448   5376 -5.656678834657196e-02 1.8e+02 3.58e-02  9e-03  2e-01 644:34.5
  451   5412 -5.657640961657919e-02 1.8e+02 3.73e-02  9e-03  2e-01 648:53.2
  454   5448 -5.658491611548047e-02 1.8e+02 3.67e-02  9e-03  2e-01 653:12.2
  457   5484 -5.658329609130242e-02 1.9e+02 3.88e-02  1e-02  2e-01 657:31.5
  460   5520 -5.656673756893251e-02 1.9e+02 4.27e-02  1e-02  2e-01 661:50.0
  463   5556 -5.660315098741664e-02 1.9e+02 4.63e-02  1e-02  2e-01 666:08.3
  466   5592 -5.661282576484829e-02 2.0e+02 5.12e-02  1e-02  3e-01 670:27.3
  469   5628 -5.660790950386329e-02 2.0e+02 5.12e-02  1e-02  3e-01 674:46.0
  472   5664 -5.660542422189532e-02 2.0e+02 5.05e-02  1e-02  3e-01 679:04.3
  475   5700 -5.662905023463886e-02 2.0e+02 5.32e-02  1e-02  3e-01 683:23.0
  478   5736 -5.663429850778375e-02 2.0e+02 5.18e-02  1e-02  3e-01 687:41.8
  481   5772 -5.665851010244614e-02 2.1e+02 4.77e-02  1e-02  2e-01 692:00.2
  484   5808 -5.665247781852125e-02 2.1e+02 4.10e-02  9e-03  2e-01 696:18.6
  487   5844 -5.667032935142345e-02 2.2e+02 3.91e-02  8e-03  2e-01 700:37.3
  490   5880 -5.668610206165203e-02 2.2e+02 3.89e-02  8e-03  2e-01 704:55.6
  493   5916 -5.669324457209806e-02 2.2e+02 3.68e-02  7e-03  2e-01 709:13.8
  496   5952 -5.671172441827044e-02 2.2e+02 3.33e-02  7e-03  2e-01 713:32.1
  499   5988 -5.671056756579619e-02 2.2e+02 3.35e-02  6e-03  2e-01 717:50.6
  500   6000 -5.671202040997768e-02 2.2e+02 3.42e-02  6e-03  2e-01 719:16.8
  503   6036 -5.673479984375756e-02 2.3e+02 3.61e-02  7e-03  2e-01 723:35.7
  506   6072 -5.675496075393253e-02 2.4e+02 4.17e-02  8e-03  2e-01 727:54.6
  509   6108 -5.674023793993282e-02 2.5e+02 4.95e-02  9e-03  3e-01 732:13.3
  512   6144 -5.676121707015480e-02 2.6e+02 4.52e-02  8e-03  2e-01 736:31.7
  516   6192 -5.677842624504381e-02 2.6e+02 4.26e-02  8e-03  2e-01 742:16.6
  520   6240 -5.676514682416920e-02 2.7e+02 3.82e-02  7e-03  2e-01 748:01.2
  524   6288 -5.680235534408179e-02 2.7e+02 3.26e-02  6e-03  2e-01 753:45.7
  528   6336 -5.682926772998212e-02 2.7e+02 3.20e-02  6e-03  2e-01 759:29.8
  532   6384 -5.684264304373152e-02 2.8e+02 3.78e-02  7e-03  2e-01 765:14.6
  536   6432 -5.687221601427168e-02 2.8e+02 4.20e-02  7e-03  2e-01 770:59.2
  540   6480 -5.690454552934009e-02 2.9e+02 4.26e-02  7e-03  2e-01 776:43.9
  544   6528 -5.692045126401820e-02 3.0e+02 4.71e-02  8e-03  2e-01 782:28.7
  548   6576 -5.700491941459016e-02 3.2e+02 6.24e-02  1e-02  3e-01 788:13.3
  552   6624 -5.698754812688010e-02 3.4e+02 7.11e-02  1e-02  4e-01 793:57.5
  556   6672 -5.696969250195431e-02 3.4e+02 7.19e-02  1e-02  4e-01 799:41.0
  560   6720 -5.704271675960950e-02 3.4e+02 6.90e-02  1e-02  4e-01 805:25.2
  564   6768 -5.704054236058102e-02 3.5e+02 6.67e-02  1e-02  4e-01 811:08.8
  568   6816 -5.712310388703388e-02 3.5e+02 5.75e-02  9e-03  3e-01 816:52.9
  572   6864 -5.718871748392211e-02 3.7e+02 6.01e-02  9e-03  3e-01 822:36.9
  576   6912 -5.723617718848149e-02 3.7e+02 6.53e-02  9e-03  4e-01 828:20.7
  580   6960 -5.737913923587815e-02 3.8e+02 7.52e-02  1e-02  5e-01 834:05.0
  584   7008 -5.743129122356991e-02 3.9e+02 8.60e-02  1e-02  5e-01 839:49.9
  588   7056 -5.751104301132934e-02 4.0e+02 9.21e-02  1e-02  6e-01 845:34.9
  592   7104 -5.754798625550094e-02 3.9e+02 9.91e-02  1e-02  6e-01 851:19.8
  596   7152 -5.753291229020890e-02 4.0e+02 9.09e-02  1e-02  6e-01 857:04.2
  600   7200 -5.756787531257505e-02 4.2e+02 8.01e-02  1e-02  5e-01 862:48.7
  604   7248 -5.760158493557052e-02 4.1e+02 6.50e-02  8e-03  4e-01 868:33.1
  608   7296 -5.761665209358133e-02 4.1e+02 6.15e-02  7e-03  4e-01 874:17.5
  612   7344 -5.761400116699041e-02 4.1e+02 6.33e-02  7e-03  4e-01 880:01.9
  616   7392 -5.762897334137948e-02 4.0e+02 6.40e-02  7e-03  4e-01 885:46.2
  620   7440 -5.762863361116357e-02 4.0e+02 5.71e-02  6e-03  3e-01 891:30.9
  624   7488 -5.763663091143265e-02 3.9e+02 5.59e-02  6e-03  3e-01 897:15.2
  628   7536 -5.764777185091280e-02 3.8e+02 4.40e-02  5e-03  2e-01 902:59.8
  632   7584 -5.766342327165599e-02 3.8e+02 4.07e-02  4e-03  2e-01 908:45.0
  636   7632 -5.766241456882756e-02 3.7e+02 3.60e-02  4e-03  2e-01 914:29.8
  640   7680 -5.767641830472205e-02 3.6e+02 3.43e-02  3e-03  2e-01 920:15.9
  644   7728 -5.767500810089174e-02 3.6e+02 3.47e-02  3e-03  2e-01 926:01.0
  648   7776 -5.767763830726263e-02 3.6e+02 3.40e-02  3e-03  2e-01 931:46.6
  652   7824 -5.768416379056694e-02 3.6e+02 3.47e-02  3e-03  2e-01 937:31.9
  656   7872 -5.769042662923480e-02 3.6e+02 3.76e-02  3e-03  2e-01 943:16.5
  660   7920 -5.768914909236453e-02 3.6e+02 3.59e-02  3e-03  2e-01 949:01.7
