Running job array 96 on pe25.int.triton.aalto.fi
Starting at Fri Mar 21 16:13:36 EET 2025
Activating virtual environment at /scratch/work/uotilav2/quantum-portfolio/venv
Processing batch 97/100: experiments 96 to 96 (total 1)
Processing experiment 96
Budget: 4637
YF.download() has changed argument auto_adjust default to True
Number of qubits for asset CVX: 6
Number of qubits for asset MCD: 5
Number of qubits for asset V: 4
Total number of qubits:  15
Optimized Weights (considering variance, skewness and kurtosis):
CVX: 0.00%
MCD: 0.00%
V: 100.00%
Left over budget:  76.62114321122863
Optimized Discrete Allocation:
CVX: 1
V: 14
Maximized utility from continuous higher moments:  -1930.1872794526555
Budget constraint not satisfied 4649.0634765625 4637 Difference:  -12.0634765625
smallest_eigenvalues: [-0.07039312952247002]
smallest_bitstrings: ['010000010000011']
first_excited_energy: None
optimized_portfolio: [{'CVX': 2, 'MCD': 2, 'V': 12}]
second_optimized_portfolio: None
result_with_budget: [{'portfolio': {'CVX': 2, 'MCD': 2, 'V': 12}, 'budget': 4649.0634765625, 'difference': -12.0634765625, 'objective_value': -2522.953087714128}]
result_with_budget_excited: None
Initial params:  [2.51063067 1.44978017 2.45210473 0.37157007 2.01037118 0.45035763
 2.96776493 1.63943485 1.3026989  0.83112597 2.43232687 1.43303853
 1.78578792 0.0590299  1.94035914 1.92295543 1.93815531 2.96487203
 2.14200164 1.12942738]
(6_w,12)-aCMA-ES (mu_w=3.7,w_1=40%) in dimension 20 (seed=647434, Fri Mar 21 18:58:31 2025)
Iterat #Fevals   function value  axis ratio  sigma  min&max std  t[m:s]
    1     12 -2.013855304832625e-02 1.0e+00 9.28e-02  9e-02  9e-02 3:59.0
    2     24 -4.445431289999201e-02 1.1e+00 9.21e-02  9e-02  9e-02 7:59.8
    3     36 -4.732725870647643e-02 1.2e+00 9.19e-02  9e-02  9e-02 11:59.6
    4     48 -4.886549016721132e-02 1.2e+00 9.19e-02  9e-02  9e-02 15:59.6
    5     60 -4.805764098490523e-02 1.3e+00 9.25e-02  9e-02  9e-02 19:59.3
    6     72 -5.141035505264091e-02 1.3e+00 9.84e-02  9e-02  1e-01 23:59.4
    7     84 -5.071249988135092e-02 1.4e+00 1.02e-01  1e-01  1e-01 28:00.0
    8     96 -5.074498732758287e-02 1.4e+00 1.02e-01  1e-01  1e-01 32:00.2
    9    108 -4.976330024134641e-02 1.5e+00 1.02e-01  1e-01  1e-01 36:00.1
   10    120 -5.067055665888153e-02 1.5e+00 1.05e-01  1e-01  1e-01 40:00.2
   11    132 -5.194836701894401e-02 1.5e+00 1.06e-01  1e-01  1e-01 44:00.7
   12    144 -5.101922364911215e-02 1.6e+00 1.11e-01  1e-01  1e-01 48:01.3
   13    156 -5.156767950257288e-02 1.7e+00 1.10e-01  1e-01  1e-01 52:01.7
   14    168 -5.198007431267421e-02 1.7e+00 1.13e-01  1e-01  1e-01 56:01.6
   15    180 -5.273920400398897e-02 1.7e+00 1.16e-01  1e-01  1e-01 60:01.4
   16    192 -5.266135146369894e-02 1.7e+00 1.16e-01  1e-01  1e-01 64:02.0
   17    204 -5.243351011627277e-02 1.8e+00 1.17e-01  1e-01  1e-01 68:03.0
   18    216 -5.244151561889011e-02 1.8e+00 1.25e-01  1e-01  1e-01 72:02.9
   19    228 -5.389475754890626e-02 1.9e+00 1.34e-01  1e-01  2e-01 76:02.7
   20    240 -5.168826943401959e-02 1.9e+00 1.41e-01  1e-01  2e-01 80:02.3
   21    252 -5.238930180284004e-02 2.0e+00 1.45e-01  1e-01  2e-01 84:01.9
   22    264 -5.262201957165957e-02 2.0e+00 1.45e-01  1e-01  2e-01 88:02.2
   23    276 -5.407718351132743e-02 2.1e+00 1.44e-01  1e-01  2e-01 92:01.9
   24    288 -5.248112747297369e-02 2.1e+00 1.41e-01  1e-01  2e-01 96:01.3
   25    300 -5.260752336811936e-02 2.1e+00 1.36e-01  1e-01  2e-01 100:00.9
   26    312 -5.184994188810915e-02 2.1e+00 1.30e-01  1e-01  1e-01 104:00.7
   27    324 -5.220815063177657e-02 2.2e+00 1.31e-01  1e-01  1e-01 108:01.4
   28    336 -5.016918927698883e-02 2.2e+00 1.32e-01  1e-01  1e-01 112:01.1
   29    348 -5.333950146476582e-02 2.2e+00 1.32e-01  1e-01  1e-01 116:00.6
   30    360 -5.287326228664546e-02 2.2e+00 1.34e-01  1e-01  2e-01 120:00.2
   31    372 -5.326705932147963e-02 2.3e+00 1.35e-01  1e-01  2e-01 124:00.0
   32    384 -5.225613650440956e-02 2.4e+00 1.35e-01  1e-01  2e-01 127:59.7
   33    396 -5.084505724294425e-02 2.4e+00 1.39e-01  1e-01  2e-01 131:58.3
   34    408 -5.135448203622954e-02 2.4e+00 1.40e-01  1e-01  2e-01 135:57.5
   35    420 -5.057884075665230e-02 2.5e+00 1.41e-01  1e-01  2e-01 139:56.2
   36    432 -5.099805458720675e-02 2.5e+00 1.38e-01  1e-01  2e-01 143:54.4
   37    444 -5.228915587603076e-02 2.5e+00 1.37e-01  1e-01  2e-01 147:52.2
   38    456 -5.227230095705753e-02 2.5e+00 1.38e-01  1e-01  2e-01 151:50.2
   39    468 -5.291494086045544e-02 2.6e+00 1.39e-01  1e-01  2e-01 155:47.5
   40    480 -5.406573248995067e-02 2.5e+00 1.36e-01  1e-01  2e-01 159:45.1
   41    492 -5.366136141661507e-02 2.6e+00 1.29e-01  1e-01  1e-01 163:42.9
   42    504 -5.358807049953655e-02 2.6e+00 1.25e-01  1e-01  1e-01 167:40.4
   43    516 -5.212852872832594e-02 2.7e+00 1.24e-01  1e-01  1e-01 171:38.6
   44    528 -5.266842696945507e-02 2.7e+00 1.21e-01  1e-01  1e-01 175:37.2
   45    540 -5.392980129479900e-02 2.7e+00 1.17e-01  1e-01  1e-01 179:35.2
   46    552 -5.304426471638522e-02 2.8e+00 1.16e-01  1e-01  1e-01 183:33.3
   47    564 -5.358030446451068e-02 2.7e+00 1.11e-01  1e-01  1e-01 187:30.7
   48    576 -5.286824722352543e-02 2.8e+00 1.05e-01  9e-02  1e-01 191:28.2
   49    588 -5.499290651344221e-02 2.8e+00 1.01e-01  9e-02  1e-01 195:25.9
   50    600 -5.420387714484805e-02 2.8e+00 9.36e-02  8e-02  1e-01 199:23.8
   51    612 -5.397621239896665e-02 2.8e+00 8.59e-02  7e-02  9e-02 203:21.3
   52    624 -5.503891056437618e-02 2.9e+00 8.17e-02  7e-02  9e-02 207:19.4
   53    636 -5.497976403872420e-02 2.9e+00 8.02e-02  7e-02  9e-02 211:17.2
   54    648 -5.476641393323876e-02 2.9e+00 8.01e-02  7e-02  9e-02 215:14.9
   55    660 -5.451363818672680e-02 2.9e+00 8.01e-02  7e-02  9e-02 219:14.5
   56    672 -5.538729238135264e-02 2.9e+00 8.17e-02  7e-02  9e-02 223:12.9
   57    684 -5.506072190701534e-02 3.0e+00 8.29e-02  7e-02  9e-02 227:10.8
   58    696 -5.489283421318388e-02 3.0e+00 8.35e-02  7e-02  9e-02 231:09.1
   59    708 -5.410872023558787e-02 3.1e+00 8.47e-02  7e-02  9e-02 235:07.3
   60    720 -5.508565734120534e-02 3.1e+00 8.46e-02  7e-02  9e-02 239:05.1
   61    732 -5.506001909631907e-02 3.1e+00 8.57e-02  7e-02  1e-01 243:02.9
   62    744 -5.424262447813342e-02 3.1e+00 8.52e-02  7e-02  1e-01 247:00.9
   63    756 -5.508080011496626e-02 3.3e+00 8.67e-02  7e-02  1e-01 250:58.3
   64    768 -5.443487823021940e-02 3.3e+00 8.03e-02  7e-02  9e-02 254:56.2
   65    780 -5.501298706661836e-02 3.3e+00 7.75e-02  7e-02  9e-02 258:54.1
   66    792 -5.499610055012269e-02 3.4e+00 7.43e-02  6e-02  8e-02 262:52.1
   67    804 -5.509267826255057e-02 3.3e+00 7.18e-02  6e-02  8e-02 266:49.4
   68    816 -5.483375738995385e-02 3.4e+00 7.03e-02  6e-02  8e-02 270:47.1
   69    828 -5.493078475681267e-02 3.4e+00 6.68e-02  6e-02  8e-02 274:44.6
   70    840 -5.515352679702866e-02 3.4e+00 6.28e-02  5e-02  7e-02 278:42.4
   71    852 -5.473767934419875e-02 3.4e+00 5.96e-02  5e-02  7e-02 282:40.2
   72    864 -5.535294738752768e-02 3.4e+00 5.65e-02  5e-02  6e-02 286:38.5
   73    876 -5.546058263203557e-02 3.4e+00 5.47e-02  5e-02  6e-02 290:37.4
   74    888 -5.533383418186771e-02 3.5e+00 5.59e-02  5e-02  6e-02 294:35.7
   75    900 -5.554642580428246e-02 3.5e+00 5.75e-02  5e-02  6e-02 298:34.5
   76    912 -5.540116203655193e-02 3.6e+00 5.88e-02  5e-02  7e-02 302:33.5
   77    924 -5.561106457101467e-02 3.5e+00 5.81e-02  5e-02  7e-02 306:32.4
   78    936 -5.599529430522356e-02 3.6e+00 5.91e-02  5e-02  7e-02 310:31.1
   79    948 -5.569590825472633e-02 3.6e+00 6.01e-02  5e-02  7e-02 314:30.8
   80    960 -5.593310160474237e-02 3.7e+00 6.15e-02  5e-02  7e-02 318:29.9
   81    972 -5.589368676958060e-02 3.7e+00 6.49e-02  5e-02  7e-02 322:28.7
   82    984 -5.588215612549507e-02 3.8e+00 6.52e-02  5e-02  7e-02 326:28.1
   83    996 -5.640168143298359e-02 3.8e+00 6.48e-02  5e-02  7e-02 330:26.7
   84   1008 -5.620333711778409e-02 3.8e+00 6.13e-02  5e-02  7e-02 334:26.1
   85   1020 -5.614947103021598e-02 3.8e+00 6.14e-02  5e-02  7e-02 338:26.2
   86   1032 -5.630081522649848e-02 3.9e+00 6.12e-02  5e-02  7e-02 342:25.2
   87   1044 -5.637110346690416e-02 3.9e+00 6.15e-02  5e-02  7e-02 346:24.1
   88   1056 -5.606830341569341e-02 3.9e+00 6.02e-02  5e-02  7e-02 350:24.1
   89   1068 -5.598208285880385e-02 4.0e+00 5.77e-02  5e-02  7e-02 354:23.9
   90   1080 -5.604753496226463e-02 4.1e+00 5.56e-02  4e-02  6e-02 358:22.9
   91   1092 -5.620543874419192e-02 4.1e+00 5.25e-02  4e-02  6e-02 362:21.9
   92   1104 -5.624053385993868e-02 4.1e+00 5.08e-02  4e-02  6e-02 366:21.9
   93   1116 -5.649814079406561e-02 4.1e+00 4.88e-02  4e-02  6e-02 370:20.5
   94   1128 -5.656993070186040e-02 4.1e+00 4.68e-02  4e-02  5e-02 374:18.0
   95   1140 -5.664164266429122e-02 4.2e+00 4.76e-02  4e-02  5e-02 378:15.2
   96   1152 -5.651032933478427e-02 4.2e+00 4.70e-02  4e-02  5e-02 382:11.6
   97   1164 -5.659041689534237e-02 4.2e+00 4.89e-02  4e-02  6e-02 386:08.2
   98   1176 -5.663509824296351e-02 4.3e+00 5.17e-02  4e-02  6e-02 390:05.0
   99   1188 -5.669335870682438e-02 4.4e+00 5.34e-02  4e-02  6e-02 394:01.0
  100   1200 -5.661856180953759e-02 4.5e+00 5.39e-02  4e-02  6e-02 397:56.9
  101   1212 -5.653244186609242e-02 4.5e+00 5.51e-02  4e-02  6e-02 401:53.3
  102   1224 -5.673402321056927e-02 4.6e+00 5.58e-02  4e-02  6e-02 405:49.8
  103   1236 -5.696539427417692e-02 4.7e+00 5.72e-02  4e-02  7e-02 409:46.1
  104   1248 -5.697283932804983e-02 4.7e+00 5.70e-02  4e-02  7e-02 413:42.8
  105   1260 -5.698656099992842e-02 4.8e+00 5.64e-02  4e-02  6e-02 417:39.8
  106   1272 -5.700027535831589e-02 4.9e+00 5.55e-02  4e-02  6e-02 421:37.1
  107   1284 -5.712525411770432e-02 5.1e+00 5.27e-02  4e-02  6e-02 425:34.7
  108   1296 -5.714146271088204e-02 5.1e+00 5.01e-02  4e-02  6e-02 429:33.1
  109   1308 -5.720371615934757e-02 5.2e+00 4.82e-02  4e-02  6e-02 433:31.6
  110   1320 -5.703358318090301e-02 5.3e+00 4.69e-02  4e-02  6e-02 437:29.1
  111   1332 -5.726700000162184e-02 5.4e+00 4.69e-02  4e-02  6e-02 441:26.7
  112   1344 -5.729570531731513e-02 5.5e+00 4.70e-02  4e-02  6e-02 445:26.2
  113   1356 -5.732996913727148e-02 5.5e+00 4.60e-02  3e-02  6e-02 449:25.4
  114   1368 -5.724272279354013e-02 5.5e+00 4.45e-02  3e-02  5e-02 453:25.0
  115   1380 -5.721707235711803e-02 5.6e+00 4.52e-02  3e-02  5e-02 457:23.9
  116   1392 -5.740482370333743e-02 5.6e+00 4.56e-02  3e-02  6e-02 461:23.3
  117   1404 -5.741856459356910e-02 5.8e+00 4.60e-02  3e-02  6e-02 465:23.3
  118   1416 -5.731695872156924e-02 5.9e+00 4.68e-02  3e-02  6e-02 469:23.1
  119   1428 -5.733846430806746e-02 6.1e+00 4.62e-02  3e-02  6e-02 473:22.8
  120   1440 -5.725802746220411e-02 6.2e+00 4.58e-02  3e-02  6e-02 477:22.2
  121   1452 -5.741587192232037e-02 6.3e+00 4.52e-02  3e-02  6e-02 481:21.6
  122   1464 -5.739341733102672e-02 6.3e+00 4.40e-02  3e-02  6e-02 485:21.7
  123   1476 -5.740643831505248e-02 6.4e+00 4.26e-02  3e-02  5e-02 489:22.3
  124   1488 -5.751279533464294e-02 6.4e+00 4.15e-02  3e-02  5e-02 493:21.9
  125   1500 -5.743845744031115e-02 6.5e+00 4.05e-02  3e-02  5e-02 497:21.6
  126   1512 -5.743396937030423e-02 6.5e+00 3.89e-02  3e-02  5e-02 501:21.0
  127   1524 -5.753502421238967e-02 6.7e+00 3.80e-02  3e-02  5e-02 505:20.3
  128   1536 -5.753693385349917e-02 6.7e+00 3.75e-02  3e-02  5e-02 509:20.6
  129   1548 -5.754135617278672e-02 6.7e+00 3.69e-02  3e-02  5e-02 513:20.3
  130   1560 -5.751258812877267e-02 6.9e+00 3.63e-02  3e-02  5e-02 517:20.4
  131   1572 -5.764871312547602e-02 6.9e+00 3.49e-02  3e-02  4e-02 521:19.8
  132   1584 -5.748861834477238e-02 6.9e+00 3.30e-02  2e-02  4e-02 525:17.8
  133   1596 -5.760682981942785e-02 7.0e+00 3.17e-02  2e-02  4e-02 529:16.9
  134   1608 -5.762636647599261e-02 7.1e+00 3.14e-02  2e-02  4e-02 533:14.5
  135   1620 -5.769684299412114e-02 7.3e+00 3.09e-02  2e-02  4e-02 537:11.7
  136   1632 -5.765467202399115e-02 7.3e+00 3.01e-02  2e-02  4e-02 541:09.5
  137   1644 -5.767357597784312e-02 7.5e+00 2.87e-02  2e-02  4e-02 545:06.6
  138   1656 -5.767323526917435e-02 7.5e+00 2.78e-02  2e-02  4e-02 549:03.5
  139   1668 -5.772212480416308e-02 7.6e+00 2.65e-02  2e-02  3e-02 552:59.9
  140   1680 -5.772834812519158e-02 7.8e+00 2.54e-02  2e-02  3e-02 556:57.0
  141   1692 -5.773164378196700e-02 7.8e+00 2.40e-02  2e-02  3e-02 560:53.0
  142   1704 -5.776180437592549e-02 7.8e+00 2.34e-02  2e-02  3e-02 564:49.5
  143   1716 -5.777223092871919e-02 7.9e+00 2.32e-02  2e-02  3e-02 568:46.0
  144   1728 -5.774065102573046e-02 8.0e+00 2.28e-02  2e-02  3e-02 572:42.6
  145   1740 -5.777151209569618e-02 8.0e+00 2.23e-02  2e-02  3e-02 576:38.7
  146   1752 -5.774700659889716e-02 8.1e+00 2.14e-02  2e-02  3e-02 580:35.9
  147   1764 -5.781292278699098e-02 8.1e+00 2.06e-02  1e-02  3e-02 584:31.7
  148   1776 -5.778494953871675e-02 8.2e+00 2.00e-02  1e-02  2e-02 588:28.1
  149   1788 -5.781457204813113e-02 8.2e+00 1.94e-02  1e-02  2e-02 592:24.8
  150   1800 -5.784300128819799e-02 8.2e+00 1.99e-02  1e-02  2e-02 596:20.7
  151   1812 -5.789524930839240e-02 8.2e+00 2.04e-02  1e-02  3e-02 600:16.6
  152   1824 -5.791287768254174e-02 8.3e+00 2.13e-02  1e-02  3e-02 604:13.0
  153   1836 -5.789303628120927e-02 8.5e+00 2.21e-02  2e-02  3e-02 608:10.1
  154   1848 -5.794783394142981e-02 8.7e+00 2.29e-02  2e-02  3e-02 612:06.6
  155   1860 -5.797443204315002e-02 8.7e+00 2.31e-02  2e-02  3e-02 616:02.4
  156   1872 -5.797633322239098e-02 8.9e+00 2.35e-02  2e-02  3e-02 619:58.7
  157   1884 -5.802214466095926e-02 9.1e+00 2.41e-02  2e-02  3e-02 623:55.9
  158   1896 -5.805550767999898e-02 9.3e+00 2.46e-02  2e-02  3e-02 627:53.0
  159   1908 -5.810424039104207e-02 9.4e+00 2.53e-02  2e-02  3e-02 631:50.0
  160   1920 -5.810114310849215e-02 9.7e+00 2.55e-02  2e-02  3e-02 635:46.7
  161   1932 -5.813816232083394e-02 9.8e+00 2.60e-02  2e-02  3e-02 639:43.3
  162   1944 -5.819843778380559e-02 9.8e+00 2.73e-02  2e-02  3e-02 643:39.4
  163   1956 -5.824619176462447e-02 9.9e+00 2.89e-02  2e-02  4e-02 647:37.3
  164   1968 -5.827966251427744e-02 1.0e+01 3.08e-02  2e-02  4e-02 651:33.7
  165   1980 -5.830178032425366e-02 1.0e+01 3.26e-02  2e-02  4e-02 655:29.8
  166   1992 -5.832843471951356e-02 1.1e+01 3.50e-02  3e-02  5e-02 659:26.5
  167   2004 -5.847985231931117e-02 1.1e+01 3.81e-02  3e-02  5e-02 663:23.1
  168   2016 -5.840406680749366e-02 1.2e+01 4.01e-02  3e-02  6e-02 667:19.7
  169   2028 -5.851079613830403e-02 1.2e+01 4.25e-02  3e-02  6e-02 671:16.5
  170   2040 -5.846607989308360e-02 1.2e+01 4.21e-02  3e-02  6e-02 675:12.5
  171   2052 -5.852624358729706e-02 1.3e+01 4.14e-02  3e-02  6e-02 679:08.6
  172   2064 -5.859814241671122e-02 1.3e+01 4.11e-02  3e-02  6e-02 683:05.3
  173   2076 -5.857561486400569e-02 1.3e+01 4.10e-02  3e-02  6e-02 687:02.3
  174   2088 -5.863909516724696e-02 1.4e+01 4.13e-02  3e-02  6e-02 690:58.5
  175   2100 -5.882005163245425e-02 1.4e+01 4.28e-02  3e-02  7e-02 694:55.5
  176   2112 -5.892351611060683e-02 1.4e+01 4.42e-02  3e-02  7e-02 698:51.9
  177   2124 -5.896446795279903e-02 1.5e+01 4.53e-02  3e-02  7e-02 702:48.8
  178   2136 -5.897547952093053e-02 1.5e+01 4.74e-02  3e-02  8e-02 706:45.6
  179   2148 -5.906403735463569e-02 1.6e+01 4.82e-02  4e-02  8e-02 710:41.8
  180   2160 -5.918301531278980e-02 1.6e+01 4.94e-02  4e-02  8e-02 714:39.0
  181   2172 -5.915716658826529e-02 1.6e+01 4.87e-02  4e-02  8e-02 718:35.4
  182   2184 -5.916521840466764e-02 1.7e+01 4.90e-02  4e-02  8e-02 722:31.8
  183   2196 -5.929458725840676e-02 1.7e+01 4.86e-02  4e-02  8e-02 726:29.0
  184   2208 -5.922919773941274e-02 1.7e+01 4.75e-02  3e-02  8e-02 730:25.3
  185   2220 -5.927936631933561e-02 1.8e+01 4.79e-02  4e-02  8e-02 734:21.5
  186   2232 -5.922267259676905e-02 1.8e+01 4.80e-02  4e-02  8e-02 738:18.1
  187   2244 -5.939284856507381e-02 1.9e+01 4.80e-02  4e-02  8e-02 742:14.4
  188   2256 -5.946657967051414e-02 1.9e+01 4.90e-02  4e-02  8e-02 746:11.9
  189   2268 -5.939751535018249e-02 1.9e+01 4.89e-02  4e-02  8e-02 750:08.5
  190   2280 -5.934536327533375e-02 2.0e+01 4.98e-02  4e-02  8e-02 754:05.4
  191   2292 -5.951353691467573e-02 2.0e+01 5.11e-02  4e-02  9e-02 758:01.7
  192   2304 -5.955491570004649e-02 2.0e+01 5.35e-02  4e-02  9e-02 761:58.3
  193   2316 -5.944524549327305e-02 2.0e+01 5.56e-02  4e-02  9e-02 765:55.1
  194   2328 -5.942117640083273e-02 2.0e+01 5.55e-02  4e-02  9e-02 769:51.1
  195   2340 -5.937183346925898e-02 2.0e+01 5.38e-02  4e-02  9e-02 773:47.1
  196   2352 -5.944516838859144e-02 2.1e+01 5.21e-02  4e-02  9e-02 777:43.2
  197   2364 -5.949156645967687e-02 2.0e+01 5.01e-02  4e-02  8e-02 781:40.1
  198   2376 -5.946723404620795e-02 2.0e+01 4.87e-02  3e-02  8e-02 785:36.6
  199   2388 -5.961877592527929e-02 2.0e+01 4.77e-02  3e-02  8e-02 789:32.6
  200   2400 -5.945418636415816e-02 2.0e+01 4.61e-02  3e-02  8e-02 793:29.0
  201   2412 -5.960287265294746e-02 2.1e+01 4.65e-02  3e-02  8e-02 797:24.9
  202   2424 -5.968876235701882e-02 2.1e+01 4.60e-02  3e-02  8e-02 801:22.1
  203   2436 -5.964385169755344e-02 2.1e+01 4.51e-02  3e-02  7e-02 805:18.5
  204   2448 -5.971391747859359e-02 2.1e+01 4.46e-02  3e-02  7e-02 809:15.3
  205   2460 -5.969403009098422e-02 2.1e+01 4.43e-02  3e-02  7e-02 813:11.3
  206   2472 -5.970331311506250e-02 2.1e+01 4.27e-02  3e-02  7e-02 817:08.0
  207   2484 -5.971943331912920e-02 2.1e+01 4.26e-02  3e-02  7e-02 821:04.4
  208   2496 -5.979006566961352e-02 2.1e+01 4.16e-02  3e-02  7e-02 825:00.6
  209   2508 -5.978689864787737e-02 2.1e+01 4.12e-02  3e-02  7e-02 828:56.8
  210   2520 -5.984193357244192e-02 2.1e+01 4.03e-02  3e-02  7e-02 832:52.5
  211   2532 -5.973008412939666e-02 2.1e+01 3.82e-02  3e-02  6e-02 836:48.1
  212   2544 -5.979449754691108e-02 2.1e+01 3.64e-02  2e-02  6e-02 840:44.9
  213   2556 -5.995340897064829e-02 2.1e+01 3.74e-02  3e-02  6e-02 844:41.5
  214   2568 -5.995094095396519e-02 2.2e+01 3.78e-02  3e-02  6e-02 848:37.4
  215   2580 -5.995529239418512e-02 2.2e+01 3.77e-02  3e-02  6e-02 852:34.2
  216   2592 -5.993950214122828e-02 2.2e+01 3.84e-02  3e-02  6e-02 856:31.5
  217   2604 -5.997552560822362e-02 2.3e+01 3.81e-02  3e-02  6e-02 860:29.6
  218   2616 -6.000371974800747e-02 2.3e+01 3.85e-02  3e-02  6e-02 864:28.2
