Running job array 95 on pe25.int.triton.aalto.fi
Starting at Fri Mar 21 16:13:36 EET 2025
Activating virtual environment at /scratch/work/uotilav2/quantum-portfolio/venv
Processing batch 96/100: experiments 95 to 95 (total 1)
Processing experiment 95
Budget: 4989
YF.download() has changed argument auto_adjust default to True
Number of qubits for asset CRM: 4
Number of qubits for asset V: 4
Number of qubits for asset VZ: 7
Total number of qubits:  15
Optimized Weights (considering variance, skewness and kurtosis):
CRM: 54.10%
V: 45.90%
VZ: 0.00%
Left over budget:  66.50250256454456
Optimized Discrete Allocation:
CRM: 8
V: 7
VZ: 1
Maximized utility from continuous higher moments:  -749.2337138634182
Budget constraint not satisfied 4995.462207794189 4989 Difference:  -6.462207794189453
smallest_eigenvalues: [-0.2599359723268315]
smallest_bitstrings: ['001110001000100']
first_excited_energy: None
optimized_portfolio: [{'CRM': 12, 'V': 1, 'VZ': 17}]
second_optimized_portfolio: None
result_with_budget: [{'portfolio': {'CRM': 12, 'V': 1, 'VZ': 17}, 'budget': 4995.462207794189, 'difference': -6.462207794189453, 'objective_value': -301.1954192300491}]
result_with_budget_excited: None
Initial params:  [2.51063067 1.44978017 2.45210473 0.37157007 2.01037118 0.45035763
 2.96776493 1.63943485 1.3026989  0.83112597 2.43232687 1.43303853
 1.78578792 0.0590299  1.94035914 1.92295543 1.93815531 2.96487203
 2.14200164 1.12942738]
(6_w,12)-aCMA-ES (mu_w=3.7,w_1=40%) in dimension 20 (seed=727867, Fri Mar 21 17:50:41 2025)
Iterat #Fevals   function value  axis ratio  sigma  min&max std  t[m:s]
    1     12 -2.056411530113708e-01 1.0e+00 9.60e-02  9e-02  1e-01 4:26.2
    2     24 -1.911538280548424e-01 1.1e+00 9.59e-02  9e-02  1e-01 8:53.9
    3     36 -2.066042435386280e-01 1.2e+00 9.54e-02  9e-02  1e-01 13:20.1
    4     48 -2.148811294572975e-01 1.2e+00 9.57e-02  9e-02  1e-01 17:45.6
    5     60 -2.104874241818224e-01 1.2e+00 9.96e-02  1e-01  1e-01 22:11.1
    6     72 -2.224804906428283e-01 1.3e+00 1.03e-01  1e-01  1e-01 26:35.9
    7     84 -2.191842089704780e-01 1.3e+00 1.07e-01  1e-01  1e-01 31:01.6
    8     96 -2.240704038423729e-01 1.4e+00 1.11e-01  1e-01  1e-01 35:25.7
    9    108 -2.222683445529765e-01 1.5e+00 1.16e-01  1e-01  1e-01 39:52.1
   10    120 -2.213503386756907e-01 1.5e+00 1.24e-01  1e-01  1e-01 44:17.8
   11    132 -2.218532496610595e-01 1.6e+00 1.31e-01  1e-01  1e-01 48:44.7
   12    144 -2.210435390646208e-01 1.7e+00 1.36e-01  1e-01  2e-01 53:10.6
   13    156 -2.242109800888512e-01 1.8e+00 1.43e-01  1e-01  2e-01 57:37.1
   14    168 -2.239727706550080e-01 1.8e+00 1.51e-01  1e-01  2e-01 62:03.5
   15    180 -2.300055706110391e-01 1.9e+00 1.58e-01  2e-01  2e-01 66:28.7
   16    192 -2.225239147583156e-01 2.0e+00 1.61e-01  2e-01  2e-01 70:36.6
   17    204 -2.212051819329002e-01 2.0e+00 1.60e-01  2e-01  2e-01 74:36.6
   18    216 -2.279585588143878e-01 2.1e+00 1.59e-01  2e-01  2e-01 78:36.0
   19    228 -2.279988818480500e-01 2.1e+00 1.59e-01  2e-01  2e-01 82:36.5
   20    240 -2.272107460913655e-01 2.1e+00 1.56e-01  1e-01  2e-01 86:36.5
   21    252 -2.259534512118318e-01 2.1e+00 1.51e-01  1e-01  2e-01 90:36.7
   22    264 -2.310701750420318e-01 2.2e+00 1.48e-01  1e-01  2e-01 94:36.8
   23    276 -2.242292683040590e-01 2.2e+00 1.45e-01  1e-01  2e-01 98:36.4
   24    288 -2.261158821828405e-01 2.2e+00 1.41e-01  1e-01  2e-01 102:36.4
   25    300 -2.267273606861586e-01 2.3e+00 1.35e-01  1e-01  2e-01 106:36.3
   26    312 -2.295010833643850e-01 2.3e+00 1.30e-01  1e-01  2e-01 110:36.5
   27    324 -2.236491579538192e-01 2.4e+00 1.27e-01  1e-01  2e-01 114:36.7
   28    336 -2.241897916302439e-01 2.4e+00 1.29e-01  1e-01  2e-01 118:36.7
   29    348 -2.226893605874767e-01 2.4e+00 1.30e-01  1e-01  2e-01 122:37.1
   30    360 -2.260324342201830e-01 2.4e+00 1.27e-01  1e-01  1e-01 126:37.1
   31    372 -2.283161120664187e-01 2.5e+00 1.24e-01  1e-01  1e-01 130:37.1
   32    384 -2.271150156083644e-01 2.6e+00 1.19e-01  1e-01  1e-01 134:37.2
   33    396 -2.289684986218447e-01 2.6e+00 1.17e-01  1e-01  1e-01 138:37.0
   34    408 -2.295618067862623e-01 2.6e+00 1.13e-01  1e-01  1e-01 142:36.4
   35    420 -2.277803804753946e-01 2.6e+00 1.13e-01  1e-01  1e-01 146:35.9
   36    432 -2.268122795240089e-01 2.7e+00 1.15e-01  1e-01  1e-01 150:35.6
   37    444 -2.279907240753831e-01 2.7e+00 1.18e-01  1e-01  1e-01 154:35.5
   38    456 -2.256455117597237e-01 2.7e+00 1.25e-01  1e-01  2e-01 158:35.7
   39    468 -2.327099229897981e-01 2.8e+00 1.27e-01  1e-01  2e-01 162:35.1
   40    480 -2.278183125257560e-01 2.9e+00 1.31e-01  1e-01  2e-01 166:34.9
   41    492 -2.302960771025163e-01 2.9e+00 1.34e-01  1e-01  2e-01 170:35.2
   42    504 -2.349240823896127e-01 2.9e+00 1.37e-01  1e-01  2e-01 174:35.3
   43    516 -2.360375385314364e-01 2.9e+00 1.37e-01  1e-01  2e-01 178:35.2
   44    528 -2.314995125083538e-01 3.0e+00 1.37e-01  1e-01  2e-01 182:34.6
   45    540 -2.284559041174152e-01 3.0e+00 1.38e-01  1e-01  2e-01 186:34.4
   46    552 -2.322569423148491e-01 3.0e+00 1.39e-01  1e-01  2e-01 190:34.2
   47    564 -2.355845499325923e-01 3.0e+00 1.38e-01  1e-01  2e-01 194:34.0
   48    576 -2.363559151364585e-01 3.0e+00 1.34e-01  1e-01  2e-01 198:33.7
   49    588 -2.337770645331986e-01 3.0e+00 1.30e-01  1e-01  2e-01 202:32.6
   50    600 -2.309568857104558e-01 3.1e+00 1.25e-01  1e-01  2e-01 206:31.2
   51    612 -2.348432251497309e-01 3.1e+00 1.21e-01  1e-01  1e-01 210:30.8
   52    624 -2.346838263139328e-01 3.2e+00 1.21e-01  1e-01  1e-01 214:30.7
   53    636 -2.346333508421842e-01 3.3e+00 1.19e-01  1e-01  1e-01 218:29.8
   54    648 -2.348511327673048e-01 3.3e+00 1.19e-01  1e-01  1e-01 222:28.9
   55    660 -2.366215665102289e-01 3.4e+00 1.22e-01  1e-01  1e-01 226:28.3
   56    672 -2.376034320480240e-01 3.4e+00 1.24e-01  1e-01  2e-01 230:28.4
   57    684 -2.349445017316831e-01 3.5e+00 1.28e-01  1e-01  2e-01 234:28.0
   58    696 -2.380718526678335e-01 3.5e+00 1.32e-01  1e-01  2e-01 238:27.5
   59    708 -2.382658866541179e-01 3.6e+00 1.37e-01  1e-01  2e-01 242:27.0
   60    720 -2.318666286445174e-01 3.7e+00 1.38e-01  1e-01  2e-01 246:26.1
   61    732 -2.346516330255512e-01 3.7e+00 1.35e-01  1e-01  2e-01 250:25.8
   62    744 -2.387315148996567e-01 3.8e+00 1.28e-01  1e-01  2e-01 254:26.0
   63    756 -2.382548686287104e-01 3.8e+00 1.25e-01  1e-01  2e-01 258:25.5
   64    768 -2.376266067729309e-01 3.8e+00 1.27e-01  1e-01  2e-01 262:24.5
   65    780 -2.320617290384120e-01 3.9e+00 1.29e-01  1e-01  2e-01 266:23.9
   66    792 -2.354274832514421e-01 4.0e+00 1.27e-01  1e-01  2e-01 270:23.5
   67    804 -2.367878333424747e-01 4.0e+00 1.30e-01  1e-01  2e-01 274:23.3
   68    816 -2.361378863321357e-01 4.0e+00 1.34e-01  1e-01  2e-01 278:23.0
   69    828 -2.364558947107760e-01 4.2e+00 1.37e-01  1e-01  2e-01 282:21.8
   70    840 -2.334385450526593e-01 4.2e+00 1.36e-01  1e-01  2e-01 286:20.6
   71    852 -2.364545233404929e-01 4.3e+00 1.33e-01  1e-01  2e-01 290:20.3
   72    864 -2.355107644606506e-01 4.3e+00 1.29e-01  1e-01  2e-01 294:19.2
   73    876 -2.364563588335380e-01 4.3e+00 1.27e-01  1e-01  2e-01 298:18.4
   74    888 -2.321422684243644e-01 4.4e+00 1.29e-01  1e-01  2e-01 302:17.7
   75    900 -2.370761913594016e-01 4.5e+00 1.24e-01  1e-01  2e-01 306:16.7
   76    912 -2.347197488911564e-01 4.5e+00 1.18e-01  1e-01  1e-01 310:16.5
   77    924 -2.370584267743407e-01 4.5e+00 1.12e-01  1e-01  1e-01 314:15.5
   78    936 -2.376505575348829e-01 4.5e+00 1.08e-01  9e-02  1e-01 318:14.4
   79    948 -2.372209123589786e-01 4.5e+00 1.05e-01  9e-02  1e-01 322:13.4
   80    960 -2.378189140928648e-01 4.6e+00 1.06e-01  9e-02  1e-01 326:12.3
   81    972 -2.376201474606507e-01 4.7e+00 1.09e-01  9e-02  1e-01 330:11.8
   82    984 -2.400772624208921e-01 4.7e+00 1.15e-01  1e-01  1e-01 334:11.3
   83    996 -2.385632824278781e-01 4.8e+00 1.17e-01  1e-01  1e-01 338:10.7
   84   1008 -2.390607830174838e-01 4.8e+00 1.17e-01  1e-01  1e-01 342:10.7
   85   1020 -2.397054732411942e-01 4.8e+00 1.16e-01  1e-01  1e-01 346:10.9
   86   1032 -2.363507643108317e-01 4.9e+00 1.20e-01  1e-01  2e-01 350:10.9
   87   1044 -2.401440673346129e-01 5.0e+00 1.18e-01  1e-01  1e-01 354:10.8
   88   1056 -2.409367644326970e-01 5.0e+00 1.17e-01  1e-01  1e-01 358:11.2
   89   1068 -2.388214857605581e-01 5.2e+00 1.17e-01  1e-01  1e-01 362:11.8
   90   1080 -2.411248904992321e-01 5.2e+00 1.16e-01  9e-02  1e-01 366:12.1
   91   1092 -2.402494983259746e-01 5.4e+00 1.12e-01  9e-02  1e-01 370:12.4
   92   1104 -2.419002023295223e-01 5.4e+00 1.08e-01  9e-02  1e-01 374:11.2
   93   1116 -2.391605223211623e-01 5.5e+00 1.04e-01  8e-02  1e-01 378:10.8
   94   1128 -2.408823672701002e-01 5.7e+00 9.83e-02  8e-02  1e-01 382:10.2
   95   1140 -2.413215793506293e-01 5.7e+00 9.89e-02  8e-02  1e-01 386:09.1
   96   1152 -2.418447902457780e-01 5.8e+00 1.02e-01  8e-02  1e-01 390:08.7
   97   1164 -2.404037367661932e-01 5.9e+00 1.05e-01  8e-02  1e-01 394:07.7
   98   1176 -2.416772575502195e-01 5.9e+00 1.08e-01  8e-02  1e-01 398:06.6
   99   1188 -2.425697281780757e-01 6.0e+00 1.09e-01  8e-02  1e-01 402:06.3
  100   1200 -2.417061805294598e-01 6.0e+00 1.09e-01  8e-02  1e-01 406:06.1
  101   1212 -2.418259370674244e-01 6.1e+00 1.06e-01  8e-02  1e-01 410:05.3
  102   1224 -2.410858167851243e-01 6.1e+00 1.04e-01  8e-02  1e-01 414:04.2
  103   1236 -2.424182708272306e-01 6.2e+00 1.04e-01  8e-02  1e-01 418:04.2
  104   1248 -2.425017603650250e-01 6.3e+00 1.00e-01  8e-02  1e-01 422:05.0
  105   1260 -2.404772034922613e-01 6.3e+00 9.74e-02  7e-02  1e-01 426:05.0
  106   1272 -2.433487077682052e-01 6.4e+00 9.97e-02  7e-02  1e-01 430:04.3
  107   1284 -2.412487297625849e-01 6.5e+00 1.01e-01  7e-02  1e-01 434:02.9
  108   1296 -2.429551574579421e-01 6.5e+00 1.00e-01  7e-02  1e-01 438:00.1
  109   1308 -2.426035879770140e-01 6.6e+00 9.71e-02  7e-02  1e-01 441:57.9
  110   1320 -2.429617418217336e-01 6.6e+00 9.85e-02  7e-02  1e-01 445:55.7
  111   1332 -2.422086610299632e-01 6.6e+00 1.02e-01  7e-02  1e-01 449:52.9
  112   1344 -2.432140004909738e-01 6.6e+00 1.05e-01  8e-02  1e-01 453:50.0
  113   1356 -2.430732632379121e-01 6.8e+00 1.08e-01  8e-02  1e-01 457:47.6
  114   1368 -2.426904576012419e-01 6.9e+00 1.09e-01  8e-02  1e-01 461:45.4
  115   1380 -2.441074291545021e-01 7.0e+00 1.10e-01  8e-02  1e-01 465:42.7
  116   1392 -2.431169919294450e-01 7.2e+00 1.08e-01  8e-02  1e-01 469:40.6
  117   1404 -2.432381601884490e-01 7.3e+00 1.07e-01  8e-02  1e-01 473:37.9
  118   1416 -2.442568262763212e-01 7.4e+00 1.06e-01  7e-02  1e-01 477:35.1
  119   1428 -2.431878961619562e-01 7.6e+00 1.06e-01  7e-02  1e-01 481:33.2
  120   1440 -2.414335187313449e-01 7.7e+00 1.05e-01  7e-02  1e-01 485:31.1
  121   1452 -2.435361123810165e-01 7.8e+00 9.87e-02  7e-02  1e-01 489:28.8
  122   1464 -2.433757007189179e-01 8.0e+00 9.64e-02  7e-02  1e-01 493:27.3
  123   1476 -2.444821485339204e-01 8.0e+00 9.28e-02  6e-02  1e-01 497:26.2
  124   1488 -2.445141191555192e-01 8.0e+00 8.82e-02  6e-02  1e-01 501:25.9
  125   1500 -2.446159710824793e-01 8.2e+00 8.53e-02  6e-02  1e-01 505:25.7
  126   1512 -2.446916830864424e-01 8.3e+00 8.21e-02  6e-02  1e-01 509:25.7
  127   1524 -2.439272460837272e-01 8.4e+00 8.01e-02  5e-02  1e-01 513:25.1
  128   1536 -2.443647410923758e-01 8.5e+00 7.94e-02  5e-02  1e-01 517:24.1
  129   1548 -2.441813060610072e-01 8.6e+00 7.40e-02  5e-02  9e-02 521:23.7
  130   1560 -2.445866352473820e-01 8.7e+00 7.25e-02  5e-02  9e-02 525:22.8
  131   1572 -2.449143700332243e-01 8.8e+00 7.28e-02  5e-02  9e-02 529:21.5
  132   1584 -2.442099856154228e-01 8.8e+00 7.11e-02  5e-02  9e-02 533:19.6
  133   1596 -2.448738445858485e-01 8.9e+00 6.98e-02  5e-02  9e-02 537:17.5
  134   1608 -2.448521168209101e-01 8.9e+00 7.00e-02  5e-02  9e-02 541:15.8
  135   1620 -2.449793595785392e-01 9.2e+00 7.04e-02  5e-02  9e-02 545:13.7
  136   1632 -2.447957244638750e-01 9.4e+00 6.85e-02  5e-02  9e-02 549:12.2
  137   1644 -2.448355852568971e-01 9.5e+00 6.73e-02  4e-02  9e-02 553:10.3
  138   1656 -2.448700879519655e-01 9.7e+00 6.77e-02  4e-02  9e-02 557:08.7
  139   1668 -2.449519500933060e-01 9.7e+00 6.80e-02  5e-02  9e-02 561:07.1
  140   1680 -2.447903248254706e-01 9.8e+00 6.79e-02  5e-02  9e-02 565:04.9
  141   1692 -2.448515059221915e-01 9.9e+00 6.99e-02  5e-02  9e-02 569:03.2
  142   1704 -2.445935207722265e-01 1.0e+01 6.82e-02  5e-02  9e-02 573:01.0
  143   1716 -2.447652428151454e-01 1.0e+01 6.74e-02  4e-02  9e-02 576:59.2
  144   1728 -2.446973418014020e-01 1.1e+01 6.42e-02  4e-02  8e-02 580:58.3
  145   1740 -2.447085567122900e-01 1.1e+01 6.11e-02  4e-02  8e-02 584:56.5
  146   1752 -2.451093268116383e-01 1.1e+01 5.84e-02  4e-02  7e-02 588:54.3
  147   1764 -2.450183560504869e-01 1.1e+01 5.39e-02  4e-02  7e-02 592:51.9
  148   1776 -2.452024627238112e-01 1.1e+01 5.09e-02  3e-02  7e-02 596:49.5
  149   1788 -2.450877162715441e-01 1.1e+01 4.89e-02  3e-02  6e-02 600:47.9
  150   1800 -2.451613373919898e-01 1.1e+01 4.80e-02  3e-02  6e-02 604:46.1
  151   1812 -2.452290995416785e-01 1.1e+01 4.69e-02  3e-02  6e-02 608:43.9
  152   1824 -2.452545774353986e-01 1.1e+01 4.59e-02  3e-02  6e-02 612:41.9
  153   1836 -2.454145868199861e-01 1.1e+01 4.66e-02  3e-02  6e-02 616:39.7
  154   1848 -2.454690197520418e-01 1.1e+01 4.69e-02  3e-02  6e-02 620:37.7
  155   1860 -2.455771219394320e-01 1.1e+01 4.73e-02  3e-02  6e-02 624:35.1
  156   1872 -2.455421230625961e-01 1.2e+01 4.83e-02  3e-02  6e-02 628:32.2
  157   1884 -2.454647051561676e-01 1.2e+01 4.64e-02  3e-02  6e-02 632:29.6
  158   1896 -2.455134279683190e-01 1.2e+01 4.57e-02  3e-02  6e-02 636:26.5
  159   1908 -2.454483211541835e-01 1.2e+01 4.52e-02  3e-02  6e-02 640:24.5
  160   1920 -2.454846080631407e-01 1.2e+01 4.43e-02  3e-02  6e-02 644:21.9
  161   1932 -2.455355775165113e-01 1.2e+01 4.22e-02  3e-02  6e-02 648:18.8
  162   1944 -2.456134104803655e-01 1.3e+01 4.14e-02  3e-02  5e-02 652:15.9
  163   1956 -2.455334023009397e-01 1.3e+01 4.09e-02  3e-02  5e-02 656:13.0
  164   1968 -2.456737988919396e-01 1.3e+01 4.33e-02  3e-02  6e-02 660:11.6
  165   1980 -2.456255644455427e-01 1.3e+01 4.50e-02  3e-02  6e-02 664:09.6
  166   1992 -2.457313639003574e-01 1.3e+01 4.76e-02  3e-02  6e-02 668:07.1
  167   2004 -2.456992751314289e-01 1.3e+01 4.67e-02  3e-02  6e-02 672:04.1
  168   2016 -2.457236011093935e-01 1.3e+01 4.61e-02  3e-02  6e-02 676:01.1
  169   2028 -2.457976554080450e-01 1.3e+01 4.52e-02  3e-02  6e-02 679:59.0
  170   2040 -2.457748334105780e-01 1.3e+01 4.52e-02  3e-02  6e-02 683:56.7
  171   2052 -2.457535639438868e-01 1.3e+01 4.62e-02  3e-02  6e-02 687:54.1
  172   2064 -2.457257237820083e-01 1.4e+01 4.63e-02  3e-02  7e-02 691:51.8
  173   2076 -2.457459711849380e-01 1.4e+01 4.66e-02  3e-02  7e-02 695:49.1
  174   2088 -2.460685814223729e-01 1.4e+01 4.81e-02  3e-02  7e-02 699:46.4
  175   2100 -2.459551599849500e-01 1.4e+01 5.02e-02  3e-02  7e-02 703:44.2
  176   2112 -2.456651546167600e-01 1.4e+01 5.10e-02  3e-02  7e-02 707:41.4
  177   2124 -2.456924607472030e-01 1.4e+01 5.08e-02  3e-02  7e-02 711:38.6
  178   2136 -2.458604461542479e-01 1.4e+01 5.05e-02  3e-02  7e-02 715:35.7
  179   2148 -2.459839592931116e-01 1.4e+01 5.16e-02  3e-02  7e-02 719:33.5
  180   2160 -2.459946090734082e-01 1.4e+01 5.24e-02  3e-02  7e-02 723:30.7
  181   2172 -2.460551002826613e-01 1.5e+01 5.11e-02  3e-02  7e-02 727:27.8
  182   2184 -2.460712465395999e-01 1.5e+01 4.93e-02  3e-02  7e-02 731:25.2
  183   2196 -2.460313052022597e-01 1.5e+01 4.76e-02  3e-02  7e-02 735:22.4
  184   2208 -2.461988645764780e-01 1.5e+01 4.62e-02  3e-02  7e-02 739:19.9
  185   2220 -2.460938427242244e-01 1.5e+01 4.40e-02  2e-02  6e-02 743:17.5
  186   2232 -2.461949650940702e-01 1.5e+01 4.17e-02  2e-02  6e-02 747:15.5
  187   2244 -2.461944643657722e-01 1.5e+01 4.13e-02  2e-02  6e-02 751:13.2
  188   2256 -2.461338413639392e-01 1.5e+01 4.12e-02  2e-02  6e-02 755:10.9
  189   2268 -2.463057336041752e-01 1.5e+01 4.05e-02  2e-02  6e-02 759:09.0
  190   2280 -2.462869961426858e-01 1.5e+01 3.97e-02  2e-02  6e-02 763:06.5
  191   2292 -2.461624275421999e-01 1.5e+01 3.95e-02  2e-02  6e-02 767:04.6
  192   2304 -2.461826296610108e-01 1.5e+01 3.99e-02  2e-02  6e-02 771:02.2
  193   2316 -2.463366336265955e-01 1.6e+01 4.01e-02  2e-02  6e-02 774:59.7
  194   2328 -2.462634490401539e-01 1.6e+01 4.17e-02  2e-02  6e-02 778:57.6
  195   2340 -2.464056114409507e-01 1.5e+01 4.17e-02  2e-02  6e-02 782:56.0
  196   2352 -2.464164429073027e-01 1.5e+01 4.14e-02  2e-02  6e-02 786:54.6
  197   2364 -2.462947508368141e-01 1.6e+01 4.17e-02  2e-02  6e-02 790:53.1
  198   2376 -2.463775288557511e-01 1.6e+01 4.28e-02  2e-02  6e-02 794:51.8
  199   2388 -2.465843139138506e-01 1.6e+01 4.49e-02  2e-02  6e-02 798:50.9
  200   2400 -2.464781983392998e-01 1.7e+01 4.53e-02  3e-02  6e-02 802:49.5
  201   2412 -2.465067857666010e-01 1.7e+01 4.55e-02  3e-02  7e-02 806:47.7
  202   2424 -2.465257532664167e-01 1.7e+01 4.49e-02  2e-02  6e-02 810:46.2
  203   2436 -2.465693803640368e-01 1.8e+01 4.26e-02  2e-02  6e-02 814:44.7
  204   2448 -2.466976067422656e-01 1.8e+01 4.25e-02  2e-02  6e-02 818:43.5
  205   2460 -2.466053395619820e-01 1.8e+01 4.33e-02  2e-02  6e-02 822:42.5
  206   2472 -2.467947950204281e-01 1.8e+01 4.48e-02  2e-02  6e-02 826:41.4
  207   2484 -2.465808730735858e-01 1.8e+01 4.57e-02  3e-02  7e-02 830:39.5
  208   2496 -2.467893360046527e-01 1.8e+01 4.83e-02  3e-02  7e-02 834:37.9
  209   2508 -2.468363707524030e-01 1.9e+01 5.24e-02  3e-02  7e-02 838:37.0
  210   2520 -2.468407713270270e-01 1.9e+01 5.46e-02  3e-02  8e-02 842:35.5
  211   2532 -2.468417276170968e-01 1.9e+01 5.54e-02  3e-02  8e-02 846:33.8
  212   2544 -2.469381543747663e-01 1.9e+01 5.60e-02  3e-02  8e-02 850:32.3
  213   2556 -2.466881250698795e-01 2.0e+01 5.53e-02  3e-02  8e-02 854:30.4
  214   2568 -2.468309584856810e-01 2.0e+01 5.38e-02  3e-02  8e-02 858:28.8
  215   2580 -2.469084600308910e-01 2.0e+01 5.29e-02  3e-02  8e-02 862:28.1
  216   2592 -2.468399515359691e-01 2.0e+01 5.21e-02  3e-02  8e-02 866:27.4
  217   2604 -2.468539432128541e-01 2.0e+01 4.98e-02  3e-02  7e-02 870:26.8
  218   2616 -2.469595322650315e-01 2.0e+01 4.87e-02  3e-02  7e-02 874:26.7
  219   2628 -2.470143844575140e-01 2.1e+01 4.62e-02  2e-02  7e-02 878:26.4
  220   2640 -2.470877232515895e-01 2.1e+01 4.57e-02  2e-02  7e-02 882:26.2
  221   2652 -2.470841482216676e-01 2.2e+01 4.52e-02  2e-02  7e-02 886:26.1
  222   2664 -2.470498765307828e-01 2.3e+01 4.32e-02  2e-02  7e-02 890:25.2
  223   2676 -2.471223642205757e-01 2.3e+01 4.06e-02  2e-02  6e-02 894:24.3
  224   2688 -2.471147548221206e-01 2.3e+01 3.91e-02  2e-02  6e-02 898:23.9
  225   2700 -2.471477771426080e-01 2.3e+01 3.82e-02  2e-02  6e-02 902:23.5
  226   2712 -2.471463930168007e-01 2.3e+01 3.72e-02  2e-02  5e-02 906:23.2
  227   2724 -2.471260058290639e-01 2.3e+01 3.72e-02  2e-02  5e-02 910:22.8
  228   2736 -2.471754763786600e-01 2.3e+01 3.80e-02  2e-02  6e-02 914:22.1
  229   2748 -2.471047472152786e-01 2.3e+01 3.86e-02  2e-02  6e-02 918:22.6
  230   2760 -2.470801225173772e-01 2.3e+01 3.84e-02  2e-02  6e-02 922:22.2
  231   2772 -2.470711384636858e-01 2.3e+01 3.91e-02  2e-02  6e-02 926:21.6
  232   2784 -2.470502890124043e-01 2.3e+01 3.87e-02  2e-02  6e-02 930:21.6
