Running job array 17 on skl48.int.triton.aalto.fi
Starting at Sat Mar 22 11:04:28 EET 2025
Activating virtual environment at /scratch/work/uotilav2/quantum-portfolio/venv
Processing batch 18/100: experiments 17 to 17 (total 1)
Processing experiment 17
Budget: 1478
YF.download() has changed argument auto_adjust default to True
Number of qubits for asset CVX: 4
Number of qubits for asset DOW: 6
Number of qubits for asset HON: 3
Total number of qubits:  13
Optimized Weights (considering variance, skewness and kurtosis):
CVX: 8.99%
DOW: 4.71%
HON: 86.30%
Left over budget:  11.677889013115873
Optimized Discrete Allocation:
DOW: 3
HON: 6
Maximized utility from continuous higher moments:  -171.32531346377584
Budget constraint satisfied 1471.75439453125 1478 Difference:  6.24560546875
Budget constraint not satisfied 1486.0994415283203 1478 Difference:  -8.099441528320312
smallest_eigenvalues: [-0.10743901273061021]
smallest_bitstrings: ['0010000000001']
first_excited_energy: -0.10743664624466759
optimized_portfolio: [{'CVX': 4, 'DOW': 0, 'HON': 4}]
second_optimized_portfolio: [{'CVX': 3, 'DOW': 4, 'HON': 4}]
result_with_budget: [{'portfolio': {'CVX': 4, 'DOW': 0, 'HON': 4}, 'budget': 1471.75439453125, 'difference': 6.24560546875, 'objective_value': -214.97263505034968}]
result_with_budget_excited: [{'portfolio': {'CVX': 3, 'DOW': 4, 'HON': 4}, 'budget': 1486.0994415283203, 'difference': -8.099441528320312, 'objective_value': -372.0471232310509}]
Initial params:  [2.51063067 1.44978017 2.45210473 0.37157007 2.01037118 0.45035763
 2.96776493 1.63943485 1.3026989  0.83112597 2.43232687 1.43303853
 1.78578792 0.0590299  1.94035914 1.92295543 1.93815531 2.96487203
 2.14200164 1.12942738]
(6_w,12)-aCMA-ES (mu_w=3.7,w_1=40%) in dimension 20 (seed=735252, Sat Mar 22 11:07:36 2025)
Iterat #Fevals   function value  axis ratio  sigma  min&max std  t[m:s]
    1     12 -5.146131132736609e-02 1.0e+00 9.38e-02  9e-02  9e-02 1:21.7
    2     24 -6.987625706744814e-02 1.1e+00 9.24e-02  9e-02  9e-02 2:43.4
    3     36 -7.001337893493707e-02 1.1e+00 9.07e-02  9e-02  9e-02 4:03.3
    4     48 -6.854551217859602e-02 1.2e+00 8.70e-02  9e-02  9e-02 5:12.3
    5     60 -6.949036788460955e-02 1.2e+00 8.19e-02  8e-02  8e-02 6:34.1
    6     72 -7.254256990868911e-02 1.2e+00 8.05e-02  8e-02  8e-02 7:55.8
    7     84 -7.558688755763392e-02 1.2e+00 8.06e-02  8e-02  8e-02 9:18.0
    8     96 -7.678913284154960e-02 1.3e+00 7.90e-02  8e-02  8e-02 10:39.7
    9    108 -7.690269742762908e-02 1.3e+00 7.84e-02  7e-02  8e-02 12:04.0
   10    120 -7.692928209713984e-02 1.3e+00 7.70e-02  7e-02  8e-02 13:31.5
   11    132 -7.626738964084434e-02 1.3e+00 7.72e-02  7e-02  8e-02 14:59.3
   12    144 -7.970507158288821e-02 1.4e+00 8.27e-02  8e-02  9e-02 16:26.9
   13    156 -7.994053120075477e-02 1.5e+00 8.91e-02  8e-02  9e-02 17:54.6
   14    168 -7.953503565523873e-02 1.6e+00 9.66e-02  9e-02  1e-01 19:21.7
   15    180 -8.029986327131336e-02 1.7e+00 1.08e-01  1e-01  1e-01 20:49.0
   16    192 -8.082555789896914e-02 1.8e+00 1.17e-01  1e-01  1e-01 22:17.3
   17    204 -8.123460687999387e-02 1.8e+00 1.25e-01  1e-01  1e-01 23:45.2
   18    216 -7.579734944749010e-02 1.9e+00 1.37e-01  1e-01  2e-01 25:13.1
   19    228 -7.950571855820338e-02 1.9e+00 1.49e-01  1e-01  2e-01 26:40.6
   20    240 -8.052240467204981e-02 2.0e+00 1.51e-01  1e-01  2e-01 28:07.9
   21    252 -8.052880560902781e-02 2.0e+00 1.48e-01  1e-01  2e-01 29:34.1
   22    264 -8.060439828975231e-02 2.0e+00 1.44e-01  1e-01  2e-01 31:01.9
   23    276 -8.187370074824277e-02 2.0e+00 1.39e-01  1e-01  2e-01 32:29.1
   24    288 -7.978020376293704e-02 2.0e+00 1.35e-01  1e-01  2e-01 33:54.5
   25    300 -8.054810602170914e-02 2.0e+00 1.29e-01  1e-01  1e-01 35:19.1
   26    312 -8.420669188614491e-02 2.1e+00 1.23e-01  1e-01  1e-01 36:44.2
   27    324 -8.017087835270356e-02 2.1e+00 1.15e-01  1e-01  1e-01 38:08.7
   28    336 -8.132236402827055e-02 2.1e+00 1.09e-01  1e-01  1e-01 39:33.9
   29    348 -8.173910619131423e-02 2.1e+00 1.03e-01  9e-02  1e-01 40:58.6
   30    360 -8.286384240970264e-02 2.1e+00 1.00e-01  9e-02  1e-01 42:23.3
   31    372 -8.344470348606056e-02 2.2e+00 9.66e-02  9e-02  1e-01 43:48.2
   32    384 -8.363451638338859e-02 2.1e+00 9.20e-02  8e-02  1e-01 45:12.7
   33    396 -8.398745284747063e-02 2.2e+00 9.12e-02  8e-02  1e-01 46:37.6
   34    408 -8.480797667663617e-02 2.2e+00 8.88e-02  8e-02  1e-01 48:03.2
   35    420 -8.448073136424229e-02 2.2e+00 8.82e-02  8e-02  1e-01 49:27.9
   36    432 -8.417703671397325e-02 2.2e+00 8.53e-02  8e-02  9e-02 50:52.7
   37    444 -8.374005312338094e-02 2.2e+00 8.31e-02  7e-02  9e-02 52:17.4
   38    456 -8.478686570110824e-02 2.2e+00 7.96e-02  7e-02  9e-02 53:42.0
   39    468 -8.563532542190436e-02 2.2e+00 7.99e-02  7e-02  9e-02 55:01.6
   40    480 -8.506011282327680e-02 2.3e+00 7.88e-02  7e-02  9e-02 56:20.5
   41    492 -8.529363914269041e-02 2.3e+00 7.67e-02  7e-02  8e-02 57:39.4
   42    504 -8.599108001785770e-02 2.4e+00 7.35e-02  6e-02  8e-02 58:58.2
   43    516 -8.559930018924086e-02 2.4e+00 6.98e-02  6e-02  8e-02 60:16.8
   44    528 -8.525045600080840e-02 2.4e+00 6.80e-02  6e-02  7e-02 61:35.8
   45    540 -8.603126148320087e-02 2.4e+00 6.35e-02  6e-02  7e-02 62:55.4
   46    552 -8.597502212406544e-02 2.5e+00 6.17e-02  5e-02  7e-02 64:14.6
   47    564 -8.615268168353579e-02 2.5e+00 5.98e-02  5e-02  7e-02 65:33.9
   48    576 -8.613180191195698e-02 2.5e+00 5.95e-02  5e-02  7e-02 66:52.9
   49    588 -8.633965763169335e-02 2.5e+00 5.96e-02  5e-02  7e-02 68:11.5
   50    600 -8.637178672897801e-02 2.5e+00 6.01e-02  5e-02  7e-02 69:31.1
   51    612 -8.646331655892465e-02 2.5e+00 6.12e-02  5e-02  7e-02 70:49.4
   52    624 -8.641472373164698e-02 2.5e+00 6.33e-02  5e-02  7e-02 72:12.2
   53    636 -8.709273178365740e-02 2.6e+00 6.27e-02  5e-02  7e-02 73:37.0
   54    648 -8.694991357914425e-02 2.6e+00 6.65e-02  6e-02  7e-02 75:02.0
   55    660 -8.807377958831958e-02 2.7e+00 7.20e-02  6e-02  8e-02 76:26.8
   56    672 -8.690580957527921e-02 2.7e+00 7.41e-02  6e-02  8e-02 77:51.5
   57    684 -8.635793970930677e-02 2.8e+00 7.61e-02  6e-02  8e-02 79:16.3
   58    696 -8.744353055860682e-02 2.8e+00 7.68e-02  7e-02  9e-02 80:41.6
   59    708 -8.660991813052343e-02 2.8e+00 7.80e-02  7e-02  9e-02 82:06.5
   60    720 -8.663244692468036e-02 2.9e+00 7.61e-02  7e-02  9e-02 83:30.9
   61    732 -8.620162782018728e-02 2.9e+00 7.51e-02  7e-02  9e-02 84:55.5
   62    744 -8.680415183357569e-02 2.9e+00 7.25e-02  6e-02  8e-02 86:20.0
   63    756 -8.696540070796965e-02 2.9e+00 7.23e-02  6e-02  8e-02 87:44.8
   64    768 -8.801735474706734e-02 3.0e+00 7.44e-02  6e-02  8e-02 89:09.9
   65    780 -8.741341997674562e-02 3.0e+00 7.57e-02  7e-02  9e-02 90:34.3
   66    792 -8.717870118831837e-02 3.0e+00 7.69e-02  7e-02  9e-02 91:59.3
   67    804 -8.752797421466083e-02 3.1e+00 7.66e-02  7e-02  9e-02 93:24.2
   68    816 -8.816716704504561e-02 3.1e+00 7.61e-02  7e-02  8e-02 94:48.7
   69    828 -8.797703832647703e-02 3.1e+00 7.41e-02  6e-02  8e-02 96:13.4
   70    840 -8.770719889673419e-02 3.1e+00 7.21e-02  6e-02  8e-02 97:38.2
   71    852 -8.826257798550111e-02 3.1e+00 6.57e-02  6e-02  7e-02 98:58.7
   72    864 -8.815060899620900e-02 3.2e+00 6.41e-02  5e-02  7e-02 100:17.8
   73    876 -8.757857862493680e-02 3.3e+00 6.06e-02  5e-02  7e-02 101:41.5
   74    888 -8.862925284909952e-02 3.3e+00 5.89e-02  5e-02  7e-02 103:03.8
   75    900 -8.837099052228722e-02 3.3e+00 5.84e-02  5e-02  7e-02 104:25.6
   76    912 -8.849877414082608e-02 3.3e+00 5.71e-02  5e-02  6e-02 105:47.4
   77    924 -8.893444211242628e-02 3.3e+00 5.72e-02  5e-02  6e-02 107:09.3
   78    936 -8.882120477204125e-02 3.3e+00 5.87e-02  5e-02  7e-02 108:31.6
   80    960 -8.908421404273793e-02 3.3e+00 5.88e-02  5e-02  7e-02 111:11.6
   81    972 -8.878879381192857e-02 3.3e+00 5.93e-02  5e-02  7e-02 112:36.2
   82    984 -8.916084952281765e-02 3.3e+00 5.85e-02  5e-02  7e-02 114:00.5
   83    996 -8.937886082898246e-02 3.3e+00 5.67e-02  5e-02  6e-02 115:25.6
   84   1008 -8.939156316846414e-02 3.3e+00 5.42e-02  4e-02  6e-02 116:50.1
   85   1020 -8.955659770393144e-02 3.4e+00 5.47e-02  4e-02  6e-02 118:14.6
   86   1032 -9.000796087185410e-02 3.4e+00 5.42e-02  4e-02  6e-02 119:39.3
   88   1056 -8.978023419687146e-02 3.6e+00 5.52e-02  4e-02  6e-02 122:29.3
   90   1080 -9.000758417867261e-02 3.7e+00 5.63e-02  4e-02  6e-02 125:18.6
   92   1104 -9.036497359802155e-02 3.9e+00 5.76e-02  4e-02  7e-02 128:08.3
   94   1128 -9.050152943350136e-02 4.1e+00 6.35e-02  5e-02  7e-02 130:57.7
   96   1152 -9.122588828686704e-02 4.3e+00 6.99e-02  5e-02  8e-02 133:47.6
   98   1176 -9.215368444317701e-02 4.5e+00 7.64e-02  6e-02  1e-01 136:37.4
  100   1200 -9.128471091975529e-02 4.7e+00 8.13e-02  6e-02  1e-01 139:26.5
  102   1224 -9.195893937296325e-02 5.0e+00 7.72e-02  6e-02  1e-01 142:15.8
  104   1248 -9.165286649902520e-02 5.2e+00 7.41e-02  6e-02  1e-01 145:05.6
  106   1272 -9.190014793652364e-02 5.4e+00 7.67e-02  6e-02  1e-01 147:54.6
  108   1296 -9.300668927819339e-02 5.5e+00 7.76e-02  6e-02  1e-01 150:36.7
  110   1320 -9.332305314003375e-02 5.5e+00 7.80e-02  6e-02  1e-01 153:26.2
  112   1344 -9.319150540468718e-02 5.7e+00 8.11e-02  6e-02  1e-01 156:15.3
  114   1368 -9.371807123878552e-02 5.8e+00 8.16e-02  6e-02  1e-01 159:04.3
  116   1392 -9.339972475246706e-02 6.1e+00 7.70e-02  6e-02  1e-01 161:54.3
  118   1416 -9.422197296035162e-02 6.2e+00 6.99e-02  5e-02  9e-02 164:44.3
  120   1440 -9.427354158088534e-02 6.4e+00 6.38e-02  5e-02  8e-02 167:33.6
  122   1464 -9.464681337498050e-02 6.5e+00 6.13e-02  4e-02  8e-02 170:23.2
  124   1488 -9.497502682084882e-02 6.8e+00 6.13e-02  4e-02  8e-02 173:13.1
  126   1512 -9.509922705594698e-02 7.1e+00 6.23e-02  4e-02  8e-02 176:02.5
  128   1536 -9.528293950110697e-02 7.3e+00 6.26e-02  4e-02  8e-02 178:50.8
  130   1560 -9.537439300635114e-02 7.5e+00 6.07e-02  4e-02  8e-02 181:41.0
  132   1584 -9.560749253867740e-02 7.7e+00 6.28e-02  4e-02  8e-02 184:29.8
  134   1608 -9.540923345942298e-02 7.9e+00 6.70e-02  5e-02  9e-02 187:18.9
  136   1632 -9.556572907590105e-02 8.2e+00 7.11e-02  5e-02  1e-01 190:08.0
  138   1656 -9.556379885815200e-02 8.3e+00 6.91e-02  5e-02  9e-02 192:57.4
  140   1680 -9.566463237567108e-02 8.6e+00 6.94e-02  5e-02  9e-02 195:38.3
  142   1704 -9.540273765426555e-02 8.7e+00 6.63e-02  5e-02  9e-02 198:25.6
  144   1728 -9.582886358929485e-02 8.9e+00 6.16e-02  4e-02  8e-02 201:15.9
  146   1752 -9.584830683620957e-02 9.0e+00 5.79e-02  4e-02  8e-02 204:05.0
  148   1776 -9.596548808999694e-02 9.2e+00 5.46e-02  4e-02  7e-02 206:55.0
  150   1800 -9.595799992100561e-02 9.3e+00 5.09e-02  4e-02  7e-02 209:42.1
  152   1824 -9.596926019924776e-02 9.4e+00 4.53e-02  3e-02  6e-02 212:17.5
  154   1848 -9.603144815069306e-02 9.5e+00 4.04e-02  3e-02  5e-02 214:53.4
  156   1872 -9.603235006968774e-02 9.7e+00 3.68e-02  3e-02  5e-02 217:29.8
  158   1896 -9.614043937451718e-02 9.9e+00 3.62e-02  2e-02  5e-02 220:05.5
  160   1920 -9.616120360219815e-02 1.0e+01 3.59e-02  2e-02  5e-02 222:41.9
  162   1944 -9.612877731798243e-02 1.0e+01 3.41e-02  2e-02  4e-02 225:23.1
  164   1968 -9.613241627887659e-02 1.0e+01 3.22e-02  2e-02  4e-02 228:07.1
  166   1992 -9.616380794265700e-02 1.1e+01 2.94e-02  2e-02  4e-02 230:54.3
  168   2016 -9.620424654089640e-02 1.1e+01 2.56e-02  2e-02  3e-02 233:44.1
  170   2040 -9.620665986946794e-02 1.1e+01 2.48e-02  2e-02  3e-02 236:33.6
  172   2064 -9.625103538621325e-02 1.1e+01 2.54e-02  2e-02  3e-02 239:22.9
  174   2088 -9.631280165581749e-02 1.1e+01 2.60e-02  2e-02  3e-02 242:12.1
  176   2112 -9.633544652188678e-02 1.2e+01 2.66e-02  2e-02  3e-02 245:02.2
  178   2136 -9.635090874782705e-02 1.2e+01 2.73e-02  2e-02  3e-02 247:52.1
  180   2160 -9.634655939411310e-02 1.2e+01 2.82e-02  2e-02  4e-02 250:41.3
  182   2184 -9.638529068768387e-02 1.2e+01 2.80e-02  2e-02  4e-02 253:30.1
  184   2208 -9.639320838925583e-02 1.2e+01 2.66e-02  2e-02  3e-02 256:13.2
  186   2232 -9.642539039136670e-02 1.2e+01 2.48e-02  2e-02  3e-02 258:55.8
  188   2256 -9.641747064498465e-02 1.2e+01 2.27e-02  1e-02  3e-02 261:38.0
  190   2280 -9.641887339174024e-02 1.3e+01 2.09e-02  1e-02  3e-02 264:19.7
  192   2304 -9.642618711482065e-02 1.3e+01 1.98e-02  1e-02  2e-02 266:57.2
  194   2328 -9.642055753201070e-02 1.4e+01 1.89e-02  1e-02  2e-02 269:33.9
  196   2352 -9.645785238412072e-02 1.4e+01 1.94e-02  1e-02  2e-02 272:15.1
  198   2376 -9.646719805395920e-02 1.5e+01 2.03e-02  1e-02  3e-02 274:56.3
  200   2400 -9.649177615491902e-02 1.5e+01 2.08e-02  1e-02  3e-02 277:38.1
  202   2424 -9.646284074212992e-02 1.5e+01 1.95e-02  1e-02  2e-02 280:19.8
  204   2448 -9.648514612310513e-02 1.6e+01 1.93e-02  1e-02  2e-02 283:01.2
  206   2472 -9.650437486160142e-02 1.6e+01 1.89e-02  1e-02  2e-02 285:41.9
  208   2496 -9.654973534491748e-02 1.6e+01 1.89e-02  1e-02  2e-02 288:23.7
  211   2532 -9.654372819021652e-02 1.7e+01 1.99e-02  1e-02  3e-02 292:08.5
  213   2556 -9.655635228490228e-02 1.8e+01 1.95e-02  1e-02  3e-02 294:51.8
  215   2580 -9.658818701551734e-02 1.9e+01 1.96e-02  1e-02  3e-02 297:35.6
  217   2604 -9.657452353278834e-02 2.0e+01 2.03e-02  1e-02  3e-02 300:18.9
  219   2628 -9.657319407785148e-02 2.0e+01 2.18e-02  1e-02  3e-02 302:56.5
  221   2652 -9.657680952408385e-02 2.1e+01 2.37e-02  1e-02  3e-02 305:38.5
  223   2676 -9.658137750908383e-02 2.2e+01 2.57e-02  1e-02  4e-02 308:22.9
  225   2700 -9.660027187289645e-02 2.3e+01 2.52e-02  1e-02  4e-02 311:05.3
  227   2724 -9.660643971505688e-02 2.4e+01 2.40e-02  1e-02  4e-02 313:50.2
  229   2748 -9.666489714360479e-02 2.4e+01 2.44e-02  1e-02  4e-02 316:34.9
  231   2772 -9.667167706906947e-02 2.5e+01 2.70e-02  1e-02  4e-02 319:18.0
  233   2796 -9.667943098719517e-02 2.6e+01 2.84e-02  1e-02  5e-02 322:01.3
  235   2820 -9.667048476134744e-02 2.7e+01 2.92e-02  2e-02  5e-02 324:45.9
  237   2844 -9.668940051288265e-02 2.8e+01 2.90e-02  1e-02  5e-02 327:36.1
  239   2868 -9.673249214103984e-02 2.9e+01 3.15e-02  2e-02  6e-02 330:26.5
  241   2892 -9.680254899828707e-02 3.1e+01 3.36e-02  2e-02  6e-02 333:16.5
  243   2916 -9.681780040673102e-02 3.2e+01 3.64e-02  2e-02  7e-02 336:06.3
  245   2940 -9.682284609456736e-02 3.3e+01 3.99e-02  2e-02  8e-02 338:55.8
  247   2964 -9.681210498886542e-02 3.5e+01 4.18e-02  2e-02  8e-02 341:45.5
  249   2988 -9.689243595412272e-02 3.6e+01 4.15e-02  2e-02  9e-02 344:32.0
  251   3012 -9.685518542060911e-02 3.7e+01 3.89e-02  2e-02  8e-02 347:20.7
  253   3036 -9.693939562644537e-02 3.7e+01 3.80e-02  2e-02  8e-02 350:10.1
  255   3060 -9.688632298049675e-02 3.8e+01 3.57e-02  2e-02  7e-02 352:58.9
  257   3084 -9.688698060908471e-02 3.8e+01 3.46e-02  2e-02  7e-02 355:48.8
  260   3120 -9.695704325011313e-02 3.9e+01 3.35e-02  2e-02  7e-02 360:02.1
  263   3156 -9.695041599265476e-02 4.0e+01 3.04e-02  1e-02  6e-02 364:16.5
  266   3192 -9.699586103649084e-02 4.1e+01 3.29e-02  2e-02  7e-02 368:30.1
  269   3228 -9.705765839951584e-02 4.2e+01 3.64e-02  2e-02  8e-02 372:43.3
  272   3264 -9.704858435817294e-02 4.5e+01 3.81e-02  2e-02  8e-02 376:57.4
  275   3300 -9.704544600565666e-02 4.6e+01 3.76e-02  2e-02  9e-02 381:11.1
  278   3336 -9.709466541449954e-02 4.7e+01 3.29e-02  2e-02  8e-02 385:21.5
  281   3372 -9.707885242434830e-02 4.7e+01 3.05e-02  1e-02  7e-02 389:07.3
  284   3408 -9.710681387298495e-02 4.7e+01 3.41e-02  2e-02  8e-02 393:13.9
  287   3444 -9.710189552350566e-02 4.5e+01 3.39e-02  2e-02  7e-02 397:25.3
  290   3480 -9.712218060430339e-02 4.5e+01 3.02e-02  2e-02  7e-02 401:39.5
  293   3516 -9.713058675156262e-02 4.5e+01 3.01e-02  2e-02  7e-02 405:52.7
  296   3552 -9.714568529610705e-02 4.6e+01 2.76e-02  1e-02  6e-02 410:06.8
  299   3588 -9.713835394604371e-02 4.5e+01 2.47e-02  1e-02  5e-02 414:20.5
  300   3600 -9.713047596898261e-02 4.5e+01 2.41e-02  1e-02  5e-02 415:44.7
  303   3636 -9.715465316220634e-02 4.6e+01 2.30e-02  1e-02  5e-02 419:58.8
  306   3672 -9.715960466822887e-02 4.6e+01 1.90e-02  9e-03  4e-02 424:11.9
  309   3708 -9.717605322906055e-02 4.9e+01 1.94e-02  9e-03  4e-02 428:24.7
  312   3744 -9.721517811351044e-02 5.2e+01 2.05e-02  1e-02  5e-02 432:29.0
  315   3780 -9.723416116043872e-02 5.4e+01 2.29e-02  1e-02  5e-02 436:40.8
  318   3816 -9.725050808821172e-02 5.9e+01 2.63e-02  1e-02  7e-02 440:51.9
  321   3852 -9.728680594602440e-02 6.1e+01 2.67e-02  1e-02  7e-02 444:52.8
  324   3888 -9.728526108131300e-02 6.4e+01 2.99e-02  1e-02  8e-02 448:53.3
  327   3924 -9.732531422735342e-02 6.9e+01 3.29e-02  2e-02  1e-01 452:54.9
  330   3960 -9.737182171674064e-02 7.2e+01 3.29e-02  1e-02  1e-01 457:08.6
  333   3996 -9.744089510358547e-02 7.6e+01 3.70e-02  2e-02  1e-01 461:22.6
  336   4032 -9.745234058884045e-02 8.1e+01 3.76e-02  2e-02  1e-01 465:37.5
  339   4068 -9.750361091888256e-02 8.4e+01 4.19e-02  2e-02  1e-01 469:51.9
  342   4104 -9.759521317929465e-02 8.8e+01 4.05e-02  2e-02  1e-01 474:06.7
  345   4140 -9.764404022347707e-02 9.1e+01 4.16e-02  2e-02  2e-01 478:21.3
  348   4176 -9.774588568372959e-02 9.3e+01 4.18e-02  2e-02  1e-01 482:35.4
  351   4212 -9.773435671871625e-02 9.5e+01 4.35e-02  2e-02  2e-01 486:08.4
  354   4248 -9.774118963114287e-02 9.6e+01 4.60e-02  2e-02  2e-01 489:35.1
  357   4284 -9.777333021472176e-02 9.4e+01 4.46e-02  2e-02  2e-01 493:03.1
  360   4320 -9.790520772353763e-02 9.4e+01 4.55e-02  2e-02  2e-01 496:35.3
  363   4356 -9.792248416916334e-02 9.4e+01 4.37e-02  2e-02  2e-01 500:43.9
  366   4392 -9.798841848249967e-02 9.4e+01 4.26e-02  2e-02  2e-01 505:09.5
  369   4428 -9.802410558519400e-02 9.7e+01 4.45e-02  2e-02  2e-01 509:35.0
  372   4464 -9.802634121876370e-02 9.7e+01 3.94e-02  1e-02  1e-01 514:00.8
  375   4500 -9.807136452903825e-02 9.8e+01 3.41e-02  1e-02  1e-01 518:26.7
  378   4536 -9.810069840135459e-02 9.6e+01 3.08e-02  1e-02  1e-01 522:52.9
  381   4572 -9.813001878467766e-02 1.0e+02 3.12e-02  1e-02  1e-01 527:18.9
  384   4608 -9.818307131181021e-02 1.0e+02 3.22e-02  1e-02  1e-01 531:44.8
  387   4644 -9.822141437375817e-02 1.1e+02 3.44e-02  1e-02  1e-01 536:05.7
  390   4680 -9.825663872609536e-02 1.1e+02 3.79e-02  1e-02  1e-01 540:26.4
  393   4716 -9.829569457809122e-02 1.1e+02 3.75e-02  1e-02  1e-01 544:50.2
  396   4752 -9.828339449364538e-02 1.1e+02 3.78e-02  1e-02  2e-01 549:02.3
  399   4788 -9.831531277046060e-02 1.1e+02 3.41e-02  1e-02  1e-01 553:12.7
  400   4800 -9.833391023796086e-02 1.1e+02 3.46e-02  1e-02  1e-01 554:36.0
  403   4836 -9.833768382729201e-02 1.1e+02 3.46e-02  1e-02  1e-01 558:47.1
  406   4872 -9.840790088111750e-02 1.1e+02 3.48e-02  1e-02  1e-01 562:57.9
  409   4908 -9.847380615548537e-02 1.1e+02 3.49e-02  1e-02  1e-01 566:48.9
  412   4944 -9.849311471161866e-02 1.2e+02 3.78e-02  1e-02  2e-01 570:40.2
  415   4980 -9.852630191222232e-02 1.3e+02 4.55e-02  2e-02  2e-01 574:32.6
  418   5016 -9.853452717592570e-02 1.4e+02 5.10e-02  2e-02  3e-01 578:21.7
  421   5052 -9.857655563794460e-02 1.4e+02 5.06e-02  2e-02  3e-01 582:45.0
  424   5088 -9.861259010519087e-02 1.4e+02 5.10e-02  2e-02  3e-01 587:07.9
  427   5124 -9.860106834547093e-02 1.4e+02 4.87e-02  2e-02  3e-01 591:31.0
  430   5160 -9.866913419639971e-02 1.5e+02 4.71e-02  1e-02  2e-01 595:54.5
  433   5196 -9.867883557991348e-02 1.5e+02 4.76e-02  2e-02  2e-01 599:51.5
  436   5232 -9.867666792099342e-02 1.5e+02 4.14e-02  1e-02  2e-01 604:11.0
  439   5268 -9.869972586367655e-02 1.5e+02 3.68e-02  1e-02  2e-01 608:35.0
  442   5304 -9.872709202984242e-02 1.5e+02 3.34e-02  1e-02  2e-01 612:58.1
  445   5340 -9.874986690482609e-02 1.5e+02 3.28e-02  1e-02  2e-01 617:20.2
  448   5376 -9.878453529738138e-02 1.5e+02 3.22e-02  9e-03  2e-01 621:43.7
  451   5412 -9.879973685724062e-02 1.5e+02 3.59e-02  1e-02  2e-01 626:06.7
  454   5448 -9.887546309542297e-02 1.5e+02 3.98e-02  1e-02  2e-01 630:28.8
  457   5484 -9.893767893474656e-02 1.5e+02 4.11e-02  1e-02  2e-01 634:51.6
  460   5520 -9.892800705184260e-02 1.5e+02 4.40e-02  1e-02  2e-01 639:14.3
  463   5556 -9.897456708779269e-02 1.6e+02 4.04e-02  1e-02  2e-01 643:37.4
  467   5604 -9.908644765331361e-02 1.6e+02 3.98e-02  1e-02  2e-01 648:39.8
  470   5640 -9.912385486153848e-02 1.7e+02 4.58e-02  1e-02  2e-01 653:00.9
  474   5688 -9.919997536978353e-02 1.7e+02 5.62e-02  1e-02  3e-01 657:49.2
  478   5736 -9.937425629565269e-02 1.8e+02 6.25e-02  2e-02  4e-01 662:09.6
  482   5784 -9.948225596335303e-02 1.9e+02 6.46e-02  2e-02  4e-01 667:14.0
  485   5820 -9.946678261901261e-02 1.9e+02 7.01e-02  2e-02  4e-01 671:34.1
  488   5856 -9.959867616766489e-02 2.0e+02 6.38e-02  2e-02  4e-01 675:56.0
  491   5892 -9.974639128613871e-02 2.0e+02 6.10e-02  1e-02  4e-01 680:17.1
  494   5928 -9.969759897504701e-02 2.1e+02 6.59e-02  2e-02  4e-01 684:38.2
  497   5964 -9.973778860801147e-02 2.2e+02 6.55e-02  2e-02  4e-01 688:59.8
  500   6000 -9.981079518076501e-02 2.2e+02 6.10e-02  1e-02  4e-01 693:20.5
  503   6036 -9.980455680389810e-02 2.2e+02 6.31e-02  1e-02  4e-01 697:42.1
  507   6084 -9.979228144393809e-02 2.2e+02 6.37e-02  1e-02  4e-01 702:39.3
  510   6120 -9.998780392739971e-02 2.2e+02 6.20e-02  1e-02  4e-01 706:58.9
  513   6156 -9.997686791284667e-02 2.2e+02 5.63e-02  1e-02  4e-01 711:20.3
  516   6192 -1.000562719345956e-01 2.2e+02 5.26e-02  1e-02  3e-01 715:41.8
  519   6228 -1.001223322641941e-01 2.2e+02 4.95e-02  1e-02  3e-01 720:03.4
  522   6264 -1.001864772413518e-01 2.2e+02 4.91e-02  1e-02  3e-01 724:25.3
  525   6300 -1.001598155597725e-01 2.2e+02 4.94e-02  1e-02  3e-01 728:47.4
  529   6348 -1.001996914042402e-01 2.3e+02 4.67e-02  9e-03  3e-01 734:21.4
  533   6396 -1.003795000808422e-01 2.4e+02 5.54e-02  1e-02  4e-01 738:49.2
  537   6444 -1.003618588417404e-01 2.6e+02 5.82e-02  1e-02  4e-01 743:46.3
  541   6492 -1.005426251477896e-01 2.6e+02 5.87e-02  1e-02  4e-01 748:43.5
  545   6540 -1.006900120260301e-01 2.7e+02 6.31e-02  1e-02  5e-01 753:40.4
  549   6588 -1.007663047378272e-01 2.8e+02 7.40e-02  1e-02  6e-01 758:42.9
  553   6636 -1.006749014702800e-01 2.8e+02 8.44e-02  2e-02  7e-01 764:13.9
  557   6684 -1.007019738632458e-01 2.8e+02 7.88e-02  1e-02  6e-01 769:44.7
  561   6732 -1.009072834810387e-01 2.8e+02 6.71e-02  1e-02  5e-01 775:06.8
  565   6780 -1.008137850127177e-01 2.7e+02 6.08e-02  1e-02  5e-01 779:38.9
  569   6828 -1.008667697149938e-01 2.6e+02 5.64e-02  9e-03  5e-01 784:17.9
  573   6876 -1.009112079446307e-01 2.6e+02 5.05e-02  8e-03  4e-01 788:53.8
  577   6924 -1.008959677982710e-01 2.6e+02 5.34e-02  8e-03  4e-01 793:41.4
  581   6972 -1.010088828269537e-01 2.7e+02 5.01e-02  8e-03  4e-01 798:29.9
  585   7020 -1.010205547512588e-01 2.8e+02 5.15e-02  8e-03  4e-01 803:18.6
  589   7068 -1.010657804380471e-01 2.9e+02 5.36e-02  8e-03  4e-01 808:08.4
  593   7116 -1.010920329075849e-01 2.9e+02 4.88e-02  7e-03  4e-01 812:59.8
  597   7164 -1.011414783678236e-01 2.8e+02 4.31e-02  6e-03  3e-01 817:41.6
  600   7200 -1.011622127893617e-01 2.8e+02 3.96e-02  5e-03  3e-01 821:08.6
  605   7260 -1.011994087895002e-01 3.1e+02 4.65e-02  6e-03  4e-01 826:47.2
  610   7320 -1.012682393248134e-01 3.3e+02 5.24e-02  6e-03  5e-01 832:21.6
  615   7380 -1.013152021972372e-01 3.4e+02 4.95e-02  6e-03  5e-01 837:58.0
  620   7440 -1.013944422725861e-01 3.6e+02 4.91e-02  6e-03  5e-01 843:40.5
  625   7500 -1.013687750964323e-01 3.7e+02 4.71e-02  5e-03  4e-01 849:23.7
  630   7560 -1.014843586278349e-01 3.7e+02 4.23e-02  4e-03  4e-01 855:11.9
  634   7608 -1.014762117316133e-01 3.8e+02 4.80e-02  5e-03  4e-01 860:04.7
  638   7656 -1.015568438146052e-01 3.8e+02 5.36e-02  5e-03  5e-01 865:02.3
  642   7704 -1.016028483970288e-01 3.9e+02 6.40e-02  6e-03  6e-01 869:49.2
  647   7764 -1.015187311438447e-01 4.0e+02 7.54e-02  7e-03  7e-01 875:16.6
  652   7824 -1.016832362191525e-01 4.1e+02 6.77e-02  6e-03  7e-01 880:35.8
  657   7884 -1.017187233277823e-01 4.2e+02 7.87e-02  8e-03  8e-01 885:59.5
  662   7944 -1.016449086258658e-01 4.2e+02 7.94e-02  7e-03  8e-01 891:24.1
  667   8004 -1.016403731033772e-01 4.2e+02 7.46e-02  7e-03  7e-01 896:48.9
  672   8064 -1.017728036007047e-01 4.1e+02 6.50e-02  6e-03  6e-01 902:13.6
  677   8124 -1.017880880043047e-01 4.1e+02 5.27e-02  5e-03  5e-01 907:38.1
  682   8184 -1.018126138166439e-01 3.8e+02 4.32e-02  4e-03  4e-01 913:02.9
  687   8244 -1.018388623172179e-01 3.9e+02 4.05e-02  3e-03  4e-01 918:26.8
  692   8304 -1.018552285836530e-01 3.9e+02 3.74e-02  3e-03  3e-01 923:50.3
  697   8364 -1.018892711380806e-01 3.8e+02 3.95e-02  3e-03  3e-01 929:13.5
  700   8400 -1.018921369328914e-01 3.8e+02 4.17e-02  3e-03  4e-01 932:27.2
  705   8460 -1.019249699681718e-01 3.9e+02 3.86e-02  3e-03  3e-01 937:40.9
  710   8520 -1.019366807962191e-01 4.0e+02 3.62e-02  3e-03  3e-01 942:48.0
  715   8580 -1.019749195426229e-01 4.1e+02 3.88e-02  3e-03  3e-01 947:54.6
  720   8640 -1.019788517614748e-01 4.2e+02 4.84e-02  4e-03  4e-01 953:02.2
  725   8700 -1.020106138633938e-01 4.1e+02 5.06e-02  4e-03  4e-01 958:08.9
  730   8760 -1.020589582416817e-01 4.1e+02 5.29e-02  4e-03  4e-01 963:16.5
  735   8820 -1.020623165458516e-01 4.0e+02 5.17e-02  4e-03  4e-01 968:24.8
  740   8880 -1.020918638054442e-01 4.0e+02 5.15e-02  4e-03  4e-01 973:32.0
  745   8940 -1.021112201710651e-01 4.1e+02 4.84e-02  3e-03  4e-01 978:39.7
  751   9012 -1.021564660535853e-01 4.2e+02 4.59e-02  3e-03  4e-01 984:48.9
  757   9084 -1.021654603378256e-01 4.2e+02 4.56e-02  3e-03  4e-01 990:56.7
  763   9156 -1.022037210344117e-01 4.2e+02 5.02e-02  3e-03  4e-01 997:04.3
  769   9228 -1.022173090785708e-01 4.3e+02 4.71e-02  3e-03  4e-01 1003:15.0
  775   9300 -1.022134504380370e-01 4.3e+02 4.58e-02  3e-03  4e-01 1009:24.4
  781   9372 -1.022177423824060e-01 4.2e+02 4.30e-02  3e-03  3e-01 1015:32.0
  787   9444 -1.022353510622342e-01 4.3e+02 3.33e-02  2e-03  3e-01 1021:37.3
  793   9516 -1.022298276360910e-01 4.4e+02 3.58e-02  2e-03  3e-01 1027:42.1
  799   9588 -1.022339009011055e-01 4.5e+02 3.65e-02  2e-03  3e-01 1033:48.0
  800   9600 -1.022422293584564e-01 4.5e+02 3.52e-02  2e-03  3e-01 1034:49.3
  806   9672 -1.022558575501713e-01 4.6e+02 3.32e-02  2e-03  3e-01 1040:57.3
  812   9744 -1.022600903388429e-01 4.6e+02 3.59e-02  2e-03  3e-01 1047:07.6
  818   9816 -1.022676149097036e-01 4.9e+02 3.01e-02  2e-03  2e-01 1053:15.9
  824   9888 -1.022765188144698e-01 5.0e+02 2.81e-02  1e-03  2e-01 1059:21.4
  830   9960 -1.022855554390632e-01 4.9e+02 2.91e-02  1e-03  2e-01 1065:27.9
  836  10032 -1.022870869676260e-01 4.9e+02 2.64e-02  1e-03  2e-01 1071:36.5
  842  10104 -1.022945293498336e-01 4.9e+02 2.66e-02  1e-03  2e-01 1077:44.9
  848  10176 -1.022990630854961e-01 5.0e+02 2.41e-02  1e-03  2e-01 1083:55.0
  854  10248 -1.023058936600072e-01 5.0e+02 2.72e-02  1e-03  2e-01 1090:04.3
  860  10320 -1.023035470932103e-01 5.0e+02 2.85e-02  1e-03  2e-01 1096:14.3
  866  10392 -1.023151704689976e-01 5.3e+02 2.28e-02  1e-03  2e-01 1102:25.2
  872  10464 -1.023171412910611e-01 5.2e+02 2.43e-02  1e-03  2e-01 1108:34.3
  878  10536 -1.023192649917612e-01 5.2e+02 2.24e-02  1e-03  2e-01 1114:42.7
  884  10608 -1.023244274288678e-01 5.3e+02 1.93e-02  9e-04  1e-01 1120:49.7
  890  10680 -1.023284055740264e-01 5.3e+02 2.15e-02  1e-03  2e-01 1126:58.5
  896  10752 -1.023328369960215e-01 5.4e+02 2.72e-02  1e-03  2e-01 1133:07.4
  900  10800 -1.023368159629244e-01 5.3e+02 2.56e-02  1e-03  2e-01 1137:12.0
  906  10872 -1.023379345689078e-01 5.3e+02 2.67e-02  1e-03  2e-01 1143:20.9
  911  10932 -1.023447004761438e-01 5.5e+02 2.95e-02  1e-03  2e-01 1150:16.1
  915  10980 -1.023516823330020e-01 5.5e+02 3.02e-02  1e-03  2e-01 1156:10.1
  919  11028 -1.023520938216005e-01 5.5e+02 3.01e-02  1e-03  2e-01 1162:04.2
  923  11076 -1.023577102865086e-01 5.6e+02 2.93e-02  1e-03  2e-01 1167:59.1
  927  11124 -1.023620287548935e-01 5.6e+02 2.85e-02  1e-03  2e-01 1173:54.0
  931  11172 -1.023684819537558e-01 5.7e+02 3.15e-02  1e-03  2e-01 1179:46.1
  935  11220 -1.023776505100729e-01 5.8e+02 3.23e-02  1e-03  2e-01 1185:40.0
  939  11268 -1.023834640702559e-01 5.8e+02 3.76e-02  1e-03  3e-01 1191:34.3
  943  11316 -1.023908834061229e-01 5.8e+02 4.13e-02  2e-03  3e-01 1197:29.0
  947  11364 -1.023925679646550e-01 5.8e+02 4.23e-02  2e-03  3e-01 1203:23.3
  951  11412 -1.024040186463760e-01 5.6e+02 4.51e-02  2e-03  3e-01 1209:15.6
  955  11460 -1.024115387849033e-01 5.7e+02 5.37e-02  2e-03  4e-01 1215:09.9
  959  11508 -1.024214290267484e-01 5.7e+02 6.03e-02  2e-03  4e-01 1221:04.7
  963  11556 -1.024369382196066e-01 5.9e+02 5.99e-02  2e-03  4e-01 1226:59.1
  967  11604 -1.024386058556293e-01 6.0e+02 6.59e-02  2e-03  5e-01 1232:54.5
  971  11652 -1.024426507280760e-01 6.1e+02 5.72e-02  2e-03  4e-01 1238:49.7
  975  11700 -1.024527261617860e-01 6.2e+02 5.48e-02  2e-03  4e-01 1244:44.8
  980  11760 -1.024673162000781e-01 6.1e+02 5.52e-02  2e-03  4e-01 1252:06.4
  984  11808 -1.024667855428342e-01 6.1e+02 5.45e-02  2e-03  4e-01 1258:01.4
  989  11868 -1.024842026561292e-01 6.1e+02 5.27e-02  2e-03  4e-01 1265:24.6
  994  11928 -1.025112532035444e-01 6.1e+02 5.87e-02  2e-03  4e-01 1272:47.7
  999  11988 -1.025215067621547e-01 6.2e+02 6.20e-02  2e-03  4e-01 1280:10.8
 1000  12000 -1.025167857866255e-01 6.1e+02 6.63e-02  2e-03  5e-01 1281:39.1
Budget constraint satisfied 1206.0273056030273 1478 Difference:  271.97269439697266
Budget constraint satisfied 1245.426342010498 1478 Difference:  232.57365798950195
two_most_probable_states: ['1100011100100', '1100111100100']
final_expectation_value: -0.10252150676215474
params: [0.01574063124339129, 1.6998637073356684, 2.2312823958944974, 4.675270332026123, 7.3971992264258555, -0.5706686235070647, 17.43043620331424, 26.395713030248643, 27.631332039293287, -1.457554141687517, 1.7674910622908293, 1.5680699838661907, 2.5188118189735724, -0.5147790502858769, 0.5612200962660722, 2.306085950791374, 3.0218547827606606, 3.071183699583615, 2.934173173450658, 0.15892839415488944]
total_steps: 1000
states_probs: [0.0017042676530721996, 0.0017426404685342953]
optimized_portfolios: [{'CVX': 3, 'DOW': 14, 'HON': 1}, {'CVX': 3, 'DOW': 15, 'HON': 1}]
objective_values: [-3957.9070878752964, -5023.987682989536]
result_with_budget: [{'portfolio': {'CVX': 3, 'DOW': 14, 'HON': 1}, 'budget': 1206.0273056030273, 'difference': 271.97269439697266}, {'portfolio': {'CVX': 3, 'DOW': 15, 'HON': 1}, 'budget': 1245.426342010498, 'difference': 232.57365798950195}]
Batch 18/100 completed. Results saved to portfolio_optimization_results_batch_17.json
Job finished at Sun Mar 23 08:30:36 EET 2025
