Running job array 18 on pe64.int.triton.aalto.fi
Starting at Sat Mar 15 11:22:30 EET 2025
Activating virtual environment at /scratch/work/uotilav2/quantum-portfolio/venv
Processing batch 19/30: experiments 270 to 284 (total 15)
Skipping experiment 270 (already processed)
Skipping experiment 271 (already processed)
Skipping experiment 272 (already processed)
Processing experiment 273
Budget: 401.48497009277344
YF.download() has changed argument auto_adjust default to True
Expected returns: 0.2741398337070822
Covariance matrix: 0.41244611088942457
3rd-order coskewness tensor: -0.0030566793323150224
4th-order cokurtosis tensor: 5.303612997843965
Number of qubits for asset AAPL: 1
Number of qubits for asset AXP: 1
Number of qubits for asset MSFT: 1
Number of qubits for asset NKE: 3
Number of qubits for asset WBA: 6
Total number of qubits:  12
Optimized Weights (considering variance, skewness and kurtosis):
AAPL: 21.65%
AXP: 12.13%
MSFT: 13.17%
NKE: 21.23%
WBA: 31.82%
Left over budget:  1.4110640074332537
Optimized Discrete Allocation:
AAPL: 1
NKE: 1
WBA: 8
Maximized utility from continuous higher moments:  -5331.717194269817
Budget constraint satisfied 400.72283935546875 401.48497009277344 Difference:  0.7621307373046875
Budget constraint not satisfied 410.0528392791748 401.48497009277344 Difference:  -8.567869186401367
smallest_eigenvalues: [-0.002266103622261691]
smallest_bitstrings: ['100010000000']
first_excited_energy: -0.0022658796149305225
optimized_portfolio: [{'AAPL': 1, 'AXP': 0, 'MSFT': 0, 'NKE': 2, 'WBA': 0}]
second_optimized_portfolio: [{'AAPL': 1, 'AXP': 0, 'MSFT': 0, 'NKE': 2, 'WBA': 1}]
result_with_budget: [{'portfolio': {'AAPL': 1, 'AXP': 0, 'MSFT': 0, 'NKE': 2, 'WBA': 0}, 'budget': 400.72283935546875, 'difference': 0.7621307373046875, 'objective_value': -52.61787665185324}]
result_with_budget_excited: [{'portfolio': {'AAPL': 1, 'AXP': 0, 'MSFT': 0, 'NKE': 2, 'WBA': 1}, 'budget': 410.0528392791748, 'difference': -8.567869186401367, 'objective_value': -37.32920851639199}]
Initial params:  [2.51063067 1.44978017 2.45210473 0.37157007 2.01037118 0.45035763
 2.96776493 1.63943485 1.3026989  0.83112597 2.43232687 1.43303853
 1.78578792 0.0590299  1.94035914 1.92295543 1.93815531 2.96487203
 2.14200164 1.12942738]
(6_w,12)-aCMA-ES (mu_w=3.7,w_1=40%) in dimension 20 (seed=179665, Sat Mar 15 11:23:26 2025)
Iterat #Fevals   function value  axis ratio  sigma  min&max std  t[m:s]
    1     12 6.823898070380541e-02 1.0e+00 1.38e+00  1e+00  1e+00 1:03.9
    2     24 8.782244329627049e-02 1.1e+00 1.28e+00  1e+00  1e+00 2:07.6
    3     36 6.200092817083060e-02 1.1e+00 1.20e+00  1e+00  1e+00 3:11.5
    4     48 6.690408390394120e-02 1.1e+00 1.12e+00  1e+00  1e+00 4:15.1
    5     60 4.435373708234831e-02 1.2e+00 1.06e+00  1e+00  1e+00 5:17.8
    6     72 6.269745988378601e-02 1.2e+00 1.03e+00  1e+00  1e+00 6:19.7
    7     84 3.515553434988612e-02 1.2e+00 1.01e+00  1e+00  1e+00 7:21.9
    8     96 1.908438132227445e-01 1.2e+00 9.88e-01  9e-01  1e+00 8:24.8
    9    108 1.017526044829041e-01 1.3e+00 9.67e-01  9e-01  1e+00 9:26.8
   10    120 7.723059484864744e-02 1.3e+00 9.73e-01  9e-01  1e+00 10:29.0
   11    132 8.715916239370569e-02 1.3e+00 9.73e-01  9e-01  1e+00 11:30.9
   12    144 4.039990962655216e-02 1.3e+00 9.71e-01  9e-01  1e+00 12:33.8
   13    156 8.065456897413871e-02 1.4e+00 9.64e-01  9e-01  1e+00 13:35.6
   14    168 8.531364190402542e-02 1.4e+00 9.51e-01  9e-01  1e+00 14:37.5
   15    180 6.108369515243867e-02 1.4e+00 9.56e-01  9e-01  1e+00 15:39.0
   16    192 1.714806755108602e-02 1.4e+00 9.39e-01  9e-01  1e+00 16:41.3
   17    204 8.131204995385385e-02 1.4e+00 9.30e-01  9e-01  1e+00 17:43.5
   18    216 9.881909197085499e-02 1.4e+00 9.28e-01  9e-01  1e+00 18:45.4
   19    228 7.457959192644892e-02 1.4e+00 9.37e-01  9e-01  1e+00 19:47.1
   20    240 7.771354675299014e-02 1.5e+00 9.42e-01  9e-01  1e+00 20:48.8
   21    252 4.603627037467697e-02 1.5e+00 9.34e-01  9e-01  1e+00 21:50.7
   22    264 9.212387466888829e-02 1.5e+00 9.57e-01  9e-01  1e+00 22:52.8
   23    276 4.674226582621796e-02 1.5e+00 9.99e-01  9e-01  1e+00 23:54.7
   24    288 6.376791999339118e-02 1.5e+00 1.05e+00  1e+00  1e+00 24:56.4
   25    300 1.031710997085452e-01 1.6e+00 1.07e+00  1e+00  1e+00 25:58.3
   26    312 9.318530752495802e-02 1.6e+00 1.09e+00  1e+00  1e+00 26:59.9
   27    324 6.711388614132992e-02 1.6e+00 1.07e+00  1e+00  1e+00 28:01.7
   28    336 6.019294121393573e-02 1.7e+00 1.10e+00  1e+00  1e+00 29:03.5
   29    348 1.487549917592058e-01 1.7e+00 1.08e+00  1e+00  1e+00 30:05.2
   30    360 9.303572179172215e-02 1.7e+00 1.10e+00  1e+00  1e+00 31:07.5
   31    372 1.020461852740077e-01 1.8e+00 1.13e+00  1e+00  1e+00 32:09.8
   32    384 7.252381624677375e-02 1.8e+00 1.15e+00  1e+00  1e+00 33:11.8
   33    396 8.382269497650321e-02 1.8e+00 1.16e+00  1e+00  1e+00 34:14.6
   34    408 1.159632286979556e-01 1.9e+00 1.16e+00  1e+00  1e+00 35:16.5
   35    420 8.337904556554283e-02 1.9e+00 1.17e+00  1e+00  1e+00 36:18.9
   36    432 6.260426104668157e-02 1.9e+00 1.16e+00  1e+00  1e+00 37:20.4
   37    444 7.235984824453887e-02 1.9e+00 1.11e+00  1e+00  1e+00 38:23.4
   38    456 9.219116363101283e-02 2.0e+00 1.04e+00  9e-01  1e+00 39:25.0
   39    468 5.421318734328034e-02 2.0e+00 1.01e+00  9e-01  1e+00 40:27.1
   40    480 7.574994940007494e-02 2.0e+00 9.88e-01  9e-01  1e+00 41:28.7
   41    492 1.041845671129542e-01 2.0e+00 1.00e+00  9e-01  1e+00 42:30.6
   42    504 8.753698706474776e-02 2.0e+00 9.87e-01  9e-01  1e+00 43:32.5
   43    516 7.213075593933907e-02 2.0e+00 1.01e+00  9e-01  1e+00 44:34.4
   44    528 5.569389122572328e-02 2.0e+00 1.04e+00  9e-01  1e+00 45:36.1
   45    540 8.710942593814219e-02 2.0e+00 1.08e+00  9e-01  1e+00 46:38.8
   46    552 7.136394400727940e-02 2.0e+00 1.13e+00  1e+00  1e+00 47:40.7
   47    564 6.306251068274235e-02 2.1e+00 1.16e+00  1e+00  1e+00 48:42.3
   48    576 8.059981932408503e-02 2.1e+00 1.21e+00  1e+00  1e+00 49:44.1
   49    588 3.268052361084267e-02 2.1e+00 1.20e+00  1e+00  1e+00 50:45.8
   50    600 4.114877824251436e-02 2.1e+00 1.17e+00  1e+00  1e+00 51:47.4
   51    612 6.481740898725671e-02 2.1e+00 1.13e+00  1e+00  1e+00 52:48.9
   52    624 4.160692537390213e-02 2.1e+00 1.14e+00  1e+00  1e+00 53:50.6
   53    636 5.164653546489031e-02 2.1e+00 1.13e+00  1e+00  1e+00 54:52.5
   54    648 6.221808252510674e-02 2.2e+00 1.13e+00  1e+00  1e+00 55:54.0
   55    660 9.371033835411464e-02 2.2e+00 1.12e+00  1e+00  1e+00 56:55.4
   56    672 7.203781535699283e-02 2.2e+00 1.12e+00  1e+00  1e+00 57:57.1
   57    684 1.188595708376097e-01 2.2e+00 1.11e+00  9e-01  1e+00 58:58.7
   58    696 1.371651724946134e-01 2.2e+00 1.11e+00  9e-01  1e+00 60:00.8
   59    708 1.161398305752509e-01 2.2e+00 1.13e+00  1e+00  1e+00 61:02.5
   60    720 7.986774039998125e-02 2.3e+00 1.10e+00  9e-01  1e+00 62:04.1
   61    732 4.779898106465546e-02 2.3e+00 1.08e+00  9e-01  1e+00 63:05.7
   62    744 9.288332034474617e-02 2.3e+00 1.08e+00  9e-01  1e+00 64:07.3
   64    768 8.401371095436072e-02 2.3e+00 1.09e+00  9e-01  1e+00 66:11.3
   66    792 6.955104503399899e-02 2.4e+00 1.15e+00  1e+00  1e+00 68:14.5
   68    816 6.241371032201176e-02 2.4e+00 1.27e+00  1e+00  1e+00 70:18.2
   70    840 6.708476715082927e-02 2.4e+00 1.31e+00  1e+00  2e+00 72:21.6
   72    864 4.470766895749586e-02 2.4e+00 1.30e+00  1e+00  2e+00 74:24.9
   74    888 1.325080321713344e-01 2.4e+00 1.27e+00  1e+00  2e+00 76:28.2
   76    912 1.099749660643888e-01 2.4e+00 1.23e+00  1e+00  1e+00 78:31.8
   78    936 1.225876191807249e-01 2.4e+00 1.20e+00  1e+00  1e+00 80:35.2
   80    960 1.086237186863316e-01 2.4e+00 1.17e+00  1e+00  1e+00 82:38.7
   82    984 6.832831949728455e-02 2.5e+00 1.08e+00  1e+00  1e+00 84:41.9
   84   1008 4.324867855776557e-02 2.5e+00 1.11e+00  1e+00  1e+00 86:45.7
   86   1032 8.365914756588959e-02 2.5e+00 1.11e+00  1e+00  1e+00 88:49.3
   88   1056 6.757397536979191e-02 2.5e+00 1.13e+00  1e+00  1e+00 90:53.0
   90   1080 6.542810262338980e-02 2.5e+00 1.13e+00  1e+00  1e+00 92:56.9
   92   1104 9.578384923449960e-02 2.5e+00 1.11e+00  1e+00  1e+00 95:00.2
   94   1128 3.780347200162231e-02 2.5e+00 1.12e+00  1e+00  1e+00 97:03.4
   96   1152 7.168673156030511e-02 2.5e+00 1.14e+00  1e+00  1e+00 99:07.3
   98   1176 6.393369208595993e-02 2.4e+00 1.14e+00  1e+00  1e+00 101:10.7
  100   1200 6.740598645651694e-02 2.5e+00 1.12e+00  1e+00  1e+00 103:14.2
  102   1224 4.061075731627743e-02 2.5e+00 1.17e+00  1e+00  1e+00 105:18.0
  104   1248 6.157926618574923e-02 2.5e+00 1.21e+00  1e+00  1e+00 107:21.5
  106   1272 1.459923841284078e-01 2.5e+00 1.24e+00  1e+00  2e+00 109:25.1
  108   1296 7.118299757734564e-02 2.5e+00 1.30e+00  1e+00  2e+00 111:28.8
  110   1320 7.908185163135642e-02 2.5e+00 1.32e+00  1e+00  2e+00 113:32.3
  112   1344 1.050469161360994e-01 2.5e+00 1.31e+00  1e+00  2e+00 115:35.9
  114   1368 1.099666946623518e-01 2.5e+00 1.27e+00  1e+00  2e+00 117:39.1
  116   1392 1.168878461023498e-01 2.5e+00 1.26e+00  1e+00  2e+00 119:42.9
  118   1416 7.513372052291403e-02 2.5e+00 1.27e+00  1e+00  2e+00 121:46.5
  120   1440 1.006623685968218e-01 2.5e+00 1.29e+00  1e+00  2e+00 123:50.4
  122   1464 4.843221027457960e-02 2.5e+00 1.25e+00  1e+00  2e+00 125:54.2
  124   1488 6.941573305115910e-02 2.4e+00 1.22e+00  1e+00  2e+00 127:57.6
  126   1512 1.074552403443612e-01 2.4e+00 1.28e+00  1e+00  2e+00 130:01.2
  128   1536 7.690425793158673e-02 2.5e+00 1.33e+00  1e+00  2e+00 132:04.9
  130   1560 4.410790952637930e-02 2.5e+00 1.27e+00  1e+00  2e+00 134:08.3
  132   1584 9.801469622423718e-02 2.6e+00 1.27e+00  1e+00  2e+00 136:11.7
  134   1608 6.262880572270282e-02 2.6e+00 1.29e+00  1e+00  2e+00 138:15.1
  136   1632 1.157470420513213e-01 2.6e+00 1.25e+00  1e+00  2e+00 140:18.9
  138   1656 8.899107392206022e-02 2.6e+00 1.23e+00  1e+00  1e+00 142:22.5
  140   1680 5.944221587220413e-02 2.6e+00 1.18e+00  1e+00  1e+00 144:25.7
  142   1704 1.007703796688325e-01 2.6e+00 1.17e+00  1e+00  1e+00 146:29.3
  144   1728 1.084914806476488e-01 2.6e+00 1.19e+00  1e+00  1e+00 148:32.9
  146   1752 1.502491745094894e-01 2.6e+00 1.21e+00  1e+00  1e+00 150:36.6
  148   1776 1.039419650706156e-01 2.6e+00 1.20e+00  1e+00  1e+00 152:40.5
  150   1800 1.067727520629542e-01 2.6e+00 1.12e+00  1e+00  1e+00 154:44.0
  152   1824 5.405964267596768e-02 2.6e+00 1.06e+00  9e-01  1e+00 156:47.9
  154   1848 1.766816679931199e-01 2.7e+00 1.06e+00  9e-01  1e+00 158:51.0
  156   1872 8.472351700408064e-02 2.7e+00 1.00e+00  8e-01  1e+00 160:54.7
  158   1896 9.076678199772915e-02 2.7e+00 9.29e-01  8e-01  1e+00 162:57.9
  160   1920 1.033784211922018e-01 2.7e+00 8.68e-01  7e-01  1e+00 165:01.2
  162   1944 1.054942021036254e-01 2.7e+00 8.42e-01  7e-01  1e+00 167:05.5
  164   1968 7.650815808292280e-02 2.8e+00 8.42e-01  7e-01  1e+00 169:09.6
  166   1992 6.013201268103093e-02 2.8e+00 8.24e-01  7e-01  1e+00 171:13.3
  168   2016 1.158933368806305e-01 2.9e+00 8.15e-01  7e-01  1e+00 173:16.8
  170   2040 2.321903394960796e-02 2.9e+00 8.46e-01  7e-01  1e+00 175:20.3
  172   2064 6.945653587843567e-02 2.9e+00 8.63e-01  7e-01  1e+00 177:23.7
  174   2088 1.432827891118702e-01 2.9e+00 8.28e-01  7e-01  1e+00 179:27.6
  176   2112 7.864139459221836e-02 3.0e+00 8.06e-01  7e-01  9e-01 181:32.3
  178   2136 6.463642651805146e-02 3.0e+00 7.42e-01  6e-01  9e-01 183:36.0
  180   2160 1.233412750572259e-01 3.1e+00 6.81e-01  6e-01  8e-01 185:39.7
  182   2184 9.248727568648873e-02 3.1e+00 5.95e-01  5e-01  7e-01 187:44.3
  184   2208 1.294453981578228e-01 3.1e+00 5.53e-01  5e-01  6e-01 189:48.8
  186   2232 9.722556747211737e-02 3.1e+00 5.55e-01  5e-01  6e-01 191:52.8
  189   2268 9.765669919508656e-02 3.2e+00 5.16e-01  4e-01  6e-01 194:58.1
  192   2304 8.830545584516684e-02 3.2e+00 5.78e-01  5e-01  6e-01 198:03.1
  195   2340 6.281184775696938e-02 3.3e+00 6.31e-01  5e-01  7e-01 201:08.1
  198   2376 6.167459463782258e-02 3.4e+00 6.65e-01  6e-01  8e-01 204:14.4
  200   2400 9.419917374439561e-02 3.6e+00 6.46e-01  6e-01  8e-01 206:17.8
  203   2436 9.001757617284284e-02 3.7e+00 6.27e-01  5e-01  8e-01 209:23.0
  206   2472 1.033699606769984e-01 3.8e+00 7.01e-01  6e-01  9e-01 212:28.4
  209   2508 5.295387287968701e-02 3.9e+00 7.88e-01  7e-01  1e+00 215:34.9
  212   2544 1.346560588426801e-01 4.0e+00 9.28e-01  8e-01  1e+00 218:40.3
  215   2580 8.916056308007789e-02 4.1e+00 9.65e-01  9e-01  1e+00 221:45.6
  218   2616 7.605707917211221e-02 4.2e+00 9.31e-01  8e-01  1e+00 224:52.0
  221   2652 8.445058509436726e-02 4.2e+00 8.52e-01  7e-01  1e+00 227:57.7
  224   2688 9.553966821822216e-02 4.2e+00 8.04e-01  7e-01  1e+00 231:04.0
  227   2724 1.065370716257907e-01 4.3e+00 7.92e-01  7e-01  1e+00 234:10.2
  230   2760 1.190271033780593e-01 4.3e+00 7.25e-01  6e-01  1e+00 237:16.4
  233   2796 8.171590531849751e-02 4.4e+00 6.93e-01  6e-01  1e+00 240:22.3
  236   2832 8.715867435173189e-02 4.5e+00 7.28e-01  6e-01  1e+00 243:28.2
  239   2868 8.148914413196043e-02 4.6e+00 7.20e-01  6e-01  1e+00 246:34.4
  242   2904 8.968149527139131e-02 4.5e+00 6.68e-01  6e-01  9e-01 249:41.0
  245   2940 7.929977465650183e-02 4.6e+00 7.18e-01  6e-01  1e+00 252:46.3
  248   2976 1.343580948723192e-01 4.6e+00 6.99e-01  6e-01  1e+00 255:52.9
  251   3012 9.087872439247333e-02 4.7e+00 6.30e-01  5e-01  9e-01 258:58.6
  254   3048 8.864341442551388e-02 4.7e+00 5.80e-01  5e-01  8e-01 262:04.8
  257   3084 1.229274646456931e-01 4.8e+00 5.80e-01  5e-01  8e-01 265:11.1
  260   3120 9.768713602689706e-02 4.8e+00 6.00e-01  5e-01  9e-01 268:16.4
  263   3156 7.531755610111064e-02 5.0e+00 7.06e-01  6e-01  1e+00 271:23.1
  266   3192 9.575988033513645e-02 5.1e+00 7.41e-01  6e-01  1e+00 274:28.7
  269   3228 1.291344755175931e-01 5.1e+00 7.76e-01  6e-01  1e+00 277:34.6
  272   3264 8.959455470631877e-02 5.1e+00 7.86e-01  6e-01  1e+00 280:40.9
  275   3300 5.943715708168296e-02 5.1e+00 7.78e-01  6e-01  1e+00 283:47.4
  278   3336 1.133303145032457e-01 5.1e+00 7.90e-01  7e-01  1e+00 286:53.7
  281   3372 4.245727193901871e-02 5.0e+00 8.11e-01  7e-01  1e+00 289:59.4
  284   3408 1.181061072324476e-01 5.0e+00 9.27e-01  8e-01  1e+00 293:05.1
  287   3444 1.026607967271121e-01 5.0e+00 9.16e-01  8e-01  1e+00 296:10.6
  290   3480 7.305709021996409e-02 5.0e+00 1.02e+00  9e-01  1e+00 299:16.7
  293   3516 8.203920623126951e-02 5.0e+00 1.13e+00  1e+00  2e+00 302:21.9
  296   3552 1.199237396685690e-01 5.2e+00 1.14e+00  1e+00  2e+00 305:28.2
  299   3588 6.824083917247467e-02 5.3e+00 1.21e+00  1e+00  2e+00 308:34.0
  300   3600 1.008369819720999e-01 5.3e+00 1.25e+00  1e+00  2e+00 309:35.6
  303   3636 1.162522105685350e-01 5.4e+00 1.26e+00  1e+00  2e+00 312:41.9
  306   3672 8.137448273224293e-02 5.4e+00 1.33e+00  1e+00  2e+00 315:47.7
  309   3708 9.002720606655880e-02 5.5e+00 1.41e+00  1e+00  2e+00 318:52.9
  312   3744 1.199065058404254e-01 5.5e+00 1.43e+00  1e+00  2e+00 321:58.0
  315   3780 8.717592745169971e-02 5.6e+00 1.45e+00  1e+00  2e+00 325:03.3
  318   3816 8.438264625653656e-02 5.7e+00 1.43e+00  1e+00  2e+00 328:08.6
  321   3852 1.228921833383401e-01 5.8e+00 1.44e+00  1e+00  2e+00 331:13.6
  324   3888 1.342849822797982e-01 5.8e+00 1.45e+00  1e+00  2e+00 334:19.3
  327   3924 1.437284989647239e-01 5.7e+00 1.43e+00  1e+00  2e+00 337:25.0
  330   3960 8.880761620710063e-02 5.6e+00 1.33e+00  1e+00  2e+00 340:30.7
  333   3996 9.384360625514955e-02 5.5e+00 1.31e+00  1e+00  2e+00 343:36.3
  336   4032 1.024152693971738e-01 5.5e+00 1.40e+00  1e+00  2e+00 346:42.3
  339   4068 1.301336614595381e-01 5.4e+00 1.52e+00  1e+00  2e+00 349:47.9
  342   4104 8.559825999685251e-02 5.5e+00 1.51e+00  1e+00  2e+00 352:54.3
  345   4140 1.207147315358353e-01 5.5e+00 1.65e+00  1e+00  2e+00 356:00.2
  348   4176 8.942876780650301e-02 5.6e+00 2.01e+00  2e+00  3e+00 359:06.2
  351   4212 4.590690532719510e-02 5.7e+00 2.17e+00  2e+00  3e+00 362:11.7
  354   4248 1.091849534558738e-01 5.7e+00 2.11e+00  2e+00  3e+00 365:16.9
  357   4284 1.349654154821728e-01 6.0e+00 2.13e+00  2e+00  3e+00 368:22.5
  360   4320 8.178487590791374e-02 6.1e+00 2.22e+00  2e+00  3e+00 371:27.9
  363   4356 7.300241083497930e-02 6.2e+00 2.31e+00  2e+00  3e+00 374:33.4
  366   4392 1.106499346699975e-01 6.4e+00 2.14e+00  2e+00  3e+00 377:38.7
  369   4428 6.965519441758668e-02 6.6e+00 1.96e+00  2e+00  3e+00 380:45.0
  373   4476 1.086879495531319e-01 6.7e+00 1.96e+00  2e+00  3e+00 384:52.0
  377   4524 1.176616901419906e-01 6.8e+00 1.82e+00  1e+00  2e+00 388:59.3
  381   4572 5.856999888598459e-02 6.9e+00 1.71e+00  1e+00  2e+00 393:06.9
  385   4620 7.344824336859292e-02 6.8e+00 1.71e+00  1e+00  2e+00 397:14.2
  389   4668 8.101124567238256e-02 6.9e+00 1.65e+00  1e+00  2e+00 401:21.7
  393   4716 1.046933090976952e-01 6.8e+00 1.57e+00  1e+00  2e+00 405:29.1
  397   4764 8.901186929284730e-02 6.8e+00 1.41e+00  1e+00  2e+00 409:36.7
  400   4800 1.142480640170736e-01 7.1e+00 1.32e+00  1e+00  2e+00 412:41.6
  404   4848 7.543490912167533e-02 7.2e+00 1.35e+00  1e+00  2e+00 416:48.8
  408   4896 1.136070847677619e-01 7.2e+00 1.21e+00  1e+00  2e+00 420:55.7
  412   4944 9.298917405619532e-02 7.4e+00 1.25e+00  1e+00  2e+00 425:02.9
  416   4992 1.007024537879089e-01 7.5e+00 1.10e+00  8e-01  1e+00 429:10.3
  420   5040 1.263569496566612e-01 7.6e+00 1.02e+00  8e-01  1e+00 433:18.1
  424   5088 1.551075599650535e-01 7.7e+00 1.04e+00  8e-01  1e+00 437:25.7
  428   5136 1.131252984941760e-01 7.6e+00 1.05e+00  8e-01  1e+00 441:33.8
  432   5184 1.231804388275403e-01 7.5e+00 1.17e+00  9e-01  2e+00 445:39.7
  436   5232 8.261768015102157e-02 7.6e+00 1.18e+00  9e-01  2e+00 449:46.4
  440   5280 1.004578768999519e-01 7.7e+00 1.08e+00  8e-01  2e+00 453:52.9
  444   5328 1.392986870073230e-01 7.9e+00 8.85e-01  7e-01  1e+00 458:00.7
  448   5376 8.277043772367948e-02 8.0e+00 7.53e-01  5e-01  1e+00 462:08.3
  452   5424 9.453775371416538e-02 8.2e+00 7.49e-01  5e-01  1e+00 466:16.3
  456   5472 1.253504737326702e-01 8.3e+00 7.18e-01  5e-01  1e+00 470:23.3
  460   5520 1.065590060779800e-01 8.3e+00 7.78e-01  5e-01  1e+00 474:30.3
  464   5568 1.437107246057809e-01 8.4e+00 8.52e-01  6e-01  1e+00 478:37.8
  468   5616 1.219129898319808e-01 8.3e+00 8.30e-01  5e-01  1e+00 482:45.3
  472   5664 9.165118925998082e-02 8.5e+00 8.61e-01  6e-01  1e+00 486:54.0
  476   5712 1.219546203559516e-01 8.6e+00 8.45e-01  6e-01  1e+00 491:03.0
  480   5760 1.329931846318234e-01 8.7e+00 8.07e-01  5e-01  1e+00 495:11.8
  484   5808 1.016898661574726e-01 8.5e+00 8.43e-01  5e-01  1e+00 499:20.2
  488   5856 1.030842493190392e-01 8.5e+00 8.86e-01  6e-01  1e+00 503:28.8
  492   5904 1.022595628022543e-01 8.4e+00 9.46e-01  6e-01  1e+00 507:37.5
  496   5952 1.416620679591704e-01 8.9e+00 9.88e-01  7e-01  1e+00 511:46.6
  500   6000 1.534141476787743e-01 9.1e+00 9.31e-01  6e-01  1e+00 515:55.0
  504   6048 1.137721919783127e-01 9.3e+00 9.95e-01  7e-01  1e+00 520:03.9
  508   6096 1.097696696865968e-01 9.4e+00 1.28e+00  8e-01  2e+00 524:12.1
  512   6144 1.453303532546968e-01 9.6e+00 1.21e+00  8e-01  2e+00 528:20.6
  516   6192 8.117787604021802e-02 9.6e+00 1.09e+00  7e-01  2e+00 532:27.0
  520   6240 1.344537575271317e-01 9.4e+00 1.13e+00  7e-01  2e+00 536:35.7
  524   6288 1.270205511745516e-01 9.1e+00 1.19e+00  7e-01  2e+00 540:42.9
  528   6336 8.299415232552082e-02 8.9e+00 1.45e+00  1e+00  2e+00 544:48.8
  532   6384 9.983469140983975e-02 9.1e+00 1.95e+00  1e+00  3e+00 548:56.6
  536   6432 1.441114290886236e-01 9.2e+00 2.52e+00  2e+00  4e+00 553:04.9
  540   6480 9.528006452728328e-02 9.5e+00 2.70e+00  2e+00  4e+00 557:14.3
  544   6528 1.045985467304673e-01 9.8e+00 2.73e+00  2e+00  4e+00 561:23.9
  548   6576 1.287328232335094e-01 9.6e+00 3.01e+00  2e+00  5e+00 565:31.0
  552   6624 1.159445231812715e-01 9.9e+00 2.66e+00  2e+00  4e+00 569:38.8
  556   6672 1.148642195958765e-01 9.6e+00 2.67e+00  2e+00  4e+00 573:47.0
  560   6720 1.267244092885389e-01 9.7e+00 2.60e+00  2e+00  4e+00 577:55.8
  564   6768 1.402982857987895e-01 1.0e+01 2.74e+00  2e+00  4e+00 582:04.5
  568   6816 1.447466385813205e-01 1.0e+01 2.60e+00  2e+00  4e+00 586:12.1
  572   6864 1.332037999434803e-01 1.1e+01 2.79e+00  2e+00  5e+00 590:19.6
  576   6912 9.198166649252840e-02 1.1e+01 2.89e+00  2e+00  5e+00 594:28.3
  580   6960 1.194798065347605e-01 1.1e+01 2.62e+00  2e+00  4e+00 598:37.3
  584   7008 1.281904707385998e-01 1.2e+01 2.30e+00  2e+00  4e+00 602:46.0
  588   7056 1.552844641391042e-01 1.2e+01 2.22e+00  1e+00  4e+00 606:54.0
  592   7104 1.329409944626713e-01 1.2e+01 2.04e+00  1e+00  3e+00 611:01.5
  596   7152 1.502354669066712e-01 1.3e+01 2.25e+00  2e+00  4e+00 615:09.6
  600   7200 7.360789349994734e-02 1.3e+01 2.26e+00  2e+00  4e+00 619:17.2
  604   7248 1.280907101286312e-01 1.3e+01 2.48e+00  2e+00  4e+00 623:26.0
  608   7296 1.498279351628513e-01 1.3e+01 2.60e+00  2e+00  4e+00 627:36.2
  612   7344 1.480353061398310e-01 1.3e+01 2.30e+00  2e+00  4e+00 631:45.2
  616   7392 1.428029584701634e-01 1.3e+01 2.17e+00  1e+00  4e+00 635:54.0
  621   7452 1.387404690057660e-01 1.3e+01 2.35e+00  2e+00  4e+00 641:03.2
  626   7512 1.321414997111494e-01 1.3e+01 2.31e+00  1e+00  4e+00 646:13.0
  631   7572 1.533815398099332e-01 1.3e+01 2.53e+00  2e+00  4e+00 651:23.9
  636   7632 9.938609576835174e-02 1.3e+01 2.73e+00  2e+00  4e+00 656:34.9
  641   7692 1.128106084107164e-01 1.3e+01 2.55e+00  2e+00  4e+00 661:44.6
  646   7752 1.376711575387927e-01 1.3e+01 2.39e+00  2e+00  4e+00 666:55.8
  651   7812 1.254602490881494e-01 1.3e+01 2.19e+00  1e+00  3e+00 672:06.9
  656   7872 1.468357936935968e-01 1.4e+01 1.94e+00  1e+00  3e+00 677:18.1
  661   7932 1.097879400372969e-01 1.4e+01 2.16e+00  1e+00  3e+00 682:28.5
  666   7992 1.311816941828886e-01 1.4e+01 2.29e+00  2e+00  4e+00 687:38.5
  671   8052 9.806948320929296e-02 1.4e+01 1.99e+00  1e+00  3e+00 692:48.8
  676   8112 1.477354642345675e-01 1.4e+01 1.87e+00  1e+00  3e+00 697:60.0
  681   8172 1.619565829376453e-01 1.3e+01 1.72e+00  1e+00  3e+00 703:09.1
  686   8232 1.539844394736347e-01 1.3e+01 1.46e+00  1e+00  2e+00 708:20.0
  691   8292 1.672025175413381e-01 1.4e+01 1.52e+00  1e+00  2e+00 713:30.4
  696   8352 1.298046660794158e-01 1.4e+01 1.69e+00  1e+00  3e+00 718:41.1
  700   8400 1.271625285539252e-01 1.5e+01 1.58e+00  1e+00  2e+00 722:48.6
  705   8460 1.345697835807512e-01 1.5e+01 1.77e+00  1e+00  3e+00 727:57.6
  710   8520 1.426890213328030e-01 1.7e+01 1.91e+00  1e+00  3e+00 733:06.9
  715   8580 1.173899873678046e-01 1.7e+01 2.01e+00  1e+00  3e+00 738:16.3
  720   8640 1.168049144045797e-01 1.8e+01 2.17e+00  1e+00  3e+00 743:26.8
  725   8700 1.287226109513091e-01 1.7e+01 2.50e+00  2e+00  4e+00 748:36.6
  730   8760 1.349913811053336e-01 1.8e+01 2.69e+00  2e+00  4e+00 753:46.2
  735   8820 1.241415729700301e-01 1.8e+01 2.75e+00  2e+00  5e+00 758:54.8
  740   8880 1.435365708972950e-01 1.9e+01 3.52e+00  2e+00  6e+00 764:05.4
  745   8940 1.124071631748166e-01 2.0e+01 4.15e+00  3e+00  7e+00 769:15.7
  750   9000 1.085600440079473e-01 2.0e+01 3.75e+00  2e+00  6e+00 774:24.4
  755   9060 8.201018000209744e-02 2.0e+01 3.48e+00  2e+00  6e+00 779:33.0
  760   9120 1.337054292227416e-01 1.9e+01 3.77e+00  2e+00  6e+00 784:42.1
  765   9180 1.533159836528671e-01 1.9e+01 3.93e+00  3e+00  6e+00 789:52.4
  770   9240 1.566184612692416e-01 1.9e+01 4.10e+00  3e+00  7e+00 795:03.4
  775   9300 1.600873924400954e-01 1.9e+01 4.17e+00  3e+00  7e+00 800:11.5
  780   9360 1.351319013607455e-01 1.9e+01 4.60e+00  3e+00  8e+00 805:21.6
  785   9420 1.300306669040145e-01 2.0e+01 4.41e+00  3e+00  7e+00 810:32.0
Budget constraint not satisfied 777.1675033569336 401.48497009277344 Difference:  -375.68253326416016
Budget constraint not satisfied 527.0225296020508 401.48497009277344 Difference:  -125.53755950927734
two_most_probable_states: ['100111000000', '000111000000']
final_expectation_value: 0.017148067551086024
params: [-0.06143614032069278, 0.2741703598278239, -2.8060213774807767, 2.192836259022972, 1.2095180361608362, -0.9221595887592903, 3.2970413844198325, 0.24894467092154082, -0.10468471183851502, -0.2505747178304934, 3.768604180306401, -0.018582729324110037, 1.653067351310621, 0.6537392862839146, -1.2307484157575035, 1.2599492488686537, 2.1244223623481853, 4.595702716778262, 0.5922078971014216, 3.8589912167160403]
total_steps: 785
states_probs: [0.0046034858821566394, 0.004758568871876495]
optimized_portfolios: [{'AAPL': 1, 'AXP': 0, 'MSFT': 0, 'NKE': 7, 'WBA': 0}, {'AAPL': 0, 'AXP': 0, 'MSFT': 0, 'NKE': 7, 'WBA': 0}]
objective_values: [-4708.248668874854, -4330.712312299492]
result_with_budget: [{'portfolio': {'AAPL': 1, 'AXP': 0, 'MSFT': 0, 'NKE': 7, 'WBA': 0}, 'budget': 777.1675033569336, 'difference': -375.68253326416016}, {'portfolio': {'AAPL': 0, 'AXP': 0, 'MSFT': 0, 'NKE': 7, 'WBA': 0}, 'budget': 527.0225296020508, 'difference': -125.53755950927734}]
Processing experiment 274
Budget: 508.2651672363281
Expected returns: 0.06418419338780681
Covariance matrix: 0.4014419108775812
3rd-order coskewness tensor: 0.3299275476751226
4th-order cokurtosis tensor: 11.309638808470014
Number of qubits for asset DIS: 3
Number of qubits for asset IBM: 2
Number of qubits for asset MCD: 1
Number of qubits for asset MMM: 2
Number of qubits for asset MSFT: 1
Total number of qubits:  9
Optimized Weights (considering variance, skewness and kurtosis):
DIS: 22.03%
IBM: 16.36%
MCD: 1.18%
MMM: 27.04%
MSFT: 33.39%
Left over budget:  50.08367154167871
Optimized Discrete Allocation:
DIS: 1
IBM: 1
MMM: 1
Maximized utility from continuous higher moments:  -34.76313305125084
Budget constraint satisfied 506.6010437011719 508.2651672363281 Difference:  1.66412353515625
Budget constraint not satisfied 510.92588806152344 508.2651672363281 Difference:  -2.6607208251953125
smallest_eigenvalues: [-0.06659451272236579]
smallest_bitstrings: ['000101000']
first_excited_energy: -0.06654796302425146
optimized_portfolio: [{'DIS': 0, 'IBM': 1, 'MCD': 1, 'MMM': 0, 'MSFT': 0}]
second_optimized_portfolio: [{'DIS': 2, 'IBM': 0, 'MCD': 1, 'MMM': 0, 'MSFT': 0}]
result_with_budget: [{'portfolio': {'DIS': 0, 'IBM': 1, 'MCD': 1, 'MMM': 0, 'MSFT': 0}, 'budget': 506.6010437011719, 'difference': 1.66412353515625, 'objective_value': -23.930374920572923}]
result_with_budget_excited: [{'portfolio': {'DIS': 2, 'IBM': 0, 'MCD': 1, 'MMM': 0, 'MSFT': 0}, 'budget': 510.92588806152344, 'difference': -2.6607208251953125, 'objective_value': -84.22736583539654}]
Initial params:  [1.77483411 1.24075134 1.09236151 0.59358073 0.95256868 0.09243511
 3.09949202 2.59700173 0.79530595 2.65771731 2.64585159 2.03851547
 0.24953622 1.89160324 1.78656535 0.46506867 0.17888649 0.14353359]
(6_w,12)-aCMA-ES (mu_w=3.7,w_1=40%) in dimension 18 (seed=233564, Sun Mar 16 00:54:50 2025)
Iterat #Fevals   function value  axis ratio  sigma  min&max std  t[m:s]
    1     12 -3.871350437104003e-02 1.0e+00 1.38e+00  1e+00  1e+00 0:15.4
    2     24 -1.347592355025681e-02 1.1e+00 1.34e+00  1e+00  1e+00 0:30.7
    3     36 -2.473342484168660e-02 1.2e+00 1.34e+00  1e+00  1e+00 0:45.8
    4     48 -2.287804697121073e-02 1.2e+00 1.37e+00  1e+00  1e+00 1:01.1
    5     60 2.666999182015990e-03 1.3e+00 1.41e+00  1e+00  1e+00 1:16.4
    6     72 8.157013319839151e-03 1.3e+00 1.45e+00  1e+00  1e+00 1:31.6
    7     84 -3.359832514404449e-02 1.4e+00 1.48e+00  1e+00  2e+00 1:46.8
    8     96 1.834276830683431e-02 1.4e+00 1.49e+00  1e+00  2e+00 2:02.1
    9    108 3.638061957440655e-02 1.5e+00 1.53e+00  1e+00  2e+00 2:17.2
   10    120 -3.485130718284301e-02 1.5e+00 1.53e+00  1e+00  2e+00 2:32.4
   11    132 -2.001086179296439e-02 1.5e+00 1.56e+00  1e+00  2e+00 2:47.7
   12    144 -2.352763732678116e-02 1.5e+00 1.67e+00  2e+00  2e+00 3:02.9
   13    156 5.249013283764896e-02 1.5e+00 1.71e+00  2e+00  2e+00 3:18.7
   14    168 -3.659989544190726e-02 1.6e+00 1.75e+00  2e+00  2e+00 3:34.8
   15    180 4.239817866332772e-02 1.6e+00 1.72e+00  2e+00  2e+00 3:50.0
   16    192 -8.331761161672585e-03 1.6e+00 1.74e+00  2e+00  2e+00 4:05.2
   18    216 1.181448923182560e-02 1.7e+00 1.70e+00  2e+00  2e+00 4:35.6
   20    240 -2.676569712568759e-02 1.7e+00 1.67e+00  2e+00  2e+00 5:06.1
   22    264 1.733020596617010e-02 1.7e+00 1.83e+00  2e+00  2e+00 5:37.3
   24    288 2.529351132637775e-02 1.8e+00 2.06e+00  2e+00  2e+00 6:07.8
   26    312 -1.807066043084147e-02 1.8e+00 2.19e+00  2e+00  2e+00 6:38.2
   28    336 4.704517796288215e-02 1.9e+00 2.23e+00  2e+00  2e+00 7:08.5
   30    360 3.968397191269973e-03 2.0e+00 2.18e+00  2e+00  2e+00 7:39.0
   32    384 -3.368756081180758e-05 2.0e+00 2.07e+00  2e+00  2e+00 8:09.4
   34    408 1.910521029448020e-02 2.0e+00 2.09e+00  2e+00  2e+00 8:40.1
   36    432 5.108893573317968e-03 2.0e+00 2.05e+00  2e+00  2e+00 9:10.6
   38    456 -5.238749867214013e-03 2.0e+00 2.04e+00  2e+00  2e+00 9:41.0
   40    480 8.840401037556893e-02 2.0e+00 1.87e+00  2e+00  2e+00 10:11.4
   42    504 -1.715283621734612e-02 2.1e+00 1.76e+00  2e+00  2e+00 10:42.3
   44    528 -3.252141355042932e-02 2.1e+00 1.73e+00  2e+00  2e+00 11:13.2
   46    552 -1.942227452748021e-02 2.1e+00 1.70e+00  2e+00  2e+00 11:43.7
   49    588 5.618411824558012e-02 2.2e+00 1.71e+00  2e+00  2e+00 12:29.4
   52    624 3.883341963788692e-02 2.3e+00 1.72e+00  2e+00  2e+00 13:15.3
   55    660 5.358551834936699e-02 2.3e+00 1.61e+00  1e+00  2e+00 14:01.0
   58    696 -2.548744390961543e-02 2.3e+00 1.66e+00  1e+00  2e+00 14:46.5
   61    732 4.693185593908419e-02 2.3e+00 1.60e+00  1e+00  2e+00 15:32.1
   64    768 -6.198172925403436e-03 2.3e+00 1.65e+00  1e+00  2e+00 16:18.8
   67    804 -2.395073212695381e-02 2.3e+00 1.49e+00  1e+00  2e+00 17:04.6
   70    840 8.003466597691261e-02 2.4e+00 1.46e+00  1e+00  2e+00 17:50.2
   73    876 2.711945054575002e-02 2.4e+00 1.48e+00  1e+00  2e+00 18:36.7
   76    912 5.099562627307406e-02 2.4e+00 1.48e+00  1e+00  2e+00 19:22.0
   79    948 -2.278244541209447e-02 2.4e+00 1.30e+00  1e+00  1e+00 20:08.6
   82    984 1.952432797344755e-02 2.3e+00 1.24e+00  1e+00  1e+00 20:54.6
   85   1020 -2.306178974643707e-02 2.4e+00 1.23e+00  1e+00  1e+00 21:40.2
   88   1056 -8.427514276476063e-04 2.5e+00 1.14e+00  1e+00  1e+00 22:27.0
   91   1092 -2.374673246514250e-02 2.6e+00 1.11e+00  1e+00  1e+00 23:12.7
   95   1140 -4.137128606748215e-02 2.7e+00 1.04e+00  9e-01  1e+00 24:13.5
   99   1188 2.521475731934499e-02 2.7e+00 1.03e+00  9e-01  1e+00 25:14.1
  100   1200 1.815720186829899e-02 2.7e+00 1.04e+00  9e-01  1e+00 25:30.0
  104   1248 2.889823610598299e-02 2.8e+00 1.00e+00  9e-01  1e+00 26:30.8
  108   1296 1.067379974674918e-02 2.9e+00 1.00e+00  9e-01  1e+00 27:31.7
  112   1344 -7.269081829226920e-03 3.0e+00 1.02e+00  9e-01  1e+00 28:32.5
  116   1392 -1.001421381185602e-03 3.0e+00 9.71e-01  8e-01  1e+00 29:33.4
  120   1440 1.474176743899374e-02 3.0e+00 9.82e-01  8e-01  1e+00 30:34.5
  124   1488 -2.344604241978921e-02 3.0e+00 1.04e+00  9e-01  1e+00 31:35.5
  128   1536 2.479625838044253e-02 2.9e+00 1.23e+00  1e+00  1e+00 32:36.5
  132   1584 -1.304884114556460e-02 3.0e+00 1.10e+00  9e-01  1e+00 33:37.2
  136   1632 -5.246172431938126e-04 3.1e+00 1.17e+00  9e-01  1e+00 34:38.2
  140   1680 2.731679204067423e-02 3.2e+00 1.08e+00  8e-01  1e+00 35:38.9
  144   1728 -1.865339000131900e-02 3.3e+00 9.20e-01  7e-01  1e+00 36:39.9
  148   1776 1.118398687037758e-02 3.2e+00 7.61e-01  6e-01  9e-01 37:40.7
  153   1836 -6.163562817582369e-03 3.3e+00 6.60e-01  5e-01  8e-01 38:56.9
  158   1896 6.378956615800131e-02 3.5e+00 6.87e-01  5e-01  8e-01 40:13.8
  163   1956 -3.738265787157328e-02 3.5e+00 5.60e-01  4e-01  7e-01 41:29.9
  168   2016 -3.334253749917621e-02 3.6e+00 5.65e-01  4e-01  7e-01 42:47.0
  173   2076 -2.846006041799242e-02 3.8e+00 5.18e-01  4e-01  6e-01 44:03.0
  178   2136 -2.586632045972649e-02 3.8e+00 4.93e-01  4e-01  6e-01 45:20.4
  183   2196 -2.511240865940813e-02 3.8e+00 4.62e-01  3e-01  6e-01 46:36.4
  188   2256 -2.945230479965319e-02 3.8e+00 4.90e-01  3e-01  6e-01 47:52.4
  193   2316 -3.997359570473394e-02 3.8e+00 5.90e-01  4e-01  8e-01 49:08.5
  198   2376 9.374585313535914e-03 4.1e+00 6.17e-01  4e-01  8e-01 50:24.9
  200   2400 -3.600836571749804e-03 4.1e+00 5.87e-01  4e-01  8e-01 50:55.4
  205   2460 -4.533027624140944e-02 4.2e+00 5.38e-01  4e-01  7e-01 52:11.7
  210   2520 -2.987770880601265e-02 4.2e+00 5.64e-01  4e-01  7e-01 53:28.1
  215   2580 -2.656634688839757e-02 4.2e+00 7.67e-01  5e-01  1e+00 54:44.1
  220   2640 -4.361524619352394e-02 4.2e+00 9.62e-01  7e-01  1e+00 56:00.5
  225   2700 -1.404946394426090e-02 4.2e+00 8.88e-01  6e-01  1e+00 57:16.6
  230   2760 -1.651496399200355e-02 4.1e+00 7.84e-01  6e-01  1e+00 58:33.8
  236   2832 -1.121771871091314e-03 4.1e+00 6.21e-01  5e-01  7e-01 60:05.2
  242   2904 -2.000934489529966e-02 4.2e+00 5.47e-01  4e-01  6e-01 61:37.0
  248   2976 -4.286382454426136e-02 4.5e+00 5.42e-01  4e-01  6e-01 63:09.8
  254   3048 6.159556606773920e-02 4.6e+00 6.06e-01  4e-01  7e-01 64:41.2
  260   3120 -1.890976196389451e-02 4.6e+00 7.62e-01  5e-01  9e-01 66:13.8
  266   3192 -2.461485097232363e-02 4.6e+00 7.54e-01  5e-01  9e-01 67:45.5
  272   3264 -1.638988225352880e-02 4.4e+00 6.84e-01  5e-01  8e-01 69:16.9
  278   3336 3.726373798828463e-02 4.5e+00 5.99e-01  4e-01  7e-01 70:49.1
  284   3408 1.485592013122266e-02 4.6e+00 6.30e-01  4e-01  7e-01 72:20.4
  290   3480 -8.795836810391193e-03 5.3e+00 8.31e-01  5e-01  1e+00 73:51.6
  296   3552 -3.641629099336206e-02 5.3e+00 6.53e-01  4e-01  8e-01 75:23.1
  300   3600 -3.911285411878503e-02 5.5e+00 5.98e-01  4e-01  7e-01 76:23.8
  306   3672 -2.809223543209682e-02 5.5e+00 5.21e-01  3e-01  6e-01 77:55.0
  312   3744 -3.949417398490889e-02 5.8e+00 3.79e-01  2e-01  4e-01 79:26.4
  319   3828 -3.100436598584914e-02 5.8e+00 3.19e-01  2e-01  4e-01 81:13.5
  326   3912 -3.887669395275922e-02 6.2e+00 2.66e-01  2e-01  3e-01 82:59.7
  333   3996 -4.597356597445700e-02 6.4e+00 2.23e-01  1e-01  3e-01 84:46.9
  340   4080 -4.706376199498272e-02 6.4e+00 1.97e-01  1e-01  2e-01 86:34.5
  347   4164 -4.780387947711110e-02 6.7e+00 2.14e-01  1e-01  2e-01 88:21.6
  354   4248 -5.059608380706117e-02 7.2e+00 1.76e-01  1e-01  2e-01 90:08.3
  361   4332 -4.956692957588851e-02 7.3e+00 1.44e-01  9e-02  2e-01 91:55.2
  368   4416 -5.070002635885205e-02 7.8e+00 1.08e-01  6e-02  1e-01 93:42.4
  375   4500 -5.283818669474141e-02 8.1e+00 1.10e-01  7e-02  1e-01 95:29.3
  382   4584 -5.200929575432775e-02 7.9e+00 1.02e-01  6e-02  1e-01 97:16.1
  389   4668 -5.308068259222316e-02 8.4e+00 8.71e-02  5e-02  1e-01 99:02.7
  396   4752 -5.439682079325983e-02 8.3e+00 8.12e-02  5e-02  9e-02 100:50.1
  400   4800 -5.399513234737559e-02 8.3e+00 1.01e-01  6e-02  1e-01 101:51.5
  407   4884 -5.496048823098323e-02 9.2e+00 1.14e-01  7e-02  2e-01 103:38.1
  414   4968 -5.548118857641274e-02 1.1e+01 1.35e-01  8e-02  2e-01 105:25.8
  421   5052 -5.544340955627663e-02 1.2e+01 1.30e-01  7e-02  2e-01 107:13.5
  429   5148 -5.580603982637580e-02 1.4e+01 1.13e-01  6e-02  2e-01 109:15.7
  437   5244 -5.620717263767832e-02 1.5e+01 1.03e-01  5e-02  2e-01 111:17.6
  445   5340 -5.642502818772447e-02 1.5e+01 8.38e-02  4e-02  1e-01 113:19.4
  453   5436 -5.659494642457781e-02 1.7e+01 8.84e-02  4e-02  1e-01 115:21.5
  461   5532 -5.664737325754101e-02 2.0e+01 7.25e-02  3e-02  1e-01 117:23.3
  469   5628 -5.690502052554967e-02 2.1e+01 4.65e-02  2e-02  8e-02 119:25.1
  477   5724 -5.699649609232472e-02 2.3e+01 2.95e-02  1e-02  5e-02 121:27.6
  485   5820 -5.712248004030700e-02 2.4e+01 4.10e-02  2e-02  6e-02 123:31.0
  493   5916 -5.720861990936091e-02 2.7e+01 4.50e-02  2e-02  7e-02 125:32.8
  500   6000 -5.733996328506073e-02 2.8e+01 4.35e-02  2e-02  7e-02 127:19.7
  508   6096 -5.744476679673331e-02 3.0e+01 4.94e-02  2e-02  8e-02 129:21.5
  516   6192 -5.751284587892341e-02 3.2e+01 4.37e-02  2e-02  7e-02 131:24.3
  524   6288 -5.751881496021929e-02 3.3e+01 3.79e-02  2e-02  6e-02 133:26.7
  532   6384 -5.755804128406795e-02 3.4e+01 2.57e-02  1e-02  4e-02 135:28.8
  540   6480 -5.756041113580276e-02 3.5e+01 1.96e-02  7e-03  3e-02 137:31.3
  549   6588 -5.758080728004439e-02 3.6e+01 1.62e-02  6e-03  2e-02 139:48.4
  558   6696 -5.759103156628265e-02 3.6e+01 1.61e-02  6e-03  2e-02 142:05.3
  567   6804 -5.759945596255798e-02 3.8e+01 1.52e-02  5e-03  2e-02 144:22.4
  576   6912 -5.760791468234740e-02 4.0e+01 1.71e-02  6e-03  2e-02 146:39.2
  585   7020 -5.762541519849283e-02 4.3e+01 2.12e-02  8e-03  3e-02 148:56.5
  594   7128 -5.766647778284636e-02 4.8e+01 2.37e-02  8e-03  3e-02 151:14.7
  600   7200 -5.768355264245836e-02 5.9e+01 3.27e-02  1e-02  5e-02 152:46.7
  609   7308 -5.773532023584930e-02 7.2e+01 4.39e-02  2e-02  7e-02 155:04.7
  618   7416 -5.772132088745690e-02 7.2e+01 4.47e-02  2e-02  7e-02 157:22.3
  627   7524 -5.776102259371443e-02 7.5e+01 3.84e-02  1e-02  6e-02 159:39.8
  636   7632 -5.777855692408412e-02 7.6e+01 3.78e-02  1e-02  6e-02 161:57.1
  645   7740 -5.780622381706112e-02 7.5e+01 3.27e-02  1e-02  5e-02 164:14.2
  654   7848 -5.781848156201078e-02 8.0e+01 2.83e-02  8e-03  4e-02 166:32.0
  663   7956 -5.784914076864034e-02 8.4e+01 2.93e-02  8e-03  4e-02 168:48.8
  672   8064 -5.787314228058867e-02 8.8e+01 2.82e-02  7e-03  4e-02 171:06.3
  682   8184 -5.789983126220721e-02 9.1e+01 2.89e-02  7e-03  4e-02 173:39.3
  692   8304 -5.794822378928122e-02 1.0e+02 3.37e-02  8e-03  6e-02 176:12.9
  700   8400 -5.796056984531716e-02 1.1e+02 3.20e-02  7e-03  6e-02 178:14.9
  710   8520 -5.798996930854092e-02 1.3e+02 4.79e-02  1e-02  1e-01 180:48.5
  720   8640 -5.801886007907829e-02 1.4e+02 6.11e-02  2e-02  1e-01 183:22.8
  730   8760 -5.805269593613985e-02 1.4e+02 5.13e-02  1e-02  1e-01 185:55.4
  740   8880 -5.808791802233038e-02 1.3e+02 5.03e-02  1e-02  1e-01 188:28.3
  750   9000 -5.811851225079610e-02 1.3e+02 5.29e-02  1e-02  1e-01 191:00.7
  760   9120 -5.815522545662289e-02 1.4e+02 4.57e-02  1e-02  1e-01 193:33.3
  770   9240 -5.821658713672837e-02 1.6e+02 5.10e-02  1e-02  1e-01 196:06.4
  780   9360 -5.827970855341699e-02 2.0e+02 8.75e-02  2e-02  2e-01 198:40.0
  790   9480 -5.835508867899331e-02 2.0e+02 9.21e-02  2e-02  3e-01 201:13.1
  800   9600 -5.837703102326475e-02 2.0e+02 6.23e-02  9e-03  2e-01 203:46.2
  810   9720 -5.841844347923749e-02 2.0e+02 5.84e-02  8e-03  1e-01 206:19.4
  820   9840 -5.843235722264699e-02 1.9e+02 5.34e-02  7e-03  1e-01 208:52.4
  831   9972 -5.845190059459219e-02 1.8e+02 4.65e-02  5e-03  1e-01 211:40.4
  842  10104 -5.845979699433117e-02 1.8e+02 3.27e-02  4e-03  8e-02 214:27.8
  853  10236 -5.846298756426749e-02 1.8e+02 2.16e-02  2e-03  5e-02 217:15.8
  864  10368 -5.846759785352994e-02 1.9e+02 2.21e-02  2e-03  5e-02 220:04.9
  875  10500 -5.847436407397792e-02 1.9e+02 2.42e-02  2e-03  5e-02 222:53.4
  886  10632 -5.849056908273177e-02 2.0e+02 3.82e-02  3e-03  7e-02 225:42.5
  897  10764 -5.850359893293493e-02 2.0e+02 4.23e-02  3e-03  8e-02 228:30.9
  900  10800 -5.850411196987056e-02 2.0e+02 4.16e-02  3e-03  8e-02 229:16.5
  911  10932 -5.852535385709608e-02 2.2e+02 4.26e-02  3e-03  7e-02 232:04.4
  922  11064 -5.853107487790001e-02 2.2e+02 3.16e-02  2e-03  5e-02 234:53.4
  933  11196 -5.854643553225614e-02 2.5e+02 3.47e-02  2e-03  6e-02 237:41.7
  944  11328 -5.855862804048784e-02 2.7e+02 3.15e-02  2e-03  6e-02 240:29.0
  955  11460 -5.857268343259928e-02 2.8e+02 4.57e-02  3e-03  9e-02 243:16.4
  966  11592 -5.859668495373342e-02 3.1e+02 5.77e-02  4e-03  1e-01 246:04.2
  977  11724 -5.863706248450652e-02 3.5e+02 6.32e-02  4e-03  1e-01 248:52.6
  988  11856 -5.865485895202416e-02 3.9e+02 4.87e-02  3e-03  1e-01 251:41.2
 1000  12000 -5.866994195661313e-02 4.1e+02 3.60e-02  2e-03  9e-02 254:44.6
Budget constraint satisfied 436.75030517578125 508.2651672363281 Difference:  71.51486206054688
Budget constraint satisfied 420.6565246582031 508.2651672363281 Difference:  87.608642578125
two_most_probable_states: ['000010000', '000000001']
final_expectation_value: -0.058669941956613125
params: [-3.5012822081800494, -10.191139403938495, 5.550621831887765, -1.863027975128598, 5.547780084058555, -1.8249472128672333, -0.8753462743391595, 5.534748984842195, 8.616853470070671, 3.69709271244812, 0.8252577370946188, 6.5620174593369365, 10.427319703284814, 12.64286641111461, 0.4207059781310038, 2.4593998543726743, 7.772112694573968, 6.419977860395599]
total_steps: 1000
states_probs: [0.026119313427257644, 0.026931031750311984]
optimized_portfolios: [{'DIS': 0, 'IBM': 2, 'MCD': 0, 'MMM': 0, 'MSFT': 0}, {'DIS': 0, 'IBM': 0, 'MCD': 0, 'MMM': 0, 'MSFT': 1}]
objective_values: [-27.247975453476396, -2.164419374900146]
result_with_budget: [{'portfolio': {'DIS': 0, 'IBM': 2, 'MCD': 0, 'MMM': 0, 'MSFT': 0}, 'budget': 436.75030517578125, 'difference': 71.51486206054688}, {'portfolio': {'DIS': 0, 'IBM': 0, 'MCD': 0, 'MMM': 0, 'MSFT': 1}, 'budget': 420.6565246582031, 'difference': 87.608642578125}]
Processing experiment 275
Budget: 952.6535339355469
Expected returns: 0.2741398337070822
Covariance matrix: 0.3860116203787943
3rd-order coskewness tensor: -0.0030566793323150224
4th-order cokurtosis tensor: 5.303612997843965
Number of qubits for asset AAPL: 2
Number of qubits for asset AMGN: 2
Number of qubits for asset BA: 3
Number of qubits for asset MRK: 4
Number of qubits for asset UNH: 1
Total number of qubits:  12
Optimized Weights (considering variance, skewness and kurtosis):
AAPL: 26.19%
AMGN: 26.84%
BA: 13.10%
MRK: 28.15%
UNH: 5.71%
Left over budget:  67.99737539542377
Optimized Discrete Allocation:
AAPL: 1
AMGN: 1
BA: 1
MRK: 2
Maximized utility from continuous higher moments:  -53.415912919269076
Budget constraint not satisfied 957.8011322021484 952.6535339355469 Difference:  -5.1475982666015625
Budget constraint not satisfied 952.8122863769531 952.6535339355469 Difference:  -0.15875244140625
smallest_eigenvalues: [-0.06547177282210775]
smallest_bitstrings: ['011000001000']
first_excited_energy: -0.06547113450621257
optimized_portfolio: [{'AAPL': 2, 'AMGN': 1, 'BA': 0, 'MRK': 2, 'UNH': 0}]
second_optimized_portfolio: [{'AAPL': 1, 'AMGN': 0, 'BA': 0, 'MRK': 2, 'UNH': 1}]
result_with_budget: [{'portfolio': {'AAPL': 2, 'AMGN': 1, 'BA': 0, 'MRK': 2, 'UNH': 0}, 'budget': 957.8011322021484, 'difference': -5.1475982666015625, 'objective_value': -57.06405658763963}]
result_with_budget_excited: [{'portfolio': {'AAPL': 1, 'AMGN': 0, 'BA': 0, 'MRK': 2, 'UNH': 1}, 'budget': 952.8122863769531, 'difference': -0.15875244140625, 'objective_value': -64.77525436802507}]
Initial params:  [2.96599268 3.12119652 2.41383438 0.07928695 1.48457583 2.8136216
 1.44778959 2.79531706 0.09767711 3.09937556 1.84118602 1.68961665
 2.95246361 0.09494096 1.55440623 2.90997232 0.30513979 2.34923814
 1.27288036 0.37953793]
(6_w,12)-aCMA-ES (mu_w=3.7,w_1=40%) in dimension 20 (seed=134019, Sun Mar 16 05:10:57 2025)
Iterat #Fevals   function value  axis ratio  sigma  min&max std  t[m:s]
    1     12 -4.287597950940283e-02 1.0e+00 1.40e+00  1e+00  1e+00 1:00.4
    2     24 -2.942417199390627e-02 1.1e+00 1.40e+00  1e+00  1e+00 2:00.3
    3     36 -4.230012236548375e-02 1.2e+00 1.39e+00  1e+00  1e+00 3:01.5
    4     48 -2.983709051039646e-02 1.2e+00 1.43e+00  1e+00  1e+00 4:01.4
    5     60 -3.884554451588171e-02 1.3e+00 1.41e+00  1e+00  1e+00 5:01.6
    6     72 -4.841205783780438e-02 1.3e+00 1.37e+00  1e+00  1e+00 6:02.4
    7     84 -2.823135407121400e-02 1.3e+00 1.36e+00  1e+00  1e+00 7:01.9
    8     96 -4.673522518248538e-02 1.3e+00 1.31e+00  1e+00  1e+00 8:02.2
    9    108 -3.586089376435962e-02 1.3e+00 1.29e+00  1e+00  1e+00 9:01.9
   10    120 -1.218066492512780e-03 1.3e+00 1.32e+00  1e+00  1e+00 10:01.6
   11    132 -5.003397819644452e-02 1.3e+00 1.34e+00  1e+00  1e+00 11:01.0
   12    144 -4.590195838094875e-02 1.3e+00 1.28e+00  1e+00  1e+00 12:00.4
   13    156 3.679235494548237e-02 1.4e+00 1.29e+00  1e+00  1e+00 13:00.0
   14    168 -5.038619704259096e-02 1.4e+00 1.28e+00  1e+00  1e+00 14:00.3
   15    180 -7.326479506540545e-03 1.4e+00 1.31e+00  1e+00  1e+00 14:60.0
   16    192 -3.509257770401546e-02 1.4e+00 1.28e+00  1e+00  1e+00 15:60.0
   17    204 -3.556635331976094e-02 1.4e+00 1.21e+00  1e+00  1e+00 16:59.8
   18    216 -4.232197640177102e-02 1.4e+00 1.13e+00  1e+00  1e+00 17:59.5
   19    228 5.489065990708380e-02 1.5e+00 1.08e+00  1e+00  1e+00 18:59.8
   20    240 -2.086889478604897e-02 1.5e+00 1.04e+00  1e+00  1e+00 19:59.3
   21    252 -2.311641611760316e-02 1.5e+00 1.02e+00  1e+00  1e+00 20:59.0
   22    264 -3.351893678648644e-02 1.5e+00 9.96e-01  9e-01  1e+00 21:58.9
   23    276 -3.201237347571249e-02 1.5e+00 9.96e-01  9e-01  1e+00 22:58.6
   24    288 -1.372814652623796e-02 1.5e+00 1.02e+00  9e-01  1e+00 23:58.9
   25    300 -1.387295428515453e-02 1.5e+00 1.03e+00  9e-01  1e+00 24:58.5
   26    312 -2.950851794839347e-02 1.5e+00 1.07e+00  1e+00  1e+00 25:58.2
   27    324 -4.656872139996909e-02 1.5e+00 1.09e+00  1e+00  1e+00 26:57.7
   28    336 -3.926925400334545e-02 1.5e+00 1.09e+00  1e+00  1e+00 27:57.6
   29    348 -2.648772016065821e-02 1.5e+00 1.07e+00  1e+00  1e+00 28:57.2
   30    360 -3.116346176432864e-02 1.5e+00 1.04e+00  9e-01  1e+00 29:56.7
   31    372 -2.672560854313111e-02 1.5e+00 1.03e+00  9e-01  1e+00 30:56.7
   32    384 -3.264795174529023e-02 1.5e+00 1.05e+00  1e+00  1e+00 31:56.9
   33    396 -4.429153352047514e-02 1.6e+00 1.02e+00  9e-01  1e+00 32:56.5
   34    408 -3.234690516315279e-02 1.6e+00 9.73e-01  9e-01  1e+00 33:56.3
   35    420 -2.034706318137833e-02 1.6e+00 9.30e-01  8e-01  1e+00 34:56.5
   36    432 -3.356779312852946e-02 1.6e+00 8.95e-01  8e-01  9e-01 35:56.0
   37    444 -2.225233428862879e-02 1.6e+00 8.56e-01  8e-01  9e-01 36:56.9
   38    456 -4.886891870850281e-02 1.6e+00 8.56e-01  8e-01  9e-01 37:56.7
   39    468 -3.994264839179983e-02 1.6e+00 8.71e-01  8e-01  9e-01 38:56.5
   40    480 -4.651218171457076e-02 1.6e+00 9.24e-01  8e-01  1e+00 39:56.0
   41    492 -3.402607530970029e-02 1.7e+00 9.74e-01  9e-01  1e+00 40:55.5
   42    504 -3.984913015506576e-02 1.8e+00 9.82e-01  9e-01  1e+00 41:55.3
   43    516 -3.248320679864580e-02 1.8e+00 1.06e+00  1e+00  1e+00 42:54.9
   44    528 -4.115149339702184e-02 1.9e+00 1.10e+00  1e+00  1e+00 43:54.6
   45    540 -4.376462510271557e-02 1.9e+00 1.14e+00  1e+00  1e+00 44:54.2
   46    552 -6.240611414731651e-03 1.9e+00 1.14e+00  1e+00  1e+00 45:54.4
   47    564 -4.650352137065759e-02 2.0e+00 1.13e+00  1e+00  1e+00 46:54.4
   48    576 1.275712555824798e-02 2.0e+00 1.12e+00  1e+00  1e+00 47:54.8
   49    588 -4.313799538569103e-02 2.0e+00 1.10e+00  1e+00  1e+00 48:54.9
   50    600 -3.828948461331541e-02 2.0e+00 1.12e+00  1e+00  1e+00 49:55.0
   51    612 -3.867428294546587e-02 2.1e+00 1.13e+00  1e+00  1e+00 50:54.7
   52    624 6.042584003420941e-03 2.1e+00 1.14e+00  1e+00  1e+00 51:54.7
   53    636 -3.807943268428133e-02 2.1e+00 1.17e+00  1e+00  1e+00 52:54.5
   54    648 -4.675877600006768e-02 2.1e+00 1.19e+00  1e+00  1e+00 53:54.0
   55    660 -3.012705589937495e-02 2.1e+00 1.23e+00  1e+00  1e+00 54:53.3
   56    672 1.390856879115964e-02 2.2e+00 1.23e+00  1e+00  1e+00 55:52.8
   57    684 -4.155864860173494e-02 2.2e+00 1.24e+00  1e+00  1e+00 56:52.5
   58    696 -1.526300715591767e-02 2.2e+00 1.26e+00  1e+00  1e+00 57:52.3
   59    708 -4.548961390069768e-02 2.2e+00 1.24e+00  1e+00  1e+00 58:52.5
   60    720 -1.582976717653750e-02 2.3e+00 1.21e+00  1e+00  1e+00 59:51.8
   62    744 -3.256279219608781e-02 2.3e+00 1.23e+00  1e+00  1e+00 61:52.0
   64    768 -3.334638507065912e-02 2.3e+00 1.19e+00  1e+00  1e+00 63:52.2
   66    792 -3.594559641795401e-02 2.4e+00 1.21e+00  1e+00  1e+00 65:51.7
   68    816 -3.966307511153923e-02 2.4e+00 1.19e+00  1e+00  1e+00 67:51.1
   70    840 1.625655393311129e-02 2.4e+00 1.18e+00  1e+00  1e+00 69:50.3
   72    864 -3.998867544611953e-02 2.4e+00 1.26e+00  1e+00  1e+00 71:50.1
   74    888 -3.598882012644028e-02 2.4e+00 1.24e+00  1e+00  1e+00 73:49.5
   76    912 3.310323635352475e-02 2.5e+00 1.22e+00  1e+00  1e+00 75:48.9
   78    936 -1.134405357878221e-02 2.5e+00 1.15e+00  1e+00  1e+00 77:48.2
   80    960 -1.718854466675034e-02 2.5e+00 1.12e+00  9e-01  1e+00 79:47.2
   82    984 -3.809011999071999e-02 2.5e+00 1.16e+00  1e+00  1e+00 81:46.7
   84   1008 -3.735116278632156e-02 2.5e+00 1.24e+00  1e+00  1e+00 83:47.9
   86   1032 -2.514056620863511e-02 2.5e+00 1.25e+00  1e+00  1e+00 85:47.2
   88   1056 -4.260519444232431e-02 2.6e+00 1.26e+00  1e+00  1e+00 87:46.7
   90   1080 -2.353905655628572e-02 2.6e+00 1.24e+00  1e+00  1e+00 89:45.9
   92   1104 -4.613588650636123e-02 2.6e+00 1.14e+00  9e-01  1e+00 91:44.8
   94   1128 5.614725236322821e-03 2.5e+00 1.09e+00  9e-01  1e+00 93:43.8
   96   1152 -1.509375441436612e-02 2.5e+00 1.02e+00  8e-01  1e+00 95:42.3
   98   1176 -3.535487072568257e-02 2.5e+00 9.37e-01  7e-01  1e+00 97:41.3
  100   1200 -3.443318891737956e-02 2.6e+00 9.02e-01  7e-01  1e+00 99:41.2
  102   1224 -3.018997539266332e-02 2.6e+00 1.00e+00  8e-01  1e+00 101:40.9
  104   1248 -3.588985894232349e-02 2.6e+00 1.09e+00  9e-01  1e+00 103:40.4
  106   1272 -1.541477042452008e-02 2.6e+00 1.11e+00  9e-01  1e+00 105:39.3
  108   1296 -1.449650953795027e-02 2.6e+00 1.05e+00  8e-01  1e+00 107:39.0
  110   1320 -1.621632914889592e-02 2.6e+00 1.03e+00  8e-01  1e+00 109:37.9
  112   1344 -3.529291237598232e-02 2.5e+00 9.90e-01  8e-01  1e+00 111:36.5
  114   1368 -2.737549684791442e-02 2.6e+00 9.89e-01  8e-01  1e+00 113:36.0
  116   1392 9.872760294010437e-03 2.6e+00 1.03e+00  8e-01  1e+00 115:35.9
  118   1416 8.578439276580203e-03 2.7e+00 1.06e+00  8e-01  1e+00 117:35.7
  120   1440 -5.354536505642438e-03 2.8e+00 1.10e+00  9e-01  1e+00 119:35.2
  122   1464 -3.843328536110514e-02 2.8e+00 1.08e+00  9e-01  1e+00 121:34.5
  124   1488 -1.776625604311706e-02 2.9e+00 1.11e+00  9e-01  1e+00 123:34.0
  126   1512 -3.020920916561607e-02 2.9e+00 1.07e+00  8e-01  1e+00 125:34.0
  128   1536 -3.423117575850960e-02 3.0e+00 1.05e+00  8e-01  1e+00 127:33.2
  130   1560 -3.054919372140588e-02 3.0e+00 1.14e+00  9e-01  1e+00 129:32.4
  132   1584 -5.055518278499352e-02 3.0e+00 1.20e+00  9e-01  1e+00 131:32.0
  134   1608 -3.749338320263875e-02 3.1e+00 1.18e+00  9e-01  1e+00 133:31.2
  136   1632 -2.745351049220474e-02 3.1e+00 1.20e+00  9e-01  1e+00 135:30.1
  138   1656 5.576130598852892e-03 3.1e+00 1.26e+00  9e-01  2e+00 137:29.5
  140   1680 -4.182819120307071e-02 3.1e+00 1.33e+00  1e+00  2e+00 139:28.9
  142   1704 -3.162181736411393e-02 3.1e+00 1.29e+00  1e+00  2e+00 141:27.9
  144   1728 -7.402617016859487e-03 3.1e+00 1.19e+00  9e-01  1e+00 143:27.7
  146   1752 -2.829236365898019e-02 3.1e+00 1.10e+00  8e-01  1e+00 145:26.6
  148   1776 -3.266963370346847e-02 3.1e+00 1.01e+00  8e-01  1e+00 147:26.8
  150   1800 -3.024625709549301e-02 3.1e+00 9.14e-01  7e-01  1e+00 149:26.6
  152   1824 -3.296218707057870e-02 3.1e+00 8.88e-01  7e-01  1e+00 151:26.6
  154   1848 -2.418877497633710e-02 3.1e+00 9.08e-01  7e-01  1e+00 153:26.7
  156   1872 -4.434360539206052e-02 3.1e+00 8.94e-01  7e-01  1e+00 155:26.3
  158   1896 -3.631273095657993e-02 3.1e+00 8.93e-01  7e-01  1e+00 157:25.7
  160   1920 -2.097196084253291e-02 3.0e+00 8.96e-01  7e-01  1e+00 159:27.9
  162   1944 -4.031014105348744e-02 3.0e+00 8.99e-01  7e-01  1e+00 161:29.9
  164   1968 3.255485995681900e-02 3.0e+00 8.68e-01  6e-01  1e+00 163:32.0
  166   1992 -4.071193622183343e-02 2.9e+00 8.02e-01  6e-01  9e-01 165:33.1
  168   2016 -2.960208539396921e-02 2.9e+00 7.47e-01  6e-01  8e-01 167:34.8
  170   2040 -4.666779108468776e-02 3.0e+00 6.92e-01  5e-01  8e-01 169:36.5
  172   2064 -3.755052235829819e-02 3.0e+00 6.39e-01  5e-01  7e-01 171:38.3
  174   2088 3.892157157328559e-02 3.0e+00 6.14e-01  5e-01  7e-01 173:39.2
  176   2112 -2.884840346196162e-02 3.0e+00 5.91e-01  4e-01  7e-01 175:40.8
  178   2136 -2.231098987922714e-02 3.0e+00 5.69e-01  4e-01  6e-01 177:42.4
  180   2160 -2.942982078826626e-02 3.0e+00 5.46e-01  4e-01  6e-01 179:43.7
  182   2184 -3.607351713159084e-02 3.0e+00 5.54e-01  4e-01  6e-01 181:45.7
  184   2208 -3.323975178932580e-02 3.1e+00 5.44e-01  4e-01  6e-01 183:47.8
  186   2232 1.731476956598105e-02 3.1e+00 5.52e-01  4e-01  6e-01 185:49.9
  189   2268 -1.995444211226317e-02 3.1e+00 5.70e-01  4e-01  6e-01 188:53.1
  192   2304 -2.452183887393614e-02 3.2e+00 5.29e-01  4e-01  6e-01 191:56.1
  195   2340 -2.159058162506129e-02 3.3e+00 5.11e-01  4e-01  6e-01 194:58.5
  198   2376 -2.967754240224002e-02 3.3e+00 5.29e-01  4e-01  6e-01 198:01.3
  200   2400 -2.672629728974704e-02 3.4e+00 5.82e-01  4e-01  7e-01 200:02.4
  203   2436 -2.593829452208606e-02 3.4e+00 6.38e-01  5e-01  7e-01 203:04.7
  206   2472 4.958298285546435e-03 3.5e+00 6.11e-01  4e-01  7e-01 206:07.6
  209   2508 -3.206434308490169e-02 3.5e+00 6.21e-01  4e-01  7e-01 209:09.9
  212   2544 -7.214749593854176e-03 3.6e+00 6.46e-01  5e-01  7e-01 212:12.4
  215   2580 -3.954858038021894e-02 3.6e+00 6.58e-01  5e-01  8e-01 215:15.6
  218   2616 4.813717092902621e-02 3.6e+00 7.13e-01  5e-01  8e-01 218:18.9
  221   2652 4.705509300335906e-02 3.6e+00 7.01e-01  5e-01  8e-01 221:22.5
  224   2688 -2.891606771925572e-02 3.5e+00 6.40e-01  4e-01  7e-01 224:25.3
  227   2724 -3.861826970568015e-02 3.5e+00 5.93e-01  4e-01  7e-01 227:28.3
  230   2760 -2.633129937127404e-02 3.5e+00 5.67e-01  4e-01  6e-01 230:31.4
  233   2796 -3.426380760006198e-02 3.6e+00 5.79e-01  4e-01  6e-01 233:32.2
  236   2832 -3.496588200654095e-02 3.6e+00 5.19e-01  3e-01  6e-01 236:32.8
  239   2868 -1.325999989877650e-02 3.6e+00 4.69e-01  3e-01  5e-01 239:34.0
  242   2904 -2.017641836179163e-02 3.7e+00 4.40e-01  3e-01  5e-01 242:35.6
  245   2940 -3.210144309467260e-02 3.6e+00 3.94e-01  3e-01  4e-01 245:38.5
  248   2976 -3.904378228116826e-02 3.7e+00 3.62e-01  3e-01  4e-01 248:41.5
  251   3012 -3.993686770120930e-02 3.7e+00 3.72e-01  3e-01  4e-01 251:44.2
  254   3048 -3.109144451237388e-02 3.7e+00 3.95e-01  3e-01  4e-01 254:46.7
  257   3084 -8.317589946374463e-03 3.7e+00 4.09e-01  3e-01  4e-01 257:49.1
  260   3120 -2.996369746942880e-02 3.7e+00 3.69e-01  3e-01  4e-01 260:51.9
  263   3156 -4.307150475996598e-02 3.8e+00 3.26e-01  2e-01  3e-01 263:55.2
  266   3192 -3.708363448748982e-02 3.9e+00 3.15e-01  2e-01  3e-01 266:57.5
  269   3228 -2.634435222603915e-02 3.8e+00 2.96e-01  2e-01  3e-01 269:59.6
  272   3264 -3.910642519232111e-02 3.9e+00 2.80e-01  2e-01  3e-01 273:01.0
  275   3300 -4.255798766095117e-02 3.9e+00 2.63e-01  2e-01  3e-01 276:03.8
  278   3336 -4.007387153344746e-02 3.8e+00 2.50e-01  2e-01  3e-01 279:07.0
  281   3372 -3.952694316185033e-02 3.7e+00 2.79e-01  2e-01  3e-01 282:09.7
  284   3408 -4.102416896217163e-02 3.7e+00 2.83e-01  2e-01  3e-01 285:12.8
  287   3444 -4.654963868217220e-02 3.8e+00 2.85e-01  2e-01  3e-01 288:15.8
  290   3480 -4.252379827055705e-02 3.8e+00 2.73e-01  2e-01  3e-01 291:18.7
  293   3516 -4.169369152164532e-02 3.8e+00 2.54e-01  2e-01  3e-01 294:21.2
  296   3552 -4.340911839866201e-02 3.9e+00 2.28e-01  2e-01  2e-01 297:24.5
  299   3588 -4.386825046195568e-02 3.8e+00 2.13e-01  2e-01  2e-01 300:26.7
  300   3600 -4.386579893718938e-02 3.9e+00 2.13e-01  2e-01  2e-01 301:27.6
  303   3636 -4.286217144354586e-02 3.9e+00 2.10e-01  2e-01  2e-01 304:30.9
  306   3672 -4.916334357185401e-02 4.1e+00 2.08e-01  1e-01  2e-01 307:33.8
  309   3708 -5.194638269986115e-02 4.3e+00 2.10e-01  1e-01  2e-01 310:37.3
  312   3744 -5.034527069599134e-02 4.4e+00 2.18e-01  2e-01  2e-01 313:40.2
  315   3780 -5.339509718622114e-02 4.5e+00 2.22e-01  2e-01  2e-01 316:42.7
  318   3816 -5.334128295549093e-02 4.6e+00 2.13e-01  1e-01  2e-01 319:46.0
  321   3852 -5.236110499606807e-02 4.6e+00 1.84e-01  1e-01  2e-01 322:48.5
  324   3888 -5.332751208649207e-02 4.8e+00 1.63e-01  1e-01  2e-01 325:50.9
  327   3924 -4.983090993870219e-02 4.7e+00 1.69e-01  1e-01  2e-01 328:53.5
  330   3960 -5.012276957407085e-02 4.7e+00 1.57e-01  1e-01  2e-01 331:56.2
  333   3996 -5.406567345898523e-02 4.8e+00 1.54e-01  1e-01  2e-01 334:59.1
  336   4032 -5.208793837536067e-02 5.1e+00 1.49e-01  1e-01  2e-01 338:01.6
  339   4068 -5.165468608112179e-02 5.2e+00 1.40e-01  9e-02  2e-01 341:05.0
  342   4104 -5.516868096477701e-02 5.3e+00 1.33e-01  9e-02  2e-01 344:07.9
  345   4140 -5.681329488160046e-02 5.4e+00 1.37e-01  9e-02  2e-01 347:11.9
  348   4176 -5.613095242326902e-02 5.5e+00 1.36e-01  9e-02  2e-01 350:15.2
  351   4212 -5.575110335824741e-02 5.7e+00 1.37e-01  9e-02  2e-01 353:17.4
  354   4248 -5.693452945229431e-02 5.8e+00 1.27e-01  8e-02  1e-01 356:21.1
  357   4284 -5.680670533702981e-02 6.0e+00 1.23e-01  8e-02  1e-01 359:24.1
  360   4320 -5.637670477224368e-02 6.3e+00 1.26e-01  8e-02  1e-01 362:28.0
  363   4356 -5.583158896206253e-02 6.5e+00 1.40e-01  9e-02  2e-01 365:30.9
