Running job array 7 on pe64.int.triton.aalto.fi
Starting at Tue Mar 18 16:43:08 EET 2025
Activating virtual environment at /scratch/work/uotilav2/quantum-portfolio/venv
Processing batch 8/39: experiments 84 to 95 (total 12)
Processing experiment 84
Budget: 9728.744262695312
YF.download() has changed argument auto_adjust default to True
Expected returns: 0.1328386202030977
Covariance matrix: 0.5418513434664063
3rd-order coskewness tensor: 0.05969021066201795
4th-order cokurtosis tensor: 12.491738963410628
Number of qubits for asset HON: 6
Number of qubits for asset IBM: 6
Total number of qubits:  12
Optimized Weights (considering variance, skewness and kurtosis):
HON: 47.12%
IBM: 52.88%
Left over budget:  212.3657416158785
Optimized Discrete Allocation:
HON: 20
IBM: 23
Maximized utility from continuous higher moments:  -2550977.031934755
Budget constraint satisfied 8617.628509521484 9728.744262695312 Difference:  1111.1157531738281
Budget constraint satisfied 8623.940856933594 9728.744262695312 Difference:  1104.8034057617188
smallest_eigenvalues: [-0.10917468845826059]
smallest_bitstrings: ['000010111010']
first_excited_energy: -0.10916477132023736
optimized_portfolio: [{'HON': 16, 'IBM': 23}]
second_optimized_portfolio: [{'HON': 17, 'IBM': 22}]
result_with_budget: [{'portfolio': {'HON': 16, 'IBM': 23}, 'budget': 8617.628509521484, 'difference': 1111.1157531738281, 'objective_value': -1703041.3898980464}]
result_with_budget_excited: [{'portfolio': {'HON': 17, 'IBM': 22}, 'budget': 8623.940856933594, 'difference': 1104.8034057617188, 'objective_value': -1710119.7994194762}]
Initial params:  [2.51063067 1.44978017 2.45210473 0.37157007 2.01037118 0.45035763
 2.96776493 1.63943485 1.3026989  0.83112597 2.43232687 1.43303853
 1.78578792 0.0590299  1.94035914 1.92295543 1.93815531 2.96487203
 2.14200164 1.12942738]
(6_w,12)-aCMA-ES (mu_w=3.7,w_1=40%) in dimension 20 (seed=443523, Tue Mar 18 16:44:01 2025)
Iterat #Fevals   function value  axis ratio  sigma  min&max std  t[m:s]
    1     12 -9.513197099013040e-03 1.0e+00 1.38e+00  1e+00  1e+00 1:03.7
    2     24 -3.235337959761614e-02 1.1e+00 1.35e+00  1e+00  1e+00 2:06.9
    3     36 -5.531844178737602e-02 1.1e+00 1.36e+00  1e+00  1e+00 3:10.2
    4     48 -4.649303137183852e-02 1.2e+00 1.38e+00  1e+00  1e+00 4:14.6
    5     60 -3.624104118741765e-02 1.2e+00 1.37e+00  1e+00  1e+00 5:19.1
    6     72 -1.938032219382031e-02 1.3e+00 1.40e+00  1e+00  1e+00 6:23.9
    7     84 -1.488998287732324e-02 1.3e+00 1.41e+00  1e+00  1e+00 7:28.2
    8     96 -7.095406816505892e-02 1.3e+00 1.42e+00  1e+00  1e+00 8:32.6
    9    108 -5.600676074433830e-02 1.4e+00 1.42e+00  1e+00  1e+00 9:36.3
   10    120 -4.537230217657627e-02 1.4e+00 1.39e+00  1e+00  1e+00 10:39.5
   11    132 -4.150708597040197e-02 1.4e+00 1.34e+00  1e+00  1e+00 11:43.1
   12    144 -4.885250461841969e-02 1.4e+00 1.28e+00  1e+00  1e+00 12:46.7
   13    156 -5.051595039395690e-02 1.4e+00 1.30e+00  1e+00  1e+00 13:50.3
   14    168 2.435104130534785e-03 1.5e+00 1.28e+00  1e+00  1e+00 14:54.0
   15    180 -6.456925466917401e-02 1.5e+00 1.24e+00  1e+00  1e+00 15:57.7
   16    192 -2.141373051593223e-02 1.5e+00 1.26e+00  1e+00  1e+00 17:01.2
   17    204 -6.162085381819951e-02 1.5e+00 1.25e+00  1e+00  1e+00 18:04.7
   18    216 -3.705765634014361e-02 1.5e+00 1.22e+00  1e+00  1e+00 19:08.7
   19    228 -3.940848264005097e-02 1.5e+00 1.16e+00  1e+00  1e+00 20:12.5
   20    240 -2.645038293787519e-02 1.5e+00 1.13e+00  1e+00  1e+00 21:16.3
   21    252 -5.206632829763253e-02 1.5e+00 1.11e+00  1e+00  1e+00 22:19.9
   22    264 -1.141175241114654e-02 1.5e+00 1.14e+00  1e+00  1e+00 23:23.3
   23    276 -1.542309304294229e-02 1.6e+00 1.19e+00  1e+00  1e+00 24:26.8
   24    288 -4.672600495807970e-02 1.6e+00 1.23e+00  1e+00  1e+00 25:30.8
   25    300 -3.460320378659139e-02 1.6e+00 1.23e+00  1e+00  1e+00 26:34.6
   26    312 2.878340692054205e-02 1.7e+00 1.22e+00  1e+00  1e+00 27:38.7
   27    324 1.041031873874313e-02 1.7e+00 1.23e+00  1e+00  1e+00 28:42.6
   28    336 -2.405796450529998e-02 1.7e+00 1.25e+00  1e+00  1e+00 29:46.4
   29    348 -4.134020394236051e-02 1.8e+00 1.25e+00  1e+00  1e+00 30:50.4
   30    360 -4.569657759519348e-02 1.8e+00 1.27e+00  1e+00  1e+00 31:54.4
   31    372 2.723063717972555e-02 1.8e+00 1.24e+00  1e+00  1e+00 32:58.5
   32    384 -1.456582542351745e-02 1.8e+00 1.20e+00  1e+00  1e+00 34:02.5
   33    396 1.396514592755105e-02 1.8e+00 1.17e+00  1e+00  1e+00 35:06.8
   34    408 -2.834323446440711e-02 1.8e+00 1.10e+00  1e+00  1e+00 36:10.3
   35    420 -3.821061530985352e-02 1.8e+00 1.11e+00  1e+00  1e+00 37:13.5
   36    432 -1.637448949135237e-02 1.8e+00 1.13e+00  1e+00  1e+00 38:17.2
   37    444 -2.053059835779525e-03 1.8e+00 1.15e+00  1e+00  1e+00 39:20.8
   38    456 -3.611913241822162e-02 1.8e+00 1.20e+00  1e+00  1e+00 40:24.4
   39    468 -2.692604633551127e-02 1.8e+00 1.20e+00  1e+00  1e+00 41:27.9
   40    480 -5.689768540625853e-02 1.8e+00 1.17e+00  1e+00  1e+00 42:31.4
   41    492 -6.175928404826361e-03 1.8e+00 1.20e+00  1e+00  1e+00 43:35.2
   42    504 -1.535971355122506e-02 1.8e+00 1.19e+00  1e+00  1e+00 44:38.6
   43    516 -2.574060248302901e-02 1.9e+00 1.22e+00  1e+00  1e+00 45:42.2
   44    528 -2.962522724805464e-02 1.8e+00 1.26e+00  1e+00  1e+00 46:45.6
   45    540 -1.039560818618375e-02 1.8e+00 1.32e+00  1e+00  1e+00 47:49.2
   46    552 -2.019462277010839e-02 1.9e+00 1.43e+00  1e+00  2e+00 48:52.9
   47    564 -2.208928125593326e-02 1.9e+00 1.48e+00  1e+00  2e+00 49:56.4
   48    576 -5.516742320302765e-03 1.9e+00 1.51e+00  1e+00  2e+00 51:00.8
   49    588 -5.311447863133834e-04 1.9e+00 1.59e+00  1e+00  2e+00 52:05.3
   50    600 -3.242037227379423e-02 1.9e+00 1.66e+00  1e+00  2e+00 53:09.6
   51    612 -2.871977641391920e-02 1.9e+00 1.66e+00  1e+00  2e+00 54:13.8
   52    624 9.039992938080907e-03 1.9e+00 1.65e+00  1e+00  2e+00 55:18.4
   53    636 1.822041398528550e-03 1.9e+00 1.66e+00  1e+00  2e+00 56:22.9
   54    648 -3.310616468663698e-02 1.9e+00 1.66e+00  1e+00  2e+00 57:27.2
   55    660 -2.110039658414001e-02 1.9e+00 1.68e+00  1e+00  2e+00 58:31.8
   56    672 -4.007493943539107e-02 1.9e+00 1.71e+00  1e+00  2e+00 59:36.6
   57    684 -3.034006290079616e-02 1.9e+00 1.67e+00  1e+00  2e+00 60:41.0
   58    696 -6.054003728015710e-02 1.9e+00 1.63e+00  1e+00  2e+00 61:45.7
   59    708 -2.547619660487715e-02 1.9e+00 1.65e+00  1e+00  2e+00 62:50.8
   60    720 6.536074927842792e-03 2.0e+00 1.71e+00  2e+00  2e+00 63:54.9
   61    732 -8.787737613898580e-03 2.0e+00 1.74e+00  2e+00  2e+00 64:59.1
   62    744 -2.218840425562142e-02 2.0e+00 1.84e+00  2e+00  2e+00 66:03.9
   63    756 -1.160073062547717e-02 2.0e+00 1.84e+00  2e+00  2e+00 67:08.2
   64    768 -1.304253828060901e-02 2.1e+00 1.83e+00  2e+00  2e+00 68:12.5
   65    780 -2.161816889607522e-02 2.1e+00 1.79e+00  2e+00  2e+00 69:16.8
   67    804 -4.336895259498099e-02 2.1e+00 1.86e+00  2e+00  2e+00 71:25.3
   69    828 -1.085837291895967e-02 2.2e+00 1.84e+00  2e+00  2e+00 73:34.5
   71    852 -1.871001662609410e-02 2.2e+00 1.84e+00  2e+00  2e+00 75:43.1
   73    876 -1.039510776227631e-02 2.2e+00 2.08e+00  2e+00  2e+00 77:51.7
   75    900 -8.980246789468151e-03 2.2e+00 2.23e+00  2e+00  2e+00 79:59.3
   77    924 -2.783713632672180e-02 2.2e+00 2.29e+00  2e+00  2e+00 82:06.6
   79    948 -2.348721051907929e-02 2.2e+00 2.47e+00  2e+00  3e+00 84:14.2
   81    972 -1.665540407022325e-02 2.3e+00 2.49e+00  2e+00  3e+00 86:21.7
   83    996 -6.585397408688787e-03 2.3e+00 2.33e+00  2e+00  3e+00 88:29.5
   85   1020 9.335236097883707e-03 2.3e+00 2.21e+00  2e+00  2e+00 90:37.1
   87   1044 -1.231117487650309e-02 2.3e+00 2.31e+00  2e+00  3e+00 92:44.6
   89   1068 -2.535326116893279e-02 2.4e+00 2.36e+00  2e+00  3e+00 94:52.1
   91   1092 -4.930845592224233e-02 2.5e+00 2.45e+00  2e+00  3e+00 96:59.9
   93   1116 -1.630155297206088e-03 2.5e+00 2.57e+00  2e+00  3e+00 99:07.2
   95   1140 -4.830597570494832e-02 2.6e+00 2.85e+00  3e+00  3e+00 101:14.4
   97   1164 -5.318235519180602e-03 2.6e+00 2.95e+00  3e+00  4e+00 103:21.6
   99   1188 -4.911636982521204e-02 2.6e+00 2.92e+00  3e+00  4e+00 105:29.2
  100   1200 4.111315832728632e-03 2.6e+00 2.90e+00  3e+00  4e+00 106:33.0
  102   1224 7.821621665925245e-04 2.6e+00 2.72e+00  2e+00  3e+00 108:40.6
  104   1248 -1.076093585790072e-02 2.6e+00 2.56e+00  2e+00  3e+00 110:47.7
  106   1272 1.746319078527050e-02 2.7e+00 2.38e+00  2e+00  3e+00 112:53.8
  108   1296 -1.250232144900737e-02 2.7e+00 2.33e+00  2e+00  3e+00 114:59.8
  110   1320 -2.693963785553127e-03 2.8e+00 2.31e+00  2e+00  3e+00 117:05.7
  112   1344 3.680767399889712e-02 2.9e+00 2.42e+00  2e+00  3e+00 119:12.4
  114   1368 -7.299330762988638e-03 3.0e+00 2.57e+00  2e+00  4e+00 121:20.1
  116   1392 -1.539948665349831e-02 3.0e+00 2.84e+00  2e+00  4e+00 123:28.2
  118   1416 1.949442258874155e-02 3.0e+00 2.90e+00  3e+00  4e+00 125:35.9
  120   1440 -1.395582512261232e-02 3.1e+00 2.72e+00  2e+00  4e+00 127:43.6
  122   1464 6.373119538675285e-04 3.2e+00 2.69e+00  2e+00  4e+00 129:51.8
  124   1488 2.376827879289306e-03 3.2e+00 2.68e+00  2e+00  4e+00 131:59.3
  126   1512 8.169999635360439e-03 3.3e+00 2.56e+00  2e+00  4e+00 134:06.1
  128   1536 -2.784916883703518e-03 3.3e+00 2.39e+00  2e+00  4e+00 136:13.0
  130   1560 -2.570635836554271e-02 3.4e+00 2.15e+00  2e+00  3e+00 138:19.5
  132   1584 -1.289386918940002e-02 3.4e+00 2.06e+00  2e+00  3e+00 140:26.1
  134   1608 -1.364661588692782e-04 3.4e+00 2.02e+00  2e+00  3e+00 142:33.5
  136   1632 -2.545367842385639e-02 3.4e+00 1.95e+00  2e+00  3e+00 144:41.4
  138   1656 -6.065932463390059e-03 3.4e+00 2.00e+00  2e+00  3e+00 146:48.4
  140   1680 1.711296163672322e-02 3.4e+00 2.11e+00  2e+00  3e+00 148:55.3
  142   1704 1.747519388082962e-02 3.5e+00 2.38e+00  2e+00  4e+00 151:02.4
  144   1728 -5.488435298484799e-03 3.5e+00 2.48e+00  2e+00  4e+00 153:09.3
  146   1752 -1.556287198022884e-03 3.6e+00 2.45e+00  2e+00  4e+00 155:17.4
  148   1776 2.392017462053877e-02 3.6e+00 2.40e+00  2e+00  4e+00 157:24.8
  150   1800 2.387010315551900e-02 3.6e+00 2.40e+00  2e+00  4e+00 159:32.0
  152   1824 9.623803174797285e-03 3.6e+00 2.46e+00  2e+00  4e+00 161:39.1
  154   1848 -4.056110523709067e-02 3.6e+00 2.29e+00  2e+00  3e+00 163:45.8
  156   1872 1.656057125818646e-02 3.6e+00 2.06e+00  2e+00  3e+00 165:53.3
  158   1896 3.656451670343294e-02 3.6e+00 1.86e+00  2e+00  3e+00 168:00.1
  160   1920 2.297446977655626e-02 3.6e+00 1.79e+00  1e+00  3e+00 170:06.7
  162   1944 1.771576386498443e-02 3.5e+00 1.74e+00  1e+00  3e+00 172:13.6
  164   1968 -5.269362445554491e-03 3.5e+00 1.68e+00  1e+00  2e+00 174:18.9
  166   1992 5.376723999876667e-03 3.6e+00 1.59e+00  1e+00  2e+00 176:22.4
  168   2016 -8.270728403114366e-03 3.6e+00 1.62e+00  1e+00  2e+00 178:25.3
  170   2040 2.876152536752365e-02 3.6e+00 1.64e+00  1e+00  2e+00 180:28.0
  172   2064 -1.194230578789295e-02 3.6e+00 1.72e+00  1e+00  2e+00 182:30.8
  174   2088 2.479903222974658e-03 3.7e+00 1.72e+00  1e+00  2e+00 184:33.2
  176   2112 2.045663117613188e-02 3.6e+00 1.73e+00  1e+00  2e+00 186:36.4
  178   2136 1.912048942379776e-02 3.6e+00 1.79e+00  1e+00  3e+00 188:38.9
  180   2160 1.731550661589587e-02 3.7e+00 1.91e+00  2e+00  3e+00 190:41.5
  182   2184 -2.202031574175305e-02 3.7e+00 2.20e+00  2e+00  3e+00 192:44.6
  185   2220 2.578969491195175e-02 3.7e+00 2.40e+00  2e+00  3e+00 195:49.0
  188   2256 -2.676959250071477e-03 3.8e+00 2.32e+00  2e+00  3e+00 198:53.6
  191   2292 2.018708525351139e-02 3.8e+00 2.02e+00  2e+00  3e+00 201:58.1
  194   2328 -2.465419389202543e-02 3.8e+00 1.68e+00  1e+00  2e+00 205:02.1
  197   2364 2.027826040149955e-02 3.8e+00 1.50e+00  1e+00  2e+00 208:07.4
  200   2400 1.996126875955465e-02 4.0e+00 1.43e+00  1e+00  2e+00 211:12.2
  203   2436 8.084119525778902e-03 4.0e+00 1.53e+00  1e+00  2e+00 214:16.5
  206   2472 3.443298252904270e-02 4.0e+00 1.52e+00  1e+00  2e+00 217:19.9
  209   2508 1.498905050408493e-02 4.0e+00 1.49e+00  1e+00  2e+00 220:24.8
  212   2544 1.155281557438848e-02 4.1e+00 1.50e+00  1e+00  2e+00 223:29.0
  215   2580 1.742440547083056e-02 4.1e+00 1.55e+00  1e+00  2e+00 226:33.7
  218   2616 -1.135945045287439e-02 4.1e+00 1.52e+00  1e+00  2e+00 229:38.1
  221   2652 4.724334927490396e-02 4.1e+00 1.51e+00  1e+00  2e+00 232:41.5
  224   2688 2.614418003542055e-02 4.2e+00 1.42e+00  1e+00  2e+00 235:45.1
  227   2724 2.540704769483357e-02 4.1e+00 1.26e+00  1e+00  2e+00 238:48.9
  230   2760 7.729367441728315e-03 4.2e+00 1.19e+00  9e-01  2e+00 241:52.5
  233   2796 3.379655959269619e-03 4.1e+00 1.13e+00  9e-01  2e+00 244:56.7
  236   2832 2.082578834999703e-02 4.2e+00 1.17e+00  9e-01  2e+00 248:00.6
  239   2868 1.031766485950701e-02 4.2e+00 1.23e+00  9e-01  2e+00 251:04.2
  242   2904 6.138560861916426e-03 4.2e+00 1.52e+00  1e+00  2e+00 254:07.6
  245   2940 1.767426140128556e-02 4.2e+00 1.56e+00  1e+00  2e+00 257:11.2
  248   2976 -3.004866530987729e-03 4.4e+00 1.46e+00  1e+00  2e+00 260:14.8
  251   3012 1.903663191376335e-02 4.3e+00 1.44e+00  1e+00  2e+00 263:18.5
  254   3048 -1.468831273085856e-02 4.3e+00 1.54e+00  1e+00  2e+00 266:21.9
  257   3084 -8.186000251049373e-03 4.3e+00 1.64e+00  1e+00  2e+00 269:25.6
  260   3120 1.967351239033509e-02 4.5e+00 1.94e+00  1e+00  3e+00 272:29.5
  263   3156 2.516893611713431e-02 4.7e+00 2.23e+00  2e+00  3e+00 275:33.5
  266   3192 2.251800069376074e-02 4.7e+00 2.43e+00  2e+00  3e+00 278:37.5
  269   3228 -7.476764251882632e-03 4.7e+00 2.63e+00  2e+00  4e+00 281:41.8
  272   3264 1.941576274891015e-02 4.8e+00 2.85e+00  2e+00  4e+00 284:45.8
  275   3300 1.786601116518729e-02 4.8e+00 2.76e+00  2e+00  4e+00 287:49.7
  278   3336 -3.726755604946162e-02 4.8e+00 2.63e+00  2e+00  4e+00 290:54.0
  281   3372 1.851973658125888e-02 4.9e+00 2.37e+00  2e+00  3e+00 293:58.3
  284   3408 4.594443577210509e-03 4.9e+00 2.32e+00  2e+00  3e+00 297:02.2
  287   3444 -4.854959050388833e-03 4.9e+00 2.21e+00  2e+00  3e+00 300:06.7
  290   3480 1.660832289164373e-02 4.9e+00 2.19e+00  2e+00  3e+00 303:10.3
  293   3516 2.229355248669338e-02 5.0e+00 2.26e+00  2e+00  3e+00 306:14.0
  296   3552 2.761645186475801e-02 5.1e+00 2.30e+00  2e+00  3e+00 309:17.8
  299   3588 1.360049715707752e-02 5.2e+00 2.25e+00  2e+00  3e+00 312:21.7
  300   3600 3.425924166082018e-02 5.1e+00 2.34e+00  2e+00  3e+00 313:23.2
  303   3636 3.572854038333197e-02 5.1e+00 2.25e+00  2e+00  3e+00 316:26.8
  306   3672 2.671121484165111e-02 5.0e+00 2.19e+00  2e+00  3e+00 319:30.5
  309   3708 2.529330282833245e-03 5.0e+00 2.04e+00  2e+00  3e+00 322:34.3
  312   3744 -3.678553240214110e-03 5.1e+00 1.85e+00  1e+00  3e+00 325:37.9
  315   3780 -6.017229144871735e-03 5.1e+00 1.69e+00  1e+00  2e+00 328:41.3
  318   3816 -5.136904050712777e-03 5.0e+00 1.65e+00  1e+00  2e+00 331:45.1
  321   3852 -5.344200391170218e-03 5.0e+00 1.70e+00  1e+00  2e+00 334:49.0
  324   3888 1.584363463119927e-02 5.2e+00 1.73e+00  1e+00  2e+00 337:52.1
  327   3924 3.939814640143315e-03 5.3e+00 1.85e+00  1e+00  3e+00 340:55.8
  330   3960 -1.467247480108613e-02 5.3e+00 1.94e+00  2e+00  3e+00 343:59.4
  333   3996 2.491896711472872e-02 5.3e+00 2.11e+00  2e+00  3e+00 347:02.8
  336   4032 2.245872274720274e-03 5.3e+00 2.32e+00  2e+00  3e+00 350:06.6
  339   4068 1.315835176014018e-02 5.3e+00 2.58e+00  2e+00  4e+00 353:10.1
  342   4104 1.024885566552409e-02 5.5e+00 2.73e+00  2e+00  4e+00 356:14.1
  345   4140 9.164916448937153e-03 5.8e+00 2.65e+00  2e+00  4e+00 359:17.6
  348   4176 1.025604955160417e-02 5.6e+00 2.51e+00  2e+00  4e+00 362:21.4
  351   4212 2.603151828762845e-02 5.7e+00 2.49e+00  2e+00  4e+00 365:24.9
  354   4248 2.776740475692513e-02 5.9e+00 2.80e+00  2e+00  4e+00 368:28.5
  357   4284 9.319638064064670e-03 5.9e+00 2.95e+00  2e+00  5e+00 371:32.4
  360   4320 2.009610419448976e-02 5.9e+00 2.83e+00  2e+00  5e+00 374:36.2
  364   4368 -3.888380907145196e-03 6.0e+00 3.13e+00  2e+00  5e+00 378:41.1
  368   4416 4.019335065795351e-02 6.1e+00 3.25e+00  3e+00  5e+00 382:45.9
  372   4464 1.681522684735254e-02 6.3e+00 3.95e+00  3e+00  6e+00 386:50.5
  376   4512 2.102906866951254e-02 6.5e+00 3.92e+00  3e+00  6e+00 390:55.5
  380   4560 2.892645379448937e-02 6.5e+00 3.74e+00  3e+00  6e+00 395:00.0
  384   4608 2.738223702765358e-02 6.6e+00 3.23e+00  3e+00  5e+00 399:04.7
  388   4656 1.849991150971899e-02 6.6e+00 2.71e+00  2e+00  4e+00 403:09.3
  392   4704 3.394720116992225e-02 7.0e+00 2.60e+00  2e+00  4e+00 407:13.7
  396   4752 4.544479372942873e-02 7.3e+00 2.76e+00  2e+00  4e+00 411:10.8
  400   4800 2.328134889583583e-02 7.9e+00 2.88e+00  2e+00  5e+00 415:08.0
  404   4848 3.956272975913516e-02 8.0e+00 2.74e+00  2e+00  4e+00 419:05.4
  408   4896 3.173031526892930e-02 8.1e+00 2.90e+00  2e+00  5e+00 423:03.3
  412   4944 2.213312373321313e-02 8.5e+00 3.01e+00  2e+00  5e+00 427:04.9
  416   4992 2.407509201923516e-02 8.6e+00 2.40e+00  2e+00  4e+00 431:08.7
  420   5040 2.473803562437378e-02 8.7e+00 2.17e+00  2e+00  3e+00 435:06.8
  424   5088 1.699151090684784e-02 8.8e+00 2.42e+00  2e+00  4e+00 439:04.2
  428   5136 3.513864014562710e-02 9.2e+00 2.64e+00  2e+00  5e+00 443:01.3
  432   5184 2.370532451211049e-02 9.4e+00 2.83e+00  2e+00  5e+00 446:58.2
  436   5232 2.369586311977230e-02 9.6e+00 3.14e+00  3e+00  6e+00 450:57.2
  440   5280 2.140686257421202e-02 9.5e+00 3.32e+00  3e+00  6e+00 454:57.0
  444   5328 2.592677170815559e-02 1.0e+01 3.22e+00  3e+00  6e+00 458:55.9
  448   5376 1.211897107150682e-02 1.0e+01 3.69e+00  3e+00  6e+00 462:55.0
  452   5424 1.770665051660563e-02 1.0e+01 3.53e+00  3e+00  6e+00 466:58.5
  456   5472 2.182434061497995e-02 1.0e+01 3.84e+00  3e+00  7e+00 471:03.7
  460   5520 4.591144647190393e-02 1.1e+01 4.67e+00  4e+00  8e+00 475:08.9
  464   5568 3.013020448315031e-02 1.1e+01 4.86e+00  4e+00  9e+00 479:13.6
  468   5616 4.324267061847985e-02 1.0e+01 5.55e+00  5e+00  1e+01 483:18.8
  472   5664 3.345234636787277e-02 1.0e+01 5.44e+00  4e+00  9e+00 487:23.7
  476   5712 3.004353950920316e-02 1.1e+01 5.62e+00  5e+00  1e+01 491:28.6
  480   5760 2.806907264582278e-02 1.1e+01 5.09e+00  4e+00  9e+00 495:33.9
  484   5808 3.402884743752421e-02 1.1e+01 5.46e+00  4e+00  9e+00 499:39.0
  488   5856 4.108664347051429e-02 1.1e+01 6.24e+00  5e+00  1e+01 503:44.3
  492   5904 3.023789073728328e-02 1.1e+01 5.77e+00  5e+00  1e+01 507:49.3
  496   5952 4.514577532590533e-02 1.2e+01 5.31e+00  4e+00  9e+00 511:54.0
  500   6000 3.043855119255543e-02 1.2e+01 5.29e+00  4e+00  9e+00 515:59.3
  504   6048 3.634184569491573e-02 1.2e+01 5.16e+00  4e+00  9e+00 520:04.0
  508   6096 3.422987116162819e-02 1.2e+01 4.72e+00  4e+00  8e+00 524:08.8
  512   6144 3.187801953220674e-02 1.3e+01 4.61e+00  4e+00  8e+00 528:13.8
  516   6192 4.034743803799393e-02 1.3e+01 3.99e+00  3e+00  7e+00 532:19.1
  520   6240 3.645556430472298e-02 1.3e+01 3.94e+00  3e+00  7e+00 536:23.9
  524   6288 3.250860063667659e-02 1.3e+01 4.15e+00  3e+00  7e+00 540:29.0
  528   6336 3.211797379905773e-02 1.3e+01 4.38e+00  4e+00  8e+00 544:34.3
  532   6384 3.983710665891822e-02 1.3e+01 4.39e+00  3e+00  8e+00 548:39.7
  536   6432 3.327964917151569e-02 1.3e+01 4.51e+00  3e+00  8e+00 552:45.0
  540   6480 3.628002156838848e-02 1.3e+01 4.34e+00  3e+00  8e+00 556:49.9
  544   6528 3.942189438881831e-02 1.3e+01 4.07e+00  3e+00  7e+00 560:55.0
  548   6576 3.757930300118160e-02 1.3e+01 3.48e+00  3e+00  6e+00 565:00.3
  552   6624 3.721194532269230e-02 1.4e+01 3.74e+00  3e+00  7e+00 569:05.6
  556   6672 4.104587299780588e-02 1.4e+01 3.89e+00  3e+00  7e+00 573:10.9
  560   6720 3.265681597824466e-02 1.5e+01 3.65e+00  3e+00  7e+00 577:16.3
  564   6768 3.844320858330107e-02 1.5e+01 3.60e+00  3e+00  7e+00 581:22.0
  568   6816 3.716997753432654e-02 1.4e+01 3.79e+00  3e+00  7e+00 585:27.5
  572   6864 3.812153846016301e-02 1.4e+01 3.62e+00  3e+00  6e+00 589:32.4
  576   6912 4.053382948997724e-02 1.4e+01 3.85e+00  3e+00  7e+00 593:37.3
  580   6960 4.003157172182977e-02 1.4e+01 3.37e+00  3e+00  6e+00 597:41.8
  584   7008 3.766183207339480e-02 1.4e+01 3.26e+00  2e+00  6e+00 601:46.7
  588   7056 3.230007237110777e-02 1.5e+01 3.26e+00  2e+00  6e+00 605:51.4
  592   7104 2.822970704411247e-02 1.5e+01 3.28e+00  2e+00  6e+00 609:56.6
  596   7152 3.048404662072889e-02 1.5e+01 3.07e+00  2e+00  5e+00 614:01.5
  600   7200 3.965459200684547e-02 1.6e+01 3.06e+00  2e+00  6e+00 618:07.0
  604   7248 3.747648208144223e-02 1.6e+01 3.12e+00  2e+00  6e+00 622:11.7
  608   7296 3.321667068692098e-02 1.6e+01 2.98e+00  2e+00  5e+00 626:17.4
  613   7356 3.522915217798191e-02 1.6e+01 3.21e+00  2e+00  6e+00 631:24.4
  618   7416 3.052106206942570e-02 1.7e+01 3.12e+00  2e+00  6e+00 636:30.9
  623   7476 4.017735043539375e-02 1.6e+01 3.16e+00  2e+00  6e+00 641:37.8
  628   7536 3.431131984450017e-02 1.5e+01 3.14e+00  2e+00  6e+00 646:44.9
  633   7596 4.122076837949865e-02 1.6e+01 2.86e+00  2e+00  5e+00 651:52.1
  638   7656 3.371891967647892e-02 1.6e+01 2.68e+00  2e+00  5e+00 656:58.2
  643   7716 3.757125343090353e-02 1.7e+01 2.54e+00  2e+00  4e+00 662:04.8
  648   7776 3.563773683722501e-02 1.7e+01 2.20e+00  2e+00  4e+00 667:11.9
  653   7836 4.208808196729195e-02 1.9e+01 2.23e+00  2e+00  4e+00 672:18.4
  658   7896 4.216044646202158e-02 1.9e+01 2.16e+00  2e+00  4e+00 677:24.5
  663   7956 3.814439909174184e-02 1.9e+01 2.12e+00  2e+00  4e+00 682:31.0
  668   8016 3.578151886368989e-02 2.0e+01 2.13e+00  2e+00  3e+00 687:36.2
  673   8076 3.304751831490105e-02 1.9e+01 2.15e+00  2e+00  3e+00 692:42.1
  678   8136 3.747200543345473e-02 1.9e+01 2.34e+00  2e+00  4e+00 697:46.8
  683   8196 3.743344691343441e-02 1.9e+01 2.08e+00  2e+00  3e+00 702:53.2
  688   8256 3.556177609166009e-02 1.9e+01 2.02e+00  2e+00  3e+00 707:59.1
  693   8316 3.190205143147477e-02 1.9e+01 1.86e+00  1e+00  3e+00 713:05.5
  698   8376 3.488083490865344e-02 2.0e+01 1.72e+00  1e+00  3e+00 718:10.5
  700   8400 3.678619618762511e-02 2.0e+01 1.68e+00  1e+00  3e+00 720:13.0
  705   8460 3.820005517835229e-02 2.0e+01 1.84e+00  1e+00  3e+00 725:19.1
  710   8520 3.595491891289049e-02 2.0e+01 2.20e+00  2e+00  4e+00 730:25.6
  715   8580 3.974368339662546e-02 2.0e+01 2.01e+00  1e+00  3e+00 735:32.0
  720   8640 3.937644993627155e-02 2.0e+01 1.93e+00  1e+00  3e+00 740:38.6
  725   8700 3.710604644888693e-02 2.0e+01 2.02e+00  1e+00  4e+00 745:44.2
  730   8760 4.010528510866729e-02 2.1e+01 2.20e+00  2e+00  4e+00 750:51.2
  735   8820 4.385243635911704e-02 2.1e+01 2.02e+00  1e+00  4e+00 755:57.3
  740   8880 4.085161909935216e-02 2.2e+01 1.82e+00  1e+00  3e+00 761:03.5
  745   8940 4.106035074099753e-02 2.2e+01 1.92e+00  1e+00  3e+00 766:09.9
  750   9000 2.155542556275693e-02 2.2e+01 1.94e+00  1e+00  3e+00 771:15.8
  755   9060 3.326406661748090e-02 2.3e+01 1.89e+00  1e+00  3e+00 776:22.4
  760   9120 3.341763092441596e-02 2.4e+01 2.05e+00  1e+00  4e+00 781:29.0
  765   9180 3.302323572090877e-02 2.5e+01 2.30e+00  2e+00  4e+00 786:35.9
  770   9240 3.219069314887665e-02 2.5e+01 2.15e+00  1e+00  4e+00 791:42.8
  775   9300 3.474435521359407e-02 2.5e+01 2.14e+00  1e+00  4e+00 796:48.3
  780   9360 3.756571209730952e-02 2.6e+01 1.84e+00  1e+00  3e+00 801:55.1
  785   9420 2.780049892603658e-02 2.6e+01 1.67e+00  1e+00  3e+00 807:01.7
  790   9480 3.925108503112801e-02 2.6e+01 1.73e+00  1e+00  3e+00 811:54.2
  796   9552 3.608986795450576e-02 2.7e+01 1.67e+00  1e+00  3e+00 817:33.2
  800   9600 3.707944972835924e-02 2.7e+01 1.68e+00  1e+00  3e+00 821:18.4
  806   9672 4.336203634546573e-02 2.8e+01 1.43e+00  1e+00  2e+00 826:56.9
  812   9744 3.450607879050123e-02 2.8e+01 1.31e+00  9e-01  2e+00 832:36.6
  818   9816 3.731205179158056e-02 2.9e+01 1.12e+00  8e-01  2e+00 838:15.8
  824   9888 3.550134677092351e-02 3.0e+01 1.16e+00  8e-01  2e+00 843:54.9
  830   9960 4.046360259180200e-02 2.8e+01 9.98e-01  7e-01  2e+00 849:34.2
  836  10032 3.698776023079614e-02 3.0e+01 1.02e+00  7e-01  2e+00 855:14.5
  842  10104 3.845023820250680e-02 2.9e+01 1.01e+00  7e-01  2e+00 860:54.2
  848  10176 3.353084368463354e-02 3.0e+01 9.52e-01  7e-01  2e+00 866:47.0
  853  10236 3.648265835767954e-02 2.9e+01 8.80e-01  6e-01  2e+00 871:52.7
  858  10296 3.805798006040466e-02 2.8e+01 8.27e-01  6e-01  2e+00 876:56.8
  863  10356 3.145235752765535e-02 2.7e+01 8.51e-01  6e-01  2e+00 882:02.5
  868  10416 3.312755643078385e-02 2.8e+01 8.92e-01  6e-01  2e+00 887:08.3
  873  10476 3.493586955252460e-02 2.9e+01 9.08e-01  6e-01  2e+00 892:14.1
  878  10536 3.455773177328633e-02 2.9e+01 8.49e-01  6e-01  2e+00 897:20.3
  883  10596 3.194823023025008e-02 2.8e+01 8.16e-01  5e-01  1e+00 902:25.8
  888  10656 2.731283820632424e-02 2.8e+01 7.27e-01  5e-01  1e+00 907:31.8
  893  10716 4.032897818313468e-02 2.8e+01 8.17e-01  5e-01  2e+00 912:38.0
  898  10776 3.226965298010233e-02 2.9e+01 7.56e-01  5e-01  1e+00 917:43.6
  900  10800 3.575500106924142e-02 2.9e+01 7.48e-01  5e-01  1e+00 919:41.8
  906  10872 3.794134227986143e-02 3.0e+01 6.91e-01  5e-01  1e+00 925:42.9
  911  10932 3.704975396055191e-02 2.9e+01 7.04e-01  5e-01  1e+00 930:48.3
  917  11004 3.778845617856282e-02 2.9e+01 6.87e-01  4e-01  1e+00 936:54.7
  923  11076 3.353576252360788e-02 3.0e+01 7.35e-01  5e-01  1e+00 943:01.2
  929  11148 3.662247068910258e-02 3.0e+01 7.64e-01  5e-01  1e+00 949:07.8
  935  11220 4.105288193524750e-02 3.0e+01 7.85e-01  5e-01  1e+00 955:04.8
  941  11292 3.699703727754108e-02 2.9e+01 7.49e-01  5e-01  1e+00 960:53.3
  947  11364 3.943065808107838e-02 3.0e+01 8.82e-01  6e-01  2e+00 966:41.6
  953  11436 3.494235820231163e-02 3.1e+01 9.41e-01  6e-01  2e+00 972:29.9
  959  11508 3.901636308770925e-02 3.1e+01 9.70e-01  6e-01  2e+00 978:18.2
  965  11580 3.795030359019114e-02 3.0e+01 8.07e-01  5e-01  1e+00 984:06.2
  971  11652 3.497263063393040e-02 3.0e+01 7.91e-01  5e-01  1e+00 989:55.1
  977  11724 3.581790639274926e-02 3.0e+01 7.20e-01  4e-01  1e+00 995:43.2
  983  11796 2.883840021627480e-02 3.0e+01 6.93e-01  4e-01  1e+00 1001:26.5
  989  11868 3.861792172330560e-02 2.9e+01 5.64e-01  3e-01  1e+00 1007:29.1
  995  11940 3.341624431716097e-02 2.9e+01 5.68e-01  3e-01  1e+00 1013:36.3
 1000  12000 3.030025001563931e-02 3.0e+01 5.53e-01  3e-01  9e-01 1018:42.4
Budget constraint satisfied 218.37515258789062 9728.744262695312 Difference:  9510.369110107422
Budget constraint satisfied 0.0 9728.744262695312 Difference:  9728.744262695312
two_most_probable_states: ['000000100000', '000000000000']
final_expectation_value: -0.07095406816505892
params: [1.8889737205713653, 1.1726405791940804, 7.103542623871352, 1.3585300318766917, -1.9921749099627608, 2.5608001913200407, 4.378476691161288, 3.07185842378828, -3.3373947975658766, -0.13461712153847483, 4.339675283102064, -2.149694641904402, 3.696192693727641, 0.8908213443440693, 2.0194317899107896, 1.5473677284103848, 4.0813521001628175, 2.250234799304062, 2.376027540581994, -2.0764225758656023]
total_steps: 1000
states_probs: [0.00872571000566693, 0.012658277066414954]
optimized_portfolios: [{'HON': 0, 'IBM': 1}, {'HON': 0, 'IBM': 0}]
objective_values: [-2.839409453778977, -0.0]
result_with_budget: [{'portfolio': {'HON': 0, 'IBM': 1}, 'budget': 218.37515258789062, 'difference': 9510.369110107422}, {'portfolio': {'HON': 0, 'IBM': 0}, 'budget': 0.0, 'difference': 9728.744262695312}]
Processing experiment 85
Budget: 3316.9868659973145
Expected returns: 0.13858735798180435
Covariance matrix: 0.43425499418297564
3rd-order coskewness tensor: -0.32963413143221015
4th-order cokurtosis tensor: 11.44081295404072
Number of qubits for asset CSCO: 6
Number of qubits for asset KO: 6
Total number of qubits:  12
Optimized Weights (considering variance, skewness and kurtosis):
CSCO: 51.66%
KO: 48.34%
Left over budget:  4.9047268820804675
Optimized Discrete Allocation:
CSCO: 29
KO: 26
Maximized utility from continuous higher moments:  -4435643.282927322
Budget constraint satisfied 1870.8524703979492 3316.9868659973145 Difference:  1446.1343955993652
Budget constraint satisfied 1873.8570594787598 3316.9868659973145 Difference:  1443.1298065185547
smallest_eigenvalues: [-0.020542007418552742]
smallest_bitstrings: ['111100000010']
first_excited_energy: -0.020530075794074232
optimized_portfolio: [{'CSCO': 15, 'KO': 16}]
second_optimized_portfolio: [{'CSCO': 14, 'KO': 17}]
result_with_budget: [{'portfolio': {'CSCO': 15, 'KO': 16}, 'budget': 1870.8524703979492, 'difference': 1446.1343955993652, 'objective_value': -447286.7062317446}]
result_with_budget_excited: [{'portfolio': {'CSCO': 14, 'KO': 17}, 'budget': 1873.8570594787598, 'difference': 1443.1298065185547, 'objective_value': -451776.0024006633}]
Initial params:  [0.52735452 2.37324577 1.53028565 0.87937451 1.56761368 0.63213627
 2.90258391 2.35102402 0.78976112 2.61736611 1.21331678 1.13511487
 1.3209714  0.0851292  0.37470196 2.44609513 3.03381573 2.74329374
 1.29991955 2.72958867]
(6_w,12)-aCMA-ES (mu_w=3.7,w_1=40%) in dimension 20 (seed=423065, Wed Mar 19 09:44:24 2025)
Iterat #Fevals   function value  axis ratio  sigma  min&max std  t[m:s]
    1     12 8.503599931821358e-03 1.0e+00 1.44e+00  1e+00  1e+00 1:02.2
    2     24 4.506739621334963e-02 1.1e+00 1.43e+00  1e+00  1e+00 2:04.1
    3     36 7.327126580739477e-03 1.1e+00 1.40e+00  1e+00  1e+00 3:06.0
    4     48 1.286568315941559e-02 1.2e+00 1.37e+00  1e+00  1e+00 4:07.9
    5     60 2.199528024496312e-02 1.2e+00 1.29e+00  1e+00  1e+00 5:09.9
    6     72 5.684831568787560e-02 1.2e+00 1.26e+00  1e+00  1e+00 6:12.0
    7     84 3.210025385991244e-02 1.2e+00 1.21e+00  1e+00  1e+00 7:13.7
    8     96 1.731239275026581e-02 1.2e+00 1.21e+00  1e+00  1e+00 8:15.7
    9    108 6.817247404945476e-03 1.3e+00 1.22e+00  1e+00  1e+00 9:18.0
   10    120 4.530232793801960e-02 1.3e+00 1.25e+00  1e+00  1e+00 10:19.9
   11    132 4.817423819810873e-02 1.3e+00 1.28e+00  1e+00  1e+00 11:21.8
   12    144 8.290945214334687e-04 1.4e+00 1.32e+00  1e+00  1e+00 12:23.5
   13    156 3.538998716933580e-03 1.4e+00 1.34e+00  1e+00  1e+00 13:25.6
   14    168 2.657467028269074e-02 1.4e+00 1.37e+00  1e+00  1e+00 14:27.7
   15    180 1.135706288354154e-02 1.5e+00 1.40e+00  1e+00  2e+00 15:29.7
   16    192 -6.612140809509798e-03 1.5e+00 1.43e+00  1e+00  2e+00 16:31.7
   17    204 2.589458636681545e-03 1.5e+00 1.47e+00  1e+00  2e+00 17:33.4
   18    216 6.791260673206945e-02 1.6e+00 1.49e+00  1e+00  2e+00 18:35.3
   19    228 1.244511111470362e-02 1.6e+00 1.52e+00  1e+00  2e+00 19:37.2
   20    240 4.828733375793087e-02 1.6e+00 1.60e+00  2e+00  2e+00 20:39.2
   21    252 1.415596081592177e-03 1.7e+00 1.60e+00  2e+00  2e+00 21:41.2
   22    264 1.692022011651308e-02 1.7e+00 1.59e+00  1e+00  2e+00 22:43.0
   23    276 8.732560534207973e-03 1.7e+00 1.54e+00  1e+00  2e+00 23:44.7
   24    288 6.177398987254819e-02 1.8e+00 1.52e+00  1e+00  2e+00 24:46.9
   25    300 4.019417347391017e-02 1.7e+00 1.51e+00  1e+00  2e+00 25:48.8
   26    312 2.417793911167807e-03 1.7e+00 1.51e+00  1e+00  2e+00 26:50.5
   27    324 2.060576655713002e-02 1.8e+00 1.52e+00  1e+00  2e+00 27:52.3
   28    336 9.506078968196770e-03 1.8e+00 1.50e+00  1e+00  2e+00 28:54.2
   29    348 1.677865331264645e-02 1.8e+00 1.54e+00  1e+00  2e+00 29:56.2
   30    360 2.521021175356369e-02 1.8e+00 1.55e+00  1e+00  2e+00 30:58.1
   31    372 2.145075749482600e-02 1.8e+00 1.55e+00  1e+00  2e+00 31:60.0
   32    384 1.242844567763842e-02 1.8e+00 1.58e+00  1e+00  2e+00 33:01.9
   33    396 8.722694083739014e-03 1.8e+00 1.57e+00  1e+00  2e+00 34:03.8
   34    408 3.137176835243517e-02 1.8e+00 1.56e+00  1e+00  2e+00 35:05.5
   35    420 1.721272286925032e-02 1.8e+00 1.52e+00  1e+00  2e+00 36:07.3
   36    432 9.188864424049809e-03 1.8e+00 1.49e+00  1e+00  2e+00 37:09.2
   37    444 2.257764334876634e-02 1.9e+00 1.54e+00  1e+00  2e+00 38:11.1
   38    456 5.754990475604217e-03 1.9e+00 1.59e+00  1e+00  2e+00 39:13.2
   39    468 1.462256346988813e-03 1.9e+00 1.68e+00  2e+00  2e+00 40:15.3
   40    480 3.749373597937079e-04 1.9e+00 1.73e+00  2e+00  2e+00 41:17.1
   41    492 6.566097373269084e-02 1.9e+00 1.78e+00  2e+00  2e+00 42:19.3
   42    504 2.679069363995126e-02 1.9e+00 1.80e+00  2e+00  2e+00 43:21.3
   43    516 3.047859078190610e-02 1.9e+00 1.85e+00  2e+00  2e+00 44:19.1
   44    528 3.366382485172547e-03 1.9e+00 1.94e+00  2e+00  2e+00 45:15.7
   45    540 1.396766673426236e-02 1.9e+00 2.03e+00  2e+00  2e+00 46:12.2
   46    552 1.773591370998950e-02 1.9e+00 2.00e+00  2e+00  2e+00 47:09.4
   47    564 2.466828664360738e-02 1.9e+00 2.01e+00  2e+00  2e+00 48:06.8
   48    576 4.028826240245029e-02 2.0e+00 2.06e+00  2e+00  2e+00 49:03.8
   49    588 7.012929412543287e-02 2.0e+00 2.10e+00  2e+00  2e+00 50:00.4
   50    600 2.056913274026113e-02 2.0e+00 2.11e+00  2e+00  2e+00 50:57.4
   51    612 1.468603099517424e-02 2.1e+00 2.08e+00  2e+00  2e+00 51:54.0
   52    624 2.417528744954502e-02 2.1e+00 2.05e+00  2e+00  2e+00 52:50.8
   53    636 1.164227905864749e-02 2.0e+00 2.04e+00  2e+00  2e+00 53:47.4
   54    648 8.679562972042401e-03 2.1e+00 1.98e+00  2e+00  2e+00 54:44.0
   55    660 2.290115886888046e-02 2.1e+00 1.91e+00  2e+00  2e+00 55:40.9
   56    672 2.924732561337811e-02 2.1e+00 1.90e+00  2e+00  2e+00 56:37.7
   57    684 2.625869557479577e-02 2.1e+00 1.88e+00  2e+00  2e+00 57:34.5
   59    708 2.045854422107262e-02 2.2e+00 1.95e+00  2e+00  2e+00 59:27.7
   61    732 6.059488040162620e-03 2.2e+00 1.97e+00  2e+00  2e+00 61:21.1
   63    756 6.582457542381412e-03 2.2e+00 1.87e+00  2e+00  2e+00 63:14.5
   65    780 2.927699144962137e-02 2.2e+00 1.85e+00  2e+00  2e+00 65:07.9
   67    804 2.484725145003270e-02 2.2e+00 1.88e+00  2e+00  2e+00 67:01.8
   69    828 9.448847915540869e-03 2.2e+00 1.91e+00  2e+00  2e+00 68:55.0
   71    852 5.145555131582918e-02 2.2e+00 2.08e+00  2e+00  2e+00 70:48.3
   73    876 6.854570749030934e-03 2.2e+00 2.23e+00  2e+00  2e+00 72:41.7
   75    900 2.085574590210726e-02 2.3e+00 2.60e+00  2e+00  3e+00 74:35.0
   77    924 3.909271197601948e-02 2.4e+00 2.71e+00  2e+00  3e+00 76:28.2
   79    948 5.820472042322079e-02 2.5e+00 2.75e+00  2e+00  3e+00 78:21.9
   81    972 1.437188522476090e-02 2.5e+00 2.66e+00  2e+00  3e+00 80:25.9
   83    996 2.901604521276825e-02 2.5e+00 2.54e+00  2e+00  3e+00 82:30.0
   85   1020 8.911790553067320e-03 2.5e+00 2.42e+00  2e+00  3e+00 84:33.7
   87   1044 5.536229716109443e-02 2.5e+00 2.33e+00  2e+00  3e+00 86:37.9
   89   1068 8.309287163143519e-02 2.5e+00 2.34e+00  2e+00  3e+00 88:42.0
   91   1092 5.143547735543275e-02 2.6e+00 2.33e+00  2e+00  3e+00 90:45.8
   93   1116 1.840216686804603e-02 2.6e+00 2.39e+00  2e+00  3e+00 92:49.5
   95   1140 4.829392579959499e-02 2.6e+00 2.26e+00  2e+00  3e+00 94:53.7
   97   1164 5.159203808229790e-02 2.6e+00 2.07e+00  2e+00  2e+00 96:57.9
   99   1188 4.657225255365439e-03 2.6e+00 1.92e+00  2e+00  2e+00 99:01.7
  100   1200 9.214545438836229e-02 2.6e+00 1.79e+00  2e+00  2e+00 100:03.6
  102   1224 8.449773874548958e-02 2.6e+00 1.68e+00  1e+00  2e+00 102:07.6
  104   1248 2.179600966624189e-02 2.7e+00 1.72e+00  1e+00  2e+00 104:11.6
  106   1272 1.017692240675879e-01 2.7e+00 1.72e+00  1e+00  2e+00 106:15.5
  108   1296 5.552967907019403e-02 2.7e+00 1.78e+00  2e+00  2e+00 108:19.5
  110   1320 7.220686840741382e-02 2.7e+00 1.78e+00  2e+00  2e+00 110:23.6
  112   1344 5.588189649539336e-02 2.8e+00 1.81e+00  2e+00  2e+00 112:22.5
  114   1368 3.612538708922557e-02 2.8e+00 1.94e+00  2e+00  2e+00 114:16.1
  116   1392 4.115411232188573e-02 2.7e+00 1.95e+00  2e+00  2e+00 116:17.6
  118   1416 4.152535954169709e-02 2.8e+00 1.85e+00  2e+00  2e+00 118:21.6
  120   1440 3.258750494564070e-02 2.8e+00 1.83e+00  2e+00  2e+00 120:25.2
  122   1464 6.703291843100398e-02 2.8e+00 2.03e+00  2e+00  2e+00 122:29.3
  124   1488 5.807738240605986e-02 2.8e+00 2.28e+00  2e+00  3e+00 124:33.1
  126   1512 5.309989893409363e-02 2.8e+00 2.38e+00  2e+00  3e+00 126:37.2
  128   1536 8.270868135997857e-02 2.8e+00 2.43e+00  2e+00  3e+00 128:41.4
  130   1560 5.692395987240358e-02 2.8e+00 2.55e+00  2e+00  3e+00 130:45.6
  132   1584 6.537348524391681e-02 2.8e+00 2.71e+00  2e+00  3e+00 132:49.4
  134   1608 3.900554637148738e-02 2.8e+00 2.90e+00  2e+00  3e+00 134:53.4
  136   1632 1.326918316437848e-02 2.8e+00 3.24e+00  3e+00  4e+00 136:57.3
  138   1656 7.764326725369557e-02 2.8e+00 3.57e+00  3e+00  4e+00 139:01.3
  140   1680 5.055435049235565e-02 2.8e+00 4.01e+00  3e+00  5e+00 141:05.3
  142   1704 2.813952395826445e-02 2.8e+00 4.22e+00  4e+00  5e+00 143:09.3
  144   1728 8.574233946978400e-02 2.8e+00 4.67e+00  4e+00  6e+00 145:11.6
  146   1752 5.431944153696538e-02 2.9e+00 4.95e+00  4e+00  6e+00 147:05.4
  148   1776 2.563420980311706e-02 3.1e+00 4.93e+00  4e+00  6e+00 148:59.5
  150   1800 5.654886229997654e-02 3.1e+00 4.34e+00  4e+00  5e+00 150:60.0
  152   1824 3.650630306721522e-02 3.1e+00 4.11e+00  3e+00  5e+00 153:04.2
  154   1848 4.893427434685852e-02 3.0e+00 3.99e+00  3e+00  5e+00 155:08.5
  156   1872 6.624735179562934e-02 3.1e+00 4.13e+00  3e+00  5e+00 157:13.1
  158   1896 4.470088260053404e-02 3.1e+00 4.07e+00  3e+00  5e+00 159:17.5
  160   1920 4.921044324368685e-02 3.1e+00 3.82e+00  3e+00  5e+00 161:21.6
  162   1944 4.359024248250789e-02 3.1e+00 3.63e+00  3e+00  5e+00 163:26.6
  164   1968 6.380480191235897e-02 3.2e+00 3.78e+00  3e+00  5e+00 165:30.8
  166   1992 7.130580141676052e-02 3.2e+00 3.91e+00  3e+00  5e+00 167:35.3
  168   2016 7.183594599754407e-02 3.2e+00 3.94e+00  3e+00  5e+00 169:40.3
  170   2040 6.970824591952117e-02 3.2e+00 4.25e+00  3e+00  5e+00 171:45.3
  172   2064 4.835784852325072e-02 3.4e+00 4.37e+00  3e+00  6e+00 173:49.9
  174   2088 8.551062778565173e-02 3.4e+00 4.40e+00  3e+00  6e+00 175:54.0
  176   2112 8.151660002496089e-02 3.4e+00 4.28e+00  3e+00  5e+00 177:58.5
  178   2136 7.164940311401946e-02 3.4e+00 4.06e+00  3e+00  5e+00 180:03.2
  180   2160 6.769184910213057e-02 3.4e+00 3.99e+00  3e+00  5e+00 182:07.4
  182   2184 7.470393083190806e-02 3.5e+00 3.84e+00  3e+00  5e+00 184:11.9
  184   2208 5.156413944378998e-02 3.5e+00 3.74e+00  3e+00  5e+00 186:16.0
  186   2232 1.061185770098243e-01 3.6e+00 3.78e+00  3e+00  5e+00 188:20.3
  188   2256 1.002589728025194e-01 3.6e+00 3.77e+00  3e+00  5e+00 190:24.9
  190   2280 9.452194024297302e-02 3.6e+00 3.67e+00  3e+00  5e+00 192:29.0
  192   2304 6.201227882529305e-02 3.6e+00 3.86e+00  3e+00  5e+00 194:33.4
  195   2340 9.119558021520514e-02 3.7e+00 4.57e+00  4e+00  6e+00 197:39.6
  198   2376 9.294068405496068e-02 3.9e+00 4.72e+00  4e+00  6e+00 200:45.9
  200   2400 1.006773764953248e-01 3.9e+00 4.22e+00  3e+00  5e+00 202:50.3
  203   2436 7.648802520916245e-02 4.1e+00 4.09e+00  3e+00  5e+00 205:56.3
  206   2472 9.680830197361569e-02 4.2e+00 4.44e+00  4e+00  6e+00 209:02.7
  209   2508 9.021298750856419e-02 4.2e+00 4.80e+00  4e+00  6e+00 212:08.5
  212   2544 9.861878019218770e-02 4.4e+00 5.19e+00  4e+00  7e+00 215:14.9
  215   2580 8.290498946141246e-02 4.5e+00 5.77e+00  5e+00  8e+00 218:21.3
  218   2616 9.244691297016715e-02 4.7e+00 6.00e+00  5e+00  8e+00 221:28.3
  221   2652 6.061478178669526e-02 4.7e+00 6.28e+00  5e+00  9e+00 224:34.7
  224   2688 8.891373572288122e-02 4.6e+00 6.08e+00  5e+00  8e+00 227:40.8
  227   2724 1.029119521759643e-01 4.6e+00 6.08e+00  5e+00  9e+00 230:47.1
  230   2760 7.856687790475575e-02 4.7e+00 5.97e+00  5e+00  9e+00 233:52.9
  233   2796 1.032514873565410e-01 4.7e+00 5.98e+00  5e+00  8e+00 236:58.7
  236   2832 1.017371740865057e-01 4.7e+00 5.99e+00  5e+00  8e+00 240:04.7
  239   2868 6.392051254249301e-02 4.7e+00 6.86e+00  6e+00  1e+01 243:10.8
  242   2904 7.644293319560157e-02 4.8e+00 6.41e+00  5e+00  9e+00 246:16.8
  245   2940 4.111378110019822e-02 4.9e+00 6.69e+00  6e+00  1e+01 249:22.3
  248   2976 7.208854381960349e-02 4.9e+00 6.67e+00  6e+00  1e+01 252:29.3
  251   3012 8.654706081821865e-02 5.0e+00 7.12e+00  6e+00  1e+01 255:35.3
  254   3048 6.618735676521130e-02 5.1e+00 6.95e+00  6e+00  1e+01 258:41.2
  257   3084 7.959614278233908e-02 5.2e+00 7.42e+00  6e+00  1e+01 261:47.4
  260   3120 7.204193749409379e-02 5.3e+00 7.10e+00  6e+00  1e+01 264:54.3
  263   3156 7.636063624406730e-02 5.3e+00 6.56e+00  5e+00  1e+01 268:01.6
  266   3192 8.958059394098697e-02 5.2e+00 6.12e+00  5e+00  9e+00 271:09.2
  269   3228 8.082946677720566e-02 5.1e+00 6.11e+00  5e+00  9e+00 274:16.6
  272   3264 8.988356313600386e-02 5.1e+00 6.48e+00  5e+00  9e+00 277:24.3
  275   3300 9.291797025273202e-02 5.2e+00 6.50e+00  5e+00  9e+00 280:31.6
  278   3336 1.175853794841085e-01 5.1e+00 6.43e+00  5e+00  9e+00 283:39.3
  281   3372 9.071356114520669e-02 5.2e+00 5.78e+00  5e+00  9e+00 286:46.4
  284   3408 6.759002935962725e-02 5.2e+00 5.29e+00  4e+00  8e+00 289:53.7
  287   3444 8.785481329098320e-02 5.3e+00 5.33e+00  4e+00  8e+00 293:01.8
  290   3480 1.022408426758076e-01 5.4e+00 5.16e+00  4e+00  8e+00 296:09.4
  293   3516 1.133013042050033e-01 5.4e+00 4.56e+00  4e+00  7e+00 299:16.8
  296   3552 8.662440882740262e-02 5.5e+00 4.48e+00  4e+00  6e+00 302:24.5
  299   3588 1.028641057873392e-01 5.5e+00 4.16e+00  3e+00  6e+00 305:30.6
  300   3600 1.063168652828190e-01 5.6e+00 4.04e+00  3e+00  6e+00 306:32.7
  303   3636 1.064708454963760e-01 5.5e+00 3.98e+00  3e+00  6e+00 309:38.9
  306   3672 7.444795438567021e-02 5.6e+00 4.43e+00  3e+00  6e+00 312:45.2
  309   3708 7.789722722183832e-02 5.8e+00 4.45e+00  3e+00  6e+00 315:51.4
  312   3744 8.977239054316821e-02 5.8e+00 4.20e+00  3e+00  6e+00 318:57.9
  315   3780 8.481184948905529e-02 5.7e+00 4.06e+00  3e+00  6e+00 322:03.7
  318   3816 1.079512745226305e-01 5.7e+00 4.50e+00  3e+00  6e+00 325:10.3
  321   3852 1.150125455976136e-01 5.8e+00 4.51e+00  3e+00  6e+00 328:16.5
  324   3888 8.615599129752124e-02 5.8e+00 4.37e+00  3e+00  6e+00 331:22.7
  327   3924 8.459079810522435e-02 5.8e+00 4.36e+00  3e+00  6e+00 334:28.9
  330   3960 1.047817441296060e-01 5.8e+00 3.91e+00  3e+00  6e+00 337:35.1
  333   3996 7.983520137908239e-02 5.9e+00 3.78e+00  3e+00  5e+00 340:40.9
  336   4032 9.864774067798827e-02 6.0e+00 3.69e+00  3e+00  5e+00 343:47.0
  339   4068 1.029816904147381e-01 6.0e+00 3.60e+00  3e+00  5e+00 346:53.1
  342   4104 1.004445070493162e-01 6.0e+00 3.48e+00  3e+00  5e+00 349:59.4
  345   4140 1.031768292043446e-01 6.1e+00 3.69e+00  3e+00  5e+00 353:05.2
  348   4176 5.835090661060386e-02 6.2e+00 3.78e+00  3e+00  6e+00 356:11.4
  351   4212 1.052997660028959e-01 6.3e+00 3.84e+00  3e+00  6e+00 359:17.3
  354   4248 1.099588682786553e-01 6.5e+00 3.78e+00  3e+00  6e+00 362:23.0
  357   4284 1.012060622938011e-01 6.5e+00 3.53e+00  3e+00  5e+00 365:28.6
  360   4320 5.748705655923966e-02 6.7e+00 3.66e+00  3e+00  6e+00 368:33.9
  363   4356 1.086718642129147e-01 6.9e+00 3.90e+00  3e+00  6e+00 371:40.1
  366   4392 9.027541958725667e-02 6.9e+00 4.53e+00  3e+00  7e+00 374:46.0
  369   4428 1.016653919017620e-01 6.9e+00 5.28e+00  4e+00  8e+00 377:52.8
  372   4464 1.097070242964050e-01 7.1e+00 5.40e+00  4e+00  9e+00 380:59.5
  375   4500 1.039414184647874e-01 7.3e+00 5.65e+00  4e+00  9e+00 384:05.9
  379   4548 9.433003955755065e-02 7.5e+00 6.22e+00  5e+00  1e+01 388:14.6
  383   4596 9.716753933971609e-02 7.6e+00 6.81e+00  5e+00  1e+01 392:23.6
  387   4644 9.804975065712800e-02 7.8e+00 7.46e+00  6e+00  1e+01 396:33.1
  391   4692 1.005176434148905e-01 7.8e+00 6.74e+00  5e+00  1e+01 400:42.1
  395   4740 8.732392729519126e-02 7.7e+00 6.00e+00  4e+00  1e+01 404:49.4
  399   4788 8.916254360150411e-02 7.7e+00 7.13e+00  5e+00  1e+01 408:54.9
  400   4800 1.031973930613231e-01 7.8e+00 7.64e+00  6e+00  1e+01 409:56.0
  404   4848 1.061294926081315e-01 7.8e+00 7.62e+00  5e+00  1e+01 414:03.3
  408   4896 1.144113877550897e-01 7.9e+00 7.97e+00  6e+00  1e+01 418:11.7
  412   4944 9.448870752751824e-02 7.7e+00 7.18e+00  5e+00  1e+01 422:17.5
