Running job array 19 on milan29.int.triton.aalto.fi
Starting at Thu Mar 13 20:39:56 EET 2025
Activating virtual environment at /scratch/work/uotilav2/quantum-portfolio/venv
Processing batch 20/20: experiments 423 to 444 (total 22)
Skipping experiment 423 (already processed)
Processing experiment 424
Budget: 238.4783477783203
YF.download() has changed argument auto_adjust default to True
Number of qubits for asset AXP: 1
Number of qubits for asset BA: 1
Number of qubits for asset CSCO: 3
Number of qubits for asset DIS: 2
Number of qubits for asset HON: 1
Number of qubits for asset IBM: 1
Number of qubits for asset JNJ: 1
Number of qubits for asset JPM: 1
Number of qubits for asset PG: 1
Total number of qubits:  12
Optimized Weights (considering variance, skewness and kurtosis):
AXP: 0.00%
BA: 0.00%
CSCO: 18.53%
DIS: 0.00%
HON: 0.00%
IBM: 0.00%
JNJ: 0.00%
JPM: 79.71%
PG: 1.76%
Left over budget:  -5.470091934967058e-07
Optimized Discrete Allocation:
JPM: 1
Maximized utility from continuous higher moments:  1.1239628616972794
Budget constraint satisfied 238.4783477783203 238.4783477783203 Difference:  0.0
Budget constraint satisfied 235.79932403564453 238.4783477783203 Difference:  2.6790237426757812
smallest_eigenvalues: [-0.014843032112667251]
smallest_bitstrings: ['000000000010']
first_excited_energy: -0.014841160672182501
optimized_portfolio: [{'AXP': 0, 'BA': 0, 'CSCO': 0, 'DIS': 0, 'HON': 0, 'IBM': 0, 'JNJ': 0, 'JPM': 1, 'PG': 0}]
second_optimized_portfolio: [{'AXP': 0, 'BA': 1, 'CSCO': 1, 'DIS': 0, 'HON': 0, 'IBM': 0, 'JNJ': 0, 'JPM': 0, 'PG': 0}]
result_with_budget: [{'portfolio': {'AXP': 0, 'BA': 0, 'CSCO': 0, 'DIS': 0, 'HON': 0, 'IBM': 0, 'JNJ': 0, 'JPM': 1, 'PG': 0}, 'budget': 238.4783477783203, 'difference': 0.0, 'objective_value': 1.1239628616972794}]
result_with_budget_excited: [{'portfolio': {'AXP': 0, 'BA': 1, 'CSCO': 1, 'DIS': 0, 'HON': 0, 'IBM': 0, 'JNJ': 0, 'JPM': 0, 'PG': 0}, 'budget': 235.79932403564453, 'difference': 2.6790237426757812, 'objective_value': 1.7878725481685944}]
Initial params:  [2.01037118 0.45035763 2.96776493 1.63943485 1.3026989  0.83112597
 2.43232687 1.43303853 1.78578792 0.0590299  1.94035914 1.92295543
 1.93815531 2.96487203 2.14200164 1.12942738 1.37297638 2.19167304
 0.1892039  2.09470941 2.106871   0.66093631 0.40503391 0.99094739]
(6_w,13)-aCMA-ES (mu_w=4.0,w_1=38%) in dimension 24 (seed=995848, Thu Mar 13 20:40:38 2025)
Iterat #Fevals   function value  axis ratio  sigma  min&max std  t[m:s]
    1     13 2.236842363610038e-01 1.0e+00 9.15e-02  9e-02  9e-02 1:09.7
    2     26 2.044516577010103e-01 1.1e+00 8.71e-02  9e-02  9e-02 2:19.4
    3     39 1.955385855823494e-01 1.1e+00 8.50e-02  8e-02  9e-02 3:27.7
    4     52 1.798080958124830e-01 1.1e+00 8.36e-02  8e-02  9e-02 4:38.6
    5     65 1.314980481349007e-01 1.1e+00 8.48e-02  8e-02  9e-02 5:46.6
    6     78 1.163851584736121e-01 1.2e+00 8.56e-02  8e-02  9e-02 6:55.2
    7     91 1.184118660271392e-01 1.2e+00 8.81e-02  9e-02  9e-02 8:03.4
    8    104 9.732002341155457e-02 1.3e+00 9.43e-02  9e-02  1e-01 9:11.2
    9    117 6.463922322410251e-02 1.3e+00 1.02e-01  1e-01  1e-01 10:19.4
   10    130 5.226380949075212e-02 1.4e+00 1.09e-01  1e-01  1e-01 11:27.8
   11    143 4.584620348251293e-02 1.4e+00 1.15e-01  1e-01  1e-01 12:36.5
   12    156 5.145633705481271e-02 1.5e+00 1.21e-01  1e-01  1e-01 13:44.8
   13    169 3.546853512365108e-02 1.5e+00 1.24e-01  1e-01  1e-01 14:52.9
   14    182 2.395591287202655e-02 1.5e+00 1.30e-01  1e-01  1e-01 16:00.7
   15    195 1.265196654807508e-02 1.6e+00 1.36e-01  1e-01  2e-01 17:08.8
   16    208 2.295314526783106e-02 1.6e+00 1.43e-01  1e-01  2e-01 18:16.8
   17    221 6.673023507410376e-03 1.7e+00 1.48e-01  1e-01  2e-01 19:25.0
   18    234 -2.709631087141908e-03 1.7e+00 1.58e-01  2e-01  2e-01 20:32.9
   19    247 -5.159277031386690e-03 1.8e+00 1.68e-01  2e-01  2e-01 21:40.9
   20    260 5.602044313918301e-03 1.8e+00 1.76e-01  2e-01  2e-01 22:48.8
   21    273 4.057077756311677e-03 1.8e+00 1.87e-01  2e-01  2e-01 23:56.9
   22    286 1.226986111060020e-03 1.9e+00 1.95e-01  2e-01  2e-01 25:04.5
   23    299 -6.474305205301187e-03 2.0e+00 2.01e-01  2e-01  2e-01 26:12.6
   24    312 -5.151226080572791e-03 2.0e+00 2.01e-01  2e-01  2e-01 27:20.6
   25    325 -3.553529694759245e-03 2.1e+00 2.01e-01  2e-01  2e-01 28:28.7
   26    338 -1.555660910119139e-03 2.1e+00 2.05e-01  2e-01  2e-01 29:36.8
   27    351 -5.141336790995108e-03 2.2e+00 2.01e-01  2e-01  2e-01 30:44.9
   28    364 -6.367756809791019e-03 2.2e+00 1.95e-01  2e-01  2e-01 31:52.7
   29    377 7.261182414150365e-04 2.2e+00 1.91e-01  2e-01  2e-01 33:00.7
   30    390 -6.680430082138866e-03 2.3e+00 1.88e-01  2e-01  2e-01 34:08.5
   31    403 3.090710866267317e-05 2.3e+00 1.86e-01  2e-01  2e-01 35:16.5
   32    416 -2.146857227942607e-03 2.3e+00 1.79e-01  2e-01  2e-01 36:25.2
   33    429 -7.279594934724722e-03 2.3e+00 1.83e-01  2e-01  2e-01 37:33.4
   34    442 -5.894596348165641e-03 2.4e+00 1.87e-01  2e-01  2e-01 38:41.7
   35    455 -7.659170335695483e-03 2.4e+00 1.89e-01  2e-01  2e-01 39:49.7
   36    468 -7.337211040494011e-03 2.4e+00 1.88e-01  2e-01  2e-01 40:57.9
   37    481 -6.248764027797869e-03 2.4e+00 1.83e-01  2e-01  2e-01 42:05.8
   38    494 -6.745389427582650e-03 2.4e+00 1.80e-01  2e-01  2e-01 43:13.9
   39    507 -7.461681378505114e-03 2.5e+00 1.78e-01  2e-01  2e-01 44:22.0
   40    520 -6.400807122078611e-03 2.5e+00 1.76e-01  2e-01  2e-01 45:30.1
   41    533 -6.408054397522227e-03 2.5e+00 1.78e-01  2e-01  2e-01 46:38.0
   42    546 -5.074912429587791e-03 2.5e+00 1.78e-01  2e-01  2e-01 47:46.1
   43    559 -6.222331494159821e-03 2.5e+00 1.82e-01  2e-01  2e-01 48:53.4
   44    572 -6.170095495680905e-03 2.6e+00 1.86e-01  2e-01  2e-01 50:01.5
   45    585 -6.741771831686714e-03 2.6e+00 1.92e-01  2e-01  2e-01 51:10.1
   46    598 -6.804381999352909e-03 2.7e+00 1.92e-01  2e-01  2e-01 52:19.3
   47    611 -5.571807907672434e-03 2.7e+00 1.89e-01  2e-01  2e-01 53:28.0
   48    624 -6.707768378647391e-03 2.7e+00 1.92e-01  2e-01  2e-01 54:36.3
   49    637 -6.454738398712872e-03 2.8e+00 1.94e-01  2e-01  2e-01 55:44.5
   50    650 -4.945178995579514e-03 2.8e+00 1.91e-01  2e-01  2e-01 56:52.3
   51    663 -7.697200043409519e-03 2.8e+00 1.88e-01  2e-01  2e-01 58:00.6
   52    676 -7.583936785973238e-03 2.8e+00 1.82e-01  2e-01  2e-01 59:08.9
   53    689 -6.875612821459024e-03 2.9e+00 1.75e-01  2e-01  2e-01 60:17.3
   54    702 -8.047253286190511e-03 2.9e+00 1.67e-01  2e-01  2e-01 61:25.7
   55    715 -5.770454861321011e-03 3.0e+00 1.64e-01  1e-01  2e-01 62:33.8
   56    728 -7.590285406406739e-03 3.0e+00 1.59e-01  1e-01  2e-01 63:42.5
   57    741 -7.168818752026917e-03 3.0e+00 1.56e-01  1e-01  2e-01 64:51.2
   58    754 -6.943004051894906e-03 3.0e+00 1.57e-01  1e-01  2e-01 65:59.6
   59    767 -5.679081484757074e-03 3.1e+00 1.58e-01  1e-01  2e-01 67:07.5
   60    780 -6.034574429244533e-03 3.1e+00 1.57e-01  1e-01  2e-01 68:16.0
   61    793 -6.793345845846193e-03 3.1e+00 1.59e-01  1e-01  2e-01 69:24.5
   62    806 -6.896609188956283e-03 3.2e+00 1.62e-01  1e-01  2e-01 70:32.4
   63    819 -6.504419122502300e-03 3.2e+00 1.59e-01  1e-01  2e-01 71:40.3
   64    832 -6.636426320393965e-03 3.2e+00 1.57e-01  1e-01  2e-01 72:48.3
   65    845 -7.827253880889380e-03 3.2e+00 1.52e-01  1e-01  2e-01 73:56.2
   66    858 -7.305919693989892e-03 3.2e+00 1.47e-01  1e-01  2e-01 75:04.2
   67    871 -6.304142487161809e-03 3.3e+00 1.43e-01  1e-01  2e-01 76:12.4
   68    884 -6.743041708173813e-03 3.3e+00 1.40e-01  1e-01  2e-01 77:20.2
   70    910 -7.597424524077042e-03 3.3e+00 1.44e-01  1e-01  2e-01 79:35.1
   72    936 -7.763031098887600e-03 3.4e+00 1.44e-01  1e-01  2e-01 81:50.6
   74    962 -7.488449327928431e-03 3.5e+00 1.39e-01  1e-01  2e-01 84:07.1
   76    988 -7.744299796199306e-03 3.6e+00 1.29e-01  1e-01  1e-01 86:23.1
   78   1014 -7.049569064494453e-03 3.6e+00 1.28e-01  1e-01  1e-01 88:39.6
   80   1040 -7.588223202846612e-03 3.7e+00 1.31e-01  1e-01  1e-01 90:56.1
   82   1066 -7.784913992090306e-03 3.7e+00 1.34e-01  1e-01  1e-01 93:12.1
   84   1092 -7.708836731434992e-03 3.8e+00 1.35e-01  1e-01  1e-01 95:28.3
   86   1118 -7.293333859676001e-03 3.9e+00 1.32e-01  1e-01  1e-01 97:44.7
   88   1144 -8.237469222973385e-03 4.0e+00 1.24e-01  1e-01  1e-01 100:00.4
   90   1170 -7.875961192187975e-03 4.0e+00 1.22e-01  1e-01  1e-01 102:14.8
   92   1196 -8.073944259414578e-03 4.0e+00 1.17e-01  1e-01  1e-01 104:29.3
   94   1222 -7.788889372756067e-03 4.1e+00 1.21e-01  1e-01  1e-01 106:44.5
   96   1248 -7.855872096961466e-03 4.1e+00 1.24e-01  1e-01  1e-01 108:59.2
   98   1274 -7.794255548940332e-03 4.2e+00 1.24e-01  1e-01  1e-01 111:14.4
  100   1300 -7.761404551742097e-03 4.2e+00 1.23e-01  1e-01  1e-01 113:29.6
  102   1326 -7.798578144387174e-03 4.3e+00 1.19e-01  1e-01  1e-01 115:45.2
  104   1352 -8.026425567965475e-03 4.4e+00 1.10e-01  1e-01  1e-01 117:59.7
  106   1378 -7.812803773144738e-03 4.4e+00 1.03e-01  9e-02  1e-01 120:14.1
  108   1404 -8.083278544631410e-03 4.6e+00 9.97e-02  9e-02  1e-01 122:28.8
  110   1430 -8.284388933599816e-03 4.7e+00 9.98e-02  9e-02  1e-01 124:43.2
  112   1456 -8.199353783890886e-03 4.8e+00 1.00e-01  9e-02  1e-01 126:57.9
  114   1482 -8.103755893026213e-03 4.8e+00 9.69e-02  8e-02  1e-01 129:12.0
  116   1508 -8.384687333187426e-03 4.9e+00 9.31e-02  8e-02  1e-01 131:26.4
  118   1534 -8.373089059120232e-03 4.9e+00 8.89e-02  8e-02  1e-01 133:38.8
  120   1560 -8.388980210830099e-03 4.9e+00 8.52e-02  7e-02  9e-02 135:51.5
  122   1586 -8.478391363775211e-03 5.0e+00 8.21e-02  7e-02  9e-02 138:03.9
  124   1612 -7.809751702128108e-03 5.1e+00 8.26e-02  7e-02  9e-02 140:16.5
  126   1638 -7.847087452031330e-03 5.1e+00 8.60e-02  7e-02  1e-01 142:29.2
  128   1664 -8.100432913064315e-03 5.3e+00 8.94e-02  8e-02  1e-01 144:41.2
  130   1690 -8.084483898765898e-03 5.4e+00 8.87e-02  8e-02  1e-01 146:54.3
  132   1716 -8.504320194008787e-03 5.5e+00 8.74e-02  7e-02  1e-01 149:07.3
  134   1742 -8.577999227793528e-03 5.6e+00 9.05e-02  8e-02  1e-01 151:19.5
  136   1768 -8.363262489752612e-03 5.7e+00 9.58e-02  8e-02  1e-01 153:31.7
  138   1794 -8.583561842848725e-03 5.8e+00 1.03e-01  9e-02  1e-01 155:43.9
  140   1820 -8.375653938589347e-03 5.9e+00 1.06e-01  9e-02  1e-01 157:56.3
  142   1846 -8.487806907904495e-03 5.9e+00 1.03e-01  9e-02  1e-01 160:08.7
  144   1872 -8.440001934552291e-03 6.1e+00 1.01e-01  9e-02  1e-01 162:21.0
  146   1898 -8.445581097816462e-03 6.1e+00 1.03e-01  9e-02  1e-01 164:33.9
  148   1924 -8.474813479040342e-03 6.1e+00 1.07e-01  9e-02  1e-01 166:46.4
  150   1950 -8.277769907007411e-03 6.2e+00 1.06e-01  9e-02  1e-01 168:59.2
  152   1976 -8.463955050961766e-03 6.4e+00 1.04e-01  9e-02  1e-01 171:12.2
  154   2002 -8.301034617849585e-03 6.7e+00 9.95e-02  8e-02  1e-01 173:25.7
  156   2028 -8.360749559266025e-03 7.0e+00 9.45e-02  8e-02  1e-01 175:39.4
  158   2054 -8.454939022096460e-03 7.2e+00 8.63e-02  7e-02  1e-01 177:52.3
  160   2080 -8.469355294005524e-03 7.3e+00 7.76e-02  6e-02  9e-02 180:05.6
  162   2106 -8.458355876261330e-03 7.4e+00 7.18e-02  6e-02  8e-02 182:19.0
  164   2132 -8.559509330124207e-03 7.4e+00 7.32e-02  6e-02  9e-02 184:32.5
  166   2158 -8.403158890541508e-03 7.5e+00 7.57e-02  6e-02  9e-02 186:45.8
  168   2184 -8.548712094464919e-03 7.5e+00 7.69e-02  6e-02  9e-02 188:58.7
  170   2210 -8.515921580958978e-03 7.7e+00 7.76e-02  6e-02  9e-02 191:11.5
  172   2236 -8.461040729068236e-03 7.7e+00 7.92e-02  6e-02  9e-02 193:24.6
  174   2262 -8.571323749733281e-03 7.8e+00 7.47e-02  6e-02  9e-02 195:37.1
  176   2288 -8.540561837576958e-03 7.9e+00 7.10e-02  6e-02  8e-02 197:49.6
  178   2314 -8.558046290479231e-03 8.1e+00 7.05e-02  6e-02  8e-02 200:02.1
  180   2340 -8.629330799027928e-03 8.2e+00 6.98e-02  6e-02  8e-02 202:14.8
  182   2366 -8.675018122023861e-03 8.5e+00 6.80e-02  5e-02  8e-02 204:27.8
  184   2392 -8.626858611644399e-03 8.7e+00 6.75e-02  5e-02  8e-02 206:40.8
  186   2418 -8.681298993385461e-03 8.9e+00 6.29e-02  5e-02  7e-02 208:53.7
  188   2444 -8.671437814321359e-03 9.1e+00 6.16e-02  5e-02  7e-02 211:06.2
  190   2470 -8.597291776689489e-03 9.4e+00 6.23e-02  5e-02  7e-02 213:18.3
  192   2496 -8.643163060183024e-03 9.5e+00 6.41e-02  5e-02  7e-02 215:30.5
  194   2522 -8.666926227486865e-03 9.6e+00 6.23e-02  5e-02  7e-02 217:42.1
  196   2548 -8.728907323449423e-03 9.6e+00 6.11e-02  5e-02  7e-02 219:54.0
  199   2587 -8.708788800463546e-03 9.7e+00 5.91e-02  4e-02  7e-02 223:12.2
  200   2600 -8.756375713886671e-03 9.7e+00 5.83e-02  4e-02  6e-02 224:18.4
  203   2639 -8.750782882109743e-03 1.0e+01 5.43e-02  4e-02  6e-02 227:36.7
  206   2678 -8.754432600832576e-03 1.0e+01 4.91e-02  4e-02  6e-02 230:55.7
  209   2717 -8.749392759536500e-03 1.1e+01 4.92e-02  4e-02  6e-02 234:14.5
  212   2756 -8.793942295953152e-03 1.1e+01 4.93e-02  4e-02  6e-02 237:33.8
  215   2795 -8.870476386725822e-03 1.1e+01 4.69e-02  3e-02  5e-02 240:52.6
  218   2834 -8.820563804982430e-03 1.1e+01 5.10e-02  4e-02  6e-02 244:10.9
  221   2873 -8.875860196567102e-03 1.1e+01 5.86e-02  4e-02  7e-02 247:29.7
  224   2912 -8.921750249436845e-03 1.2e+01 5.75e-02  4e-02  7e-02 250:48.4
  227   2951 -8.964560500429354e-03 1.2e+01 5.78e-02  4e-02  7e-02 254:07.8
  230   2990 -9.070488513332057e-03 1.3e+01 6.38e-02  4e-02  8e-02 257:27.4
  233   3029 -9.108209096705492e-03 1.4e+01 6.71e-02  5e-02  1e-01 260:46.3
  236   3068 -9.106426984151539e-03 1.4e+01 7.26e-02  5e-02  1e-01 264:05.3
  239   3107 -9.239139509222279e-03 1.5e+01 7.93e-02  5e-02  1e-01 267:29.3
  242   3146 -9.122090312203658e-03 1.5e+01 9.28e-02  6e-02  1e-01 270:57.0
  245   3185 -9.074306461728686e-03 1.6e+01 9.40e-02  6e-02  2e-01 274:24.7
  248   3224 -9.072904676186950e-03 1.6e+01 8.98e-02  6e-02  1e-01 277:52.0
  251   3263 -9.070124767711917e-03 1.6e+01 8.55e-02  6e-02  1e-01 281:18.6
  254   3302 -9.154953253506338e-03 1.6e+01 8.24e-02  6e-02  1e-01 284:43.5
  257   3341 -9.108987931188658e-03 1.7e+01 8.37e-02  6e-02  1e-01 288:07.9
  260   3380 -9.140782943025005e-03 1.7e+01 7.98e-02  6e-02  1e-01 291:29.0
  263   3419 -9.238437677059015e-03 1.8e+01 8.27e-02  6e-02  1e-01 294:49.6
  266   3458 -9.201131809057067e-03 1.9e+01 8.45e-02  6e-02  1e-01 298:09.1
  269   3497 -9.299318200813931e-03 2.0e+01 9.23e-02  6e-02  2e-01 301:28.9
  272   3536 -9.351249892247556e-03 2.0e+01 9.75e-02  7e-02  2e-01 304:48.8
  275   3575 -9.280038103827619e-03 2.0e+01 1.01e-01  7e-02  2e-01 308:08.2
  278   3614 -9.140060781341369e-03 2.1e+01 1.03e-01  7e-02  2e-01 311:27.5
  281   3653 -9.185515459916442e-03 2.1e+01 1.04e-01  7e-02  2e-01 314:47.5
  284   3692 -9.152804891544766e-03 2.2e+01 1.10e-01  7e-02  2e-01 318:07.3
  287   3731 -9.274995866754657e-03 2.2e+01 1.19e-01  8e-02  2e-01 321:27.9
  290   3770 -9.486006630936527e-03 2.3e+01 1.26e-01  8e-02  2e-01 324:48.6
  293   3809 -9.389694077157161e-03 2.3e+01 1.37e-01  9e-02  3e-01 328:09.0
  296   3848 -9.559929905486953e-03 2.4e+01 1.49e-01  1e-01  3e-01 331:29.2
  299   3887 -9.374550351859218e-03 2.4e+01 1.49e-01  1e-01  3e-01 334:48.7
  300   3900 -9.467097876513850e-03 2.4e+01 1.49e-01  1e-01  3e-01 335:55.5
  303   3939 -9.467094491207447e-03 2.4e+01 1.41e-01  9e-02  3e-01 339:15.9
  306   3978 -9.369478236797723e-03 2.4e+01 1.40e-01  9e-02  2e-01 342:35.9
  309   4017 -9.368131096050286e-03 2.4e+01 1.35e-01  9e-02  2e-01 345:58.3
  312   4056 -9.613945841574561e-03 2.5e+01 1.28e-01  9e-02  2e-01 349:18.4
  315   4095 -9.649494391123007e-03 2.6e+01 1.34e-01  9e-02  2e-01 352:36.0
  318   4134 -9.447124166598210e-03 2.7e+01 1.49e-01  1e-01  3e-01 355:53.6
  321   4173 -9.359667534950260e-03 2.8e+01 1.58e-01  1e-01  3e-01 359:11.5
  324   4212 -9.480788687251076e-03 2.8e+01 1.45e-01  1e-01  3e-01 362:29.2
  327   4251 -9.462519810308731e-03 2.9e+01 1.25e-01  8e-02  2e-01 365:47.2
  330   4290 -9.685921516498825e-03 2.9e+01 1.10e-01  7e-02  2e-01 369:04.7
  333   4329 -9.652311311253881e-03 3.0e+01 1.13e-01  7e-02  2e-01 372:22.7
  336   4368 -9.677614629713069e-03 3.0e+01 1.13e-01  7e-02  2e-01 375:40.4
  339   4407 -9.884940339225049e-03 3.0e+01 1.15e-01  7e-02  2e-01 378:57.4
  342   4446 -9.768066148544667e-03 3.1e+01 1.17e-01  7e-02  2e-01 382:15.3
  345   4485 -9.848010187685991e-03 3.1e+01 1.06e-01  7e-02  2e-01 385:32.5
  348   4524 -9.951137206468015e-03 3.1e+01 9.57e-02  6e-02  2e-01 388:49.7
  351   4563 -9.982590956355727e-03 3.2e+01 8.52e-02  5e-02  2e-01 392:07.1
  354   4602 -1.008024884787070e-02 3.2e+01 7.64e-02  5e-02  1e-01 395:23.8
  357   4641 -1.003613515585942e-02 3.3e+01 7.12e-02  4e-02  1e-01 398:41.5
  360   4680 -1.013551926481083e-02 3.3e+01 6.36e-02  4e-02  1e-01 401:58.8
  363   4719 -1.012373609206599e-02 3.4e+01 6.32e-02  4e-02  1e-01 405:19.7
  366   4758 -1.012785738464259e-02 3.5e+01 6.33e-02  4e-02  1e-01 408:45.1
  369   4797 -1.015118899559437e-02 3.6e+01 6.39e-02  4e-02  1e-01 412:10.2
  372   4836 -1.023158839802760e-02 3.6e+01 6.79e-02  4e-02  1e-01 415:28.5
  375   4875 -1.020666748696961e-02 3.7e+01 6.81e-02  4e-02  1e-01 418:45.6
  378   4914 -1.034472003258630e-02 3.8e+01 6.28e-02  4e-02  1e-01 422:03.0
  381   4953 -1.027213220926851e-02 3.8e+01 5.95e-02  3e-02  1e-01 425:28.3
  384   4992 -1.035408219253284e-02 3.8e+01 5.48e-02  3e-02  1e-01 428:53.1
  387   5031 -1.042716202937925e-02 4.0e+01 5.46e-02  3e-02  1e-01 432:14.3
  390   5070 -1.040317689202152e-02 4.1e+01 5.58e-02  3e-02  1e-01 435:36.9
  393   5109 -1.039787285879754e-02 4.2e+01 5.55e-02  3e-02  1e-01 439:02.0
  396   5148 -1.048600717532043e-02 4.3e+01 5.45e-02  3e-02  1e-01 442:26.7
  400   5200 -1.050666004408608e-02 4.5e+01 6.45e-02  4e-02  1e-01 446:49.9
  404   5252 -1.060780317457239e-02 4.7e+01 6.38e-02  4e-02  1e-01 451:12.7
  408   5304 -1.064955691346776e-02 4.9e+01 5.93e-02  3e-02  1e-01 455:36.1
  412   5356 -1.071441463413216e-02 5.1e+01 5.36e-02  3e-02  1e-01 460:02.5
  415   5395 -1.072288271154917e-02 5.1e+01 4.73e-02  3e-02  1e-01 463:28.1
  418   5434 -1.075898612796703e-02 5.3e+01 4.56e-02  3e-02  1e-01 466:53.7
  422   5486 -1.081482467121526e-02 5.4e+01 4.11e-02  2e-02  1e-01 471:26.7
  426   5538 -1.081777466223874e-02 5.6e+01 4.20e-02  2e-02  1e-01 476:00.8
  430   5590 -1.085706576340554e-02 5.8e+01 4.76e-02  3e-02  1e-01 480:34.6
  434   5642 -1.085281253996435e-02 6.1e+01 4.36e-02  2e-02  1e-01 485:08.9
  438   5694 -1.086427770250352e-02 6.1e+01 4.26e-02  2e-02  1e-01 489:33.0
  442   5746 -1.090296287453145e-02 6.3e+01 4.03e-02  2e-02  1e-01 493:56.5
  446   5798 -1.092696206564839e-02 6.3e+01 4.13e-02  2e-02  1e-01 498:20.5
  450   5850 -1.095496713415811e-02 6.6e+01 4.51e-02  2e-02  1e-01 502:43.7
  454   5902 -1.094862775556346e-02 6.9e+01 4.37e-02  2e-02  1e-01 507:07.3
  458   5954 -1.097128611540784e-02 7.2e+01 3.97e-02  2e-02  1e-01 511:31.4
  462   6006 -1.101109267555081e-02 7.5e+01 3.76e-02  2e-02  1e-01 515:55.6
  466   6058 -1.101222251769543e-02 7.6e+01 3.41e-02  2e-02  1e-01 520:19.9
  470   6110 -1.103405143685408e-02 7.9e+01 3.20e-02  2e-02  1e-01 524:42.9
  474   6162 -1.106115030881346e-02 8.3e+01 3.59e-02  2e-02  1e-01 529:06.3
  478   6214 -1.105828243575401e-02 8.7e+01 3.69e-02  2e-02  1e-01 533:28.7
  482   6266 -1.107296357688782e-02 8.9e+01 3.61e-02  2e-02  1e-01 537:51.5
  486   6318 -1.106205302130088e-02 9.4e+01 3.73e-02  2e-02  1e-01 542:14.0
  490   6370 -1.109894462702724e-02 9.9e+01 3.99e-02  2e-02  1e-01 546:37.0
  494   6422 -1.111801442564733e-02 1.0e+02 3.58e-02  2e-02  1e-01 550:59.6
  498   6474 -1.112993308238057e-02 1.1e+02 3.73e-02  2e-02  1e-01 555:23.4
  500   6500 -1.112374817875288e-02 1.2e+02 3.97e-02  2e-02  2e-01 557:35.0
  504   6552 -1.112636010798043e-02 1.2e+02 4.17e-02  2e-02  2e-01 562:02.2
  508   6604 -1.111311822412743e-02 1.3e+02 3.87e-02  2e-02  2e-01 566:35.7
  512   6656 -1.114673982441371e-02 1.3e+02 3.11e-02  1e-02  1e-01 571:04.1
  516   6708 -1.116066156807456e-02 1.3e+02 3.38e-02  2e-02  1e-01 575:27.6
  520   6760 -1.117667761193067e-02 1.3e+02 3.79e-02  2e-02  2e-01 579:50.4
  524   6812 -1.118888088032595e-02 1.4e+02 4.23e-02  2e-02  2e-01 584:20.2
  528   6864 -1.120508867930091e-02 1.5e+02 4.85e-02  2e-02  2e-01 588:56.0
  532   6916 -1.120121743400302e-02 1.5e+02 4.58e-02  2e-02  2e-01 593:21.2
  536   6968 -1.122572880965755e-02 1.6e+02 4.38e-02  2e-02  2e-01 597:44.4
  540   7020 -1.122633209171443e-02 1.7e+02 4.01e-02  2e-02  2e-01 602:07.4
  544   7072 -1.123035437764700e-02 1.7e+02 3.66e-02  2e-02  2e-01 606:30.6
  548   7124 -1.125691040514002e-02 1.7e+02 3.74e-02  2e-02  2e-01 610:54.2
  552   7176 -1.127102486514811e-02 1.8e+02 4.52e-02  2e-02  2e-01 615:17.6
  556   7228 -1.127790317912395e-02 1.8e+02 4.81e-02  2e-02  3e-01 619:40.8
  560   7280 -1.128328633750799e-02 1.8e+02 4.52e-02  2e-02  2e-01 624:04.6
  564   7332 -1.131864677931112e-02 1.9e+02 4.56e-02  2e-02  2e-01 628:28.0
  568   7384 -1.130978403798522e-02 1.9e+02 4.23e-02  2e-02  2e-01 632:51.5
  572   7436 -1.133514215398974e-02 1.9e+02 4.21e-02  2e-02  2e-01 637:14.5
  576   7488 -1.135271177766173e-02 2.0e+02 4.16e-02  2e-02  2e-01 641:37.9
  580   7540 -1.136076233102891e-02 2.1e+02 4.48e-02  2e-02  3e-01 646:01.4
