Running job array 7 on milan7.int.triton.aalto.fi
Starting at Thu Mar 13 20:39:56 EET 2025
Activating virtual environment at /scratch/work/uotilav2/quantum-portfolio/venv
Processing batch 8/20: experiments 159 to 180 (total 22)
Processing experiment 159
Budget: 1215.0927467346191
YF.download() has changed argument auto_adjust default to True
Number of qubits for asset INTC: 6
Number of qubits for asset JNJ: 4
Number of qubits for asset MSFT: 2
Total number of qubits:  12
Optimized Weights (considering variance, skewness and kurtosis):
INTC: 0.00%
JNJ: 0.00%
MSFT: 100.00%
Left over budget:  49.858146331920125
Optimized Discrete Allocation:
INTC: 9
JNJ: 1
MSFT: 2
Maximized utility from continuous higher moments:  -566.977437627745
Budget constraint not satisfied 1218.2143096923828 1215.0927467346191 Difference:  -3.121562957763672
Budget constraint satisfied 1208.4561614990234 1215.0927467346191 Difference:  6.636585235595703
smallest_eigenvalues: [-0.1369863630127661]
smallest_bitstrings: ['001000101010']
first_excited_energy: -0.1369840296003116
optimized_portfolio: [{'INTC': 4, 'JNJ': 5, 'MSFT': 1}]
second_optimized_portfolio: [{'INTC': 4, 'JNJ': 2, 'MSFT': 2}]
result_with_budget: [{'portfolio': {'INTC': 4, 'JNJ': 5, 'MSFT': 1}, 'budget': 1218.2143096923828, 'difference': -3.121562957763672, 'objective_value': -78.83067473101953}]
result_with_budget_excited: [{'portfolio': {'INTC': 4, 'JNJ': 2, 'MSFT': 2}, 'budget': 1208.4561614990234, 'difference': 6.636585235595703, 'objective_value': -40.965341035834236}]
Initial params:  [2.01037118 0.45035763 2.96776493 1.63943485 1.3026989  0.83112597
 2.43232687 1.43303853 1.78578792 0.0590299  1.94035914 1.92295543
 1.93815531 2.96487203 2.14200164 1.12942738 1.37297638 2.19167304
 0.1892039  2.09470941 2.106871   0.66093631 0.40503391 0.99094739]
(6_w,13)-aCMA-ES (mu_w=4.0,w_1=38%) in dimension 24 (seed=950905, Thu Mar 13 20:40:44 2025)
Iterat #Fevals   function value  axis ratio  sigma  min&max std  t[m:s]
    1     13 1.614750254112404e-01 1.0e+00 9.44e-02  9e-02  1e-01 1:11.1
    2     26 6.053121922036110e-02 1.1e+00 8.97e-02  9e-02  9e-02 2:23.2
    3     39 1.470481022964805e-04 1.1e+00 8.81e-02  9e-02  9e-02 3:30.4
    4     52 -9.009297814512957e-03 1.1e+00 8.74e-02  8e-02  9e-02 4:38.7
    5     65 -8.388834655951686e-04 1.1e+00 9.19e-02  9e-02  1e-01 5:45.5
    6     78 -7.240060958862124e-02 1.2e+00 9.80e-02  9e-02  1e-01 6:52.8
    7     91 -8.193091250457422e-02 1.3e+00 1.05e-01  1e-01  1e-01 8:05.7
    8    104 -9.319688371633156e-02 1.4e+00 1.11e-01  1e-01  1e-01 9:15.2
    9    117 -8.807289358938836e-02 1.4e+00 1.16e-01  1e-01  1e-01 10:24.5
   10    130 -8.998083086740652e-02 1.4e+00 1.22e-01  1e-01  1e-01 11:33.8
   11    143 -8.923374201252943e-02 1.5e+00 1.26e-01  1e-01  1e-01 12:44.0
   12    156 -9.607786096571862e-02 1.5e+00 1.30e-01  1e-01  1e-01 13:53.9
   13    169 -8.877717340682166e-02 1.5e+00 1.30e-01  1e-01  1e-01 15:04.1
   14    182 -8.331694887421302e-02 1.6e+00 1.33e-01  1e-01  1e-01 16:12.7
   15    195 -7.892956106578608e-02 1.6e+00 1.34e-01  1e-01  2e-01 17:21.0
   16    208 -1.011045243640050e-01 1.6e+00 1.36e-01  1e-01  2e-01 18:27.2
   17    221 -8.900749820346997e-02 1.7e+00 1.34e-01  1e-01  2e-01 19:34.2
   18    234 -1.015108421658925e-01 1.7e+00 1.34e-01  1e-01  2e-01 20:47.0
   19    247 -1.077633746248182e-01 1.7e+00 1.35e-01  1e-01  2e-01 21:53.5
   20    260 -1.039024139760865e-01 1.7e+00 1.33e-01  1e-01  2e-01 23:00.6
   21    273 -1.037147505878494e-01 1.7e+00 1.34e-01  1e-01  2e-01 24:07.2
   22    286 -1.055818104178830e-01 1.7e+00 1.35e-01  1e-01  2e-01 25:13.3
   23    299 -9.953078466538375e-02 1.8e+00 1.33e-01  1e-01  2e-01 26:22.9
   24    312 -1.053978150393225e-01 1.8e+00 1.34e-01  1e-01  2e-01 27:27.9
   25    325 -9.297425119165785e-02 1.8e+00 1.31e-01  1e-01  1e-01 28:36.0
   26    338 -9.389557886095509e-02 1.8e+00 1.34e-01  1e-01  2e-01 29:40.1
   27    351 -9.619940256900138e-02 1.8e+00 1.36e-01  1e-01  2e-01 30:45.6
   28    364 -1.001638446297317e-01 1.8e+00 1.38e-01  1e-01  2e-01 31:53.5
   29    377 -9.474282304140053e-02 1.9e+00 1.40e-01  1e-01  2e-01 33:04.6
   30    390 -1.004714782069277e-01 1.9e+00 1.38e-01  1e-01  2e-01 34:11.9
   31    403 -1.030449847134508e-01 1.9e+00 1.35e-01  1e-01  2e-01 35:18.6
   32    416 -1.062234938769488e-01 1.9e+00 1.35e-01  1e-01  2e-01 36:25.7
   33    429 -9.717137239450661e-02 1.9e+00 1.38e-01  1e-01  2e-01 37:33.2
   34    442 -1.001827633847949e-01 1.9e+00 1.35e-01  1e-01  2e-01 38:42.8
   35    455 -1.058724352034461e-01 1.9e+00 1.35e-01  1e-01  2e-01 39:48.9
   36    468 -1.010958733516110e-01 1.9e+00 1.30e-01  1e-01  1e-01 40:52.4
   37    481 -1.041362155584752e-01 1.9e+00 1.27e-01  1e-01  1e-01 41:57.3
   38    494 -9.335959880477740e-02 1.9e+00 1.28e-01  1e-01  1e-01 43:02.1
   39    507 -1.024505902057979e-01 1.9e+00 1.26e-01  1e-01  1e-01 44:08.9
   40    520 -1.078626315310620e-01 1.9e+00 1.24e-01  1e-01  1e-01 45:18.4
   41    533 -1.061824614091832e-01 1.9e+00 1.24e-01  1e-01  1e-01 46:25.6
   42    546 -1.040636679430163e-01 1.9e+00 1.23e-01  1e-01  1e-01 47:33.5
   43    559 -1.024131713639783e-01 1.9e+00 1.21e-01  1e-01  1e-01 48:41.7
   44    572 -1.041182494176917e-01 1.9e+00 1.16e-01  1e-01  1e-01 49:49.9
   45    585 -1.044493311839710e-01 2.0e+00 1.09e-01  1e-01  1e-01 50:58.0
   46    598 -1.079867109807739e-01 2.0e+00 1.06e-01  1e-01  1e-01 52:09.7
   47    611 -1.053939913424192e-01 2.0e+00 1.04e-01  9e-02  1e-01 53:18.6
   48    624 -1.077102304772844e-01 2.0e+00 1.05e-01  9e-02  1e-01 54:25.7
   49    637 -1.088020793388926e-01 2.0e+00 1.08e-01  1e-01  1e-01 55:32.9
   50    650 -1.052742432399823e-01 2.0e+00 1.09e-01  1e-01  1e-01 56:40.9
   51    663 -1.060125702712036e-01 2.0e+00 1.09e-01  1e-01  1e-01 57:50.8
   52    676 -1.082690237772952e-01 2.0e+00 1.11e-01  1e-01  1e-01 59:00.9
   53    689 -1.050874825549063e-01 2.0e+00 1.13e-01  1e-01  1e-01 60:08.7
   54    702 -1.056676985285287e-01 2.0e+00 1.12e-01  1e-01  1e-01 61:14.6
   55    715 -1.064462814434341e-01 2.0e+00 1.11e-01  1e-01  1e-01 62:19.7
   56    728 -1.074407427808481e-01 2.1e+00 1.10e-01  1e-01  1e-01 63:25.4
   57    741 -1.103151112354272e-01 2.1e+00 1.09e-01  1e-01  1e-01 64:37.2
   58    754 -1.093529504089342e-01 2.1e+00 1.07e-01  9e-02  1e-01 65:46.0
   59    767 -1.086785296157645e-01 2.1e+00 1.03e-01  9e-02  1e-01 66:53.9
   60    780 -1.086387986051998e-01 2.1e+00 1.02e-01  9e-02  1e-01 68:01.8
   61    793 -1.076112069402638e-01 2.1e+00 9.97e-02  9e-02  1e-01 69:10.0
   62    806 -1.071942443525251e-01 2.1e+00 9.64e-02  8e-02  1e-01 70:20.2
   63    819 -1.079115191745291e-01 2.2e+00 9.36e-02  8e-02  1e-01 71:31.3
   64    832 -1.082709152248932e-01 2.2e+00 9.01e-02  8e-02  1e-01 72:37.8
   65    845 -1.072627666029319e-01 2.2e+00 8.84e-02  7e-02  1e-01 73:42.9
   66    858 -1.082267888167790e-01 2.2e+00 8.76e-02  7e-02  9e-02 74:48.1
   67    871 -1.088418746139024e-01 2.2e+00 8.66e-02  7e-02  9e-02 75:54.6
   68    884 -1.108389418734993e-01 2.2e+00 8.43e-02  7e-02  9e-02 77:02.2
   69    897 -1.084431828030510e-01 2.3e+00 8.45e-02  7e-02  9e-02 78:12.0
   71    923 -1.100204003137080e-01 2.4e+00 8.30e-02  7e-02  9e-02 80:25.9
   73    949 -1.109512712876234e-01 2.4e+00 8.47e-02  7e-02  9e-02 82:42.5
   75    975 -1.105016279087491e-01 2.5e+00 8.74e-02  7e-02  9e-02 85:01.8
   77   1001 -1.119845868309820e-01 2.7e+00 9.56e-02  8e-02  1e-01 87:08.9
   79   1027 -1.118933728363354e-01 2.9e+00 1.02e-01  8e-02  1e-01 89:21.2
   81   1053 -1.136923332597630e-01 3.0e+00 1.08e-01  9e-02  1e-01 91:45.0
   83   1079 -1.103178325483054e-01 3.1e+00 1.12e-01  9e-02  1e-01 94:07.2
   85   1105 -1.143284304851833e-01 3.2e+00 1.15e-01  9e-02  1e-01 96:29.4
   87   1131 -1.150803631975467e-01 3.3e+00 1.21e-01  1e-01  1e-01 98:47.3
   89   1157 -1.152176954301513e-01 3.5e+00 1.24e-01  1e-01  1e-01 101:10.3
   91   1183 -1.143221852174841e-01 3.6e+00 1.24e-01  1e-01  1e-01 103:34.3
   93   1209 -1.114073357933669e-01 3.7e+00 1.29e-01  1e-01  2e-01 106:00.6
   95   1235 -1.143094571121302e-01 3.8e+00 1.27e-01  1e-01  2e-01 108:14.9
   97   1261 -1.157203890082912e-01 3.9e+00 1.18e-01  9e-02  1e-01 110:39.2
   99   1287 -1.122270690380764e-01 3.9e+00 1.14e-01  9e-02  1e-01 113:01.2
  100   1300 -1.124956670560823e-01 4.0e+00 1.12e-01  9e-02  1e-01 114:10.6
  102   1326 -1.148621139795752e-01 4.1e+00 1.04e-01  8e-02  1e-01 116:35.7
  104   1352 -1.162987625547395e-01 4.2e+00 9.55e-02  8e-02  1e-01 118:50.7
  106   1378 -1.158468724426564e-01 4.2e+00 9.02e-02  7e-02  1e-01 121:09.9
  108   1404 -1.123386777508153e-01 4.3e+00 8.32e-02  7e-02  1e-01 123:31.9
  110   1430 -1.174650955034478e-01 4.3e+00 7.75e-02  6e-02  9e-02 125:47.6
  112   1456 -1.167944960803913e-01 4.3e+00 7.15e-02  6e-02  9e-02 128:08.2
  114   1482 -1.173073916269138e-01 4.4e+00 6.79e-02  5e-02  8e-02 130:26.4
  116   1508 -1.187405381310904e-01 4.5e+00 6.98e-02  5e-02  8e-02 132:43.0
  118   1534 -1.175895052831032e-01 4.5e+00 6.93e-02  5e-02  8e-02 135:03.5
  120   1560 -1.188065019375470e-01 4.6e+00 6.74e-02  5e-02  8e-02 137:17.7
  122   1586 -1.188476722207412e-01 4.7e+00 6.55e-02  5e-02  8e-02 139:38.0
  124   1612 -1.181364136057440e-01 4.8e+00 6.26e-02  5e-02  7e-02 142:05.0
  126   1638 -1.189968957804381e-01 4.9e+00 6.10e-02  5e-02  7e-02 144:27.4
  128   1664 -1.191159421936832e-01 5.1e+00 6.37e-02  5e-02  8e-02 146:45.0
  130   1690 -1.196193386113467e-01 5.2e+00 6.25e-02  5e-02  8e-02 149:06.5
  132   1716 -1.186645697565285e-01 5.4e+00 6.17e-02  5e-02  8e-02 151:23.4
  134   1742 -1.194980759404932e-01 5.5e+00 6.11e-02  5e-02  7e-02 153:46.5
  136   1768 -1.196355995997549e-01 5.7e+00 6.15e-02  5e-02  7e-02 156:01.0
  138   1794 -1.208844261504970e-01 5.8e+00 6.18e-02  5e-02  7e-02 158:15.5
  140   1820 -1.210473466412538e-01 6.0e+00 5.98e-02  5e-02  7e-02 160:33.3
  142   1846 -1.209300554862999e-01 6.0e+00 5.63e-02  4e-02  7e-02 162:46.4
  144   1872 -1.210806788285192e-01 6.1e+00 5.63e-02  4e-02  7e-02 164:59.4
  146   1898 -1.212856365338169e-01 6.1e+00 5.67e-02  4e-02  7e-02 167:13.0
  148   1924 -1.209613586500995e-01 6.2e+00 5.52e-02  4e-02  7e-02 169:24.4
  150   1950 -1.217125653419551e-01 6.3e+00 5.40e-02  4e-02  6e-02 171:34.9
  152   1976 -1.217868955621813e-01 6.4e+00 5.51e-02  4e-02  7e-02 173:50.8
  154   2002 -1.213147401561154e-01 6.6e+00 5.50e-02  4e-02  7e-02 176:00.7
  156   2028 -1.218982190546165e-01 6.7e+00 5.44e-02  4e-02  6e-02 178:15.2
  158   2054 -1.216306524685866e-01 6.8e+00 5.26e-02  4e-02  6e-02 180:32.7
  160   2080 -1.216975106654831e-01 7.0e+00 4.74e-02  4e-02  6e-02 182:48.4
  162   2106 -1.218747917726968e-01 7.1e+00 4.25e-02  3e-02  5e-02 185:01.2
  164   2132 -1.220242271857755e-01 7.3e+00 3.81e-02  3e-02  5e-02 187:16.6
  166   2158 -1.218325508663298e-01 7.5e+00 3.68e-02  3e-02  4e-02 189:26.4
  168   2184 -1.218467462041722e-01 7.6e+00 3.56e-02  3e-02  4e-02 191:39.9
  170   2210 -1.221412434133343e-01 7.6e+00 3.67e-02  3e-02  4e-02 193:52.6
  172   2236 -1.221895966835652e-01 7.8e+00 3.83e-02  3e-02  5e-02 196:06.2
  174   2262 -1.221389892964117e-01 7.9e+00 3.91e-02  3e-02  5e-02 198:20.2
  176   2288 -1.221655946898762e-01 8.0e+00 3.94e-02  3e-02  5e-02 200:36.6
  178   2314 -1.222872378568719e-01 8.1e+00 4.01e-02  3e-02  5e-02 202:49.3
  180   2340 -1.223001470764772e-01 8.3e+00 4.18e-02  3e-02  6e-02 205:05.8
  182   2366 -1.222992047955754e-01 8.4e+00 4.43e-02  3e-02  6e-02 207:26.9
  184   2392 -1.225507279322810e-01 8.8e+00 4.65e-02  3e-02  7e-02 209:43.0
  186   2418 -1.225841508771924e-01 9.1e+00 4.62e-02  3e-02  7e-02 212:00.3
  188   2444 -1.225893251075292e-01 9.2e+00 4.57e-02  3e-02  7e-02 214:14.3
  190   2470 -1.226602731293220e-01 9.5e+00 4.12e-02  3e-02  6e-02 216:28.4
  192   2496 -1.224239809911175e-01 9.7e+00 3.93e-02  3e-02  6e-02 218:45.9
  194   2522 -1.225123166923919e-01 9.6e+00 3.70e-02  3e-02  6e-02 221:04.6
  196   2548 -1.224865242651718e-01 9.6e+00 3.46e-02  2e-02  5e-02 223:23.0
  198   2574 -1.226206757653704e-01 9.8e+00 3.27e-02  2e-02  5e-02 225:43.0
  200   2600 -1.226475516921754e-01 9.8e+00 3.14e-02  2e-02  5e-02 228:02.0
  202   2626 -1.226143058659927e-01 9.9e+00 2.80e-02  2e-02  4e-02 230:35.9
  204   2652 -1.225602842267708e-01 9.9e+00 2.57e-02  2e-02  4e-02 233:25.6
  206   2678 -1.226915811741102e-01 1.0e+01 2.40e-02  2e-02  4e-02 235:44.6
  209   2717 -1.227241993765549e-01 1.0e+01 2.37e-02  2e-02  4e-02 239:11.2
  212   2756 -1.227847772015181e-01 1.1e+01 2.58e-02  2e-02  4e-02 242:38.2
  215   2795 -1.227621759713935e-01 1.1e+01 2.54e-02  2e-02  4e-02 246:07.7
  218   2834 -1.228717276013614e-01 1.1e+01 2.48e-02  2e-02  4e-02 249:35.5
  221   2873 -1.228172488562336e-01 1.2e+01 2.50e-02  2e-02  4e-02 253:07.5
  224   2912 -1.229334158060520e-01 1.2e+01 2.76e-02  2e-02  4e-02 256:33.7
  227   2951 -1.229112587634156e-01 1.2e+01 3.02e-02  2e-02  5e-02 260:04.9
  230   2990 -1.230748517449328e-01 1.2e+01 3.31e-02  2e-02  5e-02 263:33.9
  232   3016 -1.230371756125367e-01 1.2e+01 3.46e-02  2e-02  5e-02 266:00.9
  235   3055 -1.231076006682893e-01 1.2e+01 3.71e-02  3e-02  6e-02 269:30.0
  238   3094 -1.231633050938077e-01 1.3e+01 3.92e-02  3e-02  6e-02 273:01.8
  240   3120 -1.233337675465647e-01 1.3e+01 4.08e-02  3e-02  6e-02 276:17.9
  242   3146 -1.232735654591372e-01 1.3e+01 4.14e-02  3e-02  6e-02 279:00.6
  245   3185 -1.231993370316615e-01 1.3e+01 4.14e-02  3e-02  6e-02 282:33.2
  248   3224 -1.234724824168378e-01 1.4e+01 4.04e-02  3e-02  6e-02 286:07.4
  250   3250 -1.233114021919175e-01 1.4e+01 3.95e-02  3e-02  6e-02 288:45.6
  253   3289 -1.235428165153457e-01 1.4e+01 3.81e-02  3e-02  6e-02 291:30.3
  256   3328 -1.235137356545473e-01 1.4e+01 3.63e-02  2e-02  5e-02 294:12.0
  259   3367 -1.234331871868346e-01 1.4e+01 3.21e-02  2e-02  5e-02 296:53.6
  262   3406 -1.234885217533689e-01 1.4e+01 3.04e-02  2e-02  5e-02 299:42.9
  265   3445 -1.236385022287321e-01 1.4e+01 2.77e-02  2e-02  4e-02 302:32.3
  268   3484 -1.235677707569076e-01 1.5e+01 2.58e-02  2e-02  4e-02 305:16.8
  271   3523 -1.236342697651345e-01 1.5e+01 2.49e-02  2e-02  4e-02 308:05.3
  274   3562 -1.238067645587133e-01 1.5e+01 2.38e-02  2e-02  4e-02 310:51.2
  277   3601 -1.238082235510311e-01 1.6e+01 2.44e-02  2e-02  4e-02 313:47.7
  279   3627 -1.238056184221882e-01 1.6e+01 2.52e-02  2e-02  4e-02 317:05.9
  282   3666 -1.239283233405037e-01 1.7e+01 2.72e-02  2e-02  4e-02 320:30.1
  284   3692 -1.238960815840156e-01 1.8e+01 2.89e-02  2e-02  4e-02 323:16.7
  287   3731 -1.239103681530454e-01 1.9e+01 3.26e-02  2e-02  5e-02 326:42.5
  290   3770 -1.239833209189078e-01 2.0e+01 3.49e-02  2e-02  5e-02 330:02.0
  293   3809 -1.239539355118700e-01 2.1e+01 3.46e-02  2e-02  5e-02 333:16.2
  296   3848 -1.239968051338597e-01 2.2e+01 3.37e-02  2e-02  5e-02 336:18.5
  299   3887 -1.240378635856558e-01 2.3e+01 3.30e-02  2e-02  5e-02 339:36.1
  300   3900 -1.240510959301860e-01 2.3e+01 3.39e-02  2e-02  5e-02 340:43.5
  303   3939 -1.240071483411912e-01 2.3e+01 3.83e-02  2e-02  6e-02 343:57.7
  306   3978 -1.240523094940915e-01 2.3e+01 4.03e-02  2e-02  6e-02 347:16.6
  309   4017 -1.241803267122314e-01 2.4e+01 3.68e-02  2e-02  6e-02 350:36.6
  312   4056 -1.242752340020705e-01 2.4e+01 3.29e-02  2e-02  5e-02 353:57.6
  315   4095 -1.242854529564829e-01 2.5e+01 3.23e-02  2e-02  5e-02 357:14.0
  318   4134 -1.244368236709197e-01 2.6e+01 3.23e-02  2e-02  5e-02 360:36.1
  321   4173 -1.243809191564735e-01 2.6e+01 2.98e-02  2e-02  5e-02 363:56.7
  324   4212 -1.243334439793469e-01 2.6e+01 2.97e-02  2e-02  5e-02 367:12.1
  327   4251 -1.244909399187581e-01 2.7e+01 2.97e-02  2e-02  5e-02 370:35.2
  330   4290 -1.244656965545507e-01 2.8e+01 2.80e-02  2e-02  5e-02 374:28.0
  333   4329 -1.245359177547721e-01 2.9e+01 2.89e-02  2e-02  5e-02 377:48.1
  336   4368 -1.245459026364662e-01 2.9e+01 3.15e-02  2e-02  5e-02 381:11.1
  339   4407 -1.245143792959929e-01 3.0e+01 2.73e-02  1e-02  5e-02 384:20.3
  343   4459 -1.246080617382554e-01 3.0e+01 2.19e-02  1e-02  4e-02 388:06.4
  346   4498 -1.246583494822573e-01 3.0e+01 2.09e-02  1e-02  4e-02 391:54.1
  349   4537 -1.246979511207326e-01 3.1e+01 2.12e-02  1e-02  4e-02 395:16.1
  353   4589 -1.247497371672923e-01 3.2e+01 2.10e-02  1e-02  4e-02 399:01.3
  357   4641 -1.248004338054207e-01 3.3e+01 2.05e-02  1e-02  4e-02 403:06.0
  360   4680 -1.248082153707709e-01 3.4e+01 1.99e-02  1e-02  4e-02 406:25.9
  363   4719 -1.248498180787253e-01 3.5e+01 1.99e-02  1e-02  4e-02 409:43.5
  366   4758 -1.248939654997281e-01 3.6e+01 2.10e-02  1e-02  4e-02 412:59.8
  369   4797 -1.249796689895616e-01 3.8e+01 2.18e-02  1e-02  4e-02 416:21.8
  372   4836 -1.249723473181187e-01 3.8e+01 2.35e-02  1e-02  5e-02 419:43.5
  376   4888 -1.251265675969082e-01 3.8e+01 2.65e-02  1e-02  5e-02 424:01.9
  379   4927 -1.251278041341499e-01 3.8e+01 3.00e-02  1e-02  6e-02 427:23.2
  382   4966 -1.252224659323770e-01 3.8e+01 3.10e-02  1e-02  6e-02 430:43.5
  386   5018 -1.253046504592286e-01 3.9e+01 3.29e-02  1e-02  7e-02 434:48.5
  390   5070 -1.254189759797771e-01 4.0e+01 3.53e-02  2e-02  7e-02 439:12.0
  394   5122 -1.254620501152104e-01 4.1e+01 3.74e-02  2e-02  7e-02 443:29.4
  398   5174 -1.256290913524248e-01 4.2e+01 3.54e-02  2e-02  7e-02 447:13.3
  400   5200 -1.257332831868798e-01 4.2e+01 3.51e-02  2e-02  7e-02 449:02.4
  403   5239 -1.257151718889259e-01 4.3e+01 3.70e-02  2e-02  7e-02 452:55.6
  407   5291 -1.258024397177874e-01 4.4e+01 4.00e-02  2e-02  8e-02 457:27.0
  410   5330 -1.258546501744559e-01 4.5e+01 4.10e-02  2e-02  8e-02 460:58.2
  414   5382 -1.259406270682690e-01 4.5e+01 3.69e-02  2e-02  8e-02 465:18.2
  417   5421 -1.260739583225952e-01 4.5e+01 3.47e-02  1e-02  7e-02 469:49.5
  420   5460 -1.260909307667192e-01 4.5e+01 3.68e-02  2e-02  7e-02 473:30.4
  424   5512 -1.261561881107426e-01 4.5e+01 3.63e-02  1e-02  7e-02 477:46.9
  428   5564 -1.262907846741953e-01 4.7e+01 3.15e-02  1e-02  6e-02 482:13.7
  432   5616 -1.263686640573668e-01 4.8e+01 2.77e-02  1e-02  6e-02 486:31.4
  436   5668 -1.264959646505472e-01 5.0e+01 2.76e-02  1e-02  6e-02 490:58.6
  440   5720 -1.266424760987163e-01 5.1e+01 2.86e-02  1e-02  6e-02 495:23.2
  444   5772 -1.267210685073130e-01 5.2e+01 3.18e-02  1e-02  7e-02 499:04.8
  448   5824 -1.266973014446723e-01 5.1e+01 3.57e-02  1e-02  7e-02 503:32.8
  452   5876 -1.266241358832863e-01 5.2e+01 3.28e-02  1e-02  7e-02 507:57.4
  456   5928 -1.267118885417187e-01 5.3e+01 2.79e-02  1e-02  6e-02 511:49.2
  460   5980 -1.268132528035337e-01 5.3e+01 2.40e-02  9e-03  5e-02 515:33.9
  464   6032 -1.268870808760720e-01 5.4e+01 2.16e-02  8e-03  4e-02 519:15.7
  468   6084 -1.268620566744523e-01 5.6e+01 2.28e-02  8e-03  5e-02 523:25.7
  471   6123 -1.268797762617860e-01 5.7e+01 2.35e-02  9e-03  5e-02 527:47.7
  475   6175 -1.268940013512014e-01 5.7e+01 2.26e-02  8e-03  5e-02 532:02.8
  479   6227 -1.269283728735840e-01 5.8e+01 1.93e-02  7e-03  4e-02 536:26.1
  483   6279 -1.269125332146185e-01 5.8e+01 1.68e-02  6e-03  4e-02 540:52.9
  487   6331 -1.269450356518125e-01 5.8e+01 1.67e-02  6e-03  4e-02 544:55.4
  491   6383 -1.269735287292196e-01 5.9e+01 1.67e-02  6e-03  4e-02 549:18.8
  495   6435 -1.269711434251106e-01 6.1e+01 1.77e-02  6e-03  4e-02 553:23.5
  500   6500 -1.269930624767387e-01 6.1e+01 1.81e-02  6e-03  4e-02 558:04.7
  504   6552 -1.270179610294781e-01 6.2e+01 1.87e-02  6e-03  4e-02 562:33.4
  508   6604 -1.270441131833024e-01 6.1e+01 1.77e-02  6e-03  4e-02 566:57.4
  512   6656 -1.270662655332231e-01 6.2e+01 1.85e-02  6e-03  4e-02 571:05.4
  516   6708 -1.270823338319239e-01 6.2e+01 1.99e-02  6e-03  4e-02 575:25.7
  520   6760 -1.271052928838575e-01 6.3e+01 1.93e-02  6e-03  4e-02 579:31.0
  524   6812 -1.271394976149821e-01 6.3e+01 1.86e-02  6e-03  4e-02 583:55.5
  528   6864 -1.271193093260487e-01 6.3e+01 1.85e-02  6e-03  4e-02 589:00.9
  532   6916 -1.271759453091820e-01 6.3e+01 1.85e-02  6e-03  4e-02 593:56.5
  536   6968 -1.272400929990081e-01 6.2e+01 1.95e-02  6e-03  4e-02 598:26.9
  540   7020 -1.272561837058134e-01 6.2e+01 1.98e-02  6e-03  4e-02 602:26.3
  545   7085 -1.273265712996742e-01 6.3e+01 2.07e-02  6e-03  4e-02 607:10.4
  550   7150 -1.273495160417537e-01 6.4e+01 2.35e-02  7e-03  5e-02 611:54.2
  555   7215 -1.273907999886578e-01 6.4e+01 2.98e-02  9e-03  7e-02 616:34.4
  560   7280 -1.275137213677960e-01 6.5e+01 3.38e-02  1e-02  8e-02 621:14.2
  565   7345 -1.276397431582169e-01 6.5e+01 3.62e-02  1e-02  9e-02 625:56.2
  570   7410 -1.276828009849949e-01 6.4e+01 3.65e-02  1e-02  8e-02 630:39.4
  575   7475 -1.277056086672993e-01 6.5e+01 3.12e-02  9e-03  7e-02 635:22.2
  580   7540 -1.277265389922908e-01 6.4e+01 3.09e-02  9e-03  7e-02 640:04.4
  585   7605 -1.277859898640885e-01 6.4e+01 2.80e-02  8e-03  7e-02 644:41.3
