Running job array 5 on pe65.int.triton.aalto.fi
Starting at Sun Mar 16 11:20:28 EET 2025
Activating virtual environment at /scratch/work/uotilav2/quantum-portfolio/venv
Processing batch 6/40: experiments 60 to 70 (total 11)
Skipping experiment 60 (already processed)
Skipping experiment 61 (already processed)
Skipping experiment 62 (already processed)
Skipping experiment 63 (already processed)
Skipping experiment 64 (already processed)
Skipping experiment 65 (already processed)
Skipping experiment 66 (already processed)
Processing experiment 67
Budget: 6753.914291381836
YF.download() has changed argument auto_adjust default to True
Expected returns: 0.2741397790513314
Covariance matrix: 0.38601186208408184
3rd-order coskewness tensor: -0.0030522783521005855
4th-order cokurtosis tensor: 5.3036330379451275
Number of qubits for asset AAPL: 5
Number of qubits for asset AMGN: 5
Total number of qubits:  10
Optimized Weights (considering variance, skewness and kurtosis):
AAPL: 50.45%
AMGN: 49.55%
Left over budget:  140.86431876890947
Optimized Discrete Allocation:
AAPL: 13
AMGN: 13
Maximized utility from continuous higher moments:  -100624.3829945864
Budget constraint satisfied 6613.04997253418 6753.914291381836 Difference:  140.86431884765625
Budget constraint satisfied 6604.643768310547 6753.914291381836 Difference:  149.27052307128906
smallest_eigenvalues: [-0.4157669028132033]
smallest_bitstrings: ['1011010110']
first_excited_energy: -0.41573827425134446
optimized_portfolio: [{'AAPL': 13, 'AMGN': 13}]
second_optimized_portfolio: [{'AAPL': 14, 'AMGN': 12}]
result_with_budget: [{'portfolio': {'AAPL': 13, 'AMGN': 13}, 'budget': 6613.04997253418, 'difference': 140.86431884765625, 'objective_value': -100624.3829945864}]
result_with_budget_excited: [{'portfolio': {'AAPL': 14, 'AMGN': 12}, 'budget': 6604.643768310547, 'difference': 149.27052307128906, 'objective_value': -100935.69984187125}]
Initial params:  [2.51063067 1.44978017 2.45210473 0.37157007 2.01037118 0.45035763
 2.96776493 1.63943485 1.3026989  0.83112597 2.43232687 1.43303853
 1.78578792 0.0590299  1.94035914 1.92295543 1.93815531 2.96487203
 2.14200164 1.12942738]
(6_w,12)-aCMA-ES (mu_w=3.7,w_1=40%) in dimension 20 (seed=178605, Sun Mar 16 11:20:46 2025)
Iterat #Fevals   function value  axis ratio  sigma  min&max std  t[m:s]
    1     12 -3.119468069834216e-01 1.0e+00 1.42e+00  1e+00  1e+00 0:29.0
    2     24 -3.181012625320955e-01 1.1e+00 1.35e+00  1e+00  1e+00 0:57.8
    3     36 -2.778134312696726e-01 1.1e+00 1.33e+00  1e+00  1e+00 1:26.9
    4     48 -3.409592119874327e-01 1.1e+00 1.31e+00  1e+00  1e+00 1:56.1
    5     60 -3.339471651094095e-01 1.2e+00 1.37e+00  1e+00  1e+00 2:25.0
    6     72 -3.207758764789613e-01 1.2e+00 1.44e+00  1e+00  2e+00 2:53.8
    7     84 -3.158494989875582e-01 1.3e+00 1.49e+00  1e+00  2e+00 3:22.7
    8     96 -3.448805340845819e-01 1.4e+00 1.52e+00  1e+00  2e+00 3:51.7
    9    108 -3.085343881840218e-01 1.4e+00 1.52e+00  1e+00  2e+00 4:20.9
   10    120 -3.519018128634054e-01 1.5e+00 1.52e+00  1e+00  2e+00 4:49.5
   11    132 -3.437061765388875e-01 1.5e+00 1.54e+00  1e+00  2e+00 5:17.8
   12    144 -3.425603313147962e-01 1.5e+00 1.62e+00  2e+00  2e+00 5:45.7
   13    156 -3.264334206031593e-01 1.5e+00 1.68e+00  2e+00  2e+00 6:13.7
   14    168 -3.545968267583336e-01 1.6e+00 1.69e+00  2e+00  2e+00 6:41.7
   15    180 -3.177216170617062e-01 1.7e+00 1.66e+00  2e+00  2e+00 7:09.7
   16    192 -3.483009084569245e-01 1.7e+00 1.61e+00  2e+00  2e+00 7:37.6
   17    204 -2.988716556015822e-01 1.7e+00 1.57e+00  1e+00  2e+00 8:05.6
   18    216 -3.201119731365309e-01 1.7e+00 1.50e+00  1e+00  2e+00 8:33.5
   19    228 -3.307746345829811e-01 1.7e+00 1.38e+00  1e+00  2e+00 9:01.4
   20    240 -2.166024077031627e-01 1.7e+00 1.29e+00  1e+00  2e+00 9:29.4
   21    252 -3.522577290209394e-01 1.7e+00 1.26e+00  1e+00  1e+00 9:57.4
   22    264 -2.638499178655009e-01 1.7e+00 1.26e+00  1e+00  1e+00 10:25.3
   23    276 -3.190184604624973e-01 1.7e+00 1.25e+00  1e+00  1e+00 10:53.3
   24    288 -2.847452609478823e-01 1.8e+00 1.31e+00  1e+00  2e+00 11:21.5
   25    300 -3.144745179356831e-01 1.8e+00 1.36e+00  1e+00  2e+00 11:49.6
   26    312 -2.991658905133816e-01 1.8e+00 1.42e+00  1e+00  2e+00 12:17.4
   27    324 -3.216644678316048e-01 1.8e+00 1.45e+00  1e+00  2e+00 12:45.1
   28    336 -3.053415330775171e-01 1.8e+00 1.41e+00  1e+00  2e+00 13:12.8
   30    360 -2.945603624131138e-01 1.8e+00 1.43e+00  1e+00  2e+00 14:08.5
   32    384 -3.288936496645805e-01 1.9e+00 1.52e+00  1e+00  2e+00 15:04.7
   34    408 -3.106885288577639e-01 1.9e+00 1.48e+00  1e+00  2e+00 16:00.6
   36    432 -3.502074108639707e-01 2.0e+00 1.37e+00  1e+00  2e+00 16:56.9
   38    456 -3.217672690848165e-01 2.0e+00 1.35e+00  1e+00  2e+00 17:52.8
   40    480 -3.337589442532136e-01 2.0e+00 1.29e+00  1e+00  2e+00 18:48.6
   42    504 -3.282903916595934e-01 2.0e+00 1.33e+00  1e+00  2e+00 19:44.5
   44    528 -3.761253312452957e-01 2.0e+00 1.38e+00  1e+00  2e+00 20:40.2
   46    552 -3.200198493423417e-01 2.1e+00 1.40e+00  1e+00  2e+00 21:36.0
   48    576 -3.048152051291799e-01 2.1e+00 1.39e+00  1e+00  2e+00 22:32.1
   50    600 -2.953180215153723e-01 2.1e+00 1.39e+00  1e+00  2e+00 23:28.0
   52    624 -2.975594247910964e-01 2.2e+00 1.34e+00  1e+00  2e+00 24:23.9
   54    648 -2.878246292775803e-01 2.2e+00 1.26e+00  1e+00  2e+00 25:19.8
   56    672 -3.193633102240244e-01 2.2e+00 1.20e+00  1e+00  2e+00 26:15.8
   58    696 -3.305003057531362e-01 2.2e+00 1.23e+00  1e+00  2e+00 27:11.8
   60    720 -2.980445222159391e-01 2.2e+00 1.24e+00  1e+00  2e+00 28:07.5
   62    744 -2.989114015587739e-01 2.3e+00 1.21e+00  1e+00  2e+00 29:03.4
   64    768 -3.188734557960172e-01 2.3e+00 1.08e+00  9e-01  1e+00 29:59.1
   66    792 -3.024522172216371e-01 2.3e+00 1.01e+00  8e-01  1e+00 30:55.0
   68    816 -2.718356455366158e-01 2.3e+00 9.96e-01  8e-01  1e+00 31:50.7
   70    840 -3.238536552469933e-01 2.3e+00 1.04e+00  8e-01  1e+00 32:46.4
   72    864 -3.105709931406320e-01 2.3e+00 1.02e+00  8e-01  1e+00 33:42.2
   74    888 -2.917266473650921e-01 2.4e+00 9.65e-01  8e-01  1e+00 34:37.9
   76    912 -2.888130970733983e-01 2.4e+00 9.10e-01  7e-01  1e+00 35:33.9
   78    936 -2.989913091351639e-01 2.5e+00 8.89e-01  7e-01  1e+00 36:29.9
   80    960 -2.803922200185306e-01 2.5e+00 8.32e-01  7e-01  1e+00 37:26.1
   82    984 -2.791182458438313e-01 2.5e+00 8.24e-01  7e-01  1e+00 38:22.2
   84   1008 -3.003375053681388e-01 2.5e+00 8.05e-01  7e-01  1e+00 39:18.4
   87   1044 -2.905962637679042e-01 2.5e+00 7.90e-01  6e-01  1e+00 40:41.9
   90   1080 -3.075473714344923e-01 2.5e+00 7.54e-01  6e-01  1e+00 42:05.4
   93   1116 -2.791994039611278e-01 2.5e+00 7.01e-01  6e-01  9e-01 43:28.8
   96   1152 -3.040084071144853e-01 2.5e+00 6.44e-01  5e-01  8e-01 44:52.1
   99   1188 -3.042500660201337e-01 2.6e+00 6.84e-01  5e-01  9e-01 46:15.6
  100   1200 -3.033417565619549e-01 2.6e+00 7.02e-01  6e-01  9e-01 46:43.4
  103   1236 -3.150904517856774e-01 2.6e+00 6.97e-01  6e-01  9e-01 48:06.7
  106   1272 -3.186794051609740e-01 2.6e+00 6.74e-01  5e-01  9e-01 49:30.2
  109   1308 -2.828940241796387e-01 2.7e+00 6.36e-01  5e-01  8e-01 50:53.5
  112   1344 -3.001892330864723e-01 2.7e+00 6.68e-01  5e-01  9e-01 52:16.8
  115   1380 -2.682454564462506e-01 2.7e+00 6.97e-01  6e-01  9e-01 53:40.1
  118   1416 -2.901467482657410e-01 2.7e+00 7.25e-01  6e-01  9e-01 55:03.1
  121   1452 -2.958950108167831e-01 2.7e+00 6.89e-01  6e-01  9e-01 56:26.5
  124   1488 -3.236337994507543e-01 2.7e+00 6.64e-01  5e-01  8e-01 57:50.0
  127   1524 -2.940257221830653e-01 2.7e+00 7.24e-01  6e-01  9e-01 59:13.2
  130   1560 -2.902897757887586e-01 2.7e+00 7.17e-01  6e-01  9e-01 60:36.6
  133   1596 -2.663290676853393e-01 2.8e+00 7.21e-01  6e-01  9e-01 61:60.0
  136   1632 -2.794691508143431e-01 2.9e+00 6.72e-01  5e-01  9e-01 63:23.3
  139   1668 -3.206656242021059e-01 2.9e+00 5.88e-01  5e-01  8e-01 64:46.7
  142   1704 -3.334032606123365e-01 3.0e+00 5.27e-01  4e-01  7e-01 66:09.9
  145   1740 -3.379059833838453e-01 3.0e+00 4.70e-01  4e-01  6e-01 67:33.5
  148   1776 -3.180545202271998e-01 3.0e+00 4.49e-01  3e-01  6e-01 68:57.0
  151   1812 -3.037224498320710e-01 2.9e+00 4.05e-01  3e-01  5e-01 70:20.6
  154   1848 -3.030347524351647e-01 3.0e+00 3.76e-01  3e-01  5e-01 71:44.2
  157   1884 -3.498473521687693e-01 3.1e+00 3.15e-01  2e-01  4e-01 73:07.4
  160   1920 -3.169287182996329e-01 3.2e+00 2.66e-01  2e-01  3e-01 74:30.9
  163   1956 -3.509568329844086e-01 3.1e+00 2.31e-01  2e-01  3e-01 75:54.1
  166   1992 -3.179941519099611e-01 3.1e+00 2.10e-01  2e-01  2e-01 77:17.6
  170   2040 -3.554966408353165e-01 3.2e+00 2.08e-01  2e-01  2e-01 79:09.5
  174   2088 -3.235691616562222e-01 3.5e+00 2.22e-01  2e-01  3e-01 81:01.6
  178   2136 -3.558470506198867e-01 3.6e+00 2.14e-01  2e-01  3e-01 82:53.4
  182   2184 -3.337391165916351e-01 3.7e+00 2.32e-01  2e-01  3e-01 84:44.8
  186   2232 -3.474189432729869e-01 3.9e+00 2.38e-01  2e-01  3e-01 86:36.3
  190   2280 -3.272011721612986e-01 3.8e+00 2.53e-01  2e-01  3e-01 88:27.6
  194   2328 -3.363852115189077e-01 3.9e+00 2.30e-01  2e-01  3e-01 90:18.9
  198   2376 -3.471145518809880e-01 4.0e+00 2.35e-01  2e-01  3e-01 92:10.2
  200   2400 -3.465376376662892e-01 4.1e+00 2.19e-01  2e-01  3e-01 93:05.9
  204   2448 -3.492049721293058e-01 4.0e+00 1.89e-01  1e-01  2e-01 94:57.3
  208   2496 -3.630262439383735e-01 4.0e+00 1.76e-01  1e-01  2e-01 96:48.8
  212   2544 -3.455959511109144e-01 4.0e+00 1.63e-01  1e-01  2e-01 98:40.3
  216   2592 -3.670080372246182e-01 4.0e+00 1.61e-01  1e-01  2e-01 100:31.8
  220   2640 -3.600022613776963e-01 4.1e+00 1.49e-01  1e-01  2e-01 102:23.0
  224   2688 -3.614579478284277e-01 4.2e+00 1.41e-01  1e-01  2e-01 104:14.4
  228   2736 -3.657836308756399e-01 4.3e+00 1.21e-01  8e-02  1e-01 106:05.6
  232   2784 -3.616441729244379e-01 4.2e+00 1.14e-01  7e-02  1e-01 107:56.8
  236   2832 -3.628681538806841e-01 4.4e+00 1.19e-01  8e-02  1e-01 109:48.2
  240   2880 -3.627518331874066e-01 4.5e+00 1.17e-01  7e-02  1e-01 111:39.8
  244   2928 -3.706543144491949e-01 4.6e+00 1.06e-01  7e-02  1e-01 113:31.3
  248   2976 -3.716116419433074e-01 4.7e+00 9.38e-02  6e-02  1e-01 115:22.9
  252   3024 -3.730560191879625e-01 4.8e+00 7.82e-02  5e-02  9e-02 117:14.5
  256   3072 -3.736904036386972e-01 4.8e+00 6.27e-02  4e-02  7e-02 119:06.0
  260   3120 -3.750653567752770e-01 4.9e+00 6.77e-02  4e-02  8e-02 120:57.5
  264   3168 -3.756617455171274e-01 5.0e+00 7.64e-02  4e-02  9e-02 122:49.6
  268   3216 -3.763791677438269e-01 5.2e+00 7.29e-02  4e-02  9e-02 124:41.9
  272   3264 -3.768536358842282e-01 5.3e+00 7.31e-02  4e-02  1e-01 126:34.1
  276   3312 -3.775863469620107e-01 5.5e+00 7.06e-02  4e-02  9e-02 128:25.1
  281   3372 -3.756090572429955e-01 5.8e+00 6.63e-02  3e-02  9e-02 130:44.4
  286   3432 -3.785117821737640e-01 6.0e+00 4.93e-02  2e-02  6e-02 133:03.5
  291   3492 -3.787474906978113e-01 6.3e+00 3.95e-02  2e-02  5e-02 135:22.6
  296   3552 -3.792913422544503e-01 6.3e+00 3.86e-02  2e-02  5e-02 137:41.6
  300   3600 -3.792363155468268e-01 6.3e+00 3.58e-02  2e-02  5e-02 139:32.8
  305   3660 -3.793113754491754e-01 6.5e+00 3.22e-02  2e-02  4e-02 141:51.8
  310   3720 -3.798210804869084e-01 6.8e+00 3.45e-02  2e-02  5e-02 144:11.0
  315   3780 -3.799221895492023e-01 7.1e+00 3.58e-02  2e-02  5e-02 146:29.9
  320   3840 -3.800807938747176e-01 7.7e+00 3.60e-02  2e-02  5e-02 148:49.0
  325   3900 -3.806594145892061e-01 8.5e+00 3.75e-02  2e-02  5e-02 151:08.2
  330   3960 -3.806160510803960e-01 9.8e+00 3.81e-02  2e-02  6e-02 153:27.6
  335   4020 -3.808449016292000e-01 1.0e+01 3.68e-02  2e-02  5e-02 155:46.5
  340   4080 -3.813895577773174e-01 1.1e+01 3.51e-02  1e-02  5e-02 158:05.5
  345   4140 -3.820072239767670e-01 1.2e+01 3.87e-02  2e-02  6e-02 160:24.7
  350   4200 -3.822505090108024e-01 1.3e+01 3.98e-02  2e-02  6e-02 162:43.6
  355   4260 -3.828314330099120e-01 1.5e+01 4.65e-02  2e-02  8e-02 165:02.4
  360   4320 -3.833394372640913e-01 1.6e+01 4.57e-02  2e-02  8e-02 167:21.3
  365   4380 -3.833872398001232e-01 1.8e+01 4.11e-02  2e-02  8e-02 169:40.1
  370   4440 -3.844243172459440e-01 2.1e+01 4.45e-02  2e-02  1e-01 171:59.0
  375   4500 -3.847061127290349e-01 2.3e+01 4.67e-02  2e-02  1e-01 174:18.0
  380   4560 -3.853891973013752e-01 2.4e+01 4.00e-02  1e-02  1e-01 176:36.7
  385   4620 -3.854019528922282e-01 2.5e+01 3.91e-02  1e-02  1e-01 178:55.7
  390   4680 -3.859318387169778e-01 2.8e+01 4.35e-02  2e-02  1e-01 181:14.5
  395   4740 -3.860971486140634e-01 3.1e+01 4.73e-02  2e-02  1e-01 183:33.2
  400   4800 -3.865593974846948e-01 3.3e+01 4.34e-02  1e-02  1e-01 185:52.0
  405   4860 -3.868974143048690e-01 3.7e+01 5.11e-02  2e-02  2e-01 188:10.9
  410   4920 -3.873101347875481e-01 4.0e+01 5.11e-02  2e-02  2e-01 190:29.9
  416   4992 -3.880578020310980e-01 4.3e+01 4.22e-02  1e-02  1e-01 193:16.5
  422   5064 -3.884316572356951e-01 4.4e+01 4.11e-02  1e-02  1e-01 196:03.0
  428   5136 -3.883592303512873e-01 4.6e+01 3.63e-02  1e-02  1e-01 198:49.7
  434   5208 -3.887488249308043e-01 4.5e+01 3.08e-02  8e-03  1e-01 201:37.1
  440   5280 -3.887886378239050e-01 4.6e+01 2.48e-02  6e-03  8e-02 204:24.5
  446   5352 -3.889570945428844e-01 4.6e+01 2.65e-02  7e-03  8e-02 207:11.8
  452   5424 -3.890220289502200e-01 4.4e+01 2.28e-02  6e-03  7e-02 209:59.0
  458   5496 -3.890284924794398e-01 4.4e+01 2.12e-02  5e-03  6e-02 212:46.2
  464   5568 -3.890859343469504e-01 4.3e+01 1.97e-02  5e-03  6e-02 215:33.7
  470   5640 -3.890997562737699e-01 4.4e+01 1.61e-02  4e-03  5e-02 218:21.8
  476   5712 -3.891287544882063e-01 4.3e+01 1.56e-02  3e-03  4e-02 221:09.6
  482   5784 -3.891887136022458e-01 4.4e+01 1.32e-02  3e-03  4e-02 223:57.5
  488   5856 -3.892264038972980e-01 4.3e+01 1.22e-02  3e-03  3e-02 226:45.5
  494   5928 -3.892499283112274e-01 4.3e+01 1.56e-02  3e-03  4e-02 229:33.2
  500   6000 -3.892888700229025e-01 4.4e+01 1.70e-02  4e-03  4e-02 232:21.0
  506   6072 -3.893098074212487e-01 4.4e+01 2.13e-02  4e-03  5e-02 235:07.9
  512   6144 -3.893546758826445e-01 4.3e+01 1.95e-02  4e-03  5e-02 237:54.7
  518   6216 -3.894046383621838e-01 4.3e+01 2.10e-02  4e-03  5e-02 240:41.6
  524   6288 -3.894807986926347e-01 4.2e+01 2.32e-02  4e-03  5e-02 243:29.3
  530   6360 -3.894881569195952e-01 4.2e+01 2.12e-02  4e-03  5e-02 246:17.2
  536   6432 -3.896083924115829e-01 4.3e+01 2.03e-02  4e-03  5e-02 249:05.7
  542   6504 -3.896539620525294e-01 4.2e+01 2.55e-02  4e-03  5e-02 251:53.5
  548   6576 -3.897832907934179e-01 4.2e+01 2.60e-02  4e-03  6e-02 254:40.9
  554   6648 -3.899563851336985e-01 4.7e+01 3.11e-02  5e-03  7e-02 257:28.1
  560   6720 -3.899260809067585e-01 5.0e+01 3.62e-02  6e-03  8e-02 260:15.6
  566   6792 -3.900474245554632e-01 5.1e+01 3.20e-02  5e-03  7e-02 263:02.5
  572   6864 -3.900638075798551e-01 5.1e+01 2.70e-02  4e-03  6e-02 265:49.7
  578   6936 -3.901719557524917e-01 5.3e+01 3.67e-02  6e-03  8e-02 268:37.5
  584   7008 -3.901979726281302e-01 5.4e+01 3.51e-02  6e-03  8e-02 271:24.6
  591   7092 -3.902525502951609e-01 5.8e+01 2.63e-02  4e-03  6e-02 274:40.0
  598   7176 -3.902914754494883e-01 5.9e+01 2.32e-02  4e-03  5e-02 277:55.5
  600   7200 -3.903117319377845e-01 5.9e+01 2.26e-02  3e-03  5e-02 278:51.5
  607   7284 -3.903357311802245e-01 6.1e+01 2.75e-02  4e-03  6e-02 282:06.8
  614   7368 -3.903549037020677e-01 6.3e+01 2.63e-02  4e-03  6e-02 285:22.3
  621   7452 -3.904133182276476e-01 6.4e+01 2.33e-02  3e-03  5e-02 288:37.2
  628   7536 -3.904285511088126e-01 6.2e+01 2.20e-02  3e-03  4e-02 291:51.8
  635   7620 -3.904874229969207e-01 6.3e+01 2.09e-02  3e-03  4e-02 295:06.6
  642   7704 -3.905086342455755e-01 6.5e+01 2.04e-02  3e-03  4e-02 298:21.3
  649   7788 -3.905734297277450e-01 7.1e+01 2.09e-02  3e-03  4e-02 301:37.3
  656   7872 -3.905824866196906e-01 7.7e+01 2.19e-02  3e-03  4e-02 304:52.1
  663   7956 -3.906502518486284e-01 7.8e+01 2.24e-02  3e-03  5e-02 308:06.4
  670   8040 -3.907079728301778e-01 8.9e+01 2.36e-02  3e-03  5e-02 311:23.1
  677   8124 -3.908248845629591e-01 1.1e+02 3.42e-02  4e-03  1e-01 314:37.6
  684   8208 -3.909614977583309e-01 1.3e+02 3.84e-02  4e-03  1e-01 317:52.2
  691   8292 -3.918642162044662e-01 1.6e+02 7.29e-02  8e-03  3e-01 321:06.4
  698   8376 -3.921025918025441e-01 1.6e+02 1.09e-01  1e-02  4e-01 324:20.9
  700   8400 -3.927380391638572e-01 1.5e+02 1.13e-01  1e-02  4e-01 325:16.7
  707   8484 -3.931748212933627e-01 1.5e+02 1.09e-01  1e-02  4e-01 328:31.0
  714   8568 -3.940967931420511e-01 1.4e+02 9.65e-02  1e-02  3e-01 331:45.6
  721   8652 -3.949157349052950e-01 1.3e+02 1.07e-01  1e-02  3e-01 335:00.4
  728   8736 -3.947979345045545e-01 1.3e+02 1.03e-01  1e-02  3e-01 338:15.4
  735   8820 -3.955315613581200e-01 1.3e+02 9.01e-02  9e-03  3e-01 341:29.8
  742   8904 -3.965545703544421e-01 1.2e+02 7.52e-02  8e-03  2e-01 344:44.4
  749   8988 -3.970443939749801e-01 1.2e+02 7.71e-02  8e-03  2e-01 347:58.5
  756   9072 -3.975292452801616e-01 1.3e+02 7.64e-02  8e-03  2e-01 351:12.7
  763   9156 -3.975804741017788e-01 1.2e+02 6.82e-02  7e-03  2e-01 354:27.3
  770   9240 -3.978943755499405e-01 1.2e+02 5.20e-02  5e-03  1e-01 357:43.7
  777   9324 -3.980327094120462e-01 1.2e+02 4.43e-02  4e-03  1e-01 361:00.7
  785   9420 -3.982743185276827e-01 1.3e+02 3.35e-02  3e-03  9e-02 364:45.6
  793   9516 -3.983539071572956e-01 1.3e+02 2.92e-02  3e-03  8e-02 368:30.7
  800   9600 -3.984422424796694e-01 1.3e+02 2.50e-02  2e-03  7e-02 371:47.9
  808   9696 -3.985715759824833e-01 1.3e+02 3.00e-02  3e-03  8e-02 375:32.7
  816   9792 -3.986660649041542e-01 1.3e+02 3.23e-02  3e-03  9e-02 379:18.6
  824   9888 -3.988204289209212e-01 1.4e+02 4.43e-02  4e-03  1e-01 383:03.7
  832   9984 -3.988756848024557e-01 1.3e+02 4.48e-02  5e-03  1e-01 386:48.2
  840  10080 -3.989335244561933e-01 1.3e+02 3.44e-02  3e-03  9e-02 390:32.9
  848  10176 -3.991325939000408e-01 1.3e+02 3.50e-02  3e-03  9e-02 394:17.2
  856  10272 -3.992070650788456e-01 1.2e+02 3.77e-02  4e-03  9e-02 398:02.4
  864  10368 -3.993867909901692e-01 1.2e+02 4.76e-02  4e-03  1e-01 401:47.4
  872  10464 -3.995443582030321e-01 1.2e+02 4.93e-02  4e-03  1e-01 405:32.8
  880  10560 -3.997337813945444e-01 1.2e+02 4.79e-02  4e-03  1e-01 409:17.7
  888  10656 -3.999854416383410e-01 1.1e+02 5.70e-02  5e-03  1e-01 413:02.0
  896  10752 -4.001950216132811e-01 1.1e+02 6.70e-02  6e-03  1e-01 416:45.7
  900  10800 -4.003519774893547e-01 1.1e+02 6.76e-02  6e-03  1e-01 418:37.0
  908  10896 -4.004329417134199e-01 1.1e+02 6.70e-02  5e-03  1e-01 422:19.3
  916  10992 -4.005532109709546e-01 1.1e+02 5.98e-02  5e-03  1e-01 426:01.8
  924  11088 -4.006788626432465e-01 1.1e+02 6.78e-02  5e-03  2e-01 429:44.8
  932  11184 -4.006894541995815e-01 1.1e+02 5.12e-02  4e-03  1e-01 433:27.8
  940  11280 -4.007365325316131e-01 1.0e+02 4.01e-02  3e-03  9e-02 437:11.7
  948  11376 -4.007751903075851e-01 1.0e+02 3.60e-02  3e-03  7e-02 440:55.2
  956  11472 -4.008050654406475e-01 1.0e+02 2.89e-02  2e-03  6e-02 444:38.5
  964  11568 -4.008404385998376e-01 1.0e+02 2.59e-02  2e-03  5e-02 448:21.9
  972  11664 -4.008596376713078e-01 1.1e+02 2.65e-02  2e-03  5e-02 452:05.2
  980  11760 -4.008922294937949e-01 1.1e+02 3.02e-02  2e-03  6e-02 455:48.3
  989  11868 -4.009168033921137e-01 1.1e+02 4.27e-02  3e-03  8e-02 459:59.0
  998  11976 -4.009765067689037e-01 1.1e+02 4.73e-02  3e-03  9e-02 464:10.6
 1000  12000 -4.009789943511265e-01 1.1e+02 4.74e-02  3e-03  9e-02 465:06.8
Budget constraint not satisfied 7563.192642211914 6753.914291381836 Difference:  -809.2783508300781
Budget constraint not satisfied 7697.691909790039 6753.914291381836 Difference:  -943.7776184082031
two_most_probable_states: ['1110111100', '1110011101']
final_expectation_value: -0.40097899435112655
params: [1.709157374305211, -6.5286357997853095, 7.221002291086643, 16.62354096785261, -3.08833777108444, 6.63882532304969, 5.443465770587182, -3.620389953292192, -12.899715767970273, 0.4157351963463979, 2.4341941188038887, -1.6013515188973049, -2.5399421835015374, 7.523250101655003, -0.22872021820531233, -17.676486869669496, -1.582577573389719, 1.9138452596748994, 3.7143277667376235, -8.251710465095053]
total_steps: 1000
states_probs: [0.04739652495130871, 0.04744064041985586]
optimized_portfolios: [{'AAPL': 23, 'AMGN': 7}, {'AAPL': 7, 'AMGN': 23}]
objective_values: [-267728.60620745574, -299245.79576732166]
result_with_budget: [{'portfolio': {'AAPL': 23, 'AMGN': 7}, 'budget': 7563.192642211914, 'difference': -809.2783508300781}, {'portfolio': {'AAPL': 7, 'AMGN': 23}, 'budget': 7697.691909790039, 'difference': -943.7776184082031}]
Processing experiment 68
Budget: 3602.346405029297
Expected returns: 0.2348781713708424
Covariance matrix: 0.5330622438656231
3rd-order coskewness tensor: 0.33614290377339273
4th-order cokurtosis tensor: 14.693581558732394
Number of qubits for asset CRM: 4
Number of qubits for asset V: 4
Total number of qubits:  8
Optimized Weights (considering variance, skewness and kurtosis):
CRM: 50.61%
V: 49.39%
Left over budget:  37.64172357249254
Optimized Discrete Allocation:
CRM: 5
V: 6
Maximized utility from continuous higher moments:  -7043.627886353372
Budget constraint satisfied 3583.5255432128906 3602.346405029297 Difference:  18.82086181640625
Budget constraint satisfied 3564.7046813964844 3602.346405029297 Difference:  37.6417236328125
smallest_eigenvalues: [-0.3298149940014017]
smallest_bitstrings: ['01101010']
first_excited_energy: -0.3297896932192822
optimized_portfolio: [{'CRM': 6, 'V': 5}]
second_optimized_portfolio: [{'CRM': 5, 'V': 6}]
result_with_budget: [{'portfolio': {'CRM': 6, 'V': 5}, 'budget': 3583.5255432128906, 'difference': 18.82086181640625, 'objective_value': -7064.103911535421}]
result_with_budget_excited: [{'portfolio': {'CRM': 5, 'V': 6}, 'budget': 3564.7046813964844, 'difference': 37.6417236328125, 'objective_value': -7043.627886353372}]
Initial params:  [1.50255295 0.90983486 1.64654073 1.10486538 0.087775   0.1034152
 1.49912272 0.18120384 1.27049268 0.10149771 2.55163309 1.02843309
 0.04199981 1.08585829 1.83634852 0.68848593]
(6_w,12)-aCMA-ES (mu_w=3.7,w_1=40%) in dimension 16 (seed=319354, Sun Mar 16 19:06:36 2025)
Iterat #Fevals   function value  axis ratio  sigma  min&max std  t[m:s]
    1     12 -2.676502020663203e-01 1.0e+00 1.32e+00  1e+00  1e+00 0:09.3
    2     24 -2.523420509002421e-01 1.1e+00 1.25e+00  1e+00  1e+00 0:18.6
    3     36 -2.169603996856448e-01 1.2e+00 1.11e+00  1e+00  1e+00 0:27.9
    4     48 -2.372651332916256e-01 1.2e+00 1.06e+00  1e+00  1e+00 0:37.1
    5     60 -2.372777334550267e-01 1.2e+00 1.04e+00  1e+00  1e+00 0:46.3
    6     72 -2.747971809850662e-01 1.3e+00 1.08e+00  1e+00  1e+00 0:55.5
    7     84 -2.678939174624987e-01 1.3e+00 1.09e+00  1e+00  1e+00 1:04.8
    8     96 -2.499197036989938e-01 1.4e+00 1.12e+00  1e+00  1e+00 1:14.0
    9    108 -2.810793563704003e-01 1.4e+00 1.15e+00  1e+00  1e+00 1:23.2
   10    120 -1.950049399223546e-01 1.5e+00 1.21e+00  1e+00  1e+00 1:32.5
   12    144 -2.590398632687359e-01 1.6e+00 1.17e+00  1e+00  1e+00 1:50.9
   14    168 -2.474690928926601e-01 1.7e+00 1.19e+00  1e+00  1e+00 2:09.4
   16    192 -2.671848639194825e-01 1.7e+00 1.28e+00  1e+00  1e+00 2:27.8
   18    216 -2.720557798982546e-01 1.7e+00 1.23e+00  1e+00  1e+00 2:46.3
   20    240 -2.831479459503065e-01 1.7e+00 1.03e+00  9e-01  1e+00 3:04.7
   22    264 -2.030320816964159e-01 1.7e+00 9.78e-01  9e-01  1e+00 3:23.2
   24    288 -2.588198583315354e-01 1.8e+00 9.49e-01  9e-01  1e+00 3:41.6
   26    312 -2.479563782659563e-01 1.7e+00 9.01e-01  8e-01  9e-01 3:60.0
   28    336 -2.398983820168084e-01 1.7e+00 9.23e-01  8e-01  1e+00 4:18.5
   31    372 -2.332609879892514e-01 1.8e+00 8.62e-01  8e-01  9e-01 4:46.1
   34    408 -2.782440385694945e-01 1.8e+00 8.51e-01  7e-01  9e-01 5:13.7
   37    444 -2.371434065240525e-01 1.9e+00 8.64e-01  8e-01  9e-01 5:41.3
   40    480 -2.630630338887416e-01 1.9e+00 8.88e-01  8e-01  9e-01 6:09.0
   43    516 -2.640513367456965e-01 2.0e+00 7.91e-01  7e-01  8e-01 6:36.7
   46    552 -2.641502338356052e-01 2.0e+00 7.36e-01  6e-01  8e-01 7:04.4
   49    588 -2.532946230302581e-01 2.2e+00 6.87e-01  6e-01  7e-01 7:32.1
   52    624 -2.467994297855482e-01 2.3e+00 6.23e-01  5e-01  7e-01 7:59.8
   55    660 -2.694825439132916e-01 2.3e+00 5.96e-01  5e-01  7e-01 8:27.4
   59    708 -2.266291919973249e-01 2.4e+00 6.41e-01  5e-01  7e-01 9:04.3
   63    756 -2.751450486286808e-01 2.4e+00 6.95e-01  5e-01  8e-01 9:41.1
   67    804 -2.582541864145778e-01 2.4e+00 6.63e-01  5e-01  8e-01 10:18.0
   71    852 -2.233099715026046e-01 2.5e+00 5.76e-01  4e-01  7e-01 10:54.8
   75    900 -2.267324907283102e-01 2.4e+00 5.42e-01  4e-01  6e-01 11:31.7
   79    948 -2.520962871584474e-01 2.4e+00 5.25e-01  4e-01  6e-01 12:08.4
   83    996 -2.616987471408212e-01 2.5e+00 4.79e-01  3e-01  5e-01 12:45.3
   87   1044 -2.674849881732572e-01 2.6e+00 3.59e-01  2e-01  4e-01 13:22.1
   91   1092 -2.683011650936901e-01 2.6e+00 3.32e-01  2e-01  4e-01 13:59.0
   96   1152 -2.617145859922350e-01 2.9e+00 4.28e-01  3e-01  5e-01 14:45.0
  100   1200 -2.382963394261368e-01 3.0e+00 4.37e-01  3e-01  5e-01 15:21.8
  105   1260 -2.651176944313418e-01 2.9e+00 5.13e-01  3e-01  6e-01 16:07.8
  110   1320 -2.656837860883329e-01 3.1e+00 4.72e-01  3e-01  5e-01 16:53.8
  115   1380 -2.746603578351210e-01 3.4e+00 3.44e-01  2e-01  4e-01 17:39.8
  120   1440 -2.809680197188324e-01 3.5e+00 3.12e-01  2e-01  3e-01 18:25.8
  125   1500 -2.901922691872525e-01 3.6e+00 2.38e-01  1e-01  2e-01 19:11.8
  130   1560 -2.711790622180454e-01 3.7e+00 2.57e-01  1e-01  3e-01 19:57.7
  135   1620 -2.844004044598199e-01 3.8e+00 2.65e-01  1e-01  3e-01 20:43.8
  141   1692 -2.830989867493302e-01 4.0e+00 2.87e-01  1e-01  3e-01 21:38.9
  147   1764 -2.924877812175949e-01 4.1e+00 2.88e-01  1e-01  3e-01 22:34.1
  153   1836 -2.988076426715289e-01 4.6e+00 2.51e-01  1e-01  3e-01 23:29.4
  159   1908 -3.006128985709281e-01 4.9e+00 2.54e-01  9e-02  3e-01 24:24.5
  165   1980 -2.972675197008986e-01 4.9e+00 2.25e-01  8e-02  3e-01 25:19.8
  171   2052 -2.960467319802222e-01 5.2e+00 2.42e-01  8e-02  3e-01 26:15.2
  177   2124 -2.978434801254542e-01 5.3e+00 2.08e-01  7e-02  3e-01 27:10.4
  183   2196 -3.024221144850981e-01 5.8e+00 1.71e-01  6e-02  2e-01 28:05.8
  189   2268 -3.001625333511183e-01 5.7e+00 1.41e-01  4e-02  2e-01 29:01.1
  195   2340 -3.041584620010554e-01 6.2e+00 1.04e-01  3e-02  1e-01 29:56.2
  200   2400 -3.062577033260652e-01 6.2e+00 9.58e-02  3e-02  1e-01 30:42.3
  207   2484 -3.066930031629548e-01 6.5e+00 9.30e-02  3e-02  1e-01 31:46.8
  214   2568 -3.067533457317202e-01 7.0e+00 7.34e-02  2e-02  9e-02 32:51.3
  221   2652 -3.069067455971907e-01 7.5e+00 5.64e-02  1e-02  7e-02 33:55.6
  228   2736 -3.072854043750578e-01 7.8e+00 4.16e-02  1e-02  6e-02 34:59.9
  235   2820 -3.073678907786506e-01 1.0e+01 3.93e-02  9e-03  6e-02 36:04.2
  242   2904 -3.075250706948991e-01 1.1e+01 2.69e-02  6e-03  4e-02 37:08.6
  249   2988 -3.075578860769032e-01 1.2e+01 2.34e-02  5e-03  3e-02 38:12.9
  256   3072 -3.076834121912814e-01 1.2e+01 2.67e-02  5e-03  4e-02 39:17.3
  264   3168 -3.079175020425028e-01 1.5e+01 3.13e-02  6e-03  5e-02 40:30.8
  272   3264 -3.081124145390948e-01 2.0e+01 3.36e-02  6e-03  7e-02 41:44.4
  280   3360 -3.084922877847003e-01 2.5e+01 4.40e-02  8e-03  1e-01 42:58.0
  288   3456 -3.089182307155655e-01 2.9e+01 4.61e-02  8e-03  1e-01 44:11.6
  296   3552 -3.090918372788474e-01 3.4e+01 5.89e-02  9e-03  2e-01 45:25.1
  300   3600 -3.097313382880900e-01 3.9e+01 7.07e-02  1e-02  2e-01 46:01.9
  308   3696 -3.093520656336575e-01 4.9e+01 7.14e-02  1e-02  3e-01 47:15.5
  316   3792 -3.096257997670574e-01 5.1e+01 4.93e-02  7e-03  2e-01 48:29.3
  324   3888 -3.097475031435328e-01 5.1e+01 4.36e-02  6e-03  1e-01 49:43.0
  333   3996 -3.099209772519831e-01 5.4e+01 3.55e-02  4e-03  1e-01 51:06.1
  341   4092 -3.099930290111652e-01 5.6e+01 2.63e-02  3e-03  9e-02 52:21.7
  350   4200 -3.100535845404203e-01 6.2e+01 2.41e-02  3e-03  8e-02 53:45.5
  359   4308 -3.100833832188873e-01 6.5e+01 2.37e-02  3e-03  8e-02 55:08.8
  368   4416 -3.101227715100723e-01 6.0e+01 1.62e-02  2e-03  5e-02 56:33.4
  377   4524 -3.101565713154926e-01 6.4e+01 1.72e-02  2e-03  6e-02 57:56.4
  386   4632 -3.102357849098702e-01 6.4e+01 2.86e-02  3e-03  9e-02 59:19.9
  395   4740 -3.102552632774054e-01 6.8e+01 4.26e-02  4e-03  1e-01 60:43.1
  400   4800 -3.103002215121057e-01 6.8e+01 4.33e-02  4e-03  1e-01 61:29.3
  409   4908 -3.103885179801593e-01 7.4e+01 4.92e-02  4e-03  1e-01 62:52.7
  419   5028 -3.104932450487363e-01 7.9e+01 5.02e-02  4e-03  1e-01 64:25.3
  429   5148 -3.106626836054519e-01 8.6e+01 4.15e-02  3e-03  1e-01 65:57.4
  439   5268 -3.108401077581135e-01 1.2e+02 7.39e-02  6e-03  3e-01 67:29.9
  449   5388 -3.112351142547221e-01 1.5e+02 1.37e-01  1e-02  7e-01 69:02.3
  459   5508 -3.107590570962331e-01 1.7e+02 1.43e-01  1e-02  7e-01 70:34.5
  469   5628 -3.118233054862947e-01 1.7e+02 8.31e-02  7e-03  4e-01 72:06.7
  479   5748 -3.120631589515594e-01 1.6e+02 7.67e-02  6e-03  3e-01 73:39.8
  489   5868 -3.121211706890285e-01 1.5e+02 7.61e-02  5e-03  3e-01 75:12.7
  499   5988 -3.123847327279330e-01 1.4e+02 6.23e-02  4e-03  2e-01 76:44.9
  500   6000 -3.123529448209564e-01 1.4e+02 6.46e-02  5e-03  2e-01 76:54.1
  511   6132 -3.124460001065944e-01 1.5e+02 5.54e-02  4e-03  2e-01 78:35.8
  522   6264 -3.124919000058983e-01 1.6e+02 4.77e-02  3e-03  2e-01 80:17.4
  533   6396 -3.125843219550477e-01 1.8e+02 4.53e-02  3e-03  2e-01 81:58.9
  544   6528 -3.127244500025779e-01 1.7e+02 7.01e-02  4e-03  2e-01 83:40.7
  555   6660 -3.129785787625173e-01 1.8e+02 8.49e-02  4e-03  3e-01 85:22.3
  566   6792 -3.131712911224423e-01 2.0e+02 1.34e-01  7e-03  5e-01 87:03.8
  577   6924 -3.135638337770620e-01 2.1e+02 1.07e-01  5e-03  4e-01 88:45.0
  588   7056 -3.137695918219525e-01 2.3e+02 7.52e-02  3e-03  3e-01 90:26.5
  600   7200 -3.140334681378184e-01 2.6e+02 8.19e-02  3e-03  4e-01 92:17.1
  612   7344 -3.141449450776607e-01 2.9e+02 7.32e-02  3e-03  3e-01 94:07.9
  624   7488 -3.143660171177897e-01 3.1e+02 7.93e-02  3e-03  4e-01 95:58.4
  636   7632 -3.144610351992628e-01 3.1e+02 8.97e-02  4e-03  4e-01 97:49.3
  648   7776 -3.146816598356046e-01 3.4e+02 1.08e-01  4e-03  5e-01 99:39.8
  660   7920 -3.148816667140968e-01 3.6e+02 1.70e-01  6e-03  8e-01 101:34.5
  672   8064 -3.149819243169996e-01 3.7e+02 1.07e-01  4e-03  5e-01 103:26.9
  684   8208 -3.152097323475384e-01 3.6e+02 1.07e-01  4e-03  5e-01 105:17.3
  696   8352 -3.153314075326572e-01 3.8e+02 8.96e-02  3e-03  4e-01 107:07.7
  700   8400 -3.154592683052383e-01 3.7e+02 1.07e-01  3e-03  5e-01 107:44.6
  713   8556 -3.155309623110439e-01 3.8e+02 1.26e-01  4e-03  6e-01 109:45.0
  726   8712 -3.157806793301174e-01 3.8e+02 1.16e-01  3e-03  5e-01 111:46.8
  739   8868 -3.160513604584904e-01 4.1e+02 1.44e-01  4e-03  6e-01 113:46.3
  752   9024 -3.162171300753603e-01 4.6e+02 1.59e-01  4e-03  8e-01 115:47.5
  765   9180 -3.164082967698180e-01 4.3e+02 1.73e-01  4e-03  8e-01 117:49.8
  778   9336 -3.166691233569494e-01 4.4e+02 1.30e-01  3e-03  6e-01 119:49.3
  791   9492 -3.168196260687945e-01 4.9e+02 9.94e-02  2e-03  5e-01 121:49.1
  800   9600 -3.168696680249148e-01 5.3e+02 8.53e-02  2e-03  4e-01 123:13.3
  813   9756 -3.168926010045950e-01 5.4e+02 5.21e-02  1e-03  2e-01 125:15.9
  826   9912 -3.169054917356425e-01 5.6e+02 4.07e-02  7e-04  2e-01 127:18.7
  840  10080 -3.169093479187559e-01 5.6e+02 3.28e-02  6e-04  1e-01 129:27.8
  854  10248 -3.169239055934727e-01 5.3e+02 5.09e-02  9e-04  2e-01 131:36.7
  868  10416 -3.169330073177244e-01 4.7e+02 5.26e-02  9e-04  2e-01 133:45.9
  882  10584 -3.169419995709407e-01 4.6e+02 2.66e-02  4e-04  9e-02 135:57.9
  896  10752 -3.169444232391816e-01 4.8e+02 1.97e-02  3e-04  7e-02 138:07.3
  900  10800 -3.169449477552728e-01 4.6e+02 1.66e-02  2e-04  5e-02 138:44.2
  914  10968 -3.169461193027396e-01 4.8e+02 1.18e-02  2e-04  4e-02 140:53.1
  929  11148 -3.169468990430740e-01 4.6e+02 1.11e-02  1e-04  3e-02 143:11.3
  944  11328 -3.169474192214168e-01 4.8e+02 1.26e-02  1e-04  4e-02 145:29.5
  959  11508 -3.169477363688663e-01 5.2e+02 8.13e-03  9e-05  2e-02 147:47.8
  974  11688 -3.169478450091733e-01 5.0e+02 4.93e-03  5e-05  1e-02 150:05.8
  989  11868 -3.169479128201599e-01 4.6e+02 4.95e-03  5e-05  1e-02 152:24.0
 1000  12000 -3.169479447463732e-01 4.6e+02 3.70e-03  3e-05  8e-03 154:05.5
Budget constraint not satisfied 3936.6763916015625 3602.346405029297 Difference:  -334.3299865722656
Budget constraint not satisfied 3861.3929443359375 3602.346405029297 Difference:  -259.0465393066406
two_most_probable_states: ['00010010', '00100001']
final_expectation_value: -0.3169479476983111
params: [-2.3973899011782374, -5.678662041276775, -1.1928614635252426, -9.119014418195704, -12.290274627448206, 0.1969239328831483, -0.7108980338466911, 43.627698378844585, 3.563973449077949, 4.792243797183714, -1.46122256747234, 0.09318622728304445, -3.995593705096247, -3.7515901267955623, 7.810506850853035, -0.0567549712838278]
total_steps: 1000
states_probs: [0.0168542133368775, 0.016909327089781365]
optimized_portfolios: [{'CRM': 8, 'V': 4}, {'CRM': 4, 'V': 8}]
objective_values: [-12257.92235316643, -11735.667939648094]
result_with_budget: [{'portfolio': {'CRM': 8, 'V': 4}, 'budget': 3936.6763916015625, 'difference': -334.3299865722656}, {'portfolio': {'CRM': 4, 'V': 8}, 'budget': 3861.3929443359375, 'difference': -259.0465393066406}]
Processing experiment 69
Budget: 4475.630027770996
Expected returns: 0.1162632872726584
Covariance matrix: 0.338297817436601
3rd-order coskewness tensor: 0.6568635840930513
4th-order cokurtosis tensor: 8.0132622710834
Number of qubits for asset AMGN: 5
Number of qubits for asset DOW: 7
Total number of qubits:  12
Optimized Weights (considering variance, skewness and kurtosis):
AMGN: 65.50%
DOW: 34.50%
Left over budget:  55.605613400346556
Optimized Discrete Allocation:
AMGN: 11
DOW: 40
Maximized utility from continuous higher moments:  -7384605.812144815
Budget constraint satisfied 4395.370025634766 4475.630027770996 Difference:  80.26000213623047
Budget constraint satisfied 4434.769062042236 4475.630027770996 Difference:  40.860965728759766
smallest_eigenvalues: [-0.009039094807156567]
smallest_bitstrings: ['100010000000']
first_excited_energy: -0.009033961925005898
optimized_portfolio: [{'AMGN': 17, 'DOW': 0}]
second_optimized_portfolio: [{'AMGN': 17, 'DOW': 1}]
result_with_budget: [{'portfolio': {'AMGN': 17, 'DOW': 0}, 'budget': 4395.370025634766, 'difference': 80.26000213623047, 'objective_value': -82477.39789768637}]
result_with_budget_excited: [{'portfolio': {'AMGN': 17, 'DOW': 1}, 'budget': 4434.769062042236, 'difference': 40.860965728759766, 'objective_value': -87794.580539225}]
Initial params:  [3.09852456 1.52674618 1.67624661 2.68261245 3.08555802 0.16572474
 0.18345419 2.40544289 3.10647786 0.59732175 2.13401031 2.33564204
 2.2086191  2.85904671 2.32137201 1.6276236  0.31029888 3.08448689
 2.49656826 0.94881612]
(6_w,12)-aCMA-ES (mu_w=3.7,w_1=40%) in dimension 20 (seed=244201, Sun Mar 16 21:42:02 2025)
Iterat #Fevals   function value  axis ratio  sigma  min&max std  t[m:s]
    1     12 4.252414495053070e-02 1.0e+00 1.39e+00  1e+00  1e+00 1:04.1
    2     24 4.644183707516216e-02 1.1e+00 1.38e+00  1e+00  1e+00 2:08.0
    3     36 5.133016274865381e-02 1.1e+00 1.41e+00  1e+00  1e+00 3:11.9
    4     48 4.972528393868148e-02 1.2e+00 1.46e+00  1e+00  2e+00 4:15.9
    5     60 3.463368310133160e-02 1.2e+00 1.48e+00  1e+00  2e+00 5:19.8
    6     72 5.712248335473787e-02 1.3e+00 1.46e+00  1e+00  2e+00 6:25.4
    7     84 1.459012439639067e-01 1.3e+00 1.45e+00  1e+00  2e+00 7:28.9
    8     96 5.531884074797470e-02 1.3e+00 1.41e+00  1e+00  1e+00 8:32.7
    9    108 5.435219158886596e-02 1.4e+00 1.39e+00  1e+00  1e+00 9:36.6
   10    120 1.023499264289044e-02 1.4e+00 1.36e+00  1e+00  1e+00 10:40.5
   11    132 4.465762310886322e-02 1.4e+00 1.33e+00  1e+00  1e+00 11:44.4
   12    144 4.422044218793768e-02 1.4e+00 1.30e+00  1e+00  1e+00 12:48.2
   13    156 8.738116453000230e-02 1.4e+00 1.28e+00  1e+00  1e+00 13:52.4
   14    168 9.232193550749140e-02 1.5e+00 1.25e+00  1e+00  1e+00 14:56.3
   15    180 5.287749253277528e-02 1.5e+00 1.23e+00  1e+00  1e+00 16:00.1
   16    192 1.076537572622803e-01 1.5e+00 1.24e+00  1e+00  1e+00 17:04.1
   17    204 5.580455540115841e-02 1.5e+00 1.29e+00  1e+00  1e+00 18:07.6
   18    216 5.789836376014328e-02 1.5e+00 1.31e+00  1e+00  1e+00 19:11.9
   19    228 1.249002184545269e-01 1.5e+00 1.34e+00  1e+00  1e+00 20:15.7
   20    240 4.339426116264799e-02 1.5e+00 1.39e+00  1e+00  1e+00 21:19.5
   21    252 5.128108374260098e-02 1.6e+00 1.42e+00  1e+00  1e+00 22:23.4
   22    264 2.266318833367090e-02 1.6e+00 1.44e+00  1e+00  2e+00 23:27.0
   23    276 7.203953861452940e-02 1.6e+00 1.45e+00  1e+00  2e+00 24:30.7
   24    288 7.330322513149706e-02 1.6e+00 1.48e+00  1e+00  2e+00 25:34.0
   25    300 4.578608847041551e-02 1.6e+00 1.47e+00  1e+00  2e+00 26:37.4
   26    312 7.195199048445265e-02 1.6e+00 1.42e+00  1e+00  1e+00 27:40.9
   27    324 6.848447475976990e-02 1.6e+00 1.41e+00  1e+00  1e+00 28:44.9
   28    336 6.732931917930730e-02 1.7e+00 1.38e+00  1e+00  1e+00 29:48.4
   29    348 5.820722751993108e-02 1.7e+00 1.42e+00  1e+00  1e+00 30:51.7
   30    360 9.567771376084395e-02 1.7e+00 1.41e+00  1e+00  1e+00 31:55.1
   31    372 5.441039450517845e-02 1.7e+00 1.44e+00  1e+00  1e+00 32:58.7
   32    384 6.888508089060479e-02 1.7e+00 1.45e+00  1e+00  2e+00 34:02.0
   33    396 1.163429265521824e-01 1.7e+00 1.48e+00  1e+00  2e+00 35:06.0
   34    408 9.658752270504738e-02 1.7e+00 1.52e+00  1e+00  2e+00 36:09.5
   35    420 8.719835791384119e-02 1.7e+00 1.53e+00  1e+00  2e+00 37:12.9
   36    432 8.156037681412320e-02 1.8e+00 1.51e+00  1e+00  2e+00 38:16.5
   37    444 4.165695019874915e-02 1.8e+00 1.51e+00  1e+00  2e+00 39:20.0
   38    456 5.312949895453399e-02 1.8e+00 1.54e+00  1e+00  2e+00 40:23.8
   39    468 4.509724589834803e-02 1.8e+00 1.55e+00  1e+00  2e+00 41:27.0
   40    480 4.860436618356861e-02 1.8e+00 1.60e+00  1e+00  2e+00 42:30.3
   41    492 4.858292295243642e-02 1.9e+00 1.61e+00  1e+00  2e+00 43:33.8
   42    504 3.986308578041924e-02 1.9e+00 1.69e+00  2e+00  2e+00 44:37.6
   43    516 7.227341831735869e-02 2.0e+00 1.72e+00  2e+00  2e+00 45:41.9
   44    528 6.092174823983139e-02 2.0e+00 1.69e+00  2e+00  2e+00 46:45.5
   45    540 7.037010814095954e-02 2.0e+00 1.70e+00  2e+00  2e+00 47:49.0
   46    552 5.386538510037705e-02 2.0e+00 1.78e+00  2e+00  2e+00 48:52.7
   47    564 1.069555317200840e-01 2.1e+00 1.88e+00  2e+00  2e+00 49:56.3
   48    576 2.750916993995501e-02 2.1e+00 1.94e+00  2e+00  2e+00 50:59.9
   49    588 4.089800290391696e-02 2.1e+00 1.96e+00  2e+00  2e+00 52:03.5
   50    600 5.125948806274905e-02 2.1e+00 1.99e+00  2e+00  2e+00 53:06.9
   51    612 5.657690845996766e-02 2.1e+00 2.04e+00  2e+00  2e+00 54:10.2
   52    624 8.679234692438832e-02 2.1e+00 1.94e+00  2e+00  2e+00 55:13.8
   53    636 6.435269153722190e-02 2.1e+00 1.86e+00  2e+00  2e+00 56:17.3
   54    648 5.265970969768666e-02 2.1e+00 1.79e+00  2e+00  2e+00 57:20.7
   55    660 6.891489716272645e-02 2.1e+00 1.81e+00  2e+00  2e+00 58:24.2
   56    672 5.636028043887212e-02 2.1e+00 1.86e+00  2e+00  2e+00 59:27.9
   57    684 6.882858529760064e-02 2.1e+00 1.89e+00  2e+00  2e+00 60:31.6
   58    696 3.894477991706129e-02 2.1e+00 1.89e+00  2e+00  2e+00 61:35.0
   59    708 1.165518512906754e-01 2.1e+00 1.94e+00  2e+00  2e+00 62:38.4
   60    720 5.041296778493073e-02 2.1e+00 1.98e+00  2e+00  2e+00 63:41.7
   61    732 6.386364696340424e-02 2.2e+00 1.96e+00  2e+00  2e+00 64:45.4
   62    744 5.735154946076080e-02 2.2e+00 1.97e+00  2e+00  2e+00 65:48.8
   63    756 7.911518944588111e-02 2.2e+00 1.98e+00  2e+00  2e+00 66:52.3
   64    768 6.394153004330136e-02 2.2e+00 1.90e+00  2e+00  2e+00 67:55.8
   66    792 3.510428180908211e-02 2.3e+00 1.72e+00  2e+00  2e+00 70:02.5
   68    816 8.126718843995853e-02 2.4e+00 1.69e+00  2e+00  2e+00 72:09.5
   70    840 6.674189701833598e-02 2.4e+00 1.57e+00  1e+00  2e+00 74:16.2
   72    864 2.895943589829980e-02 2.4e+00 1.48e+00  1e+00  2e+00 76:23.5
   74    888 5.100389983316177e-02 2.4e+00 1.55e+00  1e+00  2e+00 78:30.4
   76    912 7.925993877126621e-02 2.4e+00 1.72e+00  2e+00  2e+00 80:37.2
   78    936 3.666472009152731e-02 2.4e+00 1.74e+00  2e+00  2e+00 82:44.5
   80    960 8.141526250443978e-02 2.4e+00 1.75e+00  2e+00  2e+00 84:54.1
   82    984 7.737508017525384e-02 2.5e+00 1.70e+00  2e+00  2e+00 87:01.4
   84   1008 7.386535736593389e-02 2.6e+00 1.61e+00  1e+00  2e+00 89:08.6
   86   1032 7.487410646570127e-02 2.6e+00 1.64e+00  1e+00  2e+00 91:15.5
   88   1056 6.168090602630215e-02 2.7e+00 1.68e+00  1e+00  2e+00 93:22.6
   90   1080 3.645346736686439e-02 2.8e+00 1.74e+00  2e+00  2e+00 95:29.6
   92   1104 4.955213042644160e-02 2.8e+00 1.76e+00  2e+00  2e+00 97:36.9
   94   1128 6.985929527078448e-02 2.8e+00 1.76e+00  2e+00  2e+00 99:43.7
   96   1152 8.403921177997535e-02 2.9e+00 1.74e+00  2e+00  2e+00 101:50.3
   98   1176 7.525798377415571e-02 3.0e+00 1.91e+00  2e+00  2e+00 103:57.6
  100   1200 4.615765497563545e-02 3.0e+00 2.11e+00  2e+00  3e+00 106:04.6
  102   1224 5.624431847243716e-02 3.1e+00 2.25e+00  2e+00  3e+00 108:11.5
  104   1248 8.183367886957070e-02 3.1e+00 2.25e+00  2e+00  3e+00 110:18.7
  106   1272 7.491886073198332e-02 3.1e+00 2.43e+00  2e+00  3e+00 112:25.4
  108   1296 7.204098004533610e-02 3.1e+00 2.79e+00  2e+00  3e+00 114:32.4
  110   1320 6.998762468325974e-02 3.1e+00 2.93e+00  3e+00  4e+00 116:39.1
  112   1344 4.696401742613530e-02 3.1e+00 3.00e+00  3e+00  4e+00 118:45.7
  114   1368 9.202719233939140e-02 3.2e+00 2.87e+00  2e+00  4e+00 120:53.0
  116   1392 8.947295351171150e-02 3.2e+00 2.93e+00  2e+00  4e+00 122:59.5
  118   1416 8.216379731841501e-02 3.2e+00 2.82e+00  2e+00  4e+00 125:06.6
  120   1440 1.036967087330166e-01 3.2e+00 2.67e+00  2e+00  3e+00 127:13.6
  122   1464 8.935208842419681e-02 3.3e+00 2.65e+00  2e+00  3e+00 129:20.9
  124   1488 8.883654860683492e-02 3.3e+00 2.46e+00  2e+00  3e+00 131:28.4
  126   1512 1.157576274999010e-01 3.3e+00 2.50e+00  2e+00  3e+00 133:35.8
  128   1536 8.723292817071956e-02 3.3e+00 2.36e+00  2e+00  3e+00 135:43.2
  130   1560 8.139658403914031e-02 3.4e+00 2.16e+00  2e+00  3e+00 137:50.5
  132   1584 9.576791247713881e-02 3.4e+00 1.94e+00  2e+00  2e+00 139:57.7
  134   1608 1.274392901716526e-01 3.4e+00 1.80e+00  1e+00  2e+00 142:05.0
  136   1632 7.575765031109698e-02 3.4e+00 1.67e+00  1e+00  2e+00 144:12.1
  138   1656 5.434794799691222e-02 3.4e+00 1.59e+00  1e+00  2e+00 146:19.8
  140   1680 7.207371229815168e-02 3.4e+00 1.56e+00  1e+00  2e+00 148:26.8
  142   1704 9.875964367238495e-02 3.4e+00 1.52e+00  1e+00  2e+00 150:34.6
  144   1728 1.080802228490579e-01 3.4e+00 1.58e+00  1e+00  2e+00 152:42.7
  146   1752 6.943019859833542e-02 3.3e+00 1.73e+00  1e+00  2e+00 154:50.4
  148   1776 1.406012372055775e-01 3.3e+00 1.88e+00  1e+00  2e+00 156:58.7
  150   1800 6.402228854271430e-02 3.3e+00 2.00e+00  2e+00  2e+00 159:06.8
  152   1824 1.037131639397613e-01 3.3e+00 2.01e+00  2e+00  3e+00 161:14.8
  154   1848 1.010186289021965e-01 3.4e+00 2.08e+00  2e+00  3e+00 163:22.5
  156   1872 1.101924273274438e-01 3.3e+00 2.19e+00  2e+00  3e+00 165:30.4
  158   1896 5.595436440232338e-02 3.3e+00 2.41e+00  2e+00  3e+00 167:38.9
  160   1920 9.489058416074772e-02 3.4e+00 2.69e+00  2e+00  3e+00 169:47.3
  162   1944 9.011433639675093e-02 3.5e+00 2.86e+00  2e+00  4e+00 171:55.9
  164   1968 8.489993146641094e-02 3.6e+00 2.98e+00  2e+00  4e+00 174:04.1
  166   1992 1.066482180237095e-01 3.7e+00 2.87e+00  2e+00  4e+00 176:12.3
  168   2016 9.038136909853596e-02 3.7e+00 2.91e+00  2e+00  4e+00 178:20.4
  170   2040 6.807148915516364e-02 3.7e+00 2.90e+00  2e+00  4e+00 180:28.5
  172   2064 8.730449544145200e-02 3.7e+00 2.82e+00  2e+00  4e+00 182:36.5
  174   2088 1.060552341827413e-01 3.7e+00 2.90e+00  2e+00  4e+00 184:44.7
  176   2112 8.141029143114864e-02 3.7e+00 3.11e+00  2e+00  4e+00 186:52.6
  178   2136 1.018620770900968e-01 3.8e+00 3.61e+00  3e+00  5e+00 189:00.5
  180   2160 7.166733599994922e-02 3.8e+00 3.65e+00  3e+00  5e+00 191:08.1
  182   2184 1.009871391128270e-01 4.0e+00 3.42e+00  3e+00  5e+00 193:15.9
  184   2208 1.095574661319401e-01 4.0e+00 3.23e+00  2e+00  4e+00 195:24.0
  186   2232 1.400596129065343e-01 4.0e+00 3.08e+00  2e+00  4e+00 197:31.9
  188   2256 1.171197622128313e-01 4.0e+00 3.02e+00  2e+00  4e+00 199:40.3
  190   2280 9.883656180843194e-02 4.0e+00 3.14e+00  2e+00  4e+00 201:48.1
  192   2304 7.676708929420657e-02 4.1e+00 3.30e+00  2e+00  5e+00 203:56.0
  194   2328 9.571876639437842e-02 4.1e+00 3.47e+00  3e+00  5e+00 206:04.1
  197   2364 1.157514744878673e-01 4.2e+00 3.69e+00  3e+00  5e+00 209:15.9
  200   2400 9.341810935133846e-02 4.2e+00 3.75e+00  3e+00  5e+00 212:27.8
  203   2436 1.296928525173366e-01 4.2e+00 4.02e+00  3e+00  6e+00 215:39.7
  206   2472 1.233837709690888e-01 4.2e+00 3.72e+00  3e+00  5e+00 218:51.9
  209   2508 1.112659141154660e-01 4.2e+00 3.67e+00  3e+00  5e+00 222:04.0
  212   2544 1.190379391430736e-01 4.1e+00 3.44e+00  2e+00  5e+00 225:15.3
  215   2580 1.280522505461292e-01 4.2e+00 3.15e+00  2e+00  5e+00 228:26.9
  218   2616 1.288806122460743e-01 4.2e+00 3.18e+00  2e+00  5e+00 231:38.5
  221   2652 1.076117782255747e-01 4.1e+00 3.31e+00  2e+00  5e+00 234:51.6
  224   2688 1.252231067600495e-01 4.2e+00 3.23e+00  2e+00  5e+00 238:03.4
  227   2724 1.472732582112261e-01 4.2e+00 2.94e+00  2e+00  4e+00 241:14.7
  230   2760 1.437936383017995e-01 4.1e+00 2.76e+00  2e+00  4e+00 244:26.4
  233   2796 1.391251907746609e-01 4.1e+00 2.42e+00  2e+00  3e+00 247:37.9
  236   2832 1.283430063018409e-01 4.2e+00 2.25e+00  1e+00  3e+00 250:49.4
  239   2868 1.211479612413313e-01 4.2e+00 2.18e+00  1e+00  3e+00 254:01.2
  242   2904 1.078714415761688e-01 4.2e+00 2.11e+00  1e+00  3e+00 257:12.7
  245   2940 1.218440999578026e-01 4.3e+00 2.09e+00  1e+00  3e+00 260:24.0
  248   2976 9.765327558084032e-02 4.3e+00 1.92e+00  1e+00  3e+00 263:34.4
  251   3012 1.200170489200721e-01 4.2e+00 1.81e+00  1e+00  3e+00 266:44.8
  254   3048 9.806869395778708e-02 4.2e+00 1.82e+00  1e+00  3e+00 269:55.6
  257   3084 1.472882274439017e-01 4.2e+00 1.94e+00  1e+00  3e+00 273:06.2
  260   3120 1.229891922481389e-01 4.3e+00 1.95e+00  1e+00  3e+00 276:17.1
  263   3156 1.047673530715890e-01 4.4e+00 1.75e+00  1e+00  2e+00 279:27.7
  266   3192 1.173930575928246e-01 4.4e+00 1.69e+00  1e+00  2e+00 282:38.0
  269   3228 1.169873238013057e-01 4.5e+00 1.72e+00  1e+00  2e+00 285:48.6
  272   3264 1.292241254579363e-01 4.5e+00 1.95e+00  1e+00  3e+00 288:58.9
  275   3300 1.299347697936715e-01 4.6e+00 2.06e+00  1e+00  3e+00 292:09.0
  278   3336 1.066618639694405e-01 4.6e+00 1.94e+00  1e+00  3e+00 295:19.8
  281   3372 1.515870791589265e-01 4.7e+00 2.06e+00  1e+00  3e+00 298:30.1
  284   3408 1.039614684041576e-01 4.9e+00 2.09e+00  1e+00  3e+00 301:41.0
  287   3444 9.869087414469836e-02 4.8e+00 1.94e+00  1e+00  3e+00 304:51.3
  290   3480 1.221682611187902e-01 4.9e+00 1.94e+00  1e+00  3e+00 308:02.0
  293   3516 1.107526400876078e-01 4.9e+00 2.05e+00  1e+00  3e+00 311:12.4
  296   3552 1.031390982866530e-01 4.9e+00 2.12e+00  1e+00  3e+00 314:22.7
  299   3588 1.020525282575725e-01 5.2e+00 2.22e+00  1e+00  3e+00 317:34.3
  300   3600 1.182570800339494e-01 5.3e+00 2.24e+00  1e+00  3e+00 318:37.6
  303   3636 7.439337375135330e-02 5.4e+00 2.05e+00  1e+00  3e+00 321:48.6
  306   3672 1.047296013616384e-01 5.4e+00 2.11e+00  1e+00  3e+00 324:59.5
  309   3708 9.253868649516021e-02 5.3e+00 2.25e+00  1e+00  3e+00 328:10.2
  312   3744 1.046010689902143e-01 5.3e+00 2.36e+00  1e+00  3e+00 331:20.7
  315   3780 1.085036358054989e-01 5.4e+00 2.32e+00  1e+00  3e+00 334:31.3
  318   3816 1.250238470796052e-01 5.4e+00 2.24e+00  1e+00  3e+00 337:42.5
  321   3852 1.001786980528936e-01 5.5e+00 2.13e+00  1e+00  3e+00 340:53.6
  324   3888 1.043215483334374e-01 5.9e+00 2.03e+00  1e+00  3e+00 344:04.5
  327   3924 1.281065976708836e-01 5.9e+00 1.96e+00  1e+00  3e+00 347:15.5
  330   3960 1.085539625662045e-01 5.9e+00 2.01e+00  1e+00  3e+00 350:26.5
  333   3996 1.157925520227369e-01 6.1e+00 2.20e+00  1e+00  3e+00 353:37.2
  336   4032 1.295863145879146e-01 6.0e+00 2.13e+00  1e+00  3e+00 356:47.7
  339   4068 1.130711645966811e-01 6.1e+00 1.85e+00  1e+00  3e+00 359:58.9
  342   4104 1.312954163978652e-01 6.2e+00 1.84e+00  1e+00  3e+00 363:09.5
  345   4140 1.308234553649731e-01 6.3e+00 1.82e+00  1e+00  3e+00 366:20.2
  348   4176 1.300769433908687e-01 6.2e+00 1.73e+00  1e+00  3e+00 369:30.6
  351   4212 1.497178510171728e-01 6.2e+00 1.64e+00  9e-01  2e+00 372:42.0
  354   4248 1.166743567072929e-01 6.2e+00 1.76e+00  1e+00  3e+00 375:52.9
  357   4284 1.075236178187808e-01 6.2e+00 1.79e+00  1e+00  3e+00 379:04.0
  360   4320 1.426890501538275e-01 6.2e+00 1.57e+00  9e-01  2e+00 382:14.6
  363   4356 1.292705479368777e-01 6.1e+00 1.46e+00  8e-01  2e+00 385:25.9
  366   4392 1.303345950601801e-01 6.1e+00 1.37e+00  7e-01  2e+00 388:37.2
  369   4428 1.244480004938619e-01 6.1e+00 1.42e+00  8e-01  2e+00 391:48.1
  372   4464 1.213807817135628e-01 6.2e+00 1.68e+00  9e-01  2e+00 394:58.8
  375   4500 1.317011201530805e-01 6.3e+00 1.76e+00  1e+00  3e+00 398:10.2
  378   4536 1.251328461106976e-01 6.3e+00 1.75e+00  1e+00  3e+00 401:22.6
  381   4572 1.283428638740113e-01 6.4e+00 1.60e+00  9e-01  2e+00 404:34.0
  385   4620 1.025778246635059e-01 6.5e+00 1.37e+00  7e-01  2e+00 408:49.3
  389   4668 1.209489842554083e-01 6.4e+00 1.29e+00  7e-01  2e+00 413:05.2
  393   4716 1.001254068272939e-01 6.3e+00 1.22e+00  7e-01  2e+00 417:20.2
  397   4764 1.043387049625622e-01 6.4e+00 1.22e+00  7e-01  2e+00 421:34.3
  400   4800 1.271617328069034e-01 6.3e+00 1.24e+00  7e-01  2e+00 424:45.5
  404   4848 1.403560650184368e-01 6.2e+00 1.44e+00  8e-01  2e+00 429:01.1
  408   4896 1.095551014398899e-01 6.1e+00 1.35e+00  7e-01  2e+00 433:14.8
  412   4944 1.116388947993852e-01 6.2e+00 1.28e+00  7e-01  2e+00 437:28.8
  416   4992 1.626355735698001e-01 6.3e+00 1.23e+00  7e-01  2e+00 441:43.0
  420   5040 1.336274902307154e-01 6.8e+00 1.25e+00  7e-01  2e+00 445:57.4
  424   5088 1.219872235951227e-01 6.9e+00 1.45e+00  8e-01  2e+00 450:12.0
  428   5136 1.156704988268562e-01 7.0e+00 1.50e+00  8e-01  2e+00 454:26.5
  432   5184 1.194198844627198e-01 6.9e+00 1.64e+00  9e-01  2e+00 458:40.4
  436   5232 1.277289206905442e-01 7.2e+00 1.76e+00  1e+00  3e+00 462:54.8
  440   5280 1.208885234100373e-01 7.4e+00 1.74e+00  1e+00  3e+00 467:08.9
  444   5328 1.350772240329870e-01 7.4e+00 1.51e+00  8e-01  2e+00 471:23.2
  448   5376 1.349230387748897e-01 7.4e+00 1.30e+00  7e-01  2e+00 475:37.2
  452   5424 1.020883279816454e-01 7.5e+00 1.33e+00  7e-01  2e+00 479:51.4
  456   5472 1.189460920204527e-01 7.5e+00 1.44e+00  8e-01  2e+00 484:06.1
  460   5520 1.273331479505724e-01 7.5e+00 1.32e+00  7e-01  2e+00 488:20.4
  464   5568 1.138121026095806e-01 7.6e+00 1.22e+00  7e-01  2e+00 492:34.8
  468   5616 1.254573750690722e-01 7.8e+00 1.13e+00  6e-01  2e+00 496:48.4
  472   5664 1.117999658076121e-01 7.7e+00 1.05e+00  6e-01  1e+00 501:01.8
  476   5712 1.241356819781415e-01 8.2e+00 1.15e+00  6e-01  2e+00 505:15.7
  480   5760 1.157233368362210e-01 8.3e+00 1.18e+00  6e-01  2e+00 509:30.0
  484   5808 1.390354346442074e-01 8.6e+00 1.13e+00  6e-01  2e+00 513:44.3
  488   5856 1.119994730293893e-01 8.6e+00 1.04e+00  5e-01  2e+00 517:58.6
  492   5904 1.285049053857987e-01 8.8e+00 9.93e-01  5e-01  1e+00 522:13.1
  496   5952 1.093654660520134e-01 8.7e+00 9.47e-01  5e-01  1e+00 526:27.9
  500   6000 1.194147039726219e-01 9.0e+00 9.41e-01  5e-01  1e+00 530:42.2
  504   6048 1.085493908539269e-01 9.2e+00 9.36e-01  5e-01  1e+00 534:56.1
  508   6096 1.077251914940977e-01 9.2e+00 8.37e-01  4e-01  1e+00 539:10.0
  512   6144 1.251551087694938e-01 9.1e+00 8.80e-01  4e-01  1e+00 543:23.4
  516   6192 9.756950150759758e-02 9.1e+00 1.07e+00  5e-01  2e+00 547:37.0
  520   6240 1.055115741727162e-01 9.2e+00 1.09e+00  5e-01  2e+00 551:51.9
  524   6288 1.217423640505274e-01 9.3e+00 1.01e+00  5e-01  2e+00 556:06.2
  528   6336 1.354828197585193e-01 9.9e+00 1.17e+00  6e-01  2e+00 560:20.5
  532   6384 1.257038304869561e-01 1.1e+01 1.23e+00  6e-01  2e+00 564:35.1
  536   6432 1.252011008193443e-01 1.1e+01 1.09e+00  5e-01  2e+00 568:49.7
  540   6480 1.132126822471970e-01 1.1e+01 1.23e+00  6e-01  2e+00 573:04.2
  544   6528 1.009962599732333e-01 1.1e+01 1.51e+00  7e-01  3e+00 577:18.9
  548   6576 1.235961891865363e-01 1.2e+01 1.60e+00  7e-01  3e+00 581:32.6
  552   6624 1.233174558405796e-01 1.2e+01 1.57e+00  7e-01  3e+00 585:46.6
  556   6672 1.339280327945328e-01 1.2e+01 1.43e+00  7e-01  2e+00 590:01.0
  560   6720 1.218055812332048e-01 1.3e+01 1.45e+00  7e-01  2e+00 594:15.3
  564   6768 1.104912951652872e-01 1.2e+01 1.50e+00  7e-01  3e+00 598:29.7
  568   6816 1.007391835457205e-01 1.2e+01 1.84e+00  8e-01  3e+00 602:44.0
  572   6864 1.043661520494251e-01 1.2e+01 1.71e+00  8e-01  3e+00 606:58.5
  576   6912 1.118948207477016e-01 1.3e+01 1.81e+00  8e-01  3e+00 611:13.0
  580   6960 1.096690278916776e-01 1.3e+01 1.82e+00  8e-01  3e+00 615:26.9
  584   7008 1.324771746022738e-01 1.3e+01 1.81e+00  8e-01  3e+00 619:42.0
  588   7056 1.181700657077508e-01 1.3e+01 1.91e+00  8e-01  3e+00 623:56.0
  592   7104 1.205763895275594e-01 1.3e+01 1.82e+00  8e-01  3e+00 628:10.3
  596   7152 1.169782247387345e-01 1.3e+01 1.91e+00  9e-01  3e+00 632:24.6
  600   7200 1.017322027312318e-01 1.3e+01 2.39e+00  1e+00  4e+00 636:39.0
  604   7248 1.173158965815774e-01 1.3e+01 2.46e+00  1e+00  4e+00 640:53.6
  608   7296 1.086887088979735e-01 1.3e+01 2.31e+00  1e+00  4e+00 645:08.4
  612   7344 1.454817464796144e-01 1.3e+01 2.50e+00  1e+00  4e+00 649:22.9
  616   7392 1.269917819832565e-01 1.3e+01 2.50e+00  1e+00  4e+00 653:37.4
  620   7440 1.285627396057089e-01 1.4e+01 2.44e+00  1e+00  4e+00 657:52.9
  624   7488 1.082743423217265e-01 1.4e+01 2.80e+00  1e+00  5e+00 662:07.5
  628   7536 1.112916442599147e-01 1.4e+01 2.64e+00  1e+00  4e+00 666:21.5
  632   7584 1.077669079279803e-01 1.4e+01 2.38e+00  1e+00  4e+00 670:36.4
  637   7644 9.095041868174721e-02 1.5e+01 2.45e+00  1e+00  4e+00 675:53.9
  642   7704 7.749186397582040e-02 1.5e+01 2.44e+00  1e+00  4e+00 681:10.8
  647   7764 9.533044230544119e-02 1.5e+01 2.69e+00  2e+00  5e+00 686:27.8
  652   7824 1.015829228681900e-01 1.5e+01 2.55e+00  2e+00  5e+00 691:44.8
  657   7884 9.432552988212885e-02 1.5e+01 3.18e+00  2e+00  6e+00 697:05.5
  662   7944 1.122850286256041e-01 1.5e+01 2.89e+00  2e+00  5e+00 702:27.2
  667   8004 1.468526096837358e-01 1.5e+01 2.86e+00  2e+00  5e+00 707:44.8
  672   8064 1.016437779722848e-01 1.6e+01 2.84e+00  2e+00  5e+00 713:03.5
  677   8124 1.086347151517617e-01 1.7e+01 2.98e+00  2e+00  5e+00 718:22.2
  682   8184 1.017242309526018e-01 1.7e+01 2.94e+00  2e+00  6e+00 723:40.3
  687   8244 1.176700620414647e-01 1.7e+01 2.87e+00  2e+00  5e+00 728:58.8
  692   8304 1.112945931588742e-01 1.6e+01 2.72e+00  2e+00  5e+00 734:17.0
  697   8364 1.184428799676845e-01 1.6e+01 2.55e+00  2e+00  5e+00 739:34.5
  700   8400 9.597457491997449e-02 1.6e+01 2.45e+00  2e+00  5e+00 742:45.0
  705   8460 1.182079698804287e-01 1.7e+01 2.39e+00  2e+00  4e+00 748:02.3
  710   8520 7.781222343918576e-02 1.7e+01 3.02e+00  2e+00  5e+00 753:19.4
  715   8580 8.633585608936165e-02 1.7e+01 3.12e+00  2e+00  6e+00 758:36.8
  720   8640 1.260124348826401e-01 1.7e+01 3.07e+00  2e+00  6e+00 763:54.5
  725   8700 1.136489122018050e-01 1.7e+01 3.31e+00  2e+00  6e+00 769:12.6
  730   8760 1.202563785597685e-01 1.7e+01 3.95e+00  3e+00  7e+00 774:30.1
  735   8820 1.097213620420685e-01 1.7e+01 4.06e+00  3e+00  7e+00 779:48.1
  740   8880 1.250270285452824e-01 1.7e+01 4.07e+00  3e+00  7e+00 785:05.2
  745   8940 1.217557109123119e-01 1.7e+01 3.70e+00  3e+00  6e+00 790:23.6
  750   9000 1.171906547282627e-01 1.7e+01 3.26e+00  2e+00  5e+00 795:41.2
  755   9060 1.054520266191510e-01 1.6e+01 3.40e+00  2e+00  6e+00 800:59.3
  760   9120 1.065352309414950e-01 1.6e+01 3.64e+00  2e+00  6e+00 806:17.1
  765   9180 1.284019568572684e-01 1.7e+01 3.59e+00  2e+00  6e+00 811:34.5
  770   9240 1.219106408335660e-01 1.7e+01 4.13e+00  3e+00  7e+00 816:52.5
  775   9300 1.241921315096971e-01 1.7e+01 4.87e+00  3e+00  8e+00 822:10.0
