Running job array 44 on csl23.int.triton.aalto.fi
Starting at Mon Mar 17 13:16:14 EET 2025
Activating virtual environment at /scratch/work/uotilav2/quantum-portfolio/venv
Processing batch 45/50: experiments 396 to 404 (total 9)
Processing experiment 396
Budget: 240.88999938964844
YF.download() has changed argument auto_adjust default to True
Expected returns: 0.11207403600347096
Covariance matrix: 0.4262494224670561
3rd-order coskewness tensor: -0.2020205214214942
4th-order cokurtosis tensor: 23.468893326656843
Number of qubits for asset CVX: 1
Number of qubits for asset DIS: 2
Number of qubits for asset IBM: 1
Number of qubits for asset JNJ: 1
Number of qubits for asset JPM: 1
Number of qubits for asset PG: 1
Number of qubits for asset TRV: 1
Number of qubits for asset WMT: 2
Total number of qubits:  10
Optimized Weights (considering variance, skewness and kurtosis):
CVX: 16.48%
DIS: 18.78%
IBM: 8.25%
JNJ: 18.40%
JPM: 1.39%
PG: 3.71%
TRV: 2.24%
WMT: 30.75%
Left over budget:  39.189998352638526
Optimized Discrete Allocation:
DIS: 1
WMT: 1
Maximized utility from continuous higher moments:  -7.351918087135861
Budget constraint satisfied 239.9084930419922 240.88999938964844 Difference:  0.98150634765625
Budget constraint satisfied 238.4783477783203 240.88999938964844 Difference:  2.411651611328125
smallest_eigenvalues: [-0.025866435794365875]
smallest_bitstrings: ['0000000100']
first_excited_energy: -0.025866395734030545
optimized_portfolio: [{'CVX': 0, 'DIS': 0, 'IBM': 0, 'JNJ': 0, 'JPM': 0, 'PG': 0, 'TRV': 1, 'WMT': 0}]
second_optimized_portfolio: [{'CVX': 0, 'DIS': 0, 'IBM': 0, 'JNJ': 0, 'JPM': 1, 'PG': 0, 'TRV': 0, 'WMT': 0}]
result_with_budget: [{'portfolio': {'CVX': 0, 'DIS': 0, 'IBM': 0, 'JNJ': 0, 'JPM': 0, 'PG': 0, 'TRV': 1, 'WMT': 0}, 'budget': 239.9084930419922, 'difference': 0.98150634765625, 'objective_value': -5.057226538645654}]
result_with_budget_excited: [{'portfolio': {'CVX': 0, 'DIS': 0, 'IBM': 0, 'JNJ': 0, 'JPM': 1, 'PG': 0, 'TRV': 0, 'WMT': 0}, 'budget': 238.4783477783203, 'difference': 2.411651611328125, 'objective_value': -2.8489201506360082}]
Initial params:  [2.51063067 1.44978017 2.45210473 0.37157007 2.01037118 0.45035763
 2.96776493 1.63943485 1.3026989  0.83112597 2.43232687 1.43303853
 1.78578792 0.0590299  1.94035914 1.92295543 1.93815531 2.96487203
 2.14200164 1.12942738]
(6_w,12)-aCMA-ES (mu_w=3.7,w_1=40%) in dimension 20 (seed=313285, Mon Mar 17 13:16:30 2025)
Iterat #Fevals   function value  axis ratio  sigma  min&max std  t[m:s]
    1     12 -1.141185650935410e-03 1.0e+00 1.46e+00  1e+00  1e+00 0:22.3
    2     24 -2.724791236190689e-03 1.1e+00 1.45e+00  1e+00  1e+00 0:44.4
    3     36 2.992775877023195e-02 1.2e+00 1.39e+00  1e+00  1e+00 1:06.3
    4     48 2.744650151653841e-03 1.2e+00 1.35e+00  1e+00  1e+00 1:27.9
    5     60 -2.104041539521751e-03 1.2e+00 1.33e+00  1e+00  1e+00 1:49.5
    6     72 3.265038386198405e-02 1.2e+00 1.29e+00  1e+00  1e+00 2:11.2
    7     84 -1.341096412735333e-02 1.2e+00 1.23e+00  1e+00  1e+00 2:32.8
    8     96 5.819621044834372e-03 1.3e+00 1.20e+00  1e+00  1e+00 2:54.5
    9    108 -1.048910257017406e-02 1.3e+00 1.23e+00  1e+00  1e+00 3:16.1
   10    120 -2.587379626153605e-03 1.3e+00 1.22e+00  1e+00  1e+00 3:37.7
   11    132 2.015771361522816e-02 1.3e+00 1.23e+00  1e+00  1e+00 3:59.4
   12    144 -2.572441363809654e-03 1.4e+00 1.24e+00  1e+00  1e+00 4:21.0
   13    156 -1.155840111437771e-02 1.4e+00 1.28e+00  1e+00  1e+00 4:42.7
   14    168 -3.599364066625927e-03 1.4e+00 1.32e+00  1e+00  1e+00 5:04.3
   15    180 -9.075120107547175e-03 1.4e+00 1.35e+00  1e+00  1e+00 5:25.9
   16    192 -6.052394942112569e-03 1.5e+00 1.38e+00  1e+00  2e+00 5:47.5
   17    204 4.656380588384379e-03 1.5e+00 1.36e+00  1e+00  1e+00 6:09.1
   18    216 -3.731761762883921e-03 1.5e+00 1.38e+00  1e+00  2e+00 6:30.7
   19    228 -9.070197209436217e-04 1.6e+00 1.41e+00  1e+00  2e+00 6:52.4
   20    240 -2.654779404297101e-03 1.6e+00 1.39e+00  1e+00  2e+00 7:13.9
   21    252 1.591656487944024e-03 1.6e+00 1.39e+00  1e+00  2e+00 7:35.5
   22    264 4.311110861552821e-03 1.6e+00 1.39e+00  1e+00  2e+00 7:57.2
   24    288 -3.265468737619599e-03 1.7e+00 1.42e+00  1e+00  2e+00 8:40.3
   26    312 -6.526689153820305e-03 1.7e+00 1.47e+00  1e+00  2e+00 9:23.6
   28    336 4.314636166227145e-02 1.7e+00 1.48e+00  1e+00  2e+00 10:06.9
   30    360 -2.273934542199727e-03 1.8e+00 1.50e+00  1e+00  2e+00 10:50.2
   32    384 6.422797959459180e-03 1.8e+00 1.63e+00  2e+00  2e+00 11:33.2
   34    408 6.037375994726488e-02 1.8e+00 1.68e+00  2e+00  2e+00 12:16.3
   36    432 -1.224740365400341e-02 1.8e+00 1.76e+00  2e+00  2e+00 12:59.4
   38    456 -9.454907035292161e-04 1.9e+00 1.64e+00  2e+00  2e+00 13:42.5
   40    480 4.374114060830948e-03 1.9e+00 1.58e+00  1e+00  2e+00 14:25.7
   42    504 -1.074648848398113e-02 1.9e+00 1.62e+00  1e+00  2e+00 15:08.7
   44    528 1.995999516299055e-02 1.9e+00 1.64e+00  1e+00  2e+00 15:51.8
   46    552 2.982250889843604e-02 1.9e+00 1.66e+00  2e+00  2e+00 16:34.9
   48    576 8.473866032007902e-03 1.9e+00 1.64e+00  1e+00  2e+00 17:18.1
   50    600 5.273368289200004e-03 2.0e+00 1.58e+00  1e+00  2e+00 18:01.4
   52    624 1.815973421859345e-02 2.0e+00 1.62e+00  1e+00  2e+00 18:41.3
   54    648 1.414878262091686e-02 2.1e+00 1.70e+00  1e+00  2e+00 19:20.5
   56    672 1.271302494912657e-02 2.1e+00 1.76e+00  2e+00  2e+00 19:59.5
   58    696 5.637679189388280e-02 2.1e+00 1.80e+00  2e+00  2e+00 20:38.7
   61    732 4.385201991733499e-03 2.1e+00 1.98e+00  2e+00  2e+00 21:37.4
   64    768 1.440829851352336e-02 2.1e+00 2.00e+00  2e+00  2e+00 22:36.1
   67    804 2.793843967756920e-02 2.1e+00 1.79e+00  2e+00  2e+00 23:36.1
   70    840 9.665317703999449e-02 2.2e+00 1.72e+00  2e+00  2e+00 24:35.2
   73    876 7.644023569949808e-02 2.2e+00 1.70e+00  2e+00  2e+00 25:33.8
   76    912 5.795634213020237e-02 2.2e+00 1.80e+00  2e+00  2e+00 26:32.6
   79    948 7.579291269426459e-02 2.2e+00 1.84e+00  2e+00  2e+00 27:32.1
   81    972 1.355338802481960e-02 2.2e+00 1.86e+00  2e+00  2e+00 28:19.9
   84   1008 4.481558580279986e-02 2.2e+00 1.96e+00  2e+00  2e+00 29:31.6
   87   1044 2.076678259758644e-02 2.1e+00 1.91e+00  2e+00  2e+00 30:42.2
   90   1080 2.190366700224711e-02 2.2e+00 1.78e+00  2e+00  2e+00 31:50.4
   93   1116 6.193861730956349e-03 2.2e+00 1.61e+00  1e+00  2e+00 33:01.9
   96   1152 6.038126631508359e-02 2.3e+00 1.55e+00  1e+00  2e+00 34:10.4
   99   1188 4.621962634110322e-02 2.3e+00 1.52e+00  1e+00  2e+00 35:21.9
  100   1200 6.773606615856116e-02 2.3e+00 1.50e+00  1e+00  2e+00 35:45.8
  103   1236 8.532280552499007e-02 2.3e+00 1.62e+00  1e+00  2e+00 36:57.5
  106   1272 1.083061571216892e-01 2.4e+00 1.56e+00  1e+00  2e+00 37:59.2
  109   1308 8.128243015345389e-02 2.3e+00 1.56e+00  1e+00  2e+00 38:58.1
  112   1344 -1.204871819880902e-04 2.4e+00 1.54e+00  1e+00  2e+00 39:56.8
  115   1380 2.084280675620657e-02 2.4e+00 1.70e+00  1e+00  2e+00 41:07.4
  118   1416 9.731325912227285e-04 2.5e+00 1.81e+00  2e+00  2e+00 42:19.7
  121   1452 9.526112330849027e-03 2.7e+00 1.81e+00  2e+00  2e+00 43:29.9
  124   1488 4.262954415754207e-02 2.8e+00 1.64e+00  1e+00  2e+00 44:41.5
  127   1524 1.918492554908156e-02 2.9e+00 1.41e+00  1e+00  2e+00 45:50.4
  130   1560 1.126636376368573e-02 2.9e+00 1.35e+00  1e+00  2e+00 46:58.3
  133   1596 -3.352788287642940e-03 2.9e+00 1.23e+00  1e+00  1e+00 48:11.3
  136   1632 1.893390793299009e-02 2.9e+00 1.21e+00  1e+00  1e+00 49:21.5
  139   1668 -3.740930678829210e-03 2.9e+00 1.17e+00  1e+00  1e+00 50:29.6
  142   1704 4.801185049258143e-02 3.0e+00 1.12e+00  9e-01  1e+00 51:41.0
  146   1752 6.145170537864829e-02 3.1e+00 9.60e-01  8e-01  1e+00 53:08.6
  150   1800 3.121985422986315e-03 3.0e+00 8.44e-01  7e-01  1e+00 54:24.3
  154   1848 5.033134422743258e-03 3.1e+00 7.42e-01  6e-01  9e-01 55:41.5
  158   1896 7.269918516867204e-03 3.1e+00 8.60e-01  7e-01  1e+00 56:58.1
  162   1944 -4.784566674988945e-03 3.2e+00 9.43e-01  8e-01  1e+00 58:14.3
  166   1992 6.650787295847264e-02 3.2e+00 9.45e-01  7e-01  1e+00 59:31.8
  170   2040 3.232056139861211e-03 3.3e+00 8.36e-01  7e-01  1e+00 60:48.1
  174   2088 2.411010271166358e-02 3.3e+00 8.84e-01  7e-01  1e+00 62:15.6
  178   2136 4.715080565616101e-02 3.4e+00 1.02e+00  8e-01  1e+00 63:49.1
  182   2184 1.008047928575298e-02 3.3e+00 1.13e+00  9e-01  1e+00 65:22.7
  186   2232 1.759923764981448e-02 3.3e+00 1.05e+00  8e-01  1e+00 66:55.8
  190   2280 5.611525750702382e-02 3.4e+00 1.02e+00  8e-01  1e+00 68:29.2
  194   2328 4.651360603273033e-03 3.7e+00 9.22e-01  7e-01  1e+00 70:02.2
  198   2376 -6.144926836975205e-03 3.7e+00 8.34e-01  7e-01  1e+00 71:35.2
  200   2400 -1.044463793521573e-02 3.6e+00 8.39e-01  7e-01  1e+00 72:21.3
  204   2448 1.087287714361362e-02 3.7e+00 8.06e-01  7e-01  9e-01 73:52.5
  208   2496 3.834503452713520e-02 3.8e+00 7.35e-01  6e-01  8e-01 75:23.5
  212   2544 1.197855466166013e-02 3.8e+00 7.35e-01  6e-01  8e-01 76:54.7
  216   2592 4.861239571107152e-02 3.9e+00 8.51e-01  7e-01  1e+00 78:25.7
  220   2640 -9.227145224402572e-03 3.9e+00 8.71e-01  7e-01  1e+00 79:56.7
  224   2688 -7.791715103340172e-03 4.0e+00 8.59e-01  7e-01  1e+00 81:28.0
  228   2736 -9.244624742539185e-03 4.1e+00 8.05e-01  6e-01  1e+00 82:59.2
  233   2796 -4.152736079101103e-03 4.0e+00 7.62e-01  6e-01  9e-01 84:52.8
  238   2856 9.075431757327770e-03 4.1e+00 7.66e-01  6e-01  9e-01 86:46.5
  243   2916 -1.687007851419568e-03 4.4e+00 8.23e-01  6e-01  1e+00 88:40.2
  248   2976 -1.127976777399531e-02 4.5e+00 9.04e-01  7e-01  1e+00 90:34.0
  253   3036 -6.600994187516550e-03 4.5e+00 9.46e-01  7e-01  1e+00 92:27.7
  258   3096 -1.021786847667440e-02 4.5e+00 1.10e+00  8e-01  1e+00 94:21.3
  263   3156 1.639306062820158e-02 4.5e+00 9.38e-01  7e-01  1e+00 96:15.0
  268   3216 -8.404369548290090e-03 4.6e+00 8.98e-01  6e-01  1e+00 98:09.0
  273   3276 3.081084578908840e-02 4.8e+00 9.73e-01  7e-01  1e+00 100:02.8
  278   3336 -1.269167763374578e-02 4.8e+00 1.05e+00  7e-01  1e+00 101:56.6
  283   3396 -7.296936021861448e-03 4.8e+00 1.17e+00  8e-01  1e+00 103:50.5
  288   3456 -5.221329369767204e-03 4.8e+00 9.84e-01  7e-01  1e+00 105:44.5
  293   3516 1.117800975683958e-02 4.8e+00 1.04e+00  7e-01  1e+00 107:38.1
  298   3576 2.896228556871151e-02 4.8e+00 1.12e+00  7e-01  1e+00 109:31.6
  300   3600 -5.281954418740183e-03 4.8e+00 1.04e+00  7e-01  1e+00 110:17.2
  305   3660 -1.064457509189255e-02 4.8e+00 9.32e-01  6e-01  1e+00 112:11.0
  310   3720 -6.457369371751967e-03 4.8e+00 8.84e-01  6e-01  1e+00 114:04.7
  315   3780 -6.349364474982344e-03 4.9e+00 8.66e-01  6e-01  1e+00 115:59.2
  320   3840 8.505304385145502e-03 4.9e+00 8.04e-01  5e-01  9e-01 117:52.9
  325   3900 3.486640233615527e-02 4.9e+00 9.01e-01  6e-01  1e+00 119:46.6
  330   3960 4.481362961190735e-02 5.0e+00 8.63e-01  5e-01  1e+00 121:40.5
  335   4020 5.753762570277679e-03 5.0e+00 8.58e-01  5e-01  1e+00 123:34.1
  340   4080 -3.350716961483669e-03 5.1e+00 9.22e-01  5e-01  1e+00 125:27.9
  346   4152 1.982385652184439e-03 5.4e+00 1.01e+00  6e-01  1e+00 127:44.5
  352   4224 1.356628303939765e-03 5.5e+00 1.09e+00  6e-01  1e+00 130:01.5
  358   4296 -1.058406726222367e-02 5.6e+00 9.73e-01  5e-01  1e+00 132:18.0
  364   4368 -1.473846942403218e-03 5.9e+00 1.09e+00  6e-01  1e+00 134:34.8
  370   4440 4.565645837961011e-03 6.1e+00 1.18e+00  6e-01  1e+00 136:51.7
  376   4512 4.171236607256140e-03 6.1e+00 1.18e+00  6e-01  1e+00 139:08.1
  382   4584 3.945533884754629e-02 6.3e+00 1.31e+00  7e-01  2e+00 141:24.8
  388   4656 7.954039695535862e-02 6.6e+00 1.49e+00  8e-01  2e+00 143:41.2
  394   4728 4.745182341541391e-02 6.8e+00 1.49e+00  8e-01  2e+00 145:57.6
  400   4800 4.901799269350467e-02 6.8e+00 1.49e+00  8e-01  2e+00 148:14.3
  406   4872 5.688276414644123e-02 7.1e+00 1.74e+00  9e-01  2e+00 150:30.9
  412   4944 5.439395926802310e-02 7.1e+00 1.90e+00  1e+00  2e+00 152:47.5
  418   5016 7.630648745199110e-02 7.5e+00 1.97e+00  1e+00  2e+00 155:04.0
  424   5088 3.159898013461820e-02 7.4e+00 2.25e+00  1e+00  3e+00 157:20.5
  430   5160 2.741912903311556e-02 7.4e+00 2.44e+00  1e+00  3e+00 159:37.0
  436   5232 1.694919716100975e-02 7.5e+00 2.30e+00  1e+00  3e+00 161:53.2
  442   5304 4.312859945392131e-02 7.6e+00 2.36e+00  1e+00  3e+00 164:09.5
  448   5376 6.437068017864597e-02 7.7e+00 2.31e+00  1e+00  3e+00 166:26.0
  454   5448 -2.113516264438376e-03 7.9e+00 2.36e+00  1e+00  3e+00 168:42.1
  460   5520 8.184165501325234e-02 8.2e+00 2.61e+00  1e+00  3e+00 170:58.6
  466   5592 6.940729412878836e-02 7.8e+00 2.81e+00  1e+00  4e+00 173:15.2
  472   5664 9.811396475492680e-02 8.1e+00 2.47e+00  1e+00  3e+00 175:31.6
  478   5736 6.673122880097207e-02 8.0e+00 2.03e+00  1e+00  3e+00 177:48.1
  485   5820 4.613641090755977e-02 7.8e+00 1.56e+00  8e-01  2e+00 180:27.4
  492   5904 1.533736374224833e-01 7.8e+00 1.49e+00  8e-01  2e+00 183:06.8
  499   5988 6.116532072710854e-02 8.1e+00 1.71e+00  9e-01  2e+00 185:46.0
  500   6000 1.167562852310312e-01 8.1e+00 1.73e+00  9e-01  2e+00 186:08.6
  507   6084 9.991930756154276e-03 8.4e+00 1.64e+00  9e-01  2e+00 188:48.1
  514   6168 5.826149566698528e-02 8.6e+00 1.45e+00  8e-01  2e+00 191:27.5
  521   6252 1.110489013120251e-02 8.8e+00 1.33e+00  7e-01  2e+00 194:07.5
  528   6336 2.141032613491838e-02 8.8e+00 1.38e+00  7e-01  2e+00 196:47.0
  535   6420 3.880677287243611e-02 9.2e+00 1.29e+00  6e-01  2e+00 199:26.2
  542   6504 6.746324405552893e-02 9.6e+00 1.16e+00  6e-01  1e+00 202:05.5
  549   6588 7.049692035848300e-02 9.8e+00 1.24e+00  6e-01  2e+00 204:45.0
  556   6672 8.769043697171558e-02 1.0e+01 1.02e+00  5e-01  1e+00 207:24.4
  563   6756 9.862953504124700e-02 1.0e+01 9.62e-01  5e-01  1e+00 210:03.6
  570   6840 4.705192640094163e-02 1.1e+01 1.08e+00  6e-01  1e+00 212:43.0
  577   6924 6.471569228111000e-02 1.2e+01 8.39e-01  5e-01  1e+00 215:22.2
  584   7008 3.687045156771735e-03 1.2e+01 7.77e-01  4e-01  1e+00 218:01.7
  591   7092 1.410475465051029e-02 1.1e+01 7.66e-01  4e-01  1e+00 220:41.3
  598   7176 2.045019984063395e-02 1.1e+01 7.18e-01  4e-01  9e-01 223:20.7
  600   7200 8.601155432006281e-03 1.1e+01 6.74e-01  4e-01  8e-01 224:06.2
  607   7284 4.100783365491458e-02 1.1e+01 7.82e-01  4e-01  1e+00 226:45.7
  614   7368 5.750076127642765e-02 1.1e+01 8.33e-01  4e-01  1e+00 229:25.0
  621   7452 5.598598301826593e-02 1.2e+01 8.53e-01  4e-01  1e+00 232:05.4
  628   7536 9.267140022975209e-02 1.2e+01 8.94e-01  5e-01  1e+00 234:45.1
  636   7632 2.645033443069640e-02 1.2e+01 9.68e-01  5e-01  1e+00 237:47.2
  644   7728 2.119935013406280e-02 1.2e+01 7.94e-01  4e-01  1e+00 240:49.3
  652   7824 3.036587030296431e-02 1.2e+01 7.45e-01  4e-01  1e+00 243:51.2
  660   7920 3.547265752476082e-02 1.2e+01 7.40e-01  4e-01  1e+00 246:53.2
  668   8016 2.098751372599714e-02 1.2e+01 7.72e-01  4e-01  1e+00 249:55.2
  676   8112 3.941962531912616e-02 1.3e+01 9.37e-01  5e-01  1e+00 252:57.2
  684   8208 9.139161268935080e-02 1.3e+01 8.29e-01  4e-01  1e+00 255:59.4
  692   8304 4.782013168195789e-02 1.3e+01 6.63e-01  3e-01  9e-01 259:01.4
  700   8400 2.347843638554013e-02 1.3e+01 8.02e-01  4e-01  1e+00 262:03.4
  708   8496 5.598765619497567e-02 1.3e+01 8.93e-01  4e-01  1e+00 265:05.7
  716   8592 3.953780665638013e-02 1.3e+01 1.22e+00  6e-01  2e+00 268:07.8
  724   8688 4.146030493339115e-02 1.2e+01 1.41e+00  7e-01  2e+00 271:10.0
  732   8784 2.340862544089982e-02 1.2e+01 1.31e+00  6e-01  2e+00 274:12.0
  740   8880 -3.088207459907339e-03 1.3e+01 1.18e+00  5e-01  2e+00 277:14.1
  748   8976 6.408954858459613e-02 1.4e+01 1.03e+00  4e-01  1e+00 280:17.7
  756   9072 3.735206794193491e-02 1.3e+01 1.05e+00  5e-01  1e+00 283:24.9
  764   9168 6.718502041689879e-02 1.4e+01 1.03e+00  4e-01  1e+00 286:29.4
  772   9264 2.882636015232272e-02 1.5e+01 1.18e+00  5e-01  2e+00 289:35.4
  780   9360 3.842087893613488e-02 1.6e+01 1.29e+00  5e-01  2e+00 292:42.9
  785   9420 2.635903664695952e-02 1.6e+01 1.05e+00  4e-01  1e+00 294:38.9
Budget constraint satisfied 0.0 240.88999938964844 Difference:  240.88999938964844
Budget constraint satisfied 90.3499984741211 240.88999938964844 Difference:  150.54000091552734
two_most_probable_states: ['0000000000', '0000000010']
final_expectation_value: -0.018550065684088318
params: [6.846075903294064, 1.849078944723153, -1.2307546828918527, -4.875089679424015, -4.671463132120304, -0.7886714559053999, -0.8661856505961092, 8.044019303716846, -0.11409317722456946, -3.8496448703179835, -6.451292142649368, -8.061931485362583, 1.695120459379806, 2.128139653196653, -5.551174163330271, 0.06702007394081977, 6.613171192980421, 1.5550869345976823, 1.8356130999544857, -0.6146947701191167]
total_steps: 785
states_probs: [0.04841131696477044, 0.05007583626373992]
optimized_portfolios: [{'CVX': 0, 'DIS': 0, 'IBM': 0, 'JNJ': 0, 'JPM': 0, 'PG': 0, 'TRV': 0, 'WMT': 0}, {'CVX': 0, 'DIS': 0, 'IBM': 0, 'JNJ': 0, 'JPM': 0, 'PG': 0, 'TRV': 0, 'WMT': 1}]
objective_values: [-0.0, -3.2278678681021873]
result_with_budget: [{'portfolio': {'CVX': 0, 'DIS': 0, 'IBM': 0, 'JNJ': 0, 'JPM': 0, 'PG': 0, 'TRV': 0, 'WMT': 0}, 'budget': 0.0, 'difference': 240.88999938964844}, {'portfolio': {'CVX': 0, 'DIS': 0, 'IBM': 0, 'JNJ': 0, 'JPM': 0, 'PG': 0, 'TRV': 0, 'WMT': 1}, 'budget': 90.3499984741211, 'difference': 150.54000091552734}]
Processing experiment 397
Budget: 476.03497314453125
Expected returns: 0.2741397979062416
Covariance matrix: 0.38601153500365903
3rd-order coskewness tensor: -0.003054493623258027
4th-order cokurtosis tensor: 5.303619438029909
Number of qubits for asset AAPL: 1
Number of qubits for asset AMGN: 1
Number of qubits for asset CAT: 1
Number of qubits for asset HON: 2
Number of qubits for asset JPM: 1
Number of qubits for asset MCD: 1
Number of qubits for asset MSFT: 1
Number of qubits for asset WMT: 3
Total number of qubits:  11
Optimized Weights (considering variance, skewness and kurtosis):
AAPL: 16.91%
AMGN: 19.54%
CAT: 30.11%
HON: 0.00%
JPM: 0.00%
MCD: 6.44%
MSFT: 0.65%
WMT: 26.36%
Left over budget:  24.250000494623066
Optimized Discrete Allocation:
CAT: 1
WMT: 1
Maximized utility from continuous higher moments:  -4.6151046706586065
Budget constraint satisfied 474.8324737548828 476.03497314453125 Difference:  1.2024993896484375
Budget constraint not satisfied 483.2386779785156 476.03497314453125 Difference:  -7.203704833984375
smallest_eigenvalues: [-0.03323002701912683]
smallest_bitstrings: ['10010000000']
first_excited_energy: -0.0332235038875271
optimized_portfolio: [{'AAPL': 1, 'AMGN': 0, 'CAT': 0, 'HON': 1, 'JPM': 0, 'MCD': 0, 'MSFT': 0, 'WMT': 0}]
second_optimized_portfolio: [{'AAPL': 0, 'AMGN': 1, 'CAT': 0, 'HON': 1, 'JPM': 0, 'MCD': 0, 'MSFT': 0, 'WMT': 0}]
result_with_budget: [{'portfolio': {'AAPL': 1, 'AMGN': 0, 'CAT': 0, 'HON': 1, 'JPM': 0, 'MCD': 0, 'MSFT': 0, 'WMT': 0}, 'budget': 474.8324737548828, 'difference': 1.2024993896484375, 'objective_value': -12.734112968615987}]
result_with_budget_excited: [{'portfolio': {'AAPL': 0, 'AMGN': 1, 'CAT': 0, 'HON': 1, 'JPM': 0, 'MCD': 0, 'MSFT': 0, 'WMT': 0}, 'budget': 483.2386779785156, 'difference': -7.203704833984375, 'objective_value': -10.350016505739008}]
Initial params:  [0.83328961 1.00079917 0.24563304 2.25857874 1.1342201  0.25682366
 2.03791461 0.23262868 1.8608084  0.45133648 0.2288001  3.11499654
 1.63879322 1.02027461 2.42498205 2.19197433 2.87954565 1.27367473
 1.86663884 1.88291389]
(6_w,12)-aCMA-ES (mu_w=3.7,w_1=40%) in dimension 20 (seed=334031, Mon Mar 17 18:13:24 2025)
Iterat #Fevals   function value  axis ratio  sigma  min&max std  t[m:s]
    1     12 1.279253469298002e-02 1.0e+00 1.44e+00  1e+00  1e+00 0:36.7
    2     24 -1.369000743283532e-03 1.1e+00 1.39e+00  1e+00  1e+00 1:13.5
    3     36 -1.059415108609053e-02 1.1e+00 1.36e+00  1e+00  1e+00 1:50.4
    4     48 1.983856521603223e-02 1.2e+00 1.36e+00  1e+00  1e+00 2:27.1
    5     60 -1.183875095027764e-02 1.2e+00 1.36e+00  1e+00  1e+00 3:03.7
    6     72 -1.347594510132497e-02 1.2e+00 1.34e+00  1e+00  1e+00 3:39.8
    7     84 -1.022747180808549e-02 1.3e+00 1.34e+00  1e+00  1e+00 4:16.2
    8     96 1.343444838918018e-02 1.3e+00 1.33e+00  1e+00  1e+00 4:52.3
    9    108 -7.080676160717281e-03 1.3e+00 1.34e+00  1e+00  1e+00 5:28.7
   10    120 -1.684542586130945e-02 1.3e+00 1.34e+00  1e+00  1e+00 6:05.6
   11    132 -4.027581561461278e-03 1.3e+00 1.36e+00  1e+00  1e+00 6:42.7
   12    144 -2.127003010422344e-02 1.3e+00 1.35e+00  1e+00  1e+00 7:19.6
   13    156 -1.324569185556883e-02 1.4e+00 1.29e+00  1e+00  1e+00 7:56.9
   14    168 -1.226221887366147e-02 1.4e+00 1.27e+00  1e+00  1e+00 8:33.8
   15    180 -1.930061778867971e-02 1.4e+00 1.23e+00  1e+00  1e+00 9:09.2
   16    192 -1.057309698994562e-02 1.4e+00 1.19e+00  1e+00  1e+00 9:44.7
   17    204 -1.520828602461344e-02 1.4e+00 1.16e+00  1e+00  1e+00 10:20.3
   18    216 -5.700285952555207e-03 1.4e+00 1.11e+00  1e+00  1e+00 10:55.9
   19    228 -1.318409022726022e-02 1.4e+00 1.11e+00  1e+00  1e+00 11:31.5
   20    240 -1.067431905144254e-02 1.4e+00 1.12e+00  1e+00  1e+00 12:07.2
   21    252 4.308274648393021e-02 1.5e+00 1.09e+00  1e+00  1e+00 12:42.8
   22    264 2.096875033187642e-02 1.5e+00 1.10e+00  1e+00  1e+00 13:18.5
   23    276 -1.351844717895858e-02 1.5e+00 1.07e+00  1e+00  1e+00 13:54.3
   24    288 -2.310762300863399e-02 1.5e+00 1.04e+00  1e+00  1e+00 14:30.0
   25    300 -1.368588592867337e-02 1.5e+00 1.02e+00  9e-01  1e+00 15:05.5
   26    312 -3.951977422639192e-03 1.5e+00 1.01e+00  9e-01  1e+00 15:41.2
   27    324 -1.141726524775427e-02 1.5e+00 1.01e+00  9e-01  1e+00 16:17.1
   28    336 -7.477717334150097e-03 1.6e+00 1.01e+00  9e-01  1e+00 16:53.1
   29    348 4.553947304113434e-02 1.6e+00 1.02e+00  9e-01  1e+00 17:29.0
   30    360 -1.079539035926722e-02 1.6e+00 1.01e+00  9e-01  1e+00 18:04.5
   31    372 -8.539494294388487e-03 1.6e+00 9.85e-01  9e-01  1e+00 18:40.0
   32    384 -5.641666447901003e-03 1.6e+00 9.67e-01  9e-01  1e+00 19:15.2
   33    396 -1.321946717621939e-02 1.6e+00 9.42e-01  9e-01  1e+00 19:50.6
   34    408 -2.029660903185905e-03 1.6e+00 9.34e-01  9e-01  1e+00 20:25.9
   35    420 -1.190820639889288e-02 1.6e+00 9.12e-01  8e-01  9e-01 21:01.4
   36    432 -1.173470794705539e-02 1.6e+00 8.94e-01  8e-01  9e-01 21:36.9
   38    456 -1.484996708751152e-02 1.7e+00 8.18e-01  8e-01  9e-01 22:47.7
   40    480 1.904667405303452e-03 1.7e+00 7.78e-01  7e-01  8e-01 23:58.3
   42    504 2.670483904243010e-02 1.7e+00 8.15e-01  8e-01  9e-01 25:09.4
   44    528 -4.173945563705227e-03 1.8e+00 7.87e-01  7e-01  8e-01 26:20.3
   46    552 -7.022787785405668e-03 1.8e+00 7.40e-01  7e-01  8e-01 27:31.2
   48    576 3.328738509724928e-03 1.8e+00 7.20e-01  7e-01  8e-01 28:42.4
   50    600 -1.767670883239773e-02 1.9e+00 7.06e-01  6e-01  8e-01 29:53.9
   52    624 -1.620491297442654e-02 1.9e+00 6.68e-01  6e-01  7e-01 31:05.4
   54    648 1.331446143007091e-03 1.9e+00 6.52e-01  6e-01  7e-01 32:16.3
   56    672 -1.329234699724608e-02 2.0e+00 6.40e-01  6e-01  7e-01 33:27.2
   58    696 -1.638065641401135e-03 2.0e+00 5.91e-01  5e-01  6e-01 34:38.1
   60    720 -5.553690759870087e-04 2.0e+00 5.55e-01  5e-01  6e-01 35:49.1
   62    744 2.758246570705705e-02 2.1e+00 5.46e-01  5e-01  6e-01 37:00.1
   64    768 2.916063658666007e-02 2.0e+00 6.13e-01  5e-01  7e-01 38:10.8
   66    792 -1.405362201840082e-02 2.1e+00 6.34e-01  6e-01  7e-01 39:21.6
   68    816 -1.595666164785174e-02 2.1e+00 5.73e-01  5e-01  6e-01 40:32.5
   70    840 -1.262683359819672e-02 2.1e+00 4.97e-01  4e-01  5e-01 41:43.9
   72    864 -6.240137714694993e-03 2.1e+00 4.87e-01  4e-01  5e-01 42:55.3
   74    888 -1.758713949701134e-02 2.2e+00 4.94e-01  4e-01  5e-01 44:05.9
   76    912 -5.246819505527061e-03 2.1e+00 4.88e-01  4e-01  5e-01 45:17.3
   78    936 4.743959355120114e-02 2.1e+00 4.91e-01  4e-01  5e-01 46:28.6
   80    960 -1.870394704192722e-02 2.2e+00 4.90e-01  4e-01  5e-01 47:39.9
   82    984 -1.867991912898572e-02 2.2e+00 4.88e-01  4e-01  5e-01 48:51.1
   84   1008 -1.760368581478460e-02 2.2e+00 4.78e-01  4e-01  5e-01 50:02.2
   86   1032 -1.229000254625299e-02 2.3e+00 4.69e-01  4e-01  5e-01 51:13.1
   88   1056 -6.745201989078587e-03 2.3e+00 4.59e-01  4e-01  5e-01 52:24.0
   90   1080 -4.690639734915328e-03 2.4e+00 4.44e-01  4e-01  5e-01 53:35.2
   92   1104 -7.733931379168723e-03 2.5e+00 4.50e-01  4e-01  5e-01 54:46.1
   94   1128 -1.382517913135453e-02 2.5e+00 4.49e-01  4e-01  5e-01 55:56.7
   96   1152 1.695131416907975e-02 2.5e+00 4.53e-01  4e-01  5e-01 57:07.6
   98   1176 -7.350271465648053e-03 2.6e+00 4.41e-01  4e-01  5e-01 58:18.2
  100   1200 -1.930175808087364e-02 2.5e+00 4.47e-01  4e-01  5e-01 59:29.1
  102   1224 -1.736885647960731e-02 2.5e+00 4.74e-01  4e-01  5e-01 60:40.0
  104   1248 -1.286562694166776e-02 2.5e+00 4.68e-01  4e-01  5e-01 61:50.8
  106   1272 -2.028540249373268e-02 2.6e+00 4.71e-01  4e-01  5e-01 63:01.6
  108   1296 -2.079698657860892e-02 2.6e+00 4.82e-01  4e-01  5e-01 64:12.8
  111   1332 -1.645161776676933e-02 2.6e+00 4.61e-01  4e-01  5e-01 66:00.2
  114   1368 -1.831943428644969e-02 2.6e+00 4.28e-01  4e-01  5e-01 67:47.1
  117   1404 -7.757604354757431e-03 2.5e+00 4.22e-01  4e-01  5e-01 69:33.8
  120   1440 -4.053714156324928e-04 2.6e+00 4.29e-01  4e-01  5e-01 71:20.0
  123   1476 -1.011825897053281e-02 2.5e+00 3.66e-01  3e-01  4e-01 73:06.3
  126   1512 -1.446817838709828e-02 2.5e+00 3.35e-01  3e-01  4e-01 74:53.1
  129   1548 -2.096272103649488e-02 2.5e+00 3.09e-01  3e-01  3e-01 76:40.0
  132   1584 -2.238132894110227e-02 2.5e+00 2.94e-01  2e-01  3e-01 78:26.8
  135   1620 -2.132243077946799e-02 2.5e+00 2.93e-01  2e-01  3e-01 80:12.8
  138   1656 -2.047822337584250e-02 2.6e+00 2.79e-01  2e-01  3e-01 82:00.1
  141   1692 -2.175163199335417e-02 2.6e+00 2.69e-01  2e-01  3e-01 83:47.0
  144   1728 -2.061656623684658e-02 2.6e+00 2.61e-01  2e-01  3e-01 85:33.3
  147   1764 -1.204495865542838e-02 2.6e+00 2.54e-01  2e-01  3e-01 87:19.7
  150   1800 -1.583321084814190e-02 2.8e+00 2.39e-01  2e-01  3e-01 89:05.8
  153   1836 -1.910115487930128e-02 2.9e+00 2.27e-01  2e-01  2e-01 90:51.6
  156   1872 -2.162109800850567e-02 2.9e+00 2.35e-01  2e-01  3e-01 92:37.7
  159   1908 -2.278098222748274e-02 3.0e+00 2.36e-01  2e-01  3e-01 94:23.9
  162   1944 -2.189701612871126e-02 3.1e+00 2.33e-01  2e-01  3e-01 96:09.9
  165   1980 -2.152833052158347e-02 3.2e+00 2.13e-01  2e-01  2e-01 97:55.8
  168   2016 -2.239008032643974e-02 3.2e+00 1.96e-01  2e-01  2e-01 99:41.9
  171   2052 -1.911694491756732e-02 3.3e+00 1.95e-01  2e-01  2e-01 101:28.9
  174   2088 -2.302764265789137e-02 3.3e+00 1.88e-01  1e-01  2e-01 103:15.5
  177   2124 -2.030451118176020e-02 3.4e+00 1.80e-01  1e-01  2e-01 105:02.5
  180   2160 -2.245173756088684e-02 3.6e+00 1.65e-01  1e-01  2e-01 106:49.5
  183   2196 -2.346118141807979e-02 3.8e+00 1.54e-01  1e-01  2e-01 108:36.4
  186   2232 -2.430433468934284e-02 3.9e+00 1.39e-01  1e-01  2e-01 110:22.6
  189   2268 -2.410653974307414e-02 4.0e+00 1.31e-01  1e-01  1e-01 112:08.9
  192   2304 -2.479971312708616e-02 4.2e+00 1.25e-01  9e-02  1e-01 113:55.0
  195   2340 -2.417121343694907e-02 4.2e+00 1.21e-01  9e-02  1e-01 115:40.9
  198   2376 -2.464664210808678e-02 4.4e+00 1.25e-01  9e-02  1e-01 117:26.9
  200   2400 -2.402557580505880e-02 4.6e+00 1.29e-01  9e-02  1e-01 118:37.6
  203   2436 -2.405107608969769e-02 4.8e+00 1.32e-01  9e-02  1e-01 120:23.7
  206   2472 -2.565954657342381e-02 5.1e+00 1.34e-01  9e-02  2e-01 122:09.6
  209   2508 -2.547198006683394e-02 5.3e+00 1.31e-01  9e-02  2e-01 123:55.7
  213   2556 -2.510264860556031e-02 5.5e+00 1.12e-01  8e-02  1e-01 126:16.9
  217   2604 -2.549246511667672e-02 5.6e+00 1.07e-01  7e-02  1e-01 128:38.7
  221   2652 -2.657170067183474e-02 6.0e+00 1.20e-01  8e-02  2e-01 131:00.1
  225   2700 -2.590909506720573e-02 6.4e+00 1.30e-01  9e-02  2e-01 133:21.3
  229   2748 -2.456295543637226e-02 6.5e+00 1.31e-01  9e-02  2e-01 135:42.9
  233   2796 -2.608430240914924e-02 6.6e+00 1.20e-01  8e-02  2e-01 138:04.3
  237   2844 -2.665483843243620e-02 6.9e+00 1.11e-01  7e-02  1e-01 140:25.7
  241   2892 -2.700277658878559e-02 7.0e+00 1.01e-01  7e-02  1e-01 142:46.7
  245   2940 -2.723149456899443e-02 7.2e+00 1.03e-01  7e-02  1e-01 145:08.4
  249   2988 -2.693848829745478e-02 7.4e+00 1.00e-01  6e-02  1e-01 147:30.0
  253   3036 -2.685327421638744e-02 7.7e+00 9.97e-02  6e-02  1e-01 149:51.4
  257   3084 -2.682353123224158e-02 8.1e+00 8.80e-02  6e-02  1e-01 152:12.9
  261   3132 -2.724362169106383e-02 8.3e+00 8.16e-02  5e-02  1e-01 154:34.1
  265   3180 -2.698597620732298e-02 9.0e+00 7.85e-02  5e-02  1e-01 156:55.9
  269   3228 -2.718992516278987e-02 9.3e+00 6.56e-02  4e-02  8e-02 159:17.6
  273   3276 -2.730493929506241e-02 1.0e+01 6.04e-02  4e-02  8e-02 161:38.9
  277   3324 -2.735726163656790e-02 1.0e+01 6.10e-02  4e-02  8e-02 164:00.2
  281   3372 -2.742959337139696e-02 1.1e+01 6.15e-02  4e-02  8e-02 166:23.8
  285   3420 -2.782498373321132e-02 1.1e+01 7.01e-02  4e-02  9e-02 168:47.9
  289   3468 -2.767679667253673e-02 1.2e+01 7.27e-02  4e-02  9e-02 171:11.9
  293   3516 -2.804099854743795e-02 1.3e+01 7.64e-02  5e-02  9e-02 173:35.9
  297   3564 -2.799330709079653e-02 1.3e+01 6.57e-02  4e-02  8e-02 175:59.5
  300   3600 -2.803580192774177e-02 1.3e+01 6.16e-02  4e-02  8e-02 177:47.3
  304   3648 -2.809323223569983e-02 1.4e+01 6.82e-02  4e-02  9e-02 180:11.0
  308   3696 -2.822967343026506e-02 1.4e+01 6.22e-02  4e-02  8e-02 182:34.9
  312   3744 -2.833037481637018e-02 1.5e+01 6.15e-02  3e-02  8e-02 184:58.4
  316   3792 -2.829378748532132e-02 1.6e+01 6.84e-02  4e-02  9e-02 187:21.4
  320   3840 -2.832492447646014e-02 1.6e+01 6.57e-02  4e-02  9e-02 189:44.7
  324   3888 -2.830602534897557e-02 1.7e+01 5.90e-02  3e-02  8e-02 192:08.3
  328   3936 -2.836216136585655e-02 1.6e+01 5.66e-02  3e-02  7e-02 194:32.0
  332   3984 -2.842772372023301e-02 1.7e+01 4.97e-02  3e-02  6e-02 196:55.5
  336   4032 -2.850009124449017e-02 1.7e+01 4.80e-02  2e-02  6e-02 199:18.7
  340   4080 -2.856765392626578e-02 1.7e+01 4.62e-02  2e-02  6e-02 201:42.0
  344   4128 -2.857783010571325e-02 1.8e+01 4.49e-02  2e-02  6e-02 204:05.5
  348   4176 -2.861364948745423e-02 1.8e+01 4.11e-02  2e-02  5e-02 206:28.8
  352   4224 -2.865187446265068e-02 1.9e+01 3.72e-02  2e-02  5e-02 208:52.4
  356   4272 -2.868461707269854e-02 1.9e+01 3.77e-02  2e-02  5e-02 211:15.5
  360   4320 -2.867281792210364e-02 2.0e+01 3.63e-02  2e-02  5e-02 213:38.9
  365   4380 -2.867423720750838e-02 2.2e+01 3.46e-02  2e-02  5e-02 216:38.4
  370   4440 -2.870652572105151e-02 2.4e+01 3.28e-02  2e-02  4e-02 219:38.1
  375   4500 -2.871908303224754e-02 2.6e+01 2.68e-02  1e-02  3e-02 222:37.3
  380   4560 -2.872557779302687e-02 2.8e+01 2.61e-02  1e-02  3e-02 225:36.4
  385   4620 -2.874729711878935e-02 2.8e+01 2.45e-02  1e-02  3e-02 228:35.6
  390   4680 -2.875680148429848e-02 2.9e+01 2.65e-02  1e-02  4e-02 231:34.9
  395   4740 -2.876004808000837e-02 3.0e+01 2.43e-02  1e-02  4e-02 234:33.5
  400   4800 -2.876031562493373e-02 3.1e+01 2.31e-02  1e-02  3e-02 237:32.5
  405   4860 -2.876992654066924e-02 3.3e+01 2.18e-02  9e-03  3e-02 240:31.8
  410   4920 -2.878549437801211e-02 3.4e+01 2.14e-02  9e-03  3e-02 243:31.3
  415   4980 -2.879245367347973e-02 3.4e+01 2.21e-02  1e-02  3e-02 246:29.9
  420   5040 -2.879501391239195e-02 3.5e+01 2.02e-02  9e-03  3e-02 249:29.0
  425   5100 -2.881047959191572e-02 4.0e+01 2.17e-02  1e-02  4e-02 252:28.6
  430   5160 -2.882800667718223e-02 4.1e+01 2.36e-02  1e-02  4e-02 255:28.2
  435   5220 -2.883223885513300e-02 4.4e+01 2.89e-02  1e-02  5e-02 258:27.4
  440   5280 -2.886348133244997e-02 4.8e+01 3.40e-02  2e-02  6e-02 261:26.6
  445   5340 -2.886693379049129e-02 5.1e+01 3.49e-02  2e-02  6e-02 264:25.8
  450   5400 -2.887223397923117e-02 5.3e+01 3.52e-02  2e-02  7e-02 267:25.3
  455   5460 -2.889283409328750e-02 5.6e+01 2.82e-02  1e-02  5e-02 270:24.6
  460   5520 -2.891947498019408e-02 5.6e+01 2.34e-02  9e-03  4e-02 273:23.9
  465   5580 -2.893086113912646e-02 5.9e+01 2.74e-02  1e-02  6e-02 276:23.6
  470   5640 -2.895055364903871e-02 6.5e+01 2.67e-02  1e-02  5e-02 279:23.4
  475   5700 -2.896325028952420e-02 7.1e+01 2.73e-02  1e-02  6e-02 282:22.2
  480   5760 -2.898182795062074e-02 8.0e+01 3.23e-02  1e-02  8e-02 285:21.2
  485   5820 -2.900016188854020e-02 8.7e+01 4.19e-02  2e-02  1e-01 288:20.7
  490   5880 -2.903935046936580e-02 9.2e+01 4.09e-02  2e-02  1e-01 291:20.2
  495   5940 -2.905260498251386e-02 9.7e+01 3.88e-02  1e-02  1e-01 294:19.1
  500   6000 -2.908724572991112e-02 1.0e+02 4.27e-02  2e-02  1e-01 297:18.1
  505   6060 -2.909196915673282e-02 1.0e+02 3.97e-02  1e-02  1e-01 300:17.8
  510   6120 -2.912106325738728e-02 1.1e+02 3.92e-02  1e-02  1e-01 303:17.4
  515   6180 -2.915654934955327e-02 1.1e+02 3.42e-02  1e-02  9e-02 306:16.4
  520   6240 -2.914990424176507e-02 1.1e+02 3.13e-02  1e-02  8e-02 309:15.4
  525   6300 -2.918225099834702e-02 1.2e+02 3.09e-02  1e-02  8e-02 312:14.6
  530   6360 -2.917645563829756e-02 1.2e+02 2.67e-02  8e-03  7e-02 315:14.1
  535   6420 -2.919056312912308e-02 1.1e+02 2.59e-02  8e-03  6e-02 318:12.7
  540   6480 -2.920593266791619e-02 1.1e+02 2.50e-02  7e-03  6e-02 321:11.7
  546   6552 -2.921260914613082e-02 1.1e+02 2.27e-02  6e-03  5e-02 324:46.8
  552   6624 -2.922466237239673e-02 1.1e+02 3.01e-02  8e-03  8e-02 328:21.7
  558   6696 -2.925445238476478e-02 1.3e+02 3.95e-02  1e-02  1e-01 331:56.4
  564   6768 -2.927697002222124e-02 1.3e+02 4.05e-02  1e-02  1e-01 335:32.0
  570   6840 -2.928050841520640e-02 1.4e+02 3.59e-02  1e-02  1e-01 339:07.6
  576   6912 -2.930726997579176e-02 1.4e+02 3.33e-02  9e-03  9e-02 342:42.6
  582   6984 -2.931690773862651e-02 1.5e+02 3.10e-02  8e-03  9e-02 346:17.8
  588   7056 -2.932243834609161e-02 1.5e+02 3.15e-02  8e-03  9e-02 349:53.4
  594   7128 -2.932487399790474e-02 1.5e+02 2.88e-02  8e-03  8e-02 353:28.9
  600   7200 -2.933303014012234e-02 1.4e+02 2.50e-02  6e-03  7e-02 357:04.2
  606   7272 -2.933254032014316e-02 1.4e+02 1.94e-02  5e-03  5e-02 360:37.7
  612   7344 -2.934297305568764e-02 1.5e+02 1.84e-02  4e-03  5e-02 364:12.2
  618   7416 -2.933907716968621e-02 1.6e+02 1.77e-02  4e-03  5e-02 367:46.4
  624   7488 -2.934745829447991e-02 1.6e+02 1.79e-02  4e-03  5e-02 371:20.5
  630   7560 -2.935020975424623e-02 1.7e+02 1.62e-02  3e-03  5e-02 374:54.8
  636   7632 -2.935490201624416e-02 1.7e+02 1.62e-02  3e-03  5e-02 378:28.1
  642   7704 -2.935767127437553e-02 1.7e+02 1.78e-02  3e-03  5e-02 382:02.2
  648   7776 -2.936207442538424e-02 1.7e+02 1.45e-02  3e-03  4e-02 385:37.1
  654   7848 -2.936645389346178e-02 1.7e+02 1.73e-02  3e-03  5e-02 389:11.3
  660   7920 -2.937509258824372e-02 1.7e+02 2.17e-02  4e-03  7e-02 392:45.3
  666   7992 -2.937769989446272e-02 1.8e+02 2.72e-02  5e-03  9e-02 396:19.3
  672   8064 -2.938944852238951e-02 1.9e+02 2.68e-02  5e-03  9e-02 399:54.2
  678   8136 -2.939144476222743e-02 2.0e+02 2.42e-02  4e-03  9e-02 403:28.5
  684   8208 -2.939786940392208e-02 2.0e+02 1.91e-02  3e-03  7e-02 407:02.7
  690   8280 -2.940192935977457e-02 2.0e+02 2.01e-02  4e-03  7e-02 410:36.8
  696   8352 -2.940060472268182e-02 2.1e+02 2.88e-02  5e-03  1e-01 414:10.4
  700   8400 -2.940338336879390e-02 2.0e+02 2.65e-02  5e-03  9e-02 416:33.3
  706   8472 -2.941028488225542e-02 2.1e+02 2.67e-02  5e-03  9e-02 420:07.5
  712   8544 -2.941451243994316e-02 2.1e+02 2.59e-02  4e-03  9e-02 423:41.1
  718   8616 -2.941659911646000e-02 2.2e+02 2.52e-02  4e-03  9e-02 427:14.7
  724   8688 -2.942088583772590e-02 2.3e+02 2.25e-02  4e-03  8e-02 430:48.6
  730   8760 -2.942308715355668e-02 2.3e+02 2.29e-02  4e-03  8e-02 434:23.0
  736   8832 -2.942627744185311e-02 2.4e+02 2.11e-02  3e-03  7e-02 437:56.5
  742   8904 -2.942966066931965e-02 2.5e+02 2.09e-02  3e-03  7e-02 441:30.3
  748   8976 -2.943448711613094e-02 2.7e+02 2.70e-02  4e-03  1e-01 445:04.6
  755   9060 -2.944060665173705e-02 2.9e+02 3.38e-02  6e-03  1e-01 449:14.0
  762   9144 -2.944338726265645e-02 3.1e+02 3.43e-02  6e-03  1e-01 453:24.9
  768   9216 -2.945560705919240e-02 3.2e+02 3.33e-02  5e-03  1e-01 457:02.9
  774   9288 -2.945790545016364e-02 3.4e+02 3.83e-02  6e-03  2e-01 460:40.9
  781   9372 -2.946693039523232e-02 3.7e+02 4.09e-02  7e-03  2e-01 464:55.8
  788   9456 -2.947165756501789e-02 3.8e+02 4.14e-02  7e-03  2e-01 469:09.4
  795   9540 -2.946921024711816e-02 3.8e+02 3.37e-02  5e-03  2e-01 473:22.0
  800   9600 -2.947555313456848e-02 3.8e+02 3.17e-02  5e-03  1e-01 476:23.9
  807   9684 -2.947985377770998e-02 3.9e+02 3.34e-02  5e-03  2e-01 480:37.8
  814   9768 -2.948207640050317e-02 3.8e+02 2.78e-02  4e-03  1e-01 484:51.8
  821   9852 -2.948775449990530e-02 3.8e+02 2.90e-02  4e-03  1e-01 489:07.9
  828   9936 -2.949696426780263e-02 3.8e+02 3.15e-02  5e-03  1e-01 493:20.8
  835  10020 -2.949842152925917e-02 3.8e+02 2.95e-02  4e-03  1e-01 497:34.8
  842  10104 -2.950383804677228e-02 3.8e+02 2.56e-02  3e-03  1e-01 501:51.4
  849  10188 -2.950864491345107e-02 3.7e+02 2.64e-02  3e-03  1e-01 506:04.9
  856  10272 -2.951305601194700e-02 3.7e+02 2.45e-02  3e-03  1e-01 510:19.5
  863  10356 -2.951699126474476e-02 3.8e+02 2.91e-02  3e-03  1e-01 514:38.0
  870  10440 -2.952253819857766e-02 3.8e+02 2.85e-02  3e-03  1e-01 518:51.0
  877  10524 -2.952566248400475e-02 3.9e+02 2.51e-02  3e-03  1e-01 523:01.3
  884  10608 -2.953305226423120e-02 3.8e+02 2.54e-02  3e-03  1e-01 527:12.3
  891  10692 -2.953846364966288e-02 3.8e+02 3.59e-02  4e-03  1e-01 531:24.1
  898  10776 -2.954574005617196e-02 3.9e+02 4.48e-02  5e-03  2e-01 535:34.7
  900  10800 -2.955615892716372e-02 3.9e+02 4.62e-02  5e-03  2e-01 536:46.6
  907  10884 -2.956562069662261e-02 3.9e+02 4.88e-02  5e-03  2e-01 540:58.3
  914  10968 -2.957289073765310e-02 3.8e+02 5.15e-02  5e-03  2e-01 545:09.0
  921  11052 -2.958033012092040e-02 3.8e+02 5.74e-02  6e-03  2e-01 549:19.6
  928  11136 -2.959151414605423e-02 3.6e+02 5.31e-02  5e-03  2e-01 553:30.4
  935  11220 -2.959900754713920e-02 3.5e+02 4.84e-02  5e-03  2e-01 557:41.6
  942  11304 -2.960961730161205e-02 3.5e+02 4.62e-02  4e-03  1e-01 561:52.8
  949  11388 -2.962761587515653e-02 3.5e+02 4.67e-02  4e-03  1e-01 566:05.0
  956  11472 -2.963431197335905e-02 3.5e+02 3.80e-02  4e-03  1e-01 570:16.2
  963  11556 -2.964076544253261e-02 3.4e+02 3.45e-02  3e-03  1e-01 574:27.4
  970  11640 -2.965279952853821e-02 3.4e+02 3.72e-02  3e-03  1e-01 578:35.5
  977  11724 -2.967378678382263e-02 3.6e+02 4.85e-02  4e-03  1e-01 582:44.7
  984  11808 -2.968090053071719e-02 3.8e+02 4.87e-02  4e-03  2e-01 586:54.2
  992  11904 -2.969011138934484e-02 4.0e+02 5.38e-02  5e-03  2e-01 591:39.2
 1000  12000 -2.968775515083256e-02 4.0e+02 5.57e-02  5e-03  2e-01 596:23.9
Budget constraint satisfied 361.4349670410156 476.03497314453125 Difference:  114.60000610351562
Budget constraint satisfied 288.22589111328125 476.03497314453125 Difference:  187.80908203125
two_most_probable_states: ['00100000000', '00000010000']
final_expectation_value: -0.029699191713375386
params: [5.104724402651133, -9.49812383929144, 14.349249257723734, 1.4489609025506474, 10.982365946788292, -3.1631985951738035, 7.848658049843798, -10.735203414512798, 9.038355881274239, 2.924116751695706, 2.025029970586662, 6.140661083033451, 1.812837769596448, -1.1243044897730603, -2.9680318943638824, 2.0245089118652024, 2.9159998466721784, 2.0438976398904036, 8.766172051823625, -0.9776685249272574]
total_steps: 1000
states_probs: [0.026505001975544198, 0.027491521557806018]
optimized_portfolios: [{'AAPL': 0, 'AMGN': 0, 'CAT': 1, 'HON': 0, 'JPM': 0, 'MCD': 0, 'MSFT': 0, 'WMT': 0}, {'AAPL': 0, 'AMGN': 0, 'CAT': 0, 'HON': 0, 'JPM': 0, 'MCD': 1, 'MSFT': 0, 'WMT': 0}]
objective_values: [-1.8999968831568024, -5.019329669158759]
result_with_budget: [{'portfolio': {'AAPL': 0, 'AMGN': 0, 'CAT': 1, 'HON': 0, 'JPM': 0, 'MCD': 0, 'MSFT': 0, 'WMT': 0}, 'budget': 361.4349670410156, 'difference': 114.60000610351562}, {'portfolio': {'AAPL': 0, 'AMGN': 0, 'CAT': 0, 'HON': 0, 'JPM': 0, 'MCD': 1, 'MSFT': 0, 'WMT': 0}, 'budget': 288.22589111328125, 'difference': 187.80908203125}]
Processing experiment 398
Budget: 254.8215560913086
Expected returns: 0.10814554171229347
Covariance matrix: 0.2968811589269412
3rd-order coskewness tensor: 0.3364511849633274
4th-order cokurtosis tensor: 6.397504806884525
Number of qubits for asset AMGN: 1
Number of qubits for asset CRM: 1
Number of qubits for asset DIS: 2
Number of qubits for asset JNJ: 1
Number of qubits for asset JPM: 1
Number of qubits for asset PG: 1
Number of qubits for asset TRV: 1
Number of qubits for asset V: 1
Total number of qubits:  9
Optimized Weights (considering variance, skewness and kurtosis):
AMGN: 22.18%
CRM: 31.41%
DIS: 15.53%
JNJ: 13.50%
JPM: 0.76%
PG: 12.56%
TRV: 4.06%
V: 0.00%
Left over budget:  -2.7647701017485815e-08
Optimized Discrete Allocation:
DIS: 1
JNJ: 1
Maximized utility from continuous higher moments:  -8.735899441271558
Budget constraint not satisfied 258.5511779785156 254.8215560913086 Difference:  -3.7296218872070312
Budget constraint satisfied 254.8215560913086 254.8215560913086 Difference:  0.0
smallest_eigenvalues: [-0.020978008875100807]
smallest_bitstrings: ['100000000']
first_excited_energy: -0.020977574973012104
optimized_portfolio: [{'AMGN': 1, 'CRM': 0, 'DIS': 0, 'JNJ': 0, 'JPM': 0, 'PG': 0, 'TRV': 0, 'V': 0}]
second_optimized_portfolio: [{'AMGN': 0, 'CRM': 0, 'DIS': 1, 'JNJ': 1, 'JPM': 0, 'PG': 0, 'TRV': 0, 'V': 0}]
result_with_budget: [{'portfolio': {'AMGN': 1, 'CRM': 0, 'DIS': 0, 'JNJ': 0, 'JPM': 0, 'PG': 0, 'TRV': 0, 'V': 0}, 'budget': 258.5511779785156, 'difference': -3.7296218872070312, 'objective_value': -2.0233169666666084}]
result_with_budget_excited: [{'portfolio': {'AMGN': 0, 'CRM': 0, 'DIS': 1, 'JNJ': 1, 'JPM': 0, 'PG': 0, 'TRV': 0, 'V': 0}, 'budget': 254.8215560913086, 'difference': 0.0, 'objective_value': -8.735899441271558}]
Initial params:  [2.81137467 1.35991454 2.97396726 0.80885262 0.25105832 0.54387415
 1.92162207 3.08738522 0.93035095 0.51674322 3.12046243 1.05518309
 2.07896183 1.60564462 2.95936572 2.4333444  2.23606663 0.27263827]
(6_w,12)-aCMA-ES (mu_w=3.7,w_1=40%) in dimension 18 (seed=443672, Tue Mar 18 04:13:04 2025)
Iterat #Fevals   function value  axis ratio  sigma  min&max std  t[m:s]
    1     12 -3.836402373780286e-04 1.0e+00 1.37e+00  1e+00  1e+00 0:13.4
    2     24 1.573938360865982e-02 1.1e+00 1.35e+00  1e+00  1e+00 0:26.8
    3     36 2.819118538793330e-02 1.1e+00 1.28e+00  1e+00  1e+00 0:40.0
    4     48 1.868295000593653e-03 1.2e+00 1.22e+00  1e+00  1e+00 0:53.2
    5     60 1.851111632991530e-02 1.2e+00 1.21e+00  1e+00  1e+00 1:06.5
    6     72 2.667101472989111e-02 1.2e+00 1.23e+00  1e+00  1e+00 1:20.0
    7     84 -1.259043412459521e-04 1.3e+00 1.25e+00  1e+00  1e+00 1:33.4
    8     96 1.685028555248809e-02 1.3e+00 1.26e+00  1e+00  1e+00 1:46.8
    9    108 6.448853130103042e-03 1.4e+00 1.23e+00  1e+00  1e+00 2:00.1
   10    120 -1.728765170069622e-03 1.4e+00 1.26e+00  1e+00  1e+00 2:13.5
   11    132 5.249222205242118e-02 1.4e+00 1.24e+00  1e+00  1e+00 2:26.8
   12    144 -4.689536355277529e-03 1.4e+00 1.26e+00  1e+00  1e+00 2:40.2
   13    156 1.752553366710886e-02 1.4e+00 1.29e+00  1e+00  1e+00 2:53.4
   14    168 -3.961431479163032e-03 1.4e+00 1.30e+00  1e+00  1e+00 3:06.8
   16    192 6.211892585880632e-03 1.5e+00 1.29e+00  1e+00  1e+00 3:33.4
   18    216 -5.130299057535496e-03 1.5e+00 1.23e+00  1e+00  1e+00 3:59.9
   20    240 -7.340761750619459e-03 1.5e+00 1.11e+00  1e+00  1e+00 4:26.3
   22    264 -2.534866223794265e-03 1.6e+00 1.07e+00  1e+00  1e+00 4:53.0
   24    288 2.476361279212707e-03 1.6e+00 9.99e-01  9e-01  1e+00 5:19.4
   26    312 -2.588848869252706e-04 1.6e+00 9.24e-01  9e-01  1e+00 5:46.0
   28    336 9.085483421863397e-03 1.6e+00 9.06e-01  8e-01  1e+00 6:12.9
   30    360 -8.223696813239189e-03 1.7e+00 8.76e-01  8e-01  9e-01 6:39.6
   32    384 -5.206704769582053e-03 1.7e+00 8.66e-01  8e-01  9e-01 7:06.2
   34    408 3.115957817119525e-02 1.7e+00 8.71e-01  8e-01  9e-01 7:32.8
   36    432 2.092369952611939e-02 1.7e+00 8.68e-01  8e-01  9e-01 7:59.5
   38    456 -5.454484668329621e-03 1.8e+00 8.33e-01  8e-01  9e-01 8:25.9
   40    480 -1.142344428686575e-03 1.8e+00 7.99e-01  7e-01  9e-01 8:52.5
   43    516 -3.654380108991681e-03 1.8e+00 7.24e-01  6e-01  8e-01 9:32.4
   46    552 -2.622985710310872e-05 1.8e+00 7.45e-01  7e-01  8e-01 10:12.4
   49    588 8.367816970445857e-03 1.8e+00 7.56e-01  7e-01  8e-01 10:52.8
   52    624 1.690781506552812e-02 1.9e+00 7.50e-01  7e-01  9e-01 11:32.8
   55    660 -5.501333560624527e-03 1.9e+00 7.71e-01  7e-01  9e-01 12:13.0
   58    696 2.119192913618778e-02 2.0e+00 7.93e-01  7e-01  9e-01 12:52.9
   61    732 1.814419252560795e-02 2.0e+00 8.14e-01  7e-01  9e-01 13:32.8
   64    768 -5.454396101464882e-03 2.2e+00 7.91e-01  6e-01  9e-01 14:12.7
   67    804 -1.104220583361255e-05 2.2e+00 8.11e-01  6e-01  1e+00 14:52.7
   70    840 8.819569658616683e-03 2.2e+00 8.79e-01  7e-01  1e+00 15:32.9
   73    876 -4.584188827002698e-03 2.2e+00 9.05e-01  7e-01  1e+00 16:13.1
   76    912 -3.425861465785872e-03 2.4e+00 9.54e-01  7e-01  1e+00 16:53.3
   79    948 -1.840581966210834e-03 2.4e+00 1.01e+00  8e-01  1e+00 17:32.9
   83    996 6.135301533645058e-02 2.5e+00 1.05e+00  8e-01  1e+00 18:26.0
   87   1044 -7.258252416984537e-04 2.5e+00 1.05e+00  8e-01  1e+00 19:19.3
   91   1092 4.416453487782399e-02 2.5e+00 9.70e-01  7e-01  1e+00 20:13.0
   95   1140 6.205513372837877e-03 2.6e+00 9.96e-01  8e-01  1e+00 21:06.7
   99   1188 1.461090432111247e-02 2.8e+00 1.14e+00  9e-01  1e+00 21:59.8
  100   1200 5.776422411614676e-02 2.8e+00 1.15e+00  9e-01  1e+00 22:13.1
  104   1248 4.254311961620721e-02 2.9e+00 9.64e-01  7e-01  1e+00 23:06.2
  108   1296 -5.892915797953293e-03 2.9e+00 7.83e-01  6e-01  1e+00 23:59.8
  112   1344 3.984011389074382e-02 3.1e+00 7.68e-01  6e-01  1e+00 24:53.2
  116   1392 5.039418908322707e-03 3.3e+00 7.02e-01  6e-01  9e-01 25:46.4
  120   1440 4.823496347813538e-02 3.4e+00 5.64e-01  4e-01  7e-01 26:39.4
  124   1488 -8.842092373161661e-04 3.4e+00 5.14e-01  4e-01  7e-01 27:32.3
  128   1536 -6.618987751640085e-03 3.4e+00 4.76e-01  4e-01  6e-01 28:25.4
  132   1584 -7.047267975608691e-03 3.4e+00 4.74e-01  4e-01  6e-01 29:18.7
  137   1644 9.628315256603872e-03 3.5e+00 4.67e-01  3e-01  6e-01 30:25.8
  142   1704 1.157183628466211e-02 3.6e+00 4.40e-01  3e-01  6e-01 31:32.3
  147   1764 -4.873635706238511e-03 3.9e+00 4.84e-01  3e-01  6e-01 32:38.5
  152   1824 -4.464821890970694e-03 4.0e+00 4.46e-01  3e-01  6e-01 33:45.1
  157   1884 -3.935777029627431e-03 4.1e+00 3.69e-01  2e-01  5e-01 34:52.0
  162   1944 -7.647917004220229e-03 4.3e+00 3.24e-01  2e-01  4e-01 35:58.8
  167   2004 -1.052046414748178e-02 4.4e+00 2.84e-01  2e-01  4e-01 37:05.1
  172   2064 -5.753959728339125e-03 4.5e+00 2.57e-01  2e-01  3e-01 38:11.7
  177   2124 -6.616556505884876e-03 4.7e+00 2.35e-01  2e-01  3e-01 39:18.6
  182   2184 -9.174871664112601e-03 4.8e+00 2.09e-01  1e-01  3e-01 40:25.2
  187   2244 -1.066880363430938e-02 4.9e+00 1.93e-01  1e-01  3e-01 41:31.4
  192   2304 -1.028700346193915e-02 5.0e+00 1.52e-01  1e-01  2e-01 42:37.8
  197   2364 -1.097667480597717e-02 5.2e+00 1.10e-01  7e-02  1e-01 43:44.7
  200   2400 -1.090813236295384e-02 5.2e+00 9.71e-02  6e-02  1e-01 44:24.8
  206   2472 -1.158368373743060e-02 5.4e+00 9.46e-02  6e-02  1e-01 45:44.8
  212   2544 -1.176022262360681e-02 5.5e+00 7.29e-02  5e-02  9e-02 47:04.4
  218   2616 -1.210223518422720e-02 5.6e+00 5.89e-02  4e-02  7e-02 48:24.9
  224   2688 -1.222902244966997e-02 5.9e+00 4.89e-02  3e-02  6e-02 49:45.0
  230   2760 -1.245208572695353e-02 6.8e+00 5.05e-02  3e-02  7e-02 51:04.9
  236   2832 -1.260548959842790e-02 7.1e+00 5.52e-02  3e-02  8e-02 52:25.2
  242   2904 -1.277977000773450e-02 7.4e+00 6.47e-02  4e-02  9e-02 53:45.5
  248   2976 -1.314376064269331e-02 8.6e+00 6.49e-02  4e-02  1e-01 55:05.2
  254   3048 -1.309406041988943e-02 9.1e+00 6.26e-02  4e-02  1e-01 56:25.3
  260   3120 -1.320373063807906e-02 1.0e+01 5.43e-02  3e-02  9e-02 57:45.8
  266   3192 -1.329206642531759e-02 1.1e+01 5.37e-02  3e-02  9e-02 59:05.9
  272   3264 -1.340271548098406e-02 1.2e+01 7.13e-02  4e-02  1e-01 60:25.4
  278   3336 -1.336805042621632e-02 1.3e+01 7.42e-02  4e-02  1e-01 61:45.7
  285   3420 -1.342430452307811e-02 1.3e+01 5.68e-02  3e-02  1e-01 63:19.0
  292   3504 -1.355841424385717e-02 1.5e+01 4.70e-02  3e-02  8e-02 64:52.2
  299   3588 -1.354789263665263e-02 1.5e+01 3.61e-02  2e-02  6e-02 66:26.1
  300   3600 -1.355737306861073e-02 1.5e+01 3.57e-02  2e-02  6e-02 66:39.4
  307   3684 -1.362982615759168e-02 1.6e+01 3.76e-02  2e-02  6e-02 68:13.0
  314   3768 -1.373312947236955e-02 1.7e+01 4.26e-02  3e-02  7e-02 69:45.8
  321   3852 -1.391289110254411e-02 2.0e+01 6.11e-02  4e-02  1e-01 71:19.5
  328   3936 -1.396164404346772e-02 2.2e+01 7.43e-02  4e-02  1e-01 72:52.8
  335   4020 -1.410504458305084e-02 2.3e+01 8.89e-02  5e-02  2e-01 74:25.4
  342   4104 -1.426261212721513e-02 2.4e+01 7.10e-02  4e-02  1e-01 75:58.6
  349   4188 -1.429013986808482e-02 2.5e+01 5.10e-02  3e-02  9e-02 77:32.5
  356   4272 -1.445590486433778e-02 2.4e+01 5.00e-02  3e-02  8e-02 79:05.5
  363   4356 -1.440012407586700e-02 2.4e+01 4.73e-02  3e-02  7e-02 80:38.8
  371   4452 -1.444595026498993e-02 2.8e+01 4.09e-02  2e-02  7e-02 82:26.1
  379   4548 -1.449636766263436e-02 2.9e+01 4.05e-02  2e-02  7e-02 84:12.3
  387   4644 -1.456553471733428e-02 3.0e+01 3.54e-02  2e-02  6e-02 85:59.2
  395   4740 -1.463156888936172e-02 3.4e+01 4.88e-02  3e-02  8e-02 87:45.7
  400   4800 -1.464590485165900e-02 3.7e+01 4.33e-02  2e-02  7e-02 88:52.0
  408   4896 -1.476351456920591e-02 3.8e+01 4.99e-02  3e-02  9e-02 90:39.3
  416   4992 -1.488932111570975e-02 4.0e+01 5.03e-02  2e-02  9e-02 92:25.8
  424   5088 -1.493018016781304e-02 4.3e+01 4.86e-02  2e-02  9e-02 94:12.4
  432   5184 -1.504331023310226e-02 4.4e+01 4.55e-02  2e-02  9e-02 95:59.4
  440   5280 -1.520400320586212e-02 4.7e+01 6.26e-02  3e-02  1e-01 97:45.7
  448   5376 -1.534684432990108e-02 4.7e+01 7.87e-02  3e-02  2e-01 99:32.5
  456   5472 -1.550754301358939e-02 5.2e+01 9.51e-02  4e-02  2e-01 101:19.0
  464   5568 -1.563858895691168e-02 5.4e+01 7.87e-02  3e-02  2e-01 103:05.4
  473   5676 -1.566429115458648e-02 5.7e+01 5.98e-02  2e-02  1e-01 105:05.5
  482   5784 -1.578792780795234e-02 5.9e+01 6.92e-02  3e-02  2e-01 107:05.0
  491   5892 -1.587145568428151e-02 6.1e+01 8.60e-02  3e-02  2e-01 109:05.6
  500   6000 -1.590123058044749e-02 6.1e+01 7.65e-02  3e-02  2e-01 111:05.4
  509   6108 -1.591721496969869e-02 5.8e+01 6.55e-02  2e-02  1e-01 113:05.6
  518   6216 -1.605788850292657e-02 6.1e+01 6.72e-02  2e-02  1e-01 115:05.8
  527   6324 -1.609680214993642e-02 6.4e+01 7.41e-02  2e-02  1e-01 117:05.8
  536   6432 -1.612617318171285e-02 6.7e+01 4.93e-02  2e-02  1e-01 119:05.8
  545   6540 -1.615790690828759e-02 7.4e+01 5.18e-02  2e-02  1e-01 121:05.0
  554   6648 -1.621050318493119e-02 7.3e+01 4.52e-02  1e-02  8e-02 123:05.4
  563   6756 -1.627880736611313e-02 7.8e+01 5.13e-02  2e-02  9e-02 125:05.3
  572   6864 -1.635945227679194e-02 8.4e+01 6.22e-02  2e-02  1e-01 127:05.7
  581   6972 -1.653746791850548e-02 9.4e+01 7.89e-02  2e-02  2e-01 129:05.5
  591   7092 -1.664855637774261e-02 9.9e+01 7.26e-02  2e-02  1e-01 131:18.9
  600   7200 -1.671510692059643e-02 9.7e+01 5.69e-02  1e-02  1e-01 133:18.8
  610   7320 -1.679983245281578e-02 1.1e+02 5.79e-02  1e-02  1e-01 135:32.0
  620   7440 -1.682750879709143e-02 1.1e+02 5.03e-02  1e-02  1e-01 137:45.5
  630   7560 -1.683941352910065e-02 1.1e+02 3.25e-02  6e-03  6e-02 139:58.8
  640   7680 -1.684037671134336e-02 1.0e+02 3.37e-02  6e-03  6e-02 142:12.6
  650   7800 -1.685269332519272e-02 1.1e+02 2.67e-02  4e-03  5e-02 144:25.8
  660   7920 -1.686193993612426e-02 1.1e+02 2.09e-02  3e-03  4e-02 146:39.3
  670   8040 -1.687231742461195e-02 1.1e+02 1.74e-02  3e-03  3e-02 148:52.0
  680   8160 -1.688424631449576e-02 1.0e+02 2.18e-02  3e-03  4e-02 151:05.8
  690   8280 -1.690948595749977e-02 1.0e+02 3.01e-02  4e-03  5e-02 153:18.7
  700   8400 -1.692733697443937e-02 1.0e+02 3.32e-02  4e-03  6e-02 155:32.6
  710   8520 -1.696038163604632e-02 1.2e+02 4.76e-02  6e-03  9e-02 157:45.3
  720   8640 -1.697696352562306e-02 1.4e+02 5.15e-02  6e-03  1e-01 159:59.0
  731   8772 -1.702809380694489e-02 1.5e+02 4.95e-02  5e-03  1e-01 162:25.3
  742   8904 -1.705946635450518e-02 1.7e+02 5.59e-02  6e-03  1e-01 164:52.5
  753   9036 -1.708234080103883e-02 1.7e+02 4.39e-02  5e-03  9e-02 167:18.6
  764   9168 -1.710186539878659e-02 1.8e+02 3.33e-02  3e-03  7e-02 169:45.6
  775   9300 -1.711241094120057e-02 1.9e+02 2.32e-02  2e-03  5e-02 172:12.0
  786   9432 -1.712631928892295e-02 2.0e+02 2.50e-02  2e-03  6e-02 174:38.5
  797   9564 -1.714242706645054e-02 2.2e+02 3.40e-02  3e-03  8e-02 177:05.4
  800   9600 -1.713916599745079e-02 2.2e+02 3.19e-02  3e-03  7e-02 177:45.5
  811   9732 -1.717293888881365e-02 2.4e+02 3.85e-02  4e-03  9e-02 180:11.8
  822   9864 -1.717794752590456e-02 2.7e+02 3.42e-02  3e-03  9e-02 182:38.9
  833   9996 -1.719934609623741e-02 2.6e+02 3.54e-02  3e-03  9e-02 185:05.0
  844  10128 -1.720336165099820e-02 2.6e+02 3.89e-02  4e-03  9e-02 187:32.1
  855  10260 -1.721697935738579e-02 2.5e+02 2.81e-02  3e-03  7e-02 189:58.4
  866  10392 -1.722370632106515e-02 2.4e+02 3.06e-02  3e-03  7e-02 192:25.6
  878  10536 -1.723283273928642e-02 2.4e+02 4.40e-02  4e-03  1e-01 195:05.4
  890  10680 -1.724159595098344e-02 2.6e+02 3.48e-02  3e-03  8e-02 197:45.4
  900  10800 -1.724388509600067e-02 2.6e+02 2.11e-02  2e-03  5e-02 199:59.2
  912  10944 -1.724635492525019e-02 2.5e+02 1.60e-02  1e-03  3e-02 202:39.2
  924  11088 -1.724710800196674e-02 2.3e+02 1.37e-02  9e-04  3e-02 205:19.6
  936  11232 -1.724828602639101e-02 2.4e+02 1.30e-02  8e-04  3e-02 207:59.2
  948  11376 -1.724940805110451e-02 2.6e+02 1.08e-02  7e-04  2e-02 210:39.7
  960  11520 -1.725051061449327e-02 2.7e+02 1.34e-02  8e-04  3e-02 213:19.1
  972  11664 -1.725096429353516e-02 2.9e+02 1.94e-02  1e-03  5e-02 215:59.1
  984  11808 -1.725305417263658e-02 3.1e+02 2.06e-02  1e-03  5e-02 218:39.8
  996  11952 -1.725413072491951e-02 3.4e+02 2.52e-02  1e-03  6e-02 221:19.4
 1000  12000 -1.725431375520356e-02 3.3e+02 2.41e-02  1e-03  6e-02 222:13.1
Job finished at Tue Mar 18 07:58:06 EET 2025
