Running job array 15 on pe78.int.triton.aalto.fi
Starting at Fri Mar 21 16:01:41 EET 2025
Activating virtual environment at /scratch/work/uotilav2/quantum-portfolio/venv
Processing batch 16/100: experiments 15 to 15 (total 1)
Processing experiment 15
Budget: 1137
YF.download() has changed argument auto_adjust default to True
Number of qubits for asset HD: 2
Number of qubits for asset MCD: 2
Number of qubits for asset PG: 3
Total number of qubits:  7
Optimized Weights (considering variance, skewness and kurtosis):
HD: 58.77%
MCD: 3.83%
PG: 37.41%
Left over budget:  30.658200319185426
Optimized Discrete Allocation:
HD: 2
PG: 2
Maximized utility from continuous higher moments:  -6.211696200930661
Budget constraint satisfied 1129.6226806640625 1137 Difference:  7.3773193359375
Budget constraint satisfied 1121.3954467773438 1137 Difference:  15.60455322265625
smallest_eigenvalues: [-0.3065008823868411]
smallest_bitstrings: ['1001100']
first_excited_energy: -0.30645542872423465
optimized_portfolio: [{'HD': 1, 'MCD': 2, 'PG': 1}]
second_optimized_portfolio: [{'HD': 0, 'MCD': 1, 'PG': 5}]
result_with_budget: [{'portfolio': {'HD': 1, 'MCD': 2, 'PG': 1}, 'budget': 1129.6226806640625, 'difference': 7.3773193359375, 'objective_value': -11.197215826043223}]
result_with_budget_excited: [{'portfolio': {'HD': 0, 'MCD': 1, 'PG': 5}, 'budget': 1121.3954467773438, 'difference': 15.60455322265625, 'objective_value': -41.49344219333619}]
Initial params:  [0.27372477 0.06351797 2.61575239 2.44465153 2.73322377 3.07442019
 2.51063067 1.44978017 2.45210473 0.37157007 2.01037118 0.45035763
 2.96776493 1.63943485]
(5_w,11)-aCMA-ES (mu_w=3.4,w_1=42%) in dimension 14 (seed=606223, Fri Mar 21 16:02:00 2025)
Iterat #Fevals   function value  axis ratio  sigma  min&max std  t[m:s]
    1     11 -2.391577407067066e-02 1.0e+00 9.66e-02  1e-01  1e-01 0:04.0
    2     22 -6.999352216675049e-02 1.2e+00 9.41e-02  9e-02  1e-01 0:08.0
    3     33 -1.796925539353153e-01 1.2e+00 9.80e-02  9e-02  1e-01 0:12.1
    4     44 -2.109554059517222e-01 1.3e+00 1.01e-01  1e-01  1e-01 0:16.0
    5     55 -2.373683123282317e-01 1.3e+00 1.05e-01  1e-01  1e-01 0:20.1
    7     77 -2.398432770027860e-01 1.4e+00 1.13e-01  1e-01  1e-01 0:28.1
    9     99 -2.392677296799124e-01 1.4e+00 1.12e-01  1e-01  1e-01 0:36.1
   11    121 -2.303446235878854e-01 1.6e+00 1.20e-01  1e-01  1e-01 0:44.1
   13    143 -2.372738027208054e-01 1.6e+00 1.15e-01  1e-01  1e-01 0:52.2
   16    176 -2.464716104991766e-01 1.6e+00 1.06e-01  1e-01  1e-01 1:04.2
   19    209 -2.383841554228017e-01 1.7e+00 1.00e-01  9e-02  1e-01 1:16.2
   22    242 -2.520694278605838e-01 1.8e+00 9.17e-02  8e-02  1e-01 1:28.2
   25    275 -2.519618792338417e-01 1.9e+00 8.49e-02  7e-02  9e-02 1:40.2
   29    319 -2.581452434673046e-01 2.0e+00 7.96e-02  6e-02  9e-02 1:56.3
   33    363 -2.594177640137279e-01 2.4e+00 7.98e-02  6e-02  9e-02 2:12.2
   37    407 -2.636772288273292e-01 2.5e+00 7.74e-02  6e-02  9e-02 2:28.3
   41    451 -2.635250924807971e-01 2.7e+00 6.40e-02  5e-02  7e-02 2:44.3
   46    506 -2.651094805418076e-01 2.9e+00 5.60e-02  4e-02  6e-02 3:04.3
   51    561 -2.666575502090896e-01 3.7e+00 7.14e-02  5e-02  9e-02 3:24.4
   56    616 -2.676929552321990e-01 4.3e+00 8.49e-02  5e-02  1e-01 3:44.4
   61    671 -2.686684398428988e-01 5.2e+00 8.12e-02  5e-02  1e-01 4:04.4
   67    737 -2.722704657772682e-01 5.9e+00 7.90e-02  5e-02  1e-01 4:28.5
   73    803 -2.722812328916951e-01 6.3e+00 8.71e-02  5e-02  1e-01 4:52.6
   79    869 -2.763333617152803e-01 7.6e+00 1.28e-01  7e-02  2e-01 5:16.6
   85    935 -2.760852921709275e-01 9.0e+00 1.07e-01  6e-02  2e-01 5:40.7
   92   1012 -2.802755597021845e-01 9.2e+00 7.25e-02  4e-02  1e-01 6:08.7
   99   1089 -2.812865836521957e-01 1.1e+01 6.29e-02  3e-02  1e-01 6:36.8
  100   1100 -2.812945541026956e-01 1.1e+01 6.01e-02  3e-02  1e-01 6:40.8
  107   1177 -2.821849637164137e-01 1.3e+01 6.94e-02  3e-02  1e-01 7:08.9
  115   1265 -2.824511703713993e-01 1.3e+01 5.55e-02  3e-02  1e-01 7:41.0
  123   1353 -2.826976079894788e-01 1.5e+01 4.53e-02  2e-02  9e-02 8:13.1
  131   1441 -2.828110502437229e-01 1.6e+01 3.95e-02  2e-02  8e-02 8:45.3
  139   1529 -2.832004225720661e-01 1.8e+01 3.03e-02  1e-02  6e-02 9:17.5
  148   1628 -2.833232452585277e-01 2.0e+01 2.66e-02  1e-02  5e-02 9:53.7
  157   1727 -2.834357044444565e-01 2.3e+01 2.68e-02  1e-02  5e-02 10:29.9
  166   1826 -2.837003555481392e-01 2.6e+01 2.36e-02  9e-03  4e-02 11:06.1
  175   1925 -2.839447150198410e-01 3.1e+01 3.05e-02  1e-02  7e-02 11:42.3
  185   2035 -2.843296199602676e-01 4.5e+01 4.92e-02  2e-02  1e-01 12:22.4
  195   2145 -2.848503171403808e-01 5.2e+01 4.77e-02  2e-02  1e-01 13:02.7
  200   2200 -2.849964399577055e-01 5.2e+01 3.79e-02  1e-02  1e-01 13:22.8
  210   2310 -2.853369839904300e-01 6.0e+01 4.68e-02  1e-02  1e-01 14:03.0
  221   2431 -2.854667357756686e-01 7.0e+01 6.70e-02  2e-02  2e-01 14:47.2
  232   2552 -2.859430499331783e-01 7.2e+01 5.11e-02  1e-02  1e-01 15:31.3
  243   2673 -2.862045548698245e-01 7.7e+01 3.91e-02  9e-03  1e-01 16:15.5
  254   2794 -2.864311633162669e-01 8.1e+01 3.59e-02  7e-03  1e-01 16:59.7
  266   2926 -2.865497820470757e-01 7.2e+01 3.79e-02  7e-03  1e-01 17:47.9
  278   3058 -2.866187309688364e-01 8.2e+01 2.46e-02  4e-03  7e-02 18:36.1
  290   3190 -2.866299734182482e-01 8.0e+01 9.07e-03  1e-03  2e-02 19:24.2
  300   3300 -2.866309883214073e-01 8.5e+01 7.58e-03  1e-03  2e-02 20:04.4
  313   3443 -2.866320190846999e-01 9.9e+01 5.17e-03  6e-04  1e-02 20:56.5
  326   3586 -2.866333269747564e-01 1.1e+02 3.01e-03  3e-04  7e-03 21:48.6
  339   3729 -2.866337652301300e-01 1.2e+02 3.20e-03  3e-04  7e-03 22:40.7
  352   3872 -2.866343933421500e-01 1.3e+02 4.92e-03  4e-04  1e-02 23:32.8
  366   4026 -2.866363141068363e-01 2.0e+02 6.40e-03  6e-04  2e-02 24:29.0
  380   4180 -2.866388907428559e-01 2.7e+02 7.02e-03  6e-04  3e-02 25:25.1
  394   4334 -2.866416288994391e-01 3.4e+02 9.70e-03  7e-04  5e-02 26:21.2
  400   4400 -2.866434677277678e-01 3.9e+02 9.96e-03  7e-04  6e-02 26:45.2
  415   4565 -2.866455501344908e-01 4.6e+02 9.95e-03  6e-04  6e-02 27:45.3
  430   4730 -2.866518254297060e-01 5.5e+02 1.87e-02  1e-03  1e-01 28:45.3
  445   4895 -2.866549916725612e-01 5.8e+02 1.49e-02  8e-04  9e-02 29:45.3
  461   5071 -2.866654130833141e-01 5.6e+02 2.22e-02  1e-03  1e-01 30:49.2
  477   5247 -2.866720825706963e-01 4.9e+02 1.70e-02  7e-04  7e-02 31:51.1
  493   5423 -2.866816735762862e-01 4.6e+02 2.47e-02  1e-03  1e-01 32:53.3
  500   5500 -2.866850550444651e-01 4.8e+02 2.87e-02  1e-03  1e-01 33:20.4
  517   5687 -2.867335163195051e-01 6.6e+02 3.39e-02  1e-03  2e-01 34:26.7
  534   5874 -2.868825974019972e-01 8.0e+02 5.49e-02  2e-03  4e-01 35:32.9
  552   6072 -2.869953019134470e-01 7.2e+02 7.58e-02  3e-03  4e-01 36:42.6
  570   6270 -2.870262355656649e-01 5.5e+02 5.20e-02  2e-03  2e-01 37:52.5
  588   6468 -2.870910866764860e-01 4.6e+02 8.68e-02  3e-03  3e-01 39:02.2
  600   6600 -2.871391092465728e-01 3.7e+02 1.00e-01  3e-03  3e-01 39:48.7
  618   6798 -2.874606528041491e-01 3.3e+02 1.53e-01  6e-03  3e-01 41:01.9
  636   6996 -2.883038896519767e-01 3.2e+02 1.81e-01  8e-03  3e-01 42:15.1
  654   7194 -2.885667654674132e-01 3.1e+02 1.34e-01  5e-03  3e-01 43:28.4
  672   7392 -2.888013946529639e-01 2.7e+02 9.53e-02  3e-03  2e-01 44:41.6
  691   7601 -2.889154296616345e-01 2.6e+02 8.42e-02  3e-03  1e-01 45:58.9
  700   7700 -2.890270169743883e-01 2.6e+02 1.23e-01  4e-03  2e-01 46:35.4
  719   7909 -2.891910091524941e-01 2.3e+02 1.11e-01  3e-03  1e-01 47:52.7
  738   8118 -2.896587095949978e-01 2.2e+02 1.95e-01  5e-03  2e-01 49:10.0
  758   8338 -2.900824650606595e-01 2.0e+02 2.39e-01  6e-03  3e-01 50:31.3
  778   8558 -2.903405062388786e-01 1.9e+02 1.62e-01  3e-03  2e-01 51:52.7
  798   8778 -2.905394400517928e-01 1.5e+02 1.66e-01  3e-03  1e-01 53:13.9
  800   8800 -2.905361833101374e-01 1.6e+02 1.80e-01  3e-03  2e-01 53:22.1
  821   9031 -2.908114835506221e-01 1.7e+02 1.77e-01  3e-03  2e-01 54:47.5
  841   9251 -2.912275364818359e-01 1.9e+02 2.76e-01  4e-03  3e-01 56:10.8
  862   9482 -2.916500395605865e-01 2.0e+02 3.68e-01  5e-03  4e-01 57:38.3
  883   9713 -2.919135267202214e-01 1.6e+02 3.63e-01  5e-03  3e-01 59:05.7
  900   9900 -2.922679882045069e-01 1.5e+02 2.79e-01  4e-03  2e-01 60:16.5
  921  10131 -2.924670277865821e-01 1.5e+02 2.27e-01  3e-03  2e-01 61:44.2
  943  10373 -2.927150474259980e-01 2.3e+02 3.22e-01  4e-03  3e-01 63:16.1
  965  10615 -2.927701915044189e-01 2.8e+02 2.32e-01  3e-03  2e-01 64:47.9
  987  10857 -2.928028918001448e-01 2.7e+02 9.43e-02  1e-03  8e-02 66:19.7
 1000  11000 -2.928078824328818e-01 2.5e+02 5.45e-02  5e-04  4e-02 67:13.9
Budget constraint satisfied 939.7078857421875 1137 Difference:  197.2921142578125
Budget constraint satisfied 1061.2998657226562 1137 Difference:  75.70013427734375
two_most_probable_states: ['0100100', '0110000']
final_expectation_value: -0.292808139148001
params: [1.1213168246422631, 1.783379337297926, 7.078238595428671, -0.614324114674335, 13.415410489763813, 7.0816025267631275, 3.6057557174241834, 0.5746346218540647, 2.4367147928113, 0.7597784789977415, 2.1138215540848346, 1.490854744362313, 3.0960465732711255, 1.6283721287232351]
total_steps: 1000
states_probs: [0.031144627416056465, 0.031229295872279787]
optimized_portfolios: [{'HD': 2, 'MCD': 0, 'PG': 1}, {'HD': 2, 'MCD': 1, 'PG': 0}]
objective_values: [-2.3759942127210403, -5.703187054811801]
result_with_budget: [{'portfolio': {'HD': 2, 'MCD': 0, 'PG': 1}, 'budget': 939.7078857421875, 'difference': 197.2921142578125}, {'portfolio': {'HD': 2, 'MCD': 1, 'PG': 0}, 'budget': 1061.2998657226562, 'difference': 75.70013427734375}]
Batch 16/100 completed. Results saved to portfolio_optimization_results_batch_15.json
Job finished at Fri Mar 21 17:12:57 EET 2025
