Running job array 6 on pe79.int.triton.aalto.fi
Starting at Fri Mar 14 10:12:06 EET 2025
Activating virtual environment at /scratch/work/uotilav2/quantum-portfolio/venv
Processing batch 7/30: experiments 90 to 104 (total 15)
Processing experiment 90
Budget: 111.3499984741211
YF.download() has changed argument auto_adjust default to True
Expected returns: 0.20876045945265786
Covariance matrix: 0.43244234120042785
3rd-order coskewness tensor: -0.1587884439897603
4th-order cokurtosis tensor: 4.234913693833408
Number of qubits for asset CAT: 1
Number of qubits for asset DIS: 1
Number of qubits for asset HON: 1
Total number of qubits:  3
Optimized Weights (considering variance, skewness and kurtosis):
CAT: 50.74%
DIS: 35.82%
HON: 13.44%
Left over budget:  -9.964223579572717e-08
Optimized Discrete Allocation:
DIS: 1
Maximized utility from continuous higher moments:  -2.684558240507404
Budget constraint satisfied 111.3499984741211 111.3499984741211 Difference:  0.0
Budget constraint satisfied 0.0 111.3499984741211 Difference:  111.3499984741211
smallest_eigenvalues: [-0.037414457189477744]
smallest_bitstrings: ['010']
first_excited_energy: 7.288379697944353e-17
optimized_portfolio: [{'CAT': 0, 'DIS': 1, 'HON': 0}]
second_optimized_portfolio: [{'CAT': 0, 'DIS': 0, 'HON': 0}]
result_with_budget: [{'portfolio': {'CAT': 0, 'DIS': 1, 'HON': 0}, 'budget': 111.3499984741211, 'difference': 0.0, 'objective_value': -2.684558240507404}]
result_with_budget_excited: [{'portfolio': {'CAT': 0, 'DIS': 0, 'HON': 0}, 'budget': 0.0, 'difference': 111.3499984741211, 'objective_value': -0.0}]
Initial params:  [2.80158751 3.02743585 1.20461706 2.48727756 1.66157239 1.78456462]
(4_w,9)-aCMA-ES (mu_w=2.8,w_1=49%) in dimension 6 (seed=1129456, Fri Mar 14 10:12:22 2025)
Iterat #Fevals   function value  axis ratio  sigma  min&max std  t[m:s]
    1      9 8.664812085271255e-02 1.0e+00 1.31e+00  1e+00  1e+00 0:00.3
    2     18 1.018716557889834e-01 1.2e+00 1.32e+00  1e+00  1e+00 0:00.4
    3     27 5.000880400343302e-02 1.3e+00 1.35e+00  1e+00  2e+00 0:00.5
   25    225 1.753251065581676e-01 2.3e+00 1.05e+00  8e-01  1e+00 0:03.6
   55    495 4.042288548988032e-02 6.7e+00 5.49e-01  3e-01  6e-01 0:07.6
   93    837 -7.925159304852276e-04 1.5e+01 4.26e-01  6e-02  5e-01 0:12.7
  100    900 -4.046293396359422e-03 1.5e+01 2.44e-01  3e-02  3e-01 0:13.6
  152   1368 -7.467047622237791e-03 2.3e+01 6.32e-03  3e-04  3e-03 0:20.6
  200   1800 -7.467081357059641e-03 2.2e+01 8.76e-05  1e-06  2e-05 0:27.1
  224   2016 -7.467081359553094e-03 2.2e+01 7.82e-06  7e-08  9e-07 0:30.4
Budget constraint satisfied 111.3499984741211 111.3499984741211 Difference:  0.0
Budget constraint satisfied 0.0 111.3499984741211 Difference:  111.3499984741211
two_most_probable_states: ['010', '000']
final_expectation_value: -0.007467081359553094
params: [1.4812423512752229, 2.9349557920445215, 4.011435827907865, -3.7992608002909143, -0.36077205899385156, 2.9673569940405735]
total_steps: 224
states_probs: [0.3285435495415739, 0.49047180678332825]
optimized_portfolios: [{'CAT': 0, 'DIS': 1, 'HON': 0}, {'CAT': 0, 'DIS': 0, 'HON': 0}]
objective_values: [-2.684558240507404, -0.0]
result_with_budget: [{'portfolio': {'CAT': 0, 'DIS': 1, 'HON': 0}, 'budget': 111.3499984741211, 'difference': 0.0}, {'portfolio': {'CAT': 0, 'DIS': 0, 'HON': 0}, 'budget': 0.0, 'difference': 111.3499984741211}]
Processing experiment 91
Budget: 358.3538398742676
Expected returns: 0.17820424619445704
Covariance matrix: 0.4555733110408958
3rd-order coskewness tensor: 1.0810260730829933
4th-order cokurtosis tensor: 21.988425862308958
Number of qubits for asset AXP: 1
Number of qubits for asset KO: 3
Number of qubits for asset V: 1
Total number of qubits:  5
Optimized Weights (considering variance, skewness and kurtosis):
AXP: 18.34%
KO: 40.20%
V: 41.46%
Left over budget:  42.84471510418547
Optimized Discrete Allocation:
V: 1
Maximized utility from continuous higher moments:  -2.448968171039973
Budget constraint satisfied 358.3538398742676 358.3538398742676 Difference:  0.0
Budget constraint not satisfied 377.7691230773926 358.3538398742676 Difference:  -19.415283203125
smallest_eigenvalues: [-0.3031131112676874]
smallest_bitstrings: ['11000']
first_excited_energy: -0.30226127942408915
optimized_portfolio: [{'AXP': 1, 'KO': 1, 'V': 0}]
second_optimized_portfolio: [{'AXP': 0, 'KO': 1, 'V': 1}]
result_with_budget: [{'portfolio': {'AXP': 1, 'KO': 1, 'V': 0}, 'budget': 358.3538398742676, 'difference': 0.0, 'objective_value': -18.53911700752998}]
result_with_budget_excited: [{'portfolio': {'AXP': 0, 'KO': 1, 'V': 1}, 'budget': 377.7691230773926, 'difference': -19.415283203125, 'objective_value': -13.670468102434246}]
Initial params:  [1.88896268 2.90364577 2.85708391 1.15424392 0.13629406 2.9716322
 1.72586486 1.79039388 1.11533409 2.33228187]
(5_w,10)-aCMA-ES (mu_w=3.2,w_1=45%) in dimension 10 (seed=1036310, Fri Mar 14 10:12:55 2025)
Iterat #Fevals   function value  axis ratio  sigma  min&max std  t[m:s]
    1     10 -4.070968477196059e-02 1.0e+00 1.33e+00  1e+00  1e+00 0:00.9
    2     20 -1.806408462216440e-01 1.1e+00 1.24e+00  1e+00  1e+00 0:01.8
    3     30 -1.156194087944920e-01 1.2e+00 1.13e+00  1e+00  1e+00 0:02.7
    7     70 -1.064013864472003e-01 1.4e+00 1.16e+00  1e+00  1e+00 0:06.3
   12    120 -2.086252294064566e-01 1.8e+00 9.22e-01  8e-01  1e+00 0:10.7
   18    180 -9.319675365276119e-02 2.0e+00 7.53e-01  7e-01  8e-01 0:16.1
   25    250 -1.606766826066848e-01 2.3e+00 8.37e-01  7e-01  9e-01 0:22.3
   33    330 -1.704506418518514e-01 2.5e+00 6.73e-01  5e-01  7e-01 0:29.4
   42    420 -1.542315197704796e-01 3.1e+00 5.48e-01  4e-01  7e-01 0:37.5
   53    530 -1.450448658755576e-01 3.5e+00 6.98e-01  5e-01  1e+00 0:47.2
   65    650 -2.014423200433265e-01 3.7e+00 6.43e-01  4e-01  9e-01 0:57.8
   78    780 -2.379296816693573e-01 4.4e+00 3.61e-01  2e-01  5e-01 1:09.5
   92    920 -2.506768231086140e-01 5.5e+00 2.03e-01  8e-02  3e-01 1:22.0
  100   1000 -2.615851335960380e-01 7.0e+00 1.34e-01  5e-02  2e-01 1:29.1
  116   1160 -2.641053497291587e-01 1.1e+01 6.98e-02  2e-02  9e-02 1:43.4
  133   1330 -2.658741881714943e-01 1.4e+01 5.11e-02  2e-02  6e-02 1:58.6
  151   1510 -2.677786573018487e-01 2.5e+01 1.03e-01  3e-02  1e-01 2:14.7
  170   1700 -2.703714282298697e-01 3.4e+01 9.98e-02  2e-02  2e-01 2:31.9
  190   1900 -2.721764493644243e-01 3.9e+01 9.79e-02  2e-02  2e-01 2:50.1
  200   2000 -2.748817460020166e-01 5.1e+01 1.46e-01  2e-02  3e-01 2:59.2
  222   2220 -2.774358506586456e-01 6.0e+01 8.02e-02  1e-02  2e-01 3:19.3
  246   2460 -2.780835894601908e-01 4.8e+01 6.51e-02  5e-03  1e-01 3:41.0
  271   2710 -2.791735049883833e-01 4.9e+01 1.53e-01  9e-03  2e-01 4:03.3
  297   2970 -2.801848753716548e-01 5.6e+01 1.32e-01  6e-03  2e-01 4:26.7
  300   3000 -2.806092274893319e-01 6.3e+01 1.41e-01  6e-03  3e-01 4:29.3
  328   3280 -2.807628846233837e-01 7.1e+01 2.95e-02  1e-03  5e-02 4:54.4
  358   3580 -2.807706253851482e-01 8.3e+01 5.22e-03  1e-04  7e-03 5:21.2
  388   3880 -2.807707173157158e-01 9.2e+01 8.74e-04  2e-05  9e-04 5:48.3
  400   4000 -2.807707196315891e-01 9.6e+01 3.82e-04  7e-06  4e-04 5:59.3
  433   4330 -2.807707200347596e-01 8.5e+01 5.15e-05  6e-07  3e-05 6:28.9
  466   4660 -2.807707200390593e-01 7.5e+01 4.21e-06  4e-08  2e-06 6:58.8
Budget constraint satisfied 296.0938415527344 358.3538398742676 Difference:  62.2599983215332
Budget constraint satisfied 315.5091247558594 358.3538398742676 Difference:  42.8447151184082
two_most_probable_states: ['10000', '00001']
final_expectation_value: -0.2807707200390655
params: [0.7727747176204504, 2.694544496444005, 3.690031222235069, -5.643224154531682, -9.019770236110482, 5.197291406686015, 2.3872002738797993, -0.2022748169122576, 0.3284173048399854, 0.08286096233304195]
total_steps: 466
states_probs: [0.100711193023047, 0.10667711216274146]
optimized_portfolios: [{'AXP': 1, 'KO': 0, 'V': 0}, {'AXP': 0, 'KO': 0, 'V': 1}]
objective_values: [-3.529835950052666, -2.448968171039973]
result_with_budget: [{'portfolio': {'AXP': 1, 'KO': 0, 'V': 0}, 'budget': 296.0938415527344, 'difference': 62.2599983215332}, {'portfolio': {'AXP': 0, 'KO': 0, 'V': 1}, 'budget': 315.5091247558594, 'difference': 42.8447151184082}]
Processing experiment 92
Budget: 166.6339111328125
Expected returns: 0.10814553479258983
Covariance matrix: 0.40402938085842316
3rd-order coskewness tensor: 0.336451008984807
4th-order cokurtosis tensor: 6.397513752237304
Number of qubits for asset AMGN: 1
Number of qubits for asset PG: 1
Number of qubits for asset UNH: 1
Total number of qubits:  3
Optimized Weights (considering variance, skewness and kurtosis):
AMGN: 43.21%
PG: 26.32%
UNH: 30.47%
Left over budget:  -1.1313787240396778e-07
Optimized Discrete Allocation:
PG: 1
Maximized utility from continuous higher moments:  -2.834820205646404
Budget constraint satisfied 166.6339111328125 166.6339111328125 Difference:  0.0
Budget constraint not satisfied 258.5511779785156 166.6339111328125 Difference:  -91.91726684570312
smallest_eigenvalues: [-0.05016772367159174]
smallest_bitstrings: ['010']
first_excited_energy: -0.03490381636994162
optimized_portfolio: [{'AMGN': 0, 'PG': 1, 'UNH': 0}]
second_optimized_portfolio: [{'AMGN': 1, 'PG': 0, 'UNH': 0}]
result_with_budget: [{'portfolio': {'AMGN': 0, 'PG': 1, 'UNH': 0}, 'budget': 166.6339111328125, 'difference': 0.0, 'objective_value': -2.834820205646404}]
result_with_budget_excited: [{'portfolio': {'AMGN': 1, 'PG': 0, 'UNH': 0}, 'budget': 258.5511779785156, 'difference': -91.91726684570312, 'objective_value': -2.0233181797446695}]
Initial params:  [2.23142678 0.86686528 1.84032217 1.50073487 1.68320574 1.11603449]
(4_w,9)-aCMA-ES (mu_w=2.8,w_1=49%) in dimension 6 (seed=1068372, Fri Mar 14 10:20:02 2025)
Iterat #Fevals   function value  axis ratio  sigma  min&max std  t[m:s]
    1      9 3.800584056989403e-02 1.0e+00 1.34e+00  1e+00  1e+00 0:00.1
    2     18 9.781323635951891e-02 1.2e+00 1.16e+00  1e+00  1e+00 0:00.3
    3     27 5.682681014577768e-02 1.3e+00 1.14e+00  1e+00  1e+00 0:00.4
   26    234 3.352861190575235e-02 2.2e+00 1.60e+00  1e+00  2e+00 0:03.5
   56    504 -1.215791210694970e-02 3.4e+00 1.03e-01  3e-02  7e-02 0:07.6
   93    837 -1.312264058472173e-02 2.0e+01 1.32e-02  2e-03  8e-03 0:12.6
  100    900 -1.312383907544853e-02 2.3e+01 1.01e-02  1e-03  6e-03 0:13.6
  152   1368 -1.312442324665411e-02 6.4e+01 2.94e-04  4e-05  2e-04 0:20.6
  184   1656 -1.312442325737189e-02 5.6e+01 8.30e-06  5e-07  2e-06 0:25.0
Budget constraint satisfied 166.6339111328125 166.6339111328125 Difference:  0.0
Budget constraint satisfied 0.0 166.6339111328125 Difference:  166.6339111328125
two_most_probable_states: ['010', '000']
final_expectation_value: -0.013124423257372097
params: [-1.227221949550671, 0.5171612877539943, 1.642222784094403, -7.272381709046874, -3.854672518824325, -0.6027265235694331]
total_steps: 184
states_probs: [0.24378428812302075, 0.5828555575216556]
optimized_portfolios: [{'AMGN': 0, 'PG': 1, 'UNH': 0}, {'AMGN': 0, 'PG': 0, 'UNH': 0}]
objective_values: [-2.834820205646404, -0.0]
result_with_budget: [{'portfolio': {'AMGN': 0, 'PG': 1, 'UNH': 0}, 'budget': 166.6339111328125, 'difference': 0.0}, {'portfolio': {'AMGN': 0, 'PG': 0, 'UNH': 0}, 'budget': 0.0, 'difference': 166.6339111328125}]
Processing experiment 93
Budget: 40.130001068115234
Expected returns: 0.07964969476209262
Covariance matrix: 0.365576693064547
3rd-order coskewness tensor: -0.39677705463816104
4th-order cokurtosis tensor: 14.682982817659834
Number of qubits for asset DOW: 1
Number of qubits for asset MSFT: 1
Number of qubits for asset TRV: 1
Total number of qubits:  3
Optimized Weights (considering variance, skewness and kurtosis):
DOW: 30.99%
MSFT: 57.10%
TRV: 11.91%
Left over budget:  0.730964612375665
Optimized Discrete Allocation:
DOW: 1
Maximized utility from continuous higher moments:  -3.454111684764467
Budget constraint satisfied 39.3990364074707 40.130001068115234 Difference:  0.7309646606445312
Budget constraint satisfied 0.0 40.130001068115234 Difference:  40.130001068115234
smallest_eigenvalues: [-0.003693222942939364]
smallest_bitstrings: ['100']
first_excited_energy: -1.1333300834262539e-17
optimized_portfolio: [{'DOW': 1, 'MSFT': 0, 'TRV': 0}]
second_optimized_portfolio: [{'DOW': 0, 'MSFT': 0, 'TRV': 0}]
result_with_budget: [{'portfolio': {'DOW': 1, 'MSFT': 0, 'TRV': 0}, 'budget': 39.3990364074707, 'difference': 0.7309646606445312, 'objective_value': -3.454111684764467}]
result_with_budget_excited: [{'portfolio': {'DOW': 0, 'MSFT': 0, 'TRV': 0}, 'budget': 0.0, 'difference': 40.130001068115234, 'objective_value': -0.0}]
Initial params:  [2.4772796  0.18916027 0.07087667 2.56951993 3.06338506 2.64681446]
(4_w,9)-aCMA-ES (mu_w=2.8,w_1=49%) in dimension 6 (seed=1024193, Fri Mar 14 10:20:30 2025)
Iterat #Fevals   function value  axis ratio  sigma  min&max std  t[m:s]
    1      9 1.036729842693342e-01 1.0e+00 1.34e+00  1e+00  1e+00 0:00.1
    2     18 1.817911481544705e-01 1.2e+00 1.21e+00  1e+00  1e+00 0:00.3
    3     27 3.248673658624939e-01 1.3e+00 1.22e+00  1e+00  1e+00 0:00.4
   25    225 1.550774534189437e-01 4.3e+00 2.03e+00  1e+00  3e+00 0:03.4
   55    495 1.101690450272946e-01 9.0e+00 2.35e+00  1e+00  3e+00 0:07.5
   92    828 1.751635844235754e-01 1.5e+01 2.28e+00  1e+00  3e+00 0:12.5
  100    900 1.597973073330899e-01 1.5e+01 2.90e+00  1e+00  3e+00 0:13.6
  151   1359 9.208185426217029e-02 3.5e+01 1.06e+00  3e-01  9e-01 0:20.6
  200   1800 1.694754974678319e-02 7.4e+00 2.65e-01  2e-02  8e-02 0:27.3
  267   2403 1.578533996152710e-02 1.7e+01 3.16e-03  5e-05  5e-04 0:36.4
  300   2700 1.578533840251113e-02 1.8e+01 1.24e-04  1e-06  1e-05 0:40.9
  320   2880 1.578533839924614e-02 1.8e+01 3.71e-05  2e-07  2e-06 0:43.7
Budget constraint satisfied 39.3990364074707 40.130001068115234 Difference:  0.7309646606445312
Budget constraint satisfied 0.0 40.130001068115234 Difference:  40.130001068115234
two_most_probable_states: ['100', '000']
final_expectation_value: 0.015785338399246143
params: [2.5200236565993324, 13.579569092275843, 8.184418119380211, 15.228357676649852, 1.1160178903054445, 17.800866035583926]
total_steps: 320
states_probs: [0.17457677045316056, 0.6963706090699361]
optimized_portfolios: [{'DOW': 1, 'MSFT': 0, 'TRV': 0}, {'DOW': 0, 'MSFT': 0, 'TRV': 0}]
objective_values: [-3.454111684764467, -0.0]
result_with_budget: [{'portfolio': {'DOW': 1, 'MSFT': 0, 'TRV': 0}, 'budget': 39.3990364074707, 'difference': 0.7309646606445312}, {'portfolio': {'DOW': 0, 'MSFT': 0, 'TRV': 0}, 'budget': 0.0, 'difference': 40.130001068115234}]
Processing experiment 94
Budget: 39.29372024536133
Expected returns: 0.2741398152529917
Covariance matrix: 0.38266460575327244
3rd-order coskewness tensor: -0.003054306465894102
4th-order cokurtosis tensor: 5.303630563424351
Number of qubits for asset AAPL: 1
Number of qubits for asset MMM: 1
Number of qubits for asset VZ: 1
Total number of qubits:  3
Optimized Weights (considering variance, skewness and kurtosis):
AAPL: 37.34%
MMM: 24.47%
VZ: 38.19%
Left over budget:  -4.080794937522114e-07
Optimized Discrete Allocation:
VZ: 1
Maximized utility from continuous higher moments:  -2.135184797504315
Budget constraint satisfied 39.29372024536133 39.29372024536133 Difference:  0.0
Budget constraint satisfied 0.0 39.29372024536133 Difference:  39.29372024536133
smallest_eigenvalues: [-0.01086214414059926]
smallest_bitstrings: ['001']
first_excited_energy: -1.141631006309346e-17
optimized_portfolio: [{'AAPL': 0, 'MMM': 0, 'VZ': 1}]
second_optimized_portfolio: [{'AAPL': 0, 'MMM': 0, 'VZ': 0}]
result_with_budget: [{'portfolio': {'AAPL': 0, 'MMM': 0, 'VZ': 1}, 'budget': 39.29372024536133, 'difference': 0.0, 'objective_value': -2.135184797504315}]
result_with_budget_excited: [{'portfolio': {'AAPL': 0, 'MMM': 0, 'VZ': 0}, 'budget': 0.0, 'difference': 39.29372024536133, 'objective_value': -0.0}]
Initial params:  [1.21021714 1.97591676 2.29538509 0.28654466 2.12313428 2.70195806]
(4_w,9)-aCMA-ES (mu_w=2.8,w_1=49%) in dimension 6 (seed=1099663, Fri Mar 14 10:21:17 2025)
Iterat #Fevals   function value  axis ratio  sigma  min&max std  t[m:s]
    1      9 3.072539482056881e-02 1.0e+00 1.35e+00  1e+00  1e+00 0:00.1
    2     18 3.016317004713489e-02 1.2e+00 1.43e+00  1e+00  2e+00 0:00.3
    3     27 6.830859730851031e-02 1.5e+00 1.36e+00  1e+00  1e+00 0:00.4
   26    234 9.058408228961363e-02 3.9e+00 3.37e+00  2e+00  5e+00 0:03.5
   55    495 1.549566534741053e-01 5.0e+00 3.49e+00  2e+00  4e+00 0:07.6
   91    819 1.468203800645249e-01 6.8e+00 2.19e+00  1e+00  2e+00 0:12.6
  100    900 1.473520286634999e-01 6.2e+00 2.53e+00  1e+00  2e+00 0:13.9
  150   1350 1.622980197728375e-01 1.3e+01 2.03e+00  6e-01  1e+00 0:20.9
  200   1800 2.930650978795799e-02 7.5e+00 9.22e-01  1e-01  3e-01 0:27.8
  265   2385 2.287956329073523e-03 1.1e+01 1.39e-01  2e-03  2e-02 0:37.0
  300   2700 2.021215451658037e-03 5.3e+01 2.91e-01  3e-03  1e-01 0:41.8
  380   3420 2.017601041072003e-03 9.9e+01 7.16e-04  1e-06  8e-05 0:52.8
  396   3564 2.017601039401145e-03 8.6e+01 2.09e-04  3e-07  1e-05 0:55.0
Budget constraint satisfied 39.29372024536133 39.29372024536133 Difference:  0.0
Budget constraint satisfied 0.0 39.29372024536133 Difference:  39.29372024536133
two_most_probable_states: ['001', '000']
final_expectation_value: 0.002017601039387285
params: [11.936054350706195, -11.934946968251856, 14.559402997985211, -11.005649592393079, 0.781817110279185, 3.062888069603533]
total_steps: 396
states_probs: [0.10265467168521664, 0.851022545930018]
optimized_portfolios: [{'AAPL': 0, 'MMM': 0, 'VZ': 1}, {'AAPL': 0, 'MMM': 0, 'VZ': 0}]
objective_values: [-2.135184797504315, -0.0]
result_with_budget: [{'portfolio': {'AAPL': 0, 'MMM': 0, 'VZ': 1}, 'budget': 39.29372024536133, 'difference': 0.0}, {'portfolio': {'AAPL': 0, 'MMM': 0, 'VZ': 0}, 'budget': 0.0, 'difference': 39.29372024536133}]
Processing experiment 95
Budget: 666.0750885009766
Expected returns: 0.10814553479258983
Covariance matrix: 0.40402938085842316
3rd-order coskewness tensor: 0.336451008984807
4th-order cokurtosis tensor: 6.397513752237304
Number of qubits for asset AMGN: 2
Number of qubits for asset PG: 2
Number of qubits for asset TRV: 2
Total number of qubits:  6
Optimized Weights (considering variance, skewness and kurtosis):
AMGN: 48.02%
PG: 29.21%
TRV: 22.77%
Left over budget:  0.9815056384578611
Optimized Discrete Allocation:
AMGN: 1
PG: 1
TRV: 1
Maximized utility from continuous higher moments:  -38.10175227620919
Budget constraint satisfied 665.0935821533203 666.0750885009766 Difference:  0.98150634765625
Budget constraint not satisfied 683.7362670898438 666.0750885009766 Difference:  -17.661178588867188
smallest_eigenvalues: [-0.27462270771860064]
smallest_bitstrings: ['101010']
first_excited_energy: -0.2744226673018567
optimized_portfolio: [{'AMGN': 1, 'PG': 1, 'TRV': 1}]
second_optimized_portfolio: [{'AMGN': 2, 'PG': 1, 'TRV': 0}]
result_with_budget: [{'portfolio': {'AMGN': 1, 'PG': 1, 'TRV': 1}, 'budget': 665.0935821533203, 'difference': 0.98150634765625, 'objective_value': -38.10175227620919}]
result_with_budget_excited: [{'portfolio': {'AMGN': 2, 'PG': 1, 'TRV': 0}, 'budget': 683.7362670898438, 'difference': -17.661178588867188, 'objective_value': -41.39424462089126}]
Initial params:  [0.03346242 0.28538695 0.6980076  0.49186628 1.97770526 1.26150402
 3.10518819 0.32775405 1.91374334 0.02188372 1.49877437 0.04180343]
(5_w,11)-aCMA-ES (mu_w=3.4,w_1=42%) in dimension 12 (seed=943479, Fri Mar 14 10:22:17 2025)
Iterat #Fevals   function value  axis ratio  sigma  min&max std  t[m:s]
    1     11 -1.374779935448432e-01 1.0e+00 1.36e+00  1e+00  1e+00 0:02.3
    2     22 -1.217727798548553e-01 1.1e+00 1.27e+00  1e+00  1e+00 0:04.5
    3     33 -2.029601008123117e-01 1.2e+00 1.30e+00  1e+00  1e+00 0:06.7
    5     55 -1.924619862714473e-01 1.3e+00 1.24e+00  1e+00  1e+00 0:11.1
    7     77 -2.142043445877939e-01 1.4e+00 1.14e+00  1e+00  1e+00 0:15.6
   10    110 -2.072353478655158e-01 1.4e+00 1.04e+00  9e-01  1e+00 0:22.2
   13    143 -1.440959242591391e-01 1.5e+00 1.04e+00  9e-01  1e+00 0:29.0
   17    187 -2.018021731141847e-01 1.8e+00 1.31e+00  1e+00  2e+00 0:38.0
   21    231 -1.288488679383328e-01 2.2e+00 1.70e+00  1e+00  2e+00 0:46.9
   26    286 -1.373620940099670e-01 2.3e+00 2.09e+00  2e+00  3e+00 0:57.9
   31    341 -1.434004553684751e-01 2.4e+00 2.47e+00  2e+00  3e+00 1:08.9
   37    407 -1.911362605395532e-01 2.8e+00 3.07e+00  3e+00  4e+00 1:22.0
   43    473 -1.422071112572293e-01 3.1e+00 2.86e+00  2e+00  4e+00 1:35.1
   50    550 -1.234732367801605e-01 3.2e+00 3.00e+00  3e+00  4e+00 1:50.3
   57    627 -7.790754394008086e-02 3.6e+00 3.30e+00  3e+00  5e+00 2:05.4
   64    704 -1.334449274892989e-01 4.6e+00 3.98e+00  3e+00  7e+00 2:20.7
   72    792 -1.440464843202671e-01 6.0e+00 5.27e+00  5e+00  1e+01 2:38.2
   80    880 -1.040818910060357e-01 6.8e+00 3.71e+00  3e+00  7e+00 2:55.5
   89    979 -1.541292008476016e-01 7.1e+00 3.98e+00  3e+00  7e+00 3:15.0
   98   1078 -1.499721631107933e-01 7.8e+00 3.83e+00  3e+00  7e+00 3:34.5
  100   1100 -1.316072098114563e-01 7.8e+00 3.58e+00  3e+00  6e+00 3:38.8
  110   1210 -1.156533649843654e-01 7.9e+00 3.08e+00  2e+00  5e+00 4:00.4
  121   1331 -1.230883968509308e-01 8.0e+00 2.95e+00  2e+00  5e+00 4:24.2
  132   1452 -1.389764303910469e-01 1.0e+01 2.73e+00  2e+00  5e+00 4:48.1
  143   1573 -1.257581497518019e-01 1.1e+01 1.98e+00  1e+00  3e+00 5:12.1
  155   1705 -1.406061397977687e-01 1.3e+01 1.40e+00  9e-01  2e+00 5:38.4
  167   1837 -1.196058502360652e-01 1.4e+01 8.71e-01  5e-01  1e+00 6:04.7
  180   1980 -9.277149374759021e-02 1.5e+01 7.58e-01  5e-01  1e+00 6:33.1
  193   2123 -1.259255022183341e-01 1.5e+01 6.62e-01  4e-01  1e+00 7:01.2
  200   2200 -1.410856496212283e-01 1.6e+01 7.02e-01  4e-01  1e+00 7:16.4
  214   2354 -1.066725768639330e-01 1.5e+01 7.83e-01  5e-01  1e+00 7:46.7
  229   2519 -9.798140648843429e-02 1.4e+01 8.88e-01  6e-01  1e+00 8:19.2
  244   2684 -1.228642919240250e-01 1.4e+01 9.27e-01  6e-01  1e+00 8:52.1
  260   2860 -1.525338276369092e-01 1.2e+01 8.88e-01  5e-01  1e+00 9:27.1
  276   3036 -1.296736844297468e-01 1.5e+01 1.38e+00  8e-01  2e+00 10:01.8
  293   3223 -1.276698895543892e-01 1.6e+01 1.64e+00  1e+00  2e+00 10:38.6
  300   3300 -8.018083715101045e-02 1.6e+01 1.51e+00  9e-01  2e+00 10:53.9
  318   3498 -7.740205506064864e-02 1.9e+01 1.23e+00  7e-01  2e+00 11:33.1
  336   3696 -1.179566295047610e-01 2.2e+01 1.35e+00  8e-01  2e+00 12:12.4
  354   3894 -1.137695287907162e-01 2.9e+01 1.60e+00  1e+00  3e+00 12:51.8
  373   4103 -1.349242397688465e-01 2.9e+01 2.57e+00  2e+00  5e+00 13:33.1
  392   4312 -1.302174808422017e-01 3.0e+01 2.82e+00  2e+00  5e+00 14:14.4
  400   4400 -1.335651723737466e-01 2.9e+01 2.35e+00  1e+00  4e+00 14:31.8
  420   4620 -1.225771557875300e-01 3.6e+01 3.70e+00  2e+00  8e+00 15:15.4
  441   4851 -1.302031853342426e-01 3.7e+01 2.72e+00  1e+00  6e+00 16:01.2
  462   5082 -1.341466038883780e-01 4.0e+01 3.02e+00  1e+00  6e+00 16:47.0
  484   5324 -1.208030814121098e-01 4.0e+01 5.46e+00  2e+00  1e+01 17:34.8
  500   5500 -1.283964019711822e-01 4.4e+01 4.95e+00  2e+00  9e+00 18:09.5
  523   5753 -1.071433575341871e-01 3.9e+01 2.73e+00  1e+00  5e+00 18:59.5
  546   6006 -1.246998860651455e-01 4.7e+01 1.96e+00  8e-01  4e+00 19:49.3
  570   6270 -1.353259499989531e-01 4.8e+01 3.06e+00  1e+00  5e+00 20:41.5
  594   6534 -1.125906048295470e-01 5.5e+01 2.26e+00  8e-01  4e+00 21:34.2
  600   6600 -1.018385045300153e-01 5.1e+01 2.19e+00  8e-01  4e+00 21:47.2
  625   6875 -1.507955055426401e-01 5.9e+01 1.44e+00  5e-01  2e+00 22:41.5
  650   7150 -1.319139917559983e-01 7.2e+01 1.16e+00  4e-01  2e+00 23:36.2
  676   7436 -1.323374906095758e-01 9.7e+01 1.73e+00  6e-01  3e+00 24:33.3
  700   7700 -1.277952990304567e-01 1.4e+02 3.45e+00  1e+00  8e+00 25:25.5
  727   7997 -1.246559913112396e-01 1.5e+02 1.21e+00  4e-01  3e+00 26:24.5
  754   8294 -1.355905985705271e-01 1.6e+02 6.72e-01  2e-01  2e+00 27:23.6
  782   8602 -1.406121404946003e-01 1.7e+02 3.17e-01  8e-02  6e-01 28:24.8
  800   8800 -1.588511427043177e-01 1.2e+02 1.55e-01  4e-02  2e-01 29:04.2
  828   9108 -1.678010529568488e-01 5.0e+01 9.64e-02  1e-02  6e-02 30:05.6
  857   9427 -1.813175310407772e-01 4.6e+01 1.11e-01  2e-02  5e-02 31:09.3
  887   9757 -1.897311913989843e-01 5.3e+01 1.51e-01  2e-02  7e-02 32:14.2
  900   9900 -1.932658233269131e-01 5.0e+01 1.47e-01  1e-02  7e-02 32:42.3
  930  10230 -1.954153025312047e-01 3.9e+01 1.01e-01  8e-03  4e-02 33:47.4
  961  10571 -1.978146317231136e-01 3.7e+01 1.51e-01  9e-03  5e-02 34:54.9
  992  10912 -2.016361230963396e-01 3.8e+01 2.00e-01  9e-03  7e-02 36:02.1
 1000  11000 -2.038709989431700e-01 4.1e+01 3.18e-01  1e-02  1e-01 36:19.6
Budget constraint satisfied 258.5511779785156 666.0750885009766 Difference:  407.52391052246094
Budget constraint satisfied 239.9084930419922 666.0750885009766 Difference:  426.1665954589844
two_most_probable_states: ['100000', '000010']
final_expectation_value: -0.21420434458779392
params: [-2.3364360093196863, 1.4871158999809868, -0.7854630219061002, 2.174110003243689, 0.8231775633219127, 2.383611833099248, 2.6809633553078625, -0.5205169336197184, 2.5608176241102285, 0.7233550210124498, -0.9386234320029964, 2.8473415895731513]
total_steps: 1000
states_probs: [0.055785041190799745, 0.05624792948718632]
optimized_portfolios: [{'AMGN': 1, 'PG': 0, 'TRV': 0}, {'AMGN': 0, 'PG': 0, 'TRV': 1}]
objective_values: [-2.0233181797446695, -5.057224433181398]
result_with_budget: [{'portfolio': {'AMGN': 1, 'PG': 0, 'TRV': 0}, 'budget': 258.5511779785156, 'difference': 407.52391052246094}, {'portfolio': {'AMGN': 0, 'PG': 0, 'TRV': 1}, 'budget': 239.9084930419922, 'difference': 426.1665954589844}]
Processing experiment 96
Budget: 570.6165313720703
Expected returns: 0.2741398152529917
Covariance matrix: 0.39715283832951787
3rd-order coskewness tensor: -0.003054306465894102
4th-order cokurtosis tensor: 5.303630563424351
Number of qubits for asset AAPL: 2
Number of qubits for asset BA: 2
Number of qubits for asset JNJ: 2
Total number of qubits:  6
Optimized Weights (considering variance, skewness and kurtosis):
AAPL: 41.99%
BA: 20.69%
JNJ: 37.33%
Left over budget:  -7.020616976660676e-09
Optimized Discrete Allocation:
AAPL: 1
BA: 1
JNJ: 1
Maximized utility from continuous higher moments:  -29.11190931821947
Budget constraint satisfied 570.6165313720703 570.6165313720703 Difference:  0.0
Budget constraint satisfied 537.0880889892578 570.6165313720703 Difference:  33.5284423828125
smallest_eigenvalues: [-0.2753480477357996]
smallest_bitstrings: ['101010']
first_excited_energy: -0.2743704406742238
optimized_portfolio: [{'AAPL': 1, 'BA': 1, 'JNJ': 1}]
second_optimized_portfolio: [{'AAPL': 1, 'BA': 0, 'JNJ': 2}]
result_with_budget: [{'portfolio': {'AAPL': 1, 'BA': 1, 'JNJ': 1}, 'budget': 570.6165313720703, 'difference': 0.0, 'objective_value': -29.11190931821947}]
result_with_budget_excited: [{'portfolio': {'AAPL': 1, 'BA': 0, 'JNJ': 2}, 'budget': 537.0880889892578, 'difference': 33.5284423828125, 'objective_value': -40.26184593807896}]
Initial params:  [2.2307888  1.9313563  1.18787329 0.53457815 1.42224296 2.90237695
 1.971354   2.19487992 2.23165788 1.93978742 2.33868955 2.57529771]
(5_w,11)-aCMA-ES (mu_w=3.4,w_1=42%) in dimension 12 (seed=1019838, Fri Mar 14 10:59:02 2025)
Iterat #Fevals   function value  axis ratio  sigma  min&max std  t[m:s]
    1     11 -1.764357440673734e-01 1.0e+00 1.42e+00  1e+00  1e+00 0:02.2
    2     22 -1.252861683317751e-01 1.1e+00 1.32e+00  1e+00  1e+00 0:04.4
    3     33 -1.572674963214624e-01 1.2e+00 1.20e+00  1e+00  1e+00 0:06.6
    5     55 -1.116061806020019e-01 1.3e+00 1.26e+00  1e+00  1e+00 0:11.0
    7     77 -2.314067450506266e-01 1.4e+00 1.32e+00  1e+00  1e+00 0:15.4
   10    110 -1.801868586499771e-01 1.5e+00 1.25e+00  1e+00  1e+00 0:21.9
   13    143 -1.934464282647122e-01 1.6e+00 1.15e+00  1e+00  1e+00 0:28.5
   17    187 -1.981417069133138e-01 1.6e+00 1.13e+00  1e+00  1e+00 0:37.3
   21    231 -1.246073718788091e-01 1.9e+00 9.60e-01  8e-01  1e+00 0:46.0
   26    286 -8.270545610035081e-02 2.0e+00 9.30e-01  8e-01  1e+00 0:57.0
   31    341 -2.135104512641521e-01 2.1e+00 8.81e-01  7e-01  9e-01 1:07.9
   37    407 -2.159386042285472e-01 2.2e+00 7.58e-01  6e-01  8e-01 1:20.9
   43    473 -1.486327812991746e-01 2.4e+00 8.12e-01  6e-01  8e-01 1:33.8
   50    550 -1.896761520749184e-01 2.6e+00 7.99e-01  6e-01  8e-01 1:49.0
   57    627 -1.798425752957790e-01 2.7e+00 5.79e-01  4e-01  6e-01 2:04.2
   64    704 -1.703455456490501e-01 2.9e+00 5.01e-01  4e-01  5e-01 2:19.4
   72    792 -1.976067736592255e-01 2.9e+00 6.02e-01  4e-01  6e-01 2:36.7
   80    880 -1.411423375920157e-01 3.1e+00 7.25e-01  5e-01  7e-01 2:54.1
   89    979 -7.018519129151526e-02 3.5e+00 9.78e-01  7e-01  1e+00 3:13.5
   98   1078 -1.830329219341831e-01 4.2e+00 1.24e+00  8e-01  1e+00 3:32.9
  100   1100 -1.491626128099731e-01 4.3e+00 1.54e+00  9e-01  2e+00 3:37.3
  110   1210 -1.698975664938307e-01 4.3e+00 2.22e+00  1e+00  2e+00 3:58.9
  121   1331 -8.229314322779901e-02 4.4e+00 1.54e+00  9e-01  2e+00 4:22.6
  132   1452 -1.473975942885307e-01 4.6e+00 2.14e+00  1e+00  3e+00 4:46.4
  144   1584 -1.163402239915073e-01 5.0e+00 2.22e+00  1e+00  3e+00 5:12.3
  156   1716 -1.902739600112685e-01 5.2e+00 1.85e+00  1e+00  2e+00 5:38.2
  169   1859 -1.083830534068713e-01 5.7e+00 1.68e+00  9e-01  2e+00 6:06.2
  182   2002 -1.160631806159321e-01 6.1e+00 2.41e+00  1e+00  3e+00 6:34.3
  195   2145 -1.170774549268302e-01 6.3e+00 4.12e+00  2e+00  6e+00 7:02.6
  200   2200 -1.205303002423899e-01 7.3e+00 5.88e+00  3e+00  9e+00 7:13.5
  214   2354 -1.318664960538146e-01 8.2e+00 1.02e+01  5e+00  2e+01 7:44.1
  229   2519 -1.143698751051838e-01 1.2e+01 1.27e+01  6e+00  2e+01 8:16.8
  244   2684 -1.329350259210487e-01 1.4e+01 1.46e+01  8e+00  3e+01 8:49.5
  260   2860 -1.406825748152077e-01 1.6e+01 1.00e+01  5e+00  2e+01 9:24.0
  276   3036 -1.410073561835481e-01 1.8e+01 6.47e+00  3e+00  1e+01 9:58.5
  293   3223 -1.262536723580558e-01 1.9e+01 6.61e+00  3e+00  1e+01 10:35.2
  300   3300 -1.508402129174849e-01 1.9e+01 6.75e+00  3e+00  1e+01 10:50.2
  318   3498 -9.788720247463305e-02 1.9e+01 7.17e+00  4e+00  2e+01 11:29.1
  336   3696 -1.242206688471807e-01 2.8e+01 7.07e+00  3e+00  2e+01 12:08.1
  355   3905 -1.107495561778329e-01 3.0e+01 1.22e+01  6e+00  3e+01 12:49.0
  374   4114 -1.443758546339943e-01 3.7e+01 2.44e+01  1e+01  6e+01 13:30.0
  394   4334 -1.502062616803805e-01 3.4e+01 3.17e+01  2e+01  8e+01 14:13.1
  400   4400 -1.084772073401337e-01 3.9e+01 3.25e+01  2e+01  8e+01 14:26.0
  420   4620 -1.365966816267136e-01 4.1e+01 2.03e+01  9e+00  4e+01 15:09.1
  441   4851 -1.281257921665868e-01 4.8e+01 1.93e+01  9e+00  4e+01 15:54.4
  462   5082 -1.223616547782372e-01 5.0e+01 2.70e+01  1e+01  6e+01 16:39.7
  484   5324 -1.597324742226719e-01 4.9e+01 2.42e+01  9e+00  5e+01 17:27.3
  500   5500 -1.016965282870402e-01 5.8e+01 3.54e+01  1e+01  8e+01 18:02.0
  523   5753 -1.250010054783517e-01 6.1e+01 3.60e+01  1e+01  8e+01 18:52.0
  546   6006 -1.316410591497858e-01 6.9e+01 2.83e+01  1e+01  6e+01 19:41.8
  570   6270 -1.474130879900631e-01 8.2e+01 3.26e+01  2e+01  7e+01 20:33.3
  594   6534 -1.215840961021689e-01 8.9e+01 4.36e+01  2e+01  9e+01 21:24.6
  600   6600 -1.212681202614890e-01 9.7e+01 3.53e+01  2e+01  7e+01 21:37.4
  625   6875 -1.452760920408437e-01 1.0e+02 5.40e+01  3e+01  1e+02 22:30.8
  651   7161 -1.336713806946037e-01 1.2e+02 3.25e+01  1e+01  6e+01 23:26.2
  677   7447 -1.125026286074770e-01 1.2e+02 2.46e+01  1e+01  4e+01 24:21.7
  700   7700 -1.257959217909017e-01 1.4e+02 1.37e+01  6e+00  2e+01 25:10.7
  727   7997 -1.145251724225078e-01 1.7e+02 2.62e+01  1e+01  5e+01 26:08.5
  755   8305 -1.250751032495580e-01 2.0e+02 4.86e+01  2e+01  8e+01 27:08.6
  783   8613 -1.301276097420268e-01 2.0e+02 1.10e+02  4e+01  2e+02 28:08.7
  800   8800 -1.151906039286676e-01 1.9e+02 1.11e+02  5e+01  2e+02 28:45.1
  829   9119 -1.320637366538230e-01 2.5e+02 2.20e+02  1e+02  5e+02 29:48.1
  858   9438 -1.143731937424460e-01 2.7e+02 2.32e+02  9e+01  5e+02 30:50.5
  889   9779 -1.424758521876417e-01 3.2e+02 2.44e+02  1e+02  5e+02 31:54.7
  900   9900 -1.199604871252790e-01 3.0e+02 2.33e+02  9e+01  5e+02 32:17.3
  932  10252 -1.452736889088961e-01 4.4e+02 3.69e+02  1e+02  9e+02 33:23.5
  964  10604 -1.025982356557929e-01 6.9e+02 3.44e+02  1e+02  1e+03 34:29.7
  997  10967 -1.595311539147938e-01 8.9e+02 3.29e+02  1e+02  1e+03 35:37.9
 1000  11000 -1.192185404621361e-01 9.2e+02 3.28e+02  1e+02  1e+03 35:44.1
Budget constraint satisfied 497.4715576171875 570.6165313720703 Difference:  73.14497375488281
Budget constraint satisfied 500.2899475097656 570.6165313720703 Difference:  70.32658386230469
two_most_probable_states: ['000110', '010000']
final_expectation_value: -0.23140674505062656
params: [2.0683320916775165, 3.538256090951528, -0.6626694363811234, -0.8766726800076028, 3.6321421601602095, -0.07050190767574538, -1.1432378256710756, 1.792667874693317, 3.5418190921950017, 0.5159882070284484, 2.205974942996753, 0.9397778725355762]
total_steps: 1000
states_probs: [0.04629459271501528, 0.04880620634951495]
optimized_portfolios: [{'AAPL': 0, 'BA': 2, 'JNJ': 1}, {'AAPL': 2, 'BA': 0, 'JNJ': 0}]
objective_values: [-69.02999352795888, -16.071198722206294]
result_with_budget: [{'portfolio': {'AAPL': 0, 'BA': 2, 'JNJ': 1}, 'budget': 497.4715576171875, 'difference': 73.14497375488281}, {'portfolio': {'AAPL': 2, 'BA': 0, 'JNJ': 0}, 'budget': 500.2899475097656, 'difference': 70.32658386230469}]
Processing experiment 97
Budget: 278.6011772155762
Expected returns: 0.10814553479258983
Covariance matrix: 0.22336333602850078
3rd-order coskewness tensor: 0.336451008984807
4th-order cokurtosis tensor: 6.397513752237304
Number of qubits for asset AMGN: 1
Number of qubits for asset BA: 1
Number of qubits for asset INTC: 4
Total number of qubits:  6
Optimized Weights (considering variance, skewness and kurtosis):
AMGN: 48.34%
BA: 28.14%
INTC: 23.52%
Left over budget:  2.823890099534765e-08
Optimized Discrete Allocation:
AMGN: 1
INTC: 1
Maximized utility from continuous higher moments:  -8.667639624641456
Budget constraint satisfied 278.6011772155762 278.6011772155762 Difference:  0.0
Budget constraint satisfied 258.5511779785156 278.6011772155762 Difference:  20.049999237060547
smallest_eigenvalues: [-0.17479081635592233]
smallest_bitstrings: ['101000']
first_excited_energy: -0.17391858724565087
optimized_portfolio: [{'AMGN': 1, 'BA': 0, 'INTC': 1}]
second_optimized_portfolio: [{'AMGN': 1, 'BA': 0, 'INTC': 0}]
result_with_budget: [{'portfolio': {'AMGN': 1, 'BA': 0, 'INTC': 1}, 'budget': 278.6011772155762, 'difference': 0.0, 'objective_value': -8.667639624641456}]
result_with_budget_excited: [{'portfolio': {'AMGN': 1, 'BA': 0, 'INTC': 0}, 'budget': 258.5511779785156, 'difference': 20.049999237060547, 'objective_value': -2.0233181797446695}]
Initial params:  [0.56062665 0.59442423 2.15283155 0.80311665 0.72716563 0.12402047
 1.46900865 1.48325603 0.86941605 2.96662183 1.01797408 3.0033594 ]
(5_w,11)-aCMA-ES (mu_w=3.4,w_1=42%) in dimension 12 (seed=974755, Fri Mar 14 11:35:06 2025)
Iterat #Fevals   function value  axis ratio  sigma  min&max std  t[m:s]
    1     11 -7.879701901453269e-02 1.0e+00 1.34e+00  1e+00  1e+00 0:02.0
    2     22 2.293587000944265e-02 1.2e+00 1.23e+00  1e+00  1e+00 0:04.1
    3     33 -7.965927173397247e-02 1.2e+00 1.13e+00  1e+00  1e+00 0:06.2
    5     55 -2.066359184388136e-02 1.3e+00 1.02e+00  1e+00  1e+00 0:10.3
    7     77 -7.103739672504980e-02 1.4e+00 1.02e+00  9e-01  1e+00 0:14.4
   10    110 -8.073826936764743e-02 1.5e+00 1.00e+00  9e-01  1e+00 0:20.6
   13    143 -5.350499043611542e-02 1.6e+00 9.02e-01  8e-01  1e+00 0:26.8
   17    187 -5.999407820463857e-02 1.8e+00 9.27e-01  7e-01  1e+00 0:35.1
   21    231 -8.335364077272137e-02 1.9e+00 9.26e-01  7e-01  1e+00 0:43.4
   26    286 -3.026070462496013e-02 2.0e+00 8.45e-01  6e-01  1e+00 0:53.8
   31    341 -7.018891781568255e-02 2.2e+00 7.21e-01  5e-01  8e-01 1:04.2
   37    407 -3.167279543343598e-02 2.5e+00 6.68e-01  5e-01  7e-01 1:16.6
   43    473 -8.143664697627176e-02 2.8e+00 5.47e-01  3e-01  6e-01 1:29.1
   50    550 -8.897033723691486e-02 3.0e+00 3.76e-01  2e-01  4e-01 1:43.6
   57    627 -1.038411762154492e-01 3.3e+00 2.50e-01  1e-01  3e-01 1:58.2
   65    715 -1.124044805245554e-01 3.5e+00 1.89e-01  9e-02  2e-01 2:14.7
   73    803 -1.137954331600519e-01 3.8e+00 9.64e-02  4e-02  1e-01 2:31.3
   82    902 -1.168151910490416e-01 4.5e+00 8.06e-02  3e-02  8e-02 2:50.0
   91   1001 -1.189840237643421e-01 5.3e+00 6.94e-02  3e-02  7e-02 3:08.7
  100   1100 -1.201087336119204e-01 5.8e+00 7.77e-02  3e-02  9e-02 3:27.3
  110   1210 -1.221013593899879e-01 7.0e+00 8.12e-02  3e-02  1e-01 3:48.1
  121   1331 -1.257510506211033e-01 1.3e+01 1.20e-01  4e-02  2e-01 4:10.9
  132   1452 -1.322271831824905e-01 2.1e+01 2.57e-01  7e-02  5e-01 4:33.5
  144   1584 -1.399569691962046e-01 2.0e+01 1.69e-01  4e-02  3e-01 4:58.2
  156   1716 -1.433985793441499e-01 2.4e+01 1.05e-01  2e-02  2e-01 5:22.9
  169   1859 -1.457334210894894e-01 2.3e+01 1.14e-01  2e-02  2e-01 5:49.6
  182   2002 -1.477209094140741e-01 2.5e+01 9.30e-02  2e-02  2e-01 6:16.3
  196   2156 -1.492113116713087e-01 2.3e+01 6.21e-02  1e-02  1e-01 6:45.1
  200   2200 -1.492550277523708e-01 2.4e+01 4.61e-02  8e-03  7e-02 6:53.3
  215   2365 -1.495134473792016e-01 2.4e+01 4.71e-02  7e-03  7e-02 7:24.2
  230   2530 -1.496447868765915e-01 2.5e+01 2.47e-02  4e-03  3e-02 7:55.0
  246   2706 -1.497002900113349e-01 2.5e+01 2.00e-02  3e-03  2e-02 8:28.0
  262   2882 -1.497295804501113e-01 2.7e+01 1.53e-02  2e-03  2e-02 9:00.9
  279   3069 -1.497454698985538e-01 3.1e+01 1.07e-02  1e-03  1e-02 9:35.8
  296   3256 -1.497501145924991e-01 3.6e+01 7.14e-03  7e-04  1e-02 10:10.7
  300   3300 -1.497500890825897e-01 4.1e+01 6.71e-03  7e-04  9e-03 10:19.0
  318   3498 -1.497513616214604e-01 4.7e+01 3.04e-03  2e-04  4e-03 10:56.1
  336   3696 -1.497514265907559e-01 5.6e+01 1.61e-03  1e-04  2e-03 11:33.2
  355   3905 -1.497515042673952e-01 5.7e+01 1.30e-03  9e-05  2e-03 12:12.6
  374   4114 -1.497515439594121e-01 6.1e+01 1.08e-03  7e-05  1e-03 12:51.8
  394   4334 -1.497515541114988e-01 6.5e+01 3.29e-04  2e-05  3e-04 13:33.2
  400   4400 -1.497515547440278e-01 6.9e+01 2.27e-04  1e-05  2e-04 13:45.6
  421   4631 -1.497515550384529e-01 7.2e+01 6.32e-05  3e-06  6e-05 14:28.9
  442   4862 -1.497515550424381e-01 8.1e+01 1.78e-05  8e-07  1e-05 15:12.3
  464   5104 -1.497515550433610e-01 8.2e+01 5.57e-06  2e-07  4e-06 15:57.8
  466   5126 -1.497515550433863e-01 7.8e+01 4.93e-06  2e-07  4e-06 16:01.9
Budget constraint satisfied 197.04999923706055 278.6011772155762 Difference:  81.55117797851562
Budget constraint satisfied 258.5511779785156 278.6011772155762 Difference:  20.049999237060547
two_most_probable_states: ['011000', '100000']
final_expectation_value: -0.14975155504340143
params: [-1.008974945055773, 1.8737476398440465, 5.067904265759035, -4.019674103291918, 3.1467024334232727, 4.114724902211495, 1.471596311064491, 2.5758799574136066, 5.189551900869084, 9.17730673986842, 1.0942302894987805, 2.8968314168920037]
total_steps: 466
states_probs: [0.10627273509440721, 0.10706787474018009]
optimized_portfolios: [{'AMGN': 0, 'BA': 1, 'INTC': 1}, {'AMGN': 1, 'BA': 0, 'INTC': 0}]
objective_values: [-14.884420131418429, -2.0233181797446695]
result_with_budget: [{'portfolio': {'AMGN': 0, 'BA': 1, 'INTC': 1}, 'budget': 197.04999923706055, 'difference': 81.55117797851562}, {'portfolio': {'AMGN': 1, 'BA': 0, 'INTC': 0}, 'budget': 258.5511779785156, 'difference': 20.049999237060547}]
Processing experiment 98
Budget: 517.5595474243164
Expected returns: 0.13858735040556297
Covariance matrix: 0.42320211592257634
3rd-order coskewness tensor: -0.3296343406044697
4th-order cokurtosis tensor: 11.440793324258973
Number of qubits for asset CSCO: 4
Number of qubits for asset CVX: 2
Number of qubits for asset V: 1
Total number of qubits:  7
Optimized Weights (considering variance, skewness and kurtosis):
CSCO: 41.74%
CVX: 24.13%
V: 34.13%
Left over budget:  -5.67229108128231e-09
Optimized Discrete Allocation:
CSCO: 1
CVX: 1
V: 1
Maximized utility from continuous higher moments:  -64.91209606383391
Budget constraint satisfied 517.5595474243164 517.5595474243164 Difference:  0.0
Budget constraint satisfied 491.90709686279297 517.5595474243164 Difference:  25.652450561523438
smallest_eigenvalues: [-0.20513494744322636]
smallest_bitstrings: ['1000101']
first_excited_energy: -0.2042741021823452
optimized_portfolio: [{'CSCO': 1, 'CVX': 1, 'V': 1}]
second_optimized_portfolio: [{'CSCO': 3, 'CVX': 0, 'V': 1}]
result_with_budget: [{'portfolio': {'CSCO': 1, 'CVX': 1, 'V': 1}, 'budget': 517.5595474243164, 'difference': 0.0, 'objective_value': -64.91209606383391}]
result_with_budget_excited: [{'portfolio': {'CSCO': 3, 'CVX': 0, 'V': 1}, 'budget': 491.90709686279297, 'difference': 25.652450561523438, 'objective_value': -230.37810891648553}]
Initial params:  [2.47738404 2.24919902 2.22526912 0.32579199 2.86366824 2.3174458
 2.02878772 3.08105374 1.64166385 0.9786356  1.98786825 0.44072914
 1.5630227  2.06422857]
(5_w,11)-aCMA-ES (mu_w=3.4,w_1=42%) in dimension 14 (seed=1082998, Fri Mar 14 11:51:22 2025)
Iterat #Fevals   function value  axis ratio  sigma  min&max std  t[m:s]
    1     11 -7.617489948479031e-02 1.0e+00 1.41e+00  1e+00  1e+00 0:04.2
    2     22 -8.319285149823699e-02 1.1e+00 1.37e+00  1e+00  1e+00 0:08.4
    3     33 -6.368674197703997e-02 1.2e+00 1.38e+00  1e+00  1e+00 0:12.7
    4     44 -3.331569226308775e-02 1.3e+00 1.41e+00  1e+00  1e+00 0:16.9
    5     55 -7.702738703463484e-02 1.3e+00 1.51e+00  1e+00  2e+00 0:21.1
    7     77 -1.049627904800525e-01 1.5e+00 1.58e+00  1e+00  2e+00 0:29.5
    9     99 -1.439994121114726e-03 1.6e+00 1.52e+00  1e+00  2e+00 0:38.0
   11    121 -4.544560375130769e-02 1.7e+00 1.57e+00  1e+00  2e+00 0:46.4
   13    143 -1.182790624520414e-01 1.8e+00 1.56e+00  1e+00  2e+00 0:54.9
   16    176 -8.730536134167288e-02 1.8e+00 1.28e+00  1e+00  1e+00 1:07.6
   19    209 -7.453911269638595e-02 1.9e+00 1.10e+00  1e+00  1e+00 1:20.3
   22    242 -4.032585613620771e-02 1.9e+00 1.20e+00  1e+00  1e+00 1:32.8
   25    275 -1.910845175342897e-02 2.0e+00 1.24e+00  1e+00  1e+00 1:45.5
   29    319 -3.070337211391785e-02 2.0e+00 1.18e+00  1e+00  1e+00 2:02.4
   33    363 -2.768733367847026e-02 2.1e+00 1.09e+00  9e-01  1e+00 2:19.2
   37    407 -2.325806548358462e-02 2.1e+00 9.40e-01  8e-01  1e+00 2:36.0
   41    451 -7.786558744281542e-03 2.3e+00 1.08e+00  9e-01  1e+00 2:52.9
   46    506 -3.036949531671532e-02 2.5e+00 9.92e-01  8e-01  1e+00 3:14.0
   51    561 -4.845874139842140e-02 2.6e+00 9.31e-01  8e-01  1e+00 3:35.0
   56    616 2.855750151063966e-02 2.6e+00 8.87e-01  7e-01  1e+00 3:56.1
   61    671 -3.372267691051703e-02 2.5e+00 8.25e-01  6e-01  1e+00 4:17.2
   66    726 -5.166865592406045e-02 2.5e+00 7.77e-01  6e-01  9e-01 4:38.3
   72    792 -3.691349685627771e-02 2.6e+00 6.37e-01  5e-01  8e-01 5:03.6
   78    858 -5.771961521493159e-02 2.6e+00 7.14e-01  5e-01  8e-01 5:28.9
   84    924 -4.560924002139118e-02 2.9e+00 7.32e-01  5e-01  9e-01 5:54.1
   90    990 -9.811742021186300e-02 3.0e+00 7.11e-01  5e-01  8e-01 6:19.2
   97   1067 -6.894508833877212e-02 3.1e+00 7.97e-01  5e-01  9e-01 6:48.5
  100   1100 -3.185195370330497e-02 3.2e+00 8.19e-01  6e-01  1e+00 7:01.1
  107   1177 -8.371844494116407e-02 3.4e+00 7.24e-01  5e-01  8e-01 7:30.4
  114   1254 -7.951879996206025e-02 3.6e+00 9.50e-01  6e-01  1e+00 7:59.8
  122   1342 -6.339589364451205e-02 3.9e+00 1.04e+00  6e-01  1e+00 8:33.3
  130   1430 -4.346836392661681e-02 4.2e+00 1.21e+00  8e-01  1e+00 9:06.9
  138   1518 -4.811819505796774e-02 4.4e+00 9.87e-01  6e-01  1e+00 9:40.5
  146   1606 -1.333725228247185e-01 4.8e+00 1.24e+00  8e-01  2e+00 10:14.0
  155   1705 2.076803712952573e-02 5.8e+00 1.50e+00  1e+00  2e+00 10:51.7
  164   1804 -6.361989104066174e-02 6.5e+00 1.68e+00  1e+00  2e+00 11:29.4
  173   1903 -7.467152055701347e-02 6.5e+00 1.47e+00  1e+00  2e+00 12:07.1
  182   2002 -9.370813044027063e-02 6.5e+00 1.32e+00  9e-01  2e+00 12:44.8
  192   2112 -1.152094568781879e-01 6.5e+00 1.21e+00  8e-01  2e+00 13:26.8
  200   2200 -1.045090667251854e-01 7.2e+00 1.62e+00  1e+00  2e+00 14:00.3
  210   2310 -6.839529184137270e-02 7.5e+00 1.10e+00  7e-01  2e+00 14:42.3
  220   2420 -6.196975327651218e-02 7.5e+00 1.00e+00  6e-01  1e+00 15:24.2
  231   2541 -1.038590109558733e-01 7.5e+00 9.13e-01  6e-01  1e+00 16:10.3
  242   2662 -7.191622406033657e-02 7.4e+00 1.17e+00  8e-01  2e+00 16:56.5
  253   2783 -7.149968084268059e-02 7.2e+00 9.82e-01  6e-01  1e+00 17:42.8
  264   2904 -7.709840669297399e-02 7.5e+00 9.75e-01  5e-01  1e+00 18:29.1
  275   3025 -6.301634882427946e-02 7.5e+00 6.42e-01  3e-01  8e-01 19:15.5
  287   3157 -8.592611965628720e-02 7.2e+00 4.54e-01  2e-01  5e-01 20:05.8
  299   3289 -1.072648495272496e-01 7.3e+00 5.93e-01  3e-01  6e-01 20:56.1
  300   3300 -9.952018927445240e-02 7.3e+00 6.06e-01  3e-01  7e-01 21:00.3
  312   3432 -9.324325247674907e-02 7.1e+00 5.10e-01  3e-01  5e-01 21:50.6
  325   3575 -1.419767117915005e-01 7.1e+00 3.61e-01  2e-01  4e-01 22:45.1
  338   3718 -1.676406731264284e-01 8.1e+00 2.64e-01  1e-01  3e-01 23:39.7
  351   3861 -1.627341070647724e-01 7.9e+00 1.94e-01  8e-02  2e-01 24:34.2
  364   4004 -1.632063106680867e-01 8.9e+00 1.92e-01  7e-02  2e-01 25:28.8
  378   4158 -1.699638341334819e-01 8.7e+00 1.28e-01  4e-02  1e-01 26:27.5
  392   4312 -1.726856905999026e-01 8.6e+00 1.06e-01  3e-02  1e-01 27:26.2
  400   4400 -1.731452283676872e-01 9.0e+00 9.30e-02  2e-02  1e-01 28:00.0
  414   4554 -1.745526887871321e-01 1.1e+01 6.81e-02  2e-02  8e-02 28:58.9
  429   4719 -1.755655071078852e-01 1.1e+01 5.03e-02  1e-02  6e-02 30:01.9
  444   4884 -1.773652894312854e-01 1.2e+01 8.72e-02  2e-02  9e-02 31:04.8
  459   5049 -1.778032425899103e-01 1.4e+01 9.50e-02  1e-02  1e-01 32:07.8
  474   5214 -1.784228243462680e-01 1.8e+01 7.68e-02  1e-02  9e-02 33:11.0
  490   5390 -1.787545431713778e-01 2.1e+01 6.38e-02  9e-03  8e-02 34:18.1
  500   5500 -1.789897401164830e-01 2.5e+01 6.91e-02  9e-03  9e-02 35:00.1
  516   5676 -1.793586498763341e-01 3.2e+01 1.14e-01  1e-02  1e-01 36:07.4
  532   5852 -1.797501214001575e-01 3.6e+01 7.79e-02  7e-03  9e-02 37:14.7
  548   6028 -1.800396404963968e-01 3.8e+01 4.32e-02  4e-03  5e-02 38:21.9
  565   6215 -1.803442189911392e-01 4.8e+01 6.78e-02  6e-03  7e-02 39:33.1
  582   6402 -1.810016050752918e-01 9.9e+01 1.27e-01  1e-02  2e-01 40:44.4
  599   6589 -1.813410757519866e-01 1.1e+02 1.02e-01  9e-03  1e-01 41:55.6
  600   6600 -1.815191161573309e-01 1.1e+02 9.38e-02  8e-03  1e-01 41:59.8
  618   6798 -1.817121971409571e-01 9.8e+01 5.19e-02  4e-03  6e-02 43:15.3
  636   6996 -1.817796659046410e-01 9.6e+01 3.04e-02  2e-03  4e-02 44:30.7
  654   7194 -1.818247039405981e-01 1.0e+02 4.22e-02  3e-03  6e-02 45:46.2
  672   7392 -1.818516900293476e-01 1.1e+02 2.87e-02  2e-03  4e-02 47:01.9
  691   7601 -1.818612460402093e-01 1.2e+02 2.13e-02  1e-03  3e-02 48:21.8
  700   7700 -1.818672462216082e-01 1.2e+02 1.73e-02  8e-04  2e-02 48:59.7
  719   7909 -1.818751240618473e-01 1.4e+02 3.04e-02  1e-03  4e-02 50:19.3
  738   8118 -1.819027325068335e-01 2.1e+02 5.22e-02  2e-03  1e-01 51:39.8
  757   8327 -1.819532465821195e-01 3.0e+02 5.31e-02  2e-03  1e-01 53:01.3
  777   8547 -1.820014939395229e-01 3.2e+02 5.20e-02  2e-03  1e-01 54:26.1
  797   8767 -1.820556007580132e-01 3.1e+02 7.94e-02  2e-03  2e-01 55:50.4
  800   8800 -1.820616068244393e-01 3.1e+02 8.07e-02  2e-03  2e-01 56:03.1
  820   9020 -1.820876735562689e-01 3.1e+02 4.02e-02  1e-03  8e-02 57:28.5
  841   9251 -1.821014202877783e-01 3.1e+02 5.02e-02  1e-03  9e-02 58:57.7
  862   9482 -1.821143737217519e-01 3.1e+02 4.49e-02  1e-03  7e-02 60:26.2
  883   9713 -1.821163130913998e-01 3.5e+02 2.25e-02  4e-04  3e-02 61:54.6
  900   9900 -1.821168582498815e-01 3.3e+02 1.28e-02  2e-04  2e-02 63:05.9
  922  10142 -1.821169266238804e-01 3.6e+02 3.16e-03  5e-05  4e-03 64:38.3
  944  10384 -1.821169386613991e-01 3.6e+02 1.39e-03  2e-05  2e-03 66:11.1
  966  10626 -1.821169411713846e-01 3.4e+02 8.56e-04  1e-05  1e-03 67:43.6
  988  10868 -1.821169419137303e-01 3.4e+02 7.37e-04  8e-06  8e-04 69:16.0
 1000  11000 -1.821169424546205e-01 3.3e+02 1.01e-03  1e-05  1e-03 70:06.2
Budget constraint not satisfied 529.1939163208008 517.5595474243164 Difference:  -11.634368896484375
Budget constraint satisfied 470.39459228515625 517.5595474243164 Difference:  47.164955139160156
two_most_probable_states: ['1001000', '0001000']
final_expectation_value: -0.1821169424546205
params: [-7.01759402028189, 3.048381205604943, 2.342215246109789, -4.965138675117132, 9.621169478355247, 10.613869426054036, -11.473225106092997, 1.56955698894157, 9.412199411907961, 8.535436503348368, -0.15481910462518905, -1.009146635367552, -3.104773017535126, 1.2590099890750654]
total_steps: 1000
states_probs: [0.18869278202434858, 0.5826245194020273]
optimized_portfolios: [{'CSCO': 9, 'CVX': 0, 'V': 0}, {'CSCO': 8, 'CVX': 0, 'V': 0}]
objective_values: [-9623.28505605457, -6036.963874412094]
result_with_budget: [{'portfolio': {'CSCO': 9, 'CVX': 0, 'V': 0}, 'budget': 529.1939163208008, 'difference': -11.634368896484375}, {'portfolio': {'CSCO': 8, 'CVX': 0, 'V': 0}, 'budget': 470.39459228515625, 'difference': 47.164955139160156}]
Processing experiment 99
Budget: 235.79932403564453
Expected returns: 0.12568066045726514
Covariance matrix: 0.3797673386517487
3rd-order coskewness tensor: 0.2030974687183745
4th-order cokurtosis tensor: 16.370973844280794
Number of qubits for asset BA: 1
Number of qubits for asset CSCO: 3
Number of qubits for asset NKE: 2
Total number of qubits:  6
Optimized Weights (considering variance, skewness and kurtosis):
BA: 25.64%
CSCO: 36.24%
NKE: 38.12%
Left over budget:  42.91174307490985
Optimized Discrete Allocation:
CSCO: 2
NKE: 1
Maximized utility from continuous higher moments:  -51.95057392934809
Budget constraint satisfied 235.79932403564453 235.79932403564453 Difference:  0.0
Budget constraint not satisfied 252.28893280029297 235.79932403564453 Difference:  -16.489608764648438
smallest_eigenvalues: [-0.1853919987443341]
smallest_bitstrings: ['110000']
first_excited_energy: -0.1844754188111403
optimized_portfolio: [{'BA': 1, 'CSCO': 1, 'NKE': 0}]
second_optimized_portfolio: [{'BA': 1, 'CSCO': 0, 'NKE': 1}]
result_with_budget: [{'portfolio': {'BA': 1, 'CSCO': 1, 'NKE': 0}, 'budget': 235.79932403564453, 'difference': 0.0, 'objective_value': -14.99195404340986}]
result_with_budget_excited: [{'portfolio': {'BA': 1, 'CSCO': 0, 'NKE': 1}, 'budget': 252.28893280029297, 'difference': -16.489608764648438, 'objective_value': -15.526446516467256}]
Initial params:  [1.65943314 0.78715656 1.59524136 2.05125271 1.22430127 3.0799195
 3.02840624 0.92224535 0.90799002 2.90566521 0.90623855 1.58579883]
(5_w,11)-aCMA-ES (mu_w=3.4,w_1=42%) in dimension 12 (seed=1013538, Fri Mar 14 13:01:56 2025)
Iterat #Fevals   function value  axis ratio  sigma  min&max std  t[m:s]
    1     11 -1.073033733450060e-01 1.0e+00 1.44e+00  1e+00  1e+00 0:02.1
    2     22 -6.094573230652803e-02 1.2e+00 1.39e+00  1e+00  1e+00 0:04.1
    3     33 -3.701764513935989e-02 1.2e+00 1.41e+00  1e+00  1e+00 0:06.2
    5     55 -9.388436988949932e-02 1.3e+00 1.48e+00  1e+00  2e+00 0:10.2
    7     77 -1.154569035329513e-01 1.4e+00 1.49e+00  1e+00  2e+00 0:14.4
   10    110 -1.082267129971453e-01 1.5e+00 1.38e+00  1e+00  1e+00 0:20.5
   13    143 -2.113665503885612e-02 1.5e+00 1.16e+00  1e+00  1e+00 0:26.6
   17    187 -1.201251511070547e-01 1.7e+00 1.05e+00  9e-01  1e+00 0:34.9
   21    231 -4.836931779589251e-02 1.8e+00 1.03e+00  9e-01  1e+00 0:43.1
   26    286 -9.185456284276580e-02 1.9e+00 9.43e-01  8e-01  1e+00 0:53.4
   31    341 -9.791156448087630e-02 1.9e+00 8.46e-01  7e-01  9e-01 1:03.7
   37    407 -1.307098696609779e-01 2.1e+00 7.66e-01  6e-01  8e-01 1:16.1
   43    473 -1.254912560112459e-01 2.6e+00 7.96e-01  6e-01  9e-01 1:28.4
   50    550 -1.117936318544683e-01 2.6e+00 5.95e-01  4e-01  7e-01 1:42.8
   57    627 -1.185215928818588e-01 3.1e+00 4.91e-01  3e-01  6e-01 1:57.2
   65    715 -1.360169511492081e-01 3.6e+00 4.30e-01  3e-01  5e-01 2:13.7
   73    803 -1.419794823272215e-01 4.1e+00 4.14e-01  3e-01  5e-01 2:30.2
   82    902 -1.373293434218847e-01 5.2e+00 2.92e-01  2e-01  4e-01 2:48.7
   91   1001 -1.467252758791634e-01 6.3e+00 2.26e-01  1e-01  3e-01 3:07.2
  100   1100 -1.500222525420488e-01 7.1e+00 1.56e-01  8e-02  2e-01 3:25.8
  110   1210 -1.525014947067313e-01 8.7e+00 1.28e-01  6e-02  1e-01 3:46.3
  121   1331 -1.541211053078042e-01 1.1e+01 1.58e-01  7e-02  2e-01 4:08.9
  132   1452 -1.540901611870392e-01 1.3e+01 1.34e-01  5e-02  2e-01 4:31.5
  144   1584 -1.552664671199649e-01 1.4e+01 1.38e-01  5e-02  2e-01 4:56.1
  156   1716 -1.563929039058151e-01 1.7e+01 1.16e-01  4e-02  1e-01 5:20.7
  169   1859 -1.580158439354448e-01 1.8e+01 9.40e-02  3e-02  1e-01 5:47.3
  182   2002 -1.589871516556877e-01 2.0e+01 1.06e-01  3e-02  1e-01 6:14.1
  196   2156 -1.614002307664899e-01 2.9e+01 1.52e-01  4e-02  3e-01 6:42.9
  200   2200 -1.617609634318412e-01 3.4e+01 1.50e-01  4e-02  3e-01 6:51.1
  215   2365 -1.635133371168337e-01 4.7e+01 1.30e-01  3e-02  3e-01 7:21.9
  230   2530 -1.635563613962336e-01 5.4e+01 9.73e-02  2e-02  2e-01 7:52.6
  246   2706 -1.650831330241844e-01 5.4e+01 1.14e-01  2e-02  2e-01 8:25.4
  262   2882 -1.660349243897128e-01 7.0e+01 8.63e-02  1e-02  2e-01 8:58.2
  279   3069 -1.663704023556015e-01 7.4e+01 7.21e-02  9e-03  1e-01 9:33.2
  296   3256 -1.670238924672005e-01 7.6e+01 1.31e-01  1e-02  3e-01 10:08.2
  300   3300 -1.669420338100043e-01 7.5e+01 1.00e-01  1e-02  2e-01 10:16.5
  318   3498 -1.673077132376368e-01 8.3e+01 1.00e-01  8e-03  2e-01 10:53.5
  337   3707 -1.674846758023923e-01 1.0e+02 6.90e-02  5e-03  1e-01 11:32.4
  356   3916 -1.675472855420188e-01 1.1e+02 3.85e-02  3e-03  7e-02 12:11.4
  376   4136 -1.675657865764172e-01 1.3e+02 2.09e-02  1e-03  4e-02 12:52.3
  396   4356 -1.675709427670845e-01 1.2e+02 1.20e-02  7e-04  2e-02 13:33.4
  400   4400 -1.675705538416086e-01 1.2e+02 1.02e-02  5e-04  2e-02 13:41.6
  421   4631 -1.675714537326207e-01 1.3e+02 3.64e-03  2e-04  6e-03 14:24.9
  442   4862 -1.675714924140987e-01 1.6e+02 1.14e-03  4e-05  2e-03 15:08.1
  464   5104 -1.675714937021185e-01 1.6e+02 3.20e-04  1e-05  4e-04 15:53.4
  486   5346 -1.675714938507372e-01 1.8e+02 9.60e-05  3e-06  1e-04 16:38.6
  500   5500 -1.675714938723055e-01 1.6e+02 5.47e-05  1e-06  5e-05 17:07.5
  523   5753 -1.675714938789235e-01 1.7e+02 1.72e-05  3e-07  2e-05 17:54.8
  534   5874 -1.675714938789446e-01 1.6e+02 9.80e-06  2e-07  8e-06 18:17.4
Budget constraint satisfied 235.79932403564453 235.79932403564453 Difference:  0.0
Budget constraint satisfied 235.19729614257812 235.79932403564453 Difference:  0.6020278930664062
two_most_probable_states: ['110000', '000100']
final_expectation_value: -0.1675714938789475
params: [2.016164305454945, 5.087383091826926, 1.5063960679008956, -0.46581356766347803, 11.71653590747135, -0.2538847712175726, 5.802124024325548, 1.5054127695978468, 3.7896066909536463, 3.8700091160151846, -3.911474435046563, 0.6574450151178695]
total_steps: 534
states_probs: [0.05982501684251999, 0.0933799988540522]
optimized_portfolios: [{'BA': 1, 'CSCO': 1, 'NKE': 0}, {'BA': 0, 'CSCO': 4, 'NKE': 0}]
objective_values: [-14.99195404340986, -400.0993358740079]
result_with_budget: [{'portfolio': {'BA': 1, 'CSCO': 1, 'NKE': 0}, 'budget': 235.79932403564453, 'difference': 0.0}, {'portfolio': {'BA': 0, 'CSCO': 4, 'NKE': 0}, 'budget': 235.19729614257812, 'difference': 0.6020278930664062}]
Processing experiment 100
Budget: 999.6315231323242
Expected returns: 0.17820424619445704
Covariance matrix: 0.5581849627311298
3rd-order coskewness tensor: 1.0810260730829933
4th-order cokurtosis tensor: 21.988425862308958
Number of qubits for asset AXP: 2
Number of qubits for asset DIS: 4
Number of qubits for asset WMT: 4
Total number of qubits:  10
Optimized Weights (considering variance, skewness and kurtosis):
AXP: 26.49%
DIS: 30.55%
WMT: 42.96%
Left over budget:  8.087687599790343
Optimized Discrete Allocation:
AXP: 1
DIS: 3
WMT: 4
Maximized utility from continuous higher moments:  -951.2654607433522
Budget constraint satisfied 978.6315231323242 999.6315231323242 Difference:  21.0
Budget constraint satisfied 995.5876770019531 999.6315231323242 Difference:  4.043846130371094
smallest_eigenvalues: [-0.12123390608783026]
smallest_bitstrings: ['1100001000']
first_excited_energy: -0.12122968148316889
optimized_portfolio: [{'AXP': 3, 'DIS': 0, 'WMT': 1}]
second_optimized_portfolio: [{'AXP': 2, 'DIS': 2, 'WMT': 2}]
result_with_budget: [{'portfolio': {'AXP': 3, 'DIS': 0, 'WMT': 1}, 'budget': 978.6315231323242, 'difference': 21.0, 'objective_value': -256.85010057162975}]
result_with_budget_excited: [{'portfolio': {'AXP': 2, 'DIS': 2, 'WMT': 2}, 'budget': 995.5876770019531, 'difference': 4.043846130371094, 'objective_value': -419.92788515933904}]
Initial params:  [2.65068001 1.83949604 1.75848923 0.2668714  0.15812342 1.64242784
 0.73578216 2.13616539 0.37468573 1.22170743 0.4386191  2.49903084
 0.36997964 0.14933777 0.37110368 0.49348292 2.87249644 1.65251675
 3.00792352 0.72127771]
(6_w,12)-aCMA-ES (mu_w=3.7,w_1=40%) in dimension 20 (seed=1071932, Fri Mar 14 13:20:27 2025)
Iterat #Fevals   function value  axis ratio  sigma  min&max std  t[m:s]
    1     12 -9.999004318570136e-03 1.0e+00 1.42e+00  1e+00  1e+00 0:26.6
    2     24 -5.222805240017105e-02 1.1e+00 1.36e+00  1e+00  1e+00 0:53.1
    3     36 -7.112337821707961e-02 1.1e+00 1.32e+00  1e+00  1e+00 1:19.6
    4     48 -6.678103710040047e-02 1.2e+00 1.23e+00  1e+00  1e+00 1:46.2
    5     60 -6.730949674379415e-02 1.2e+00 1.20e+00  1e+00  1e+00 2:12.7
    6     72 -8.120061570068829e-02 1.2e+00 1.17e+00  1e+00  1e+00 2:39.0
    7     84 -5.345419490352392e-02 1.2e+00 1.14e+00  1e+00  1e+00 3:05.5
    8     96 -6.757385534733243e-02 1.2e+00 1.13e+00  1e+00  1e+00 3:32.2
    9    108 -6.611291154795262e-02 1.2e+00 1.15e+00  1e+00  1e+00 3:58.7
   10    120 -8.439773653609124e-02 1.2e+00 1.17e+00  1e+00  1e+00 4:25.2
   11    132 -6.999273438678066e-02 1.3e+00 1.19e+00  1e+00  1e+00 4:51.6
   12    144 -6.299145084438372e-02 1.3e+00 1.20e+00  1e+00  1e+00 5:18.0
   13    156 -7.741723873664777e-02 1.3e+00 1.21e+00  1e+00  1e+00 5:44.6
   14    168 -9.217818627957780e-02 1.3e+00 1.22e+00  1e+00  1e+00 6:11.1
   15    180 -8.751455449990631e-02 1.3e+00 1.23e+00  1e+00  1e+00 6:37.5
   16    192 -8.110091390959022e-02 1.4e+00 1.24e+00  1e+00  1e+00 7:04.1
   17    204 -3.938506918963228e-03 1.4e+00 1.21e+00  1e+00  1e+00 7:30.5
   18    216 -5.410317321639681e-02 1.5e+00 1.22e+00  1e+00  1e+00 7:57.1
   19    228 -7.072023918376225e-02 1.5e+00 1.20e+00  1e+00  1e+00 8:23.8
   20    240 -9.245378759284076e-02 1.5e+00 1.20e+00  1e+00  1e+00 8:50.5
   21    252 -5.668992267905090e-02 1.5e+00 1.18e+00  1e+00  1e+00 9:17.1
   22    264 -6.662457999268956e-02 1.5e+00 1.19e+00  1e+00  1e+00 9:43.8
   23    276 -4.315204692823126e-02 1.6e+00 1.25e+00  1e+00  1e+00 10:10.4
   24    288 -4.605853241014642e-02 1.6e+00 1.28e+00  1e+00  1e+00 10:37.1
   25    300 -5.933100967067331e-02 1.6e+00 1.32e+00  1e+00  1e+00 11:03.8
   26    312 -8.240738583679140e-02 1.6e+00 1.39e+00  1e+00  1e+00 11:30.4
   27    324 -4.907404087564132e-02 1.6e+00 1.44e+00  1e+00  2e+00 11:56.8
   29    348 -7.566456825809932e-02 1.7e+00 1.49e+00  1e+00  2e+00 12:49.8
   31    372 -2.623366048512330e-02 1.8e+00 1.66e+00  2e+00  2e+00 13:42.9
   33    396 -1.355799148040901e-02 1.8e+00 1.62e+00  1e+00  2e+00 14:35.7
   35    420 -3.500142796397836e-02 1.9e+00 1.55e+00  1e+00  2e+00 15:28.4
   37    444 -1.316520574397272e-02 1.9e+00 1.52e+00  1e+00  2e+00 16:21.6
   39    468 1.247287379935635e-02 2.0e+00 1.48e+00  1e+00  2e+00 17:14.5
   41    492 -1.499371360499673e-02 2.0e+00 1.52e+00  1e+00  2e+00 18:07.3
   43    516 -5.162125830159280e-02 2.0e+00 1.54e+00  1e+00  2e+00 19:00.4
   45    540 -3.744842183703072e-02 2.1e+00 1.51e+00  1e+00  2e+00 19:53.4
   47    564 -5.107330407440303e-02 2.1e+00 1.38e+00  1e+00  2e+00 20:46.4
   49    588 -3.941146971908914e-02 2.2e+00 1.34e+00  1e+00  2e+00 21:39.7
   51    612 -1.520899861905830e-02 2.2e+00 1.31e+00  1e+00  2e+00 22:32.5
   53    636 -1.369524380820588e-02 2.2e+00 1.28e+00  1e+00  1e+00 23:25.6
   55    660 -4.418703455762858e-02 2.3e+00 1.34e+00  1e+00  2e+00 24:18.3
   57    684 -3.669475073480223e-02 2.3e+00 1.37e+00  1e+00  2e+00 25:11.6
   59    708 -5.992319993382790e-02 2.4e+00 1.44e+00  1e+00  2e+00 26:04.5
   61    732 -6.438926676357971e-02 2.4e+00 1.47e+00  1e+00  2e+00 26:57.4
   63    756 -4.794593949584822e-02 2.5e+00 1.40e+00  1e+00  2e+00 27:50.5
   65    780 -6.984135500049350e-04 2.6e+00 1.35e+00  1e+00  2e+00 28:43.4
   67    804 -7.182556482737966e-02 2.6e+00 1.39e+00  1e+00  2e+00 29:36.5
   69    828 -4.809421148556021e-02 2.7e+00 1.49e+00  1e+00  2e+00 30:29.6
   71    852 -3.801511968806312e-02 2.8e+00 1.48e+00  1e+00  2e+00 31:22.5
   73    876 5.142367891310306e-03 2.8e+00 1.46e+00  1e+00  2e+00 32:15.6
   75    900 -5.497746528103459e-02 2.8e+00 1.41e+00  1e+00  2e+00 33:08.4
   77    924 6.700862434973226e-03 2.9e+00 1.46e+00  1e+00  2e+00 34:01.5
   79    948 -6.787108925514827e-02 2.9e+00 1.57e+00  1e+00  2e+00 34:54.5
   82    984 -7.155956612820001e-02 2.9e+00 1.67e+00  2e+00  2e+00 36:13.9
