Running job array 71 on pe78.int.triton.aalto.fi
Starting at Fri Mar 21 18:09:47 EET 2025
Activating virtual environment at /scratch/work/uotilav2/quantum-portfolio/venv
Processing batch 72/100: experiments 71 to 71 (total 1)
Processing experiment 71
Budget: 816
YF.download() has changed argument auto_adjust default to True
Number of qubits for asset BA: 3
Number of qubits for asset CSCO: 4
Number of qubits for asset NKE: 4
Number of qubits for asset V: 2
Total number of qubits:  13
Optimized Weights (considering variance, skewness and kurtosis):
BA: 0.00%
CSCO: 7.57%
NKE: 0.00%
V: 92.43%
Left over budget:  67.38310164136215
Optimized Discrete Allocation:
CSCO: 2
V: 2
Maximized utility from continuous higher moments:  -4.9850522302028395
Budget constraint satisfied 815.6661224365234 816 Difference:  0.3338775634765625
Budget constraint satisfied 815.064094543457 816 Difference:  0.9359054565429688
smallest_eigenvalues: [-0.06184003101696667]
smallest_bitstrings: ['1101000110000']
first_excited_energy: -0.06183951752656665
optimized_portfolio: [{'BA': 3, 'CSCO': 1, 'NKE': 3, 'V': 0}]
second_optimized_portfolio: [{'BA': 2, 'CSCO': 4, 'NKE': 3, 'V': 0}]
result_with_budget: [{'portfolio': {'BA': 3, 'CSCO': 1, 'NKE': 3, 'V': 0}, 'budget': 815.6661224365234, 'difference': 0.3338775634765625, 'objective_value': -41.975458293047694}]
result_with_budget_excited: [{'portfolio': {'BA': 2, 'CSCO': 4, 'NKE': 3, 'V': 0}, 'budget': 815.064094543457, 'difference': 0.9359054565429688, 'objective_value': -79.48974975391678}]
Initial params:  [2.51063067 1.44978017 2.45210473 0.37157007 2.01037118 0.45035763
 2.96776493 1.63943485 1.3026989  0.83112597 2.43232687 1.43303853
 1.78578792 0.0590299  1.94035914 1.92295543 1.93815531 2.96487203
 2.14200164 1.12942738]
(6_w,12)-aCMA-ES (mu_w=3.7,w_1=40%) in dimension 20 (seed=729173, Fri Mar 21 18:13:53 2025)
Iterat #Fevals   function value  axis ratio  sigma  min&max std  t[m:s]
    1     12 -2.852489610336653e-02 1.0e+00 9.29e-02  9e-02  9e-02 1:30.7
    2     24 -3.272256698963338e-02 1.1e+00 9.10e-02  9e-02  9e-02 3:01.4
    3     36 -2.996111657969616e-02 1.1e+00 9.00e-02  9e-02  9e-02 4:32.5
    4     48 -3.587975969247342e-02 1.2e+00 9.28e-02  9e-02  9e-02 6:03.9
    5     60 -3.720279519296206e-02 1.3e+00 9.60e-02  9e-02  1e-01 7:35.1
    6     72 -3.911301230706794e-02 1.3e+00 9.66e-02  9e-02  1e-01 9:06.0
    7     84 -4.197193612687533e-02 1.3e+00 9.87e-02  1e-01  1e-01 10:37.0
    8     96 -4.208021787384025e-02 1.4e+00 1.02e-01  1e-01  1e-01 12:08.1
    9    108 -4.279651882198839e-02 1.4e+00 1.03e-01  1e-01  1e-01 13:39.1
   10    120 -4.438271693197375e-02 1.5e+00 1.01e-01  1e-01  1e-01 15:10.1
   11    132 -4.493914754189838e-02 1.5e+00 1.01e-01  1e-01  1e-01 16:40.8
   12    144 -4.393019128097578e-02 1.5e+00 1.04e-01  1e-01  1e-01 18:11.7
   13    156 -4.571421182780753e-02 1.6e+00 1.09e-01  1e-01  1e-01 19:42.7
   14    168 -4.458225431200284e-02 1.7e+00 1.14e-01  1e-01  1e-01 21:13.9
   15    180 -4.646097695525055e-02 1.7e+00 1.21e-01  1e-01  1e-01 22:45.1
   16    192 -4.625571943385094e-02 1.8e+00 1.27e-01  1e-01  1e-01 24:15.8
   17    204 -4.433028590874794e-02 1.9e+00 1.35e-01  1e-01  1e-01 25:46.7
   18    216 -4.579017574461444e-02 2.0e+00 1.39e-01  1e-01  2e-01 27:17.5
   19    228 -4.731535679857144e-02 2.0e+00 1.37e-01  1e-01  2e-01 28:48.3
   20    240 -4.237552820203361e-02 2.1e+00 1.32e-01  1e-01  1e-01 30:18.9
   21    252 -4.652243839006099e-02 2.1e+00 1.23e-01  1e-01  1e-01 31:49.3
   22    264 -4.511527337038149e-02 2.2e+00 1.16e-01  1e-01  1e-01 33:19.9
   23    276 -4.407422416246375e-02 2.2e+00 1.15e-01  1e-01  1e-01 34:50.2
   24    288 -4.656986886595523e-02 2.2e+00 1.16e-01  1e-01  1e-01 36:20.8
   25    300 -4.196685706404023e-02 2.2e+00 1.13e-01  1e-01  1e-01 37:51.3
   26    312 -4.625321548557199e-02 2.3e+00 1.18e-01  1e-01  1e-01 39:21.7
   27    324 -4.468076268294265e-02 2.3e+00 1.18e-01  1e-01  1e-01 40:52.1
   28    336 -4.601399013955846e-02 2.4e+00 1.15e-01  1e-01  1e-01 42:22.3
   29    348 -4.744943834910767e-02 2.4e+00 1.12e-01  1e-01  1e-01 43:53.2
   30    360 -4.563406809765352e-02 2.4e+00 1.06e-01  1e-01  1e-01 45:23.9
   31    372 -4.676989553727864e-02 2.4e+00 1.04e-01  9e-02  1e-01 46:54.5
   32    384 -4.757923843426888e-02 2.4e+00 9.93e-02  9e-02  1e-01 48:25.0
   33    396 -4.722271951991436e-02 2.4e+00 9.55e-02  8e-02  1e-01 49:55.3
   34    408 -4.802489879562021e-02 2.5e+00 9.31e-02  8e-02  1e-01 51:23.8
   35    420 -4.671334585346845e-02 2.5e+00 9.13e-02  8e-02  1e-01 52:50.9
   36    432 -4.747249698454409e-02 2.6e+00 8.73e-02  8e-02  1e-01 54:18.3
   37    444 -4.734608697292510e-02 2.6e+00 8.34e-02  7e-02  9e-02 55:45.4
   38    456 -4.737011841281569e-02 2.6e+00 8.09e-02  7e-02  9e-02 57:12.8
   39    468 -4.716887291203545e-02 2.6e+00 8.01e-02  7e-02  9e-02 58:39.9
   40    480 -4.785088461164456e-02 2.7e+00 8.19e-02  7e-02  9e-02 60:06.9
   41    492 -4.722286940901782e-02 2.7e+00 8.33e-02  7e-02  9e-02 61:34.5
   42    504 -4.751008838879071e-02 2.7e+00 8.14e-02  7e-02  9e-02 63:01.8
   43    516 -4.757738143704470e-02 2.7e+00 7.91e-02  7e-02  9e-02 64:29.5
   44    528 -4.708723528429935e-02 2.8e+00 7.61e-02  7e-02  8e-02 65:56.6
   45    540 -4.746838289540489e-02 2.9e+00 7.12e-02  6e-02  8e-02 67:23.6
   46    552 -4.741172178944943e-02 3.0e+00 6.90e-02  6e-02  8e-02 68:51.2
   47    564 -4.769678372555952e-02 3.0e+00 6.80e-02  6e-02  8e-02 70:18.7
   48    576 -4.818909761570876e-02 3.1e+00 6.87e-02  6e-02  8e-02 71:46.1
   49    588 -4.795060984840546e-02 3.1e+00 6.96e-02  6e-02  8e-02 73:13.3
   50    600 -4.773229951483471e-02 3.1e+00 6.75e-02  6e-02  8e-02 74:40.5
   51    612 -4.775482835350268e-02 3.1e+00 6.56e-02  6e-02  7e-02 76:08.1
   52    624 -4.814552209621901e-02 3.2e+00 6.48e-02  6e-02  7e-02 77:35.6
   53    636 -4.776666148941711e-02 3.2e+00 6.12e-02  5e-02  7e-02 79:02.8
   54    648 -4.791961392789117e-02 3.2e+00 5.75e-02  5e-02  7e-02 80:30.0
   55    660 -4.792630931799796e-02 3.2e+00 5.61e-02  5e-02  7e-02 81:57.7
   56    672 -4.815168531297237e-02 3.3e+00 5.65e-02  5e-02  7e-02 83:25.1
   57    684 -4.816650967372096e-02 3.3e+00 5.42e-02  5e-02  6e-02 84:52.3
   58    696 -4.790850822108048e-02 3.3e+00 5.17e-02  5e-02  6e-02 86:19.4
   59    708 -4.789725226852153e-02 3.4e+00 4.90e-02  4e-02  6e-02 87:46.6
   60    720 -4.792530639236672e-02 3.4e+00 4.84e-02  4e-02  6e-02 89:14.1
   61    732 -4.766360758492703e-02 3.5e+00 4.73e-02  4e-02  6e-02 90:41.6
   62    744 -4.808013327733847e-02 3.5e+00 4.65e-02  4e-02  6e-02 92:08.8
   63    756 -4.783550000822939e-02 3.5e+00 4.58e-02  4e-02  6e-02 93:36.1
   64    768 -4.783557443300601e-02 3.6e+00 4.61e-02  4e-02  6e-02 95:03.4
   65    780 -4.822656977827906e-02 3.7e+00 4.48e-02  4e-02  5e-02 96:30.6
   66    792 -4.808911315534699e-02 3.7e+00 4.36e-02  4e-02  5e-02 97:58.0
   67    804 -4.798266439920593e-02 3.8e+00 4.12e-02  4e-02  5e-02 99:25.4
   68    816 -4.813752735060612e-02 3.8e+00 4.00e-02  3e-02  5e-02 100:52.8
   69    828 -4.814704218778587e-02 3.8e+00 3.93e-02  3e-02  5e-02 102:19.9
   70    840 -4.831210528759491e-02 3.9e+00 3.82e-02  3e-02  5e-02 103:47.1
   71    852 -4.833427164619070e-02 3.9e+00 3.65e-02  3e-02  4e-02 105:14.6
   72    864 -4.821970823169941e-02 4.1e+00 3.40e-02  3e-02  4e-02 106:41.7
   73    876 -4.826355219596417e-02 4.1e+00 3.30e-02  3e-02  4e-02 108:09.3
   74    888 -4.836124972148616e-02 4.3e+00 3.25e-02  3e-02  4e-02 109:36.5
   75    900 -4.834629393401863e-02 4.3e+00 3.21e-02  3e-02  4e-02 111:04.2
   76    912 -4.842718402869214e-02 4.3e+00 3.18e-02  3e-02  4e-02 112:31.8
   77    924 -4.856322394380740e-02 4.3e+00 3.13e-02  3e-02  4e-02 113:59.0
   78    936 -4.856817255422978e-02 4.4e+00 3.13e-02  3e-02  4e-02 115:23.3
   79    948 -4.846144610752839e-02 4.3e+00 3.04e-02  3e-02  4e-02 116:48.8
   80    960 -4.849801707644816e-02 4.3e+00 2.84e-02  2e-02  3e-02 118:16.1
   81    972 -4.857043567581177e-02 4.3e+00 2.74e-02  2e-02  3e-02 119:43.9
   82    984 -4.860164458988681e-02 4.4e+00 2.59e-02  2e-02  3e-02 121:10.9
   83    996 -4.864090803349345e-02 4.4e+00 2.54e-02  2e-02  3e-02 122:38.1
   84   1008 -4.865384380812176e-02 4.5e+00 2.54e-02  2e-02  3e-02 124:05.4
   85   1020 -4.878911797283833e-02 4.5e+00 2.52e-02  2e-02  3e-02 125:32.5
   86   1032 -4.872267245562322e-02 4.6e+00 2.55e-02  2e-02  3e-02 126:59.7
   87   1044 -4.889629093124461e-02 4.7e+00 2.64e-02  2e-02  3e-02 128:27.0
   88   1056 -4.887393907346743e-02 4.7e+00 2.82e-02  2e-02  3e-02 129:54.1
   90   1080 -4.908256804200395e-02 4.8e+00 3.08e-02  2e-02  4e-02 132:48.9
   92   1104 -4.902100926209078e-02 4.8e+00 3.16e-02  3e-02  4e-02 135:42.7
   94   1128 -4.914175275170418e-02 4.9e+00 3.47e-02  3e-02  4e-02 138:36.9
   96   1152 -4.920233545509380e-02 5.3e+00 3.83e-02  3e-02  5e-02 141:31.1
   98   1176 -4.926347566776896e-02 5.7e+00 4.22e-02  3e-02  6e-02 144:25.3
  100   1200 -4.929082531901303e-02 6.0e+00 4.24e-02  3e-02  6e-02 147:19.6
  102   1224 -4.928495727238128e-02 6.3e+00 4.16e-02  3e-02  6e-02 150:13.9
  104   1248 -4.945857863297646e-02 6.4e+00 4.33e-02  4e-02  6e-02 153:08.3
  106   1272 -4.962116450245664e-02 6.9e+00 4.58e-02  4e-02  6e-02 156:02.7
  108   1296 -4.967820220933807e-02 7.1e+00 4.94e-02  4e-02  7e-02 158:56.7
  110   1320 -4.993236622386386e-02 7.6e+00 5.15e-02  4e-02  7e-02 161:51.4
  112   1344 -4.991695896144797e-02 7.9e+00 5.33e-02  4e-02  8e-02 164:42.3
  114   1368 -4.982742710506739e-02 8.2e+00 5.34e-02  4e-02  8e-02 167:31.5
  116   1392 -4.983298798042265e-02 8.2e+00 5.04e-02  4e-02  7e-02 170:25.5
  118   1416 -5.033696001158374e-02 8.4e+00 5.45e-02  4e-02  8e-02 173:19.5
  120   1440 -5.013069405225182e-02 8.9e+00 5.80e-02  5e-02  8e-02 176:14.3
  122   1464 -4.999215316497808e-02 9.2e+00 6.41e-02  5e-02  9e-02 179:08.2
  124   1488 -5.012396381605125e-02 9.5e+00 6.29e-02  5e-02  9e-02 182:02.7
  126   1512 -5.025506139334503e-02 9.6e+00 6.77e-02  5e-02  1e-01 184:57.4
  128   1536 -5.024627952861865e-02 9.8e+00 7.14e-02  6e-02  1e-01 187:51.4
  130   1560 -5.003784550916335e-02 1.0e+01 7.61e-02  6e-02  1e-01 190:46.6
  132   1584 -5.020546274102172e-02 9.9e+00 7.50e-02  6e-02  1e-01 193:41.3
  134   1608 -5.015353209155442e-02 1.0e+01 6.89e-02  5e-02  1e-01 196:35.9
  136   1632 -5.036147573449562e-02 1.0e+01 6.52e-02  5e-02  9e-02 199:26.2
  138   1656 -5.002832457804933e-02 1.0e+01 6.49e-02  5e-02  9e-02 202:18.1
  140   1680 -5.048531018146876e-02 1.0e+01 6.68e-02  5e-02  9e-02 205:12.9
  142   1704 -5.085617311988853e-02 1.0e+01 6.98e-02  5e-02  1e-01 208:07.2
  144   1728 -5.065259369258879e-02 1.0e+01 6.84e-02  5e-02  1e-01 211:01.9
  146   1752 -5.076193303426384e-02 1.0e+01 6.58e-02  5e-02  9e-02 213:56.8
  148   1776 -5.094674480558366e-02 1.0e+01 6.60e-02  5e-02  9e-02 216:51.3
  150   1800 -5.066780722930585e-02 1.0e+01 6.75e-02  5e-02  9e-02 219:46.4
  152   1824 -5.116541608943004e-02 1.0e+01 6.77e-02  5e-02  9e-02 222:41.1
  154   1848 -5.097851975828213e-02 1.0e+01 6.96e-02  5e-02  9e-02 225:35.9
  156   1872 -5.066086753181870e-02 1.0e+01 6.81e-02  5e-02  9e-02 228:30.7
  158   1896 -5.096452807424179e-02 1.1e+01 6.97e-02  5e-02  9e-02 231:24.9
  160   1920 -5.095806546478607e-02 1.1e+01 6.70e-02  5e-02  9e-02 234:19.8
  162   1944 -5.051018011362859e-02 1.1e+01 6.46e-02  5e-02  9e-02 237:14.7
  164   1968 -5.065949850371786e-02 1.1e+01 5.85e-02  4e-02  8e-02 240:09.8
  166   1992 -5.061885536426689e-02 1.1e+01 5.52e-02  4e-02  8e-02 243:04.1
  168   2016 -5.099000787697131e-02 1.1e+01 5.18e-02  4e-02  7e-02 245:58.6
  170   2040 -5.103434321301210e-02 1.1e+01 4.45e-02  3e-02  6e-02 248:52.6
  172   2064 -5.107579441488626e-02 1.1e+01 4.09e-02  3e-02  5e-02 251:46.4
  174   2088 -5.110336668310500e-02 1.1e+01 3.99e-02  3e-02  5e-02 254:41.0
  176   2112 -5.124530589320335e-02 1.1e+01 3.80e-02  3e-02  5e-02 257:35.9
  178   2136 -5.125977397762111e-02 1.1e+01 3.66e-02  3e-02  5e-02 260:30.4
  180   2160 -5.128957154204748e-02 1.1e+01 3.84e-02  3e-02  5e-02 263:25.2
  182   2184 -5.130652727108539e-02 1.2e+01 4.16e-02  3e-02  5e-02 266:19.5
  184   2208 -5.144814140183790e-02 1.2e+01 4.61e-02  3e-02  6e-02 269:14.2
  186   2232 -5.123282742430670e-02 1.2e+01 4.62e-02  3e-02  6e-02 272:08.9
  188   2256 -5.143516954732988e-02 1.2e+01 4.83e-02  3e-02  7e-02 275:03.3
  190   2280 -5.135588064534116e-02 1.3e+01 4.73e-02  3e-02  7e-02 277:57.7
  192   2304 -5.137523090994949e-02 1.3e+01 4.62e-02  3e-02  6e-02 280:51.6
  194   2328 -5.141902205833612e-02 1.3e+01 4.35e-02  3e-02  6e-02 283:46.3
  196   2352 -5.146268050166274e-02 1.2e+01 4.18e-02  3e-02  6e-02 286:40.9
  198   2376 -5.167885513849008e-02 1.3e+01 4.13e-02  3e-02  6e-02 289:35.3
  200   2400 -5.164635716482055e-02 1.4e+01 4.41e-02  3e-02  6e-02 292:30.1
  202   2424 -5.169026821640727e-02 1.4e+01 4.81e-02  3e-02  7e-02 295:16.8
  204   2448 -5.181717331657133e-02 1.5e+01 5.08e-02  3e-02  8e-02 298:02.2
  206   2472 -5.190179582705791e-02 1.6e+01 5.30e-02  4e-02  8e-02 300:47.8
  208   2496 -5.177592002513942e-02 1.6e+01 5.50e-02  4e-02  9e-02 303:36.1
  210   2520 -5.193804755946889e-02 1.7e+01 5.49e-02  4e-02  9e-02 306:30.7
  212   2544 -5.198334507489043e-02 1.7e+01 5.56e-02  4e-02  9e-02 309:24.7
  214   2568 -5.203890072265484e-02 1.8e+01 5.73e-02  4e-02  9e-02 312:20.1
  216   2592 -5.209709517880182e-02 1.8e+01 6.19e-02  4e-02  1e-01 315:14.8
  218   2616 -5.222313809238163e-02 1.9e+01 6.59e-02  4e-02  1e-01 318:09.4
  220   2640 -5.241603870423877e-02 1.9e+01 6.94e-02  4e-02  1e-01 321:04.9
  222   2664 -5.229967177758056e-02 2.0e+01 6.46e-02  4e-02  1e-01 323:59.7
  224   2688 -5.228116414537327e-02 2.0e+01 6.03e-02  4e-02  1e-01 326:54.2
  226   2712 -5.226214628935149e-02 2.0e+01 6.08e-02  4e-02  1e-01 329:48.9
  228   2736 -5.224561496952188e-02 2.1e+01 5.97e-02  3e-02  1e-01 332:43.5
  230   2760 -5.231845349005627e-02 2.1e+01 6.16e-02  4e-02  1e-01 335:38.9
  232   2784 -5.228369678338862e-02 2.1e+01 6.20e-02  4e-02  1e-01 338:33.5
  234   2808 -5.215431756374549e-02 2.1e+01 6.45e-02  4e-02  1e-01 341:28.8
  236   2832 -5.235268906250686e-02 2.1e+01 6.70e-02  4e-02  1e-01 344:23.3
  238   2856 -5.230872407803606e-02 2.2e+01 6.78e-02  4e-02  1e-01 347:18.0
  240   2880 -5.233443200060765e-02 2.2e+01 6.66e-02  4e-02  1e-01 350:13.1
  242   2904 -5.260568592239303e-02 2.2e+01 6.55e-02  4e-02  1e-01 353:07.6
  244   2928 -5.247826670775425e-02 2.3e+01 6.52e-02  4e-02  1e-01 355:58.2
  246   2952 -5.239228333505826e-02 2.3e+01 5.70e-02  3e-02  9e-02 358:46.5
  248   2976 -5.260961472977113e-02 2.3e+01 5.12e-02  3e-02  8e-02 361:41.2
  250   3000 -5.264878873978863e-02 2.3e+01 4.73e-02  3e-02  8e-02 364:36.1
  252   3024 -5.268612758277639e-02 2.4e+01 4.45e-02  2e-02  7e-02 367:30.4
  254   3048 -5.275043661881239e-02 2.4e+01 4.43e-02  2e-02  7e-02 370:25.2
  256   3072 -5.273305462691399e-02 2.4e+01 4.32e-02  2e-02  7e-02 373:19.6
  258   3096 -5.284597877938659e-02 2.4e+01 4.38e-02  2e-02  7e-02 376:14.4
  260   3120 -5.275679962603866e-02 2.4e+01 4.37e-02  2e-02  7e-02 379:09.4
  262   3144 -5.288046400371418e-02 2.5e+01 4.55e-02  2e-02  8e-02 382:03.6
  264   3168 -5.288990088682599e-02 2.6e+01 4.61e-02  2e-02  8e-02 384:58.7
  267   3204 -5.300606135987863e-02 2.7e+01 4.53e-02  2e-02  8e-02 389:21.5
  270   3240 -5.307251172843255e-02 2.8e+01 4.93e-02  2e-02  9e-02 393:43.4
  273   3276 -5.301549480450636e-02 2.9e+01 5.17e-02  3e-02  1e-01 398:05.3
  276   3312 -5.301343222829481e-02 2.9e+01 4.69e-02  2e-02  9e-02 402:28.1
  279   3348 -5.308481559979433e-02 3.0e+01 4.58e-02  2e-02  9e-02 406:50.2
  282   3384 -5.310994116939301e-02 3.1e+01 4.57e-02  2e-02  9e-02 411:12.3
  285   3420 -5.324896073187898e-02 3.1e+01 4.35e-02  2e-02  9e-02 415:34.9
  288   3456 -5.321110778797013e-02 3.4e+01 4.57e-02  2e-02  1e-01 419:56.5
  291   3492 -5.317707406848426e-02 3.5e+01 4.08e-02  2e-02  9e-02 424:19.0
  294   3528 -5.322627951054253e-02 3.5e+01 3.39e-02  2e-02  7e-02 428:41.4
  297   3564 -5.326656873992881e-02 3.6e+01 2.87e-02  1e-02  6e-02 433:03.9
  300   3600 -5.332089289150619e-02 3.6e+01 2.73e-02  1e-02  6e-02 437:26.1
  303   3636 -5.332150088787314e-02 3.7e+01 2.74e-02  1e-02  6e-02 441:48.2
  306   3672 -5.332234145206230e-02 3.9e+01 2.70e-02  1e-02  6e-02 446:10.7
  309   3708 -5.335803641521235e-02 4.0e+01 2.46e-02  1e-02  6e-02 450:32.6
  312   3744 -5.337441742214493e-02 4.2e+01 2.35e-02  1e-02  5e-02 454:54.6
  315   3780 -5.339620404722752e-02 4.4e+01 2.35e-02  1e-02  6e-02 459:16.8
  318   3816 -5.339957799559415e-02 4.6e+01 2.25e-02  1e-02  6e-02 463:38.9
  321   3852 -5.344435116663152e-02 4.9e+01 2.20e-02  1e-02  6e-02 468:01.4
  324   3888 -5.349149327180797e-02 5.1e+01 2.81e-02  1e-02  7e-02 472:23.8
  327   3924 -5.349025168518839e-02 5.3e+01 3.27e-02  1e-02  9e-02 476:46.2
  330   3960 -5.352508608342783e-02 5.7e+01 3.35e-02  2e-02  9e-02 481:08.2
  333   3996 -5.352051658635300e-02 5.8e+01 3.62e-02  2e-02  1e-01 485:30.5
  336   4032 -5.359937808317405e-02 6.1e+01 4.15e-02  2e-02  1e-01 489:48.8
  339   4068 -5.366241559960485e-02 6.3e+01 4.79e-02  2e-02  1e-01 494:10.7
  342   4104 -5.364033781244526e-02 6.9e+01 4.94e-02  2e-02  2e-01 498:32.6
  345   4140 -5.371320848491771e-02 7.2e+01 5.40e-02  2e-02  2e-01 502:54.4
  348   4176 -5.383490014314645e-02 7.6e+01 5.54e-02  2e-02  2e-01 507:15.8
  351   4212 -5.391618149238203e-02 7.7e+01 5.83e-02  3e-02  2e-01 511:38.0
  354   4248 -5.399635025027258e-02 8.0e+01 5.57e-02  2e-02  2e-01 516:00.3
  357   4284 -5.395767438810359e-02 8.0e+01 4.79e-02  2e-02  2e-01 520:22.5
  360   4320 -5.400669674140920e-02 8.0e+01 4.12e-02  2e-02  1e-01 524:44.5
  363   4356 -5.420088899914886e-02 8.1e+01 4.21e-02  2e-02  2e-01 529:05.8
  366   4392 -5.440914574262290e-02 8.5e+01 5.32e-02  2e-02  2e-01 533:28.0
  369   4428 -5.442779815965666e-02 8.7e+01 6.05e-02  3e-02  2e-01 537:49.4
  372   4464 -5.433726620060497e-02 9.0e+01 6.50e-02  3e-02  2e-01 542:10.7
  375   4500 -5.450965158217527e-02 9.0e+01 6.77e-02  3e-02  3e-01 546:32.9
  378   4536 -5.469902647129261e-02 9.3e+01 7.69e-02  3e-02  3e-01 550:54.3
  381   4572 -5.459670383951035e-02 9.5e+01 7.00e-02  3e-02  3e-01 555:16.7
  384   4608 -5.480727082375039e-02 9.7e+01 6.95e-02  3e-02  3e-01 559:38.4
  387   4644 -5.515671469616914e-02 9.9e+01 7.48e-02  3e-02  3e-01 563:60.0
  390   4680 -5.521341558767934e-02 1.0e+02 8.00e-02  3e-02  3e-01 568:22.2
  393   4716 -5.538084332218501e-02 1.1e+02 8.65e-02  4e-02  4e-01 572:43.3
  396   4752 -5.536033768042716e-02 1.1e+02 9.31e-02  4e-02  4e-01 577:05.3
  399   4788 -5.539046912648440e-02 1.1e+02 1.00e-01  4e-02  4e-01 581:27.3
  400   4800 -5.555740308432792e-02 1.1e+02 1.05e-01  4e-02  4e-01 582:54.7
  403   4836 -5.534223068245714e-02 1.1e+02 1.03e-01  4e-02  4e-01 587:16.7
  406   4872 -5.579123932566330e-02 1.1e+02 1.03e-01  4e-02  4e-01 591:38.9
  409   4908 -5.589089905502204e-02 1.1e+02 9.95e-02  4e-02  4e-01 596:00.6
  412   4944 -5.588585586196728e-02 1.1e+02 9.73e-02  4e-02  4e-01 600:22.5
  415   4980 -5.582343236514972e-02 1.1e+02 9.75e-02  4e-02  4e-01 604:44.2
  418   5016 -5.585345492982176e-02 1.1e+02 1.02e-01  4e-02  4e-01 609:05.4
  421   5052 -5.579513114855653e-02 1.1e+02 9.76e-02  4e-02  4e-01 613:27.1
  424   5088 -5.594247366007785e-02 1.1e+02 9.25e-02  4e-02  4e-01 617:49.1
  427   5124 -5.603209679542205e-02 1.1e+02 9.39e-02  4e-02  4e-01 622:10.8
  430   5160 -5.605604014237892e-02 1.1e+02 8.11e-02  3e-02  3e-01 626:33.2
  433   5196 -5.608002831506789e-02 1.1e+02 7.41e-02  3e-02  3e-01 630:54.7
  436   5232 -5.609989470411759e-02 1.1e+02 7.59e-02  3e-02  3e-01 635:16.3
  439   5268 -5.615593285556318e-02 1.1e+02 7.61e-02  3e-02  3e-01 639:38.5
  442   5304 -5.614610381910422e-02 1.1e+02 7.43e-02  3e-02  3e-01 643:59.8
  445   5340 -5.616763638220938e-02 1.1e+02 6.61e-02  3e-02  2e-01 648:22.3
  448   5376 -5.620515994087345e-02 1.1e+02 5.79e-02  2e-02  2e-01 652:44.4
  451   5412 -5.621080390457384e-02 1.1e+02 5.41e-02  2e-02  2e-01 657:06.2
  454   5448 -5.624445814814495e-02 1.1e+02 4.80e-02  2e-02  2e-01 661:27.9
  457   5484 -5.622131240541099e-02 1.1e+02 4.40e-02  2e-02  2e-01 665:49.7
  460   5520 -5.624537983753664e-02 1.1e+02 3.94e-02  1e-02  1e-01 670:11.7
  463   5556 -5.626351971576544e-02 1.1e+02 3.87e-02  1e-02  1e-01 674:33.8
  466   5592 -5.630854649576608e-02 1.1e+02 3.83e-02  1e-02  1e-01 678:56.1
  469   5628 -5.632121418627027e-02 1.1e+02 3.76e-02  1e-02  1e-01 683:18.0
  472   5664 -5.632566580218159e-02 1.1e+02 4.16e-02  1e-02  1e-01 687:39.9
  475   5700 -5.634561372079825e-02 1.1e+02 4.45e-02  2e-02  1e-01 692:02.1
  478   5736 -5.634649735858610e-02 1.1e+02 4.41e-02  1e-02  1e-01 696:24.0
  481   5772 -5.636926128212079e-02 1.1e+02 4.42e-02  1e-02  1e-01 700:45.5
  484   5808 -5.638823244463045e-02 1.1e+02 4.67e-02  2e-02  2e-01 705:06.9
  487   5844 -5.638227981825406e-02 1.1e+02 3.99e-02  1e-02  1e-01 709:28.0
  490   5880 -5.639337939040433e-02 1.1e+02 3.73e-02  1e-02  1e-01 713:50.6
  493   5916 -5.640497566306441e-02 1.1e+02 3.49e-02  1e-02  1e-01 718:11.8
  496   5952 -5.641981638914112e-02 1.1e+02 3.28e-02  1e-02  1e-01 722:33.2
  499   5988 -5.643352608396836e-02 1.1e+02 3.19e-02  1e-02  1e-01 726:55.8
  500   6000 -5.643661845851104e-02 1.1e+02 3.17e-02  9e-03  1e-01 728:22.6
  503   6036 -5.645003464362664e-02 1.2e+02 3.50e-02  1e-02  1e-01 732:44.0
  506   6072 -5.645720243605478e-02 1.2e+02 3.57e-02  1e-02  1e-01 737:06.0
  509   6108 -5.647298237568543e-02 1.2e+02 3.46e-02  1e-02  1e-01 741:28.0
  512   6144 -5.646334965881437e-02 1.2e+02 3.45e-02  1e-02  1e-01 745:49.1
  515   6180 -5.647152959388944e-02 1.2e+02 3.22e-02  9e-03  1e-01 750:10.6
  518   6216 -5.648535876268599e-02 1.2e+02 2.98e-02  8e-03  9e-02 754:32.5
  522   6264 -5.648752388622565e-02 1.2e+02 2.47e-02  7e-03  7e-02 760:20.9
  526   6312 -5.649025146318339e-02 1.2e+02 2.17e-02  6e-03  7e-02 766:10.5
  530   6360 -5.650101337252431e-02 1.2e+02 1.98e-02  6e-03  6e-02 772:00.0
  534   6408 -5.650380324666762e-02 1.2e+02 1.90e-02  5e-03  6e-02 777:48.9
  538   6456 -5.651881086211517e-02 1.2e+02 2.02e-02  6e-03  6e-02 783:37.2
  542   6504 -5.652571414200964e-02 1.2e+02 2.24e-02  6e-03  7e-02 789:25.9
  546   6552 -5.652423948566263e-02 1.2e+02 2.25e-02  6e-03  7e-02 795:14.9
  550   6600 -5.653615745237532e-02 1.2e+02 2.41e-02  6e-03  7e-02 801:03.5
  554   6648 -5.652743972500709e-02 1.2e+02 2.53e-02  7e-03  7e-02 806:52.6
  558   6696 -5.653350941796827e-02 1.2e+02 2.30e-02  6e-03  7e-02 812:40.8
  562   6744 -5.654985993863351e-02 1.2e+02 2.31e-02  6e-03  7e-02 818:29.4
  566   6792 -5.655169439159220e-02 1.2e+02 2.20e-02  5e-03  6e-02 824:18.1
  570   6840 -5.655322231494007e-02 1.2e+02 2.13e-02  5e-03  6e-02 830:06.7
  574   6888 -5.656092077137546e-02 1.2e+02 2.08e-02  5e-03  6e-02 835:55.3
  578   6936 -5.657031610131206e-02 1.3e+02 2.08e-02  5e-03  6e-02 841:44.4
  582   6984 -5.657730554122432e-02 1.3e+02 2.23e-02  5e-03  7e-02 847:33.6
  586   7032 -5.657344654786244e-02 1.3e+02 2.24e-02  5e-03  7e-02 853:23.2
  590   7080 -5.659314819025536e-02 1.4e+02 2.20e-02  5e-03  7e-02 859:13.0
  594   7128 -5.659128113409929e-02 1.4e+02 2.40e-02  6e-03  8e-02 865:02.6
  598   7176 -5.660878768451677e-02 1.4e+02 2.58e-02  6e-03  8e-02 870:52.2
  600   7200 -5.661429346698556e-02 1.4e+02 2.69e-02  6e-03  9e-02 873:47.0
  604   7248 -5.662490209525529e-02 1.5e+02 3.21e-02  7e-03  1e-01 879:37.3
  608   7296 -5.661351215542768e-02 1.7e+02 3.64e-02  8e-03  1e-01 885:26.8
  612   7344 -5.664404024450633e-02 1.7e+02 3.04e-02  7e-03  1e-01 891:16.3
  616   7392 -5.664894063593449e-02 1.7e+02 3.15e-02  7e-03  1e-01 897:05.8
  620   7440 -5.665280953331673e-02 1.7e+02 3.49e-02  7e-03  1e-01 902:55.3
  624   7488 -5.664848705951887e-02 1.8e+02 3.20e-02  7e-03  1e-01 908:44.8
