Running job array 77 on pe71.int.triton.aalto.fi
Starting at Fri Mar 21 18:09:47 EET 2025
Activating virtual environment at /scratch/work/uotilav2/quantum-portfolio/venv
Processing batch 78/100: experiments 77 to 77 (total 1)
Processing experiment 77
Budget: 2422
YF.download() has changed argument auto_adjust default to True
Number of qubits for asset HON: 4
Number of qubits for asset MCD: 4
Number of qubits for asset MRK: 5
Total number of qubits:  13
Optimized Weights (considering variance, skewness and kurtosis):
HON: 18.73%
MCD: 31.46%
MRK: 49.80%
Left over budget:  23.03984791561379
Optimized Discrete Allocation:
HON: 2
MCD: 3
MRK: 11
Maximized utility from continuous higher moments:  -852.8642987986385
Budget constraint satisfied 2418.7337799072266 2422 Difference:  3.2662200927734375
Budget constraint satisfied 2417.7165451049805 2422 Difference:  4.283454895019531
smallest_eigenvalues: [-0.0923365981686205]
smallest_bitstrings: ['1100001001100']
first_excited_energy: -0.09233654005786321
optimized_portfolio: [{'HON': 3, 'MCD': 4, 'MRK': 6}]
second_optimized_portfolio: [{'HON': 6, 'MCD': 2, 'MRK': 5}]
result_with_budget: [{'portfolio': {'HON': 3, 'MCD': 4, 'MRK': 6}, 'budget': 2418.7337799072266, 'difference': 3.2662200927734375, 'objective_value': -485.2333047042319}]
result_with_budget_excited: [{'portfolio': {'HON': 6, 'MCD': 2, 'MRK': 5}, 'budget': 2417.7165451049805, 'difference': 4.283454895019531, 'objective_value': -446.96636578608405}]
Initial params:  [2.51063067 1.44978017 2.45210473 0.37157007 2.01037118 0.45035763
 2.96776493 1.63943485 1.3026989  0.83112597 2.43232687 1.43303853
 1.78578792 0.0590299  1.94035914 1.92295543 1.93815531 2.96487203
 2.14200164 1.12942738]
(6_w,12)-aCMA-ES (mu_w=3.7,w_1=40%) in dimension 20 (seed=609067, Fri Mar 21 18:13:46 2025)
Iterat #Fevals   function value  axis ratio  sigma  min&max std  t[m:s]
    1     12 -4.699717964432083e-02 1.0e+00 9.86e-02  1e-01  1e-01 1:29.2
    2     24 -5.110412120671241e-02 1.1e+00 1.01e-01  1e-01  1e-01 2:57.9
    3     36 -5.316904711890982e-02 1.2e+00 1.03e-01  1e-01  1e-01 4:26.9
    4     48 -6.165023445341652e-02 1.3e+00 1.01e-01  1e-01  1e-01 5:56.1
    5     60 -6.333188788252879e-02 1.3e+00 1.03e-01  1e-01  1e-01 7:25.4
    6     72 -6.392253512070697e-02 1.3e+00 1.07e-01  1e-01  1e-01 8:54.5
    7     84 -6.014408365662415e-02 1.4e+00 1.13e-01  1e-01  1e-01 10:23.5
    8     96 -6.243235794658367e-02 1.4e+00 1.19e-01  1e-01  1e-01 11:52.2
    9    108 -6.193624620737869e-02 1.5e+00 1.23e-01  1e-01  1e-01 13:21.5
   10    120 -6.653471269347803e-02 1.5e+00 1.24e-01  1e-01  1e-01 14:50.8
   11    132 -6.612142649598843e-02 1.6e+00 1.20e-01  1e-01  1e-01 16:19.9
   12    144 -6.501943189477015e-02 1.6e+00 1.13e-01  1e-01  1e-01 17:48.9
   13    156 -6.600454277415779e-02 1.6e+00 1.07e-01  1e-01  1e-01 19:17.8
   14    168 -6.579865870469956e-02 1.7e+00 1.05e-01  1e-01  1e-01 20:47.1
   15    180 -6.588310246165192e-02 1.7e+00 1.03e-01  1e-01  1e-01 22:16.3
   16    192 -6.605443484947424e-02 1.7e+00 9.79e-02  9e-02  1e-01 23:45.4
   17    204 -6.820371666326813e-02 1.7e+00 9.32e-02  9e-02  1e-01 25:14.4
   18    216 -6.935815318167082e-02 1.7e+00 9.08e-02  8e-02  1e-01 26:43.3
   19    228 -7.018680110226742e-02 1.7e+00 8.73e-02  8e-02  1e-01 28:12.8
   20    240 -6.997193637941508e-02 1.8e+00 8.52e-02  8e-02  9e-02 29:42.0
   21    252 -6.971198132878903e-02 1.8e+00 8.64e-02  8e-02  1e-01 31:11.2
   22    264 -7.021964907961008e-02 1.8e+00 9.02e-02  8e-02  1e-01 32:40.1
   23    276 -6.949285408005977e-02 1.8e+00 9.07e-02  8e-02  1e-01 34:09.1
   24    288 -7.046050989610486e-02 1.9e+00 8.94e-02  8e-02  1e-01 35:38.5
   25    300 -7.061667942089864e-02 1.9e+00 8.75e-02  8e-02  1e-01 37:07.7
   26    312 -7.027720041310322e-02 1.9e+00 8.48e-02  8e-02  9e-02 38:36.8
   27    324 -7.198422763492723e-02 1.9e+00 8.21e-02  7e-02  9e-02 40:05.7
   28    336 -7.212277977811010e-02 2.0e+00 8.09e-02  7e-02  9e-02 41:34.7
   29    348 -7.182893237661882e-02 2.0e+00 8.01e-02  7e-02  9e-02 43:04.1
   30    360 -7.156188316794075e-02 2.1e+00 7.94e-02  7e-02  9e-02 44:33.3
   31    372 -7.253414503394434e-02 2.1e+00 8.16e-02  7e-02  9e-02 46:02.4
   32    384 -7.269556298553678e-02 2.2e+00 8.40e-02  7e-02  9e-02 47:31.6
   33    396 -7.200778990068048e-02 2.2e+00 8.61e-02  8e-02  1e-01 49:00.7
   34    408 -6.999195779656617e-02 2.2e+00 9.13e-02  8e-02  1e-01 50:29.6
   35    420 -7.329769771822257e-02 2.2e+00 9.84e-02  9e-02  1e-01 51:59.0
   36    432 -7.318425178300343e-02 2.3e+00 9.94e-02  9e-02  1e-01 53:28.0
   37    444 -7.033751968921770e-02 2.3e+00 1.02e-01  9e-02  1e-01 54:57.3
   38    456 -7.117526180233025e-02 2.4e+00 1.02e-01  9e-02  1e-01 56:26.8
   39    468 -7.174462347602113e-02 2.4e+00 9.99e-02  9e-02  1e-01 57:55.8
   40    480 -7.268143373387564e-02 2.5e+00 9.57e-02  8e-02  1e-01 59:24.9
   41    492 -7.364726287938582e-02 2.5e+00 9.19e-02  8e-02  1e-01 60:53.9
   42    504 -7.506386508366873e-02 2.5e+00 8.82e-02  8e-02  1e-01 62:23.7
   43    516 -7.336188311231358e-02 2.5e+00 8.56e-02  7e-02  1e-01 63:53.4
   44    528 -7.273511194359451e-02 2.5e+00 8.46e-02  7e-02  1e-01 65:22.3
   45    540 -7.385817666252018e-02 2.5e+00 8.49e-02  7e-02  1e-01 66:51.5
   46    552 -7.328637692954568e-02 2.6e+00 8.47e-02  7e-02  1e-01 68:20.6
   47    564 -7.412082601156084e-02 2.7e+00 8.58e-02  8e-02  1e-01 69:49.8
   48    576 -7.527289789677227e-02 2.7e+00 9.24e-02  8e-02  1e-01 71:19.3
   49    588 -7.342437815096098e-02 2.7e+00 9.89e-02  9e-02  1e-01 72:48.1
   50    600 -7.470053564048569e-02 2.8e+00 9.91e-02  9e-02  1e-01 74:16.8
   51    612 -7.420844215996945e-02 2.9e+00 9.51e-02  8e-02  1e-01 75:45.8
   52    624 -7.383766654324797e-02 2.9e+00 9.26e-02  8e-02  1e-01 77:15.2
   53    636 -7.454449687302947e-02 2.9e+00 9.42e-02  8e-02  1e-01 78:44.2
   54    648 -7.392288668146524e-02 2.9e+00 9.53e-02  8e-02  1e-01 80:13.2
   55    660 -7.308826724986969e-02 3.0e+00 9.43e-02  8e-02  1e-01 81:42.4
   56    672 -7.317653674486896e-02 3.0e+00 9.49e-02  8e-02  1e-01 83:11.4
   57    684 -7.378397477955209e-02 3.0e+00 9.78e-02  8e-02  1e-01 84:40.8
   58    696 -7.397965977516115e-02 3.1e+00 1.01e-01  8e-02  1e-01 86:09.9
   59    708 -7.343188520550999e-02 3.2e+00 1.02e-01  9e-02  1e-01 87:38.8
   60    720 -7.389522867405153e-02 3.2e+00 1.01e-01  9e-02  1e-01 89:07.9
   61    732 -7.416279709869719e-02 3.3e+00 1.03e-01  9e-02  1e-01 90:37.0
   62    744 -7.576291445460716e-02 3.4e+00 1.03e-01  9e-02  1e-01 92:06.2
   63    756 -7.528359178247691e-02 3.4e+00 1.02e-01  9e-02  1e-01 93:35.6
   64    768 -7.497276728566279e-02 3.5e+00 1.00e-01  9e-02  1e-01 95:04.8
   65    780 -7.431954503494012e-02 3.5e+00 9.97e-02  8e-02  1e-01 96:33.7
   66    792 -7.380990809570380e-02 3.6e+00 9.95e-02  8e-02  1e-01 98:02.7
   67    804 -7.380804274805927e-02 3.7e+00 1.02e-01  9e-02  1e-01 99:32.4
   68    816 -7.494827771298838e-02 3.7e+00 1.03e-01  9e-02  1e-01 101:01.6
   69    828 -7.388764628781330e-02 3.8e+00 1.03e-01  9e-02  1e-01 102:30.4
   70    840 -7.506014261374977e-02 3.9e+00 1.05e-01  9e-02  1e-01 103:59.1
   71    852 -7.564621008474946e-02 4.0e+00 1.09e-01  9e-02  1e-01 105:26.1
   72    864 -7.482976887094832e-02 4.1e+00 1.06e-01  9e-02  1e-01 106:52.4
   73    876 -7.571457117772228e-02 4.1e+00 1.02e-01  8e-02  1e-01 108:18.5
   74    888 -7.482070543009214e-02 4.2e+00 9.85e-02  8e-02  1e-01 109:44.7
   75    900 -7.571710698204173e-02 4.3e+00 9.89e-02  8e-02  1e-01 111:11.0
   76    912 -7.452199998149614e-02 4.3e+00 9.82e-02  8e-02  1e-01 112:36.9
   77    924 -7.429103512212844e-02 4.4e+00 1.00e-01  8e-02  1e-01 114:03.1
   78    936 -7.519982960966333e-02 4.5e+00 1.02e-01  8e-02  1e-01 115:24.6
   79    948 -7.510828011697687e-02 4.6e+00 1.01e-01  8e-02  1e-01 116:47.8
   80    960 -7.629097587454492e-02 4.6e+00 9.57e-02  8e-02  1e-01 118:13.5
   81    972 -7.550166963498839e-02 4.6e+00 9.12e-02  7e-02  1e-01 119:39.4
   82    984 -7.596439085755355e-02 4.7e+00 8.78e-02  7e-02  1e-01 121:05.3
   83    996 -7.589141008879934e-02 4.7e+00 8.57e-02  7e-02  1e-01 122:31.2
   84   1008 -7.571566889596366e-02 4.8e+00 8.46e-02  7e-02  1e-01 123:57.1
   85   1020 -7.595056309019585e-02 4.7e+00 8.32e-02  7e-02  1e-01 125:23.0
   86   1032 -7.601723745154698e-02 4.7e+00 8.28e-02  7e-02  1e-01 126:49.3
   88   1056 -7.635363282638648e-02 4.8e+00 7.85e-02  6e-02  1e-01 129:40.8
   90   1080 -7.552886428606405e-02 4.9e+00 7.11e-02  6e-02  1e-01 132:31.9
   92   1104 -7.643424140775731e-02 5.0e+00 6.28e-02  5e-02  9e-02 135:23.8
   94   1128 -7.648774503217051e-02 5.0e+00 5.80e-02  5e-02  8e-02 138:15.0
   96   1152 -7.601514576172685e-02 5.1e+00 5.91e-02  5e-02  8e-02 141:07.0
   98   1176 -7.630150635593221e-02 5.1e+00 6.11e-02  5e-02  8e-02 143:58.4
  100   1200 -7.649045789345775e-02 5.2e+00 6.50e-02  5e-02  9e-02 146:50.1
  102   1224 -7.631382204006237e-02 5.3e+00 6.66e-02  5e-02  9e-02 149:41.2
  104   1248 -7.675861700290305e-02 5.5e+00 6.43e-02  5e-02  9e-02 152:32.7
  106   1272 -7.644192365237228e-02 5.7e+00 6.28e-02  5e-02  8e-02 155:24.2
  108   1296 -7.592070609959801e-02 5.9e+00 6.06e-02  5e-02  8e-02 158:15.5
  110   1320 -7.661457704521510e-02 6.0e+00 5.88e-02  5e-02  8e-02 161:06.7
  112   1344 -7.622767668485764e-02 6.1e+00 5.87e-02  4e-02  8e-02 163:58.4
  114   1368 -7.660361949803483e-02 6.2e+00 5.70e-02  4e-02  8e-02 166:49.5
  116   1392 -7.699811059707456e-02 6.3e+00 5.69e-02  4e-02  8e-02 169:41.2
  118   1416 -7.647676530826882e-02 6.4e+00 5.56e-02  4e-02  8e-02 172:32.4
  120   1440 -7.707020227242353e-02 6.6e+00 5.35e-02  4e-02  7e-02 175:24.1
  122   1464 -7.717863123265638e-02 6.8e+00 4.78e-02  4e-02  6e-02 178:15.5
  124   1488 -7.709268463330668e-02 6.9e+00 4.46e-02  3e-02  6e-02 181:07.3
  126   1512 -7.709181115804838e-02 7.1e+00 4.13e-02  3e-02  6e-02 183:59.0
  128   1536 -7.727870316414025e-02 7.3e+00 3.99e-02  3e-02  5e-02 186:50.7
  130   1560 -7.730830578457228e-02 7.4e+00 4.02e-02  3e-02  6e-02 189:42.1
  132   1584 -7.735433406848176e-02 7.6e+00 4.39e-02  3e-02  6e-02 192:34.7
  134   1608 -7.760089812803271e-02 7.8e+00 4.40e-02  3e-02  6e-02 195:26.6
  136   1632 -7.762345242458595e-02 8.0e+00 4.06e-02  3e-02  6e-02 198:18.9
  138   1656 -7.764894128497886e-02 8.1e+00 4.15e-02  3e-02  6e-02 201:10.5
  140   1680 -7.782536286588648e-02 8.2e+00 4.48e-02  3e-02  6e-02 204:02.5
  142   1704 -7.808426718425390e-02 8.3e+00 4.92e-02  4e-02  7e-02 206:54.8
  144   1728 -7.809010855171925e-02 8.5e+00 5.19e-02  4e-02  8e-02 209:46.2
  146   1752 -7.826967733682784e-02 9.2e+00 5.80e-02  4e-02  9e-02 212:38.6
  148   1776 -7.824365393941979e-02 9.5e+00 6.10e-02  5e-02  9e-02 215:30.3
  150   1800 -7.843539366875985e-02 9.8e+00 6.22e-02  5e-02  9e-02 218:21.9
  152   1824 -7.876859365692639e-02 1.0e+01 6.32e-02  5e-02  9e-02 221:14.5
  154   1848 -7.832405865817475e-02 1.1e+01 6.32e-02  5e-02  9e-02 224:05.8
  156   1872 -7.837380787432099e-02 1.1e+01 6.00e-02  4e-02  9e-02 226:57.6
  158   1896 -7.833563962592273e-02 1.1e+01 5.82e-02  4e-02  9e-02 229:49.2
  160   1920 -7.892260290149937e-02 1.1e+01 5.34e-02  4e-02  8e-02 232:40.7
  162   1944 -7.857598423666109e-02 1.2e+01 5.23e-02  4e-02  8e-02 235:32.3
  164   1968 -7.889788597240792e-02 1.2e+01 4.97e-02  4e-02  7e-02 238:23.9
  166   1992 -7.907003008427170e-02 1.2e+01 4.80e-02  4e-02  7e-02 241:15.8
  168   2016 -7.904420879796936e-02 1.3e+01 5.03e-02  4e-02  7e-02 244:07.5
  170   2040 -7.917459988823446e-02 1.3e+01 5.33e-02  4e-02  8e-02 246:58.8
  172   2064 -7.913414862464559e-02 1.4e+01 5.30e-02  4e-02  8e-02 249:51.0
  174   2088 -7.935947396058660e-02 1.4e+01 5.34e-02  4e-02  8e-02 252:42.4
  176   2112 -7.936038168267832e-02 1.4e+01 5.09e-02  4e-02  8e-02 255:34.7
  178   2136 -7.939793691161126e-02 1.4e+01 4.74e-02  3e-02  7e-02 258:26.9
  180   2160 -7.954547793857604e-02 1.4e+01 4.47e-02  3e-02  7e-02 261:18.6
  182   2184 -7.946469660956054e-02 1.4e+01 4.14e-02  3e-02  6e-02 264:10.4
  184   2208 -7.963129255394635e-02 1.5e+01 4.36e-02  3e-02  7e-02 267:01.7
  186   2232 -7.962623746602376e-02 1.5e+01 4.67e-02  3e-02  7e-02 269:54.1
  188   2256 -7.965144189837391e-02 1.6e+01 4.59e-02  3e-02  7e-02 272:45.1
  190   2280 -7.958700886092972e-02 1.6e+01 4.54e-02  3e-02  7e-02 275:36.3
  192   2304 -7.971085973436792e-02 1.6e+01 4.16e-02  3e-02  6e-02 278:28.0
  194   2328 -7.960969230154120e-02 1.6e+01 3.86e-02  3e-02  6e-02 281:19.5
  196   2352 -7.975580087313187e-02 1.6e+01 3.37e-02  2e-02  5e-02 284:11.1
  198   2376 -7.970789193776601e-02 1.6e+01 3.10e-02  2e-02  5e-02 287:02.4
  200   2400 -7.974952793906570e-02 1.7e+01 2.83e-02  2e-02  4e-02 289:53.6
  202   2424 -7.985455158403064e-02 1.7e+01 2.72e-02  2e-02  4e-02 292:45.1
  204   2448 -7.983797135384245e-02 1.7e+01 2.78e-02  2e-02  4e-02 295:36.2
  206   2472 -7.988139978677886e-02 1.7e+01 2.80e-02  2e-02  4e-02 298:28.3
  208   2496 -7.995331652850811e-02 1.8e+01 2.81e-02  2e-02  4e-02 301:19.5
  210   2520 -8.002845322654653e-02 1.8e+01 2.89e-02  2e-02  5e-02 304:11.0
  212   2544 -8.002648144537314e-02 1.9e+01 3.03e-02  2e-02  5e-02 307:02.9
  214   2568 -8.007034460304167e-02 2.0e+01 3.20e-02  2e-02  5e-02 309:54.5
  216   2592 -8.011172140305060e-02 2.1e+01 3.38e-02  2e-02  6e-02 312:46.7
  218   2616 -8.003047056321327e-02 2.2e+01 3.35e-02  2e-02  5e-02 315:38.5
  220   2640 -8.014297088581991e-02 2.2e+01 3.27e-02  2e-02  5e-02 318:30.3
  222   2664 -8.015218623967084e-02 2.2e+01 3.15e-02  2e-02  5e-02 321:21.7
  224   2688 -8.023037684906612e-02 2.3e+01 3.36e-02  2e-02  6e-02 324:13.8
  226   2712 -8.019684170132559e-02 2.4e+01 3.40e-02  2e-02  6e-02 327:05.8
  228   2736 -8.023387954817369e-02 2.5e+01 3.25e-02  2e-02  6e-02 329:58.1
  230   2760 -8.027438874350988e-02 2.6e+01 3.29e-02  2e-02  6e-02 332:49.9
  232   2784 -8.028314541249937e-02 2.6e+01 3.47e-02  2e-02  6e-02 335:42.2
  234   2808 -8.031185910106181e-02 2.7e+01 3.68e-02  2e-02  7e-02 338:34.2
  236   2832 -8.040660562775614e-02 2.8e+01 3.68e-02  2e-02  7e-02 341:26.4
  238   2856 -8.040146410481713e-02 2.9e+01 3.56e-02  2e-02  7e-02 344:17.8
  240   2880 -8.042142732349897e-02 2.9e+01 3.68e-02  2e-02  7e-02 347:09.8
  242   2904 -8.048095079835568e-02 3.0e+01 3.87e-02  2e-02  7e-02 350:01.7
  244   2928 -8.042718126202901e-02 3.1e+01 4.23e-02  3e-02  8e-02 352:53.7
  246   2952 -8.053114226725712e-02 3.2e+01 4.67e-02  3e-02  9e-02 355:45.6
  249   2988 -8.071061662562808e-02 3.3e+01 5.55e-02  3e-02  1e-01 359:54.9
  251   3012 -8.071450779799270e-02 3.5e+01 6.11e-02  4e-02  1e-01 362:47.0
  253   3036 -8.072603896762043e-02 3.6e+01 6.08e-02  4e-02  1e-01 365:38.7
  255   3060 -8.038205854760858e-02 3.6e+01 5.98e-02  3e-02  1e-01 368:30.4
  257   3084 -8.068886030343972e-02 3.6e+01 6.17e-02  4e-02  1e-01 371:22.2
  259   3108 -8.088560143265203e-02 3.7e+01 6.31e-02  4e-02  1e-01 374:13.6
  261   3132 -8.103746161457034e-02 3.7e+01 6.31e-02  4e-02  1e-01 377:05.8
  264   3168 -8.108137431294246e-02 3.9e+01 6.90e-02  4e-02  2e-01 381:22.8
  267   3204 -8.116394957184124e-02 4.0e+01 6.52e-02  3e-02  1e-01 385:40.3
  270   3240 -8.130355674474790e-02 4.0e+01 6.06e-02  3e-02  1e-01 389:58.2
  273   3276 -8.144808160569979e-02 4.1e+01 5.69e-02  3e-02  1e-01 394:15.1
  276   3312 -8.159904040639285e-02 4.1e+01 5.51e-02  3e-02  1e-01 398:32.4
  279   3348 -8.191243198586869e-02 4.2e+01 5.79e-02  3e-02  1e-01 402:48.6
  282   3384 -8.186779419717291e-02 4.3e+01 6.47e-02  3e-02  1e-01 407:05.4
  285   3420 -8.181165277443100e-02 4.3e+01 6.55e-02  3e-02  2e-01 411:22.2
  288   3456 -8.182110000468240e-02 4.5e+01 6.65e-02  3e-02  2e-01 415:39.0
  291   3492 -8.185911082448132e-02 4.6e+01 7.10e-02  4e-02  2e-01 419:56.1
  294   3528 -8.209882416987034e-02 4.6e+01 7.12e-02  3e-02  2e-01 424:12.8
  297   3564 -8.213887341050767e-02 4.6e+01 6.64e-02  3e-02  2e-01 428:30.1
  300   3600 -8.231002728062101e-02 4.7e+01 5.87e-02  3e-02  1e-01 432:47.1
  303   3636 -8.247437271811055e-02 4.9e+01 4.84e-02  2e-02  1e-01 437:04.0
  306   3672 -8.248194323101489e-02 4.9e+01 4.65e-02  2e-02  1e-01 441:21.5
  309   3708 -8.256815035982923e-02 5.0e+01 4.14e-02  2e-02  1e-01 445:38.7
  312   3744 -8.268615723925971e-02 5.1e+01 3.70e-02  2e-02  9e-02 449:55.8
  315   3780 -8.282166520143633e-02 5.0e+01 3.73e-02  2e-02  9e-02 454:14.1
  318   3816 -8.293677274253300e-02 5.0e+01 3.87e-02  2e-02  1e-01 458:31.8
  321   3852 -8.305493478058940e-02 5.1e+01 4.02e-02  2e-02  1e-01 462:49.6
  324   3888 -8.313673664957695e-02 5.6e+01 4.25e-02  2e-02  1e-01 467:07.5
  327   3924 -8.312170999065628e-02 6.0e+01 4.01e-02  2e-02  1e-01 471:25.8
  330   3960 -8.336711597842930e-02 6.2e+01 3.83e-02  2e-02  1e-01 475:43.8
  333   3996 -8.344609085981018e-02 6.7e+01 4.55e-02  2e-02  1e-01 480:01.9
  336   4032 -8.341757671756300e-02 6.9e+01 4.89e-02  2e-02  1e-01 484:20.3
  339   4068 -8.373587360029268e-02 7.0e+01 5.02e-02  2e-02  1e-01 488:37.9
  342   4104 -8.385011707636833e-02 7.3e+01 5.52e-02  2e-02  2e-01 492:55.7
  345   4140 -8.398028522622866e-02 7.8e+01 6.74e-02  3e-02  2e-01 497:13.6
  348   4176 -8.395044094185335e-02 8.5e+01 8.44e-02  3e-02  3e-01 501:31.1
  351   4212 -8.393011283473026e-02 9.3e+01 9.68e-02  4e-02  4e-01 505:49.1
  354   4248 -8.434763732343767e-02 9.2e+01 9.83e-02  4e-02  4e-01 510:06.4
  357   4284 -8.427057680267760e-02 9.1e+01 9.14e-02  3e-02  3e-01 514:24.4
  360   4320 -8.445190488054702e-02 9.4e+01 9.71e-02  4e-02  4e-01 518:43.2
  363   4356 -8.431216083443710e-02 9.4e+01 1.02e-01  4e-02  4e-01 523:00.6
  366   4392 -8.462070166490007e-02 9.5e+01 8.55e-02  3e-02  3e-01 527:18.3
  369   4428 -8.475353303820833e-02 9.4e+01 7.49e-02  3e-02  3e-01 531:35.8
  372   4464 -8.509973899176308e-02 9.4e+01 6.66e-02  2e-02  3e-01 535:53.9
  375   4500 -8.498565379278349e-02 9.6e+01 7.11e-02  3e-02  3e-01 540:10.9
  378   4536 -8.500505419005050e-02 9.8e+01 7.80e-02  3e-02  3e-01 544:27.9
  381   4572 -8.517427925413971e-02 9.9e+01 8.42e-02  3e-02  3e-01 548:45.3
  384   4608 -8.514271289944263e-02 9.9e+01 8.03e-02  3e-02  3e-01 553:02.2
  387   4644 -8.520197079028159e-02 1.0e+02 7.01e-02  2e-02  3e-01 557:19.8
  390   4680 -8.524345340531202e-02 9.9e+01 6.59e-02  2e-02  3e-01 561:36.8
  393   4716 -8.546772283833026e-02 1.0e+02 6.51e-02  2e-02  3e-01 565:54.3
  396   4752 -8.546240706476452e-02 1.0e+02 6.14e-02  2e-02  2e-01 570:11.7
  399   4788 -8.549300076265549e-02 1.1e+02 7.04e-02  2e-02  3e-01 574:28.7
  400   4800 -8.572921845911531e-02 1.1e+02 7.06e-02  2e-02  3e-01 575:54.4
  403   4836 -8.555209188356150e-02 1.0e+02 6.85e-02  2e-02  3e-01 580:11.4
  406   4872 -8.574634500224242e-02 1.1e+02 6.39e-02  2e-02  3e-01 584:29.7
  409   4908 -8.566926314374772e-02 1.1e+02 5.87e-02  2e-02  2e-01 588:46.9
  412   4944 -8.579832458539152e-02 1.1e+02 4.99e-02  2e-02  2e-01 593:04.6
  415   4980 -8.580035035821448e-02 1.1e+02 5.20e-02  2e-02  2e-01 597:22.0
  418   5016 -8.569917908657670e-02 1.1e+02 5.25e-02  2e-02  2e-01 601:39.2
  421   5052 -8.593834824047154e-02 1.2e+02 5.71e-02  2e-02  3e-01 605:56.7
  424   5088 -8.578463682411623e-02 1.2e+02 5.68e-02  2e-02  3e-01 610:13.6
  427   5124 -8.592181672896963e-02 1.3e+02 5.29e-02  2e-02  2e-01 614:30.9
  430   5160 -8.598801577666393e-02 1.3e+02 4.73e-02  1e-02  2e-01 618:48.1
  433   5196 -8.596398291619876e-02 1.3e+02 4.30e-02  1e-02  2e-01 623:05.2
  436   5232 -8.607035237425646e-02 1.3e+02 4.05e-02  1e-02  2e-01 627:21.8
  439   5268 -8.604407234331490e-02 1.3e+02 3.77e-02  1e-02  2e-01 631:38.4
  442   5304 -8.604330857037129e-02 1.3e+02 3.48e-02  1e-02  2e-01 635:55.7
  445   5340 -8.607109853694976e-02 1.4e+02 3.00e-02  1e-02  1e-01 640:12.5
  448   5376 -8.610266485296772e-02 1.3e+02 2.79e-02  9e-03  1e-01 644:29.3
  451   5412 -8.611391040752453e-02 1.3e+02 2.72e-02  9e-03  1e-01 648:47.5
  454   5448 -8.610738867085325e-02 1.3e+02 2.70e-02  8e-03  1e-01 653:04.2
  457   5484 -8.614532086567697e-02 1.4e+02 2.43e-02  8e-03  1e-01 657:21.5
  460   5520 -8.614860677606848e-02 1.4e+02 2.25e-02  7e-03  1e-01 661:38.5
  463   5556 -8.617977543822578e-02 1.5e+02 2.11e-02  7e-03  1e-01 665:55.0
  466   5592 -8.619659961941045e-02 1.6e+02 2.29e-02  7e-03  1e-01 670:12.2
  469   5628 -8.619529469481187e-02 1.7e+02 2.63e-02  8e-03  1e-01 674:29.3
  472   5664 -8.620554867962732e-02 1.8e+02 2.83e-02  9e-03  2e-01 678:46.8
  475   5700 -8.623630584596241e-02 1.9e+02 2.58e-02  8e-03  2e-01 683:04.5
  478   5736 -8.620212857048735e-02 1.9e+02 2.25e-02  7e-03  1e-01 687:21.4
  481   5772 -8.623547543180582e-02 1.9e+02 2.13e-02  6e-03  1e-01 691:38.8
  484   5808 -8.623717670943043e-02 1.9e+02 2.11e-02  6e-03  1e-01 695:55.7
  487   5844 -8.624196212740663e-02 1.8e+02 1.99e-02  6e-03  1e-01 700:13.2
  490   5880 -8.624610023450109e-02 1.8e+02 2.02e-02  6e-03  1e-01 704:30.3
  493   5916 -8.625352410268745e-02 1.8e+02 2.12e-02  6e-03  1e-01 708:46.8
  496   5952 -8.625987241878272e-02 1.9e+02 2.30e-02  7e-03  1e-01 713:03.7
  499   5988 -8.627255806362584e-02 1.9e+02 2.36e-02  7e-03  1e-01 717:21.5
  500   6000 -8.627717739227038e-02 1.9e+02 2.36e-02  7e-03  1e-01 718:47.3
  503   6036 -8.629229697027307e-02 1.9e+02 2.46e-02  7e-03  1e-01 723:03.3
  506   6072 -8.630094131906278e-02 1.9e+02 2.49e-02  7e-03  1e-01 727:21.0
  509   6108 -8.629984487510654e-02 2.0e+02 2.19e-02  6e-03  1e-01 731:37.4
  512   6144 -8.632357514346287e-02 2.0e+02 2.03e-02  5e-03  1e-01 735:54.5
  515   6180 -8.634034003490683e-02 2.0e+02 2.04e-02  5e-03  1e-01 740:12.7
  519   6228 -8.635499525419826e-02 2.0e+02 2.29e-02  6e-03  1e-01 745:56.0
  523   6276 -8.637378103610775e-02 2.0e+02 2.50e-02  6e-03  2e-01 751:38.7
  527   6324 -8.642027726991149e-02 2.1e+02 2.70e-02  7e-03  2e-01 757:21.7
  531   6372 -8.646840431095702e-02 2.2e+02 2.99e-02  7e-03  2e-01 763:05.1
  535   6420 -8.648612748848655e-02 2.2e+02 3.17e-02  8e-03  2e-01 768:48.4
  539   6468 -8.655262231715791e-02 2.2e+02 3.99e-02  9e-03  3e-01 774:31.3
  543   6516 -8.661282738290277e-02 2.3e+02 4.60e-02  1e-02  3e-01 780:15.4
  547   6564 -8.659193166208044e-02 2.3e+02 4.44e-02  1e-02  3e-01 785:59.1
  551   6612 -8.663687018121850e-02 2.3e+02 3.97e-02  9e-03  3e-01 791:42.7
  555   6660 -8.668314690973360e-02 2.4e+02 4.11e-02  9e-03  3e-01 797:25.9
  559   6708 -8.665239983784266e-02 2.4e+02 4.12e-02  9e-03  3e-01 803:09.6
  563   6756 -8.677087048931073e-02 2.4e+02 4.66e-02  1e-02  3e-01 808:52.9
  567   6804 -8.683664241780900e-02 2.4e+02 4.26e-02  9e-03  3e-01 814:36.4
  571   6852 -8.685048830007054e-02 2.5e+02 4.17e-02  9e-03  3e-01 820:20.0
  575   6900 -8.686124187601421e-02 2.5e+02 4.69e-02  1e-02  3e-01 826:03.4
