Running job array 92 on pe29.int.triton.aalto.fi
Starting at Fri Mar 21 16:13:35 EET 2025
Activating virtual environment at /scratch/work/uotilav2/quantum-portfolio/venv
Processing batch 93/100: experiments 92 to 92 (total 1)
Processing experiment 92
Budget: 5257
YF.download() has changed argument auto_adjust default to True
Number of qubits for asset AMGN: 5
Number of qubits for asset AXP: 5
Number of qubits for asset BA: 5
Total number of qubits:  15
Optimized Weights (considering variance, skewness and kurtosis):
AMGN: 43.83%
AXP: 56.17%
BA: 0.00%
Left over budget:  50.65216062572017
Optimized Discrete Allocation:
AMGN: 8
AXP: 10
BA: 1
Maximized utility from continuous higher moments:  -2650.2642931166392
Budget constraint satisfied 5253.540679931641 5257 Difference:  3.459320068359375
smallest_eigenvalues: [-0.10009923250635357]
smallest_bitstrings: ['101100010000100']
first_excited_energy: None
optimized_portfolio: [{'AMGN': 13, 'AXP': 4, 'BA': 4}]
second_optimized_portfolio: None
result_with_budget: [{'portfolio': {'AMGN': 13, 'AXP': 4, 'BA': 4}, 'budget': 5253.540679931641, 'difference': 3.459320068359375, 'objective_value': -1705.8024002379648}]
result_with_budget_excited: None
Initial params:  [2.51063067 1.44978017 2.45210473 0.37157007 2.01037118 0.45035763
 2.96776493 1.63943485 1.3026989  0.83112597 2.43232687 1.43303853
 1.78578792 0.0590299  1.94035914 1.92295543 1.93815531 2.96487203
 2.14200164 1.12942738]
(6_w,12)-aCMA-ES (mu_w=3.7,w_1=40%) in dimension 20 (seed=662463, Fri Mar 21 17:38:59 2025)
Iterat #Fevals   function value  axis ratio  sigma  min&max std  t[m:s]
    1     12 -6.159527723510735e-02 1.0e+00 9.71e-02  1e-01  1e-01 4:03.2
    2     24 -6.930937787427228e-02 1.1e+00 9.84e-02  1e-01  1e-01 8:06.9
    3     36 -7.269318546014822e-02 1.2e+00 9.99e-02  1e-01  1e-01 12:10.5
    4     48 -7.422477547268648e-02 1.2e+00 1.00e-01  1e-01  1e-01 16:14.4
    5     60 -7.539371779987461e-02 1.3e+00 1.04e-01  1e-01  1e-01 20:18.2
    6     72 -7.465491017222120e-02 1.4e+00 1.07e-01  1e-01  1e-01 24:21.6
    7     84 -7.118356045338839e-02 1.4e+00 1.09e-01  1e-01  1e-01 28:25.7
    8     96 -7.356757499706373e-02 1.4e+00 1.11e-01  1e-01  1e-01 32:29.5
    9    108 -7.482760876305780e-02 1.4e+00 1.11e-01  1e-01  1e-01 36:33.6
   10    120 -7.236318215950624e-02 1.5e+00 1.06e-01  1e-01  1e-01 40:37.4
   11    132 -7.321814510092534e-02 1.5e+00 1.04e-01  1e-01  1e-01 44:41.0
   12    144 -7.252222069399149e-02 1.5e+00 1.01e-01  9e-02  1e-01 48:45.8
   13    156 -7.605238931504804e-02 1.6e+00 9.81e-02  9e-02  1e-01 52:47.7
   14    168 -7.354237318048497e-02 1.6e+00 9.52e-02  9e-02  1e-01 56:50.1
   15    180 -7.437396955334104e-02 1.6e+00 9.32e-02  9e-02  1e-01 60:51.9
   16    192 -7.498002505735059e-02 1.6e+00 8.93e-02  8e-02  1e-01 64:53.6
   17    204 -7.418273737054631e-02 1.7e+00 8.37e-02  8e-02  9e-02 68:54.9
   18    216 -7.718363103387010e-02 1.7e+00 8.07e-02  7e-02  9e-02 72:56.0
   19    228 -7.582095377961608e-02 1.7e+00 7.84e-02  7e-02  8e-02 76:57.2
   20    240 -7.618437583098407e-02 1.7e+00 7.73e-02  7e-02  8e-02 80:58.7
   21    252 -7.706097211655331e-02 1.7e+00 7.62e-02  7e-02  8e-02 85:00.2
   22    264 -7.576159839778078e-02 1.7e+00 7.64e-02  7e-02  8e-02 89:03.7
   23    276 -7.756148902493183e-02 1.8e+00 7.68e-02  7e-02  8e-02 93:04.9
   24    288 -7.719669218407085e-02 1.8e+00 7.82e-02  7e-02  8e-02 97:06.2
   25    300 -7.670082200115727e-02 1.8e+00 7.75e-02  7e-02  8e-02 101:07.9
   26    312 -7.824234463856009e-02 1.8e+00 7.98e-02  7e-02  9e-02 105:08.9
   27    324 -7.869040556034482e-02 1.8e+00 8.03e-02  7e-02  9e-02 109:11.7
   28    336 -7.819163718813954e-02 1.9e+00 8.10e-02  7e-02  9e-02 113:14.8
   29    348 -7.797874096907023e-02 1.9e+00 8.37e-02  7e-02  9e-02 117:17.9
   30    360 -7.807737120886983e-02 2.0e+00 8.51e-02  7e-02  1e-01 121:20.9
   31    372 -7.888747256826931e-02 2.0e+00 8.29e-02  7e-02  9e-02 125:23.7
   32    384 -7.921209191569265e-02 2.1e+00 8.35e-02  7e-02  1e-01 129:26.6
   33    396 -7.941362704239212e-02 2.2e+00 8.42e-02  7e-02  1e-01 133:29.9
   34    408 -7.844152292370303e-02 2.2e+00 8.34e-02  7e-02  1e-01 137:32.5
   35    420 -7.893198714146589e-02 2.3e+00 8.12e-02  7e-02  9e-02 141:35.2
   36    432 -7.835822041926543e-02 2.4e+00 7.78e-02  7e-02  9e-02 145:37.9
   37    444 -7.938166113253406e-02 2.4e+00 7.43e-02  6e-02  9e-02 149:31.3
   38    456 -7.885742600244867e-02 2.5e+00 7.18e-02  6e-02  8e-02 153:30.3
   39    468 -7.823222134323286e-02 2.5e+00 7.02e-02  6e-02  8e-02 157:33.2
   40    480 -8.024779856293929e-02 2.5e+00 6.93e-02  6e-02  8e-02 161:36.0
   41    492 -7.965275296099585e-02 2.6e+00 7.04e-02  6e-02  8e-02 165:39.3
   42    504 -8.080027139367704e-02 2.6e+00 7.22e-02  6e-02  9e-02 169:42.4
   43    516 -8.115008900145282e-02 2.7e+00 7.35e-02  6e-02  9e-02 173:46.0
   44    528 -8.124970397541688e-02 2.7e+00 7.62e-02  7e-02  9e-02 177:49.1
   45    540 -8.153834716782149e-02 2.7e+00 7.56e-02  7e-02  9e-02 181:51.6
   46    552 -8.114704914309941e-02 2.8e+00 7.63e-02  7e-02  9e-02 185:55.3
   47    564 -8.109666047065919e-02 2.9e+00 7.55e-02  7e-02  9e-02 189:58.1
   48    576 -8.029452322011434e-02 2.9e+00 7.47e-02  6e-02  9e-02 194:00.7
   49    588 -8.237608764063686e-02 2.9e+00 7.64e-02  7e-02  9e-02 197:58.9
   50    600 -8.145276330480347e-02 3.0e+00 7.57e-02  7e-02  9e-02 201:59.7
   51    612 -8.213185683661541e-02 3.0e+00 7.34e-02  6e-02  9e-02 206:02.4
   52    624 -8.192876427880483e-02 3.1e+00 7.21e-02  6e-02  8e-02 210:05.1
   53    636 -8.233683340484428e-02 3.1e+00 7.06e-02  6e-02  8e-02 214:08.2
   54    648 -8.195663310988940e-02 3.1e+00 6.66e-02  6e-02  8e-02 218:10.9
   55    660 -8.215397780011154e-02 3.1e+00 6.50e-02  6e-02  8e-02 222:13.4
   56    672 -8.254638725210192e-02 3.1e+00 6.41e-02  6e-02  7e-02 226:16.8
   57    684 -8.170180410646899e-02 3.2e+00 6.74e-02  6e-02  8e-02 230:19.5
   58    696 -8.098056179801304e-02 3.2e+00 6.70e-02  6e-02  8e-02 234:22.0
   59    708 -8.146864823144555e-02 3.3e+00 6.79e-02  6e-02  8e-02 238:23.6
   60    720 -8.209091540127061e-02 3.3e+00 6.78e-02  6e-02  8e-02 242:26.6
   61    732 -8.273118012867126e-02 3.4e+00 6.88e-02  6e-02  8e-02 246:29.9
   62    744 -8.237148339633246e-02 3.4e+00 6.82e-02  6e-02  8e-02 250:32.9
   63    756 -8.188620966472368e-02 3.4e+00 6.85e-02  6e-02  8e-02 254:36.1
   64    768 -8.144703219568444e-02 3.4e+00 6.67e-02  6e-02  8e-02 258:38.7
   65    780 -8.283451730823320e-02 3.4e+00 6.55e-02  5e-02  8e-02 262:41.4
   66    792 -8.249699892419651e-02 3.4e+00 6.48e-02  5e-02  7e-02 266:45.0
   67    804 -8.265405351078094e-02 3.5e+00 6.39e-02  5e-02  7e-02 270:47.7
   68    816 -8.214831725978361e-02 3.5e+00 6.45e-02  5e-02  7e-02 274:50.6
   69    828 -8.285572841208715e-02 3.6e+00 6.26e-02  5e-02  7e-02 278:53.1
   70    840 -8.276567559669722e-02 3.6e+00 5.85e-02  5e-02  7e-02 282:55.9
   71    852 -8.276469843966673e-02 3.6e+00 5.53e-02  4e-02  6e-02 286:59.0
   72    864 -8.225770126410092e-02 3.6e+00 5.16e-02  4e-02  6e-02 291:01.9
   73    876 -8.289299268519101e-02 3.7e+00 4.93e-02  4e-02  6e-02 295:05.2
   74    888 -8.276788328334765e-02 3.8e+00 4.67e-02  4e-02  5e-02 299:07.9
   75    900 -8.274387878918031e-02 3.8e+00 4.57e-02  4e-02  5e-02 303:10.7
   76    912 -8.296630666856514e-02 3.8e+00 4.80e-02  4e-02  6e-02 307:14.6
   77    924 -8.295239817650729e-02 3.9e+00 4.87e-02  4e-02  6e-02 311:17.4
   78    936 -8.318340207808642e-02 3.9e+00 4.87e-02  4e-02  6e-02 315:12.7
   79    948 -8.275682371737156e-02 3.9e+00 4.80e-02  4e-02  6e-02 319:15.7
   80    960 -8.283298782816530e-02 4.0e+00 4.90e-02  4e-02  6e-02 323:18.8
   81    972 -8.314622680908650e-02 4.0e+00 4.86e-02  4e-02  6e-02 327:21.7
   82    984 -8.328822194966916e-02 4.1e+00 4.86e-02  4e-02  6e-02 331:24.7
   83    996 -8.330474151925020e-02 4.1e+00 4.75e-02  4e-02  5e-02 335:27.6
   84   1008 -8.366342170042214e-02 4.1e+00 4.85e-02  4e-02  6e-02 339:30.1
   85   1020 -8.378633781165186e-02 4.1e+00 5.03e-02  4e-02  6e-02 343:32.8
   86   1032 -8.366299046228391e-02 4.2e+00 5.13e-02  4e-02  6e-02 347:36.0
   87   1044 -8.371343768561042e-02 4.2e+00 5.26e-02  4e-02  6e-02 351:38.2
   88   1056 -8.441656291074993e-02 4.4e+00 5.50e-02  4e-02  6e-02 355:41.0
   89   1068 -8.417208361719322e-02 4.5e+00 5.68e-02  4e-02  7e-02 359:43.9
   90   1080 -8.447873601104675e-02 4.5e+00 5.74e-02  4e-02  7e-02 363:46.8
   91   1092 -8.448679201994491e-02 4.6e+00 5.70e-02  4e-02  7e-02 367:49.3
   92   1104 -8.443863997656947e-02 4.6e+00 5.64e-02  4e-02  7e-02 371:52.5
   93   1116 -8.473913486631267e-02 4.7e+00 5.47e-02  4e-02  6e-02 375:55.4
   94   1128 -8.448183369271131e-02 4.8e+00 5.31e-02  4e-02  6e-02 379:59.1
   95   1140 -8.466416389949957e-02 4.8e+00 5.37e-02  4e-02  6e-02 384:02.4
   96   1152 -8.481293233481678e-02 4.9e+00 5.17e-02  4e-02  6e-02 388:05.0
   97   1164 -8.496694407962220e-02 5.0e+00 5.14e-02  4e-02  6e-02 392:07.6
   98   1176 -8.445291770807414e-02 5.1e+00 5.10e-02  4e-02  6e-02 396:09.9
   99   1188 -8.485217364083836e-02 5.2e+00 5.00e-02  4e-02  6e-02 400:13.9
  100   1200 -8.496256079670017e-02 5.2e+00 4.82e-02  4e-02  6e-02 404:17.8
  101   1212 -8.488429894756280e-02 5.2e+00 4.80e-02  4e-02  6e-02 408:09.6
  102   1224 -8.491335466930769e-02 5.3e+00 4.88e-02  4e-02  6e-02 411:59.6
  103   1236 -8.541507698166081e-02 5.4e+00 5.08e-02  4e-02  6e-02 415:49.3
  104   1248 -8.497434271627996e-02 5.5e+00 5.27e-02  4e-02  6e-02 419:45.6
  105   1260 -8.533389652180393e-02 5.8e+00 5.43e-02  4e-02  7e-02 423:49.1
  106   1272 -8.527824359800569e-02 5.8e+00 5.60e-02  4e-02  7e-02 427:52.3
  107   1284 -8.585400477757796e-02 6.0e+00 5.57e-02  4e-02  7e-02 431:55.5
  108   1296 -8.587922614499552e-02 6.1e+00 5.44e-02  4e-02  7e-02 435:58.8
  109   1308 -8.589039012195275e-02 6.2e+00 5.34e-02  4e-02  7e-02 440:02.2
  110   1320 -8.565157515909945e-02 6.3e+00 5.19e-02  4e-02  7e-02 444:05.3
  111   1332 -8.555058042995192e-02 6.4e+00 5.07e-02  4e-02  6e-02 448:07.6
  112   1344 -8.572972990542901e-02 6.4e+00 5.24e-02  4e-02  7e-02 452:07.0
  113   1356 -8.550176418690056e-02 6.5e+00 5.36e-02  4e-02  7e-02 456:04.8
  114   1368 -8.526983386187705e-02 6.6e+00 5.18e-02  4e-02  7e-02 460:06.5
  115   1380 -8.626193848207138e-02 6.8e+00 5.15e-02  4e-02  7e-02 464:08.2
  116   1392 -8.647538190326046e-02 6.8e+00 5.19e-02  4e-02  7e-02 468:09.5
  117   1404 -8.633734604291338e-02 6.8e+00 5.19e-02  4e-02  7e-02 472:11.3
  118   1416 -8.640934099575284e-02 6.9e+00 5.30e-02  4e-02  7e-02 476:12.9
  119   1428 -8.642908121512489e-02 7.0e+00 5.63e-02  4e-02  8e-02 480:14.8
  120   1440 -8.667040645468216e-02 7.1e+00 5.85e-02  4e-02  8e-02 484:16.7
  121   1452 -8.672205380733689e-02 7.2e+00 5.86e-02  4e-02  8e-02 488:18.5
  122   1464 -8.677986377468189e-02 7.3e+00 5.99e-02  5e-02  8e-02 492:19.6
  123   1476 -8.685468385687566e-02 7.4e+00 6.00e-02  5e-02  8e-02 496:21.1
  124   1488 -8.657197173157148e-02 7.7e+00 5.80e-02  4e-02  8e-02 500:22.3
  125   1500 -8.640284529324119e-02 7.7e+00 5.89e-02  4e-02  8e-02 504:24.3
  126   1512 -8.680657662435552e-02 7.9e+00 5.79e-02  4e-02  8e-02 508:26.0
  127   1524 -8.702294703004816e-02 7.8e+00 5.46e-02  4e-02  8e-02 512:27.7
  128   1536 -8.693862349241713e-02 7.8e+00 5.24e-02  4e-02  7e-02 516:29.2
  129   1548 -8.719960731958759e-02 7.8e+00 5.29e-02  4e-02  8e-02 520:31.3
  130   1560 -8.745295934709955e-02 8.0e+00 5.35e-02  4e-02  8e-02 524:33.1
  131   1572 -8.721758762470479e-02 8.1e+00 5.53e-02  4e-02  8e-02 528:34.6
  132   1584 -8.782597869684107e-02 8.3e+00 5.84e-02  4e-02  9e-02 532:31.4
  133   1596 -8.832366417955892e-02 8.5e+00 5.98e-02  5e-02  9e-02 536:30.2
  134   1608 -8.805200467210068e-02 8.6e+00 5.81e-02  4e-02  9e-02 540:31.7
  135   1620 -8.796012221331102e-02 8.7e+00 5.85e-02  4e-02  9e-02 544:33.1
  136   1632 -8.843558736490176e-02 8.9e+00 6.15e-02  5e-02  1e-01 548:34.2
  137   1644 -8.837747328806293e-02 9.2e+00 6.64e-02  5e-02  1e-01 552:35.4
  138   1656 -8.862888839057131e-02 9.3e+00 6.86e-02  5e-02  1e-01 556:36.4
  139   1668 -8.827807521344778e-02 9.5e+00 6.95e-02  5e-02  1e-01 560:38.2
  140   1680 -8.823007206110646e-02 9.7e+00 6.98e-02  5e-02  1e-01 564:40.2
  141   1692 -8.867054258171869e-02 9.8e+00 7.02e-02  5e-02  1e-01 568:42.0
  142   1704 -8.883293494719416e-02 9.9e+00 7.10e-02  6e-02  1e-01 572:43.3
  143   1716 -8.900224197091246e-02 1.0e+01 7.25e-02  6e-02  1e-01 576:44.6
  144   1728 -8.899818963642260e-02 1.0e+01 7.21e-02  6e-02  1e-01 580:46.9
  145   1740 -8.934575602668274e-02 1.0e+01 7.30e-02  6e-02  1e-01 584:48.6
  146   1752 -8.925957583448316e-02 1.1e+01 7.46e-02  6e-02  1e-01 588:41.8
  147   1764 -8.967291883969140e-02 1.1e+01 7.76e-02  6e-02  1e-01 592:43.1
  148   1776 -8.974205104961354e-02 1.1e+01 7.78e-02  6e-02  1e-01 596:45.0
  149   1788 -8.893810392731871e-02 1.1e+01 7.52e-02  6e-02  1e-01 600:47.0
  150   1800 -8.939405951438917e-02 1.1e+01 7.55e-02  6e-02  1e-01 604:48.7
  151   1812 -8.900601862955637e-02 1.1e+01 7.23e-02  6e-02  1e-01 608:50.2
  152   1824 -8.865611567594793e-02 1.1e+01 7.07e-02  6e-02  1e-01 612:51.3
  153   1836 -8.864141472229621e-02 1.1e+01 6.77e-02  5e-02  1e-01 616:52.7
  154   1848 -8.890735294207837e-02 1.1e+01 6.47e-02  5e-02  1e-01 620:54.9
  155   1860 -8.937167612561718e-02 1.1e+01 6.37e-02  5e-02  1e-01 624:56.6
  156   1872 -8.946859547856728e-02 1.2e+01 6.38e-02  5e-02  1e-01 628:58.2
  157   1884 -9.005715311699397e-02 1.2e+01 6.47e-02  5e-02  1e-01 632:59.9
  158   1896 -8.979032758146581e-02 1.2e+01 6.78e-02  5e-02  1e-01 637:01.3
  159   1908 -8.990777575963281e-02 1.2e+01 6.80e-02  5e-02  1e-01 641:04.2
  160   1920 -8.974511918127320e-02 1.2e+01 6.53e-02  5e-02  1e-01 645:06.0
  161   1932 -8.987954504957230e-02 1.3e+01 6.35e-02  5e-02  1e-01 649:07.3
  162   1944 -8.977103209028832e-02 1.3e+01 6.19e-02  5e-02  1e-01 653:09.2
  163   1956 -9.020352405767668e-02 1.3e+01 5.98e-02  5e-02  1e-01 657:10.3
  164   1968 -9.010147744247225e-02 1.3e+01 6.05e-02  5e-02  1e-01 661:12.3
  165   1980 -9.028578483370936e-02 1.3e+01 6.03e-02  5e-02  1e-01 665:14.3
  166   1992 -9.029600031493906e-02 1.3e+01 6.15e-02  5e-02  1e-01 669:05.3
  167   2004 -9.008077275897354e-02 1.3e+01 6.10e-02  5e-02  1e-01 673:07.0
  168   2016 -8.980106083119811e-02 1.3e+01 6.16e-02  5e-02  1e-01 677:08.4
  169   2028 -8.996145912856998e-02 1.3e+01 6.03e-02  5e-02  1e-01 681:10.0
  170   2040 -8.986085331367967e-02 1.3e+01 5.94e-02  4e-02  1e-01 685:12.0
  171   2052 -9.035993200790221e-02 1.3e+01 5.80e-02  4e-02  1e-01 689:13.4
  172   2064 -9.015069048490230e-02 1.3e+01 5.72e-02  4e-02  1e-01 693:15.1
  173   2076 -9.000214864844844e-02 1.3e+01 5.71e-02  4e-02  1e-01 697:17.3
  174   2088 -8.992184573267947e-02 1.3e+01 5.52e-02  4e-02  1e-01 701:19.5
  175   2100 -9.002869636902706e-02 1.3e+01 5.22e-02  4e-02  9e-02 705:21.1
  176   2112 -9.022526065372004e-02 1.3e+01 5.03e-02  4e-02  9e-02 709:22.4
  177   2124 -9.010471577517051e-02 1.3e+01 4.70e-02  3e-02  8e-02 713:16.9
  178   2136 -9.018665539233703e-02 1.3e+01 4.71e-02  4e-02  8e-02 717:16.8
  179   2148 -9.009167829829194e-02 1.3e+01 4.47e-02  3e-02  8e-02 721:18.5
  180   2160 -9.022306287944916e-02 1.4e+01 4.27e-02  3e-02  7e-02 725:20.7
  181   2172 -9.027170476195549e-02 1.4e+01 4.13e-02  3e-02  7e-02 729:21.9
  182   2184 -9.021800424838868e-02 1.4e+01 4.05e-02  3e-02  7e-02 733:23.9
  183   2196 -9.017996373022061e-02 1.4e+01 3.85e-02  3e-02  7e-02 737:25.3
  184   2208 -9.017784977712710e-02 1.4e+01 3.70e-02  3e-02  6e-02 741:27.1
  185   2220 -9.028851715115205e-02 1.4e+01 3.55e-02  3e-02  6e-02 745:28.8
  186   2232 -9.035546582933425e-02 1.4e+01 3.45e-02  3e-02  6e-02 749:30.3
  187   2244 -9.034613030713967e-02 1.5e+01 3.32e-02  2e-02  6e-02 753:31.8
  188   2256 -9.036719603271710e-02 1.5e+01 3.22e-02  2e-02  6e-02 757:33.2
  189   2268 -9.041139010004065e-02 1.5e+01 3.22e-02  2e-02  6e-02 761:35.3
  190   2280 -9.037774044170910e-02 1.5e+01 3.13e-02  2e-02  5e-02 765:36.6
  191   2292 -9.040861280876908e-02 1.5e+01 3.09e-02  2e-02  5e-02 769:37.9
  192   2304 -9.034951939323252e-02 1.5e+01 3.11e-02  2e-02  5e-02 773:39.0
  193   2316 -9.040204762057930e-02 1.5e+01 3.03e-02  2e-02  5e-02 777:40.9
  194   2328 -9.043610963431359e-02 1.5e+01 2.89e-02  2e-02  5e-02 781:43.1
  195   2340 -9.041329905281137e-02 1.6e+01 2.72e-02  2e-02  5e-02 785:44.6
  196   2352 -9.043329760311873e-02 1.6e+01 2.63e-02  2e-02  4e-02 789:45.9
  197   2364 -9.043777713343779e-02 1.6e+01 2.66e-02  2e-02  5e-02 793:47.9
  198   2376 -9.047785793491107e-02 1.6e+01 2.72e-02  2e-02  5e-02 797:49.4
  199   2388 -9.049425028756415e-02 1.6e+01 2.81e-02  2e-02  5e-02 801:51.4
  200   2400 -9.048203845644581e-02 1.6e+01 2.81e-02  2e-02  5e-02 805:52.8
  201   2412 -9.050712276545533e-02 1.6e+01 2.89e-02  2e-02  5e-02 809:54.1
  202   2424 -9.040315245199154e-02 1.6e+01 2.88e-02  2e-02  5e-02 813:55.8
  203   2436 -9.043352318124208e-02 1.6e+01 2.86e-02  2e-02  5e-02 817:57.2
  204   2448 -9.042447304466525e-02 1.6e+01 2.99e-02  2e-02  5e-02 821:58.9
  205   2460 -9.047442280866488e-02 1.6e+01 3.08e-02  2e-02  5e-02 826:00.7
  206   2472 -9.050263079753962e-02 1.7e+01 3.00e-02  2e-02  5e-02 830:02.3
  207   2484 -9.046946778014954e-02 1.7e+01 2.95e-02  2e-02  5e-02 833:59.0
  208   2496 -9.046749563426382e-02 1.7e+01 2.87e-02  2e-02  5e-02 837:58.6
  209   2508 -9.047210133266236e-02 1.7e+01 2.79e-02  2e-02  5e-02 841:59.6
  210   2520 -9.047398173978578e-02 1.7e+01 2.60e-02  2e-02  4e-02 846:01.4
  211   2532 -9.048710068271326e-02 1.7e+01 2.50e-02  2e-02  4e-02 850:02.7
  212   2544 -9.049183615132467e-02 1.7e+01 2.35e-02  2e-02  4e-02 854:03.8
  213   2556 -9.049772475133261e-02 1.7e+01 2.27e-02  2e-02  4e-02 858:06.1
  214   2568 -9.053088774838515e-02 1.7e+01 2.31e-02  2e-02  4e-02 862:07.6
  215   2580 -9.051717559831836e-02 1.8e+01 2.36e-02  2e-02  4e-02 865:56.3
  216   2592 -9.051088761017402e-02 1.8e+01 2.44e-02  2e-02  4e-02 869:44.8
  217   2604 -9.052476008543421e-02 1.8e+01 2.43e-02  2e-02  4e-02 873:33.9
  218   2616 -9.052670385477829e-02 1.8e+01 2.33e-02  2e-02  4e-02 877:23.0
  219   2628 -9.052861897104594e-02 1.8e+01 2.26e-02  2e-02  4e-02 881:25.1
  220   2640 -9.051288675784125e-02 1.8e+01 2.17e-02  1e-02  3e-02 885:26.6
  221   2652 -9.052689247421335e-02 1.8e+01 2.07e-02  1e-02  3e-02 889:28.4
  222   2664 -9.053002470998602e-02 1.9e+01 1.98e-02  1e-02  3e-02 893:29.9
  223   2676 -9.050676417720188e-02 1.9e+01 1.88e-02  1e-02  3e-02 897:31.6
  224   2688 -9.052535068491727e-02 1.9e+01 1.89e-02  1e-02  3e-02 901:33.4
  225   2700 -9.054509247443075e-02 1.9e+01 1.90e-02  1e-02  3e-02 905:35.6
  226   2712 -9.054501291391290e-02 1.9e+01 1.89e-02  1e-02  3e-02 909:36.9
  227   2724 -9.055831619770080e-02 1.9e+01 1.85e-02  1e-02  3e-02 913:38.2
  228   2736 -9.054570720174400e-02 1.9e+01 1.87e-02  1e-02  3e-02 917:39.9
  229   2748 -9.055197452864168e-02 1.9e+01 1.90e-02  1e-02  3e-02 921:41.3
  230   2760 -9.056539269951829e-02 1.9e+01 1.94e-02  1e-02  3e-02 925:43.6
  231   2772 -9.055694756691765e-02 2.0e+01 1.92e-02  1e-02  3e-02 929:33.7
  232   2784 -9.055840701711779e-02 2.0e+01 1.92e-02  1e-02  3e-02 933:27.1
  233   2796 -9.054623048750066e-02 2.0e+01 1.84e-02  1e-02  3e-02 937:28.3
  234   2808 -9.057308686927534e-02 2.0e+01 1.77e-02  1e-02  3e-02 941:30.0
