Running job array 9 on pe55.int.triton.aalto.fi
Starting at Sat Mar 22 10:18:25 EET 2025
Activating virtual environment at /scratch/work/uotilav2/quantum-portfolio/venv
Processing batch 10/100: experiments 9 to 9 (total 1)
Processing experiment 9
Budget: 3186
YF.download() has changed argument auto_adjust default to True
Number of qubits for asset AAPL: 4
Number of qubits for asset NKE: 6
Total number of qubits:  10
Optimized Weights (considering variance, skewness and kurtosis):
AAPL: 100.00%
NKE: 0.00%
Left over budget:  108.97136348960339
Optimized Discrete Allocation:
AAPL: 12
NKE: 1
Maximized utility from continuous higher moments:  -498.2036826595846
Budget constraint satisfied 3179.050132751465 3186 Difference:  6.949867248535156
Budget constraint not satisfied 3203.3283081054688 3186 Difference:  -17.32830810546875
smallest_eigenvalues: [-0.34264393329632054]
smallest_bitstrings: ['0101100100']
first_excited_energy: -0.34263729229885004
optimized_portfolio: [{'AAPL': 10, 'NKE': 9}]
second_optimized_portfolio: [{'AAPL': 11, 'NKE': 6}]
result_with_budget: [{'portfolio': {'AAPL': 10, 'NKE': 9}, 'budget': 3179.050132751465, 'difference': 6.949867248535156, 'objective_value': -1270.0229613462607}]
result_with_budget_excited: [{'portfolio': {'AAPL': 11, 'NKE': 6}, 'budget': 3203.3283081054688, 'difference': -17.32830810546875, 'objective_value': -777.5034978491768}]
Initial params:  [2.51063067 1.44978017 2.45210473 0.37157007 2.01037118 0.45035763
 2.96776493 1.63943485 1.3026989  0.83112597 2.43232687 1.43303853
 1.78578792 0.0590299  1.94035914 1.92295543 1.93815531 2.96487203
 2.14200164 1.12942738]
(6_w,12)-aCMA-ES (mu_w=3.7,w_1=40%) in dimension 20 (seed=735539, Sat Mar 22 10:18:45 2025)
Iterat #Fevals   function value  axis ratio  sigma  min&max std  t[m:s]
    1     12 -2.388804240964016e-01 1.0e+00 9.25e-02  9e-02  9e-02 0:26.7
    2     24 -2.463608776140561e-01 1.1e+00 9.24e-02  9e-02  9e-02 0:53.3
    3     36 -2.421284791175288e-01 1.2e+00 9.42e-02  9e-02  1e-01 1:20.0
    4     48 -2.595172113580979e-01 1.2e+00 9.82e-02  1e-01  1e-01 1:46.8
    5     60 -2.637431704006730e-01 1.3e+00 1.03e-01  1e-01  1e-01 2:13.3
    6     72 -2.647906189740171e-01 1.4e+00 1.07e-01  1e-01  1e-01 2:39.9
    7     84 -2.688115384029843e-01 1.5e+00 1.08e-01  1e-01  1e-01 3:06.6
    8     96 -2.735940354936969e-01 1.5e+00 1.09e-01  1e-01  1e-01 3:33.3
    9    108 -2.755931299644716e-01 1.5e+00 1.13e-01  1e-01  1e-01 3:59.9
   10    120 -2.699719061943549e-01 1.6e+00 1.20e-01  1e-01  1e-01 4:26.6
   11    132 -2.846717474431145e-01 1.7e+00 1.26e-01  1e-01  1e-01 4:53.2
   12    144 -2.738577334777966e-01 1.7e+00 1.26e-01  1e-01  1e-01 5:19.8
   13    156 -2.770452292081805e-01 1.8e+00 1.26e-01  1e-01  1e-01 5:46.5
   14    168 -2.675768974770114e-01 1.8e+00 1.25e-01  1e-01  1e-01 6:13.1
   15    180 -2.753387447090838e-01 1.8e+00 1.21e-01  1e-01  1e-01 6:39.9
   16    192 -2.758518585009159e-01 1.9e+00 1.17e-01  1e-01  1e-01 7:06.5
   17    204 -2.801410404797293e-01 1.9e+00 1.13e-01  1e-01  1e-01 7:33.1
   18    216 -2.798507562432825e-01 2.0e+00 1.11e-01  1e-01  1e-01 7:59.8
   19    228 -2.835726011554821e-01 2.0e+00 1.08e-01  1e-01  1e-01 8:26.5
   20    240 -2.823344987181201e-01 2.0e+00 1.09e-01  1e-01  1e-01 8:53.1
   21    252 -2.913313025226558e-01 2.1e+00 1.07e-01  1e-01  1e-01 9:19.7
   22    264 -2.992796534062026e-01 2.1e+00 1.07e-01  1e-01  1e-01 9:46.3
   23    276 -2.936848116266025e-01 2.1e+00 1.02e-01  9e-02  1e-01 10:13.0
   24    288 -2.931073495587632e-01 2.2e+00 9.64e-02  9e-02  1e-01 10:39.7
   25    300 -2.938471301715165e-01 2.2e+00 9.20e-02  8e-02  1e-01 11:06.3
   26    312 -2.972924267633206e-01 2.2e+00 8.83e-02  8e-02  1e-01 11:32.9
   27    324 -2.940963242515419e-01 2.3e+00 9.04e-02  8e-02  1e-01 11:59.5
   29    348 -2.940511790529804e-01 2.3e+00 9.26e-02  8e-02  1e-01 12:53.0
   31    372 -2.865156673646508e-01 2.4e+00 8.45e-02  8e-02  1e-01 13:46.3
   33    396 -2.931198162875980e-01 2.4e+00 8.09e-02  7e-02  9e-02 14:39.7
   35    420 -3.028581684105166e-01 2.5e+00 8.03e-02  7e-02  9e-02 15:33.0
   37    444 -2.972796279357175e-01 2.5e+00 7.73e-02  7e-02  9e-02 16:26.5
   39    468 -2.996415948059535e-01 2.5e+00 7.59e-02  7e-02  9e-02 17:20.1
   41    492 -2.981496673711770e-01 2.6e+00 7.49e-02  7e-02  9e-02 18:13.8
   43    516 -3.016350893077838e-01 2.7e+00 7.21e-02  6e-02  9e-02 19:06.8
   45    540 -3.038377555425016e-01 2.7e+00 6.92e-02  6e-02  9e-02 19:58.7
   47    564 -3.034719544927728e-01 2.8e+00 6.30e-02  5e-02  8e-02 20:50.4
   49    588 -3.071027285135338e-01 2.8e+00 5.49e-02  5e-02  7e-02 21:42.0
   51    612 -3.045250108993449e-01 2.8e+00 5.13e-02  4e-02  6e-02 22:33.8
   53    636 -3.070843412504189e-01 3.0e+00 5.09e-02  4e-02  6e-02 23:25.4
   55    660 -3.075359137452069e-01 3.2e+00 5.09e-02  4e-02  6e-02 24:17.1
   57    684 -3.066695241709297e-01 3.3e+00 4.69e-02  4e-02  6e-02 25:08.6
   59    708 -3.062496993853620e-01 3.4e+00 4.72e-02  4e-02  6e-02 26:00.2
   61    732 -3.066950241125241e-01 3.5e+00 4.47e-02  4e-02  5e-02 26:51.9
   63    756 -3.065281696830741e-01 3.5e+00 4.38e-02  4e-02  5e-02 27:43.6
   65    780 -3.102051092938570e-01 3.7e+00 4.81e-02  4e-02  6e-02 28:35.3
   67    804 -3.090261625220420e-01 3.7e+00 5.26e-02  4e-02  6e-02 29:26.9
   69    828 -3.071915864051622e-01 3.7e+00 5.66e-02  5e-02  7e-02 30:18.4
   71    852 -3.101547553752983e-01 3.8e+00 5.69e-02  5e-02  7e-02 31:10.0
   73    876 -3.101775737170189e-01 3.9e+00 5.93e-02  5e-02  7e-02 32:01.5
   75    900 -3.120736852256088e-01 4.0e+00 5.83e-02  5e-02  7e-02 32:53.1
   77    924 -3.119306595176417e-01 4.1e+00 5.76e-02  4e-02  7e-02 33:44.6
   80    960 -3.109277419072533e-01 4.3e+00 5.80e-02  5e-02  7e-02 35:02.1
   83    996 -3.126353955707659e-01 4.4e+00 5.08e-02  4e-02  6e-02 36:19.2
   86   1032 -3.128641528321516e-01 4.5e+00 4.41e-02  3e-02  5e-02 37:35.7
   89   1068 -3.124076348783436e-01 4.5e+00 3.65e-02  3e-02  4e-02 38:53.1
   92   1104 -3.143999040743754e-01 4.6e+00 3.51e-02  3e-02  4e-02 40:10.3
   95   1140 -3.138813339717299e-01 4.7e+00 3.44e-02  3e-02  4e-02 41:27.6
   98   1176 -3.147496114303177e-01 5.1e+00 3.69e-02  3e-02  5e-02 42:44.8
  100   1200 -3.142377638961161e-01 5.3e+00 3.64e-02  3e-02  5e-02 43:36.6
  103   1236 -3.150004178109678e-01 5.6e+00 3.51e-02  2e-02  4e-02 44:54.1
  106   1272 -3.156913137170728e-01 5.8e+00 3.53e-02  2e-02  5e-02 46:11.5
  109   1308 -3.156012070246423e-01 6.0e+00 4.01e-02  3e-02  5e-02 47:29.0
  112   1344 -3.157634414102294e-01 6.4e+00 4.07e-02  3e-02  5e-02 48:46.2
  115   1380 -3.155053731653278e-01 6.7e+00 3.65e-02  3e-02  5e-02 50:03.5
  118   1416 -3.164488932274860e-01 6.8e+00 3.24e-02  2e-02  4e-02 51:20.7
  121   1452 -3.163245168607337e-01 7.3e+00 3.37e-02  2e-02  5e-02 52:37.8
  124   1488 -3.167700623285565e-01 7.8e+00 3.59e-02  2e-02  5e-02 53:55.0
  127   1524 -3.171287299321878e-01 8.4e+00 3.45e-02  2e-02  5e-02 55:12.1
  130   1560 -3.172218812006535e-01 8.7e+00 3.24e-02  2e-02  4e-02 56:29.5
  133   1596 -3.173688336277140e-01 9.2e+00 3.21e-02  2e-02  5e-02 57:46.7
  136   1632 -3.175291155202364e-01 9.5e+00 3.14e-02  2e-02  4e-02 59:03.8
  139   1668 -3.176504999729047e-01 9.7e+00 3.27e-02  2e-02  5e-02 60:21.1
  142   1704 -3.179852828401645e-01 1.0e+01 3.62e-02  2e-02  5e-02 61:38.2
  145   1740 -3.179690163337969e-01 1.0e+01 3.76e-02  2e-02  5e-02 62:55.5
  148   1776 -3.182637115254034e-01 1.1e+01 3.73e-02  2e-02  5e-02 64:12.8
  151   1812 -3.184982054154547e-01 1.1e+01 3.80e-02  2e-02  6e-02 65:30.3
  154   1848 -3.184682850256898e-01 1.2e+01 3.71e-02  2e-02  5e-02 66:47.3
  158   1896 -3.184575158235831e-01 1.2e+01 3.04e-02  2e-02  5e-02 68:30.2
  162   1944 -3.189210388083765e-01 1.2e+01 2.80e-02  2e-02  4e-02 70:13.1
  166   1992 -3.191847957692378e-01 1.4e+01 2.88e-02  2e-02  4e-02 71:56.2
  170   2040 -3.198187589126518e-01 1.4e+01 2.68e-02  1e-02  4e-02 73:39.2
  174   2088 -3.197921858119450e-01 1.5e+01 2.63e-02  1e-02  4e-02 75:22.0
  178   2136 -3.200151440115949e-01 1.6e+01 2.85e-02  1e-02  4e-02 77:04.7
  182   2184 -3.200963455320546e-01 1.7e+01 3.04e-02  2e-02  5e-02 78:47.6
  186   2232 -3.205140003974700e-01 1.8e+01 2.65e-02  1e-02  4e-02 80:30.5
  190   2280 -3.208340720349757e-01 1.9e+01 2.31e-02  1e-02  4e-02 82:13.7
  194   2328 -3.207975760971937e-01 1.9e+01 1.93e-02  9e-03  3e-02 83:56.7
  198   2376 -3.209690732719575e-01 2.0e+01 1.80e-02  9e-03  3e-02 85:39.5
  200   2400 -3.211265415749147e-01 2.1e+01 1.77e-02  9e-03  3e-02 86:30.9
  204   2448 -3.213595463769602e-01 2.3e+01 2.03e-02  9e-03  4e-02 88:14.0
  208   2496 -3.215604327123483e-01 2.5e+01 2.35e-02  1e-02  5e-02 89:57.0
  212   2544 -3.217048750353140e-01 2.8e+01 2.39e-02  1e-02  5e-02 91:39.8
  216   2592 -3.220860495709950e-01 3.0e+01 2.70e-02  1e-02  6e-02 93:22.7
  220   2640 -3.219299620015598e-01 3.4e+01 3.06e-02  1e-02  7e-02 95:05.8
  224   2688 -3.221034007826944e-01 3.4e+01 3.14e-02  1e-02  8e-02 96:48.7
  228   2736 -3.224404884161520e-01 3.5e+01 3.18e-02  1e-02  8e-02 98:31.7
  232   2784 -3.221913659896134e-01 3.5e+01 3.19e-02  1e-02  8e-02 100:14.8
  236   2832 -3.224760994776559e-01 3.6e+01 3.02e-02  1e-02  7e-02 101:57.5
  240   2880 -3.227119382852460e-01 3.7e+01 2.58e-02  1e-02  6e-02 103:40.3
  244   2928 -3.227910845630492e-01 3.7e+01 2.25e-02  9e-03  6e-02 105:23.2
  248   2976 -3.229492018946413e-01 4.0e+01 2.17e-02  9e-03  6e-02 107:06.5
  252   3024 -3.230633418259732e-01 4.2e+01 1.99e-02  8e-03  5e-02 108:49.9
  257   3084 -3.231927880383893e-01 4.4e+01 2.04e-02  8e-03  6e-02 110:58.4
  262   3144 -3.232871726630158e-01 4.3e+01 2.07e-02  8e-03  6e-02 113:06.7
  267   3204 -3.234904294768786e-01 4.5e+01 2.40e-02  9e-03  7e-02 115:15.5
  272   3264 -3.235171278940471e-01 4.6e+01 2.51e-02  9e-03  7e-02 117:24.2
  277   3324 -3.236544205703358e-01 4.8e+01 2.24e-02  8e-03  7e-02 119:32.9
  282   3384 -3.237803411131243e-01 4.8e+01 2.25e-02  8e-03  7e-02 121:41.6
  287   3444 -3.238537386392417e-01 4.8e+01 2.40e-02  9e-03  7e-02 123:50.1
  292   3504 -3.238917828171586e-01 4.9e+01 2.39e-02  8e-03  7e-02 125:59.0
  297   3564 -3.240816908468499e-01 5.0e+01 2.63e-02  9e-03  8e-02 128:07.4
  300   3600 -3.240322223617785e-01 5.1e+01 2.74e-02  9e-03  8e-02 129:24.5
  305   3660 -3.241588216931578e-01 5.3e+01 2.57e-02  9e-03  7e-02 131:32.5
  310   3720 -3.242045080215153e-01 5.5e+01 2.30e-02  7e-03  7e-02 133:41.9
  315   3780 -3.243083100767045e-01 5.5e+01 2.43e-02  8e-03  7e-02 135:51.8
  320   3840 -3.244009082771533e-01 5.5e+01 2.37e-02  8e-03  7e-02 138:01.6
  325   3900 -3.245086544382522e-01 5.5e+01 2.51e-02  8e-03  7e-02 140:11.3
  330   3960 -3.245184740395857e-01 5.6e+01 2.12e-02  6e-03  6e-02 142:21.1
  335   4020 -3.246316658294363e-01 5.7e+01 2.45e-02  7e-03  7e-02 144:30.5
  340   4080 -3.247362867972265e-01 5.9e+01 2.57e-02  7e-03  7e-02 146:40.4
  345   4140 -3.248799375391270e-01 6.1e+01 2.80e-02  8e-03  8e-02 148:50.0
  350   4200 -3.248742776801350e-01 6.2e+01 2.74e-02  8e-03  8e-02 150:59.8
  355   4260 -3.250061494305486e-01 6.2e+01 3.26e-02  9e-03  1e-01 153:09.5
  360   4320 -3.248578442944151e-01 6.3e+01 2.82e-02  8e-03  9e-02 155:19.0
  365   4380 -3.250120964690779e-01 6.5e+01 2.96e-02  8e-03  9e-02 157:28.6
  370   4440 -3.251053349094367e-01 6.3e+01 3.25e-02  8e-03  1e-01 159:38.2
  375   4500 -3.251498339858714e-01 6.3e+01 2.87e-02  7e-03  8e-02 161:47.3
  380   4560 -3.252016693089719e-01 6.4e+01 2.09e-02  5e-03  6e-02 163:56.9
  385   4620 -3.252615564020210e-01 6.9e+01 1.91e-02  5e-03  6e-02 166:06.5
  391   4692 -3.253052897935584e-01 6.9e+01 1.97e-02  5e-03  6e-02 168:41.9
  397   4764 -3.253989942999578e-01 7.1e+01 2.35e-02  5e-03  7e-02 171:17.4
  400   4800 -3.254225385174698e-01 7.2e+01 2.43e-02  6e-03  7e-02 172:35.3
  406   4872 -3.254205031516931e-01 7.6e+01 2.56e-02  6e-03  8e-02 175:10.8
  412   4944 -3.254661770058902e-01 8.5e+01 3.03e-02  7e-03  1e-01 177:46.4
  418   5016 -3.254949667527486e-01 9.2e+01 2.56e-02  5e-03  9e-02 180:22.1
  424   5088 -3.255954993534555e-01 9.5e+01 1.94e-02  4e-03  7e-02 182:57.7
  430   5160 -3.256154086735673e-01 9.7e+01 2.09e-02  4e-03  7e-02 185:33.8
  436   5232 -3.256707699961230e-01 1.0e+02 1.99e-02  4e-03  7e-02 188:09.3
  442   5304 -3.257771381658617e-01 1.0e+02 2.14e-02  4e-03  7e-02 190:44.8
  448   5376 -3.258662709812478e-01 1.0e+02 2.72e-02  5e-03  9e-02 193:20.5
  454   5448 -3.259380847175815e-01 1.1e+02 2.90e-02  6e-03  1e-01 195:56.3
  460   5520 -3.260233406997460e-01 1.1e+02 2.65e-02  5e-03  9e-02 198:31.9
  466   5592 -3.260708894061454e-01 1.2e+02 2.89e-02  5e-03  1e-01 201:07.6
  472   5664 -3.261493833834618e-01 1.2e+02 2.45e-02  4e-03  9e-02 203:43.2
  478   5736 -3.262597630361085e-01 1.3e+02 2.33e-02  4e-03  9e-02 206:18.6
  484   5808 -3.263717210038412e-01 1.4e+02 2.96e-02  5e-03  1e-01 208:54.2
  490   5880 -3.264290994765114e-01 1.5e+02 3.20e-02  6e-03  1e-01 211:29.7
  496   5952 -3.265623304160916e-01 1.6e+02 3.30e-02  6e-03  1e-01 214:05.0
  500   6000 -3.265724600065577e-01 1.7e+02 3.48e-02  6e-03  2e-01 215:48.7
  506   6072 -3.268005314755525e-01 1.8e+02 3.28e-02  5e-03  2e-01 218:24.7
  512   6144 -3.268434531629103e-01 1.8e+02 3.89e-02  7e-03  2e-01 220:59.2
  518   6216 -3.269895694781424e-01 2.1e+02 4.51e-02  8e-03  2e-01 223:35.1
  524   6288 -3.271361840816802e-01 2.2e+02 4.77e-02  8e-03  3e-01 226:11.0
  530   6360 -3.273578426382490e-01 2.3e+02 3.98e-02  7e-03  2e-01 228:46.7
  536   6432 -3.274131811443418e-01 2.4e+02 4.17e-02  7e-03  2e-01 231:22.2
  543   6516 -3.275402495286103e-01 2.3e+02 3.70e-02  6e-03  2e-01 234:24.3
  550   6600 -3.275410317771436e-01 2.2e+02 3.12e-02  5e-03  2e-01 237:26.1
  557   6684 -3.276330881712725e-01 2.4e+02 2.82e-02  4e-03  2e-01 240:27.6
  564   6768 -3.276857594228736e-01 2.3e+02 2.95e-02  5e-03  2e-01 243:29.4
  571   6852 -3.277548949636124e-01 2.3e+02 2.70e-02  4e-03  1e-01 246:31.1
  578   6936 -3.278643178490582e-01 2.4e+02 3.10e-02  5e-03  2e-01 249:32.5
  585   7020 -3.279573906670846e-01 2.3e+02 3.52e-02  5e-03  2e-01 252:34.1
  592   7104 -3.280214800546026e-01 2.3e+02 4.71e-02  6e-03  2e-01 255:35.6
  599   7188 -3.280437918681400e-01 2.4e+02 4.40e-02  6e-03  2e-01 258:37.3
  600   7200 -3.281018277024271e-01 2.3e+02 4.37e-02  6e-03  2e-01 259:03.2
  607   7284 -3.281285172697571e-01 2.4e+02 4.62e-02  6e-03  2e-01 262:04.6
  614   7368 -3.282411493283862e-01 2.3e+02 4.22e-02  5e-03  2e-01 265:06.5
  621   7452 -3.283242665724726e-01 2.3e+02 3.97e-02  4e-03  2e-01 268:07.8
  628   7536 -3.285103620601213e-01 2.2e+02 4.30e-02  5e-03  2e-01 271:09.0
  635   7620 -3.287189143422126e-01 2.3e+02 5.72e-02  6e-03  3e-01 274:10.1
  642   7704 -3.287013005289585e-01 2.3e+02 5.31e-02  5e-03  3e-01 277:11.4
  649   7788 -3.287227253582496e-01 2.3e+02 4.85e-02  5e-03  2e-01 280:13.2
  656   7872 -3.288002462052493e-01 2.3e+02 4.48e-02  4e-03  2e-01 283:14.8
  663   7956 -3.288944414739600e-01 2.4e+02 4.33e-02  4e-03  2e-01 286:16.9
  670   8040 -3.289668425580312e-01 2.3e+02 3.51e-02  3e-03  2e-01 289:19.1
  677   8124 -3.290164313304375e-01 2.2e+02 3.55e-02  3e-03  2e-01 292:20.7
  684   8208 -3.291076405981849e-01 2.2e+02 3.88e-02  3e-03  2e-01 295:22.4
  691   8292 -3.290991537938585e-01 2.1e+02 4.53e-02  4e-03  2e-01 298:24.3
  698   8376 -3.291983501085991e-01 2.1e+02 4.53e-02  4e-03  2e-01 301:26.0
  700   8400 -3.292805161200885e-01 2.0e+02 4.80e-02  4e-03  2e-01 302:17.9
  707   8484 -3.293287772271051e-01 2.0e+02 6.50e-02  5e-03  3e-01 305:19.5
  715   8580 -3.293611937402349e-01 2.1e+02 5.43e-02  4e-03  3e-01 308:45.8
  723   8676 -3.294994688286873e-01 2.1e+02 4.28e-02  3e-03  2e-01 312:07.7
  731   8772 -3.295758212590057e-01 2.2e+02 4.68e-02  3e-03  2e-01 315:30.3
  739   8868 -3.296161451678522e-01 2.2e+02 4.53e-02  3e-03  2e-01 318:51.7
  747   8964 -3.296696121860886e-01 2.2e+02 4.26e-02  3e-03  2e-01 322:13.2
  755   9060 -3.297548727062126e-01 2.1e+02 3.55e-02  2e-03  2e-01 325:34.5
  763   9156 -3.298628017506076e-01 2.2e+02 4.28e-02  3e-03  2e-01 328:56.0
  771   9252 -3.299345137227745e-01 2.2e+02 4.88e-02  3e-03  2e-01 332:17.4
  779   9348 -3.300301448967403e-01 2.1e+02 6.61e-02  4e-03  3e-01 335:38.6
  787   9444 -3.302054611715355e-01 2.2e+02 7.99e-02  4e-03  3e-01 338:59.9
  795   9540 -3.302973042111925e-01 2.2e+02 8.44e-02  5e-03  3e-01 342:21.2
  800   9600 -3.303578675660807e-01 2.2e+02 7.38e-02  4e-03  3e-01 344:27.2
  808   9696 -3.304102504806867e-01 2.3e+02 6.10e-02  3e-03  2e-01 347:48.8
  816   9792 -3.304415758091086e-01 2.3e+02 6.29e-02  3e-03  3e-01 351:10.3
  824   9888 -3.305649122200117e-01 2.3e+02 5.27e-02  3e-03  2e-01 354:31.8
  832   9984 -3.306080184392046e-01 2.3e+02 5.45e-02  3e-03  2e-01 357:53.4
  840  10080 -3.307535210578267e-01 2.2e+02 5.23e-02  3e-03  2e-01 361:14.9
  848  10176 -3.308240878730416e-01 2.3e+02 6.20e-02  3e-03  2e-01 364:36.4
  856  10272 -3.309799033047457e-01 2.2e+02 6.42e-02  3e-03  2e-01 367:58.0
  864  10368 -3.310440845328210e-01 2.2e+02 6.87e-02  3e-03  3e-01 371:21.0
  872  10464 -3.313632113607062e-01 2.2e+02 8.60e-02  4e-03  3e-01 374:46.3
  880  10560 -3.315957462591587e-01 2.3e+02 9.56e-02  5e-03  3e-01 378:11.7
  888  10656 -3.318164971604740e-01 2.2e+02 1.03e-01  5e-03  4e-01 381:37.7
  896  10752 -3.322726329883020e-01 2.1e+02 9.31e-02  5e-03  3e-01 385:02.8
  900  10800 -3.324016237950894e-01 2.2e+02 1.06e-01  5e-03  4e-01 386:45.5
  909  10908 -3.325536975449048e-01 2.2e+02 8.34e-02  4e-03  3e-01 390:36.6
  918  11016 -3.329282317750224e-01 2.2e+02 7.28e-02  4e-03  3e-01 394:27.3
  927  11124 -3.329990863993136e-01 2.2e+02 4.75e-02  2e-03  2e-01 398:18.6
  936  11232 -3.330535936621156e-01 2.1e+02 3.93e-02  2e-03  1e-01 402:09.8
  945  11340 -3.330771177389196e-01 2.0e+02 3.53e-02  2e-03  1e-01 406:01.7
  954  11448 -3.331016913414838e-01 2.1e+02 3.16e-02  1e-03  1e-01 409:53.1
  963  11556 -3.331075223232490e-01 2.0e+02 2.53e-02  1e-03  8e-02 413:44.3
  972  11664 -3.331141070991930e-01 2.1e+02 2.63e-02  1e-03  8e-02 417:35.2
  981  11772 -3.331160106149124e-01 2.1e+02 2.05e-02  9e-04  7e-02 421:26.3
  990  11880 -3.331221580385583e-01 2.2e+02 1.53e-02  7e-04  5e-02 425:17.8
  999  11988 -3.331307941389975e-01 2.2e+02 1.24e-02  5e-04  4e-02 429:08.5
 1000  12000 -3.331310625941579e-01 2.3e+02 1.22e-02  5e-04  4e-02 429:34.1
Budget constraint satisfied 2909.5357971191406 3186 Difference:  276.4642028808594
Budget constraint satisfied 2984.8247299194336 3186 Difference:  201.1752700805664
two_most_probable_states: ['0100000001', '0100100001']
final_expectation_value: -0.3331312214311848
params: [2.42089659150491, 5.138215260865098, 1.138139290413336, 7.882087883464728, 10.155192240788335, 11.21369329736565, -0.30672910520580027, 5.058210865609784, 14.23920277547537, 3.197378207490398, 2.6858270395059773, 1.52121162488748, 1.4019643695523332, -0.12866417953632994, 3.045599172953059, 1.4691691572577128, 1.633176874836296, 3.0989937100539118, 1.526518580710446, 1.5576257896441927]
total_steps: 1000
states_probs: [0.005734417994559576, 0.005743145530954397]
optimized_portfolios: [{'AAPL': 2, 'NKE': 32}, {'AAPL': 2, 'NKE': 33}]
objective_values: [-63814.75102737905, -72094.81236489821]
result_with_budget: [{'portfolio': {'AAPL': 2, 'NKE': 32}, 'budget': 2909.5357971191406, 'difference': 276.4642028808594}, {'portfolio': {'AAPL': 2, 'NKE': 33}, 'budget': 2984.8247299194336, 'difference': 201.1752700805664}]
Batch 10/100 completed. Results saved to portfolio_optimization_results_batch_9.json
Job finished at Sat Mar 22 17:29:59 EET 2025
