Running job array 14 on pe60.int.triton.aalto.fi
Starting at Sat Mar 22 11:04:29 EET 2025
Activating virtual environment at /scratch/work/uotilav2/quantum-portfolio/venv
Processing batch 15/100: experiments 14 to 14 (total 1)
Processing experiment 14
Budget: 2213
YF.download() has changed argument auto_adjust default to True
Number of qubits for asset DOW: 6
Number of qubits for asset MSFT: 3
Number of qubits for asset TRV: 4
Total number of qubits:  13
Optimized Weights (considering variance, skewness and kurtosis):
DOW: 0.00%
MSFT: 100.00%
TRV: 0.00%
Left over budget:  70.31833983830529
Optimized Discrete Allocation:
DOW: 1
MSFT: 5
Maximized utility from continuous higher moments:  -29.039054523001877
Budget constraint not satisfied 2221.4797325134277 2213 Difference:  -8.479732513427734
Budget constraint not satisfied 2221.603546142578 2213 Difference:  -8.603546142578125
smallest_eigenvalues: [-0.11737610656992845]
smallest_bitstrings: ['1100001010000']
first_excited_energy: -0.11737598623628835
optimized_portfolio: [{'DOW': 3, 'MSFT': 5, 'TRV': 0}]
second_optimized_portfolio: [{'DOW': 0, 'MSFT': 3, 'TRV': 4}]
result_with_budget: [{'portfolio': {'DOW': 3, 'MSFT': 5, 'TRV': 0}, 'budget': 2221.4797325134277, 'difference': -8.479732513427734, 'objective_value': -82.79927112642596}]
result_with_budget_excited: [{'portfolio': {'DOW': 0, 'MSFT': 3, 'TRV': 4}, 'budget': 2221.603546142578, 'difference': -8.603546142578125, 'objective_value': -95.31680806495257}]
Initial params:  [2.51063067 1.44978017 2.45210473 0.37157007 2.01037118 0.45035763
 2.96776493 1.63943485 1.3026989  0.83112597 2.43232687 1.43303853
 1.78578792 0.0590299  1.94035914 1.92295543 1.93815531 2.96487203
 2.14200164 1.12942738]
(6_w,12)-aCMA-ES (mu_w=3.7,w_1=40%) in dimension 20 (seed=721845, Sat Mar 22 11:08:35 2025)
Iterat #Fevals   function value  axis ratio  sigma  min&max std  t[m:s]
    1     12 -4.685850207175254e-02 1.0e+00 9.41e-02  9e-02  1e-01 1:30.1
    2     24 -7.575496487116690e-02 1.1e+00 9.02e-02  9e-02  9e-02 3:00.3
    3     36 -8.616590400558631e-02 1.1e+00 9.07e-02  9e-02  9e-02 4:30.6
    4     48 -8.360479450567183e-02 1.2e+00 9.28e-02  9e-02  9e-02 6:00.4
    5     60 -8.817455185184409e-02 1.2e+00 9.55e-02  9e-02  1e-01 7:30.2
    6     72 -8.836726804879977e-02 1.3e+00 1.02e-01  1e-01  1e-01 9:00.5
    7     84 -8.840907057864127e-02 1.3e+00 1.11e-01  1e-01  1e-01 10:30.5
    8     96 -8.999458762524691e-02 1.4e+00 1.20e-01  1e-01  1e-01 12:00.6
    9    108 -8.913229329680863e-02 1.4e+00 1.23e-01  1e-01  1e-01 13:30.6
   10    120 -8.839809363419428e-02 1.5e+00 1.29e-01  1e-01  1e-01 15:00.8
   11    132 -9.000929305856448e-02 1.5e+00 1.40e-01  1e-01  2e-01 16:31.2
   12    144 -9.087505794357321e-02 1.6e+00 1.45e-01  1e-01  2e-01 18:01.1
   13    156 -8.961982765660886e-02 1.7e+00 1.47e-01  1e-01  2e-01 19:31.4
   14    168 -8.686357256370757e-02 1.7e+00 1.49e-01  1e-01  2e-01 21:01.3
   15    180 -8.791591232701952e-02 1.7e+00 1.47e-01  1e-01  2e-01 22:31.2
   16    192 -8.654173533896556e-02 1.8e+00 1.47e-01  1e-01  2e-01 24:01.6
   17    204 -8.770663846235131e-02 1.8e+00 1.48e-01  1e-01  2e-01 25:31.6
   18    216 -8.611949432510287e-02 1.8e+00 1.49e-01  1e-01  2e-01 27:01.8
   19    228 -9.043852406706993e-02 1.8e+00 1.43e-01  1e-01  2e-01 28:31.5
   20    240 -8.741601400197394e-02 1.9e+00 1.40e-01  1e-01  2e-01 30:01.4
   21    252 -8.633964633653318e-02 1.9e+00 1.39e-01  1e-01  2e-01 31:31.6
   22    264 -8.423546074744435e-02 1.9e+00 1.42e-01  1e-01  2e-01 33:01.5
   23    276 -8.764082344356482e-02 1.9e+00 1.48e-01  1e-01  2e-01 34:31.7
   24    288 -9.011715533095008e-02 1.9e+00 1.49e-01  1e-01  2e-01 36:01.6
   25    300 -9.306589141377629e-02 2.0e+00 1.50e-01  1e-01  2e-01 37:31.4
   26    312 -9.279926069123254e-02 2.0e+00 1.48e-01  1e-01  2e-01 39:01.5
   27    324 -9.189947543041660e-02 2.0e+00 1.52e-01  1e-01  2e-01 40:31.5
   28    336 -9.206640369168101e-02 2.0e+00 1.53e-01  1e-01  2e-01 42:01.4
   29    348 -9.254634862298609e-02 2.0e+00 1.49e-01  1e-01  2e-01 43:31.2
   30    360 -8.721913321579386e-02 2.0e+00 1.53e-01  1e-01  2e-01 45:01.1
   31    372 -9.010510766218460e-02 2.1e+00 1.54e-01  1e-01  2e-01 46:31.2
   32    384 -9.583316783937729e-02 2.1e+00 1.59e-01  1e-01  2e-01 48:01.0
   33    396 -9.111535386030095e-02 2.2e+00 1.62e-01  1e-01  2e-01 49:31.0
   34    408 -9.141390524501899e-02 2.3e+00 1.68e-01  2e-01  2e-01 51:01.2
   35    420 -8.825687761104727e-02 2.3e+00 1.77e-01  2e-01  2e-01 52:31.2
   36    432 -8.672616383800137e-02 2.4e+00 1.88e-01  2e-01  2e-01 54:01.1
   37    444 -8.802532051710910e-02 2.5e+00 1.91e-01  2e-01  2e-01 55:31.0
   38    456 -9.144560640754157e-02 2.5e+00 1.87e-01  2e-01  2e-01 57:00.9
   39    468 -9.362621437650506e-02 2.5e+00 1.81e-01  2e-01  2e-01 58:30.7
   40    480 -9.006389746765672e-02 2.6e+00 1.73e-01  2e-01  2e-01 59:59.6
   41    492 -8.595841132814044e-02 2.6e+00 1.74e-01  2e-01  2e-01 61:26.9
   42    504 -9.534836113698475e-02 2.6e+00 1.70e-01  2e-01  2e-01 62:54.0
   43    516 -9.352043790372781e-02 2.6e+00 1.64e-01  1e-01  2e-01 64:21.0
   44    528 -9.061116609614363e-02 2.6e+00 1.59e-01  1e-01  2e-01 65:48.4
   45    540 -9.556367610412696e-02 2.6e+00 1.56e-01  1e-01  2e-01 67:15.0
   46    552 -9.418316886830685e-02 2.7e+00 1.54e-01  1e-01  2e-01 68:41.9
   47    564 -9.501065858200976e-02 2.7e+00 1.55e-01  1e-01  2e-01 70:08.8
   48    576 -9.590962998426880e-02 2.8e+00 1.57e-01  1e-01  2e-01 71:36.1
   49    588 -9.460000307929893e-02 2.8e+00 1.60e-01  1e-01  2e-01 73:03.5
   50    600 -9.566627032132222e-02 2.8e+00 1.66e-01  1e-01  2e-01 74:30.6
   51    612 -9.319653956227375e-02 2.8e+00 1.69e-01  1e-01  2e-01 75:57.8
   52    624 -9.651771579861455e-02 2.9e+00 1.72e-01  1e-01  2e-01 77:24.8
   53    636 -9.398810611885219e-02 2.9e+00 1.73e-01  1e-01  2e-01 78:52.0
   54    648 -9.310376281646665e-02 2.9e+00 1.74e-01  1e-01  2e-01 80:18.9
   55    660 -9.778551016860347e-02 3.0e+00 1.71e-01  1e-01  2e-01 81:46.3
   56    672 -9.571352509086667e-02 3.0e+00 1.74e-01  1e-01  2e-01 83:13.9
   57    684 -9.395737523642721e-02 3.1e+00 1.73e-01  1e-01  2e-01 84:41.2
   58    696 -9.310929680073898e-02 3.1e+00 1.79e-01  1e-01  2e-01 86:08.5
   59    708 -9.242543729264328e-02 3.2e+00 1.87e-01  2e-01  2e-01 87:35.8
   60    720 -9.401599506980921e-02 3.2e+00 1.87e-01  2e-01  2e-01 89:02.8
   61    732 -8.308080348645713e-02 3.2e+00 1.88e-01  2e-01  2e-01 90:29.9
   62    744 -9.151633066339789e-02 3.2e+00 1.90e-01  2e-01  2e-01 91:57.3
   63    756 -9.026301798815764e-02 3.2e+00 1.90e-01  2e-01  2e-01 93:24.3
   64    768 -8.786405642396654e-02 3.3e+00 1.97e-01  2e-01  2e-01 94:51.5
   65    780 -9.579815566063478e-02 3.4e+00 1.97e-01  2e-01  2e-01 96:18.6
   66    792 -8.866704950631417e-02 3.5e+00 1.97e-01  2e-01  2e-01 97:45.3
   67    804 -9.288159488214932e-02 3.5e+00 1.97e-01  2e-01  2e-01 99:12.5
   68    816 -9.276780238596836e-02 3.6e+00 1.94e-01  2e-01  2e-01 100:39.0
   69    828 -9.543343093782848e-02 3.6e+00 1.92e-01  2e-01  2e-01 102:04.7
   70    840 -9.335094299302263e-02 3.7e+00 1.87e-01  1e-01  2e-01 103:31.4
   71    852 -9.124082177397318e-02 3.8e+00 1.90e-01  2e-01  2e-01 104:57.9
   72    864 -9.521751784996964e-02 3.8e+00 1.93e-01  2e-01  2e-01 106:24.6
   73    876 -9.244144105157745e-02 3.8e+00 1.95e-01  2e-01  2e-01 107:51.6
   74    888 -9.292150692608128e-02 3.9e+00 1.95e-01  2e-01  2e-01 109:18.2
   75    900 -9.468166147343950e-02 3.9e+00 1.85e-01  1e-01  2e-01 110:44.8
   76    912 -9.064559810153275e-02 4.0e+00 1.79e-01  1e-01  2e-01 112:11.2
   77    924 -9.174694097613673e-02 4.0e+00 1.72e-01  1e-01  2e-01 113:37.7
   78    936 -9.713685157889689e-02 4.1e+00 1.68e-01  1e-01  2e-01 115:04.6
   79    948 -9.523387439961266e-02 4.1e+00 1.70e-01  1e-01  2e-01 116:31.3
   80    960 -9.562177927426216e-02 4.1e+00 1.67e-01  1e-01  2e-01 117:58.3
   81    972 -9.711666016419689e-02 4.2e+00 1.65e-01  1e-01  2e-01 119:25.5
   82    984 -9.641425981773785e-02 4.2e+00 1.57e-01  1e-01  2e-01 120:52.4
   83    996 -9.398529169841642e-02 4.3e+00 1.49e-01  1e-01  2e-01 122:20.0
   84   1008 -9.557522726504254e-02 4.3e+00 1.46e-01  1e-01  2e-01 123:46.6
   85   1020 -9.584057578118148e-02 4.4e+00 1.42e-01  1e-01  2e-01 125:13.8
   86   1032 -9.726438315614418e-02 4.4e+00 1.37e-01  1e-01  2e-01 126:41.0
   87   1044 -9.568845219724489e-02 4.4e+00 1.41e-01  1e-01  2e-01 128:08.2
   89   1068 -9.536540906601784e-02 4.6e+00 1.42e-01  1e-01  2e-01 131:01.5
   91   1092 -9.797081223178854e-02 4.7e+00 1.32e-01  1e-01  2e-01 133:54.5
   93   1116 -9.833385519826678e-02 4.8e+00 1.28e-01  1e-01  2e-01 136:47.3
   95   1140 -9.959430190809279e-02 4.9e+00 1.22e-01  9e-02  2e-01 139:40.5
   97   1164 -1.002575496419487e-01 5.1e+00 1.28e-01  1e-01  2e-01 142:33.8
   99   1188 -9.680387322568194e-02 5.2e+00 1.28e-01  1e-01  2e-01 145:27.0
  100   1200 -9.950354769806766e-02 5.3e+00 1.27e-01  9e-02  2e-01 146:53.1
  102   1224 -9.893127426271438e-02 5.5e+00 1.30e-01  1e-01  2e-01 149:46.8
  104   1248 -9.914796830987734e-02 5.6e+00 1.32e-01  1e-01  2e-01 152:39.2
  106   1272 -1.012512060051875e-01 5.6e+00 1.28e-01  1e-01  2e-01 155:33.0
  108   1296 -1.003990285983736e-01 5.5e+00 1.27e-01  9e-02  2e-01 158:26.1
  110   1320 -1.002345504041253e-01 5.6e+00 1.20e-01  9e-02  1e-01 161:19.5
  112   1344 -1.009050075871385e-01 5.5e+00 1.03e-01  8e-02  1e-01 164:12.7
  114   1368 -1.016534849408858e-01 5.6e+00 9.89e-02  7e-02  1e-01 167:05.5
  116   1392 -1.009468153574858e-01 5.8e+00 9.52e-02  7e-02  1e-01 169:57.8
  118   1416 -1.013803048431254e-01 6.0e+00 8.86e-02  6e-02  1e-01 172:50.2
  120   1440 -1.018143246698836e-01 6.0e+00 8.44e-02  6e-02  1e-01 175:42.7
  122   1464 -1.015579447745102e-01 6.0e+00 8.57e-02  6e-02  1e-01 178:35.5
  124   1488 -1.017581766788187e-01 6.2e+00 8.18e-02  6e-02  1e-01 181:28.4
  126   1512 -1.020310442637355e-01 6.4e+00 7.37e-02  5e-02  9e-02 184:21.3
  128   1536 -1.022298425202654e-01 6.6e+00 6.98e-02  5e-02  9e-02 187:14.1
  130   1560 -1.015007451517172e-01 6.9e+00 6.56e-02  5e-02  9e-02 190:06.2
  132   1584 -1.020069586230891e-01 7.0e+00 6.10e-02  4e-02  8e-02 192:58.7
  134   1608 -1.028283996032994e-01 6.9e+00 6.26e-02  4e-02  8e-02 195:51.1
  136   1632 -1.026184854434453e-01 7.1e+00 6.53e-02  5e-02  9e-02 198:43.4
  138   1656 -1.030344708021456e-01 7.1e+00 6.92e-02  5e-02  9e-02 201:35.7
  140   1680 -1.033290081902710e-01 7.2e+00 6.74e-02  5e-02  9e-02 204:28.2
  142   1704 -1.032667692947183e-01 7.3e+00 6.75e-02  5e-02  9e-02 207:20.9
  144   1728 -1.034734198119548e-01 7.4e+00 7.09e-02  5e-02  9e-02 210:13.2
  146   1752 -1.037714428421987e-01 7.5e+00 7.26e-02  6e-02  1e-01 213:05.6
  148   1776 -1.047169317337167e-01 8.0e+00 7.05e-02  5e-02  9e-02 215:58.1
  150   1800 -1.048390755508509e-01 8.4e+00 6.90e-02  5e-02  9e-02 218:50.8
  152   1824 -1.056294621025357e-01 9.0e+00 7.18e-02  5e-02  9e-02 221:43.7
  154   1848 -1.056827647107924e-01 9.5e+00 7.73e-02  6e-02  1e-01 224:37.1
  156   1872 -1.048700950058611e-01 1.0e+01 7.64e-02  6e-02  1e-01 227:30.5
  158   1896 -1.054945237422595e-01 1.1e+01 7.74e-02  6e-02  1e-01 230:23.3
  160   1920 -1.055990804863047e-01 1.1e+01 7.30e-02  5e-02  1e-01 233:16.5
  162   1944 -1.058059842971005e-01 1.1e+01 6.89e-02  5e-02  9e-02 236:10.2
  164   1968 -1.059954819747593e-01 1.2e+01 7.33e-02  5e-02  1e-01 239:03.4
  166   1992 -1.063696413564020e-01 1.3e+01 7.71e-02  5e-02  1e-01 241:56.3
  168   2016 -1.055237705059782e-01 1.3e+01 7.57e-02  5e-02  1e-01 244:49.9
  170   2040 -1.055986758438136e-01 1.3e+01 7.38e-02  5e-02  1e-01 247:43.3
  172   2064 -1.062266630138836e-01 1.3e+01 7.48e-02  5e-02  1e-01 250:36.5
  174   2088 -1.057075140176275e-01 1.3e+01 7.05e-02  5e-02  1e-01 253:29.7
  176   2112 -1.060509042806412e-01 1.4e+01 6.38e-02  4e-02  9e-02 256:23.4
  178   2136 -1.061078168618259e-01 1.4e+01 5.64e-02  4e-02  8e-02 259:17.4
  180   2160 -1.060717066436226e-01 1.4e+01 5.22e-02  3e-02  7e-02 262:11.0
  182   2184 -1.061389177755620e-01 1.4e+01 5.03e-02  3e-02  7e-02 265:05.3
  184   2208 -1.062280000271061e-01 1.4e+01 4.83e-02  3e-02  7e-02 267:58.3
  186   2232 -1.062823157625859e-01 1.5e+01 4.72e-02  3e-02  7e-02 270:51.9
  188   2256 -1.063723882646222e-01 1.5e+01 4.55e-02  3e-02  6e-02 273:45.5
  190   2280 -1.062362823434416e-01 1.5e+01 4.33e-02  3e-02  6e-02 276:38.7
  192   2304 -1.063424451568032e-01 1.5e+01 4.21e-02  3e-02  6e-02 279:32.4
  194   2328 -1.063059468395085e-01 1.5e+01 4.00e-02  3e-02  6e-02 282:26.1
  196   2352 -1.064202552351751e-01 1.6e+01 4.00e-02  3e-02  6e-02 285:19.6
  198   2376 -1.063784369051258e-01 1.7e+01 3.89e-02  2e-02  6e-02 288:13.7
  200   2400 -1.064645647398523e-01 1.7e+01 3.79e-02  2e-02  6e-02 291:06.8
  202   2424 -1.064867837080364e-01 1.8e+01 3.81e-02  2e-02  6e-02 294:01.0
  204   2448 -1.065636368764219e-01 1.8e+01 3.48e-02  2e-02  5e-02 296:54.1
  206   2472 -1.065420053838886e-01 1.8e+01 3.25e-02  2e-02  5e-02 299:47.7
  208   2496 -1.064456740155943e-01 1.8e+01 2.99e-02  2e-02  4e-02 302:41.5
  210   2520 -1.065212475051309e-01 1.8e+01 2.72e-02  2e-02  4e-02 305:34.7
  212   2544 -1.065805925112717e-01 1.9e+01 2.75e-02  2e-02  4e-02 308:28.3
  214   2568 -1.066012144416937e-01 1.9e+01 2.69e-02  2e-02  4e-02 311:21.5
  216   2592 -1.065326840230016e-01 1.9e+01 2.63e-02  2e-02  4e-02 314:15.6
  218   2616 -1.065888169942524e-01 1.9e+01 2.51e-02  1e-02  4e-02 317:08.8
  220   2640 -1.066238597899669e-01 1.9e+01 2.34e-02  1e-02  4e-02 320:02.5
  222   2664 -1.065833053818115e-01 2.0e+01 2.30e-02  1e-02  4e-02 322:55.5
  224   2688 -1.066342176316112e-01 2.0e+01 2.21e-02  1e-02  3e-02 325:48.5
  226   2712 -1.066307023341009e-01 2.0e+01 2.15e-02  1e-02  3e-02 328:41.7
  228   2736 -1.066291617138819e-01 2.0e+01 2.06e-02  1e-02  3e-02 331:34.7
  230   2760 -1.066367043397364e-01 2.0e+01 1.93e-02  1e-02  3e-02 334:28.4
  232   2784 -1.066553948578173e-01 2.1e+01 1.66e-02  1e-02  3e-02 337:21.0
  234   2808 -1.066540585068373e-01 2.1e+01 1.53e-02  9e-03  2e-02 340:14.0
  236   2832 -1.066615025569873e-01 2.1e+01 1.42e-02  8e-03  2e-02 343:06.7
  238   2856 -1.066785461408296e-01 2.1e+01 1.34e-02  8e-03  2e-02 345:59.5
  240   2880 -1.066682825181404e-01 2.2e+01 1.30e-02  7e-03  2e-02 348:52.1
  242   2904 -1.066883723281418e-01 2.2e+01 1.29e-02  7e-03  2e-02 351:44.5
  244   2928 -1.066958182510917e-01 2.2e+01 1.34e-02  7e-03  2e-02 354:36.3
  246   2952 -1.066987715304781e-01 2.3e+01 1.34e-02  7e-03  2e-02 357:28.3
  248   2976 -1.067128704914773e-01 2.3e+01 1.38e-02  8e-03  2e-02 360:20.6
  250   3000 -1.067136341361472e-01 2.3e+01 1.34e-02  7e-03  2e-02 363:11.7
  252   3024 -1.067125368791594e-01 2.3e+01 1.29e-02  7e-03  2e-02 366:03.9
  254   3048 -1.067191588538444e-01 2.3e+01 1.25e-02  7e-03  2e-02 368:55.8
  256   3072 -1.067277987027513e-01 2.4e+01 1.20e-02  6e-03  2e-02 371:47.6
  258   3096 -1.067340379981374e-01 2.4e+01 1.20e-02  6e-03  2e-02 374:39.7
  261   3132 -1.067509353311447e-01 2.6e+01 1.31e-02  7e-03  2e-02 378:58.3
  264   3168 -1.067497969807521e-01 2.6e+01 1.30e-02  7e-03  2e-02 383:17.3
  267   3204 -1.067561630487055e-01 2.7e+01 1.27e-02  7e-03  2e-02 387:36.0
  270   3240 -1.067768620402269e-01 2.8e+01 1.26e-02  7e-03  2e-02 391:54.2
  273   3276 -1.067721418423218e-01 3.0e+01 1.46e-02  8e-03  2e-02 396:13.0
  276   3312 -1.067848880571103e-01 3.1e+01 1.57e-02  8e-03  2e-02 400:32.6
  279   3348 -1.067987419259854e-01 3.2e+01 1.60e-02  8e-03  3e-02 404:51.3
  282   3384 -1.067934432912234e-01 3.3e+01 1.46e-02  7e-03  2e-02 409:10.2
  285   3420 -1.067983093233257e-01 3.3e+01 1.41e-02  7e-03  2e-02 413:28.7
  288   3456 -1.068044557324012e-01 3.4e+01 1.56e-02  8e-03  3e-02 417:47.9
  291   3492 -1.068167458395177e-01 3.6e+01 1.75e-02  9e-03  3e-02 422:07.4
  294   3528 -1.068076090945796e-01 4.0e+01 1.90e-02  1e-02  3e-02 426:25.7
  297   3564 -1.068213820464550e-01 4.1e+01 1.81e-02  9e-03  3e-02 430:45.0
  300   3600 -1.068274614733206e-01 4.2e+01 1.71e-02  9e-03  3e-02 435:04.4
  303   3636 -1.068317384812071e-01 4.3e+01 1.80e-02  9e-03  3e-02 439:24.4
  306   3672 -1.068289356488839e-01 4.4e+01 1.83e-02  9e-03  3e-02 443:43.8
  309   3708 -1.068433874129101e-01 4.6e+01 1.87e-02  1e-02  3e-02 448:03.4
  312   3744 -1.068412232141746e-01 4.7e+01 1.78e-02  9e-03  3e-02 452:23.6
  315   3780 -1.068530573016350e-01 4.7e+01 1.80e-02  9e-03  3e-02 456:43.5
  318   3816 -1.068570963224188e-01 4.8e+01 2.14e-02  1e-02  4e-02 461:04.3
  321   3852 -1.068673037493372e-01 4.7e+01 2.51e-02  1e-02  5e-02 465:24.6
  324   3888 -1.068816581204817e-01 4.7e+01 2.45e-02  1e-02  4e-02 469:44.9
  327   3924 -1.068942904091962e-01 4.9e+01 2.55e-02  1e-02  5e-02 474:05.3
  330   3960 -1.069042232715345e-01 4.9e+01 2.65e-02  1e-02  5e-02 478:24.6
  333   3996 -1.069046128476231e-01 4.9e+01 2.56e-02  1e-02  5e-02 482:43.9
  336   4032 -1.069181271783939e-01 5.1e+01 2.82e-02  1e-02  5e-02 487:03.8
  339   4068 -1.069209454155104e-01 5.2e+01 2.75e-02  1e-02  5e-02 491:24.1
  342   4104 -1.069205646466933e-01 5.3e+01 2.41e-02  1e-02  4e-02 495:44.0
  345   4140 -1.069243735163903e-01 5.3e+01 2.31e-02  1e-02  4e-02 500:03.1
  348   4176 -1.069291348427046e-01 5.4e+01 2.42e-02  1e-02  4e-02 504:23.7
  351   4212 -1.069301664987011e-01 5.3e+01 2.47e-02  1e-02  4e-02 508:44.5
  354   4248 -1.069434485236945e-01 5.4e+01 2.58e-02  1e-02  4e-02 513:03.8
  357   4284 -1.069343067058004e-01 5.5e+01 2.49e-02  1e-02  4e-02 517:23.6
  360   4320 -1.069442783727554e-01 5.6e+01 2.27e-02  1e-02  4e-02 521:42.9
  363   4356 -1.069484470111820e-01 5.7e+01 1.94e-02  9e-03  3e-02 526:03.2
  366   4392 -1.069488812042080e-01 5.8e+01 1.85e-02  9e-03  3e-02 530:23.7
  369   4428 -1.069539227880555e-01 5.9e+01 2.13e-02  1e-02  3e-02 534:43.6
  372   4464 -1.069526542008299e-01 5.8e+01 2.06e-02  1e-02  3e-02 539:04.9
  375   4500 -1.069516799950368e-01 5.8e+01 1.80e-02  8e-03  3e-02 543:25.0
  378   4536 -1.069573534300216e-01 5.9e+01 1.73e-02  8e-03  3e-02 547:45.6
  381   4572 -1.069555738161491e-01 5.9e+01 1.60e-02  7e-03  2e-02 552:06.5
  384   4608 -1.069603639618504e-01 5.8e+01 1.46e-02  7e-03  2e-02 556:27.2
  387   4644 -1.069631342476573e-01 5.9e+01 1.58e-02  7e-03  2e-02 560:48.2
  390   4680 -1.069628368689563e-01 5.8e+01 1.45e-02  6e-03  2e-02 565:09.4
  393   4716 -1.069659604896523e-01 5.8e+01 1.33e-02  6e-03  2e-02 569:30.8
  396   4752 -1.069681463305698e-01 5.8e+01 1.30e-02  6e-03  2e-02 573:51.4
  399   4788 -1.069675206370448e-01 5.9e+01 1.22e-02  5e-03  2e-02 578:12.5
  400   4800 -1.069676299384566e-01 5.9e+01 1.21e-02  5e-03  2e-02 579:39.4
  403   4836 -1.069685719254020e-01 5.9e+01 1.30e-02  6e-03  2e-02 584:00.9
  406   4872 -1.069670516346064e-01 5.8e+01 1.38e-02  6e-03  2e-02 588:22.5
  409   4908 -1.069692415362415e-01 5.8e+01 1.30e-02  5e-03  2e-02 592:43.7
  412   4944 -1.069694602713014e-01 5.9e+01 1.23e-02  5e-03  2e-02 597:05.2
  415   4980 -1.069697551737100e-01 6.0e+01 1.02e-02  4e-03  1e-02 601:25.8
  418   5016 -1.069698150426021e-01 6.1e+01 9.66e-03  4e-03  1e-02 605:46.6
  421   5052 -1.069715646487295e-01 6.1e+01 8.53e-03  3e-03  1e-02 610:06.8
  424   5088 -1.069711753027497e-01 6.1e+01 7.53e-03  3e-03  1e-02 614:27.7
  427   5124 -1.069717485896045e-01 6.0e+01 6.75e-03  3e-03  9e-03 618:48.3
  430   5160 -1.069727980516756e-01 6.1e+01 6.42e-03  3e-03  9e-03 623:09.6
  433   5196 -1.069733420882652e-01 6.2e+01 6.82e-03  3e-03  9e-03 627:30.3
  436   5232 -1.069739445210813e-01 6.3e+01 6.72e-03  3e-03  9e-03 631:52.2
  439   5268 -1.069742908618802e-01 6.5e+01 6.70e-03  3e-03  9e-03 636:13.1
  442   5304 -1.069752624798573e-01 6.6e+01 7.18e-03  3e-03  1e-02 640:34.8
  445   5340 -1.069759590152436e-01 6.8e+01 7.45e-03  3e-03  1e-02 644:55.9
  448   5376 -1.069751059707225e-01 6.8e+01 7.43e-03  3e-03  1e-02 649:17.4
  451   5412 -1.069760100992348e-01 6.7e+01 7.52e-03  3e-03  1e-02 653:38.1
  454   5448 -1.069776168386850e-01 6.8e+01 7.73e-03  3e-03  1e-02 657:59.3
  457   5484 -1.069764302922940e-01 7.2e+01 8.02e-03  3e-03  1e-02 662:21.4
  460   5520 -1.069780519372185e-01 7.3e+01 8.18e-03  3e-03  1e-02 666:42.4
  463   5556 -1.069788831501191e-01 7.4e+01 8.87e-03  4e-03  1e-02 671:03.5
  466   5592 -1.069795661685391e-01 7.6e+01 8.17e-03  3e-03  1e-02 675:25.5
  469   5628 -1.069790945432207e-01 7.6e+01 7.52e-03  3e-03  1e-02 679:46.4
  472   5664 -1.069799722872435e-01 7.7e+01 7.14e-03  3e-03  1e-02 684:07.5
  475   5700 -1.069804387495320e-01 7.9e+01 7.13e-03  3e-03  1e-02 688:29.0
  478   5736 -1.069820812379877e-01 8.1e+01 8.28e-03  3e-03  1e-02 692:50.4
  481   5772 -1.069816177976401e-01 8.6e+01 1.01e-02  4e-03  2e-02 697:11.4
  484   5808 -1.069835816831961e-01 9.0e+01 9.86e-03  4e-03  2e-02 701:32.9
  487   5844 -1.069854710527078e-01 9.4e+01 1.10e-02  4e-03  2e-02 705:54.7
  490   5880 -1.069865869714021e-01 1.0e+02 1.18e-02  5e-03  2e-02 710:16.0
  493   5916 -1.069882988998366e-01 1.1e+02 1.24e-02  5e-03  2e-02 714:37.3
  496   5952 -1.069887567740172e-01 1.1e+02 1.20e-02  5e-03  2e-02 718:58.3
  499   5988 -1.069900208245378e-01 1.1e+02 1.21e-02  5e-03  2e-02 723:19.4
  500   6000 -1.069915965694903e-01 1.2e+02 1.20e-02  5e-03  2e-02 724:46.4
  503   6036 -1.069943472104328e-01 1.2e+02 1.28e-02  5e-03  3e-02 729:06.0
  506   6072 -1.069993864167434e-01 1.3e+02 1.54e-02  6e-03  3e-02 733:26.1
  509   6108 -1.070055718470165e-01 1.4e+02 2.19e-02  8e-03  5e-02 737:46.5
  512   6144 -1.070051725409217e-01 1.4e+02 2.98e-02  1e-02  7e-02 742:06.8
  515   6180 -1.070091102619229e-01 1.4e+02 3.07e-02  1e-02  7e-02 746:27.4
  518   6216 -1.070029001328697e-01 1.5e+02 2.96e-02  1e-02  6e-02 750:47.4
  522   6264 -1.070130694378138e-01 1.4e+02 2.72e-02  9e-03  6e-02 756:34.6
  526   6312 -1.070240995941965e-01 1.5e+02 2.39e-02  8e-03  5e-02 762:20.8
  530   6360 -1.070308490400245e-01 1.6e+02 2.28e-02  8e-03  5e-02 768:07.4
  534   6408 -1.070305991875446e-01 1.6e+02 2.29e-02  7e-03  5e-02 773:53.9
  538   6456 -1.070317359436149e-01 1.6e+02 2.31e-02  7e-03  5e-02 779:39.7
  542   6504 -1.070379116854193e-01 1.6e+02 2.38e-02  7e-03  5e-02 785:26.7
  546   6552 -1.070418741839998e-01 1.6e+02 2.40e-02  7e-03  5e-02 791:12.0
  550   6600 -1.070532002820513e-01 1.7e+02 2.74e-02  8e-03  6e-02 796:57.3
  554   6648 -1.070477435052534e-01 1.7e+02 3.09e-02  9e-03  7e-02 802:43.6
  558   6696 -1.070563879333315e-01 1.7e+02 3.28e-02  9e-03  8e-02 808:29.7
  562   6744 -1.070589535622423e-01 1.7e+02 3.54e-02  1e-02  8e-02 814:16.0
  566   6792 -1.070812688405567e-01 1.7e+02 3.23e-02  9e-03  8e-02 820:01.3
  570   6840 -1.070835943524183e-01 1.8e+02 3.59e-02  1e-02  9e-02 825:48.0
  574   6888 -1.070802304113148e-01 1.8e+02 3.21e-02  8e-03  8e-02 831:33.9
  578   6936 -1.070757342652544e-01 1.8e+02 2.82e-02  7e-03  7e-02 837:19.8
  582   6984 -1.070936448005421e-01 1.8e+02 2.75e-02  7e-03  7e-02 843:05.5
  586   7032 -1.070986290142086e-01 1.8e+02 2.91e-02  7e-03  7e-02 848:51.1
  590   7080 -1.071147359267253e-01 1.8e+02 3.67e-02  9e-03  9e-02 854:37.0
  594   7128 -1.071234327858243e-01 1.8e+02 4.20e-02  1e-02  1e-01 860:22.5
  598   7176 -1.071229989165163e-01 1.8e+02 4.76e-02  1e-02  1e-01 866:08.0
  600   7200 -1.071267577050283e-01 1.8e+02 4.42e-02  1e-02  1e-01 869:00.8
  604   7248 -1.071216300215579e-01 1.8e+02 3.93e-02  9e-03  9e-02 874:46.3
  608   7296 -1.071562863504980e-01 1.8e+02 4.18e-02  1e-02  1e-01 880:32.6
  612   7344 -1.071592602811289e-01 1.9e+02 4.95e-02  1e-02  1e-01 886:19.3
  616   7392 -1.071487151482212e-01 1.9e+02 4.65e-02  1e-02  1e-01 892:05.3
  620   7440 -1.071699807544223e-01 1.9e+02 3.81e-02  8e-03  9e-02 897:51.3
  624   7488 -1.071841458940487e-01 1.9e+02 3.41e-02  7e-03  8e-02 903:37.2
  628   7536 -1.071865939363457e-01 1.9e+02 2.91e-02  6e-03  7e-02 909:22.5
  632   7584 -1.072018301053208e-01 1.9e+02 2.66e-02  6e-03  6e-02 915:07.6
  636   7632 -1.072065414143285e-01 2.0e+02 2.86e-02  6e-03  7e-02 920:53.8
  640   7680 -1.072204382783046e-01 2.0e+02 3.47e-02  7e-03  8e-02 926:40.1
  644   7728 -1.072167387746408e-01 2.0e+02 3.62e-02  8e-03  9e-02 932:27.3
  648   7776 -1.072567357092785e-01 2.0e+02 3.95e-02  8e-03  1e-01 938:14.7
  652   7824 -1.072714655571747e-01 2.1e+02 4.11e-02  8e-03  1e-01 944:00.7
  656   7872 -1.072732508915874e-01 2.1e+02 3.93e-02  8e-03  1e-01 949:47.4
  660   7920 -1.072855146041951e-01 2.0e+02 3.75e-02  8e-03  9e-02 955:33.0
  664   7968 -1.072925804121227e-01 2.1e+02 3.44e-02  7e-03  9e-02 961:18.9
  668   8016 -1.073144508192602e-01 2.0e+02 3.80e-02  8e-03  9e-02 967:04.3
  672   8064 -1.073101385591032e-01 2.0e+02 4.03e-02  8e-03  1e-01 972:49.9
  676   8112 -1.073187009420674e-01 2.0e+02 3.74e-02  7e-03  9e-02 978:35.5
  680   8160 -1.073283847263715e-01 2.0e+02 3.23e-02  6e-03  8e-02 984:20.5
  684   8208 -1.073460683848985e-01 2.0e+02 3.08e-02  6e-03  7e-02 990:00.6
  688   8256 -1.073470207977000e-01 2.1e+02 3.00e-02  6e-03  7e-02 995:46.4
  692   8304 -1.073517466212769e-01 2.1e+02 2.71e-02  5e-03  6e-02 1001:31.6
  696   8352 -1.073561136423898e-01 2.0e+02 2.49e-02  5e-03  6e-02 1007:17.4
  700   8400 -1.073567424966809e-01 2.1e+02 2.31e-02  4e-03  5e-02 1013:03.3
  704   8448 -1.073746500604107e-01 2.1e+02 2.69e-02  5e-03  6e-02 1018:49.7
  708   8496 -1.073910613745901e-01 2.1e+02 2.86e-02  5e-03  7e-02 1024:36.3
  712   8544 -1.073871909354293e-01 2.1e+02 2.97e-02  6e-03  7e-02 1030:24.2
  716   8592 -1.074033331594036e-01 2.1e+02 2.89e-02  5e-03  7e-02 1036:11.7
  720   8640 -1.073982294589257e-01 2.1e+02 2.87e-02  5e-03  7e-02 1041:58.9
  724   8688 -1.074294407694586e-01 2.1e+02 3.23e-02  6e-03  7e-02 1047:47.3
  728   8736 -1.074211344427371e-01 2.1e+02 4.34e-02  8e-03  1e-01 1053:34.4
  732   8784 -1.074389304882218e-01 2.1e+02 4.51e-02  8e-03  1e-01 1059:21.8
  736   8832 -1.074411115690628e-01 2.1e+02 5.11e-02  9e-03  1e-01 1065:04.0
  740   8880 -1.074556355121261e-01 2.0e+02 4.94e-02  9e-03  1e-01 1070:52.2
  744   8928 -1.074424632400338e-01 2.1e+02 5.03e-02  9e-03  1e-01 1076:40.2
  748   8976 -1.074623928713422e-01 2.1e+02 5.42e-02  1e-02  1e-01 1082:27.9
  752   9024 -1.074647116318024e-01 2.0e+02 4.80e-02  9e-03  1e-01 1088:14.6
  756   9072 -1.074843318472023e-01 2.0e+02 4.61e-02  8e-03  1e-01 1094:02.1
  760   9120 -1.075138581597337e-01 2.0e+02 4.07e-02  7e-03  9e-02 1099:47.1
  764   9168 -1.075246074519620e-01 2.0e+02 3.64e-02  7e-03  7e-02 1105:22.4
  768   9216 -1.075373510618052e-01 1.9e+02 3.38e-02  6e-03  7e-02 1110:57.4
  772   9264 -1.075415241182187e-01 1.8e+02 3.57e-02  6e-03  7e-02 1116:32.5
  776   9312 -1.075640189129926e-01 1.9e+02 3.18e-02  6e-03  6e-02 1122:07.9
  780   9360 -1.075702269195471e-01 1.9e+02 3.21e-02  6e-03  6e-02 1127:42.4
  784   9408 -1.075853664636459e-01 1.9e+02 3.38e-02  6e-03  7e-02 1133:17.2
  788   9456 -1.075934147241601e-01 2.0e+02 3.80e-02  7e-03  8e-02 1138:52.2
  792   9504 -1.075977932417989e-01 2.0e+02 3.48e-02  6e-03  7e-02 1144:26.6
  796   9552 -1.076313940814524e-01 2.0e+02 3.69e-02  7e-03  8e-02 1150:01.8
  800   9600 -1.076429963880122e-01 2.0e+02 3.88e-02  7e-03  8e-02 1155:36.0
  804   9648 -1.076567446969437e-01 2.0e+02 3.89e-02  7e-03  8e-02 1161:10.2
  808   9696 -1.076706273301920e-01 2.0e+02 3.84e-02  7e-03  8e-02 1166:44.4
  813   9756 -1.076652220502707e-01 1.9e+02 4.39e-02  8e-03  9e-02 1173:41.9
  818   9816 -1.077085339488455e-01 1.9e+02 4.12e-02  7e-03  8e-02 1180:40.0
  823   9876 -1.076948907451779e-01 1.9e+02 3.97e-02  7e-03  8e-02 1187:38.1
  828   9936 -1.076882706277982e-01 1.8e+02 4.05e-02  7e-03  8e-02 1194:36.6
  833   9996 -1.077117694048487e-01 1.8e+02 3.88e-02  7e-03  8e-02 1201:33.6
  838  10056 -1.077406363320284e-01 1.9e+02 4.24e-02  7e-03  9e-02 1208:30.5
  843  10116 -1.077517152972798e-01 1.9e+02 3.74e-02  6e-03  8e-02 1215:27.4
  848  10176 -1.077766757928138e-01 1.9e+02 3.90e-02  7e-03  8e-02 1222:25.2
  853  10236 -1.077896907484328e-01 1.9e+02 3.92e-02  7e-03  8e-02 1229:22.9
  858  10296 -1.077778978675675e-01 1.9e+02 3.40e-02  6e-03  6e-02 1236:20.8
  863  10356 -1.077916208892568e-01 1.9e+02 3.15e-02  5e-03  6e-02 1243:18.7
  868  10416 -1.078079022586108e-01 1.9e+02 3.61e-02  6e-03  7e-02 1250:16.9
  873  10476 -1.078325142992109e-01 1.9e+02 4.17e-02  7e-03  8e-02 1257:15.3
  878  10536 -1.078545004816155e-01 1.9e+02 4.28e-02  7e-03  8e-02 1264:14.7
  883  10596 -1.078743702202589e-01 1.9e+02 5.55e-02  9e-03  1e-01 1271:13.6
  888  10656 -1.078578345542226e-01 1.9e+02 6.31e-02  1e-02  1e-01 1278:13.4
  893  10716 -1.079239820936550e-01 2.0e+02 6.47e-02  1e-02  1e-01 1285:12.3
  898  10776 -1.079180203005074e-01 1.9e+02 6.46e-02  1e-02  1e-01 1292:11.8
  900  10800 -1.079513602096931e-01 1.9e+02 6.34e-02  1e-02  1e-01 1295:00.2
  905  10860 -1.079789482363468e-01 1.8e+02 5.73e-02  9e-03  1e-01 1301:59.9
  910  10920 -1.080024917164595e-01 1.8e+02 5.35e-02  8e-03  9e-02 1308:59.7
  915  10980 -1.080286813751142e-01 1.8e+02 4.47e-02  7e-03  8e-02 1315:59.6
  920  11040 -1.080959951293047e-01 1.8e+02 4.82e-02  7e-03  9e-02 1322:59.6
  925  11100 -1.081524455649900e-01 1.8e+02 4.97e-02  7e-03  9e-02 1330:00.8
  930  11160 -1.082192484111156e-01 1.8e+02 5.92e-02  9e-03  1e-01 1337:14.3
  935  11220 -1.082495678974158e-01 1.7e+02 6.07e-02  9e-03  1e-01 1344:27.0
  940  11280 -1.083010977723758e-01 1.6e+02 6.33e-02  9e-03  1e-01 1351:39.6
  945  11340 -1.083762107098450e-01 1.6e+02 6.65e-02  9e-03  1e-01 1358:52.0
  950  11400 -1.083908552567086e-01 1.6e+02 6.73e-02  9e-03  1e-01 1366:03.3
  955  11460 -1.084766688535991e-01 1.5e+02 6.85e-02  9e-03  1e-01 1373:15.6
  960  11520 -1.084553590405099e-01 1.5e+02 6.21e-02  8e-03  1e-01 1380:28.8
  965  11580 -1.084886839381177e-01 1.5e+02 5.40e-02  7e-03  8e-02 1387:41.0
  970  11640 -1.085173488824485e-01 1.5e+02 6.00e-02  8e-03  9e-02 1394:54.2
  975  11700 -1.085508215970548e-01 1.5e+02 5.83e-02  8e-03  9e-02 1402:06.5
  980  11760 -1.085874103863270e-01 1.5e+02 5.96e-02  8e-03  9e-02 1409:20.0
  985  11820 -1.086044620304469e-01 1.4e+02 5.81e-02  7e-03  8e-02 1416:34.0
  990  11880 -1.086061627081679e-01 1.4e+02 5.37e-02  6e-03  8e-02 1423:47.7
  995  11940 -1.086511751574599e-01 1.4e+02 5.21e-02  6e-03  7e-02 1431:01.0
 1000  12000 -1.086442692460209e-01 1.4e+02 5.86e-02  7e-03  8e-02 1438:09.4
Budget constraint satisfied 1691.9685134887695 2213 Difference:  521.0314865112305
Budget constraint satisfied 1731.3675498962402 2213 Difference:  481.63245010375977
two_most_probable_states: ['0111001001100', '1111001001100']
final_expectation_value: -0.10866614417117935
params: [2.438959230442949, 3.8958456583266066, 5.6473558646722735, -2.0137212869079777, -4.135396688680262, -3.3219478224546326, 1.821023895400996, 2.209377873893521, 4.101240512910462, -4.361421806474403, 1.6029834490258028, 2.205523094096358, 0.8715757571243508, 4.1717504974101445, 0.5807675903192537, 1.0633083525876565, 2.981319193141225, 2.051619049723223, 1.4049105823864643, 2.0954687785283026]
total_steps: 1000
states_probs: [0.0011843234958728468, 0.0011924119496800052]
optimized_portfolios: [{'DOW': 14, 'MSFT': 1, 'TRV': 3}, {'DOW': 15, 'MSFT': 1, 'TRV': 3}]
objective_values: [-4528.081743741922, -5711.228942129624]
result_with_budget: [{'portfolio': {'DOW': 14, 'MSFT': 1, 'TRV': 3}, 'budget': 1691.9685134887695, 'difference': 521.0314865112305}, {'portfolio': {'DOW': 15, 'MSFT': 1, 'TRV': 3}, 'budget': 1731.3675498962402, 'difference': 481.63245010375977}]
Batch 15/100 completed. Results saved to portfolio_optimization_results_batch_14.json
Job finished at Sun Mar 23 11:08:03 EET 2025
