Running job array 22 on pe62.int.triton.aalto.fi
Starting at Sat Mar 15 11:22:30 EET 2025
Activating virtual environment at /scratch/work/uotilav2/quantum-portfolio/venv
Processing batch 23/30: experiments 330 to 344 (total 15)
Skipping experiment 330 (already processed)
Skipping experiment 331 (already processed)
Processing experiment 332
Budget: 143.4715576171875
YF.download() has changed argument auto_adjust default to True
Expected returns: 0.2741398016404762
Covariance matrix: 0.4124460066998469
3rd-order coskewness tensor: -0.0030534889860777494
4th-order cokurtosis tensor: 5.303618666916972
Number of qubits for asset AAPL: 1
Number of qubits for asset AXP: 1
Number of qubits for asset INTC: 3
Number of qubits for asset JNJ: 1
Number of qubits for asset JPM: 1
Number of qubits for asset UNH: 1
Total number of qubits:  8
Optimized Weights (considering variance, skewness and kurtosis):
AAPL: 26.55%
AXP: 10.90%
INTC: 20.81%
JNJ: 30.14%
JPM: 0.00%
UNH: 11.60%
Left over budget:  -6.001863539495389e-08
Optimized Discrete Allocation:
JNJ: 1
Maximized utility from continuous higher moments:  -2.6674372394824095
Budget constraint satisfied 143.4715576171875 143.4715576171875 Difference:  0.0
Budget constraint not satisfied 163.52155685424805 143.4715576171875 Difference:  -20.049999237060547
smallest_eigenvalues: [-0.010033189334852512]
smallest_bitstrings: ['00000100']
first_excited_energy: -0.009830921351838103
optimized_portfolio: [{'AAPL': 0, 'AXP': 0, 'INTC': 0, 'JNJ': 1, 'JPM': 0, 'UNH': 0}]
second_optimized_portfolio: [{'AAPL': 0, 'AXP': 0, 'INTC': 1, 'JNJ': 1, 'JPM': 0, 'UNH': 0}]
result_with_budget: [{'portfolio': {'AAPL': 0, 'AXP': 0, 'INTC': 0, 'JNJ': 1, 'JPM': 0, 'UNH': 0}, 'budget': 143.4715576171875, 'difference': 0.0, 'objective_value': -2.6674372394824095}]
result_with_budget_excited: [{'portfolio': {'AAPL': 0, 'AXP': 0, 'INTC': 1, 'JNJ': 1, 'JPM': 0, 'UNH': 0}, 'budget': 163.52155685424805, 'difference': -20.049999237060547, 'objective_value': -8.42725209595739}]
Initial params:  [2.61575239 2.44465153 2.73322377 3.07442019 2.51063067 1.44978017
 2.45210473 0.37157007 2.01037118 0.45035763 2.96776493 1.63943485
 1.3026989  0.83112597 2.43232687 1.43303853]
(6_w,12)-aCMA-ES (mu_w=3.7,w_1=40%) in dimension 16 (seed=117945, Sat Mar 15 11:22:50 2025)
Iterat #Fevals   function value  axis ratio  sigma  min&max std  t[m:s]
    1     12 3.504052534081940e-02 1.0e+00 1.40e+00  1e+00  1e+00 0:09.7
    2     24 1.091666985511147e-01 1.1e+00 1.32e+00  1e+00  1e+00 0:19.2
    3     36 7.012678702333462e-02 1.2e+00 1.35e+00  1e+00  1e+00 0:28.8
    4     48 1.467999722740107e-02 1.2e+00 1.33e+00  1e+00  1e+00 0:38.1
    5     60 5.816322395275247e-02 1.3e+00 1.30e+00  1e+00  1e+00 0:47.5
    6     72 8.823627408115568e-02 1.3e+00 1.36e+00  1e+00  1e+00 0:56.9
    7     84 5.471933833265345e-02 1.4e+00 1.41e+00  1e+00  2e+00 1:06.3
    8     96 3.284884967488338e-02 1.4e+00 1.47e+00  1e+00  2e+00 1:15.7
    9    108 6.019862063642870e-02 1.5e+00 1.47e+00  1e+00  2e+00 1:25.0
   10    120 4.926062859908471e-02 1.5e+00 1.45e+00  1e+00  2e+00 1:34.3
   12    144 5.579168866698776e-02 1.5e+00 1.35e+00  1e+00  1e+00 1:52.6
   14    168 2.255900115787251e-02 1.6e+00 1.31e+00  1e+00  1e+00 2:11.0
   16    192 6.392372765379430e-02 1.6e+00 1.20e+00  1e+00  1e+00 2:29.0
   18    216 8.700057730185720e-02 1.6e+00 1.13e+00  1e+00  1e+00 2:47.2
   20    240 6.202128014856398e-02 1.6e+00 1.14e+00  1e+00  1e+00 3:05.4
   22    264 8.954608267191046e-02 1.6e+00 1.21e+00  1e+00  1e+00 3:23.6
   24    288 6.879465208015485e-02 1.7e+00 1.42e+00  1e+00  2e+00 3:41.9
   26    312 1.236076686039438e-01 1.9e+00 1.45e+00  1e+00  2e+00 4:00.1
   28    336 1.128317675586587e-01 2.0e+00 1.51e+00  1e+00  2e+00 4:18.3
   31    372 9.956376541827325e-02 2.1e+00 1.61e+00  1e+00  2e+00 4:45.6
   34    408 6.454235254283185e-02 2.2e+00 1.59e+00  1e+00  2e+00 5:12.9
   37    444 4.167011170886134e-02 2.2e+00 1.63e+00  1e+00  2e+00 5:40.3
   40    480 4.140048302084841e-02 2.2e+00 1.45e+00  1e+00  2e+00 6:07.7
   43    516 5.798025179409921e-02 2.2e+00 1.29e+00  1e+00  1e+00 6:35.1
   46    552 4.938833033457288e-02 2.3e+00 1.22e+00  1e+00  1e+00 7:02.4
   49    588 4.921472587408432e-02 2.3e+00 1.17e+00  1e+00  1e+00 7:29.8
   52    624 3.808033945743326e-02 2.3e+00 1.06e+00  9e-01  1e+00 7:57.3
   55    660 4.442031254866766e-02 2.3e+00 1.10e+00  1e+00  1e+00 8:24.5
   59    708 9.541860151196481e-02 2.4e+00 1.27e+00  1e+00  1e+00 9:01.1
   63    756 2.784996264183925e-02 2.5e+00 1.26e+00  1e+00  1e+00 9:37.6
   67    804 3.688320544261835e-02 2.6e+00 1.05e+00  9e-01  1e+00 10:14.1
   71    852 4.823247732646790e-02 2.6e+00 8.39e-01  7e-01  9e-01 10:50.7
   75    900 2.116477900072322e-02 2.7e+00 7.83e-01  6e-01  9e-01 11:27.2
   79    948 2.790851600879448e-02 2.7e+00 8.76e-01  7e-01  1e+00 12:03.7
   83    996 5.742332725615641e-02 2.9e+00 1.03e+00  8e-01  1e+00 12:40.2
   87   1044 2.836171664139726e-02 3.1e+00 9.52e-01  7e-01  1e+00 13:16.9
   91   1092 1.168169074585062e-01 3.3e+00 8.85e-01  7e-01  1e+00 13:53.3
   96   1152 4.337808286740753e-02 3.2e+00 6.81e-01  5e-01  8e-01 14:38.8
  100   1200 4.710601927002545e-02 3.2e+00 6.55e-01  5e-01  7e-01 15:15.4
  105   1260 1.358813298833525e-02 3.3e+00 8.04e-01  6e-01  9e-01 16:00.9
  110   1320 5.452415761958741e-02 3.3e+00 9.29e-01  7e-01  1e+00 16:46.6
  115   1380 2.135280750496625e-02 3.4e+00 9.05e-01  7e-01  1e+00 17:32.2
  120   1440 4.007925529343759e-02 3.5e+00 8.04e-01  6e-01  9e-01 18:17.9
  125   1500 3.503012373455482e-02 3.5e+00 8.13e-01  7e-01  9e-01 19:03.7
  130   1560 6.076610863642853e-02 3.6e+00 9.88e-01  8e-01  1e+00 19:49.1
  135   1620 1.401694564790785e-02 3.4e+00 8.50e-01  7e-01  9e-01 20:34.7
  141   1692 1.575875216404962e-02 3.5e+00 6.55e-01  5e-01  7e-01 21:29.4
  147   1764 1.643114311506239e-02 3.5e+00 5.35e-01  4e-01  6e-01 22:24.0
  153   1836 3.795469139111253e-02 3.5e+00 4.43e-01  3e-01  5e-01 23:18.7
  159   1908 2.398631233877112e-02 3.5e+00 3.72e-01  3e-01  4e-01 24:13.4
  165   1980 2.557298973547034e-02 3.6e+00 3.71e-01  3e-01  4e-01 25:08.1
  171   2052 1.166574440139767e-02 3.6e+00 3.48e-01  2e-01  3e-01 26:03.0
  177   2124 6.961611087233806e-03 3.8e+00 3.10e-01  2e-01  3e-01 26:57.5
  183   2196 1.644462019519303e-02 4.2e+00 2.63e-01  2e-01  3e-01 27:52.2
  189   2268 8.184213395297126e-03 4.3e+00 2.41e-01  1e-01  2e-01 28:46.7
  196   2352 5.951044427785961e-03 4.5e+00 2.39e-01  1e-01  2e-01 29:50.4
  200   2400 6.574230753307681e-03 4.7e+00 2.45e-01  1e-01  3e-01 30:26.8
  207   2484 6.133203704455240e-03 5.1e+00 2.30e-01  1e-01  2e-01 31:30.7
  214   2568 3.900344800437045e-03 5.8e+00 1.84e-01  9e-02  2e-01 32:34.5
  221   2652 3.196189559167929e-03 6.4e+00 1.30e-01  6e-02  1e-01 33:38.1
  228   2736 2.111604890553904e-03 7.3e+00 8.89e-02  4e-02  9e-02 34:42.0
  235   2820 1.943207580114931e-03 7.6e+00 7.41e-02  3e-02  8e-02 35:45.7
  242   2904 1.533787759378420e-03 8.3e+00 6.93e-02  3e-02  8e-02 36:49.6
  249   2988 1.551560964625738e-03 8.7e+00 7.94e-02  3e-02  9e-02 37:53.3
  257   3084 9.577141735139861e-04 1.0e+01 1.01e-01  4e-02  1e-01 39:05.8
  265   3180 3.933954339342695e-05 1.1e+01 9.69e-02  4e-02  1e-01 40:18.7
  273   3276 -1.150081403896789e-03 1.3e+01 1.29e-01  5e-02  2e-01 41:31.7
  281   3372 -8.707980972399532e-04 1.3e+01 1.19e-01  4e-02  1e-01 42:44.6
  289   3468 -1.038532090938287e-03 1.4e+01 1.02e-01  4e-02  1e-01 43:57.8
  297   3564 -1.585459696013643e-03 1.4e+01 1.20e-01  4e-02  2e-01 45:10.6
  300   3600 -2.196592487087098e-03 1.4e+01 1.21e-01  4e-02  2e-01 45:37.9
  308   3696 -2.268624814282594e-03 1.6e+01 1.26e-01  4e-02  2e-01 46:51.0
  316   3792 -2.208829949877425e-03 1.7e+01 1.10e-01  4e-02  1e-01 48:03.9
  324   3888 -2.456129057052837e-03 1.8e+01 8.71e-02  3e-02  1e-01 49:17.0
  333   3996 -3.051545833711974e-03 1.9e+01 9.26e-02  3e-02  1e-01 50:39.1
  342   4104 -2.868206216284645e-03 1.9e+01 8.35e-02  3e-02  1e-01 52:01.3
  351   4212 -3.096526097964268e-03 1.9e+01 6.09e-02  2e-02  8e-02 53:23.6
  360   4320 -3.093676026732230e-03 1.9e+01 3.58e-02  1e-02  5e-02 54:45.3
  369   4428 -3.129881701490339e-03 2.0e+01 2.94e-02  8e-03  4e-02 56:07.3
  378   4536 -3.171799878950717e-03 2.1e+01 4.44e-02  1e-02  6e-02 57:28.9
  387   4644 -3.200309069496322e-03 2.2e+01 3.74e-02  9e-03  5e-02 58:50.5
  396   4752 -3.334266375948063e-03 2.4e+01 5.71e-02  2e-02  9e-02 60:12.2
  400   4800 -3.365195005107457e-03 2.7e+01 6.92e-02  2e-02  1e-01 60:48.6
  410   4920 -3.459431686971367e-03 3.4e+01 8.35e-02  2e-02  2e-01 62:19.3
  420   5040 -3.518802030535089e-03 3.6e+01 6.58e-02  2e-02  1e-01 63:50.1
  430   5160 -3.564819360255238e-03 4.1e+01 6.80e-02  2e-02  1e-01 65:21.1
  440   5280 -3.673524835368239e-03 4.6e+01 4.73e-02  1e-02  1e-01 66:51.8
  450   5400 -3.754389257891586e-03 5.6e+01 5.06e-02  1e-02  1e-01 68:22.5
  460   5520 -3.852742803102898e-03 7.0e+01 8.40e-02  2e-02  3e-01 69:53.2
  470   5640 -3.920151117822418e-03 7.8e+01 7.39e-02  2e-02  2e-01 71:24.2
  480   5760 -3.984725578860724e-03 7.6e+01 4.88e-02  1e-02  2e-01 72:54.9
  491   5892 -4.023692282976877e-03 7.6e+01 3.79e-02  7e-03  1e-01 74:34.6
  500   6000 -4.031786893471535e-03 7.8e+01 2.92e-02  5e-03  9e-02 75:56.2
  511   6132 -4.064640107960927e-03 8.5e+01 4.38e-02  7e-03  1e-01 77:36.1
  522   6264 -4.086484578121333e-03 9.5e+01 4.80e-02  7e-03  2e-01 79:15.7
  533   6396 -4.141272261069066e-03 1.1e+02 5.51e-02  8e-03  2e-01 80:55.6
  544   6528 -4.190591315773065e-03 1.2e+02 6.21e-02  9e-03  2e-01 82:35.5
  555   6660 -4.251598639752092e-03 1.3e+02 5.68e-02  8e-03  2e-01 84:15.3
  566   6792 -4.290832385341296e-03 1.4e+02 6.95e-02  8e-03  3e-01 85:55.2
  577   6924 -4.319798633065066e-03 1.4e+02 6.00e-02  7e-03  2e-01 87:34.8
  589   7068 -4.335820808160945e-03 1.4e+02 4.03e-02  5e-03  2e-01 89:23.6
  600   7200 -4.345568389080522e-03 1.3e+02 3.12e-02  3e-03  1e-01 91:03.2
  612   7344 -4.346116482913577e-03 1.4e+02 2.91e-02  3e-03  1e-01 92:51.8
  624   7488 -4.353743130030647e-03 1.4e+02 2.36e-02  2e-03  8e-02 94:40.5
  636   7632 -4.358423646646702e-03 1.4e+02 2.70e-02  2e-03  8e-02 96:29.2
  648   7776 -4.361944767002730e-03 1.4e+02 2.64e-02  2e-03  8e-02 98:18.1
  660   7920 -4.366119054798182e-03 1.5e+02 2.83e-02  2e-03  8e-02 100:07.0
  672   8064 -4.369445325352325e-03 1.6e+02 3.85e-02  3e-03  1e-01 101:56.0
  684   8208 -4.371859725740336e-03 1.7e+02 2.67e-02  2e-03  7e-02 103:44.7
  697   8364 -4.374162332830527e-03 1.8e+02 2.06e-02  2e-03  5e-02 105:42.6
  700   8400 -4.374186381374246e-03 1.8e+02 1.95e-02  1e-03  5e-02 106:09.8
  713   8556 -4.375398095122972e-03 1.8e+02 1.58e-02  1e-03  4e-02 108:07.6
  726   8712 -4.376057557987543e-03 1.8e+02 2.04e-02  1e-03  5e-02 110:05.4
  739   8868 -4.378454176839550e-03 1.8e+02 2.32e-02  2e-03  5e-02 112:03.4
  752   9024 -4.379322567258597e-03 1.9e+02 2.45e-02  2e-03  6e-02 114:01.4
  765   9180 -4.381292881924814e-03 1.9e+02 2.13e-02  1e-03  5e-02 115:59.2
  778   9336 -4.383098487404615e-03 2.1e+02 1.91e-02  1e-03  4e-02 117:58.0
  791   9492 -4.383841998777654e-03 2.2e+02 2.00e-02  1e-03  4e-02 119:55.8
  800   9600 -4.384483965228749e-03 2.2e+02 1.71e-02  1e-03  3e-02 121:17.2
  814   9768 -4.385066602655376e-03 2.1e+02 1.40e-02  8e-04  3e-02 123:24.2
  828   9936 -4.385564912700269e-03 2.3e+02 1.03e-02  6e-04  2e-02 125:31.1
  842  10104 -4.386048370203683e-03 2.3e+02 1.26e-02  7e-04  2e-02 127:37.9
  856  10272 -4.387710319209245e-03 2.3e+02 2.55e-02  1e-03  4e-02 129:44.9
  870  10440 -4.389339949171024e-03 2.3e+02 3.74e-02  2e-03  6e-02 131:51.8
  884  10608 -4.390175254613913e-03 2.3e+02 2.78e-02  1e-03  4e-02 133:58.7
  898  10776 -4.391568906847893e-03 2.4e+02 3.03e-02  1e-03  5e-02 136:05.7
  900  10800 -4.391297335582843e-03 2.5e+02 2.85e-02  1e-03  5e-02 136:23.8
  914  10968 -4.392564310503303e-03 2.6e+02 3.07e-02  1e-03  5e-02 138:30.9
  929  11148 -4.394691760907387e-03 2.8e+02 4.53e-02  2e-03  7e-02 140:47.0
  944  11328 -4.395948564626784e-03 2.9e+02 5.13e-02  2e-03  8e-02 143:03.0
  959  11508 -4.398314753395914e-03 2.5e+02 4.13e-02  2e-03  6e-02 145:19.4
  974  11688 -4.401782768653274e-03 2.9e+02 4.67e-02  2e-03  7e-02 147:35.3
  989  11868 -4.405571481966282e-03 3.0e+02 4.97e-02  2e-03  7e-02 149:51.4
 1000  12000 -4.406350061663095e-03 3.1e+02 4.70e-02  2e-03  7e-02 151:30.7
Budget constraint satisfied 20.049999237060547 143.4715576171875 Difference:  123.42155838012695
Budget constraint satisfied 0.0 143.4715576171875 Difference:  143.4715576171875
two_most_probable_states: ['00100000', '00000000']
final_expectation_value: -0.004406626161946212
params: [-1.0653448524433475, 4.065422680642519, -3.0718832471773796, -11.00161508619928, 7.9418525644689675, -5.0353157447723325, -5.838483002505563, 0.4085366265376846, -0.2449793481919867, 7.786042948281052, -5.481182586363323, 7.765861898810186, -6.068495368807717, 3.4571976962132815, -1.9613756579374464, -2.5591397914457845]
total_steps: 1000
states_probs: [0.138296106521297, 0.14475733493692922]
optimized_portfolios: [{'AAPL': 0, 'AXP': 0, 'INTC': 1, 'JNJ': 0, 'JPM': 0, 'UNH': 0}, {'AAPL': 0, 'AXP': 0, 'INTC': 0, 'JNJ': 0, 'JPM': 0, 'UNH': 0}]
objective_values: [-3.7340237861620724, -0.0]
result_with_budget: [{'portfolio': {'AAPL': 0, 'AXP': 0, 'INTC': 1, 'JNJ': 0, 'JPM': 0, 'UNH': 0}, 'budget': 20.049999237060547, 'difference': 123.42155838012695}, {'portfolio': {'AAPL': 0, 'AXP': 0, 'INTC': 0, 'JNJ': 0, 'JPM': 0, 'UNH': 0}, 'budget': 0.0, 'difference': 143.4715576171875}]
Processing experiment 333
Budget: 385.4402542114258
Expected returns: 0.2741398016404762
Covariance matrix: 0.38289646561396123
3rd-order coskewness tensor: -0.0030534889860777494
4th-order cokurtosis tensor: 5.303618666916972
Number of qubits for asset AAPL: 1
Number of qubits for asset CAT: 1
Number of qubits for asset MMM: 2
Number of qubits for asset PG: 2
Number of qubits for asset UNH: 1
Number of qubits for asset WMT: 3
Total number of qubits:  10
Optimized Weights (considering variance, skewness and kurtosis):
AAPL: 16.67%
CAT: 29.50%
MMM: 10.29%
PG: 4.68%
UNH: 12.60%
WMT: 26.26%
Left over budget:  44.94528191025324
Optimized Discrete Allocation:
AAPL: 1
WMT: 1
Maximized utility from continuous higher moments:  -7.764321899981736
Budget constraint satisfied 385.4402542114258 385.4402542114258 Difference:  0.0
Budget constraint satisfied 378.601318359375 385.4402542114258 Difference:  6.838935852050781
smallest_eigenvalues: [-0.030066534435049818]
smallest_bitstrings: ['0010100100']
first_excited_energy: -0.030066161926102928
optimized_portfolio: [{'AAPL': 0, 'CAT': 0, 'MMM': 1, 'PG': 1, 'UNH': 0, 'WMT': 1}]
second_optimized_portfolio: [{'AAPL': 1, 'CAT': 0, 'MMM': 1, 'PG': 0, 'UNH': 0, 'WMT': 0}]
result_with_budget: [{'portfolio': {'AAPL': 0, 'CAT': 0, 'MMM': 1, 'PG': 1, 'UNH': 0, 'WMT': 1}, 'budget': 385.4402542114258, 'difference': 0.0, 'objective_value': -25.990104443945796}]
result_with_budget_excited: [{'portfolio': {'AAPL': 1, 'CAT': 0, 'MMM': 1, 'PG': 0, 'UNH': 0, 'WMT': 0}, 'budget': 378.601318359375, 'difference': 6.838935852050781, 'objective_value': -9.159285051535498}]
Initial params:  [2.74955896e+00 1.87725720e+00 3.92004831e-01 2.88054065e+00
 2.11839656e+00 4.30451609e-02 4.05634247e-01 1.35880495e+00
 2.25471479e+00 2.06920799e+00 2.80678636e-03 2.59532014e+00
 2.54336969e+00 2.68654123e+00 2.60910611e+00 1.09151841e-01
 8.28780165e-02 3.04255196e+00 1.31773045e+00 2.76256346e+00]
(6_w,12)-aCMA-ES (mu_w=3.7,w_1=40%) in dimension 20 (seed=196279, Sat Mar 15 13:55:17 2025)
Iterat #Fevals   function value  axis ratio  sigma  min&max std  t[m:s]
    1     12 -1.142143203802374e-04 1.0e+00 1.42e+00  1e+00  1e+00 0:27.7
    2     24 1.926580998643235e-02 1.1e+00 1.44e+00  1e+00  1e+00 0:55.4
    3     36 2.896321892763781e-02 1.2e+00 1.41e+00  1e+00  1e+00 1:23.0
    4     48 3.909501071056856e-03 1.2e+00 1.45e+00  1e+00  2e+00 1:50.8
    5     60 -2.380350920051223e-03 1.3e+00 1.55e+00  1e+00  2e+00 2:18.5
    6     72 -1.519236091576361e-02 1.3e+00 1.66e+00  2e+00  2e+00 2:46.2
    7     84 -6.378709191330587e-03 1.4e+00 1.64e+00  2e+00  2e+00 3:13.8
    8     96 6.375994427577588e-03 1.4e+00 1.67e+00  2e+00  2e+00 3:41.4
    9    108 4.945914028551322e-03 1.4e+00 1.67e+00  2e+00  2e+00 4:08.9
   10    120 -8.549562362084233e-03 1.5e+00 1.70e+00  2e+00  2e+00 4:36.6
   11    132 -2.529456384159656e-03 1.5e+00 1.78e+00  2e+00  2e+00 5:04.3
   12    144 -1.824211371617030e-02 1.5e+00 1.76e+00  2e+00  2e+00 5:32.0
   13    156 -4.337389239433818e-03 1.5e+00 1.68e+00  2e+00  2e+00 5:59.4
   14    168 -7.616562316598385e-03 1.5e+00 1.61e+00  2e+00  2e+00 6:27.0
   15    180 -4.241788697588901e-03 1.5e+00 1.50e+00  1e+00  2e+00 6:54.7
   16    192 -8.599222195326425e-03 1.5e+00 1.47e+00  1e+00  2e+00 7:22.5
   17    204 -1.058066811717940e-02 1.5e+00 1.42e+00  1e+00  2e+00 7:50.0
   18    216 9.118446178467115e-03 1.5e+00 1.41e+00  1e+00  1e+00 8:17.6
   19    228 -1.269237842555772e-02 1.6e+00 1.42e+00  1e+00  2e+00 8:45.3
   20    240 3.271814254297873e-02 1.6e+00 1.40e+00  1e+00  1e+00 9:12.9
   21    252 -1.794870364717541e-02 1.6e+00 1.38e+00  1e+00  1e+00 9:40.7
   22    264 1.426790144025492e-02 1.6e+00 1.42e+00  1e+00  2e+00 10:08.4
   23    276 -4.960613542093935e-03 1.6e+00 1.44e+00  1e+00  2e+00 10:36.2
   24    288 -5.275645027840730e-03 1.6e+00 1.43e+00  1e+00  2e+00 11:03.7
   25    300 1.578146956844776e-02 1.7e+00 1.42e+00  1e+00  2e+00 11:31.3
   26    312 -9.735612716575677e-03 1.7e+00 1.41e+00  1e+00  1e+00 11:59.0
   27    324 -5.090082581559022e-03 1.7e+00 1.33e+00  1e+00  1e+00 12:26.8
   28    336 1.685553187499164e-05 1.7e+00 1.27e+00  1e+00  1e+00 12:54.3
   30    360 3.011589482534921e-02 1.7e+00 1.14e+00  1e+00  1e+00 13:49.7
   32    384 7.576985145026439e-02 1.7e+00 1.07e+00  1e+00  1e+00 14:44.9
   34    408 -8.411919831927014e-03 1.7e+00 1.07e+00  1e+00  1e+00 15:40.3
   36    432 9.146107127008430e-03 1.7e+00 1.11e+00  1e+00  1e+00 16:35.5
   38    456 3.088841960401853e-02 1.7e+00 1.17e+00  1e+00  1e+00 17:31.2
   40    480 -1.644602133544050e-02 1.8e+00 1.17e+00  1e+00  1e+00 18:26.5
   42    504 -1.741318902522012e-03 1.8e+00 1.15e+00  1e+00  1e+00 19:22.1
   44    528 7.603285119909432e-03 1.9e+00 1.14e+00  1e+00  1e+00 20:17.8
   46    552 1.179738110598320e-02 1.9e+00 1.13e+00  1e+00  1e+00 21:13.1
   48    576 -3.763506931132341e-03 1.9e+00 1.14e+00  1e+00  1e+00 22:08.8
   50    600 -1.145161722598740e-02 2.0e+00 1.11e+00  1e+00  1e+00 23:04.3
   52    624 3.416361569473622e-03 1.9e+00 1.11e+00  1e+00  1e+00 23:59.7
   54    648 -1.368987620230141e-02 1.9e+00 1.07e+00  1e+00  1e+00 24:55.3
   56    672 1.659137913862305e-02 2.0e+00 9.96e-01  9e-01  1e+00 25:50.6
   58    696 -7.593526693877719e-03 2.0e+00 9.48e-01  8e-01  1e+00 26:46.1
   60    720 -7.599885816075098e-03 2.0e+00 8.78e-01  8e-01  1e+00 27:41.5
   62    744 -5.045164754405910e-04 2.0e+00 8.39e-01  7e-01  9e-01 28:37.1
   64    768 2.055420901022686e-02 2.0e+00 8.26e-01  7e-01  9e-01 29:32.6
   66    792 -1.254133656779923e-02 2.0e+00 7.94e-01  7e-01  9e-01 30:28.2
   68    816 1.952687470065014e-02 2.1e+00 7.53e-01  7e-01  8e-01 31:23.8
   70    840 -5.747702211332942e-03 2.1e+00 7.54e-01  7e-01  8e-01 32:19.4
   72    864 8.479968291240928e-04 2.1e+00 7.70e-01  7e-01  9e-01 33:14.9
   74    888 -1.446321940616395e-02 2.1e+00 8.17e-01  7e-01  9e-01 34:10.7
   76    912 -6.736227904341117e-03 2.2e+00 8.20e-01  7e-01  9e-01 35:06.2
   78    936 3.752624086105636e-03 2.2e+00 8.54e-01  7e-01  1e+00 36:02.0
   80    960 1.613905052394550e-02 2.3e+00 7.64e-01  7e-01  9e-01 36:57.6
   82    984 2.598705635701861e-03 2.3e+00 7.11e-01  6e-01  8e-01 37:53.3
   84   1008 -4.608852011446759e-03 2.3e+00 7.50e-01  6e-01  8e-01 38:48.9
   87   1044 4.920245327295728e-02 2.4e+00 7.95e-01  7e-01  9e-01 40:12.1
   90   1080 -2.404982464412097e-03 2.4e+00 8.21e-01  7e-01  9e-01 41:35.6
   93   1116 -7.238267783325372e-03 2.4e+00 7.61e-01  6e-01  9e-01 42:59.1
   96   1152 -4.022653320233935e-03 2.4e+00 7.52e-01  6e-01  9e-01 44:22.2
   99   1188 -1.425979190571300e-02 2.5e+00 7.66e-01  6e-01  9e-01 45:45.5
  100   1200 -9.184788950798930e-03 2.5e+00 7.59e-01  6e-01  9e-01 46:13.2
  103   1236 -7.711786216015214e-03 2.5e+00 7.99e-01  6e-01  1e+00 47:36.5
  106   1272 -2.539551791041827e-03 2.5e+00 8.29e-01  7e-01  1e+00 48:59.6
  109   1308 -8.083436483576512e-03 2.6e+00 7.89e-01  6e-01  9e-01 50:23.1
  112   1344 -5.581966802842374e-03 2.7e+00 7.25e-01  6e-01  9e-01 51:46.5
  115   1380 3.838896018984400e-02 2.7e+00 7.10e-01  6e-01  9e-01 53:09.8
  118   1416 -8.714703965602913e-03 2.7e+00 8.26e-01  7e-01  1e+00 54:33.2
  121   1452 2.020672210360107e-03 2.8e+00 8.10e-01  6e-01  1e+00 55:56.7
  124   1488 -5.209283885443845e-03 2.9e+00 8.52e-01  7e-01  1e+00 57:20.2
  127   1524 6.230906414398042e-03 2.9e+00 7.36e-01  6e-01  9e-01 58:43.6
  130   1560 -8.951778476961225e-03 2.9e+00 6.99e-01  5e-01  8e-01 60:07.1
  133   1596 -1.056232847627814e-02 2.9e+00 7.22e-01  5e-01  9e-01 61:30.8
  136   1632 -1.219718675688476e-02 2.9e+00 7.74e-01  5e-01  9e-01 62:54.2
  139   1668 -9.301310730806726e-03 2.9e+00 8.29e-01  6e-01  1e+00 64:17.6
  142   1704 1.306177911748291e-02 2.9e+00 7.52e-01  5e-01  9e-01 65:41.1
  145   1740 -5.170947434368624e-03 3.1e+00 7.22e-01  5e-01  9e-01 67:04.6
  148   1776 -9.566923335502169e-03 3.1e+00 7.14e-01  5e-01  9e-01 68:28.1
  151   1812 -9.023208243779739e-03 3.0e+00 6.67e-01  4e-01  8e-01 69:51.7
  154   1848 -1.318932409171514e-02 3.0e+00 6.72e-01  4e-01  8e-01 71:15.2
  157   1884 -1.349227209286885e-02 3.1e+00 6.69e-01  4e-01  8e-01 72:38.6
  160   1920 -1.095745144208883e-02 3.1e+00 6.84e-01  4e-01  8e-01 74:01.9
  163   1956 -2.959935926424453e-03 3.3e+00 6.95e-01  4e-01  8e-01 75:25.5
  166   1992 -5.561916977398117e-03 3.5e+00 6.95e-01  4e-01  8e-01 76:48.9
  170   2040 -1.541591200279037e-03 3.6e+00 6.47e-01  4e-01  8e-01 78:40.2
  174   2088 -1.388025879125409e-03 3.6e+00 5.92e-01  4e-01  7e-01 80:31.6
  178   2136 -8.604442815058996e-03 3.8e+00 5.57e-01  3e-01  7e-01 82:22.8
  182   2184 -9.707329664686489e-03 3.8e+00 5.96e-01  3e-01  7e-01 84:13.9
  186   2232 -1.227618488589210e-02 3.9e+00 5.82e-01  3e-01  7e-01 86:05.3
  190   2280 -2.232890710829936e-03 3.9e+00 5.25e-01  3e-01  6e-01 87:56.8
  194   2328 2.319109364958160e-03 4.0e+00 5.59e-01  3e-01  6e-01 89:48.1
  198   2376 3.959198582324340e-03 4.1e+00 6.02e-01  3e-01  7e-01 91:39.5
  200   2400 -5.428396337048763e-03 4.2e+00 6.15e-01  3e-01  7e-01 92:34.9
  204   2448 -5.604422846104182e-03 4.1e+00 7.15e-01  4e-01  9e-01 94:26.4
  208   2496 -3.025607551989105e-03 4.0e+00 7.32e-01  4e-01  9e-01 96:17.8
  212   2544 1.138788061069876e-02 4.1e+00 8.37e-01  5e-01  1e+00 98:09.3
  216   2592 1.550285290444210e-02 4.0e+00 8.28e-01  5e-01  1e+00 100:00.5
  220   2640 -2.583851268410162e-03 4.0e+00 7.78e-01  4e-01  1e+00 101:51.8
  224   2688 2.255053544220937e-02 3.9e+00 8.06e-01  4e-01  1e+00 103:43.4
  228   2736 1.762242053462771e-02 4.1e+00 9.23e-01  5e-01  1e+00 105:34.8
  232   2784 2.263289110046259e-02 4.1e+00 1.10e+00  6e-01  1e+00 107:26.3
  236   2832 2.220824553430967e-03 4.1e+00 1.03e+00  5e-01  1e+00 109:17.5
  240   2880 8.315185880434402e-03 4.1e+00 8.84e-01  5e-01  1e+00 111:08.6
  244   2928 1.240078241386572e-02 4.1e+00 7.70e-01  4e-01  9e-01 113:00.0
  248   2976 2.875527520208945e-03 4.1e+00 7.96e-01  4e-01  9e-01 114:51.2
  252   3024 1.102924958001165e-03 4.2e+00 7.88e-01  4e-01  9e-01 116:42.7
  256   3072 -6.037927187961326e-03 4.2e+00 6.89e-01  4e-01  8e-01 118:33.9
  260   3120 3.888563480356844e-02 4.2e+00 6.12e-01  3e-01  7e-01 120:24.9
  264   3168 2.446275013380671e-03 4.3e+00 5.48e-01  3e-01  6e-01 122:16.0
  268   3216 8.283631763814376e-03 4.2e+00 5.57e-01  3e-01  6e-01 124:07.2
  272   3264 -2.341679748000109e-03 4.1e+00 5.62e-01  3e-01  6e-01 125:58.1
  276   3312 1.334123009554971e-02 4.2e+00 5.91e-01  3e-01  7e-01 127:49.3
  281   3372 2.570608865651711e-02 4.1e+00 5.17e-01  3e-01  6e-01 130:08.3
  286   3432 -7.599211248259480e-03 4.2e+00 5.07e-01  3e-01  6e-01 132:27.5
  291   3492 6.790062319539690e-03 4.2e+00 4.36e-01  2e-01  5e-01 134:46.6
  296   3552 5.841130708530615e-03 4.2e+00 4.10e-01  2e-01  5e-01 137:05.5
  300   3600 -1.349135158435480e-02 4.4e+00 4.11e-01  2e-01  5e-01 138:56.3
  305   3660 2.998077645740273e-02 4.4e+00 4.34e-01  2e-01  5e-01 141:15.4
  310   3720 5.496102226634633e-03 4.6e+00 3.88e-01  2e-01  5e-01 143:34.1
  315   3780 -1.152000869991924e-02 4.8e+00 3.95e-01  2e-01  5e-01 145:53.1
  320   3840 -1.918730646673734e-02 5.3e+00 3.98e-01  2e-01  5e-01 148:12.3
  325   3900 -1.534119779804731e-02 5.3e+00 3.84e-01  2e-01  5e-01 150:31.0
  330   3960 -1.459358836881224e-02 5.5e+00 3.48e-01  2e-01  4e-01 152:50.2
  335   4020 -1.228051425834007e-02 5.6e+00 3.24e-01  2e-01  4e-01 155:09.1
  340   4080 -1.040981206257447e-02 5.9e+00 3.38e-01  2e-01  4e-01 157:28.3
  345   4140 -1.464282637153054e-02 6.2e+00 3.04e-01  1e-01  4e-01 159:47.3
  350   4200 -1.259223170276949e-02 6.2e+00 3.10e-01  1e-01  4e-01 162:06.3
  355   4260 -1.742430848246628e-02 6.2e+00 3.05e-01  1e-01  4e-01 164:25.3
  360   4320 -3.732689794536050e-03 6.3e+00 2.73e-01  1e-01  3e-01 166:44.4
  365   4380 -1.725774389056713e-02 6.5e+00 2.49e-01  1e-01  3e-01 169:03.7
  370   4440 -1.739655630747260e-02 6.7e+00 2.47e-01  1e-01  3e-01 171:22.6
  375   4500 -1.896415258182988e-02 6.9e+00 2.09e-01  9e-02  3e-01 173:41.7
  380   4560 -2.000973585148061e-02 7.2e+00 2.14e-01  9e-02  3e-01 176:01.0
  385   4620 -1.714222028116326e-02 7.4e+00 2.28e-01  1e-01  3e-01 178:19.9
  390   4680 -1.931611468212692e-02 7.5e+00 2.18e-01  9e-02  3e-01 180:39.2
  395   4740 -1.949584365686124e-02 7.7e+00 1.97e-01  8e-02  2e-01 182:58.4
  400   4800 -1.857958423795257e-02 7.6e+00 1.77e-01  7e-02  2e-01 185:17.6
  405   4860 -1.872446269370097e-02 7.6e+00 1.55e-01  6e-02  2e-01 187:36.8
  410   4920 -1.998535742350661e-02 7.8e+00 1.29e-01  5e-02  2e-01 189:55.7
  416   4992 -2.187041373285096e-02 7.9e+00 1.40e-01  5e-02  2e-01 192:42.3
  422   5064 -2.022201417478082e-02 8.3e+00 1.56e-01  6e-02  2e-01 195:29.2
  428   5136 -1.950657127116394e-02 8.7e+00 1.47e-01  6e-02  2e-01 198:16.1
  434   5208 -2.125607084771360e-02 8.6e+00 1.28e-01  5e-02  2e-01 201:02.7
  440   5280 -2.063644543207379e-02 9.0e+00 1.10e-01  4e-02  1e-01 203:49.3
  446   5352 -2.172627578403226e-02 9.0e+00 8.41e-02  3e-02  1e-01 206:35.8
  452   5424 -2.203425244947900e-02 9.0e+00 7.46e-02  3e-02  9e-02 209:22.6
  458   5496 -2.233482073238940e-02 9.3e+00 8.19e-02  3e-02  1e-01 212:09.4
  464   5568 -2.217531978941504e-02 9.6e+00 6.94e-02  2e-02  9e-02 214:56.1
  470   5640 -2.239011016898387e-02 9.4e+00 5.87e-02  2e-02  8e-02 217:42.8
  476   5712 -2.244417418860641e-02 9.3e+00 4.92e-02  2e-02  6e-02 220:29.1
  482   5784 -2.260076306450028e-02 9.7e+00 4.50e-02  2e-02  6e-02 223:15.2
  488   5856 -2.293003860617705e-02 1.2e+01 5.73e-02  2e-02  8e-02 226:00.8
  494   5928 -2.302193246189764e-02 1.2e+01 6.15e-02  2e-02  8e-02 228:48.1
  500   6000 -2.312081379905920e-02 1.3e+01 6.28e-02  2e-02  8e-02 231:50.1
  506   6072 -2.323047184108759e-02 1.4e+01 6.25e-02  2e-02  9e-02 234:52.7
  512   6144 -2.339820846341336e-02 1.4e+01 5.99e-02  2e-02  8e-02 237:54.7
  518   6216 -2.336915567424745e-02 1.5e+01 6.08e-02  2e-02  8e-02 240:56.3
  524   6288 -2.341003990421322e-02 1.5e+01 5.61e-02  2e-02  8e-02 243:57.5
  530   6360 -2.351372813706345e-02 1.6e+01 5.92e-02  2e-02  8e-02 246:58.1
  536   6432 -2.359843187030090e-02 1.6e+01 6.43e-02  2e-02  9e-02 249:59.2
  542   6504 -2.368829341210906e-02 1.8e+01 6.62e-02  2e-02  9e-02 253:00.2
  548   6576 -2.345967336167063e-02 1.9e+01 7.94e-02  2e-02  1e-01 256:00.7
  554   6648 -2.396239212637085e-02 2.0e+01 6.79e-02  2e-02  1e-01 259:01.6
  560   6720 -2.400829778422266e-02 2.0e+01 5.48e-02  1e-02  8e-02 262:02.0
  566   6792 -2.406638691179326e-02 2.2e+01 5.05e-02  1e-02  8e-02 265:02.3
  572   6864 -2.412997375609397e-02 2.2e+01 4.39e-02  1e-02  7e-02 268:02.8
  578   6936 -2.417083830457247e-02 2.3e+01 4.37e-02  1e-02  7e-02 271:02.9
  584   7008 -2.428876957786440e-02 2.3e+01 4.74e-02  1e-02  7e-02 274:03.2
  590   7080 -2.435185484902573e-02 2.4e+01 4.91e-02  1e-02  7e-02 277:03.1
  596   7152 -2.437263571165599e-02 2.5e+01 4.68e-02  1e-02  7e-02 280:03.6
  600   7200 -2.445389675553802e-02 2.6e+01 5.40e-02  1e-02  8e-02 282:03.8
  606   7272 -2.449758260661374e-02 2.7e+01 7.43e-02  2e-02  1e-01 285:04.7
  612   7344 -2.450717722807884e-02 2.7e+01 6.75e-02  2e-02  1e-01 288:05.3
  618   7416 -2.463764974436975e-02 2.8e+01 6.77e-02  2e-02  1e-01 291:05.5
  624   7488 -2.470287470830435e-02 2.9e+01 6.80e-02  2e-02  1e-01 294:05.8
  630   7560 -2.476133993900316e-02 2.9e+01 6.35e-02  1e-02  1e-01 297:06.7
  636   7632 -2.478184841186809e-02 3.0e+01 5.14e-02  1e-02  8e-02 300:07.1
  642   7704 -2.476945733209766e-02 3.1e+01 4.05e-02  9e-03  6e-02 303:07.1
  648   7776 -2.479731347611300e-02 3.2e+01 3.51e-02  8e-03  5e-02 306:07.4
  654   7848 -2.484429899343422e-02 3.2e+01 3.08e-02  7e-03  5e-02 309:07.9
  660   7920 -2.485904580960113e-02 3.4e+01 3.06e-02  7e-03  5e-02 312:08.7
  666   7992 -2.487799811282825e-02 3.6e+01 2.69e-02  5e-03  4e-02 315:10.0
  673   8076 -2.488675799460496e-02 3.9e+01 2.79e-02  6e-03  4e-02 318:41.1
  680   8160 -2.490886207236854e-02 4.2e+01 2.65e-02  5e-03  4e-02 322:10.9
  687   8244 -2.492216149570356e-02 4.5e+01 2.52e-02  5e-03  3e-02 325:31.2
  694   8328 -2.492857011708640e-02 4.6e+01 2.09e-02  4e-03  3e-02 329:03.3
  700   8400 -2.494846331198942e-02 4.9e+01 2.44e-02  5e-03  4e-02 331:48.2
  707   8484 -2.496461400564640e-02 5.2e+01 2.99e-02  5e-03  5e-02 335:01.2
  714   8568 -2.498817381252294e-02 5.8e+01 3.32e-02  6e-03  6e-02 338:14.2
  721   8652 -2.501044093547811e-02 6.4e+01 3.34e-02  6e-03  6e-02 341:26.9
  728   8736 -2.503963427122152e-02 7.0e+01 3.49e-02  6e-03  7e-02 344:39.9
  735   8820 -2.505501351854403e-02 6.9e+01 3.38e-02  6e-03  7e-02 347:52.8
  742   8904 -2.508069285168420e-02 7.5e+01 3.84e-02  6e-03  8e-02 351:05.9
  750   9000 -2.508028197462026e-02 7.8e+01 3.50e-02  6e-03  7e-02 354:46.3
  758   9096 -2.508944416319535e-02 8.3e+01 3.62e-02  6e-03  7e-02 358:26.5
  766   9192 -2.510040332687027e-02 8.8e+01 3.03e-02  5e-03  6e-02 362:06.5
  774   9288 -2.510495197209426e-02 9.3e+01 2.87e-02  4e-03  6e-02 365:47.8
  782   9384 -2.510955756932933e-02 9.3e+01 2.34e-02  4e-03  4e-02 369:30.0
  790   9480 -2.511241092026244e-02 9.3e+01 1.65e-02  2e-03  3e-02 373:11.9
  798   9576 -2.511413136915311e-02 9.8e+01 1.33e-02  2e-03  2e-02 376:54.1
  800   9600 -2.511369629278583e-02 9.7e+01 1.20e-02  2e-03  2e-02 377:49.5
  808   9696 -2.511631040864112e-02 1.0e+02 1.38e-02  2e-03  3e-02 381:31.2
  816   9792 -2.511815162381601e-02 1.0e+02 1.65e-02  2e-03  3e-02 385:12.8
  824   9888 -2.512027195312970e-02 1.0e+02 1.33e-02  2e-03  2e-02 388:54.9
  832   9984 -2.512117125708107e-02 1.0e+02 1.11e-02  1e-03  2e-02 392:36.6
  840  10080 -2.512477177039237e-02 1.1e+02 1.38e-02  2e-03  2e-02 396:18.1
  848  10176 -2.512847344019110e-02 1.1e+02 1.82e-02  2e-03  3e-02 399:59.7
  856  10272 -2.513839187991190e-02 1.1e+02 2.44e-02  3e-03  4e-02 403:41.5
  864  10368 -2.514476885066347e-02 1.1e+02 3.31e-02  4e-03  6e-02 407:22.8
  872  10464 -2.514512037991080e-02 1.1e+02 4.10e-02  5e-03  8e-02 411:04.2
  880  10560 -2.515607138301851e-02 1.2e+02 4.16e-02  5e-03  8e-02 414:45.7
  888  10656 -2.516323841961693e-02 1.1e+02 2.92e-02  3e-03  6e-02 418:27.4
  896  10752 -2.517429420321930e-02 1.1e+02 2.84e-02  3e-03  5e-02 422:09.2
  900  10800 -2.517539018923057e-02 1.1e+02 2.97e-02  4e-03  6e-02 423:60.0
  908  10896 -2.518068667670145e-02 1.1e+02 2.18e-02  3e-03  4e-02 427:41.5
  916  10992 -2.518765193401720e-02 1.1e+02 2.63e-02  3e-03  5e-02 431:22.9
  924  11088 -2.520177798967329e-02 1.1e+02 3.20e-02  4e-03  6e-02 435:04.7
  932  11184 -2.521377726246710e-02 1.2e+02 3.91e-02  4e-03  7e-02 438:46.0
  940  11280 -2.523228072223206e-02 1.2e+02 5.05e-02  6e-03  9e-02 442:27.6
  948  11376 -2.522749855156398e-02 1.3e+02 5.33e-02  6e-03  9e-02 446:09.9
  956  11472 -2.525622585122761e-02 1.2e+02 4.06e-02  5e-03  7e-02 449:52.1
  964  11568 -2.525814366560167e-02 1.3e+02 3.38e-02  4e-03  5e-02 453:34.3
  973  11676 -2.526762040588334e-02 1.3e+02 3.74e-02  4e-03  6e-02 457:44.1
  982  11784 -2.527926590928670e-02 1.2e+02 3.14e-02  3e-03  5e-02 461:54.0
  991  11892 -2.528932819123811e-02 1.2e+02 3.08e-02  3e-03  4e-02 466:03.9
 1000  12000 -2.529991920672032e-02 1.1e+02 3.17e-02  3e-03  4e-02 470:13.0
Budget constraint satisfied 250.1449737548828 385.4402542114258 Difference:  135.29528045654297
Budget constraint satisfied 218.80634307861328 385.4402542114258 Difference:  166.6339111328125
two_most_probable_states: ['1000000000', '0010000100']
final_expectation_value: -0.02529991920672032
params: [-6.2294589007470735, 7.986991251250536, -3.5403740643033674, -3.583101533748649, -6.9559827047452085, 1.7465110490113969, 1.8359401654041683, -4.5922616783885655, 4.089927307302044, 8.481074899665586, 9.76603220336144, -7.396111746845981, 5.201545931390194, 7.306222927638735, -4.76256900187386, 18.288754784571253, 9.206582720362336, -1.0122492838861767, -5.137342650267698, 9.259929681284135]
total_steps: 1000
states_probs: [0.03255588608594211, 0.033039849536234234]
optimized_portfolios: [{'AAPL': 1, 'CAT': 0, 'MMM': 0, 'PG': 0, 'UNH': 0, 'WMT': 0}, {'AAPL': 0, 'CAT': 0, 'MMM': 1, 'PG': 0, 'UNH': 0, 'WMT': 1}]
objective_values: [-1.8903392762171842, -7.603100792044893]
result_with_budget: [{'portfolio': {'AAPL': 1, 'CAT': 0, 'MMM': 0, 'PG': 0, 'UNH': 0, 'WMT': 0}, 'budget': 250.1449737548828, 'difference': 135.29528045654297}, {'portfolio': {'AAPL': 0, 'CAT': 0, 'MMM': 1, 'PG': 0, 'UNH': 0, 'WMT': 1}, 'budget': 218.80634307861328, 'difference': 166.6339111328125}]
Processing experiment 334
Budget: 677.0040969848633
Expected returns: 0.2741398016404762
Covariance matrix: 0.3971527194649786
3rd-order coskewness tensor: -0.0030534889860777494
4th-order cokurtosis tensor: 5.303618666916972
Number of qubits for asset AAPL: 2
Number of qubits for asset BA: 2
Number of qubits for asset CAT: 1
Number of qubits for asset DIS: 3
Number of qubits for asset MSFT: 1
Number of qubits for asset V: 2
Total number of qubits:  11
Optimized Weights (considering variance, skewness and kurtosis):
AAPL: 25.08%
BA: 7.57%
CAT: 35.24%
DIS: 17.09%
MSFT: 15.03%
V: 0.00%
Left over budget:  65.42415614266383
Optimized Discrete Allocation:
AAPL: 1
CAT: 1
Maximized utility from continuous higher moments:  -5.944387477770337
Budget constraint satisfied 676.944091796875 677.0040969848633 Difference:  0.06000518798828125
Budget constraint satisfied 670.8014984130859 677.0040969848633 Difference:  6.202598571777344
smallest_eigenvalues: [-0.049100781945481294]
smallest_bitstrings: ['00001000010']
first_excited_energy: -0.049095462524704904
optimized_portfolio: [{'AAPL': 0, 'BA': 0, 'CAT': 1, 'DIS': 0, 'MSFT': 0, 'V': 1}]
second_optimized_portfolio: [{'AAPL': 1, 'BA': 0, 'CAT': 0, 'DIS': 0, 'MSFT': 1, 'V': 0}]
result_with_budget: [{'portfolio': {'AAPL': 0, 'BA': 0, 'CAT': 1, 'DIS': 0, 'MSFT': 0, 'V': 1}, 'budget': 676.944091796875, 'difference': 0.06000518798828125, 'objective_value': -9.071472378084994}]
result_with_budget_excited: [{'portfolio': {'AAPL': 1, 'BA': 0, 'CAT': 0, 'DIS': 0, 'MSFT': 1, 'V': 0}, 'budget': 670.8014984130859, 'difference': 6.202598571777344, 'objective_value': -13.16321153884192}]
Initial params:  [1.05167749 1.16090673 2.49720373 1.40267895 0.26578104 2.64917944
 1.63624453 2.70532972 1.48663371 2.28759881 0.06263457 2.65980795
 0.50487092 0.41240571 2.57402628 0.98723849 0.94429004 2.95830958
 3.09516886 1.95781861]
(6_w,12)-aCMA-ES (mu_w=3.7,w_1=40%) in dimension 20 (seed=239473, Sat Mar 15 21:46:35 2025)
Iterat #Fevals   function value  axis ratio  sigma  min&max std  t[m:s]
    1     12 -2.263830874704341e-02 1.0e+00 1.40e+00  1e+00  1e+00 0:42.3
    2     24 -3.621987817452838e-02 1.1e+00 1.31e+00  1e+00  1e+00 1:24.6
    3     36 -2.751730402557279e-02 1.1e+00 1.27e+00  1e+00  1e+00 2:06.9
    4     48 -2.826670024942055e-02 1.1e+00 1.22e+00  1e+00  1e+00 2:49.5
    5     60 -1.330127353346637e-02 1.2e+00 1.20e+00  1e+00  1e+00 3:32.3
    6     72 -7.118158185304618e-03 1.2e+00 1.22e+00  1e+00  1e+00 4:14.8
    7     84 -3.376458439881096e-02 1.2e+00 1.21e+00  1e+00  1e+00 4:57.4
    8     96 -3.215742398276720e-02 1.3e+00 1.22e+00  1e+00  1e+00 5:39.6
    9    108 2.982002794058349e-02 1.3e+00 1.22e+00  1e+00  1e+00 6:22.1
   10    120 -1.490016328549452e-02 1.3e+00 1.21e+00  1e+00  1e+00 7:04.9
   11    132 -1.221491388600286e-02 1.3e+00 1.22e+00  1e+00  1e+00 7:47.3
   12    144 -2.583116804476834e-02 1.4e+00 1.21e+00  1e+00  1e+00 8:29.4
   13    156 -3.552728231115795e-02 1.4e+00 1.16e+00  1e+00  1e+00 9:11.6
   14    168 -3.142618431233352e-02 1.4e+00 1.11e+00  1e+00  1e+00 9:53.6
   15    180 -1.385231190391865e-03 1.4e+00 1.10e+00  1e+00  1e+00 10:35.8
   16    192 4.305624071318209e-03 1.4e+00 1.08e+00  1e+00  1e+00 11:18.2
   17    204 -2.540227357701967e-02 1.5e+00 1.06e+00  1e+00  1e+00 12:00.5
   18    216 1.641496412150631e-02 1.5e+00 1.08e+00  1e+00  1e+00 12:42.7
   19    228 -1.658787539451789e-02 1.5e+00 1.11e+00  1e+00  1e+00 13:24.7
   20    240 -1.483845024431175e-02 1.5e+00 1.17e+00  1e+00  1e+00 14:07.2
   21    252 -1.746942477409580e-02 1.5e+00 1.23e+00  1e+00  1e+00 14:49.6
   22    264 -2.424694331400746e-02 1.5e+00 1.26e+00  1e+00  1e+00 15:32.4
   23    276 1.439917728109063e-03 1.6e+00 1.31e+00  1e+00  1e+00 16:15.2
   24    288 -2.444535167022040e-02 1.6e+00 1.35e+00  1e+00  2e+00 16:57.9
   25    300 8.403697071132374e-03 1.6e+00 1.31e+00  1e+00  1e+00 17:40.4
   26    312 -3.352491629424874e-03 1.6e+00 1.26e+00  1e+00  1e+00 18:23.0
   27    324 -6.085311813272713e-03 1.6e+00 1.23e+00  1e+00  1e+00 19:05.6
   28    336 2.862801566562844e-02 1.6e+00 1.18e+00  1e+00  1e+00 19:47.9
   29    348 -1.713782723140029e-02 1.6e+00 1.16e+00  1e+00  1e+00 20:30.0
   30    360 -3.313024911032304e-02 1.7e+00 1.18e+00  1e+00  1e+00 21:12.5
   31    372 -1.708044194007374e-02 1.7e+00 1.20e+00  1e+00  1e+00 21:55.0
   32    384 -1.777120532713794e-02 1.7e+00 1.26e+00  1e+00  1e+00 22:37.2
   33    396 -2.411000942962881e-02 1.7e+00 1.31e+00  1e+00  1e+00 23:19.7
   34    408 3.255695875282704e-03 1.7e+00 1.30e+00  1e+00  1e+00 24:02.4
   35    420 -7.306642538413557e-03 1.8e+00 1.28e+00  1e+00  1e+00 24:44.8
   36    432 5.245893664967285e-02 1.8e+00 1.23e+00  1e+00  1e+00 25:26.9
   37    444 -2.631666099572513e-02 1.8e+00 1.22e+00  1e+00  1e+00 26:09.4
   38    456 -2.270572551737651e-02 1.8e+00 1.24e+00  1e+00  1e+00 26:51.8
   39    468 -1.335637315250056e-02 1.8e+00 1.26e+00  1e+00  1e+00 27:34.4
   40    480 -2.448793186445603e-02 1.8e+00 1.29e+00  1e+00  1e+00 28:16.9
   41    492 -3.448699584785262e-02 1.8e+00 1.27e+00  1e+00  1e+00 28:59.4
   42    504 -4.923609719237864e-03 1.8e+00 1.24e+00  1e+00  1e+00 29:41.8
   43    516 -1.116594029752101e-02 1.8e+00 1.23e+00  1e+00  1e+00 30:24.3
   45    540 -8.522516538450259e-03 1.8e+00 1.28e+00  1e+00  1e+00 31:49.4
   47    564 -2.437235320481149e-03 1.8e+00 1.17e+00  1e+00  1e+00 33:14.2
   49    588 -2.628855579946007e-02 1.8e+00 1.07e+00  1e+00  1e+00 34:39.2
   51    612 2.198341155687875e-02 1.8e+00 1.03e+00  9e-01  1e+00 36:04.2
   53    636 5.815597815972772e-03 1.8e+00 1.05e+00  9e-01  1e+00 37:29.3
   55    660 1.811878306651776e-02 1.9e+00 1.01e+00  9e-01  1e+00 38:54.0
   57    684 2.405404070979821e-02 1.9e+00 9.66e-01  9e-01  1e+00 40:18.6
   59    708 2.497600248000787e-02 2.0e+00 9.51e-01  8e-01  1e+00 41:43.8
   61    732 6.643812776913054e-02 2.1e+00 9.85e-01  9e-01  1e+00 43:08.4
   63    756 -3.026433412344983e-02 2.2e+00 9.89e-01  9e-01  1e+00 44:33.5
   65    780 -3.026377790030288e-02 2.2e+00 9.28e-01  8e-01  1e+00 45:58.1
   67    804 -1.349879050564344e-03 2.3e+00 8.91e-01  8e-01  1e+00 47:23.0
   69    828 -9.379173422530755e-03 2.3e+00 9.80e-01  9e-01  1e+00 48:47.6
   71    852 -1.860374810816250e-02 2.3e+00 1.02e+00  9e-01  1e+00 50:12.6
   73    876 -1.131383568440373e-02 2.3e+00 1.03e+00  9e-01  1e+00 51:37.1
   75    900 -2.438717500085829e-02 2.3e+00 1.11e+00  1e+00  1e+00 53:02.0
   77    924 -2.776504283030264e-02 2.3e+00 1.12e+00  1e+00  1e+00 54:26.3
   79    948 2.375652934411064e-02 2.3e+00 1.12e+00  1e+00  1e+00 55:51.0
   81    972 -8.698904731241750e-03 2.4e+00 1.14e+00  1e+00  1e+00 57:15.9
   83    996 3.545873321646004e-02 2.5e+00 1.15e+00  1e+00  1e+00 58:40.7
   85   1020 -4.226791280616601e-03 2.5e+00 1.10e+00  9e-01  1e+00 60:05.3
   87   1044 -1.967089616197658e-02 2.6e+00 1.07e+00  9e-01  1e+00 61:30.0
   89   1068 -3.088166080391654e-02 2.6e+00 1.04e+00  9e-01  1e+00 62:55.0
   91   1092 4.690783054278092e-02 2.7e+00 1.00e+00  9e-01  1e+00 64:19.7
   93   1116 -2.948725364472732e-03 2.7e+00 1.05e+00  9e-01  1e+00 65:44.4
   95   1140 -1.498993954480286e-02 2.7e+00 1.03e+00  9e-01  1e+00 67:09.4
   97   1164 -1.602044307555288e-02 2.7e+00 1.01e+00  9e-01  1e+00 68:34.1
   99   1188 -2.814791797733998e-02 2.8e+00 1.01e+00  9e-01  1e+00 69:59.0
  100   1200 -2.985399607774135e-02 2.8e+00 1.04e+00  9e-01  1e+00 70:41.3
  102   1224 -2.527017116313918e-02 2.8e+00 1.08e+00  9e-01  1e+00 72:05.9
  104   1248 -1.897568101318775e-03 2.8e+00 1.07e+00  9e-01  1e+00 73:31.0
  106   1272 -9.490763121760141e-03 2.8e+00 1.03e+00  9e-01  1e+00 74:55.9
  108   1296 -1.632009184136210e-02 2.9e+00 1.06e+00  9e-01  1e+00 76:20.6
  110   1320 -1.688840403828212e-02 2.9e+00 1.10e+00  9e-01  1e+00 77:45.4
  112   1344 -1.179203637038464e-02 3.0e+00 1.16e+00  1e+00  1e+00 79:10.4
  114   1368 -2.121593576386011e-02 3.0e+00 1.17e+00  1e+00  1e+00 80:35.2
  116   1392 -1.933958897583384e-02 3.0e+00 1.20e+00  1e+00  1e+00 81:59.9
  118   1416 2.359771168720461e-02 3.0e+00 1.20e+00  1e+00  1e+00 83:24.8
  120   1440 -1.769840020243118e-02 3.0e+00 1.24e+00  1e+00  2e+00 84:49.7
  122   1464 -2.125360140519075e-02 3.0e+00 1.23e+00  1e+00  1e+00 86:14.0
  124   1488 -2.506862451169608e-02 3.1e+00 1.33e+00  1e+00  2e+00 87:38.4
  126   1512 1.161822117741090e-02 3.1e+00 1.43e+00  1e+00  2e+00 89:03.0
  129   1548 -2.743809114748735e-02 3.1e+00 1.61e+00  1e+00  2e+00 91:10.0
  132   1584 -6.110939021140609e-03 3.1e+00 1.47e+00  1e+00  2e+00 93:17.1
  135   1620 -1.312812627614381e-02 3.1e+00 1.42e+00  1e+00  2e+00 95:24.1
  138   1656 3.053545943125526e-02 3.2e+00 1.38e+00  1e+00  2e+00 97:31.0
  141   1692 -3.318791910057631e-02 3.2e+00 1.39e+00  1e+00  2e+00 99:37.9
  144   1728 -3.463559884791938e-02 3.3e+00 1.34e+00  1e+00  2e+00 101:44.9
  147   1764 4.907522511664755e-03 3.2e+00 1.35e+00  1e+00  2e+00 103:52.1
  150   1800 -2.233812111375314e-02 3.3e+00 1.43e+00  1e+00  2e+00 105:59.1
  153   1836 -9.921165185616292e-03 3.3e+00 1.48e+00  1e+00  2e+00 108:05.8
  156   1872 -1.902076336948176e-02 3.4e+00 1.22e+00  1e+00  1e+00 110:12.3
  159   1908 -1.736699655935198e-02 3.3e+00 1.16e+00  9e-01  1e+00 112:18.9
  162   1944 -1.039647527905575e-02 3.3e+00 1.17e+00  1e+00  1e+00 114:25.3
  165   1980 -3.067671586191356e-02 3.4e+00 1.30e+00  1e+00  2e+00 116:32.4
  168   2016 -1.793585604281682e-02 3.5e+00 1.40e+00  1e+00  2e+00 118:39.1
  171   2052 -6.085247089535760e-03 3.6e+00 1.45e+00  1e+00  2e+00 120:46.1
  174   2088 -2.564758839732137e-02 3.6e+00 1.36e+00  1e+00  2e+00 122:53.2
  177   2124 -2.110525602373580e-02 3.7e+00 1.30e+00  1e+00  2e+00 124:59.3
  180   2160 -1.468622107601189e-02 3.7e+00 1.27e+00  1e+00  2e+00 127:06.2
  183   2196 -1.095558253349905e-02 3.6e+00 1.24e+00  1e+00  2e+00 129:12.8
  186   2232 -3.037721146420086e-02 3.7e+00 1.17e+00  1e+00  2e+00 131:19.8
  189   2268 -1.010665542962517e-02 3.8e+00 1.27e+00  1e+00  2e+00 133:26.7
  192   2304 -2.657645770234974e-02 3.8e+00 1.28e+00  1e+00  2e+00 135:33.4
  195   2340 -1.526037311108772e-02 3.8e+00 1.13e+00  9e-01  2e+00 137:40.3
  198   2376 -2.691602345634886e-02 3.8e+00 1.05e+00  8e-01  1e+00 139:47.0
  200   2400 -2.294878057880381e-02 3.9e+00 1.03e+00  8e-01  1e+00 141:11.6
  203   2436 -2.119721475060934e-02 3.9e+00 9.69e-01  8e-01  1e+00 143:18.3
  206   2472 -2.310449424012168e-02 3.8e+00 9.70e-01  8e-01  1e+00 145:24.9
  209   2508 -7.145087331313929e-03 3.8e+00 8.67e-01  7e-01  1e+00 147:31.8
  212   2544 -2.807064721948889e-03 3.8e+00 8.51e-01  7e-01  1e+00 149:39.6
  215   2580 -2.058867723939924e-02 3.9e+00 8.66e-01  7e-01  1e+00 151:46.1
  218   2616 -1.620685555042983e-02 3.9e+00 8.71e-01  7e-01  1e+00 153:52.9
  221   2652 -2.525459731705634e-02 4.0e+00 9.06e-01  7e-01  1e+00 155:59.8
  224   2688 3.785257582094708e-03 4.0e+00 9.47e-01  7e-01  1e+00 158:06.7
  227   2724 -1.883309828941048e-02 4.1e+00 8.57e-01  7e-01  1e+00 160:13.8
  230   2760 -3.203525798255504e-02 4.1e+00 8.22e-01  6e-01  1e+00 162:20.5
  233   2796 3.068558223943555e-02 4.2e+00 8.83e-01  7e-01  1e+00 164:27.1
  236   2832 -2.042474575352465e-02 4.2e+00 9.21e-01  7e-01  1e+00 166:33.7
  239   2868 -2.435747513167746e-02 4.3e+00 9.62e-01  7e-01  1e+00 168:40.5
  242   2904 -3.205002915493270e-02 4.4e+00 8.87e-01  7e-01  1e+00 170:47.0
  245   2940 -2.892043339355024e-02 4.4e+00 8.27e-01  6e-01  1e+00 172:54.0
  248   2976 -2.886549658071296e-02 4.5e+00 8.83e-01  7e-01  1e+00 175:00.8
  251   3012 -3.573553776344539e-02 4.5e+00 9.63e-01  7e-01  1e+00 177:08.0
  255   3060 -2.693621756845046e-02 4.5e+00 9.77e-01  7e-01  1e+00 179:57.3
  259   3108 -1.907791761598090e-02 4.4e+00 9.18e-01  7e-01  1e+00 182:46.4
  263   3156 -1.481253509989764e-02 4.6e+00 8.26e-01  6e-01  1e+00 185:35.4
  267   3204 -1.603258799783940e-02 4.6e+00 7.71e-01  6e-01  1e+00 188:24.0
  271   3252 3.939046943919258e-02 4.6e+00 7.21e-01  5e-01  9e-01 191:13.2
  275   3300 -3.020054659302207e-02 4.6e+00 7.21e-01  5e-01  1e+00 194:02.6
  279   3348 2.039017423817154e-02 4.7e+00 6.38e-01  5e-01  9e-01 196:52.0
  283   3396 7.513893308707040e-02 4.7e+00 6.45e-01  5e-01  9e-01 199:41.3
  287   3444 -3.307618041718607e-02 4.8e+00 5.55e-01  4e-01  8e-01 202:30.9
  291   3492 1.679348500863415e-02 4.8e+00 5.78e-01  4e-01  8e-01 205:20.5
  295   3540 -2.527874236857202e-02 4.8e+00 5.69e-01  4e-01  8e-01 208:09.3
  299   3588 -1.011039107655235e-02 4.7e+00 5.49e-01  4e-01  7e-01 210:58.3
  300   3600 7.843480968969832e-02 4.8e+00 5.56e-01  4e-01  7e-01 211:40.9
  304   3648 -1.927988007382397e-02 5.0e+00 5.86e-01  4e-01  8e-01 214:30.5
  308   3696 -1.775193922948509e-02 5.0e+00 5.79e-01  4e-01  8e-01 217:20.1
  312   3744 1.428512306424967e-02 5.1e+00 5.76e-01  4e-01  8e-01 220:09.7
  316   3792 -2.056091233339966e-02 5.3e+00 5.25e-01  4e-01  7e-01 222:58.8
  320   3840 -2.524006757142636e-03 5.3e+00 5.30e-01  4e-01  7e-01 225:48.1
  324   3888 -1.954707831288233e-02 5.4e+00 5.27e-01  4e-01  7e-01 228:37.4
  328   3936 -1.654172180574313e-02 5.4e+00 5.09e-01  4e-01  7e-01 231:27.2
  332   3984 -9.994250056031632e-03 5.4e+00 4.60e-01  3e-01  6e-01 234:17.2
  336   4032 -4.038248066128240e-03 5.5e+00 4.26e-01  3e-01  6e-01 237:06.4
  340   4080 -2.847705332658277e-02 5.6e+00 3.55e-01  3e-01  5e-01 239:56.2
  344   4128 -2.878488695629867e-02 5.7e+00 3.23e-01  2e-01  4e-01 242:45.7
  348   4176 -1.697280272339979e-02 5.9e+00 2.79e-01  2e-01  4e-01 245:35.6
  352   4224 -3.282375967618548e-02 6.0e+00 2.76e-01  2e-01  4e-01 248:25.1
  356   4272 -2.604568754104803e-02 5.9e+00 2.61e-01  2e-01  3e-01 251:14.5
  360   4320 -2.606778781397353e-02 6.1e+00 2.45e-01  2e-01  3e-01 254:04.7
  364   4368 -3.209633508628058e-02 6.2e+00 2.58e-01  2e-01  3e-01 256:54.1
  368   4416 -2.953250638666120e-02 6.3e+00 2.50e-01  2e-01  3e-01 259:43.7
  372   4464 -3.034575414905771e-02 6.4e+00 2.52e-01  2e-01  3e-01 262:33.6
  376   4512 -3.180901097960492e-02 6.5e+00 2.39e-01  2e-01  3e-01 265:23.0
  380   4560 -3.714540880151657e-02 6.4e+00 2.43e-01  2e-01  3e-01 268:13.1
  384   4608 -3.804250258919722e-02 6.5e+00 2.12e-01  2e-01  3e-01 271:02.7
  388   4656 -3.417838938455522e-02 6.5e+00 1.86e-01  1e-01  2e-01 273:52.6
  392   4704 -3.737690228807602e-02 6.5e+00 1.63e-01  1e-01  2e-01 276:42.4
  396   4752 -3.855686083959374e-02 6.4e+00 1.31e-01  9e-02  2e-01 279:32.7
  400   4800 -3.880723913711925e-02 6.5e+00 1.13e-01  8e-02  1e-01 282:22.7
  404   4848 -4.074974388461521e-02 6.7e+00 1.06e-01  7e-02  1e-01 285:12.5
  408   4896 -4.087531859442925e-02 6.6e+00 9.74e-02  6e-02  1e-01 288:02.5
  412   4944 -4.028357123761575e-02 6.6e+00 9.65e-02  6e-02  1e-01 290:52.7
  416   4992 -4.057169615391405e-02 6.6e+00 8.68e-02  6e-02  1e-01 293:42.2
  420   5040 -4.044916736780323e-02 6.8e+00 8.24e-02  5e-02  9e-02 296:32.3
  425   5100 -4.023746876301830e-02 6.9e+00 7.13e-02  4e-02  8e-02 300:04.9
  430   5160 -4.120388087237872e-02 7.0e+00 6.26e-02  4e-02  7e-02 303:37.8
  435   5220 -4.122945680014791e-02 7.4e+00 6.28e-02  4e-02  7e-02 307:10.6
  440   5280 -4.117042748527595e-02 7.6e+00 5.40e-02  4e-02  6e-02 310:43.1
  445   5340 -4.154318889428454e-02 7.7e+00 4.63e-02  3e-02  5e-02 314:15.0
  450   5400 -4.165404894797723e-02 8.0e+00 3.82e-02  3e-02  4e-02 317:47.1
  455   5460 -4.167229825392529e-02 8.3e+00 3.64e-02  2e-02  4e-02 321:19.6
  460   5520 -4.180232977546534e-02 8.8e+00 3.96e-02  3e-02  4e-02 324:51.9
  465   5580 -4.191572952550821e-02 9.3e+00 3.52e-02  2e-02  4e-02 328:24.8
  470   5640 -4.190741406620713e-02 1.0e+01 3.16e-02  2e-02  3e-02 331:57.3
  475   5700 -4.190934687058968e-02 1.0e+01 3.17e-02  2e-02  4e-02 335:29.6
  480   5760 -4.200552099954281e-02 1.1e+01 3.39e-02  2e-02  4e-02 339:01.8
  485   5820 -4.201494657442494e-02 1.2e+01 3.86e-02  2e-02  5e-02 342:34.0
  490   5880 -4.201753954029689e-02 1.2e+01 3.21e-02  2e-02  4e-02 346:06.3
  495   5940 -4.210542128160041e-02 1.3e+01 2.72e-02  2e-02  3e-02 349:38.0
  500   6000 -4.213426519057618e-02 1.3e+01 2.62e-02  1e-02  3e-02 353:10.2
  505   6060 -4.218014693739976e-02 1.3e+01 2.38e-02  1e-02  3e-02 356:42.4
  510   6120 -4.223088097483686e-02 1.4e+01 2.66e-02  1e-02  3e-02 360:14.8
  515   6180 -4.225312180625178e-02 1.4e+01 2.43e-02  1e-02  3e-02 363:46.5
  520   6240 -4.232744210767675e-02 1.6e+01 2.75e-02  1e-02  3e-02 367:17.8
  525   6300 -4.239287991163913e-02 1.7e+01 3.37e-02  2e-02  4e-02 370:50.0
  530   6360 -4.249293203974968e-02 1.8e+01 3.95e-02  2e-02  6e-02 374:22.3
  535   6420 -4.267728894839622e-02 1.9e+01 4.24e-02  2e-02  6e-02 377:53.4
  540   6480 -4.283975716442284e-02 2.2e+01 5.00e-02  2e-02  9e-02 381:25.7
  545   6540 -4.290261357710607e-02 2.6e+01 6.20e-02  3e-02  1e-01 384:57.9
  550   6600 -4.290640912416749e-02 2.8e+01 6.23e-02  3e-02  1e-01 388:30.3
  555   6660 -4.298463458077380e-02 2.9e+01 5.90e-02  3e-02  1e-01 392:02.1
  560   6720 -4.320424794729872e-02 3.1e+01 5.47e-02  2e-02  1e-01 395:33.5
  565   6780 -4.329241391897172e-02 3.2e+01 4.89e-02  2e-02  1e-01 399:05.5
  570   6840 -4.331848223369743e-02 3.3e+01 4.86e-02  2e-02  1e-01 402:38.0
  575   6900 -4.333329075858194e-02 3.4e+01 4.64e-02  2e-02  1e-01 406:10.3
  580   6960 -4.342626668519951e-02 3.5e+01 4.18e-02  2e-02  1e-01 409:42.5
  585   7020 -4.350254988767948e-02 3.7e+01 4.71e-02  2e-02  1e-01 413:14.2
  590   7080 -4.358061452360854e-02 3.9e+01 5.64e-02  2e-02  1e-01 416:46.3
  595   7140 -4.355625619939032e-02 3.9e+01 6.57e-02  2e-02  2e-01 420:17.9
  600   7200 -4.345659797994117e-02 4.1e+01 6.16e-02  2e-02  2e-01 423:49.7
  605   7260 -4.359424094785200e-02 4.3e+01 5.91e-02  2e-02  2e-01 427:21.8
  610   7320 -4.363918854151941e-02 4.6e+01 5.22e-02  2e-02  1e-01 430:54.1
  615   7380 -4.371496195546172e-02 4.8e+01 4.99e-02  2e-02  1e-01 434:26.5
  620   7440 -4.372646875965066e-02 4.9e+01 4.84e-02  2e-02  1e-01 437:59.2
  625   7500 -4.377488150242680e-02 4.9e+01 4.72e-02  1e-02  1e-01 441:31.4
  630   7560 -4.377558545041348e-02 5.2e+01 4.95e-02  1e-02  1e-01 445:03.7
  635   7620 -4.375821352641929e-02 5.3e+01 5.41e-02  2e-02  1e-01 448:36.5
  641   7692 -4.379254638318955e-02 5.5e+01 5.15e-02  1e-02  1e-01 452:50.6
  647   7764 -4.379806118622295e-02 6.0e+01 5.14e-02  1e-02  1e-01 457:06.0
  653   7836 -4.385942463201489e-02 6.1e+01 5.65e-02  2e-02  2e-01 461:21.3
  659   7908 -4.390049683866107e-02 6.3e+01 5.94e-02  2e-02  2e-01 465:36.2
  665   7980 -4.391321416762707e-02 6.5e+01 6.75e-02  2e-02  2e-01 469:50.7
  671   8052 -4.398960148095563e-02 6.7e+01 6.19e-02  2e-02  2e-01 474:06.0
  677   8124 -4.403416773588181e-02 6.9e+01 5.56e-02  1e-02  2e-01 478:20.5
  683   8196 -4.406758417356358e-02 6.9e+01 5.21e-02  1e-02  1e-01 482:35.0
  689   8268 -4.410529370085629e-02 7.0e+01 5.61e-02  1e-02  1e-01 486:50.2
  695   8340 -4.410484660937233e-02 6.9e+01 6.01e-02  1e-02  2e-01 491:04.9
  700   8400 -4.419513234728482e-02 7.1e+01 5.41e-02  1e-02  1e-01 494:37.3
  706   8472 -4.420609396642031e-02 7.4e+01 5.35e-02  1e-02  1e-01 498:52.4
  712   8544 -4.422174753362127e-02 7.5e+01 6.24e-02  1e-02  2e-01 503:06.8
  718   8616 -4.426161104177472e-02 7.6e+01 5.65e-02  1e-02  1e-01 507:20.8
  724   8688 -4.426723354163683e-02 7.7e+01 5.57e-02  1e-02  1e-01 511:35.2
  730   8760 -4.426285117338743e-02 8.0e+01 5.20e-02  1e-02  1e-01 515:49.7
  736   8832 -4.432583747610875e-02 8.4e+01 4.63e-02  9e-03  1e-01 520:04.1
  742   8904 -4.433412140952264e-02 8.0e+01 4.36e-02  9e-03  1e-01 524:18.5
  748   8976 -4.433861120040741e-02 8.2e+01 4.21e-02  8e-03  9e-02 528:32.6
  754   9048 -4.434851261444864e-02 8.3e+01 4.71e-02  9e-03  1e-01 532:46.9
  760   9120 -4.435248749174636e-02 8.9e+01 4.72e-02  9e-03  1e-01 537:01.5
  766   9192 -4.436383301264137e-02 9.4e+01 4.08e-02  8e-03  9e-02 541:16.5
  772   9264 -4.435919407090488e-02 9.8e+01 3.75e-02  7e-03  9e-02 545:31.0
  778   9336 -4.436931535454386e-02 1.0e+02 2.89e-02  5e-03  6e-02 549:45.4
  784   9408 -4.437186248720083e-02 1.0e+02 2.41e-02  4e-03  5e-02 553:59.9
  790   9480 -4.437229693069292e-02 1.0e+02 2.42e-02  4e-03  5e-02 558:14.6
  796   9552 -4.438034371710838e-02 1.0e+02 2.86e-02  5e-03  6e-02 562:28.4
  800   9600 -4.437877400554639e-02 1.0e+02 2.95e-02  5e-03  6e-02 565:18.0
  806   9672 -4.438889156238322e-02 1.1e+02 3.01e-02  5e-03  6e-02 569:33.4
  812   9744 -4.439233119111786e-02 1.1e+02 3.38e-02  6e-03  7e-02 573:48.2
  818   9816 -4.439979319291403e-02 1.1e+02 3.40e-02  6e-03  7e-02 578:02.7
  824   9888 -4.440982658466971e-02 1.2e+02 3.40e-02  6e-03  7e-02 582:17.5
  830   9960 -4.441961582439705e-02 1.2e+02 3.95e-02  7e-03  8e-02 586:32.1
  836  10032 -4.444486104271219e-02 1.2e+02 4.96e-02  9e-03  1e-01 590:45.9
  842  10104 -4.445770248789414e-02 1.2e+02 5.66e-02  1e-02  1e-01 595:00.5
  848  10176 -4.450015136396039e-02 1.3e+02 6.56e-02  1e-02  1e-01 599:14.6
  854  10248 -4.451714300781676e-02 1.2e+02 7.31e-02  1e-02  1e-01 604:14.6
  859  10308 -4.455372768404070e-02 1.3e+02 7.62e-02  1e-02  2e-01 609:08.3
  864  10368 -4.454084721824109e-02 1.3e+02 7.56e-02  1e-02  2e-01 614:06.0
  869  10428 -4.456055671497858e-02 1.3e+02 6.35e-02  1e-02  1e-01 619:01.5
  874  10488 -4.458055845877226e-02 1.3e+02 5.27e-02  8e-03  1e-01 623:56.1
  879  10548 -4.459398965038765e-02 1.3e+02 4.91e-02  8e-03  1e-01 628:58.5
  884  10608 -4.460857193211942e-02 1.3e+02 4.95e-02  8e-03  1e-01 634:01.6
  889  10668 -4.460985637908506e-02 1.4e+02 5.71e-02  8e-03  1e-01 639:02.2
  894  10728 -4.460966982829246e-02 1.5e+02 5.43e-02  8e-03  1e-01 644:00.9
  899  10788 -4.460943379754694e-02 1.4e+02 4.45e-02  6e-03  9e-02 648:54.5
  900  10800 -4.461088948020196e-02 1.5e+02 4.34e-02  6e-03  9e-02 649:54.7
  905  10860 -4.462067155751856e-02 1.5e+02 3.74e-02  5e-03  8e-02 654:55.1
  910  10920 -4.462477027452822e-02 1.6e+02 3.92e-02  5e-03  8e-02 659:57.7
  915  10980 -4.463344703387880e-02 1.7e+02 4.29e-02  6e-03  1e-01 664:53.2
  920  11040 -4.464256795897729e-02 1.7e+02 3.94e-02  5e-03  9e-02 669:52.7
  925  11100 -4.463868738963389e-02 1.6e+02 3.26e-02  4e-03  7e-02 674:54.2
  930  11160 -4.464331946134581e-02 1.7e+02 2.82e-02  4e-03  6e-02 679:58.9
  935  11220 -4.464976800943481e-02 1.8e+02 3.40e-02  4e-03  8e-02 684:53.4
  940  11280 -4.465374832187891e-02 1.8e+02 3.20e-02  4e-03  8e-02 689:45.4
  945  11340 -4.465258278903263e-02 1.8e+02 2.88e-02  4e-03  7e-02 694:47.0
  950  11400 -4.465882836175396e-02 1.9e+02 2.81e-02  3e-03  7e-02 699:49.5
  955  11460 -4.465968424098400e-02 2.0e+02 2.87e-02  3e-03  7e-02 704:48.2
  960  11520 -4.466681729020645e-02 2.1e+02 2.83e-02  3e-03  7e-02 709:50.4
  965  11580 -4.467219117941475e-02 2.2e+02 3.48e-02  4e-03  9e-02 714:53.5
  970  11640 -4.467558667443209e-02 2.4e+02 3.79e-02  4e-03  1e-01 719:52.4
  975  11700 -4.467921352165968e-02 2.5e+02 4.06e-02  5e-03  1e-01 724:46.7
  980  11760 -4.468790066567269e-02 2.6e+02 4.75e-02  6e-03  1e-01 729:44.2
  985  11820 -4.469376776538442e-02 2.7e+02 5.63e-02  7e-03  2e-01 734:47.5
  990  11880 -4.471010777078746e-02 2.8e+02 5.22e-02  6e-03  2e-01 739:49.8
  995  11940 -4.471286277574128e-02 2.9e+02 5.11e-02  6e-03  2e-01 744:47.7
 1000  12000 -4.471798915509725e-02 3.0e+02 5.53e-02  6e-03  2e-01 749:48.3
Budget constraint satisfied 538.4949722290039 677.0040969848633 Difference:  138.50912475585938
Budget constraint satisfied 511.0499954223633 677.0040969848633 Difference:  165.9541015625
two_most_probable_states: ['10100100000', '00100110000']
final_expectation_value: -0.04472214239361963
params: [-4.819523314291422, 6.46382862631135, -7.035533373469064, -3.194893059963571, 12.139627956527079, -4.588524208724305, -1.533571170224275, 4.686276101130695, -1.6130400962542142, -8.024978310708255, 7.742546797456138, 8.584552093179596, -9.651083598150143, -2.716474389689454, 18.259580258043528, 5.334473245366424, 0.5388022113024352, 5.6231729146326215, -8.005589286232347, 22.182191695934296]
total_steps: 1000
states_probs: [0.01634449242870533, 0.016926730513917097]
optimized_portfolios: [{'AAPL': 1, 'BA': 1, 'CAT': 0, 'DIS': 1, 'MSFT': 0, 'V': 0}, {'AAPL': 0, 'BA': 1, 'CAT': 0, 'DIS': 3, 'MSFT': 0, 'V': 0}]
objective_values: [-38.21346864044942, -218.57526418049082]
result_with_budget: [{'portfolio': {'AAPL': 1, 'BA': 1, 'CAT': 0, 'DIS': 1, 'MSFT': 0, 'V': 0}, 'budget': 538.4949722290039, 'difference': 138.50912475585938}, {'portfolio': {'AAPL': 0, 'BA': 1, 'CAT': 0, 'DIS': 3, 'MSFT': 0, 'V': 0}, 'budget': 511.0499954223633, 'difference': 165.9541015625}]
Processing experiment 335
Budget: 437.4383544921875
Expected returns: 0.2741398016404762
Covariance matrix: 0.38289646561396123
3rd-order coskewness tensor: -0.0030534889860777494
4th-order cokurtosis tensor: 5.303618666916972
Number of qubits for asset AAPL: 1
Number of qubits for asset CAT: 1
Number of qubits for asset HON: 1
Number of qubits for asset JPM: 1
Number of qubits for asset MRK: 3
Number of qubits for asset WMT: 3
Total number of qubits:  10
Optimized Weights (considering variance, skewness and kurtosis):
AAPL: 19.58%
CAT: 29.91%
HON: 0.00%
JPM: 0.00%
MRK: 25.11%
WMT: 25.39%
Left over budget:  57.778350824125596
Optimized Discrete Allocation:
MRK: 2
WMT: 2
Maximized utility from continuous higher moments:  -68.5101370043658
Budget constraint not satisfied 439.9749755859375 437.4383544921875 Difference:  -2.53662109375
Budget constraint satisfied 437.4383544921875 437.4383544921875 Difference:  0.0
smallest_eigenvalues: [-0.05176985770048686]
smallest_bitstrings: ['1000100100']
first_excited_energy: -0.051752157074928945
optimized_portfolio: [{'AAPL': 1, 'CAT': 0, 'HON': 0, 'JPM': 0, 'MRK': 1, 'WMT': 1}]
second_optimized_portfolio: [{'AAPL': 0, 'CAT': 0, 'HON': 0, 'JPM': 1, 'MRK': 2, 'WMT': 0}]
result_with_budget: [{'portfolio': {'AAPL': 1, 'CAT': 0, 'HON': 0, 'JPM': 0, 'MRK': 1, 'WMT': 1}, 'budget': 439.9749755859375, 'difference': -2.53662109375, 'objective_value': -10.328960737480271}]
result_with_budget_excited: [{'portfolio': {'AAPL': 0, 'CAT': 0, 'HON': 0, 'JPM': 1, 'MRK': 2, 'WMT': 0}, 'budget': 437.4383544921875, 'difference': 0.0, 'objective_value': -36.7190815200936}]
Initial params:  [2.96632341 2.4260485  0.3563317  1.8674601  1.42157311 0.51714052
 1.75426297 1.7094398  2.40504266 0.77000624 1.01060989 2.12660299
 2.48956464 0.02982754 2.00273044 0.1875981  0.16768151 1.0637695
 0.46640233 1.6196252 ]
(6_w,12)-aCMA-ES (mu_w=3.7,w_1=40%) in dimension 20 (seed=283747, Sun Mar 16 10:17:33 2025)
Iterat #Fevals   function value  axis ratio  sigma  min&max std  t[m:s]
    1     12 9.940458552760694e-03 1.0e+00 1.40e+00  1e+00  1e+00 0:38.1
    2     24 1.255286914536156e-02 1.1e+00 1.30e+00  1e+00  1e+00 1:16.6
    3     36 3.429716423143981e-02 1.1e+00 1.28e+00  1e+00  1e+00 1:54.4
    4     48 1.316855396797788e-02 1.2e+00 1.27e+00  1e+00  1e+00 2:32.5
    5     60 -1.004847922939013e-02 1.2e+00 1.26e+00  1e+00  1e+00 3:10.1
    6     72 -1.413767699553393e-02 1.2e+00 1.26e+00  1e+00  1e+00 3:47.3
    7     84 -2.538768465726833e-02 1.3e+00 1.28e+00  1e+00  1e+00 4:25.3
    8     96 -2.521425787761516e-02 1.3e+00 1.31e+00  1e+00  1e+00 5:02.4
    9    108 3.845823246640906e-02 1.3e+00 1.35e+00  1e+00  1e+00 5:40.0
   10    120 -7.743729053074981e-03 1.3e+00 1.34e+00  1e+00  1e+00 6:18.4
   11    132 -3.338353405870789e-02 1.3e+00 1.34e+00  1e+00  1e+00 6:56.1
   12    144 -1.367038888951056e-02 1.4e+00 1.38e+00  1e+00  1e+00 7:33.7
   13    156 -4.595967284875088e-03 1.4e+00 1.43e+00  1e+00  1e+00 8:11.6
   14    168 7.394599884087725e-03 1.4e+00 1.47e+00  1e+00  2e+00 8:49.3
   15    180 -1.386436227706365e-02 1.5e+00 1.53e+00  1e+00  2e+00 9:27.4
   16    192 2.438912437392199e-02 1.5e+00 1.53e+00  1e+00  2e+00 10:05.4
   17    204 -1.518992856008379e-02 1.5e+00 1.54e+00  1e+00  2e+00 10:42.9
   18    216 -3.093630791370945e-03 1.6e+00 1.52e+00  1e+00  2e+00 11:20.5
   19    228 -3.015031372401553e-02 1.6e+00 1.47e+00  1e+00  2e+00 11:57.9
   20    240 -1.556438315907626e-02 1.6e+00 1.45e+00  1e+00  2e+00 12:35.4
   21    252 2.691528114289377e-02 1.6e+00 1.44e+00  1e+00  2e+00 13:13.1
   22    264 2.264831162391097e-02 1.6e+00 1.44e+00  1e+00  2e+00 13:51.0
   23    276 3.844300504264743e-02 1.6e+00 1.44e+00  1e+00  2e+00 14:28.7
   24    288 -1.777046337148470e-03 1.6e+00 1.39e+00  1e+00  1e+00 15:06.7
   25    300 -2.021218693980766e-02 1.6e+00 1.40e+00  1e+00  1e+00 15:44.5
   26    312 2.762178634271863e-02 1.6e+00 1.43e+00  1e+00  2e+00 16:22.1
   27    324 -1.417892300697672e-02 1.7e+00 1.45e+00  1e+00  2e+00 17:00.1
   28    336 5.120101830775710e-03 1.7e+00 1.49e+00  1e+00  2e+00 17:37.8
   29    348 -3.023599605597770e-02 1.7e+00 1.54e+00  1e+00  2e+00 18:15.7
   30    360 -5.469315717648941e-03 1.7e+00 1.56e+00  1e+00  2e+00 18:52.4
   31    372 -2.034403040571310e-02 1.7e+00 1.56e+00  1e+00  2e+00 19:29.9
   32    384 -1.767769867230926e-02 1.7e+00 1.57e+00  1e+00  2e+00 20:07.0
   33    396 -1.242361237890979e-02 1.7e+00 1.59e+00  1e+00  2e+00 20:44.7
   34    408 -1.019391530701048e-02 1.7e+00 1.66e+00  2e+00  2e+00 21:21.9
   35    420 9.204054782739326e-03 1.8e+00 1.67e+00  2e+00  2e+00 21:59.0
   36    432 3.533765507055611e-02 1.8e+00 1.68e+00  2e+00  2e+00 22:35.6
   37    444 -1.883199784815977e-02 1.8e+00 1.75e+00  2e+00  2e+00 23:11.9
   38    456 7.376319646105743e-03 1.8e+00 1.77e+00  2e+00  2e+00 23:48.9
   40    480 1.323805902654966e-01 1.9e+00 1.78e+00  2e+00  2e+00 25:02.0
   42    504 -2.666858831284097e-02 1.9e+00 1.79e+00  2e+00  2e+00 26:16.5
   44    528 -2.426992138113072e-02 2.0e+00 1.76e+00  2e+00  2e+00 27:31.1
   46    552 -2.882230901907808e-02 2.0e+00 1.77e+00  2e+00  2e+00 28:45.9
   48    576 2.261501892129649e-03 2.0e+00 1.79e+00  2e+00  2e+00 30:00.7
   50    600 -2.246187712411212e-02 2.1e+00 1.78e+00  2e+00  2e+00 31:14.7
   52    624 -2.304301645877166e-02 2.1e+00 1.76e+00  2e+00  2e+00 32:28.6
   54    648 -1.778717587299261e-02 2.1e+00 1.83e+00  2e+00  2e+00 33:43.3
   56    672 5.332713444916324e-03 2.2e+00 1.79e+00  2e+00  2e+00 34:57.8
   58    696 5.816325859088246e-03 2.2e+00 1.73e+00  1e+00  2e+00 36:09.4
   60    720 -2.167504805769598e-02 2.3e+00 1.79e+00  2e+00  2e+00 37:09.8
   62    744 -1.864197491169798e-02 2.3e+00 1.95e+00  2e+00  2e+00 38:10.3
   64    768 -1.952196584360550e-02 2.3e+00 2.04e+00  2e+00  2e+00 39:10.7
   66    792 -1.346874323979203e-02 2.3e+00 2.16e+00  2e+00  2e+00 40:11.3
   68    816 2.490288083694638e-02 2.3e+00 2.28e+00  2e+00  3e+00 41:11.6
   70    840 3.306394333807163e-02 2.3e+00 2.50e+00  2e+00  3e+00 42:11.9
   72    864 -2.241043664355810e-02 2.4e+00 2.59e+00  2e+00  3e+00 43:13.7
   74    888 -2.035381690978870e-02 2.4e+00 2.69e+00  2e+00  3e+00 44:14.6
   76    912 2.754114014685404e-02 2.4e+00 2.79e+00  2e+00  3e+00 45:16.3
   78    936 3.066335137002770e-02 2.5e+00 2.87e+00  2e+00  3e+00 46:17.2
   80    960 8.260224201781496e-02 2.6e+00 2.96e+00  3e+00  3e+00 47:18.9
   82    984 2.824854797490637e-02 2.7e+00 2.87e+00  2e+00  3e+00 48:19.6
   84   1008 2.283671302031073e-02 2.7e+00 2.72e+00  2e+00  3e+00 49:21.5
   86   1032 1.994630119768761e-03 2.6e+00 2.54e+00  2e+00  3e+00 50:23.0
   89   1068 -2.024341027547825e-02 2.6e+00 2.48e+00  2e+00  3e+00 51:55.5
   92   1104 1.558976730290582e-02 2.7e+00 2.29e+00  2e+00  3e+00 53:28.0
   95   1140 2.031516353172993e-02 2.8e+00 2.09e+00  2e+00  2e+00 55:00.4
   98   1176 -9.292481433903162e-03 2.8e+00 2.03e+00  2e+00  2e+00 56:32.9
  100   1200 3.930263802748012e-02 2.8e+00 1.93e+00  2e+00  2e+00 57:33.9
  103   1236 1.731906517922054e-02 2.8e+00 1.90e+00  2e+00  2e+00 59:05.7
  106   1272 -2.040048092073200e-03 2.8e+00 1.73e+00  1e+00  2e+00 60:38.0
