Running job array 73 on pe73.int.triton.aalto.fi
Starting at Fri Mar 21 18:09:47 EET 2025
Activating virtual environment at /scratch/work/uotilav2/quantum-portfolio/venv
Processing batch 74/100: experiments 73 to 73 (total 1)
Processing experiment 73
Budget: 527
YF.download() has changed argument auto_adjust default to True
Number of qubits for asset AXP: 1
Number of qubits for asset BA: 2
Number of qubits for asset CAT: 1
Number of qubits for asset NKE: 3
Number of qubits for asset WBA: 6
Total number of qubits:  13
Optimized Weights (considering variance, skewness and kurtosis):
AXP: 10.51%
BA: 0.00%
CAT: 89.49%
NKE: 0.00%
WBA: 0.00%
Left over budget:  100.25503341254034
Optimized Discrete Allocation:
CAT: 1
WBA: 7
Maximized utility from continuous higher moments:  -110.50591707551683
Budget constraint satisfied 524.8057308197021 527 Difference:  2.1942691802978516
Budget constraint not satisfied 529.0738410949707 527 Difference:  -2.073841094970703
smallest_eigenvalues: [-0.09411469979152151]
smallest_bitstrings: ['0100001101000']
first_excited_energy: -0.09411336329606239
optimized_portfolio: [{'AXP': 0, 'BA': 1, 'CAT': 0, 'NKE': 4, 'WBA': 5}]
second_optimized_portfolio: [{'AXP': 1, 'BA': 1, 'CAT': 0, 'NKE': 0, 'WBA': 6}]
result_with_budget: [{'portfolio': {'AXP': 0, 'BA': 1, 'CAT': 0, 'NKE': 4, 'WBA': 5}, 'budget': 524.8057308197021, 'difference': 2.1942691802978516, 'objective_value': -14.148726271643902}]
result_with_budget_excited: [{'portfolio': {'AXP': 1, 'BA': 1, 'CAT': 0, 'NKE': 0, 'WBA': 6}, 'budget': 529.0738410949707, 'difference': -2.073841094970703, 'objective_value': -64.67333655598486}]
Initial params:  [2.51063067 1.44978017 2.45210473 0.37157007 2.01037118 0.45035763
 2.96776493 1.63943485 1.3026989  0.83112597 2.43232687 1.43303853
 1.78578792 0.0590299  1.94035914 1.92295543 1.93815531 2.96487203
 2.14200164 1.12942738]
(6_w,12)-aCMA-ES (mu_w=3.7,w_1=40%) in dimension 20 (seed=693448, Fri Mar 21 18:14:21 2025)
Iterat #Fevals   function value  axis ratio  sigma  min&max std  t[m:s]
    1     12 -4.745322621677850e-02 1.0e+00 9.60e-02  1e-01  1e-01 1:32.5
    2     24 -5.737402862528962e-02 1.1e+00 9.60e-02  1e-01  1e-01 3:04.5
    3     36 -6.542335547263990e-02 1.2e+00 9.95e-02  1e-01  1e-01 4:36.4
    4     48 -6.415165695022081e-02 1.2e+00 1.04e-01  1e-01  1e-01 6:08.1
    5     60 -6.781171805169624e-02 1.3e+00 1.09e-01  1e-01  1e-01 7:39.5
    6     72 -6.631515062551570e-02 1.3e+00 1.12e-01  1e-01  1e-01 9:11.5
    7     84 -6.958499275813700e-02 1.4e+00 1.17e-01  1e-01  1e-01 10:43.5
    8     96 -7.208936476327053e-02 1.5e+00 1.22e-01  1e-01  1e-01 12:14.9
    9    108 -7.050669507895334e-02 1.5e+00 1.30e-01  1e-01  1e-01 13:46.8
   10    120 -7.000738512075072e-02 1.6e+00 1.30e-01  1e-01  1e-01 15:18.5
   11    132 -7.133786876093139e-02 1.7e+00 1.32e-01  1e-01  1e-01 16:50.6
   12    144 -6.314880710865699e-02 1.7e+00 1.31e-01  1e-01  1e-01 18:22.6
   13    156 -7.200931310367732e-02 1.7e+00 1.26e-01  1e-01  1e-01 19:54.1
   14    168 -6.746742480337801e-02 1.7e+00 1.27e-01  1e-01  1e-01 21:26.3
   15    180 -7.038773455414722e-02 1.7e+00 1.29e-01  1e-01  1e-01 22:57.9
   16    192 -7.160647182930859e-02 1.7e+00 1.30e-01  1e-01  1e-01 24:29.5
   17    204 -6.816383345158174e-02 1.8e+00 1.28e-01  1e-01  1e-01 26:01.3
   18    216 -6.928594551984792e-02 1.8e+00 1.26e-01  1e-01  1e-01 27:32.8
   19    228 -7.117388007793952e-02 1.8e+00 1.22e-01  1e-01  1e-01 29:04.6
   20    240 -6.876752089993299e-02 1.9e+00 1.25e-01  1e-01  1e-01 30:36.4
   21    252 -7.306234459399191e-02 1.9e+00 1.24e-01  1e-01  1e-01 32:08.0
   22    264 -7.116940873518329e-02 2.0e+00 1.23e-01  1e-01  1e-01 33:39.7
   23    276 -7.515492518077137e-02 2.0e+00 1.22e-01  1e-01  1e-01 35:11.3
   24    288 -7.119472784204692e-02 2.0e+00 1.19e-01  1e-01  1e-01 36:42.9
   25    300 -7.527166681391928e-02 2.1e+00 1.12e-01  1e-01  1e-01 38:15.2
   26    312 -7.493364712099530e-02 2.1e+00 1.09e-01  9e-02  1e-01 39:46.5
   27    324 -7.228285215196498e-02 2.1e+00 1.08e-01  9e-02  1e-01 41:18.1
   28    336 -7.272441397413153e-02 2.1e+00 1.07e-01  9e-02  1e-01 42:49.5
   29    348 -7.460913453259313e-02 2.2e+00 1.06e-01  9e-02  1e-01 44:21.5
   30    360 -7.361570237106596e-02 2.2e+00 1.04e-01  9e-02  1e-01 45:53.4
   31    372 -7.422175906980562e-02 2.3e+00 9.95e-02  8e-02  1e-01 47:25.2
   32    384 -7.504967970347334e-02 2.4e+00 9.45e-02  8e-02  1e-01 48:57.4
   33    396 -7.389565043582400e-02 2.4e+00 9.28e-02  8e-02  1e-01 50:29.2
   34    408 -7.276572881644806e-02 2.4e+00 9.33e-02  8e-02  1e-01 52:01.1
   35    420 -7.374866030114492e-02 2.4e+00 9.40e-02  8e-02  1e-01 53:32.4
   36    432 -7.006654243833686e-02 2.4e+00 9.25e-02  8e-02  1e-01 55:01.7
   37    444 -7.443658561587448e-02 2.5e+00 9.28e-02  8e-02  1e-01 56:30.2
   38    456 -7.415174281398136e-02 2.5e+00 9.36e-02  8e-02  1e-01 57:58.9
   39    468 -7.340093861424414e-02 2.5e+00 9.46e-02  8e-02  1e-01 59:27.0
   40    480 -7.468987197615652e-02 2.6e+00 9.39e-02  8e-02  1e-01 60:55.5
   41    492 -7.115486793579942e-02 2.6e+00 9.29e-02  8e-02  1e-01 62:23.8
   42    504 -7.397913390088845e-02 2.6e+00 9.23e-02  8e-02  1e-01 63:52.3
   43    516 -7.417758173081811e-02 2.6e+00 8.62e-02  7e-02  1e-01 65:20.6
   44    528 -7.219139281401726e-02 2.6e+00 8.06e-02  6e-02  9e-02 66:48.8
   45    540 -7.440462837504823e-02 2.6e+00 7.63e-02  6e-02  9e-02 68:17.3
   46    552 -7.318643313144463e-02 2.6e+00 7.02e-02  6e-02  8e-02 69:45.9
   47    564 -7.477721079841497e-02 2.7e+00 6.69e-02  5e-02  8e-02 71:14.3
   48    576 -7.417251148139237e-02 2.8e+00 6.44e-02  5e-02  7e-02 72:42.7
   49    588 -7.425455227569723e-02 2.8e+00 6.27e-02  5e-02  7e-02 74:10.6
   50    600 -7.430794989678066e-02 2.8e+00 5.96e-02  5e-02  7e-02 75:38.5
   51    612 -7.434043139023093e-02 2.8e+00 5.73e-02  4e-02  6e-02 77:07.8
   52    624 -7.501065922098871e-02 2.9e+00 5.53e-02  4e-02  6e-02 78:36.5
   53    636 -7.512135156710339e-02 2.9e+00 5.32e-02  4e-02  6e-02 80:05.3
   54    648 -7.505606321253083e-02 3.0e+00 5.29e-02  4e-02  6e-02 81:33.8
   55    660 -7.493181621875569e-02 3.0e+00 5.14e-02  4e-02  6e-02 83:02.8
   56    672 -7.467353852132835e-02 3.0e+00 5.13e-02  4e-02  6e-02 84:31.4
   57    684 -7.506081037205649e-02 3.0e+00 5.08e-02  4e-02  6e-02 85:59.8
   58    696 -7.459388565807622e-02 3.1e+00 5.09e-02  4e-02  6e-02 87:28.5
   59    708 -7.524296525033156e-02 3.1e+00 5.05e-02  4e-02  6e-02 88:56.6
   60    720 -7.559876105654385e-02 3.1e+00 5.05e-02  4e-02  6e-02 90:24.7
   61    732 -7.574740894199190e-02 3.2e+00 5.04e-02  4e-02  6e-02 91:53.2
   62    744 -7.562565847597805e-02 3.3e+00 5.06e-02  4e-02  6e-02 93:22.1
   63    756 -7.507710960709361e-02 3.3e+00 5.01e-02  4e-02  6e-02 94:50.3
   64    768 -7.564049268846859e-02 3.4e+00 5.08e-02  4e-02  6e-02 96:18.4
   65    780 -7.590324595493519e-02 3.4e+00 5.17e-02  4e-02  6e-02 97:46.5
   66    792 -7.550403586004188e-02 3.4e+00 5.25e-02  4e-02  6e-02 99:14.7
   67    804 -7.603165892462650e-02 3.5e+00 5.42e-02  4e-02  6e-02 100:43.4
   68    816 -7.611640007049296e-02 3.5e+00 5.47e-02  4e-02  6e-02 102:12.8
   69    828 -7.646606422071560e-02 3.6e+00 5.53e-02  4e-02  6e-02 103:40.9
   70    840 -7.612495410235418e-02 3.6e+00 5.40e-02  4e-02  6e-02 105:09.1
   71    852 -7.625514419519502e-02 3.7e+00 5.21e-02  4e-02  6e-02 106:37.9
   72    864 -7.601344013276230e-02 3.7e+00 5.06e-02  4e-02  6e-02 108:06.0
   73    876 -7.621040891882480e-02 3.8e+00 4.87e-02  3e-02  6e-02 109:34.1
   74    888 -7.619861495126642e-02 3.8e+00 4.79e-02  3e-02  6e-02 111:02.0
   75    900 -7.637813379576512e-02 3.9e+00 4.68e-02  3e-02  6e-02 112:30.1
   76    912 -7.649465852686052e-02 4.0e+00 4.49e-02  3e-02  5e-02 113:57.7
   77    924 -7.658081500234742e-02 4.0e+00 4.30e-02  3e-02  5e-02 115:23.6
   78    936 -7.639796446529451e-02 4.0e+00 4.11e-02  3e-02  5e-02 116:50.6
   79    948 -7.694968547356888e-02 4.1e+00 3.86e-02  3e-02  5e-02 118:18.2
   80    960 -7.678023547374288e-02 4.3e+00 3.80e-02  3e-02  4e-02 119:45.7
   81    972 -7.663470684243526e-02 4.3e+00 3.68e-02  3e-02  4e-02 121:14.4
   82    984 -7.684370934808754e-02 4.3e+00 3.62e-02  2e-02  4e-02 122:42.2
   83    996 -7.685652866359059e-02 4.3e+00 3.55e-02  2e-02  4e-02 124:09.9
   84   1008 -7.694905759985871e-02 4.4e+00 3.52e-02  2e-02  4e-02 125:38.1
   85   1020 -7.707709114738748e-02 4.4e+00 3.58e-02  2e-02  4e-02 127:05.9
   86   1032 -7.736442085568959e-02 4.5e+00 3.70e-02  2e-02  4e-02 128:33.8
   87   1044 -7.741282555896108e-02 4.7e+00 3.66e-02  2e-02  4e-02 130:01.8
   88   1056 -7.750176137935837e-02 4.7e+00 3.59e-02  2e-02  4e-02 131:29.4
   89   1068 -7.768188413143348e-02 4.7e+00 3.61e-02  2e-02  4e-02 132:57.5
   91   1092 -7.779847937013495e-02 4.9e+00 3.78e-02  3e-02  4e-02 135:53.8
   93   1116 -7.788638688199964e-02 5.1e+00 4.00e-02  3e-02  5e-02 138:49.4
   95   1140 -7.791299060901322e-02 5.3e+00 4.40e-02  3e-02  5e-02 141:45.5
   97   1164 -7.822304734502417e-02 5.7e+00 4.76e-02  3e-02  6e-02 144:41.1
   99   1188 -7.860008882179147e-02 5.8e+00 5.08e-02  3e-02  6e-02 147:36.6
  100   1200 -7.797027259748480e-02 5.9e+00 5.25e-02  4e-02  6e-02 149:04.5
  102   1224 -7.812777130277672e-02 5.9e+00 5.36e-02  4e-02  6e-02 151:59.8
  104   1248 -7.786633181252380e-02 6.0e+00 5.14e-02  3e-02  6e-02 154:55.6
  106   1272 -7.816271029293641e-02 6.1e+00 4.83e-02  3e-02  6e-02 157:50.7
  108   1296 -7.858461750791394e-02 6.1e+00 4.65e-02  3e-02  5e-02 160:46.1
  110   1320 -7.882107627483430e-02 6.4e+00 4.87e-02  3e-02  6e-02 163:41.2
  112   1344 -7.919004580728585e-02 6.4e+00 5.36e-02  4e-02  6e-02 166:33.2
  114   1368 -7.903531568849682e-02 6.8e+00 6.06e-02  4e-02  7e-02 169:29.5
  116   1392 -7.907716693837874e-02 7.2e+00 6.25e-02  5e-02  8e-02 172:25.1
  118   1416 -7.860785802029241e-02 7.4e+00 5.96e-02  4e-02  7e-02 175:21.2
  120   1440 -7.919030235024499e-02 7.5e+00 5.58e-02  4e-02  7e-02 178:17.7
  122   1464 -7.950694552095469e-02 7.5e+00 5.58e-02  4e-02  7e-02 181:13.3
  124   1488 -7.958775614498441e-02 7.8e+00 5.50e-02  4e-02  7e-02 184:09.9
  126   1512 -7.965347508200923e-02 7.9e+00 5.11e-02  4e-02  7e-02 187:06.7
  128   1536 -7.955246314377883e-02 8.1e+00 4.99e-02  4e-02  7e-02 190:03.0
  130   1560 -7.966877676871829e-02 8.2e+00 4.91e-02  3e-02  6e-02 192:58.5
  132   1584 -7.987234296517690e-02 8.5e+00 4.44e-02  3e-02  6e-02 195:53.5
  134   1608 -7.959604531218335e-02 8.6e+00 3.96e-02  3e-02  5e-02 198:48.2
  136   1632 -7.982050697968260e-02 8.9e+00 3.74e-02  3e-02  5e-02 201:42.7
  138   1656 -7.980315828440285e-02 9.1e+00 3.47e-02  2e-02  4e-02 204:38.6
  140   1680 -8.025246848776077e-02 9.3e+00 3.63e-02  2e-02  5e-02 207:35.3
  142   1704 -8.022599390890969e-02 9.3e+00 3.80e-02  3e-02  5e-02 210:31.4
  144   1728 -8.023120865200142e-02 9.6e+00 3.98e-02  3e-02  5e-02 213:27.6
  146   1752 -8.027775147710695e-02 9.9e+00 4.04e-02  3e-02  5e-02 216:23.7
  148   1776 -8.026930413176160e-02 1.0e+01 4.31e-02  3e-02  5e-02 219:18.8
  150   1800 -8.038878167732250e-02 1.0e+01 4.69e-02  3e-02  6e-02 222:15.1
  152   1824 -8.036848633723831e-02 1.1e+01 5.20e-02  3e-02  7e-02 225:10.7
  154   1848 -8.023090147238200e-02 1.1e+01 4.99e-02  3e-02  7e-02 228:06.4
  156   1872 -8.015335088525770e-02 1.1e+01 4.49e-02  3e-02  6e-02 231:01.9
  158   1896 -8.051635150271286e-02 1.1e+01 3.85e-02  3e-02  5e-02 233:56.9
  160   1920 -8.060920455594237e-02 1.1e+01 3.63e-02  2e-02  5e-02 236:52.3
  162   1944 -8.077369506736554e-02 1.1e+01 3.68e-02  2e-02  5e-02 239:47.9
  164   1968 -8.095245753502746e-02 1.2e+01 4.02e-02  3e-02  6e-02 242:43.1
  166   1992 -8.087445110020389e-02 1.2e+01 4.55e-02  3e-02  7e-02 245:39.1
  168   2016 -8.077172650315087e-02 1.3e+01 4.89e-02  3e-02  7e-02 248:33.8
  170   2040 -8.077017594489462e-02 1.4e+01 5.45e-02  4e-02  8e-02 251:29.6
  172   2064 -8.092421532030603e-02 1.4e+01 5.68e-02  4e-02  8e-02 254:24.4
  174   2088 -8.076758649898702e-02 1.4e+01 5.51e-02  4e-02  8e-02 257:20.1
  176   2112 -8.117591296912929e-02 1.5e+01 5.65e-02  4e-02  9e-02 260:15.4
  178   2136 -8.128098814726334e-02 1.5e+01 5.37e-02  3e-02  8e-02 263:10.5
  180   2160 -8.130644721999444e-02 1.5e+01 5.28e-02  3e-02  8e-02 266:06.2
  182   2184 -8.162654118581152e-02 1.6e+01 5.36e-02  3e-02  8e-02 269:00.5
  184   2208 -8.166660418356959e-02 1.7e+01 5.16e-02  3e-02  8e-02 271:55.7
  186   2232 -8.176722004382482e-02 1.7e+01 5.20e-02  3e-02  8e-02 274:51.0
  188   2256 -8.140891467344176e-02 1.7e+01 5.52e-02  3e-02  8e-02 277:46.1
  190   2280 -8.142670344162933e-02 1.7e+01 5.58e-02  3e-02  8e-02 280:41.8
  192   2304 -8.145755946690986e-02 1.8e+01 5.33e-02  3e-02  8e-02 283:37.4
  194   2328 -8.189787384533349e-02 1.7e+01 5.02e-02  3e-02  7e-02 286:33.3
  196   2352 -8.183326202621594e-02 1.8e+01 5.10e-02  3e-02  8e-02 289:28.7
  198   2376 -8.179228789208816e-02 1.9e+01 5.31e-02  3e-02  8e-02 292:24.5
  200   2400 -8.215903427273692e-02 2.0e+01 5.25e-02  3e-02  9e-02 295:16.9
  202   2424 -8.214197456080133e-02 2.0e+01 5.40e-02  3e-02  9e-02 298:09.4
  204   2448 -8.195390095088217e-02 2.0e+01 5.38e-02  3e-02  9e-02 301:01.6
  206   2472 -8.207565082829658e-02 2.0e+01 5.09e-02  3e-02  8e-02 303:56.0
  208   2496 -8.209201234528420e-02 2.0e+01 4.97e-02  3e-02  8e-02 306:51.0
  210   2520 -8.237602717588867e-02 2.0e+01 4.89e-02  3e-02  8e-02 309:46.8
  212   2544 -8.223389584489744e-02 2.1e+01 5.06e-02  3e-02  8e-02 312:39.2
  214   2568 -8.228839730879756e-02 2.1e+01 5.22e-02  3e-02  9e-02 315:33.9
  216   2592 -8.236087476508566e-02 2.1e+01 5.12e-02  3e-02  9e-02 318:28.5
  218   2616 -8.241260419601376e-02 2.1e+01 4.83e-02  3e-02  8e-02 321:22.7
  220   2640 -8.227263245351846e-02 2.2e+01 4.49e-02  3e-02  7e-02 324:17.2
  222   2664 -8.236988839813383e-02 2.1e+01 4.36e-02  3e-02  7e-02 327:11.6
  224   2688 -8.246860448306509e-02 2.2e+01 4.31e-02  3e-02  7e-02 330:06.1
  226   2712 -8.249785195717001e-02 2.2e+01 4.23e-02  3e-02  7e-02 333:00.2
  228   2736 -8.259375747552729e-02 2.2e+01 3.80e-02  3e-02  6e-02 335:54.3
  230   2760 -8.249766248377870e-02 2.2e+01 3.67e-02  3e-02  6e-02 338:49.3
  232   2784 -8.257279613696981e-02 2.2e+01 3.50e-02  2e-02  5e-02 341:44.0
  234   2808 -8.260533362646780e-02 2.2e+01 3.30e-02  2e-02  5e-02 344:38.1
  236   2832 -8.259754372676380e-02 2.2e+01 3.05e-02  2e-02  5e-02 347:30.9
  238   2856 -8.260444769197563e-02 2.2e+01 2.78e-02  2e-02  4e-02 350:23.3
  240   2880 -8.267748143432482e-02 2.3e+01 2.72e-02  2e-02  4e-02 353:15.5
  242   2904 -8.270519444653991e-02 2.3e+01 2.68e-02  2e-02  4e-02 356:07.5
  244   2928 -8.272142702551211e-02 2.3e+01 2.74e-02  2e-02  4e-02 359:00.4
  246   2952 -8.274274412870726e-02 2.3e+01 2.99e-02  2e-02  5e-02 361:54.9
  248   2976 -8.267423955194501e-02 2.3e+01 3.25e-02  2e-02  5e-02 364:49.4
  250   3000 -8.272907576023546e-02 2.3e+01 3.06e-02  2e-02  5e-02 367:44.1
  252   3024 -8.277267602961388e-02 2.3e+01 3.04e-02  2e-02  5e-02 370:38.8
  254   3048 -8.276992450574346e-02 2.3e+01 3.04e-02  2e-02  5e-02 373:33.7
  256   3072 -8.275977502636325e-02 2.3e+01 2.94e-02  2e-02  5e-02 376:27.8
  258   3096 -8.275804018277265e-02 2.3e+01 2.72e-02  2e-02  4e-02 379:21.7
  261   3132 -8.281062883274974e-02 2.3e+01 2.79e-02  2e-02  4e-02 383:41.5
  264   3168 -8.292440332306801e-02 2.4e+01 2.95e-02  2e-02  5e-02 387:59.5
  267   3204 -8.294772773430713e-02 2.5e+01 2.83e-02  2e-02  4e-02 392:17.0
  270   3240 -8.299476081062006e-02 2.5e+01 2.92e-02  2e-02  5e-02 396:34.8
  273   3276 -8.308424986303284e-02 2.5e+01 3.69e-02  2e-02  6e-02 400:52.1
  276   3312 -8.318973526873799e-02 2.5e+01 4.62e-02  3e-02  7e-02 405:09.5
  279   3348 -8.322969491575800e-02 2.7e+01 5.33e-02  3e-02  8e-02 409:28.0
  282   3384 -8.339132406896062e-02 2.8e+01 5.49e-02  3e-02  9e-02 413:46.1
  285   3420 -8.326793865102985e-02 2.9e+01 5.96e-02  4e-02  9e-02 418:05.2
  288   3456 -8.342044339778741e-02 3.0e+01 5.99e-02  4e-02  1e-01 422:25.8
  291   3492 -8.343173210892915e-02 3.1e+01 5.47e-02  3e-02  9e-02 426:46.8
  294   3528 -8.371295846387300e-02 3.2e+01 5.06e-02  3e-02  8e-02 431:07.5
  297   3564 -8.363398558790992e-02 3.4e+01 4.63e-02  3e-02  8e-02 435:25.9
  300   3600 -8.379397023179047e-02 3.4e+01 4.44e-02  3e-02  7e-02 439:44.5
  303   3636 -8.371938986705063e-02 3.5e+01 4.41e-02  3e-02  7e-02 444:02.6
  306   3672 -8.376282886678219e-02 3.6e+01 4.58e-02  3e-02  8e-02 448:21.8
  309   3708 -8.393613411024174e-02 3.6e+01 4.73e-02  3e-02  8e-02 452:40.2
  312   3744 -8.394678837456777e-02 3.8e+01 4.86e-02  3e-02  9e-02 456:57.7
  315   3780 -8.399903100495321e-02 3.8e+01 4.51e-02  3e-02  8e-02 461:15.9
  318   3816 -8.417839278158007e-02 3.9e+01 4.65e-02  3e-02  8e-02 465:33.6
  321   3852 -8.415367689982314e-02 4.1e+01 5.26e-02  3e-02  1e-01 469:52.7
  324   3888 -8.440020669490815e-02 4.2e+01 6.16e-02  4e-02  1e-01 474:10.7
  327   3924 -8.427266328032480e-02 4.4e+01 6.69e-02  4e-02  1e-01 478:28.9
  330   3960 -8.429744109412619e-02 4.6e+01 6.11e-02  4e-02  1e-01 482:47.6
  333   3996 -8.427726724962011e-02 4.7e+01 5.95e-02  4e-02  1e-01 487:05.2
  336   4032 -8.439572461318796e-02 4.6e+01 5.32e-02  3e-02  1e-01 491:23.4
  339   4068 -8.442190642841610e-02 4.6e+01 5.19e-02  3e-02  1e-01 495:41.6
  342   4104 -8.447290597949166e-02 4.5e+01 5.47e-02  3e-02  1e-01 499:59.6
  345   4140 -8.439649309742864e-02 4.4e+01 5.93e-02  3e-02  1e-01 504:17.6
  348   4176 -8.449445559082695e-02 4.4e+01 5.98e-02  3e-02  1e-01 508:35.6
  351   4212 -8.445875455863729e-02 4.6e+01 5.62e-02  3e-02  1e-01 512:53.9
  354   4248 -8.434853061839928e-02 4.6e+01 5.13e-02  3e-02  1e-01 517:11.5
  357   4284 -8.445257542605952e-02 4.6e+01 4.50e-02  2e-02  9e-02 521:28.9
  360   4320 -8.449379008397499e-02 4.6e+01 3.95e-02  2e-02  8e-02 525:47.1
  363   4356 -8.451920748811116e-02 4.9e+01 3.87e-02  2e-02  8e-02 530:04.8
  366   4392 -8.455968596115736e-02 4.9e+01 3.93e-02  2e-02  9e-02 534:23.0
  369   4428 -8.455220201816858e-02 5.0e+01 3.65e-02  2e-02  8e-02 538:40.6
  372   4464 -8.455254122605471e-02 5.0e+01 3.34e-02  2e-02  7e-02 542:58.0
  375   4500 -8.458779697684982e-02 5.2e+01 3.03e-02  2e-02  7e-02 547:15.3
  378   4536 -8.459848321345248e-02 5.2e+01 2.70e-02  1e-02  6e-02 551:32.5
  381   4572 -8.460311191433431e-02 5.1e+01 2.63e-02  1e-02  6e-02 555:49.9
  384   4608 -8.459940109481691e-02 5.1e+01 2.39e-02  1e-02  5e-02 560:07.2
  387   4644 -8.462074358078076e-02 5.1e+01 2.40e-02  1e-02  5e-02 564:24.4
  390   4680 -8.461680669506511e-02 5.2e+01 2.59e-02  1e-02  6e-02 568:41.4
  393   4716 -8.462605066940262e-02 5.3e+01 2.82e-02  1e-02  6e-02 572:58.8
  396   4752 -8.464827956354574e-02 5.2e+01 2.80e-02  1e-02  6e-02 577:15.5
  399   4788 -8.462979381271013e-02 5.1e+01 2.90e-02  1e-02  6e-02 581:33.1
  400   4800 -8.463934282940749e-02 5.1e+01 2.97e-02  1e-02  6e-02 582:59.0
  403   4836 -8.463779095829660e-02 5.1e+01 2.71e-02  1e-02  6e-02 587:15.5
  406   4872 -8.465560305974376e-02 5.1e+01 2.76e-02  1e-02  6e-02 591:32.9
  409   4908 -8.466387392615518e-02 5.2e+01 2.95e-02  1e-02  6e-02 595:50.9
  412   4944 -8.467631101832956e-02 5.3e+01 3.10e-02  1e-02  7e-02 600:07.8
  415   4980 -8.467370128194820e-02 5.3e+01 2.75e-02  1e-02  6e-02 604:25.1
  418   5016 -8.466780770481229e-02 5.3e+01 2.52e-02  1e-02  5e-02 608:42.0
  421   5052 -8.466877796822506e-02 5.3e+01 2.57e-02  1e-02  5e-02 612:59.4
  424   5088 -8.466323826611352e-02 5.1e+01 2.58e-02  1e-02  5e-02 617:16.7
  427   5124 -8.467523077500087e-02 5.1e+01 2.28e-02  1e-02  5e-02 621:33.9
  430   5160 -8.468794155497628e-02 5.1e+01 1.96e-02  8e-03  4e-02 625:51.3
  433   5196 -8.469767567647854e-02 5.0e+01 2.00e-02  8e-03  4e-02 630:08.2
  436   5232 -8.470095416896516e-02 5.0e+01 2.08e-02  9e-03  4e-02 634:25.4
  439   5268 -8.470932319581161e-02 5.0e+01 2.16e-02  9e-03  4e-02 638:43.0
  442   5304 -8.472675212992492e-02 5.1e+01 2.15e-02  9e-03  4e-02 642:59.5
  445   5340 -8.472168293293583e-02 5.1e+01 1.99e-02  8e-03  4e-02 647:17.5
  448   5376 -8.473771969596822e-02 5.2e+01 2.04e-02  8e-03  4e-02 651:34.9
  451   5412 -8.474179285965856e-02 5.2e+01 2.43e-02  1e-02  5e-02 655:52.1
  454   5448 -8.474093966285437e-02 5.1e+01 2.48e-02  1e-02  5e-02 660:09.2
  457   5484 -8.474986351577066e-02 5.1e+01 2.36e-02  9e-03  4e-02 664:26.3
  460   5520 -8.474847745168168e-02 5.1e+01 2.18e-02  8e-03  4e-02 668:43.9
  463   5556 -8.475595420416009e-02 5.2e+01 2.11e-02  8e-03  4e-02 673:00.9
  466   5592 -8.476485995346186e-02 5.2e+01 2.10e-02  8e-03  4e-02 677:17.7
  469   5628 -8.476746774189181e-02 5.2e+01 1.90e-02  7e-03  4e-02 681:34.4
  472   5664 -8.476934875830650e-02 5.3e+01 1.68e-02  6e-03  3e-02 685:51.0
  475   5700 -8.477354715151370e-02 5.3e+01 1.49e-02  5e-03  3e-02 690:07.6
  478   5736 -8.477717284850153e-02 5.3e+01 1.44e-02  5e-03  3e-02 694:24.4
  481   5772 -8.477924004358524e-02 5.3e+01 1.68e-02  6e-03  3e-02 698:41.5
  484   5808 -8.478272820000284e-02 5.5e+01 1.77e-02  6e-03  3e-02 702:58.2
  487   5844 -8.479305584934692e-02 5.4e+01 1.88e-02  7e-03  3e-02 707:14.7
  490   5880 -8.479829915729444e-02 5.5e+01 2.04e-02  7e-03  4e-02 711:32.0
  493   5916 -8.480592699956008e-02 5.5e+01 2.26e-02  8e-03  4e-02 715:48.9
  496   5952 -8.480251993766054e-02 5.8e+01 2.29e-02  8e-03  4e-02 720:05.8
  499   5988 -8.480829279491027e-02 5.9e+01 2.24e-02  8e-03  4e-02 724:23.5
  500   6000 -8.480836162805512e-02 5.9e+01 2.25e-02  8e-03  4e-02 725:49.3
  503   6036 -8.481410121401420e-02 5.8e+01 2.35e-02  8e-03  4e-02 730:06.3
  507   6084 -8.482504425913502e-02 5.9e+01 2.57e-02  9e-03  4e-02 735:49.0
  511   6132 -8.483412140483725e-02 5.9e+01 2.79e-02  9e-03  5e-02 741:32.0
  515   6180 -8.483159725907818e-02 5.9e+01 2.86e-02  1e-02  5e-02 747:15.0
  519   6228 -8.482506792702954e-02 6.1e+01 2.59e-02  9e-03  4e-02 752:58.2
  523   6276 -8.483817879031479e-02 6.2e+01 2.09e-02  7e-03  3e-02 758:41.3
  527   6324 -8.484988485484149e-02 6.4e+01 1.94e-02  6e-03  3e-02 764:24.7
  531   6372 -8.485935730798290e-02 6.8e+01 2.23e-02  7e-03  4e-02 770:07.7
  535   6420 -8.487672855018051e-02 7.3e+01 2.54e-02  8e-03  5e-02 775:50.3
  539   6468 -8.487771399661544e-02 8.1e+01 3.06e-02  1e-02  6e-02 781:32.4
  543   6516 -8.488580202812872e-02 8.3e+01 2.97e-02  9e-03  6e-02 787:13.9
  547   6564 -8.488875652290263e-02 8.6e+01 2.81e-02  9e-03  6e-02 792:55.4
  551   6612 -8.490439531989295e-02 8.9e+01 2.77e-02  9e-03  6e-02 798:37.8
  555   6660 -8.489766866354109e-02 9.2e+01 2.69e-02  8e-03  5e-02 804:19.6
  559   6708 -8.491549307179133e-02 9.3e+01 2.60e-02  8e-03  5e-02 810:01.9
  563   6756 -8.491590112308527e-02 9.5e+01 2.62e-02  8e-03  5e-02 815:43.4
  567   6804 -8.492760704156921e-02 9.8e+01 2.67e-02  8e-03  5e-02 821:26.0
  571   6852 -8.492655754808048e-02 9.9e+01 2.16e-02  6e-03  4e-02 827:08.1
  575   6900 -8.492987992367108e-02 1.0e+02 1.97e-02  6e-03  4e-02 832:50.5
  579   6948 -8.493298881038888e-02 1.0e+02 2.15e-02  6e-03  5e-02 838:33.2
  583   6996 -8.493988421732281e-02 1.1e+02 2.05e-02  6e-03  4e-02 844:15.0
  587   7044 -8.494119240808561e-02 1.1e+02 2.20e-02  6e-03  5e-02 849:57.0
  591   7092 -8.494648121033058e-02 1.1e+02 2.02e-02  6e-03  4e-02 855:39.1
  595   7140 -8.494347311282072e-02 1.1e+02 2.23e-02  7e-03  5e-02 861:21.3
  599   7188 -8.495245819669965e-02 1.1e+02 2.13e-02  6e-03  5e-02 867:03.7
  600   7200 -8.495357479388321e-02 1.1e+02 2.10e-02  6e-03  4e-02 868:29.1
  604   7248 -8.495648074276423e-02 1.1e+02 2.05e-02  6e-03  4e-02 874:10.9
  608   7296 -8.496076792939952e-02 1.1e+02 2.17e-02  6e-03  5e-02 879:52.5
  612   7344 -8.496706271425299e-02 1.1e+02 2.27e-02  7e-03  5e-02 885:34.3
  616   7392 -8.496636928718206e-02 1.1e+02 2.27e-02  7e-03  5e-02 891:16.7
  620   7440 -8.496795085371242e-02 1.1e+02 2.52e-02  8e-03  5e-02 896:59.6
  624   7488 -8.497261490783567e-02 1.1e+02 2.43e-02  8e-03  5e-02 902:42.0
  628   7536 -8.497074773847881e-02 1.1e+02 2.34e-02  7e-03  5e-02 908:24.1
