Running job array 28 on pe88.int.triton.aalto.fi
Starting at Tue Mar 18 16:43:08 EET 2025
Activating virtual environment at /scratch/work/uotilav2/quantum-portfolio/venv
Processing batch 29/39: experiments 324 to 334 (total 11)
Skipping experiment 324 (already processed)
Skipping experiment 325 (already processed)
Skipping experiment 326 (already processed)
Skipping experiment 327 (already processed)
Skipping experiment 328 (already processed)
Processing experiment 329
Budget: 280.6351509094238
YF.download() has changed argument auto_adjust default to True
Expected returns: 0.13858735684561554
Covariance matrix: 0.5556698751289266
3rd-order coskewness tensor: -0.3296333162594095
4th-order cokurtosis tensor: 11.44081600628521
Number of qubits for asset CSCO: 3
Number of qubits for asset HON: 1
Number of qubits for asset IBM: 1
Number of qubits for asset KO: 3
Number of qubits for asset MCD: 1
Number of qubits for asset MRK: 2
Total number of qubits:  11
Optimized Weights (considering variance, skewness and kurtosis):
CSCO: 22.10%
HON: 6.80%
IBM: 16.73%
KO: 13.15%
MCD: 1.00%
MRK: 40.23%
Left over budget:  2.6046367255263476
Optimized Discrete Allocation:
CSCO: 2
KO: 1
MRK: 1
Maximized utility from continuous higher moments:  -81.95508875882906
Budget constraint satisfied 280.1790657043457 280.6351509094238 Difference:  0.456085205078125
Budget constraint satisfied 277.17447662353516 280.6351509094238 Difference:  3.460674285888672
smallest_eigenvalues: [-0.030410235567132193]
smallest_bitstrings: ['00001100000']
first_excited_energy: -0.030407088906452124
optimized_portfolio: [{'CSCO': 0, 'HON': 0, 'IBM': 1, 'KO': 1, 'MCD': 0, 'MRK': 0}]
second_optimized_portfolio: [{'CSCO': 1, 'HON': 0, 'IBM': 1, 'KO': 0, 'MCD': 0, 'MRK': 0}]
result_with_budget: [{'portfolio': {'CSCO': 0, 'HON': 0, 'IBM': 1, 'KO': 1, 'MCD': 0, 'MRK': 0}, 'budget': 280.1790657043457, 'difference': 0.456085205078125, 'objective_value': -15.230686424530022}]
result_with_budget_excited: [{'portfolio': {'CSCO': 1, 'HON': 0, 'IBM': 1, 'KO': 0, 'MCD': 0, 'MRK': 0}, 'budget': 277.17447662353516, 'difference': 3.460674285888672, 'objective_value': -13.652309386110318}]
Initial params:  [2.51063067 1.44978017 2.45210473 0.37157007 2.01037118 0.45035763
 2.96776493 1.63943485 1.3026989  0.83112597 2.43232687 1.43303853
 1.78578792 0.0590299  1.94035914 1.92295543 1.93815531 2.96487203
 2.14200164 1.12942738]
(6_w,12)-aCMA-ES (mu_w=3.7,w_1=40%) in dimension 20 (seed=458559, Tue Mar 18 16:43:44 2025)
Iterat #Fevals   function value  axis ratio  sigma  min&max std  t[m:s]
    1     12 -1.188230833015710e-02 1.0e+00 1.44e+00  1e+00  1e+00 0:40.9
    2     24 7.832722275040709e-03 1.1e+00 1.41e+00  1e+00  1e+00 1:21.2
    3     36 -1.129706533577361e-02 1.1e+00 1.38e+00  1e+00  1e+00 2:01.6
    4     48 2.807325968105152e-02 1.2e+00 1.35e+00  1e+00  1e+00 2:41.7
    5     60 1.122946617350633e-01 1.2e+00 1.34e+00  1e+00  1e+00 3:22.0
    6     72 -1.756489164354080e-02 1.2e+00 1.34e+00  1e+00  1e+00 4:02.4
    7     84 9.066388548212794e-03 1.2e+00 1.34e+00  1e+00  1e+00 4:42.8
    8     96 5.318474064896244e-03 1.3e+00 1.42e+00  1e+00  1e+00 5:22.6
    9    108 -1.319680946128785e-02 1.3e+00 1.51e+00  1e+00  2e+00 6:01.9
   10    120 -5.233198780537049e-03 1.4e+00 1.61e+00  2e+00  2e+00 6:41.3
   11    132 2.350509783114972e-02 1.4e+00 1.61e+00  2e+00  2e+00 7:21.0
   12    144 -8.030519143727823e-03 1.4e+00 1.60e+00  1e+00  2e+00 8:00.7
   13    156 8.494364123045431e-03 1.5e+00 1.59e+00  1e+00  2e+00 8:40.2
   14    168 1.870012933479511e-03 1.5e+00 1.53e+00  1e+00  2e+00 9:19.7
   15    180 3.216395141963724e-03 1.5e+00 1.46e+00  1e+00  2e+00 9:59.2
   16    192 8.307706090354952e-02 1.6e+00 1.37e+00  1e+00  1e+00 10:38.6
   17    204 -6.403496918733254e-03 1.5e+00 1.31e+00  1e+00  1e+00 11:18.2
   18    216 3.012222796168267e-02 1.5e+00 1.26e+00  1e+00  1e+00 11:57.3
   19    228 -1.474570057046311e-02 1.6e+00 1.22e+00  1e+00  1e+00 12:36.5
   20    240 2.725299535210325e-04 1.6e+00 1.17e+00  1e+00  1e+00 13:15.8
   21    252 1.126492397191735e-02 1.6e+00 1.14e+00  1e+00  1e+00 13:55.2
   22    264 -1.275233027902399e-02 1.6e+00 1.09e+00  1e+00  1e+00 14:34.9
   23    276 1.697445568134235e-02 1.6e+00 1.05e+00  1e+00  1e+00 15:14.4
   24    288 1.941020305415458e-02 1.6e+00 1.01e+00  9e-01  1e+00 15:53.9
   25    300 7.925905861929461e-03 1.6e+00 1.00e+00  9e-01  1e+00 16:33.4
   26    312 -5.455129684794192e-03 1.6e+00 1.01e+00  9e-01  1e+00 17:12.8
   27    324 4.182158945785038e-02 1.6e+00 9.91e-01  9e-01  1e+00 17:51.9
   28    336 -9.982481358923153e-03 1.6e+00 9.79e-01  9e-01  1e+00 18:31.2
   29    348 6.472690530743943e-03 1.7e+00 9.70e-01  9e-01  1e+00 19:10.3
   30    360 -3.805066847074069e-03 1.7e+00 9.58e-01  9e-01  1e+00 19:49.6
   31    372 -1.123466368436654e-02 1.7e+00 9.58e-01  9e-01  1e+00 20:29.1
   32    384 4.601560111152055e-02 1.7e+00 9.40e-01  9e-01  1e+00 21:08.4
   33    396 -1.668316455173487e-02 1.7e+00 9.42e-01  9e-01  1e+00 21:48.0
   34    408 -1.019755036887212e-02 1.7e+00 9.72e-01  9e-01  1e+00 22:27.4
   35    420 -1.404022365457248e-02 1.7e+00 9.76e-01  9e-01  1e+00 23:06.7
   36    432 9.596197766367465e-03 1.8e+00 1.01e+00  9e-01  1e+00 23:46.0
   37    444 -4.125346031909467e-03 1.8e+00 1.08e+00  1e+00  1e+00 24:25.1
   38    456 -1.702321510396125e-02 1.9e+00 1.10e+00  1e+00  1e+00 25:04.5
   39    468 -1.717606299661652e-02 1.9e+00 1.14e+00  1e+00  1e+00 25:44.0
   40    480 3.606834328464313e-04 1.9e+00 1.18e+00  1e+00  1e+00 26:23.4
   42    504 -5.238743186283769e-03 1.9e+00 1.19e+00  1e+00  1e+00 27:42.4
   44    528 -8.646809180265289e-03 1.9e+00 1.22e+00  1e+00  1e+00 29:01.6
   46    552 1.015600897820239e-01 1.9e+00 1.17e+00  1e+00  1e+00 30:20.7
   48    576 -1.213772455069041e-02 2.0e+00 1.14e+00  1e+00  1e+00 31:39.6
   50    600 1.985315483067960e-02 2.0e+00 1.19e+00  1e+00  1e+00 32:59.4
   52    624 -1.059979244566256e-02 2.1e+00 1.09e+00  1e+00  1e+00 34:18.6
   54    648 -9.592476852430643e-03 2.1e+00 1.02e+00  9e-01  1e+00 35:37.9
   56    672 1.992778053660245e-02 2.1e+00 9.63e-01  8e-01  1e+00 36:56.9
   58    696 -5.793312513665640e-03 2.1e+00 9.45e-01  8e-01  1e+00 38:16.0
   60    720 3.639285448463567e-03 2.2e+00 9.74e-01  8e-01  1e+00 39:35.4
   62    744 4.661660463538511e-04 2.1e+00 9.46e-01  8e-01  1e+00 40:54.4
   64    768 -1.345264763067560e-02 2.2e+00 8.75e-01  7e-01  1e+00 42:13.8
   66    792 1.804393117542042e-02 2.2e+00 8.28e-01  7e-01  9e-01 43:32.7
   68    816 1.266239539638866e-02 2.3e+00 9.07e-01  8e-01  1e+00 44:51.6
   70    840 -1.919134373723729e-02 2.4e+00 1.07e+00  9e-01  1e+00 46:10.8
   72    864 5.098205560578619e-03 2.4e+00 1.15e+00  1e+00  1e+00 47:30.1
   74    888 -1.234478144643468e-02 2.5e+00 1.19e+00  1e+00  1e+00 48:49.4
   76    912 2.205468787419183e-02 2.5e+00 1.15e+00  1e+00  1e+00 50:08.1
   78    936 3.738640410065944e-02 2.5e+00 1.15e+00  1e+00  1e+00 51:27.3
   80    960 1.047860895246077e-02 2.6e+00 1.24e+00  1e+00  1e+00 52:46.5
   82    984 3.435580275571288e-04 2.6e+00 1.34e+00  1e+00  2e+00 54:05.4
   84   1008 -6.445242849671962e-03 2.5e+00 1.30e+00  1e+00  1e+00 55:24.6
   86   1032 2.395874402028609e-03 2.6e+00 1.24e+00  1e+00  1e+00 56:43.6
   88   1056 3.050314203927931e-02 2.6e+00 1.23e+00  1e+00  1e+00 58:02.9
   90   1080 -5.129475097667603e-03 2.6e+00 1.31e+00  1e+00  1e+00 59:22.0
   92   1104 -5.596220156676251e-03 2.7e+00 1.42e+00  1e+00  2e+00 60:41.3
   94   1128 -1.139082693964563e-02 2.7e+00 1.57e+00  1e+00  2e+00 62:00.3
   96   1152 1.097290277375526e-02 2.8e+00 1.64e+00  1e+00  2e+00 63:19.4
   98   1176 -6.645707139395564e-03 2.8e+00 1.72e+00  1e+00  2e+00 64:38.5
  100   1200 1.615615360655765e-02 2.8e+00 1.74e+00  1e+00  2e+00 65:57.5
  102   1224 1.259431947806356e-02 2.7e+00 1.82e+00  1e+00  2e+00 67:16.8
  104   1248 -1.186912686540637e-02 2.7e+00 1.85e+00  1e+00  2e+00 68:36.0
  106   1272 1.317372574960698e-01 2.7e+00 1.94e+00  1e+00  2e+00 69:54.9
  108   1296 -1.079878204367922e-02 2.7e+00 1.94e+00  1e+00  2e+00 71:14.2
  110   1320 2.902534684707094e-02 2.7e+00 1.82e+00  1e+00  2e+00 72:33.2
  112   1344 -1.704001043168366e-02 2.7e+00 1.82e+00  1e+00  2e+00 73:52.3
  114   1368 -1.038478392378920e-02 2.8e+00 1.93e+00  1e+00  2e+00 75:11.0
  116   1392 -1.155091617116618e-02 2.9e+00 2.00e+00  1e+00  2e+00 76:30.2
  118   1416 -7.461137417391275e-03 3.0e+00 1.95e+00  1e+00  2e+00 77:49.0
  120   1440 -1.543499288871206e-02 3.1e+00 1.93e+00  1e+00  2e+00 79:08.1
  123   1476 -5.520132779597094e-03 3.1e+00 1.91e+00  1e+00  2e+00 81:07.3
  126   1512 -1.086226858343255e-02 3.2e+00 1.69e+00  1e+00  2e+00 83:06.3
  129   1548 1.696474294504187e-03 3.2e+00 1.65e+00  1e+00  2e+00 85:04.8
  132   1584 -1.440366060814014e-03 3.2e+00 1.60e+00  1e+00  2e+00 87:02.9
  135   1620 -1.431589869610387e-02 3.2e+00 1.53e+00  1e+00  2e+00 89:00.8
  138   1656 5.374112011053841e-02 3.3e+00 1.44e+00  1e+00  2e+00 90:58.9
  141   1692 -8.274193485053779e-03 3.3e+00 1.32e+00  9e-01  2e+00 92:56.6
  144   1728 1.377127829980846e-02 3.4e+00 1.35e+00  1e+00  2e+00 94:54.9
  147   1764 -2.919028003599172e-03 3.4e+00 1.43e+00  1e+00  2e+00 96:53.0
  150   1800 -4.863842769895553e-03 3.4e+00 1.47e+00  1e+00  2e+00 98:50.3
  153   1836 3.802334169349293e-02 3.4e+00 1.37e+00  1e+00  2e+00 100:47.8
  156   1872 -6.078405790311464e-03 3.4e+00 1.32e+00  1e+00  2e+00 102:45.7
  159   1908 2.632552157937338e-02 3.4e+00 1.30e+00  9e-01  2e+00 104:43.6
  162   1944 -1.633753420830229e-02 3.5e+00 1.30e+00  1e+00  2e+00 106:41.4
  165   1980 3.278273746681973e-02 3.5e+00 1.20e+00  9e-01  1e+00 108:39.6
  168   2016 1.915505198129860e-03 3.6e+00 1.11e+00  8e-01  1e+00 110:37.8
  171   2052 2.057152539749191e-03 3.6e+00 9.73e-01  7e-01  1e+00 112:35.5
  174   2088 1.810434085463367e-02 3.6e+00 8.81e-01  6e-01  1e+00 114:33.1
  177   2124 1.721618792657085e-02 3.7e+00 7.87e-01  6e-01  9e-01 116:31.0
  180   2160 4.155840014806059e-02 3.7e+00 7.63e-01  5e-01  9e-01 118:28.6
  183   2196 -1.739383506694605e-03 3.7e+00 7.70e-01  5e-01  9e-01 120:26.6
  186   2232 1.942854416274835e-02 3.8e+00 7.72e-01  5e-01  9e-01 122:24.5
  189   2268 1.631396685921485e-02 3.9e+00 8.28e-01  6e-01  1e+00 124:22.8
  192   2304 -6.219723032215661e-03 3.9e+00 8.23e-01  6e-01  1e+00 126:20.6
  195   2340 -2.601822121691911e-03 3.9e+00 7.30e-01  5e-01  8e-01 128:18.2
  198   2376 -5.577034209175631e-03 4.0e+00 6.39e-01  5e-01  7e-01 130:16.5
  200   2400 3.758187165812991e-02 4.0e+00 6.10e-01  4e-01  7e-01 131:35.0
  203   2436 -1.320146642183921e-03 4.1e+00 5.44e-01  4e-01  6e-01 133:33.1
  206   2472 -1.428641917874762e-02 4.1e+00 4.78e-01  3e-01  6e-01 135:30.8
  209   2508 -4.803654639554882e-03 4.2e+00 4.72e-01  3e-01  5e-01 137:29.0
  212   2544 -1.731466526864225e-02 4.3e+00 4.63e-01  3e-01  5e-01 139:26.6
  215   2580 2.223981708703988e-02 4.3e+00 4.26e-01  3e-01  5e-01 141:24.0
  218   2616 -1.820428787338334e-02 4.2e+00 4.26e-01  3e-01  5e-01 143:22.2
  221   2652 -1.243247735603256e-02 4.1e+00 3.85e-01  3e-01  5e-01 145:20.1
  224   2688 -1.830064680616193e-02 4.1e+00 3.75e-01  3e-01  4e-01 147:18.1
  227   2724 -6.923149649330539e-03 4.1e+00 4.24e-01  3e-01  5e-01 149:16.2
  230   2760 -1.182665527871453e-02 4.1e+00 4.75e-01  3e-01  5e-01 151:14.1
  233   2796 2.846129015999033e-02 4.0e+00 4.55e-01  3e-01  5e-01 153:11.8
  237   2844 -1.327160703934147e-02 4.0e+00 5.07e-01  3e-01  6e-01 155:48.7
  241   2892 -8.313599970564037e-03 4.1e+00 5.12e-01  3e-01  6e-01 158:25.7
  245   2940 -3.992358379823158e-03 4.1e+00 5.42e-01  3e-01  6e-01 161:02.6
  249   2988 3.794359473942969e-03 4.1e+00 6.10e-01  4e-01  7e-01 163:39.9
  253   3036 -1.482048872609938e-02 4.1e+00 5.95e-01  4e-01  7e-01 166:17.3
  257   3084 2.752281024832368e-03 4.3e+00 5.28e-01  3e-01  6e-01 168:54.7
  261   3132 -9.387299707201683e-03 4.3e+00 5.38e-01  3e-01  6e-01 171:31.7
  265   3180 -7.022808146210682e-03 4.2e+00 5.34e-01  3e-01  6e-01 174:08.9
  269   3228 -1.542843650254508e-02 4.2e+00 4.84e-01  3e-01  5e-01 176:47.0
  273   3276 9.143220491867329e-03 4.3e+00 4.99e-01  3e-01  6e-01 179:24.2
  277   3324 -1.042662532714116e-02 4.3e+00 4.63e-01  3e-01  5e-01 182:01.7
  281   3372 -1.313125584669722e-02 4.2e+00 4.33e-01  3e-01  5e-01 184:38.8
  285   3420 -1.971134438624314e-02 4.2e+00 4.70e-01  3e-01  5e-01 187:16.2
  289   3468 4.120003665813542e-02 4.2e+00 5.27e-01  3e-01  6e-01 189:53.5
  293   3516 -1.559280493927952e-02 4.3e+00 5.88e-01  4e-01  6e-01 192:30.7
  297   3564 -2.603354380253391e-03 4.2e+00 5.24e-01  3e-01  6e-01 195:07.8
  300   3600 -1.003291517922040e-02 4.4e+00 5.49e-01  3e-01  6e-01 197:05.5
  304   3648 1.095416110996486e-02 4.5e+00 5.35e-01  3e-01  6e-01 199:42.4
  308   3696 6.507341263608785e-03 4.5e+00 5.32e-01  3e-01  6e-01 202:19.4
  312   3744 1.028035953600794e-01 4.5e+00 5.28e-01  3e-01  6e-01 204:56.2
  316   3792 6.489617715985472e-03 4.6e+00 4.85e-01  3e-01  5e-01 207:32.7
  320   3840 -9.693353520582385e-03 4.7e+00 5.04e-01  3e-01  6e-01 210:10.0
  324   3888 -1.218132627896967e-02 4.8e+00 4.96e-01  3e-01  5e-01 212:47.4
  328   3936 -1.598108337962164e-02 5.0e+00 5.30e-01  3e-01  6e-01 215:24.7
  332   3984 8.481402895439371e-03 5.2e+00 5.29e-01  3e-01  6e-01 218:02.0
  336   4032 -1.795312984712976e-02 5.1e+00 5.35e-01  3e-01  6e-01 220:39.1
  340   4080 -1.239279423560469e-02 5.1e+00 4.86e-01  3e-01  5e-01 223:15.9
  344   4128 2.369028397236048e-03 5.4e+00 4.72e-01  3e-01  5e-01 225:52.4
  348   4176 -1.292814688186399e-02 5.7e+00 5.40e-01  3e-01  6e-01 228:29.2
  352   4224 8.160990189900869e-03 5.6e+00 6.82e-01  4e-01  8e-01 231:05.9
  356   4272 -1.529025450124005e-02 5.6e+00 8.07e-01  5e-01  9e-01 233:42.6
  360   4320 1.147002137744037e-02 5.6e+00 8.09e-01  5e-01  9e-01 236:19.4
  364   4368 2.765119643166230e-02 5.5e+00 8.14e-01  5e-01  9e-01 238:56.4
  368   4416 -6.943629983419400e-03 5.4e+00 8.93e-01  5e-01  1e+00 241:33.7
  372   4464 -1.175465746830718e-02 5.3e+00 9.56e-01  6e-01  1e+00 244:10.1
  376   4512 1.584297217218480e-02 5.3e+00 1.11e+00  7e-01  1e+00 246:46.9
  380   4560 -1.224421532047090e-02 5.4e+00 1.20e+00  7e-01  1e+00 249:23.5
  384   4608 2.234499381906892e-02 5.5e+00 1.22e+00  7e-01  1e+00 252:01.1
  388   4656 -1.434723820199227e-02 5.5e+00 1.29e+00  8e-01  1e+00 254:38.1
  392   4704 -1.766045371837838e-02 5.5e+00 1.24e+00  7e-01  1e+00 257:15.2
  397   4764 1.251656745741449e-02 5.5e+00 1.11e+00  6e-01  1e+00 260:32.1
  400   4800 -1.388109159109080e-02 5.5e+00 9.78e-01  6e-01  1e+00 262:29.7
  405   4860 5.376460494405148e-02 5.7e+00 9.44e-01  6e-01  1e+00 265:45.8
  410   4920 -8.475061780615616e-03 5.8e+00 8.28e-01  5e-01  9e-01 269:02.5
  415   4980 -7.931455199419410e-03 6.0e+00 7.87e-01  5e-01  9e-01 272:18.5
  420   5040 -3.929045766395440e-03 6.4e+00 8.26e-01  5e-01  9e-01 275:34.3
  425   5100 -1.647578817464193e-02 6.7e+00 7.53e-01  4e-01  8e-01 278:50.2
  430   5160 -1.546302316091814e-02 6.7e+00 7.90e-01  4e-01  8e-01 282:06.0
  435   5220 2.140613802442862e-03 7.2e+00 7.32e-01  4e-01  8e-01 285:21.3
  440   5280 -1.287730887347082e-02 7.5e+00 7.26e-01  4e-01  8e-01 288:36.9
  445   5340 4.783080975017231e-03 7.7e+00 6.76e-01  4e-01  7e-01 291:52.6
  450   5400 -5.016223591494662e-03 7.9e+00 6.60e-01  3e-01  7e-01 295:08.6
  455   5460 -1.210639427359000e-03 8.4e+00 7.34e-01  4e-01  8e-01 298:23.6
  460   5520 -1.047738723451053e-02 9.1e+00 6.97e-01  3e-01  8e-01 301:39.3
  465   5580 -1.109897238378087e-02 9.2e+00 6.64e-01  3e-01  8e-01 304:55.4
  470   5640 -1.512113167785799e-02 9.4e+00 6.10e-01  3e-01  7e-01 308:11.2
  475   5700 -1.238477049484678e-03 9.7e+00 7.15e-01  4e-01  8e-01 311:26.5
  480   5760 2.061141923548581e-02 1.0e+01 6.38e-01  3e-01  8e-01 314:42.7
  485   5820 -1.556585382373038e-02 1.0e+01 6.87e-01  4e-01  8e-01 317:58.3
  490   5880 7.680464771911924e-03 1.1e+01 7.19e-01  4e-01  9e-01 321:14.2
  495   5940 -1.604019063325900e-02 1.1e+01 7.22e-01  4e-01  9e-01 324:29.5
  500   6000 -1.030852570859079e-02 1.1e+01 7.12e-01  4e-01  8e-01 327:45.5
  505   6060 -1.970069841562416e-03 1.1e+01 7.12e-01  3e-01  9e-01 331:01.5
  510   6120 -1.101076081743684e-02 1.1e+01 5.47e-01  3e-01  7e-01 334:17.7
  515   6180 -1.981118611795293e-02 1.1e+01 5.13e-01  2e-01  6e-01 337:33.5
  520   6240 -1.771672512848814e-02 1.2e+01 4.35e-01  2e-01  5e-01 340:49.6
  525   6300 -1.971289945864511e-02 1.2e+01 3.63e-01  2e-01  4e-01 344:05.6
  530   6360 -1.699383973787622e-02 1.2e+01 2.89e-01  1e-01  3e-01 347:21.9
  535   6420 -1.755264535921382e-02 1.2e+01 2.41e-01  1e-01  3e-01 350:37.7
  540   6480 -1.883099932000202e-02 1.2e+01 2.68e-01  1e-01  3e-01 353:53.6
  545   6540 -2.156331428486358e-02 1.2e+01 2.97e-01  1e-01  3e-01 357:09.8
  550   6600 -2.197653478361797e-02 1.2e+01 3.18e-01  1e-01  3e-01 360:25.5
  555   6660 -2.226217980137960e-02 1.2e+01 3.20e-01  1e-01  3e-01 363:40.4
  560   6720 -2.107599456183908e-02 1.2e+01 2.99e-01  1e-01  3e-01 366:56.3
  565   6780 -2.361588457687552e-02 1.2e+01 2.62e-01  1e-01  3e-01 370:12.4
  570   6840 -2.302377258917647e-02 1.2e+01 2.51e-01  1e-01  3e-01 373:28.8
  575   6900 -2.135469031402209e-02 1.2e+01 2.40e-01  1e-01  3e-01 376:44.5
  580   6960 -2.238119527429450e-02 1.2e+01 2.36e-01  1e-01  3e-01 380:01.5
  585   7020 -2.343594416406942e-02 1.3e+01 2.11e-01  9e-02  2e-01 383:17.7
  591   7092 -2.270168760755543e-02 1.3e+01 2.09e-01  9e-02  2e-01 387:13.5
  597   7164 -2.196752330990860e-02 1.4e+01 2.58e-01  1e-01  3e-01 391:09.2
  600   7200 -2.066371735801103e-02 1.4e+01 2.68e-01  1e-01  3e-01 393:06.7
  606   7272 -2.256250454416251e-02 1.4e+01 2.57e-01  1e-01  3e-01 397:02.7
  612   7344 -2.461831668726799e-02 1.5e+01 1.96e-01  8e-02  2e-01 400:58.1
  618   7416 -2.375026973057705e-02 1.6e+01 1.77e-01  7e-02  2e-01 404:53.8
  624   7488 -2.405608994786785e-02 1.7e+01 1.76e-01  7e-02  2e-01 408:49.6
  630   7560 -2.448986710258406e-02 1.8e+01 1.60e-01  6e-02  2e-01 412:45.3
  636   7632 -2.423831474189780e-02 1.9e+01 1.25e-01  5e-02  1e-01 416:40.3
  642   7704 -2.459362838498861e-02 1.8e+01 1.18e-01  5e-02  1e-01 420:36.2
  648   7776 -2.470707678201245e-02 1.9e+01 1.04e-01  4e-02  1e-01 424:32.2
  654   7848 -2.462392498811208e-02 2.0e+01 9.68e-02  4e-02  1e-01 428:28.2
  660   7920 -2.492376441424516e-02 2.1e+01 1.11e-01  4e-02  1e-01 432:24.5
  666   7992 -2.480662525279921e-02 2.1e+01 1.08e-01  4e-02  1e-01 436:20.6
  672   8064 -2.485397402809399e-02 2.1e+01 1.03e-01  4e-02  1e-01 440:16.6
  678   8136 -2.491415578654641e-02 2.1e+01 9.68e-02  4e-02  1e-01 444:12.1
  684   8208 -2.505173593744623e-02 2.3e+01 1.08e-01  4e-02  1e-01 448:07.4
  690   8280 -2.508361855481437e-02 2.4e+01 8.99e-02  3e-02  9e-02 452:03.7
  696   8352 -2.509228652670875e-02 2.5e+01 7.07e-02  2e-02  7e-02 455:59.5
  700   8400 -2.510774238811998e-02 2.6e+01 5.48e-02  2e-02  6e-02 458:36.2
  706   8472 -2.515156934218859e-02 2.7e+01 4.51e-02  2e-02  5e-02 462:31.6
  712   8544 -2.515472243216615e-02 2.8e+01 4.34e-02  1e-02  5e-02 466:26.9
  718   8616 -2.519757401117939e-02 2.9e+01 3.83e-02  1e-02  4e-02 470:23.0
  724   8688 -2.518876695837552e-02 3.1e+01 3.79e-02  1e-02  4e-02 474:18.8
  730   8760 -2.521877268822613e-02 3.2e+01 2.84e-02  9e-03  3e-02 478:14.6
  736   8832 -2.524160032368434e-02 3.5e+01 3.16e-02  1e-02  3e-02 482:11.0
  742   8904 -2.527644993680096e-02 4.0e+01 5.00e-02  2e-02  6e-02 486:08.0
  748   8976 -2.527397160149420e-02 4.2e+01 7.33e-02  2e-02  9e-02 490:04.4
  754   9048 -2.532764320384540e-02 4.3e+01 7.48e-02  2e-02  9e-02 494:00.6
  760   9120 -2.538744333322313e-02 4.5e+01 8.36e-02  3e-02  1e-01 497:56.5
  766   9192 -2.532009714228629e-02 4.7e+01 8.16e-02  2e-02  1e-01 501:52.7
  772   9264 -2.539876397049667e-02 4.7e+01 7.03e-02  2e-02  9e-02 505:48.7
  778   9336 -2.540397363056984e-02 4.8e+01 5.90e-02  2e-02  7e-02 509:44.8
  784   9408 -2.542447910360531e-02 4.9e+01 4.64e-02  1e-02  6e-02 513:40.8
  790   9480 -2.545208002885025e-02 5.0e+01 3.96e-02  1e-02  5e-02 517:37.2
  796   9552 -2.545260584514878e-02 5.1e+01 3.17e-02  8e-03  4e-02 521:33.1
  800   9600 -2.545740642757675e-02 5.3e+01 3.21e-02  8e-03  4e-02 524:10.3
  806   9672 -2.546751537077373e-02 5.4e+01 3.00e-02  7e-03  4e-02 528:06.6
  812   9744 -2.547884630969917e-02 5.5e+01 3.11e-02  7e-03  4e-02 532:02.1
  818   9816 -2.548465096957741e-02 5.6e+01 3.57e-02  8e-03  5e-02 535:58.5
  825   9900 -2.549652312381698e-02 5.8e+01 2.96e-02  7e-03  4e-02 540:33.8
  832   9984 -2.550292320775531e-02 6.0e+01 3.28e-02  7e-03  5e-02 545:08.8
  839  10068 -2.551452465108291e-02 6.2e+01 3.72e-02  8e-03  5e-02 549:45.4
  846  10152 -2.551722355499947e-02 6.4e+01 3.38e-02  7e-03  5e-02 554:21.1
  853  10236 -2.552651695418022e-02 6.5e+01 2.85e-02  6e-03  4e-02 558:56.8
  860  10320 -2.553365499574846e-02 6.7e+01 3.39e-02  7e-03  5e-02 563:32.2
  867  10404 -2.553576988119021e-02 6.9e+01 2.80e-02  5e-03  4e-02 568:07.5
  874  10488 -2.555202488425687e-02 7.4e+01 2.97e-02  5e-03  5e-02 572:42.0
  881  10572 -2.556036915158107e-02 7.8e+01 3.02e-02  5e-03  5e-02 577:17.1
  888  10656 -2.556691975707365e-02 7.9e+01 3.14e-02  5e-03  5e-02 581:52.2
  895  10740 -2.557520097969183e-02 8.4e+01 3.55e-02  5e-03  6e-02 586:26.5
  900  10800 -2.557871506348361e-02 8.6e+01 3.26e-02  5e-03  5e-02 589:43.4
  907  10884 -2.558133702989821e-02 9.1e+01 3.49e-02  5e-03  6e-02 594:19.0
  914  10968 -2.558229852674567e-02 9.1e+01 3.89e-02  5e-03  6e-02 598:53.0
  921  11052 -2.558881175004488e-02 9.2e+01 3.40e-02  5e-03  6e-02 603:27.3
  928  11136 -2.559268993439105e-02 9.3e+01 2.62e-02  3e-03  4e-02 608:01.8
  935  11220 -2.559645277914795e-02 9.3e+01 2.72e-02  3e-03  4e-02 612:35.9
  942  11304 -2.559879239592332e-02 9.5e+01 2.51e-02  3e-03  4e-02 617:11.0
  949  11388 -2.560258040739803e-02 9.3e+01 2.36e-02  3e-03  4e-02 621:45.7
  956  11472 -2.561004482211705e-02 1.0e+02 2.89e-02  3e-03  5e-02 626:19.6
  963  11556 -2.561803740448728e-02 1.2e+02 4.04e-02  5e-03  8e-02 630:54.2
  970  11640 -2.562469180387840e-02 1.4e+02 4.37e-02  5e-03  1e-01 635:28.3
  977  11724 -2.563164039793335e-02 1.5e+02 3.46e-02  4e-03  8e-02 640:01.6
  984  11808 -2.562878225637437e-02 1.6e+02 4.22e-02  5e-03  1e-01 644:35.0
  991  11892 -2.563571240475245e-02 1.7e+02 4.09e-02  5e-03  1e-01 649:09.2
  998  11976 -2.565126189788965e-02 1.8e+02 3.74e-02  5e-03  9e-02 653:42.9
 1000  12000 -2.566082039928991e-02 1.8e+02 3.87e-02  5e-03  9e-02 655:01.3
Budget constraint satisfied 157.42727661132812 280.6351509094238 Difference:  123.2078742980957
Budget constraint satisfied 160.43186569213867 280.6351509094238 Difference:  120.20328521728516
two_most_probable_states: ['10000000010', '00000100010']
final_expectation_value: -0.025660820399289908
params: [-2.4897454319027688, 2.4765860892507225, -4.757452214297271, 3.613193147790421, -1.3742032566409532, 5.0292276491142625, -10.864632704085043, 6.519622627164088, -4.051886230540139, -1.6748150444787095, -2.8001532259327546, -1.8806284833388394, 7.277135973326384, -6.942872997549466, -5.193000132266039, 2.3293817384239146, -18.178017027076177, -2.96404600782084, 19.42728890716951, -1.2472648265419897]
total_steps: 1000
states_probs: [0.020275085623350543, 0.020351201883313484]
optimized_portfolios: [{'CSCO': 1, 'HON': 0, 'IBM': 0, 'KO': 0, 'MCD': 0, 'MRK': 1}, {'CSCO': 0, 'HON': 0, 'IBM': 0, 'KO': 1, 'MCD': 0, 'MRK': 1}]
objective_values: [-7.6255181176414, -8.926615396176487]
result_with_budget: [{'portfolio': {'CSCO': 1, 'HON': 0, 'IBM': 0, 'KO': 0, 'MCD': 0, 'MRK': 1}, 'budget': 157.42727661132812, 'difference': 123.2078742980957}, {'portfolio': {'CSCO': 0, 'HON': 0, 'IBM': 0, 'KO': 1, 'MCD': 0, 'MRK': 1}, 'budget': 160.43186569213867, 'difference': 120.20328521728516}]
Skipping experiment 330 (already processed)
Skipping experiment 331 (already processed)
Skipping experiment 332 (already processed)
Skipping experiment 333 (already processed)
Skipping experiment 334 (already processed)
Batch 29/39 completed. Results saved to portfolio_optimization_results_batch_28.json
Job finished at Wed Mar 19 03:40:23 EET 2025
