Running job array 12 on pe60.int.triton.aalto.fi
Starting at Sat Mar 22 11:04:28 EET 2025
Activating virtual environment at /scratch/work/uotilav2/quantum-portfolio/venv
Processing batch 13/100: experiments 12 to 12 (total 1)
Processing experiment 12
Budget: 622
YF.download() has changed argument auto_adjust default to True
Number of qubits for asset JPM: 2
Number of qubits for asset VZ: 4
Number of qubits for asset WBA: 7
Total number of qubits:  13
Optimized Weights (considering variance, skewness and kurtosis):
JPM: 91.81%
VZ: 8.19%
WBA: 0.00%
Left over budget:  29.135863801856203
Optimized Discrete Allocation:
JPM: 2
VZ: 2
WBA: 4
Maximized utility from continuous higher moments:  -9.859891086624035
Budget constraint not satisfied 622.8278560638428 622 Difference:  -0.8278560638427734
Budget constraint satisfied 620.8541355133057 622 Difference:  1.145864486694336
smallest_eigenvalues: [-0.08877254100005999]
smallest_bitstrings: ['0111001100000']
first_excited_energy: -0.08876989641530234
optimized_portfolio: [{'JPM': 2, 'VZ': 3, 'WBA': 3}]
second_optimized_portfolio: [{'JPM': 2, 'VZ': 2, 'WBA': 7}]
result_with_budget: [{'portfolio': {'JPM': 2, 'VZ': 3, 'WBA': 3}, 'budget': 622.8278560638428, 'difference': -0.8278560638427734, 'objective_value': -2.048089055347391}]
result_with_budget_excited: [{'portfolio': {'JPM': 2, 'VZ': 2, 'WBA': 7}, 'budget': 620.8541355133057, 'difference': 1.145864486694336, 'objective_value': -99.72686812428152}]
Initial params:  [2.51063067 1.44978017 2.45210473 0.37157007 2.01037118 0.45035763
 2.96776493 1.63943485 1.3026989  0.83112597 2.43232687 1.43303853
 1.78578792 0.0590299  1.94035914 1.92295543 1.93815531 2.96487203
 2.14200164 1.12942738]
(6_w,12)-aCMA-ES (mu_w=3.7,w_1=40%) in dimension 20 (seed=736828, Sat Mar 22 11:08:29 2025)
Iterat #Fevals   function value  axis ratio  sigma  min&max std  t[m:s]
    1     12 -3.763601343002796e-02 1.0e+00 9.61e-02  1e-01  1e-01 1:31.8
    2     24 -4.937899775043381e-02 1.1e+00 9.63e-02  1e-01  1e-01 3:04.1
    3     36 -5.339979710691532e-02 1.1e+00 1.02e-01  1e-01  1e-01 4:36.9
    4     48 -5.040854952004977e-02 1.2e+00 1.01e-01  1e-01  1e-01 6:08.8
    5     60 -5.504059169773411e-02 1.3e+00 1.04e-01  1e-01  1e-01 7:40.7
    6     72 -5.697091759320497e-02 1.3e+00 1.08e-01  1e-01  1e-01 9:13.0
    7     84 -5.479309148163382e-02 1.3e+00 1.11e-01  1e-01  1e-01 10:45.3
    8     96 -5.476217317851350e-02 1.4e+00 1.10e-01  1e-01  1e-01 12:17.8
    9    108 -5.446854856687330e-02 1.4e+00 1.09e-01  1e-01  1e-01 13:49.8
   10    120 -5.306699856813847e-02 1.5e+00 1.02e-01  1e-01  1e-01 15:22.0
   11    132 -5.686498127220844e-02 1.5e+00 9.90e-02  9e-02  1e-01 16:54.1
   12    144 -5.553425474130390e-02 1.5e+00 9.94e-02  9e-02  1e-01 18:26.6
   13    156 -5.744806943197123e-02 1.5e+00 1.02e-01  9e-02  1e-01 19:59.3
   14    168 -5.586018330902309e-02 1.5e+00 1.03e-01  1e-01  1e-01 21:31.5
   15    180 -5.574643023604801e-02 1.6e+00 1.02e-01  9e-02  1e-01 23:03.7
   16    192 -5.861265036407445e-02 1.6e+00 1.07e-01  1e-01  1e-01 24:35.8
   17    204 -5.705389398006654e-02 1.6e+00 1.12e-01  1e-01  1e-01 26:08.0
   18    216 -5.435960984242402e-02 1.7e+00 1.09e-01  1e-01  1e-01 27:40.7
   19    228 -5.782564088178724e-02 1.7e+00 1.05e-01  1e-01  1e-01 29:12.9
   20    240 -5.748387933186052e-02 1.7e+00 1.00e-01  9e-02  1e-01 30:45.2
   21    252 -5.933749113348317e-02 1.7e+00 1.02e-01  9e-02  1e-01 32:17.4
   22    264 -5.883120195057724e-02 1.8e+00 1.05e-01  9e-02  1e-01 33:49.3
   23    276 -6.117988419922168e-02 1.8e+00 1.04e-01  9e-02  1e-01 35:19.7
   24    288 -5.903608154378693e-02 1.8e+00 1.04e-01  9e-02  1e-01 36:48.2
   25    300 -5.994779689356786e-02 1.9e+00 1.05e-01  9e-02  1e-01 38:16.8
   26    312 -6.138195660933499e-02 1.9e+00 1.05e-01  9e-02  1e-01 39:45.2
   27    324 -5.813541721305945e-02 1.9e+00 1.05e-01  9e-02  1e-01 41:13.6
   28    336 -5.840996040365123e-02 1.9e+00 1.06e-01  9e-02  1e-01 42:42.4
   29    348 -5.760262611523125e-02 1.9e+00 1.10e-01  1e-01  1e-01 44:10.9
   30    360 -5.650689661334593e-02 1.9e+00 1.17e-01  1e-01  1e-01 45:39.4
   31    372 -5.500283689819656e-02 2.0e+00 1.19e-01  1e-01  1e-01 47:07.7
   32    384 -5.236005702098342e-02 2.0e+00 1.27e-01  1e-01  1e-01 48:36.2
   33    396 -5.480717214160372e-02 2.0e+00 1.29e-01  1e-01  1e-01 50:04.5
   34    408 -5.569186039681203e-02 2.0e+00 1.24e-01  1e-01  1e-01 51:33.0
   35    420 -5.678453035962106e-02 2.0e+00 1.22e-01  1e-01  1e-01 53:01.6
   36    432 -5.751454876954232e-02 2.0e+00 1.18e-01  1e-01  1e-01 54:30.2
   37    444 -5.535450600163076e-02 2.1e+00 1.14e-01  1e-01  1e-01 55:58.8
   38    456 -5.520049053061015e-02 2.1e+00 1.12e-01  1e-01  1e-01 57:27.1
   39    468 -5.718073883039319e-02 2.1e+00 1.11e-01  1e-01  1e-01 58:55.4
   40    480 -6.229271906627930e-02 2.2e+00 1.16e-01  1e-01  1e-01 60:23.5
   41    492 -6.259534018577977e-02 2.2e+00 1.19e-01  1e-01  1e-01 61:51.7
   42    504 -6.071217413791865e-02 2.2e+00 1.22e-01  1e-01  1e-01 63:19.8
   43    516 -6.104758356714543e-02 2.2e+00 1.22e-01  1e-01  1e-01 64:48.0
   44    528 -6.043895095896577e-02 2.3e+00 1.20e-01  1e-01  1e-01 66:16.4
   45    540 -6.233056191052896e-02 2.3e+00 1.19e-01  1e-01  1e-01 67:44.9
   46    552 -6.086944740912963e-02 2.3e+00 1.22e-01  1e-01  1e-01 69:13.5
   47    564 -6.081706207104955e-02 2.4e+00 1.29e-01  1e-01  1e-01 70:41.5
   48    576 -6.070791926574493e-02 2.4e+00 1.29e-01  1e-01  1e-01 72:09.9
   49    588 -6.036434388002632e-02 2.4e+00 1.29e-01  1e-01  1e-01 73:37.9
   50    600 -6.320215006670886e-02 2.5e+00 1.24e-01  1e-01  1e-01 75:06.2
   51    612 -6.255154246513737e-02 2.5e+00 1.23e-01  1e-01  1e-01 76:34.7
   52    624 -6.404460435741563e-02 2.5e+00 1.23e-01  1e-01  1e-01 78:02.6
   53    636 -6.323623689503012e-02 2.6e+00 1.20e-01  1e-01  1e-01 79:30.6
   54    648 -6.235752822646826e-02 2.6e+00 1.14e-01  1e-01  1e-01 80:59.3
   55    660 -6.351456478699408e-02 2.7e+00 1.08e-01  9e-02  1e-01 82:27.8
   56    672 -6.295630276811220e-02 2.7e+00 1.05e-01  9e-02  1e-01 83:56.0
   57    684 -6.378915708880079e-02 2.7e+00 1.02e-01  9e-02  1e-01 85:24.3
   58    696 -6.307737080145628e-02 2.8e+00 9.83e-02  8e-02  1e-01 86:52.4
   59    708 -6.394620614965010e-02 2.8e+00 9.34e-02  8e-02  1e-01 88:20.8
   60    720 -6.408809155096140e-02 2.9e+00 8.86e-02  7e-02  1e-01 89:49.2
   61    732 -6.486363791209832e-02 2.9e+00 8.50e-02  7e-02  9e-02 91:18.1
   62    744 -6.364098800942128e-02 2.9e+00 7.88e-02  7e-02  9e-02 92:45.9
   63    756 -6.449216374158126e-02 2.9e+00 7.46e-02  6e-02  8e-02 94:14.1
   64    768 -6.405640279733044e-02 3.0e+00 7.40e-02  6e-02  8e-02 95:42.2
   65    780 -6.537026211003835e-02 3.0e+00 7.14e-02  6e-02  8e-02 97:10.2
   66    792 -6.464929644938140e-02 3.1e+00 6.49e-02  5e-02  7e-02 98:38.9
   67    804 -6.455190112589985e-02 3.1e+00 6.23e-02  5e-02  7e-02 100:07.1
   68    816 -6.500129463431475e-02 3.2e+00 6.34e-02  5e-02  7e-02 101:33.4
   69    828 -6.556270709959118e-02 3.2e+00 6.39e-02  5e-02  7e-02 103:01.4
   70    840 -6.607203507909147e-02 3.2e+00 6.46e-02  6e-02  7e-02 104:29.2
   71    852 -6.587525176915644e-02 3.2e+00 6.48e-02  6e-02  7e-02 105:57.3
   72    864 -6.560589509241775e-02 3.2e+00 6.34e-02  5e-02  7e-02 107:25.0
   73    876 -6.570519560274254e-02 3.2e+00 6.26e-02  5e-02  7e-02 108:53.2
   74    888 -6.563008148004566e-02 3.2e+00 6.23e-02  5e-02  7e-02 110:21.9
   75    900 -6.565675473048545e-02 3.3e+00 6.18e-02  5e-02  7e-02 111:50.0
   76    912 -6.564595898087977e-02 3.4e+00 6.18e-02  5e-02  7e-02 113:18.2
   77    924 -6.572695677225925e-02 3.4e+00 6.39e-02  6e-02  7e-02 114:46.1
   78    936 -6.613377667547650e-02 3.5e+00 6.46e-02  6e-02  7e-02 116:13.8
   79    948 -6.618068230591843e-02 3.5e+00 6.33e-02  5e-02  7e-02 117:42.2
   80    960 -6.668163122894950e-02 3.6e+00 6.23e-02  5e-02  7e-02 119:10.4
   81    972 -6.621149408532273e-02 3.7e+00 5.97e-02  5e-02  7e-02 120:38.9
   82    984 -6.634182991727859e-02 3.7e+00 5.69e-02  5e-02  7e-02 122:07.0
   83    996 -6.614050133659785e-02 3.8e+00 5.39e-02  5e-02  6e-02 123:35.1
   84   1008 -6.667660971819304e-02 3.8e+00 5.34e-02  5e-02  6e-02 125:03.4
   85   1020 -6.613018944403766e-02 3.8e+00 5.45e-02  5e-02  6e-02 126:32.3
   86   1032 -6.700876339054257e-02 3.9e+00 5.47e-02  5e-02  6e-02 128:00.5
   87   1044 -6.669274312612108e-02 3.9e+00 5.39e-02  5e-02  6e-02 129:29.0
   88   1056 -6.701883825646407e-02 4.0e+00 5.45e-02  5e-02  6e-02 130:57.4
   89   1068 -6.730487145035166e-02 4.1e+00 5.42e-02  5e-02  6e-02 132:26.0
   91   1092 -6.739994023322088e-02 4.3e+00 5.53e-02  5e-02  7e-02 135:22.7
   93   1116 -6.777191455400094e-02 4.5e+00 5.89e-02  5e-02  7e-02 138:19.8
   95   1140 -6.856450347578796e-02 4.7e+00 6.50e-02  6e-02  8e-02 141:16.7
   97   1164 -6.821131721025510e-02 5.0e+00 7.38e-02  6e-02  9e-02 144:12.9
   99   1188 -6.932882192441098e-02 5.2e+00 7.97e-02  7e-02  1e-01 147:09.7
  100   1200 -6.893371848488475e-02 5.3e+00 8.14e-02  7e-02  1e-01 148:39.3
  102   1224 -6.788407405730347e-02 5.4e+00 7.19e-02  6e-02  9e-02 151:35.8
  104   1248 -6.975602184945656e-02 5.6e+00 6.76e-02  6e-02  8e-02 154:32.8
  106   1272 -6.860245425582742e-02 5.7e+00 7.30e-02  6e-02  9e-02 157:29.2
  108   1296 -6.903385564553188e-02 5.8e+00 7.63e-02  6e-02  1e-01 160:25.7
  110   1320 -6.963255094355886e-02 5.7e+00 7.67e-02  7e-02  1e-01 163:22.8
  112   1344 -6.914127298894711e-02 5.7e+00 8.28e-02  7e-02  1e-01 166:19.4
  114   1368 -6.998139846711741e-02 5.8e+00 8.67e-02  8e-02  1e-01 169:15.0
  116   1392 -7.038316565549710e-02 5.8e+00 8.72e-02  8e-02  1e-01 172:10.8
  118   1416 -7.049109447849884e-02 6.0e+00 9.08e-02  8e-02  1e-01 175:07.5
  120   1440 -6.996214477492251e-02 6.1e+00 8.31e-02  7e-02  1e-01 178:03.7
  122   1464 -6.951722021609597e-02 6.1e+00 8.18e-02  7e-02  1e-01 180:59.3
  124   1488 -7.030673022569893e-02 6.1e+00 7.88e-02  7e-02  1e-01 183:56.0
  126   1512 -7.013244593286054e-02 6.3e+00 7.43e-02  6e-02  1e-01 186:52.1
  128   1536 -7.061057468231169e-02 6.3e+00 6.96e-02  6e-02  9e-02 189:47.4
  130   1560 -7.000269933237899e-02 6.4e+00 6.72e-02  6e-02  9e-02 192:44.0
  132   1584 -7.066307954324948e-02 6.7e+00 6.65e-02  6e-02  9e-02 195:40.3
  134   1608 -7.102581340347897e-02 6.7e+00 6.15e-02  5e-02  8e-02 198:36.7
  136   1632 -7.151015804167123e-02 6.9e+00 6.21e-02  5e-02  8e-02 201:32.8
  138   1656 -7.133173713325207e-02 7.0e+00 6.21e-02  5e-02  8e-02 204:29.4
  140   1680 -7.189498294613805e-02 7.2e+00 6.82e-02  6e-02  9e-02 207:25.7
  142   1704 -7.220803262455408e-02 7.2e+00 7.08e-02  6e-02  9e-02 210:21.6
  144   1728 -7.182171852157321e-02 7.2e+00 7.36e-02  6e-02  1e-01 213:17.9
  146   1752 -7.220381627262984e-02 7.2e+00 7.48e-02  6e-02  1e-01 216:14.2
  148   1776 -7.226957150628273e-02 7.1e+00 7.26e-02  6e-02  1e-01 219:10.9
  150   1800 -7.210708776472720e-02 7.2e+00 6.59e-02  6e-02  9e-02 222:07.9
  152   1824 -7.184669825761895e-02 7.2e+00 6.23e-02  5e-02  8e-02 225:04.9
  154   1848 -7.206251342070287e-02 7.3e+00 5.57e-02  5e-02  7e-02 228:02.1
  156   1872 -7.192413114800450e-02 7.4e+00 4.88e-02  4e-02  7e-02 230:59.0
  158   1896 -7.213885326822392e-02 7.4e+00 4.53e-02  4e-02  6e-02 233:56.5
  160   1920 -7.244551488211860e-02 7.5e+00 4.37e-02  3e-02  6e-02 236:53.4
  162   1944 -7.273543767644514e-02 7.6e+00 4.53e-02  4e-02  6e-02 239:50.4
  164   1968 -7.309466436945705e-02 7.7e+00 4.86e-02  4e-02  6e-02 242:48.0
  166   1992 -7.335313320205580e-02 7.8e+00 5.49e-02  4e-02  7e-02 245:44.6
  168   2016 -7.348309429529733e-02 8.0e+00 5.92e-02  5e-02  8e-02 248:41.5
  170   2040 -7.323403518861452e-02 8.3e+00 6.16e-02  5e-02  8e-02 251:38.7
  172   2064 -7.358800022154476e-02 8.7e+00 5.83e-02  5e-02  8e-02 254:36.0
  174   2088 -7.354640232182372e-02 9.0e+00 5.62e-02  4e-02  7e-02 257:32.9
  176   2112 -7.375553985733753e-02 9.2e+00 5.35e-02  4e-02  7e-02 260:29.2
  178   2136 -7.403039792404667e-02 9.3e+00 5.15e-02  4e-02  7e-02 263:26.2
  180   2160 -7.409443239469166e-02 9.4e+00 5.10e-02  4e-02  7e-02 266:22.3
  182   2184 -7.430267648520392e-02 9.8e+00 5.18e-02  4e-02  7e-02 269:18.4
  184   2208 -7.430337107460125e-02 1.0e+01 5.25e-02  4e-02  7e-02 272:15.2
  186   2232 -7.428940542019737e-02 1.1e+01 5.48e-02  4e-02  8e-02 275:11.7
  188   2256 -7.444949530469955e-02 1.1e+01 5.44e-02  4e-02  8e-02 278:08.1
  190   2280 -7.448533523698313e-02 1.2e+01 5.64e-02  4e-02  8e-02 281:04.3
  192   2304 -7.448541322495168e-02 1.2e+01 5.63e-02  4e-02  8e-02 284:00.9
  194   2328 -7.457337957381636e-02 1.2e+01 4.92e-02  4e-02  7e-02 286:57.3
  196   2352 -7.456609534573197e-02 1.3e+01 4.77e-02  3e-02  7e-02 289:53.6
  198   2376 -7.456600508107082e-02 1.3e+01 4.38e-02  3e-02  6e-02 292:50.2
  200   2400 -7.448458619948045e-02 1.3e+01 4.13e-02  3e-02  6e-02 295:46.8
  202   2424 -7.455311628079515e-02 1.3e+01 4.04e-02  3e-02  6e-02 298:43.1
  204   2448 -7.450764070204337e-02 1.3e+01 3.79e-02  3e-02  5e-02 301:39.6
  206   2472 -7.462450441109472e-02 1.3e+01 3.65e-02  2e-02  5e-02 304:35.9
  208   2496 -7.464334744467203e-02 1.4e+01 3.52e-02  2e-02  5e-02 307:32.1
  210   2520 -7.463959704198539e-02 1.4e+01 3.37e-02  2e-02  5e-02 310:28.9
  212   2544 -7.470382589133134e-02 1.4e+01 3.04e-02  2e-02  4e-02 313:25.2
  214   2568 -7.474451009527006e-02 1.4e+01 2.81e-02  2e-02  4e-02 316:21.4
  216   2592 -7.473341992410244e-02 1.4e+01 2.78e-02  2e-02  4e-02 319:18.0
  218   2616 -7.474811219667135e-02 1.5e+01 2.53e-02  2e-02  4e-02 322:14.8
  220   2640 -7.479196016833223e-02 1.5e+01 2.41e-02  2e-02  3e-02 325:11.3
  222   2664 -7.477951586850988e-02 1.5e+01 2.29e-02  1e-02  3e-02 328:07.4
  224   2688 -7.480325793243754e-02 1.5e+01 2.20e-02  1e-02  3e-02 331:04.3
  226   2712 -7.479019869047158e-02 1.5e+01 2.24e-02  1e-02  3e-02 334:00.7
  228   2736 -7.481402940168054e-02 1.5e+01 2.28e-02  1e-02  3e-02 336:56.9
  230   2760 -7.484696315330398e-02 1.5e+01 2.16e-02  1e-02  3e-02 339:53.5
  232   2784 -7.484887944779990e-02 1.5e+01 2.05e-02  1e-02  3e-02 342:49.8
  234   2808 -7.484242594261485e-02 1.5e+01 2.01e-02  1e-02  3e-02 345:46.5
  236   2832 -7.483878135666616e-02 1.6e+01 1.92e-02  1e-02  3e-02 348:42.7
  238   2856 -7.485684037716753e-02 1.6e+01 1.85e-02  1e-02  3e-02 351:39.0
  240   2880 -7.487740602198061e-02 1.6e+01 1.75e-02  1e-02  3e-02 354:34.6
  242   2904 -7.489366736813291e-02 1.6e+01 1.69e-02  1e-02  2e-02 357:30.4
  244   2928 -7.490291186724916e-02 1.6e+01 1.68e-02  1e-02  2e-02 360:26.3
  246   2952 -7.492822011039293e-02 1.7e+01 1.79e-02  1e-02  3e-02 363:21.4
  248   2976 -7.495104429935627e-02 1.7e+01 1.95e-02  1e-02  3e-02 366:17.5
  250   3000 -7.496616912543695e-02 1.7e+01 1.94e-02  1e-02  3e-02 369:13.8
  252   3024 -7.492370531418890e-02 1.7e+01 1.87e-02  1e-02  3e-02 372:09.6
  254   3048 -7.495546023716849e-02 1.7e+01 1.77e-02  1e-02  3e-02 375:05.5
  256   3072 -7.497891706227337e-02 1.8e+01 1.84e-02  1e-02  3e-02 378:01.2
  258   3096 -7.501454365673527e-02 1.8e+01 1.99e-02  1e-02  3e-02 380:57.6
  260   3120 -7.502771961706103e-02 1.8e+01 2.11e-02  1e-02  3e-02 383:53.3
  262   3144 -7.503461986965750e-02 1.8e+01 2.17e-02  1e-02  3e-02 386:49.2
  264   3168 -7.508043658093959e-02 1.8e+01 2.39e-02  1e-02  3e-02 389:45.6
  267   3204 -7.514207643005742e-02 1.9e+01 2.70e-02  2e-02  4e-02 394:09.6
  270   3240 -7.517525331163283e-02 2.1e+01 3.32e-02  2e-02  5e-02 398:34.6
  273   3276 -7.519412171472993e-02 2.2e+01 4.05e-02  2e-02  6e-02 402:59.4
  276   3312 -7.516088828544130e-02 2.4e+01 4.27e-02  3e-02  6e-02 407:23.8
  279   3348 -7.516640981239499e-02 2.4e+01 4.54e-02  3e-02  7e-02 411:49.0
  282   3384 -7.536308611996995e-02 2.4e+01 4.46e-02  3e-02  6e-02 416:13.5
  285   3420 -7.534289416139238e-02 2.5e+01 4.90e-02  3e-02  7e-02 420:38.4
  288   3456 -7.544250181320571e-02 2.6e+01 5.34e-02  3e-02  7e-02 425:03.3
  291   3492 -7.533927458509636e-02 2.7e+01 6.52e-02  4e-02  1e-01 429:27.8
  294   3528 -7.526245062276644e-02 2.7e+01 6.87e-02  4e-02  1e-01 433:52.8
  297   3564 -7.537121544313892e-02 2.8e+01 6.62e-02  4e-02  1e-01 438:18.1
  300   3600 -7.537866252983574e-02 2.9e+01 5.87e-02  4e-02  9e-02 442:43.0
  303   3636 -7.559421564124026e-02 2.9e+01 4.96e-02  3e-02  8e-02 447:07.9
  306   3672 -7.571182369174879e-02 3.0e+01 4.57e-02  3e-02  7e-02 451:32.7
  309   3708 -7.568353333231426e-02 3.1e+01 4.33e-02  3e-02  7e-02 455:58.1
  312   3744 -7.583596671846522e-02 3.3e+01 4.25e-02  3e-02  7e-02 460:23.4
  315   3780 -7.592832711812031e-02 3.5e+01 3.96e-02  2e-02  7e-02 464:48.4
  318   3816 -7.593817169058308e-02 3.5e+01 3.67e-02  2e-02  7e-02 469:13.7
  321   3852 -7.600470749274861e-02 3.7e+01 3.71e-02  2e-02  7e-02 473:38.7
  324   3888 -7.603180362589282e-02 3.9e+01 4.19e-02  3e-02  8e-02 478:03.7
  327   3924 -7.615282756300086e-02 4.1e+01 4.03e-02  2e-02  8e-02 482:28.3
  330   3960 -7.613302609891821e-02 4.3e+01 3.78e-02  2e-02  8e-02 486:53.6
  333   3996 -7.614302114389096e-02 4.5e+01 3.69e-02  2e-02  8e-02 491:18.7
  336   4032 -7.619828051618224e-02 4.6e+01 3.26e-02  2e-02  7e-02 495:43.4
  339   4068 -7.619686982648706e-02 4.7e+01 3.02e-02  2e-02  7e-02 500:09.2
  342   4104 -7.626660821914523e-02 4.7e+01 2.77e-02  2e-02  6e-02 504:34.2
  345   4140 -7.626254214140873e-02 4.7e+01 2.82e-02  2e-02  6e-02 508:59.7
  348   4176 -7.629532495858819e-02 4.7e+01 2.71e-02  2e-02  6e-02 513:24.9
  351   4212 -7.632348184022508e-02 4.7e+01 2.77e-02  2e-02  6e-02 517:49.9
  354   4248 -7.633913898440768e-02 4.7e+01 2.76e-02  2e-02  6e-02 522:15.8
  357   4284 -7.641874151050117e-02 4.9e+01 3.03e-02  2e-02  7e-02 526:40.8
  360   4320 -7.641620104260947e-02 5.0e+01 3.33e-02  2e-02  8e-02 531:06.1
  363   4356 -7.642298353740178e-02 5.0e+01 3.63e-02  2e-02  9e-02 535:31.1
  366   4392 -7.641609696389459e-02 5.1e+01 3.29e-02  2e-02  8e-02 539:55.7
  369   4428 -7.645932179113774e-02 5.3e+01 3.13e-02  2e-02  8e-02 544:20.9
  372   4464 -7.651991248184938e-02 5.4e+01 3.13e-02  2e-02  8e-02 548:46.0
  375   4500 -7.653070374262762e-02 5.5e+01 2.95e-02  2e-02  7e-02 553:11.2
  378   4536 -7.654414877663789e-02 5.5e+01 2.99e-02  2e-02  8e-02 557:36.1
  381   4572 -7.653137892411245e-02 5.8e+01 2.92e-02  1e-02  7e-02 562:00.8
  384   4608 -7.654655246513997e-02 5.8e+01 2.56e-02  1e-02  7e-02 566:26.4
  387   4644 -7.654683295064448e-02 5.8e+01 2.18e-02  1e-02  6e-02 570:51.2
  390   4680 -7.659445192844558e-02 5.9e+01 2.09e-02  1e-02  5e-02 575:16.3
  393   4716 -7.661429935228772e-02 6.0e+01 2.33e-02  1e-02  6e-02 579:41.4
  396   4752 -7.657907933011886e-02 6.1e+01 2.31e-02  1e-02  6e-02 584:06.2
  399   4788 -7.661793401680168e-02 6.4e+01 2.25e-02  1e-02  6e-02 588:31.9
  400   4800 -7.663476539229808e-02 6.3e+01 2.21e-02  1e-02  6e-02 590:00.3
  403   4836 -7.664828598226289e-02 6.5e+01 2.14e-02  1e-02  6e-02 594:25.8
  406   4872 -7.667880315539993e-02 6.6e+01 2.28e-02  1e-02  6e-02 598:51.3
  409   4908 -7.668387586856890e-02 6.8e+01 2.43e-02  1e-02  6e-02 603:16.2
  412   4944 -7.670568518375154e-02 6.9e+01 2.53e-02  1e-02  7e-02 607:41.1
  415   4980 -7.670240634292792e-02 6.9e+01 2.76e-02  1e-02  7e-02 612:06.0
  418   5016 -7.678287789732316e-02 7.0e+01 2.92e-02  1e-02  8e-02 616:30.9
  421   5052 -7.679027893852516e-02 7.1e+01 2.94e-02  1e-02  8e-02 620:54.9
  424   5088 -7.679642080512358e-02 7.0e+01 3.30e-02  2e-02  9e-02 625:19.6
  427   5124 -7.682906985681559e-02 6.9e+01 3.58e-02  2e-02  9e-02 629:44.1
  430   5160 -7.687137054665479e-02 7.0e+01 3.53e-02  2e-02  9e-02 634:09.3
  433   5196 -7.689844693473250e-02 7.2e+01 3.63e-02  2e-02  1e-01 638:34.0
  436   5232 -7.689163724066568e-02 7.2e+01 3.57e-02  2e-02  9e-02 642:58.9
  439   5268 -7.694081152521318e-02 7.2e+01 3.55e-02  1e-02  9e-02 647:23.6
  442   5304 -7.700144586126392e-02 7.4e+01 3.41e-02  1e-02  9e-02 651:48.2
  445   5340 -7.702631998400096e-02 7.5e+01 3.40e-02  1e-02  9e-02 656:13.3
  448   5376 -7.705307252128313e-02 7.7e+01 3.33e-02  1e-02  9e-02 660:38.2
  451   5412 -7.707687780655276e-02 8.1e+01 3.56e-02  1e-02  1e-01 665:03.4
  454   5448 -7.715018298863503e-02 8.6e+01 3.62e-02  1e-02  1e-01 669:28.3
  457   5484 -7.711696619683560e-02 8.9e+01 3.29e-02  1e-02  9e-02 673:52.7
  460   5520 -7.722165342120638e-02 8.8e+01 3.15e-02  1e-02  9e-02 678:17.7
  463   5556 -7.723325435622906e-02 9.2e+01 3.36e-02  1e-02  1e-01 682:42.2
  466   5592 -7.727445297233781e-02 9.5e+01 3.65e-02  1e-02  1e-01 687:06.2
  469   5628 -7.725460084812499e-02 9.9e+01 3.76e-02  1e-02  1e-01 691:30.6
  472   5664 -7.729051099241421e-02 1.0e+02 3.80e-02  1e-02  1e-01 695:55.0
  475   5700 -7.734129420139732e-02 1.0e+02 3.76e-02  1e-02  1e-01 700:18.8
  478   5736 -7.736585806223385e-02 1.1e+02 3.49e-02  1e-02  1e-01 704:42.5
  481   5772 -7.734604492903108e-02 1.1e+02 3.38e-02  1e-02  1e-01 709:05.9
  484   5808 -7.744302170546093e-02 1.1e+02 3.34e-02  1e-02  1e-01 713:30.3
  487   5844 -7.744562441062477e-02 1.1e+02 3.73e-02  1e-02  1e-01 717:54.1
  490   5880 -7.739968725993850e-02 1.2e+02 3.63e-02  1e-02  1e-01 722:18.5
  493   5916 -7.744209426398754e-02 1.2e+02 4.08e-02  1e-02  1e-01 726:43.1
  496   5952 -7.739797677665536e-02 1.2e+02 4.21e-02  1e-02  1e-01 731:06.5
  499   5988 -7.740221800760665e-02 1.2e+02 3.68e-02  1e-02  1e-01 735:30.9
  500   6000 -7.740407061951536e-02 1.2e+02 3.54e-02  1e-02  1e-01 736:58.8
  503   6036 -7.746344737727133e-02 1.2e+02 3.17e-02  1e-02  9e-02 741:23.2
  506   6072 -7.745515175145620e-02 1.2e+02 3.12e-02  1e-02  9e-02 745:46.9
  509   6108 -7.745400458897506e-02 1.2e+02 2.71e-02  9e-03  8e-02 750:11.2
  512   6144 -7.746329759719386e-02 1.2e+02 2.40e-02  8e-03  7e-02 754:35.6
  515   6180 -7.746635063364106e-02 1.2e+02 2.61e-02  8e-03  8e-02 759:00.6
  518   6216 -7.749314578655442e-02 1.2e+02 2.52e-02  8e-03  8e-02 763:25.0
  521   6252 -7.749398567455480e-02 1.2e+02 2.19e-02  7e-03  6e-02 767:49.1
  524   6288 -7.752790915342202e-02 1.2e+02 2.34e-02  7e-03  7e-02 772:14.5
  528   6336 -7.752169081120819e-02 1.3e+02 2.79e-02  9e-03  9e-02 778:06.1
  532   6384 -7.757121693339769e-02 1.3e+02 3.26e-02  1e-02  1e-01 783:58.8
  536   6432 -7.756651349095915e-02 1.3e+02 3.89e-02  1e-02  1e-01 789:51.8
  540   6480 -7.760981363113213e-02 1.3e+02 4.21e-02  1e-02  1e-01 795:44.9
  544   6528 -7.761172416382951e-02 1.3e+02 4.09e-02  1e-02  1e-01 801:37.9
  548   6576 -7.759684533266456e-02 1.4e+02 3.41e-02  1e-02  1e-01 807:30.9
  552   6624 -7.764855048643610e-02 1.4e+02 3.48e-02  1e-02  1e-01 813:23.5
  556   6672 -7.763382247637815e-02 1.3e+02 3.00e-02  8e-03  1e-01 819:16.2
  560   6720 -7.765599152178379e-02 1.3e+02 2.92e-02  8e-03  9e-02 825:09.3
  564   6768 -7.768054022602469e-02 1.3e+02 2.55e-02  7e-03  8e-02 831:01.7
  568   6816 -7.770194137540480e-02 1.3e+02 2.19e-02  6e-03  7e-02 836:54.4
  572   6864 -7.770609386838623e-02 1.3e+02 2.14e-02  5e-03  7e-02 842:46.6
  576   6912 -7.773825237554194e-02 1.3e+02 2.10e-02  5e-03  7e-02 848:39.0
  580   6960 -7.776655544369808e-02 1.3e+02 2.52e-02  6e-03  8e-02 854:31.6
  584   7008 -7.778561047096241e-02 1.3e+02 2.85e-02  7e-03  1e-01 860:24.0
  588   7056 -7.782441829557127e-02 1.4e+02 3.44e-02  9e-03  1e-01 866:16.1
  592   7104 -7.782809999613570e-02 1.4e+02 3.80e-02  1e-02  1e-01 872:08.3
  596   7152 -7.788444271864646e-02 1.3e+02 3.70e-02  9e-03  1e-01 878:00.0
  600   7200 -7.792260118948049e-02 1.3e+02 3.82e-02  9e-03  1e-01 883:52.6
  604   7248 -7.795247348155829e-02 1.3e+02 4.49e-02  1e-02  2e-01 889:45.1
  608   7296 -7.797466941450264e-02 1.4e+02 5.09e-02  1e-02  2e-01 895:36.1
  612   7344 -7.799546247832982e-02 1.4e+02 4.95e-02  1e-02  2e-01 901:27.3
  616   7392 -7.802490506021548e-02 1.4e+02 4.26e-02  1e-02  1e-01 907:19.7
  620   7440 -7.806011659268813e-02 1.4e+02 4.15e-02  9e-03  1e-01 913:12.1
  624   7488 -7.804836946359091e-02 1.4e+02 3.81e-02  9e-03  1e-01 919:04.8
  628   7536 -7.809281633813543e-02 1.4e+02 3.31e-02  7e-03  1e-01 924:57.5
  632   7584 -7.810259261083138e-02 1.5e+02 2.73e-02  6e-03  1e-01 930:50.3
  636   7632 -7.812880930305388e-02 1.5e+02 2.80e-02  6e-03  1e-01 936:42.5
  640   7680 -7.815719134941140e-02 1.6e+02 2.80e-02  6e-03  1e-01 942:34.2
  644   7728 -7.816897899484387e-02 1.6e+02 2.80e-02  6e-03  1e-01 948:26.3
  648   7776 -7.818490976502593e-02 1.6e+02 3.00e-02  6e-03  1e-01 954:18.3
  652   7824 -7.819103945403842e-02 1.6e+02 3.32e-02  7e-03  1e-01 960:10.0
  656   7872 -7.822388933295008e-02 1.6e+02 3.31e-02  7e-03  1e-01 966:01.5
  660   7920 -7.820450765117527e-02 1.6e+02 3.49e-02  7e-03  1e-01 971:53.1
  664   7968 -7.825164038546230e-02 1.6e+02 3.70e-02  8e-03  1e-01 977:44.8
  668   8016 -7.823850511543773e-02 1.6e+02 3.51e-02  8e-03  1e-01 983:36.0
  672   8064 -7.824273048823020e-02 1.6e+02 3.52e-02  8e-03  1e-01 989:23.0
  676   8112 -7.827151239339668e-02 1.6e+02 3.34e-02  7e-03  1e-01 995:15.4
  680   8160 -7.827011799448395e-02 1.7e+02 3.50e-02  7e-03  1e-01 1001:08.0
  684   8208 -7.826926693843390e-02 1.8e+02 3.64e-02  8e-03  1e-01 1007:00.7
  688   8256 -7.828972077158206e-02 1.8e+02 4.01e-02  8e-03  2e-01 1012:52.8
  692   8304 -7.827395418442405e-02 1.8e+02 3.49e-02  7e-03  1e-01 1018:45.2
  696   8352 -7.829145978231380e-02 1.7e+02 3.02e-02  6e-03  1e-01 1024:37.5
  700   8400 -7.829861194521893e-02 1.8e+02 2.64e-02  5e-03  1e-01 1030:30.2
  704   8448 -7.830516437355875e-02 1.8e+02 2.20e-02  4e-03  8e-02 1036:23.3
  708   8496 -7.831103396600898e-02 1.8e+02 1.91e-02  4e-03  7e-02 1042:16.1
  712   8544 -7.831216918406174e-02 1.8e+02 1.88e-02  4e-03  7e-02 1048:08.7
  716   8592 -7.831603704822096e-02 1.8e+02 2.02e-02  4e-03  7e-02 1054:01.3
  720   8640 -7.831625411299947e-02 1.8e+02 1.78e-02  3e-03  6e-02 1059:53.1
  724   8688 -7.831786924350981e-02 1.7e+02 1.64e-02  3e-03  6e-02 1065:40.1
  728   8736 -7.831938634752823e-02 1.7e+02 1.47e-02  3e-03  5e-02 1071:32.0
  732   8784 -7.832569133106126e-02 1.8e+02 1.38e-02  3e-03  5e-02 1077:23.9
  736   8832 -7.832892290680558e-02 1.7e+02 1.43e-02  3e-03  5e-02 1083:15.7
  740   8880 -7.833112002729810e-02 1.7e+02 1.61e-02  3e-03  5e-02 1089:08.6
  744   8928 -7.833669781844338e-02 1.7e+02 2.06e-02  4e-03  7e-02 1095:00.9
  748   8976 -7.833417520872800e-02 1.7e+02 2.24e-02  4e-03  7e-02 1100:47.4
  752   9024 -7.833956137138795e-02 1.7e+02 2.14e-02  4e-03  7e-02 1106:29.2
  756   9072 -7.834342080154996e-02 1.7e+02 2.06e-02  4e-03  7e-02 1112:10.7
  760   9120 -7.834749591464625e-02 1.7e+02 2.10e-02  4e-03  7e-02 1117:52.3
  764   9168 -7.834961517174435e-02 1.7e+02 1.82e-02  3e-03  6e-02 1123:34.6
  768   9216 -7.835291188682414e-02 1.7e+02 1.68e-02  3e-03  5e-02 1129:16.5
  772   9264 -7.835541806667325e-02 1.7e+02 1.74e-02  3e-03  6e-02 1134:58.3
  776   9312 -7.835720243757503e-02 1.8e+02 1.85e-02  3e-03  6e-02 1140:39.6
  780   9360 -7.835969157821772e-02 1.9e+02 1.61e-02  3e-03  5e-02 1146:21.5
  784   9408 -7.836300242866984e-02 1.9e+02 1.56e-02  3e-03  5e-02 1152:04.0
  788   9456 -7.836660966942527e-02 1.9e+02 1.71e-02  3e-03  6e-02 1157:45.5
  792   9504 -7.837133581108756e-02 1.9e+02 1.80e-02  3e-03  6e-02 1163:27.1
  796   9552 -7.837661062954739e-02 1.8e+02 2.06e-02  3e-03  6e-02 1169:08.3
  800   9600 -7.837602674573803e-02 1.9e+02 2.38e-02  4e-03  8e-02 1174:49.6
  804   9648 -7.838142725382839e-02 1.9e+02 2.61e-02  4e-03  8e-02 1180:31.2
  808   9696 -7.839028119176684e-02 2.0e+02 3.16e-02  5e-03  1e-01 1186:12.6
  812   9744 -7.839788955770588e-02 2.0e+02 3.51e-02  5e-03  1e-01 1191:54.0
  816   9792 -7.839361655557039e-02 2.0e+02 3.82e-02  5e-03  1e-01 1197:35.7
  820   9840 -7.839900764907966e-02 2.0e+02 3.29e-02  5e-03  1e-01 1203:17.7
  824   9888 -7.840469611974399e-02 2.0e+02 3.06e-02  4e-03  1e-01 1208:59.8
  828   9936 -7.840939233926278e-02 2.0e+02 3.55e-02  5e-03  1e-01 1214:41.2
  832   9984 -7.840572311120866e-02 1.9e+02 3.74e-02  5e-03  1e-01 1220:22.3
  837  10044 -7.841459467367705e-02 1.9e+02 3.33e-02  4e-03  1e-01 1227:29.1
  842  10104 -7.841948035072854e-02 1.9e+02 2.94e-02  4e-03  9e-02 1234:35.7
  847  10164 -7.842314658542525e-02 1.9e+02 2.29e-02  3e-03  7e-02 1241:42.9
  852  10224 -7.843063592735411e-02 1.9e+02 1.84e-02  2e-03  5e-02 1248:50.1
  857  10284 -7.843418096186210e-02 1.9e+02 2.18e-02  3e-03  6e-02 1255:56.8
  862  10344 -7.843594482647626e-02 2.0e+02 2.48e-02  3e-03  8e-02 1263:03.1
  867  10404 -7.844058696132430e-02 2.0e+02 2.45e-02  3e-03  7e-02 1270:09.6
  872  10464 -7.844413374139945e-02 1.9e+02 2.50e-02  3e-03  7e-02 1277:16.0
  877  10524 -7.844975947450446e-02 1.8e+02 2.47e-02  3e-03  7e-02 1284:22.9
  882  10584 -7.845529473244421e-02 1.9e+02 2.14e-02  2e-03  6e-02 1291:30.8
  887  10644 -7.845283507058556e-02 1.9e+02 1.75e-02  2e-03  5e-02 1298:38.5
  892  10704 -7.845735243102685e-02 1.9e+02 1.66e-02  2e-03  5e-02 1305:46.8
  897  10764 -7.845846311776075e-02 1.9e+02 1.56e-02  2e-03  4e-02 1312:55.2
  900  10800 -7.846047747807837e-02 1.9e+02 1.39e-02  2e-03  4e-02 1317:11.6
  905  10860 -7.846299770103127e-02 2.0e+02 1.62e-02  2e-03  4e-02 1324:19.5
  910  10920 -7.846545916385032e-02 2.0e+02 1.68e-02  2e-03  5e-02 1331:33.9
  915  10980 -7.846595698213170e-02 2.0e+02 1.95e-02  2e-03  5e-02 1338:55.4
  920  11040 -7.847141954122157e-02 1.9e+02 2.09e-02  2e-03  6e-02 1346:17.3
  925  11100 -7.847397643144195e-02 2.0e+02 1.86e-02  2e-03  5e-02 1353:39.0
  930  11160 -7.847320539674331e-02 2.0e+02 1.65e-02  2e-03  4e-02 1361:01.4
  935  11220 -7.847729561840551e-02 2.0e+02 1.50e-02  2e-03  4e-02 1368:22.4
  940  11280 -7.847870587552928e-02 2.0e+02 1.51e-02  1e-03  4e-02 1375:43.8
  945  11340 -7.848119115955798e-02 2.0e+02 1.79e-02  2e-03  4e-02 1383:04.4
  950  11400 -7.848297135582830e-02 1.9e+02 1.88e-02  2e-03  5e-02 1390:26.3
  955  11460 -7.848560252451797e-02 1.9e+02 1.62e-02  2e-03  4e-02 1397:46.9
  960  11520 -7.848983579666681e-02 2.0e+02 1.77e-02  2e-03  4e-02 1405:08.0
  965  11580 -7.849363582342822e-02 2.1e+02 1.93e-02  2e-03  5e-02 1412:29.4
  970  11640 -7.849682047453165e-02 2.1e+02 2.03e-02  2e-03  5e-02 1419:51.3
  975  11700 -7.849936232590490e-02 2.1e+02 1.88e-02  2e-03  5e-02 1427:13.0
  980  11760 -7.849962212194823e-02 2.1e+02 1.93e-02  2e-03  5e-02 1434:30.5
