Running job array 40 on pe75.int.triton.aalto.fi
Starting at Fri Mar 21 16:01:41 EET 2025
Activating virtual environment at /scratch/work/uotilav2/quantum-portfolio/venv
Processing batch 41/100: experiments 40 to 40 (total 1)
Processing experiment 40
Budget: 3670
YF.download() has changed argument auto_adjust default to True
Number of qubits for asset HON: 5
Number of qubits for asset JNJ: 5
Total number of qubits:  10
Optimized Weights (considering variance, skewness and kurtosis):
HON: 69.54%
JNJ: 30.46%
Left over budget:  50.66503895759615
Optimized Discrete Allocation:
HON: 11
JNJ: 8
Maximized utility from continuous higher moments:  -2769.355787744001
Budget constraint satisfied 3662.6302490234375 3670 Difference:  7.3697509765625
Budget constraint not satisfied 3681.590576171875 3670 Difference:  -11.590576171875
smallest_eigenvalues: [-0.25397602800409896]
smallest_bitstrings: ['0001010110']
first_excited_energy: -0.25397564748093054
optimized_portfolio: [{'HON': 8, 'JNJ': 13}]
second_optimized_portfolio: [{'HON': 10, 'JNJ': 10}]
result_with_budget: [{'portfolio': {'HON': 8, 'JNJ': 13}, 'budget': 3662.6302490234375, 'difference': 7.3697509765625, 'objective_value': -3657.442901706624}]
result_with_budget_excited: [{'portfolio': {'HON': 10, 'JNJ': 10}, 'budget': 3681.590576171875, 'difference': -11.590576171875, 'objective_value': -3103.3280738322255}]
Initial params:  [2.51063067 1.44978017 2.45210473 0.37157007 2.01037118 0.45035763
 2.96776493 1.63943485 1.3026989  0.83112597 2.43232687 1.43303853
 1.78578792 0.0590299  1.94035914 1.92295543 1.93815531 2.96487203
 2.14200164 1.12942738]
(6_w,12)-aCMA-ES (mu_w=3.7,w_1=40%) in dimension 20 (seed=697211, Fri Mar 21 16:02:01 2025)
Iterat #Fevals   function value  axis ratio  sigma  min&max std  t[m:s]
    1     12 -1.527070651387950e-01 1.0e+00 9.60e-02  9e-02  1e-01 0:26.3
    2     24 -1.578800530604517e-01 1.1e+00 9.18e-02  9e-02  9e-02 0:52.7
    3     36 -1.574237769269808e-01 1.2e+00 9.01e-02  9e-02  9e-02 1:19.2
    4     48 -1.597314704645252e-01 1.2e+00 9.09e-02  9e-02  9e-02 1:45.7
    5     60 -1.938981189238237e-01 1.2e+00 9.16e-02  9e-02  9e-02 2:12.1
    6     72 -1.734344210453673e-01 1.2e+00 8.84e-02  9e-02  9e-02 2:38.6
    7     84 -1.926076286374294e-01 1.3e+00 8.76e-02  8e-02  9e-02 3:05.0
    8     96 -1.850990245161339e-01 1.3e+00 8.57e-02  8e-02  9e-02 3:31.3
    9    108 -1.941482321516789e-01 1.3e+00 8.79e-02  8e-02  9e-02 3:57.8
   10    120 -2.004074645658134e-01 1.4e+00 8.92e-02  8e-02  9e-02 4:24.3
   11    132 -2.067299568290686e-01 1.5e+00 8.85e-02  8e-02  1e-01 4:50.8
   12    144 -2.002437279232531e-01 1.5e+00 8.66e-02  8e-02  9e-02 5:17.2
   13    156 -1.955846566867188e-01 1.5e+00 8.38e-02  8e-02  9e-02 5:43.6
   14    168 -2.006991761486284e-01 1.6e+00 8.16e-02  7e-02  9e-02 6:10.2
   15    180 -1.975461286150607e-01 1.6e+00 7.68e-02  7e-02  8e-02 6:36.7
   16    192 -2.046312508645541e-01 1.6e+00 7.48e-02  7e-02  8e-02 7:03.2
   17    204 -2.128164544514307e-01 1.6e+00 7.34e-02  7e-02  8e-02 7:29.6
   18    216 -2.125062705525851e-01 1.6e+00 7.38e-02  7e-02  8e-02 7:56.0
   19    228 -2.089008027902528e-01 1.6e+00 7.18e-02  7e-02  8e-02 8:22.5
   20    240 -2.124022100099474e-01 1.7e+00 7.44e-02  7e-02  8e-02 8:49.0
   21    252 -2.096885729474827e-01 1.7e+00 7.55e-02  7e-02  8e-02 9:15.4
   22    264 -2.112038666066438e-01 1.7e+00 7.85e-02  7e-02  9e-02 9:41.9
   23    276 -2.147207790424568e-01 1.7e+00 8.17e-02  8e-02  9e-02 10:08.2
   24    288 -2.053795632915452e-01 1.8e+00 8.45e-02  8e-02  9e-02 10:34.6
   25    300 -2.169747419798648e-01 1.8e+00 8.36e-02  8e-02  9e-02 11:01.1
   26    312 -2.051600358350574e-01 1.8e+00 8.51e-02  8e-02  9e-02 11:27.5
   27    324 -2.152090706109421e-01 1.9e+00 8.23e-02  8e-02  9e-02 11:54.0
   29    348 -2.091249531928738e-01 1.9e+00 7.86e-02  7e-02  9e-02 12:47.0
   31    372 -2.103552409245810e-01 2.0e+00 7.49e-02  7e-02  9e-02 13:39.9
   33    396 -2.120450683283786e-01 2.1e+00 6.99e-02  6e-02  8e-02 14:33.0
   35    420 -2.190295912121078e-01 2.2e+00 7.35e-02  6e-02  8e-02 15:25.8
   37    444 -2.164722585067211e-01 2.2e+00 7.03e-02  6e-02  8e-02 16:18.7
   39    468 -2.174352901562282e-01 2.3e+00 6.84e-02  6e-02  8e-02 17:11.7
   41    492 -2.200238493294868e-01 2.4e+00 6.63e-02  6e-02  8e-02 18:04.6
   43    516 -2.202714237402476e-01 2.4e+00 6.29e-02  5e-02  7e-02 18:57.7
   45    540 -2.193211265927253e-01 2.5e+00 5.87e-02  5e-02  7e-02 19:50.5
   47    564 -2.206768902511290e-01 2.6e+00 5.53e-02  5e-02  6e-02 20:43.6
   49    588 -2.217674697936754e-01 2.7e+00 5.16e-02  4e-02  6e-02 21:36.6
   51    612 -2.212447760411232e-01 2.8e+00 4.77e-02  4e-02  6e-02 22:29.6
   53    636 -2.221591148336314e-01 2.8e+00 4.47e-02  4e-02  5e-02 23:22.4
   55    660 -2.222026047252213e-01 2.9e+00 4.16e-02  4e-02  5e-02 24:15.4
   57    684 -2.229988974841495e-01 3.0e+00 3.75e-02  3e-02  4e-02 25:08.4
   59    708 -2.225536599531372e-01 3.0e+00 3.59e-02  3e-02  4e-02 26:01.3
   61    732 -2.235479578569544e-01 3.1e+00 3.58e-02  3e-02  4e-02 26:54.3
   63    756 -2.237035069989681e-01 3.1e+00 3.61e-02  3e-02  4e-02 27:47.3
   65    780 -2.240168732271196e-01 3.1e+00 3.71e-02  3e-02  4e-02 28:40.3
   67    804 -2.236629338348623e-01 3.2e+00 3.73e-02  3e-02  4e-02 29:33.3
   69    828 -2.243141617768047e-01 3.2e+00 3.63e-02  3e-02  4e-02 30:26.2
   71    852 -2.244615159989060e-01 3.3e+00 3.38e-02  3e-02  4e-02 31:19.1
   73    876 -2.235545214104012e-01 3.3e+00 3.30e-02  3e-02  4e-02 32:11.9
   75    900 -2.247119184932382e-01 3.4e+00 3.18e-02  3e-02  4e-02 33:04.8
   77    924 -2.244356136295198e-01 3.5e+00 3.40e-02  3e-02  4e-02 33:57.9
   79    948 -2.247287017434370e-01 3.6e+00 3.27e-02  3e-02  4e-02 34:50.7
   82    984 -2.240470006185676e-01 3.8e+00 2.99e-02  2e-02  3e-02 36:10.2
   85   1020 -2.244928127432173e-01 4.1e+00 2.81e-02  2e-02  3e-02 37:29.3
   88   1056 -2.249236405556687e-01 4.1e+00 2.72e-02  2e-02  3e-02 38:48.7
   91   1092 -2.245944499730807e-01 4.3e+00 2.67e-02  2e-02  3e-02 40:08.1
   94   1128 -2.253043261769506e-01 4.5e+00 2.65e-02  2e-02  3e-02 41:27.3
   97   1164 -2.255299915524399e-01 4.6e+00 2.69e-02  2e-02  3e-02 42:46.6
  100   1200 -2.257609538520364e-01 5.0e+00 2.80e-02  2e-02  3e-02 44:06.0
  103   1236 -2.258953893791118e-01 5.6e+00 2.81e-02  2e-02  4e-02 45:25.2
  106   1272 -2.262552811395235e-01 5.8e+00 2.94e-02  2e-02  4e-02 46:44.6
  109   1308 -2.263369349726702e-01 6.1e+00 3.56e-02  3e-02  5e-02 48:03.8
  112   1344 -2.261732047964246e-01 6.5e+00 3.56e-02  3e-02  5e-02 49:23.0
  115   1380 -2.264860109135726e-01 6.9e+00 3.04e-02  2e-02  4e-02 50:42.3
  118   1416 -2.266148045451592e-01 7.1e+00 3.00e-02  2e-02  4e-02 52:01.6
  121   1452 -2.264381434278363e-01 7.6e+00 3.37e-02  2e-02  5e-02 53:20.9
  124   1488 -2.270158590953705e-01 7.7e+00 3.65e-02  3e-02  5e-02 54:40.1
  127   1524 -2.270869733015277e-01 8.1e+00 4.35e-02  3e-02  6e-02 55:59.5
  130   1560 -2.270412132293971e-01 8.5e+00 3.92e-02  3e-02  5e-02 57:18.8
  133   1596 -2.272985199259069e-01 9.0e+00 3.88e-02  3e-02  5e-02 58:37.8
  136   1632 -2.274386733824821e-01 9.1e+00 4.21e-02  3e-02  6e-02 59:57.0
  139   1668 -2.275253113314842e-01 9.4e+00 4.52e-02  3e-02  6e-02 61:16.3
  142   1704 -2.281740817301108e-01 9.7e+00 4.72e-02  3e-02  6e-02 62:35.7
  145   1740 -2.281400011658350e-01 1.0e+01 5.00e-02  3e-02  7e-02 63:55.1
  148   1776 -2.276208436644729e-01 1.0e+01 4.68e-02  3e-02  6e-02 65:14.4
  151   1812 -2.283179801298525e-01 1.0e+01 4.49e-02  3e-02  6e-02 66:33.7
  154   1848 -2.279639207667478e-01 1.0e+01 4.14e-02  3e-02  5e-02 67:52.9
  157   1884 -2.283601826273604e-01 1.1e+01 3.85e-02  3e-02  5e-02 69:12.3
  160   1920 -2.286329398361570e-01 1.1e+01 3.73e-02  2e-02  5e-02 70:31.7
  164   1968 -2.286413482119899e-01 1.1e+01 3.74e-02  2e-02  5e-02 72:17.3
  168   2016 -2.285493397435808e-01 1.2e+01 3.74e-02  2e-02  5e-02 74:03.1
  172   2064 -2.288349212786323e-01 1.3e+01 3.24e-02  2e-02  4e-02 75:48.9
  176   2112 -2.290817285765153e-01 1.3e+01 2.76e-02  2e-02  4e-02 77:34.6
  180   2160 -2.290650831229033e-01 1.4e+01 2.51e-02  2e-02  3e-02 79:20.3
  184   2208 -2.290161100291446e-01 1.5e+01 2.24e-02  1e-02  3e-02 81:06.1
  188   2256 -2.290286355951418e-01 1.5e+01 2.18e-02  1e-02  3e-02 82:51.8
  192   2304 -2.291156655924272e-01 1.5e+01 2.04e-02  1e-02  3e-02 84:37.5
  196   2352 -2.291295094937590e-01 1.5e+01 1.91e-02  1e-02  3e-02 86:23.1
  200   2400 -2.292164196260113e-01 1.6e+01 1.77e-02  1e-02  3e-02 88:08.9
  204   2448 -2.291680002716187e-01 1.7e+01 1.71e-02  1e-02  3e-02 89:54.5
  208   2496 -2.292998730486780e-01 1.7e+01 1.65e-02  9e-03  2e-02 91:40.3
  212   2544 -2.293523686730468e-01 1.8e+01 1.72e-02  1e-02  3e-02 93:26.1
  216   2592 -2.293849033357127e-01 1.9e+01 1.94e-02  1e-02  3e-02 95:11.8
  220   2640 -2.294919194860192e-01 2.0e+01 2.17e-02  1e-02  3e-02 96:57.6
  224   2688 -2.295974920220906e-01 2.2e+01 2.67e-02  1e-02  4e-02 98:43.2
  228   2736 -2.298184588231095e-01 2.3e+01 3.96e-02  2e-02  6e-02 100:29.1
  232   2784 -2.297523475059932e-01 2.3e+01 4.65e-02  3e-02  7e-02 102:14.8
  236   2832 -2.298029798595970e-01 2.6e+01 5.36e-02  3e-02  8e-02 104:00.4
  240   2880 -2.300205562444318e-01 2.7e+01 6.92e-02  4e-02  1e-01 105:46.3
  244   2928 -2.300499736079611e-01 2.8e+01 7.39e-02  4e-02  1e-01 107:31.9
  248   2976 -2.297359471811292e-01 2.9e+01 6.54e-02  3e-02  1e-01 109:17.6
  252   3024 -2.298712606047693e-01 2.8e+01 6.47e-02  3e-02  1e-01 111:03.4
  256   3072 -2.302420991448684e-01 2.9e+01 5.43e-02  3e-02  9e-02 112:49.1
  260   3120 -2.302816095870591e-01 2.8e+01 4.80e-02  3e-02  8e-02 114:34.9
  264   3168 -2.303657421905683e-01 2.7e+01 4.47e-02  2e-02  7e-02 116:20.6
  269   3228 -2.306682060497797e-01 2.7e+01 4.08e-02  2e-02  6e-02 118:32.7
  274   3288 -2.307376092089912e-01 2.7e+01 3.65e-02  2e-02  6e-02 120:44.7
  279   3348 -2.308885588278329e-01 2.8e+01 3.46e-02  2e-02  5e-02 122:56.8
  284   3408 -2.309242398336507e-01 3.0e+01 4.07e-02  2e-02  7e-02 125:09.2
  289   3468 -2.310198153845784e-01 3.1e+01 3.50e-02  2e-02  6e-02 127:21.5
  294   3528 -2.310421259117765e-01 3.4e+01 2.93e-02  2e-02  5e-02 129:33.7
  299   3588 -2.312543712141661e-01 3.4e+01 3.17e-02  2e-02  5e-02 131:46.2
  300   3600 -2.312455804839568e-01 3.4e+01 3.18e-02  2e-02  5e-02 132:12.6
  305   3660 -2.313921071618416e-01 3.6e+01 3.72e-02  2e-02  7e-02 134:24.9
  310   3720 -2.315474514262815e-01 3.7e+01 4.15e-02  2e-02  8e-02 136:37.1
  315   3780 -2.317020519177614e-01 3.8e+01 5.10e-02  3e-02  1e-01 138:49.4
  320   3840 -2.317078294719169e-01 4.0e+01 4.95e-02  3e-02  1e-01 141:01.8
  325   3900 -2.318476287068508e-01 4.0e+01 4.55e-02  2e-02  9e-02 143:14.2
  330   3960 -2.320158211560727e-01 4.0e+01 4.21e-02  2e-02  8e-02 145:26.6
  335   4020 -2.320686639151526e-01 4.1e+01 3.65e-02  2e-02  7e-02 147:38.4
  340   4080 -2.320414717395185e-01 4.0e+01 3.15e-02  2e-02  6e-02 149:50.6
  345   4140 -2.321431763424640e-01 4.0e+01 2.86e-02  1e-02  5e-02 152:02.8
  350   4200 -2.321669637019584e-01 3.9e+01 2.50e-02  1e-02  4e-02 154:15.0
  355   4260 -2.321792840958574e-01 3.9e+01 2.29e-02  1e-02  4e-02 156:27.2
  360   4320 -2.322058038898635e-01 4.0e+01 1.98e-02  9e-03  4e-02 158:39.3
  365   4380 -2.322323540640985e-01 4.2e+01 1.60e-02  7e-03  3e-02 160:51.5
  370   4440 -2.322698190009087e-01 4.2e+01 1.49e-02  7e-03  3e-02 163:03.7
  375   4500 -2.322859162444708e-01 4.3e+01 1.48e-02  7e-03  3e-02 165:15.8
  380   4560 -2.322983834562008e-01 4.3e+01 1.59e-02  7e-03  3e-02 167:28.0
  385   4620 -2.323222328501499e-01 4.4e+01 1.79e-02  8e-03  3e-02 169:40.1
  390   4680 -2.323322589144734e-01 4.5e+01 1.60e-02  7e-03  3e-02 171:52.3
  396   4752 -2.323844003587535e-01 4.3e+01 1.51e-02  6e-03  3e-02 174:30.7
  400   4800 -2.324000484148343e-01 4.3e+01 1.68e-02  7e-03  3e-02 176:16.4
  406   4872 -2.324562214524210e-01 4.4e+01 1.81e-02  7e-03  3e-02 178:50.7
  412   4944 -2.324694730588917e-01 4.4e+01 1.88e-02  7e-03  3e-02 181:23.3
  418   5016 -2.324911093291857e-01 4.3e+01 2.05e-02  8e-03  3e-02 183:56.1
  424   5088 -2.325209327986984e-01 4.4e+01 2.08e-02  8e-03  3e-02 186:29.0
  430   5160 -2.325587632912013e-01 4.6e+01 2.15e-02  8e-03  4e-02 189:02.1
  436   5232 -2.325573496755751e-01 4.5e+01 1.83e-02  6e-03  3e-02 191:35.0
  442   5304 -2.325714414169306e-01 4.6e+01 1.57e-02  5e-03  3e-02 194:09.0
  448   5376 -2.325830243953415e-01 4.6e+01 1.53e-02  5e-03  3e-02 196:42.8
  454   5448 -2.326098327314313e-01 4.6e+01 1.53e-02  5e-03  2e-02 199:16.8
  460   5520 -2.326454923369368e-01 4.8e+01 2.22e-02  7e-03  4e-02 201:50.8
  466   5592 -2.326690162172028e-01 4.9e+01 2.44e-02  7e-03  4e-02 204:24.6
  472   5664 -2.326753071875858e-01 5.1e+01 2.36e-02  7e-03  4e-02 206:58.4
  478   5736 -2.326972710419043e-01 5.1e+01 2.10e-02  6e-03  4e-02 209:32.4
  484   5808 -2.327168197084630e-01 5.1e+01 2.07e-02  6e-03  3e-02 212:06.5
  490   5880 -2.327419551332819e-01 5.1e+01 1.82e-02  5e-03  3e-02 214:40.7
  496   5952 -2.327763383011674e-01 5.2e+01 1.92e-02  5e-03  3e-02 217:14.2
  500   6000 -2.327843663543700e-01 5.6e+01 2.63e-02  7e-03  5e-02 218:56.5
  506   6072 -2.328108535234117e-01 6.0e+01 2.86e-02  7e-03  5e-02 221:30.1
  512   6144 -2.328190684746944e-01 6.0e+01 2.55e-02  6e-03  5e-02 224:03.1
  519   6228 -2.328428276668768e-01 6.6e+01 3.08e-02  8e-03  6e-02 227:01.7
  526   6312 -2.328543056130965e-01 6.9e+01 2.37e-02  6e-03  5e-02 230:01.3
  533   6396 -2.328713050099238e-01 7.1e+01 2.11e-02  5e-03  4e-02 233:00.0
  540   6480 -2.329005996202892e-01 7.4e+01 1.83e-02  4e-03  4e-02 235:59.4
  547   6564 -2.329095349813024e-01 7.9e+01 1.53e-02  4e-03  3e-02 238:58.4
  554   6648 -2.329171005736380e-01 8.0e+01 1.32e-02  3e-03  3e-02 241:57.0
  561   6732 -2.329309202722342e-01 7.8e+01 1.76e-02  4e-03  3e-02 244:55.5
  568   6816 -2.329659570453474e-01 7.9e+01 2.21e-02  5e-03  4e-02 247:54.7
  575   6900 -2.329924012353046e-01 7.9e+01 2.63e-02  6e-03  5e-02 250:54.2
  582   6984 -2.330221683291330e-01 8.0e+01 2.64e-02  6e-03  5e-02 253:54.0
  589   7068 -2.330957706654416e-01 8.1e+01 2.50e-02  6e-03  5e-02 256:53.7
  596   7152 -2.331579199856817e-01 8.7e+01 3.03e-02  8e-03  6e-02 259:52.8
  600   7200 -2.332013987657589e-01 9.1e+01 3.36e-02  9e-03  7e-02 261:35.4
  607   7284 -2.332818301601308e-01 9.8e+01 3.52e-02  1e-02  8e-02 264:34.7
  614   7368 -2.333835387608446e-01 1.1e+02 3.59e-02  1e-02  9e-02 267:33.7
  621   7452 -2.334848658747318e-01 1.1e+02 3.88e-02  1e-02  1e-01 270:33.0
  628   7536 -2.336817644294308e-01 1.2e+02 4.23e-02  1e-02  1e-01 273:32.0
  635   7620 -2.336991007840910e-01 1.2e+02 5.58e-02  2e-02  2e-01 276:30.7
  642   7704 -2.338993025063998e-01 1.2e+02 5.49e-02  2e-02  1e-01 279:29.0
  649   7788 -2.339244924589959e-01 1.2e+02 4.10e-02  1e-02  1e-01 282:27.6
  656   7872 -2.339692167325764e-01 1.2e+02 3.24e-02  9e-03  9e-02 285:25.6
  663   7956 -2.341669541666483e-01 1.2e+02 3.13e-02  8e-03  9e-02 288:23.5
  670   8040 -2.342427432500373e-01 1.2e+02 3.46e-02  9e-03  9e-02 291:22.4
  677   8124 -2.343704834207550e-01 1.2e+02 5.32e-02  1e-02  2e-01 294:21.2
  684   8208 -2.344987654412772e-01 1.2e+02 5.86e-02  1e-02  2e-01 297:20.0
  691   8292 -2.348764001895254e-01 1.2e+02 5.87e-02  1e-02  2e-01 300:18.6
  699   8388 -2.354698981688445e-01 1.2e+02 7.01e-02  2e-02  2e-01 303:42.2
  700   8400 -2.352309941109992e-01 1.2e+02 6.85e-02  2e-02  2e-01 304:07.7
  708   8496 -2.363416121138473e-01 1.2e+02 7.97e-02  2e-02  3e-01 307:33.2
  716   8592 -2.371632616335086e-01 1.3e+02 9.23e-02  2e-02  3e-01 310:57.4
  724   8688 -2.373167238031944e-01 1.3e+02 9.35e-02  2e-02  3e-01 314:22.1
  732   8784 -2.373573190027878e-01 1.3e+02 8.80e-02  2e-02  3e-01 317:46.8
  740   8880 -2.375623356787740e-01 1.3e+02 8.73e-02  2e-02  3e-01 321:10.8
  748   8976 -2.381991490990060e-01 1.2e+02 7.60e-02  1e-02  2e-01 324:34.9
  756   9072 -2.383213935638142e-01 1.2e+02 7.14e-02  1e-02  2e-01 327:58.8
  764   9168 -2.385181562996308e-01 1.2e+02 4.99e-02  9e-03  1e-01 331:22.0
  772   9264 -2.387370983404809e-01 1.2e+02 4.34e-02  7e-03  1e-01 334:45.7
  780   9360 -2.388829169242730e-01 1.1e+02 4.41e-02  7e-03  1e-01 338:10.1
  788   9456 -2.389387323979786e-01 1.1e+02 4.26e-02  7e-03  1e-01 341:34.7
  796   9552 -2.389534345522089e-01 1.1e+02 4.82e-02  7e-03  1e-01 344:59.3
  800   9600 -2.390418354086641e-01 1.0e+02 4.73e-02  7e-03  1e-01 346:41.6
  808   9696 -2.391142652152611e-01 9.8e+01 3.78e-02  5e-03  9e-02 350:05.7
  816   9792 -2.392017671284653e-01 9.6e+01 3.30e-02  4e-03  8e-02 353:30.0
  824   9888 -2.392513188439167e-01 9.8e+01 2.83e-02  3e-03  7e-02 356:55.1
  832   9984 -2.392839099443270e-01 9.5e+01 2.24e-02  3e-03  5e-02 360:19.7
  840  10080 -2.393297446301806e-01 9.3e+01 2.11e-02  2e-03  5e-02 363:43.8
  848  10176 -2.393704669086735e-01 9.5e+01 2.31e-02  2e-03  5e-02 367:07.5
  856  10272 -2.394139247760027e-01 1.1e+02 2.76e-02  3e-03  6e-02 370:32.8
  864  10368 -2.394341919833214e-01 1.1e+02 3.82e-02  4e-03  8e-02 373:57.6
  872  10464 -2.394473722509835e-01 1.2e+02 3.74e-02  4e-03  8e-02 377:22.2
  880  10560 -2.395162969756600e-01 1.2e+02 3.78e-02  3e-03  8e-02 380:47.0
  888  10656 -2.395448854591305e-01 1.2e+02 3.37e-02  3e-03  7e-02 384:11.4
  897  10764 -2.395932619559171e-01 1.2e+02 3.06e-02  3e-03  6e-02 388:01.6
  900  10800 -2.396009882450537e-01 1.2e+02 3.02e-02  3e-03  6e-02 389:18.2
  909  10908 -2.396432935031172e-01 1.1e+02 3.18e-02  3e-03  7e-02 393:08.6
  918  11016 -2.396577535187970e-01 1.2e+02 2.76e-02  2e-03  6e-02 396:58.3
  927  11124 -2.396983009520987e-01 1.2e+02 2.86e-02  2e-03  6e-02 400:48.2
  936  11232 -2.397726643859772e-01 1.2e+02 4.35e-02  3e-03  1e-01 404:38.1
  945  11340 -2.398640295720839e-01 1.2e+02 5.33e-02  4e-03  1e-01 408:27.8
  954  11448 -2.399027233724867e-01 1.2e+02 6.60e-02  5e-03  2e-01 412:17.6
  963  11556 -2.398940325457180e-01 1.3e+02 7.86e-02  5e-03  2e-01 416:07.2
  972  11664 -2.400090068879799e-01 1.2e+02 6.33e-02  4e-03  1e-01 419:56.6
  981  11772 -2.400233057592946e-01 1.2e+02 4.19e-02  3e-03  9e-02 423:45.0
  990  11880 -2.400665097354439e-01 1.2e+02 3.30e-02  2e-03  7e-02 427:34.5
  999  11988 -2.401106048452728e-01 1.1e+02 3.54e-02  2e-03  7e-02 431:24.3
 1000  12000 -2.401066710429747e-01 1.1e+02 3.56e-02  2e-03  7e-02 431:49.9
Budget constraint satisfied 3500.1983642578125 3670 Difference:  169.8016357421875
Budget constraint satisfied 3437.9427490234375 3670 Difference:  232.0572509765625
two_most_probable_states: ['0110011110', '1110010110']
final_expectation_value: -0.24011060484527277
params: [3.1162652401318396, -2.077371377324534, 2.751789605731866, -2.6325544338075417, 2.1263904806644023, -3.0401575560681318, 5.372972371154125, 8.686905959196, 9.205734465507023, -0.18784091762852337, 1.7220971988264788, 1.9342850289849614, 2.022813310712735, -1.1988177476164326, 2.294333184359452, 1.5910626845765026, 2.6432395681894167, 3.0228549935750304, 2.302660827306103, 0.7524198724150283]
total_steps: 1000
states_probs: [0.005668890229205945, 0.005682464812254692]
optimized_portfolios: [{'HON': 6, 'JNJ': 15}, {'HON': 7, 'JNJ': 13}]
objective_values: [-3967.8505169169257, -3058.187464042797]
result_with_budget: [{'portfolio': {'HON': 6, 'JNJ': 15}, 'budget': 3500.1983642578125, 'difference': 169.8016357421875}, {'portfolio': {'HON': 7, 'JNJ': 13}, 'budget': 3437.9427490234375, 'difference': 232.0572509765625}]
Batch 41/100 completed. Results saved to portfolio_optimization_results_batch_40.json
Job finished at Fri Mar 21 23:17:17 EET 2025
