Running job array 27 on csl19.int.triton.aalto.fi
Starting at Mon Mar 17 13:01:32 EET 2025
Activating virtual environment at /scratch/work/uotilav2/quantum-portfolio/venv
Processing batch 28/50: experiments 243 to 251 (total 9)
Skipping experiment 243 (already processed)
Skipping experiment 244 (already processed)
Processing experiment 245
Budget: 387.0075225830078
YF.download() has changed argument auto_adjust default to True
Expected returns: 0.11626327128992574
Covariance matrix: 0.18998843583141056
3rd-order coskewness tensor: 0.6568626296782635
4th-order cokurtosis tensor: 8.013254421749725
Number of qubits for asset AMGN: 1
Number of qubits for asset BA: 2
Number of qubits for asset DOW: 4
Number of qubits for asset MMM: 2
Number of qubits for asset TRV: 1
Total number of qubits:  10
Optimized Weights (considering variance, skewness and kurtosis):
AMGN: 41.16%
BA: 18.31%
DOW: 1.24%
MMM: 29.09%
TRV: 10.20%
Left over budget:  -2.785673245853104e-06
Optimized Discrete Allocation:
AMGN: 1
MMM: 1
Maximized utility from continuous higher moments:  -7.444082415308161
Budget constraint satisfied 387.0075225830078 387.0075225830078 Difference:  0.0
Budget constraint not satisfied 393.3990364074707 387.0075225830078 Difference:  -6.391513824462891
smallest_eigenvalues: [-0.04915763529987945]
smallest_bitstrings: ['1000000100']
first_excited_energy: -0.04907596468349742
optimized_portfolio: [{'AMGN': 1, 'BA': 0, 'DOW': 0, 'MMM': 1, 'TRV': 0}]
second_optimized_portfolio: [{'AMGN': 0, 'BA': 2, 'DOW': 1, 'MMM': 0, 'TRV': 0}]
result_with_budget: [{'portfolio': {'AMGN': 1, 'BA': 0, 'DOW': 0, 'MMM': 1, 'TRV': 0}, 'budget': 387.0075225830078, 'difference': 0.0, 'objective_value': -7.444082415308161}]
result_with_budget_excited: [{'portfolio': {'AMGN': 0, 'BA': 2, 'DOW': 1, 'MMM': 0, 'TRV': 0}, 'budget': 393.3990364074707, 'difference': -6.391513824462891, 'objective_value': -83.7149526409129}]
Initial params:  [2.51063067 1.44978017 2.45210473 0.37157007 2.01037118 0.45035763
 2.96776493 1.63943485 1.3026989  0.83112597 2.43232687 1.43303853
 1.78578792 0.0590299  1.94035914 1.92295543 1.93815531 2.96487203
 2.14200164 1.12942738]
(6_w,12)-aCMA-ES (mu_w=3.7,w_1=40%) in dimension 20 (seed=233229, Mon Mar 17 13:01:36 2025)
Iterat #Fevals   function value  axis ratio  sigma  min&max std  t[m:s]
    1     12 4.970174254749619e-03 1.0e+00 1.39e+00  1e+00  1e+00 0:23.2
    2     24 3.891153872068526e-03 1.1e+00 1.35e+00  1e+00  1e+00 0:46.5
    3     36 1.207681935707575e-02 1.1e+00 1.35e+00  1e+00  1e+00 1:09.8
    4     48 1.045755945594815e-02 1.2e+00 1.38e+00  1e+00  1e+00 1:33.1
    5     60 -1.180505034026762e-02 1.3e+00 1.41e+00  1e+00  1e+00 1:56.3
    6     72 -1.834875757801417e-02 1.3e+00 1.42e+00  1e+00  1e+00 2:19.7
    7     84 -1.008825357048991e-02 1.4e+00 1.41e+00  1e+00  1e+00 2:43.0
    8     96 -4.895342831579161e-03 1.4e+00 1.41e+00  1e+00  1e+00 3:06.1
    9    108 4.209346224570749e-03 1.4e+00 1.41e+00  1e+00  1e+00 3:29.4
   10    120 4.311927092537209e-02 1.4e+00 1.38e+00  1e+00  1e+00 3:52.8
   11    132 5.980874621971563e-03 1.5e+00 1.36e+00  1e+00  1e+00 4:16.1
   12    144 -6.990030289420367e-03 1.5e+00 1.31e+00  1e+00  1e+00 4:39.3
   13    156 -8.019639747305693e-03 1.5e+00 1.27e+00  1e+00  1e+00 5:02.5
   14    168 -1.584918595453060e-02 1.5e+00 1.22e+00  1e+00  1e+00 5:25.9
   15    180 -7.080837367848857e-03 1.5e+00 1.21e+00  1e+00  1e+00 5:49.3
   16    192 -1.034700602204435e-02 1.6e+00 1.17e+00  1e+00  1e+00 6:12.6
   17    204 -1.148142947499650e-02 1.6e+00 1.19e+00  1e+00  1e+00 6:35.9
   18    216 5.025139887439520e-04 1.6e+00 1.20e+00  1e+00  1e+00 6:59.2
   19    228 4.932303082659854e-03 1.6e+00 1.22e+00  1e+00  1e+00 7:22.8
   20    240 -7.086301900567328e-03 1.6e+00 1.22e+00  1e+00  1e+00 7:46.1
   21    252 3.493202998474769e-03 1.5e+00 1.22e+00  1e+00  1e+00 8:09.5
   22    264 1.475092800315820e-02 1.5e+00 1.21e+00  1e+00  1e+00 8:32.8
   23    276 3.948188483994187e-02 1.5e+00 1.20e+00  1e+00  1e+00 8:56.0
   24    288 -6.142486084121926e-03 1.5e+00 1.16e+00  1e+00  1e+00 9:19.3
   26    312 -9.330327909675104e-03 1.5e+00 1.04e+00  1e+00  1e+00 10:06.0
   28    336 -2.416163355869576e-04 1.6e+00 9.70e-01  9e-01  1e+00 10:52.5
   30    360 -7.079809767994808e-03 1.6e+00 1.01e+00  9e-01  1e+00 11:39.1
   32    384 4.110996610903383e-03 1.7e+00 1.04e+00  1e+00  1e+00 12:25.8
   34    408 -6.392586499600179e-03 1.7e+00 1.02e+00  1e+00  1e+00 13:12.3
   36    432 8.440426370987599e-03 1.7e+00 1.03e+00  1e+00  1e+00 13:58.9
   38    456 5.833658581438979e-03 1.7e+00 1.04e+00  1e+00  1e+00 14:45.4
   40    480 -3.288860354430058e-02 1.7e+00 1.02e+00  9e-01  1e+00 15:32.0
   42    504 -1.300506354563313e-02 1.7e+00 9.86e-01  9e-01  1e+00 16:18.6
   44    528 -2.689846917245087e-02 1.8e+00 9.42e-01  9e-01  1e+00 17:05.3
   46    552 -5.974206035158689e-03 1.8e+00 9.69e-01  9e-01  1e+00 17:51.8
   48    576 3.640412953402879e-02 1.8e+00 1.02e+00  1e+00  1e+00 18:38.5
   50    600 5.563525607251525e-02 1.8e+00 1.01e+00  9e-01  1e+00 19:25.0
   52    624 5.652389927264276e-03 1.8e+00 1.07e+00  1e+00  1e+00 20:11.5
   54    648 4.278057552600176e-02 1.8e+00 1.08e+00  1e+00  1e+00 20:58.1
   56    672 -2.156814828724384e-02 1.9e+00 1.14e+00  1e+00  1e+00 21:44.5
   58    696 1.766197296885019e-01 2.0e+00 1.20e+00  1e+00  1e+00 22:31.2
   60    720 -1.560620163999541e-02 2.0e+00 1.30e+00  1e+00  1e+00 23:17.8
   62    744 -1.793922965790013e-02 2.1e+00 1.35e+00  1e+00  2e+00 24:04.4
   64    768 2.381163696859756e-02 2.2e+00 1.45e+00  1e+00  2e+00 24:50.9
   66    792 -3.541513326561921e-03 2.3e+00 1.52e+00  1e+00  2e+00 25:37.6
   68    816 9.023796425348834e-04 2.3e+00 1.63e+00  1e+00  2e+00 26:24.3
   70    840 3.423135187560480e-03 2.4e+00 1.61e+00  1e+00  2e+00 27:10.8
   73    876 2.139065982872133e-02 2.4e+00 1.76e+00  2e+00  2e+00 28:20.6
   76    912 1.147727268931199e-01 2.4e+00 1.67e+00  1e+00  2e+00 29:30.4
   79    948 -4.949288923932452e-04 2.4e+00 1.78e+00  2e+00  2e+00 30:40.3
   82    984 -1.301769885549049e-02 2.5e+00 1.82e+00  2e+00  2e+00 31:50.0
   85   1020 -3.103913851867275e-02 2.5e+00 1.67e+00  1e+00  2e+00 32:59.8
   88   1056 1.330914224650076e-02 2.5e+00 1.78e+00  2e+00  2e+00 34:09.5
   91   1092 4.406246938542061e-02 2.6e+00 2.42e+00  2e+00  3e+00 35:15.8
   94   1128 5.083759787723349e-02 2.7e+00 2.88e+00  2e+00  3e+00 36:20.9
   97   1164 3.068539225513895e-02 2.8e+00 2.94e+00  2e+00  3e+00 37:27.4
  100   1200 1.043363990187612e-01 2.8e+00 2.65e+00  2e+00  3e+00 38:35.4
  103   1236 7.784569589925552e-02 2.8e+00 2.63e+00  2e+00  3e+00 39:45.3
  106   1272 8.933500467092512e-02 2.8e+00 2.95e+00  2e+00  3e+00 40:55.6
  109   1308 3.959186155822218e-02 2.9e+00 2.98e+00  3e+00  4e+00 42:06.1
  112   1344 1.422703237773755e-02 3.0e+00 2.93e+00  2e+00  3e+00 43:16.8
  115   1380 6.170584483680454e-02 3.0e+00 3.10e+00  3e+00  4e+00 44:24.4
  118   1416 1.296686388204120e-02 3.0e+00 3.29e+00  3e+00  4e+00 45:32.7
  121   1452 8.869109087904636e-02 3.0e+00 3.09e+00  2e+00  4e+00 46:43.2
  124   1488 -9.696244302168734e-03 3.1e+00 2.96e+00  2e+00  3e+00 47:52.3
  127   1524 2.683091723693288e-02 3.1e+00 2.92e+00  2e+00  3e+00 49:02.9
  130   1560 4.735637696153677e-02 3.2e+00 3.09e+00  3e+00  4e+00 50:13.4
  133   1596 8.595132721487551e-02 3.2e+00 3.19e+00  3e+00  4e+00 51:23.4
  136   1632 9.695454720070888e-02 3.2e+00 3.30e+00  3e+00  4e+00 52:32.7
  140   1680 9.053537499607188e-02 3.3e+00 3.86e+00  3e+00  4e+00 54:04.0
  144   1728 1.115126304435436e-01 3.4e+00 3.65e+00  3e+00  4e+00 55:35.8
  148   1776 6.347635392554547e-02 3.5e+00 3.27e+00  3e+00  4e+00 57:07.3
  152   1824 1.056005265160287e-01 3.5e+00 3.38e+00  3e+00  4e+00 58:38.2
  156   1872 7.752335821403011e-02 3.6e+00 3.91e+00  3e+00  5e+00 60:09.3
  160   1920 1.316123820419760e-01 3.7e+00 3.71e+00  3e+00  5e+00 61:36.6
  164   1968 1.231624177947583e-01 3.7e+00 3.52e+00  3e+00  4e+00 63:06.7
  168   2016 1.372682956244031e-01 3.6e+00 3.04e+00  2e+00  4e+00 64:36.6
  172   2064 9.639207247673601e-02 3.6e+00 2.82e+00  2e+00  3e+00 66:03.0
  176   2112 7.406625610343902e-02 3.8e+00 3.29e+00  3e+00  4e+00 67:33.5
  180   2160 1.145643525704346e-01 3.8e+00 3.18e+00  2e+00  4e+00 69:02.7
  184   2208 1.359552676110673e-01 4.0e+00 2.90e+00  2e+00  4e+00 70:32.8
  188   2256 1.168633964846326e-01 4.0e+00 2.80e+00  2e+00  3e+00 72:01.1
  192   2304 1.173103835529082e-01 4.0e+00 2.64e+00  2e+00  3e+00 73:28.3
  197   2364 8.294886249606977e-02 4.0e+00 1.99e+00  2e+00  2e+00 75:09.8
  200   2400 1.052046121639153e-01 4.1e+00 1.73e+00  1e+00  2e+00 76:14.9
  204   2448 7.505702140988831e-02 4.3e+00 1.61e+00  1e+00  2e+00 77:46.3
  208   2496 1.005564375859863e-01 4.4e+00 1.61e+00  1e+00  2e+00 79:15.2
  212   2544 1.207179929282251e-01 4.4e+00 1.45e+00  1e+00  2e+00 80:46.0
  216   2592 7.803656307475669e-02 4.7e+00 1.23e+00  9e-01  2e+00 82:14.9
  220   2640 6.277138039961408e-02 4.6e+00 1.09e+00  8e-01  1e+00 83:44.7
  225   2700 1.184878773421064e-01 4.8e+00 1.17e+00  9e-01  1e+00 85:36.4
  230   2760 3.299997890937990e-02 4.6e+00 1.40e+00  1e+00  2e+00 87:23.5
  235   2820 7.578430852066023e-02 4.5e+00 1.28e+00  1e+00  2e+00 89:14.1
  240   2880 1.143784096064111e-01 4.8e+00 1.10e+00  8e-01  1e+00 91:03.9
  245   2940 3.731670564123005e-02 4.9e+00 1.06e+00  8e-01  1e+00 92:55.9
  250   3000 1.280643423329823e-01 4.9e+00 1.05e+00  8e-01  1e+00 94:48.1
  255   3060 8.720792529882619e-02 4.9e+00 1.04e+00  8e-01  1e+00 96:38.0
  260   3120 5.189788804567339e-02 4.9e+00 1.04e+00  8e-01  1e+00 98:24.8
  265   3180 7.801199169992271e-02 4.8e+00 9.67e-01  7e-01  1e+00 100:18.4
  270   3240 1.135092742323255e-01 4.9e+00 8.17e-01  6e-01  1e+00 102:08.9
  275   3300 7.769750377683174e-02 5.0e+00 8.17e-01  6e-01  1e+00 104:01.8
  280   3360 9.175561676978509e-02 5.0e+00 9.83e-01  8e-01  1e+00 105:49.1
  285   3420 1.049477791115581e-01 5.1e+00 8.50e-01  7e-01  1e+00 107:43.6
  291   3492 1.108452019778247e-01 5.2e+00 7.61e-01  6e-01  1e+00 109:35.7
  296   3552 9.574024034842786e-02 5.2e+00 6.39e-01  5e-01  8e-01 111:20.1
  300   3600 1.121871849387347e-01 5.3e+00 5.39e-01  4e-01  7e-01 112:52.4
  305   3660 9.659273457877923e-02 5.2e+00 4.68e-01  4e-01  6e-01 114:39.0
  310   3720 6.080188538629210e-02 5.1e+00 4.22e-01  3e-01  5e-01 116:27.4
  315   3780 8.196498889646421e-02 5.3e+00 4.16e-01  3e-01  5e-01 118:17.3
  320   3840 4.020404979959908e-02 5.2e+00 3.68e-01  3e-01  5e-01 120:06.6
  326   3912 6.013180774308161e-02 5.4e+00 3.43e-01  3e-01  4e-01 122:16.9
  332   3984 2.714890115197145e-02 5.3e+00 3.37e-01  2e-01  4e-01 124:25.0
  338   4056 3.791732960394619e-02 5.5e+00 3.19e-01  2e-01  4e-01 126:38.1
  344   4128 3.745002328373852e-02 5.4e+00 3.10e-01  2e-01  4e-01 128:50.1
  350   4200 1.479266155463692e-02 5.3e+00 2.64e-01  2e-01  3e-01 131:03.3
  356   4272 6.697655257647343e-03 5.4e+00 2.25e-01  2e-01  3e-01 133:13.0
  362   4344 -1.213359793099818e-03 5.4e+00 1.87e-01  1e-01  2e-01 135:13.4
  368   4416 -1.522956236920592e-02 5.5e+00 2.08e-01  1e-01  2e-01 137:26.1
  374   4488 -1.084390039997608e-02 5.5e+00 1.80e-01  1e-01  2e-01 139:38.5
  380   4560 -2.283927776681865e-02 5.3e+00 1.43e-01  1e-01  2e-01 141:49.2
  386   4632 -2.514950543384748e-02 5.3e+00 1.13e-01  7e-02  1e-01 144:00.7
  392   4704 -2.472784736143551e-02 5.3e+00 9.14e-02  6e-02  1e-01 146:02.6
  399   4788 -2.248862029676434e-02 5.4e+00 8.80e-02  5e-02  9e-02 148:23.1
  400   4800 -2.329347835082993e-02 5.5e+00 8.14e-02  5e-02  9e-02 148:46.2
  406   4872 -2.383324959677852e-02 5.6e+00 6.42e-02  4e-02  7e-02 150:58.0
  412   4944 -2.521630121101445e-02 5.9e+00 5.01e-02  3e-02  5e-02 153:08.4
  418   5016 -2.552713074829648e-02 6.1e+00 4.07e-02  2e-02  4e-02 155:26.6
  424   5088 -2.591731902792609e-02 6.0e+00 4.12e-02  2e-02  4e-02 157:38.2
  430   5160 -2.650846362533525e-02 6.2e+00 4.81e-02  3e-02  5e-02 159:53.4
  436   5232 -2.658476972999812e-02 6.3e+00 4.77e-02  2e-02  6e-02 162:08.9
  442   5304 -2.716342909998359e-02 6.4e+00 3.61e-02  2e-02  4e-02 164:21.0
  448   5376 -2.733318661835556e-02 6.6e+00 2.71e-02  1e-02  3e-02 166:35.5
  454   5448 -2.754074375707168e-02 6.7e+00 3.02e-02  1e-02  3e-02 168:50.5
  460   5520 -2.757747891494649e-02 7.0e+00 4.05e-02  2e-02  4e-02 171:03.6
  466   5592 -2.776598452545784e-02 7.2e+00 3.43e-02  2e-02  4e-02 173:18.0
  472   5664 -2.818205704765505e-02 7.7e+00 2.78e-02  1e-02  3e-02 175:33.2
  479   5748 -2.857327483333202e-02 7.9e+00 2.68e-02  1e-02  3e-02 178:10.3
  486   5832 -2.859220588585453e-02 8.2e+00 2.71e-02  1e-02  3e-02 180:45.9
  493   5916 -2.928257237750366e-02 9.2e+00 2.96e-02  1e-02  3e-02 183:19.9
  500   6000 -2.953884236352155e-02 9.8e+00 4.32e-02  2e-02  5e-02 185:39.8
  508   6096 -3.018306488443363e-02 1.1e+01 4.58e-02  2e-02  6e-02 188:11.7
  516   6192 -3.088219316021428e-02 1.2e+01 3.67e-02  1e-02  5e-02 190:51.7
  523   6276 -3.126386818591526e-02 1.3e+01 4.25e-02  2e-02  5e-02 193:16.9
  531   6372 -3.260387089920177e-02 1.3e+01 4.64e-02  2e-02  6e-02 195:58.5
  539   6468 -3.278991060692889e-02 1.6e+01 5.73e-02  2e-02  9e-02 198:37.4
  547   6564 -3.375268898654495e-02 1.6e+01 4.29e-02  1e-02  7e-02 201:09.0
  555   6660 -3.383964061528033e-02 1.7e+01 3.84e-02  1e-02  7e-02 203:47.3
  563   6756 -3.437826674285249e-02 1.9e+01 3.93e-02  1e-02  7e-02 206:30.3
  571   6852 -3.448415601071979e-02 2.2e+01 4.40e-02  1e-02  8e-02 209:07.7
  579   6948 -3.490759969399745e-02 2.4e+01 4.59e-02  1e-02  9e-02 211:47.1
  587   7044 -3.498948308847304e-02 2.5e+01 4.26e-02  1e-02  9e-02 214:27.2
  595   7140 -3.513055031206792e-02 2.7e+01 4.53e-02  1e-02  1e-01 217:04.7
  600   7200 -3.523216342429049e-02 2.8e+01 4.92e-02  1e-02  1e-01 218:43.1
  608   7296 -3.532072007758119e-02 2.9e+01 4.29e-02  1e-02  9e-02 221:24.3
  616   7392 -3.561420797335301e-02 2.9e+01 4.17e-02  1e-02  9e-02 224:01.5
  624   7488 -3.565381057975782e-02 2.9e+01 5.41e-02  1e-02  1e-01 226:40.7
  632   7584 -3.600532160964409e-02 3.0e+01 6.02e-02  1e-02  1e-01 229:16.8
  640   7680 -3.627197288531721e-02 3.1e+01 5.89e-02  1e-02  1e-01 231:56.6
  648   7776 -3.652302677104222e-02 3.1e+01 6.48e-02  1e-02  1e-01 234:37.3
  656   7872 -3.668244958491976e-02 3.3e+01 6.26e-02  1e-02  1e-01 237:16.5
  665   7980 -3.729180445458277e-02 3.5e+01 4.99e-02  1e-02  1e-01 240:05.4
  673   8076 -3.769566589864514e-02 3.5e+01 5.97e-02  1e-02  1e-01 242:49.1
  682   8184 -3.830127963176083e-02 3.6e+01 6.03e-02  1e-02  1e-01 245:40.7
  691   8292 -3.868762358787518e-02 3.6e+01 6.78e-02  1e-02  1e-01 248:44.4
  700   8400 -3.898990778034057e-02 3.6e+01 8.01e-02  1e-02  2e-01 251:40.9
  709   8508 -3.920559616436233e-02 3.6e+01 5.73e-02  1e-02  1e-01 254:41.7
  718   8616 -3.950137674849982e-02 3.5e+01 4.16e-02  7e-03  8e-02 257:43.9
  727   8724 -3.969171463514730e-02 3.9e+01 4.63e-02  7e-03  1e-01 260:46.2
  736   8832 -3.977219725947746e-02 4.2e+01 4.75e-02  7e-03  1e-01 263:48.4
  745   8940 -3.986345165493217e-02 4.2e+01 4.61e-02  6e-03  1e-01 266:51.9
  754   9048 -3.997819755803107e-02 4.3e+01 3.47e-02  4e-03  8e-02 269:58.2
  763   9156 -4.001929662694535e-02 4.8e+01 3.29e-02  4e-03  7e-02 273:08.7
  772   9264 -4.004829607042362e-02 4.9e+01 2.04e-02  2e-03  5e-02 276:20.9
  781   9372 -4.007546151511101e-02 5.1e+01 1.65e-02  2e-03  4e-02 279:32.2
  790   9480 -4.011128144426906e-02 4.9e+01 1.69e-02  2e-03  4e-02 282:45.0
  799   9588 -4.012583168248859e-02 5.1e+01 1.52e-02  1e-03  3e-02 285:56.7
  800   9600 -4.013354532661626e-02 5.1e+01 1.53e-02  1e-03  3e-02 286:18.0
  809   9708 -4.017214446092566e-02 5.5e+01 1.61e-02  1e-03  3e-02 289:30.3
  818   9816 -4.024451757149990e-02 6.1e+01 2.86e-02  2e-03  6e-02 292:42.5
  827   9924 -4.029860122612881e-02 6.6e+01 3.09e-02  3e-03  7e-02 295:55.2
  836  10032 -4.038236956616596e-02 7.8e+01 3.27e-02  3e-03  9e-02 299:08.0
  845  10140 -4.049918230989447e-02 9.3e+01 4.24e-02  3e-03  1e-01 302:21.9
  854  10248 -4.054651142944495e-02 1.1e+02 4.72e-02  4e-03  2e-01 305:33.5
  863  10356 -4.067440609356602e-02 1.3e+02 5.51e-02  4e-03  3e-01 308:44.8
  872  10464 -4.078455014357937e-02 1.5e+02 6.07e-02  5e-03  3e-01 311:57.4
  881  10572 -4.105030230478132e-02 1.7e+02 7.44e-02  5e-03  4e-01 315:09.4
  890  10680 -4.116626147397365e-02 1.9e+02 7.49e-02  5e-03  5e-01 318:21.6
  899  10788 -4.141213151045219e-02 1.8e+02 6.90e-02  5e-03  4e-01 321:33.3
  900  10800 -4.142439257341416e-02 1.8e+02 6.83e-02  5e-03  4e-01 321:54.6
  909  10908 -4.164344669700910e-02 1.8e+02 6.02e-02  4e-03  3e-01 325:06.6
  919  11028 -4.192377778714401e-02 1.8e+02 9.08e-02  6e-03  5e-01 328:34.0
  929  11148 -4.194439576960824e-02 1.8e+02 5.72e-02  4e-03  3e-01 332:03.9
  939  11268 -4.215891349595824e-02 1.8e+02 5.26e-02  3e-03  3e-01 335:36.2
  949  11388 -4.230386337172844e-02 1.8e+02 5.01e-02  3e-03  3e-01 339:08.9
  959  11508 -4.244471255859986e-02 1.7e+02 5.72e-02  3e-03  3e-01 342:41.2
  969  11628 -4.257997949396584e-02 1.8e+02 6.59e-02  4e-03  3e-01 346:10.9
  979  11748 -4.278637651333875e-02 1.8e+02 7.56e-02  4e-03  4e-01 349:36.1
  989  11868 -4.295148711959283e-02 1.8e+02 7.54e-02  4e-03  4e-01 353:09.0
  999  11988 -4.313197524872019e-02 2.0e+02 7.02e-02  4e-03  4e-01 356:41.4
 1000  12000 -4.315739833729532e-02 2.0e+02 7.11e-02  4e-03  4e-01 357:02.7
Budget constraint not satisfied 393.3990364074707 387.0075225830078 Difference:  -6.391513824462891
Budget constraint satisfied 354.0 387.0075225830078 Difference:  33.00752258300781
two_most_probable_states: ['0011000000', '0010000000']
final_expectation_value: -0.04315739833729532
params: [11.098297604486712, 0.17045634514345184, -8.715964937249336, -31.194858616230132, 35.40962897514781, -6.28589101093852, 9.548980210494433, -8.521501895351635, -3.0203450499427005, 36.71122116629514, 4.149979828709506, 16.268832290774046, 24.312180770431187, -7.860392057664548, 10.408026242152024, 1.9102734697582575, -1.2594076484843748, 15.572895174921635, -31.5655898172069, -11.068163490894348]
total_steps: 1000
states_probs: [0.11328054730786769, 0.6217817923008895]
optimized_portfolios: [{'AMGN': 0, 'BA': 2, 'DOW': 1, 'MMM': 0, 'TRV': 0}, {'AMGN': 0, 'BA': 2, 'DOW': 0, 'MMM': 0, 'TRV': 0}]
objective_values: [-83.7149526409129, -30.0467256410037]
result_with_budget: [{'portfolio': {'AMGN': 0, 'BA': 2, 'DOW': 1, 'MMM': 0, 'TRV': 0}, 'budget': 393.3990364074707, 'difference': -6.391513824462891}, {'portfolio': {'AMGN': 0, 'BA': 2, 'DOW': 0, 'MMM': 0, 'TRV': 0}, 'budget': 354.0, 'difference': 33.00752258300781}]
Processing experiment 246
Budget: 166.0199966430664
Expected returns: 0.10677999438837651
Covariance matrix: 0.44013445750908825
3rd-order coskewness tensor: -0.41937406220831364
4th-order cokurtosis tensor: 9.892050669864531
Number of qubits for asset IBM: 1
Number of qubits for asset MSFT: 1
Number of qubits for asset NKE: 2
Number of qubits for asset V: 1
Number of qubits for asset WMT: 1
Total number of qubits:  6
Optimized Weights (considering variance, skewness and kurtosis):
IBM: 17.11%
MSFT: 15.34%
NKE: 23.84%
V: 11.03%
WMT: 32.68%
Left over budget:  0.3810652750931922
Optimized Discrete Allocation:
NKE: 1
WMT: 1
Maximized utility from continuous higher moments:  -7.343227631001923
Budget constraint satisfied 165.63893127441406 166.0199966430664 Difference:  0.38106536865234375
Budget constraint satisfied 150.57786560058594 166.0199966430664 Difference:  15.442131042480469
smallest_eigenvalues: [-0.023068424644031724]
smallest_bitstrings: ['001001']
first_excited_energy: -0.02280461649673445
optimized_portfolio: [{'IBM': 0, 'MSFT': 0, 'NKE': 1, 'V': 0, 'WMT': 1}]
second_optimized_portfolio: [{'IBM': 0, 'MSFT': 0, 'NKE': 2, 'V': 0, 'WMT': 0}]
result_with_budget: [{'portfolio': {'IBM': 0, 'MSFT': 0, 'NKE': 1, 'V': 0, 'WMT': 1}, 'budget': 165.63893127441406, 'difference': 0.38106536865234375, 'objective_value': -7.343227631001923}]
result_with_budget_excited: [{'portfolio': {'IBM': 0, 'MSFT': 0, 'NKE': 2, 'V': 0, 'WMT': 0}, 'budget': 150.57786560058594, 'difference': 15.442131042480469, 'objective_value': -34.52276245453324}]
Initial params:  [1.67160169 2.89438506 1.85704801 0.01235694 1.20128636 2.63148852
 1.40796655 3.11629555 1.57614232 2.93545082 2.56545571 0.50023598]
(5_w,11)-aCMA-ES (mu_w=3.4,w_1=42%) in dimension 12 (seed=326611, Mon Mar 17 18:59:54 2025)
Iterat #Fevals   function value  axis ratio  sigma  min&max std  t[m:s]
    1     11 3.241601682920083e-02 1.0e+00 1.46e+00  1e+00  1e+00 0:01.5
    2     22 4.178081208028041e-02 1.2e+00 1.37e+00  1e+00  1e+00 0:02.9
    3     33 7.098099158076260e-02 1.2e+00 1.36e+00  1e+00  1e+00 0:04.3
    6     66 3.313379240115429e-02 1.4e+00 1.62e+00  2e+00  2e+00 0:08.8
    9     99 4.928071119692803e-03 1.7e+00 1.99e+00  2e+00  2e+00 0:13.6
   13    143 2.368052181061434e-02 1.8e+00 1.70e+00  1e+00  2e+00 0:20.0
   17    187 7.100603270983831e-02 2.0e+00 1.65e+00  1e+00  2e+00 0:26.5
   22    242 9.786630103367629e-02 2.2e+00 1.50e+00  1e+00  2e+00 0:34.6
   27    297 1.194166059609301e-01 2.4e+00 1.38e+00  1e+00  2e+00 0:42.7
   33    363 1.285533618868626e-02 2.5e+00 1.50e+00  1e+00  2e+00 0:52.4
   40    440 5.340560270878036e-02 2.7e+00 1.19e+00  1e+00  2e+00 1:03.7
   47    517 3.928675701658674e-02 2.7e+00 8.36e-01  7e-01  1e+00 1:15.0
   55    605 3.131061539651874e-02 3.1e+00 5.75e-01  5e-01  7e-01 1:28.0
   64    704 6.249297176871139e-02 3.2e+00 4.91e-01  4e-01  6e-01 1:42.5
   73    803 2.312431717458998e-02 4.2e+00 4.81e-01  4e-01  6e-01 1:57.1
   83    913 2.931489021435904e-02 4.2e+00 3.51e-01  2e-01  4e-01 2:13.3
   93   1023 3.398662711528351e-02 4.7e+00 4.32e-01  3e-01  5e-01 2:29.4
  100   1100 -5.085382371418026e-03 5.1e+00 3.95e-01  2e-01  5e-01 2:40.7
  112   1232 -7.959420370931706e-03 5.7e+00 2.36e-01  1e-01  3e-01 3:00.1
  125   1375 -1.033852206060543e-02 6.7e+00 1.91e-01  1e-01  2e-01 3:20.4
  139   1529 -1.071839976452270e-02 7.9e+00 1.05e-01  5e-02  1e-01 3:41.7
  153   1683 -1.098613521702050e-02 1.1e+01 5.86e-02  2e-02  8e-02 4:04.3
  167   1837 -1.132361941399319e-02 1.4e+01 7.46e-02  3e-02  1e-01 4:27.0
  182   2002 -1.149824486284481e-02 1.9e+01 4.52e-02  1e-02  7e-02 4:50.2
  198   2178 -1.163183122762373e-02 2.5e+01 5.25e-02  1e-02  9e-02 5:15.2
  200   2200 -1.165647537471713e-02 2.8e+01 5.66e-02  1e-02  1e-01 5:18.3
  217   2387 -1.176711760593950e-02 4.2e+01 3.89e-02  8e-03  9e-02 5:45.9
  234   2574 -1.185509700856921e-02 6.9e+01 6.73e-02  1e-02  2e-01 6:13.3
  252   2772 -1.193743360242445e-02 1.0e+02 4.22e-02  6e-03  1e-01 6:42.4
  271   2981 -1.200650682976269e-02 1.4e+02 4.33e-02  5e-03  2e-01 7:12.3
  290   3190 -1.211761269614961e-02 1.4e+02 6.43e-02  5e-03  2e-01 7:43.1
  300   3300 -1.221102608462815e-02 1.9e+02 8.33e-02  6e-03  4e-01 7:59.3
  322   3542 -1.244134836897663e-02 2.2e+02 9.34e-02  5e-03  5e-01 8:32.6
  344   3784 -1.276714369760070e-02 2.7e+02 1.03e-01  5e-03  5e-01 9:05.6
  367   4037 -1.313521792602091e-02 2.4e+02 1.55e-01  6e-03  6e-01 9:40.2
  390   4290 -1.324832218103673e-02 2.1e+02 5.56e-02  2e-03  2e-01 10:15.8
  400   4400 -1.326004528547038e-02 2.1e+02 4.64e-02  1e-03  1e-01 10:32.0
  423   4653 -1.326399987447177e-02 2.2e+02 2.18e-02  6e-04  6e-02 11:09.2
  447   4917 -1.327202862611227e-02 2.2e+02 3.65e-02  8e-04  9e-02 11:48.0
  471   5181 -1.329585169655080e-02 2.2e+02 1.35e-01  2e-03  3e-01 12:27.1
  497   5467 -1.333617176363662e-02 2.2e+02 8.09e-02  1e-03  2e-01 13:07.9
  500   5500 -1.332844248762803e-02 2.2e+02 1.02e-01  2e-03  2e-01 13:12.3
  529   5819 -1.334948825252866e-02 2.7e+02 3.88e-02  5e-04  7e-02 13:54.3
  559   6149 -1.335910086486180e-02 2.3e+02 8.38e-02  1e-03  1e-01 14:37.9
  590   6490 -1.336763891687739e-02 2.5e+02 5.80e-02  6e-04  8e-02 15:22.9
  600   6600 -1.336975033922288e-02 2.2e+02 8.09e-02  7e-04  1e-01 15:37.4
  632   6952 -1.337601427892616e-02 2.4e+02 5.48e-02  5e-04  6e-02 16:24.1
  662   7282 -1.338460402892073e-02 2.3e+02 1.07e-01  8e-04  1e-01 17:12.6
  692   7612 -1.346152686294401e-02 3.3e+02 3.08e-01  2e-03  3e-01 18:01.0
  700   7700 -1.349239348796090e-02 3.3e+02 2.84e-01  2e-03  3e-01 18:14.0
  731   8041 -1.387247368671751e-02 2.4e+02 7.37e-01  4e-03  6e-01 19:04.1
  763   8393 -1.446072831851140e-02 2.5e+02 4.88e-01  3e-03  4e-01 19:55.8
  797   8767 -1.466754049197628e-02 2.8e+02 2.92e-01  1e-03  2e-01 20:48.7
  800   8800 -1.467876205942446e-02 2.8e+02 2.90e-01  1e-03  2e-01 20:53.5
  834   9174 -1.471564377122184e-02 2.6e+02 2.56e-01  1e-03  2e-01 21:48.3
  869   9559 -1.471897837901015e-02 2.9e+02 7.44e-02  2e-04  4e-02 22:44.8
  900   9900 -1.471917624065461e-02 2.5e+02 1.61e-02  4e-05  7e-03 23:34.3
  936  10296 -1.471918243651989e-02 2.3e+02 1.78e-03  4e-06  6e-04 24:32.3
  972  10692 -1.471918249243265e-02 2.6e+02 2.26e-04  4e-07  6e-05 25:30.5
  992  10912 -1.471918249267831e-02 2.7e+02 5.27e-05  7e-08  1e-05 26:02.7
Budget constraint satisfied 90.3499984741211 166.0199966430664 Difference:  75.66999816894531
Budget constraint satisfied 75.28893280029297 166.0199966430664 Difference:  90.73106384277344
two_most_probable_states: ['000001', '001000']
final_expectation_value: -0.014719182492679969
params: [3.3095868277371316, -2.3744472832439345, -1.034520979390495, 11.279536053194956, 14.492777701546865, 16.99211903628911, 14.232387959101525, -1.3143203038371893, -4.285794936485226, -0.13824091929183466, -0.08956695638081388, -3.2100852443898544]
total_steps: 992
states_probs: [0.1597288831924219, 0.16029313236249745]
optimized_portfolios: [{'IBM': 0, 'MSFT': 0, 'NKE': 0, 'V': 0, 'WMT': 1}, {'IBM': 0, 'MSFT': 0, 'NKE': 1, 'V': 0, 'WMT': 0}]
objective_values: [-3.227864862546428, -3.2239273490990152]
result_with_budget: [{'portfolio': {'IBM': 0, 'MSFT': 0, 'NKE': 0, 'V': 0, 'WMT': 1}, 'budget': 90.3499984741211, 'difference': 75.66999816894531}, {'portfolio': {'IBM': 0, 'MSFT': 0, 'NKE': 1, 'V': 0, 'WMT': 0}, 'budget': 75.28893280029297, 'difference': 90.73106384277344}]
Skipping experiment 247 (already processed)
Processing experiment 248
Budget: 500.3399887084961
Expected returns: 0.178204248587671
Covariance matrix: 0.46849271178839635
3rd-order coskewness tensor: 1.0810232198216188
4th-order cokurtosis tensor: 21.988373833568357
Number of qubits for asset AXP: 1
Number of qubits for asset CSCO: 4
Number of qubits for asset DIS: 3
Number of qubits for asset HD: 1
Number of qubits for asset JNJ: 2
Total number of qubits:  11
Optimized Weights (considering variance, skewness and kurtosis):
AXP: 11.06%
CSCO: 16.69%
DIS: 28.26%
HD: 8.71%
JNJ: 35.29%
Left over budget:  16.569785257199328
Optimized Discrete Allocation:
CSCO: 2
DIS: 2
JNJ: 1
Maximized utility from continuous higher moments:  -239.1795873577045
Budget constraint satisfied 497.8869857788086 500.3399887084961 Difference:  2.4530029296875
Budget constraint satisfied 498.3647232055664 500.3399887084961 Difference:  1.9752655029296875
smallest_eigenvalues: [-0.044163998477049514]
smallest_bitstrings: ['00000100100']
first_excited_energy: -0.04414809451814752
optimized_portfolio: [{'AXP': 0, 'CSCO': 0, 'DIS': 1, 'HD': 1, 'JNJ': 0}]
second_optimized_portfolio: [{'AXP': 1, 'CSCO': 1, 'DIS': 0, 'HD': 0, 'JNJ': 1}]
result_with_budget: [{'portfolio': {'AXP': 0, 'CSCO': 0, 'DIS': 1, 'HD': 1, 'JNJ': 0}, 'budget': 497.8869857788086, 'difference': 2.4530029296875, 'objective_value': -16.809471170144146}]
result_with_budget_excited: [{'portfolio': {'AXP': 1, 'CSCO': 1, 'DIS': 0, 'HD': 0, 'JNJ': 1}, 'budget': 498.3647232055664, 'difference': 1.9752655029296875, 'objective_value': -48.01618506127122}]
Initial params:  [2.74261388 2.71238762 0.71834504 1.12756679 1.67282571 1.26943429
 0.8125699  1.64871155 1.71325058 2.39120237 0.1777923  2.94056492
 1.53986405 0.26033868 2.70913425 2.8842432  0.99607677 1.35229099
 0.27242249 2.84402492]
(6_w,12)-aCMA-ES (mu_w=3.7,w_1=40%) in dimension 20 (seed=299384, Mon Mar 17 19:26:51 2025)
Iterat #Fevals   function value  axis ratio  sigma  min&max std  t[m:s]
    1     12 2.240620957701476e-02 1.0e+00 1.41e+00  1e+00  1e+00 0:33.3
    2     24 1.832903460789927e-02 1.1e+00 1.35e+00  1e+00  1e+00 1:06.5
    3     36 -1.123116272280696e-02 1.1e+00 1.31e+00  1e+00  1e+00 1:39.3
    4     48 5.587371247634467e-03 1.2e+00 1.26e+00  1e+00  1e+00 2:12.2
    5     60 -1.083333034189406e-02 1.2e+00 1.20e+00  1e+00  1e+00 2:45.2
    6     72 6.318172636460939e-02 1.2e+00 1.18e+00  1e+00  1e+00 3:18.2
    7     84 -5.083564438058894e-03 1.2e+00 1.20e+00  1e+00  1e+00 3:51.0
    8     96 1.193026026070258e-01 1.2e+00 1.19e+00  1e+00  1e+00 4:23.8
    9    108 -2.553887487085532e-02 1.3e+00 1.16e+00  1e+00  1e+00 4:55.6
   10    120 3.294201738762716e-02 1.3e+00 1.15e+00  1e+00  1e+00 5:28.2
   11    132 -1.272341628601597e-02 1.3e+00 1.12e+00  1e+00  1e+00 6:01.1
   12    144 -2.367851199379125e-02 1.4e+00 1.10e+00  1e+00  1e+00 6:34.1
   13    156 -8.999712437432405e-03 1.4e+00 1.11e+00  1e+00  1e+00 7:07.0
   14    168 -9.436525800788317e-03 1.4e+00 1.12e+00  1e+00  1e+00 7:39.9
   15    180 -2.039923718889480e-02 1.5e+00 1.15e+00  1e+00  1e+00 8:12.5
   16    192 -9.464204985091590e-03 1.5e+00 1.16e+00  1e+00  1e+00 8:43.7
   17    204 -1.796273372253306e-02 1.5e+00 1.13e+00  1e+00  1e+00 9:16.7
   18    216 -2.150665949269194e-02 1.6e+00 1.12e+00  1e+00  1e+00 9:49.8
   19    228 -1.784474026128317e-02 1.6e+00 1.12e+00  1e+00  1e+00 10:22.8
   20    240 -2.485020124820940e-02 1.6e+00 1.08e+00  1e+00  1e+00 10:55.9
   21    252 -8.054271791359889e-03 1.6e+00 1.07e+00  1e+00  1e+00 11:28.4
   22    264 -2.734338744722199e-02 1.6e+00 1.08e+00  1e+00  1e+00 12:01.0
   23    276 5.906018844989717e-03 1.7e+00 1.09e+00  1e+00  1e+00 12:34.0
   24    288 3.187130464807279e-02 1.7e+00 1.12e+00  1e+00  1e+00 13:07.2
   25    300 5.218708714389343e-03 1.7e+00 1.19e+00  1e+00  1e+00 13:40.2
   26    312 8.832145420339053e-03 1.7e+00 1.25e+00  1e+00  1e+00 14:13.3
   27    324 -1.931060622515002e-02 1.6e+00 1.28e+00  1e+00  1e+00 14:46.4
   28    336 -1.814658454008468e-02 1.7e+00 1.32e+00  1e+00  1e+00 15:19.9
   29    348 -2.089923427512810e-03 1.7e+00 1.28e+00  1e+00  1e+00 15:52.9
   30    360 -1.297751926549635e-02 1.7e+00 1.21e+00  1e+00  1e+00 16:25.1
   31    372 -3.015757755385374e-02 1.7e+00 1.18e+00  1e+00  1e+00 16:57.3
   32    384 -3.043407792966147e-02 1.8e+00 1.14e+00  1e+00  1e+00 17:30.2
   33    396 -1.057319522012323e-02 1.8e+00 1.08e+00  1e+00  1e+00 18:03.1
   34    408 -6.189400176176904e-03 1.8e+00 1.05e+00  1e+00  1e+00 18:36.1
   36    432 -1.604388087791780e-02 1.8e+00 1.03e+00  9e-01  1e+00 19:38.6
   38    456 -2.287581649239274e-02 1.8e+00 9.95e-01  9e-01  1e+00 20:38.2
   40    480 -1.525865028637330e-02 1.8e+00 9.78e-01  9e-01  1e+00 21:43.9
   42    504 -2.406314763264198e-02 1.8e+00 1.02e+00  1e+00  1e+00 22:49.8
   44    528 -1.481460045496125e-02 1.9e+00 1.00e+00  9e-01  1e+00 23:55.7
   46    552 -1.562100487094392e-02 1.9e+00 9.80e-01  9e-01  1e+00 25:01.6
   48    576 -1.556138691571483e-02 1.9e+00 9.57e-01  9e-01  1e+00 26:07.8
   50    600 -2.344701007492114e-02 1.9e+00 9.46e-01  9e-01  1e+00 27:14.3
   52    624 2.198912747883390e-02 2.0e+00 9.56e-01  9e-01  1e+00 28:20.0
   54    648 -7.626627611704775e-03 2.0e+00 9.84e-01  9e-01  1e+00 29:26.1
   56    672 2.170112330906160e-03 2.0e+00 1.01e+00  9e-01  1e+00 30:29.4
   58    696 -1.134673873516665e-04 2.0e+00 9.86e-01  9e-01  1e+00 31:35.6
   60    720 1.871869434790642e-02 2.0e+00 9.05e-01  8e-01  1e+00 32:41.8
   62    744 -1.056751489205159e-03 2.0e+00 8.00e-01  7e-01  9e-01 33:48.0
   64    768 -1.960794524157783e-02 2.0e+00 7.63e-01  7e-01  8e-01 34:50.9
   66    792 -1.655885359444196e-02 2.0e+00 8.21e-01  7e-01  9e-01 35:50.3
   68    816 -8.933484851471565e-04 2.0e+00 9.06e-01  8e-01  1e+00 36:49.8
   70    840 -2.537433737067480e-02 2.1e+00 9.61e-01  9e-01  1e+00 37:49.5
   72    864 -2.164107248952295e-02 2.1e+00 9.20e-01  8e-01  1e+00 38:48.8
   74    888 -8.317710563425916e-03 2.1e+00 8.85e-01  8e-01  1e+00 39:51.3
   76    912 -1.156351068326370e-02 2.2e+00 8.74e-01  8e-01  9e-01 40:57.1
   78    936 -1.844921179841776e-02 2.3e+00 8.33e-01  7e-01  9e-01 42:03.1
   80    960 -7.940263778170906e-03 2.3e+00 7.54e-01  6e-01  8e-01 43:08.6
   82    984 -1.950861522282524e-02 2.3e+00 7.10e-01  6e-01  8e-01 44:14.9
   84   1008 -1.806259077385375e-02 2.2e+00 6.66e-01  6e-01  7e-01 45:21.1
   86   1032 -1.587248249228289e-02 2.2e+00 6.51e-01  5e-01  7e-01 46:27.4
   88   1056 5.391342262480669e-03 2.2e+00 6.32e-01  5e-01  7e-01 47:33.3
   90   1080 6.940994987487895e-03 2.2e+00 6.05e-01  5e-01  7e-01 48:39.6
   92   1104 -1.080193570379709e-02 2.2e+00 5.92e-01  5e-01  6e-01 49:43.5
   94   1128 -1.567268968121252e-02 2.2e+00 5.85e-01  5e-01  6e-01 50:49.3
   96   1152 -2.275002800299746e-02 2.3e+00 5.90e-01  5e-01  6e-01 51:55.6
   99   1188 -1.693994806639705e-02 2.3e+00 6.36e-01  6e-01  7e-01 53:25.8
  100   1200 -1.685507559630107e-02 2.4e+00 6.31e-01  6e-01  7e-01 53:55.5
  103   1236 -7.052082604033397e-03 2.4e+00 5.83e-01  5e-01  6e-01 55:30.9
  106   1272 -9.642407545921728e-03 2.5e+00 5.86e-01  5e-01  6e-01 57:09.3
  109   1308 -4.082274293753853e-04 2.6e+00 6.62e-01  6e-01  7e-01 58:41.1
  112   1344 -4.580951673632033e-03 2.8e+00 6.62e-01  6e-01  8e-01 60:13.3
  115   1380 -1.807118740214506e-02 2.9e+00 6.92e-01  6e-01  8e-01 61:45.1
  118   1416 -3.073909943876326e-03 3.0e+00 6.40e-01  6e-01  7e-01 63:10.5
  121   1452 -9.550415344811075e-03 3.0e+00 6.05e-01  5e-01  7e-01 64:36.3
  124   1488 -1.988151381578638e-02 3.0e+00 5.50e-01  5e-01  6e-01 66:05.5
  127   1524 -2.158615450019721e-02 3.0e+00 5.11e-01  4e-01  6e-01 67:37.7
  130   1560 -1.951786351955983e-02 3.0e+00 4.82e-01  4e-01  6e-01 69:14.8
  133   1596 -1.854802584293651e-02 3.1e+00 4.94e-01  4e-01  6e-01 70:38.5
  136   1632 5.385946022133884e-03 3.1e+00 4.99e-01  4e-01  6e-01 72:07.5
  139   1668 -9.389517756176425e-03 3.1e+00 5.59e-01  5e-01  6e-01 73:37.0
  142   1704 1.106299797202735e-02 3.2e+00 5.36e-01  4e-01  6e-01 75:03.8
  145   1740 -7.289101818458468e-03 3.2e+00 4.87e-01  4e-01  6e-01 76:31.4
  148   1776 -2.273762945081144e-02 3.3e+00 4.78e-01  4e-01  5e-01 78:01.6
  151   1812 8.769566451933976e-03 3.3e+00 4.53e-01  4e-01  5e-01 79:31.5
  154   1848 -1.328211930883761e-02 3.3e+00 4.35e-01  4e-01  5e-01 81:02.1
  157   1884 -5.067727135337769e-03 3.4e+00 4.18e-01  3e-01  5e-01 82:32.4
  160   1920 -1.945141368005309e-02 3.5e+00 4.26e-01  4e-01  5e-01 84:01.6
  163   1956 -1.825280056601081e-02 3.5e+00 4.17e-01  3e-01  5e-01 85:30.6
  167   2004 -1.966047552609826e-02 3.6e+00 4.44e-01  4e-01  5e-01 87:22.2
  170   2040 -2.239712457968539e-02 3.7e+00 4.38e-01  4e-01  5e-01 88:51.8
  174   2088 -2.003640257941532e-02 3.7e+00 4.92e-01  4e-01  6e-01 90:41.4
  178   2136 -1.813673015844068e-02 3.8e+00 4.73e-01  4e-01  5e-01 92:38.4
  181   2172 -6.389768182509874e-03 3.8e+00 4.74e-01  4e-01  6e-01 94:16.5
  184   2208 -2.218866323451879e-02 3.7e+00 4.76e-01  4e-01  6e-01 95:53.4
  187   2244 -1.793013014026717e-02 3.7e+00 5.00e-01  4e-01  6e-01 97:28.9
  190   2280 -2.051052344993361e-02 3.8e+00 4.74e-01  4e-01  6e-01 99:07.3
  193   2316 -1.887903487798315e-02 3.7e+00 4.49e-01  3e-01  5e-01 100:43.9
  197   2364 -2.415538081055683e-02 3.8e+00 4.59e-01  3e-01  5e-01 102:50.6
  200   2400 -2.412246324764942e-02 4.0e+00 4.46e-01  3e-01  5e-01 104:28.3
  204   2448 -2.650864045455476e-02 4.2e+00 3.94e-01  3e-01  5e-01 106:37.4
  208   2496 -2.131839706778039e-02 4.3e+00 3.31e-01  2e-01  4e-01 108:45.6
  212   2544 -2.339371224364660e-02 4.5e+00 3.05e-01  2e-01  4e-01 110:56.1
  216   2592 -2.260153192533743e-02 4.5e+00 2.98e-01  2e-01  4e-01 113:02.5
  220   2640 -1.850070320379698e-02 4.5e+00 2.79e-01  2e-01  3e-01 115:12.9
  224   2688 -1.994567723664689e-02 4.6e+00 2.66e-01  2e-01  3e-01 117:19.7
  228   2736 -2.388824609472899e-02 4.7e+00 2.49e-01  2e-01  3e-01 119:30.0
  232   2784 -2.234490793793940e-02 4.6e+00 2.48e-01  2e-01  3e-01 121:39.4
  236   2832 -2.937395841126987e-02 4.6e+00 2.44e-01  2e-01  3e-01 123:47.5
  240   2880 -2.895517879808694e-02 4.8e+00 2.16e-01  1e-01  3e-01 125:57.8
  244   2928 -2.844613186422098e-02 4.7e+00 1.86e-01  1e-01  2e-01 128:04.4
  248   2976 -2.990028506036577e-02 4.9e+00 1.42e-01  9e-02  2e-01 130:14.7
  252   3024 -3.157714820889050e-02 4.8e+00 1.36e-01  9e-02  2e-01 132:16.7
  256   3072 -3.122648252094262e-02 5.2e+00 1.48e-01  1e-01  2e-01 134:25.5
  260   3120 -3.331231947706340e-02 5.2e+00 1.36e-01  9e-02  2e-01 136:31.0
  264   3168 -3.104008593059826e-02 5.5e+00 1.19e-01  8e-02  1e-01 138:40.6
  268   3216 -3.355060759348701e-02 5.7e+00 9.60e-02  6e-02  1e-01 140:47.4
  272   3264 -3.401822984383209e-02 5.8e+00 8.34e-02  5e-02  1e-01 142:57.5
  276   3312 -3.396693016815038e-02 5.9e+00 7.50e-02  5e-02  8e-02 145:07.5
  280   3360 -3.463153433292983e-02 6.2e+00 6.87e-02  4e-02  8e-02 147:17.9
  284   3408 -3.477611798741691e-02 6.4e+00 6.62e-02  4e-02  7e-02 149:28.4
  288   3456 -3.487332728724847e-02 6.5e+00 5.84e-02  4e-02  7e-02 151:39.0
  292   3504 -3.492007496382088e-02 6.9e+00 5.25e-02  3e-02  6e-02 153:49.9
  296   3552 -3.529653401435645e-02 7.2e+00 4.73e-02  3e-02  5e-02 156:00.3
  300   3600 -3.542075222328711e-02 7.5e+00 4.62e-02  3e-02  5e-02 158:11.4
  304   3648 -3.548463759003678e-02 7.6e+00 4.63e-02  3e-02  5e-02 160:22.3
  308   3696 -3.569161870665131e-02 8.4e+00 4.61e-02  3e-02  6e-02 162:33.6
  312   3744 -3.572438171026181e-02 8.8e+00 4.34e-02  3e-02  5e-02 164:44.4
  316   3792 -3.594880877586148e-02 9.3e+00 4.94e-02  3e-02  6e-02 166:53.6
  320   3840 -3.582760214794369e-02 1.0e+01 5.01e-02  3e-02  6e-02 169:03.7
  324   3888 -3.612350409470100e-02 1.1e+01 4.75e-02  3e-02  6e-02 171:14.8
  328   3936 -3.621296220623702e-02 1.1e+01 5.15e-02  3e-02  6e-02 173:25.3
  333   3996 -3.627426270485708e-02 1.2e+01 5.03e-02  3e-02  6e-02 176:08.2
  338   4056 -3.640472325652741e-02 1.2e+01 4.60e-02  3e-02  6e-02 178:47.0
  343   4116 -3.638965957482285e-02 1.3e+01 3.88e-02  2e-02  5e-02 181:26.1
  348   4176 -3.642816235385877e-02 1.2e+01 4.00e-02  2e-02  5e-02 183:56.8
  353   4236 -3.652688142289855e-02 1.3e+01 4.51e-02  2e-02  5e-02 186:35.3
  358   4296 -3.659152815571177e-02 1.4e+01 4.87e-02  3e-02  6e-02 189:16.9
  363   4356 -3.650037837295896e-02 1.4e+01 4.20e-02  2e-02  5e-02 191:59.5
  368   4416 -3.665686465015950e-02 1.4e+01 3.36e-02  2e-02  4e-02 194:41.8
  373   4476 -3.668468236791707e-02 1.5e+01 3.22e-02  2e-02  4e-02 197:23.1
  378   4536 -3.668759849597269e-02 1.5e+01 3.53e-02  2e-02  4e-02 200:01.1
  383   4596 -3.673403081254268e-02 1.6e+01 3.72e-02  2e-02  5e-02 202:40.7
  388   4656 -3.679768973638747e-02 1.7e+01 4.21e-02  2e-02  5e-02 205:19.3
  393   4716 -3.690027005848834e-02 1.8e+01 4.97e-02  2e-02  7e-02 208:01.5
  398   4776 -3.683694708812028e-02 1.9e+01 4.96e-02  2e-02  6e-02 210:41.2
  400   4800 -3.690540560723952e-02 1.9e+01 4.73e-02  2e-02  6e-02 211:46.6
  405   4860 -3.691989453576141e-02 2.0e+01 3.76e-02  2e-02  5e-02 214:26.4
  410   4920 -3.693355624969268e-02 2.1e+01 3.24e-02  1e-02  4e-02 217:10.0
  415   4980 -3.699224915243243e-02 2.2e+01 2.89e-02  1e-02  4e-02 219:48.8
  420   5040 -3.701809746873842e-02 2.5e+01 2.89e-02  1e-02  4e-02 222:30.1
  425   5100 -3.706398783190306e-02 2.8e+01 3.03e-02  1e-02  4e-02 225:12.0
  430   5160 -3.711633328907827e-02 3.2e+01 3.69e-02  2e-02  5e-02 227:54.7
  435   5220 -3.717041965017674e-02 3.7e+01 3.97e-02  2e-02  6e-02 230:35.4
  440   5280 -3.715475408300264e-02 3.8e+01 3.66e-02  2e-02  6e-02 233:17.8
  445   5340 -3.722477265763324e-02 3.8e+01 3.07e-02  1e-02  5e-02 235:58.3
  450   5400 -3.725863251989829e-02 4.0e+01 2.88e-02  1e-02  4e-02 238:41.8
  455   5460 -3.729620218056809e-02 4.1e+01 3.17e-02  1e-02  5e-02 241:21.6
  460   5520 -3.727451497239590e-02 4.2e+01 2.78e-02  1e-02  4e-02 244:03.7
  465   5580 -3.732413595586904e-02 4.3e+01 2.77e-02  1e-02  4e-02 246:45.0
  470   5640 -3.735697209891688e-02 4.5e+01 2.38e-02  9e-03  4e-02 249:25.8
  475   5700 -3.737347191011651e-02 4.6e+01 2.50e-02  1e-02  4e-02 252:06.0
  480   5760 -3.738893578237906e-02 4.7e+01 2.26e-02  9e-03  4e-02 254:49.4
  486   5832 -3.742086365596087e-02 4.9e+01 2.01e-02  8e-03  3e-02 258:02.5
  492   5904 -3.744679583505942e-02 5.0e+01 1.86e-02  7e-03  3e-02 261:16.9
  498   5976 -3.748680480698169e-02 5.2e+01 1.90e-02  7e-03  3e-02 264:30.1
  500   6000 -3.747714249257268e-02 5.2e+01 1.73e-02  6e-03  3e-02 265:35.0
  506   6072 -3.751517488174006e-02 5.4e+01 1.61e-02  6e-03  3e-02 268:48.1
  512   6144 -3.755109380015301e-02 5.6e+01 2.15e-02  8e-03  4e-02 272:00.1
  518   6216 -3.758564519276751e-02 5.5e+01 2.60e-02  9e-03  4e-02 275:14.9
  524   6288 -3.764414427375987e-02 6.0e+01 3.16e-02  1e-02  6e-02 278:28.9
  530   6360 -3.770590380300312e-02 6.7e+01 3.71e-02  1e-02  7e-02 281:43.6
  536   6432 -3.772679549776929e-02 7.2e+01 3.63e-02  1e-02  7e-02 284:56.5
  542   6504 -3.780116432380981e-02 7.4e+01 4.07e-02  1e-02  8e-02 287:55.4
  548   6576 -3.777822923933100e-02 7.5e+01 4.56e-02  2e-02  9e-02 291:01.8
  554   6648 -3.791575553175797e-02 7.7e+01 3.92e-02  1e-02  8e-02 294:17.5
  560   6720 -3.786551135336047e-02 7.6e+01 4.48e-02  1e-02  9e-02 297:29.0
  566   6792 -3.790032848377268e-02 7.8e+01 4.90e-02  2e-02  9e-02 300:40.2
  572   6864 -3.797983395211414e-02 7.8e+01 4.85e-02  1e-02  9e-02 303:53.8
  578   6936 -3.798873405607871e-02 8.0e+01 3.92e-02  1e-02  8e-02 307:07.1
  584   7008 -3.806975507365408e-02 7.9e+01 3.83e-02  1e-02  8e-02 310:19.2
  590   7080 -3.810857745453509e-02 8.2e+01 4.21e-02  1e-02  9e-02 313:31.1
  596   7152 -3.815674297760124e-02 8.8e+01 4.20e-02  1e-02  9e-02 316:42.7
  600   7200 -3.813816184630882e-02 9.1e+01 4.11e-02  1e-02  9e-02 318:52.9
  606   7272 -3.815030519873337e-02 9.4e+01 3.82e-02  1e-02  9e-02 322:03.2
  612   7344 -3.820617838602772e-02 9.2e+01 3.60e-02  9e-03  8e-02 325:14.7
  618   7416 -3.822536207208852e-02 9.9e+01 3.70e-02  1e-02  9e-02 328:28.4
  624   7488 -3.823660681737539e-02 1.0e+02 3.21e-02  8e-03  8e-02 331:41.2
  630   7560 -3.823674855616729e-02 1.0e+02 3.17e-02  8e-03  8e-02 334:53.4
  636   7632 -3.825831293333926e-02 1.0e+02 2.80e-02  7e-03  7e-02 338:04.0
  642   7704 -3.826568741402883e-02 1.0e+02 2.71e-02  6e-03  6e-02 341:20.1
  648   7776 -3.828816865349247e-02 1.0e+02 2.56e-02  6e-03  6e-02 344:36.3
  654   7848 -3.830183628637812e-02 1.0e+02 2.59e-02  6e-03  6e-02 347:52.7
  660   7920 -3.830459640593458e-02 1.1e+02 2.34e-02  5e-03  5e-02 351:09.0
  666   7992 -3.832481113952005e-02 1.0e+02 2.41e-02  5e-03  5e-02 354:25.4
  672   8064 -3.834391990796034e-02 1.0e+02 2.38e-02  5e-03  5e-02 357:41.9
  678   8136 -3.837491853783512e-02 1.1e+02 2.82e-02  6e-03  7e-02 360:58.0
  684   8208 -3.838838883945413e-02 1.2e+02 3.87e-02  8e-03  1e-01 364:14.7
  691   8292 -3.839264082513357e-02 1.3e+02 3.69e-02  8e-03  1e-01 368:04.0
  698   8376 -3.841050592241334e-02 1.4e+02 2.99e-02  6e-03  8e-02 371:53.1
  700   8400 -3.842446591751132e-02 1.3e+02 2.85e-02  6e-03  7e-02 372:58.7
  707   8484 -3.843135636573362e-02 1.3e+02 3.15e-02  7e-03  8e-02 376:48.2
  714   8568 -3.843768122557875e-02 1.4e+02 2.59e-02  5e-03  7e-02 380:37.4
  721   8652 -3.844366409791002e-02 1.4e+02 1.94e-02  4e-03  5e-02 384:26.5
  728   8736 -3.845376771081398e-02 1.4e+02 1.90e-02  4e-03  5e-02 388:17.5
  735   8820 -3.845883974742425e-02 1.4e+02 1.96e-02  4e-03  5e-02 392:07.3
  742   8904 -3.846626248233927e-02 1.4e+02 1.90e-02  4e-03  5e-02 395:56.9
  749   8988 -3.847267325641623e-02 1.4e+02 1.72e-02  3e-03  4e-02 399:46.3
  756   9072 -3.847794345993722e-02 1.4e+02 1.42e-02  3e-03  3e-02 403:35.3
  763   9156 -3.848965706812638e-02 1.5e+02 1.79e-02  3e-03  5e-02 407:25.0
  770   9240 -3.850038082836648e-02 1.6e+02 2.41e-02  4e-03  7e-02 411:14.4
  777   9324 -3.851870389550865e-02 1.7e+02 2.76e-02  5e-03  8e-02 415:03.3
  784   9408 -3.852130806280352e-02 1.8e+02 2.81e-02  5e-03  8e-02 418:53.2
  791   9492 -3.852999356838685e-02 1.7e+02 2.52e-02  4e-03  7e-02 422:43.0
  798   9576 -3.854661689526037e-02 1.7e+02 2.39e-02  4e-03  7e-02 426:32.1
  800   9600 -3.854609454000542e-02 1.7e+02 2.40e-02  4e-03  7e-02 427:37.9
  807   9684 -3.855759983742724e-02 1.7e+02 2.40e-02  4e-03  7e-02 431:27.9
  814   9768 -3.856437537069108e-02 1.8e+02 2.54e-02  4e-03  8e-02 435:18.9
  821   9852 -3.857820259650056e-02 1.8e+02 2.54e-02  4e-03  7e-02 439:07.8
  828   9936 -3.859666837313791e-02 1.9e+02 2.92e-02  5e-03  9e-02 442:57.2
  835  10020 -3.860299455129728e-02 1.9e+02 3.25e-02  5e-03  9e-02 446:46.5
  842  10104 -3.860852238189564e-02 1.8e+02 3.85e-02  6e-03  1e-01 450:36.1
  849  10188 -3.862188406580651e-02 1.8e+02 4.18e-02  6e-03  1e-01 454:25.7
  856  10272 -3.864328552339657e-02 1.7e+02 4.70e-02  7e-03  1e-01 458:15.0
  863  10356 -3.862997809847632e-02 1.7e+02 4.85e-02  7e-03  1e-01 462:04.6
  870  10440 -3.865766737518542e-02 1.7e+02 3.82e-02  6e-03  1e-01 465:54.4
  877  10524 -3.865834226776860e-02 1.7e+02 3.19e-02  5e-03  8e-02 469:43.5
  884  10608 -3.868109552615728e-02 1.6e+02 3.38e-02  5e-03  8e-02 473:32.7
  891  10692 -3.869199948892771e-02 1.6e+02 4.19e-02  6e-03  1e-01 477:22.1
  898  10776 -3.869090729875601e-02 1.7e+02 3.84e-02  6e-03  9e-02 481:11.3
  900  10800 -3.869467849072523e-02 1.7e+02 3.50e-02  5e-03  9e-02 482:16.9
  907  10884 -3.871612700454607e-02 1.7e+02 2.94e-02  4e-03  7e-02 486:07.1
  915  10980 -3.872715505307045e-02 1.7e+02 2.98e-02  4e-03  8e-02 490:30.4
  923  11076 -3.873645729789663e-02 1.8e+02 2.73e-02  4e-03  7e-02 494:51.9
  931  11172 -3.875172046766447e-02 1.9e+02 2.24e-02  3e-03  6e-02 499:13.7
  939  11268 -3.875798757788565e-02 2.0e+02 2.67e-02  4e-03  8e-02 503:36.6
  946  11352 -3.876973828687724e-02 2.1e+02 2.98e-02  4e-03  9e-02 507:44.1
  953  11436 -3.877032773852759e-02 2.3e+02 3.32e-02  5e-03  1e-01 511:49.3
  960  11520 -3.877727374801548e-02 2.5e+02 3.09e-02  4e-03  1e-01 515:54.2
  967  11604 -3.877860745450209e-02 2.5e+02 2.82e-02  4e-03  1e-01 519:52.7
  975  11700 -3.878186221480869e-02 2.6e+02 1.91e-02  2e-03  7e-02 524:26.9
  982  11784 -3.878252683759337e-02 2.7e+02 1.48e-02  2e-03  5e-02 528:30.9
  989  11868 -3.878352123165543e-02 2.8e+02 1.40e-02  2e-03  5e-02 532:35.2
  996  11952 -3.878490351883156e-02 2.8e+02 1.47e-02  2e-03  5e-02 536:40.1
 1000  12000 -3.878609502372215e-02 2.9e+02 1.55e-02  2e-03  5e-02 539:00.6
Budget constraint satisfied 287.7479705810547 500.3399887084961 Difference:  212.5920181274414
Budget constraint satisfied 313.6208801269531 500.3399887084961 Difference:  186.71910858154297
two_most_probable_states: ['01100100000', '01000100010']
final_expectation_value: -0.03878609502372215
params: [-5.486249455222062, -3.6606857881783585, 8.60903722702706, 9.189271320848585, 7.52793564719213, -7.012687169877059, 2.11898207187538, -2.947844954985433, -7.096006222994726, 5.813041603753394, 2.0264333260457956, 10.491175909350739, 0.48885022816125606, 8.955210511254954, 6.390097045786553, 7.277999393331454, -1.9978385987234413, 5.046561059169337, 8.517555182787348, -3.325708995332056]
total_steps: 1000
states_probs: [0.01334241354114046, 0.013356911674986212]
optimized_portfolios: [{'AXP': 0, 'CSCO': 3, 'DIS': 1, 'HD': 0, 'JNJ': 0}, {'AXP': 0, 'CSCO': 1, 'DIS': 1, 'HD': 0, 'JNJ': 1}]
objective_values: [-211.7441762050261, -31.53130880456203]
result_with_budget: [{'portfolio': {'AXP': 0, 'CSCO': 3, 'DIS': 1, 'HD': 0, 'JNJ': 0}, 'budget': 287.7479705810547, 'difference': 212.5920181274414}, {'portfolio': {'AXP': 0, 'CSCO': 1, 'DIS': 1, 'HD': 0, 'JNJ': 1}, 'budget': 313.6208801269531, 'difference': 186.71910858154297}]
Processing experiment 249
Budget: 280.6351509094238
Expected returns: 0.178204248587671
Covariance matrix: 0.6449289949671252
3rd-order coskewness tensor: 1.0810232198216188
4th-order cokurtosis tensor: 21.988373833568357
Number of qubits for asset AXP: 1
Number of qubits for asset HON: 1
Number of qubits for asset IBM: 1
Number of qubits for asset KO: 3
Number of qubits for asset WMT: 2
Total number of qubits:  8
Optimized Weights (considering variance, skewness and kurtosis):
AXP: 25.84%
HON: 4.48%
IBM: 21.06%
KO: 9.69%
WMT: 38.92%
Left over budget:  38.131240796348465
Optimized Discrete Allocation:
KO: 1
WMT: 2
Maximized utility from continuous higher moments:  -58.3757760705373
Budget constraint satisfied 280.1790657043457 280.6351509094238 Difference:  0.456085205078125
Budget constraint not satisfied 286.4914131164551 280.6351509094238 Difference:  -5.85626220703125
smallest_eigenvalues: [-0.06044918695288368]
smallest_bitstrings: ['00110000']
first_excited_energy: -0.06041649438366227
optimized_portfolio: [{'AXP': 0, 'HON': 0, 'IBM': 1, 'KO': 1, 'WMT': 0}]
second_optimized_portfolio: [{'AXP': 0, 'HON': 1, 'IBM': 0, 'KO': 1, 'WMT': 0}]
result_with_budget: [{'portfolio': {'AXP': 0, 'HON': 0, 'IBM': 1, 'KO': 1, 'WMT': 0}, 'budget': 280.1790657043457, 'difference': 0.456085205078125, 'objective_value': -15.230727844807978}]
result_with_budget_excited: [{'portfolio': {'AXP': 0, 'HON': 1, 'IBM': 0, 'KO': 1, 'WMT': 0}, 'budget': 286.4914131164551, 'difference': -5.85626220703125, 'objective_value': -17.882814673198475}]
Initial params:  [2.86127089 1.26816099 0.43718939 2.29399212 1.53335896 2.1001863
 2.27444129 2.31974463 2.30059682 2.62384091 2.54158539 0.63831142
 1.82804445 2.3245482  1.55776759 3.1211959 ]
(6_w,12)-aCMA-ES (mu_w=3.7,w_1=40%) in dimension 16 (seed=377965, Tue Mar 18 04:27:22 2025)
Iterat #Fevals   function value  axis ratio  sigma  min&max std  t[m:s]
    1     12 -6.583848347051733e-03 1.0e+00 1.37e+00  1e+00  1e+00 0:07.5
    2     24 -6.766692771988625e-03 1.1e+00 1.30e+00  1e+00  1e+00 0:15.0
    3     36 -1.378496441665827e-02 1.2e+00 1.26e+00  1e+00  1e+00 0:22.4
    4     48 -1.378632458373805e-02 1.2e+00 1.25e+00  1e+00  1e+00 0:29.8
    5     60 -1.398718900083147e-02 1.2e+00 1.20e+00  1e+00  1e+00 0:37.4
    6     72 -1.774994217858950e-02 1.3e+00 1.23e+00  1e+00  1e+00 0:44.8
    7     84 2.864075153457500e-02 1.3e+00 1.32e+00  1e+00  1e+00 0:52.3
    8     96 7.603211366046529e-03 1.4e+00 1.43e+00  1e+00  2e+00 0:59.7
   10    120 1.168249447999969e-02 1.5e+00 1.39e+00  1e+00  2e+00 1:14.4
   12    144 -2.617301481765104e-02 1.6e+00 1.15e+00  1e+00  1e+00 1:29.2
   14    168 -1.627117460465121e-02 1.6e+00 1.25e+00  1e+00  1e+00 1:43.2
   16    192 -2.515660848161826e-02 1.7e+00 1.24e+00  1e+00  1e+00 1:57.1
   18    216 -3.159237932863059e-02 1.8e+00 1.25e+00  1e+00  1e+00 2:11.3
   20    240 -1.537659706750386e-02 1.8e+00 1.31e+00  1e+00  1e+00 2:26.0
   22    264 -3.001276964100020e-02 1.8e+00 1.33e+00  1e+00  1e+00 2:40.4
   25    300 -2.295629895056937e-02 1.9e+00 1.24e+00  1e+00  1e+00 3:01.0
   28    336 -2.468657099697123e-02 2.0e+00 1.23e+00  1e+00  1e+00 3:22.7
   31    372 -2.131363362317537e-03 2.0e+00 1.13e+00  1e+00  1e+00 3:44.9
   34    408 -2.132974929124317e-02 2.0e+00 1.01e+00  9e-01  1e+00 4:07.2
   37    444 -2.051911714843974e-02 2.1e+00 1.11e+00  9e-01  1e+00 4:29.3
   40    480 -2.351105464142818e-02 2.0e+00 1.11e+00  9e-01  1e+00 4:51.5
   43    516 5.675703259988979e-03 2.1e+00 1.09e+00  9e-01  1e+00 5:13.7
   46    552 9.116952631492332e-03 2.2e+00 9.40e-01  8e-01  1e+00 5:35.8
   50    600 -1.033725076130552e-02 2.3e+00 7.67e-01  6e-01  8e-01 6:05.4
   54    648 1.158426442875824e-02 2.3e+00 5.97e-01  5e-01  6e-01 6:34.7
   58    696 -3.253718023529669e-02 2.4e+00 5.49e-01  4e-01  6e-01 7:03.1
   62    744 -1.239362040907474e-02 2.5e+00 5.17e-01  4e-01  5e-01 7:32.5
   66    792 -2.690229149633587e-02 2.7e+00 5.41e-01  4e-01  6e-01 8:00.4
   70    840 -2.103194177284361e-02 2.8e+00 5.21e-01  4e-01  6e-01 8:29.6
   74    888 -3.140638035355656e-02 2.8e+00 4.63e-01  4e-01  5e-01 8:59.4
   79    948 -4.054900134884008e-03 3.0e+00 4.19e-01  3e-01  5e-01 9:36.4
   84   1008 -3.695563377524076e-02 3.3e+00 3.59e-01  3e-01  4e-01 10:13.3
   89   1068 -3.690974840868260e-02 3.6e+00 3.20e-01  2e-01  4e-01 10:50.3
   94   1128 -3.050279060217119e-02 3.6e+00 2.54e-01  2e-01  3e-01 11:27.1
   99   1188 -3.824590578511443e-02 3.7e+00 2.01e-01  2e-01  2e-01 12:02.6
  100   1200 -3.892495093214141e-02 3.8e+00 1.97e-01  2e-01  2e-01 12:09.5
  106   1272 -3.779637698512762e-02 4.0e+00 2.03e-01  2e-01  2e-01 12:50.7
  112   1344 -3.710417519409350e-02 3.8e+00 1.58e-01  1e-01  2e-01 13:32.7
  118   1416 -3.924733455804271e-02 4.0e+00 1.29e-01  1e-01  1e-01 14:17.0
  124   1488 -3.928645975366339e-02 4.6e+00 1.42e-01  1e-01  1e-01 14:59.9
  130   1560 -3.874315372626681e-02 5.0e+00 1.51e-01  1e-01  2e-01 15:45.1
  136   1632 -3.841091565277521e-02 5.3e+00 1.44e-01  1e-01  1e-01 16:30.1
  142   1704 -3.855717336561168e-02 5.7e+00 1.58e-01  1e-01  2e-01 17:14.9
  149   1788 -3.838843779002377e-02 5.9e+00 1.62e-01  1e-01  2e-01 18:04.8
  156   1872 -4.085682582833922e-02 6.7e+00 1.49e-01  1e-01  2e-01 18:54.5
  162   1944 -4.190161829213694e-02 7.1e+00 1.31e-01  9e-02  1e-01 19:39.6
  169   2028 -4.383740195777667e-02 8.8e+00 1.50e-01  1e-01  2e-01 20:31.6
  176   2112 -4.397095624156515e-02 9.3e+00 1.45e-01  1e-01  2e-01 21:23.3
  183   2196 -4.467890778227671e-02 1.1e+01 1.26e-01  9e-02  2e-01 22:14.1
  190   2280 -4.607484928413567e-02 1.1e+01 1.28e-01  9e-02  2e-01 23:04.8
  197   2364 -4.573050882996006e-02 1.3e+01 1.17e-01  7e-02  2e-01 23:56.1
  200   2400 -4.555815907621697e-02 1.4e+01 1.02e-01  6e-02  1e-01 24:18.7
  207   2484 -4.639061352552102e-02 1.4e+01 8.62e-02  5e-02  1e-01 25:10.9
  215   2580 -4.675540454307957e-02 1.5e+01 7.64e-02  5e-02  1e-01 26:10.2
  223   2676 -4.709069944863132e-02 1.5e+01 7.80e-02  5e-02  1e-01 27:08.1
  231   2772 -4.740763040947327e-02 1.6e+01 6.60e-02  4e-02  8e-02 28:05.2
  239   2868 -4.745808308664159e-02 1.8e+01 5.79e-02  3e-02  8e-02 29:03.8
  247   2964 -4.778227668536555e-02 1.9e+01 5.00e-02  3e-02  7e-02 30:03.5
  255   3060 -4.817636982144360e-02 2.2e+01 6.07e-02  3e-02  8e-02 31:02.7
  264   3168 -4.828205619763134e-02 2.4e+01 5.92e-02  3e-02  8e-02 32:07.8
  273   3276 -4.866709333592744e-02 2.7e+01 5.36e-02  2e-02  7e-02 33:11.8
  282   3384 -4.882845700438482e-02 3.0e+01 5.51e-02  2e-02  7e-02 34:18.7
  291   3492 -4.928998940129765e-02 3.7e+01 7.94e-02  3e-02  1e-01 35:25.6
  300   3600 -4.961130419775375e-02 4.1e+01 8.05e-02  3e-02  1e-01 36:30.0
  309   3708 -4.986375089563525e-02 4.8e+01 8.67e-02  3e-02  2e-01 37:34.0
  318   3816 -4.979787019497497e-02 4.9e+01 7.54e-02  3e-02  1e-01 38:41.1
  327   3924 -5.010297283373970e-02 5.2e+01 4.76e-02  2e-02  8e-02 39:47.9
  337   4044 -5.035344723539786e-02 5.5e+01 6.28e-02  2e-02  1e-01 40:59.2
  347   4164 -5.043365752931461e-02 5.9e+01 6.91e-02  2e-02  1e-01 42:10.7
  357   4284 -5.056639956654260e-02 5.9e+01 5.91e-02  2e-02  1e-01 43:24.5
  367   4404 -5.069452375236983e-02 6.0e+01 6.80e-02  2e-02  1e-01 44:36.6
  378   4536 -5.103323192462669e-02 6.3e+01 1.07e-01  3e-02  2e-01 45:54.4
  389   4668 -5.118788921328544e-02 6.3e+01 9.25e-02  2e-02  2e-01 47:13.6
  399   4788 -5.133380958916429e-02 6.6e+01 1.06e-01  2e-02  2e-01 48:28.4
  400   4800 -5.127961725741784e-02 6.6e+01 1.04e-01  2e-02  2e-01 48:35.7
  411   4932 -5.154533243518430e-02 6.7e+01 6.01e-02  1e-02  1e-01 49:56.8
  422   5064 -5.169270380064509e-02 6.6e+01 5.11e-02  1e-02  9e-02 51:14.8
  433   5196 -5.180835507323456e-02 6.4e+01 5.30e-02  1e-02  9e-02 52:36.4
  444   5328 -5.192248328441251e-02 7.1e+01 4.63e-02  9e-03  8e-02 53:57.9
  456   5472 -5.202194996040337e-02 7.1e+01 5.25e-02  9e-03  9e-02 55:21.3
  468   5616 -5.211960469334059e-02 9.0e+01 6.58e-02  1e-02  1e-01 56:48.5
  479   5748 -5.222922084766073e-02 9.7e+01 6.32e-02  1e-02  1e-01 58:10.1
  491   5892 -5.233642640005139e-02 9.7e+01 6.43e-02  1e-02  1e-01 59:37.4
  500   6000 -5.243938235959551e-02 9.2e+01 8.32e-02  1e-02  2e-01 60:42.8
  512   6144 -5.255953233618225e-02 9.0e+01 8.10e-02  1e-02  2e-01 62:09.5
  524   6288 -5.265986632102493e-02 8.3e+01 7.18e-02  1e-02  1e-01 63:39.1
  537   6444 -5.273474899265905e-02 8.5e+01 4.44e-02  6e-03  8e-02 65:09.4
  549   6588 -5.275856892471199e-02 9.2e+01 4.37e-02  5e-03  8e-02 66:36.7
  561   6732 -5.285793178034312e-02 8.7e+01 6.02e-02  8e-03  1e-01 68:05.9
  574   6888 -5.314039713145783e-02 8.6e+01 8.19e-02  1e-02  2e-01 69:41.0
  587   7044 -5.333185603039409e-02 1.0e+02 8.46e-02  1e-02  2e-01 71:12.7
  600   7200 -5.346811116922522e-02 9.5e+01 7.19e-02  8e-03  1e-01 72:48.6
  613   7356 -5.358885346865119e-02 9.4e+01 6.05e-02  6e-03  1e-01 74:23.0
  626   7512 -5.365164799512168e-02 9.3e+01 5.94e-02  5e-03  1e-01 75:57.3
  639   7668 -5.369530100805521e-02 8.8e+01 4.44e-02  4e-03  7e-02 77:34.4
  654   7848 -5.374027477780860e-02 8.4e+01 3.39e-02  3e-03  5e-02 79:15.4
  670   8040 -5.377656585679029e-02 8.8e+01 4.48e-02  3e-03  7e-02 80:56.2
  686   8232 -5.386774879454186e-02 8.6e+01 8.16e-02  5e-03  1e-01 82:38.3
  700   8400 -5.396653192964253e-02 9.5e+01 1.01e-01  6e-03  1e-01 84:04.6
  716   8592 -5.412386589458021e-02 9.6e+01 8.27e-02  5e-03  1e-01 85:48.9
  732   8784 -5.429965304496528e-02 9.8e+01 1.08e-01  6e-03  1e-01 87:29.6
  749   8988 -5.441513843715713e-02 1.0e+02 8.34e-02  5e-03  1e-01 89:15.4
  766   9192 -5.447519329981441e-02 9.8e+01 6.20e-02  3e-03  7e-02 91:00.7
  783   9396 -5.450182562104934e-02 1.1e+02 6.05e-02  3e-03  7e-02 92:44.2
  800   9600 -5.451212903426447e-02 1.1e+02 4.45e-02  2e-03  5e-02 94:30.2
  817   9804 -5.451796995355070e-02 1.2e+02 3.59e-02  2e-03  5e-02 96:15.5
  834  10008 -5.452687962150606e-02 1.4e+02 2.93e-02  1e-03  4e-02 98:07.0
  851  10212 -5.453519350905504e-02 1.8e+02 3.06e-02  1e-03  5e-02 99:59.5
  869  10428 -5.453845284692949e-02 2.1e+02 1.85e-02  8e-04  3e-02 101:48.5
  887  10644 -5.454060868023387e-02 2.5e+02 2.56e-02  1e-03  5e-02 103:40.1
  900  10800 -5.454085557063922e-02 2.5e+02 2.75e-02  1e-03  5e-02 104:58.6
  918  11016 -5.454227684970697e-02 2.4e+02 1.83e-02  8e-04  3e-02 106:53.5
  935  11220 -5.454387575862698e-02 2.7e+02 2.29e-02  9e-04  4e-02 108:49.8
  953  11436 -5.454619943487094e-02 3.8e+02 2.85e-02  1e-03  6e-02 110:42.9
  971  11652 -5.454818750096904e-02 4.1e+02 2.91e-02  1e-03  6e-02 112:40.1
  990  11880 -5.454915324907574e-02 4.0e+02 1.54e-02  5e-04  3e-02 114:39.5
 1000  12000 -5.454950232829699e-02 4.2e+02 1.58e-02  6e-04  3e-02 115:42.1
Job finished at Tue Mar 18 06:24:42 EET 2025
