Running job array 23 on csl45.int.triton.aalto.fi
Starting at Sat Mar 22 10:18:48 EET 2025
Activating virtual environment at /scratch/work/uotilav2/quantum-portfolio/venv
Processing batch 24/100: experiments 23 to 23 (total 1)
Processing experiment 23
Budget: 2544
YF.download() has changed argument auto_adjust default to True
Number of qubits for asset AMGN: 4
Number of qubits for asset HON: 4
Total number of qubits:  8
Optimized Weights (considering variance, skewness and kurtosis):
AMGN: 50.00%
HON: 50.00%
Left over budget:  127.80660171977888
Optimized Discrete Allocation:
AMGN: 5
HON: 5
Maximized utility from continuous higher moments:  -137.48914255632255
Budget constraint satisfied 2539.2898559570312 2544 Difference:  4.71014404296875
Budget constraint not satisfied 2551.6481018066406 2544 Difference:  -7.648101806640625
smallest_eigenvalues: [-0.30405707084808953]
smallest_bitstrings: ['01001001']
first_excited_energy: -0.30405681733851686
optimized_portfolio: [{'AMGN': 2, 'HON': 9}]
second_optimized_portfolio: [{'AMGN': 9, 'HON': 1}]
result_with_budget: [{'portfolio': {'AMGN': 2, 'HON': 9}, 'budget': 2539.2898559570312, 'difference': 4.71014404296875, 'objective_value': -460.8307950034911}]
result_with_budget_excited: [{'portfolio': {'AMGN': 9, 'HON': 1}, 'budget': 2551.6481018066406, 'difference': -7.648101806640625, 'objective_value': -184.19032334587138}]
Initial params:  [2.61575239 2.44465153 2.73322377 3.07442019 2.51063067 1.44978017
 2.45210473 0.37157007 2.01037118 0.45035763 2.96776493 1.63943485
 1.3026989  0.83112597 2.43232687 1.43303853]
(6_w,12)-aCMA-ES (mu_w=3.7,w_1=40%) in dimension 16 (seed=757606, Sat Mar 22 10:19:02 2025)
Iterat #Fevals   function value  axis ratio  sigma  min&max std  t[m:s]
    1     12 -1.572939545546372e-01 1.0e+00 9.70e-02  1e-01  1e-01 0:06.1
    2     24 -1.737907261588749e-01 1.1e+00 9.49e-02  9e-02  1e-01 0:12.4
    3     36 -1.710356530646111e-01 1.2e+00 9.67e-02  9e-02  1e-01 0:18.5
    4     48 -1.712468177461347e-01 1.2e+00 9.76e-02  9e-02  1e-01 0:24.7
    5     60 -1.662388669598887e-01 1.3e+00 9.09e-02  9e-02  9e-02 0:31.7
    6     72 -1.798849397345187e-01 1.3e+00 8.55e-02  8e-02  9e-02 0:39.1
    7     84 -1.845631761092080e-01 1.4e+00 8.72e-02  8e-02  9e-02 0:46.6
    8     96 -1.847283937394978e-01 1.4e+00 8.86e-02  8e-02  9e-02 0:54.0
   10    120 -1.932560360174098e-01 1.5e+00 9.48e-02  9e-02  1e-01 1:08.9
   12    144 -2.022486414521458e-01 1.6e+00 1.03e-01  9e-02  1e-01 1:23.9
   14    168 -1.967225297399364e-01 1.7e+00 1.06e-01  1e-01  1e-01 1:38.8
   16    192 -1.958731423257339e-01 1.7e+00 1.04e-01  9e-02  1e-01 1:53.8
   18    216 -1.855581989023179e-01 1.9e+00 1.02e-01  9e-02  1e-01 2:08.7
   20    240 -1.966912780198488e-01 2.0e+00 9.79e-02  9e-02  1e-01 2:23.7
   22    264 -2.074686026201545e-01 2.1e+00 9.15e-02  8e-02  1e-01 2:38.6
   25    300 -2.124674457330180e-01 2.2e+00 9.38e-02  8e-02  1e-01 3:01.1
   28    336 -2.158396605269019e-01 2.3e+00 9.26e-02  8e-02  1e-01 3:23.5
   31    372 -2.154966234855912e-01 2.4e+00 8.91e-02  7e-02  1e-01 3:45.9
   34    408 -2.289599386299070e-01 2.6e+00 8.58e-02  7e-02  1e-01 4:08.4
   37    444 -2.270093683531764e-01 2.7e+00 9.11e-02  8e-02  1e-01 4:30.7
   40    480 -2.265001762343312e-01 3.1e+00 9.10e-02  7e-02  1e-01 4:53.1
   43    516 -2.285395147442889e-01 3.1e+00 9.55e-02  8e-02  1e-01 5:15.5
   46    552 -2.329412523204185e-01 3.2e+00 9.86e-02  8e-02  1e-01 5:38.0
   50    600 -2.352870470684827e-01 3.3e+00 8.23e-02  6e-02  1e-01 6:07.9
   54    648 -2.305479605073608e-01 3.4e+00 7.44e-02  5e-02  1e-01 6:37.8
   58    696 -2.319638641791297e-01 3.7e+00 6.81e-02  5e-02  9e-02 7:07.8
   62    744 -2.360459754920330e-01 4.0e+00 5.97e-02  4e-02  8e-02 7:37.6
   66    792 -2.377065780577176e-01 4.2e+00 4.80e-02  3e-02  6e-02 8:07.5
   70    840 -2.388150142626363e-01 4.3e+00 4.69e-02  3e-02  6e-02 8:37.4
   74    888 -2.399484718526610e-01 4.8e+00 4.92e-02  3e-02  6e-02 9:07.4
   79    948 -2.395245051589199e-01 5.1e+00 4.83e-02  3e-02  6e-02 9:44.8
   84   1008 -2.404947917136633e-01 5.7e+00 4.82e-02  3e-02  6e-02 10:22.2
   89   1068 -2.422010710896916e-01 6.7e+00 4.99e-02  3e-02  7e-02 10:59.6
   94   1128 -2.426087180691492e-01 7.3e+00 5.19e-02  3e-02  7e-02 11:36.9
   99   1188 -2.443597677271586e-01 8.0e+00 5.12e-02  3e-02  7e-02 12:14.2
  100   1200 -2.448217163895324e-01 7.9e+00 5.34e-02  3e-02  7e-02 12:21.7
  105   1260 -2.466949025804616e-01 9.1e+00 5.67e-02  3e-02  8e-02 12:59.1
  110   1320 -2.532363689731300e-01 1.0e+01 6.35e-02  3e-02  9e-02 13:36.4
  116   1392 -2.621700349230826e-01 1.0e+01 1.01e-01  5e-02  1e-01 14:21.2
  122   1464 -2.655614441026268e-01 1.1e+01 1.09e-01  5e-02  2e-01 15:06.0
  128   1536 -2.678738327677717e-01 1.0e+01 9.75e-02  4e-02  1e-01 15:50.8
  134   1608 -2.701914934436889e-01 1.1e+01 8.75e-02  4e-02  1e-01 16:35.6
  140   1680 -2.736047150966399e-01 1.1e+01 5.92e-02  3e-02  8e-02 17:20.4
  146   1752 -2.739143578085249e-01 1.1e+01 4.51e-02  2e-02  6e-02 18:05.2
  152   1824 -2.739880274574772e-01 1.1e+01 4.85e-02  2e-02  6e-02 18:50.0
  159   1908 -2.743316949518871e-01 1.3e+01 4.32e-02  2e-02  6e-02 19:41.9
  166   1992 -2.738865369293713e-01 1.3e+01 4.94e-02  2e-02  7e-02 20:32.9
  173   2076 -2.747264466208612e-01 1.4e+01 4.33e-02  2e-02  6e-02 21:23.6
  180   2160 -2.751324738830849e-01 1.5e+01 4.30e-02  2e-02  6e-02 22:14.4
  187   2244 -2.751282783290802e-01 1.6e+01 3.60e-02  1e-02  5e-02 23:05.1
  194   2328 -2.754608563735336e-01 1.7e+01 3.03e-02  1e-02  4e-02 23:56.0
  200   2400 -2.755603968121408e-01 1.7e+01 3.30e-02  1e-02  5e-02 24:39.5
  208   2496 -2.756727890513840e-01 1.7e+01 2.88e-02  1e-02  5e-02 25:37.6
  216   2592 -2.758066681496293e-01 1.7e+01 2.94e-02  1e-02  5e-02 26:35.6
  224   2688 -2.758839284115456e-01 1.8e+01 2.74e-02  9e-03  5e-02 27:33.6
  232   2784 -2.760515308647801e-01 1.9e+01 2.40e-02  7e-03  4e-02 28:31.5
  240   2880 -2.760879034422685e-01 2.1e+01 2.11e-02  6e-03  4e-02 29:29.5
  248   2976 -2.761453456074706e-01 2.1e+01 1.68e-02  5e-03  3e-02 30:27.5
  257   3084 -2.761829070582987e-01 2.5e+01 1.42e-02  4e-03  3e-02 31:32.5
  266   3192 -2.762103491152896e-01 2.6e+01 1.06e-02  3e-03  2e-02 32:37.7
  275   3300 -2.762378817357688e-01 3.2e+01 1.22e-02  3e-03  3e-02 33:42.8
  284   3408 -2.762817030339365e-01 3.7e+01 1.52e-02  4e-03  4e-02 34:48.0
  293   3516 -2.763121517619222e-01 4.3e+01 1.49e-02  3e-03  4e-02 35:53.2
  300   3600 -2.763297822611986e-01 4.7e+01 1.47e-02  3e-03  4e-02 36:43.7
  309   3708 -2.763434394330603e-01 6.0e+01 1.11e-02  2e-03  4e-02 37:49.0
  318   3816 -2.763657586582473e-01 6.4e+01 1.12e-02  2e-03  4e-02 38:54.1
  328   3936 -2.763725314120860e-01 7.7e+01 1.10e-02  2e-03  4e-02 40:06.6
  338   4056 -2.763781598605715e-01 8.3e+01 7.59e-03  1e-03  3e-02 41:18.8
  348   4176 -2.763813293163574e-01 8.0e+01 5.47e-03  9e-04  2e-02 42:31.1
  358   4296 -2.763835257538738e-01 8.1e+01 5.71e-03  9e-04  2e-02 43:43.5
  368   4416 -2.763869196297645e-01 8.7e+01 5.53e-03  8e-04  2e-02 44:56.0
  378   4536 -2.763887411491470e-01 9.5e+01 8.37e-03  1e-03  3e-02 46:08.4
  388   4656 -2.763947561727990e-01 9.9e+01 7.28e-03  9e-04  3e-02 47:20.7
  399   4788 -2.763984546539259e-01 9.4e+01 7.93e-03  9e-04  3e-02 48:39.8
  400   4800 -2.763982813628322e-01 9.4e+01 7.76e-03  9e-04  2e-02 48:46.9
  411   4932 -2.764011184650771e-01 9.7e+01 7.18e-03  8e-04  2e-02 50:06.0
  422   5064 -2.764020510752959e-01 1.0e+02 6.11e-03  7e-04  2e-02 51:24.7
  433   5196 -2.764026916828070e-01 1.0e+02 5.15e-03  5e-04  2e-02 52:43.7
  444   5328 -2.764033496442940e-01 1.1e+02 3.34e-03  3e-04  1e-02 54:02.5
  456   5472 -2.764040137994686e-01 1.1e+02 3.72e-03  4e-04  1e-02 55:28.6
  468   5616 -2.764044222108623e-01 1.2e+02 2.84e-03  3e-04  8e-03 56:54.8
  480   5760 -2.764048263404130e-01 1.4e+02 3.38e-03  3e-04  1e-02 58:20.8
  492   5904 -2.764051769403999e-01 1.4e+02 2.51e-03  2e-04  8e-03 59:44.6
  500   6000 -2.764051118040780e-01 1.4e+02 2.43e-03  2e-04  8e-03 60:35.4
  514   6168 -2.764052846304925e-01 1.4e+02 1.71e-03  1e-04  5e-03 62:00.9
  528   6336 -2.764053591416713e-01 1.5e+02 1.26e-03  9e-05  4e-03 63:26.2
  543   6516 -2.764054903457185e-01 1.6e+02 2.28e-03  2e-04  7e-03 64:57.5
  558   6696 -2.764058855380741e-01 1.9e+02 3.58e-03  2e-04  1e-02 66:28.8
  573   6876 -2.764068921878121e-01 2.4e+02 7.35e-03  5e-04  3e-02 68:00.5
  588   7056 -2.764103340961067e-01 3.1e+02 9.92e-03  6e-04  5e-02 69:31.9
  600   7200 -2.764163159149239e-01 4.8e+02 1.60e-02  9e-04  1e-01 70:44.9
  615   7380 -2.764256353750021e-01 5.0e+02 2.36e-02  1e-03  2e-01 72:16.6
  631   7572 -2.764311614859816e-01 4.7e+02 1.20e-02  6e-04  7e-02 73:53.7
  647   7764 -2.764350072782406e-01 4.0e+02 1.38e-02  7e-04  7e-02 75:30.6
  663   7956 -2.764375833288454e-01 3.7e+02 1.58e-02  7e-04  6e-02 77:07.3
  679   8148 -2.764401538850182e-01 3.5e+02 1.08e-02  4e-04  4e-02 78:43.8
  695   8340 -2.764421930982609e-01 3.0e+02 1.42e-02  6e-04  5e-02 80:20.7
  700   8400 -2.764423633042184e-01 2.9e+02 1.29e-02  5e-04  4e-02 80:51.0
  717   8604 -2.764439098781295e-01 2.6e+02 9.69e-03  4e-04  3e-02 82:33.5
  734   8808 -2.764445624200875e-01 2.3e+02 8.68e-03  3e-04  2e-02 84:16.1
  751   9012 -2.764450741586590e-01 2.0e+02 4.33e-03  1e-04  8e-03 85:59.0
  768   9216 -2.764451397256972e-01 2.0e+02 2.15e-03  7e-05  4e-03 87:41.7
  785   9420 -2.764451538826160e-01 2.1e+02 1.31e-03  4e-05  2e-03 89:24.6
  800   9600 -2.764451576524105e-01 1.9e+02 6.82e-04  2e-05  1e-03 90:55.3
  818   9816 -2.764451586168841e-01 1.9e+02 2.40e-04  6e-06  3e-04 92:44.1
  836  10032 -2.764451586935963e-01 2.0e+02 8.69e-05  2e-06  1e-04 94:32.8
  854  10248 -2.764451587102869e-01 2.1e+02 2.98e-05  6e-07  4e-05 96:21.9
  872  10464 -2.764451587124959e-01 2.1e+02 1.25e-05  2e-07  1e-05 98:10.8
  890  10680 -2.764451587126024e-01 2.1e+02 4.20e-06  8e-08  4e-06 99:59.5
Budget constraint satisfied 1797.5 2544 Difference:  746.5
Budget constraint satisfied 2068.409423828125 2544 Difference:  475.590576171875
two_most_probable_states: ['00000001', '00010000']
final_expectation_value: -0.2764451587126083
params: [2.1247642212937734, 3.167868022082509, 7.113688855738185, 0.4384038099599042, 5.810276133546057, 1.6700847134697367, 1.4755358542695873, 1.2908060454674544, 0.8159307973016551, 0.7312712017501928, 3.0161880923325803, 2.128700336210732, 2.0290088603740233, -0.1576415906403803, 2.979634016438035, 1.4233583835856483]
total_steps: 890
states_probs: [0.12139185445989627, 0.14884731396490603]
optimized_portfolios: [{'AMGN': 0, 'HON': 8}, {'AMGN': 8, 'HON': 0}]
objective_values: [-211.9457556875236, -105.86476295130295]
result_with_budget: [{'portfolio': {'AMGN': 0, 'HON': 8}, 'budget': 1797.5, 'difference': 746.5}, {'portfolio': {'AMGN': 8, 'HON': 0}, 'budget': 2068.409423828125, 'difference': 475.590576171875}]
Batch 24/100 completed. Results saved to portfolio_optimization_results_batch_23.json
Job finished at Sat Mar 22 11:59:35 EET 2025
