Running job array 19 on pe64.int.triton.aalto.fi
Starting at Sat Mar 15 11:22:30 EET 2025
Activating virtual environment at /scratch/work/uotilav2/quantum-portfolio/venv
Processing batch 20/30: experiments 285 to 299 (total 15)
Skipping experiment 285 (already processed)
Skipping experiment 286 (already processed)
Processing experiment 287
Budget: 448.00362396240234
YF.download() has changed argument auto_adjust default to True
Expected returns: 0.34395961460135527
Covariance matrix: 0.5391732268736267
3rd-order coskewness tensor: 0.05757976105784575
4th-order cokurtosis tensor: 5.28402237587259
Number of qubits for asset AAPL: 1
Number of qubits for asset CSCO: 3
Number of qubits for asset DOW: 4
Number of qubits for asset TRV: 1
Number of qubits for asset WMT: 3
Total number of qubits:  12
Optimized Weights (considering variance, skewness and kurtosis):
AAPL: 36.84%
CSCO: 8.17%
DOW: 12.90%
TRV: 9.86%
WMT: 32.23%
Left over budget:  9.310291262231772
Optimized Discrete Allocation:
AAPL: 1
CSCO: 1
DOW: 1
WMT: 1
Maximized utility from continuous higher moments:  -91.19431746544726
Budget constraint satisfied 438.69333267211914 448.00362396240234 Difference:  9.310291290283203
Budget constraint satisfied 447.85713958740234 448.00362396240234 Difference:  0.146484375
smallest_eigenvalues: [-0.04993396406440281]
smallest_bitstrings: ['110010000100']
first_excited_energy: -0.04991707186537551
optimized_portfolio: [{'AAPL': 1, 'CSCO': 1, 'DOW': 1, 'TRV': 0, 'WMT': 1}]
second_optimized_portfolio: [{'AAPL': 0, 'CSCO': 2, 'DOW': 0, 'TRV': 1, 'WMT': 1}]
result_with_budget: [{'portfolio': {'AAPL': 1, 'CSCO': 1, 'DOW': 1, 'TRV': 0, 'WMT': 1}, 'budget': 438.69333267211914, 'difference': 9.310291290283203, 'objective_value': -91.19431746544726}]
result_with_budget_excited: [{'portfolio': {'AAPL': 0, 'CSCO': 2, 'DOW': 0, 'TRV': 1, 'WMT': 1}, 'budget': 447.85713958740234, 'difference': 0.146484375, 'objective_value': -146.11312955616438}]
Initial params:  [2.51063067 1.44978017 2.45210473 0.37157007 2.01037118 0.45035763
 2.96776493 1.63943485 1.3026989  0.83112597 2.43232687 1.43303853
 1.78578792 0.0590299  1.94035914 1.92295543 1.93815531 2.96487203
 2.14200164 1.12942738]
(6_w,12)-aCMA-ES (mu_w=3.7,w_1=40%) in dimension 20 (seed=168782, Sat Mar 15 11:23:26 2025)
Iterat #Fevals   function value  axis ratio  sigma  min&max std  t[m:s]
    1     12 -2.458001341646033e-02 1.0e+00 1.42e+00  1e+00  1e+00 1:04.5
    2     24 -3.165029047466310e-02 1.1e+00 1.42e+00  1e+00  1e+00 2:08.8
    3     36 1.759546644772767e-02 1.2e+00 1.40e+00  1e+00  1e+00 3:13.4
    4     48 -4.395746735896536e-03 1.2e+00 1.40e+00  1e+00  1e+00 4:18.1
    5     60 -1.945942843828732e-02 1.2e+00 1.41e+00  1e+00  1e+00 5:22.6
    6     72 -2.386407890552665e-02 1.2e+00 1.39e+00  1e+00  1e+00 6:27.6
    7     84 -2.783547472569643e-02 1.3e+00 1.44e+00  1e+00  2e+00 7:31.6
    8     96 -2.774538216294431e-02 1.3e+00 1.54e+00  1e+00  2e+00 8:37.3
    9    108 -3.518531916943625e-03 1.4e+00 1.60e+00  2e+00  2e+00 9:40.4
   10    120 -3.315205499783927e-02 1.4e+00 1.62e+00  2e+00  2e+00 10:43.0
   11    132 -9.730665815434185e-03 1.5e+00 1.61e+00  2e+00  2e+00 11:45.4
   12    144 -2.394872975374996e-02 1.5e+00 1.60e+00  2e+00  2e+00 12:48.6
   13    156 -1.170014081804683e-02 1.5e+00 1.55e+00  1e+00  2e+00 13:50.9
   14    168 -3.088335465867464e-02 1.5e+00 1.50e+00  1e+00  2e+00 14:53.5
   15    180 -1.781351717184580e-02 1.5e+00 1.54e+00  1e+00  2e+00 15:56.0
   16    192 -2.298806566086078e-02 1.6e+00 1.53e+00  1e+00  2e+00 16:58.5
   17    204 -1.461280001944127e-02 1.6e+00 1.51e+00  1e+00  2e+00 18:01.1
   18    216 -3.069479978029255e-02 1.6e+00 1.44e+00  1e+00  2e+00 19:03.4
   19    228 -2.246989584367443e-02 1.6e+00 1.41e+00  1e+00  2e+00 20:06.0
   20    240 -2.303170063723111e-02 1.6e+00 1.36e+00  1e+00  2e+00 21:08.4
   21    252 -6.414752120983375e-03 1.6e+00 1.31e+00  1e+00  1e+00 22:11.0
   22    264 -3.036236693476919e-02 1.7e+00 1.31e+00  1e+00  1e+00 23:13.4
   23    276 -1.653353301155151e-02 1.7e+00 1.28e+00  1e+00  1e+00 24:15.9
   24    288 5.879729043863581e-03 1.7e+00 1.25e+00  1e+00  1e+00 25:18.1
   25    300 -1.493843787048210e-02 1.7e+00 1.23e+00  1e+00  1e+00 26:20.8
   26    312 -2.775964437050462e-02 1.7e+00 1.22e+00  1e+00  1e+00 27:23.1
   27    324 -1.851550681376446e-02 1.7e+00 1.19e+00  1e+00  1e+00 28:25.4
   28    336 -1.367970086311917e-02 1.7e+00 1.17e+00  1e+00  1e+00 29:27.6
   29    348 -3.123273669800617e-02 1.8e+00 1.17e+00  1e+00  1e+00 30:30.8
   30    360 -1.891174184111897e-02 1.8e+00 1.18e+00  1e+00  1e+00 31:33.1
   31    372 1.744661804299638e-02 1.8e+00 1.20e+00  1e+00  1e+00 32:36.7
   32    384 -1.371179044545412e-02 1.9e+00 1.20e+00  1e+00  1e+00 33:39.0
   33    396 -2.992157997841110e-02 1.9e+00 1.24e+00  1e+00  1e+00 34:42.4
   34    408 -1.914563657832852e-02 2.0e+00 1.30e+00  1e+00  2e+00 35:44.5
   35    420 -3.128001381874190e-02 2.1e+00 1.35e+00  1e+00  2e+00 36:47.6
   36    432 -1.897928363674635e-02 2.1e+00 1.44e+00  1e+00  2e+00 37:50.3
   37    444 -1.514242005947522e-02 2.1e+00 1.49e+00  1e+00  2e+00 38:53.7
   38    456 3.677406541237643e-03 2.1e+00 1.52e+00  1e+00  2e+00 39:56.4
   39    468 -2.814642759731834e-02 2.1e+00 1.46e+00  1e+00  2e+00 40:58.8
   40    480 -3.196181416126031e-02 2.1e+00 1.48e+00  1e+00  2e+00 42:01.2
   41    492 -2.680208853217115e-02 2.1e+00 1.48e+00  1e+00  2e+00 43:04.1
   42    504 -1.906807325640062e-02 2.1e+00 1.43e+00  1e+00  2e+00 44:07.0
   43    516 -2.751873126452253e-02 2.2e+00 1.41e+00  1e+00  2e+00 45:09.1
   44    528 -2.592282269891312e-02 2.2e+00 1.40e+00  1e+00  2e+00 46:12.6
   45    540 -2.045617023764481e-02 2.2e+00 1.38e+00  1e+00  2e+00 47:14.6
   46    552 -1.840864023262645e-02 2.3e+00 1.34e+00  1e+00  2e+00 48:17.2
   47    564 -3.011304736232293e-02 2.3e+00 1.30e+00  1e+00  2e+00 49:19.6
   48    576 -1.935590340230505e-02 2.3e+00 1.29e+00  1e+00  2e+00 50:21.8
   49    588 -2.125717853482344e-02 2.3e+00 1.27e+00  1e+00  2e+00 51:23.9
   50    600 -9.733498929005357e-03 2.3e+00 1.22e+00  1e+00  1e+00 52:26.2
   51    612 -2.634628490335557e-02 2.3e+00 1.22e+00  1e+00  1e+00 53:28.4
   52    624 -2.157224320596491e-02 2.3e+00 1.25e+00  1e+00  2e+00 54:30.6
   53    636 -2.603551302565059e-02 2.3e+00 1.21e+00  1e+00  1e+00 55:32.8
   54    648 1.678041417506492e-03 2.3e+00 1.17e+00  1e+00  1e+00 56:35.0
   55    660 -2.513536565920430e-02 2.3e+00 1.11e+00  1e+00  1e+00 57:37.2
   56    672 -1.926740853494354e-02 2.3e+00 1.10e+00  1e+00  1e+00 58:39.5
   57    684 -3.409898223994718e-02 2.3e+00 1.07e+00  9e-01  1e+00 59:42.0
   58    696 -2.534405817750235e-02 2.3e+00 1.04e+00  9e-01  1e+00 60:44.0
   59    708 -2.318957194770268e-02 2.3e+00 1.04e+00  9e-01  1e+00 61:46.4
   60    720 -2.580222779596140e-02 2.2e+00 1.00e+00  9e-01  1e+00 62:48.5
   61    732 -4.613704948930489e-03 2.3e+00 9.70e-01  8e-01  1e+00 63:50.8
   62    744 -2.558409086266731e-02 2.2e+00 9.18e-01  8e-01  1e+00 64:53.1
   63    756 -3.019826343276082e-02 2.2e+00 8.67e-01  7e-01  1e+00 65:55.2
   65    780 -2.437574705302805e-02 2.2e+00 8.41e-01  7e-01  1e+00 67:59.2
   67    804 -1.630968908568077e-02 2.3e+00 7.89e-01  7e-01  9e-01 70:03.6
   69    828 5.270690757512941e-03 2.3e+00 7.78e-01  7e-01  9e-01 72:07.4
   71    852 -2.588694836970048e-02 2.3e+00 7.32e-01  6e-01  9e-01 74:11.7
   73    876 -3.157743930971103e-02 2.3e+00 7.04e-01  6e-01  8e-01 76:15.4
   75    900 -2.407696592270135e-02 2.3e+00 6.55e-01  6e-01  8e-01 78:19.7
   77    924 -2.290657053099452e-02 2.3e+00 6.52e-01  6e-01  8e-01 80:24.0
   79    948 -2.777311911192648e-02 2.3e+00 6.08e-01  5e-01  7e-01 82:28.4
   81    972 -1.337810308950407e-02 2.4e+00 5.93e-01  5e-01  7e-01 84:32.6
   83    996 -2.493427073779092e-02 2.4e+00 6.25e-01  5e-01  7e-01 86:36.7
   85   1020 -2.000859558314378e-02 2.4e+00 6.22e-01  5e-01  7e-01 88:41.1
   87   1044 -2.217835240824290e-02 2.5e+00 5.91e-01  5e-01  7e-01 90:45.2
   89   1068 -3.566564992999912e-02 2.5e+00 5.55e-01  5e-01  6e-01 92:49.5
   91   1092 -1.966004923150783e-02 2.5e+00 5.53e-01  5e-01  6e-01 94:54.3
   93   1116 -1.751988944633995e-02 2.6e+00 5.39e-01  4e-01  6e-01 96:58.6
   95   1140 -1.819895834199612e-02 2.6e+00 5.09e-01  4e-01  6e-01 99:03.3
   97   1164 -2.734737832362003e-02 2.6e+00 4.83e-01  4e-01  5e-01 101:07.3
   99   1188 -2.900286905959297e-02 2.7e+00 4.52e-01  4e-01  5e-01 103:11.7
  100   1200 -2.143180570144719e-02 2.7e+00 4.34e-01  4e-01  5e-01 104:13.9
  102   1224 -3.013468980035506e-02 2.7e+00 4.15e-01  3e-01  5e-01 106:18.3
  104   1248 -2.856716281249720e-02 2.7e+00 3.88e-01  3e-01  4e-01 108:22.9
  106   1272 -1.031499549503507e-02 2.6e+00 3.64e-01  3e-01  4e-01 110:27.5
  108   1296 -3.140914597830374e-02 2.6e+00 3.35e-01  3e-01  4e-01 112:31.7
  110   1320 -2.569768500075066e-02 2.6e+00 3.23e-01  3e-01  3e-01 114:36.0
  112   1344 -2.538601333565647e-02 2.6e+00 3.17e-01  3e-01  3e-01 116:40.0
  114   1368 -1.600427855804359e-02 2.5e+00 3.08e-01  3e-01  3e-01 118:43.9
  116   1392 -3.232554373881643e-02 2.5e+00 3.16e-01  3e-01  3e-01 120:48.1
  118   1416 -2.856143996531168e-02 2.6e+00 3.05e-01  3e-01  3e-01 122:52.4
  120   1440 -2.948560241082000e-02 2.6e+00 3.01e-01  2e-01  3e-01 124:57.1
  122   1464 -2.829878003148954e-02 2.7e+00 2.85e-01  2e-01  3e-01 127:01.3
  124   1488 -3.057177419559461e-02 2.6e+00 2.74e-01  2e-01  3e-01 129:05.8
  126   1512 -2.972059098404556e-02 2.6e+00 2.70e-01  2e-01  3e-01 131:10.0
  128   1536 -1.198597886365297e-02 2.7e+00 2.82e-01  2e-01  3e-01 133:14.5
  130   1560 -2.575151562289603e-02 2.7e+00 2.84e-01  2e-01  3e-01 135:18.9
  132   1584 -2.854258726525550e-02 2.8e+00 2.82e-01  2e-01  3e-01 137:23.0
  134   1608 -2.807275526738903e-02 2.8e+00 2.80e-01  2e-01  3e-01 139:27.5
  136   1632 -2.509374231091509e-02 2.9e+00 2.84e-01  2e-01  3e-01 141:32.0
  138   1656 -2.928196550521235e-02 2.9e+00 2.97e-01  2e-01  3e-01 143:36.2
  140   1680 -2.280604162067380e-02 2.9e+00 3.00e-01  2e-01  3e-01 145:40.5
  142   1704 -2.302603019987993e-02 3.0e+00 2.91e-01  2e-01  3e-01 147:44.7
  144   1728 -2.690897955146486e-02 3.1e+00 2.83e-01  2e-01  3e-01 149:49.5
  146   1752 -2.891535921868515e-02 3.2e+00 2.70e-01  2e-01  3e-01 151:54.2
  148   1776 -3.186727585658668e-02 3.2e+00 2.66e-01  2e-01  3e-01 153:58.6
  150   1800 -3.026288452598608e-02 3.2e+00 2.70e-01  2e-01  3e-01 156:03.0
  152   1824 -3.537872572127589e-02 3.3e+00 2.82e-01  2e-01  3e-01 158:07.3
  154   1848 -3.031770501829096e-02 3.4e+00 2.73e-01  2e-01  3e-01 160:11.6
  156   1872 -2.516780536353689e-02 3.4e+00 2.71e-01  2e-01  3e-01 162:16.0
  158   1896 -3.121782510445336e-02 3.4e+00 2.48e-01  2e-01  3e-01 164:20.0
  160   1920 -2.970090825791763e-02 3.5e+00 2.34e-01  2e-01  3e-01 166:25.1
  162   1944 -3.077658706270554e-02 3.6e+00 2.15e-01  2e-01  2e-01 168:29.7
  164   1968 -3.463617905277139e-02 3.7e+00 1.95e-01  1e-01  2e-01 170:34.2
  166   1992 -3.047041938207174e-02 3.7e+00 1.84e-01  1e-01  2e-01 172:38.8
  168   2016 -3.225547215874974e-02 3.7e+00 1.78e-01  1e-01  2e-01 174:42.9
  170   2040 -3.239142977890486e-02 3.8e+00 1.73e-01  1e-01  2e-01 176:47.1
  172   2064 -3.746063500262031e-02 4.0e+00 1.68e-01  1e-01  2e-01 178:51.3
  174   2088 -3.346975385439878e-02 4.1e+00 1.74e-01  1e-01  2e-01 180:56.3
  176   2112 -3.438449155357445e-02 4.4e+00 1.72e-01  1e-01  2e-01 183:00.6
  178   2136 -3.479053576757195e-02 4.5e+00 1.75e-01  1e-01  2e-01 185:04.6
  180   2160 -3.703460465888406e-02 4.7e+00 1.82e-01  1e-01  2e-01 187:09.1
  182   2184 -3.824928410857378e-02 4.7e+00 1.83e-01  1e-01  2e-01 189:14.3
  184   2208 -3.540028838116718e-02 4.8e+00 1.82e-01  1e-01  2e-01 191:19.6
  186   2232 -3.478034174892044e-02 4.9e+00 1.86e-01  1e-01  2e-01 193:24.2
  189   2268 -3.595705686428514e-02 5.0e+00 1.82e-01  1e-01  2e-01 196:30.5
  192   2304 -3.294672815958430e-02 5.1e+00 1.74e-01  1e-01  2e-01 199:37.3
  195   2340 -3.520005416657015e-02 5.2e+00 1.70e-01  1e-01  2e-01 202:43.8
  198   2376 -3.531015897286313e-02 5.3e+00 1.66e-01  1e-01  2e-01 205:50.4
  200   2400 -3.653488202397335e-02 5.4e+00 1.61e-01  1e-01  2e-01 207:55.0
  203   2436 -3.714405210433948e-02 5.6e+00 1.49e-01  1e-01  2e-01 211:01.6
  206   2472 -3.495030457958663e-02 5.7e+00 1.52e-01  1e-01  2e-01 214:09.5
  209   2508 -3.829522827496722e-02 6.0e+00 1.38e-01  1e-01  2e-01 217:16.0
  212   2544 -3.878933459918396e-02 6.2e+00 1.24e-01  9e-02  1e-01 220:23.1
  215   2580 -3.749806946167778e-02 6.4e+00 1.16e-01  8e-02  1e-01 223:30.4
  218   2616 -3.871774587138245e-02 6.5e+00 1.02e-01  7e-02  1e-01 226:37.3
  221   2652 -3.958960071550187e-02 6.7e+00 9.86e-02  7e-02  1e-01 229:44.9
  224   2688 -3.965313440957358e-02 7.0e+00 9.23e-02  6e-02  1e-01 232:52.0
  227   2724 -3.908510657592840e-02 7.3e+00 9.16e-02  6e-02  1e-01 235:58.9
  230   2760 -3.998906606542438e-02 7.6e+00 9.40e-02  6e-02  1e-01 239:06.7
  233   2796 -3.982798114728042e-02 7.6e+00 9.42e-02  6e-02  1e-01 242:13.8
  236   2832 -3.963085997087733e-02 7.8e+00 1.04e-01  7e-02  1e-01 245:21.3
  239   2868 -3.969959720087354e-02 7.9e+00 1.13e-01  7e-02  1e-01 248:29.0
  242   2904 -3.994448347338102e-02 7.9e+00 1.10e-01  7e-02  1e-01 251:36.2
  245   2940 -3.981582749562747e-02 8.1e+00 9.82e-02  6e-02  1e-01 254:44.9
  248   2976 -3.987980591548045e-02 8.3e+00 9.08e-02  5e-02  1e-01 257:52.2
  251   3012 -4.041163319542331e-02 8.5e+00 8.58e-02  5e-02  1e-01 260:59.8
  254   3048 -4.009485115837077e-02 8.6e+00 8.56e-02  5e-02  1e-01 264:07.4
  257   3084 -4.032760926181819e-02 8.8e+00 8.49e-02  5e-02  1e-01 267:14.6
  260   3120 -3.999609626475426e-02 9.2e+00 7.99e-02  5e-02  1e-01 270:22.6
  263   3156 -4.032267990087544e-02 9.3e+00 6.91e-02  4e-02  9e-02 273:29.6
  266   3192 -4.060452336217339e-02 9.8e+00 6.41e-02  4e-02  8e-02 276:37.2
  269   3228 -4.030121093259023e-02 1.0e+01 6.76e-02  4e-02  9e-02 279:45.3
  272   3264 -4.078300813678831e-02 1.0e+01 6.32e-02  4e-02  8e-02 282:53.8
  275   3300 -4.054334689322868e-02 1.0e+01 5.98e-02  3e-02  8e-02 286:01.3
  278   3336 -4.060906793891318e-02 1.1e+01 5.84e-02  3e-02  8e-02 289:08.3
  281   3372 -4.053712374158708e-02 1.1e+01 5.46e-02  3e-02  7e-02 292:15.1
  284   3408 -4.054262895586123e-02 1.1e+01 5.24e-02  3e-02  7e-02 295:21.8
  287   3444 -4.067747055857569e-02 1.1e+01 5.09e-02  3e-02  7e-02 298:28.9
  290   3480 -4.069047050093236e-02 1.1e+01 5.12e-02  3e-02  7e-02 301:36.2
  293   3516 -4.066733726450695e-02 1.1e+01 4.60e-02  2e-02  6e-02 304:43.5
  296   3552 -4.075036266557904e-02 1.2e+01 4.01e-02  2e-02  5e-02 307:50.6
  299   3588 -4.078179445940880e-02 1.3e+01 3.92e-02  2e-02  5e-02 310:57.5
  300   3600 -4.082813683736719e-02 1.3e+01 3.89e-02  2e-02  5e-02 311:59.9
  303   3636 -4.081836392050837e-02 1.3e+01 3.62e-02  2e-02  5e-02 315:07.0
  306   3672 -4.082681701076990e-02 1.4e+01 3.62e-02  2e-02  5e-02 318:13.9
  309   3708 -4.083261611166848e-02 1.4e+01 3.57e-02  2e-02  5e-02 321:20.8
  312   3744 -4.086460275662235e-02 1.5e+01 3.43e-02  2e-02  5e-02 324:27.7
  315   3780 -4.095671152017461e-02 1.6e+01 3.48e-02  2e-02  5e-02 327:34.7
  318   3816 -4.094634478403133e-02 1.6e+01 3.48e-02  2e-02  5e-02 330:41.3
  321   3852 -4.092383948528515e-02 1.7e+01 3.46e-02  2e-02  5e-02 333:48.2
  324   3888 -4.095807760267099e-02 1.7e+01 3.57e-02  2e-02  5e-02 336:55.3
  327   3924 -4.094945788913792e-02 1.8e+01 3.61e-02  2e-02  5e-02 340:02.3
  330   3960 -4.098672027242404e-02 1.8e+01 3.07e-02  1e-02  5e-02 343:10.1
  333   3996 -4.101422918414000e-02 1.8e+01 3.04e-02  1e-02  5e-02 346:17.1
  336   4032 -4.105859766538884e-02 1.8e+01 3.28e-02  1e-02  5e-02 349:24.4
  339   4068 -4.105777829016764e-02 1.8e+01 3.30e-02  1e-02  5e-02 352:32.1
  342   4104 -4.106910360141866e-02 1.8e+01 3.17e-02  1e-02  5e-02 355:39.3
  345   4140 -4.108514450621023e-02 1.8e+01 2.97e-02  1e-02  4e-02 358:46.6
  348   4176 -4.112296711183332e-02 1.9e+01 2.88e-02  1e-02  4e-02 361:53.5
  351   4212 -4.113599622406515e-02 1.9e+01 2.71e-02  1e-02  4e-02 365:00.1
  354   4248 -4.113900128428463e-02 2.0e+01 2.79e-02  1e-02  4e-02 368:06.4
  357   4284 -4.116341079688721e-02 2.0e+01 2.88e-02  1e-02  4e-02 371:13.1
  360   4320 -4.118396175996885e-02 2.1e+01 2.91e-02  1e-02  4e-02 374:19.4
  363   4356 -4.120103042725825e-02 2.1e+01 3.03e-02  1e-02  4e-02 377:25.8
  366   4392 -4.123650195621108e-02 2.2e+01 3.16e-02  1e-02  5e-02 380:33.8
  369   4428 -4.126547512936277e-02 2.3e+01 3.31e-02  1e-02  5e-02 383:40.3
  373   4476 -4.131571240445888e-02 2.7e+01 3.61e-02  1e-02  5e-02 387:49.5
  377   4524 -4.135658343223166e-02 3.0e+01 3.97e-02  2e-02  6e-02 391:58.5
  381   4572 -4.141571793931653e-02 3.4e+01 4.80e-02  2e-02  8e-02 396:07.4
  385   4620 -4.140986809228424e-02 3.9e+01 5.05e-02  2e-02  9e-02 400:16.6
  389   4668 -4.147137576466817e-02 4.0e+01 4.73e-02  2e-02  9e-02 404:25.8
  393   4716 -4.152451299686875e-02 4.1e+01 5.61e-02  2e-02  1e-01 408:35.5
  397   4764 -4.166305028843545e-02 4.2e+01 6.24e-02  2e-02  1e-01 412:44.3
  400   4800 -4.165690080442277e-02 4.4e+01 6.52e-02  2e-02  1e-01 415:50.7
  404   4848 -4.176382427389744e-02 4.7e+01 6.39e-02  2e-02  1e-01 419:59.8
  408   4896 -4.192388300333150e-02 5.0e+01 7.19e-02  3e-02  2e-01 424:08.8
  412   4944 -4.212933922392512e-02 5.1e+01 8.15e-02  3e-02  2e-01 428:18.0
  416   4992 -4.214860963969020e-02 5.2e+01 8.14e-02  3e-02  2e-01 432:27.0
  420   5040 -4.222647578407419e-02 5.1e+01 8.72e-02  3e-02  2e-01 436:36.0
  424   5088 -4.221947760592080e-02 5.2e+01 8.19e-02  3e-02  2e-01 440:44.5
  428   5136 -4.239895774133871e-02 5.3e+01 7.60e-02  3e-02  2e-01 444:53.1
  432   5184 -4.242425209340710e-02 5.4e+01 6.66e-02  2e-02  1e-01 449:02.1
  436   5232 -4.257483445804048e-02 5.4e+01 7.09e-02  2e-02  2e-01 453:10.7
  440   5280 -4.278185281737037e-02 5.3e+01 7.74e-02  3e-02  2e-01 457:19.3
  444   5328 -4.286267501419203e-02 5.4e+01 7.96e-02  3e-02  2e-01 461:28.1
  448   5376 -4.292720567251651e-02 5.3e+01 8.34e-02  3e-02  2e-01 465:36.7
  452   5424 -4.310927324188867e-02 5.4e+01 8.69e-02  3e-02  2e-01 469:45.6
  456   5472 -4.311385441712647e-02 5.3e+01 8.32e-02  3e-02  2e-01 473:54.3
  460   5520 -4.318241737181258e-02 5.4e+01 8.13e-02  3e-02  2e-01 478:02.8
  464   5568 -4.316019422025476e-02 5.4e+01 8.88e-02  3e-02  2e-01 482:11.1
  468   5616 -4.339256626863520e-02 5.4e+01 8.53e-02  3e-02  2e-01 486:20.6
  472   5664 -4.341653279853267e-02 5.5e+01 8.14e-02  3e-02  2e-01 490:32.1
  476   5712 -4.347533726054204e-02 5.6e+01 6.50e-02  2e-02  1e-01 494:43.2
  480   5760 -4.353544863463572e-02 5.7e+01 5.81e-02  2e-02  1e-01 498:53.1
  484   5808 -4.349803822459689e-02 5.9e+01 5.35e-02  2e-02  1e-01 503:03.3
  488   5856 -4.358052975495028e-02 5.9e+01 5.20e-02  2e-02  1e-01 507:13.3
  492   5904 -4.364088650742615e-02 5.9e+01 5.48e-02  2e-02  1e-01 511:23.8
  496   5952 -4.361730144640399e-02 5.8e+01 4.49e-02  1e-02  9e-02 515:35.0
  500   6000 -4.359930394838642e-02 5.7e+01 3.78e-02  1e-02  8e-02 519:46.9
  504   6048 -4.365345675516205e-02 5.6e+01 3.50e-02  1e-02  7e-02 523:56.8
  508   6096 -4.367015334888370e-02 5.6e+01 3.38e-02  9e-03  7e-02 528:08.0
  512   6144 -4.369328413492261e-02 5.7e+01 3.16e-02  8e-03  6e-02 532:16.9
  516   6192 -4.372561280504293e-02 5.6e+01 3.23e-02  9e-03  6e-02 536:28.3
  520   6240 -4.375128696225544e-02 5.6e+01 3.34e-02  9e-03  6e-02 540:37.8
  524   6288 -4.376437854567142e-02 5.8e+01 3.46e-02  9e-03  6e-02 544:45.2
  528   6336 -4.375713746932382e-02 5.9e+01 3.41e-02  9e-03  6e-02 548:55.3
  532   6384 -4.379260573407642e-02 5.9e+01 3.68e-02  1e-02  7e-02 553:05.7
  536   6432 -4.385264828861534e-02 6.0e+01 4.17e-02  1e-02  8e-02 557:17.5
  540   6480 -4.382180650904474e-02 6.1e+01 4.53e-02  1e-02  8e-02 561:29.8
  544   6528 -4.388434074301110e-02 6.2e+01 4.69e-02  1e-02  8e-02 565:39.0
  548   6576 -4.391343470993686e-02 6.6e+01 5.48e-02  1e-02  9e-02 569:48.8
  552   6624 -4.391925917044009e-02 6.7e+01 5.26e-02  1e-02  9e-02 573:59.6
  556   6672 -4.396336397213535e-02 6.8e+01 4.83e-02  1e-02  9e-02 578:10.1
  560   6720 -4.396866329077396e-02 6.7e+01 4.48e-02  1e-02  8e-02 582:21.4
  564   6768 -4.394673513231911e-02 6.7e+01 4.09e-02  1e-02  8e-02 586:31.2
  568   6816 -4.400136205567266e-02 6.7e+01 4.14e-02  1e-02  8e-02 590:41.3
  572   6864 -4.400548568589437e-02 7.0e+01 3.97e-02  1e-02  8e-02 594:53.1
  576   6912 -4.401837361485229e-02 7.3e+01 4.81e-02  1e-02  9e-02 599:04.3
  580   6960 -4.402882588044234e-02 7.2e+01 5.22e-02  1e-02  1e-01 603:14.8
  584   7008 -4.402927707020295e-02 7.5e+01 5.04e-02  1e-02  1e-01 607:25.0
  588   7056 -4.402902809177000e-02 7.7e+01 4.76e-02  1e-02  1e-01 611:35.0
  592   7104 -4.405345516804123e-02 7.8e+01 4.28e-02  1e-02  9e-02 615:45.5
  596   7152 -4.404299109696941e-02 7.8e+01 3.92e-02  9e-03  8e-02 619:55.7
  600   7200 -4.404563294808316e-02 7.9e+01 3.36e-02  7e-03  7e-02 624:05.9
  604   7248 -4.404672373511706e-02 8.3e+01 2.91e-02  6e-03  6e-02 628:18.3
  608   7296 -4.405174808997715e-02 8.1e+01 2.41e-02  5e-03  5e-02 632:30.1
  612   7344 -4.405691382171899e-02 8.1e+01 1.98e-02  4e-03  4e-02 636:39.7
  616   7392 -4.406181736710665e-02 8.3e+01 1.63e-02  3e-03  3e-02 640:49.7
  620   7440 -4.406689666195886e-02 8.9e+01 1.73e-02  4e-03  4e-02 644:59.4
  624   7488 -4.406971403347545e-02 9.8e+01 1.81e-02  4e-03  4e-02 649:10.2
  628   7536 -4.407139882600673e-02 1.0e+02 1.75e-02  4e-03  4e-02 653:21.9
  633   7596 -4.407362986534393e-02 1.0e+02 1.74e-02  4e-03  4e-02 658:34.8
  638   7656 -4.407732659854140e-02 1.0e+02 1.51e-02  3e-03  3e-02 663:47.1
  643   7716 -4.408187185159455e-02 1.0e+02 1.68e-02  3e-03  3e-02 669:00.7
  648   7776 -4.408699022231449e-02 1.1e+02 2.05e-02  4e-03  4e-02 674:14.1
  653   7836 -4.408997773598491e-02 1.1e+02 1.91e-02  4e-03  4e-02 679:27.7
  658   7896 -4.409456763120972e-02 1.1e+02 2.10e-02  4e-03  4e-02 684:41.1
  663   7956 -4.410010349585888e-02 1.2e+02 2.32e-02  5e-03  5e-02 689:54.9
  668   8016 -4.410647555402111e-02 1.3e+02 3.07e-02  6e-03  8e-02 695:07.4
  673   8076 -4.411958446321691e-02 1.4e+02 3.79e-02  7e-03  1e-01 700:20.6
  678   8136 -4.413303446091447e-02 1.4e+02 4.47e-02  9e-03  1e-01 705:33.4
  683   8196 -4.414635616346097e-02 1.5e+02 4.34e-02  8e-03  1e-01 710:46.7
  688   8256 -4.416796301418711e-02 1.5e+02 5.11e-02  1e-02  1e-01 716:00.3
  693   8316 -4.417349500866887e-02 1.5e+02 4.83e-02  9e-03  1e-01 721:13.4
  698   8376 -4.418060334898132e-02 1.6e+02 5.32e-02  1e-02  1e-01 726:24.7
  700   8400 -4.419063429740883e-02 1.6e+02 5.32e-02  1e-02  1e-01 728:29.3
  705   8460 -4.420705417920203e-02 1.6e+02 4.93e-02  9e-03  1e-01 733:40.1
  710   8520 -4.422774472656536e-02 1.6e+02 4.39e-02  8e-03  1e-01 738:52.3
  715   8580 -4.422967632602946e-02 1.6e+02 4.59e-02  8e-03  1e-01 744:05.4
  720   8640 -4.424213507631097e-02 1.7e+02 4.38e-02  8e-03  1e-01 749:17.3
  725   8700 -4.425840091316167e-02 1.6e+02 4.67e-02  8e-03  1e-01 754:29.0
  730   8760 -4.426627917755872e-02 1.7e+02 5.13e-02  9e-03  1e-01 759:40.9
  735   8820 -4.427577980990662e-02 1.8e+02 4.95e-02  8e-03  1e-01 764:54.7
  740   8880 -4.428153778677566e-02 1.9e+02 4.18e-02  7e-03  1e-01 770:07.4
  745   8940 -4.430172505785931e-02 1.9e+02 4.38e-02  7e-03  1e-01 775:18.3
  750   9000 -4.432418448234551e-02 1.9e+02 4.70e-02  7e-03  1e-01 780:29.5
  755   9060 -4.432745725166456e-02 1.9e+02 5.66e-02  9e-03  2e-01 785:42.3
  760   9120 -4.436835178801671e-02 2.0e+02 5.69e-02  9e-03  2e-01 790:55.3
  765   9180 -4.437803129861765e-02 2.0e+02 6.30e-02  1e-02  2e-01 796:07.3
  770   9240 -4.436623589455398e-02 2.0e+02 5.75e-02  9e-03  2e-01 801:19.6
  775   9300 -4.440750995929788e-02 2.0e+02 5.27e-02  8e-03  2e-01 806:33.2
  780   9360 -4.442540814218841e-02 2.0e+02 6.09e-02  9e-03  2e-01 811:45.2
  785   9420 -4.446058789595220e-02 2.1e+02 7.02e-02  1e-02  2e-01 816:58.6
  790   9480 -4.447995693854590e-02 2.2e+02 8.55e-02  1e-02  3e-01 822:10.7
  795   9540 -4.449251919904725e-02 2.3e+02 8.73e-02  1e-02  3e-01 827:22.2
  800   9600 -4.450625774857644e-02 2.2e+02 7.20e-02  1e-02  2e-01 832:34.8
  805   9660 -4.452881509987235e-02 2.2e+02 5.85e-02  8e-03  2e-01 837:47.1
  810   9720 -4.452667252819678e-02 2.2e+02 6.02e-02  8e-03  2e-01 842:58.3
  815   9780 -4.455772374352057e-02 2.2e+02 6.13e-02  8e-03  2e-01 848:08.8
  820   9840 -4.457479009290996e-02 2.2e+02 5.46e-02  7e-03  2e-01 853:21.5
  825   9900 -4.458434303537585e-02 2.3e+02 4.79e-02  6e-03  1e-01 858:33.1
  830   9960 -4.458480253865742e-02 2.3e+02 4.22e-02  5e-03  1e-01 863:44.8
  835  10020 -4.460733608212644e-02 2.3e+02 4.77e-02  6e-03  1e-01 868:56.8
  840  10080 -4.461696366687418e-02 2.2e+02 5.31e-02  7e-03  1e-01 874:09.7
  845  10140 -4.463037618612523e-02 2.2e+02 5.07e-02  6e-03  1e-01 879:21.5
  850  10200 -4.465217835041484e-02 2.3e+02 4.64e-02  6e-03  1e-01 884:33.6
  855  10260 -4.465268966278313e-02 2.3e+02 4.33e-02  5e-03  1e-01 889:45.5
  860  10320 -4.466811559020011e-02 2.3e+02 4.29e-02  5e-03  1e-01 894:58.3
  865  10380 -4.466908969296358e-02 2.4e+02 4.03e-02  5e-03  1e-01 900:11.9
  870  10440 -4.467244596414326e-02 2.3e+02 3.62e-02  4e-03  9e-02 905:24.2
  875  10500 -4.467853194076274e-02 2.3e+02 3.08e-02  4e-03  8e-02 910:36.4
  880  10560 -4.468787235152189e-02 2.3e+02 2.97e-02  4e-03  7e-02 915:49.5
  885  10620 -4.469476843720509e-02 2.4e+02 3.32e-02  4e-03  8e-02 921:02.7
  890  10680 -4.469952193818374e-02 2.3e+02 3.13e-02  4e-03  7e-02 926:14.5
  895  10740 -4.470749698847046e-02 2.2e+02 3.42e-02  4e-03  8e-02 931:27.2
  900  10800 -4.471042774939272e-02 2.3e+02 3.23e-02  4e-03  7e-02 936:40.2
  905  10860 -4.471221205427112e-02 2.4e+02 3.29e-02  4e-03  7e-02 941:53.7
  910  10920 -4.471554306880671e-02 2.3e+02 2.88e-02  4e-03  6e-02 947:06.5
  915  10980 -4.472038071181496e-02 2.4e+02 2.65e-02  4e-03  6e-02 952:19.3
  920  11040 -4.472428950557795e-02 2.5e+02 2.78e-02  4e-03  6e-02 957:30.9
  925  11100 -4.472498719142678e-02 2.5e+02 2.74e-02  4e-03  6e-02 962:43.2
  930  11160 -4.472921230245679e-02 2.4e+02 2.62e-02  4e-03  6e-02 967:56.3
  936  11232 -4.473201466866560e-02 2.5e+02 2.61e-02  4e-03  6e-02 974:11.3
  942  11304 -4.473636627973989e-02 2.5e+02 2.63e-02  4e-03  6e-02 980:25.1
  948  11376 -4.473832293729818e-02 2.6e+02 2.92e-02  4e-03  7e-02 986:40.7
  954  11448 -4.474066141916691e-02 2.5e+02 3.15e-02  4e-03  8e-02 992:58.0
  960  11520 -4.474360265404142e-02 2.6e+02 3.01e-02  4e-03  7e-02 999:12.9
  966  11592 -4.474577164853451e-02 2.6e+02 2.81e-02  4e-03  7e-02 1005:27.6
  972  11664 -4.474758114407425e-02 2.6e+02 2.40e-02  3e-03  6e-02 1011:43.0
  978  11736 -4.475080578046212e-02 2.5e+02 2.26e-02  3e-03  5e-02 1017:58.4
  984  11808 -4.475298122253581e-02 2.5e+02 2.36e-02  3e-03  6e-02 1024:12.9
  990  11880 -4.475597806876982e-02 2.5e+02 2.62e-02  3e-03  6e-02 1030:27.5
  996  11952 -4.475930711445317e-02 2.7e+02 3.26e-02  4e-03  8e-02 1036:44.4
 1000  12000 -4.476081886327726e-02 2.8e+02 3.36e-02  4e-03  9e-02 1040:54.8
Budget constraint satisfied 367.7436218261719 448.00362396240234 Difference:  80.26000213623047
Budget constraint satisfied 357.50714111328125 448.00362396240234 Difference:  90.4964828491211
two_most_probable_states: ['101000000000', '001000001000']
final_expectation_value: -0.044760818863277256
params: [4.723216604484844, -6.339590726990089, 15.653320918459634, -5.994347715142436, 1.9663401169703156, -5.010315821788553, -6.899988861006891, 8.55709572963914, 2.1550567207489997, -3.4330378799110948, -1.1605239146487865, 3.5870880269002123, 7.358849642314006, -3.342549335530642, -5.271654609022004, 0.8663764949909651, 0.302545879743697, 4.94967377776708, 4.003867972388572, 3.4258088456673126]
total_steps: 1000
states_probs: [0.005698261765273015, 0.005708713725979588]
optimized_portfolios: [{'AAPL': 1, 'CSCO': 2, 'DOW': 0, 'TRV': 0, 'WMT': 0}, {'AAPL': 0, 'CSCO': 2, 'DOW': 0, 'TRV': 1, 'WMT': 0}]
objective_values: [-67.37330815394913, -76.0320794290476]
result_with_budget: [{'portfolio': {'AAPL': 1, 'CSCO': 2, 'DOW': 0, 'TRV': 0, 'WMT': 0}, 'budget': 367.7436218261719, 'difference': 80.26000213623047}, {'portfolio': {'AAPL': 0, 'CSCO': 2, 'DOW': 0, 'TRV': 1, 'WMT': 0}, 'budget': 357.50714111328125, 'difference': 90.4964828491211}]
Processing experiment 288
Budget: 202.05042266845703
Expected returns: 0.13858736271503688
Covariance matrix: 0.42320121362467883
3rd-order coskewness tensor: -0.3296391264652633
4th-order cokurtosis tensor: 11.440824532181303
Number of qubits for asset CSCO: 2
Number of qubits for asset CVX: 1
Number of qubits for asset IBM: 1
Number of qubits for asset MRK: 2
Number of qubits for asset WMT: 2
Total number of qubits:  8
Optimized Weights (considering variance, skewness and kurtosis):
CSCO: 8.95%
CVX: 18.62%
IBM: 12.62%
MRK: 28.97%
WMT: 30.84%
Left over budget:  12.22042079143904
Optimized Discrete Allocation:
MRK: 1
WMT: 1
Maximized utility from continuous higher moments:  -6.75390407846294
Budget constraint satisfied 202.05042266845703 202.05042266845703 Difference:  0.0
Budget constraint satisfied 198.9600067138672 202.05042266845703 Difference:  3.0904159545898438
smallest_eigenvalues: [-0.05209931642079195]
smallest_bitstrings: ['10100000']
first_excited_energy: -0.05207540512959068
optimized_portfolio: [{'CSCO': 1, 'CVX': 1, 'IBM': 0, 'MRK': 0, 'WMT': 0}]
second_optimized_portfolio: [{'CSCO': 0, 'CVX': 0, 'IBM': 0, 'MRK': 2, 'WMT': 0}]
result_with_budget: [{'portfolio': {'CSCO': 1, 'CVX': 1, 'IBM': 0, 'MRK': 0, 'WMT': 0}, 'budget': 202.05042266845703, 'difference': 0.0, 'objective_value': -16.479455830658008}]
result_with_budget_excited: [{'portfolio': {'CSCO': 0, 'CVX': 0, 'IBM': 0, 'MRK': 2, 'WMT': 0}, 'budget': 198.9600067138672, 'difference': 3.0904159545898438, 'objective_value': -21.01500131244376}]
Initial params:  [1.96000001 0.12889572 2.46277994 0.90179374 1.47236702 2.36277746
 1.17965667 1.56457885 1.04943266 0.20528522 2.07083601 0.0827632
 2.81704049 1.7055089  2.60003284 2.41405219]
(6_w,12)-aCMA-ES (mu_w=3.7,w_1=40%) in dimension 16 (seed=150735, Sun Mar 16 04:45:20 2025)
Iterat #Fevals   function value  axis ratio  sigma  min&max std  t[m:s]
    1     12 5.536723459447060e-02 1.0e+00 1.36e+00  1e+00  1e+00 0:09.1
    2     24 -2.159297242019130e-02 1.1e+00 1.33e+00  1e+00  1e+00 0:18.0
    3     36 -2.946066902980433e-02 1.2e+00 1.35e+00  1e+00  1e+00 0:26.9
    4     48 3.097190923366288e-02 1.2e+00 1.38e+00  1e+00  1e+00 0:35.9
    5     60 8.505012142858613e-03 1.3e+00 1.41e+00  1e+00  1e+00 0:44.9
    6     72 -1.349403725191587e-02 1.3e+00 1.35e+00  1e+00  1e+00 0:53.8
    7     84 4.113363564675650e-03 1.4e+00 1.25e+00  1e+00  1e+00 1:02.6
    8     96 -2.053836507812716e-02 1.4e+00 1.22e+00  1e+00  1e+00 1:11.6
    9    108 -2.003246525707002e-02 1.4e+00 1.22e+00  1e+00  1e+00 1:20.4
   11    132 6.449279672562442e-03 1.5e+00 1.11e+00  1e+00  1e+00 1:38.1
   13    156 7.824499103363193e-03 1.5e+00 1.05e+00  9e-01  1e+00 1:55.9
   15    180 -1.782817959489245e-02 1.6e+00 9.63e-01  9e-01  1e+00 2:13.8
   17    204 1.667691614048512e-02 1.6e+00 9.88e-01  9e-01  1e+00 2:32.4
   19    228 -2.469082174323315e-02 1.7e+00 1.05e+00  9e-01  1e+00 2:50.3
   21    252 -3.380332435456198e-02 1.7e+00 1.16e+00  1e+00  1e+00 3:08.1
   23    276 -1.901619686103722e-02 1.7e+00 1.30e+00  1e+00  1e+00 3:25.9
   25    300 -3.244670793314688e-02 1.8e+00 1.29e+00  1e+00  1e+00 3:43.7
   27    324 -3.208128431533252e-03 1.8e+00 1.41e+00  1e+00  2e+00 4:01.5
   30    360 -2.452777196551754e-02 1.8e+00 1.57e+00  1e+00  2e+00 4:28.2
   33    396 -1.178706189913108e-03 1.9e+00 1.43e+00  1e+00  2e+00 4:55.1
   36    432 -1.011829315752832e-02 1.9e+00 1.21e+00  1e+00  1e+00 5:22.3
   39    468 6.128836082170008e-03 1.9e+00 1.09e+00  1e+00  1e+00 5:49.0
   42    504 -3.161574249393848e-02 2.0e+00 1.10e+00  1e+00  1e+00 6:15.6
   45    540 -9.466955521674668e-04 2.1e+00 1.15e+00  1e+00  1e+00 6:42.2
   48    576 -2.879296128588180e-02 2.2e+00 1.07e+00  1e+00  1e+00 7:08.9
   51    612 -2.164461766410256e-02 2.3e+00 1.21e+00  1e+00  1e+00 7:36.1
   54    648 4.332132141521454e-02 2.4e+00 1.41e+00  1e+00  2e+00 8:02.7
   58    696 9.546853852533852e-03 2.6e+00 1.37e+00  1e+00  2e+00 8:38.3
   62    744 2.477898437810799e-02 2.6e+00 1.55e+00  1e+00  2e+00 9:13.9
   66    792 -2.931512194713578e-02 2.7e+00 1.61e+00  1e+00  2e+00 9:49.4
   70    840 4.677982212679017e-03 2.9e+00 1.58e+00  1e+00  2e+00 10:25.0
   74    888 8.108180795886740e-03 3.0e+00 1.61e+00  1e+00  2e+00 11:00.5
   78    936 8.737765865285574e-02 2.9e+00 1.52e+00  1e+00  2e+00 11:36.0
   82    984 2.421163039622986e-03 3.0e+00 1.38e+00  1e+00  2e+00 12:11.6
   86   1032 -1.952068363529704e-02 3.2e+00 1.66e+00  1e+00  2e+00 12:47.2
   90   1080 7.616759120339059e-03 3.3e+00 1.73e+00  1e+00  2e+00 13:22.8
   95   1140 -4.753867264142421e-04 3.3e+00 1.44e+00  1e+00  2e+00 14:07.4
  100   1200 -2.349358189434618e-02 3.4e+00 1.30e+00  1e+00  1e+00 14:51.9
  105   1260 -2.166845735800648e-03 3.4e+00 1.11e+00  9e-01  1e+00 15:36.5
  110   1320 -5.974248554857009e-03 3.4e+00 1.11e+00  8e-01  1e+00 16:21.5
  115   1380 -1.291268906826800e-02 3.3e+00 1.11e+00  8e-01  1e+00 17:05.9
  120   1440 5.465271849873062e-04 3.6e+00 1.27e+00  1e+00  1e+00 17:50.4
  125   1500 1.967325812144222e-02 4.0e+00 1.42e+00  1e+00  2e+00 18:35.9
  130   1560 4.079600688264084e-03 4.2e+00 1.47e+00  1e+00  2e+00 19:20.7
  135   1620 1.672052051106379e-02 4.1e+00 1.53e+00  1e+00  2e+00 20:05.3
  140   1680 -1.266601916518483e-02 4.1e+00 1.63e+00  1e+00  2e+00 20:50.6
  146   1752 4.801450091401935e-02 4.5e+00 1.44e+00  1e+00  2e+00 21:44.3
  152   1824 4.199425431476862e-02 4.6e+00 1.36e+00  1e+00  2e+00 22:37.6
  158   1896 -1.048346997150115e-02 4.7e+00 1.35e+00  1e+00  2e+00 23:31.7
  164   1968 2.583224307216455e-02 4.7e+00 1.47e+00  1e+00  2e+00 24:25.1
  170   2040 1.446864633590294e-03 4.6e+00 1.65e+00  1e+00  2e+00 25:19.0
  176   2112 -1.317328494204187e-02 4.8e+00 1.55e+00  1e+00  2e+00 26:13.4
  182   2184 -2.031219162152733e-03 4.9e+00 1.60e+00  1e+00  2e+00 27:06.7
  188   2256 -1.462691142637607e-02 5.1e+00 1.56e+00  1e+00  2e+00 28:00.6
  194   2328 -2.969583412392044e-02 5.6e+00 1.71e+00  1e+00  2e+00 28:55.0
  200   2400 8.567524416968616e-03 6.0e+00 1.66e+00  1e+00  2e+00 29:48.3
  207   2484 5.943508076391613e-03 6.0e+00 1.43e+00  1e+00  2e+00 30:51.9
  214   2568 1.531912089281582e-01 5.7e+00 1.34e+00  9e-01  2e+00 31:54.2
  221   2652 4.895614697796966e-02 6.2e+00 1.17e+00  8e-01  1e+00 32:56.8
  228   2736 1.992428960961767e-02 6.4e+00 1.13e+00  8e-01  1e+00 33:59.2
  235   2820 9.285059712122885e-03 6.6e+00 9.05e-01  6e-01  1e+00 35:01.3
  242   2904 5.293610554365815e-02 6.5e+00 9.65e-01  7e-01  1e+00 36:03.7
  249   2988 6.889617615597710e-02 6.2e+00 8.49e-01  6e-01  1e+00 37:06.0
  257   3084 4.523898182213510e-02 6.1e+00 7.41e-01  5e-01  9e-01 38:17.3
  265   3180 6.999899550023556e-02 6.1e+00 7.03e-01  5e-01  8e-01 39:29.1
  273   3276 4.016266903807307e-02 6.6e+00 6.07e-01  4e-01  7e-01 40:40.2
  281   3372 4.695875942131897e-02 6.5e+00 4.49e-01  3e-01  6e-01 41:52.2
  289   3468 9.295512288924183e-02 6.4e+00 4.63e-01  3e-01  6e-01 43:03.1
  297   3564 4.317732199294768e-03 5.8e+00 4.22e-01  3e-01  5e-01 44:15.0
  300   3600 4.327709658942363e-02 5.9e+00 4.04e-01  3e-01  5e-01 44:41.7
  308   3696 2.332883176283169e-02 5.9e+00 4.01e-01  2e-01  4e-01 45:53.1
  316   3792 -2.295767016050106e-02 6.0e+00 3.91e-01  2e-01  4e-01 47:04.8
  325   3900 1.178876633252980e-02 6.1e+00 4.20e-01  2e-01  4e-01 48:24.8
  334   4008 1.366180605280076e-02 5.9e+00 3.71e-01  2e-01  4e-01 49:45.6
  343   4116 -8.313786478302977e-03 6.1e+00 3.06e-01  2e-01  3e-01 51:05.6
  352   4224 -2.112435902999807e-02 6.1e+00 2.48e-01  1e-01  3e-01 52:26.3
  361   4332 -1.657161140592804e-02 6.4e+00 2.15e-01  1e-01  2e-01 53:46.5
  370   4440 -2.577630737486008e-02 6.7e+00 1.61e-01  7e-02  2e-01 55:06.7
  379   4548 -3.023730007025953e-02 6.8e+00 9.29e-02  4e-02  1e-01 56:26.9
  388   4656 -3.144698010558123e-02 7.3e+00 8.92e-02  4e-02  9e-02 57:47.7
  397   4764 -3.205342687292545e-02 7.4e+00 5.73e-02  2e-02  6e-02 59:07.8
  400   4800 -3.265311716592751e-02 7.3e+00 6.01e-02  2e-02  6e-02 59:34.5
  410   4920 -3.372858201252916e-02 8.8e+00 5.76e-02  2e-02  6e-02 61:04.1
  420   5040 -3.479366417916629e-02 9.9e+00 4.16e-02  1e-02  5e-02 62:34.3
  430   5160 -3.506058953461302e-02 1.1e+01 5.00e-02  2e-02  6e-02 64:03.1
  440   5280 -3.535504604122043e-02 1.3e+01 5.92e-02  2e-02  7e-02 65:32.2
  450   5400 -3.591780633656172e-02 1.6e+01 4.91e-02  1e-02  7e-02 67:01.2
  460   5520 -3.656461404199391e-02 1.7e+01 4.23e-02  1e-02  6e-02 68:30.1
  470   5640 -3.725071214907848e-02 1.7e+01 5.18e-02  1e-02  7e-02 69:59.0
  480   5760 -3.845413345714500e-02 2.3e+01 6.97e-02  2e-02  1e-01 71:28.7
  491   5892 -3.977218505963664e-02 3.5e+01 9.06e-02  3e-02  2e-01 73:06.7
  500   6000 -4.128980834978589e-02 4.3e+01 1.08e-01  3e-02  3e-01 74:27.2
  511   6132 -4.212730411910427e-02 5.0e+01 9.16e-02  2e-02  2e-01 76:05.8
  522   6264 -4.249842880629880e-02 5.1e+01 5.86e-02  1e-02  1e-01 77:44.1
  533   6396 -4.264740946833618e-02 5.2e+01 3.99e-02  1e-02  9e-02 79:21.9
  544   6528 -4.276062894174964e-02 5.4e+01 3.66e-02  9e-03  8e-02 80:59.5
  555   6660 -4.284567879490590e-02 5.7e+01 4.46e-02  1e-02  9e-02 82:37.3
  566   6792 -4.299221132908976e-02 5.6e+01 4.33e-02  1e-02  8e-02 84:15.4
  578   6936 -4.307564603738784e-02 6.1e+01 4.75e-02  1e-02  9e-02 86:01.9
  590   7080 -4.316285870782032e-02 6.5e+01 3.39e-02  7e-03  6e-02 87:49.0
  600   7200 -4.320534848451472e-02 6.7e+01 5.69e-02  1e-02  1e-01 89:19.1
  612   7344 -4.325570189806030e-02 7.0e+01 5.50e-02  1e-02  1e-01 91:06.5
  624   7488 -4.332830625150084e-02 6.9e+01 4.96e-02  9e-03  8e-02 92:53.2
  636   7632 -4.345674660082840e-02 7.3e+01 5.39e-02  9e-03  8e-02 94:39.7
  648   7776 -4.366575968090697e-02 8.2e+01 7.93e-02  1e-02  1e-01 96:26.3
  660   7920 -4.396333237365431e-02 8.5e+01 9.17e-02  1e-02  1e-01 98:13.0
  672   8064 -4.429834762963297e-02 9.1e+01 1.22e-01  2e-02  2e-01 99:59.6
  685   8220 -4.443542831688616e-02 1.0e+02 8.29e-02  1e-02  1e-01 101:55.2
  698   8376 -4.449207007647841e-02 1.1e+02 5.25e-02  8e-03  8e-02 103:51.0
  700   8400 -4.453796774782149e-02 1.1e+02 5.20e-02  8e-03  8e-02 104:08.7
  713   8556 -4.464621644029838e-02 1.0e+02 4.89e-02  7e-03  7e-02 106:05.2
  726   8712 -4.473906449834410e-02 1.2e+02 6.01e-02  9e-03  1e-01 108:01.6
  739   8868 -4.479389822603418e-02 1.2e+02 4.45e-02  6e-03  7e-02 109:56.9
  752   9024 -4.482614419716006e-02 1.2e+02 2.71e-02  3e-03  4e-02 111:52.3
  765   9180 -4.485695552000520e-02 1.3e+02 3.39e-02  4e-03  5e-02 113:47.9
  778   9336 -4.491798941869249e-02 1.3e+02 4.48e-02  5e-03  6e-02 115:43.4
  792   9504 -4.497016640883649e-02 1.6e+02 6.97e-02  7e-03  1e-01 117:47.9
  800   9600 -4.496919293505371e-02 1.8e+02 7.06e-02  7e-03  1e-01 118:59.1
  814   9768 -4.503057831623430e-02 1.8e+02 4.20e-02  4e-03  8e-02 121:03.6
  828   9936 -4.505554748528227e-02 2.0e+02 5.07e-02  4e-03  1e-01 123:08.1
  842  10104 -4.515065263745585e-02 2.0e+02 6.41e-02  5e-03  1e-01 125:13.4
  856  10272 -4.519417771249230e-02 1.9e+02 8.44e-02  7e-03  1e-01 127:18.4
  870  10440 -4.529155139937122e-02 2.1e+02 9.30e-02  7e-03  2e-01 129:23.1
  884  10608 -4.539688255674783e-02 2.1e+02 7.45e-02  5e-03  1e-01 131:28.0
  898  10776 -4.544995409259574e-02 2.3e+02 5.35e-02  4e-03  9e-02 133:32.5
  900  10800 -4.546088005366688e-02 2.3e+02 5.08e-02  3e-03  8e-02 133:50.3
  915  10980 -4.548435390959393e-02 2.4e+02 4.17e-02  3e-03  6e-02 136:03.6
  930  11160 -4.549927742926770e-02 2.5e+02 4.07e-02  2e-03  6e-02 138:17.1
  945  11340 -4.550704896598617e-02 2.2e+02 3.22e-02  2e-03  4e-02 140:30.9
  960  11520 -4.551291158888957e-02 2.3e+02 2.32e-02  1e-03  3e-02 142:44.8
  975  11700 -4.551740397272402e-02 2.4e+02 2.39e-02  1e-03  3e-02 144:59.1
  990  11880 -4.552290812868838e-02 2.4e+02 2.93e-02  1e-03  4e-02 147:12.5
 1000  12000 -4.552522359205580e-02 2.4e+02 3.88e-02  2e-03  6e-02 148:41.5
Budget constraint satisfied 198.9600067138672 202.05042266845703 Difference:  3.0904159545898438
Budget constraint not satisfied 218.37515258789062 202.05042266845703 Difference:  -16.324729919433594
two_most_probable_states: ['00000100', '00010000']
final_expectation_value: -0.04552671185961733
params: [9.18883915167802, 10.171793602300674, -4.036934054062166, 7.489712267919194, 5.3962862248553, -10.644034830699022, 5.556969557022699, -4.712718008622623, 8.72910331769472, -9.344794888363513, 5.552068492350014, 5.186674879041811, 6.192718458122001, 11.705385067693243, -3.8836057554726495, 9.244871526486833]
total_steps: 1000
states_probs: [0.19102178952744794, 0.2360009412091618]
optimized_portfolios: [{'CSCO': 0, 'CVX': 0, 'IBM': 0, 'MRK': 2, 'WMT': 0}, {'CSCO': 0, 'CVX': 0, 'IBM': 1, 'MRK': 0, 'WMT': 0}]
objective_values: [-21.01500131244376, -2.8394129621840802]
result_with_budget: [{'portfolio': {'CSCO': 0, 'CVX': 0, 'IBM': 0, 'MRK': 2, 'WMT': 0}, 'budget': 198.9600067138672, 'difference': 3.0904159545898438}, {'portfolio': {'CSCO': 0, 'CVX': 0, 'IBM': 1, 'MRK': 0, 'WMT': 0}, 'budget': 218.37515258789062, 'difference': -16.324729919433594}]
Processing experiment 289
Budget: 522.4876289367676
Expected returns: 0.23487817472993913
Covariance matrix: 0.3883636252511636
3rd-order coskewness tensor: 0.33614328345231986
4th-order cokurtosis tensor: 14.693575028609239
Number of qubits for asset CRM: 1
Number of qubits for asset NKE: 3
Number of qubits for asset PG: 2
Number of qubits for asset TRV: 2
Number of qubits for asset VZ: 4
Total number of qubits:  12
Optimized Weights (considering variance, skewness and kurtosis):
CRM: 33.45%
NKE: 18.32%
PG: 16.23%
TRV: 1.70%
VZ: 30.30%
Left over budget:  8.807250961752288
Optimized Discrete Allocation:
NKE: 2
PG: 1
VZ: 5
Maximized utility from continuous higher moments:  -469.17515042860333
Budget constraint not satisfied 524.2015724182129 522.4876289367676 Difference:  -1.7139434814453125
Budget constraint not satisfied 527.5000801086426 522.4876289367676 Difference:  -5.012451171875
smallest_eigenvalues: [-0.06109884411951359]
smallest_bitstrings: ['101000001000']
first_excited_energy: -0.061098473715734236
optimized_portfolio: [{'CRM': 1, 'NKE': 2, 'PG': 0, 'TRV': 0, 'VZ': 1}]
second_optimized_portfolio: [{'CRM': 1, 'NKE': 1, 'PG': 0, 'TRV': 0, 'VZ': 3}]
result_with_budget: [{'portfolio': {'CRM': 1, 'NKE': 2, 'PG': 0, 'TRV': 0, 'VZ': 1}, 'budget': 524.2015724182129, 'difference': -1.7139434814453125, 'objective_value': -23.338950679313285}]
result_with_budget_excited: [{'portfolio': {'CRM': 1, 'NKE': 1, 'PG': 0, 'TRV': 0, 'VZ': 3}, 'budget': 527.5000801086426, 'difference': -5.012451171875, 'objective_value': -20.702710192178877}]
Initial params:  [1.19631261 1.99646645 1.99234478 0.26216401 2.20082263 1.93490733
 2.95860024 1.25463795 1.80681137 0.24031353 0.10029434 1.33394152
 2.5916368  0.64004466 1.61972186 1.53238612 2.59554869 0.85914731
 1.74784893 1.62732112]
(6_w,12)-aCMA-ES (mu_w=3.7,w_1=40%) in dimension 20 (seed=208548, Sun Mar 16 07:15:26 2025)
Iterat #Fevals   function value  axis ratio  sigma  min&max std  t[m:s]
    1     12 7.245427149358141e-03 1.0e+00 1.41e+00  1e+00  1e+00 1:02.4
    2     24 -2.145758135063397e-02 1.1e+00 1.40e+00  1e+00  1e+00 2:04.6
    3     36 -3.024454440891039e-02 1.2e+00 1.43e+00  1e+00  2e+00 3:06.7
    4     48 -2.634754122143877e-02 1.3e+00 1.40e+00  1e+00  1e+00 4:08.7
    5     60 -4.371285703855495e-02 1.3e+00 1.41e+00  1e+00  2e+00 5:10.9
    6     72 -3.172624964306947e-02 1.3e+00 1.38e+00  1e+00  1e+00 6:13.4
    7     84 -2.994766799641038e-02 1.3e+00 1.37e+00  1e+00  1e+00 7:15.7
    8     96 -2.848308080132876e-02 1.4e+00 1.39e+00  1e+00  1e+00 8:18.3
    9    108 -4.054301903308725e-02 1.4e+00 1.38e+00  1e+00  1e+00 9:20.2
   10    120 -4.160270305273328e-02 1.4e+00 1.42e+00  1e+00  2e+00 10:22.7
   11    132 -3.120432087732406e-02 1.4e+00 1.45e+00  1e+00  2e+00 11:24.6
   12    144 -1.271815436789328e-02 1.4e+00 1.52e+00  1e+00  2e+00 12:26.6
   13    156 -2.733362874920525e-02 1.5e+00 1.58e+00  1e+00  2e+00 13:28.6
   14    168 6.431147109929188e-02 1.5e+00 1.64e+00  2e+00  2e+00 14:30.8
   15    180 -3.510561525682114e-02 1.5e+00 1.68e+00  2e+00  2e+00 15:33.6
   16    192 -3.293282549435975e-02 1.6e+00 1.70e+00  2e+00  2e+00 16:35.6
   17    204 -7.499250457768156e-03 1.6e+00 1.67e+00  2e+00  2e+00 17:38.1
   18    216 -2.244524545558770e-02 1.6e+00 1.69e+00  2e+00  2e+00 18:40.5
   19    228 -3.978779279359738e-02 1.7e+00 1.68e+00  2e+00  2e+00 19:42.5
   20    240 -2.197854365127971e-02 1.7e+00 1.69e+00  2e+00  2e+00 20:45.1
   21    252 -1.260436398879914e-02 1.7e+00 1.75e+00  2e+00  2e+00 21:47.0
   22    264 -2.985486769178093e-02 1.7e+00 1.81e+00  2e+00  2e+00 22:49.8
   23    276 -2.724010630573888e-04 1.7e+00 1.81e+00  2e+00  2e+00 23:51.7
   24    288 -2.393065409294401e-02 1.7e+00 1.81e+00  2e+00  2e+00 24:55.1
   25    300 -8.948720282163303e-03 1.7e+00 1.80e+00  2e+00  2e+00 25:57.5
   26    312 -3.148976667649256e-02 1.7e+00 1.74e+00  2e+00  2e+00 27:00.4
   27    324 -4.186047140057009e-02 1.7e+00 1.76e+00  2e+00  2e+00 28:02.5
   28    336 -2.123402204672905e-02 1.7e+00 1.73e+00  2e+00  2e+00 29:05.7
   29    348 2.301594765896114e-02 1.7e+00 1.65e+00  1e+00  2e+00 30:07.6
   30    360 -8.400527793208707e-03 1.7e+00 1.57e+00  1e+00  2e+00 31:11.0
   31    372 -4.509698805285882e-02 1.7e+00 1.53e+00  1e+00  2e+00 32:12.9
   32    384 -7.389253955912198e-03 1.7e+00 1.46e+00  1e+00  2e+00 33:15.3
   33    396 -2.952342146208553e-02 1.8e+00 1.40e+00  1e+00  2e+00 34:18.2
   34    408 -4.196347688710796e-02 1.8e+00 1.37e+00  1e+00  2e+00 35:23.1
   35    420 -7.132753781113417e-03 1.8e+00 1.36e+00  1e+00  1e+00 36:26.8
   36    432 -3.111819943263222e-02 1.8e+00 1.40e+00  1e+00  2e+00 37:30.2
   37    444 -1.900599668625462e-02 1.8e+00 1.41e+00  1e+00  2e+00 38:33.6
   38    456 2.830861055349832e-02 1.8e+00 1.47e+00  1e+00  2e+00 39:37.6
   39    468 -2.607101742913259e-02 1.8e+00 1.54e+00  1e+00  2e+00 40:41.2
   40    480 -1.883836702716588e-02 1.9e+00 1.58e+00  1e+00  2e+00 41:44.0
   41    492 -3.068576061271044e-02 1.9e+00 1.67e+00  1e+00  2e+00 42:47.8
   42    504 2.191540741045534e-04 2.0e+00 1.69e+00  1e+00  2e+00 43:51.8
   43    516 1.994217134504316e-02 2.0e+00 1.76e+00  2e+00  2e+00 44:55.5
   44    528 -1.678690919009051e-02 2.0e+00 1.87e+00  2e+00  2e+00 45:59.6
   45    540 -3.411501271991364e-02 2.0e+00 1.92e+00  2e+00  2e+00 47:03.2
   46    552 -3.133905628186626e-02 2.1e+00 1.94e+00  2e+00  2e+00 48:06.4
   47    564 -1.047453195786301e-02 2.1e+00 1.96e+00  2e+00  2e+00 49:10.3
   48    576 -3.344765957646567e-02 2.1e+00 1.98e+00  2e+00  2e+00 50:14.4
   49    588 -1.883305642305375e-02 2.1e+00 2.03e+00  2e+00  2e+00 51:17.9
   50    600 -2.520810907965642e-02 2.1e+00 2.00e+00  2e+00  2e+00 52:21.4
   51    612 -3.177692684221061e-02 2.1e+00 1.95e+00  2e+00  2e+00 53:25.2
   52    624 -3.169171296525451e-02 2.2e+00 1.92e+00  2e+00  2e+00 54:28.7
   53    636 1.051791513777215e-02 2.2e+00 1.97e+00  2e+00  2e+00 55:31.8
   54    648 -1.355039869805485e-02 2.2e+00 2.10e+00  2e+00  3e+00 56:35.4
   55    660 -2.285556167679457e-02 2.2e+00 2.15e+00  2e+00  3e+00 57:38.8
   56    672 -3.188344922566752e-02 2.2e+00 2.20e+00  2e+00  3e+00 58:42.9
   57    684 -1.298376313806609e-02 2.2e+00 2.18e+00  2e+00  3e+00 59:47.0
   58    696 -4.360162800425343e-02 2.2e+00 2.23e+00  2e+00  3e+00 60:51.1
   59    708 -2.120904363867429e-02 2.2e+00 2.28e+00  2e+00  3e+00 61:54.5
   60    720 -2.767626215340167e-02 2.1e+00 2.26e+00  2e+00  3e+00 62:58.1
   61    732 -4.519579365548042e-03 2.2e+00 2.20e+00  2e+00  3e+00 64:01.6
   62    744 -2.554856518518319e-02 2.2e+00 2.15e+00  2e+00  3e+00 65:05.8
   63    756 -3.315775909958919e-02 2.2e+00 2.03e+00  2e+00  2e+00 66:09.4
   64    768 -3.405174648991838e-02 2.1e+00 1.96e+00  2e+00  2e+00 67:13.4
   66    792 -3.044387470611502e-02 2.2e+00 1.77e+00  2e+00  2e+00 69:20.2
   68    816 -1.470104679740192e-02 2.2e+00 1.62e+00  1e+00  2e+00 71:27.5
   70    840 1.956213870610650e-02 2.2e+00 1.46e+00  1e+00  2e+00 73:34.1
   72    864 -3.248704272133543e-03 2.2e+00 1.34e+00  1e+00  2e+00 75:41.1
   74    888 -1.889750865953195e-02 2.2e+00 1.26e+00  1e+00  2e+00 77:47.1
   76    912 1.033034139631865e-02 2.2e+00 1.21e+00  1e+00  1e+00 79:54.7
   78    936 -2.552609329267499e-02 2.2e+00 1.26e+00  1e+00  2e+00 82:02.8
   80    960 -1.796605415503407e-02 2.3e+00 1.34e+00  1e+00  2e+00 84:09.1
   82    984 2.280266609286569e-02 2.3e+00 1.29e+00  1e+00  2e+00 86:16.5
   84   1008 -2.587617332123432e-02 2.3e+00 1.17e+00  1e+00  1e+00 88:23.1
   86   1032 -1.979662771362323e-02 2.3e+00 1.07e+00  9e-01  1e+00 90:30.9
   88   1056 -3.517354107949381e-02 2.3e+00 1.05e+00  9e-01  1e+00 92:38.1
   90   1080 -2.406694123617026e-02 2.3e+00 1.03e+00  9e-01  1e+00 94:45.9
   92   1104 -2.979879950757106e-02 2.3e+00 1.04e+00  9e-01  1e+00 96:53.9
   94   1128 -1.828902946120178e-02 2.4e+00 1.02e+00  9e-01  1e+00 99:01.2
   96   1152 -1.502539813454196e-02 2.4e+00 9.94e-01  8e-01  1e+00 101:08.1
   98   1176 -1.754798688576481e-02 2.4e+00 1.04e+00  9e-01  1e+00 103:15.6
  100   1200 2.615575415284830e-04 2.4e+00 1.06e+00  9e-01  1e+00 105:22.5
  102   1224 -1.743446011349712e-02 2.4e+00 1.02e+00  9e-01  1e+00 107:28.8
  104   1248 -2.366466808040518e-02 2.4e+00 9.93e-01  8e-01  1e+00 109:34.3
  106   1272 -3.415216779123018e-02 2.4e+00 9.54e-01  8e-01  1e+00 111:40.2
  108   1296 -3.167359159007316e-02 2.4e+00 9.77e-01  8e-01  1e+00 113:46.0
  110   1320 -3.831741106135890e-02 2.5e+00 9.55e-01  8e-01  1e+00 115:51.3
  112   1344 -1.818832315963560e-02 2.5e+00 8.93e-01  7e-01  1e+00 117:58.0
  114   1368 -2.183851354448798e-02 2.5e+00 9.02e-01  8e-01  1e+00 120:05.5
  116   1392 -1.726884770725768e-02 2.6e+00 8.92e-01  8e-01  1e+00 122:12.3
  118   1416 -1.910026497106971e-02 2.6e+00 8.60e-01  7e-01  1e+00 124:19.3
  120   1440 -5.968831575773089e-03 2.6e+00 8.38e-01  7e-01  1e+00 126:26.3
  122   1464 -3.361898269187545e-02 2.6e+00 8.94e-01  7e-01  1e+00 128:33.8
  124   1488 -2.275969074762613e-02 2.6e+00 9.23e-01  8e-01  1e+00 130:41.3
  126   1512 -3.059615761242410e-02 2.6e+00 9.44e-01  8e-01  1e+00 132:48.2
  128   1536 -1.054761995907420e-02 2.6e+00 9.36e-01  8e-01  1e+00 134:56.4
  130   1560 -2.963892592923323e-02 2.7e+00 9.27e-01  8e-01  1e+00 137:03.4
  132   1584 -3.402665946246818e-02 2.7e+00 9.49e-01  8e-01  1e+00 139:10.8
  134   1608 -7.981984018999024e-03 2.8e+00 9.83e-01  8e-01  1e+00 141:17.9
  136   1632 -1.667073363250846e-02 2.8e+00 1.05e+00  9e-01  1e+00 143:25.4
  138   1656 -3.834384737234730e-02 2.8e+00 1.08e+00  9e-01  1e+00 145:31.7
  140   1680 -2.982286698615606e-02 2.9e+00 1.03e+00  8e-01  1e+00 147:37.2
  142   1704 -1.521472251918879e-02 2.9e+00 1.01e+00  8e-01  1e+00 149:45.2
  144   1728 -2.727540708933791e-02 2.9e+00 1.00e+00  8e-01  1e+00 151:52.7
  146   1752 1.679847785831073e-02 2.9e+00 1.03e+00  9e-01  1e+00 154:00.7
  148   1776 -1.506760824719621e-02 3.0e+00 1.12e+00  9e-01  1e+00 156:09.0
  150   1800 -3.079400186229152e-02 3.0e+00 1.18e+00  1e+00  1e+00 158:17.0
  152   1824 -4.109951663439023e-02 3.0e+00 1.20e+00  1e+00  1e+00 160:25.5
  154   1848 -2.465338307151017e-02 3.1e+00 1.18e+00  1e+00  1e+00 162:33.3
  156   1872 2.033110823972015e-03 3.1e+00 1.20e+00  1e+00  1e+00 164:41.0
  158   1896 -4.291366815570186e-02 3.1e+00 1.13e+00  9e-01  1e+00 166:49.2
  160   1920 -2.336613355269847e-02 3.2e+00 1.15e+00  9e-01  1e+00 168:56.6
  162   1944 -1.721544611692909e-02 3.2e+00 1.19e+00  1e+00  1e+00 171:04.0
  164   1968 1.616866508772555e-02 3.2e+00 1.17e+00  9e-01  1e+00 173:11.8
  166   1992 -1.247387281506422e-02 3.3e+00 1.20e+00  9e-01  1e+00 175:17.7
  168   2016 9.557419982804988e-03 3.3e+00 1.29e+00  1e+00  2e+00 177:25.2
  170   2040 -1.467738645110734e-02 3.3e+00 1.22e+00  1e+00  2e+00 179:32.5
  172   2064 -4.088957009850994e-02 3.3e+00 1.22e+00  9e-01  1e+00 181:40.7
  174   2088 -4.152129513439275e-02 3.3e+00 1.14e+00  9e-01  1e+00 183:47.8
  176   2112 -2.350005222577985e-02 3.3e+00 1.07e+00  8e-01  1e+00 185:55.3
  178   2136 -2.270493973706201e-02 3.3e+00 1.00e+00  8e-01  1e+00 188:02.6
  180   2160 -1.677994009818783e-02 3.4e+00 1.01e+00  8e-01  1e+00 190:09.9
  182   2184 -3.185302690728518e-02 3.4e+00 1.02e+00  8e-01  1e+00 192:17.2
  184   2208 -2.938338517469197e-02 3.4e+00 1.06e+00  8e-01  1e+00 194:24.4
  186   2232 -2.979735325629337e-02 3.5e+00 1.03e+00  8e-01  1e+00 196:32.0
  188   2256 -2.352209497422351e-02 3.5e+00 1.03e+00  8e-01  1e+00 198:39.8
  190   2280 -3.499192504379410e-02 3.5e+00 1.03e+00  8e-01  1e+00 200:46.6
  192   2304 -3.150365771229283e-02 3.5e+00 1.05e+00  8e-01  1e+00 202:53.9
  195   2340 -1.537425981479533e-02 3.5e+00 1.12e+00  8e-01  1e+00 206:05.5
  198   2376 -2.155356443786000e-02 3.6e+00 1.07e+00  8e-01  1e+00 209:16.0
  200   2400 -2.296893687260462e-02 3.6e+00 1.09e+00  8e-01  1e+00 211:23.4
  203   2436 -3.140623579569617e-02 3.6e+00 9.99e-01  7e-01  1e+00 214:34.7
  206   2472 -2.703109226431105e-02 3.5e+00 8.02e-01  6e-01  9e-01 217:45.5
  209   2508 -3.486312934252957e-02 3.6e+00 7.28e-01  5e-01  8e-01 220:57.5
  212   2544 -3.385114329022140e-02 3.6e+00 7.23e-01  5e-01  8e-01 224:09.3
  215   2580 -3.197407763461274e-02 3.6e+00 7.34e-01  5e-01  9e-01 227:20.6
  218   2616 -2.861108205225617e-02 3.6e+00 7.76e-01  6e-01  9e-01 230:31.4
  221   2652 -2.138404985907456e-02 3.5e+00 8.49e-01  6e-01  1e+00 233:42.1
  224   2688 -3.648462009962958e-02 3.5e+00 9.30e-01  7e-01  1e+00 236:53.9
  227   2724 -3.509204038251563e-02 3.6e+00 9.77e-01  7e-01  1e+00 240:05.8
