Running job array 10 on pe60.int.triton.aalto.fi
Starting at Sat Mar 22 11:04:29 EET 2025
Activating virtual environment at /scratch/work/uotilav2/quantum-portfolio/venv
Processing batch 11/100: experiments 10 to 10 (total 1)
Processing experiment 10
Budget: 4550
YF.download() has changed argument auto_adjust default to True
Number of qubits for asset AXP: 4
Number of qubits for asset GS: 3
Number of qubits for asset MRK: 6
Total number of qubits:  13
Optimized Weights (considering variance, skewness and kurtosis):
AXP: 24.24%
GS: 42.88%
MRK: 32.88%
Left over budget:  78.19370648642234
Optimized Discrete Allocation:
AXP: 4
GS: 3
MRK: 16
Maximized utility from continuous higher moments:  -2610.0576128291323
Budget constraint satisfied 4548.881034851074 4550 Difference:  1.1189651489257812
Budget constraint satisfied 4548.671051025391 4550 Difference:  1.328948974609375
smallest_eigenvalues: [-0.2214691117132903]
smallest_bitstrings: ['0110001101000']
first_excited_energy: -0.22146906419507623
optimized_portfolio: [{'AXP': 6, 'GS': 4, 'MRK': 5}]
second_optimized_portfolio: [{'AXP': 5, 'GS': 4, 'MRK': 8}]
result_with_budget: [{'portfolio': {'AXP': 6, 'GS': 4, 'MRK': 5}, 'budget': 4548.881034851074, 'difference': 1.1189651489257812, 'objective_value': -763.6325349792943}]
result_with_budget_excited: [{'portfolio': {'AXP': 5, 'GS': 4, 'MRK': 8}, 'budget': 4548.671051025391, 'difference': 1.328948974609375, 'objective_value': -756.5655738752426}]
Initial params:  [2.51063067 1.44978017 2.45210473 0.37157007 2.01037118 0.45035763
 2.96776493 1.63943485 1.3026989  0.83112597 2.43232687 1.43303853
 1.78578792 0.0590299  1.94035914 1.92295543 1.93815531 2.96487203
 2.14200164 1.12942738]
(6_w,12)-aCMA-ES (mu_w=3.7,w_1=40%) in dimension 20 (seed=716797, Sat Mar 22 11:08:28 2025)
Iterat #Fevals   function value  axis ratio  sigma  min&max std  t[m:s]
    1     12 -1.432944450290354e-01 1.0e+00 9.19e-02  9e-02  9e-02 1:32.2
    2     24 -1.688365789467810e-01 1.1e+00 8.53e-02  8e-02  9e-02 3:04.6
    3     36 -1.663569866022371e-01 1.1e+00 8.28e-02  8e-02  8e-02 4:37.2
    4     48 -1.648189816182383e-01 1.2e+00 8.31e-02  8e-02  8e-02 6:09.3
    5     60 -1.728400092043981e-01 1.2e+00 8.43e-02  8e-02  9e-02 7:41.2
    6     72 -1.756898112519147e-01 1.3e+00 8.54e-02  8e-02  9e-02 9:13.4
    7     84 -1.747114233776947e-01 1.3e+00 8.62e-02  8e-02  9e-02 10:45.5
    8     96 -1.813989966195970e-01 1.3e+00 8.72e-02  8e-02  9e-02 12:17.8
    9    108 -1.710993705327226e-01 1.3e+00 8.43e-02  8e-02  9e-02 13:50.0
   10    120 -1.758500821079857e-01 1.4e+00 8.30e-02  8e-02  9e-02 15:22.2
   11    132 -1.793610638920566e-01 1.4e+00 8.26e-02  8e-02  9e-02 16:54.6
   12    144 -1.840511383912726e-01 1.4e+00 8.41e-02  8e-02  9e-02 18:26.7
   13    156 -1.853974259356663e-01 1.5e+00 8.82e-02  8e-02  9e-02 19:59.3
   14    168 -1.860564857567114e-01 1.5e+00 9.43e-02  9e-02  1e-01 21:31.3
   15    180 -1.852522889597113e-01 1.6e+00 9.97e-02  9e-02  1e-01 23:03.9
   16    192 -1.861589751270916e-01 1.7e+00 1.06e-01  1e-01  1e-01 24:36.1
   17    204 -1.882411490174757e-01 1.8e+00 1.13e-01  1e-01  1e-01 26:08.3
   18    216 -1.811624281072230e-01 1.8e+00 1.16e-01  1e-01  1e-01 27:40.8
   19    228 -1.857858556419021e-01 1.8e+00 1.19e-01  1e-01  1e-01 29:13.3
   20    240 -1.883134326693784e-01 1.9e+00 1.21e-01  1e-01  1e-01 30:45.6
   21    252 -1.840476757989431e-01 1.9e+00 1.17e-01  1e-01  1e-01 32:17.5
   22    264 -1.861938753707648e-01 2.0e+00 1.14e-01  1e-01  1e-01 33:49.6
   23    276 -1.874934287263290e-01 2.0e+00 1.11e-01  1e-01  1e-01 35:22.2
   24    288 -1.861025513253414e-01 2.1e+00 1.13e-01  1e-01  1e-01 36:54.5
   25    300 -1.835744799039384e-01 2.1e+00 1.15e-01  1e-01  1e-01 38:26.9
   26    312 -1.901607640955244e-01 2.2e+00 1.19e-01  1e-01  1e-01 39:59.1
   27    324 -1.896984324728547e-01 2.2e+00 1.25e-01  1e-01  1e-01 41:31.3
   28    336 -1.924916526834710e-01 2.3e+00 1.30e-01  1e-01  1e-01 43:03.7
   29    348 -1.829860054843723e-01 2.3e+00 1.32e-01  1e-01  1e-01 44:36.2
   30    360 -1.907617829598719e-01 2.4e+00 1.34e-01  1e-01  1e-01 46:08.9
   31    372 -1.831902121469696e-01 2.4e+00 1.30e-01  1e-01  1e-01 47:40.0
   32    384 -1.807995596660227e-01 2.4e+00 1.29e-01  1e-01  1e-01 49:08.6
   33    396 -1.840889779037335e-01 2.4e+00 1.27e-01  1e-01  1e-01 50:37.0
   34    408 -1.852687266354779e-01 2.4e+00 1.23e-01  1e-01  1e-01 52:05.3
   35    420 -1.905807319936754e-01 2.4e+00 1.20e-01  1e-01  1e-01 53:34.1
   36    432 -1.923410891462545e-01 2.4e+00 1.19e-01  1e-01  1e-01 55:02.7
   37    444 -1.896185479110980e-01 2.5e+00 1.12e-01  1e-01  1e-01 56:31.4
   38    456 -1.936160190983905e-01 2.5e+00 1.09e-01  9e-02  1e-01 57:59.6
   39    468 -1.911515872736076e-01 2.5e+00 1.04e-01  9e-02  1e-01 59:27.5
   40    480 -1.868735556996435e-01 2.5e+00 1.02e-01  9e-02  1e-01 60:56.5
   41    492 -1.882235956100886e-01 2.5e+00 9.63e-02  8e-02  1e-01 62:24.9
   42    504 -1.872521600058415e-01 2.6e+00 8.91e-02  8e-02  1e-01 63:53.5
   43    516 -1.920059661149003e-01 2.6e+00 8.55e-02  7e-02  9e-02 65:21.6
   44    528 -1.929165756112344e-01 2.6e+00 8.25e-02  7e-02  9e-02 66:49.9
   45    540 -1.928736549346045e-01 2.7e+00 8.14e-02  7e-02  9e-02 68:18.1
   46    552 -1.901651039120757e-01 2.7e+00 7.91e-02  7e-02  9e-02 69:46.9
   47    564 -1.901842229456490e-01 2.8e+00 7.71e-02  7e-02  9e-02 71:14.9
   48    576 -1.927831643593937e-01 2.8e+00 7.37e-02  6e-02  8e-02 72:43.1
   49    588 -1.920278112928142e-01 2.8e+00 7.27e-02  6e-02  8e-02 74:11.4
   50    600 -1.922918498693996e-01 2.9e+00 7.10e-02  6e-02  8e-02 75:39.5
   51    612 -1.942033801673062e-01 3.0e+00 6.94e-02  6e-02  8e-02 77:08.0
   52    624 -1.954564738202693e-01 3.0e+00 6.84e-02  6e-02  8e-02 78:36.6
   53    636 -1.929870557425644e-01 3.0e+00 6.92e-02  6e-02  8e-02 80:04.6
   54    648 -1.954501996061905e-01 3.0e+00 6.89e-02  6e-02  8e-02 81:32.8
   55    660 -1.967257058819149e-01 3.0e+00 7.03e-02  6e-02  8e-02 83:01.6
   56    672 -1.969537080729643e-01 3.1e+00 7.28e-02  6e-02  9e-02 84:29.8
   57    684 -1.967804379432159e-01 3.1e+00 7.44e-02  6e-02  9e-02 85:58.2
   58    696 -1.976314260211955e-01 3.1e+00 7.56e-02  6e-02  9e-02 87:26.3
   59    708 -1.971902449480787e-01 3.1e+00 7.47e-02  6e-02  9e-02 88:54.3
   60    720 -1.983351075170025e-01 3.1e+00 7.14e-02  6e-02  8e-02 90:23.1
   61    732 -1.963468797548476e-01 3.1e+00 7.28e-02  6e-02  8e-02 91:51.5
   62    744 -1.975487655443405e-01 3.2e+00 7.37e-02  6e-02  8e-02 93:19.8
   63    756 -1.989715920724005e-01 3.2e+00 7.52e-02  6e-02  9e-02 94:48.2
   64    768 -1.977592516530058e-01 3.3e+00 7.74e-02  7e-02  9e-02 96:16.4
   65    780 -1.990167348522537e-01 3.4e+00 7.92e-02  7e-02  9e-02 97:44.8
   66    792 -1.979992919061763e-01 3.4e+00 8.05e-02  7e-02  9e-02 99:13.3
   67    804 -1.974783299903541e-01 3.5e+00 8.34e-02  7e-02  9e-02 100:41.1
   68    816 -1.948005704861488e-01 3.5e+00 8.51e-02  7e-02  1e-01 102:08.3
   69    828 -1.967349922637179e-01 3.6e+00 8.69e-02  7e-02  1e-01 103:37.9
   70    840 -1.971402273522942e-01 3.6e+00 9.08e-02  8e-02  1e-01 105:07.9
   71    852 -1.986631000578603e-01 3.7e+00 9.24e-02  8e-02  1e-01 106:37.7
   72    864 -1.991672290767327e-01 3.8e+00 9.50e-02  8e-02  1e-01 108:07.5
   73    876 -1.982917922708650e-01 3.9e+00 9.74e-02  8e-02  1e-01 109:36.7
   74    888 -1.989850811753330e-01 3.9e+00 9.63e-02  8e-02  1e-01 111:06.4
   75    900 -1.991129773083815e-01 3.9e+00 9.40e-02  8e-02  1e-01 112:36.2
   76    912 -1.992791882019674e-01 4.0e+00 9.07e-02  7e-02  1e-01 114:06.1
   77    924 -1.978628498077635e-01 4.0e+00 8.90e-02  7e-02  1e-01 115:36.0
   78    936 -1.979940585955818e-01 4.1e+00 8.69e-02  7e-02  1e-01 117:05.7
   79    948 -1.948080012881899e-01 4.1e+00 8.74e-02  7e-02  1e-01 118:35.7
   80    960 -1.992281689357508e-01 4.1e+00 8.75e-02  7e-02  1e-01 120:06.2
   81    972 -1.994712976323982e-01 4.2e+00 8.41e-02  7e-02  1e-01 121:36.5
   82    984 -1.993582906369704e-01 4.3e+00 8.12e-02  7e-02  1e-01 123:06.3
   83    996 -1.988874430028035e-01 4.3e+00 7.95e-02  7e-02  1e-01 124:36.6
   84   1008 -1.982553742029604e-01 4.4e+00 7.96e-02  7e-02  1e-01 126:07.1
   85   1020 -2.008902801739953e-01 4.4e+00 8.09e-02  7e-02  1e-01 127:37.8
   86   1032 -2.003761605569271e-01 4.5e+00 8.14e-02  7e-02  1e-01 129:08.3
   87   1044 -1.997705899060614e-01 4.6e+00 8.13e-02  7e-02  1e-01 130:38.4
   88   1056 -2.008433732897037e-01 4.6e+00 8.03e-02  7e-02  1e-01 132:08.9
   89   1068 -2.007625566609639e-01 4.6e+00 7.76e-02  6e-02  1e-01 133:39.6
   90   1080 -2.015018220650668e-01 4.6e+00 7.61e-02  6e-02  9e-02 135:10.1
   91   1092 -2.018174278451972e-01 4.7e+00 7.53e-02  6e-02  9e-02 136:40.3
   93   1116 -2.014485462490140e-01 4.8e+00 7.26e-02  6e-02  9e-02 139:41.0
   95   1140 -2.015593195705062e-01 4.8e+00 7.46e-02  6e-02  9e-02 142:41.8
   97   1164 -2.022170013330200e-01 5.0e+00 7.74e-02  6e-02  1e-01 145:42.2
   99   1188 -2.027571326492164e-01 5.1e+00 7.98e-02  7e-02  1e-01 148:43.1
  100   1200 -2.027566230366803e-01 5.3e+00 8.33e-02  7e-02  1e-01 150:13.4
  102   1224 -2.029332888156769e-01 5.4e+00 8.02e-02  7e-02  1e-01 153:13.5
  104   1248 -2.032120945632788e-01 5.5e+00 7.82e-02  6e-02  1e-01 156:14.6
  106   1272 -2.025206928955680e-01 5.7e+00 8.30e-02  7e-02  1e-01 159:15.1
  108   1296 -2.032620594762201e-01 6.2e+00 7.97e-02  7e-02  1e-01 162:15.8
  110   1320 -2.038519410299701e-01 6.5e+00 7.84e-02  6e-02  1e-01 165:16.3
  112   1344 -2.051081652855328e-01 6.5e+00 7.46e-02  6e-02  9e-02 168:15.7
  114   1368 -2.044987413752798e-01 6.5e+00 6.98e-02  6e-02  9e-02 171:15.1
  116   1392 -2.039723766209715e-01 6.6e+00 6.69e-02  5e-02  8e-02 174:14.4
  118   1416 -2.048930872829283e-01 6.7e+00 6.23e-02  5e-02  8e-02 177:13.7
  120   1440 -2.051640308109340e-01 6.8e+00 6.65e-02  5e-02  9e-02 180:12.9
  122   1464 -2.061609808560972e-01 7.0e+00 6.97e-02  5e-02  9e-02 183:11.9
  124   1488 -2.051250304416144e-01 7.3e+00 6.90e-02  5e-02  9e-02 186:11.5
  126   1512 -2.057187298098962e-01 7.5e+00 7.08e-02  5e-02  1e-01 189:09.1
  128   1536 -2.054554565926072e-01 7.6e+00 6.89e-02  5e-02  9e-02 192:09.1
  130   1560 -2.054447967830868e-01 7.8e+00 6.38e-02  5e-02  9e-02 195:08.9
  132   1584 -2.060816918024037e-01 8.1e+00 5.99e-02  4e-02  8e-02 198:07.6
  134   1608 -2.057363935880703e-01 8.2e+00 5.64e-02  4e-02  8e-02 201:06.9
  136   1632 -2.053524191745426e-01 8.5e+00 5.61e-02  4e-02  8e-02 204:06.2
  138   1656 -2.054524882615868e-01 8.5e+00 5.31e-02  4e-02  7e-02 207:05.4
  140   1680 -2.057694425235438e-01 8.6e+00 5.01e-02  4e-02  7e-02 210:04.8
  142   1704 -2.063878341266316e-01 8.8e+00 4.78e-02  4e-02  7e-02 213:03.5
  144   1728 -2.062923870903825e-01 9.0e+00 4.40e-02  3e-02  6e-02 216:02.7
  146   1752 -2.064428742155876e-01 9.1e+00 4.17e-02  3e-02  6e-02 219:01.4
  148   1776 -2.064466715049281e-01 9.3e+00 3.98e-02  3e-02  6e-02 222:01.0
  150   1800 -2.067307340787883e-01 1.0e+01 3.88e-02  3e-02  5e-02 225:00.5
  152   1824 -2.066315408604448e-01 1.0e+01 3.67e-02  3e-02  5e-02 227:59.7
  154   1848 -2.067204112925932e-01 1.0e+01 3.44e-02  3e-02  5e-02 230:59.1
  156   1872 -2.068665418293458e-01 1.1e+01 3.41e-02  2e-02  5e-02 233:58.3
  158   1896 -2.066213077521465e-01 1.0e+01 3.41e-02  2e-02  5e-02 236:56.9
  160   1920 -2.069010845142633e-01 1.1e+01 3.44e-02  2e-02  5e-02 239:57.4
  162   1944 -2.072321730858155e-01 1.1e+01 3.42e-02  2e-02  5e-02 242:57.4
  164   1968 -2.072154093630561e-01 1.2e+01 3.44e-02  2e-02  5e-02 245:58.1
  166   1992 -2.074593081575171e-01 1.2e+01 3.66e-02  3e-02  5e-02 248:58.9
  168   2016 -2.074617223404450e-01 1.3e+01 3.70e-02  3e-02  6e-02 251:59.1
  170   2040 -2.074505243901775e-01 1.3e+01 3.93e-02  3e-02  6e-02 255:00.5
  172   2064 -2.076850781479191e-01 1.4e+01 4.09e-02  3e-02  6e-02 258:00.9
  174   2088 -2.078551139301001e-01 1.4e+01 4.18e-02  3e-02  7e-02 261:01.2
  176   2112 -2.080133618990283e-01 1.5e+01 4.42e-02  3e-02  7e-02 264:01.3
  178   2136 -2.082202375578131e-01 1.6e+01 4.52e-02  3e-02  7e-02 267:01.7
  180   2160 -2.082188054901354e-01 1.6e+01 4.10e-02  3e-02  7e-02 270:02.5
  182   2184 -2.083905041622467e-01 1.7e+01 4.11e-02  3e-02  7e-02 273:01.7
  184   2208 -2.084564329234500e-01 1.7e+01 4.14e-02  3e-02  7e-02 275:59.5
  186   2232 -2.083855716606848e-01 1.8e+01 4.08e-02  3e-02  7e-02 278:58.8
  188   2256 -2.087501271551998e-01 1.8e+01 4.08e-02  3e-02  7e-02 281:59.7
  190   2280 -2.088965854209824e-01 1.9e+01 4.13e-02  3e-02  8e-02 285:00.1
  192   2304 -2.087692704337018e-01 2.0e+01 4.38e-02  3e-02  8e-02 288:00.3
  194   2328 -2.088080799681339e-01 2.0e+01 4.32e-02  3e-02  8e-02 291:01.0
  196   2352 -2.086511262361293e-01 2.1e+01 4.45e-02  3e-02  8e-02 294:01.3
  198   2376 -2.087805823726855e-01 2.1e+01 4.59e-02  3e-02  9e-02 297:02.2
  200   2400 -2.087507338642953e-01 2.1e+01 4.51e-02  3e-02  9e-02 300:02.8
  202   2424 -2.087869936490092e-01 2.2e+01 4.37e-02  3e-02  8e-02 303:03.1
  204   2448 -2.087468140572611e-01 2.2e+01 4.64e-02  3e-02  9e-02 306:03.9
  206   2472 -2.086040921942173e-01 2.2e+01 4.28e-02  3e-02  8e-02 309:03.9
  208   2496 -2.088515894736991e-01 2.2e+01 4.28e-02  3e-02  8e-02 312:04.5
  210   2520 -2.091048282670624e-01 2.3e+01 4.39e-02  3e-02  8e-02 315:04.5
  212   2544 -2.088411069704122e-01 2.4e+01 4.08e-02  3e-02  8e-02 318:03.3
  214   2568 -2.090160075065437e-01 2.3e+01 4.09e-02  3e-02  8e-02 321:04.2
  216   2592 -2.090725367904702e-01 2.4e+01 4.06e-02  3e-02  8e-02 324:04.0
  218   2616 -2.089936191692263e-01 2.4e+01 4.12e-02  3e-02  8e-02 327:04.4
  220   2640 -2.089611495236056e-01 2.4e+01 4.05e-02  3e-02  8e-02 330:04.7
  222   2664 -2.092446240238967e-01 2.5e+01 3.75e-02  2e-02  7e-02 333:04.9
  224   2688 -2.092541370194078e-01 2.5e+01 3.59e-02  2e-02  7e-02 336:05.8
  226   2712 -2.093814975970767e-01 2.6e+01 3.41e-02  2e-02  6e-02 339:06.2
  228   2736 -2.092547909760868e-01 2.6e+01 3.59e-02  2e-02  7e-02 342:06.8
  230   2760 -2.092224447293560e-01 2.6e+01 3.51e-02  2e-02  7e-02 345:07.4
  232   2784 -2.094333343457673e-01 2.6e+01 3.22e-02  2e-02  6e-02 348:07.1
  234   2808 -2.093390913074782e-01 2.6e+01 3.04e-02  2e-02  6e-02 351:07.4
  236   2832 -2.094684629851254e-01 2.6e+01 2.91e-02  2e-02  5e-02 354:06.5
  238   2856 -2.095118310717113e-01 2.7e+01 2.79e-02  2e-02  5e-02 357:06.6
  240   2880 -2.095289862376487e-01 2.8e+01 2.68e-02  2e-02  5e-02 360:06.1
  242   2904 -2.095255965091727e-01 2.8e+01 2.61e-02  2e-02  5e-02 363:03.4
  244   2928 -2.095615474360708e-01 2.8e+01 2.63e-02  2e-02  5e-02 366:03.5
  246   2952 -2.096264753797139e-01 3.0e+01 2.68e-02  2e-02  5e-02 369:02.6
  248   2976 -2.096537792976930e-01 3.0e+01 2.69e-02  2e-02  6e-02 372:02.3
  250   3000 -2.095857463834305e-01 3.2e+01 2.88e-02  2e-02  6e-02 375:01.6
  252   3024 -2.097226584102434e-01 3.5e+01 3.01e-02  2e-02  7e-02 378:00.3
  254   3048 -2.097477971587317e-01 3.7e+01 3.15e-02  2e-02  8e-02 380:59.5
  256   3072 -2.097998917447617e-01 3.9e+01 3.31e-02  2e-02  8e-02 383:58.7
  258   3096 -2.097557660492861e-01 4.1e+01 3.56e-02  2e-02  9e-02 386:58.2
  260   3120 -2.097831273088744e-01 4.2e+01 3.62e-02  2e-02  1e-01 389:57.7
  262   3144 -2.098409327051675e-01 4.3e+01 3.69e-02  2e-02  1e-01 392:57.8
  264   3168 -2.098787804437071e-01 4.5e+01 3.98e-02  2e-02  1e-01 395:58.1
  266   3192 -2.099802450695836e-01 4.5e+01 4.04e-02  2e-02  1e-01 398:58.5
  268   3216 -2.099342974618354e-01 4.6e+01 4.11e-02  2e-02  1e-01 401:59.2
  270   3240 -2.099051788283871e-01 4.7e+01 4.12e-02  2e-02  1e-01 405:00.1
  273   3276 -2.098236441295446e-01 5.0e+01 4.20e-02  2e-02  1e-01 409:31.4
  276   3312 -2.098946588505688e-01 5.2e+01 4.44e-02  2e-02  1e-01 414:02.5
  279   3348 -2.100201315406447e-01 5.4e+01 4.09e-02  2e-02  1e-01 418:33.1
  282   3384 -2.099950151875623e-01 5.5e+01 3.65e-02  2e-02  1e-01 423:03.8
  285   3420 -2.099853848654943e-01 5.5e+01 3.18e-02  2e-02  1e-01 427:35.0
  288   3456 -2.100843075059248e-01 5.5e+01 2.94e-02  1e-02  9e-02 432:05.7
  291   3492 -2.100765734187915e-01 5.7e+01 2.53e-02  1e-02  8e-02 436:36.1
  294   3528 -2.100735566552200e-01 5.8e+01 2.55e-02  1e-02  8e-02 441:04.8
  297   3564 -2.100860217276830e-01 5.9e+01 2.51e-02  1e-02  8e-02 445:33.9
  300   3600 -2.100850562288795e-01 6.0e+01 2.27e-02  1e-02  7e-02 450:01.3
  303   3636 -2.101022073352449e-01 5.9e+01 2.04e-02  9e-03  6e-02 454:32.6
  306   3672 -2.101146400866176e-01 6.0e+01 1.95e-02  8e-03  6e-02 459:03.4
  309   3708 -2.101149417190744e-01 6.0e+01 2.04e-02  9e-03  6e-02 463:35.0
  312   3744 -2.101164156568528e-01 6.2e+01 1.93e-02  8e-03  6e-02 468:05.8
  315   3780 -2.101141132234816e-01 6.3e+01 1.60e-02  7e-03  5e-02 472:36.6
  318   3816 -2.101315189918760e-01 6.3e+01 1.40e-02  6e-03  4e-02 477:07.9
  321   3852 -2.101450972259999e-01 6.5e+01 1.42e-02  6e-03  4e-02 481:36.8
  324   3888 -2.101497251747655e-01 6.8e+01 1.42e-02  5e-03  4e-02 486:05.1
  327   3924 -2.101414876454565e-01 7.0e+01 1.26e-02  5e-03  4e-02 490:33.8
  330   3960 -2.101588122192393e-01 7.3e+01 1.20e-02  4e-03  4e-02 495:02.6
  333   3996 -2.101577178371442e-01 7.4e+01 1.10e-02  4e-03  3e-02 499:30.9
  336   4032 -2.101652382626480e-01 7.4e+01 1.12e-02  4e-03  4e-02 503:59.8
  339   4068 -2.101737972579519e-01 7.4e+01 1.19e-02  4e-03  4e-02 508:30.9
  342   4104 -2.101658608229066e-01 7.4e+01 1.13e-02  4e-03  4e-02 513:02.4
  345   4140 -2.101807359239712e-01 7.5e+01 1.10e-02  4e-03  3e-02 517:33.8
  348   4176 -2.101840511807092e-01 7.3e+01 1.13e-02  4e-03  3e-02 522:04.6
  351   4212 -2.101896243368555e-01 7.5e+01 1.38e-02  4e-03  4e-02 526:35.4
  354   4248 -2.101947292841721e-01 7.8e+01 1.58e-02  5e-03  5e-02 531:06.7
  357   4284 -2.102038412155101e-01 7.9e+01 1.65e-02  5e-03  5e-02 535:27.3
  360   4320 -2.102068978499976e-01 8.2e+01 1.76e-02  5e-03  6e-02 539:39.5
  363   4356 -2.102081431944942e-01 8.6e+01 1.78e-02  5e-03  6e-02 543:57.9
  366   4392 -2.102076614151746e-01 8.7e+01 1.79e-02  5e-03  6e-02 548:16.4
  369   4428 -2.102117197506485e-01 8.8e+01 1.74e-02  5e-03  5e-02 552:33.9
  372   4464 -2.102273825428269e-01 8.8e+01 1.62e-02  4e-03  5e-02 556:50.8
  375   4500 -2.102174649005515e-01 8.7e+01 1.55e-02  4e-03  5e-02 561:07.0
  378   4536 -2.102198650801604e-01 8.8e+01 1.48e-02  4e-03  5e-02 565:23.2
  381   4572 -2.102302350473096e-01 8.9e+01 1.45e-02  4e-03  4e-02 569:39.9
  384   4608 -2.102370782664151e-01 9.0e+01 1.52e-02  4e-03  5e-02 573:56.4
  387   4644 -2.102442399425191e-01 9.3e+01 1.70e-02  5e-03  5e-02 578:12.2
  390   4680 -2.102527062350946e-01 9.5e+01 1.73e-02  5e-03  5e-02 582:28.8
  393   4716 -2.102583595024040e-01 9.5e+01 1.96e-02  5e-03  6e-02 586:52.3
  396   4752 -2.102624655705971e-01 9.5e+01 2.17e-02  6e-03  6e-02 591:16.6
  399   4788 -2.102604101283563e-01 9.5e+01 2.15e-02  6e-03  6e-02 595:41.7
  400   4800 -2.102578773281836e-01 9.5e+01 2.18e-02  6e-03  6e-02 597:10.7
  403   4836 -2.102824766474683e-01 9.6e+01 2.32e-02  6e-03  7e-02 601:35.0
  406   4872 -2.103008589189714e-01 9.6e+01 2.61e-02  6e-03  7e-02 605:59.7
  409   4908 -2.103305306570469e-01 9.6e+01 2.80e-02  7e-03  8e-02 610:24.0
  412   4944 -2.103290587530110e-01 9.6e+01 3.13e-02  8e-03  9e-02 614:47.7
  415   4980 -2.103676117351583e-01 9.9e+01 3.70e-02  9e-03  1e-01 619:11.9
  418   5016 -2.103972871572239e-01 1.0e+02 4.34e-02  1e-02  1e-01 623:36.5
  421   5052 -2.104267912365075e-01 1.0e+02 4.34e-02  1e-02  1e-01 628:00.6
  424   5088 -2.104629638898880e-01 1.0e+02 4.22e-02  1e-02  1e-01 632:24.8
  427   5124 -2.104595931848895e-01 1.0e+02 4.10e-02  9e-03  1e-01 636:49.2
  430   5160 -2.105705289350110e-01 1.0e+02 4.03e-02  9e-03  1e-01 641:13.2
  433   5196 -2.105919929717460e-01 1.1e+02 4.20e-02  9e-03  1e-01 645:37.3
  436   5232 -2.107040602109263e-01 1.1e+02 4.22e-02  9e-03  1e-01 650:01.3
  439   5268 -2.106749119537869e-01 1.1e+02 4.65e-02  1e-02  1e-01 654:25.2
  442   5304 -2.107223844127425e-01 1.1e+02 4.54e-02  1e-02  1e-01 658:48.5
  445   5340 -2.107955386501360e-01 1.1e+02 4.69e-02  1e-02  1e-01 663:12.7
  448   5376 -2.107871657380778e-01 1.2e+02 4.71e-02  1e-02  1e-01 667:36.6
  451   5412 -2.108268426606589e-01 1.2e+02 4.45e-02  9e-03  1e-01 672:00.1
  454   5448 -2.109346748376032e-01 1.2e+02 4.14e-02  8e-03  1e-01 676:23.9
  457   5484 -2.109268782960000e-01 1.2e+02 4.11e-02  8e-03  1e-01 680:47.3
  460   5520 -2.109238917286692e-01 1.2e+02 4.31e-02  9e-03  1e-01 685:11.0
  463   5556 -2.110133373778267e-01 1.2e+02 4.81e-02  1e-02  1e-01 689:34.5
  466   5592 -2.110297226106994e-01 1.2e+02 4.68e-02  9e-03  1e-01 693:48.4
  469   5628 -2.110717288115196e-01 1.3e+02 4.42e-02  9e-03  1e-01 698:00.1
  472   5664 -2.111038208945389e-01 1.3e+02 3.89e-02  8e-03  1e-01 702:12.4
  475   5700 -2.111884975857397e-01 1.2e+02 4.05e-02  8e-03  1e-01 706:36.7
  478   5736 -2.111060244880540e-01 1.2e+02 4.43e-02  8e-03  1e-01 711:01.0
  481   5772 -2.112140072970714e-01 1.2e+02 4.48e-02  8e-03  1e-01 715:24.6
  484   5808 -2.112456498874097e-01 1.2e+02 4.33e-02  8e-03  1e-01 719:49.0
  487   5844 -2.112752954957415e-01 1.2e+02 4.32e-02  8e-03  1e-01 724:10.0
  490   5880 -2.112735923689531e-01 1.2e+02 4.24e-02  8e-03  1e-01 728:27.1
  493   5916 -2.113102592226114e-01 1.2e+02 4.25e-02  8e-03  1e-01 732:49.5
  496   5952 -2.113505985867948e-01 1.2e+02 4.16e-02  8e-03  1e-01 737:13.0
  499   5988 -2.113315612279792e-01 1.3e+02 4.25e-02  8e-03  1e-01 741:37.7
  500   6000 -2.113641865300905e-01 1.3e+02 4.22e-02  8e-03  1e-01 743:06.0
  503   6036 -2.114192652489707e-01 1.3e+02 3.62e-02  6e-03  1e-01 747:30.5
  506   6072 -2.114277939073974e-01 1.3e+02 3.34e-02  6e-03  9e-02 751:54.4
  509   6108 -2.114878799769306e-01 1.3e+02 3.35e-02  6e-03  9e-02 756:19.4
  512   6144 -2.115390927116561e-01 1.3e+02 3.79e-02  7e-03  1e-01 760:44.0
  515   6180 -2.115453784812509e-01 1.3e+02 4.22e-02  8e-03  1e-01 765:08.9
  518   6216 -2.115498313123123e-01 1.3e+02 4.24e-02  8e-03  1e-01 769:33.7
  522   6264 -2.117016323669774e-01 1.3e+02 4.54e-02  9e-03  1e-01 775:25.8
  526   6312 -2.117588747541659e-01 1.4e+02 4.98e-02  1e-02  2e-01 781:13.6
  530   6360 -2.117464917287669e-01 1.5e+02 5.96e-02  1e-02  2e-01 787:06.1
  534   6408 -2.118908273303348e-01 1.5e+02 6.73e-02  1e-02  2e-01 792:58.3
  538   6456 -2.117911325079529e-01 1.6e+02 6.73e-02  1e-02  2e-01 798:51.4
  542   6504 -2.118289117625590e-01 1.6e+02 5.99e-02  1e-02  2e-01 804:43.4
  546   6552 -2.119477759060733e-01 1.5e+02 5.05e-02  1e-02  2e-01 810:35.8
  550   6600 -2.119985070047681e-01 1.5e+02 4.61e-02  9e-03  2e-01 816:28.6
  554   6648 -2.119707561731430e-01 1.6e+02 4.46e-02  9e-03  1e-01 822:21.2
  558   6696 -2.119685135124431e-01 1.6e+02 4.11e-02  8e-03  1e-01 828:14.0
  562   6744 -2.120349088539060e-01 1.6e+02 4.06e-02  8e-03  1e-01 834:07.1
  566   6792 -2.120792284385698e-01 1.6e+02 4.20e-02  8e-03  1e-01 839:59.4
  570   6840 -2.120944185005251e-01 1.6e+02 4.01e-02  8e-03  1e-01 845:52.5
  574   6888 -2.120798227391240e-01 1.6e+02 3.99e-02  8e-03  1e-01 851:44.8
  578   6936 -2.121168430705043e-01 1.7e+02 3.97e-02  8e-03  1e-01 857:37.6
  582   6984 -2.121995463535382e-01 1.7e+02 3.98e-02  8e-03  1e-01 863:29.5
  586   7032 -2.121901690375434e-01 1.7e+02 4.02e-02  8e-03  1e-01 869:21.9
  590   7080 -2.122106462240001e-01 1.7e+02 3.92e-02  8e-03  1e-01 875:14.8
  594   7128 -2.122534902064542e-01 1.8e+02 4.33e-02  9e-03  2e-01 881:07.5
  598   7176 -2.122772060683540e-01 2.0e+02 4.34e-02  9e-03  2e-01 887:00.9
  600   7200 -2.122717068342927e-01 2.0e+02 4.03e-02  8e-03  2e-01 889:57.1
  604   7248 -2.123456906178219e-01 2.1e+02 4.18e-02  8e-03  2e-01 895:49.7
  608   7296 -2.123910670311390e-01 2.1e+02 4.49e-02  9e-03  2e-01 901:42.2
  612   7344 -2.124411521733224e-01 2.3e+02 4.69e-02  9e-03  2e-01 907:34.7
  616   7392 -2.125250783069372e-01 2.5e+02 5.10e-02  1e-02  2e-01 913:26.9
  620   7440 -2.126111848197562e-01 2.6e+02 6.52e-02  1e-02  3e-01 919:19.8
  624   7488 -2.126576930834524e-01 2.7e+02 7.25e-02  1e-02  4e-01 925:12.6
  628   7536 -2.127404435549290e-01 2.9e+02 7.40e-02  1e-02  4e-01 931:05.2
  632   7584 -2.130076288803640e-01 2.9e+02 7.35e-02  1e-02  4e-01 936:58.1
  636   7632 -2.131122074758776e-01 3.1e+02 8.86e-02  2e-02  5e-01 942:50.4
  640   7680 -2.130710095995160e-01 3.3e+02 8.67e-02  2e-02  5e-01 948:43.1
  644   7728 -2.135442242571056e-01 3.4e+02 8.77e-02  2e-02  5e-01 954:35.3
  648   7776 -2.135999844800399e-01 3.6e+02 9.86e-02  2e-02  6e-01 960:26.9
  652   7824 -2.133679537780186e-01 3.6e+02 9.47e-02  2e-02  6e-01 966:18.7
  656   7872 -2.137057399705415e-01 3.7e+02 8.53e-02  2e-02  5e-01 972:10.3
  660   7920 -2.139959692564198e-01 3.7e+02 8.16e-02  2e-02  5e-01 978:02.3
  664   7968 -2.139171073782045e-01 3.7e+02 7.98e-02  1e-02  5e-01 983:54.4
  668   8016 -2.140351823878181e-01 3.8e+02 8.14e-02  1e-02  5e-01 989:46.1
  672   8064 -2.142697629217038e-01 3.9e+02 7.66e-02  1e-02  5e-01 995:38.5
  676   8112 -2.143701334386132e-01 3.9e+02 7.94e-02  1e-02  5e-01 1001:30.6
  680   8160 -2.144684015658561e-01 4.0e+02 7.51e-02  1e-02  5e-01 1007:22.6
  684   8208 -2.145053080009882e-01 4.0e+02 7.35e-02  1e-02  5e-01 1013:14.9
  688   8256 -2.144572835550024e-01 3.8e+02 6.60e-02  1e-02  4e-01 1019:07.2
  692   8304 -2.146024322290308e-01 3.9e+02 6.05e-02  9e-03  4e-01 1024:59.5
  696   8352 -2.146318929242860e-01 3.8e+02 6.01e-02  9e-03  4e-01 1030:52.0
  700   8400 -2.146456732918638e-01 3.9e+02 5.79e-02  8e-03  3e-01 1036:45.1
  704   8448 -2.147317548500650e-01 3.7e+02 5.39e-02  8e-03  3e-01 1042:37.6
  708   8496 -2.147526998789029e-01 3.8e+02 4.74e-02  6e-03  3e-01 1048:30.5
  712   8544 -2.148718510180055e-01 3.9e+02 5.91e-02  8e-03  4e-01 1054:22.8
  716   8592 -2.148991017871899e-01 3.9e+02 6.39e-02  8e-03  4e-01 1060:15.4
  720   8640 -2.150046825697341e-01 4.2e+02 6.67e-02  8e-03  4e-01 1066:08.2
  724   8688 -2.149686127272524e-01 4.2e+02 6.21e-02  7e-03  4e-01 1072:00.3
  728   8736 -2.151280077160312e-01 4.2e+02 5.94e-02  7e-03  4e-01 1077:52.8
  732   8784 -2.152170316366515e-01 4.2e+02 6.01e-02  7e-03  4e-01 1083:46.0
  736   8832 -2.152292105922197e-01 4.3e+02 5.54e-02  6e-03  4e-01 1089:38.6
  740   8880 -2.152317435154250e-01 4.3e+02 5.21e-02  6e-03  3e-01 1095:31.6
  744   8928 -2.152653150720772e-01 4.3e+02 4.35e-02  4e-03  3e-01 1101:24.0
  748   8976 -2.152728305299928e-01 4.4e+02 3.70e-02  4e-03  2e-01 1107:16.3
  752   9024 -2.153021252392325e-01 4.5e+02 3.38e-02  3e-03  2e-01 1113:08.8
  756   9072 -2.153118897077722e-01 4.6e+02 3.80e-02  4e-03  3e-01 1119:00.8
  760   9120 -2.153227281896599e-01 4.7e+02 3.93e-02  4e-03  3e-01 1124:53.4
  764   9168 -2.153024145504443e-01 4.7e+02 3.29e-02  3e-03  2e-01 1130:45.4
  768   9216 -2.153353209063530e-01 4.7e+02 2.98e-02  2e-03  2e-01 1136:37.4
  772   9264 -2.153479356826076e-01 4.7e+02 2.69e-02  2e-03  2e-01 1142:29.7
  776   9312 -2.153644030545623e-01 4.9e+02 2.57e-02  2e-03  2e-01 1148:22.2
  780   9360 -2.153884883539343e-01 5.0e+02 2.93e-02  2e-03  2e-01 1154:15.4
  784   9408 -2.153986219950565e-01 5.1e+02 3.31e-02  3e-03  2e-01 1160:08.1
  788   9456 -2.153854544649199e-01 5.2e+02 3.35e-02  2e-03  2e-01 1165:59.9
  792   9504 -2.154079072931065e-01 5.4e+02 3.01e-02  2e-03  2e-01 1171:52.0
  796   9552 -2.154121290620269e-01 5.5e+02 2.59e-02  2e-03  2e-01 1177:44.6
  800   9600 -2.154277143180167e-01 5.5e+02 2.44e-02  2e-03  2e-01 1183:37.4
  805   9660 -2.154279988057349e-01 5.6e+02 2.36e-02  2e-03  2e-01 1190:36.5
  810   9720 -2.154360548505645e-01 5.6e+02 1.79e-02  1e-03  1e-01 1197:34.7
  815   9780 -2.154410919145846e-01 5.7e+02 1.61e-02  1e-03  1e-01 1204:33.0
  820   9840 -2.154498051647413e-01 5.6e+02 1.66e-02  1e-03  1e-01 1211:31.4
  825   9900 -2.154512151842957e-01 5.5e+02 1.73e-02  1e-03  1e-01 1218:30.4
  830   9960 -2.154569631877897e-01 5.6e+02 1.70e-02  1e-03  1e-01 1225:28.4
  835  10020 -2.154632094450554e-01 5.7e+02 1.74e-02  1e-03  1e-01 1232:26.8
  840  10080 -2.154701634890780e-01 5.7e+02 1.78e-02  1e-03  1e-01 1239:25.5
  845  10140 -2.154736544734289e-01 5.7e+02 2.06e-02  1e-03  2e-01 1246:24.2
  850  10200 -2.154745091719351e-01 6.0e+02 2.05e-02  1e-03  2e-01 1253:23.0
  855  10260 -2.154857149188197e-01 5.8e+02 2.36e-02  1e-03  2e-01 1260:21.3
  860  10320 -2.154910220970936e-01 6.0e+02 3.10e-02  2e-03  3e-01 1267:20.7
  865  10380 -2.155173208797869e-01 6.3e+02 4.11e-02  2e-03  4e-01 1274:18.9
  870  10440 -2.155474342259766e-01 6.7e+02 5.21e-02  3e-03  5e-01 1281:16.8
  875  10500 -2.155823170942279e-01 6.8e+02 7.18e-02  3e-03  7e-01 1288:15.2
  880  10560 -2.155861780346080e-01 6.6e+02 8.54e-02  4e-03  8e-01 1295:12.7
  885  10620 -2.155679074669534e-01 6.3e+02 7.79e-02  4e-03  7e-01 1302:10.5
  890  10680 -2.155895533209308e-01 5.9e+02 6.23e-02  3e-03  5e-01 1309:08.1
  895  10740 -2.156305944155683e-01 5.6e+02 5.02e-02  2e-03  4e-01 1316:05.6
  900  10800 -2.156491639294317e-01 5.6e+02 4.13e-02  2e-03  3e-01 1323:03.9
  905  10860 -2.156641054011513e-01 5.4e+02 3.76e-02  2e-03  3e-01 1330:05.7
  909  10908 -2.156696267197278e-01 5.3e+02 3.53e-02  2e-03  3e-01 1336:04.6
  913  10956 -2.156831411718168e-01 5.3e+02 3.77e-02  2e-03  3e-01 1342:03.5
  917  11004 -2.156881052247245e-01 5.3e+02 3.81e-02  2e-03  3e-01 1348:03.6
  921  11052 -2.156904157844795e-01 5.2e+02 3.74e-02  2e-03  3e-01 1354:04.8
  925  11100 -2.157117264346463e-01 5.1e+02 3.73e-02  2e-03  3e-01 1360:06.2
  930  11160 -2.157089785137228e-01 5.1e+02 3.88e-02  2e-03  3e-01 1367:36.5
  935  11220 -2.157147678387447e-01 4.9e+02 4.41e-02  2e-03  3e-01 1375:08.2
  940  11280 -2.157354579621101e-01 4.8e+02 4.46e-02  2e-03  3e-01 1382:39.2
  945  11340 -2.157385471776738e-01 4.8e+02 4.09e-02  2e-03  3e-01 1390:10.6
  950  11400 -2.157459738283859e-01 4.7e+02 3.32e-02  1e-03  2e-01 1397:42.8
  955  11460 -2.157544283363931e-01 4.7e+02 3.05e-02  1e-03  2e-01 1405:13.5
  960  11520 -2.157689327856565e-01 4.6e+02 3.26e-02  1e-03  2e-01 1412:45.9
  965  11580 -2.157929770444885e-01 4.7e+02 4.02e-02  2e-03  2e-01 1420:18.6
  970  11640 -2.157930352803986e-01 4.6e+02 4.02e-02  2e-03  2e-01 1427:50.7
  975  11700 -2.158139787885164e-01 4.6e+02 4.07e-02  2e-03  2e-01 1435:16.4
