Running job array 22 on pe78.int.triton.aalto.fi
Starting at Fri Mar 14 10:12:06 EET 2025
Activating virtual environment at /scratch/work/uotilav2/quantum-portfolio/venv
Processing batch 23/30: experiments 330 to 344 (total 15)
Processing experiment 330
Budget: 240.88999938964844
YF.download() has changed argument auto_adjust default to True
Expected returns: 0.13858734255536118
Covariance matrix: 0.5066301881470745
3rd-order coskewness tensor: -0.329636253397819
4th-order cokurtosis tensor: 11.440832247838701
Number of qubits for asset CSCO: 3
Number of qubits for asset HD: 1
Number of qubits for asset IBM: 1
Number of qubits for asset JPM: 1
Number of qubits for asset TRV: 1
Number of qubits for asset WMT: 2
Total number of qubits:  9
Optimized Weights (considering variance, skewness and kurtosis):
CSCO: 11.98%
HD: 0.00%
IBM: 22.89%
JPM: 23.42%
TRV: 5.16%
WMT: 36.55%
Left over budget:  1.3906783990893814
Optimized Discrete Allocation:
CSCO: 1
WMT: 2
Maximized utility from continuous higher moments:  -65.64939240253977
Budget constraint satisfied 239.9084930419922 240.88999938964844 Difference:  0.98150634765625
Budget constraint satisfied 238.4783477783203 240.88999938964844 Difference:  2.411651611328125
smallest_eigenvalues: [-0.025104438011279425]
smallest_bitstrings: ['000000100']
first_excited_energy: -0.02510439911177283
optimized_portfolio: [{'CSCO': 0, 'HD': 0, 'IBM': 0, 'JPM': 0, 'TRV': 1, 'WMT': 0}]
second_optimized_portfolio: [{'CSCO': 0, 'HD': 0, 'IBM': 0, 'JPM': 1, 'TRV': 0, 'WMT': 0}]
result_with_budget: [{'portfolio': {'CSCO': 0, 'HD': 0, 'IBM': 0, 'JPM': 0, 'TRV': 1, 'WMT': 0}, 'budget': 239.9084930419922, 'difference': 0.98150634765625, 'objective_value': -5.0572138037997}]
result_with_budget_excited: [{'portfolio': {'CSCO': 0, 'HD': 0, 'IBM': 0, 'JPM': 1, 'TRV': 0, 'WMT': 0}, 'budget': 238.4783477783203, 'difference': 2.411651611328125, 'objective_value': -2.848923807582712}]
Initial params:  [1.48788356 2.51613533 1.63512823 2.13276294 2.26393425 1.8284691
 1.68820779 2.38326127 0.33271856 1.4878596  0.58538032 2.31509673
 0.680313   0.42480042 1.01831901 0.47021746 0.69844324 1.21419094]
(6_w,12)-aCMA-ES (mu_w=3.7,w_1=40%) in dimension 18 (seed=1001582, Fri Mar 14 10:12:23 2025)
Iterat #Fevals   function value  axis ratio  sigma  min&max std  t[m:s]
    1     12 1.420637953131874e-02 1.0e+00 1.38e+00  1e+00  1e+00 0:16.6
    2     24 2.500732937738304e-03 1.1e+00 1.30e+00  1e+00  1e+00 0:32.9
    3     36 4.406685002589757e-03 1.1e+00 1.24e+00  1e+00  1e+00 0:49.2
    4     48 1.286810209356973e-02 1.2e+00 1.17e+00  1e+00  1e+00 1:05.6
    5     60 4.911589320609654e-02 1.2e+00 1.15e+00  1e+00  1e+00 1:21.9
    6     72 8.966247373995394e-03 1.2e+00 1.15e+00  1e+00  1e+00 1:38.0
    7     84 2.036519159318950e-03 1.2e+00 1.19e+00  1e+00  1e+00 1:54.3
    8     96 1.451468930422790e-02 1.3e+00 1.26e+00  1e+00  1e+00 2:10.5
    9    108 3.356312372299698e-02 1.3e+00 1.26e+00  1e+00  1e+00 2:26.8
   10    120 1.136273360256377e-03 1.4e+00 1.26e+00  1e+00  1e+00 2:43.2
   11    132 -1.047686275096549e-03 1.4e+00 1.26e+00  1e+00  1e+00 2:59.8
   12    144 -5.782838604960083e-03 1.4e+00 1.27e+00  1e+00  1e+00 3:16.4
   13    156 1.587529696756684e-03 1.4e+00 1.26e+00  1e+00  1e+00 3:32.9
   14    168 5.855878850207549e-03 1.4e+00 1.25e+00  1e+00  1e+00 3:49.3
   15    180 2.353093884960153e-02 1.4e+00 1.21e+00  1e+00  1e+00 4:05.5
   16    192 2.331343230287861e-02 1.5e+00 1.18e+00  1e+00  1e+00 4:21.7
   17    204 2.912735300577213e-02 1.5e+00 1.17e+00  1e+00  1e+00 4:37.9
   19    228 9.824529515425688e-03 1.5e+00 1.23e+00  1e+00  1e+00 5:10.4
   21    252 2.967220383745718e-02 1.6e+00 1.29e+00  1e+00  1e+00 5:42.8
   23    276 5.438146859699643e-02 1.7e+00 1.33e+00  1e+00  1e+00 6:15.2
   25    300 4.627412264045541e-04 1.8e+00 1.32e+00  1e+00  1e+00 6:47.7
   27    324 5.964614260668872e-02 1.8e+00 1.36e+00  1e+00  1e+00 7:20.2
   29    348 1.474508898651066e-02 1.9e+00 1.28e+00  1e+00  1e+00 7:52.6
   31    372 -1.291181928900723e-03 1.9e+00 1.20e+00  1e+00  1e+00 8:24.9
   33    396 3.008910692385103e-02 1.9e+00 1.15e+00  1e+00  1e+00 8:57.3
   35    420 4.456428647605431e-03 2.0e+00 1.15e+00  1e+00  1e+00 9:29.8
   37    444 6.166974610091171e-03 2.0e+00 1.17e+00  1e+00  1e+00 10:02.2
   39    468 1.375289904145216e-02 2.1e+00 1.13e+00  1e+00  1e+00 10:34.6
   41    492 5.250781253425069e-02 2.0e+00 1.13e+00  1e+00  1e+00 11:07.0
   43    516 3.481666916019166e-02 2.1e+00 1.15e+00  1e+00  1e+00 11:39.5
   45    540 -2.738056213387811e-03 2.1e+00 1.18e+00  1e+00  1e+00 12:12.0
   47    564 -3.593817318692703e-03 2.1e+00 1.12e+00  1e+00  1e+00 12:44.5
   49    588 8.477750206349905e-03 2.1e+00 1.09e+00  1e+00  1e+00 13:17.0
   52    624 3.576873284654656e-02 2.2e+00 1.06e+00  9e-01  1e+00 14:05.7
   55    660 -2.077973698288311e-03 2.3e+00 9.05e-01  8e-01  1e+00 14:54.4
   58    696 2.623254084503385e-04 2.3e+00 7.84e-01  7e-01  9e-01 15:43.1
   61    732 -6.970438805223945e-03 2.3e+00 8.19e-01  7e-01  9e-01 16:31.7
   64    768 -9.782996616334048e-03 2.3e+00 1.10e+00  9e-01  1e+00 17:20.5
   67    804 3.005999462978990e-02 2.4e+00 1.16e+00  1e+00  1e+00 18:09.2
   70    840 3.676654749782432e-02 2.5e+00 1.03e+00  8e-01  1e+00 18:58.0
   73    876 1.471527741977312e-02 2.5e+00 9.92e-01  8e-01  1e+00 19:46.6
   76    912 8.106589859079572e-02 2.5e+00 1.01e+00  8e-01  1e+00 20:35.4
   79    948 9.728812974170173e-03 2.6e+00 9.84e-01  8e-01  1e+00 21:24.2
   82    984 -1.044283229804273e-03 2.7e+00 9.91e-01  8e-01  1e+00 22:12.8
   85   1020 6.879439836759192e-02 2.8e+00 9.18e-01  7e-01  1e+00 23:01.6
   88   1056 3.614029425395802e-02 2.9e+00 8.96e-01  7e-01  1e+00 23:50.2
   91   1092 5.309252849098976e-02 2.9e+00 8.56e-01  7e-01  1e+00 24:39.0
   94   1128 6.679187867715759e-02 2.9e+00 7.79e-01  6e-01  9e-01 25:27.6
   97   1164 4.676308326067655e-02 3.0e+00 7.07e-01  6e-01  8e-01 26:16.3
  100   1200 4.017865242377378e-02 3.0e+00 7.54e-01  6e-01  8e-01 27:04.9
  104   1248 -2.676427418749343e-03 3.0e+00 7.62e-01  6e-01  8e-01 28:09.8
  108   1296 2.375994328371930e-02 3.3e+00 8.65e-01  7e-01  1e+00 29:14.7
  112   1344 3.313836783207028e-02 3.3e+00 8.26e-01  7e-01  9e-01 30:19.6
  116   1392 1.366898875361577e-02 3.3e+00 7.65e-01  6e-01  9e-01 31:24.4
  120   1440 2.215976386711271e-02 3.4e+00 7.08e-01  6e-01  8e-01 32:29.5
  124   1488 8.205377057907297e-02 3.5e+00 6.48e-01  5e-01  7e-01 33:34.3
  128   1536 3.956488539296617e-02 3.5e+00 6.18e-01  5e-01  7e-01 34:39.1
  132   1584 8.273733970434707e-03 3.6e+00 5.88e-01  5e-01  7e-01 35:44.1
  136   1632 8.977562498728817e-03 3.6e+00 5.50e-01  4e-01  6e-01 36:49.0
  140   1680 6.433768201346235e-02 3.7e+00 5.24e-01  4e-01  6e-01 37:54.1
  144   1728 4.635624239140419e-02 3.8e+00 4.53e-01  3e-01  5e-01 38:59.1
  148   1776 7.347953548993740e-03 3.9e+00 3.98e-01  3e-01  4e-01 40:04.0
  152   1824 1.296262939715493e-02 3.9e+00 3.68e-01  3e-01  4e-01 41:09.0
  156   1872 2.790089915471638e-02 3.9e+00 3.66e-01  3e-01  4e-01 42:14.0
  160   1920 2.496746542864451e-02 3.8e+00 3.31e-01  2e-01  4e-01 43:18.9
  164   1968 4.240190484304331e-03 3.8e+00 3.15e-01  2e-01  4e-01 44:24.0
  169   2028 -9.681419541985726e-03 3.9e+00 2.71e-01  2e-01  3e-01 45:45.3
  174   2088 -2.956438461464561e-03 3.9e+00 2.35e-01  2e-01  3e-01 47:06.4
  179   2148 4.381164126712488e-03 3.9e+00 2.41e-01  2e-01  3e-01 48:27.8
  184   2208 -8.594999202442340e-03 4.0e+00 2.25e-01  2e-01  3e-01 49:49.3
  189   2268 -2.512588368336338e-03 4.1e+00 2.08e-01  1e-01  2e-01 51:10.6
  194   2328 -9.134677902684761e-03 4.5e+00 1.76e-01  1e-01  2e-01 52:31.9
  199   2388 -1.000618821719361e-02 4.6e+00 1.40e-01  9e-02  2e-01 53:53.3
  200   2400 -9.214877020126072e-03 4.6e+00 1.41e-01  1e-01  2e-01 54:09.5
  205   2460 -1.180293099505149e-02 4.4e+00 1.63e-01  1e-01  2e-01 55:30.9
  210   2520 -1.214817109055735e-02 4.5e+00 1.45e-01  1e-01  2e-01 56:52.0
  215   2580 -1.312545788231866e-02 4.5e+00 1.20e-01  8e-02  1e-01 58:13.0
  220   2640 -1.442318428154890e-02 4.8e+00 1.00e-01  7e-02  1e-01 59:34.2
  225   2700 -1.467331097304282e-02 5.0e+00 7.06e-02  5e-02  8e-02 60:55.3
  230   2760 -1.504833142377808e-02 5.1e+00 5.92e-02  4e-02  7e-02 62:14.6
  236   2832 -1.514638194521085e-02 5.4e+00 4.40e-02  3e-02  5e-02 63:48.7
  242   2904 -1.525340566943161e-02 5.5e+00 3.72e-02  2e-02  4e-02 65:22.9
  248   2976 -1.529747961903719e-02 5.7e+00 2.70e-02  1e-02  3e-02 66:57.2
  254   3048 -1.533701572350039e-02 5.9e+00 2.07e-02  1e-02  2e-02 68:31.4
  260   3120 -1.546736852308988e-02 6.7e+00 2.24e-02  1e-02  3e-02 70:05.5
  266   3192 -1.566438286876688e-02 8.6e+00 3.40e-02  2e-02  4e-02 71:39.7
  272   3264 -1.574905897113809e-02 9.8e+00 3.80e-02  2e-02  5e-02 73:14.0
  278   3336 -1.595945831260413e-02 1.2e+01 4.60e-02  2e-02  6e-02 74:47.9
  284   3408 -1.598071418746477e-02 1.3e+01 4.90e-02  2e-02  6e-02 76:21.9
  290   3480 -1.608151195849063e-02 1.3e+01 4.30e-02  2e-02  6e-02 77:57.7
  296   3552 -1.621969721745886e-02 1.4e+01 4.17e-02  2e-02  5e-02 79:36.2
  300   3600 -1.625794303886642e-02 1.5e+01 4.08e-02  2e-02  5e-02 80:41.9
  306   3672 -1.632271283325550e-02 1.5e+01 4.31e-02  2e-02  6e-02 82:20.3
  312   3744 -1.632904320588620e-02 1.6e+01 3.43e-02  1e-02  4e-02 83:58.5
  318   3816 -1.628582096354828e-02 1.6e+01 3.16e-02  1e-02  4e-02 85:36.8
  324   3888 -1.632377700732449e-02 1.6e+01 2.68e-02  1e-02  4e-02 87:15.1
  330   3960 -1.636958149579392e-02 1.7e+01 2.68e-02  1e-02  4e-02 88:53.7
  336   4032 -1.640186077519903e-02 1.7e+01 2.24e-02  8e-03  3e-02 90:31.8
  342   4104 -1.644630579255053e-02 1.8e+01 2.31e-02  8e-03  3e-02 92:10.4
  349   4188 -1.652073506387972e-02 1.7e+01 2.84e-02  1e-02  4e-02 94:05.5
  356   4272 -1.657583115902392e-02 1.8e+01 3.35e-02  1e-02  5e-02 96:00.4
  363   4356 -1.667858087083006e-02 1.9e+01 3.72e-02  1e-02  6e-02 97:55.1
  370   4440 -1.681499683636470e-02 2.2e+01 3.74e-02  1e-02  6e-02 99:50.6
  377   4524 -1.692194527661028e-02 2.5e+01 4.16e-02  1e-02  7e-02 101:44.9
  384   4608 -1.715479187164274e-02 3.2e+01 4.94e-02  1e-02  1e-01 103:39.9
  391   4692 -1.741176290880432e-02 3.9e+01 5.61e-02  2e-02  1e-01 105:34.9
  398   4776 -1.753268335432188e-02 4.6e+01 6.01e-02  2e-02  2e-01 107:29.2
  400   4800 -1.758272433203726e-02 4.8e+01 6.47e-02  2e-02  2e-01 108:02.0
  407   4884 -1.784086397641782e-02 5.5e+01 5.93e-02  2e-02  2e-01 109:57.0
  414   4968 -1.798112307333847e-02 5.8e+01 5.99e-02  1e-02  2e-01 111:52.1
  421   5052 -1.809142939402796e-02 6.0e+01 6.03e-02  1e-02  2e-01 113:46.9
  428   5136 -1.817589082132236e-02 6.4e+01 5.89e-02  1e-02  2e-01 115:42.3
  435   5220 -1.816602939761919e-02 6.6e+01 6.16e-02  1e-02  2e-01 117:36.8
  442   5304 -1.835618847939581e-02 6.6e+01 5.26e-02  1e-02  2e-01 119:31.6
  449   5388 -1.837324142143721e-02 6.6e+01 4.49e-02  1e-02  1e-01 121:27.2
  456   5472 -1.841981478733330e-02 6.5e+01 3.34e-02  7e-03  1e-01 123:22.2
  464   5568 -1.843187724995970e-02 6.5e+01 2.59e-02  5e-03  7e-02 125:33.6
  472   5664 -1.845185633800985e-02 6.3e+01 1.87e-02  3e-03  5e-02 127:45.1
  480   5760 -1.847921756773183e-02 6.6e+01 1.85e-02  3e-03  5e-02 129:57.3
  488   5856 -1.850568909842646e-02 6.9e+01 2.01e-02  3e-03  6e-02 132:08.6
  496   5952 -1.853501244313735e-02 6.8e+01 3.55e-02  6e-03  1e-01 134:21.4
  500   6000 -1.856666602721971e-02 6.8e+01 4.06e-02  7e-03  1e-01 135:27.2
  508   6096 -1.859279989257196e-02 7.3e+01 3.22e-02  5e-03  1e-01 137:40.1
  516   6192 -1.860924648951432e-02 7.5e+01 3.75e-02  6e-03  1e-01 139:52.5
  524   6288 -1.863406886589315e-02 7.8e+01 3.34e-02  5e-03  1e-01 142:03.7
  532   6384 -1.863907922611558e-02 7.9e+01 2.64e-02  4e-03  8e-02 144:15.5
  540   6480 -1.866496664038908e-02 8.6e+01 3.05e-02  4e-03  9e-02 146:26.1
  549   6588 -1.869483430983222e-02 8.8e+01 3.43e-02  5e-03  1e-01 148:48.3
  558   6696 -1.872355921455152e-02 1.0e+02 4.75e-02  6e-03  2e-01 151:12.1
  566   6792 -1.875579432412381e-02 1.1e+02 4.18e-02  5e-03  2e-01 153:21.6
  575   6900 -1.876448348468632e-02 1.2e+02 4.78e-02  6e-03  2e-01 155:45.1
  584   7008 -1.881840205065248e-02 1.2e+02 3.59e-02  4e-03  1e-01 158:08.2
  593   7116 -1.883232378686331e-02 1.4e+02 4.90e-02  5e-03  2e-01 160:30.9
  600   7200 -1.887650989676326e-02 1.5e+02 5.25e-02  6e-03  2e-01 162:21.8
  609   7308 -1.890230930034400e-02 1.6e+02 5.30e-02  6e-03  3e-01 164:44.6
  618   7416 -1.895196713435212e-02 1.7e+02 4.87e-02  5e-03  2e-01 167:05.9
  627   7524 -1.902247391449886e-02 2.0e+02 6.18e-02  6e-03  4e-01 169:27.2
  636   7632 -1.910168900380667e-02 2.2e+02 7.02e-02  7e-03  4e-01 171:48.6
  645   7740 -1.915882497615785e-02 2.1e+02 7.49e-02  7e-03  4e-01 174:09.8
  654   7848 -1.920824676228534e-02 2.1e+02 6.16e-02  6e-03  4e-01 176:30.9
  663   7956 -1.923823152778396e-02 2.0e+02 6.23e-02  5e-03  3e-01 178:51.8
  673   8076 -1.927437774823368e-02 2.0e+02 4.96e-02  4e-03  2e-01 181:28.3
  683   8196 -1.930236431317545e-02 1.9e+02 4.92e-02  4e-03  2e-01 184:04.7
  693   8316 -1.929711488781226e-02 1.8e+02 3.54e-02  3e-03  1e-01 186:41.2
  700   8400 -1.931733857998418e-02 1.7e+02 2.52e-02  2e-03  1e-01 188:30.9
  710   8520 -1.932398139751683e-02 1.7e+02 3.51e-02  2e-03  1e-01 191:07.4
  720   8640 -1.933038948632037e-02 1.7e+02 3.18e-02  2e-03  1e-01 193:44.0
  730   8760 -1.933362950989716e-02 1.6e+02 2.22e-02  1e-03  8e-02 196:21.0
  740   8880 -1.933716255067316e-02 1.6e+02 1.75e-02  1e-03  6e-02 198:57.6
  750   9000 -1.933884556557041e-02 1.5e+02 1.31e-02  8e-04  4e-02 201:34.1
  760   9120 -1.933965994409290e-02 1.5e+02 8.55e-03  5e-04  3e-02 204:11.1
  770   9240 -1.934150247930313e-02 1.6e+02 1.22e-02  7e-04  4e-02 206:47.8
  780   9360 -1.934294153990938e-02 1.7e+02 1.75e-02  9e-04  5e-02 209:24.5
  790   9480 -1.934605878270946e-02 1.8e+02 2.40e-02  1e-03  8e-02 212:01.2
  800   9600 -1.934624262336117e-02 1.8e+02 1.74e-02  9e-04  5e-02 214:37.7
  810   9720 -1.934741497151745e-02 1.8e+02 1.41e-02  7e-04  4e-02 217:14.3
  820   9840 -1.934818579067664e-02 1.9e+02 1.37e-02  6e-04  4e-02 219:51.0
  831   9972 -1.934862162508034e-02 1.9e+02 1.75e-02  8e-04  5e-02 222:43.2
  842  10104 -1.935043279288852e-02 2.0e+02 1.72e-02  7e-04  5e-02 225:35.7
  853  10236 -1.935130450616602e-02 2.1e+02 1.53e-02  6e-04  4e-02 228:28.0
  864  10368 -1.935288090446702e-02 2.3e+02 1.67e-02  7e-04  5e-02 231:20.2
  875  10500 -1.935550851103171e-02 2.5e+02 2.81e-02  1e-03  8e-02 234:12.3
  886  10632 -1.935802524859978e-02 2.6e+02 2.58e-02  9e-04  7e-02 237:04.6
  897  10764 -1.936217301118953e-02 2.7e+02 2.87e-02  9e-04  8e-02 239:56.9
  900  10800 -1.936296317345886e-02 2.7e+02 2.81e-02  9e-04  7e-02 240:43.8
  911  10932 -1.936788912280041e-02 3.2e+02 3.83e-02  1e-03  1e-01 243:36.0
  922  11064 -1.937266952360771e-02 3.5e+02 3.54e-02  1e-03  1e-01 246:28.4
  933  11196 -1.937679992232562e-02 3.9e+02 3.11e-02  9e-04  1e-01 249:20.7
  944  11328 -1.937721725945839e-02 3.8e+02 2.70e-02  8e-04  8e-02 252:13.1
  955  11460 -1.937950171900109e-02 3.8e+02 2.19e-02  6e-04  6e-02 255:05.6
  966  11592 -1.938240340422589e-02 4.0e+02 2.20e-02  6e-04  7e-02 257:57.8
  977  11724 -1.938368924504458e-02 5.4e+02 3.20e-02  8e-04  1e-01 260:50.0
  988  11856 -1.938305192373850e-02 5.9e+02 3.25e-02  8e-04  1e-01 263:42.4
 1000  12000 -1.938660378898344e-02 5.8e+02 2.74e-02  7e-04  9e-02 266:50.3
Budget constraint satisfied 90.3499984741211 240.88999938964844 Difference:  150.54000091552734
Budget constraint satisfied 117.59864807128906 240.88999938964844 Difference:  123.29135131835938
two_most_probable_states: ['000000010', '010000000']
final_expectation_value: -0.01938687490446315
params: [4.6870724683840885, -1.288641867908299, -3.311735345687116, -4.784248537749715, -5.542261527790256, -1.1541725932272693, 10.815730933827874, -2.9123602671643924, -24.111537544989787, -8.965157866689086, -9.502383816065018, 2.812376973187184, -4.021936612203865, 4.460511083736448, 0.1670687545963732, -9.852073371737536, -6.128291496389203, 0.1972412869036042]
total_steps: 1000
states_probs: [0.05752497623955266, 0.05863221123621261]
optimized_portfolios: [{'CSCO': 0, 'HD': 0, 'IBM': 0, 'JPM': 0, 'TRV': 0, 'WMT': 1}, {'CSCO': 2, 'HD': 0, 'IBM': 0, 'JPM': 0, 'TRV': 0, 'WMT': 0}]
objective_values: [-3.227865923856094, -29.923034824157956]
result_with_budget: [{'portfolio': {'CSCO': 0, 'HD': 0, 'IBM': 0, 'JPM': 0, 'TRV': 0, 'WMT': 1}, 'budget': 90.3499984741211, 'difference': 150.54000091552734}, {'portfolio': {'CSCO': 2, 'HD': 0, 'IBM': 0, 'JPM': 0, 'TRV': 0, 'WMT': 0}, 'budget': 117.59864807128906, 'difference': 123.29135131835938}]
Processing experiment 331
Budget: 569.6899871826172
Expected returns: 0.17820424929669132
Covariance matrix: 0.48314407605345117
3rd-order coskewness tensor: 1.0810269422642826
4th-order cokurtosis tensor: 21.988423419447773
Number of qubits for asset AXP: 1
Number of qubits for asset HD: 1
Number of qubits for asset KO: 4
Number of qubits for asset MSFT: 1
Number of qubits for asset TRV: 2
Number of qubits for asset WMT: 3
Total number of qubits:  12
Optimized Weights (considering variance, skewness and kurtosis):
AXP: 22.55%
HD: 0.00%
KO: 14.28%
MSFT: 23.48%
TRV: 4.40%
WMT: 35.30%
Left over budget:  30.636150343030067
Optimized Discrete Allocation:
AXP: 1
KO: 1
WMT: 2
Maximized utility from continuous higher moments:  -86.65349783893811
Budget constraint not satisfied 573.2665214538574 569.6899871826172 Difference:  -3.5765342712402344
Budget constraint satisfied 567.2369842529297 569.6899871826172 Difference:  2.4530029296875
smallest_eigenvalues: [-0.039311131537271726]
smallest_bitstrings: ['001000100100']
first_excited_energy: -0.03929981794997381
optimized_portfolio: [{'AXP': 0, 'HD': 0, 'KO': 1, 'MSFT': 1, 'TRV': 0, 'WMT': 1}]
second_optimized_portfolio: [{'AXP': 0, 'HD': 1, 'KO': 0, 'MSFT': 0, 'TRV': 0, 'WMT': 2}]
result_with_budget: [{'portfolio': {'AXP': 0, 'HD': 0, 'KO': 1, 'MSFT': 1, 'TRV': 0, 'WMT': 1}, 'budget': 573.2665214538574, 'difference': -3.5765342712402344, 'objective_value': -28.453923866848534}]
result_with_budget_excited: [{'portfolio': {'AXP': 0, 'HD': 1, 'KO': 0, 'MSFT': 0, 'TRV': 0, 'WMT': 2}, 'budget': 567.2369842529297, 'difference': 2.4530029296875, 'objective_value': -62.95948387687074}]
Initial params:  [2.41883714 0.73225109 0.31425495 2.73972581 0.13976269 0.01093937
 1.48947406 2.01444124 1.73630624 3.09872694 2.8435493  0.01230773
 0.18337918 1.56748965 3.04965379 0.50505603 2.41543809 2.74351129
 2.97560808 1.46033537]
(6_w,12)-aCMA-ES (mu_w=3.7,w_1=40%) in dimension 20 (seed=1037215, Fri Mar 14 14:40:36 2025)
Iterat #Fevals   function value  axis ratio  sigma  min&max std  t[m:s]
    1     12 -1.931237373495533e-02 1.0e+00 1.36e+00  1e+00  1e+00 1:03.2
    2     24 9.792143035722895e-03 1.1e+00 1.26e+00  1e+00  1e+00 2:06.0
    3     36 5.102237841645083e-02 1.1e+00 1.22e+00  1e+00  1e+00 3:08.8
    4     48 5.283757327737328e-02 1.2e+00 1.19e+00  1e+00  1e+00 4:11.8
    5     60 -1.293170634588173e-02 1.2e+00 1.17e+00  1e+00  1e+00 5:14.7
    6     72 -2.646624189131063e-03 1.2e+00 1.15e+00  1e+00  1e+00 6:17.6
    7     84 -2.292879199466108e-02 1.3e+00 1.12e+00  1e+00  1e+00 7:20.4
    8     96 -2.439790837738531e-02 1.3e+00 1.08e+00  1e+00  1e+00 8:23.2
    9    108 -9.510754257438908e-03 1.3e+00 1.07e+00  1e+00  1e+00 9:26.2
   10    120 -1.320163899392810e-02 1.3e+00 1.06e+00  1e+00  1e+00 10:29.0
   11    132 8.654246261360336e-02 1.4e+00 1.07e+00  1e+00  1e+00 11:31.9
   12    144 1.642542417628220e-03 1.4e+00 1.07e+00  1e+00  1e+00 12:34.9
   13    156 1.210692348193867e-02 1.4e+00 1.04e+00  1e+00  1e+00 13:37.7
   14    168 -2.148698387373219e-02 1.5e+00 1.01e+00  1e+00  1e+00 14:40.5
   15    180 -1.883687905192992e-02 1.5e+00 1.02e+00  1e+00  1e+00 15:43.4
   16    192 -1.770245657238951e-02 1.5e+00 1.03e+00  1e+00  1e+00 16:46.1
   17    204 2.897788683375094e-02 1.5e+00 9.95e-01  9e-01  1e+00 17:48.9
   18    216 -1.820937883353190e-02 1.6e+00 9.91e-01  9e-01  1e+00 18:51.7
   19    228 4.987462614185628e-03 1.6e+00 1.00e+00  9e-01  1e+00 19:54.6
   20    240 4.067425526914617e-04 1.6e+00 1.02e+00  1e+00  1e+00 20:57.6
   21    252 2.318767515437290e-03 1.6e+00 1.05e+00  1e+00  1e+00 22:00.2
   22    264 -1.398260603007217e-02 1.6e+00 1.06e+00  1e+00  1e+00 23:03.0
   23    276 -5.799359317167976e-03 1.6e+00 1.06e+00  1e+00  1e+00 24:05.8
   24    288 -3.045925914243155e-04 1.7e+00 1.10e+00  1e+00  1e+00 25:08.7
   25    300 5.227450739840672e-02 1.7e+00 1.13e+00  1e+00  1e+00 26:11.7
   26    312 -1.046359668971351e-02 1.7e+00 1.17e+00  1e+00  1e+00 27:14.3
   27    324 4.529208609535444e-02 1.7e+00 1.20e+00  1e+00  1e+00 28:17.0
   28    336 -2.115427160330413e-02 1.7e+00 1.23e+00  1e+00  1e+00 29:19.7
   29    348 -1.964276372317280e-02 1.7e+00 1.24e+00  1e+00  1e+00 30:22.5
   30    360 -9.700096347199212e-03 1.7e+00 1.20e+00  1e+00  1e+00 31:25.3
   31    372 2.279897692805040e-02 1.7e+00 1.19e+00  1e+00  1e+00 32:27.9
   32    384 -2.434018806152890e-02 1.7e+00 1.14e+00  1e+00  1e+00 33:30.6
   33    396 -2.045815109799890e-03 1.7e+00 1.12e+00  1e+00  1e+00 34:33.1
   34    408 -1.464078956931393e-02 1.7e+00 1.10e+00  1e+00  1e+00 35:35.6
   35    420 3.055397298220295e-02 1.7e+00 1.09e+00  1e+00  1e+00 36:38.6
   36    432 -1.446471829366692e-02 1.7e+00 1.07e+00  1e+00  1e+00 37:41.5
   37    444 -1.968138306453695e-02 1.7e+00 1.08e+00  1e+00  1e+00 38:44.1
   38    456 -1.937415975912935e-02 1.8e+00 1.07e+00  1e+00  1e+00 39:46.6
   39    468 -1.550369849757193e-02 1.8e+00 1.13e+00  1e+00  1e+00 40:49.2
   40    480 5.968952063236613e-02 1.8e+00 1.15e+00  1e+00  1e+00 41:52.0
   41    492 -1.826882885366307e-02 1.8e+00 1.21e+00  1e+00  1e+00 42:54.8
   42    504 5.212665800154136e-02 1.8e+00 1.27e+00  1e+00  1e+00 43:57.5
   43    516 -1.798824613331633e-02 1.8e+00 1.33e+00  1e+00  1e+00 45:00.1
   44    528 8.787531786173830e-02 1.8e+00 1.34e+00  1e+00  1e+00 46:03.0
   45    540 -2.491276221704970e-03 1.8e+00 1.42e+00  1e+00  2e+00 47:05.5
   46    552 2.198944682823240e-02 1.8e+00 1.52e+00  1e+00  2e+00 48:08.6
   47    564 -8.978698231785227e-03 1.9e+00 1.56e+00  1e+00  2e+00 49:11.6
   48    576 1.219184919094986e-01 1.9e+00 1.56e+00  1e+00  2e+00 50:14.4
   49    588 -1.593551441314667e-02 2.0e+00 1.63e+00  1e+00  2e+00 51:17.0
   50    600 -2.775888212630380e-02 2.0e+00 1.71e+00  2e+00  2e+00 52:19.6
   51    612 -1.065264981411044e-02 2.1e+00 1.78e+00  2e+00  2e+00 53:22.6
   52    624 -2.048884146527984e-02 2.1e+00 1.81e+00  2e+00  2e+00 54:25.2
   53    636 -1.069216563691749e-02 2.2e+00 1.80e+00  2e+00  2e+00 55:27.8
   54    648 -9.430255066842693e-03 2.2e+00 1.80e+00  2e+00  2e+00 56:30.4
   55    660 -2.153750734013018e-02 2.2e+00 1.83e+00  2e+00  2e+00 57:33.1
   56    672 -1.245631053478428e-02 2.2e+00 1.85e+00  2e+00  2e+00 58:35.9
   57    684 -2.052381661117023e-02 2.2e+00 1.91e+00  2e+00  2e+00 59:38.6
   58    696 -9.040496177879963e-03 2.3e+00 1.82e+00  2e+00  2e+00 60:41.3
   59    708 -2.127866421706818e-02 2.3e+00 1.80e+00  2e+00  2e+00 61:44.1
   60    720 -1.746163985553391e-02 2.3e+00 1.79e+00  2e+00  2e+00 62:46.9
   61    732 -1.017313025904657e-02 2.3e+00 1.77e+00  2e+00  2e+00 63:49.9
   62    744 7.430635134704463e-03 2.4e+00 1.71e+00  2e+00  2e+00 64:52.8
   63    756 -2.820830005073460e-02 2.3e+00 1.75e+00  2e+00  2e+00 65:55.6
   65    780 -2.544404148681868e-03 2.3e+00 1.84e+00  2e+00  2e+00 68:01.1
   67    804 -1.951837830856683e-02 2.3e+00 2.00e+00  2e+00  2e+00 70:07.1
   69    828 -1.271426176795630e-02 2.3e+00 2.07e+00  2e+00  2e+00 72:12.7
   71    852 -1.635808767556716e-03 2.3e+00 2.12e+00  2e+00  2e+00 74:18.5
   73    876 -1.687959360778623e-02 2.4e+00 1.98e+00  2e+00  2e+00 76:23.6
   75    900 8.859761939550003e-03 2.4e+00 1.91e+00  2e+00  2e+00 78:29.0
   77    924 -1.227285630040396e-02 2.4e+00 1.95e+00  2e+00  2e+00 80:34.6
   79    948 -1.298358517931778e-02 2.4e+00 2.06e+00  2e+00  2e+00 82:40.3
   81    972 -1.415541418929120e-02 2.4e+00 2.03e+00  2e+00  2e+00 84:46.2
   83    996 2.235392843146784e-03 2.5e+00 1.94e+00  2e+00  2e+00 86:51.8
   85   1020 -2.249492521208044e-02 2.5e+00 1.92e+00  2e+00  2e+00 88:57.8
   87   1044 3.126424384432946e-03 2.5e+00 1.99e+00  2e+00  2e+00 91:03.7
   89   1068 3.710921048603455e-03 2.5e+00 2.08e+00  2e+00  2e+00 93:09.4
   91   1092 -1.895802905049234e-02 2.6e+00 2.09e+00  2e+00  2e+00 95:15.4
   93   1116 -1.725676985423523e-02 2.6e+00 1.98e+00  2e+00  2e+00 97:20.7
   95   1140 -2.353049062771121e-02 2.7e+00 1.90e+00  2e+00  2e+00 99:26.5
   97   1164 1.144403136191959e-02 2.7e+00 1.79e+00  2e+00  2e+00 101:32.4
   99   1188 1.328434276741729e-01 2.8e+00 1.81e+00  2e+00  2e+00 103:37.9
  100   1200 -1.150436972183027e-02 2.8e+00 1.86e+00  2e+00  2e+00 104:40.7
  102   1224 -2.026632868624531e-02 2.8e+00 2.01e+00  2e+00  2e+00 106:46.8
  104   1248 -1.847504133441268e-02 2.9e+00 2.04e+00  2e+00  2e+00 108:52.3
  106   1272 1.519874607717020e-02 2.9e+00 1.96e+00  2e+00  2e+00 110:58.1
  108   1296 -1.225431810368730e-02 2.9e+00 1.85e+00  2e+00  2e+00 113:04.2
  110   1320 6.404899519734962e-02 3.0e+00 1.77e+00  2e+00  2e+00 115:09.9
  112   1344 -1.695563276990631e-02 2.9e+00 1.59e+00  1e+00  2e+00 117:15.7
  114   1368 -2.441488523282327e-02 3.1e+00 1.45e+00  1e+00  2e+00 119:21.8
  116   1392 -4.552314140821377e-03 3.1e+00 1.33e+00  1e+00  2e+00 121:28.0
  118   1416 -2.287546769324601e-02 3.1e+00 1.23e+00  1e+00  1e+00 123:33.8
  120   1440 6.510184505607993e-04 3.1e+00 1.17e+00  1e+00  1e+00 125:39.6
  122   1464 -3.179157449363135e-03 3.1e+00 1.16e+00  1e+00  1e+00 127:45.5
  124   1488 2.103060621307813e-02 3.2e+00 1.21e+00  1e+00  1e+00 129:51.4
  126   1512 -1.333265683954090e-03 3.2e+00 1.13e+00  9e-01  1e+00 131:57.3
  128   1536 -1.097553497884835e-02 3.2e+00 1.14e+00  9e-01  1e+00 134:03.3
  130   1560 -9.963924065960441e-03 3.2e+00 1.07e+00  9e-01  1e+00 136:09.5
  132   1584 -1.397983668160656e-02 3.2e+00 9.57e-01  8e-01  1e+00 138:15.5
  134   1608 -3.803029046510292e-03 3.2e+00 8.97e-01  7e-01  1e+00 140:21.0
  136   1632 -1.707487527630049e-02 3.2e+00 8.39e-01  7e-01  1e+00 142:26.9
  138   1656 -2.218985801657024e-02 3.3e+00 8.34e-01  7e-01  1e+00 144:32.4
  140   1680 -9.481069782125165e-03 3.3e+00 8.09e-01  6e-01  9e-01 146:38.2
  142   1704 8.110324006233481e-04 3.3e+00 7.73e-01  6e-01  9e-01 148:43.8
  144   1728 -2.209183880536737e-02 3.3e+00 7.95e-01  6e-01  9e-01 150:49.4
  146   1752 -1.292022437356298e-02 3.2e+00 8.06e-01  6e-01  9e-01 152:55.0
  148   1776 1.341588757819666e-02 3.2e+00 7.85e-01  6e-01  9e-01 155:00.7
  150   1800 -1.437337987576667e-02 3.2e+00 8.32e-01  6e-01  1e+00 157:06.3
  152   1824 1.227601940042093e-01 3.2e+00 8.46e-01  6e-01  1e+00 159:11.9
  154   1848 -1.496811333134495e-02 3.2e+00 8.41e-01  6e-01  1e+00 161:17.4
  156   1872 -9.383646832404348e-03 3.2e+00 8.01e-01  6e-01  9e-01 163:23.3
  158   1896 -1.052759256537829e-02 3.2e+00 7.98e-01  6e-01  9e-01 165:28.9
  160   1920 -2.198712579068157e-02 3.2e+00 7.76e-01  6e-01  9e-01 167:34.7
  162   1944 -1.011141425300405e-02 3.2e+00 7.79e-01  6e-01  9e-01 169:40.3
  164   1968 -1.897959350810931e-02 3.2e+00 8.09e-01  6e-01  1e+00 171:45.8
  166   1992 -2.155124662614686e-02 3.2e+00 8.19e-01  6e-01  1e+00 173:51.6
  168   2016 -1.893563369937699e-02 3.2e+00 8.19e-01  6e-01  1e+00 175:57.2
  170   2040 -1.674747966498615e-02 3.3e+00 8.15e-01  6e-01  1e+00 178:02.9
  172   2064 -2.412769272209257e-02 3.3e+00 7.98e-01  6e-01  1e+00 180:08.8
  174   2088 -2.610256779256341e-02 3.3e+00 8.08e-01  6e-01  1e+00 182:14.4
  176   2112 -1.186936314346275e-02 3.3e+00 7.78e-01  6e-01  1e+00 184:20.1
  178   2136 -2.368863616927070e-02 3.3e+00 7.35e-01  5e-01  9e-01 186:25.9
  180   2160 -1.505891028336417e-02 3.3e+00 6.98e-01  5e-01  9e-01 188:31.4
  182   2184 -2.407376380151972e-02 3.3e+00 6.78e-01  5e-01  8e-01 190:37.3
  184   2208 1.713097625175202e-02 3.3e+00 6.93e-01  5e-01  9e-01 192:42.8
  186   2232 -1.805413864755546e-03 3.3e+00 6.96e-01  5e-01  9e-01 194:48.5
  188   2256 -2.281408612741265e-02 3.4e+00 6.92e-01  5e-01  9e-01 196:54.5
  191   2292 -5.287910296378321e-03 3.5e+00 6.89e-01  5e-01  9e-01 200:02.7
  194   2328 -2.028747531109096e-02 3.5e+00 7.03e-01  5e-01  9e-01 203:11.4
  197   2364 9.088530207248900e-03 3.5e+00 7.47e-01  6e-01  9e-01 206:20.2
  200   2400 -1.777221931438549e-02 3.5e+00 7.71e-01  6e-01  1e+00 209:28.7
  203   2436 -2.077274969930141e-02 3.5e+00 8.01e-01  6e-01  1e+00 212:37.3
  206   2472 -2.202587609165539e-02 3.5e+00 8.80e-01  7e-01  1e+00 215:46.1
  209   2508 -1.458999871051856e-02 3.5e+00 9.64e-01  7e-01  1e+00 218:54.5
  212   2544 -1.723912729886835e-02 3.7e+00 1.02e+00  8e-01  1e+00 222:03.1
  215   2580 6.471784470260800e-02 3.7e+00 1.08e+00  8e-01  1e+00 225:11.3
  218   2616 -1.692153636396675e-02 3.7e+00 1.17e+00  9e-01  1e+00 228:20.0
  221   2652 -5.506468890779038e-03 3.8e+00 1.22e+00  9e-01  1e+00 231:28.8
  224   2688 2.392698601649566e-02 3.9e+00 1.22e+00  9e-01  1e+00 234:37.3
  227   2724 -5.505066477855705e-03 4.0e+00 1.33e+00  1e+00  2e+00 237:46.1
  230   2760 -1.844743887195922e-02 4.1e+00 1.36e+00  1e+00  2e+00 240:54.9
  233   2796 -8.736060043650217e-03 4.2e+00 1.36e+00  1e+00  2e+00 244:03.7
  236   2832 -1.368099654879347e-02 4.3e+00 1.43e+00  1e+00  2e+00 247:12.8
  239   2868 -1.254150361775417e-02 4.3e+00 1.45e+00  1e+00  2e+00 250:21.7
  242   2904 -8.733866407825138e-03 4.3e+00 1.41e+00  1e+00  2e+00 253:30.6
  245   2940 -4.878289371915771e-03 4.3e+00 1.26e+00  9e-01  2e+00 256:39.0
  248   2976 -1.718426114464074e-02 4.3e+00 1.15e+00  8e-01  1e+00 259:47.5
  251   3012 -2.812927856463306e-02 4.5e+00 1.17e+00  8e-01  1e+00 262:56.2
  254   3048 -2.012374253639519e-02 4.5e+00 1.08e+00  7e-01  1e+00 266:04.8
  257   3084 2.425446250597305e-02 4.6e+00 1.14e+00  8e-01  1e+00 269:14.0
  260   3120 5.438385367628098e-04 4.7e+00 1.12e+00  8e-01  1e+00 272:22.9
  263   3156 -2.486697714068445e-02 4.7e+00 1.02e+00  7e-01  1e+00 275:32.0
  266   3192 -2.669403748738622e-02 4.7e+00 9.27e-01  6e-01  1e+00 278:40.7
  269   3228 -2.508386121808938e-02 4.8e+00 8.75e-01  6e-01  1e+00 281:49.5
  272   3264 -1.972794974709784e-02 4.9e+00 9.06e-01  6e-01  1e+00 284:58.4
  275   3300 -2.780096375606611e-02 5.0e+00 9.17e-01  6e-01  1e+00 288:06.9
  278   3336 -2.502198727660711e-03 5.1e+00 1.00e+00  7e-01  1e+00 291:15.5
  281   3372 -1.517348152118836e-02 5.0e+00 9.31e-01  6e-01  1e+00 294:24.0
  284   3408 -9.779900847723356e-03 4.9e+00 8.60e-01  6e-01  1e+00 297:32.9
  287   3444 1.122355933021291e-02 5.0e+00 7.56e-01  5e-01  9e-01 300:41.6
  290   3480 -2.749885162510244e-02 5.1e+00 7.17e-01  5e-01  8e-01 303:50.2
  293   3516 -2.477603106866641e-02 5.0e+00 6.96e-01  5e-01  8e-01 306:58.8
  296   3552 1.295615863363712e-02 5.1e+00 5.98e-01  4e-01  7e-01 310:07.7
  299   3588 1.502341307198926e-02 5.1e+00 5.62e-01  4e-01  7e-01 313:16.4
  300   3600 -9.765023860995252e-03 5.1e+00 5.56e-01  4e-01  6e-01 314:19.4
  303   3636 4.625444555808431e-03 5.2e+00 5.38e-01  4e-01  6e-01 317:28.6
  306   3672 1.799610281049046e-02 5.3e+00 5.81e-01  4e-01  7e-01 320:37.4
  309   3708 7.658766826868614e-02 5.6e+00 6.07e-01  4e-01  8e-01 323:45.7
  312   3744 -2.121916810688187e-02 5.6e+00 6.61e-01  5e-01  9e-01 326:54.3
  315   3780 2.058858207943675e-02 5.6e+00 6.86e-01  5e-01  9e-01 330:03.4
  318   3816 2.331944154794571e-02 5.5e+00 6.59e-01  4e-01  9e-01 333:12.2
  321   3852 -2.134293966584921e-02 5.5e+00 6.19e-01  4e-01  8e-01 336:21.3
  324   3888 -2.079952026415130e-02 5.4e+00 5.58e-01  4e-01  7e-01 339:30.1
  327   3924 4.665206159893051e-02 5.3e+00 5.80e-01  4e-01  7e-01 342:39.2
  330   3960 2.609574772540033e-03 5.1e+00 5.58e-01  4e-01  7e-01 345:47.8
  333   3996 4.904157331873666e-03 5.2e+00 5.52e-01  4e-01  7e-01 348:56.3
  336   4032 1.270674430121593e-02 5.1e+00 5.50e-01  4e-01  7e-01 352:05.2
  339   4068 -6.080305337974991e-03 5.0e+00 5.77e-01  4e-01  7e-01 355:13.9
  342   4104 -2.174524580419209e-02 5.0e+00 5.57e-01  4e-01  7e-01 358:22.1
  345   4140 -6.454878831930680e-03 5.0e+00 4.89e-01  3e-01  6e-01 361:30.6
  348   4176 -1.127810233552051e-02 5.0e+00 4.39e-01  3e-01  5e-01 364:39.0
  351   4212 -1.397380541394696e-02 5.0e+00 4.08e-01  3e-01  5e-01 367:47.4
  354   4248 3.239836512945612e-03 5.1e+00 3.91e-01  2e-01  5e-01 370:55.8
  357   4284 -4.533853504205375e-03 5.2e+00 3.71e-01  2e-01  5e-01 374:04.3
  360   4320 -1.974997345773691e-02 5.1e+00 3.94e-01  3e-01  5e-01 377:12.3
  363   4356 -2.517221540376219e-02 5.2e+00 3.80e-01  2e-01  5e-01 380:21.0
  366   4392 -2.100035478995889e-02 5.3e+00 4.02e-01  2e-01  5e-01 383:29.6
  369   4428 -2.363574886647375e-02 5.3e+00 4.22e-01  3e-01  5e-01 386:38.2
  372   4464 -1.078795914353872e-02 5.4e+00 4.43e-01  3e-01  6e-01 389:47.1
  375   4500 -2.545413252347783e-02 5.4e+00 4.35e-01  3e-01  5e-01 392:55.9
  379   4548 -1.114855372314001e-02 5.4e+00 3.87e-01  2e-01  5e-01 397:07.1
  383   4596 -2.991002537917765e-02 5.4e+00 3.51e-01  2e-01  4e-01 401:18.4
  387   4644 -2.120220813840692e-02 5.5e+00 3.07e-01  2e-01  4e-01 405:29.7
  391   4692 -8.559275104956899e-03 5.6e+00 3.17e-01  2e-01  4e-01 409:40.9
  395   4740 -2.277756048454707e-02 5.7e+00 2.65e-01  1e-01  3e-01 413:52.3
  399   4788 -2.251394485114630e-02 5.6e+00 2.52e-01  1e-01  3e-01 418:04.0
  400   4800 -1.752448557027651e-02 5.7e+00 2.51e-01  1e-01  3e-01 419:06.7
  404   4848 -2.123890097944616e-02 5.7e+00 2.76e-01  1e-01  3e-01 423:18.5
  408   4896 -2.681049579227251e-02 5.8e+00 2.53e-01  1e-01  3e-01 427:29.7
  412   4944 -2.736886965931754e-02 5.7e+00 2.17e-01  1e-01  3e-01 431:41.1
  416   4992 -2.271075470301540e-02 5.7e+00 2.14e-01  1e-01  3e-01 435:52.3
  420   5040 -2.838409155997695e-02 5.6e+00 2.16e-01  1e-01  3e-01 440:03.6
  424   5088 -2.892289928223693e-02 5.7e+00 2.20e-01  1e-01  3e-01 444:15.0
  428   5136 -3.023138772909275e-02 5.9e+00 2.27e-01  1e-01  3e-01 448:26.7
  432   5184 -2.626067643223116e-02 5.9e+00 2.01e-01  1e-01  2e-01 452:38.1
  436   5232 -2.976758704744396e-02 5.9e+00 1.63e-01  9e-02  2e-01 456:49.4
  440   5280 -2.883802554135906e-02 5.9e+00 1.42e-01  8e-02  2e-01 461:00.9
  444   5328 -2.970221136467666e-02 5.9e+00 1.54e-01  8e-02  2e-01 465:12.6
  448   5376 -3.013803013245234e-02 5.8e+00 1.63e-01  9e-02  2e-01 469:24.6
  452   5424 -3.005312127425457e-02 5.8e+00 1.56e-01  8e-02  2e-01 473:36.1
  456   5472 -3.065565946317951e-02 5.9e+00 1.51e-01  8e-02  2e-01 477:47.6
  460   5520 -3.036348368001816e-02 6.1e+00 1.63e-01  9e-02  2e-01 481:59.3
  464   5568 -3.165064256589128e-02 6.1e+00 1.54e-01  8e-02  2e-01 486:11.3
  468   5616 -2.683497255472858e-02 6.3e+00 1.64e-01  9e-02  2e-01 490:23.0
  472   5664 -3.114033723175980e-02 6.6e+00 1.60e-01  8e-02  2e-01 494:34.7
  476   5712 -3.171371595518278e-02 6.7e+00 1.59e-01  8e-02  2e-01 498:46.7
  480   5760 -3.244094046057081e-02 6.8e+00 1.46e-01  7e-02  2e-01 502:58.3
  484   5808 -3.077746581835861e-02 6.9e+00 1.40e-01  7e-02  2e-01 507:10.0
  488   5856 -3.166323493824170e-02 7.2e+00 1.28e-01  6e-02  1e-01 511:21.5
  492   5904 -3.212218751729074e-02 7.2e+00 1.20e-01  6e-02  1e-01 515:33.1
  496   5952 -3.351599654938114e-02 7.4e+00 1.26e-01  6e-02  1e-01 519:45.0
  500   6000 -3.315895242441797e-02 8.1e+00 1.32e-01  6e-02  2e-01 523:56.5
  504   6048 -3.305884196289672e-02 9.0e+00 1.41e-01  6e-02  2e-01 528:07.8
  508   6096 -3.290116926587389e-02 9.6e+00 1.58e-01  7e-02  2e-01 532:19.8
  512   6144 -3.242861415516989e-02 1.0e+01 1.59e-01  7e-02  2e-01 536:31.0
  516   6192 -3.290288345532370e-02 1.0e+01 1.36e-01  6e-02  2e-01 540:41.9
  520   6240 -3.220454390375366e-02 1.0e+01 1.26e-01  5e-02  2e-01 544:52.8
  524   6288 -3.376557667497111e-02 1.0e+01 1.09e-01  4e-02  1e-01 549:04.7
  528   6336 -3.308151708523140e-02 1.1e+01 1.03e-01  4e-02  1e-01 553:15.7
  532   6384 -3.331577939218223e-02 1.1e+01 9.67e-02  4e-02  1e-01 557:27.0
  536   6432 -3.343848244583110e-02 1.2e+01 8.56e-02  4e-02  1e-01 561:37.9
  540   6480 -3.357724686991743e-02 1.3e+01 7.89e-02  3e-02  1e-01 565:48.7
  544   6528 -3.364620404008097e-02 1.3e+01 6.95e-02  3e-02  9e-02 570:01.0
  548   6576 -3.390385987742298e-02 1.3e+01 6.12e-02  2e-02  8e-02 574:12.2
  552   6624 -3.390543002275116e-02 1.3e+01 5.27e-02  2e-02  7e-02 578:23.3
  556   6672 -3.404201865852482e-02 1.4e+01 4.84e-02  2e-02  6e-02 582:34.6
  560   6720 -3.412594801903318e-02 1.4e+01 4.50e-02  2e-02  6e-02 586:45.9
  564   6768 -3.417284727280848e-02 1.5e+01 4.09e-02  2e-02  5e-02 590:57.3
  568   6816 -3.422619281754628e-02 1.5e+01 3.73e-02  1e-02  5e-02 595:08.5
  572   6864 -3.422265781109006e-02 1.6e+01 3.25e-02  1e-02  4e-02 599:19.5
  576   6912 -3.423551603534532e-02 1.6e+01 3.01e-02  1e-02  4e-02 603:30.8
  580   6960 -3.422570936921408e-02 1.6e+01 2.81e-02  1e-02  4e-02 607:41.8
  584   7008 -3.427306029873465e-02 1.6e+01 2.67e-02  1e-02  3e-02 611:53.4
  588   7056 -3.430165790662325e-02 1.7e+01 2.71e-02  1e-02  3e-02 616:04.7
  592   7104 -3.429043596152359e-02 1.8e+01 2.29e-02  9e-03  3e-02 620:15.9
  596   7152 -3.431384518826763e-02 1.9e+01 2.09e-02  8e-03  3e-02 624:27.6
  600   7200 -3.432301894439813e-02 2.0e+01 1.90e-02  7e-03  2e-02 628:38.8
  604   7248 -3.433048834624872e-02 2.1e+01 1.82e-02  7e-03  2e-02 632:50.0
  608   7296 -3.434399690800093e-02 2.2e+01 1.69e-02  6e-03  2e-02 637:01.3
  612   7344 -3.435423004355179e-02 2.3e+01 1.56e-02  6e-03  2e-02 641:12.3
  616   7392 -3.436951858901869e-02 2.4e+01 1.39e-02  5e-03  2e-02 645:23.9
  620   7440 -3.437235642475591e-02 2.6e+01 1.33e-02  5e-03  2e-02 649:35.0
  624   7488 -3.437343900787798e-02 2.7e+01 1.27e-02  4e-03  2e-02 653:46.1
  629   7548 -3.438850935503627e-02 3.1e+01 1.30e-02  5e-03  2e-02 659:00.6
  634   7608 -3.441345280421470e-02 3.5e+01 1.87e-02  7e-03  4e-02 664:14.6
  639   7668 -3.443292534918061e-02 4.0e+01 2.24e-02  8e-03  5e-02 669:29.1
  644   7728 -3.445339182909923e-02 4.9e+01 2.82e-02  1e-02  7e-02 674:43.4
  649   7788 -3.447394087064239e-02 5.4e+01 2.90e-02  1e-02  8e-02 679:57.5
  654   7848 -3.447039582960523e-02 6.0e+01 2.75e-02  9e-03  8e-02 685:11.4
  659   7908 -3.446798492045997e-02 6.5e+01 2.75e-02  9e-03  9e-02 690:26.0
  664   7968 -3.447050063836161e-02 6.5e+01 2.25e-02  8e-03  7e-02 695:40.4
  669   8028 -3.448733827622789e-02 6.8e+01 2.04e-02  7e-03  6e-02 700:54.9
  674   8088 -3.448354770574261e-02 7.0e+01 2.13e-02  7e-03  6e-02 706:09.2
  679   8148 -3.449254787893164e-02 7.2e+01 2.22e-02  7e-03  7e-02 711:23.6
  684   8208 -3.450596201167502e-02 7.3e+01 2.37e-02  7e-03  7e-02 716:38.4
  689   8268 -3.450528573065375e-02 7.9e+01 2.32e-02  7e-03  7e-02 721:53.2
  694   8328 -3.451865437344071e-02 8.0e+01 2.08e-02  6e-03  6e-02 727:07.5
  699   8388 -3.452044181488580e-02 8.0e+01 1.97e-02  6e-03  6e-02 732:22.2
  700   8400 -3.451949292575516e-02 8.0e+01 1.93e-02  6e-03  6e-02 733:24.9
  705   8460 -3.452995349523352e-02 8.2e+01 1.64e-02  5e-03  5e-02 738:39.2
  710   8520 -3.453737292361971e-02 8.3e+01 1.55e-02  4e-03  4e-02 743:53.8
  715   8580 -3.454918699884615e-02 8.4e+01 2.05e-02  6e-03  6e-02 749:08.4
  720   8640 -3.455054398983996e-02 8.2e+01 2.22e-02  6e-03  6e-02 754:23.0
  725   8700 -3.456747559105652e-02 8.5e+01 2.29e-02  6e-03  6e-02 759:37.4
  730   8760 -3.458131451011278e-02 8.9e+01 2.67e-02  7e-03  7e-02 764:51.5
  735   8820 -3.457567605731418e-02 9.4e+01 2.96e-02  8e-03  8e-02 770:05.9
  740   8880 -3.459403500486730e-02 9.5e+01 2.41e-02  6e-03  6e-02 775:20.0
  745   8940 -3.460654301912820e-02 9.9e+01 2.49e-02  6e-03  7e-02 780:34.6
  750   9000 -3.462719613185546e-02 1.0e+02 2.87e-02  7e-03  8e-02 785:49.1
  755   9060 -3.463851179146597e-02 1.1e+02 2.79e-02  7e-03  7e-02 791:04.0
  760   9120 -3.465648293818492e-02 1.2e+02 2.81e-02  6e-03  8e-02 796:18.5
  765   9180 -3.468863596327433e-02 1.3e+02 3.57e-02  8e-03  1e-01 801:33.1
  770   9240 -3.470612636734478e-02 1.6e+02 4.10e-02  9e-03  1e-01 806:48.3
  775   9300 -3.473294924111484e-02 1.7e+02 4.61e-02  1e-02  2e-01 812:03.0
  780   9360 -3.472555742006605e-02 1.9e+02 4.77e-02  1e-02  2e-01 817:18.0
  785   9420 -3.473577656726144e-02 1.9e+02 3.82e-02  8e-03  2e-01 822:32.6
  790   9480 -3.474846914428439e-02 1.9e+02 3.78e-02  7e-03  2e-01 827:47.5
  795   9540 -3.475379688368285e-02 1.9e+02 3.54e-02  7e-03  1e-01 833:01.9
  800   9600 -3.475723585578717e-02 1.9e+02 3.39e-02  6e-03  1e-01 838:16.4
  805   9660 -3.476511652755335e-02 2.0e+02 2.99e-02  5e-03  1e-01 843:30.6
  810   9720 -3.476021113155454e-02 1.9e+02 2.48e-02  4e-03  1e-01 848:45.6
  815   9780 -3.477203201841755e-02 1.9e+02 2.05e-02  4e-03  8e-02 854:01.4
  820   9840 -3.477274426659571e-02 1.9e+02 1.74e-02  3e-03  7e-02 859:16.1
  825   9900 -3.477482094453965e-02 2.0e+02 1.47e-02  2e-03  6e-02 864:31.1
  830   9960 -3.477612113050634e-02 1.9e+02 1.43e-02  2e-03  6e-02 869:45.9
  835  10020 -3.477744412535361e-02 1.9e+02 1.27e-02  2e-03  5e-02 875:00.3
  840  10080 -3.477813429296273e-02 1.9e+02 1.10e-02  2e-03  4e-02 880:15.2
  845  10140 -3.477975877112224e-02 2.0e+02 9.95e-03  1e-03  4e-02 885:29.3
  850  10200 -3.478138401339179e-02 2.0e+02 9.18e-03  1e-03  3e-02 890:43.7
  855  10260 -3.478189336963829e-02 1.9e+02 1.43e-02  2e-03  5e-02 895:58.4
  860  10320 -3.478313649848402e-02 1.9e+02 1.87e-02  2e-03  7e-02 901:13.0
  865  10380 -3.478525096665477e-02 1.9e+02 2.05e-02  3e-03  7e-02 906:27.3
  870  10440 -3.478738529388482e-02 1.9e+02 2.11e-02  3e-03  7e-02 911:41.6
  875  10500 -3.479600500007319e-02 1.9e+02 1.91e-02  2e-03  7e-02 916:56.0
  880  10560 -3.479556549987546e-02 1.9e+02 2.20e-02  3e-03  8e-02 922:10.3
  885  10620 -3.480362715216268e-02 2.0e+02 2.52e-02  3e-03  9e-02 927:24.7
  890  10680 -3.480546389448605e-02 2.3e+02 3.06e-02  4e-03  1e-01 932:39.0
  895  10740 -3.480803582823620e-02 2.3e+02 2.80e-02  3e-03  1e-01 937:53.3
  900  10800 -3.481182373085887e-02 2.4e+02 3.01e-02  3e-03  1e-01 943:07.8
  905  10860 -3.480141980692383e-02 2.5e+02 3.40e-02  4e-03  2e-01 948:22.1
  910  10920 -3.481352821972781e-02 2.5e+02 2.95e-02  3e-03  1e-01 953:36.2
  915  10980 -3.481630743201222e-02 2.6e+02 2.75e-02  3e-03  1e-01 958:51.2
  920  11040 -3.481879375506718e-02 2.7e+02 2.84e-02  3e-03  1e-01 964:05.9
  925  11100 -3.482076321176848e-02 2.7e+02 3.25e-02  3e-03  1e-01 969:20.5
  930  11160 -3.481746634454572e-02 2.8e+02 3.06e-02  3e-03  1e-01 974:34.7
  935  11220 -3.482055018448076e-02 2.8e+02 2.28e-02  2e-03  1e-01 979:49.4
  941  11292 -3.482413196883513e-02 2.9e+02 1.79e-02  2e-03  8e-02 986:06.6
  947  11364 -3.482616006190221e-02 2.9e+02 1.57e-02  1e-03  7e-02 992:24.5
  953  11436 -3.482762623962531e-02 2.9e+02 2.06e-02  2e-03  9e-02 998:41.3
  959  11508 -3.482944907619284e-02 2.9e+02 2.09e-02  2e-03  9e-02 1004:58.6
  965  11580 -3.482884341876239e-02 3.1e+02 2.16e-02  2e-03  9e-02 1011:16.3
  971  11652 -3.482966578774807e-02 3.2e+02 1.65e-02  1e-03  7e-02 1017:33.3
  977  11724 -3.483126500032834e-02 3.2e+02 1.35e-02  1e-03  6e-02 1023:50.7
  983  11796 -3.483209476222350e-02 3.3e+02 1.43e-02  1e-03  6e-02 1030:07.9
  989  11868 -3.483490262560991e-02 3.4e+02 1.40e-02  1e-03  6e-02 1036:25.1
  995  11940 -3.483464672909618e-02 3.5e+02 1.49e-02  1e-03  6e-02 1042:42.0
 1000  12000 -3.483556168577148e-02 3.5e+02 1.23e-02  9e-04  5e-02 1047:56.4
Budget constraint satisfied 386.5369873046875 569.6899871826172 Difference:  183.1529998779297
Budget constraint satisfied 420.6565246582031 569.6899871826172 Difference:  149.03346252441406
two_most_probable_states: ['010000000000', '000000100000']
final_expectation_value: -0.034835561685771475
params: [4.199025635648703, 17.498814084195537, -7.920717363736526, -1.7182022907822418, -6.65067478426802, 6.392546852495685, 5.983933295247132, -13.063893002942429, 9.358577899264628, -9.172554173219124, -13.11351430409568, -2.825469134839104, 10.387780879951997, -0.19145852350474796, -12.76412325879811, -11.070521930718153, -3.229755401267309, -8.954971425243759, 15.368488391988684, 22.128784136010662]
total_steps: 1000
states_probs: [0.011028689866346345, 0.011441779405516364]
optimized_portfolios: [{'AXP': 0, 'HD': 1, 'KO': 0, 'MSFT': 0, 'TRV': 0, 'WMT': 0}, {'AXP': 0, 'HD': 0, 'KO': 0, 'MSFT': 1, 'TRV': 0, 'WMT': 0}]
objective_values: [-3.9923525511311246, -2.16442066386265]
result_with_budget: [{'portfolio': {'AXP': 0, 'HD': 1, 'KO': 0, 'MSFT': 0, 'TRV': 0, 'WMT': 0}, 'budget': 386.5369873046875, 'difference': 183.1529998779297}, {'portfolio': {'AXP': 0, 'HD': 0, 'KO': 0, 'MSFT': 1, 'TRV': 0, 'WMT': 0}, 'budget': 420.6565246582031, 'difference': 149.03346252441406}]
Processing experiment 332
Budget: 143.4715576171875
Expected returns: 0.2741398084257814
Covariance matrix: 0.41244636452811856
3rd-order coskewness tensor: -0.0030533838620353743
4th-order cokurtosis tensor: 5.303618698049203
Number of qubits for asset AAPL: 1
Number of qubits for asset AXP: 1
Number of qubits for asset INTC: 3
Number of qubits for asset JNJ: 1
Number of qubits for asset JPM: 1
Number of qubits for asset UNH: 1
Total number of qubits:  8
Optimized Weights (considering variance, skewness and kurtosis):
AAPL: 26.55%
AXP: 10.90%
INTC: 20.81%
JNJ: 30.14%
JPM: 0.00%
UNH: 11.60%
Left over budget:  -3.483017962935264e-08
Optimized Discrete Allocation:
JNJ: 1
Maximized utility from continuous higher moments:  -2.6674412801456735
Budget constraint satisfied 143.4715576171875 143.4715576171875 Difference:  0.0
Budget constraint not satisfied 163.52155685424805 143.4715576171875 Difference:  -20.049999237060547
smallest_eigenvalues: [-0.010033189120261516]
smallest_bitstrings: ['00000100']
first_excited_energy: -0.009830921112843715
optimized_portfolio: [{'AAPL': 0, 'AXP': 0, 'INTC': 0, 'JNJ': 1, 'JPM': 0, 'UNH': 0}]
second_optimized_portfolio: [{'AAPL': 0, 'AXP': 0, 'INTC': 1, 'JNJ': 1, 'JPM': 0, 'UNH': 0}]
result_with_budget: [{'portfolio': {'AAPL': 0, 'AXP': 0, 'INTC': 0, 'JNJ': 1, 'JPM': 0, 'UNH': 0}, 'budget': 143.4715576171875, 'difference': 0.0, 'objective_value': -2.6674412801456735}]
result_with_budget_excited: [{'portfolio': {'AAPL': 0, 'AXP': 0, 'INTC': 1, 'JNJ': 1, 'JPM': 0, 'UNH': 0}, 'budget': 163.52155685424805, 'difference': -20.049999237060547, 'objective_value': -8.42727527725517}]
Initial params:  [0.99687242 1.69515216 0.07483853 0.25567601 1.54423082 0.95791499
 1.19426402 1.47225349 0.07781933 0.89206367 1.48609231 1.89534706
 0.94482919 1.95597108 2.94075152 1.22749956]
(6_w,12)-aCMA-ES (mu_w=3.7,w_1=40%) in dimension 16 (seed=157697, Sat Mar 15 08:09:22 2025)
Iterat #Fevals   function value  axis ratio  sigma  min&max std  t[m:s]
    1     12 9.770312112214680e-02 1.0e+00 1.41e+00  1e+00  1e+00 0:08.8
    2     24 1.256543698901497e-02 1.1e+00 1.40e+00  1e+00  1e+00 0:17.6
    3     36 1.888015968341315e-02 1.2e+00 1.35e+00  1e+00  1e+00 0:26.4
    4     48 2.209125784850684e-02 1.2e+00 1.31e+00  1e+00  1e+00 0:35.3
    5     60 2.922351835173113e-02 1.2e+00 1.26e+00  1e+00  1e+00 0:44.0
    6     72 9.469322424616852e-02 1.2e+00 1.26e+00  1e+00  1e+00 0:52.8
    7     84 8.057615189608786e-02 1.2e+00 1.23e+00  1e+00  1e+00 1:01.6
    8     96 1.091457612829782e-02 1.3e+00 1.15e+00  1e+00  1e+00 1:10.5
    9    108 5.628268282092715e-02 1.3e+00 1.10e+00  1e+00  1e+00 1:19.2
   11    132 4.684687024168652e-02 1.4e+00 1.03e+00  1e+00  1e+00 1:36.8
   13    156 2.132810495227792e-02 1.4e+00 9.83e-01  9e-01  1e+00 1:54.5
   15    180 8.669337895634791e-02 1.5e+00 1.02e+00  1e+00  1e+00 2:12.1
   17    204 1.665787956939416e-02 1.6e+00 1.07e+00  1e+00  1e+00 2:29.7
   19    228 7.286982544024847e-03 1.6e+00 9.84e-01  9e-01  1e+00 2:47.3
   21    252 3.054494948204804e-02 1.6e+00 1.03e+00  9e-01  1e+00 3:04.9
   23    276 3.088925753695959e-02 1.7e+00 1.08e+00  1e+00  1e+00 3:22.5
   25    300 2.449322482082181e-02 1.7e+00 1.04e+00  9e-01  1e+00 3:40.1
   27    324 2.868673189052227e-02 1.7e+00 9.85e-01  9e-01  1e+00 3:57.8
   30    360 5.913890004442359e-02 1.8e+00 9.25e-01  8e-01  1e+00 4:24.1
   33    396 2.868257597407459e-02 1.9e+00 7.59e-01  6e-01  9e-01 4:50.6
   36    432 1.165824471912766e-01 2.0e+00 6.78e-01  6e-01  8e-01 5:16.9
   39    468 1.872923825111625e-02 2.2e+00 6.47e-01  5e-01  8e-01 5:43.3
   42    504 5.504807511635770e-03 2.3e+00 5.75e-01  5e-01  7e-01 6:09.7
   45    540 2.629265990570909e-02 2.4e+00 5.06e-01  4e-01  6e-01 6:36.1
   48    576 1.238461488510858e-02 2.6e+00 4.82e-01  4e-01  6e-01 7:02.7
   51    612 2.103677744482490e-02 2.7e+00 4.89e-01  4e-01  6e-01 7:29.0
   54    648 4.052618109360466e-02 2.8e+00 4.89e-01  4e-01  6e-01 7:55.5
   58    696 2.927502599942863e-02 3.0e+00 4.58e-01  3e-01  6e-01 8:30.7
   62    744 4.940999484973122e-03 3.1e+00 4.39e-01  3e-01  6e-01 9:05.9
   66    792 1.137377828611407e-02 3.2e+00 4.07e-01  3e-01  5e-01 9:41.3
   70    840 9.013441143829994e-03 3.3e+00 3.84e-01  3e-01  5e-01 10:16.4
   74    888 6.956053744914655e-03 3.4e+00 3.58e-01  2e-01  4e-01 10:51.6
   78    936 4.404594934197563e-03 3.7e+00 2.74e-01  2e-01  3e-01 11:26.9
   82    984 6.820087017503175e-03 4.0e+00 2.35e-01  1e-01  3e-01 12:02.2
   86   1032 3.179625108809494e-03 4.1e+00 2.07e-01  1e-01  2e-01 12:37.5
   90   1080 1.850062717688399e-03 4.4e+00 1.70e-01  1e-01  2e-01 13:12.8
   95   1140 1.757403053680892e-03 4.6e+00 1.52e-01  9e-02  2e-01 13:56.9
  100   1200 7.342062687455208e-04 4.7e+00 1.55e-01  9e-02  2e-01 14:40.8
  105   1260 -4.314735736143032e-04 5.1e+00 1.45e-01  8e-02  2e-01 15:24.8
  110   1320 -1.129732021045613e-03 5.6e+00 1.28e-01  7e-02  2e-01 16:08.9
  115   1380 -1.420487786696790e-03 5.9e+00 1.13e-01  6e-02  1e-01 16:52.8
  120   1440 -2.204833061086012e-03 6.5e+00 9.71e-02  5e-02  1e-01 17:36.9
  125   1500 -2.664688758854468e-03 6.6e+00 8.70e-02  5e-02  1e-01 18:21.0
  130   1560 -2.539780153207599e-03 6.5e+00 8.63e-02  5e-02  1e-01 19:05.1
  136   1632 -2.692267322387392e-03 6.8e+00 6.50e-02  3e-02  7e-02 19:57.8
  142   1704 -3.248939163814756e-03 7.9e+00 6.14e-02  3e-02  7e-02 20:50.7
  148   1776 -3.299076150730526e-03 9.2e+00 5.21e-02  3e-02  7e-02 21:43.5
  154   1848 -3.342559925742011e-03 1.1e+01 4.24e-02  2e-02  5e-02 22:36.4
  160   1920 -3.399030386962157e-03 1.2e+01 3.48e-02  2e-02  4e-02 23:29.2
  166   1992 -3.437645536127184e-03 1.3e+01 2.80e-02  1e-02  4e-02 24:22.0
  172   2064 -3.448423458129542e-03 1.5e+01 2.27e-02  1e-02  3e-02 25:14.9
  178   2136 -3.474232728126719e-03 1.7e+01 2.28e-02  1e-02  3e-02 26:07.6
  184   2208 -3.485328658099872e-03 1.7e+01 1.91e-02  8e-03  3e-02 27:00.3
  191   2292 -3.512037859618108e-03 1.8e+01 2.19e-02  9e-03  3e-02 28:02.0
  198   2376 -3.532949766609321e-03 2.0e+01 2.11e-02  9e-03  3e-02 29:03.6
  200   2400 -3.560433470607298e-03 2.0e+01 2.55e-02  1e-02  4e-02 29:21.2
  207   2484 -3.548135877498733e-03 2.1e+01 3.16e-02  1e-02  5e-02 30:23.1
  214   2568 -3.581873712278639e-03 2.3e+01 2.84e-02  1e-02  5e-02 31:24.7
  221   2652 -3.597900645576659e-03 2.5e+01 2.60e-02  9e-03  4e-02 32:26.4
  228   2736 -3.629827515811034e-03 2.6e+01 2.62e-02  9e-03  4e-02 33:28.0
  235   2820 -3.667962133860375e-03 2.9e+01 3.88e-02  1e-02  7e-02 34:29.7
  242   2904 -3.683102254807332e-03 3.2e+01 4.44e-02  2e-02  7e-02 35:31.3
  250   3000 -3.741720261102690e-03 3.9e+01 5.64e-02  2e-02  1e-01 36:41.7
  258   3096 -3.720207136821271e-03 4.1e+01 4.38e-02  1e-02  8e-02 37:52.1
  266   3192 -3.751745843456814e-03 4.3e+01 3.24e-02  1e-02  6e-02 39:02.5
  274   3288 -3.760643803842416e-03 4.9e+01 4.00e-02  1e-02  7e-02 40:12.9
  282   3384 -3.761446322254439e-03 5.0e+01 2.71e-02  1e-02  5e-02 41:23.3
  290   3480 -3.779477772616766e-03 5.2e+01 2.59e-02  9e-03  5e-02 42:33.9
  298   3576 -3.787286291948513e-03 5.1e+01 2.35e-02  8e-03  4e-02 43:44.4
  300   3600 -3.791797360475681e-03 5.1e+01 2.36e-02  8e-03  4e-02 44:02.1
  308   3696 -3.801499349849584e-03 5.0e+01 3.25e-02  1e-02  5e-02 45:12.4
  317   3804 -3.816199619237176e-03 5.1e+01 3.24e-02  1e-02  5e-02 46:31.7
  326   3912 -3.825995771029538e-03 5.0e+01 5.56e-02  2e-02  9e-02 47:51.1
  335   4020 -3.838674172458758e-03 5.2e+01 4.24e-02  1e-02  7e-02 49:10.5
  344   4128 -3.846008152162331e-03 5.6e+01 4.06e-02  1e-02  6e-02 50:29.7
  353   4236 -3.858655785008619e-03 5.9e+01 2.88e-02  7e-03  4e-02 51:48.9
  362   4344 -3.863396206248837e-03 6.3e+01 2.30e-02  6e-03  4e-02 53:08.3
  371   4452 -3.873260714981650e-03 6.9e+01 3.49e-02  8e-03  6e-02 54:27.8
  380   4560 -3.880271573953247e-03 7.7e+01 4.70e-02  1e-02  1e-01 55:47.1
  389   4668 -3.888930856193767e-03 7.9e+01 4.57e-02  1e-02  9e-02 57:06.7
  399   4788 -3.892982766810431e-03 8.0e+01 4.18e-02  9e-03  8e-02 58:34.6
  400   4800 -3.895920965659349e-03 7.9e+01 4.28e-02  9e-03  8e-02 58:43.4
  410   4920 -3.901047274585387e-03 7.4e+01 2.84e-02  6e-03  5e-02 60:11.4
  420   5040 -3.907587221834442e-03 7.4e+01 2.86e-02  6e-03  5e-02 61:39.2
  430   5160 -3.912701297464126e-03 7.3e+01 2.19e-02  5e-03  4e-02 63:07.2
  440   5280 -3.917054183622507e-03 7.9e+01 2.62e-02  6e-03  4e-02 64:35.2
  450   5400 -3.921050841761291e-03 8.1e+01 2.75e-02  6e-03  4e-02 66:03.4
  460   5520 -3.923989611458408e-03 8.0e+01 2.18e-02  5e-03  3e-02 67:31.4
  471   5652 -3.927098259148470e-03 9.3e+01 1.66e-02  4e-03  3e-02 69:08.2
  482   5784 -3.930339620217068e-03 9.8e+01 1.88e-02  4e-03  3e-02 70:45.0
  493   5916 -3.931083240518469e-03 1.1e+02 1.69e-02  4e-03  3e-02 72:21.7
  500   6000 -3.932479812129158e-03 1.1e+02 1.34e-02  3e-03  2e-02 73:23.2
  511   6132 -3.934268555466310e-03 1.1e+02 1.63e-02  4e-03  3e-02 74:59.9
  522   6264 -3.935396173461943e-03 1.2e+02 1.80e-02  4e-03  4e-02 76:36.5
  533   6396 -3.937046053395844e-03 1.2e+02 1.45e-02  3e-03  3e-02 78:13.4
  544   6528 -3.939387852420686e-03 1.2e+02 2.03e-02  4e-03  5e-02 79:50.2
  555   6660 -3.941020626634421e-03 1.3e+02 2.10e-02  4e-03  5e-02 81:26.8
  567   6804 -3.943504228976078e-03 1.6e+02 2.59e-02  5e-03  6e-02 83:12.4
  579   6948 -3.947803474348577e-03 1.8e+02 2.96e-02  6e-03  8e-02 84:58.1
  591   7092 -3.951685557285238e-03 2.0e+02 3.96e-02  8e-03  1e-01 86:43.7
  600   7200 -3.957473443291030e-03 2.1e+02 3.18e-02  6e-03  1e-01 88:02.9
  612   7344 -3.962849915905411e-03 2.2e+02 3.80e-02  7e-03  1e-01 89:48.7
  624   7488 -3.967128220381079e-03 2.3e+02 3.85e-02  6e-03  1e-01 91:34.2
  636   7632 -3.969876679093872e-03 2.3e+02 2.45e-02  4e-03  8e-02 93:19.9
  648   7776 -3.972952975209582e-03 2.2e+02 3.65e-02  5e-03  1e-01 95:05.7
  660   7920 -3.979810311097337e-03 2.3e+02 3.22e-02  4e-03  1e-01 96:51.2
  673   8076 -3.985522439800289e-03 2.6e+02 3.55e-02  5e-03  1e-01 98:45.7
  686   8232 -3.990746906970987e-03 2.7e+02 3.11e-02  4e-03  1e-01 100:40.2
  699   8388 -3.995035727362710e-03 2.9e+02 3.11e-02  4e-03  1e-01 102:34.6
  700   8400 -3.995753764896600e-03 3.0e+02 3.22e-02  4e-03  1e-01 102:43.4
  713   8556 -4.000877263040208e-03 3.4e+02 4.32e-02  6e-03  2e-01 104:37.8
  726   8712 -4.003378555874111e-03 3.3e+02 2.68e-02  3e-03  1e-01 106:32.3
  739   8868 -4.004684475050375e-03 3.3e+02 2.09e-02  2e-03  9e-02 108:26.6
  752   9024 -4.006324440311849e-03 2.8e+02 2.52e-02  3e-03  1e-01 110:21.0
  765   9180 -4.007450760223642e-03 2.8e+02 2.31e-02  2e-03  8e-02 112:15.3
  779   9348 -4.010073032185831e-03 3.0e+02 2.93e-02  3e-03  1e-01 114:18.7
  793   9516 -4.012264806208716e-03 3.1e+02 4.13e-02  4e-03  2e-01 116:21.8
  800   9600 -4.012332365250755e-03 3.2e+02 3.66e-02  3e-03  1e-01 117:23.4
  814   9768 -4.015458949138547e-03 3.5e+02 3.68e-02  3e-03  1e-01 119:26.6
  828   9936 -4.019185617278522e-03 3.5e+02 4.97e-02  3e-03  2e-01 121:29.7
  842  10104 -4.021973317233107e-03 3.4e+02 4.74e-02  3e-03  2e-01 123:33.0
  856  10272 -4.024167373568602e-03 3.4e+02 5.09e-02  3e-03  1e-01 125:36.3
