Running job array 20 on csl45.int.triton.aalto.fi
Starting at Sat Mar 22 10:18:48 EET 2025
Activating virtual environment at /scratch/work/uotilav2/quantum-portfolio/venv
Processing batch 21/100: experiments 20 to 20 (total 1)
Processing experiment 20
Budget: 2499
YF.download() has changed argument auto_adjust default to True
Number of qubits for asset GS: 3
Number of qubits for asset MRK: 5
Total number of qubits:  8
Optimized Weights (considering variance, skewness and kurtosis):
GS: 64.78%
MRK: 35.22%
Left over budget:  0.5927125832040474
Optimized Discrete Allocation:
GS: 3
MRK: 8
Maximized utility from continuous higher moments:  -152.7045665942262
Budget constraint satisfied 2498.4072875976562 2499 Difference:  0.59271240234375
Budget constraint satisfied 2476.434127807617 2499 Difference:  22.565872192382812
smallest_eigenvalues: [-0.3160807442358563]
smallest_bitstrings: ['11000010']
first_excited_energy: -0.3160557011353523
optimized_portfolio: [{'GS': 3, 'MRK': 8}]
second_optimized_portfolio: [{'GS': 4, 'MRK': 2}]
result_with_budget: [{'portfolio': {'GS': 3, 'MRK': 8}, 'budget': 2498.4072875976562, 'difference': 0.59271240234375, 'objective_value': -152.7045665942262}]
result_with_budget_excited: [{'portfolio': {'GS': 4, 'MRK': 2}, 'budget': 2476.434127807617, 'difference': 22.565872192382812, 'objective_value': -16.03297968500554}]
Initial params:  [2.61575239 2.44465153 2.73322377 3.07442019 2.51063067 1.44978017
 2.45210473 0.37157007 2.01037118 0.45035763 2.96776493 1.63943485
 1.3026989  0.83112597 2.43232687 1.43303853]
(6_w,12)-aCMA-ES (mu_w=3.7,w_1=40%) in dimension 16 (seed=762786, Sat Mar 22 10:19:02 2025)
Iterat #Fevals   function value  axis ratio  sigma  min&max std  t[m:s]
    1     12 -1.415054286034007e-01 1.0e+00 9.28e-02  9e-02  9e-02 0:06.1
    2     24 -1.443386178466306e-01 1.1e+00 9.01e-02  9e-02  9e-02 0:12.4
    3     36 -1.592806111563572e-01 1.2e+00 9.11e-02  9e-02  9e-02 0:18.5
    4     48 -1.658320245943744e-01 1.3e+00 9.23e-02  9e-02  9e-02 0:24.8
    5     60 -1.702072473002378e-01 1.3e+00 9.30e-02  9e-02  1e-01 0:32.1
    6     72 -1.842244108275736e-01 1.4e+00 9.20e-02  9e-02  1e-01 0:39.7
    7     84 -1.895523344806241e-01 1.4e+00 9.24e-02  9e-02  1e-01 0:47.3
    8     96 -1.741322971568596e-01 1.4e+00 8.95e-02  8e-02  9e-02 0:55.0
   10    120 -1.810262495829997e-01 1.5e+00 9.03e-02  8e-02  1e-01 1:10.2
   12    144 -1.687366461996426e-01 1.5e+00 9.38e-02  8e-02  1e-01 1:25.5
   14    168 -2.034086104635029e-01 1.6e+00 9.72e-02  9e-02  1e-01 1:41.0
   16    192 -2.141198328553338e-01 1.7e+00 1.04e-01  1e-01  1e-01 1:56.3
   18    216 -2.162793902397873e-01 1.9e+00 1.11e-01  1e-01  1e-01 2:11.5
   20    240 -2.230756850127867e-01 2.0e+00 1.33e-01  1e-01  1e-01 2:27.0
   22    264 -2.267100877348950e-01 2.0e+00 1.37e-01  1e-01  1e-01 2:42.3
   24    288 -2.359380381098391e-01 2.1e+00 1.32e-01  1e-01  1e-01 2:57.7
   27    324 -2.220101077753735e-01 2.2e+00 1.35e-01  1e-01  1e-01 3:20.8
   30    360 -2.300988626834361e-01 2.4e+00 1.45e-01  1e-01  2e-01 3:43.9
   33    396 -2.214000395679894e-01 2.4e+00 1.40e-01  1e-01  2e-01 4:07.1
   36    432 -2.369274362563401e-01 2.6e+00 1.61e-01  1e-01  2e-01 4:30.0
   39    468 -2.483370862053722e-01 2.6e+00 1.67e-01  1e-01  2e-01 4:53.0
   42    504 -2.499047992172917e-01 2.6e+00 1.70e-01  1e-01  2e-01 5:16.0
   45    540 -2.488365505299940e-01 2.8e+00 1.66e-01  1e-01  2e-01 5:39.1
   48    576 -2.540606444079923e-01 2.9e+00 1.44e-01  1e-01  2e-01 6:02.3
   52    624 -2.524139887958446e-01 2.9e+00 1.19e-01  1e-01  1e-01 6:32.9
   56    672 -2.640621424893564e-01 3.1e+00 1.16e-01  1e-01  1e-01 7:03.6
   60    720 -2.647001317110635e-01 3.2e+00 1.03e-01  8e-02  1e-01 7:34.3
   64    768 -2.668823168863816e-01 3.3e+00 8.57e-02  7e-02  1e-01 8:05.0
   68    816 -2.671617505546679e-01 3.5e+00 6.73e-02  5e-02  8e-02 8:35.8
   72    864 -2.710432329400842e-01 3.6e+00 6.06e-02  5e-02  7e-02 9:06.4
   76    912 -2.717442119495347e-01 3.7e+00 5.69e-02  4e-02  7e-02 9:37.2
   81    972 -2.735821527939949e-01 3.8e+00 4.83e-02  3e-02  6e-02 10:15.6
   86   1032 -2.743899102210183e-01 4.0e+00 4.39e-02  3e-02  5e-02 10:54.0
   91   1092 -2.771415533273140e-01 4.1e+00 3.95e-02  3e-02  5e-02 11:32.5
   96   1152 -2.797791932335191e-01 4.9e+00 5.28e-02  3e-02  6e-02 12:11.0
  100   1200 -2.796969121530377e-01 5.0e+00 4.88e-02  3e-02  6e-02 12:41.7
  105   1260 -2.837512900326337e-01 6.0e+00 5.11e-02  3e-02  6e-02 13:20.3
  110   1320 -2.848118593269577e-01 6.8e+00 4.91e-02  3e-02  6e-02 13:58.9
  115   1380 -2.845917829886655e-01 7.4e+00 5.40e-02  3e-02  7e-02 14:37.2
  121   1452 -2.856072545819689e-01 8.5e+00 5.28e-02  3e-02  7e-02 15:22.3
  127   1524 -2.857312734493698e-01 9.1e+00 3.69e-02  2e-02  5e-02 16:06.8
  133   1596 -2.869541333330229e-01 9.2e+00 3.44e-02  2e-02  4e-02 16:51.1
  139   1668 -2.874440437638608e-01 1.0e+01 4.57e-02  2e-02  6e-02 17:35.5
  145   1740 -2.876782312573993e-01 1.1e+01 4.41e-02  2e-02  7e-02 18:19.8
  151   1812 -2.880123446720512e-01 1.2e+01 4.58e-02  2e-02  8e-02 19:04.3
  158   1896 -2.888673478674178e-01 1.3e+01 3.75e-02  2e-02  7e-02 19:55.9
  165   1980 -2.888993989251225e-01 1.5e+01 3.90e-02  2e-02  7e-02 20:47.4
  172   2064 -2.895258221602606e-01 1.6e+01 4.03e-02  2e-02  8e-02 21:38.9
  179   2148 -2.897220800599135e-01 2.0e+01 4.71e-02  2e-02  1e-01 22:30.2
  186   2232 -2.900876351141940e-01 2.1e+01 5.06e-02  2e-02  1e-01 23:21.6
  193   2316 -2.901400792071123e-01 2.5e+01 4.07e-02  1e-02  1e-01 24:12.8
  200   2400 -2.910523068065813e-01 2.8e+01 4.56e-02  2e-02  1e-01 25:04.1
  208   2496 -2.911085802436066e-01 2.9e+01 4.15e-02  1e-02  1e-01 26:02.5
  216   2592 -2.912967339652022e-01 3.3e+01 3.44e-02  1e-02  9e-02 27:01.0
  224   2688 -2.914559796870719e-01 3.4e+01 2.70e-02  8e-03  7e-02 27:59.5
  232   2784 -2.916075867548665e-01 3.6e+01 2.43e-02  7e-03  7e-02 28:58.1
  240   2880 -2.917898062607092e-01 4.0e+01 2.92e-02  8e-03  9e-02 29:56.7
  248   2976 -2.919117083825142e-01 4.4e+01 2.38e-02  7e-03  7e-02 30:55.0
  256   3072 -2.919871048831379e-01 4.4e+01 2.18e-02  6e-03  6e-02 31:53.3
  265   3180 -2.921410128271104e-01 4.5e+01 2.24e-02  6e-03  7e-02 32:58.6
  274   3288 -2.925933141119431e-01 5.1e+01 3.26e-02  9e-03  1e-01 34:04.1
  283   3396 -2.931236454402470e-01 5.6e+01 3.78e-02  9e-03  1e-01 35:09.7
  292   3504 -2.937577951833953e-01 5.9e+01 4.31e-02  9e-03  1e-01 36:15.2
  300   3600 -2.941343980128986e-01 6.1e+01 3.42e-02  7e-03  1e-01 37:13.3
  309   3708 -2.944259189781837e-01 6.3e+01 3.86e-02  8e-03  1e-01 38:18.7
  318   3816 -2.946334374764114e-01 6.4e+01 3.06e-02  6e-03  9e-02 39:24.0
  328   3936 -2.948910851036831e-01 6.4e+01 3.13e-02  6e-03  8e-02 40:36.8
  338   4056 -2.951398337186886e-01 6.6e+01 2.99e-02  5e-03  8e-02 41:49.5
  348   4176 -2.952741757040367e-01 6.7e+01 4.87e-02  9e-03  1e-01 43:02.2
  358   4296 -2.953783955369497e-01 6.9e+01 3.72e-02  6e-03  9e-02 44:15.0
  368   4416 -2.955914979476577e-01 7.2e+01 2.50e-02  4e-03  6e-02 45:28.1
  378   4536 -2.956523265351283e-01 7.0e+01 1.97e-02  3e-03  5e-02 46:41.0
  388   4656 -2.956736447926543e-01 7.1e+01 1.86e-02  3e-03  5e-02 47:53.5
  399   4788 -2.957139894894382e-01 7.6e+01 1.49e-02  2e-03  4e-02 49:12.7
  400   4800 -2.957133384318281e-01 7.4e+01 1.45e-02  2e-03  4e-02 49:19.9
  411   4932 -2.957458923944066e-01 7.3e+01 1.09e-02  1e-03  3e-02 50:39.3
  422   5064 -2.958012159905243e-01 7.2e+01 2.41e-02  3e-03  6e-02 51:58.1
  433   5196 -2.958228274961128e-01 7.4e+01 1.71e-02  2e-03  4e-02 53:16.8
  444   5328 -2.958669758305311e-01 8.2e+01 1.81e-02  2e-03  5e-02 54:35.9
  456   5472 -2.959138807564103e-01 1.0e+02 2.08e-02  3e-03  6e-02 56:01.9
  468   5616 -2.959483110349606e-01 1.1e+02 2.01e-02  3e-03  7e-02 57:28.0
  480   5760 -2.959847826056595e-01 1.2e+02 2.32e-02  3e-03  8e-02 58:53.9
  493   5916 -2.959996649164056e-01 1.4e+02 1.74e-02  2e-03  6e-02 60:20.6
  500   6000 -2.960133345040725e-01 1.4e+02 1.30e-02  2e-03  5e-02 61:03.1
  514   6168 -2.960173368108590e-01 1.4e+02 5.52e-03  7e-04  2e-02 62:28.1
  529   6348 -2.960189899881339e-01 1.5e+02 3.40e-03  4e-04  1e-02 63:59.2
  544   6528 -2.960192543577650e-01 1.5e+02 1.46e-03  2e-04  4e-03 65:30.3
  559   6708 -2.960193146584134e-01 1.5e+02 6.97e-04  7e-05  2e-03 67:01.5
  574   6888 -2.960193338653218e-01 1.4e+02 4.10e-04  4e-05  1e-03 68:33.2
  589   7068 -2.960193383801930e-01 1.5e+02 2.53e-04  2e-05  7e-04 70:04.5
  600   7200 -2.960193392155568e-01 1.5e+02 1.50e-04  1e-05  4e-04 71:11.6
  615   7380 -2.960193395231924e-01 1.5e+02 7.76e-05  7e-06  2e-04 72:43.0
  631   7572 -2.960193396288019e-01 1.5e+02 2.97e-05  3e-06  7e-05 74:20.0
  647   7764 -2.960193396386294e-01 1.6e+02 1.36e-05  1e-06  3e-05 75:56.5
  663   7956 -2.960193396395958e-01 1.7e+02 7.13e-06  6e-07  2e-05 77:32.9
  679   8148 -2.960193396401575e-01 1.7e+02 2.55e-06  2e-07  5e-06 79:09.6
  682   8184 -2.960193396401610e-01 1.7e+02 2.01e-06  1e-07  4e-06 79:27.7
Budget constraint satisfied 2377.8061752319336 2499 Difference:  121.1938247680664
Budget constraint satisfied 2279.17822265625 2499 Difference:  219.82177734375
two_most_probable_states: ['00110000', '00100000']
final_expectation_value: -0.2960193396401886
params: [3.1488883819638525, 3.247264852432552, 2.4925103594837474, 3.437730933409556, 8.092895892284467, 2.5115059025685667, 2.2990438539644993, -3.620484654349277, 0.919197704801239, 0.743710551112813, 3.7165784234385866, 2.38264749037513, 1.569358308321264, -0.8707784401539344, 2.9196691492986138, 2.3230171383712053]
total_steps: 682
states_probs: [0.030422098143069676, 0.03617155831204203]
optimized_portfolios: [{'GS': 4, 'MRK': 1}, {'GS': 4, 'MRK': 0}]
objective_values: [-12.499490128197065, -10.04797919550061]
result_with_budget: [{'portfolio': {'GS': 4, 'MRK': 1}, 'budget': 2377.8061752319336, 'difference': 121.1938247680664}, {'portfolio': {'GS': 4, 'MRK': 0}, 'budget': 2279.17822265625, 'difference': 219.82177734375}]
Batch 21/100 completed. Results saved to portfolio_optimization_results_batch_20.json
Job finished at Sat Mar 22 11:38:53 EET 2025
