Running job array 4 on pe79.int.triton.aalto.fi
Starting at Fri Mar 21 16:01:41 EET 2025
Activating virtual environment at /scratch/work/uotilav2/quantum-portfolio/venv
Processing batch 5/100: experiments 4 to 4 (total 1)
Processing experiment 4
Budget: 226
YF.download() has changed argument auto_adjust default to True
Number of qubits for asset DOW: 3
Number of qubits for asset VZ: 3
Total number of qubits:  6
Optimized Weights (considering variance, skewness and kurtosis):
DOW: 42.37%
VZ: 57.63%
Left over budget:  29.320766299649733
Optimized Discrete Allocation:
DOW: 2
VZ: 3
Maximized utility from continuous higher moments:  -6.211527193283725
Budget constraint not satisfied 235.76232147216797 226 Difference:  -9.762321472167969
Budget constraint not satisfied 235.86763763427734 226 Difference:  -9.867637634277344
smallest_eigenvalues: [-0.4275309528662862]
smallest_bitstrings: ['000011']
first_excited_energy: -0.42752594436820557
optimized_portfolio: [{'DOW': 0, 'VZ': 6}]
second_optimized_portfolio: [{'DOW': 1, 'VZ': 5}]
result_with_budget: [{'portfolio': {'DOW': 0, 'VZ': 6}, 'budget': 235.76232147216797, 'difference': -9.762321472167969, 'objective_value': -35.742868193774704}]
result_with_budget_excited: [{'portfolio': {'DOW': 1, 'VZ': 5}, 'budget': 235.86763763427734, 'difference': -9.867637634277344, 'objective_value': -18.707483985031402}]
Initial params:  [2.9078476  0.22316636 0.27372477 0.06351797 2.61575239 2.44465153
 2.73322377 3.07442019 2.51063067 1.44978017 2.45210473 0.37157007]
(5_w,11)-aCMA-ES (mu_w=3.4,w_1=42%) in dimension 12 (seed=650740, Fri Mar 21 16:02:00 2025)
Iterat #Fevals   function value  axis ratio  sigma  min&max std  t[m:s]
    1     11 -2.944719899185356e-01 1.0e+00 9.49e-02  9e-02  1e-01 0:02.2
    2     22 -2.959918844321117e-01 1.2e+00 9.21e-02  9e-02  1e-01 0:04.2
    3     33 -3.172812522386296e-01 1.3e+00 9.07e-02  9e-02  1e-01 0:06.3
    5     55 -3.425251047676326e-01 1.5e+00 1.05e-01  1e-01  1e-01 0:10.5
    7     77 -3.525328979014802e-01 1.7e+00 1.35e-01  1e-01  2e-01 0:14.7
   10    110 -3.764999999788637e-01 2.0e+00 1.66e-01  2e-01  2e-01 0:21.0
   13    143 -3.671835138808202e-01 2.1e+00 1.69e-01  1e-01  2e-01 0:27.2
   17    187 -3.721698214051668e-01 2.3e+00 1.37e-01  1e-01  2e-01 0:35.5
   21    231 -3.707882240182145e-01 2.6e+00 1.15e-01  1e-01  1e-01 0:44.0
   26    286 -3.787284229997833e-01 2.8e+00 8.42e-02  6e-02  1e-01 0:54.5
   31    341 -3.795673605903669e-01 2.9e+00 8.34e-02  6e-02  9e-02 1:05.0
   37    407 -3.822691917137189e-01 3.3e+00 7.21e-02  5e-02  8e-02 1:17.5
   43    473 -3.831807481604870e-01 3.7e+00 6.63e-02  4e-02  7e-02 1:30.0
   49    539 -3.835718525903660e-01 4.8e+00 8.45e-02  5e-02  1e-01 1:43.0
   56    616 -3.861052739050850e-01 5.7e+00 7.54e-02  4e-02  9e-02 1:57.6
   64    704 -3.884864572512780e-01 6.8e+00 5.51e-02  3e-02  7e-02 2:14.3
   72    792 -3.891476472815349e-01 8.0e+00 6.26e-02  3e-02  9e-02 2:31.0
   81    891 -3.890295415292893e-01 9.7e+00 8.97e-02  4e-02  1e-01 2:49.8
   90    990 -3.902109721728036e-01 1.1e+01 7.09e-02  3e-02  1e-01 3:08.7
  100   1100 -3.910783102814950e-01 1.2e+01 6.75e-02  2e-02  1e-01 3:29.5
  110   1210 -3.950840046336079e-01 1.6e+01 1.01e-01  3e-02  2e-01 3:50.5
  120   1320 -3.981771287532900e-01 1.7e+01 1.14e-01  3e-02  2e-01 4:11.6
  131   1441 -3.982371199303764e-01 1.8e+01 9.90e-02  2e-02  2e-01 4:34.6
  143   1573 -4.000558015499537e-01 1.9e+01 7.28e-02  1e-02  1e-01 4:59.5
  155   1705 -4.010130605406596e-01 2.0e+01 9.06e-02  2e-02  2e-01 5:24.5
  167   1837 -4.026103821152963e-01 2.1e+01 1.03e-01  1e-02  2e-01 5:49.8
  180   1980 -4.033921548939486e-01 2.3e+01 7.42e-02  1e-02  1e-01 6:16.8
  193   2123 -4.042971015979241e-01 2.5e+01 7.30e-02  9e-03  1e-01 6:43.8
  200   2200 -4.048787437181188e-01 2.8e+01 6.96e-02  8e-03  1e-01 6:58.2
  214   2354 -4.061765149459991e-01 3.5e+01 8.29e-02  8e-03  2e-01 7:27.5
  229   2519 -4.075158185416085e-01 4.6e+01 8.68e-02  8e-03  2e-01 7:59.0
  244   2684 -4.092205372884747e-01 6.4e+01 9.25e-02  8e-03  3e-01 8:30.4
  260   2860 -4.094531166676329e-01 8.7e+01 9.14e-02  6e-03  3e-01 9:03.7
  276   3036 -4.102726561012104e-01 9.5e+01 5.86e-02  4e-03  2e-01 9:37.3
  293   3223 -4.106306957769678e-01 1.0e+02 5.30e-02  3e-03  2e-01 10:12.5
  300   3300 -4.108477312683594e-01 1.1e+02 5.71e-02  3e-03  2e-01 10:27.2
  318   3498 -4.116657764183642e-01 1.2e+02 1.26e-01  6e-03  4e-01 11:04.6
  336   3696 -4.126428231271646e-01 1.2e+02 1.24e-01  6e-03  3e-01 11:42.2
  355   3905 -4.128528962313928e-01 1.1e+02 8.26e-02  3e-03  2e-01 12:21.8
  374   4114 -4.131165782088808e-01 1.2e+02 7.41e-02  3e-03  2e-01 13:01.9
  394   4334 -4.133970054442777e-01 1.6e+02 1.20e-01  4e-03  4e-01 13:43.8
  400   4400 -4.135800071085465e-01 1.9e+02 1.13e-01  4e-03  4e-01 13:56.4
  421   4631 -4.148170644388278e-01 1.8e+02 1.64e-01  5e-03  5e-01 14:40.4
  442   4862 -4.163644934386684e-01 1.6e+02 1.20e-01  3e-03  3e-01 15:24.5
  464   5104 -4.167485646543111e-01 1.1e+02 9.30e-02  2e-03  2e-01 16:10.4
  486   5346 -4.173350017661256e-01 1.1e+02 1.78e-01  4e-03  3e-01 16:56.0
  500   5500 -4.175136114466769e-01 1.1e+02 1.07e-01  2e-03  2e-01 17:25.2
  523   5753 -4.176524058359631e-01 1.2e+02 8.43e-02  2e-03  1e-01 18:13.1
  546   6006 -4.176723012589142e-01 1.2e+02 2.15e-02  3e-04  3e-02 19:01.2
  570   6270 -4.176735797305094e-01 1.2e+02 6.74e-03  8e-05  7e-03 19:51.4
  595   6545 -4.176736305471614e-01 1.2e+02 1.34e-03  1e-05  1e-03 20:43.2
  600   6600 -4.176736301574011e-01 1.3e+02 8.00e-04  9e-06  7e-04 20:53.5
  626   6886 -4.176736311355659e-01 1.2e+02 1.98e-04  2e-06  1e-04 21:47.1
  652   7172 -4.176736311590217e-01 1.1e+02 4.28e-05  3e-07  2e-05 22:40.8
  676   7436 -4.176736311605133e-01 1.3e+02 1.15e-05  7e-08  6e-06 23:30.3
Budget constraint not satisfied 235.97295379638672 226 Difference:  -9.972953796386719
Budget constraint not satisfied 236.0782699584961 226 Difference:  -10.078269958496094
two_most_probable_states: ['010001', '110110']
final_expectation_value: -0.41767363116051326
params: [2.2208328006892666, 5.310415691862535, 7.947509291626406, 9.54454419024484, 11.418747611483134, 13.430878715416005, 2.7504320955951322, 2.952872057455771, 3.018303853354626, 3.0442854791560943, 3.0657859171664956, -0.07527731997678914]
total_steps: 676
states_probs: [0.06433941316933682, 0.09356149674633406]
optimized_portfolios: [{'DOW': 2, 'VZ': 4}, {'DOW': 3, 'VZ': 3}]
objective_values: [-12.64005647222923, -15.683590088245005]
result_with_budget: [{'portfolio': {'DOW': 2, 'VZ': 4}, 'budget': 235.97295379638672, 'difference': -9.972953796386719}, {'portfolio': {'DOW': 3, 'VZ': 3}, 'budget': 236.0782699584961, 'difference': -10.078269958496094}]
Batch 5/100 completed. Results saved to portfolio_optimization_results_batch_4.json
Job finished at Fri Mar 21 16:26:04 EET 2025
