Running job array 16 on milan26.int.triton.aalto.fi
Starting at Thu Mar 13 20:39:56 EET 2025
Activating virtual environment at /scratch/work/uotilav2/quantum-portfolio/venv
Processing batch 17/20: experiments 357 to 378 (total 22)
Skipping experiment 357 (already processed)
Skipping experiment 358 (already processed)
Processing experiment 359
Budget: 334.3299865722656
YF.download() has changed argument auto_adjust default to True
Number of qubits for asset CRM: 1
Number of qubits for asset GS: 1
Number of qubits for asset HON: 1
Number of qubits for asset MCD: 1
Number of qubits for asset MRK: 2
Number of qubits for asset PG: 2
Number of qubits for asset V: 1
Total number of qubits:  9
Optimized Weights (considering variance, skewness and kurtosis):
CRM: 55.63%
GS: 0.00%
HON: 0.00%
MCD: 0.00%
MRK: 0.00%
PG: 0.00%
V: 44.37%
Left over budget:  2.1378809833549894e-10
Optimized Discrete Allocation:
CRM: 1
Maximized utility from continuous higher moments:  1.134379100911754
Budget constraint satisfied 334.3299865722656 334.3299865722656 Difference:  0.0
Budget constraint satisfied 333.267822265625 334.3299865722656 Difference:  1.062164306640625
smallest_eigenvalues: [-0.02371616588458544]
smallest_bitstrings: ['100000000']
first_excited_energy: -0.023715928097863232
optimized_portfolio: [{'CRM': 1, 'GS': 0, 'HON': 0, 'MCD': 0, 'MRK': 0, 'PG': 0, 'V': 0}]
second_optimized_portfolio: [{'CRM': 0, 'GS': 0, 'HON': 0, 'MCD': 0, 'MRK': 0, 'PG': 2, 'V': 0}]
result_with_budget: [{'portfolio': {'CRM': 1, 'GS': 0, 'HON': 0, 'MCD': 0, 'MRK': 0, 'PG': 0, 'V': 0}, 'budget': 334.3299865722656, 'difference': 0.0, 'objective_value': 1.134379100911754}]
result_with_budget_excited: [{'portfolio': {'CRM': 0, 'GS': 0, 'HON': 0, 'MCD': 0, 'MRK': 0, 'PG': 2, 'V': 0}, 'budget': 333.267822265625, 'difference': 1.062164306640625, 'objective_value': 1.3902692062008946}]
Initial params:  [1.48788356 2.51613533 1.63512823 2.13276294 2.26393425 1.8284691
 1.68820779 2.38326127 0.33271856 1.4878596  0.58538032 2.31509673
 0.680313   0.42480042 1.01831901 0.47021746 0.69844324 1.21419094]
(6_w,12)-aCMA-ES (mu_w=3.7,w_1=40%) in dimension 18 (seed=1000629, Thu Mar 13 20:40:49 2025)
Iterat #Fevals   function value  axis ratio  sigma  min&max std  t[m:s]
    1     12 2.954284312548146e-01 1.0e+00 9.44e-02  9e-02  1e-01 0:10.8
    2     24 3.010224039563892e-01 1.1e+00 9.27e-02  9e-02  1e-01 0:21.7
    3     36 1.454599550269812e-01 1.2e+00 9.36e-02  9e-02  1e-01 0:32.5
    4     48 3.991831158808747e-02 1.2e+00 9.72e-02  9e-02  1e-01 0:43.2
    5     60 6.371761019863883e-03 1.3e+00 1.06e-01  1e-01  1e-01 0:54.1
    6     72 3.314237546998795e-03 1.4e+00 1.08e-01  1e-01  1e-01 1:04.8
    7     84 -3.920174307341882e-03 1.4e+00 1.08e-01  1e-01  1e-01 1:15.6
    8     96 -1.055394129415970e-02 1.4e+00 1.13e-01  1e-01  1e-01 1:26.4
    9    108 -8.973056675173195e-03 1.5e+00 1.15e-01  1e-01  1e-01 1:37.1
   10    120 -8.671301692441818e-03 1.6e+00 1.17e-01  1e-01  1e-01 1:47.1
   11    132 -7.488371122196265e-03 1.6e+00 1.20e-01  1e-01  1e-01 1:57.1
   13    156 -1.038652338399409e-02 1.6e+00 1.19e-01  1e-01  1e-01 2:18.5
   15    180 -8.568520159381272e-03 1.6e+00 1.09e-01  1e-01  1e-01 2:41.6
   17    204 -1.016433457841879e-02 1.6e+00 1.09e-01  1e-01  1e-01 3:04.7
   19    228 -8.697117378716129e-03 1.6e+00 1.03e-01  1e-01  1e-01 3:27.7
   21    252 -9.446660040045055e-03 1.6e+00 9.93e-02  9e-02  1e-01 3:50.9
   23    276 -9.212071392463756e-03 1.6e+00 9.71e-02  9e-02  1e-01 4:13.9
   25    300 -1.016820848393663e-02 1.6e+00 8.88e-02  8e-02  1e-01 4:36.9
   27    324 -8.734964104857666e-03 1.6e+00 8.03e-02  7e-02  9e-02 5:00.1
   29    348 -1.020401044674645e-02 1.7e+00 6.80e-02  6e-02  7e-02 5:23.1
   31    372 -1.027500140768350e-02 1.7e+00 6.11e-02  5e-02  7e-02 5:46.2
   33    396 -9.199015678910792e-03 1.7e+00 5.57e-02  5e-02  6e-02 6:09.2
   35    420 -1.047448608437726e-02 1.7e+00 5.16e-02  4e-02  5e-02 6:32.3
   38    456 -1.054840564502457e-02 1.8e+00 5.09e-02  4e-02  5e-02 7:05.4
   41    492 -1.017447246030803e-02 1.9e+00 5.37e-02  5e-02  6e-02 7:37.3
   44    528 -1.075753005556100e-02 2.1e+00 6.01e-02  5e-02  7e-02 8:09.1
   47    564 -1.070537338238189e-02 2.2e+00 6.12e-02  5e-02  7e-02 8:42.7
   50    600 -1.055233156037588e-02 2.5e+00 5.84e-02  5e-02  7e-02 9:16.3
   53    636 -1.100492159504685e-02 2.6e+00 5.45e-02  5e-02  6e-02 9:50.1
   56    672 -1.113420390157428e-02 2.7e+00 4.87e-02  4e-02  5e-02 10:23.8
   59    708 -1.109991707789463e-02 2.9e+00 4.87e-02  4e-02  5e-02 10:54.5
   62    744 -1.121292021047669e-02 3.0e+00 4.83e-02  4e-02  5e-02 11:27.2
   65    780 -1.108170306574352e-02 3.1e+00 4.90e-02  4e-02  5e-02 12:04.1
   68    816 -1.122918914773866e-02 3.1e+00 4.84e-02  4e-02  5e-02 12:42.8
   71    852 -1.113644667291732e-02 3.3e+00 5.09e-02  4e-02  6e-02 13:21.5
   74    888 -1.106458740780283e-02 3.5e+00 5.63e-02  5e-02  6e-02 14:00.8
   77    924 -1.098472140436120e-02 3.7e+00 5.48e-02  5e-02  6e-02 14:39.6
   80    960 -1.129265224724017e-02 4.0e+00 5.50e-02  5e-02  6e-02 15:19.1
   83    996 -1.120476372634003e-02 4.2e+00 5.27e-02  4e-02  6e-02 15:58.6
   86   1032 -1.149474479029220e-02 4.4e+00 5.96e-02  5e-02  7e-02 16:38.4
   90   1080 -1.159788940982827e-02 4.6e+00 6.73e-02  6e-02  8e-02 17:28.2
   94   1128 -1.160520977430217e-02 5.1e+00 6.67e-02  6e-02  8e-02 18:16.4
   98   1176 -1.170199673788417e-02 5.5e+00 5.59e-02  5e-02  6e-02 19:04.1
  100   1200 -1.172718755444556e-02 5.7e+00 5.40e-02  4e-02  6e-02 19:27.9
  104   1248 -1.185003016838584e-02 6.7e+00 5.20e-02  4e-02  6e-02 20:16.2
  109   1308 -1.191565755730158e-02 7.3e+00 4.92e-02  4e-02  6e-02 21:12.1
  113   1356 -1.202144172874146e-02 7.6e+00 4.59e-02  4e-02  5e-02 22:03.6
  117   1404 -1.204712506245926e-02 8.0e+00 4.93e-02  4e-02  6e-02 22:55.1
  121   1452 -1.209713549937881e-02 8.6e+00 5.33e-02  4e-02  7e-02 23:46.6
  125   1500 -1.200666043226179e-02 9.5e+00 5.45e-02  5e-02  7e-02 24:37.9
  129   1548 -1.208233351081836e-02 1.0e+01 5.73e-02  5e-02  7e-02 25:29.4
  133   1596 -1.210961081460703e-02 1.1e+01 5.42e-02  4e-02  7e-02 26:20.8
  138   1656 -1.206889201571690e-02 1.1e+01 5.55e-02  4e-02  7e-02 27:24.9
  143   1716 -1.219108592090963e-02 1.2e+01 5.48e-02  4e-02  7e-02 28:30.6
  148   1776 -1.216820685017718e-02 1.2e+01 4.96e-02  4e-02  7e-02 29:29.9
  153   1836 -1.217505287636192e-02 1.4e+01 4.17e-02  3e-02  6e-02 30:30.6
  158   1896 -1.227572112450757e-02 1.4e+01 3.32e-02  3e-02  4e-02 31:34.1
  163   1956 -1.227835981563525e-02 1.6e+01 3.26e-02  2e-02  4e-02 32:37.5
  168   2016 -1.233423063310648e-02 1.7e+01 3.63e-02  3e-02  5e-02 33:40.9
  173   2076 -1.232854891771134e-02 1.7e+01 3.95e-02  3e-02  5e-02 34:44.3
  178   2136 -1.239534160296205e-02 1.8e+01 4.30e-02  3e-02  6e-02 35:47.7
  183   2196 -1.243466772468319e-02 1.9e+01 4.58e-02  3e-02  6e-02 36:51.2
  188   2256 -1.244257820633285e-02 2.0e+01 4.32e-02  3e-02  6e-02 37:54.6
  194   2328 -1.246620668120926e-02 2.2e+01 3.86e-02  3e-02  5e-02 39:01.1
  200   2400 -1.253217111366589e-02 2.3e+01 4.24e-02  3e-02  6e-02 40:03.2
  207   2484 -1.257828791605508e-02 2.6e+01 3.58e-02  2e-02  5e-02 41:15.5
  214   2568 -1.268720682291853e-02 2.8e+01 4.22e-02  3e-02  6e-02 42:27.8
  221   2652 -1.273354698860529e-02 3.0e+01 4.24e-02  3e-02  6e-02 43:40.4
  227   2724 -1.278483464171607e-02 3.0e+01 4.80e-02  3e-02  7e-02 44:51.4
  233   2796 -1.282370412126699e-02 3.2e+01 4.43e-02  3e-02  6e-02 46:10.9
  239   2868 -1.292012611581819e-02 3.4e+01 3.77e-02  2e-02  6e-02 47:30.2
  245   2940 -1.294902754882601e-02 3.5e+01 3.56e-02  2e-02  5e-02 48:47.9
  251   3012 -1.309728148272826e-02 3.9e+01 3.54e-02  2e-02  6e-02 50:06.0
  257   3084 -1.318422673685908e-02 4.3e+01 4.10e-02  2e-02  7e-02 51:25.5
  263   3156 -1.328477431631362e-02 4.7e+01 4.65e-02  3e-02  9e-02 52:44.8
  270   3240 -1.345470795489353e-02 5.1e+01 4.24e-02  2e-02  9e-02 53:60.0
  278   3336 -1.391527458467800e-02 5.8e+01 4.67e-02  3e-02  1e-01 55:26.2
  284   3408 -1.425360060373750e-02 6.8e+01 6.50e-02  4e-02  2e-01 56:45.5
  290   3480 -1.482132834077357e-02 7.4e+01 6.38e-02  3e-02  2e-01 58:04.7
  297   3564 -1.502724473068930e-02 8.1e+01 7.71e-02  4e-02  2e-01 59:35.4
  300   3600 -1.501318401712331e-02 7.9e+01 7.71e-02  4e-02  2e-01 60:14.2
  307   3684 -1.524484853359294e-02 7.5e+01 6.57e-02  3e-02  2e-01 61:46.1
  314   3768 -1.567543809592586e-02 7.1e+01 6.05e-02  3e-02  2e-01 63:18.9
  321   3852 -1.585970395069499e-02 6.8e+01 5.93e-02  3e-02  1e-01 64:47.4
  328   3936 -1.599498937533933e-02 6.7e+01 6.96e-02  3e-02  2e-01 66:19.7
  335   4020 -1.648244848358148e-02 6.4e+01 8.54e-02  4e-02  2e-01 67:52.6
  342   4104 -1.685003558080171e-02 6.2e+01 8.73e-02  4e-02  2e-01 69:25.1
  349   4188 -1.730045313025870e-02 6.1e+01 7.05e-02  3e-02  2e-01 70:57.7
  356   4272 -1.767588578773867e-02 6.3e+01 7.81e-02  3e-02  2e-01 72:29.1
  364   4368 -1.796052253004167e-02 6.5e+01 6.98e-02  3e-02  1e-01 73:58.8
  373   4476 -1.837399622699658e-02 6.1e+01 7.14e-02  3e-02  1e-01 75:31.6
  382   4584 -1.892529781536820e-02 6.2e+01 9.91e-02  4e-02  2e-01 77:05.1
  390   4680 -1.927001711369853e-02 6.1e+01 7.32e-02  3e-02  1e-01 78:46.0
  398   4776 -1.968504381420444e-02 5.9e+01 6.92e-02  2e-02  1e-01 80:28.6
  400   4800 -1.969228823970421e-02 5.9e+01 7.68e-02  3e-02  1e-01 80:54.3
  408   4896 -1.973109801334261e-02 6.3e+01 1.07e-01  4e-02  2e-01 82:36.2
  416   4992 -2.004030076407965e-02 6.5e+01 6.98e-02  2e-02  1e-01 84:20.1
  424   5088 -2.000209659110410e-02 6.4e+01 4.95e-02  1e-02  8e-02 86:02.6
  434   5208 -2.003782402052596e-02 6.4e+01 4.14e-02  1e-02  7e-02 87:43.5
  443   5316 -2.010166142616594e-02 6.2e+01 5.08e-02  1e-02  8e-02 89:28.3
  451   5412 -2.002423181763970e-02 6.4e+01 6.29e-02  2e-02  1e-01 91:11.0
  459   5508 -2.012058118494548e-02 6.6e+01 5.44e-02  1e-02  9e-02 92:53.7
  467   5604 -2.018786042228260e-02 6.6e+01 4.77e-02  1e-02  8e-02 94:37.7
  475   5700 -2.024578138727682e-02 6.8e+01 5.08e-02  1e-02  8e-02 96:22.1
  485   5820 -2.034888604344253e-02 6.6e+01 5.68e-02  1e-02  9e-02 98:12.8
  495   5940 -2.041540742844572e-02 6.4e+01 6.83e-02  2e-02  1e-01 100:04.2
  500   6000 -2.045773264906681e-02 6.3e+01 6.77e-02  1e-02  1e-01 101:10.3
  509   6108 -2.058569796393554e-02 6.2e+01 6.46e-02  1e-02  1e-01 103:07.1
  518   6216 -2.057985699678564e-02 6.0e+01 4.90e-02  1e-02  8e-02 105:03.9
  527   6324 -2.066954125664696e-02 5.9e+01 4.77e-02  9e-03  8e-02 107:01.8
  536   6432 -2.068448193274902e-02 6.5e+01 3.44e-02  6e-03  6e-02 108:54.5
  545   6540 -2.070205035234710e-02 6.5e+01 2.21e-02  4e-03  4e-02 110:51.7
  554   6648 -2.071936794117303e-02 6.7e+01 1.87e-02  3e-03  3e-02 112:49.4
  563   6756 -2.072302213242047e-02 7.8e+01 1.95e-02  3e-03  3e-02 114:51.3
  572   6864 -2.072410241769023e-02 8.3e+01 1.70e-02  3e-03  3e-02 116:49.4
  581   6972 -2.072755059615226e-02 8.3e+01 1.46e-02  2e-03  2e-02 118:45.2
  590   7080 -2.073011612899825e-02 8.2e+01 1.34e-02  2e-03  2e-02 120:43.4
  599   7188 -2.073186188867961e-02 8.6e+01 1.10e-02  2e-03  2e-02 122:46.2
  600   7200 -2.073226303108156e-02 8.7e+01 1.07e-02  2e-03  2e-02 122:59.7
  609   7308 -2.073396811857224e-02 9.8e+01 1.34e-02  2e-03  2e-02 125:02.1
  619   7428 -2.073551674596771e-02 1.0e+02 1.05e-02  1e-03  2e-02 127:08.8
  628   7536 -2.073591039976289e-02 1.1e+02 9.00e-03  1e-03  2e-02 129:11.6
  638   7656 -2.073653641082262e-02 1.1e+02 6.92e-03  9e-04  1e-02 131:22.6
  648   7776 -2.073683109171604e-02 1.1e+02 5.33e-03  6e-04  1e-02 133:32.0
  658   7896 -2.073704736803134e-02 1.1e+02 4.77e-03  6e-04  9e-03 135:40.1
  668   8016 -2.073726630594807e-02 1.2e+02 3.71e-03  4e-04  7e-03 137:48.4
  678   8136 -2.073741713069938e-02 1.3e+02 3.31e-03  3e-04  6e-03 139:57.0
  688   8256 -2.073755355057999e-02 1.4e+02 4.33e-03  4e-04  9e-03 142:05.5
  698   8376 -2.073761501163742e-02 1.4e+02 3.19e-03  3e-04  6e-03 144:17.1
  700   8400 -2.073763401663060e-02 1.5e+02 3.06e-03  3e-04  6e-03 144:38.7
  711   8532 -2.073770275961941e-02 1.5e+02 2.12e-03  2e-04  4e-03 146:52.1
  722   8664 -2.073773497772654e-02 1.5e+02 2.21e-03  2e-04  5e-03 149:08.6
  733   8796 -2.073775122047147e-02 1.5e+02 1.45e-03  1e-04  3e-03 151:25.3
  744   8928 -2.073776126260067e-02 1.6e+02 8.98e-04  7e-05  2e-03 153:42.9
  758   9096 -2.073776393414341e-02 1.6e+02 5.05e-04  4e-05  1e-03 156:02.1
  772   9264 -2.073776450779116e-02 1.6e+02 2.49e-04  2e-05  5e-04 158:21.3
  784   9408 -2.073776467033369e-02 1.6e+02 1.09e-04  7e-06  2e-04 160:50.0
  795   9540 -2.073776472372390e-02 1.7e+02 7.49e-05  5e-06  2e-04 163:17.1
  800   9600 -2.073776473362859e-02 1.7e+02 5.84e-05  4e-06  1e-04 164:25.2
  811   9732 -2.073776475148399e-02 1.7e+02 5.14e-05  3e-06  1e-04 166:55.5
  823   9876 -2.073776476206753e-02 1.8e+02 4.24e-05  3e-06  8e-05 169:24.6
  834  10008 -2.073776476688108e-02 1.8e+02 2.61e-05  1e-06  5e-05 171:49.5
  845  10140 -2.073776477202746e-02 1.9e+02 2.88e-05  2e-06  5e-05 174:14.7
  856  10272 -2.073776477387344e-02 1.8e+02 2.17e-05  1e-06  4e-05 176:39.7
  870  10440 -2.073776477625820e-02 2.0e+02 1.91e-05  1e-06  4e-05 179:10.0
  883  10596 -2.073776477658720e-02 1.9e+02 8.93e-06  5e-07  2e-05 181:45.5
  888  10656 -2.073776477663586e-02 2.0e+02 6.86e-06  4e-07  1e-05 182:51.4
Budget constraint satisfied 198.9600067138672 334.3299865722656 Difference:  135.36997985839844
Budget constraint satisfied 224.6875 334.3299865722656 Difference:  109.64248657226562
two_most_probable_states: ['000001000', '001000000']
final_expectation_value: -0.020737764776646798
params: [3.913869263261074, 4.511419896696682, 4.416345315447085, 5.521733332863338, 5.358263826945771, 4.732465043525608, 5.203687849060648, 4.876684177163481, 2.434864298476227, 1.7442199464656907, 0.4194834458352216, 1.8127529367370891, 0.536218326126025, 1.0953141447562988, -0.8123708723305244, 0.9505848676236561, 2.458500799064372, -0.9886307268090084]
total_steps: 888
states_probs: [0.08637462796796778, 0.09046479491775722]
optimized_portfolios: [{'CRM': 0, 'GS': 0, 'HON': 0, 'MCD': 0, 'MRK': 2, 'PG': 0, 'V': 0}, {'CRM': 0, 'GS': 0, 'HON': 1, 'MCD': 0, 'MRK': 0, 'PG': 0, 'V': 0}]
objective_values: [1.6818198790138448, 1.061787343206919]
result_with_budget: [{'portfolio': {'CRM': 0, 'GS': 0, 'HON': 0, 'MCD': 0, 'MRK': 2, 'PG': 0, 'V': 0}, 'budget': 198.9600067138672, 'difference': 135.36997985839844}, {'portfolio': {'CRM': 0, 'GS': 0, 'HON': 1, 'MCD': 0, 'MRK': 0, 'PG': 0, 'V': 0}, 'budget': 224.6875, 'difference': 109.64248657226562}]
Processing experiment 360
Budget: 218.37515258789062
Number of qubits for asset CRM: 1
Number of qubits for asset GS: 1
Number of qubits for asset HD: 1
Number of qubits for asset IBM: 1
Number of qubits for asset TRV: 1
Number of qubits for asset UNH: 1
Number of qubits for asset WBA: 5
Total number of qubits:  11
Optimized Weights (considering variance, skewness and kurtosis):
CRM: 53.73%
GS: 0.00%
HD: 0.00%
IBM: 0.00%
TRV: 0.00%
UNH: 46.27%
WBA: 0.00%
Left over budget:  209.04514983571954
Optimized Discrete Allocation:
WBA: 1
Maximized utility from continuous higher moments:  0.7881333152760006
Budget constraint satisfied 218.37515258789062 218.37515258789062 Difference:  0.0
Budget constraint not satisfied 227.70515251159668 218.37515258789062 Difference:  -9.329999923706055
smallest_eigenvalues: [-0.0088908993830897]
smallest_bitstrings: ['00010000000']
first_excited_energy: -0.008874674260405144
optimized_portfolio: [{'CRM': 0, 'GS': 0, 'HD': 0, 'IBM': 1, 'TRV': 0, 'UNH': 0, 'WBA': 0}]
second_optimized_portfolio: [{'CRM': 0, 'GS': 0, 'HD': 0, 'IBM': 1, 'TRV': 0, 'UNH': 0, 'WBA': 1}]
result_with_budget: [{'portfolio': {'CRM': 0, 'GS': 0, 'HD': 0, 'IBM': 1, 'TRV': 0, 'UNH': 0, 'WBA': 0}, 'budget': 218.37515258789062, 'difference': 0.0, 'objective_value': 1.033204563766544}]
result_with_budget_excited: [{'portfolio': {'CRM': 0, 'GS': 0, 'HD': 0, 'IBM': 1, 'TRV': 0, 'UNH': 0, 'WBA': 1}, 'budget': 227.70515251159668, 'difference': -9.329999923706055, 'objective_value': 1.8113565999582106}]
Initial params:  [3.10418894 2.60927038 2.8285357  1.95092999 0.95190369 1.45050877
 2.18249372 1.42634201 1.96666708 0.92655772 1.36675447 2.52716315
 1.85716393 0.29300628 2.03314104 0.24852827 1.78730936 2.44342724
 1.55006279 2.05711757 0.35484479 3.0682767 ]
(6_w,13)-aCMA-ES (mu_w=4.0,w_1=38%) in dimension 22 (seed=1055123, Thu Mar 13 23:45:42 2025)
Iterat #Fevals   function value  axis ratio  sigma  min&max std  t[m:s]
    1     13 1.333713756049857e-01 1.0e+00 9.25e-02  9e-02  9e-02 0:38.2
    2     26 1.371416816898066e-01 1.1e+00 8.95e-02  9e-02  9e-02 1:16.4
    3     39 1.426995826737882e-01 1.1e+00 8.63e-02  8e-02  9e-02 1:54.6
    4     52 1.004795031498849e-01 1.1e+00 8.59e-02  8e-02  9e-02 2:30.2
    5     65 9.560591108996096e-02 1.2e+00 8.69e-02  8e-02  9e-02 3:08.1
    6     78 4.044920433925643e-02 1.2e+00 8.99e-02  9e-02  9e-02 3:46.3
    7     91 1.238848477927128e-02 1.3e+00 9.74e-02  9e-02  1e-01 4:24.3
    8    104 5.130773350596426e-03 1.3e+00 1.04e-01  1e-01  1e-01 5:02.5
    9    117 1.122492792414345e-02 1.3e+00 1.10e-01  1e-01  1e-01 5:40.7
   10    130 5.229827765746078e-03 1.3e+00 1.17e-01  1e-01  1e-01 6:13.7
   11    143 8.103202357074724e-04 1.4e+00 1.18e-01  1e-01  1e-01 6:44.0
   12    156 3.712560963367626e-03 1.4e+00 1.20e-01  1e-01  1e-01 7:14.5
   13    169 2.588915589596245e-03 1.4e+00 1.19e-01  1e-01  1e-01 7:44.9
   14    182 4.000816171981883e-03 1.5e+00 1.20e-01  1e-01  1e-01 8:15.2
   15    195 3.811726947663377e-04 1.5e+00 1.21e-01  1e-01  1e-01 8:45.6
   16    208 1.032814589846210e-03 1.5e+00 1.24e-01  1e-01  1e-01 9:16.0
   17    221 1.096568408659668e-03 1.6e+00 1.26e-01  1e-01  1e-01 9:46.4
   18    234 2.934438806505206e-03 1.6e+00 1.31e-01  1e-01  1e-01 10:23.0
   19    247 4.948933364186519e-04 1.6e+00 1.27e-01  1e-01  1e-01 11:00.4
   20    260 6.666996646364221e-03 1.7e+00 1.26e-01  1e-01  1e-01 11:37.9
   21    273 1.839515879286995e-03 1.7e+00 1.22e-01  1e-01  1e-01 12:15.2
   22    286 2.777946819220448e-04 1.7e+00 1.19e-01  1e-01  1e-01 12:52.7
   23    299 6.418267476768314e-04 1.8e+00 1.17e-01  1e-01  1e-01 13:30.3
   24    312 1.326179032851286e-03 1.8e+00 1.17e-01  1e-01  1e-01 14:07.8
   25    325 8.325497795620942e-04 1.8e+00 1.15e-01  1e-01  1e-01 14:45.3
   26    338 3.747826420992425e-03 1.9e+00 1.16e-01  1e-01  1e-01 15:22.7
   27    351 2.149606568898979e-03 1.9e+00 1.14e-01  1e-01  1e-01 16:00.2
   28    364 1.093260348615213e-03 1.9e+00 1.11e-01  1e-01  1e-01 16:37.8
   29    377 8.404944881469497e-04 2.0e+00 1.08e-01  1e-01  1e-01 17:15.3
   30    390 6.361559513509165e-04 2.0e+00 1.06e-01  1e-01  1e-01 17:52.9
   31    403 1.538201123033163e-04 2.1e+00 1.03e-01  9e-02  1e-01 18:28.5
   33    429 5.640149664861997e-04 2.1e+00 1.05e-01  9e-02  1e-01 19:29.5
   34    442 4.464669999403254e-05 2.2e+00 1.01e-01  9e-02  1e-01 20:02.6
   35    455 2.095505092706369e-04 2.2e+00 9.38e-02  8e-02  1e-01 20:41.7
   36    468 -9.832315425694210e-04 2.2e+00 8.94e-02  8e-02  1e-01 21:20.9
   37    481 -2.761218277049087e-04 2.3e+00 8.71e-02  8e-02  1e-01 22:00.3
   38    494 1.109153488605728e-05 2.3e+00 8.36e-02  7e-02  9e-02 22:39.8
   39    507 9.752852199582398e-04 2.3e+00 7.95e-02  7e-02  9e-02 23:21.3
   40    520 -7.372060887354742e-04 2.3e+00 8.21e-02  7e-02  9e-02 24:00.5
   41    533 -1.265035079145250e-03 2.3e+00 8.48e-02  8e-02  9e-02 24:40.0
   42    546 -1.417503883745879e-03 2.3e+00 8.53e-02  8e-02  9e-02 25:21.7
   43    559 -1.367216348834956e-03 2.4e+00 8.55e-02  8e-02  9e-02 26:03.4
   45    585 -1.572771976740039e-03 2.4e+00 8.78e-02  8e-02  1e-01 27:26.6
   47    611 -1.361812730646755e-03 2.5e+00 8.63e-02  8e-02  1e-01 28:49.2
   49    637 -1.267475071312652e-03 2.6e+00 8.33e-02  7e-02  9e-02 30:04.2
   51    663 -1.710862734036512e-03 2.6e+00 7.91e-02  7e-02  9e-02 31:27.3
   53    689 -1.552704477369461e-03 2.6e+00 7.89e-02  7e-02  9e-02 32:50.5
   55    715 -1.362023966810758e-03 2.7e+00 8.75e-02  8e-02  1e-01 34:13.9
   57    741 -1.478160252007862e-03 2.8e+00 9.20e-02  8e-02  1e-01 35:36.8
   59    767 -1.355881512831127e-03 2.8e+00 8.95e-02  8e-02  1e-01 36:60.0
   61    793 -2.355767174500218e-03 2.9e+00 8.56e-02  7e-02  1e-01 38:22.4
   63    819 -2.338813377714683e-03 2.9e+00 8.43e-02  7e-02  1e-01 39:28.9
   65    845 -2.127584426984943e-03 3.0e+00 8.49e-02  7e-02  1e-01 40:35.6
   67    871 -2.229852476689075e-03 3.1e+00 8.88e-02  8e-02  1e-01 41:58.6
   69    897 -1.602166100490657e-03 3.2e+00 8.45e-02  7e-02  1e-01 43:21.6
   71    923 -2.026048713112549e-03 3.3e+00 7.44e-02  6e-02  9e-02 44:44.8
   73    949 -2.495056674460900e-03 3.3e+00 7.01e-02  6e-02  9e-02 46:08.1
   75    975 -2.141175839431019e-03 3.4e+00 6.69e-02  6e-02  8e-02 47:28.8
   77   1001 -1.863912128437006e-03 3.6e+00 6.58e-02  5e-02  8e-02 48:52.2
   79   1027 -1.946770815783266e-03 3.7e+00 6.19e-02  5e-02  8e-02 50:05.2
   81   1053 -2.096576666558645e-03 3.8e+00 5.86e-02  5e-02  8e-02 51:20.7
   83   1079 -2.562347003789988e-03 4.0e+00 5.94e-02  5e-02  8e-02 52:36.4
   85   1105 -2.437504867055858e-03 4.1e+00 5.82e-02  5e-02  8e-02 53:52.1
   87   1131 -2.614589235814042e-03 4.2e+00 5.38e-02  4e-02  7e-02 55:09.8
   89   1157 -2.603830009701376e-03 4.3e+00 5.14e-02  4e-02  7e-02 56:29.6
   91   1183 -2.632313994534873e-03 4.3e+00 5.15e-02  4e-02  7e-02 57:49.5
   93   1209 -2.669111646685801e-03 4.4e+00 5.22e-02  4e-02  7e-02 58:59.4
   95   1235 -2.549581322224491e-03 4.5e+00 5.42e-02  4e-02  7e-02 60:19.3
   97   1261 -2.661300129188338e-03 4.5e+00 5.46e-02  4e-02  7e-02 61:40.0
   99   1287 -2.550552358269757e-03 4.6e+00 5.59e-02  4e-02  7e-02 63:03.3
  100   1300 -2.650763485926696e-03 4.6e+00 5.63e-02  4e-02  7e-02 63:45.0
  102   1326 -2.548720807119024e-03 4.7e+00 5.80e-02  4e-02  7e-02 65:08.5
  104   1352 -2.522673572965949e-03 4.8e+00 6.02e-02  4e-02  8e-02 66:32.3
  106   1378 -2.810866555757799e-03 4.9e+00 5.96e-02  4e-02  8e-02 67:53.4
  109   1417 -2.659535336135042e-03 5.0e+00 6.36e-02  4e-02  8e-02 69:45.6
  111   1443 -2.574544039005399e-03 5.0e+00 6.30e-02  4e-02  8e-02 71:07.2
  113   1469 -2.492343781796279e-03 5.1e+00 6.20e-02  4e-02  8e-02 72:26.1
  115   1495 -2.597939299571511e-03 5.2e+00 5.83e-02  4e-02  7e-02 73:49.1
  117   1521 -2.804019594081649e-03 5.3e+00 5.64e-02  4e-02  7e-02 75:12.4
  119   1547 -3.042693960681627e-03 5.5e+00 5.61e-02  4e-02  7e-02 76:35.6
  122   1586 -2.963542143644994e-03 5.6e+00 5.50e-02  4e-02  7e-02 78:23.4
  125   1625 -3.259136287649226e-03 5.7e+00 5.57e-02  4e-02  7e-02 79:54.4
  128   1664 -3.083037745768954e-03 5.7e+00 5.59e-02  4e-02  7e-02 81:39.6
  131   1703 -3.204119626305540e-03 5.9e+00 5.12e-02  3e-02  6e-02 83:27.3
  134   1742 -3.358560664912428e-03 5.9e+00 4.92e-02  3e-02  6e-02 85:15.5
  137   1781 -3.382107285062194e-03 6.3e+00 4.56e-02  3e-02  6e-02 87:03.4
  140   1820 -3.428071566247744e-03 6.3e+00 4.74e-02  3e-02  6e-02 88:47.0
  143   1859 -3.522981976378466e-03 6.5e+00 5.04e-02  3e-02  6e-02 90:20.1
  146   1898 -3.346176677285900e-03 6.6e+00 5.40e-02  3e-02  7e-02 91:53.4
  149   1937 -3.387793160768363e-03 6.7e+00 5.26e-02  3e-02  7e-02 93:27.4
  152   1976 -3.299195205289471e-03 6.9e+00 5.44e-02  3e-02  7e-02 95:00.9
  155   2015 -3.610173141813651e-03 7.3e+00 6.01e-02  4e-02  8e-02 96:34.5
  159   2067 -3.408947680989474e-03 7.8e+00 6.25e-02  4e-02  8e-02 98:18.1
  163   2119 -3.557562948642136e-03 8.0e+00 6.23e-02  4e-02  8e-02 100:00.8
  167   2171 -3.552465582476321e-03 8.3e+00 5.69e-02  4e-02  7e-02 101:43.2
  171   2223 -3.564205506955446e-03 8.3e+00 5.26e-02  3e-02  7e-02 103:26.0
  175   2275 -3.634402878231450e-03 8.7e+00 4.92e-02  3e-02  6e-02 105:08.7
  179   2327 -3.663708459808111e-03 8.9e+00 4.58e-02  3e-02  6e-02 106:51.4
  183   2379 -3.797029843209764e-03 9.0e+00 4.37e-02  3e-02  6e-02 108:34.0
  187   2431 -3.866984107681147e-03 9.4e+00 4.89e-02  3e-02  7e-02 110:16.6
  191   2483 -3.855266319569431e-03 9.9e+00 4.20e-02  2e-02  6e-02 111:59.6
  195   2535 -4.029158180338355e-03 1.0e+01 4.12e-02  2e-02  6e-02 113:40.7
  200   2600 -4.023748534934189e-03 1.0e+01 4.38e-02  2e-02  6e-02 115:46.2
  205   2665 -4.065166952938226e-03 1.0e+01 4.16e-02  2e-02  6e-02 117:52.0
  210   2730 -4.083602443600499e-03 1.1e+01 3.51e-02  2e-02  5e-02 119:57.6
  215   2795 -4.072474934006209e-03 1.1e+01 3.46e-02  2e-02  5e-02 122:03.3
  220   2860 -4.117922113986472e-03 1.1e+01 3.89e-02  2e-02  6e-02 124:09.1
  225   2925 -4.180567756978359e-03 1.1e+01 4.03e-02  2e-02  6e-02 126:14.6
  230   2990 -4.220046444293466e-03 1.1e+01 3.55e-02  2e-02  5e-02 128:20.1
  234   3042 -4.217905337322593e-03 1.2e+01 3.64e-02  2e-02  5e-02 130:39.7
  238   3094 -4.267378493689744e-03 1.2e+01 3.69e-02  2e-02  5e-02 132:59.1
  242   3146 -4.275788336506057e-03 1.2e+01 3.94e-02  2e-02  6e-02 135:18.6
  246   3198 -4.279527403030214e-03 1.3e+01 3.94e-02  2e-02  6e-02 137:25.2
  251   3263 -4.271972249300364e-03 1.4e+01 3.76e-02  2e-02  6e-02 139:37.5
  255   3315 -4.344217431205001e-03 1.4e+01 3.31e-02  2e-02  5e-02 141:36.4
  259   3367 -4.352304040708165e-03 1.5e+01 3.43e-02  2e-02  5e-02 143:35.4
  263   3419 -4.376090881140992e-03 1.5e+01 3.25e-02  2e-02  5e-02 145:34.9
  267   3471 -4.395218496930637e-03 1.5e+01 3.07e-02  2e-02  5e-02 147:32.1
  272   3536 -4.382167290366152e-03 1.5e+01 2.83e-02  1e-02  4e-02 149:57.2
  276   3588 -4.399380219730364e-03 1.6e+01 2.68e-02  1e-02  4e-02 151:56.3
  281   3653 -4.403813005436213e-03 1.6e+01 2.60e-02  1e-02  4e-02 154:25.2
  286   3718 -4.410086221992393e-03 1.6e+01 2.06e-02  1e-02  3e-02 156:49.0
  291   3783 -4.410848857585982e-03 1.7e+01 1.95e-02  1e-02  3e-02 158:55.4
  296   3848 -4.417499423143929e-03 1.7e+01 2.00e-02  1e-02  3e-02 161:17.9
  300   3900 -4.424222356180210e-03 1.8e+01 2.10e-02  1e-02  3e-02 163:18.3
  305   3965 -4.425017945918981e-03 1.8e+01 1.79e-02  9e-03  3e-02 165:48.3
  310   4030 -4.427737377231985e-03 1.8e+01 1.71e-02  8e-03  2e-02 168:16.3
  315   4095 -4.430114300210464e-03 1.9e+01 1.86e-02  9e-03  3e-02 170:31.7
  320   4160 -4.442030918347806e-03 1.9e+01 2.08e-02  1e-02  3e-02 173:01.3
  325   4225 -4.444536828793541e-03 1.9e+01 2.17e-02  1e-02  3e-02 175:31.1
  330   4290 -4.437069428704464e-03 2.0e+01 2.25e-02  1e-02  3e-02 178:00.9
  335   4355 -4.442952965980091e-03 2.2e+01 2.16e-02  1e-02  3e-02 180:17.9
  340   4420 -4.447310356807030e-03 2.3e+01 2.09e-02  1e-02  3e-02 182:46.7
  345   4485 -4.456420058099519e-03 2.6e+01 2.54e-02  1e-02  4e-02 185:15.5
  350   4550 -4.457968220987658e-03 2.8e+01 3.64e-02  2e-02  7e-02 187:42.8
  356   4628 -4.444647598996119e-03 2.9e+01 3.64e-02  2e-02  7e-02 190:25.8
  361   4693 -4.462490035271621e-03 3.0e+01 3.01e-02  2e-02  6e-02 192:54.6
  366   4758 -4.476702573852210e-03 3.1e+01 2.99e-02  1e-02  6e-02 195:23.4
  371   4823 -4.480458291679848e-03 3.1e+01 2.99e-02  1e-02  5e-02 197:50.1
  377   4901 -4.482585125953994e-03 3.1e+01 3.12e-02  1e-02  6e-02 200:20.7
  383   4979 -4.481509861671354e-03 3.1e+01 3.46e-02  2e-02  6e-02 202:51.1
  389   5057 -4.484175211958298e-03 3.2e+01 3.44e-02  2e-02  6e-02 205:22.1
  395   5135 -4.499593570733981e-03 3.4e+01 2.63e-02  1e-02  5e-02 207:52.2
  400   5200 -4.498565922599340e-03 3.4e+01 2.43e-02  1e-02  4e-02 209:57.6
  406   5278 -4.503803814953214e-03 3.5e+01 1.92e-02  9e-03  3e-02 212:28.1
  412   5356 -4.509888050928095e-03 3.5e+01 1.49e-02  7e-03  3e-02 214:58.7
  418   5434 -4.512800213469227e-03 3.6e+01 1.55e-02  7e-03  3e-02 217:28.9
  424   5512 -4.516042062102872e-03 3.6e+01 1.60e-02  7e-03  3e-02 220:14.9
  429   5577 -4.517842268468257e-03 3.6e+01 1.53e-02  7e-03  3e-02 222:43.9
  434   5642 -4.520622299837235e-03 3.6e+01 1.48e-02  7e-03  3e-02 225:13.1
  440   5720 -4.528616436227515e-03 3.9e+01 1.87e-02  8e-03  3e-02 228:06.9
  446   5798 -4.534235579128399e-03 4.1e+01 2.41e-02  1e-02  4e-02 231:06.2
  452   5876 -4.532184202687185e-03 4.4e+01 2.16e-02  1e-02  4e-02 234:05.0
  458   5954 -4.538772687478257e-03 4.5e+01 2.13e-02  1e-02  4e-02 236:57.2
  464   6032 -4.539287212476883e-03 4.8e+01 2.00e-02  9e-03  4e-02 239:56.2
  470   6110 -4.546133366911764e-03 5.1e+01 1.75e-02  8e-03  3e-02 242:55.1
  476   6188 -4.549551289720290e-03 5.6e+01 2.11e-02  1e-02  4e-02 245:50.0
  482   6266 -4.549304242107912e-03 5.9e+01 2.06e-02  1e-02  4e-02 248:48.8
  488   6344 -4.551641059177541e-03 6.2e+01 2.21e-02  1e-02  5e-02 251:47.7
  494   6422 -4.556699537679303e-03 6.2e+01 2.03e-02  9e-03  4e-02 254:41.9
  500   6500 -4.556702480070282e-03 6.3e+01 1.96e-02  9e-03  4e-02 257:13.6
  507   6591 -4.557876257448755e-03 6.6e+01 1.42e-02  6e-03  3e-02 260:10.2
  514   6682 -4.561712799416182e-03 6.6e+01 1.49e-02  6e-03  3e-02 263:06.5
  521   6773 -4.563151359508538e-03 6.6e+01 1.63e-02  7e-03  3e-02 266:02.6
  528   6864 -4.567674595910527e-03 6.5e+01 1.71e-02  8e-03  3e-02 268:58.7
  535   6955 -4.567908025070945e-03 6.2e+01 1.63e-02  7e-03  3e-02 271:55.6
  541   7033 -4.571853153128857e-03 6.1e+01 1.74e-02  8e-03  3e-02 274:54.6
  547   7111 -4.571597481115028e-03 6.1e+01 1.67e-02  7e-03  3e-02 277:53.6
  553   7189 -4.575860703600431e-03 6.2e+01 1.63e-02  7e-03  3e-02 280:42.8
  559   7267 -4.577578896119700e-03 6.1e+01 1.77e-02  7e-03  3e-02 283:42.2
  565   7345 -4.580317315670658e-03 6.2e+01 1.94e-02  7e-03  4e-02 286:40.8
  571   7423 -4.580933789565897e-03 6.3e+01 1.63e-02  6e-03  3e-02 289:33.8
  578   7514 -4.583235798396419e-03 6.2e+01 1.50e-02  5e-03  3e-02 292:51.0
  584   7592 -4.584761731492099e-03 6.4e+01 1.41e-02  5e-03  2e-02 295:49.8
  590   7670 -4.586494856693429e-03 6.6e+01 1.33e-02  5e-03  2e-02 298:48.8
  597   7761 -4.588782422641713e-03 7.3e+01 1.46e-02  5e-03  3e-02 301:47.0
  600   7800 -4.589800750372369e-03 7.5e+01 1.54e-02  5e-03  3e-02 303:22.8
  606   7878 -4.592024371916774e-03 8.0e+01 1.67e-02  5e-03  4e-02 306:52.6
  612   7956 -4.594334646286372e-03 9.4e+01 1.81e-02  6e-03  4e-02 310:24.2
  619   8047 -4.596325298118560e-03 1.0e+02 2.00e-02  6e-03  5e-02 313:23.6
  627   8151 -4.595857371645270e-03 1.1e+02 1.80e-02  5e-03  5e-02 316:46.3
  635   8255 -4.599197218613753e-03 1.1e+02 1.55e-02  5e-03  4e-02 320:07.3
  643   8359 -4.602257803314808e-03 1.1e+02 1.86e-02  5e-03  5e-02 323:28.8
  651   8463 -4.605155056084255e-03 1.2e+02 1.89e-02  5e-03  5e-02 326:50.3
  659   8567 -4.605751234233019e-03 1.2e+02 2.82e-02  8e-03  8e-02 330:11.5
  667   8671 -4.611388044287681e-03 1.2e+02 2.74e-02  8e-03  7e-02 333:32.7
  675   8775 -4.612881410556029e-03 1.2e+02 1.88e-02  5e-03  5e-02 336:53.5
  683   8879 -4.619124067005527e-03 1.2e+02 1.62e-02  4e-03  4e-02 340:16.0
  689   8957 -4.623449239809388e-03 1.2e+02 2.28e-02  6e-03  6e-02 343:40.2
  695   9035 -4.626343159952161e-03 1.2e+02 3.27e-02  9e-03  8e-02 347:12.8
  700   9100 -4.632668095302971e-03 1.2e+02 3.89e-02  1e-02  1e-01 349:39.8
  708   9204 -4.638285133979220e-03 1.3e+02 4.02e-02  1e-02  1e-01 353:00.1
  716   9308 -4.649583335625186e-03 1.3e+02 3.32e-02  8e-03  9e-02 356:21.4
  724   9412 -4.654119678994034e-03 1.3e+02 2.77e-02  7e-03  7e-02 359:43.6
  732   9516 -4.661416221637628e-03 1.2e+02 2.09e-02  5e-03  6e-02 363:05.2
  738   9594 -4.663070253329394e-03 1.3e+02 2.07e-02  5e-03  6e-02 366:26.6
  744   9672 -4.668355862396197e-03 1.2e+02 2.35e-02  6e-03  6e-02 369:55.8
  751   9763 -4.671729947152815e-03 1.2e+02 2.89e-02  7e-03  7e-02 373:37.0
  757   9841 -4.674409215763050e-03 1.2e+02 3.14e-02  8e-03  8e-02 377:04.9
  763   9919 -4.678768529657604e-03 1.2e+02 2.72e-02  7e-03  7e-02 380:36.0
  770  10010 -4.682792439043578e-03 1.2e+02 2.56e-02  6e-03  7e-02 384:05.5
  776  10088 -4.684913885232319e-03 1.2e+02 2.43e-02  6e-03  6e-02 387:36.3
  782  10166 -4.685512718345378e-03 1.1e+02 1.93e-02  5e-03  5e-02 391:06.7
  790  10270 -4.688712527683045e-03 1.1e+02 2.09e-02  5e-03  5e-02 394:49.1
  796  10348 -4.690141509026683e-03 1.1e+02 2.12e-02  5e-03  5e-02 398:16.9
  800  10400 -4.692825980462120e-03 1.1e+02 2.28e-02  6e-03  5e-02 400:37.2
  807  10491 -4.692837456956232e-03 1.1e+02 2.05e-02  5e-03  5e-02 404:16.2
  816  10608 -4.695874661258751e-03 1.1e+02 1.83e-02  5e-03  4e-02 408:02.2
  825  10725 -4.697132906494888e-03 1.1e+02 1.85e-02  5e-03  4e-02 411:49.3
  834  10842 -4.699220837819307e-03 1.0e+02 2.04e-02  5e-03  4e-02 415:36.3
  843  10959 -4.699321194787729e-03 1.0e+02 1.81e-02  5e-03  4e-02 419:23.6
  852  11076 -4.701367408286579e-03 1.0e+02 1.46e-02  4e-03  3e-02 423:11.1
  861  11193 -4.703366263104677e-03 1.0e+02 1.19e-02  3e-03  2e-02 426:58.3
  870  11310 -4.704682597638743e-03 1.0e+02 1.55e-02  4e-03  3e-02 430:44.4
  879  11427 -4.706837521266923e-03 1.0e+02 2.05e-02  5e-03  4e-02 434:30.6
  888  11544 -4.708580361057975e-03 1.0e+02 2.62e-02  6e-03  5e-02 438:16.6
  897  11661 -4.711367330808357e-03 1.0e+02 2.41e-02  6e-03  4e-02 442:02.5
  900  11700 -4.712787445081252e-03 1.1e+02 2.30e-02  5e-03  4e-02 443:17.7
  909  11817 -4.718175335522934e-03 1.1e+02 2.38e-02  5e-03  4e-02 447:04.1
  918  11934 -4.718617755848082e-03 1.2e+02 2.77e-02  6e-03  5e-02 450:49.8
  927  12051 -4.723638599544008e-03 1.3e+02 2.24e-02  5e-03  5e-02 454:35.0
  936  12168 -4.724366230892845e-03 1.4e+02 2.17e-02  5e-03  5e-02 458:20.5
