Running job array 17 on pe91.int.triton.aalto.fi
Starting at Tue Mar 18 16:43:11 EET 2025
Activating virtual environment at /scratch/work/uotilav2/quantum-portfolio/venv
Processing batch 18/39: experiments 203 to 213 (total 11)
Skipping experiment 203 (already processed)
Skipping experiment 204 (already processed)
Skipping experiment 205 (already processed)
Processing experiment 206
Budget: 1372.2482376098633
YF.download() has changed argument auto_adjust default to True
Expected returns: 0.06418419440862476
Covariance matrix: 0.46240252906044466
3rd-order coskewness tensor: 0.32992735466793066
4th-order cokurtosis tensor: 11.30963892819461
Number of qubits for asset DIS: 4
Number of qubits for asset HD: 2
Number of qubits for asset TRV: 3
Number of qubits for asset V: 3
Total number of qubits:  12
Optimized Weights (considering variance, skewness and kurtosis):
DIS: 45.70%
HD: 5.53%
TRV: 18.89%
V: 29.88%
Left over budget:  148.7306280400503
Optimized Discrete Allocation:
DIS: 6
TRV: 1
V: 1
Maximized utility from continuous higher moments:  -2867.6255276020097
Budget constraint satisfied 1368.8137283325195 1372.2482376098633 Difference:  3.43450927734375
Budget constraint not satisfied 1373.3864974975586 1372.2482376098633 Difference:  -1.1382598876953125
smallest_eigenvalues: [-0.06666658576026036]
smallest_bitstrings: ['100010100010']
first_excited_energy: -0.06665779529004062
optimized_portfolio: [{'DIS': 1, 'HD': 1, 'TRV': 1, 'V': 2}]
second_optimized_portfolio: [{'DIS': 1, 'HD': 0, 'TRV': 0, 'V': 4}]
result_with_budget: [{'portfolio': {'DIS': 1, 'HD': 1, 'TRV': 1, 'V': 2}, 'budget': 1368.8137283325195, 'difference': 3.43450927734375, 'objective_value': -479.2383585708196}]
result_with_budget_excited: [{'portfolio': {'DIS': 1, 'HD': 0, 'TRV': 0, 'V': 4}, 'budget': 1373.3864974975586, 'difference': -1.1382598876953125, 'objective_value': -552.5572850766434}]
Initial params:  [2.51063067 1.44978017 2.45210473 0.37157007 2.01037118 0.45035763
 2.96776493 1.63943485 1.3026989  0.83112597 2.43232687 1.43303853
 1.78578792 0.0590299  1.94035914 1.92295543 1.93815531 2.96487203
 2.14200164 1.12942738]
(6_w,12)-aCMA-ES (mu_w=3.7,w_1=40%) in dimension 20 (seed=347703, Tue Mar 18 16:45:18 2025)
Iterat #Fevals   function value  axis ratio  sigma  min&max std  t[m:s]
    1     12 -4.407135847667230e-02 1.0e+00 1.36e+00  1e+00  1e+00 2:59.4
    2     24 -1.930983402028568e-02 1.1e+00 1.29e+00  1e+00  1e+00 6:02.3
    3     36 -1.400577023246133e-02 1.1e+00 1.22e+00  1e+00  1e+00 8:59.1
    4     48 -3.594457745827388e-02 1.1e+00 1.20e+00  1e+00  1e+00 11:52.7
    5     60 -2.781691174279412e-02 1.1e+00 1.22e+00  1e+00  1e+00 14:47.7
    6     72 -2.254050690293747e-02 1.2e+00 1.24e+00  1e+00  1e+00 17:45.2
    7     84 -3.798168173808170e-02 1.3e+00 1.25e+00  1e+00  1e+00 20:41.0
    8     96 -4.294624447316381e-02 1.3e+00 1.24e+00  1e+00  1e+00 23:46.1
    9    108 -1.736889850871366e-02 1.3e+00 1.23e+00  1e+00  1e+00 26:41.5
   10    120 -4.154992948747824e-02 1.3e+00 1.24e+00  1e+00  1e+00 29:33.0
   11    132 -4.193669005017932e-02 1.4e+00 1.28e+00  1e+00  1e+00 32:32.2
   12    144 -3.711121716737801e-02 1.4e+00 1.30e+00  1e+00  1e+00 35:28.3
   13    156 -3.819571659950168e-02 1.4e+00 1.34e+00  1e+00  1e+00 38:24.1
   14    168 -2.222156016393173e-02 1.5e+00 1.37e+00  1e+00  1e+00 41:23.8
   15    180 -2.682309621278274e-02 1.5e+00 1.38e+00  1e+00  1e+00 44:23.3
   16    192 -4.002835979667883e-02 1.5e+00 1.40e+00  1e+00  2e+00 47:15.5
   17    204 -3.845843189708743e-02 1.6e+00 1.43e+00  1e+00  2e+00 50:17.5
   18    216 -4.267280956955416e-02 1.6e+00 1.42e+00  1e+00  2e+00 53:26.0
   19    228 -3.426082593222513e-02 1.6e+00 1.42e+00  1e+00  2e+00 56:34.3
   20    240 -4.912696476236622e-02 1.6e+00 1.44e+00  1e+00  2e+00 59:40.7
   21    252 -4.920898144304042e-02 1.7e+00 1.41e+00  1e+00  2e+00 62:43.2
   22    264 -4.954516975944873e-02 1.7e+00 1.37e+00  1e+00  1e+00 65:52.3
   23    276 -4.218960376274707e-02 1.7e+00 1.33e+00  1e+00  1e+00 68:58.5
   24    288 2.820138043952471e-02 1.7e+00 1.34e+00  1e+00  1e+00 72:13.2
   25    300 -1.209455874554220e-02 1.7e+00 1.40e+00  1e+00  2e+00 75:24.4
   26    312 -4.689990760181079e-02 1.8e+00 1.43e+00  1e+00  2e+00 78:32.5
   27    324 -4.173777782497707e-02 1.8e+00 1.42e+00  1e+00  2e+00 81:41.2
   28    336 -3.520689815324624e-02 1.8e+00 1.46e+00  1e+00  2e+00 84:41.6
   29    348 -4.341001236480562e-02 1.9e+00 1.48e+00  1e+00  2e+00 87:31.7
   30    360 -1.771761038180110e-02 1.9e+00 1.50e+00  1e+00  2e+00 90:30.7
   31    372 -3.624164250485387e-02 1.9e+00 1.50e+00  1e+00  2e+00 93:20.5
   32    384 -3.307935459746501e-02 1.9e+00 1.54e+00  1e+00  2e+00 96:16.0
   33    396 -4.201947818080932e-02 1.9e+00 1.54e+00  1e+00  2e+00 99:09.4
   34    408 -4.167895762669551e-02 1.8e+00 1.54e+00  1e+00  2e+00 102:03.5
   35    420 -3.482450047701641e-02 1.9e+00 1.60e+00  1e+00  2e+00 104:58.0
   36    432 -2.996675021030142e-02 1.8e+00 1.68e+00  1e+00  2e+00 107:50.0
   37    444 -3.367733314585988e-02 1.8e+00 1.72e+00  2e+00  2e+00 110:38.4
   38    456 -2.607847617727437e-02 1.8e+00 1.78e+00  2e+00  2e+00 113:28.6
   39    468 -3.607120908118425e-02 1.8e+00 1.80e+00  2e+00  2e+00 116:17.4
   40    480 4.033501303248555e-02 1.8e+00 1.83e+00  2e+00  2e+00 119:09.7
   41    492 -2.452685215121993e-02 1.8e+00 1.86e+00  2e+00  2e+00 122:04.2
   42    504 -9.391735409937898e-03 1.8e+00 1.87e+00  2e+00  2e+00 124:52.6
   43    516 2.966780509806353e-02 1.8e+00 1.91e+00  2e+00  2e+00 127:33.4
   44    528 -8.780583566160837e-03 1.8e+00 1.87e+00  2e+00  2e+00 130:16.4
   45    540 -3.054739954940045e-02 1.9e+00 1.74e+00  2e+00  2e+00 133:02.2
   46    552 -3.228030643006962e-02 1.9e+00 1.71e+00  2e+00  2e+00 135:55.2
   47    564 -2.951048744791659e-02 1.8e+00 1.78e+00  2e+00  2e+00 138:43.3
   48    576 -4.140464938103737e-02 1.8e+00 1.76e+00  2e+00  2e+00 141:36.8
   49    588 -3.079378390552315e-02 1.9e+00 1.72e+00  2e+00  2e+00 144:22.3
   50    600 5.910455955637206e-04 1.9e+00 1.70e+00  2e+00  2e+00 147:08.9
   51    612 -3.652156708268516e-02 1.9e+00 1.70e+00  1e+00  2e+00 149:51.8
   52    624 -2.721133826562801e-02 1.9e+00 1.76e+00  2e+00  2e+00 152:37.5
   53    636 -5.513532525364557e-03 2.0e+00 1.81e+00  2e+00  2e+00 155:20.6
   54    648 -7.997671551008662e-03 2.0e+00 1.80e+00  2e+00  2e+00 158:04.1
   55    660 -4.511381977980108e-02 2.1e+00 1.76e+00  2e+00  2e+00 160:52.8
   56    672 -9.285248162532116e-03 2.1e+00 1.64e+00  1e+00  2e+00 163:35.6
   57    684 -3.159170664171555e-02 2.1e+00 1.56e+00  1e+00  2e+00 166:17.3
   58    696 -2.663052057190784e-02 2.1e+00 1.52e+00  1e+00  2e+00 168:58.8
   59    708 -1.621417845359951e-02 2.1e+00 1.47e+00  1e+00  2e+00 171:40.9
   60    720 -3.709271179664345e-02 2.1e+00 1.44e+00  1e+00  2e+00 174:25.1
   61    732 -2.142902973288383e-02 2.1e+00 1.43e+00  1e+00  2e+00 177:04.2
   62    744 -5.064167104652832e-02 2.1e+00 1.42e+00  1e+00  2e+00 179:46.2
   63    756 -4.223747118235321e-02 2.1e+00 1.44e+00  1e+00  2e+00 182:32.6
   64    768 -2.707003454898072e-02 2.2e+00 1.45e+00  1e+00  2e+00 185:20.7
   65    780 -2.891278698265019e-02 2.2e+00 1.40e+00  1e+00  2e+00 188:08.5
   66    792 -3.861668452863394e-02 2.2e+00 1.38e+00  1e+00  2e+00 190:51.5
   67    804 -1.841633703639289e-02 2.2e+00 1.39e+00  1e+00  2e+00 193:33.2
   68    816 -4.271915236652182e-03 2.2e+00 1.38e+00  1e+00  2e+00 196:18.1
   69    828 -2.724104718143037e-02 2.2e+00 1.35e+00  1e+00  2e+00 199:02.9
   70    840 -2.122870602184049e-02 2.2e+00 1.37e+00  1e+00  2e+00 201:47.5
   71    852 -4.169825347194470e-02 2.2e+00 1.33e+00  1e+00  2e+00 204:37.4
   72    864 -1.572704908959315e-02 2.2e+00 1.36e+00  1e+00  2e+00 207:24.0
   73    876 -3.930740030693046e-02 2.2e+00 1.32e+00  1e+00  2e+00 210:09.7
   74    888 -2.833670098031086e-02 2.2e+00 1.29e+00  1e+00  1e+00 212:53.6
   75    900 -4.242814056920081e-02 2.2e+00 1.27e+00  1e+00  1e+00 215:38.8
   76    912 -3.734430743794019e-02 2.2e+00 1.25e+00  1e+00  1e+00 218:18.6
   77    924 -2.724451706806019e-02 2.2e+00 1.25e+00  1e+00  1e+00 221:10.8
   78    936 -4.266537880144004e-02 2.2e+00 1.25e+00  1e+00  1e+00 223:59.1
   79    948 -4.017967119573385e-02 2.2e+00 1.27e+00  1e+00  1e+00 226:54.9
   80    960 -2.956245816141227e-02 2.2e+00 1.28e+00  1e+00  1e+00 229:43.4
   81    972 9.591478889796234e-03 2.2e+00 1.29e+00  1e+00  1e+00 232:29.9
   82    984 -4.764980035473058e-02 2.2e+00 1.26e+00  1e+00  1e+00 235:17.7
   83    996 -1.775779097320512e-02 2.2e+00 1.23e+00  1e+00  1e+00 238:05.9
   84   1008 -1.667447592365067e-02 2.2e+00 1.22e+00  1e+00  1e+00 240:53.2
   85   1020 2.410490778853057e-04 2.2e+00 1.23e+00  1e+00  1e+00 243:47.0
   86   1032 3.227217615395259e-02 2.2e+00 1.26e+00  1e+00  1e+00 246:30.0
   87   1044 7.434364674021296e-02 2.3e+00 1.26e+00  1e+00  1e+00 249:13.9
   88   1056 -5.478331575506998e-03 2.3e+00 1.26e+00  1e+00  1e+00 251:57.6
   89   1068 -1.550757738339491e-02 2.3e+00 1.21e+00  1e+00  1e+00 254:36.0
   90   1080 1.249690540815543e-02 2.3e+00 1.21e+00  1e+00  1e+00 257:11.6
   91   1092 -1.672596503101098e-02 2.3e+00 1.23e+00  1e+00  1e+00 259:48.9
   92   1104 1.896328178715019e-03 2.4e+00 1.25e+00  1e+00  1e+00 262:27.0
   93   1116 -2.784134659665945e-02 2.5e+00 1.26e+00  1e+00  1e+00 265:04.3
   94   1128 -3.146412377272746e-02 2.6e+00 1.22e+00  1e+00  1e+00 267:42.9
   95   1140 3.003870668493307e-02 2.6e+00 1.22e+00  1e+00  1e+00 270:26.7
   96   1152 1.979947647326948e-02 2.7e+00 1.24e+00  1e+00  1e+00 273:05.9
   97   1164 -2.635124087537763e-02 2.7e+00 1.30e+00  1e+00  1e+00 275:39.8
   98   1176 -2.359629974568256e-02 2.6e+00 1.35e+00  1e+00  2e+00 278:14.8
   99   1188 -3.605198007728186e-02 2.6e+00 1.40e+00  1e+00  2e+00 280:52.5
  100   1200 -3.077771376824499e-02 2.6e+00 1.46e+00  1e+00  2e+00 283:32.8
  101   1212 -2.232853099793158e-02 2.7e+00 1.49e+00  1e+00  2e+00 286:05.6
  102   1224 -1.854924841636452e-02 2.7e+00 1.55e+00  1e+00  2e+00 288:40.0
  103   1236 -1.664881208262696e-02 2.7e+00 1.60e+00  1e+00  2e+00 291:13.6
  104   1248 -2.258287013061079e-02 2.7e+00 1.65e+00  1e+00  2e+00 293:46.1
  105   1260 1.205446592591052e-02 2.7e+00 1.73e+00  1e+00  2e+00 296:21.1
  106   1272 -7.439511364709779e-04 2.7e+00 1.73e+00  1e+00  2e+00 298:53.7
  107   1284 -1.306534205828353e-02 2.7e+00 1.72e+00  1e+00  2e+00 301:34.2
  108   1296 -1.950339927060138e-02 2.7e+00 1.67e+00  1e+00  2e+00 304:06.6
  109   1308 1.625697552202702e-02 2.7e+00 1.58e+00  1e+00  2e+00 306:41.6
  110   1320 -1.568207033383468e-02 2.8e+00 1.51e+00  1e+00  2e+00 309:14.4
  111   1332 -2.957351742202480e-02 2.8e+00 1.43e+00  1e+00  2e+00 311:52.4
  112   1344 -2.548361411191455e-02 2.8e+00 1.42e+00  1e+00  2e+00 314:29.2
  113   1356 -1.938503476206281e-02 2.8e+00 1.36e+00  1e+00  2e+00 317:05.2
  114   1368 -2.371898406030472e-02 2.8e+00 1.30e+00  1e+00  1e+00 319:40.1
  115   1380 -3.228546078485384e-02 2.8e+00 1.28e+00  1e+00  1e+00 322:20.8
  116   1392 -3.092370999557134e-02 2.8e+00 1.26e+00  1e+00  1e+00 325:05.0
  117   1404 1.781639312035178e-02 2.8e+00 1.24e+00  1e+00  1e+00 327:47.8
  118   1416 -3.332672663464528e-02 2.9e+00 1.29e+00  1e+00  1e+00 330:25.1
  119   1428 -4.050184125670256e-02 2.9e+00 1.31e+00  1e+00  1e+00 333:00.4
  120   1440 -2.502789407024222e-02 2.9e+00 1.34e+00  1e+00  2e+00 335:43.9
  121   1452 -2.523690892922445e-02 3.0e+00 1.34e+00  1e+00  2e+00 338:23.2
  122   1464 -2.380111309231195e-02 3.0e+00 1.31e+00  1e+00  2e+00 341:06.7
  123   1476 -2.549383098073480e-02 3.1e+00 1.26e+00  1e+00  1e+00 343:48.9
  124   1488 -2.388368842715103e-02 3.0e+00 1.30e+00  1e+00  2e+00 346:30.0
  125   1500 1.868042694348428e-02 3.1e+00 1.25e+00  1e+00  1e+00 349:11.2
  126   1512 -2.761690210756374e-02 3.1e+00 1.21e+00  1e+00  1e+00 351:48.3
  127   1524 -2.082504915525549e-02 3.1e+00 1.20e+00  1e+00  1e+00 354:26.7
  128   1536 -6.269717990899318e-03 3.1e+00 1.22e+00  1e+00  1e+00 357:03.2
  129   1548 -1.674353945233860e-02 3.1e+00 1.25e+00  1e+00  1e+00 359:43.6
  130   1560 -1.525823605756229e-02 3.1e+00 1.26e+00  1e+00  1e+00 362:20.6
  131   1572 -2.839139117315691e-02 3.1e+00 1.24e+00  1e+00  1e+00 364:55.5
  132   1584 -1.830237278871110e-02 3.1e+00 1.18e+00  1e+00  1e+00 367:30.5
  133   1596 -2.464490401863046e-02 3.1e+00 1.13e+00  9e-01  1e+00 370:07.2
  134   1608 2.099783152037551e-02 3.1e+00 1.04e+00  9e-01  1e+00 372:48.8
  135   1620 -3.444986444685574e-02 3.1e+00 1.00e+00  8e-01  1e+00 375:27.5
  136   1632 -2.879186336838916e-02 3.2e+00 9.70e-01  8e-01  1e+00 378:07.7
  137   1644 1.667896726870568e-02 3.1e+00 9.54e-01  8e-01  1e+00 380:47.8
  138   1656 -2.960460068965624e-02 3.1e+00 9.39e-01  8e-01  1e+00 383:26.4
  139   1668 -2.450574917492140e-02 3.1e+00 9.37e-01  8e-01  1e+00 386:06.0
  140   1680 -9.692450471989238e-03 3.1e+00 9.25e-01  7e-01  1e+00 388:44.1
  141   1692 -2.896116139622742e-02 3.1e+00 9.04e-01  7e-01  1e+00 391:26.9
  142   1704 -4.036703010019955e-02 3.1e+00 9.21e-01  8e-01  1e+00 394:20.7
  143   1716 -4.685837918954172e-02 3.1e+00 9.43e-01  8e-01  1e+00 397:05.4
  144   1728 -3.216839816591318e-02 3.1e+00 9.70e-01  8e-01  1e+00 399:52.6
  145   1740 3.326389904059065e-02 3.1e+00 9.88e-01  8e-01  1e+00 402:32.3
  146   1752 -1.594781336492369e-02 3.1e+00 1.00e+00  8e-01  1e+00 405:09.9
  147   1764 -2.824213362347534e-02 3.1e+00 1.02e+00  8e-01  1e+00 407:50.8
  148   1776 -2.564614485647998e-02 3.1e+00 1.06e+00  9e-01  1e+00 410:31.9
  149   1788 3.805910481593487e-02 3.2e+00 1.09e+00  9e-01  1e+00 413:11.9
  150   1800 -2.123913291429584e-02 3.3e+00 1.13e+00  9e-01  1e+00 415:49.8
  151   1812 -3.583374445736225e-02 3.3e+00 1.13e+00  9e-01  1e+00 418:26.0
  152   1824 -4.500366930329954e-02 3.4e+00 1.15e+00  9e-01  1e+00 421:07.3
  153   1836 -2.118801512923252e-02 3.4e+00 1.13e+00  9e-01  1e+00 423:47.6
  154   1848 -1.878503519459213e-02 3.5e+00 1.08e+00  9e-01  1e+00 426:27.1
  155   1860 -1.829846756778050e-02 3.5e+00 1.04e+00  8e-01  1e+00 429:04.0
  156   1872 -2.892546757257734e-02 3.6e+00 1.03e+00  8e-01  1e+00 431:41.5
  157   1884 -3.376204988684334e-02 3.6e+00 1.05e+00  8e-01  1e+00 434:20.1
  158   1896 -1.586155691710877e-02 3.6e+00 1.04e+00  8e-01  1e+00 437:08.7
  159   1908 -1.589055043780629e-02 3.6e+00 1.01e+00  8e-01  1e+00 439:52.2
  160   1920 2.605040505264191e-02 3.6e+00 1.00e+00  8e-01  1e+00 442:37.8
  161   1932 -2.040727487349497e-02 3.6e+00 1.00e+00  8e-01  1e+00 445:20.8
  162   1944 -2.430846521900901e-02 3.6e+00 1.00e+00  8e-01  1e+00 448:07.5
  163   1956 -2.978431166126634e-02 3.6e+00 9.93e-01  8e-01  1e+00 450:50.4
  165   1980 -2.603156785474960e-02 3.6e+00 9.53e-01  7e-01  1e+00 456:16.2
  167   2004 -2.336086601073405e-02 3.6e+00 9.25e-01  7e-01  1e+00 461:42.0
  168   2016 -2.156279017240684e-02 3.6e+00 8.97e-01  7e-01  1e+00 464:27.7
  170   2040 -2.845018286831866e-02 3.7e+00 8.47e-01  7e-01  1e+00 470:06.7
  171   2052 -2.000460636101596e-02 3.7e+00 8.29e-01  7e-01  9e-01 472:54.9
  172   2064 -2.602395483887250e-02 3.7e+00 8.63e-01  7e-01  1e+00 475:47.8
  173   2076 2.281878148684991e-04 3.7e+00 8.67e-01  7e-01  1e+00 478:39.5
  174   2088 -3.675887513393223e-02 3.7e+00 8.78e-01  7e-01  1e+00 481:33.5
  176   2112 -2.298707187334533e-02 3.7e+00 9.48e-01  7e-01  1e+00 487:11.5
  178   2136 -3.498020300889524e-02 3.7e+00 9.45e-01  7e-01  1e+00 492:55.7
  180   2160 3.350797168048781e-03 3.7e+00 9.70e-01  8e-01  1e+00 498:41.3
  182   2184 -8.882492740604370e-03 3.8e+00 9.55e-01  8e-01  1e+00 504:15.9
  184   2208 4.214044877754314e-02 3.7e+00 1.05e+00  8e-01  1e+00 509:49.7
  186   2232 -1.956506328150539e-02 3.8e+00 1.05e+00  8e-01  1e+00 515:03.0
  188   2256 -1.302758846668762e-02 3.8e+00 1.06e+00  8e-01  1e+00 520:10.1
  190   2280 -3.917675257822840e-02 3.8e+00 1.08e+00  9e-01  1e+00 525:23.0
  192   2304 2.379992102141532e-02 3.8e+00 1.13e+00  9e-01  1e+00 530:26.3
  194   2328 -3.239760728775684e-02 3.9e+00 1.18e+00  9e-01  1e+00 535:32.6
  196   2352 -1.835420260546919e-02 4.0e+00 1.15e+00  9e-01  1e+00 540:31.7
  198   2376 -3.865779194688723e-02 3.9e+00 1.16e+00  9e-01  1e+00 545:22.0
  200   2400 1.458113927740265e-02 3.9e+00 1.11e+00  9e-01  1e+00 550:15.3
  202   2424 -1.185372635349467e-02 4.0e+00 1.02e+00  8e-01  1e+00 555:15.1
  204   2448 -4.527783209330515e-02 4.0e+00 9.70e-01  7e-01  1e+00 560:12.9
  206   2472 -4.097867473272617e-02 4.0e+00 9.02e-01  7e-01  1e+00 565:13.0
  208   2496 -1.588532603855502e-02 4.0e+00 8.62e-01  7e-01  1e+00 570:10.2
  210   2520 2.276862975141643e-02 4.0e+00 8.07e-01  6e-01  9e-01 575:12.0
  212   2544 -2.812778041750869e-02 4.0e+00 7.60e-01  6e-01  9e-01 580:23.1
  214   2568 -2.408326216041348e-02 3.9e+00 7.10e-01  5e-01  8e-01 585:44.4
  216   2592 -2.704876035513425e-02 3.9e+00 7.12e-01  5e-01  8e-01 590:49.2
  218   2616 -2.609559853190961e-02 4.0e+00 7.42e-01  6e-01  8e-01 596:07.3
  220   2640 -3.189004264721197e-02 3.9e+00 7.13e-01  5e-01  8e-01 601:07.1
  222   2664 -3.378674624495052e-02 4.0e+00 7.02e-01  5e-01  8e-01 606:16.5
  224   2688 -2.782446357218039e-02 4.1e+00 6.93e-01  5e-01  8e-01 611:36.0
  226   2712 -3.185688140551695e-02 4.2e+00 7.46e-01  6e-01  9e-01 616:46.3
  228   2736 -4.513278714022340e-02 4.2e+00 8.22e-01  6e-01  1e+00 621:59.8
  230   2760 -1.455479341701944e-02 4.4e+00 9.39e-01  7e-01  1e+00 626:59.9
  232   2784 -3.625584176445619e-02 4.5e+00 1.05e+00  8e-01  1e+00 632:11.5
  234   2808 -2.246799986697131e-02 4.7e+00 1.10e+00  8e-01  1e+00 637:14.3
  236   2832 -3.266974309485925e-02 4.8e+00 1.15e+00  9e-01  1e+00 642:31.3
  238   2856 -4.678777699680545e-02 4.9e+00 1.18e+00  9e-01  2e+00 647:48.0
  240   2880 -2.411555366791130e-02 5.1e+00 1.29e+00  1e+00  2e+00 652:51.7
  242   2904 -2.713673256790788e-03 5.2e+00 1.38e+00  1e+00  2e+00 657:56.1
  244   2928 -1.872778213461416e-02 5.2e+00 1.51e+00  1e+00  2e+00 663:16.6
  246   2952 -1.815476256557491e-02 5.2e+00 1.57e+00  1e+00  2e+00 668:38.7
  248   2976 -2.418756174816410e-02 5.1e+00 1.63e+00  1e+00  2e+00 674:01.3
  250   3000 1.594114256046949e-02 5.1e+00 1.78e+00  1e+00  2e+00 679:16.3
  252   3024 -1.635845727786934e-03 5.1e+00 1.95e+00  1e+00  3e+00 684:32.2
  254   3048 -3.834688658625244e-02 5.1e+00 2.01e+00  1e+00  3e+00 689:47.6
  256   3072 -2.368394314951396e-02 4.9e+00 1.92e+00  1e+00  2e+00 695:02.5
  258   3096 1.075170178205703e-03 4.9e+00 1.87e+00  1e+00  2e+00 700:11.2
  260   3120 -2.942047798890662e-02 4.9e+00 1.91e+00  1e+00  2e+00 705:23.1
  262   3144 -2.168252288583155e-02 5.0e+00 2.06e+00  2e+00  3e+00 710:30.6
  264   3168 -9.007424693875355e-03 5.0e+00 2.22e+00  2e+00  3e+00 715:35.3
  266   3192 -1.926702908313214e-02 5.1e+00 2.27e+00  2e+00  3e+00 720:36.7
  268   3216 -2.575514565956396e-02 5.1e+00 2.30e+00  2e+00  3e+00 725:45.5
  270   3240 -2.990033178109466e-02 5.3e+00 2.22e+00  2e+00  3e+00 730:50.8
  272   3264 1.283697170397836e-02 5.3e+00 2.19e+00  2e+00  3e+00 736:06.7
  274   3288 1.402651160103835e-02 5.2e+00 2.13e+00  2e+00  3e+00 741:20.2
  276   3312 -2.982148874996656e-02 5.2e+00 2.11e+00  2e+00  3e+00 746:29.1
  278   3336 -2.524609552755251e-02 5.2e+00 2.14e+00  2e+00  3e+00 751:38.4
  280   3360 8.535357931184815e-03 5.2e+00 2.04e+00  1e+00  3e+00 756:43.2
  282   3384 -3.497033019239819e-02 5.2e+00 1.86e+00  1e+00  3e+00 761:53.9
  284   3408 -2.517030538158614e-02 5.2e+00 1.67e+00  1e+00  2e+00 767:10.0
  286   3432 3.011992288637962e-02 5.2e+00 1.62e+00  1e+00  2e+00 772:09.2
  288   3456 -9.692101392843334e-03 5.2e+00 1.62e+00  1e+00  2e+00 777:15.1
  290   3480 -2.469220128527488e-02 5.3e+00 1.55e+00  1e+00  2e+00 782:15.2
  292   3504 8.458012363876014e-05 5.3e+00 1.52e+00  1e+00  2e+00 787:10.9
  294   3528 6.309531451176889e-02 5.3e+00 1.48e+00  1e+00  2e+00 792:11.5
  296   3552 5.153142279296901e-02 5.3e+00 1.47e+00  1e+00  2e+00 797:19.3
  298   3576 -2.402953658862621e-02 5.3e+00 1.52e+00  1e+00  2e+00 802:23.4
  300   3600 8.837129938891906e-03 5.4e+00 1.39e+00  1e+00  2e+00 807:18.4
  302   3624 -3.052515617046603e-02 5.4e+00 1.30e+00  9e-01  2e+00 812:22.2
  304   3648 -1.578046992638507e-02 5.4e+00 1.23e+00  9e-01  2e+00 817:14.9
  306   3672 -2.533272813802784e-02 5.5e+00 1.19e+00  9e-01  2e+00 822:20.7
  308   3696 -1.414102719084320e-02 5.5e+00 1.20e+00  9e-01  2e+00 827:35.3
  310   3720 -1.429495187060340e-03 5.6e+00 1.18e+00  9e-01  2e+00 832:33.3
  312   3744 -4.197737940834023e-02 5.6e+00 1.18e+00  9e-01  2e+00 837:28.2
  314   3768 -3.468461434635502e-03 5.6e+00 1.21e+00  9e-01  2e+00 842:25.1
  316   3792 -1.849310585488962e-02 5.7e+00 1.22e+00  9e-01  2e+00 847:18.7
  318   3816 -2.391993092335111e-02 5.8e+00 1.21e+00  9e-01  2e+00 852:18.8
  320   3840 1.613748615459992e-02 6.0e+00 1.19e+00  9e-01  2e+00 857:30.1
  322   3864 -2.849404232841318e-02 6.0e+00 1.23e+00  9e-01  2e+00 862:30.9
  324   3888 -3.061417882674474e-02 6.0e+00 1.25e+00  9e-01  2e+00 867:37.4
  326   3912 -9.833327218532278e-03 6.0e+00 1.28e+00  1e+00  2e+00 872:40.8
  328   3936 2.591949068230545e-02 6.0e+00 1.29e+00  1e+00  2e+00 877:45.8
  330   3960 6.026034243826187e-03 6.0e+00 1.33e+00  1e+00  2e+00 882:57.1
  332   3984 -4.259077607250175e-03 6.0e+00 1.30e+00  1e+00  2e+00 888:04.3
  334   4008 3.070061956164431e-02 5.9e+00 1.23e+00  9e-01  2e+00 893:13.1
  336   4032 -6.431152056409780e-03 5.9e+00 1.23e+00  9e-01  2e+00 898:28.0
  338   4056 -1.429999724781832e-02 6.0e+00 1.31e+00  1e+00  2e+00 903:35.6
  340   4080 -1.105487863324203e-02 6.0e+00 1.45e+00  1e+00  2e+00 908:45.8
  342   4104 3.880354049761695e-02 6.0e+00 1.63e+00  1e+00  2e+00 914:02.0
  344   4128 6.173287554128763e-03 6.1e+00 1.77e+00  1e+00  3e+00 919:17.9
  346   4152 3.698847015316987e-02 6.1e+00 1.87e+00  1e+00  3e+00 924:23.9
  348   4176 -7.889024735862553e-03 6.1e+00 1.76e+00  1e+00  3e+00 929:29.6
  350   4200 3.501648501269200e-02 6.2e+00 1.63e+00  1e+00  2e+00 934:34.6
  352   4224 3.595523172685245e-02 6.1e+00 1.58e+00  1e+00  2e+00 939:43.5
  354   4248 -8.787026177837016e-03 6.2e+00 1.55e+00  1e+00  2e+00 944:50.8
  356   4272 2.873697925713652e-02 6.1e+00 1.54e+00  1e+00  2e+00 949:52.1
  358   4296 -4.804954490885205e-03 6.2e+00 1.54e+00  1e+00  2e+00 954:54.0
  360   4320 -2.989600355653220e-03 6.2e+00 1.49e+00  1e+00  2e+00 959:54.7
  362   4344 -1.725673765866648e-02 6.3e+00 1.45e+00  1e+00  2e+00 964:50.5
  364   4368 1.949976398792138e-02 6.5e+00 1.52e+00  1e+00  2e+00 969:51.1
  366   4392 -2.766467682852571e-03 6.5e+00 1.51e+00  1e+00  2e+00 974:52.0
  368   4416 6.206256216652508e-03 6.5e+00 1.44e+00  1e+00  2e+00 979:58.2
  370   4440 1.359767338981613e-02 6.5e+00 1.42e+00  1e+00  2e+00 985:02.7
  372   4464 -2.356779413268264e-02 6.5e+00 1.35e+00  1e+00  2e+00 990:15.6
  374   4488 2.253272077396630e-02 6.6e+00 1.30e+00  1e+00  2e+00 995:20.4
  376   4512 2.647767206452962e-03 6.8e+00 1.26e+00  9e-01  2e+00 1000:29.7
  378   4536 7.533049103241062e-02 6.9e+00 1.26e+00  9e-01  2e+00 1005:31.9
  380   4560 -2.421999020349609e-02 7.0e+00 1.26e+00  9e-01  2e+00 1010:34.2
  382   4584 1.805943915407519e-02 7.1e+00 1.25e+00  9e-01  2e+00 1015:38.7
  384   4608 -3.345666075370761e-02 7.2e+00 1.22e+00  9e-01  2e+00 1020:47.1
  386   4632 2.956620163214259e-02 7.3e+00 1.19e+00  9e-01  2e+00 1025:56.7
  388   4656 1.176663650978839e-02 7.4e+00 1.12e+00  8e-01  2e+00 1030:57.3
  390   4680 -7.352713217223225e-03 7.2e+00 9.70e-01  7e-01  1e+00 1036:02.2
  392   4704 -1.130058789059796e-02 7.3e+00 9.87e-01  7e-01  1e+00 1041:08.7
  394   4728 -1.185892803995318e-02 7.2e+00 1.07e+00  8e-01  2e+00 1046:17.5
  396   4752 2.013120142070184e-02 7.3e+00 1.01e+00  7e-01  2e+00 1051:24.8
  398   4776 -2.901265075600148e-02 7.3e+00 9.23e-01  7e-01  1e+00 1056:35.5
  400   4800 -1.185618596155954e-02 7.3e+00 9.24e-01  7e-01  1e+00 1061:44.5
  402   4824 -6.066418408117353e-04 7.4e+00 1.00e+00  7e-01  2e+00 1066:56.9
  404   4848 -3.313523513230845e-03 7.4e+00 9.88e-01  7e-01  2e+00 1072:02.1
  406   4872 2.876139875880816e-02 7.6e+00 1.04e+00  7e-01  2e+00 1077:07.6
  408   4896 -1.543276698403365e-02 7.4e+00 9.89e-01  7e-01  1e+00 1082:06.0
  410   4920 4.575119540421315e-02 7.4e+00 8.84e-01  6e-01  1e+00 1087:14.0
  412   4944 -1.879708826768466e-02 7.5e+00 9.08e-01  6e-01  1e+00 1092:18.9
  414   4968 5.217697602467490e-02 7.7e+00 8.99e-01  6e-01  1e+00 1097:24.8
  417   5004 1.285049762097609e-02 7.9e+00 8.26e-01  6e-01  1e+00 1104:38.0
  419   5028 -2.858629378357175e-02 8.0e+00 8.30e-01  6e-01  1e+00 1109:32.5
  421   5052 -6.971841225643074e-03 7.9e+00 8.16e-01  6e-01  1e+00 1114:31.8
  424   5088 1.447440126213323e-02 8.0e+00 7.63e-01  5e-01  1e+00 1121:37.0
  427   5124 8.132839055491010e-03 8.3e+00 6.70e-01  5e-01  1e+00 1129:00.3
  430   5160 -5.147486234453244e-03 8.3e+00 6.43e-01  4e-01  9e-01 1136:17.0
  433   5196 1.554687293268080e-03 8.4e+00 6.66e-01  4e-01  1e+00 1143:28.4
  436   5232 5.560220959433688e-02 8.0e+00 7.03e-01  5e-01  1e+00 1150:18.7
  439   5268 -2.212002918549616e-02 8.3e+00 7.33e-01  5e-01  1e+00 1157:06.5
  442   5304 -1.975371892839572e-02 8.4e+00 6.78e-01  5e-01  1e+00 1164:07.0
  445   5340 -2.035381886984285e-02 8.3e+00 6.34e-01  4e-01  9e-01 1170:56.4
  448   5376 2.827707403461878e-02 8.4e+00 6.15e-01  4e-01  9e-01 1178:01.8
  451   5412 -2.368675686564128e-02 8.3e+00 5.78e-01  4e-01  8e-01 1185:01.6
  454   5448 -3.917998335580855e-02 8.5e+00 5.40e-01  4e-01  8e-01 1192:09.1
  457   5484 -4.052781696439281e-02 8.5e+00 5.48e-01  4e-01  8e-01 1199:31.7
  460   5520 3.381062081002303e-02 8.6e+00 5.64e-01  4e-01  8e-01 1206:56.7
  463   5556 4.449599929972793e-02 8.9e+00 5.45e-01  4e-01  8e-01 1214:13.3
  466   5592 -2.308411266271838e-02 8.9e+00 4.72e-01  3e-01  7e-01 1221:32.9
  469   5628 -2.193896881611546e-02 8.9e+00 4.51e-01  3e-01  6e-01 1228:16.2
  472   5664 -1.964661556156966e-02 8.9e+00 4.03e-01  3e-01  6e-01 1235:18.9
  475   5700 1.633349541308291e-03 9.2e+00 4.18e-01  3e-01  6e-01 1242:07.2
  478   5736 -4.194278258413486e-02 9.0e+00 4.29e-01  3e-01  6e-01 1248:43.4
  481   5772 -7.852911360913881e-03 9.0e+00 4.68e-01  3e-01  6e-01 1255:02.2
  484   5808 1.674925018226607e-02 8.9e+00 4.79e-01  3e-01  7e-01 1262:12.9
  487   5844 -1.198392133017263e-02 8.9e+00 4.97e-01  3e-01  7e-01 1269:27.5
  490   5880 -1.331003944313003e-02 8.8e+00 5.25e-01  3e-01  7e-01 1276:48.0
  493   5916 9.308596479264368e-03 9.0e+00 5.35e-01  3e-01  7e-01 1284:10.4
  496   5952 7.331238151896988e-02 9.0e+00 4.79e-01  3e-01  6e-01 1291:42.7
  499   5988 7.284341695778085e-03 9.0e+00 4.33e-01  3e-01  6e-01 1299:07.7
  500   6000 -2.152328836270865e-02 8.9e+00 4.10e-01  3e-01  5e-01 1301:41.3
  503   6036 1.795416380595412e-02 9.2e+00 4.04e-01  2e-01  5e-01 1309:01.6
  506   6072 -9.935375158725734e-03 9.1e+00 3.90e-01  2e-01  5e-01 1316:21.2
  509   6108 9.509179661417691e-03 9.2e+00 3.91e-01  2e-01  5e-01 1323:30.6
  512   6144 -1.300840043542230e-02 9.3e+00 3.57e-01  2e-01  5e-01 1330:36.5
  515   6180 -8.280693866172672e-03 9.4e+00 3.64e-01  2e-01  5e-01 1337:54.5
  518   6216 -1.871899968759123e-02 9.3e+00 3.57e-01  2e-01  5e-01 1345:07.6
  521   6252 -2.226312796585423e-02 9.3e+00 3.40e-01  2e-01  5e-01 1352:24.2
  524   6288 -2.779733891194056e-02 9.4e+00 3.45e-01  2e-01  5e-01 1359:48.6
  527   6324 -3.472697428055248e-02 9.4e+00 3.71e-01  2e-01  5e-01 1367:14.5
  530   6360 -1.812232575741834e-02 9.4e+00 3.91e-01  2e-01  5e-01 1374:08.8
  533   6396 -1.797128004108094e-02 9.4e+00 3.86e-01  2e-01  5e-01 1381:11.1
  536   6432 -2.651291973125236e-02 9.6e+00 3.33e-01  2e-01  4e-01 1388:31.2
  539   6468 -3.640527315042315e-02 9.8e+00 2.86e-01  2e-01  4e-01 1395:19.7
  542   6504 -3.640541751232743e-02 9.8e+00 2.67e-01  2e-01  4e-01 1402:40.6
  545   6540 -3.422238807878643e-02 9.7e+00 2.39e-01  1e-01  3e-01 1409:47.7
  548   6576 -3.331672033881859e-02 9.7e+00 2.30e-01  1e-01  3e-01 1416:56.8
  551   6612 -3.063654669526628e-02 9.6e+00 2.33e-01  1e-01  3e-01 1424:04.2
  554   6648 -4.127570704112937e-02 9.6e+00 2.28e-01  1e-01  3e-01 1431:11.1
  557   6684 -4.075523120585901e-02 9.8e+00 2.13e-01  1e-01  3e-01 1438:23.1
