Running job array 24 on pe91.int.triton.aalto.fi
Starting at Tue Mar 18 16:43:11 EET 2025
Activating virtual environment at /scratch/work/uotilav2/quantum-portfolio/venv
Processing batch 25/39: experiments 280 to 290 (total 11)
Skipping experiment 280 (already processed)
Skipping experiment 281 (already processed)
Skipping experiment 282 (already processed)
Skipping experiment 283 (already processed)
Skipping experiment 284 (already processed)
Skipping experiment 285 (already processed)
Skipping experiment 286 (already processed)
Skipping experiment 287 (already processed)
Skipping experiment 288 (already processed)
Processing experiment 289
Budget: 522.4876289367676
YF.download() has changed argument auto_adjust default to True
Expected returns: 0.2348781713708424
Covariance matrix: 0.3883636904506956
3rd-order coskewness tensor: 0.33614290377339273
4th-order cokurtosis tensor: 14.693581558732394
Number of qubits for asset CRM: 1
Number of qubits for asset NKE: 3
Number of qubits for asset PG: 2
Number of qubits for asset TRV: 2
Number of qubits for asset VZ: 4
Total number of qubits:  12
Optimized Weights (considering variance, skewness and kurtosis):
CRM: 33.45%
NKE: 18.32%
PG: 16.23%
TRV: 1.70%
VZ: 30.30%
Left over budget:  8.807250961753653
Optimized Discrete Allocation:
NKE: 2
PG: 1
VZ: 5
Maximized utility from continuous higher moments:  -469.1750570119323
Budget constraint not satisfied 524.2015724182129 522.4876289367676 Difference:  -1.7139434814453125
Budget constraint not satisfied 527.5000801086426 522.4876289367676 Difference:  -5.012451171875
smallest_eigenvalues: [-0.061098839613735995]
smallest_bitstrings: ['101000001000']
first_excited_energy: -0.06109846917094758
optimized_portfolio: [{'CRM': 1, 'NKE': 2, 'PG': 0, 'TRV': 0, 'VZ': 1}]
second_optimized_portfolio: [{'CRM': 1, 'NKE': 1, 'PG': 0, 'TRV': 0, 'VZ': 3}]
result_with_budget: [{'portfolio': {'CRM': 1, 'NKE': 2, 'PG': 0, 'TRV': 0, 'VZ': 1}, 'budget': 524.2015724182129, 'difference': -1.7139434814453125, 'objective_value': -23.338906424380358}]
result_with_budget_excited: [{'portfolio': {'CRM': 1, 'NKE': 1, 'PG': 0, 'TRV': 0, 'VZ': 3}, 'budget': 527.5000801086426, 'difference': -5.012451171875, 'objective_value': -20.702701163896577}]
Initial params:  [2.51063067 1.44978017 2.45210473 0.37157007 2.01037118 0.45035763
 2.96776493 1.63943485 1.3026989  0.83112597 2.43232687 1.43303853
 1.78578792 0.0590299  1.94035914 1.92295543 1.93815531 2.96487203
 2.14200164 1.12942738]
(6_w,12)-aCMA-ES (mu_w=3.7,w_1=40%) in dimension 20 (seed=450476, Tue Mar 18 16:44:48 2025)
Iterat #Fevals   function value  axis ratio  sigma  min&max std  t[m:s]
    1     12 -6.324926410745187e-03 1.0e+00 1.41e+00  1e+00  1e+00 2:53.9
    2     24 -3.509296399039390e-02 1.1e+00 1.37e+00  1e+00  1e+00 5:54.2
    3     36 -2.454206790498452e-03 1.1e+00 1.37e+00  1e+00  1e+00 8:48.0
    4     48 -3.017470493751644e-02 1.2e+00 1.36e+00  1e+00  1e+00 11:37.7
    5     60 1.229241601289556e-04 1.2e+00 1.36e+00  1e+00  1e+00 14:26.6
    6     72 -7.773347423077490e-03 1.2e+00 1.35e+00  1e+00  1e+00 17:20.2
    7     84 -2.415547978043835e-02 1.3e+00 1.35e+00  1e+00  1e+00 20:12.2
    8     96 -3.176327422053010e-02 1.3e+00 1.32e+00  1e+00  1e+00 23:09.2
    9    108 -2.154490822381227e-02 1.3e+00 1.28e+00  1e+00  1e+00 26:05.4
   10    120 2.411171792077259e-02 1.3e+00 1.26e+00  1e+00  1e+00 28:54.0
   11    132 -2.684250340106420e-02 1.3e+00 1.24e+00  1e+00  1e+00 31:45.5
   12    144 -2.872920462806006e-02 1.4e+00 1.19e+00  1e+00  1e+00 34:38.1
   13    156 -3.856962601670530e-02 1.4e+00 1.15e+00  1e+00  1e+00 37:27.3
   14    168 -7.150282368219682e-03 1.4e+00 1.14e+00  1e+00  1e+00 40:24.7
   15    180 1.164391438310283e-03 1.4e+00 1.14e+00  1e+00  1e+00 43:18.0
   16    192 -2.185278089178283e-02 1.4e+00 1.12e+00  1e+00  1e+00 46:10.4
   17    204 -4.300662148061856e-02 1.5e+00 1.09e+00  1e+00  1e+00 48:59.6
   18    216 -2.267495254991586e-03 1.5e+00 1.09e+00  1e+00  1e+00 52:01.5
   19    228 -2.957080108390988e-02 1.5e+00 1.10e+00  1e+00  1e+00 54:58.2
   20    240 -4.006066905629836e-02 1.5e+00 1.14e+00  1e+00  1e+00 58:01.3
   21    252 3.944326779927848e-02 1.5e+00 1.16e+00  1e+00  1e+00 61:02.6
   22    264 -2.590970076628285e-02 1.5e+00 1.16e+00  1e+00  1e+00 64:00.2
   23    276 -1.984372457972910e-02 1.5e+00 1.17e+00  1e+00  1e+00 67:01.6
   24    288 -9.059960262462603e-03 1.5e+00 1.22e+00  1e+00  1e+00 70:00.5
   25    300 -6.259959317784501e-03 1.5e+00 1.26e+00  1e+00  1e+00 73:10.5
   26    312 -4.222242763269942e-03 1.6e+00 1.26e+00  1e+00  1e+00 76:15.9
   27    324 -3.739740378015571e-02 1.6e+00 1.22e+00  1e+00  1e+00 79:20.6
   28    336 -3.372982989499568e-02 1.6e+00 1.18e+00  1e+00  1e+00 82:23.5
   29    348 -1.896619483997993e-02 1.6e+00 1.16e+00  1e+00  1e+00 85:17.6
   30    360 -3.639134431114701e-02 1.6e+00 1.13e+00  1e+00  1e+00 88:03.7
   31    372 4.821985144953920e-02 1.6e+00 1.10e+00  1e+00  1e+00 90:59.5
   32    384 -3.803749761258926e-02 1.7e+00 1.10e+00  1e+00  1e+00 93:45.8
   33    396 1.733846339851266e-02 1.7e+00 1.10e+00  1e+00  1e+00 96:35.8
   34    408 -2.587450259180323e-02 1.7e+00 1.14e+00  1e+00  1e+00 99:24.1
   35    420 -1.479391920421164e-02 1.7e+00 1.19e+00  1e+00  1e+00 102:13.8
   36    432 -2.048379516771687e-02 1.8e+00 1.24e+00  1e+00  1e+00 105:00.7
   37    444 2.480507054631498e-02 1.8e+00 1.30e+00  1e+00  1e+00 107:48.6
   38    456 3.339899951727184e-02 1.8e+00 1.29e+00  1e+00  1e+00 110:34.2
   39    468 -2.706826912811049e-02 1.7e+00 1.25e+00  1e+00  1e+00 113:18.4
   40    480 -3.109628320463205e-02 1.8e+00 1.23e+00  1e+00  1e+00 116:01.2
   41    492 -3.543404728684468e-02 1.8e+00 1.24e+00  1e+00  1e+00 118:46.2
   42    504 -2.381438602495024e-02 1.8e+00 1.30e+00  1e+00  1e+00 121:37.8
   43    516 -3.019871231636356e-02 1.8e+00 1.28e+00  1e+00  1e+00 124:23.2
   44    528 -2.677640853939925e-02 1.8e+00 1.27e+00  1e+00  1e+00 127:03.8
   45    540 -2.693136442833907e-02 1.8e+00 1.23e+00  1e+00  1e+00 129:42.8
   46    552 -1.877325861664832e-02 1.8e+00 1.18e+00  1e+00  1e+00 132:25.7
   47    564 -4.551642432338975e-02 1.8e+00 1.17e+00  1e+00  1e+00 135:13.5
   48    576 -3.174979136458210e-02 1.8e+00 1.14e+00  1e+00  1e+00 137:58.2
   49    588 7.690083851581091e-03 1.8e+00 1.09e+00  1e+00  1e+00 140:41.7
   50    600 -2.402909694673046e-02 1.8e+00 1.04e+00  9e-01  1e+00 143:30.2
   51    612 -3.100361442476707e-02 1.9e+00 1.01e+00  9e-01  1e+00 146:12.5
   52    624 -1.502254561088230e-02 1.9e+00 1.02e+00  9e-01  1e+00 148:55.9
   53    636 -6.182871419273445e-04 1.9e+00 1.07e+00  1e+00  1e+00 151:36.6
   54    648 -3.380791800344956e-02 2.0e+00 1.10e+00  1e+00  1e+00 154:17.7
   55    660 -2.096582644817090e-02 2.1e+00 1.11e+00  1e+00  1e+00 156:55.8
   56    672 -3.823801115775689e-02 2.2e+00 1.09e+00  1e+00  1e+00 159:37.9
   57    684 -1.927645931777302e-02 2.2e+00 1.09e+00  1e+00  1e+00 162:21.4
   58    696 -3.594825392418029e-02 2.1e+00 1.08e+00  1e+00  1e+00 165:00.9
   59    708 -2.889572311514570e-02 2.1e+00 1.08e+00  1e+00  1e+00 167:38.8
   60    720 4.427217942281187e-03 2.1e+00 1.06e+00  9e-01  1e+00 170:16.4
   61    732 -2.715362624976883e-02 2.2e+00 1.05e+00  9e-01  1e+00 172:55.5
   62    744 6.086027214690572e-02 2.2e+00 1.04e+00  9e-01  1e+00 175:35.3
   63    756 -6.880716236533457e-03 2.2e+00 1.04e+00  9e-01  1e+00 178:10.7
   64    768 -1.686947194096076e-02 2.2e+00 1.02e+00  9e-01  1e+00 180:51.4
   65    780 1.624999404235547e-02 2.2e+00 9.96e-01  9e-01  1e+00 183:34.3
   66    792 -2.396508843827870e-02 2.2e+00 9.63e-01  9e-01  1e+00 186:18.1
   67    804 -2.308737723823521e-02 2.2e+00 9.48e-01  8e-01  1e+00 189:02.0
   68    816 -1.930430032808141e-02 2.2e+00 9.74e-01  9e-01  1e+00 191:41.5
   69    828 -3.553836807066419e-02 2.2e+00 9.90e-01  9e-01  1e+00 194:18.1
   70    840 -2.641595093184821e-02 2.2e+00 9.99e-01  9e-01  1e+00 196:59.8
   71    852 -3.333393601395033e-02 2.2e+00 1.00e+00  9e-01  1e+00 199:40.5
   72    864 -3.321307285015652e-02 2.2e+00 1.00e+00  9e-01  1e+00 202:22.9
   73    876 -1.516198647331225e-02 2.2e+00 1.02e+00  9e-01  1e+00 205:09.0
   74    888 2.579223105109934e-02 2.2e+00 9.93e-01  9e-01  1e+00 207:51.7
   75    900 -2.430102409269585e-02 2.2e+00 9.55e-01  8e-01  1e+00 210:32.9
   76    912 -2.764418995749608e-02 2.2e+00 9.18e-01  8e-01  1e+00 213:11.1
   77    924 -7.042164406683770e-03 2.2e+00 8.77e-01  8e-01  1e+00 215:51.3
   78    936 -2.485885046767976e-02 2.2e+00 8.51e-01  7e-01  9e-01 218:29.4
   79    948 -1.471364896819431e-02 2.2e+00 8.59e-01  8e-01  9e-01 221:17.2
   80    960 -3.756281370046117e-02 2.3e+00 8.70e-01  8e-01  9e-01 224:03.4
   81    972 -2.009298585814946e-02 2.3e+00 8.39e-01  7e-01  9e-01 226:53.6
   82    984 -2.704296040010803e-02 2.3e+00 8.37e-01  7e-01  9e-01 229:40.5
   83    996 -2.060351924859094e-02 2.3e+00 8.40e-01  7e-01  9e-01 232:21.8
   84   1008 -3.175624922011875e-02 2.3e+00 8.69e-01  8e-01  9e-01 235:04.1
   85   1020 -2.574035269350279e-02 2.3e+00 9.10e-01  8e-01  1e+00 237:48.7
   86   1032 -4.166624541273901e-02 2.3e+00 9.48e-01  8e-01  1e+00 240:34.0
   87   1044 -2.799246715274252e-02 2.3e+00 9.52e-01  8e-01  1e+00 243:21.8
   88   1056 -2.242320414259520e-02 2.3e+00 9.35e-01  8e-01  1e+00 246:06.2
   89   1068 -4.119437794241858e-02 2.3e+00 9.53e-01  8e-01  1e+00 248:46.0
   90   1080 -4.457342273554173e-02 2.4e+00 9.53e-01  8e-01  1e+00 251:27.1
   91   1092 -2.564808692116756e-02 2.4e+00 9.74e-01  8e-01  1e+00 254:04.7
   92   1104 -2.480696292244122e-03 2.4e+00 1.02e+00  9e-01  1e+00 256:34.7
   93   1116 -1.943645625437778e-02 2.4e+00 1.07e+00  9e-01  1e+00 259:05.9
   94   1128 -3.305685532365162e-02 2.5e+00 1.12e+00  9e-01  1e+00 261:42.6
   95   1140 -3.415593262007088e-02 2.5e+00 1.16e+00  1e+00  1e+00 264:19.6
   96   1152 -3.449010312066181e-02 2.5e+00 1.22e+00  1e+00  1e+00 266:54.4
   97   1164 -2.682103780402639e-02 2.5e+00 1.23e+00  1e+00  1e+00 269:31.6
   98   1176 -2.979827935323692e-02 2.6e+00 1.19e+00  1e+00  1e+00 272:08.8
   99   1188 -4.226696486495360e-02 2.6e+00 1.17e+00  1e+00  1e+00 274:41.7
  100   1200 -4.131167634377305e-02 2.6e+00 1.16e+00  1e+00  1e+00 277:12.7
  101   1212 -3.588752985798176e-02 2.5e+00 1.10e+00  9e-01  1e+00 279:41.8
  102   1224 4.103035505654212e-02 2.5e+00 1.08e+00  9e-01  1e+00 282:19.6
  103   1236 -5.369953124745796e-03 2.5e+00 1.10e+00  9e-01  1e+00 284:53.8
  104   1248 -1.843145790054107e-02 2.5e+00 1.12e+00  9e-01  1e+00 287:23.6
  105   1260 5.867814177473388e-02 2.6e+00 1.09e+00  9e-01  1e+00 289:55.0
  106   1272 -2.878477128949215e-02 2.6e+00 1.09e+00  9e-01  1e+00 292:24.7
  107   1284 -3.238715344524192e-02 2.6e+00 1.10e+00  9e-01  1e+00 294:53.1
  108   1296 -1.861531261775340e-02 2.6e+00 1.13e+00  9e-01  1e+00 297:24.4
  109   1308 -3.354422498689955e-02 2.6e+00 1.24e+00  1e+00  1e+00 299:56.1
  110   1320 -3.443168669950014e-02 2.6e+00 1.32e+00  1e+00  2e+00 302:29.9
  111   1332 -2.607064080736315e-02 2.5e+00 1.38e+00  1e+00  2e+00 304:58.7
  112   1344 -2.354308921767185e-02 2.5e+00 1.44e+00  1e+00  2e+00 307:30.3
  113   1356 -4.024038731579581e-02 2.6e+00 1.47e+00  1e+00  2e+00 309:59.9
  114   1368 -8.054273691350193e-03 2.6e+00 1.49e+00  1e+00  2e+00 312:35.2
  115   1380 -2.195481951238815e-02 2.6e+00 1.52e+00  1e+00  2e+00 315:07.7
  116   1392 -2.501406561589877e-02 2.7e+00 1.52e+00  1e+00  2e+00 317:40.6
  117   1404 -1.189144740046884e-02 2.7e+00 1.53e+00  1e+00  2e+00 320:12.4
  118   1416 -1.950112263783798e-02 2.7e+00 1.51e+00  1e+00  2e+00 322:49.5
  119   1428 -1.056844108001735e-02 2.7e+00 1.51e+00  1e+00  2e+00 325:30.6
  120   1440 -3.155218067517267e-02 2.7e+00 1.46e+00  1e+00  2e+00 328:11.5
  121   1452 6.975614656995981e-02 2.7e+00 1.38e+00  1e+00  2e+00 330:46.6
  122   1464 5.060381702062411e-05 2.8e+00 1.33e+00  1e+00  2e+00 333:20.2
  123   1476 2.859241576770925e-02 2.8e+00 1.32e+00  1e+00  1e+00 335:59.8
  124   1488 -1.786204130901738e-02 2.8e+00 1.30e+00  1e+00  1e+00 338:35.6
  125   1500 -3.565825505867606e-03 2.8e+00 1.33e+00  1e+00  1e+00 341:15.8
  126   1512 -3.438019342433024e-02 2.8e+00 1.40e+00  1e+00  2e+00 343:53.1
  127   1524 -1.474134303372782e-02 2.7e+00 1.42e+00  1e+00  2e+00 346:32.0
  128   1536 -2.256112328464063e-02 2.8e+00 1.46e+00  1e+00  2e+00 349:07.4
  129   1548 -8.188351237666887e-04 2.7e+00 1.45e+00  1e+00  2e+00 351:45.5
  130   1560 -4.045493324789886e-02 2.7e+00 1.45e+00  1e+00  2e+00 354:17.8
  131   1572 -2.469873657775528e-02 2.7e+00 1.43e+00  1e+00  2e+00 356:53.3
  132   1584 -1.352191713684510e-02 2.7e+00 1.46e+00  1e+00  2e+00 359:28.6
  133   1596 -2.641237486158002e-02 2.7e+00 1.45e+00  1e+00  2e+00 362:05.4
  134   1608 -2.411083424502081e-02 2.7e+00 1.48e+00  1e+00  2e+00 364:35.7
  135   1620 -3.898297934412846e-02 2.7e+00 1.48e+00  1e+00  2e+00 367:07.7
  136   1632 -3.677469170973417e-02 2.7e+00 1.47e+00  1e+00  2e+00 369:39.2
  137   1644 -1.380015215495799e-02 2.7e+00 1.45e+00  1e+00  2e+00 372:14.4
  138   1656 -4.138858698929428e-02 2.7e+00 1.44e+00  1e+00  2e+00 374:51.3
  139   1668 -2.597059766911456e-02 2.7e+00 1.43e+00  1e+00  2e+00 377:27.6
  140   1680 -2.175819656655864e-02 2.7e+00 1.44e+00  1e+00  2e+00 380:05.0
  141   1692 -8.930931674023731e-03 2.8e+00 1.44e+00  1e+00  2e+00 382:40.3
  142   1704 -3.357155115704866e-02 2.8e+00 1.45e+00  1e+00  2e+00 385:18.2
  143   1716 -2.243402752855532e-02 2.8e+00 1.46e+00  1e+00  2e+00 387:52.2
  144   1728 -2.529666361042064e-02 2.8e+00 1.50e+00  1e+00  2e+00 390:29.2
  145   1740 -3.165402100166109e-02 2.8e+00 1.49e+00  1e+00  2e+00 393:15.7
  146   1752 -4.291395299196656e-02 2.7e+00 1.47e+00  1e+00  2e+00 396:01.3
  147   1764 2.542674443418974e-02 2.8e+00 1.43e+00  1e+00  2e+00 398:41.5
  148   1776 -2.836207703000366e-02 2.8e+00 1.40e+00  1e+00  2e+00 401:23.1
  149   1788 -2.476657159531368e-02 2.8e+00 1.36e+00  1e+00  2e+00 403:59.4
  150   1800 -3.683583285347677e-02 2.9e+00 1.30e+00  1e+00  2e+00 406:33.6
  151   1812 -2.935384004815327e-02 2.9e+00 1.27e+00  1e+00  2e+00 409:09.6
  152   1824 -4.204038851855446e-02 2.9e+00 1.30e+00  1e+00  2e+00 411:48.0
  153   1836 -1.486877760640674e-02 2.9e+00 1.37e+00  1e+00  2e+00 414:24.7
  154   1848 -5.287567273558966e-03 3.0e+00 1.39e+00  1e+00  2e+00 416:58.5
  156   1872 -4.065175149846446e-02 3.0e+00 1.40e+00  1e+00  2e+00 422:11.5
  158   1896 -2.291602900764361e-02 3.0e+00 1.46e+00  1e+00  2e+00 427:22.7
  160   1920 -3.037463185386454e-02 3.0e+00 1.50e+00  1e+00  2e+00 432:30.4
  162   1944 -3.072970776287469e-02 3.0e+00 1.50e+00  1e+00  2e+00 437:53.3
  163   1956 2.753743173290690e-03 3.0e+00 1.52e+00  1e+00  2e+00 440:33.6
  164   1968 -2.538804701047486e-02 3.1e+00 1.54e+00  1e+00  2e+00 443:15.6
  166   1992 -3.240169100161176e-02 3.1e+00 1.48e+00  1e+00  2e+00 448:38.0
  168   2016 -2.912139072460395e-02 3.1e+00 1.46e+00  1e+00  2e+00 453:56.5
  170   2040 -1.760483049358879e-02 3.1e+00 1.44e+00  1e+00  2e+00 459:12.8
  172   2064 2.450954458529817e-02 3.1e+00 1.40e+00  1e+00  2e+00 464:36.9
  174   2088 -2.176481073482243e-02 3.1e+00 1.45e+00  1e+00  2e+00 470:06.1
  175   2100 -2.639786178899364e-02 3.1e+00 1.50e+00  1e+00  2e+00 472:52.6
  176   2112 -3.171548323576900e-02 3.1e+00 1.50e+00  1e+00  2e+00 475:41.1
  178   2136 -2.411438320939045e-02 3.2e+00 1.57e+00  1e+00  2e+00 481:19.6
  180   2160 -2.623226793176402e-02 3.2e+00 1.49e+00  1e+00  2e+00 486:52.1
  182   2184 -1.362801985029709e-02 3.2e+00 1.44e+00  1e+00  2e+00 492:25.5
  184   2208 -4.111705946453042e-02 3.2e+00 1.38e+00  1e+00  2e+00 498:03.6
  186   2232 5.281333058485377e-02 3.2e+00 1.47e+00  1e+00  2e+00 503:29.0
  187   2244 -1.517049518019655e-02 3.2e+00 1.46e+00  1e+00  2e+00 506:22.5
  189   2268 -2.292028450500323e-02 3.3e+00 1.52e+00  1e+00  2e+00 511:40.1
  191   2292 -2.890876138822111e-02 3.3e+00 1.61e+00  1e+00  2e+00 516:41.9
  193   2316 8.992030714840825e-03 3.4e+00 1.85e+00  1e+00  2e+00 521:42.9
  195   2340 5.426213202464419e-03 3.4e+00 2.01e+00  2e+00  2e+00 526:48.3
  197   2364 -3.035171068790221e-02 3.4e+00 2.00e+00  2e+00  2e+00 531:47.5
  199   2388 1.295782850585247e-02 3.4e+00 2.03e+00  2e+00  2e+00 536:45.4
  200   2400 -2.039529859976591e-02 3.4e+00 1.95e+00  2e+00  2e+00 539:11.0
  202   2424 6.835750208597625e-03 3.4e+00 1.94e+00  1e+00  2e+00 543:59.2
  204   2448 -6.648762965505381e-03 3.4e+00 1.95e+00  1e+00  2e+00 548:42.9
  206   2472 -3.614449907578927e-03 3.4e+00 2.11e+00  2e+00  3e+00 553:36.5
  208   2496 -3.929270757577775e-02 3.5e+00 2.09e+00  2e+00  3e+00 558:27.7
  210   2520 8.317051916763933e-03 3.5e+00 1.96e+00  1e+00  2e+00 563:23.4
  212   2544 -1.579855821573703e-02 3.5e+00 2.05e+00  2e+00  3e+00 568:12.8
  214   2568 2.516985890514605e-02 3.5e+00 2.01e+00  1e+00  3e+00 573:04.4
  216   2592 1.026348506459545e-02 3.5e+00 2.00e+00  1e+00  3e+00 578:08.3
  218   2616 1.955588805682173e-03 3.5e+00 1.93e+00  1e+00  2e+00 583:29.9
  220   2640 2.559411879722531e-02 3.5e+00 1.82e+00  1e+00  2e+00 588:30.9
  222   2664 4.944411868277571e-03 3.6e+00 1.63e+00  1e+00  2e+00 593:33.8
  224   2688 -2.544159818263839e-02 3.6e+00 1.55e+00  1e+00  2e+00 598:40.1
  226   2712 7.631858625735957e-02 3.7e+00 1.55e+00  1e+00  2e+00 603:38.7
  228   2736 5.510696658697448e-02 3.7e+00 1.62e+00  1e+00  2e+00 608:47.1
  230   2760 1.168940976472363e-02 3.7e+00 1.65e+00  1e+00  2e+00 614:02.1
  232   2784 1.319623754932194e-02 3.7e+00 1.62e+00  1e+00  2e+00 619:03.2
  234   2808 8.196002471074508e-02 3.7e+00 1.65e+00  1e+00  2e+00 624:07.3
  236   2832 6.950179244597253e-03 3.8e+00 1.63e+00  1e+00  2e+00 629:04.2
  238   2856 1.592951739779688e-02 3.7e+00 1.78e+00  1e+00  2e+00 634:06.6
  240   2880 -1.204696374089649e-02 3.7e+00 1.92e+00  1e+00  2e+00 639:09.7
  242   2904 6.425922213140389e-02 3.7e+00 2.00e+00  1e+00  3e+00 644:22.2
  244   2928 6.988108672501424e-02 3.8e+00 1.97e+00  1e+00  3e+00 649:25.4
  246   2952 3.859202832809627e-02 3.8e+00 1.93e+00  1e+00  2e+00 654:22.8
  248   2976 5.040921602193956e-02 3.8e+00 1.79e+00  1e+00  2e+00 659:22.7
  250   3000 6.149641279322031e-02 3.8e+00 1.65e+00  1e+00  2e+00 664:39.9
  252   3024 3.488058343619237e-02 3.8e+00 1.53e+00  1e+00  2e+00 669:56.7
  254   3048 1.505281944108378e-02 3.9e+00 1.51e+00  1e+00  2e+00 675:14.2
  256   3072 3.182508519535982e-02 3.9e+00 1.50e+00  1e+00  2e+00 680:22.4
  258   3096 1.785926127276662e-02 4.0e+00 1.46e+00  1e+00  2e+00 685:31.5
  260   3120 4.546852717462868e-02 4.1e+00 1.44e+00  1e+00  2e+00 690:39.4
  262   3144 1.914472535826455e-02 4.1e+00 1.36e+00  1e+00  2e+00 695:46.5
  264   3168 -1.287013819727197e-03 4.2e+00 1.35e+00  1e+00  2e+00 700:51.7
  266   3192 4.919343524664151e-02 4.3e+00 1.33e+00  1e+00  2e+00 705:58.5
  268   3216 2.136541227660604e-02 4.3e+00 1.38e+00  1e+00  2e+00 711:01.0
  270   3240 1.393396888291270e-02 4.3e+00 1.43e+00  1e+00  2e+00 715:59.4
  272   3264 3.651236150860544e-02 4.3e+00 1.52e+00  1e+00  2e+00 720:54.7
  274   3288 1.655864890445441e-01 4.3e+00 1.65e+00  1e+00  2e+00 725:57.6
  276   3312 -4.953363367693535e-03 4.4e+00 1.62e+00  1e+00  2e+00 731:01.9
  278   3336 2.213970013727959e-02 4.3e+00 1.57e+00  1e+00  2e+00 736:09.3
  280   3360 9.331501587107634e-03 4.5e+00 1.73e+00  1e+00  2e+00 741:20.4
  282   3384 1.699389425805356e-03 4.7e+00 1.98e+00  1e+00  3e+00 746:27.8
  284   3408 1.196644005003127e-02 4.9e+00 2.19e+00  2e+00  3e+00 751:30.5
  286   3432 4.392087544981558e-03 5.0e+00 2.20e+00  2e+00  3e+00 756:30.9
  288   3456 4.960460788366369e-02 5.0e+00 2.30e+00  2e+00  3e+00 761:34.0
  290   3480 4.220106910509784e-02 5.0e+00 2.40e+00  2e+00  3e+00 766:43.9
  292   3504 1.928900667432462e-02 5.0e+00 2.46e+00  2e+00  3e+00 771:39.6
  294   3528 1.661976910043995e-02 5.1e+00 2.62e+00  2e+00  3e+00 776:38.0
  296   3552 8.084230996991137e-02 5.0e+00 2.71e+00  2e+00  3e+00 781:32.9
  298   3576 5.904364815018163e-02 5.1e+00 2.90e+00  2e+00  4e+00 786:24.4
  300   3600 4.600759953418708e-02 5.1e+00 2.99e+00  2e+00  4e+00 791:20.6
  302   3624 6.763422173275577e-02 5.1e+00 3.02e+00  2e+00  4e+00 796:18.5
  304   3648 1.704103741108051e-02 5.1e+00 2.92e+00  2e+00  4e+00 801:17.9
  306   3672 1.043728319909357e-01 4.9e+00 2.73e+00  2e+00  4e+00 806:08.9
  308   3696 5.075808704331119e-02 4.9e+00 2.57e+00  2e+00  3e+00 811:07.2
  310   3720 7.942470028900421e-02 4.9e+00 2.32e+00  2e+00  3e+00 815:55.6
  312   3744 1.178680021821917e-01 4.9e+00 2.16e+00  2e+00  3e+00 820:50.1
  314   3768 7.254639567839752e-02 4.9e+00 2.08e+00  2e+00  3e+00 825:59.1
  316   3792 1.841473016331427e-02 4.9e+00 2.08e+00  2e+00  3e+00 830:56.2
  318   3816 3.131343357337750e-02 5.0e+00 2.03e+00  1e+00  3e+00 835:44.3
  320   3840 -5.493705613906420e-03 5.0e+00 2.08e+00  2e+00  3e+00 840:33.6
  322   3864 -4.623035317717769e-03 5.0e+00 2.16e+00  2e+00  3e+00 845:24.5
  324   3888 6.081988466678138e-02 5.0e+00 2.11e+00  2e+00  3e+00 850:11.2
  326   3912 2.809427107437495e-02 5.0e+00 2.34e+00  2e+00  3e+00 855:12.1
  328   3936 6.570067223849269e-04 5.2e+00 2.32e+00  2e+00  3e+00 860:15.5
  330   3960 6.382570141313214e-03 5.3e+00 2.20e+00  2e+00  3e+00 865:09.7
  332   3984 5.016223493536990e-02 5.2e+00 2.18e+00  2e+00  3e+00 870:12.8
  334   4008 4.791366158453528e-02 5.3e+00 2.09e+00  2e+00  3e+00 875:04.9
  336   4032 3.294355223612995e-02 5.4e+00 1.85e+00  1e+00  2e+00 880:06.4
  338   4056 5.473376278548153e-02 5.4e+00 1.80e+00  1e+00  2e+00 885:15.4
  340   4080 1.295637567582148e-02 5.4e+00 1.80e+00  1e+00  2e+00 890:17.8
  342   4104 1.589113498562073e-02 5.4e+00 1.81e+00  1e+00  2e+00 895:18.4
  344   4128 4.523704871186743e-02 5.4e+00 1.98e+00  1e+00  3e+00 900:25.4
  346   4152 5.266511848170384e-02 5.3e+00 2.04e+00  1e+00  3e+00 905:24.5
  348   4176 9.779707700860381e-02 5.4e+00 1.87e+00  1e+00  2e+00 910:31.4
  350   4200 6.339941422205457e-03 5.4e+00 1.69e+00  1e+00  2e+00 915:41.5
  352   4224 8.716968926211573e-02 5.5e+00 1.65e+00  1e+00  2e+00 920:48.7
  354   4248 -2.942718333608228e-02 5.4e+00 1.76e+00  1e+00  2e+00 925:50.3
  356   4272 6.765914376879181e-02 5.5e+00 1.88e+00  1e+00  3e+00 930:49.3
  358   4296 -1.422932097206322e-02 5.6e+00 1.91e+00  1e+00  3e+00 935:48.5
  360   4320 4.240751902030516e-02 5.7e+00 2.03e+00  1e+00  3e+00 940:50.9
  362   4344 3.569947577486212e-02 5.7e+00 2.00e+00  1e+00  3e+00 945:49.3
  364   4368 2.634096779478218e-02 5.7e+00 1.96e+00  1e+00  3e+00 950:46.0
  366   4392 2.580633852913049e-02 5.8e+00 1.93e+00  1e+00  3e+00 955:42.3
  368   4416 1.028584835009369e-02 5.8e+00 1.88e+00  1e+00  3e+00 960:35.5
  370   4440 4.008807702369308e-02 5.9e+00 1.90e+00  1e+00  3e+00 965:26.2
  372   4464 4.754951494746297e-02 6.0e+00 1.90e+00  1e+00  3e+00 970:19.1
  374   4488 1.894865832230103e-02 5.9e+00 2.10e+00  2e+00  3e+00 975:12.5
  376   4512 8.809842664590080e-02 5.9e+00 2.44e+00  2e+00  3e+00 980:13.9
  378   4536 1.704408791754025e-02 5.8e+00 2.51e+00  2e+00  3e+00 985:13.6
  380   4560 1.657965019577536e-02 5.8e+00 2.54e+00  2e+00  3e+00 990:20.1
  382   4584 1.787000782929777e-02 5.8e+00 2.61e+00  2e+00  4e+00 995:18.0
  384   4608 4.446412362483754e-02 5.9e+00 2.69e+00  2e+00  4e+00 1000:18.9
  386   4632 7.906850500592097e-02 6.0e+00 2.74e+00  2e+00  4e+00 1005:18.0
  388   4656 -1.662771398046796e-02 5.9e+00 2.78e+00  2e+00  4e+00 1010:13.7
  390   4680 -9.651392836510855e-03 6.0e+00 2.69e+00  2e+00  4e+00 1015:09.7
  392   4704 4.117922093403738e-02 6.0e+00 2.47e+00  2e+00  3e+00 1020:18.2
  394   4728 3.163151196221774e-02 6.0e+00 2.53e+00  2e+00  3e+00 1025:19.8
  396   4752 4.271377876912476e-02 6.0e+00 2.72e+00  2e+00  4e+00 1030:14.8
  398   4776 1.567523464600949e-02 6.1e+00 2.79e+00  2e+00  4e+00 1035:14.6
  400   4800 2.888214366148475e-02 6.2e+00 2.63e+00  2e+00  4e+00 1040:15.1
  402   4824 8.770274194108424e-02 6.2e+00 2.58e+00  2e+00  4e+00 1045:17.2
  404   4848 4.375269153140214e-02 6.2e+00 2.54e+00  2e+00  4e+00 1050:18.9
  406   4872 5.534111537502399e-02 6.2e+00 2.55e+00  2e+00  3e+00 1055:17.8
  408   4896 -2.085078241539398e-02 6.4e+00 2.35e+00  2e+00  3e+00 1060:20.4
  410   4920 -1.726673682237915e-02 6.5e+00 2.22e+00  2e+00  3e+00 1065:31.0
  412   4944 8.236707793334376e-02 6.6e+00 2.24e+00  2e+00  3e+00 1070:32.5
  414   4968 -1.491354492237457e-03 6.6e+00 2.10e+00  2e+00  3e+00 1075:31.1
  416   4992 2.831988101661472e-02 6.5e+00 1.89e+00  1e+00  3e+00 1080:27.9
  418   5016 -8.611611926961388e-03 6.5e+00 1.70e+00  1e+00  2e+00 1085:26.2
  420   5040 4.306859505659263e-02 6.6e+00 1.67e+00  1e+00  2e+00 1090:31.7
  422   5064 1.461259044148068e-02 6.4e+00 1.72e+00  1e+00  2e+00 1095:22.2
  424   5088 2.310553180081871e-03 6.5e+00 1.84e+00  1e+00  2e+00 1100:20.2
  427   5124 2.068964583358802e-02 6.8e+00 1.80e+00  1e+00  2e+00 1107:27.4
  430   5160 2.002458971525832e-03 6.9e+00 1.83e+00  1e+00  2e+00 1114:46.4
  433   5196 -9.839429601555129e-03 6.9e+00 1.72e+00  1e+00  2e+00 1121:40.9
  436   5232 3.478025825401113e-02 7.0e+00 1.63e+00  1e+00  2e+00 1128:53.8
  439   5268 1.677015710857566e-02 7.0e+00 1.59e+00  1e+00  2e+00 1135:59.5
  442   5304 4.059980377743615e-03 7.1e+00 1.55e+00  1e+00  2e+00 1143:05.0
  445   5340 -2.343825503655660e-02 6.8e+00 1.56e+00  1e+00  2e+00 1149:54.5
  448   5376 7.925487372459447e-03 7.0e+00 1.48e+00  1e+00  2e+00 1156:31.7
  451   5412 -4.467074215107852e-03 7.0e+00 1.42e+00  1e+00  2e+00 1163:24.1
  454   5448 4.688193224128273e-03 6.9e+00 1.48e+00  1e+00  2e+00 1170:08.8
  457   5484 5.097835967073312e-02 7.0e+00 1.37e+00  1e+00  2e+00 1176:59.5
  460   5520 -1.497888414999764e-02 6.8e+00 1.25e+00  9e-01  2e+00 1183:51.8
  463   5556 -1.719741491433125e-02 6.9e+00 1.20e+00  9e-01  2e+00 1190:40.5
  466   5592 2.820852404918794e-02 6.8e+00 1.16e+00  9e-01  2e+00 1197:57.2
  469   5628 -1.563060279302536e-03 7.0e+00 1.24e+00  9e-01  2e+00 1205:20.6
  472   5664 4.070921766104187e-02 7.3e+00 1.36e+00  1e+00  2e+00 1212:25.1
  475   5700 -7.559713237874153e-03 7.4e+00 1.49e+00  1e+00  2e+00 1219:31.2
  478   5736 9.610171190750105e-02 7.5e+00 1.55e+00  1e+00  2e+00 1226:30.9
  481   5772 1.992956104697179e-02 7.4e+00 1.80e+00  1e+00  2e+00 1233:04.6
  484   5808 3.935195820479929e-02 7.4e+00 1.81e+00  1e+00  2e+00 1239:57.8
  487   5844 2.199187400647027e-02 7.6e+00 1.73e+00  1e+00  2e+00 1246:42.1
  490   5880 1.013694029714294e-02 7.7e+00 1.78e+00  1e+00  2e+00 1252:38.8
  493   5916 4.851182708231183e-02 7.8e+00 1.83e+00  1e+00  2e+00 1259:29.8
  496   5952 2.883148780371467e-02 7.9e+00 2.11e+00  1e+00  3e+00 1266:33.0
  499   5988 3.929696834475180e-02 8.0e+00 2.08e+00  1e+00  3e+00 1273:44.0
  500   6000 6.402280646500115e-03 7.9e+00 2.03e+00  1e+00  3e+00 1276:17.8
  503   6036 7.066184472597482e-02 7.9e+00 1.71e+00  1e+00  2e+00 1283:32.4
  506   6072 3.145690151755988e-02 7.9e+00 1.53e+00  1e+00  2e+00 1290:48.2
  509   6108 2.931513033697053e-02 7.9e+00 1.50e+00  1e+00  2e+00 1298:11.8
  512   6144 1.630811710659704e-02 7.9e+00 1.55e+00  1e+00  2e+00 1305:24.3
  515   6180 2.828463053785090e-02 7.9e+00 1.55e+00  1e+00  2e+00 1312:50.8
  518   6216 -1.468296038424825e-02 8.0e+00 1.55e+00  1e+00  2e+00 1319:52.9
  521   6252 1.386768804908258e-02 8.0e+00 1.62e+00  1e+00  2e+00 1326:56.9
  524   6288 -5.254664004366459e-03 8.2e+00 1.73e+00  1e+00  2e+00 1333:51.2
  527   6324 -3.955105149894518e-03 8.2e+00 1.76e+00  1e+00  2e+00 1340:58.7
  530   6360 5.512645067643306e-03 8.2e+00 1.71e+00  1e+00  2e+00 1348:05.1
  533   6396 8.716327891364945e-03 8.3e+00 1.59e+00  1e+00  2e+00 1355:13.3
  536   6432 -7.353903670183696e-03 8.2e+00 1.46e+00  1e+00  2e+00 1362:35.3
  539   6468 -1.651984446412580e-03 8.3e+00 1.30e+00  9e-01  2e+00 1369:54.1
  542   6504 -1.301855873833401e-02 8.6e+00 1.14e+00  8e-01  1e+00 1376:49.2
  545   6540 -9.610037294013883e-03 8.8e+00 1.00e+00  7e-01  1e+00 1383:39.7
  548   6576 8.313434316628661e-03 8.8e+00 9.06e-01  6e-01  1e+00 1390:41.2
  551   6612 3.486675344213921e-02 8.9e+00 8.99e-01  6e-01  1e+00 1397:34.8
  554   6648 1.887800065228596e-02 8.8e+00 8.93e-01  6e-01  1e+00 1404:40.4
  557   6684 3.836859929650344e-02 8.8e+00 8.66e-01  6e-01  1e+00 1411:43.6
  560   6720 3.205600225213749e-02 8.7e+00 8.11e-01  6e-01  1e+00 1418:41.8
  563   6756 6.336396969251225e-02 8.8e+00 7.96e-01  5e-01  1e+00 1425:43.1
  566   6792 1.083447313480973e-01 8.8e+00 7.36e-01  5e-01  9e-01 1432:48.7
  569   6828 -1.113271056673979e-02 8.8e+00 7.57e-01  5e-01  1e+00 1439:51.6
