Running job array 4 on pe79.int.triton.aalto.fi
Starting at Fri Mar 14 10:12:05 EET 2025
Activating virtual environment at /scratch/work/uotilav2/quantum-portfolio/venv
Processing batch 5/30: experiments 60 to 74 (total 15)
Processing experiment 60
Budget: 4792.399879455566
YF.download() has changed argument auto_adjust default to True
Expected returns: 0.18615507718957974
Covariance matrix: 0.45200915578594775
3rd-order coskewness tensor: -0.8843905199582662
4th-order cokurtosis tensor: 17.89054219578366
Number of qubits for asset HD: 4
Number of qubits for asset KO: 7
Total number of qubits:  11
Optimized Weights (considering variance, skewness and kurtosis):
HD: 41.19%
KO: 58.81%
Left over budget:  58.01499597106613
Optimized Discrete Allocation:
HD: 5
KO: 45
Maximized utility from continuous higher moments:  -6410257.537266217
Budget constraint satisfied 4638.44384765625 4792.399879455566 Difference:  153.9560317993164
Budget constraint satisfied 4700.703845977783 4792.399879455566 Difference:  91.6960334777832
smallest_eigenvalues: [-0.017730516391424988]
smallest_bitstrings: ['00110000000']
first_excited_energy: -0.017724936668936615
optimized_portfolio: [{'HD': 12, 'KO': 0}]
second_optimized_portfolio: [{'HD': 12, 'KO': 1}]
result_with_budget: [{'portfolio': {'HD': 12, 'KO': 0}, 'budget': 4638.44384765625, 'difference': 153.9560317993164, 'objective_value': -47350.16491978891}]
result_with_budget_excited: [{'portfolio': {'HD': 12, 'KO': 1}, 'budget': 4700.703845977783, 'difference': 91.6960334777832, 'objective_value': -54935.500362049526}]
Initial params:  [2.51063067 1.44978017 2.45210473 0.37157007 2.01037118 0.45035763
 2.96776493 1.63943485 1.3026989  0.83112597 2.43232687 1.43303853
 1.78578792 0.0590299  1.94035914 1.92295543 1.93815531 2.96487203
 2.14200164 1.12942738]
(6_w,12)-aCMA-ES (mu_w=3.7,w_1=40%) in dimension 20 (seed=1041693, Fri Mar 14 10:12:28 2025)
Iterat #Fevals   function value  axis ratio  sigma  min&max std  t[m:s]
    1     12 5.483955282794160e-02 1.0e+00 1.42e+00  1e+00  1e+00 0:42.3
    2     24 5.068636859027408e-02 1.1e+00 1.37e+00  1e+00  1e+00 1:24.8
    3     36 2.569442335005622e-02 1.2e+00 1.34e+00  1e+00  1e+00 2:07.4
    4     48 2.870677608111227e-02 1.2e+00 1.33e+00  1e+00  1e+00 2:50.1
    5     60 8.999019184562757e-02 1.2e+00 1.31e+00  1e+00  1e+00 3:32.9
    6     72 5.810587636244462e-02 1.2e+00 1.30e+00  1e+00  1e+00 4:15.6
    7     84 3.330236490525393e-02 1.3e+00 1.30e+00  1e+00  1e+00 4:58.4
    8     96 7.626748467567097e-02 1.3e+00 1.27e+00  1e+00  1e+00 5:41.2
    9    108 7.439553088767013e-02 1.3e+00 1.26e+00  1e+00  1e+00 6:24.0
   10    120 9.704488258248729e-02 1.3e+00 1.24e+00  1e+00  1e+00 7:06.8
   11    132 5.522825829189186e-02 1.4e+00 1.30e+00  1e+00  1e+00 7:49.6
   12    144 8.141234580233342e-02 1.4e+00 1.30e+00  1e+00  1e+00 8:32.3
   13    156 3.136503143845267e-02 1.5e+00 1.33e+00  1e+00  1e+00 9:15.0
   14    168 5.223160670229032e-02 1.5e+00 1.29e+00  1e+00  1e+00 9:57.6
   15    180 9.375822171526867e-02 1.5e+00 1.28e+00  1e+00  1e+00 10:40.3
   16    192 7.693813741942626e-02 1.5e+00 1.24e+00  1e+00  1e+00 11:23.1
   17    204 3.883115225267673e-02 1.5e+00 1.18e+00  1e+00  1e+00 12:06.1
   18    216 2.423718761954602e-02 1.5e+00 1.12e+00  1e+00  1e+00 12:48.9
   19    228 6.207975739372629e-02 1.5e+00 1.07e+00  1e+00  1e+00 13:31.8
   20    240 5.129370648654821e-02 1.5e+00 1.05e+00  1e+00  1e+00 14:14.5
   21    252 1.745773718594050e-02 1.5e+00 1.05e+00  1e+00  1e+00 14:57.3
   22    264 8.117409790702218e-03 1.5e+00 1.04e+00  1e+00  1e+00 15:40.0
   23    276 2.418589753966478e-02 1.6e+00 1.02e+00  9e-01  1e+00 16:22.8
   24    288 2.760700492949717e-02 1.6e+00 1.03e+00  1e+00  1e+00 17:05.5
   25    300 6.600928075677917e-02 1.6e+00 1.02e+00  1e+00  1e+00 17:48.2
   26    312 1.762602552342214e-02 1.6e+00 1.03e+00  1e+00  1e+00 18:31.0
   27    324 8.175311325829998e-03 1.6e+00 1.03e+00  1e+00  1e+00 19:13.9
   28    336 1.915038135213548e-02 1.6e+00 1.03e+00  1e+00  1e+00 19:56.8
   29    348 1.542437846248586e-02 1.6e+00 9.98e-01  9e-01  1e+00 20:39.6
   30    360 1.301258862373058e-02 1.6e+00 9.73e-01  9e-01  1e+00 21:22.3
   31    372 6.845861886129637e-02 1.6e+00 9.49e-01  9e-01  1e+00 22:05.0
   32    384 4.943704210984634e-02 1.6e+00 9.23e-01  8e-01  1e+00 22:47.6
   33    396 3.633204502959368e-02 1.6e+00 9.03e-01  8e-01  1e+00 23:30.3
   34    408 1.900520948237081e-02 1.6e+00 8.93e-01  8e-01  1e+00 24:13.1
   35    420 6.641751710751061e-02 1.6e+00 9.06e-01  8e-01  1e+00 24:55.9
   36    432 5.673155330819640e-02 1.7e+00 9.16e-01  8e-01  1e+00 25:38.6
   37    444 6.232334062030912e-02 1.7e+00 8.99e-01  8e-01  1e+00 26:21.3
   38    456 8.483244086820084e-02 1.7e+00 8.90e-01  8e-01  1e+00 27:04.2
   39    468 1.035446507657960e-02 1.7e+00 9.02e-01  8e-01  1e+00 27:47.7
   40    480 1.588048274450447e-02 1.7e+00 9.11e-01  8e-01  1e+00 28:30.6
   41    492 3.044288505683838e-02 1.7e+00 9.00e-01  8e-01  1e+00 29:13.3
   42    504 6.124915802858626e-02 1.7e+00 9.00e-01  8e-01  1e+00 29:55.9
   43    516 5.884786459948790e-02 1.8e+00 8.96e-01  8e-01  1e+00 30:38.6
   45    540 1.049415737544018e-01 1.8e+00 8.51e-01  8e-01  1e+00 32:04.3
   47    564 3.882672274012303e-02 1.8e+00 7.86e-01  7e-01  9e-01 33:29.7
   49    588 3.590769519221093e-02 1.8e+00 7.47e-01  7e-01  8e-01 34:55.3
   51    612 7.943901290565157e-02 1.8e+00 7.47e-01  7e-01  8e-01 36:20.9
   53    636 7.682704254033484e-02 1.8e+00 7.26e-01  6e-01  8e-01 37:46.3
   55    660 9.326230846801901e-02 1.8e+00 6.97e-01  6e-01  8e-01 39:12.0
   57    684 7.957782454313914e-02 1.8e+00 6.72e-01  6e-01  7e-01 40:37.4
   59    708 1.883177785986694e-02 1.8e+00 6.54e-01  6e-01  7e-01 42:02.9
   61    732 7.639587994260975e-02 1.9e+00 6.04e-01  5e-01  7e-01 43:28.5
   63    756 1.141994367662707e-01 1.8e+00 5.60e-01  5e-01  6e-01 44:54.1
   65    780 6.807619237932705e-03 1.9e+00 5.74e-01  5e-01  6e-01 46:19.8
   67    804 3.142116515052717e-02 1.9e+00 5.56e-01  5e-01  6e-01 47:45.2
   69    828 3.224206237933364e-02 1.9e+00 5.31e-01  5e-01  6e-01 49:10.8
   71    852 2.755790842766829e-02 1.9e+00 5.19e-01  5e-01  6e-01 50:36.4
   73    876 2.991249939934442e-02 1.9e+00 5.01e-01  4e-01  5e-01 52:01.3
   75    900 6.269266891693886e-03 1.9e+00 5.16e-01  4e-01  6e-01 53:26.9
   77    924 1.383523729954566e-02 2.0e+00 5.19e-01  4e-01  6e-01 54:51.9
   79    948 3.078150348393713e-02 2.0e+00 5.28e-01  4e-01  6e-01 56:16.7
   81    972 6.174531543801063e-02 2.0e+00 5.30e-01  5e-01  6e-01 57:41.6
   83    996 7.294022639574076e-02 2.0e+00 5.13e-01  4e-01  6e-01 59:06.7
   85   1020 4.823752275917067e-02 2.0e+00 4.93e-01  4e-01  5e-01 60:31.7
   87   1044 2.912183424825132e-02 2.0e+00 4.60e-01  4e-01  5e-01 61:56.6
   89   1068 3.287475965771913e-02 2.0e+00 4.60e-01  4e-01  5e-01 63:21.7
   91   1092 1.409854806870530e-02 2.0e+00 4.57e-01  4e-01  5e-01 64:46.9
   93   1116 3.931480642206649e-02 2.1e+00 4.26e-01  4e-01  5e-01 66:12.0
   95   1140 2.792792555591937e-02 2.1e+00 4.28e-01  4e-01  5e-01 67:36.5
   97   1164 2.628061845040537e-02 2.1e+00 4.46e-01  4e-01  5e-01 69:00.9
   99   1188 1.023549717293885e-02 2.2e+00 4.41e-01  4e-01  5e-01 70:24.5
  100   1200 2.506671212740276e-02 2.2e+00 4.48e-01  4e-01  5e-01 71:05.5
  102   1224 -2.098256951782770e-03 2.2e+00 4.34e-01  4e-01  5e-01 72:27.8
  104   1248 1.263907850969779e-02 2.3e+00 4.14e-01  3e-01  4e-01 73:50.1
  106   1272 4.270484215878203e-03 2.3e+00 4.05e-01  3e-01  4e-01 75:12.2
  108   1296 1.109565419269426e-02 2.3e+00 4.25e-01  3e-01  4e-01 76:34.5
  110   1320 2.660703394414921e-02 2.3e+00 4.17e-01  3e-01  4e-01 77:56.7
  112   1344 5.726649113185093e-02 2.3e+00 3.99e-01  3e-01  4e-01 79:18.9
  114   1368 4.624270145860612e-02 2.3e+00 3.82e-01  3e-01  4e-01 80:40.9
  116   1392 2.244434981195750e-02 2.3e+00 3.75e-01  3e-01  4e-01 82:03.1
  118   1416 9.861379754279810e-03 2.3e+00 3.84e-01  3e-01  4e-01 83:25.3
  120   1440 2.311330437426521e-02 2.3e+00 4.11e-01  3e-01  4e-01 84:47.3
  122   1464 6.432511563697897e-02 2.3e+00 4.31e-01  3e-01  5e-01 86:09.7
  125   1500 2.184279935300584e-02 2.3e+00 4.31e-01  3e-01  5e-01 88:13.1
  128   1536 3.393844082863195e-02 2.3e+00 4.63e-01  4e-01  5e-01 90:16.7
  131   1572 7.575417623234110e-02 2.3e+00 4.25e-01  3e-01  5e-01 92:20.1
  134   1608 8.926095251356580e-03 2.4e+00 4.35e-01  3e-01  5e-01 94:23.4
  137   1644 6.369237653720569e-02 2.5e+00 4.40e-01  3e-01  5e-01 96:26.8
  140   1680 3.126158364334749e-02 2.6e+00 4.10e-01  3e-01  5e-01 98:30.2
  143   1716 3.419312431206610e-02 2.6e+00 3.60e-01  3e-01  4e-01 100:34.0
  146   1752 2.545854526985360e-02 2.6e+00 3.47e-01  3e-01  4e-01 102:37.5
  149   1788 3.648592929117872e-02 2.6e+00 3.99e-01  3e-01  4e-01 104:41.1
  152   1824 2.557163474061024e-02 2.6e+00 4.12e-01  3e-01  4e-01 106:44.2
  155   1860 3.798611356276595e-02 2.6e+00 4.29e-01  3e-01  5e-01 108:47.3
  158   1896 2.589784027996302e-02 2.7e+00 4.04e-01  3e-01  4e-01 110:50.6
  161   1932 9.930420997710434e-03 2.7e+00 3.86e-01  3e-01  4e-01 112:53.8
  164   1968 3.495639851352182e-02 2.7e+00 3.62e-01  3e-01  4e-01 114:57.3
  167   2004 1.151545447022533e-02 2.7e+00 3.45e-01  2e-01  4e-01 117:00.6
  170   2040 2.342509695646490e-02 2.8e+00 3.53e-01  3e-01  4e-01 119:04.2
  173   2076 3.090202263566737e-02 2.8e+00 3.66e-01  3e-01  4e-01 121:07.3
  176   2112 4.761756014681601e-02 2.8e+00 3.44e-01  2e-01  4e-01 123:11.0
  179   2148 2.128548540211739e-02 2.8e+00 3.60e-01  3e-01  4e-01 125:14.9
  182   2184 9.462624950726648e-03 2.8e+00 3.42e-01  2e-01  4e-01 127:18.6
  185   2220 2.520397841875661e-02 2.8e+00 3.80e-01  3e-01  4e-01 129:22.0
  188   2256 4.334212137034932e-02 2.9e+00 3.93e-01  3e-01  4e-01 131:25.6
  191   2292 1.523811426242854e-02 2.8e+00 3.65e-01  3e-01  4e-01 133:29.2
  194   2328 4.999278627959049e-05 2.9e+00 3.34e-01  2e-01  4e-01 135:32.9
  197   2364 2.115775177197196e-02 3.0e+00 3.09e-01  2e-01  3e-01 137:36.6
  200   2400 -2.732340635905598e-04 3.1e+00 2.87e-01  2e-01  3e-01 139:39.9
  203   2436 1.238851726523149e-02 3.2e+00 2.90e-01  2e-01  3e-01 141:43.6
  206   2472 1.071944201170124e-03 3.3e+00 2.90e-01  2e-01  3e-01 143:47.2
  209   2508 5.031609416758075e-03 3.4e+00 2.73e-01  2e-01  3e-01 145:50.8
  212   2544 -1.280026859325823e-04 3.4e+00 2.53e-01  2e-01  3e-01 147:54.3
  215   2580 -8.273748988192078e-03 3.5e+00 2.24e-01  1e-01  2e-01 149:57.8
  218   2616 -2.529188213865858e-03 3.6e+00 2.30e-01  1e-01  2e-01 152:04.2
  221   2652 -1.522843658490909e-03 3.6e+00 2.29e-01  1e-01  2e-01 154:08.5
  224   2688 -4.407774970314374e-03 3.6e+00 2.42e-01  2e-01  3e-01 156:12.9
  227   2724 5.250638754767411e-03 3.8e+00 2.41e-01  2e-01  3e-01 158:17.4
  230   2760 -2.336643065029688e-03 3.8e+00 2.28e-01  1e-01  2e-01 160:21.0
  233   2796 -1.049172456908515e-03 3.8e+00 2.02e-01  1e-01  2e-01 162:24.4
  236   2832 -4.078106991806553e-03 3.8e+00 1.85e-01  1e-01  2e-01 164:27.5
  239   2868 -2.498136183783061e-03 3.8e+00 1.80e-01  1e-01  2e-01 166:30.9
  242   2904 -9.535321793731037e-03 3.8e+00 1.59e-01  9e-02  2e-01 168:34.2
  245   2940 -8.069310096961027e-03 4.0e+00 1.81e-01  1e-01  2e-01 170:37.7
  249   2988 -8.038682029700950e-03 4.1e+00 1.87e-01  1e-01  2e-01 173:22.6
  253   3036 -6.374543842914518e-03 4.3e+00 2.14e-01  1e-01  2e-01 176:06.9
  257   3084 -2.773114460543249e-03 4.4e+00 2.30e-01  1e-01  3e-01 178:51.5
  261   3132 -8.000070863672734e-03 4.5e+00 1.91e-01  1e-01  2e-01 181:36.3
  265   3180 -9.253367283281980e-03 4.9e+00 1.78e-01  1e-01  2e-01 184:21.8
  269   3228 -1.008068534494834e-02 4.8e+00 1.65e-01  9e-02  2e-01 187:07.4
  273   3276 -8.838939300115038e-03 5.0e+00 1.42e-01  8e-02  2e-01 189:52.2
  277   3324 -9.292553981409751e-03 5.1e+00 1.43e-01  8e-02  2e-01 192:36.5
  281   3372 -9.808877477847814e-03 5.1e+00 1.52e-01  9e-02  2e-01 195:21.2
  285   3420 -8.629595930457010e-03 5.3e+00 1.41e-01  8e-02  2e-01 198:06.3
  289   3468 -1.073850418430232e-02 5.3e+00 1.44e-01  8e-02  2e-01 200:51.5
  293   3516 -9.930090556818219e-03 5.4e+00 1.31e-01  7e-02  1e-01 203:36.2
  297   3564 -9.994800587301636e-03 5.5e+00 1.11e-01  6e-02  1e-01 206:20.9
  300   3600 -1.080729290004114e-02 5.6e+00 9.80e-02  5e-02  1e-01 208:24.1
  304   3648 -1.087549670819662e-02 5.8e+00 7.89e-02  4e-02  8e-02 211:08.9
  308   3696 -1.114459190277542e-02 5.9e+00 6.56e-02  4e-02  7e-02 213:53.8
  312   3744 -1.129254480027239e-02 6.0e+00 5.46e-02  3e-02  6e-02 216:38.5
  316   3792 -1.140714791034949e-02 6.2e+00 4.67e-02  2e-02  5e-02 219:22.7
  320   3840 -1.141821718593745e-02 6.3e+00 4.16e-02  2e-02  4e-02 222:07.2
  324   3888 -1.141881832055790e-02 6.4e+00 3.78e-02  2e-02  4e-02 224:52.1
  328   3936 -1.140347534578985e-02 6.6e+00 3.40e-02  2e-02  3e-02 227:36.8
  332   3984 -1.146760260205795e-02 6.8e+00 3.26e-02  2e-02  3e-02 230:21.4
  336   4032 -1.143315485331399e-02 7.0e+00 3.05e-02  2e-02  3e-02 233:05.8
  340   4080 -1.150805108250488e-02 7.3e+00 2.63e-02  1e-02  3e-02 235:50.3
  344   4128 -1.150949808250280e-02 7.7e+00 2.49e-02  1e-02  3e-02 238:35.1
  348   4176 -1.154273201261807e-02 8.1e+00 2.50e-02  1e-02  3e-02 241:19.8
  352   4224 -1.159816324548858e-02 8.8e+00 2.73e-02  1e-02  3e-02 244:04.2
  356   4272 -1.155654565890486e-02 9.3e+00 2.84e-02  1e-02  3e-02 246:48.6
  360   4320 -1.158162683867290e-02 1.0e+01 2.70e-02  1e-02  3e-02 249:33.1
  364   4368 -1.163311777770857e-02 1.0e+01 2.79e-02  1e-02  3e-02 252:18.1
  368   4416 -1.167126543331635e-02 1.1e+01 2.80e-02  1e-02  3e-02 255:02.8
  372   4464 -1.163523227895200e-02 1.2e+01 2.74e-02  1e-02  3e-02 257:47.5
  376   4512 -1.162739742651981e-02 1.2e+01 2.83e-02  1e-02  3e-02 260:31.7
  380   4560 -1.167283851715250e-02 1.2e+01 3.05e-02  1e-02  4e-02 263:16.0
  384   4608 -1.168404361821789e-02 1.2e+01 3.08e-02  1e-02  4e-02 266:00.4
  388   4656 -1.170444750124285e-02 1.2e+01 3.06e-02  1e-02  4e-02 268:45.0
  392   4704 -1.167413405052812e-02 1.3e+01 3.12e-02  1e-02  4e-02 271:29.6
  396   4752 -1.168352038975505e-02 1.4e+01 3.23e-02  1e-02  4e-02 274:14.0
  400   4800 -1.168915484445340e-02 1.4e+01 3.00e-02  1e-02  4e-02 276:58.5
  404   4848 -1.176029336381820e-02 1.5e+01 2.91e-02  1e-02  4e-02 279:43.5
  408   4896 -1.172937363898989e-02 1.6e+01 3.07e-02  1e-02  5e-02 282:28.4
  413   4956 -1.177720409459605e-02 1.6e+01 2.64e-02  1e-02  4e-02 285:54.0
  418   5016 -1.179153182178046e-02 1.7e+01 2.32e-02  1e-02  3e-02 289:19.7
  423   5076 -1.182119399151307e-02 1.8e+01 1.98e-02  8e-03  3e-02 292:45.8
  428   5136 -1.182896395482191e-02 1.9e+01 1.98e-02  8e-03  3e-02 296:12.0
  433   5196 -1.183785398532556e-02 2.0e+01 2.05e-02  8e-03  3e-02 299:37.6
  438   5256 -1.183183259980166e-02 2.1e+01 2.05e-02  8e-03  3e-02 303:03.4
  443   5316 -1.186226436442309e-02 2.2e+01 2.05e-02  8e-03  3e-02 306:29.3
  448   5376 -1.186003269090110e-02 2.3e+01 1.90e-02  8e-03  3e-02 309:55.1
  453   5436 -1.187673941991183e-02 2.3e+01 1.85e-02  7e-03  3e-02 313:20.8
  458   5496 -1.187291747950136e-02 2.4e+01 1.82e-02  7e-03  3e-02 316:46.4
  463   5556 -1.188552745814041e-02 2.5e+01 1.70e-02  7e-03  3e-02 320:12.4
  468   5616 -1.190777560784380e-02 2.6e+01 1.69e-02  6e-03  3e-02 323:38.1
  473   5676 -1.191084310666361e-02 2.7e+01 1.52e-02  6e-03  2e-02 327:03.6
  478   5736 -1.191390689325726e-02 2.7e+01 1.61e-02  6e-03  3e-02 330:29.0
  483   5796 -1.191982594879154e-02 2.8e+01 1.64e-02  6e-03  3e-02 333:54.9
  488   5856 -1.193547834400594e-02 3.0e+01 1.69e-02  6e-03  3e-02 337:21.0
  493   5916 -1.194639258231890e-02 3.1e+01 1.56e-02  6e-03  2e-02 340:46.5
  498   5976 -1.196266531449851e-02 3.1e+01 1.40e-02  5e-03  2e-02 344:11.5
  500   6000 -1.196226481465793e-02 3.1e+01 1.44e-02  5e-03  2e-02 345:33.8
  505   6060 -1.197282941602140e-02 3.5e+01 1.56e-02  6e-03  2e-02 348:59.7
  510   6120 -1.199054758585790e-02 4.0e+01 2.07e-02  7e-03  3e-02 352:25.7
  515   6180 -1.199541588657660e-02 4.2e+01 2.03e-02  7e-03  4e-02 355:51.5
  520   6240 -1.200744752149688e-02 4.5e+01 1.92e-02  7e-03  4e-02 359:17.2
  525   6300 -1.203262791961044e-02 4.8e+01 2.05e-02  7e-03  4e-02 362:43.0
  530   6360 -1.204710938543588e-02 5.0e+01 1.86e-02  6e-03  4e-02 366:08.8
  535   6420 -1.204926194670913e-02 5.2e+01 1.80e-02  6e-03  4e-02 369:34.6
  540   6480 -1.205330061745051e-02 5.3e+01 1.56e-02  5e-03  3e-02 373:00.5
  545   6540 -1.206506850397698e-02 5.3e+01 1.45e-02  5e-03  3e-02 376:26.6
  550   6600 -1.205966724803427e-02 5.4e+01 1.38e-02  4e-03  3e-02 379:52.6
  555   6660 -1.206861634576915e-02 5.5e+01 1.22e-02  4e-03  3e-02 383:17.8
  560   6720 -1.206911641101575e-02 5.6e+01 9.74e-03  3e-03  2e-02 386:43.4
  565   6780 -1.207294196916818e-02 5.2e+01 9.83e-03  3e-03  2e-02 390:09.1
  570   6840 -1.207440976699744e-02 5.1e+01 9.63e-03  3e-03  2e-02 393:35.0
  575   6900 -1.207750970857463e-02 4.9e+01 1.00e-02  3e-03  2e-02 397:00.1
  580   6960 -1.208462490964197e-02 4.9e+01 1.17e-02  4e-03  2e-02 400:26.1
  585   7020 -1.208927343612429e-02 5.0e+01 1.20e-02  4e-03  3e-02 403:52.1
  590   7080 -1.209015794308298e-02 5.2e+01 1.56e-02  5e-03  3e-02 407:18.0
  595   7140 -1.210069562663655e-02 5.0e+01 1.59e-02  5e-03  3e-02 410:43.1
  600   7200 -1.211176241329417e-02 5.3e+01 1.84e-02  6e-03  4e-02 414:08.6
  605   7260 -1.212471259312389e-02 5.3e+01 2.25e-02  7e-03  5e-02 417:34.4
  610   7320 -1.215676877001556e-02 5.5e+01 2.74e-02  9e-03  6e-02 420:59.7
  616   7392 -1.213870324488196e-02 5.6e+01 2.93e-02  9e-03  7e-02 425:06.0
  622   7464 -1.216341819400183e-02 5.5e+01 2.36e-02  7e-03  5e-02 429:12.9
  628   7536 -1.217335440257400e-02 5.4e+01 2.05e-02  6e-03  4e-02 433:19.6
  634   7608 -1.218401369324749e-02 5.3e+01 2.12e-02  6e-03  5e-02 437:25.9
  640   7680 -1.218317851900738e-02 5.4e+01 1.80e-02  5e-03  4e-02 441:32.5
  646   7752 -1.219211344562034e-02 5.4e+01 1.52e-02  4e-03  3e-02 445:39.2
  652   7824 -1.219729245666274e-02 5.4e+01 1.33e-02  3e-03  3e-02 449:46.0
  658   7896 -1.220299108713539e-02 5.4e+01 1.46e-02  4e-03  3e-02 453:52.6
  664   7968 -1.220633331570858e-02 5.3e+01 1.44e-02  3e-03  3e-02 457:59.2
  670   8040 -1.221078949512814e-02 5.3e+01 1.84e-02  4e-03  3e-02 462:06.2
  676   8112 -1.221281079902401e-02 5.4e+01 1.70e-02  4e-03  3e-02 466:12.6
  682   8184 -1.221717687478987e-02 5.5e+01 1.38e-02  3e-03  2e-02 470:19.2
  688   8256 -1.222004921184060e-02 5.5e+01 1.26e-02  3e-03  2e-02 474:26.2
  694   8328 -1.222329940826009e-02 5.6e+01 1.24e-02  3e-03  2e-02 478:33.5
  700   8400 -1.222579034020878e-02 5.6e+01 1.34e-02  3e-03  2e-02 482:40.9
  706   8472 -1.223129557974002e-02 5.6e+01 1.48e-02  3e-03  2e-02 486:48.1
  712   8544 -1.223297647828964e-02 5.6e+01 1.37e-02  3e-03  2e-02 490:55.2
  718   8616 -1.223453850555579e-02 5.6e+01 1.17e-02  3e-03  2e-02 495:01.8
  724   8688 -1.223574807804332e-02 5.6e+01 1.04e-02  2e-03  2e-02 499:08.5
  730   8760 -1.223756034137714e-02 5.9e+01 1.04e-02  2e-03  2e-02 503:15.3
  736   8832 -1.224196855594625e-02 5.8e+01 9.21e-03  2e-03  1e-02 507:21.8
  742   8904 -1.224453102961147e-02 6.4e+01 9.65e-03  2e-03  2e-02 511:28.4
  748   8976 -1.224700986659810e-02 6.9e+01 1.01e-02  2e-03  2e-02 515:35.1
  754   9048 -1.225346038643844e-02 7.8e+01 1.24e-02  3e-03  2e-02 519:41.4
  760   9120 -1.225970149853914e-02 9.2e+01 1.34e-02  3e-03  3e-02 523:47.8
  766   9192 -1.225984515960089e-02 9.7e+01 1.65e-02  4e-03  3e-02 527:54.4
  772   9264 -1.226564362157947e-02 9.9e+01 1.99e-02  4e-03  4e-02 532:01.0
  778   9336 -1.226483301919411e-02 1.0e+02 2.17e-02  5e-03  4e-02 536:07.4
  784   9408 -1.227817651941093e-02 1.1e+02 2.43e-02  6e-03  5e-02 540:13.9
  790   9480 -1.227523301940320e-02 1.0e+02 2.40e-02  6e-03  4e-02 544:20.5
  796   9552 -1.227687098315736e-02 1.0e+02 2.26e-02  5e-03  4e-02 548:27.0
  800   9600 -1.228184561622870e-02 1.0e+02 2.02e-02  5e-03  4e-02 551:11.2
  806   9672 -1.228235906031878e-02 1.0e+02 2.34e-02  6e-03  5e-02 555:18.0
  812   9744 -1.228304728240661e-02 1.1e+02 2.14e-02  5e-03  4e-02 559:25.0
  818   9816 -1.228780152839185e-02 1.1e+02 1.77e-02  4e-03  3e-02 563:31.4
  824   9888 -1.228969757497797e-02 1.1e+02 1.66e-02  4e-03  3e-02 567:37.8
  830   9960 -1.229097864155213e-02 1.1e+02 1.30e-02  3e-03  2e-02 571:44.6
  836  10032 -1.229257418386127e-02 1.0e+02 1.32e-02  3e-03  2e-02 575:50.6
  842  10104 -1.229173643277644e-02 1.0e+02 1.50e-02  3e-03  3e-02 579:57.3
  848  10176 -1.229350260875821e-02 1.0e+02 1.41e-02  3e-03  3e-02 584:04.1
  854  10248 -1.229547802718613e-02 1.1e+02 1.17e-02  3e-03  2e-02 588:10.5
  861  10332 -1.229693854976465e-02 1.0e+02 1.05e-02  2e-03  2e-02 592:58.5
  868  10416 -1.229766177242695e-02 1.0e+02 8.85e-03  2e-03  2e-02 597:46.7
  875  10500 -1.229980643858441e-02 1.1e+02 9.57e-03  2e-03  2e-02 602:34.2
  882  10584 -1.230210143480595e-02 1.1e+02 1.28e-02  3e-03  2e-02 607:21.6
  889  10668 -1.230512756439972e-02 1.1e+02 1.64e-02  4e-03  3e-02 612:09.5
  896  10752 -1.230791839108397e-02 1.1e+02 2.15e-02  5e-03  4e-02 616:56.8
  900  10800 -1.230888716684818e-02 1.2e+02 2.13e-02  5e-03  4e-02 619:40.9
  907  10884 -1.230956055652208e-02 1.2e+02 1.81e-02  4e-03  3e-02 624:28.7
  914  10968 -1.231053908755011e-02 1.2e+02 1.94e-02  4e-03  4e-02 629:16.0
  921  11052 -1.231136378383813e-02 1.2e+02 1.27e-02  3e-03  2e-02 634:03.4
  928  11136 -1.231234345866338e-02 1.2e+02 9.37e-03  2e-03  2e-02 638:51.1
  935  11220 -1.231394358079177e-02 1.2e+02 7.83e-03  2e-03  1e-02 643:38.3
  942  11304 -1.231523830672168e-02 1.2e+02 9.35e-03  2e-03  2e-02 648:25.9
  949  11388 -1.231539039581236e-02 1.2e+02 1.26e-02  3e-03  2e-02 653:13.9
  956  11472 -1.231694675162132e-02 1.2e+02 1.41e-02  3e-03  2e-02 658:01.2
  963  11556 -1.231621631088358e-02 1.2e+02 1.09e-02  2e-03  2e-02 662:49.0
  970  11640 -1.231680661373550e-02 1.3e+02 8.99e-03  2e-03  2e-02 667:36.6
  977  11724 -1.231784108832354e-02 1.3e+02 8.89e-03  2e-03  2e-02 672:23.8
  984  11808 -1.231779916302816e-02 1.3e+02 7.48e-03  1e-03  1e-02 677:11.4
  991  11892 -1.231816225259080e-02 1.3e+02 5.92e-03  1e-03  1e-02 681:59.2
  998  11976 -1.231839731988491e-02 1.3e+02 6.39e-03  1e-03  1e-02 686:47.3
 1000  12000 -1.231858131003736e-02 1.4e+02 6.65e-03  1e-03  1e-02 688:09.7
Budget constraint satisfied 386.5369873046875 4792.399879455566 Difference:  4405.862892150879
Budget constraint satisfied 0.0 4792.399879455566 Difference:  4792.399879455566
two_most_probable_states: ['10000000000', '00000000000']
final_expectation_value: -0.012318597613450659
params: [-1.5313262031820354, 1.3743880135856026, -0.6240267042033953, 0.2572248025260644, 1.4048135441709626, -3.008678191651243, -1.8817353425670031, 1.2483839723996113, 3.9293107179605213, 1.9629956919649274, -3.613212128756238, 7.8829109973877545, 6.791200256269314, -1.3930836093139753, -4.158998230810514, 5.452327142366109, -2.0414942640694442, 2.752739632866905, 7.047850042467691, 2.4870881716266933]
total_steps: 1000
states_probs: [0.006230420197185465, 0.006489290803301513]
optimized_portfolios: [{'HD': 1, 'KO': 0}, {'HD': 0, 'KO': 0}]
objective_values: [-3.9923579572625107, -0.0]
result_with_budget: [{'portfolio': {'HD': 1, 'KO': 0}, 'budget': 386.5369873046875, 'difference': 4405.862892150879}, {'portfolio': {'HD': 0, 'KO': 0}, 'budget': 0.0, 'difference': 4792.399879455566}]
Processing experiment 61
Budget: 1649.5502548217773
Expected returns: 0.13858737311767017
Covariance matrix: 0.42320164088690765
3rd-order coskewness tensor: -0.3296348566832612
4th-order cokurtosis tensor: 11.440805199737756
Number of qubits for asset CSCO: 5
Number of qubits for asset CVX: 4
Total number of qubits:  9
Optimized Weights (considering variance, skewness and kurtosis):
CSCO: 56.14%
CVX: 43.86%
Left over budget:  51.304900314578845
Optimized Discrete Allocation:
CSCO: 15
CVX: 5
Maximized utility from continuous higher moments:  -133677.50370056188
Budget constraint satisfied 1524.4571838378906 1649.5502548217773 Difference:  125.09307098388672
Budget constraint satisfied 1550.109634399414 1649.5502548217773 Difference:  99.44062042236328
smallest_eigenvalues: [-0.19407206451010406]
smallest_bitstrings: ['001001001']
first_excited_energy: -0.19387267423551502
optimized_portfolio: [{'CSCO': 4, 'CVX': 9}]
second_optimized_portfolio: [{'CSCO': 2, 'CVX': 10}]
result_with_budget: [{'portfolio': {'CSCO': 4, 'CVX': 9}, 'budget': 1524.4571838378906, 'difference': 125.09307098388672, 'objective_value': -33918.39241914188}]
result_with_budget_excited: [{'portfolio': {'CSCO': 2, 'CVX': 10}, 'budget': 1550.109634399414, 'difference': 99.44062042236328, 'objective_value': -36793.35799476385}]
Initial params:  [2.35928718 0.52051492 2.1767516  2.69637285 0.63379654 2.14002021
 1.00404042 0.78312421 1.97314645 2.20514744 1.47211603 1.32077738
 0.57413643 3.0242432  0.94269002 0.24666864 2.88693102 2.52636748]
(6_w,12)-aCMA-ES (mu_w=3.7,w_1=40%) in dimension 18 (seed=1140287, Fri Mar 14 21:41:08 2025)
Iterat #Fevals   function value  axis ratio  sigma  min&max std  t[m:s]
    1     12 -1.047155483418764e-01 1.0e+00 1.39e+00  1e+00  1e+00 0:15.7
    2     24 -1.114997890730285e-01 1.1e+00 1.32e+00  1e+00  1e+00 0:31.3
    3     36 -5.861905056160151e-02 1.1e+00 1.29e+00  1e+00  1e+00 0:46.9
    4     48 -6.321419321686071e-02 1.2e+00 1.30e+00  1e+00  1e+00 1:02.5
    5     60 -8.274145919737624e-02 1.2e+00 1.27e+00  1e+00  1e+00 1:18.2
    6     72 -1.162216426251478e-01 1.3e+00 1.28e+00  1e+00  1e+00 1:33.8
    7     84 -1.107829456001830e-01 1.3e+00 1.34e+00  1e+00  1e+00 1:49.4
    8     96 -6.969965554771396e-02 1.4e+00 1.35e+00  1e+00  1e+00 2:05.1
    9    108 -7.068194133871607e-02 1.4e+00 1.35e+00  1e+00  1e+00 2:20.7
   10    120 -1.322941587686710e-01 1.5e+00 1.38e+00  1e+00  1e+00 2:36.2
   11    132 -1.337518611067293e-01 1.5e+00 1.38e+00  1e+00  1e+00 2:51.9
   12    144 -1.412871274329577e-01 1.5e+00 1.40e+00  1e+00  1e+00 3:07.5
   13    156 -1.032527447425476e-01 1.6e+00 1.43e+00  1e+00  2e+00 3:23.0
   14    168 -8.182996394379438e-02 1.6e+00 1.43e+00  1e+00  2e+00 3:38.6
   15    180 -1.312106752403242e-01 1.6e+00 1.43e+00  1e+00  2e+00 3:54.2
   16    192 -8.067917782601962e-02 1.5e+00 1.42e+00  1e+00  1e+00 4:09.9
   18    216 -1.264943451658452e-01 1.5e+00 1.43e+00  1e+00  1e+00 4:41.1
   20    240 -7.736104713028792e-02 1.6e+00 1.51e+00  1e+00  2e+00 5:12.4
   22    264 -5.868228418131177e-02 1.6e+00 1.49e+00  1e+00  2e+00 5:43.8
   24    288 -1.139912648366849e-01 1.7e+00 1.48e+00  1e+00  2e+00 6:15.1
   26    312 -6.047597131577294e-02 1.7e+00 1.54e+00  1e+00  2e+00 6:46.4
   28    336 -5.876651283248625e-02 1.7e+00 1.56e+00  1e+00  2e+00 7:17.7
   30    360 -8.948626763225251e-02 1.7e+00 1.47e+00  1e+00  2e+00 7:49.0
   32    384 -5.128230827767920e-02 1.7e+00 1.42e+00  1e+00  1e+00 8:20.3
   34    408 -1.181244073009438e-01 1.7e+00 1.27e+00  1e+00  1e+00 8:51.7
   36    432 -4.083875488957660e-02 1.8e+00 1.33e+00  1e+00  1e+00 9:23.1
   38    456 -6.027618204070393e-02 1.9e+00 1.41e+00  1e+00  1e+00 9:54.3
   40    480 -8.542234730790968e-02 2.1e+00 1.38e+00  1e+00  1e+00 10:25.6
   42    504 -8.575847386251513e-02 2.2e+00 1.29e+00  1e+00  1e+00 10:56.9
   44    528 -9.828588178192038e-02 2.1e+00 1.28e+00  1e+00  1e+00 11:28.3
   46    552 -9.997180600039803e-02 2.2e+00 1.23e+00  1e+00  1e+00 11:59.8
   48    576 -1.066222113530312e-01 2.2e+00 1.29e+00  1e+00  1e+00 12:31.1
   51    612 -1.154089904611991e-01 2.4e+00 1.53e+00  1e+00  2e+00 13:18.1
   54    648 -1.197983016395941e-01 2.5e+00 1.67e+00  2e+00  2e+00 14:05.1
   57    684 -1.177919337680537e-01 2.6e+00 1.72e+00  2e+00  2e+00 14:52.0
   60    720 -5.753369196944170e-02 2.6e+00 1.61e+00  1e+00  2e+00 15:39.0
   63    756 -7.544117469912298e-02 2.5e+00 1.51e+00  1e+00  2e+00 16:26.1
   66    792 -8.074998126541594e-02 2.7e+00 1.62e+00  1e+00  2e+00 17:13.0
   69    828 -7.966622187208433e-02 2.7e+00 1.58e+00  1e+00  2e+00 18:00.2
   72    864 -9.842928169481441e-02 2.8e+00 1.52e+00  1e+00  2e+00 18:47.1
   75    900 -8.835413149671530e-02 2.9e+00 1.44e+00  1e+00  2e+00 19:34.1
   78    936 -1.018770295999205e-01 3.0e+00 1.47e+00  1e+00  2e+00 20:21.1
   81    972 -1.075803893969759e-01 3.0e+00 1.35e+00  1e+00  2e+00 21:08.2
   84   1008 -1.356958499376951e-01 3.0e+00 1.45e+00  1e+00  2e+00 21:55.2
   87   1044 -1.009571604574661e-01 3.1e+00 1.58e+00  1e+00  2e+00 22:42.3
   90   1080 -9.756804904497014e-02 3.2e+00 1.56e+00  1e+00  2e+00 23:29.3
   93   1116 -5.556708340764020e-02 3.2e+00 1.45e+00  1e+00  2e+00 24:16.1
   97   1164 -2.784266787984589e-02 3.3e+00 1.37e+00  1e+00  2e+00 25:18.7
  100   1200 -8.480600003676163e-02 3.3e+00 1.46e+00  1e+00  2e+00 26:05.7
  104   1248 -4.635449931853263e-02 3.4e+00 1.58e+00  1e+00  2e+00 27:08.3
  108   1296 -8.558167255882124e-02 3.4e+00 1.37e+00  1e+00  2e+00 28:10.9
  112   1344 -8.742874328125320e-02 3.3e+00 1.39e+00  1e+00  2e+00 29:13.5
  116   1392 -5.909365573197266e-02 3.4e+00 1.40e+00  1e+00  2e+00 30:16.1
  120   1440 -1.014882215915684e-01 3.4e+00 1.46e+00  1e+00  2e+00 31:18.7
  124   1488 -3.997714879195746e-02 3.4e+00 1.31e+00  1e+00  2e+00 32:21.5
  128   1536 -6.810512178392208e-02 3.5e+00 1.44e+00  1e+00  2e+00 33:24.1
  132   1584 -5.541554277029628e-02 3.3e+00 1.56e+00  1e+00  2e+00 34:26.6
  136   1632 -8.269793366924749e-02 3.2e+00 1.97e+00  2e+00  2e+00 35:29.4
  140   1680 -7.183992096047140e-02 3.2e+00 2.06e+00  2e+00  2e+00 36:32.0
  144   1728 -8.612960685573257e-02 3.3e+00 2.37e+00  2e+00  3e+00 37:34.7
  148   1776 -3.796254984033832e-02 3.2e+00 2.21e+00  2e+00  3e+00 38:37.5
  152   1824 -5.143169616752715e-02 3.2e+00 2.19e+00  2e+00  3e+00 39:40.2
  156   1872 -1.114380712105497e-01 3.3e+00 2.66e+00  2e+00  3e+00 40:42.8
  161   1932 -2.056877541361466e-02 3.4e+00 2.75e+00  2e+00  3e+00 42:01.3
  166   1992 -7.297884020959651e-02 3.5e+00 2.73e+00  2e+00  3e+00 43:19.5
  171   2052 -7.579678919083457e-02 3.5e+00 2.74e+00  2e+00  3e+00 44:38.0
  176   2112 -8.754856028488954e-02 3.6e+00 2.61e+00  2e+00  3e+00 45:56.4
  181   2172 -4.163246276516686e-02 3.9e+00 2.57e+00  2e+00  3e+00 47:14.8
  186   2232 -5.933084343270902e-02 3.8e+00 2.75e+00  2e+00  3e+00 48:33.3
  191   2292 -2.973302218372247e-02 3.9e+00 3.20e+00  2e+00  4e+00 49:51.7
  196   2352 -8.272321744936342e-02 4.0e+00 2.95e+00  2e+00  4e+00 51:10.0
  200   2400 -5.544892399378132e-02 4.1e+00 3.06e+00  2e+00  4e+00 52:12.8
  205   2460 -4.372627533911058e-02 4.5e+00 3.45e+00  2e+00  4e+00 53:31.1
  210   2520 -3.794814221119994e-02 4.6e+00 3.18e+00  2e+00  4e+00 54:49.5
  215   2580 -6.855166458123406e-02 4.7e+00 2.67e+00  2e+00  3e+00 56:07.9
  220   2640 -8.337363336878600e-02 4.7e+00 2.65e+00  2e+00  3e+00 57:26.2
  225   2700 -6.833978109107038e-02 4.8e+00 2.35e+00  2e+00  3e+00 58:44.7
  230   2760 -9.672534188818986e-02 4.9e+00 2.44e+00  2e+00  3e+00 60:03.1
  235   2820 -6.816411438146187e-02 4.8e+00 2.40e+00  2e+00  3e+00 61:21.4
  241   2892 -7.767053680788553e-02 4.9e+00 2.34e+00  1e+00  3e+00 62:55.5
  247   2964 -7.958958373759430e-02 4.9e+00 1.94e+00  1e+00  2e+00 64:29.5
  253   3036 -6.970460575689735e-02 4.7e+00 1.78e+00  1e+00  2e+00 66:03.4
  259   3108 -1.011282267243259e-01 4.8e+00 1.74e+00  1e+00  2e+00 67:37.5
  265   3180 -6.083310478856179e-02 4.9e+00 1.37e+00  9e-01  2e+00 69:11.5
  271   3252 -5.414070440239902e-02 4.6e+00 1.51e+00  9e-01  2e+00 70:45.5
  277   3324 -4.924365132223459e-02 4.8e+00 2.20e+00  1e+00  3e+00 72:19.4
  283   3396 -5.137793229950178e-02 5.0e+00 2.18e+00  1e+00  3e+00 73:53.5
  289   3468 -4.643265098095750e-02 4.9e+00 1.84e+00  1e+00  2e+00 75:27.7
  295   3540 -6.355978179901935e-02 4.9e+00 1.66e+00  1e+00  2e+00 77:01.6
  300   3600 -4.451652748999101e-02 5.3e+00 1.81e+00  1e+00  2e+00 78:19.8
  306   3672 -5.672230259983184e-02 5.3e+00 2.08e+00  1e+00  2e+00 79:54.0
  312   3744 -8.572468407826295e-02 5.5e+00 2.31e+00  1e+00  3e+00 81:28.0
  318   3816 -5.892228744652291e-02 5.6e+00 2.54e+00  2e+00  3e+00 83:01.7
  324   3888 -4.945481433234424e-02 5.4e+00 2.27e+00  2e+00  3e+00 84:35.8
  330   3960 -5.553745593607316e-02 5.2e+00 2.47e+00  2e+00  3e+00 86:09.8
  337   4044 -5.708461193982489e-02 5.3e+00 2.44e+00  2e+00  3e+00 87:59.5
  344   4128 -6.196147739088574e-02 5.3e+00 2.08e+00  1e+00  2e+00 89:49.2
  351   4212 -5.478242508881753e-02 5.3e+00 2.55e+00  2e+00  3e+00 91:38.9
  358   4296 -5.582711676784946e-02 5.6e+00 3.53e+00  2e+00  4e+00 93:28.6
  365   4380 -7.271762049709470e-02 5.6e+00 2.96e+00  2e+00  4e+00 95:18.3
  372   4464 -8.235179206139730e-02 5.5e+00 2.53e+00  2e+00  3e+00 97:07.7
  379   4548 -5.495631868155717e-02 5.6e+00 2.09e+00  1e+00  2e+00 98:57.4
  386   4632 -4.145291241233683e-02 5.6e+00 1.52e+00  9e-01  2e+00 100:47.1
  393   4716 -8.030468279582209e-02 5.9e+00 1.48e+00  8e-01  2e+00 102:36.7
  400   4800 -3.405622554741773e-02 6.1e+00 1.65e+00  9e-01  2e+00 104:26.5
  407   4884 -5.095818975570748e-02 6.4e+00 1.42e+00  8e-01  2e+00 106:16.2
  414   4968 -4.514487100777955e-02 6.3e+00 1.53e+00  9e-01  2e+00 108:05.8
  421   5052 -4.551303667986376e-02 6.6e+00 1.43e+00  8e-01  2e+00 109:55.6
  428   5136 -3.009070873262586e-02 7.0e+00 1.37e+00  8e-01  2e+00 111:45.1
  435   5220 -4.769611484767682e-02 6.9e+00 1.42e+00  8e-01  2e+00 113:34.8
  443   5316 -4.935424891482883e-02 7.3e+00 1.28e+00  7e-01  2e+00 115:40.0
  451   5412 -5.274530280931228e-02 7.5e+00 1.47e+00  1e+00  2e+00 117:45.4
  459   5508 -6.812209554654332e-02 7.4e+00 1.68e+00  1e+00  2e+00 119:50.9
  467   5604 -6.113730322689907e-02 7.8e+00 1.71e+00  1e+00  2e+00 121:56.3
  475   5700 -6.866354128257997e-02 7.9e+00 1.54e+00  1e+00  2e+00 124:01.7
  483   5796 -5.446494992044694e-02 7.7e+00 1.14e+00  7e-01  1e+00 126:06.9
  491   5892 -6.030457227676259e-02 8.0e+00 9.70e-01  6e-01  1e+00 128:12.5
  499   5988 -6.334996306441124e-02 8.3e+00 1.07e+00  7e-01  1e+00 130:18.0
  500   6000 -5.411337355247547e-02 8.3e+00 1.06e+00  7e-01  1e+00 130:33.7
  508   6096 -5.559472648794880e-02 8.8e+00 1.24e+00  8e-01  2e+00 132:38.8
  516   6192 -5.153233812877590e-02 8.8e+00 1.28e+00  8e-01  2e+00 134:44.2
  524   6288 -3.955115975092646e-02 8.8e+00 1.37e+00  9e-01  2e+00 136:49.7
  532   6384 -7.684008546750952e-02 9.4e+00 1.44e+00  1e+00  2e+00 138:54.9
  540   6480 -6.258993560635441e-02 1.0e+01 1.25e+00  9e-01  2e+00 141:00.3
  548   6576 -4.227645383495121e-02 1.0e+01 1.19e+00  8e-01  1e+00 143:05.7
  556   6672 -6.341263620603592e-02 1.0e+01 1.12e+00  7e-01  1e+00 145:11.3
  565   6780 -5.189625520765784e-02 1.1e+01 2.15e+00  1e+00  3e+00 147:32.4
  574   6888 -4.716574724166293e-02 1.1e+01 2.63e+00  2e+00  3e+00 149:53.7
  583   6996 -4.969089992480698e-02 1.1e+01 3.02e+00  2e+00  4e+00 152:14.9
  592   7104 -4.835223126415666e-02 1.1e+01 3.50e+00  2e+00  4e+00 154:35.9
  600   7200 -6.034787692279454e-02 1.1e+01 3.33e+00  2e+00  4e+00 156:41.4
  609   7308 -3.455556953649662e-02 1.2e+01 3.78e+00  2e+00  5e+00 159:02.4
  618   7416 -8.034465195433250e-02 1.3e+01 5.06e+00  3e+00  6e+00 161:23.6
  627   7524 -4.627500728135985e-02 1.4e+01 5.99e+00  4e+00  7e+00 163:44.8
  636   7632 -7.954894139617230e-02 1.4e+01 6.24e+00  4e+00  7e+00 166:05.9
  645   7740 -2.986551812362674e-02 1.4e+01 6.49e+00  4e+00  8e+00 168:26.9
  654   7848 -6.416263031826254e-02 1.4e+01 6.67e+00  4e+00  8e+00 170:47.9
  663   7956 -5.219974477196865e-02 1.4e+01 6.91e+00  5e+00  8e+00 173:08.9
  672   8064 -4.876923877016269e-02 1.4e+01 7.12e+00  5e+00  9e+00 175:30.1
  681   8172 -6.242868184599510e-02 1.4e+01 6.21e+00  4e+00  7e+00 177:51.2
  690   8280 -3.768733884274018e-02 1.5e+01 5.58e+00  4e+00  7e+00 180:12.2
  699   8388 -4.435887896232034e-02 1.6e+01 9.53e+00  6e+00  1e+01 182:33.3
  700   8400 -5.161312989957213e-02 1.6e+01 9.29e+00  6e+00  1e+01 182:48.9
  710   8520 -7.250492775125481e-02 1.7e+01 9.14e+00  6e+00  1e+01 185:25.7
  720   8640 -3.739010336840296e-02 1.8e+01 9.19e+00  6e+00  1e+01 188:02.4
  730   8760 -2.788562438734418e-02 1.8e+01 7.92e+00  5e+00  1e+01 190:39.4
  740   8880 -4.231289001868396e-02 1.8e+01 6.81e+00  4e+00  9e+00 193:16.3
  750   9000 -6.756033253122563e-02 1.9e+01 7.12e+00  4e+00  9e+00 195:53.1
  760   9120 -6.098870255615928e-02 1.9e+01 6.51e+00  4e+00  8e+00 198:30.2
  770   9240 -6.277479251868792e-02 2.1e+01 6.85e+00  4e+00  9e+00 201:06.8
  780   9360 -3.933445392864408e-02 2.1e+01 6.02e+00  4e+00  8e+00 203:43.2
  790   9480 -4.050301891098141e-02 2.2e+01 6.37e+00  4e+00  8e+00 206:19.9
  800   9600 -7.548415079515321e-02 2.2e+01 5.78e+00  4e+00  8e+00 208:56.5
  810   9720 -4.953947865615489e-02 2.2e+01 5.28e+00  3e+00  7e+00 211:33.0
  820   9840 -2.946461891646143e-02 2.4e+01 5.39e+00  3e+00  7e+00 214:09.5
  830   9960 -5.692987727115233e-02 2.3e+01 5.29e+00  3e+00  7e+00 216:46.3
  840  10080 -5.270925700728655e-02 2.2e+01 5.60e+00  4e+00  7e+00 219:22.9
  851  10212 -9.794357787001946e-02 2.3e+01 4.26e+00  3e+00  5e+00 222:15.1
  862  10344 -6.627391902038922e-02 2.3e+01 4.02e+00  2e+00  5e+00 225:07.2
  873  10476 -2.917123163924120e-02 2.6e+01 4.63e+00  3e+00  6e+00 227:59.4
  884  10608 -3.755292959237087e-02 2.6e+01 4.29e+00  3e+00  5e+00 230:51.7
  895  10740 -7.680041674781811e-02 2.7e+01 3.99e+00  2e+00  5e+00 233:43.9
  900  10800 -7.301686284826965e-02 2.7e+01 3.80e+00  2e+00  5e+00 235:02.2
  911  10932 -4.963253994653652e-02 2.8e+01 3.88e+00  2e+00  5e+00 237:54.4
  922  11064 -7.534448900388302e-02 3.0e+01 3.10e+00  2e+00  4e+00 240:46.7
  933  11196 -3.019489436264897e-02 3.0e+01 3.16e+00  2e+00  4e+00 243:38.9
  944  11328 -3.231253694350226e-02 3.0e+01 1.97e+00  1e+00  2e+00 246:31.4
  955  11460 -1.021449544561581e-01 2.9e+01 2.34e+00  1e+00  3e+00 249:23.7
  966  11592 -7.131092582318223e-02 2.9e+01 3.80e+00  2e+00  4e+00 252:16.0
  977  11724 -7.039888131758053e-02 3.0e+01 3.90e+00  2e+00  4e+00 255:08.2
  988  11856 -5.713833957479793e-02 2.8e+01 4.42e+00  2e+00  5e+00 258:00.6
  999  11988 -3.074694711558927e-02 2.9e+01 4.72e+00  3e+00  5e+00 260:52.7
 1000  12000 -3.640635781073945e-02 2.9e+01 4.64e+00  3e+00  5e+00 261:08.4
Budget constraint satisfied 1278.5962829589844 1649.5502548217773 Difference:  370.95397186279297
Budget constraint satisfied 235.19729614257812 1649.5502548217773 Difference:  1414.3529586791992
two_most_probable_states: ['001100010', '001000000']
final_expectation_value: -0.14128712743295774
params: [-1.9701698275296755, -2.893494554688116, 3.570737171748668, 1.5936497882705196, -1.184647087799612, 2.695467453679135, 2.3452160340081263, 5.275649411378336, 1.3141692499422453, -0.6958469732489159, 5.681384013767878, -2.2147046381147466, 2.7700792556098603, 1.0780617875642415, 1.2131085452650732, -0.10769116865401335, 0.027897450077910557, -1.4401186280993654]
total_steps: 1000
states_probs: [0.009068042427749282, 0.010554130212535541]
optimized_portfolios: [{'CSCO': 12, 'CVX': 4}, {'CSCO': 4, 'CVX': 0}]
objective_values: [-54881.902034443, -400.0997323130019]
result_with_budget: [{'portfolio': {'CSCO': 12, 'CVX': 4}, 'budget': 1278.5962829589844, 'difference': 370.95397186279297}, {'portfolio': {'CSCO': 4, 'CVX': 0}, 'budget': 235.19729614257812, 'difference': 1414.3529586791992}]
Processing experiment 62
Budget: 3056.291519165039
Expected returns: 0.17820421965605182
Covariance matrix: 0.5430128595391215
3rd-order coskewness tensor: 1.0810272117069593
4th-order cokurtosis tensor: 21.988446739480498
Number of qubits for asset AXP: 4
Number of qubits for asset TRV: 4
Total number of qubits:  8
Optimized Weights (considering variance, skewness and kurtosis):
AXP: 62.13%
TRV: 37.87%
Left over budget:  80.18600460354173
Optimized Discrete Allocation:
AXP: 6
TRV: 5
Maximized utility from continuous higher moments:  -20411.94317204399
Budget constraint satisfied 3032.2908630371094 3056.291519165039 Difference:  24.000656127929688
Budget constraint satisfied 2976.105514526367 3056.291519165039 Difference:  80.18600463867188
smallest_eigenvalues: [-0.3257489147176627]
smallest_bitstrings: ['11100010']
first_excited_energy: -0.3256302802919396
optimized_portfolio: [{'AXP': 7, 'TRV': 4}]
second_optimized_portfolio: [{'AXP': 6, 'TRV': 5}]
result_with_budget: [{'portfolio': {'AXP': 7, 'TRV': 4}, 'budget': 3032.2908630371094, 'difference': 24.000656127929688, 'objective_value': -21137.231079631318}]
result_with_budget_excited: [{'portfolio': {'AXP': 6, 'TRV': 5}, 'budget': 2976.105514526367, 'difference': 80.18600463867188, 'objective_value': -20411.94317204399}]
Initial params:  [2.5721827  0.35248608 0.2854248  1.16449618 2.77471421 2.74249233
 0.55748231 1.94927492 0.74508819 0.0898027  1.91316198 0.26933452
 2.52414482 3.06808906 1.10272978 2.71712578]
(6_w,12)-aCMA-ES (mu_w=3.7,w_1=40%) in dimension 16 (seed=1127776, Sat Mar 15 02:02:57 2025)
Iterat #Fevals   function value  axis ratio  sigma  min&max std  t[m:s]
    1     12 -2.387151415104670e-01 1.0e+00 1.45e+00  1e+00  1e+00 0:08.7
    2     24 -1.604821115234302e-01 1.2e+00 1.41e+00  1e+00  1e+00 0:17.5
    3     36 -2.090257246646493e-01 1.2e+00 1.43e+00  1e+00  2e+00 0:26.3
    4     48 -2.167624560571373e-01 1.2e+00 1.43e+00  1e+00  2e+00 0:35.0
    5     60 -2.444243377894570e-01 1.3e+00 1.39e+00  1e+00  1e+00 0:43.9
    6     72 -2.608655508945381e-01 1.3e+00 1.38e+00  1e+00  1e+00 0:52.7
    7     84 -2.129633025143592e-01 1.3e+00 1.40e+00  1e+00  2e+00 1:01.4
    8     96 -2.220641274265899e-01 1.4e+00 1.36e+00  1e+00  1e+00 1:10.1
    9    108 -1.835061336814088e-01 1.4e+00 1.29e+00  1e+00  1e+00 1:18.9
   11    132 -2.506696856026094e-01 1.5e+00 1.20e+00  1e+00  1e+00 1:36.4
   13    156 -1.818436676263476e-01 1.5e+00 1.34e+00  1e+00  1e+00 1:53.8
   15    180 -2.462486406547047e-01 1.5e+00 1.33e+00  1e+00  1e+00 2:11.3
   17    204 -2.755674316296132e-01 1.6e+00 1.32e+00  1e+00  1e+00 2:28.8
   19    228 -2.265264404342747e-01 1.6e+00 1.25e+00  1e+00  1e+00 2:46.2
   21    252 -2.306392283110007e-01 1.7e+00 1.31e+00  1e+00  1e+00 3:03.8
   23    276 -2.278726209817541e-01 1.6e+00 1.43e+00  1e+00  2e+00 3:21.2
   25    300 -2.022693561313165e-01 1.6e+00 1.49e+00  1e+00  2e+00 3:38.8
   27    324 -1.861194445410471e-01 1.7e+00 1.51e+00  1e+00  2e+00 3:56.2
   30    360 -1.605527179034845e-01 1.8e+00 1.61e+00  1e+00  2e+00 4:22.4
   33    396 -2.276953629235582e-01 1.9e+00 1.49e+00  1e+00  2e+00 4:48.7
   36    432 -1.943084035036471e-01 2.0e+00 1.52e+00  1e+00  2e+00 5:14.8
   39    468 -1.943459719478552e-01 2.2e+00 1.46e+00  1e+00  2e+00 5:41.0
   42    504 -2.367093292131553e-01 2.2e+00 1.28e+00  1e+00  2e+00 6:07.3
   45    540 -2.550465170478453e-01 2.3e+00 1.43e+00  1e+00  2e+00 6:33.5
   48    576 -1.782309116825414e-01 2.4e+00 1.47e+00  1e+00  2e+00 6:59.8
   51    612 -2.318731837556408e-01 2.5e+00 1.46e+00  1e+00  2e+00 7:26.2
   54    648 -2.170604541092639e-01 2.5e+00 1.41e+00  1e+00  2e+00 7:52.4
   58    696 -1.773685825825695e-01 2.6e+00 1.46e+00  1e+00  2e+00 8:27.5
   62    744 -1.695653926587760e-01 2.6e+00 1.82e+00  2e+00  2e+00 9:02.4
   66    792 -1.973790050768490e-01 2.7e+00 1.75e+00  1e+00  2e+00 9:37.3
   70    840 -2.502473332435039e-01 2.8e+00 1.80e+00  1e+00  2e+00 10:12.3
   74    888 -1.943118431897753e-01 2.9e+00 1.87e+00  2e+00  2e+00 10:47.3
   78    936 -1.806359732122470e-01 3.1e+00 1.76e+00  1e+00  2e+00 11:22.4
   82    984 -1.871671378945828e-01 3.2e+00 1.85e+00  1e+00  2e+00 11:57.3
   86   1032 -2.024086733260485e-01 3.3e+00 2.05e+00  2e+00  3e+00 12:32.4
   91   1092 -1.718434495816211e-01 3.4e+00 2.58e+00  2e+00  3e+00 13:16.1
   96   1152 -2.357149184085759e-01 3.5e+00 2.60e+00  2e+00  3e+00 13:59.7
  100   1200 -1.789036584016761e-01 3.5e+00 2.99e+00  2e+00  4e+00 14:34.6
  105   1260 -1.914984793421408e-01 3.5e+00 3.18e+00  2e+00  4e+00 15:18.3
  110   1320 -1.871327341817716e-01 3.4e+00 3.11e+00  2e+00  4e+00 16:01.9
  115   1380 -1.779027301739996e-01 3.5e+00 2.35e+00  2e+00  3e+00 16:45.6
  120   1440 -1.991400137103074e-01 3.6e+00 1.89e+00  1e+00  2e+00 17:29.4
  125   1500 -1.970600277255186e-01 3.8e+00 1.89e+00  1e+00  3e+00 18:13.0
  130   1560 -1.703482893044217e-01 3.8e+00 1.92e+00  1e+00  3e+00 18:56.7
  136   1632 -2.090917851277834e-01 3.9e+00 1.70e+00  1e+00  2e+00 19:49.4
  142   1704 -1.956437997846373e-01 4.0e+00 1.42e+00  1e+00  2e+00 20:41.8
  148   1776 -1.925466460375992e-01 4.3e+00 1.29e+00  9e-01  2e+00 21:34.2
  154   1848 -2.043326627200847e-01 4.4e+00 9.94e-01  7e-01  1e+00 22:26.7
  160   1920 -1.770522967840557e-01 4.4e+00 8.69e-01  6e-01  1e+00 23:19.1
  166   1992 -1.836752980559395e-01 4.7e+00 9.07e-01  7e-01  1e+00 24:11.6
  172   2064 -1.846813960833692e-01 4.6e+00 1.02e+00  7e-01  1e+00 25:04.1
  178   2136 -1.955556800024271e-01 4.6e+00 1.22e+00  8e-01  2e+00 25:56.6
  184   2208 -1.995218448130182e-01 4.7e+00 1.25e+00  8e-01  2e+00 26:49.0
  191   2292 -1.856682509532974e-01 5.0e+00 1.66e+00  1e+00  2e+00 27:50.2
  198   2376 -1.853777507087241e-01 5.0e+00 2.04e+00  1e+00  3e+00 28:51.5
  200   2400 -1.770621536534825e-01 5.1e+00 2.00e+00  1e+00  3e+00 29:09.1
  207   2484 -1.864645609612436e-01 5.5e+00 1.83e+00  1e+00  3e+00 30:10.1
  214   2568 -1.916081756900585e-01 5.7e+00 1.59e+00  1e+00  2e+00 31:11.5
  221   2652 -1.841733628487930e-01 5.9e+00 1.94e+00  1e+00  3e+00 32:12.5
  228   2736 -1.909160778978573e-01 6.3e+00 2.70e+00  2e+00  4e+00 33:13.8
  235   2820 -1.949800286957829e-01 6.4e+00 2.59e+00  2e+00  4e+00 34:15.1
  242   2904 -1.991046098267011e-01 6.8e+00 2.26e+00  1e+00  3e+00 35:16.3
  250   3000 -1.810472986483160e-01 7.0e+00 2.28e+00  1e+00  3e+00 36:26.2
  258   3096 -1.987215671144635e-01 7.2e+00 2.07e+00  1e+00  3e+00 37:36.2
  266   3192 -1.921159148817772e-01 7.5e+00 1.95e+00  1e+00  3e+00 38:46.0
  274   3288 -1.943713792562288e-01 7.0e+00 1.76e+00  1e+00  2e+00 39:56.0
  282   3384 -1.934880614723953e-01 7.3e+00 1.69e+00  1e+00  2e+00 41:05.9
  290   3480 -1.904556325485408e-01 7.5e+00 1.33e+00  8e-01  2e+00 42:15.7
  298   3576 -1.990400001150728e-01 7.7e+00 1.05e+00  6e-01  1e+00 43:25.7
  300   3600 -1.964459372481063e-01 7.4e+00 1.06e+00  6e-01  1e+00 43:43.2
  309   3708 -1.950370844610287e-01 7.3e+00 1.25e+00  7e-01  2e+00 45:01.8
  318   3816 -1.905900650906150e-01 7.8e+00 1.54e+00  9e-01  2e+00 46:20.3
  327   3924 -1.891454747715400e-01 7.5e+00 1.59e+00  9e-01  2e+00 47:39.0
  336   4032 -1.918379509071847e-01 8.5e+00 1.60e+00  9e-01  2e+00 48:57.4
  345   4140 -2.072158340529894e-01 9.0e+00 1.34e+00  7e-01  2e+00 50:16.1
  354   4248 -1.783014222380712e-01 9.5e+00 1.27e+00  7e-01  2e+00 51:34.6
  363   4356 -1.912008794340462e-01 1.0e+01 1.48e+00  8e-01  2e+00 52:53.4
  372   4464 -1.839029151220635e-01 1.1e+01 2.30e+00  1e+00  3e+00 54:12.0
  381   4572 -1.884356645386002e-01 1.3e+01 2.63e+00  1e+00  4e+00 55:30.7
  391   4692 -1.818688559134399e-01 1.3e+01 2.68e+00  1e+00  4e+00 56:58.0
  400   4800 -1.757289113520863e-01 1.3e+01 3.48e+00  2e+00  5e+00 58:16.6
  410   4920 -2.063409196020754e-01 1.4e+01 3.46e+00  2e+00  5e+00 59:44.0
  420   5040 -1.777368410931172e-01 1.4e+01 3.15e+00  2e+00  4e+00 61:11.4
  430   5160 -1.910546569871024e-01 1.5e+01 4.01e+00  2e+00  6e+00 62:38.7
  440   5280 -1.863243766915727e-01 1.6e+01 3.19e+00  2e+00  5e+00 64:06.0
  450   5400 -1.967799903978512e-01 1.7e+01 3.30e+00  2e+00  5e+00 65:33.4
  460   5520 -1.941336708015001e-01 1.7e+01 3.64e+00  2e+00  5e+00 67:00.8
  470   5640 -1.897380297893943e-01 1.7e+01 4.59e+00  3e+00  7e+00 68:28.1
  481   5772 -1.957224367276667e-01 1.8e+01 4.04e+00  2e+00  6e+00 70:04.1
  492   5904 -1.961413143741324e-01 2.0e+01 4.61e+00  3e+00  7e+00 71:40.0
  500   6000 -1.900113171912432e-01 2.1e+01 5.64e+00  3e+00  9e+00 72:49.8
  511   6132 -1.952587607456057e-01 2.2e+01 6.74e+00  4e+00  1e+01 74:25.9
  522   6264 -1.855508849600708e-01 2.3e+01 5.71e+00  3e+00  1e+01 76:02.0
  533   6396 -1.911014664192822e-01 2.3e+01 6.40e+00  4e+00  1e+01 77:38.1
  544   6528 -1.805964654187362e-01 2.3e+01 8.41e+00  5e+00  1e+01 79:14.3
  555   6660 -1.799812517127082e-01 2.4e+01 7.71e+00  5e+00  1e+01 80:50.5
  566   6792 -2.001120936638802e-01 2.7e+01 8.05e+00  5e+00  1e+01 82:26.9
  578   6936 -1.891515956890812e-01 2.7e+01 9.85e+00  6e+00  2e+01 84:11.8
  590   7080 -1.863697558373330e-01 2.6e+01 9.14e+00  5e+00  1e+01 85:56.8
  600   7200 -1.787552851332284e-01 2.7e+01 9.67e+00  5e+00  2e+01 87:24.4
  612   7344 -1.858346269298764e-01 2.7e+01 8.32e+00  4e+00  1e+01 89:09.2
  624   7488 -1.853202441472083e-01 2.7e+01 7.72e+00  4e+00  1e+01 90:54.0
  636   7632 -1.968798892064846e-01 2.5e+01 6.39e+00  3e+00  9e+00 92:39.0
  648   7776 -1.919828603728903e-01 2.5e+01 5.56e+00  3e+00  8e+00 94:23.7
  660   7920 -1.938395904383584e-01 2.9e+01 1.04e+01  6e+00  2e+01 96:08.5
  673   8076 -1.885963135639205e-01 3.0e+01 9.82e+00  6e+00  2e+01 98:02.0
  686   8232 -1.917093770764573e-01 3.1e+01 5.78e+00  3e+00  9e+00 99:55.6
  699   8388 -1.867944162998975e-01 3.3e+01 4.60e+00  3e+00  7e+00 101:49.2
  700   8400 -1.966331326549514e-01 3.3e+01 4.43e+00  2e+00  7e+00 101:57.9
  713   8556 -1.852877945416243e-01 3.3e+01 3.68e+00  2e+00  5e+00 103:51.5
  726   8712 -2.032553421317994e-01 3.3e+01 3.59e+00  2e+00  5e+00 105:45.1
  739   8868 -1.841272028320284e-01 3.3e+01 3.79e+00  2e+00  5e+00 107:38.6
  752   9024 -1.870781939521148e-01 3.3e+01 4.43e+00  2e+00  6e+00 109:32.2
  765   9180 -1.922337335787607e-01 3.3e+01 4.38e+00  2e+00  5e+00 111:25.7
  779   9348 -1.862848352230524e-01 3.4e+01 3.68e+00  2e+00  5e+00 113:27.9
  793   9516 -1.902550559847960e-01 3.8e+01 4.97e+00  3e+00  6e+00 115:30.2
  800   9600 -1.856127139384072e-01 3.9e+01 6.13e+00  3e+00  8e+00 116:31.4
  814   9768 -2.040153960175115e-01 4.1e+01 6.82e+00  4e+00  9e+00 118:33.6
  828   9936 -1.960682555697080e-01 4.2e+01 5.29e+00  3e+00  7e+00 120:35.9
  842  10104 -1.806599781538922e-01 4.2e+01 5.31e+00  3e+00  7e+00 122:38.0
  856  10272 -1.956871664449121e-01 4.5e+01 6.59e+00  3e+00  9e+00 124:40.2
  870  10440 -1.886984639017933e-01 4.3e+01 7.34e+00  4e+00  1e+01 126:42.3
  884  10608 -2.003493158408690e-01 4.8e+01 8.82e+00  4e+00  1e+01 128:44.4
  899  10788 -1.982348214723457e-01 4.6e+01 9.18e+00  4e+00  1e+01 130:55.6
  900  10800 -1.854263448542353e-01 4.6e+01 9.27e+00  4e+00  1e+01 131:04.4
  915  10980 -1.968334168355071e-01 4.8e+01 1.05e+01  5e+00  1e+01 133:15.5
  930  11160 -1.914927698448381e-01 4.9e+01 6.82e+00  3e+00  9e+00 135:26.5
  945  11340 -1.943829183887441e-01 4.9e+01 6.90e+00  3e+00  9e+00 137:37.3
  960  11520 -2.005125419044237e-01 5.1e+01 9.72e+00  4e+00  1e+01 139:48.5
  975  11700 -1.936191510546343e-01 6.1e+01 9.00e+00  4e+00  1e+01 141:59.8
  990  11880 -1.831455760105125e-01 6.0e+01 1.03e+01  5e+00  1e+01 144:11.0
 1000  12000 -1.948789218707172e-01 5.6e+01 1.17e+01  6e+00  1e+01 145:38.3
Budget constraint satisfied 2608.659225463867 3056.291519165039 Difference:  447.6322937011719
Budget constraint satisfied 2368.750732421875 3056.291519165039 Difference:  687.5407867431641
two_most_probable_states: ['00011000', '00010000']
final_expectation_value: -0.2755674316296132
params: [-1.4746627879145482, -2.7258568436534385, -1.7433380383180035, 1.9709035549356126, 2.4187250023746127, 1.7929616779263526, -3.5463816883966413, 1.4070786152916857, 5.383240209258023, -1.8367414676544678, -3.5364415668428624, -2.4111170891734734, 7.797568254624961, 1.3291809077799657, 1.8167414337996302, 7.738870094098352]
total_steps: 1000
states_probs: [0.010586940725807, 0.010775714716418984]
optimized_portfolios: [{'AXP': 8, 'TRV': 1}, {'AXP': 8, 'TRV': 0}]
objective_values: [-13905.853111842714, -11075.916130659785]
result_with_budget: [{'portfolio': {'AXP': 8, 'TRV': 1}, 'budget': 2608.659225463867, 'difference': 447.6322937011719}, {'portfolio': {'AXP': 8, 'TRV': 0}, 'budget': 2368.750732421875, 'difference': 687.5407867431641}]
Processing experiment 63
Budget: 1914.3285865783691
Expected returns: 0.16956216574738767
Covariance matrix: 0.3071137987056148
3rd-order coskewness tensor: 0.22219562172005966
4th-order cokurtosis tensor: 10.09203960494387
Number of qubits for asset GS: 2
Number of qubits for asset VZ: 6
Total number of qubits:  8
Optimized Weights (considering variance, skewness and kurtosis):
GS: 46.08%
VZ: 53.92%
Left over budget:  28.15879035733201
Optimized Discrete Allocation:
GS: 2
VZ: 19
Maximized utility from continuous higher moments:  -97124.40797221033
Budget constraint satisfied 1905.8522682189941 1914.3285865783691 Difference:  8.476318359375
Budget constraint satisfied 1866.5585479736328 1914.3285865783691 Difference:  47.77003860473633
smallest_eigenvalues: [-0.09834537868401036]
smallest_bitstrings: ['11101000']
first_excited_energy: -0.09830930894265458
optimized_portfolio: [{'GS': 3, 'VZ': 5}]
second_optimized_portfolio: [{'GS': 3, 'VZ': 4}]
result_with_budget: [{'portfolio': {'GS': 3, 'VZ': 5}, 'budget': 1905.8522682189941, 'difference': 8.476318359375, 'objective_value': -715.1883276711453}]
result_with_budget_excited: [{'portfolio': {'GS': 3, 'VZ': 4}, 'budget': 1866.5585479736328, 'difference': 47.77003860473633, 'objective_value': -416.97796718439974}]
Initial params:  [0.14188833 0.26354224 2.17715192 0.42473745 2.20264781 0.66305413
 0.05543103 2.83567686 2.41119496 0.32298126 2.93437325 1.66430484
 2.56645938 1.59968888 1.62878637 0.58352185]
(6_w,12)-aCMA-ES (mu_w=3.7,w_1=40%) in dimension 16 (seed=177867, Sat Mar 15 04:29:08 2025)
Iterat #Fevals   function value  axis ratio  sigma  min&max std  t[m:s]
    1     12 -2.015623778437114e-02 1.0e+00 1.38e+00  1e+00  1e+00 0:08.8
    2     24 -4.035249907705175e-02 1.1e+00 1.27e+00  1e+00  1e+00 0:17.6
    3     36 2.069163916460676e-02 1.2e+00 1.18e+00  1e+00  1e+00 0:26.4
    4     48 -3.029055650020496e-02 1.2e+00 1.12e+00  1e+00  1e+00 0:35.2
    5     60 1.296853780614540e-02 1.2e+00 1.11e+00  1e+00  1e+00 0:44.0
    6     72 3.340494342990825e-04 1.3e+00 1.04e+00  1e+00  1e+00 0:52.8
    7     84 1.648965615384337e-02 1.3e+00 9.79e-01  9e-01  1e+00 1:01.6
    8     96 -3.910859682270249e-02 1.3e+00 9.32e-01  9e-01  9e-01 1:10.4
    9    108 -5.289221839533294e-02 1.3e+00 9.15e-01  9e-01  9e-01 1:19.1
   11    132 -5.103357061463100e-03 1.3e+00 8.75e-01  8e-01  9e-01 1:36.7
   13    156 -2.055195891358895e-02 1.4e+00 8.32e-01  8e-01  9e-01 1:54.3
   15    180 -2.547755950943789e-02 1.4e+00 8.08e-01  8e-01  8e-01 2:11.9
   17    204 -1.111097216812366e-02 1.5e+00 8.29e-01  8e-01  9e-01 2:29.5
   19    228 -1.384111589099991e-02 1.6e+00 8.70e-01  8e-01  9e-01 2:47.0
   21    252 -1.754134355055503e-02 1.6e+00 8.14e-01  8e-01  9e-01 3:04.6
   23    276 -4.189679270815504e-02 1.6e+00 8.42e-01  8e-01  9e-01 3:22.2
   25    300 8.805233956497601e-03 1.8e+00 8.99e-01  8e-01  1e+00 3:39.7
   27    324 -4.001799763674268e-02 1.9e+00 8.38e-01  8e-01  9e-01 3:57.3
   30    360 -4.753966451244481e-02 1.8e+00 7.22e-01  6e-01  8e-01 4:23.6
   33    396 -4.267898441907964e-02 1.9e+00 7.58e-01  7e-01  8e-01 4:50.0
   36    432 -3.240179659129132e-02 1.9e+00 7.18e-01  6e-01  8e-01 5:16.4
   39    468 -3.197200166026828e-02 1.9e+00 6.45e-01  6e-01  7e-01 5:42.7
   42    504 -2.602627537976262e-02 2.0e+00 5.67e-01  5e-01  6e-01 6:09.1
   45    540 -2.922681121103328e-02 2.1e+00 6.32e-01  6e-01  7e-01 6:35.6
   48    576 -3.536961900682414e-02 2.1e+00 6.42e-01  6e-01  7e-01 7:02.0
   51    612 -1.973737132433124e-02 2.2e+00 6.62e-01  6e-01  7e-01 7:28.3
   54    648 -3.447299539937658e-02 2.3e+00 6.90e-01  6e-01  8e-01 7:54.6
   58    696 7.029809696842158e-03 2.3e+00 6.99e-01  6e-01  8e-01 8:29.8
   62    744 -2.521081246832501e-02 2.5e+00 6.57e-01  6e-01  8e-01 9:04.9
   66    792 -2.113924259734850e-02 2.6e+00 6.43e-01  5e-01  7e-01 9:40.1
   70    840 2.011521460761049e-02 2.8e+00 6.12e-01  5e-01  7e-01 10:15.3
   74    888 -2.015856031157442e-02 2.9e+00 5.38e-01  4e-01  6e-01 10:50.4
   78    936 -8.986547702262988e-03 3.0e+00 4.87e-01  4e-01  5e-01 11:25.6
   82    984 -1.940312885383101e-02 3.1e+00 5.77e-01  5e-01  6e-01 12:00.8
   86   1032 -4.318437263225423e-02 3.2e+00 6.95e-01  6e-01  8e-01 12:36.0
   90   1080 -5.163035229259558e-03 3.3e+00 6.89e-01  5e-01  8e-01 13:11.2
   95   1140 -2.159283025306298e-02 3.3e+00 6.90e-01  5e-01  8e-01 13:55.0
  100   1200 -3.431154833009023e-02 3.2e+00 7.84e-01  6e-01  9e-01 14:38.9
  105   1260 2.572223107221560e-02 3.2e+00 8.03e-01  6e-01  9e-01 15:22.9
  110   1320 -4.103824554865204e-02 3.3e+00 6.55e-01  5e-01  7e-01 16:06.9
  115   1380 -2.781435006187391e-02 3.4e+00 7.77e-01  6e-01  9e-01 16:50.8
  120   1440 1.843136318156670e-02 3.9e+00 1.06e+00  8e-01  1e+00 17:34.8
  125   1500 4.160997437652392e-02 3.9e+00 1.05e+00  8e-01  1e+00 18:18.8
  130   1560 -6.729124109816547e-03 3.9e+00 9.65e-01  8e-01  1e+00 19:02.8
  136   1632 -2.210084157211529e-02 4.0e+00 9.96e-01  8e-01  1e+00 19:55.5
  142   1704 1.622367029393745e-02 4.0e+00 9.82e-01  7e-01  1e+00 20:48.3
  148   1776 -2.935585039038295e-02 4.2e+00 9.24e-01  7e-01  1e+00 21:41.2
  154   1848 -5.977655816867835e-02 4.2e+00 9.93e-01  6e-01  1e+00 22:33.9
  160   1920 -3.369649920990395e-02 4.1e+00 9.84e-01  6e-01  1e+00 23:26.7
  166   1992 -4.681917095237341e-03 4.3e+00 1.10e+00  6e-01  1e+00 24:19.5
  172   2064 -5.919466090315318e-03 4.5e+00 1.12e+00  6e-01  2e+00 25:12.3
  178   2136 3.640197043681533e-03 4.6e+00 9.78e-01  5e-01  1e+00 26:05.1
  184   2208 -4.766250216858842e-02 4.9e+00 1.13e+00  6e-01  1e+00 26:57.8
  191   2292 -2.013806636133471e-03 4.8e+00 1.19e+00  6e-01  2e+00 27:59.3
  198   2376 4.597908091313922e-02 4.9e+00 1.07e+00  5e-01  1e+00 29:00.8
  200   2400 -1.182919091183276e-02 4.9e+00 9.75e-01  5e-01  1e+00 29:18.4
  207   2484 -1.412316399799763e-02 4.7e+00 1.03e+00  5e-01  1e+00 30:20.0
  214   2568 3.635972647692822e-02 4.9e+00 1.08e+00  5e-01  1e+00 31:21.4
  221   2652 -2.590356410277096e-02 5.2e+00 9.56e-01  4e-01  1e+00 32:22.9
  228   2736 1.175907430572187e-02 5.1e+00 8.02e-01  3e-01  1e+00 33:24.5
  235   2820 -1.098301744443352e-02 5.2e+00 7.45e-01  3e-01  1e+00 34:25.9
  242   2904 -1.117339585013949e-02 5.1e+00 6.71e-01  3e-01  9e-01 35:27.4
  250   3000 -3.223321945878602e-02 5.2e+00 6.35e-01  2e-01  8e-01 36:37.8
  258   3096 -4.796172457447644e-03 5.4e+00 4.94e-01  2e-01  6e-01 37:48.2
  266   3192 -5.856837424853754e-02 5.9e+00 6.22e-01  2e-01  8e-01 38:58.4
  274   3288 -3.246100325302630e-02 6.0e+00 5.22e-01  2e-01  7e-01 40:08.8
  282   3384 -6.330073037195959e-02 6.2e+00 4.65e-01  2e-01  6e-01 41:19.2
  290   3480 -4.570724908549468e-02 6.2e+00 4.03e-01  1e-01  5e-01 42:29.5
  298   3576 -5.248903970957018e-02 6.2e+00 2.74e-01  9e-02  3e-01 43:39.7
  300   3600 -5.100432013070934e-02 6.3e+00 2.65e-01  9e-02  3e-01 43:57.3
  308   3696 -5.685317284675288e-02 6.7e+00 1.90e-01  6e-02  2e-01 45:07.6
  317   3804 -6.192927671754557e-02 6.8e+00 1.62e-01  5e-02  2e-01 46:26.7
  326   3912 -6.235633047187211e-02 6.7e+00 1.15e-01  3e-02  1e-01 47:45.8
  335   4020 -6.340497456895614e-02 6.9e+00 9.07e-02  3e-02  1e-01 49:04.9
  344   4128 -6.526652439289107e-02 9.3e+00 1.30e-01  4e-02  2e-01 50:24.0
  353   4236 -6.658088085991067e-02 1.0e+01 1.42e-01  4e-02  2e-01 51:43.0
  362   4344 -7.050322579048612e-02 9.7e+00 1.03e-01  3e-02  1e-01 53:02.2
  371   4452 -7.113356193845315e-02 9.3e+00 8.60e-02  2e-02  9e-02 54:21.3
  380   4560 -7.164752018350640e-02 9.0e+00 6.05e-02  2e-02  6e-02 55:40.4
  389   4668 -7.181566720624791e-02 8.7e+00 3.90e-02  9e-03  3e-02 56:59.5
  399   4788 -7.201897084937585e-02 8.4e+00 2.70e-02  6e-03  2e-02 58:27.5
  400   4800 -7.198991759759840e-02 8.2e+00 2.74e-02  6e-03  2e-02 58:36.3
  410   4920 -7.213874191021778e-02 8.2e+00 2.59e-02  6e-03  2e-02 60:04.0
  420   5040 -7.232589157882714e-02 8.3e+00 2.82e-02  6e-03  2e-02 61:31.8
  430   5160 -7.245219442444611e-02 9.0e+00 2.59e-02  5e-03  2e-02 62:59.6
  440   5280 -7.267668620164267e-02 1.1e+01 3.73e-02  7e-03  3e-02 64:27.5
  450   5400 -7.291979828034309e-02 1.4e+01 4.36e-02  8e-03  4e-02 65:55.3
  460   5520 -7.327454194607373e-02 1.7e+01 6.36e-02  1e-02  7e-02 67:23.0
  471   5652 -7.377196660558379e-02 1.8e+01 4.65e-02  8e-03  6e-02 68:59.6
  482   5784 -7.433124104418695e-02 2.6e+01 6.82e-02  1e-02  1e-01 70:36.1
  493   5916 -7.482356352918494e-02 2.8e+01 8.11e-02  1e-02  1e-01 72:12.8
  500   6000 -7.482194158355322e-02 2.8e+01 6.98e-02  1e-02  1e-01 73:14.3
  511   6132 -7.529360484780803e-02 2.8e+01 5.25e-02  8e-03  8e-02 74:50.8
  522   6264 -7.546283618497518e-02 2.8e+01 4.36e-02  7e-03  7e-02 76:27.4
  533   6396 -7.562539218626335e-02 2.9e+01 3.61e-02  5e-03  5e-02 78:03.9
  544   6528 -7.582941581532893e-02 3.4e+01 4.79e-02  7e-03  8e-02 79:40.5
  555   6660 -7.597518949612968e-02 3.4e+01 4.33e-02  6e-03  7e-02 81:17.0
  567   6804 -7.616174632987946e-02 3.4e+01 2.93e-02  4e-03  5e-02 83:02.2
  579   6948 -7.623285520996755e-02 3.7e+01 2.66e-02  4e-03  5e-02 84:47.7
  591   7092 -7.637821786878161e-02 4.2e+01 3.44e-02  4e-03  6e-02 86:33.0
  600   7200 -7.651910698711688e-02 4.4e+01 4.14e-02  5e-03  8e-02 87:51.9
  612   7344 -7.686279274584187e-02 4.3e+01 6.95e-02  9e-03  1e-01 89:37.2
  624   7488 -7.687443822883562e-02 4.5e+01 6.68e-02  9e-03  1e-01 91:22.5
  636   7632 -7.723197935184670e-02 4.3e+01 6.69e-02  9e-03  1e-01 93:07.7
  648   7776 -7.737471825580303e-02 4.0e+01 6.08e-02  8e-03  9e-02 94:53.0
  660   7920 -7.762697707311871e-02 3.8e+01 4.89e-02  6e-03  6e-02 96:38.2
  673   8076 -7.803676538457979e-02 3.4e+01 7.76e-02  9e-03  9e-02 98:32.5
  686   8232 -7.839221850278504e-02 3.2e+01 6.90e-02  8e-03  8e-02 100:26.8
  699   8388 -7.917304524422389e-02 3.8e+01 8.25e-02  9e-03  9e-02 102:21.0
  700   8400 -7.941093233495339e-02 3.8e+01 8.31e-02  9e-03  9e-02 102:29.7
  713   8556 -7.984968632314302e-02 4.5e+01 8.08e-02  9e-03  1e-01 104:23.8
  726   8712 -8.028086507197094e-02 4.5e+01 6.21e-02  6e-03  8e-02 106:17.9
  739   8868 -8.073372008321861e-02 4.6e+01 5.58e-02  5e-03  7e-02 108:12.1
  752   9024 -8.091235873709979e-02 5.1e+01 5.03e-02  5e-03  6e-02 110:06.1
  765   9180 -8.104625721848431e-02 5.4e+01 5.18e-02  5e-03  6e-02 112:00.2
  779   9348 -8.137619792802336e-02 5.6e+01 6.21e-02  6e-03  7e-02 114:03.1
  793   9516 -8.155525527902033e-02 5.4e+01 4.84e-02  4e-03  5e-02 116:06.0
  800   9600 -8.176487300064254e-02 5.8e+01 7.03e-02  6e-03  8e-02 117:07.3
  814   9768 -8.202883431204046e-02 6.2e+01 7.87e-02  7e-03  9e-02 119:10.2
  828   9936 -8.218486222944144e-02 6.5e+01 6.20e-02  5e-03  7e-02 121:13.1
  842  10104 -8.229483211007217e-02 6.8e+01 8.19e-02  6e-03  9e-02 123:16.1
  856  10272 -8.243511917444085e-02 7.0e+01 6.91e-02  5e-03  7e-02 125:19.0
  870  10440 -8.250093362573929e-02 6.9e+01 3.76e-02  3e-03  4e-02 127:21.9
  884  10608 -8.251683039809543e-02 7.0e+01 2.03e-02  1e-03  2e-02 129:25.0
  899  10788 -8.252603355874447e-02 7.2e+01 2.50e-02  1e-03  2e-02 131:36.7
  900  10800 -8.253009020715973e-02 7.3e+01 2.49e-02  1e-03  2e-02 131:45.5
  915  10980 -8.254696714751801e-02 7.6e+01 2.04e-02  1e-03  2e-02 133:57.3
  930  11160 -8.256520941158547e-02 8.0e+01 2.15e-02  1e-03  2e-02 136:09.1
  945  11340 -8.258643406760885e-02 9.0e+01 3.12e-02  2e-03  3e-02 138:20.8
  960  11520 -8.261495690043387e-02 1.0e+02 2.99e-02  1e-03  3e-02 140:32.7
  975  11700 -8.264924000576279e-02 1.0e+02 4.06e-02  2e-03  3e-02 142:44.4
  990  11880 -8.269741660404720e-02 9.7e+01 6.26e-02  3e-03  5e-02 144:56.1
 1000  12000 -8.276870254719002e-02 8.7e+01 6.98e-02  4e-03  5e-02 146:23.9
Budget constraint satisfied 1414.6451530456543 1914.3285865783691 Difference:  499.68343353271484
Budget constraint not satisfied 1984.4397087097168 1914.3285865783691 Difference:  -70.11112213134766
two_most_probable_states: ['01111000', '11111000']
final_expectation_value: -0.08276870254719002
params: [4.767475382147768, 1.2491608381114723, -3.535984990262628, 1.807421209328358, 1.6211586609309017, -3.7027651220371216, -5.154092653544884, -5.756370717958714, -1.96032913708477, 14.360889437434798, 6.815345384410316, 3.5398890547026336, 3.8540105264676443, 6.6225816507625, 3.410259796361024, 4.879380239216071]
total_steps: 1000
states_probs: [0.08854791171894882, 0.15436685554358026]
optimized_portfolios: [{'GS': 2, 'VZ': 7}, {'GS': 3, 'VZ': 7}]
objective_values: [-1871.5184648337463, -2059.5493459709373]
result_with_budget: [{'portfolio': {'GS': 2, 'VZ': 7}, 'budget': 1414.6451530456543, 'difference': 499.68343353271484}, {'portfolio': {'GS': 3, 'VZ': 7}, 'budget': 1984.4397087097168, 'difference': -70.11112213134766}]
Processing experiment 64
Budget: 2933.6806602478027
Expected returns: 0.2741397886000489
Covariance matrix: 0.2327651875059614
3rd-order coskewness tensor: -0.003052995593285598
4th-order cokurtosis tensor: 5.303629665973492
Number of qubits for asset AAPL: 4
Number of qubits for asset VZ: 7
Total number of qubits:  11
Optimized Weights (considering variance, skewness and kurtosis):
AAPL: 51.37%
VZ: 48.63%
Left over budget:  18.23688594768737
Optimized Discrete Allocation:
AAPL: 6
VZ: 36
Maximized utility from continuous higher moments:  -1176582.8444672297
Budget constraint satisfied 2908.7695922851562 2933.6806602478027 Difference:  24.911067962646484
Budget constraint not satisfied 2948.0633125305176 2933.6806602478027 Difference:  -14.382652282714844
smallest_eigenvalues: [-0.01438653078504809]
smallest_bitstrings: ['11010010000']
first_excited_energy: -0.014386450646217797
optimized_portfolio: [{'AAPL': 11, 'VZ': 4}]
second_optimized_portfolio: [{'AAPL': 11, 'VZ': 5}]
result_with_budget: [{'portfolio': {'AAPL': 11, 'VZ': 4}, 'budget': 2908.7695922851562, 'difference': 24.911067962646484, 'objective_value': -10186.87011699508}]
result_with_budget_excited: [{'portfolio': {'AAPL': 11, 'VZ': 5}, 'budget': 2948.0633125305176, 'difference': -14.382652282714844, 'objective_value': -10346.992040965584}]
Initial params:  [0.91425853 1.61898694 2.89260093 3.03177634 1.10248224 2.18701792
 0.25208465 1.91069951 0.60814788 2.49372446 0.08614612 0.64641066
 1.64074631 0.50135995 0.86134317 0.37795001 1.21792451 2.56805634
 0.51621398 1.52366349]
(6_w,12)-aCMA-ES (mu_w=3.7,w_1=40%) in dimension 20 (seed=109659, Sat Mar 15 06:56:02 2025)
Iterat #Fevals   function value  axis ratio  sigma  min&max std  t[m:s]
    1     12 6.796378433486562e-02 1.0e+00 1.42e+00  1e+00  1e+00 0:41.5
    2     24 1.261803776636738e-01 1.1e+00 1.34e+00  1e+00  1e+00 1:23.1
    3     36 9.676268589429704e-02 1.1e+00 1.29e+00  1e+00  1e+00 2:04.7
    4     48 7.906577902519635e-02 1.1e+00 1.29e+00  1e+00  1e+00 2:46.2
    5     60 1.091506326349902e-01 1.2e+00 1.28e+00  1e+00  1e+00 3:27.7
    6     72 1.012600989302205e-01 1.2e+00 1.27e+00  1e+00  1e+00 4:09.2
    7     84 1.053636034319439e-01 1.2e+00 1.25e+00  1e+00  1e+00 4:50.7
    8     96 5.607045404879355e-02 1.3e+00 1.23e+00  1e+00  1e+00 5:32.3
    9    108 9.587256802467257e-02 1.3e+00 1.25e+00  1e+00  1e+00 6:14.0
   10    120 5.677225917358374e-02 1.3e+00 1.21e+00  1e+00  1e+00 6:55.5
   11    132 7.448392653131081e-02 1.3e+00 1.22e+00  1e+00  1e+00 7:37.1
   12    144 9.096147862397197e-02 1.3e+00 1.25e+00  1e+00  1e+00 8:18.6
   13    156 7.652732892501317e-03 1.4e+00 1.30e+00  1e+00  1e+00 9:00.1
   14    168 6.729874913259024e-02 1.4e+00 1.35e+00  1e+00  1e+00 9:41.8
   15    180 7.791169481033455e-02 1.5e+00 1.34e+00  1e+00  1e+00 10:23.5
   16    192 1.258634744848932e-01 1.5e+00 1.28e+00  1e+00  1e+00 11:04.9
   17    204 6.706439249836577e-02 1.5e+00 1.32e+00  1e+00  1e+00 11:46.3
   18    216 8.754626927914036e-02 1.5e+00 1.30e+00  1e+00  1e+00 12:27.7
   19    228 9.423915325441776e-02 1.5e+00 1.33e+00  1e+00  1e+00 13:09.3
   20    240 6.761143605630791e-02 1.5e+00 1.30e+00  1e+00  1e+00 13:50.9
   21    252 9.026700322500303e-02 1.6e+00 1.25e+00  1e+00  1e+00 14:32.5
   22    264 6.778584224379022e-02 1.6e+00 1.22e+00  1e+00  1e+00 15:13.9
   23    276 1.584699701160983e-02 1.6e+00 1.23e+00  1e+00  1e+00 15:55.4
   24    288 5.864894891367557e-02 1.6e+00 1.29e+00  1e+00  1e+00 16:36.8
   25    300 1.117897318645324e-01 1.6e+00 1.30e+00  1e+00  1e+00 17:18.4
   26    312 6.296985814725350e-02 1.6e+00 1.25e+00  1e+00  1e+00 18:00.0
   27    324 6.361727157296784e-02 1.6e+00 1.23e+00  1e+00  1e+00 18:41.7
   28    336 5.478136502249171e-02 1.6e+00 1.17e+00  1e+00  1e+00 19:23.2
   29    348 8.433805845944285e-02 1.6e+00 1.18e+00  1e+00  1e+00 20:04.8
   30    360 1.010271229566673e-01 1.6e+00 1.20e+00  1e+00  1e+00 20:46.4
   31    372 5.669420956939411e-02 1.7e+00 1.23e+00  1e+00  1e+00 21:28.2
   32    384 1.284493849680508e-01 1.7e+00 1.28e+00  1e+00  1e+00 22:09.7
   33    396 4.150003747308671e-02 1.7e+00 1.36e+00  1e+00  2e+00 22:51.3
   34    408 7.294430463485613e-02 1.7e+00 1.36e+00  1e+00  2e+00 23:32.9
   35    420 9.238981181956443e-02 1.7e+00 1.39e+00  1e+00  2e+00 24:14.4
   36    432 6.548460083516783e-02 1.8e+00 1.44e+00  1e+00  2e+00 24:56.0
   37    444 7.686767900358062e-02 1.8e+00 1.45e+00  1e+00  2e+00 25:37.7
   38    456 2.706908445568553e-02 1.8e+00 1.44e+00  1e+00  2e+00 26:19.3
   39    468 7.075932364322036e-02 1.9e+00 1.42e+00  1e+00  2e+00 27:01.0
   40    480 6.268618470409516e-02 1.9e+00 1.44e+00  1e+00  2e+00 27:42.4
   41    492 4.204168437245665e-02 1.9e+00 1.50e+00  1e+00  2e+00 28:24.1
   42    504 1.108723219569268e-01 1.9e+00 1.56e+00  1e+00  2e+00 29:05.8
   44    528 7.028141463551296e-03 2.0e+00 1.53e+00  1e+00  2e+00 30:29.0
   46    552 6.112981704939355e-02 2.1e+00 1.47e+00  1e+00  2e+00 31:52.0
   48    576 7.000881539536029e-02 2.2e+00 1.55e+00  1e+00  2e+00 33:15.3
   50    600 6.668974627719448e-02 2.2e+00 1.66e+00  2e+00  2e+00 34:38.5
   52    624 5.481834297945847e-02 2.3e+00 1.71e+00  2e+00  2e+00 36:01.7
   54    648 8.193291990425060e-02 2.3e+00 1.95e+00  2e+00  2e+00 37:24.6
   56    672 8.717718100198124e-02 2.3e+00 2.08e+00  2e+00  2e+00 38:47.6
   58    696 5.991200279706625e-02 2.4e+00 2.10e+00  2e+00  2e+00 40:10.7
   60    720 1.091478700913371e-01 2.4e+00 2.02e+00  2e+00  2e+00 41:33.7
   62    744 7.026234774722070e-02 2.4e+00 2.05e+00  2e+00  2e+00 42:56.9
   64    768 7.285277468998652e-02 2.5e+00 1.97e+00  2e+00  2e+00 44:20.1
   66    792 4.584963777390959e-02 2.5e+00 1.84e+00  2e+00  2e+00 45:43.0
   68    816 7.095805703411082e-02 2.5e+00 1.92e+00  2e+00  2e+00 47:06.1
   70    840 3.445728608048349e-02 2.6e+00 1.87e+00  2e+00  2e+00 48:29.2
   72    864 5.361501699404368e-02 2.6e+00 1.88e+00  2e+00  2e+00 49:52.3
   74    888 1.006388852468658e-01 2.6e+00 1.93e+00  2e+00  2e+00 51:15.3
   76    912 8.880939707866027e-02 2.6e+00 1.97e+00  2e+00  2e+00 52:38.2
   78    936 1.014318611935614e-01 2.6e+00 1.96e+00  2e+00  2e+00 54:01.2
   80    960 2.907458343469093e-02 2.6e+00 1.97e+00  2e+00  2e+00 55:24.2
   82    984 5.001601713488846e-02 2.7e+00 1.83e+00  2e+00  2e+00 56:47.3
   84   1008 4.349285825536607e-02 2.7e+00 1.99e+00  2e+00  2e+00 58:10.6
   86   1032 7.640617449493685e-02 2.7e+00 2.11e+00  2e+00  3e+00 59:33.3
   88   1056 6.509646281068256e-02 2.7e+00 1.99e+00  2e+00  2e+00 60:56.4
   90   1080 7.529975746058641e-02 2.8e+00 1.84e+00  2e+00  2e+00 62:19.6
   92   1104 6.262847155330739e-02 2.8e+00 1.78e+00  1e+00  2e+00 63:42.5
   94   1128 5.899550362486638e-02 2.8e+00 1.81e+00  1e+00  2e+00 65:05.3
   96   1152 5.702131766824130e-02 2.8e+00 1.86e+00  1e+00  2e+00 66:28.0
   98   1176 1.070508889461914e-01 2.8e+00 1.82e+00  1e+00  2e+00 67:51.2
  100   1200 1.712937040346151e-02 2.9e+00 1.88e+00  1e+00  2e+00 69:14.1
  102   1224 6.575906961036210e-02 3.0e+00 1.86e+00  1e+00  2e+00 70:37.3
  104   1248 7.279997670389665e-02 3.0e+00 1.88e+00  2e+00  2e+00 72:00.4
  106   1272 4.193756606401746e-02 3.0e+00 1.85e+00  2e+00  2e+00 73:23.3
  108   1296 9.137626564018324e-02 3.0e+00 1.83e+00  2e+00  2e+00 74:46.2
  110   1320 1.204693304318201e-01 3.1e+00 1.88e+00  2e+00  2e+00 76:08.9
  112   1344 5.836988563619908e-02 3.1e+00 1.76e+00  1e+00  2e+00 77:31.6
  114   1368 5.110374534338555e-02 3.2e+00 1.72e+00  1e+00  2e+00 78:54.6
  116   1392 1.312776953505376e-01 3.2e+00 1.62e+00  1e+00  2e+00 80:17.2
  118   1416 4.388526316439445e-02 3.3e+00 1.51e+00  1e+00  2e+00 81:40.2
  120   1440 7.287782607875591e-02 3.2e+00 1.43e+00  1e+00  2e+00 83:03.1
  122   1464 7.824316688677468e-02 3.2e+00 1.45e+00  1e+00  2e+00 84:26.1
  124   1488 1.016389477665164e-01 3.1e+00 1.50e+00  1e+00  2e+00 85:48.9
  127   1524 1.246604708599469e-01 3.1e+00 1.58e+00  1e+00  2e+00 87:53.2
  130   1560 7.821883832264495e-02 3.1e+00 1.64e+00  1e+00  2e+00 89:57.4
  133   1596 8.458566708005033e-02 3.1e+00 1.64e+00  1e+00  2e+00 92:01.4
  136   1632 3.888840799967355e-02 3.1e+00 1.66e+00  1e+00  2e+00 94:05.4
  139   1668 1.028535671758912e-01 3.1e+00 1.84e+00  2e+00  2e+00 96:09.6
  142   1704 1.175319015275889e-01 3.1e+00 1.63e+00  1e+00  2e+00 98:13.9
  145   1740 1.223027883720948e-01 3.2e+00 1.68e+00  1e+00  2e+00 100:18.2
  148   1776 7.744550119129114e-02 3.2e+00 1.77e+00  1e+00  2e+00 102:22.4
  151   1812 4.584580797849471e-02 3.2e+00 1.66e+00  1e+00  2e+00 104:26.3
  154   1848 1.256508982057548e-01 3.1e+00 1.79e+00  1e+00  2e+00 106:30.3
  157   1884 8.593126822358255e-02 3.2e+00 1.93e+00  2e+00  2e+00 108:34.4
  160   1920 1.116197120633659e-01 3.3e+00 2.04e+00  2e+00  3e+00 110:38.7
  163   1956 1.422021882589690e-01 3.3e+00 2.23e+00  2e+00  3e+00 112:43.2
  166   1992 1.057311244567656e-01 3.2e+00 2.14e+00  2e+00  3e+00 114:47.1
  169   2028 6.535844357027455e-02 3.2e+00 2.16e+00  2e+00  3e+00 116:51.7
  172   2064 7.696559020163674e-02 3.2e+00 2.19e+00  2e+00  3e+00 118:55.7
  175   2100 7.718661422873985e-02 3.4e+00 2.20e+00  2e+00  3e+00 120:59.9
  178   2136 1.326701566060591e-01 3.4e+00 2.17e+00  2e+00  3e+00 123:04.3
  181   2172 9.056670434672859e-02 3.4e+00 2.27e+00  2e+00  3e+00 125:08.3
  184   2208 9.926950098682277e-02 3.4e+00 2.16e+00  2e+00  3e+00 127:12.8
  187   2244 9.351807898157551e-02 3.4e+00 2.03e+00  2e+00  3e+00 129:16.7
  190   2280 1.187429590423347e-01 3.4e+00 2.07e+00  2e+00  3e+00 131:20.8
  193   2316 1.141975487924163e-01 3.5e+00 2.10e+00  2e+00  3e+00 133:25.0
  196   2352 1.016604314794204e-01 3.6e+00 1.98e+00  1e+00  3e+00 135:29.1
  199   2388 1.030548033626218e-01 3.6e+00 1.92e+00  1e+00  3e+00 137:33.2
  200   2400 1.381759549471407e-01 3.7e+00 1.94e+00  1e+00  3e+00 138:14.5
  203   2436 1.237652366474992e-01 3.7e+00 1.98e+00  1e+00  3e+00 140:18.9
  206   2472 1.015421714785281e-01 3.8e+00 1.99e+00  1e+00  3e+00 142:22.9
  209   2508 8.213441707100386e-02 3.9e+00 1.94e+00  1e+00  3e+00 144:27.2
  212   2544 1.019983981654291e-01 4.0e+00 1.90e+00  1e+00  3e+00 146:31.2
  215   2580 1.183314019410133e-01 4.1e+00 2.11e+00  1e+00  3e+00 148:35.1
  218   2616 1.036251229043938e-01 4.1e+00 1.91e+00  1e+00  3e+00 150:39.4
  221   2652 1.192409141431340e-01 4.2e+00 1.93e+00  1e+00  3e+00 152:43.5
  224   2688 1.532619614860069e-01 4.2e+00 2.01e+00  1e+00  3e+00 154:47.8
  227   2724 1.140739448773773e-01 4.3e+00 1.98e+00  1e+00  3e+00 156:52.2
  230   2760 1.448252542262238e-01 4.2e+00 1.81e+00  1e+00  2e+00 158:56.4
  233   2796 1.390200793889300e-01 4.3e+00 1.62e+00  1e+00  2e+00 161:00.5
  236   2832 1.524256844823211e-01 4.3e+00 1.61e+00  1e+00  2e+00 163:04.6
  239   2868 1.634173319501745e-01 4.3e+00 1.62e+00  1e+00  2e+00 165:09.2
  242   2904 1.229112485639934e-01 4.4e+00 1.70e+00  1e+00  2e+00 167:13.3
  245   2940 1.143222225893410e-01 4.4e+00 1.61e+00  1e+00  2e+00 169:17.6
  248   2976 1.283196244693647e-01 4.4e+00 1.52e+00  1e+00  2e+00 171:21.8
  252   3024 9.880167879806111e-02 4.2e+00 1.63e+00  1e+00  2e+00 174:07.3
  256   3072 1.159979083608809e-01 4.2e+00 1.80e+00  1e+00  3e+00 176:52.6
  260   3120 1.025430462281950e-01 4.3e+00 1.67e+00  1e+00  2e+00 179:38.0
  264   3168 9.446138539762268e-02 4.4e+00 1.52e+00  1e+00  2e+00 182:23.6
  268   3216 1.239489991434425e-01 4.5e+00 1.55e+00  1e+00  2e+00 185:09.1
  272   3264 1.250131904759670e-01 4.7e+00 1.55e+00  1e+00  2e+00 187:54.5
  276   3312 1.359944596700323e-01 4.7e+00 1.72e+00  1e+00  2e+00 190:39.7
  280   3360 1.020593198694117e-01 4.8e+00 2.07e+00  1e+00  3e+00 193:25.3
  284   3408 1.116673404461448e-01 5.1e+00 2.35e+00  2e+00  3e+00 196:10.8
  288   3456 1.534068638127973e-01 5.3e+00 2.43e+00  2e+00  4e+00 198:56.0
