Running job array 46 on milan28.int.triton.aalto.fi
Starting at Sat Mar 22 10:19:11 EET 2025
Activating virtual environment at /scratch/work/uotilav2/quantum-portfolio/venv
Processing batch 47/100: experiments 46 to 46 (total 1)
Processing experiment 46
Budget: 1417
YF.download() has changed argument auto_adjust default to True
Number of qubits for asset AMGN: 3
Number of qubits for asset AXP: 3
Number of qubits for asset HON: 3
Number of qubits for asset VZ: 6
Total number of qubits:  15
Optimized Weights (considering variance, skewness and kurtosis):
AMGN: 43.84%
AXP: 56.16%
HON: 0.00%
VZ: 0.00%
Left over budget:  11.616118709072452
Optimized Discrete Allocation:
AMGN: 2
AXP: 3
Maximized utility from continuous higher moments:  -14.337886993166645
Budget constraint satisfied 1416.2439651489258 1417 Difference:  0.7560348510742188
smallest_eigenvalues: [-0.04962944765782913]
smallest_bitstrings: ['000110010010000']
first_excited_energy: None
optimized_portfolio: [{'AMGN': 0, 'AXP': 3, 'HON': 2, 'VZ': 2}]
second_optimized_portfolio: None
result_with_budget: [{'portfolio': {'AMGN': 0, 'AXP': 3, 'HON': 2, 'VZ': 2}, 'budget': 1416.2439651489258, 'difference': 0.7560348510742188, 'objective_value': -39.86002337939268}]
result_with_budget_excited: None
Initial params:  [2.51063067 1.44978017 2.45210473 0.37157007 2.01037118 0.45035763
 2.96776493 1.63943485 1.3026989  0.83112597 2.43232687 1.43303853
 1.78578792 0.0590299  1.94035914 1.92295543 1.93815531 2.96487203
 2.14200164 1.12942738]
(6_w,12)-aCMA-ES (mu_w=3.7,w_1=40%) in dimension 20 (seed=743043, Sat Mar 22 12:09:53 2025)
Iterat #Fevals   function value  axis ratio  sigma  min&max std  t[m:s]
    1     12 -9.819831947411369e-03 1.0e+00 9.36e-02  9e-02  9e-02 3:13.9
    2     24 -1.814605399361802e-02 1.1e+00 9.10e-02  9e-02  9e-02 6:27.5
    3     36 -2.545090814516494e-02 1.1e+00 9.31e-02  9e-02  9e-02 9:41.4
    4     48 -2.403316879003743e-02 1.2e+00 9.52e-02  9e-02  1e-01 12:49.4
    5     60 -2.899861823108683e-02 1.2e+00 9.62e-02  9e-02  1e-01 15:56.2
    6     72 -2.671203489413897e-02 1.3e+00 9.96e-02  1e-01  1e-01 19:03.1
    7     84 -3.133044894904562e-02 1.3e+00 1.02e-01  1e-01  1e-01 22:10.0
    8     96 -3.171419390630486e-02 1.4e+00 1.06e-01  1e-01  1e-01 25:16.4
    9    108 -3.655646306459669e-02 1.4e+00 1.10e-01  1e-01  1e-01 28:22.6
   10    120 -3.348801707645752e-02 1.5e+00 1.12e-01  1e-01  1e-01 31:29.2
   11    132 -3.614359208611657e-02 1.5e+00 1.13e-01  1e-01  1e-01 34:35.7
   12    144 -3.579061003673806e-02 1.6e+00 1.16e-01  1e-01  1e-01 37:42.4
   13    156 -3.648011680148232e-02 1.6e+00 1.19e-01  1e-01  1e-01 40:48.8
   14    168 -3.644843598572725e-02 1.6e+00 1.24e-01  1e-01  1e-01 43:53.0
   15    180 -3.643749403777356e-02 1.7e+00 1.25e-01  1e-01  1e-01 46:59.7
   16    192 -3.648732286882611e-02 1.7e+00 1.21e-01  1e-01  1e-01 50:15.0
   17    204 -3.483752101892020e-02 1.7e+00 1.19e-01  1e-01  1e-01 53:29.3
   18    216 -3.562505102568785e-02 1.7e+00 1.15e-01  1e-01  1e-01 56:43.4
   19    228 -3.558405299597339e-02 1.7e+00 1.09e-01  1e-01  1e-01 59:56.3
   20    240 -3.552120864204260e-02 1.7e+00 1.13e-01  1e-01  1e-01 63:11.7
   21    252 -3.604092249950614e-02 1.8e+00 1.11e-01  1e-01  1e-01 66:26.6
   22    264 -3.784765222167589e-02 1.8e+00 1.08e-01  1e-01  1e-01 69:41.3
   23    276 -3.771602111193341e-02 1.8e+00 1.08e-01  1e-01  1e-01 72:55.9
   24    288 -3.743445278393335e-02 1.9e+00 1.06e-01  1e-01  1e-01 76:11.5
   25    300 -3.695635243937546e-02 1.9e+00 1.04e-01  9e-02  1e-01 79:26.8
   26    312 -3.703284795873222e-02 1.9e+00 1.02e-01  9e-02  1e-01 82:42.3
   27    324 -3.811853819794381e-02 1.9e+00 1.01e-01  9e-02  1e-01 85:57.7
   28    336 -3.750961289965582e-02 2.0e+00 1.02e-01  9e-02  1e-01 89:11.7
   29    348 -3.800157530698858e-02 2.0e+00 1.05e-01  9e-02  1e-01 92:27.1
   30    360 -3.814157054565986e-02 2.1e+00 1.06e-01  1e-01  1e-01 95:40.3
   31    372 -3.749285451015308e-02 2.1e+00 1.07e-01  1e-01  1e-01 98:53.9
   32    384 -3.777582585504292e-02 2.1e+00 1.10e-01  1e-01  1e-01 102:06.7
   33    396 -3.792522997822358e-02 2.1e+00 1.14e-01  1e-01  1e-01 105:21.7
   34    408 -3.698643170982822e-02 2.2e+00 1.14e-01  1e-01  1e-01 108:36.4
   35    420 -3.711599660564894e-02 2.2e+00 1.17e-01  1e-01  1e-01 111:51.4
   36    432 -3.679958584283131e-02 2.3e+00 1.15e-01  1e-01  1e-01 115:08.3
   37    444 -3.727007771913561e-02 2.3e+00 1.13e-01  1e-01  1e-01 118:28.3
   38    456 -3.656066526804708e-02 2.3e+00 1.13e-01  1e-01  1e-01 121:47.6
   39    468 -3.700131235324233e-02 2.4e+00 1.16e-01  1e-01  1e-01 125:07.2
   40    480 -3.792766472643462e-02 2.4e+00 1.17e-01  1e-01  1e-01 128:26.9
   41    492 -3.819950774396570e-02 2.4e+00 1.15e-01  1e-01  1e-01 131:47.7
   42    504 -3.733280487807095e-02 2.4e+00 1.14e-01  1e-01  1e-01 135:07.6
   43    516 -3.829204717285052e-02 2.4e+00 1.11e-01  1e-01  1e-01 138:25.9
   44    528 -3.668787895286927e-02 2.4e+00 1.13e-01  1e-01  1e-01 141:43.3
   45    540 -3.814546118061549e-02 2.5e+00 1.08e-01  1e-01  1e-01 145:02.6
   46    552 -3.798360762727057e-02 2.6e+00 1.10e-01  1e-01  1e-01 148:21.2
   47    564 -3.787918677881204e-02 2.7e+00 1.08e-01  9e-02  1e-01 151:29.2
   48    576 -3.824232920784152e-02 2.7e+00 1.04e-01  9e-02  1e-01 154:37.5
   49    588 -3.864164810245409e-02 2.8e+00 1.06e-01  9e-02  1e-01 157:44.8
   50    600 -3.872815338519026e-02 2.8e+00 1.10e-01  1e-01  1e-01 160:55.5
   51    612 -3.808180171319377e-02 2.9e+00 1.14e-01  1e-01  1e-01 164:06.6
   52    624 -3.821540673794944e-02 2.9e+00 1.18e-01  1e-01  1e-01 167:17.3
   53    636 -3.817868063576975e-02 3.0e+00 1.20e-01  1e-01  1e-01 170:27.6
   54    648 -3.863793053688219e-02 3.1e+00 1.18e-01  1e-01  1e-01 173:38.4
   55    660 -3.859937640476518e-02 3.2e+00 1.14e-01  1e-01  1e-01 176:48.0
   56    672 -3.841511307986242e-02 3.2e+00 1.10e-01  9e-02  1e-01 179:57.6
   57    684 -3.832024203176860e-02 3.2e+00 1.05e-01  9e-02  1e-01 183:04.5
   58    696 -3.863239556244503e-02 3.2e+00 1.02e-01  9e-02  1e-01 185:55.9
   59    708 -3.835240654828559e-02 3.2e+00 1.03e-01  9e-02  1e-01 188:47.3
   60    720 -3.750194048633872e-02 3.2e+00 1.02e-01  9e-02  1e-01 191:39.9
   61    732 -3.892347754191310e-02 3.3e+00 1.02e-01  9e-02  1e-01 194:34.8
   62    744 -3.808449646088996e-02 3.3e+00 1.04e-01  9e-02  1e-01 197:21.6
   63    756 -3.856632898085026e-02 3.4e+00 1.05e-01  9e-02  1e-01 200:05.6
   64    768 -3.834070948646769e-02 3.5e+00 1.06e-01  9e-02  1e-01 202:49.8
   65    780 -3.831118574657130e-02 3.5e+00 1.03e-01  9e-02  1e-01 205:33.5
   66    792 -3.873199654227524e-02 3.6e+00 9.93e-02  8e-02  1e-01 208:18.1
   67    804 -3.805008971158669e-02 3.6e+00 9.64e-02  8e-02  1e-01 211:02.4
   68    816 -3.867709381176852e-02 3.6e+00 9.31e-02  8e-02  1e-01 213:46.2
   69    828 -3.874634604362670e-02 3.7e+00 9.10e-02  8e-02  1e-01 216:29.8
   70    840 -3.878894507009017e-02 3.7e+00 8.64e-02  7e-02  1e-01 219:13.7
   71    852 -3.837554735420035e-02 3.7e+00 8.34e-02  7e-02  9e-02 221:58.1
   72    864 -3.876424170182866e-02 3.7e+00 8.04e-02  7e-02  9e-02 224:41.7
   73    876 -3.852128534419323e-02 3.7e+00 8.06e-02  7e-02  9e-02 227:25.7
   74    888 -3.859215645782757e-02 3.7e+00 7.63e-02  6e-02  9e-02 230:09.8
   75    900 -3.873637137308522e-02 3.8e+00 7.28e-02  6e-02  8e-02 232:54.0
   76    912 -3.872686388946513e-02 3.8e+00 7.02e-02  6e-02  8e-02 235:38.3
   77    924 -3.877682860517748e-02 3.9e+00 6.98e-02  6e-02  8e-02 238:22.4
   78    936 -3.870406160784168e-02 4.0e+00 7.08e-02  6e-02  8e-02 241:06.3
   79    948 -3.884437838972139e-02 4.0e+00 6.82e-02  6e-02  8e-02 243:50.1
   80    960 -3.898127673766599e-02 4.1e+00 6.68e-02  5e-02  8e-02 246:33.9
   81    972 -3.905085199022421e-02 4.1e+00 6.47e-02  5e-02  7e-02 249:17.9
   82    984 -3.901681786955398e-02 4.1e+00 6.36e-02  5e-02  7e-02 252:01.9
   83    996 -3.914885683256990e-02 4.1e+00 6.43e-02  5e-02  7e-02 254:45.7
   84   1008 -3.911666764965569e-02 4.2e+00 6.36e-02  5e-02  7e-02 257:29.3
   85   1020 -3.913455297200635e-02 4.3e+00 6.51e-02  5e-02  7e-02 260:12.8
   86   1032 -3.910785667030878e-02 4.3e+00 6.58e-02  5e-02  7e-02 262:57.0
   87   1044 -3.895909158108701e-02 4.3e+00 6.78e-02  5e-02  8e-02 265:44.0
   88   1056 -3.920917623698664e-02 4.4e+00 6.73e-02  5e-02  8e-02 268:36.1
   89   1068 -3.918879933891836e-02 4.4e+00 6.64e-02  5e-02  7e-02 271:28.4
   90   1080 -3.927329053240051e-02 4.5e+00 6.62e-02  5e-02  8e-02 274:21.2
   91   1092 -3.917757328781446e-02 4.6e+00 6.48e-02  5e-02  7e-02 277:13.9
   92   1104 -3.906483152393809e-02 4.7e+00 6.47e-02  5e-02  7e-02 280:06.0
   93   1116 -3.907323445543554e-02 4.7e+00 6.26e-02  5e-02  7e-02 282:58.6
   94   1128 -3.913246690720858e-02 4.7e+00 6.05e-02  5e-02  7e-02 285:50.2
   95   1140 -3.912253583385433e-02 4.7e+00 5.95e-02  5e-02  7e-02 288:42.2
   96   1152 -3.909642845181167e-02 4.7e+00 5.76e-02  4e-02  7e-02 291:33.5
   97   1164 -3.916575137161241e-02 4.8e+00 5.63e-02  4e-02  6e-02 294:32.1
   98   1176 -3.926936767966411e-02 4.9e+00 5.55e-02  4e-02  7e-02 297:37.5
   99   1188 -3.916966948979365e-02 5.0e+00 5.27e-02  4e-02  6e-02 300:44.7
  100   1200 -3.905651819829237e-02 5.1e+00 5.18e-02  4e-02  6e-02 303:51.5
  101   1212 -3.919929506423373e-02 5.0e+00 5.18e-02  4e-02  6e-02 306:57.5
  102   1224 -3.925431272547967e-02 5.1e+00 5.11e-02  4e-02  6e-02 310:03.8
  103   1236 -3.917057504692460e-02 5.2e+00 5.01e-02  4e-02  6e-02 313:10.1
  104   1248 -3.916870406181954e-02 5.2e+00 4.84e-02  4e-02  6e-02 316:16.4
  105   1260 -3.932574163031782e-02 5.2e+00 4.69e-02  3e-02  6e-02 319:12.5
  106   1272 -3.932946268387376e-02 5.3e+00 4.60e-02  3e-02  5e-02 322:06.0
  107   1284 -3.935842533436411e-02 5.3e+00 4.51e-02  3e-02  5e-02 325:00.8
  108   1296 -3.932310174682543e-02 5.3e+00 4.73e-02  4e-02  6e-02 327:55.5
  109   1308 -3.931013457976805e-02 5.4e+00 4.99e-02  4e-02  6e-02 330:48.6
  110   1320 -3.946076439794610e-02 5.4e+00 5.19e-02  4e-02  6e-02 333:43.8
  111   1332 -3.956658653214035e-02 5.5e+00 5.27e-02  4e-02  6e-02 336:37.8
  112   1344 -3.956084674743112e-02 5.5e+00 5.31e-02  4e-02  6e-02 339:32.7
  113   1356 -3.957764210044215e-02 5.6e+00 5.31e-02  4e-02  6e-02 342:27.8
  114   1368 -3.970789214401947e-02 5.7e+00 5.33e-02  4e-02  6e-02 345:23.2
  115   1380 -3.969034922284445e-02 5.8e+00 5.63e-02  4e-02  7e-02 348:16.4
  116   1392 -3.986194589106958e-02 6.0e+00 5.82e-02  4e-02  7e-02 351:10.4
  117   1404 -3.986998384286993e-02 6.1e+00 6.14e-02  5e-02  7e-02 354:04.7
  118   1416 -3.996452841762362e-02 6.2e+00 6.30e-02  5e-02  7e-02 356:58.7
  119   1428 -3.980857242765599e-02 6.4e+00 6.37e-02  5e-02  7e-02 359:53.0
  120   1440 -4.002321507267985e-02 6.5e+00 6.56e-02  5e-02  8e-02 362:47.7
  121   1452 -3.981367953903181e-02 6.8e+00 6.62e-02  5e-02  8e-02 365:41.9
  122   1464 -3.997056146861917e-02 7.0e+00 6.89e-02  5e-02  8e-02 368:34.5
  123   1476 -3.984910941812941e-02 7.2e+00 6.97e-02  5e-02  8e-02 371:27.0
  124   1488 -3.973495521613553e-02 7.2e+00 7.20e-02  5e-02  8e-02 374:13.9
  125   1500 -3.995728546102126e-02 7.3e+00 7.04e-02  5e-02  8e-02 377:12.6
  126   1512 -3.981109739860863e-02 7.4e+00 6.82e-02  5e-02  8e-02 380:23.6
  127   1524 -3.964187224995493e-02 7.5e+00 6.54e-02  5e-02  8e-02 383:34.4
  128   1536 -3.972507081405688e-02 7.4e+00 5.95e-02  4e-02  7e-02 386:45.0
  129   1548 -3.987958801327581e-02 7.7e+00 5.78e-02  4e-02  7e-02 389:56.5
  130   1560 -4.007058439673740e-02 7.9e+00 5.51e-02  4e-02  7e-02 393:07.5
  131   1572 -4.012576696687026e-02 7.9e+00 5.47e-02  4e-02  7e-02 396:18.3
  132   1584 -3.995023657866280e-02 8.1e+00 5.21e-02  4e-02  6e-02 399:29.1
  133   1596 -4.007697011588995e-02 8.2e+00 5.15e-02  4e-02  6e-02 402:39.6
  134   1608 -4.013383248143515e-02 8.3e+00 5.08e-02  4e-02  6e-02 405:48.7
  135   1620 -4.013955557352968e-02 8.5e+00 5.12e-02  4e-02  6e-02 408:59.1
  136   1632 -4.016438150716731e-02 8.6e+00 5.12e-02  4e-02  6e-02 412:07.2
  137   1644 -4.018457189842628e-02 8.8e+00 5.21e-02  4e-02  6e-02 415:17.6
  138   1656 -4.011599359970443e-02 9.2e+00 5.41e-02  4e-02  7e-02 418:28.6
  139   1668 -4.033275909767352e-02 9.4e+00 5.58e-02  4e-02  7e-02 421:39.9
  140   1680 -4.035907071751515e-02 9.6e+00 5.67e-02  4e-02  7e-02 424:50.8
  141   1692 -4.046893664044626e-02 9.9e+00 5.69e-02  4e-02  7e-02 428:01.2
  142   1704 -4.044556526531437e-02 9.9e+00 5.86e-02  4e-02  8e-02 431:11.5
  143   1716 -4.042630591063416e-02 1.0e+01 5.99e-02  4e-02  8e-02 434:22.0
  144   1728 -4.066740646094707e-02 1.0e+01 5.96e-02  4e-02  8e-02 437:33.5
  145   1740 -4.069977104298549e-02 1.0e+01 5.93e-02  4e-02  8e-02 440:44.1
  146   1752 -4.071421066844884e-02 1.1e+01 5.84e-02  4e-02  8e-02 443:52.3
  147   1764 -4.070587064081625e-02 1.1e+01 5.97e-02  4e-02  8e-02 447:02.5
  148   1776 -4.071317241332995e-02 1.1e+01 6.20e-02  4e-02  8e-02 450:10.2
  149   1788 -4.073587732122349e-02 1.1e+01 6.16e-02  4e-02  8e-02 453:20.8
  150   1800 -4.084266346643017e-02 1.2e+01 6.14e-02  4e-02  8e-02 456:31.4
  151   1812 -4.082116106640491e-02 1.2e+01 6.02e-02  4e-02  8e-02 459:41.6
  152   1824 -4.083023401127352e-02 1.2e+01 5.87e-02  4e-02  8e-02 462:51.4
  153   1836 -4.079753965066860e-02 1.2e+01 5.71e-02  4e-02  8e-02 466:01.9
  154   1848 -4.093591045463025e-02 1.3e+01 5.54e-02  4e-02  8e-02 469:12.0
  155   1860 -4.090547120289676e-02 1.3e+01 5.42e-02  4e-02  8e-02 472:22.0
  156   1872 -4.097859872558762e-02 1.3e+01 5.35e-02  4e-02  8e-02 475:30.8
  157   1884 -4.105956541948261e-02 1.3e+01 5.50e-02  4e-02  8e-02 478:39.7
  158   1896 -4.098091777279330e-02 1.3e+01 5.55e-02  4e-02  8e-02 481:49.0
  159   1908 -4.100949705788511e-02 1.4e+01 5.54e-02  4e-02  8e-02 484:59.4
  160   1920 -4.090936562304352e-02 1.4e+01 5.46e-02  4e-02  8e-02 488:02.9
  161   1932 -4.093256937807369e-02 1.4e+01 5.55e-02  4e-02  8e-02 491:13.9
  162   1944 -4.093572539826874e-02 1.4e+01 5.63e-02  4e-02  8e-02 494:24.6
  163   1956 -4.097076001431799e-02 1.5e+01 5.49e-02  4e-02  8e-02 497:35.1
  164   1968 -4.095231895889419e-02 1.5e+01 5.48e-02  4e-02  8e-02 500:54.8
  165   1980 -4.093371841692933e-02 1.5e+01 5.25e-02  4e-02  8e-02 504:14.9
  166   1992 -4.089180215551686e-02 1.5e+01 4.92e-02  3e-02  7e-02 507:34.5
  167   2004 -4.099587328285862e-02 1.5e+01 4.74e-02  3e-02  7e-02 510:53.7
  168   2016 -4.094029617620006e-02 1.6e+01 4.57e-02  3e-02  7e-02 514:12.2
  169   2028 -4.101422316071315e-02 1.6e+01 4.36e-02  3e-02  6e-02 517:31.4
  170   2040 -4.099303828931417e-02 1.6e+01 4.22e-02  3e-02  6e-02 520:50.7
  171   2052 -4.104549678463466e-02 1.6e+01 4.07e-02  3e-02  6e-02 524:08.9
  172   2064 -4.102381756023572e-02 1.6e+01 3.97e-02  3e-02  6e-02 527:26.1
  173   2076 -4.100105717461303e-02 1.6e+01 3.83e-02  3e-02  6e-02 530:44.7
  174   2088 -4.104827606489581e-02 1.6e+01 3.83e-02  3e-02  5e-02 534:03.7
  175   2100 -4.101502799271765e-02 1.6e+01 3.71e-02  2e-02  5e-02 537:22.5
  176   2112 -4.107346660519925e-02 1.6e+01 3.57e-02  2e-02  5e-02 540:40.0
  177   2124 -4.108006925061305e-02 1.6e+01 3.43e-02  2e-02  5e-02 543:58.9
  178   2136 -4.108525201475367e-02 1.6e+01 3.39e-02  2e-02  5e-02 547:17.7
  179   2148 -4.110620948788273e-02 1.6e+01 3.40e-02  2e-02  5e-02 550:36.6
  180   2160 -4.114160439470858e-02 1.6e+01 3.51e-02  2e-02  5e-02 553:55.4
  181   2172 -4.112474716303872e-02 1.7e+01 3.57e-02  2e-02  5e-02 557:14.4
  182   2184 -4.114301550719308e-02 1.7e+01 3.53e-02  2e-02  5e-02 560:32.9
  183   2196 -4.114414551676200e-02 1.7e+01 3.54e-02  2e-02  5e-02 563:51.0
  184   2208 -4.114849686344033e-02 1.7e+01 3.53e-02  2e-02  5e-02 567:08.0
  185   2220 -4.117255142541374e-02 1.7e+01 3.51e-02  2e-02  5e-02 570:27.8
  186   2232 -4.118523886193865e-02 1.7e+01 3.61e-02  2e-02  5e-02 573:46.0
  187   2244 -4.120835738795987e-02 1.8e+01 3.63e-02  2e-02  5e-02 577:01.9
  188   2256 -4.120194035965752e-02 1.8e+01 3.69e-02  2e-02  5e-02 580:17.5
  189   2268 -4.121819578460056e-02 1.8e+01 3.72e-02  2e-02  6e-02 583:33.9
  190   2280 -4.124148360577450e-02 1.8e+01 3.78e-02  2e-02  6e-02 586:50.0
  191   2292 -4.122751447964611e-02 1.8e+01 3.81e-02  2e-02  6e-02 590:06.1
  192   2304 -4.121394172674517e-02 1.9e+01 3.84e-02  2e-02  6e-02 593:22.1
  193   2316 -4.124695916288295e-02 1.9e+01 3.89e-02  2e-02  6e-02 596:38.1
  194   2328 -4.125126274338067e-02 1.9e+01 3.95e-02  2e-02  6e-02 599:53.8
  195   2340 -4.126286588922792e-02 2.0e+01 4.03e-02  3e-02  6e-02 603:08.3
  197   2364 -4.122686743252939e-02 2.0e+01 3.87e-02  2e-02  6e-02 609:31.2
  199   2388 -4.118334921204862e-02 2.0e+01 3.57e-02  2e-02  6e-02 616:01.4
  200   2400 -4.125526007702841e-02 2.0e+01 3.31e-02  2e-02  5e-02 619:17.0
  202   2424 -4.128196515653402e-02 2.0e+01 3.02e-02  2e-02  5e-02 625:47.3
  204   2448 -4.130725416145772e-02 2.0e+01 2.88e-02  2e-02  4e-02 632:18.8
  206   2472 -4.130503485968005e-02 2.0e+01 2.67e-02  2e-02  4e-02 637:59.1
  208   2496 -4.133953773581237e-02 2.1e+01 2.57e-02  2e-02  4e-02 643:27.4
  210   2520 -4.134595070185383e-02 2.1e+01 2.39e-02  1e-02  4e-02 649:12.9
  212   2544 -4.134901365003057e-02 2.2e+01 2.34e-02  1e-02  4e-02 655:51.1
  214   2568 -4.135624776391012e-02 2.3e+01 2.17e-02  1e-02  4e-02 662:29.3
  216   2592 -4.138600147705884e-02 2.3e+01 2.10e-02  1e-02  3e-02 669:08.0
  218   2616 -4.139481997104069e-02 2.4e+01 2.28e-02  1e-02  4e-02 675:46.1
  220   2640 -4.139783039697761e-02 2.5e+01 2.46e-02  1e-02  4e-02 682:23.5
  222   2664 -4.140824865461961e-02 2.6e+01 2.51e-02  1e-02  4e-02 688:58.0
  224   2688 -4.141174444843342e-02 2.7e+01 2.48e-02  1e-02  4e-02 695:36.3
  226   2712 -4.142145387497347e-02 2.8e+01 2.46e-02  1e-02  4e-02 702:15.4
  228   2736 -4.141983716321934e-02 2.9e+01 2.46e-02  1e-02  4e-02 708:53.5
  230   2760 -4.143219024809909e-02 2.9e+01 2.33e-02  1e-02  4e-02 715:33.0
  232   2784 -4.146515263356877e-02 3.0e+01 2.38e-02  1e-02  4e-02 722:08.5
  234   2808 -4.146181577137124e-02 3.2e+01 2.42e-02  1e-02  5e-02 728:43.2
  236   2832 -4.149013629645183e-02 3.4e+01 2.72e-02  2e-02  6e-02 735:21.4
  238   2856 -4.150078355762440e-02 3.6e+01 2.89e-02  2e-02  6e-02 742:00.7
  240   2880 -4.152448643853836e-02 3.7e+01 3.31e-02  2e-02  7e-02 748:40.3
  242   2904 -4.151302659032877e-02 3.9e+01 3.42e-02  2e-02  7e-02 755:18.8
  244   2928 -4.153606338348266e-02 3.9e+01 3.49e-02  2e-02  8e-02 761:55.1
  246   2952 -4.156546963269991e-02 4.0e+01 3.37e-02  2e-02  7e-02 768:32.7
  248   2976 -4.155827909350956e-02 4.1e+01 3.20e-02  2e-02  7e-02 775:12.0
  250   3000 -4.158259341749852e-02 4.3e+01 3.00e-02  2e-02  7e-02 781:52.5
  252   3024 -4.160954490664574e-02 4.4e+01 2.90e-02  1e-02  7e-02 788:31.9
  254   3048 -4.160475575050197e-02 4.5e+01 2.88e-02  1e-02  7e-02 795:10.1
  256   3072 -4.162646934342664e-02 4.6e+01 3.00e-02  2e-02  7e-02 801:44.2
  258   3096 -4.165377909960025e-02 4.6e+01 3.17e-02  2e-02  8e-02 808:23.0
  260   3120 -4.162652651771064e-02 4.7e+01 3.32e-02  2e-02  8e-02 815:02.5
  262   3144 -4.167315566767875e-02 4.9e+01 3.46e-02  2e-02  9e-02 821:41.4
  264   3168 -4.167537145141208e-02 5.1e+01 3.60e-02  2e-02  9e-02 828:20.4
  266   3192 -4.168959476697112e-02 5.2e+01 3.48e-02  2e-02  9e-02 834:59.1
  268   3216 -4.171374966918334e-02 5.3e+01 3.47e-02  2e-02  9e-02 841:33.9
  270   3240 -4.174237334076671e-02 5.4e+01 3.30e-02  2e-02  9e-02 848:12.0
  272   3264 -4.178458518543068e-02 5.6e+01 3.39e-02  2e-02  9e-02 854:49.3
  274   3288 -4.177013705449249e-02 5.7e+01 3.38e-02  2e-02  9e-02 861:21.9
  276   3312 -4.186352305647242e-02 6.1e+01 3.58e-02  2e-02  1e-01 867:34.4
  278   3336 -4.187632073286040e-02 6.4e+01 3.73e-02  2e-02  1e-01 873:43.9
  280   3360 -4.201675240337821e-02 6.8e+01 4.64e-02  2e-02  1e-01 879:52.0
  282   3384 -4.213679842601127e-02 7.2e+01 5.80e-02  3e-02  2e-01 885:55.3
  284   3408 -4.208338843122521e-02 7.3e+01 6.43e-02  3e-02  2e-01 891:58.6
  286   3432 -4.204454100516596e-02 7.4e+01 6.34e-02  3e-02  2e-01 897:59.8
  288   3456 -4.207385347662560e-02 7.5e+01 6.08e-02  3e-02  2e-01 904:00.0
  290   3480 -4.227061498350018e-02 7.4e+01 5.68e-02  3e-02  2e-01 910:01.0
  292   3504 -4.229458148036417e-02 7.6e+01 5.75e-02  2e-02  2e-01 915:59.4
  294   3528 -4.241369642792788e-02 7.9e+01 6.35e-02  3e-02  2e-01 921:59.0
  296   3552 -4.257650697989675e-02 8.0e+01 6.77e-02  3e-02  2e-01 927:56.4
  298   3576 -4.251404969334083e-02 8.4e+01 6.69e-02  3e-02  2e-01 933:45.6
  300   3600 -4.264933445345110e-02 8.5e+01 6.54e-02  3e-02  2e-01 939:38.4
Budget constraint satisfied 640.4135589599609 1417 Difference:  776.5864410400391
Budget constraint satisfied 601.1198387145996 1417 Difference:  815.8801612854004
two_most_probable_states: ['100000100001000', '100000100110000']
final_expectation_value: -0.0426493344534511
params: [3.6079280286570015, 5.569645262942941, 2.564474762014575, -1.3561796460540594, 7.264120393046987, 0.852145481984852, 8.221166308772062, 3.7632722785970234, 3.0742715601442825, 0.22576171997732924, 2.6180384376352697, 1.1916508925605849, 0.2872234074106277, 1.5115807133242913, -0.32453116425510137, 3.3657097812372245, 3.0831591255883293, 3.1766370141608316, 1.6533514571665744, 1.357794466374418]
total_steps: 300
states_probs: [0.0010742480543197337, 0.0010747078904904627]
optimized_portfolios: [{'AMGN': 1, 'AXP': 0, 'HON': 1, 'VZ': 4}, {'AMGN': 1, 'AXP': 0, 'HON': 1, 'VZ': 3}]
objective_values: [-4.69898508146168, -1.1970058376509927]
result_with_budget: [{'portfolio': {'AMGN': 1, 'AXP': 0, 'HON': 1, 'VZ': 4}, 'budget': 640.4135589599609, 'difference': 776.5864410400391}, {'portfolio': {'AMGN': 1, 'AXP': 0, 'HON': 1, 'VZ': 3}, 'budget': 601.1198387145996, 'difference': 815.8801612854004}]
Batch 47/100 completed. Results saved to portfolio_optimization_results_batch_46.json
Job finished at Sun Mar 23 03:50:38 EET 2025
