Running job array 6 on milan5.int.triton.aalto.fi
Starting at Thu Mar 13 20:39:56 EET 2025
Activating virtual environment at /scratch/work/uotilav2/quantum-portfolio/venv
Processing batch 7/20: experiments 137 to 158 (total 22)
Skipping experiment 137 (already processed)
Skipping experiment 138 (already processed)
Skipping experiment 139 (already processed)
Skipping experiment 140 (already processed)
Skipping experiment 141 (already processed)
Skipping experiment 142 (already processed)
Skipping experiment 143 (already processed)
Processing experiment 144
Budget: 2913.719970703125
YF.download() has changed argument auto_adjust default to True
Number of qubits for asset AMGN: 4
Number of qubits for asset HD: 3
Number of qubits for asset MCD: 4
Total number of qubits:  11
Optimized Weights (considering variance, skewness and kurtosis):
AMGN: 39.81%
HD: 60.19%
MCD: 0.00%
Left over budget:  65.00411918205555
Optimized Discrete Allocation:
AMGN: 5
HD: 4
Maximized utility from continuous higher moments:  -88.27125078654737
Budget constraint satisfied 2910.3917236328125 2913.719970703125 Difference:  3.3282470703125
Budget constraint satisfied 2908.0652770996094 2913.719970703125 Difference:  5.654693603515625
smallest_eigenvalues: [-0.15243873460449464]
smallest_bitstrings: ['00000110100']
first_excited_energy: -0.15243871487276378
optimized_portfolio: [{'AMGN': 0, 'HD': 6, 'MCD': 2}]
second_optimized_portfolio: [{'AMGN': 3, 'HD': 4, 'MCD': 2}]
result_with_budget: [{'portfolio': {'AMGN': 0, 'HD': 6, 'MCD': 2}, 'budget': 2910.3917236328125, 'difference': 3.3282470703125, 'objective_value': -289.10049000196165}]
result_with_budget_excited: [{'portfolio': {'AMGN': 3, 'HD': 4, 'MCD': 2}, 'budget': 2908.0652770996094, 'difference': 5.654693603515625, 'objective_value': -172.44574493152987}]
Initial params:  [2.45210473 0.37157007 2.01037118 0.45035763 2.96776493 1.63943485
 1.3026989  0.83112597 2.43232687 1.43303853 1.78578792 0.0590299
 1.94035914 1.92295543 1.93815531 2.96487203 2.14200164 1.12942738
 1.37297638 2.19167304 0.1892039  2.09470941]
(6_w,13)-aCMA-ES (mu_w=4.0,w_1=38%) in dimension 22 (seed=1028726, Thu Mar 13 20:40:25 2025)
Iterat #Fevals   function value  axis ratio  sigma  min&max std  t[m:s]
    1     13 -1.070390277493081e-01 1.0e+00 9.56e-02  9e-02  1e-01 0:36.5
    2     26 -1.072037014601824e-01 1.1e+00 9.57e-02  9e-02  1e-01 1:13.7
    3     39 -1.087321344995196e-01 1.2e+00 9.99e-02  1e-01  1e-01 1:50.7
    4     52 -1.124452614805568e-01 1.3e+00 1.04e-01  1e-01  1e-01 2:27.0
    5     65 -1.137061027317558e-01 1.3e+00 1.08e-01  1e-01  1e-01 3:04.2
    6     78 -1.115027950438063e-01 1.4e+00 1.13e-01  1e-01  1e-01 3:41.2
    7     91 -1.156496316473451e-01 1.4e+00 1.22e-01  1e-01  1e-01 4:18.1
    8    104 -1.141693041368840e-01 1.5e+00 1.30e-01  1e-01  1e-01 4:56.5
    9    117 -1.218627608200391e-01 1.5e+00 1.40e-01  1e-01  2e-01 5:34.0
   10    130 -1.217433751678498e-01 1.6e+00 1.45e-01  1e-01  2e-01 6:10.4
   11    143 -1.269731782338369e-01 1.6e+00 1.50e-01  1e-01  2e-01 6:46.3
   12    156 -1.237480184763139e-01 1.7e+00 1.55e-01  1e-01  2e-01 7:22.7
   13    169 -1.249882884606856e-01 1.8e+00 1.58e-01  2e-01  2e-01 7:58.8
   14    182 -1.247123281684244e-01 1.8e+00 1.58e-01  2e-01  2e-01 8:35.0
   15    195 -1.232419022530261e-01 1.8e+00 1.55e-01  1e-01  2e-01 9:11.4
   16    208 -1.191516457485043e-01 1.9e+00 1.51e-01  1e-01  2e-01 9:47.4
   17    221 -1.190627498261292e-01 1.9e+00 1.51e-01  1e-01  2e-01 10:23.9
   18    234 -1.181503572227450e-01 1.9e+00 1.49e-01  1e-01  2e-01 11:00.4
   19    247 -1.074714763400933e-01 1.9e+00 1.51e-01  1e-01  2e-01 11:37.4
   20    260 -1.146875559716841e-01 1.9e+00 1.51e-01  1e-01  2e-01 12:15.7
   21    273 -1.183267131051612e-01 2.0e+00 1.53e-01  1e-01  2e-01 12:53.0
   22    286 -1.214946420995386e-01 2.0e+00 1.47e-01  1e-01  2e-01 13:29.8
   23    299 -1.242176440034159e-01 2.0e+00 1.45e-01  1e-01  2e-01 14:07.4
   24    312 -1.235803051447756e-01 2.1e+00 1.44e-01  1e-01  2e-01 14:44.7
   25    325 -1.187186270009848e-01 2.1e+00 1.42e-01  1e-01  2e-01 15:21.2
   26    338 -1.088682653596233e-01 2.1e+00 1.44e-01  1e-01  2e-01 15:57.2
   27    351 -1.222723967698751e-01 2.1e+00 1.50e-01  1e-01  2e-01 16:33.9
   28    364 -1.167547535333418e-01 2.1e+00 1.55e-01  1e-01  2e-01 17:10.4
   29    377 -1.250824259888151e-01 2.2e+00 1.61e-01  1e-01  2e-01 17:46.2
   30    390 -1.125332768536162e-01 2.2e+00 1.70e-01  2e-01  2e-01 18:22.4
   31    403 -1.207261118840561e-01 2.2e+00 1.75e-01  2e-01  2e-01 18:58.5
   32    416 -1.214264232215904e-01 2.2e+00 1.74e-01  2e-01  2e-01 19:35.3
   33    429 -1.197928874788489e-01 2.3e+00 1.72e-01  2e-01  2e-01 20:12.8
   34    442 -1.248713601719224e-01 2.3e+00 1.72e-01  2e-01  2e-01 20:49.4
   35    455 -1.238048854828333e-01 2.3e+00 1.75e-01  2e-01  2e-01 21:25.6
   36    468 -1.237044290700056e-01 2.3e+00 1.80e-01  2e-01  2e-01 22:01.5
   37    481 -1.246216254622687e-01 2.4e+00 1.82e-01  2e-01  2e-01 22:37.7
   39    507 -1.272667025732621e-01 2.5e+00 1.73e-01  2e-01  2e-01 23:49.8
   41    533 -1.238622911365005e-01 2.6e+00 1.65e-01  1e-01  2e-01 25:04.6
   43    559 -1.193755954504766e-01 2.6e+00 1.52e-01  1e-01  2e-01 26:18.7
   45    585 -1.190844218793222e-01 2.6e+00 1.41e-01  1e-01  2e-01 27:31.6
   47    611 -1.193909660101893e-01 2.6e+00 1.32e-01  1e-01  2e-01 28:46.8
   49    637 -1.270690552325588e-01 2.7e+00 1.18e-01  1e-01  1e-01 30:00.1
   51    663 -1.276169369536777e-01 2.7e+00 1.09e-01  9e-02  1e-01 31:12.8
   53    689 -1.275521018999147e-01 2.8e+00 1.07e-01  9e-02  1e-01 32:25.6
   55    715 -1.258290044810375e-01 2.9e+00 1.07e-01  9e-02  1e-01 33:39.6
   57    741 -1.282107179406290e-01 3.0e+00 1.09e-01  1e-01  1e-01 34:56.4
   59    767 -1.299684932555190e-01 3.0e+00 1.00e-01  9e-02  1e-01 36:10.1
   61    793 -1.294915705826211e-01 3.1e+00 9.80e-02  9e-02  1e-01 37:24.6
   63    819 -1.299591318994553e-01 3.2e+00 9.86e-02  9e-02  1e-01 38:38.3
   65    845 -1.290807886009919e-01 3.3e+00 1.03e-01  9e-02  1e-01 39:51.6
   67    871 -1.314221414188580e-01 3.3e+00 1.07e-01  9e-02  1e-01 41:07.0
   69    897 -1.309073340297039e-01 3.5e+00 1.08e-01  9e-02  1e-01 42:22.6
   71    923 -1.305584786708718e-01 3.5e+00 1.09e-01  9e-02  1e-01 43:36.8
   73    949 -1.300082204398562e-01 3.6e+00 1.01e-01  8e-02  1e-01 44:49.4
   75    975 -1.320848413958103e-01 3.6e+00 9.69e-02  8e-02  1e-01 46:02.9
   77   1001 -1.300688954890695e-01 3.7e+00 9.27e-02  8e-02  1e-01 47:15.8
   79   1027 -1.310698436665631e-01 3.8e+00 9.06e-02  7e-02  1e-01 48:30.2
   81   1053 -1.305380371430802e-01 3.8e+00 8.68e-02  7e-02  1e-01 49:43.2
   83   1079 -1.315279461115580e-01 3.9e+00 8.88e-02  7e-02  1e-01 50:56.6
   85   1105 -1.317338779547656e-01 4.0e+00 8.36e-02  7e-02  1e-01 52:10.6
   87   1131 -1.322313421111635e-01 4.1e+00 7.63e-02  6e-02  9e-02 53:24.0
   89   1157 -1.307230243463754e-01 4.2e+00 6.98e-02  5e-02  9e-02 54:36.9
   91   1183 -1.321505626219446e-01 4.3e+00 6.87e-02  5e-02  9e-02 55:52.0
   93   1209 -1.328377571093285e-01 4.4e+00 6.44e-02  5e-02  8e-02 57:05.1
   95   1235 -1.328402131208764e-01 4.6e+00 5.99e-02  4e-02  7e-02 58:18.1
   97   1261 -1.324838202465765e-01 4.7e+00 5.50e-02  4e-02  7e-02 59:32.3
   99   1287 -1.332688667215267e-01 4.8e+00 5.31e-02  4e-02  7e-02 60:46.9
  100   1300 -1.330528685522391e-01 4.8e+00 5.19e-02  4e-02  6e-02 61:24.2
  102   1326 -1.335112414575734e-01 4.9e+00 5.19e-02  4e-02  7e-02 62:37.0
  104   1352 -1.333432054643975e-01 5.1e+00 5.02e-02  4e-02  6e-02 63:48.8
  106   1378 -1.337457773428064e-01 5.1e+00 4.97e-02  4e-02  6e-02 65:02.0
  108   1404 -1.341306014567362e-01 5.2e+00 5.43e-02  4e-02  7e-02 66:17.5
  111   1443 -1.342083927523253e-01 5.6e+00 5.97e-02  4e-02  8e-02 68:06.9
  113   1469 -1.340667601080234e-01 5.7e+00 5.76e-02  4e-02  8e-02 69:21.0
  115   1495 -1.341014856753299e-01 5.8e+00 5.85e-02  4e-02  8e-02 70:36.6
  118   1534 -1.341485663934792e-01 5.9e+00 5.83e-02  4e-02  8e-02 72:27.5
  121   1573 -1.339196306004841e-01 6.0e+00 5.81e-02  4e-02  8e-02 74:10.5
  124   1612 -1.339778890132686e-01 6.4e+00 5.32e-02  4e-02  8e-02 75:54.3
  127   1651 -1.345817876875705e-01 6.6e+00 4.74e-02  3e-02  7e-02 77:37.3
  130   1690 -1.353795411840638e-01 6.8e+00 4.68e-02  3e-02  7e-02 79:21.1
  133   1729 -1.354451418063988e-01 7.0e+00 4.98e-02  3e-02  7e-02 81:05.0
  136   1768 -1.350249702196261e-01 7.2e+00 4.86e-02  3e-02  7e-02 82:47.9
  139   1807 -1.355545127585842e-01 7.4e+00 5.06e-02  3e-02  7e-02 84:31.6
  142   1846 -1.358361404907307e-01 7.8e+00 5.59e-02  4e-02  8e-02 86:14.3
  145   1885 -1.360437732731328e-01 8.0e+00 6.41e-02  4e-02  9e-02 87:58.5
  148   1924 -1.359439350533473e-01 8.4e+00 6.97e-02  4e-02  1e-01 89:41.9
  151   1963 -1.366830026223145e-01 8.9e+00 7.58e-02  5e-02  1e-01 91:25.7
  154   2002 -1.363733540622324e-01 9.2e+00 7.27e-02  5e-02  1e-01 93:09.2
  157   2041 -1.368933948067195e-01 9.5e+00 6.89e-02  4e-02  1e-01 94:56.5
  160   2080 -1.371226388466815e-01 9.7e+00 6.38e-02  4e-02  9e-02 96:40.5
  163   2119 -1.371170839757045e-01 1.0e+01 6.38e-02  4e-02  9e-02 98:23.4
  166   2158 -1.373228203339217e-01 1.1e+01 6.48e-02  4e-02  9e-02 100:07.3
  169   2197 -1.377092496484878e-01 1.1e+01 6.57e-02  4e-02  1e-01 101:50.5
  172   2236 -1.375351398074236e-01 1.1e+01 6.76e-02  4e-02  1e-01 103:34.3
  175   2275 -1.380214238784022e-01 1.2e+01 6.76e-02  4e-02  1e-01 105:17.9
  178   2314 -1.379071758931965e-01 1.2e+01 6.51e-02  4e-02  1e-01 107:00.9
  181   2353 -1.380620064967113e-01 1.2e+01 5.77e-02  3e-02  8e-02 108:44.9
  184   2392 -1.379300592353346e-01 1.2e+01 5.32e-02  3e-02  8e-02 110:27.8
  187   2431 -1.378925496815635e-01 1.2e+01 4.71e-02  3e-02  7e-02 112:11.8
  190   2470 -1.381560602233952e-01 1.3e+01 4.22e-02  2e-02  6e-02 113:55.1
  193   2509 -1.381628160401840e-01 1.3e+01 3.93e-02  2e-02  6e-02 115:38.5
  196   2548 -1.383328533076734e-01 1.3e+01 4.23e-02  2e-02  6e-02 117:22.6
  200   2600 -1.383254601098122e-01 1.4e+01 5.10e-02  3e-02  8e-02 119:40.9
  203   2639 -1.382878825037737e-01 1.5e+01 4.78e-02  2e-02  7e-02 121:25.4
  207   2691 -1.384178349288573e-01 1.6e+01 4.40e-02  2e-02  7e-02 123:45.6
  211   2743 -1.383387489455667e-01 1.7e+01 3.78e-02  2e-02  6e-02 126:05.6
  215   2795 -1.384639719630241e-01 1.7e+01 3.34e-02  2e-02  5e-02 128:28.1
  218   2834 -1.385282960069695e-01 1.7e+01 3.28e-02  1e-02  5e-02 130:16.2
  221   2873 -1.386385925841365e-01 1.8e+01 3.35e-02  1e-02  5e-02 132:20.2
  225   2925 -1.386733427694175e-01 1.8e+01 3.19e-02  1e-02  5e-02 134:44.4
  229   2977 -1.388301683346868e-01 1.9e+01 3.22e-02  1e-02  5e-02 137:05.6
  233   3029 -1.387932107626058e-01 1.8e+01 3.21e-02  1e-02  5e-02 139:24.8
  237   3081 -1.388709762888416e-01 1.8e+01 3.12e-02  1e-02  5e-02 141:46.9
  241   3133 -1.388655196063278e-01 1.9e+01 2.86e-02  1e-02  4e-02 144:13.7
  245   3185 -1.389294356197372e-01 2.1e+01 3.09e-02  1e-02  5e-02 146:43.9
  249   3237 -1.390921254794324e-01 2.1e+01 3.37e-02  1e-02  5e-02 149:09.9
  253   3289 -1.391722195590161e-01 2.2e+01 3.49e-02  1e-02  6e-02 151:30.4
  257   3341 -1.393888418839229e-01 2.4e+01 3.53e-02  1e-02  6e-02 153:50.2
  261   3393 -1.394205399399079e-01 2.5e+01 3.48e-02  1e-02  6e-02 156:09.0
  265   3445 -1.394398995504673e-01 2.7e+01 3.22e-02  1e-02  5e-02 158:29.2
  269   3497 -1.395708242132447e-01 2.9e+01 3.11e-02  1e-02  5e-02 160:53.0
  273   3549 -1.397590397608370e-01 3.3e+01 3.85e-02  1e-02  7e-02 163:20.7
  277   3601 -1.397412410543954e-01 3.6e+01 4.58e-02  2e-02  9e-02 165:46.3
  281   3653 -1.399943880167472e-01 3.9e+01 5.86e-02  2e-02  1e-01 168:13.5
  285   3705 -1.399878223060613e-01 4.2e+01 6.65e-02  2e-02  1e-01 170:36.6
  289   3757 -1.400723073439295e-01 4.4e+01 6.86e-02  2e-02  2e-01 173:07.0
  293   3809 -1.400177183152869e-01 4.5e+01 6.02e-02  2e-02  1e-01 175:35.0
  297   3861 -1.403535908705184e-01 4.5e+01 5.27e-02  2e-02  1e-01 178:01.5
  300   3900 -1.404038481644682e-01 4.5e+01 5.51e-02  2e-02  1e-01 179:47.0
  304   3952 -1.402765881936908e-01 4.5e+01 5.91e-02  2e-02  1e-01 182:07.1
  308   4004 -1.402784775623453e-01 4.7e+01 5.08e-02  2e-02  1e-01 184:27.1
  312   4056 -1.405681201136896e-01 4.6e+01 4.59e-02  1e-02  9e-02 186:49.7
  316   4108 -1.405359554888956e-01 4.8e+01 3.87e-02  1e-02  8e-02 189:11.5
  320   4160 -1.407206782952894e-01 4.9e+01 3.54e-02  1e-02  7e-02 191:33.5
  324   4212 -1.409359689949085e-01 4.9e+01 3.84e-02  1e-02  8e-02 193:55.9
  328   4264 -1.409172073315076e-01 5.3e+01 4.49e-02  1e-02  1e-01 196:19.0
  332   4316 -1.409690300341978e-01 5.3e+01 5.41e-02  2e-02  1e-01 198:43.2
  336   4368 -1.412878206749322e-01 5.5e+01 6.23e-02  2e-02  1e-01 201:07.1
  340   4420 -1.411342537462900e-01 5.9e+01 6.31e-02  2e-02  1e-01 203:30.3
  344   4472 -1.412484841898337e-01 5.7e+01 5.92e-02  2e-02  1e-01 205:51.9
  348   4524 -1.413497191470781e-01 5.8e+01 5.39e-02  2e-02  1e-01 208:16.8
  352   4576 -1.415902732209563e-01 5.9e+01 4.99e-02  1e-02  1e-01 210:39.6
  356   4628 -1.417452530262369e-01 5.7e+01 4.81e-02  1e-02  1e-01 213:03.4
  361   4693 -1.417918108557971e-01 5.7e+01 4.42e-02  1e-02  1e-01 216:00.2
  366   4758 -1.417761450631778e-01 5.7e+01 3.87e-02  1e-02  8e-02 218:59.2
  371   4823 -1.417908664146765e-01 5.6e+01 4.19e-02  1e-02  9e-02 221:57.9
  376   4888 -1.417816655955104e-01 5.7e+01 3.97e-02  1e-02  8e-02 224:56.3
  381   4953 -1.418318621394540e-01 5.7e+01 4.17e-02  1e-02  9e-02 227:56.3
  386   5018 -1.419303397647301e-01 5.6e+01 3.88e-02  1e-02  8e-02 230:54.5
  391   5083 -1.419063063790194e-01 5.5e+01 3.06e-02  8e-03  6e-02 233:53.8
  396   5148 -1.419366567355080e-01 5.5e+01 2.68e-02  7e-03  6e-02 236:54.2
  400   5200 -1.419684640788523e-01 5.6e+01 2.41e-02  6e-03  5e-02 239:12.6
  405   5265 -1.419701189435125e-01 5.6e+01 2.22e-02  6e-03  5e-02 242:11.7
  410   5330 -1.419765285180800e-01 5.6e+01 1.88e-02  5e-03  4e-02 245:11.2
  415   5395 -1.419994587767497e-01 5.6e+01 1.64e-02  4e-03  3e-02 248:08.9
  420   5460 -1.420297579055251e-01 5.8e+01 1.65e-02  4e-03  3e-02 251:09.0
  425   5525 -1.420373511049965e-01 5.8e+01 2.22e-02  6e-03  5e-02 254:08.1
  430   5590 -1.420366196456499e-01 6.0e+01 2.49e-02  7e-03  5e-02 257:07.1
  435   5655 -1.420418705877063e-01 6.1e+01 2.41e-02  6e-03  5e-02 260:09.0
  440   5720 -1.420960181911340e-01 6.1e+01 2.51e-02  7e-03  5e-02 263:07.4
  445   5785 -1.421141594944538e-01 6.2e+01 2.23e-02  6e-03  4e-02 266:05.6
  450   5850 -1.421275653761813e-01 6.3e+01 2.33e-02  6e-03  5e-02 269:05.0
  455   5915 -1.421614815650042e-01 6.6e+01 2.20e-02  6e-03  5e-02 272:01.8
  460   5980 -1.421999887049167e-01 7.0e+01 2.54e-02  7e-03  6e-02 275:02.0
  465   6045 -1.422223390927092e-01 7.6e+01 2.84e-02  8e-03  7e-02 278:01.8
  470   6110 -1.422553890427540e-01 7.9e+01 2.65e-02  7e-03  6e-02 280:53.8
  475   6175 -1.422994019534932e-01 8.0e+01 2.57e-02  7e-03  6e-02 283:46.8
  480   6240 -1.423164734887491e-01 8.5e+01 2.67e-02  8e-03  6e-02 286:38.4
  485   6305 -1.423315563722362e-01 9.0e+01 2.77e-02  8e-03  7e-02 289:30.5
  490   6370 -1.423569768205006e-01 9.3e+01 2.78e-02  8e-03  7e-02 292:27.8
  495   6435 -1.423871391739496e-01 9.4e+01 2.59e-02  7e-03  6e-02 295:22.1
  500   6500 -1.424466262266665e-01 9.6e+01 2.69e-02  7e-03  7e-02 298:19.4
  505   6565 -1.424693805094135e-01 9.8e+01 3.24e-02  9e-03  8e-02 301:19.8
  510   6630 -1.424826114990085e-01 9.8e+01 3.41e-02  1e-02  8e-02 304:17.9
  515   6695 -1.425280553083977e-01 1.0e+02 3.39e-02  1e-02  8e-02 307:16.3
  520   6760 -1.425213351468376e-01 1.0e+02 3.15e-02  9e-03  8e-02 310:16.1
  525   6825 -1.425833652676128e-01 1.0e+02 3.03e-02  8e-03  7e-02 313:13.1
  530   6890 -1.425985251821737e-01 1.0e+02 2.59e-02  7e-03  6e-02 316:13.5
  535   6955 -1.426154296759787e-01 1.0e+02 2.42e-02  7e-03  5e-02 319:12.7
  541   7033 -1.426413080482873e-01 1.0e+02 2.20e-02  6e-03  5e-02 322:44.1
  547   7111 -1.426717653955507e-01 1.1e+02 1.74e-02  5e-03  4e-02 326:18.9
  553   7189 -1.426868371254018e-01 1.1e+02 1.97e-02  5e-03  4e-02 329:53.2
  559   7267 -1.427164652902291e-01 1.0e+02 1.90e-02  5e-03  4e-02 333:27.0
  565   7345 -1.427411210083608e-01 1.0e+02 2.47e-02  6e-03  5e-02 337:03.3
  571   7423 -1.427464059886153e-01 1.1e+02 2.61e-02  7e-03  6e-02 340:36.8
  577   7501 -1.428367137331979e-01 1.1e+02 3.08e-02  7e-03  7e-02 344:09.5
  583   7579 -1.428508112236780e-01 1.1e+02 3.86e-02  9e-03  8e-02 347:39.7
  589   7657 -1.428731737437451e-01 1.1e+02 3.10e-02  7e-03  7e-02 351:16.6
  595   7735 -1.429103628383150e-01 1.1e+02 2.79e-02  7e-03  6e-02 354:49.6
  600   7800 -1.429322281271327e-01 1.1e+02 2.27e-02  5e-03  5e-02 357:51.5
  606   7878 -1.429502645767914e-01 1.1e+02 2.11e-02  5e-03  5e-02 361:25.4
  612   7956 -1.429741766972278e-01 1.1e+02 1.68e-02  4e-03  4e-02 364:58.2
  618   8034 -1.429819678552392e-01 1.1e+02 1.64e-02  4e-03  4e-02 368:33.8
  624   8112 -1.429904954124537e-01 1.1e+02 1.54e-02  3e-03  3e-02 372:10.6
  630   8190 -1.430092468168233e-01 1.1e+02 1.68e-02  3e-03  4e-02 375:48.6
  636   8268 -1.430300005113548e-01 1.2e+02 2.02e-02  4e-03  5e-02 379:24.8
  642   8346 -1.430420388405121e-01 1.2e+02 1.79e-02  3e-03  4e-02 382:59.5
  648   8424 -1.430445971206540e-01 1.2e+02 1.53e-02  3e-03  4e-02 386:32.4
  654   8502 -1.430498291796224e-01 1.2e+02 1.62e-02  3e-03  4e-02 390:10.1
  660   8580 -1.430663433854890e-01 1.2e+02 1.36e-02  2e-03  3e-02 393:49.1
  666   8658 -1.430904861396435e-01 1.2e+02 1.71e-02  3e-03  4e-02 397:26.0
  672   8736 -1.430972005780956e-01 1.3e+02 1.86e-02  3e-03  4e-02 401:03.6
  678   8814 -1.430931274178085e-01 1.3e+02 1.69e-02  3e-03  4e-02 404:41.6
  684   8892 -1.430998518837065e-01 1.5e+02 1.86e-02  3e-03  4e-02 408:18.8
  690   8970 -1.431197283709142e-01 1.5e+02 1.62e-02  3e-03  4e-02 411:51.7
  696   9048 -1.431288746173922e-01 1.6e+02 1.73e-02  3e-03  4e-02 415:30.1
  700   9100 -1.431381424701776e-01 1.6e+02 1.89e-02  3e-03  5e-02 417:53.1
  706   9178 -1.431497565741587e-01 1.7e+02 2.34e-02  4e-03  6e-02 421:29.6
  712   9256 -1.431532679179529e-01 1.7e+02 2.64e-02  4e-03  7e-02 425:08.0
  718   9334 -1.431610822319108e-01 1.8e+02 2.80e-02  5e-03  7e-02 428:45.2
  724   9412 -1.432078142868927e-01 1.8e+02 2.43e-02  4e-03  6e-02 432:20.3
  730   9490 -1.432068995581388e-01 1.9e+02 2.42e-02  4e-03  7e-02 435:56.3
  736   9568 -1.432442713503431e-01 1.9e+02 2.25e-02  4e-03  6e-02 439:31.9
  742   9646 -1.432620502715110e-01 2.0e+02 2.11e-02  3e-03  6e-02 443:10.8
  748   9724 -1.432869663700055e-01 2.0e+02 2.35e-02  4e-03  7e-02 446:46.2
  754   9802 -1.433241289541847e-01 2.0e+02 3.00e-02  5e-03  9e-02 450:25.8
  760   9880 -1.433352233627527e-01 2.0e+02 3.16e-02  5e-03  9e-02 454:06.3
  767   9971 -1.433639310863422e-01 2.0e+02 2.90e-02  4e-03  8e-02 458:18.0
  774  10062 -1.433642254433124e-01 2.0e+02 2.38e-02  3e-03  7e-02 462:31.3
  781  10153 -1.434002563279978e-01 2.1e+02 2.37e-02  3e-03  7e-02 466:40.2
  788  10244 -1.434245089368994e-01 2.1e+02 2.62e-02  4e-03  8e-02 470:46.2
  795  10335 -1.434043946487347e-01 2.1e+02 2.80e-02  4e-03  8e-02 474:59.4
  800  10400 -1.434326725949900e-01 2.2e+02 2.55e-02  4e-03  7e-02 478:03.9
  807  10491 -1.434713598120302e-01 2.2e+02 2.25e-02  3e-03  7e-02 482:18.5
  814  10582 -1.434854503448041e-01 2.3e+02 2.33e-02  3e-03  7e-02 486:30.2
  821  10673 -1.435003066174641e-01 2.3e+02 2.19e-02  3e-03  6e-02 490:46.6
  828  10764 -1.435341501201083e-01 2.3e+02 2.54e-02  3e-03  7e-02 494:56.8
  835  10855 -1.435528026529229e-01 2.3e+02 2.72e-02  3e-03  8e-02 499:06.7
  842  10946 -1.436014621387041e-01 2.3e+02 3.09e-02  4e-03  9e-02 503:24.0
  849  11037 -1.436457420595538e-01 2.3e+02 3.23e-02  4e-03  9e-02 507:36.7
  856  11128 -1.436884554497070e-01 2.4e+02 3.81e-02  4e-03  1e-01 511:40.8
  863  11219 -1.436939582016894e-01 2.5e+02 3.79e-02  4e-03  1e-01 515:45.7
  869  11297 -1.437969593913213e-01 2.5e+02 4.57e-02  5e-03  2e-01 519:45.8
  876  11388 -1.437777444381450e-01 2.5e+02 4.31e-02  5e-03  1e-01 524:01.2
  883  11479 -1.438207098851353e-01 2.4e+02 4.19e-02  5e-03  1e-01 528:14.6
  890  11570 -1.438373840029131e-01 2.3e+02 3.36e-02  4e-03  1e-01 532:24.1
  897  11661 -1.438591121028084e-01 2.3e+02 3.68e-02  4e-03  1e-01 536:37.2
  900  11700 -1.438886993985117e-01 2.2e+02 3.68e-02  4e-03  1e-01 538:19.9
  907  11791 -1.439317164468613e-01 2.2e+02 3.63e-02  4e-03  1e-01 542:30.1
  914  11882 -1.439291689368231e-01 2.2e+02 3.47e-02  4e-03  1e-01 546:41.9
  921  11973 -1.439502793737362e-01 2.1e+02 3.26e-02  3e-03  9e-02 550:44.1
  929  12077 -1.439798594397875e-01 2.1e+02 3.28e-02  3e-03  9e-02 555:21.3
  936  12168 -1.439795826530133e-01 2.1e+02 2.67e-02  3e-03  7e-02 559:32.2
  943  12259 -1.439993528093434e-01 2.1e+02 2.17e-02  2e-03  6e-02 563:39.6
  950  12350 -1.440177670454865e-01 2.1e+02 2.17e-02  2e-03  6e-02 567:47.3
  957  12441 -1.440270117957416e-01 2.1e+02 2.35e-02  2e-03  6e-02 571:59.5
  965  12545 -1.440395824253509e-01 2.1e+02 1.99e-02  2e-03  5e-02 576:39.7
  972  12636 -1.440542826224329e-01 2.1e+02 2.14e-02  2e-03  6e-02 580:51.0
  979  12727 -1.440762263077204e-01 2.1e+02 2.45e-02  2e-03  7e-02 585:01.8
  987  12831 -1.440948172107777e-01 2.0e+02 2.55e-02  2e-03  7e-02 589:45.0
  994  12922 -1.441032509176245e-01 2.0e+02 2.79e-02  2e-03  8e-02 593:57.5
 1000  13000 -1.441201882680350e-01 2.1e+02 3.19e-02  3e-03  9e-02 597:27.0
Iterat #Fevals   function value  axis ratio  sigma  min&max std  t[m:s]
 1008  13104 -1.441592541870323e-01 2.0e+02 3.92e-02  3e-03  1e-01 601:59.9
 1016  13208 -1.441914535028289e-01 2.0e+02 4.15e-02  3e-03  1e-01 606:32.3
 1024  13312 -1.442067198252792e-01 2.0e+02 4.18e-02  3e-03  1e-01 611:05.4
 1032  13416 -1.442371314206542e-01 2.1e+02 3.88e-02  3e-03  1e-01 615:35.7
 1040  13520 -1.442454777155175e-01 2.1e+02 3.32e-02  2e-03  1e-01 619:57.8
 1048  13624 -1.442667991358009e-01 2.1e+02 3.37e-02  2e-03  1e-01 624:19.8
 1056  13728 -1.442894131431973e-01 2.1e+02 4.14e-02  3e-03  1e-01 628:41.8
 1064  13832 -1.443048742259866e-01 2.2e+02 3.96e-02  3e-03  1e-01 633:04.0
 1072  13936 -1.443042721997710e-01 2.2e+02 3.63e-02  2e-03  1e-01 637:25.7
 1080  14040 -1.443321006377861e-01 2.2e+02 3.72e-02  2e-03  1e-01 641:47.8
