Running job array 88 on pe37.int.triton.aalto.fi
Starting at Fri Mar 21 16:13:36 EET 2025
Activating virtual environment at /scratch/work/uotilav2/quantum-portfolio/venv
Processing batch 89/100: experiments 88 to 88 (total 1)
Processing experiment 88
Budget: 4847
YF.download() has changed argument auto_adjust default to True
Number of qubits for asset AMGN: 5
Number of qubits for asset IBM: 5
Number of qubits for asset MSFT: 4
Total number of qubits:  14
Optimized Weights (considering variance, skewness and kurtosis):
AMGN: 0.00%
IBM: 0.00%
MSFT: 100.00%
Left over budget:  219.77822793845735
Optimized Discrete Allocation:
MSFT: 11
Maximized utility from continuous higher moments:  -471.4537488237813
Job finished at Fri Mar 21 17:10:50 EET 2025
