Running job array 75 on milan20.int.triton.aalto.fi
Starting at Sat Mar 22 10:19:11 EET 2025
Activating virtual environment at /scratch/work/uotilav2/quantum-portfolio/venv
Processing batch 76/100: experiments 75 to 75 (total 1)
Processing experiment 75
Budget: 3752
YF.download() has changed argument auto_adjust default to True
Number of qubits for asset CSCO: 6
Number of qubits for asset CVX: 5
Total number of qubits:  11
Optimized Weights (considering variance, skewness and kurtosis):
CSCO: 71.19%
CVX: 28.81%
Left over budget:  44.47340377276123
Optimized Discrete Allocation:
CSCO: 46
CVX: 7
Maximized utility from continuous higher moments:  -271654.98999679374
Budget constraint satisfied 3739.5174102783203 3752 Difference:  12.482589721679688
Budget constraint not satisfied 3765.1698608398438 3752 Difference:  -13.16986083984375
smallest_eigenvalues: [-0.5126952120185154]
smallest_bitstrings: ['01010001101']
first_excited_energy: -0.5126910016727676
optimized_portfolio: [{'CSCO': 10, 'CVX': 22}]
second_optimized_portfolio: [{'CSCO': 8, 'CVX': 23}]
result_with_budget: [{'portfolio': {'CSCO': 10, 'CVX': 22}, 'budget': 3739.5174102783203, 'difference': 12.482589721679688, 'objective_value': -40853.99497401634}]
result_with_budget_excited: [{'portfolio': {'CSCO': 8, 'CVX': 23}, 'budget': 3765.1698608398438, 'difference': -13.16986083984375, 'objective_value': -41674.34266236297}]
Initial params:  [2.51063067 1.44978017 2.45210473 0.37157007 2.01037118 0.45035763
 2.96776493 1.63943485 1.3026989  0.83112597 2.43232687 1.43303853
 1.78578792 0.0590299  1.94035914 1.92295543 1.93815531 2.96487203
 2.14200164 1.12942738]
(6_w,12)-aCMA-ES (mu_w=3.7,w_1=40%) in dimension 20 (seed=673498, Sat Mar 22 10:19:33 2025)
Iterat #Fevals   function value  axis ratio  sigma  min&max std  t[m:s]
    1     12 -4.681249843765731e-01 1.0e+00 9.77e-02  1e-01  1e-01 0:32.0
    2     24 -4.806531802147430e-01 1.1e+00 9.86e-02  1e-01  1e-01 1:03.9
    3     36 -4.704771175300666e-01 1.2e+00 9.92e-02  1e-01  1e-01 1:35.9
    4     48 -4.693674429256597e-01 1.3e+00 1.02e-01  1e-01  1e-01 2:07.8
    5     60 -4.690013738226508e-01 1.3e+00 1.02e-01  1e-01  1e-01 2:40.0
    6     72 -4.782026266306200e-01 1.3e+00 1.04e-01  1e-01  1e-01 3:12.1
    7     84 -4.689245061846530e-01 1.4e+00 1.05e-01  1e-01  1e-01 3:44.0
    8     96 -4.741173490198736e-01 1.4e+00 1.04e-01  1e-01  1e-01 4:16.0
    9    108 -4.736240368355143e-01 1.4e+00 1.01e-01  9e-02  1e-01 4:47.9
   10    120 -4.719745690018012e-01 1.5e+00 9.83e-02  9e-02  1e-01 5:20.0
   11    132 -4.701865575532316e-01 1.5e+00 9.74e-02  9e-02  1e-01 5:49.8
   12    144 -4.762541121889313e-01 1.5e+00 9.74e-02  9e-02  1e-01 6:19.4
   13    156 -4.722489678986558e-01 1.5e+00 9.56e-02  9e-02  1e-01 6:48.7
   14    168 -4.713030108732316e-01 1.6e+00 9.58e-02  9e-02  1e-01 7:18.4
   15    180 -4.758053035044210e-01 1.6e+00 9.36e-02  9e-02  1e-01 7:47.9
   16    192 -4.753097072643347e-01 1.6e+00 9.17e-02  8e-02  1e-01 8:17.4
   17    204 -4.732878695181984e-01 1.7e+00 8.98e-02  8e-02  1e-01 8:47.0
   18    216 -4.779348987353917e-01 1.7e+00 8.50e-02  8e-02  9e-02 9:17.2
   19    228 -4.758787017590128e-01 1.7e+00 8.41e-02  8e-02  9e-02 9:49.7
   20    240 -4.760770299399982e-01 1.7e+00 8.36e-02  8e-02  1e-01 10:22.4
   21    252 -4.815539672022246e-01 1.8e+00 8.30e-02  8e-02  1e-01 10:54.9
   22    264 -4.748502823313444e-01 1.8e+00 8.07e-02  7e-02  9e-02 11:27.3
   23    276 -4.756540073647762e-01 1.8e+00 8.01e-02  7e-02  9e-02 11:59.9
   24    288 -4.783422610647852e-01 1.9e+00 7.75e-02  7e-02  9e-02 12:32.4
   25    300 -4.769639248768675e-01 1.9e+00 7.50e-02  7e-02  9e-02 13:05.0
   26    312 -4.737235216989238e-01 1.9e+00 7.25e-02  6e-02  9e-02 13:37.4
   27    324 -4.752960958495441e-01 2.0e+00 7.00e-02  6e-02  8e-02 14:09.9
   28    336 -4.823403936358225e-01 2.0e+00 6.79e-02  6e-02  8e-02 14:42.4
   29    348 -4.816890758945775e-01 2.0e+00 6.56e-02  6e-02  8e-02 15:15.0
   30    360 -4.801287958908098e-01 2.0e+00 6.34e-02  6e-02  8e-02 15:47.5
   31    372 -4.787347818513802e-01 2.1e+00 5.98e-02  5e-02  7e-02 16:20.1
   32    384 -4.800851711593565e-01 2.1e+00 5.78e-02  5e-02  7e-02 16:52.6
   33    396 -4.804639204487922e-01 2.2e+00 5.78e-02  5e-02  7e-02 17:25.2
   35    420 -4.818106186429915e-01 2.2e+00 5.96e-02  5e-02  7e-02 18:30.2
   37    444 -4.810576532680469e-01 2.3e+00 6.10e-02  5e-02  8e-02 19:35.4
   39    468 -4.826369262249798e-01 2.3e+00 5.77e-02  5e-02  7e-02 20:40.5
   41    492 -4.823550938544552e-01 2.4e+00 5.38e-02  5e-02  7e-02 21:45.5
   43    516 -4.850306498589173e-01 2.5e+00 5.33e-02  5e-02  7e-02 22:50.4
   45    540 -4.843292185289912e-01 2.5e+00 5.09e-02  5e-02  6e-02 23:55.3
   47    564 -4.833467001831659e-01 2.6e+00 4.74e-02  4e-02  6e-02 24:57.9
   49    588 -4.860360212482826e-01 2.6e+00 4.85e-02  4e-02  6e-02 26:03.0
   51    612 -4.845109399661147e-01 2.7e+00 4.85e-02  4e-02  6e-02 27:07.9
   53    636 -4.843495441251218e-01 2.8e+00 4.79e-02  4e-02  6e-02 28:12.9
   55    660 -4.846225953544276e-01 2.8e+00 4.53e-02  4e-02  6e-02 29:17.9
   57    684 -4.837720888178106e-01 2.9e+00 4.06e-02  4e-02  5e-02 30:22.7
   59    708 -4.846893140954935e-01 2.9e+00 3.81e-02  3e-02  5e-02 31:27.3
   61    732 -4.849831140221098e-01 2.9e+00 3.51e-02  3e-02  4e-02 32:32.1
   63    756 -4.853627630345000e-01 3.0e+00 3.46e-02  3e-02  4e-02 33:37.0
   65    780 -4.864890642122447e-01 3.1e+00 3.52e-02  3e-02  4e-02 34:41.5
   67    804 -4.860401016933545e-01 3.1e+00 3.49e-02  3e-02  4e-02 35:45.8
   69    828 -4.864762187597221e-01 3.1e+00 3.35e-02  3e-02  4e-02 36:50.5
   71    852 -4.868799228642602e-01 3.3e+00 3.17e-02  3e-02  4e-02 37:55.4
   73    876 -4.865503771574740e-01 3.4e+00 2.83e-02  2e-02  3e-02 39:00.3
   75    900 -4.864561263427953e-01 3.5e+00 2.72e-02  2e-02  3e-02 40:05.0
   77    924 -4.873606070482161e-01 3.5e+00 2.67e-02  2e-02  3e-02 41:10.0
   79    948 -4.877637462212570e-01 3.5e+00 2.79e-02  2e-02  3e-02 42:14.9
   81    972 -4.877265405813674e-01 3.7e+00 2.69e-02  2e-02  3e-02 43:19.7
   83    996 -4.882799309619421e-01 3.9e+00 2.74e-02  2e-02  3e-02 44:24.5
   85   1020 -4.885064137818191e-01 4.2e+00 2.80e-02  2e-02  3e-02 45:29.1
   87   1044 -4.890334569618119e-01 4.3e+00 2.99e-02  3e-02  4e-02 46:33.9
   89   1068 -4.892630298293820e-01 4.5e+00 2.99e-02  3e-02  4e-02 47:38.6
   92   1104 -4.896932087288463e-01 4.8e+00 3.25e-02  3e-02  4e-02 49:08.3
   95   1140 -4.894058371716841e-01 5.5e+00 3.63e-02  3e-02  5e-02 50:37.5
   98   1176 -4.899147245131610e-01 5.8e+00 3.65e-02  3e-02  5e-02 52:06.7
  100   1200 -4.899276541697818e-01 6.0e+00 3.79e-02  3e-02  5e-02 53:06.0
  103   1236 -4.900630500357885e-01 6.3e+00 3.73e-02  3e-02  5e-02 54:34.9
  106   1272 -4.903822906053690e-01 6.5e+00 3.86e-02  3e-02  5e-02 56:03.6
  109   1308 -4.902528563848040e-01 6.7e+00 3.84e-02  3e-02  5e-02 57:31.1
  112   1344 -4.901840853808130e-01 7.0e+00 3.89e-02  3e-02  5e-02 59:02.9
  115   1380 -4.907090326358051e-01 7.1e+00 3.87e-02  3e-02  5e-02 60:35.3
  118   1416 -4.900143146210395e-01 7.4e+00 3.96e-02  3e-02  5e-02 62:07.4
  121   1452 -4.909673914958526e-01 7.3e+00 3.94e-02  3e-02  5e-02 63:39.8
  124   1488 -4.912097996646865e-01 7.5e+00 4.03e-02  3e-02  6e-02 65:11.9
  127   1524 -4.909283245756790e-01 7.6e+00 4.13e-02  3e-02  6e-02 66:44.1
  130   1560 -4.907769677373672e-01 8.1e+00 3.91e-02  3e-02  5e-02 68:16.2
  133   1596 -4.912887551229503e-01 8.2e+00 3.53e-02  3e-02  5e-02 69:48.2
  136   1632 -4.912423295143565e-01 8.5e+00 3.26e-02  3e-02  5e-02 71:20.2
  139   1668 -4.913874906361986e-01 8.7e+00 3.00e-02  2e-02  4e-02 72:52.1
  142   1704 -4.915483781555008e-01 9.0e+00 3.07e-02  2e-02  4e-02 74:23.9
  145   1740 -4.917810734942947e-01 9.3e+00 3.31e-02  3e-02  5e-02 75:55.7
  148   1776 -4.918129374732139e-01 9.2e+00 3.46e-02  3e-02  5e-02 77:27.4
  151   1812 -4.920397217040286e-01 9.4e+00 4.01e-02  3e-02  6e-02 78:59.2
  154   1848 -4.919847087921417e-01 9.8e+00 4.57e-02  4e-02  6e-02 80:31.1
  157   1884 -4.921622261955735e-01 9.9e+00 4.31e-02  3e-02  6e-02 82:03.0
  160   1920 -4.924237198122052e-01 1.0e+01 3.83e-02  3e-02  5e-02 83:33.3
  163   1956 -4.925503677242905e-01 1.0e+01 3.87e-02  3e-02  5e-02 85:02.9
  166   1992 -4.923543613824712e-01 1.1e+01 3.95e-02  3e-02  6e-02 86:32.6
  169   2028 -4.923075239506395e-01 1.1e+01 3.92e-02  3e-02  5e-02 88:02.0
  172   2064 -4.925066393612018e-01 1.1e+01 3.46e-02  3e-02  5e-02 89:30.7
  175   2100 -4.927184019229962e-01 1.1e+01 3.18e-02  2e-02  4e-02 91:00.5
  178   2136 -4.926715800767124e-01 1.2e+01 3.21e-02  2e-02  4e-02 92:30.7
  182   2184 -4.927120673947232e-01 1.2e+01 3.05e-02  2e-02  4e-02 94:30.8
  186   2232 -4.928688630040143e-01 1.3e+01 3.10e-02  2e-02  4e-02 96:30.8
  190   2280 -4.930744510740271e-01 1.3e+01 3.09e-02  2e-02  4e-02 98:30.7
  194   2328 -4.931437096390105e-01 1.4e+01 2.94e-02  2e-02  4e-02 100:24.1
  198   2376 -4.933120855348316e-01 1.4e+01 2.85e-02  2e-02  4e-02 102:19.9
  200   2400 -4.932894698651317e-01 1.5e+01 2.79e-02  2e-02  4e-02 103:17.9
  204   2448 -4.934402211722747e-01 1.6e+01 2.86e-02  2e-02  4e-02 105:14.0
  208   2496 -4.934675825052913e-01 1.7e+01 2.60e-02  2e-02  4e-02 107:10.1
  212   2544 -4.936351554025752e-01 1.7e+01 2.75e-02  2e-02  4e-02 109:05.6
  216   2592 -4.937379178705656e-01 1.9e+01 3.28e-02  2e-02  5e-02 111:01.1
  220   2640 -4.939136212483897e-01 1.9e+01 3.31e-02  2e-02  5e-02 112:56.5
  224   2688 -4.938694394689481e-01 2.0e+01 3.92e-02  3e-02  6e-02 114:52.3
  228   2736 -4.941060465188809e-01 2.2e+01 4.08e-02  3e-02  6e-02 116:48.5
  232   2784 -4.940566486995726e-01 2.2e+01 3.43e-02  2e-02  5e-02 118:44.5
  236   2832 -4.943134716765928e-01 2.3e+01 3.55e-02  2e-02  6e-02 120:40.5
  240   2880 -4.941321880802849e-01 2.3e+01 3.43e-02  2e-02  5e-02 122:35.5
  244   2928 -4.945309635739940e-01 2.3e+01 3.11e-02  2e-02  5e-02 124:31.0
  248   2976 -4.947285267076117e-01 2.4e+01 3.36e-02  2e-02  5e-02 126:26.5
  252   3024 -4.948272202692532e-01 2.6e+01 3.48e-02  2e-02  6e-02 128:22.3
  256   3072 -4.949156368621994e-01 2.7e+01 3.54e-02  2e-02  6e-02 130:17.7
  260   3120 -4.951384597373896e-01 2.9e+01 3.49e-02  2e-02  6e-02 132:14.0
  264   3168 -4.953026750924542e-01 3.0e+01 3.44e-02  2e-02  6e-02 134:10.6
  268   3216 -4.955181722474034e-01 3.2e+01 3.65e-02  2e-02  7e-02 136:07.4
  272   3264 -4.955833710434502e-01 3.5e+01 3.55e-02  2e-02  7e-02 138:03.6
  276   3312 -4.958781307187649e-01 3.7e+01 3.62e-02  2e-02  7e-02 140:00.3
  280   3360 -4.959509749403554e-01 3.9e+01 4.21e-02  3e-02  9e-02 141:56.8
  285   3420 -4.963637176041760e-01 4.1e+01 4.98e-02  3e-02  1e-01 144:22.6
  290   3480 -4.967707682503475e-01 4.2e+01 5.39e-02  3e-02  1e-01 146:45.7
  295   3540 -4.968380652123344e-01 4.4e+01 5.33e-02  3e-02  1e-01 149:07.9
  300   3600 -4.967272933696510e-01 4.5e+01 4.67e-02  3e-02  1e-01 151:30.6
  305   3660 -4.969210718668773e-01 4.5e+01 4.09e-02  2e-02  9e-02 153:52.8
  310   3720 -4.971168581829845e-01 4.5e+01 3.49e-02  2e-02  7e-02 156:17.6
  315   3780 -4.972148234369241e-01 4.5e+01 3.03e-02  2e-02  6e-02 158:43.1
  320   3840 -4.973159346616845e-01 4.6e+01 2.63e-02  1e-02  5e-02 161:08.8
  325   3900 -4.973754257196209e-01 4.7e+01 2.63e-02  1e-02  5e-02 163:33.5
  330   3960 -4.973379537035398e-01 4.6e+01 2.73e-02  1e-02  5e-02 165:57.2
  335   4020 -4.974313543621608e-01 4.5e+01 2.29e-02  1e-02  4e-02 168:21.8
  340   4080 -4.974719197056183e-01 4.5e+01 2.03e-02  1e-02  4e-02 170:46.5
  345   4140 -4.974882953530268e-01 4.6e+01 2.09e-02  1e-02  4e-02 173:11.1
  350   4200 -4.975291407699854e-01 4.8e+01 1.94e-02  1e-02  4e-02 175:36.3
  355   4260 -4.975252002173663e-01 4.8e+01 1.71e-02  9e-03  3e-02 178:01.7
  360   4320 -4.976048445234642e-01 4.9e+01 1.84e-02  9e-03  4e-02 180:26.6
  365   4380 -4.975663048465900e-01 5.2e+01 1.91e-02  9e-03  4e-02 182:51.8
  370   4440 -4.976172820988295e-01 5.2e+01 1.66e-02  8e-03  3e-02 185:17.4
  375   4500 -4.976351506425698e-01 5.1e+01 1.53e-02  7e-03  3e-02 187:43.0
  380   4560 -4.976678746098370e-01 5.4e+01 1.51e-02  7e-03  3e-02 190:08.4
  385   4620 -4.976987700544924e-01 5.6e+01 1.35e-02  6e-03  3e-02 192:33.5
  390   4680 -4.977517609763136e-01 5.7e+01 1.65e-02  7e-03  4e-02 194:58.7
  395   4740 -4.977904095113832e-01 5.9e+01 2.22e-02  1e-02  6e-02 197:24.0
  400   4800 -4.979098117966045e-01 6.7e+01 3.06e-02  1e-02  9e-02 199:49.0
  405   4860 -4.979616746513206e-01 7.7e+01 3.59e-02  1e-02  1e-01 202:12.9
  411   4932 -4.981190241054938e-01 8.4e+01 4.01e-02  2e-02  1e-01 205:02.4
  417   5004 -4.984381146618670e-01 8.9e+01 4.13e-02  2e-02  2e-01 207:51.5
  423   5076 -4.985172523863147e-01 9.6e+01 4.23e-02  2e-02  2e-01 210:40.6
  429   5148 -4.986516440452289e-01 9.7e+01 4.15e-02  1e-02  2e-01 213:30.2
  435   5220 -4.988094552466886e-01 1.1e+02 4.44e-02  2e-02  2e-01 216:19.1
  441   5292 -4.989248119948536e-01 1.1e+02 3.88e-02  1e-02  2e-01 219:08.0
  447   5364 -4.990166090115414e-01 1.1e+02 3.14e-02  1e-02  1e-01 221:57.0
  453   5436 -4.991334611602503e-01 1.1e+02 3.64e-02  1e-02  2e-01 224:45.9
  459   5508 -4.992762045868112e-01 1.1e+02 4.19e-02  1e-02  2e-01 227:34.9
  465   5580 -4.992670944556958e-01 1.1e+02 3.69e-02  1e-02  2e-01 230:23.9
  471   5652 -4.994115988700114e-01 1.1e+02 3.62e-02  1e-02  2e-01 233:12.5
  477   5724 -4.995019189607983e-01 1.1e+02 3.13e-02  9e-03  1e-01 235:59.8
  483   5796 -4.996959482643259e-01 1.1e+02 3.13e-02  9e-03  1e-01 238:47.0
  489   5868 -4.999151798078056e-01 1.2e+02 4.02e-02  1e-02  2e-01 241:33.0
  495   5940 -5.002228708882095e-01 1.5e+02 4.99e-02  1e-02  3e-01 244:19.1
  500   6000 -5.007439964099237e-01 1.6e+02 6.13e-02  2e-02  4e-01 246:37.2
  506   6072 -5.009903930749627e-01 1.9e+02 7.44e-02  2e-02  5e-01 249:23.1
  512   6144 -5.011820745300376e-01 2.0e+02 6.85e-02  2e-02  4e-01 252:09.2
  518   6216 -5.016787480211102e-01 2.0e+02 6.11e-02  1e-02  4e-01 254:55.4
  524   6288 -5.015129472496661e-01 2.0e+02 5.61e-02  1e-02  3e-01 257:41.1
  530   6360 -5.016035566778975e-01 2.0e+02 5.08e-02  1e-02  3e-01 260:40.0
  536   6432 -5.018746693221318e-01 2.0e+02 4.22e-02  9e-03  3e-01 263:40.8
  542   6504 -5.018297612167412e-01 2.0e+02 3.46e-02  7e-03  2e-01 266:36.6
  548   6576 -5.019712931880461e-01 2.1e+02 3.22e-02  7e-03  2e-01 269:32.2
  554   6648 -5.021067225766190e-01 2.1e+02 3.68e-02  7e-03  2e-01 272:33.7
  560   6720 -5.021370330165890e-01 2.2e+02 3.06e-02  6e-03  2e-01 275:35.5
  566   6792 -5.023101411938672e-01 2.2e+02 2.41e-02  5e-03  2e-01 278:36.7
  572   6864 -5.024055366399679e-01 2.3e+02 2.97e-02  5e-03  2e-01 281:38.5
  578   6936 -5.023981360303885e-01 2.4e+02 3.40e-02  6e-03  2e-01 284:40.1
  584   7008 -5.024424097682882e-01 2.4e+02 3.15e-02  5e-03  2e-01 287:41.7
  590   7080 -5.024664894618109e-01 2.4e+02 2.83e-02  4e-03  2e-01 290:43.5
  596   7152 -5.025016311510945e-01 2.3e+02 2.57e-02  4e-03  2e-01 293:39.5
  600   7200 -5.025185092662924e-01 2.3e+02 2.32e-02  3e-03  2e-01 295:30.5
  607   7284 -5.025393510133837e-01 2.3e+02 1.60e-02  2e-03  1e-01 298:45.2
  614   7368 -5.025673891661204e-01 2.3e+02 1.52e-02  2e-03  1e-01 302:00.7
  621   7452 -5.025874187820589e-01 2.2e+02 1.15e-02  2e-03  7e-02 305:17.1
  628   7536 -5.026183458834783e-01 2.2e+02 1.56e-02  2e-03  1e-01 308:21.0
  635   7620 -5.026546714755102e-01 2.2e+02 1.95e-02  2e-03  1e-01 311:24.2
  642   7704 -5.026953125485112e-01 2.2e+02 1.88e-02  2e-03  1e-01 314:27.6
  649   7788 -5.027431309753378e-01 2.2e+02 1.94e-02  2e-03  1e-01 317:30.9
  656   7872 -5.028123420452959e-01 2.2e+02 2.24e-02  2e-03  1e-01 320:34.6
  663   7956 -5.028714215916276e-01 2.1e+02 2.35e-02  2e-03  1e-01 323:38.1
  671   8052 -5.030166748600475e-01 2.1e+02 2.35e-02  2e-03  1e-01 327:08.0
  679   8148 -5.031934014237790e-01 2.2e+02 4.42e-02  4e-03  3e-01 330:37.5
  687   8244 -5.034414713074449e-01 2.3e+02 6.70e-02  6e-03  4e-01 334:08.0
  695   8340 -5.035326377563923e-01 2.3e+02 7.58e-02  7e-03  5e-01 337:38.3
  700   8400 -5.035459041147041e-01 2.3e+02 6.11e-02  5e-03  4e-01 339:49.6
  708   8496 -5.035515049069634e-01 2.2e+02 5.48e-02  5e-03  3e-01 343:19.5
  716   8592 -5.036282876028403e-01 2.3e+02 4.61e-02  4e-03  3e-01 346:50.0
  724   8688 -5.036822786670948e-01 2.2e+02 3.57e-02  3e-03  2e-01 350:20.1
  732   8784 -5.037190000326394e-01 2.3e+02 2.80e-02  2e-03  2e-01 353:50.8
  740   8880 -5.037419091290480e-01 2.3e+02 2.68e-02  2e-03  1e-01 357:21.5
  748   8976 -5.037571900799157e-01 2.2e+02 3.08e-02  2e-03  2e-01 360:52.2
  756   9072 -5.037731757315950e-01 2.2e+02 3.34e-02  2e-03  2e-01 364:23.5
  764   9168 -5.038131543197527e-01 2.2e+02 3.34e-02  2e-03  2e-01 367:53.5
  772   9264 -5.038247566541889e-01 2.2e+02 2.70e-02  2e-03  1e-01 371:24.4
  780   9360 -5.038498368506781e-01 2.2e+02 3.21e-02  2e-03  2e-01 374:58.3
  787   9444 -5.038575924112805e-01 2.3e+02 2.84e-02  2e-03  1e-01 378:19.8
  794   9528 -5.038833149289721e-01 2.4e+02 2.62e-02  2e-03  1e-01 381:41.7
  800   9600 -5.038898656911054e-01 2.4e+02 2.47e-02  1e-03  1e-01 384:34.4
  807   9684 -5.039021690958277e-01 2.4e+02 2.33e-02  1e-03  1e-01 387:56.7
  815   9780 -5.039173260534833e-01 2.3e+02 2.55e-02  1e-03  1e-01 391:47.3
  823   9876 -5.039248166478442e-01 2.3e+02 2.54e-02  1e-03  1e-01 395:37.5
  831   9972 -5.039473697497875e-01 2.5e+02 2.43e-02  1e-03  1e-01 399:28.1
  839  10068 -5.039613813035020e-01 2.4e+02 2.66e-02  1e-03  1e-01 403:08.9
  847  10164 -5.039830870846904e-01 2.5e+02 2.98e-02  1e-03  1e-01 406:38.4
  855  10260 -5.039984544113519e-01 2.5e+02 3.49e-02  2e-03  1e-01 410:07.3
  863  10356 -5.040333132253213e-01 2.5e+02 3.49e-02  2e-03  1e-01 413:36.3
  872  10464 -5.040393165131194e-01 2.4e+02 2.64e-02  1e-03  1e-01 417:30.9
  881  10572 -5.040681264773486e-01 2.5e+02 3.12e-02  1e-03  1e-01 421:25.4
  890  10680 -5.041259491143194e-01 2.6e+02 3.86e-02  2e-03  2e-01 425:19.9
  899  10788 -5.041319003349517e-01 2.6e+02 4.36e-02  2e-03  2e-01 429:14.6
  900  10800 -5.041573461552592e-01 2.6e+02 4.38e-02  2e-03  2e-01 429:40.7
  909  10908 -5.042277112215552e-01 2.5e+02 5.29e-02  2e-03  2e-01 433:35.3
  918  11016 -5.043226657918300e-01 2.6e+02 5.75e-02  2e-03  2e-01 437:30.0
  927  11124 -5.044581970290657e-01 2.7e+02 7.89e-02  3e-03  4e-01 441:24.0
  936  11232 -5.044177666640145e-01 3.1e+02 8.65e-02  3e-03  4e-01 445:16.7
  945  11340 -5.045144424497884e-01 3.1e+02 6.20e-02  2e-03  3e-01 449:10.4
  954  11448 -5.045925917329271e-01 3.2e+02 6.58e-02  2e-03  3e-01 453:04.1
  963  11556 -5.046016415637234e-01 3.1e+02 5.11e-02  2e-03  2e-01 456:57.9
  972  11664 -5.046342051496251e-01 3.2e+02 3.88e-02  1e-03  2e-01 460:51.6
  981  11772 -5.046914943119839e-01 3.4e+02 4.12e-02  1e-03  2e-01 464:45.5
  990  11880 -5.047306524218244e-01 3.4e+02 4.68e-02  2e-03  2e-01 468:39.1
  999  11988 -5.048437635877361e-01 3.3e+02 7.46e-02  2e-03  3e-01 472:32.3
 1000  12000 -5.048424635422696e-01 3.3e+02 7.83e-02  2e-03  3e-01 472:58.2
Budget constraint not satisfied 3912.7462005615234 3752 Difference:  -160.74620056152344
Budget constraint not satisfied 3971.545524597168 3752 Difference:  -219.54552459716797
two_most_probable_states: ['01111011110', '11111011110']
final_expectation_value: -0.5048437635877361
params: [2.912173345829155, 6.2994477567726905, 1.6233157471828354, 6.929158839085203, 8.105205692782558, 10.778807663950017, -0.44991177294494467, 15.04844350773767, 17.55670590695534, -0.1913865854245263, 2.7319958211043516, 1.4437117638284869, 1.4980573706519924, -0.10378823113109185, 3.0626475888150386, 1.4983186117812668, 1.563900991295743, 3.073893032489612, 2.1688619386286603, 0.923653886146611]
total_steps: 1000
states_probs: [0.0036556856147371987, 0.00376144115121165]
optimized_portfolios: [{'CSCO': 30, 'CVX': 15}, {'CSCO': 31, 'CVX': 15}]
objective_values: [-104523.58039490579, -114654.64536866109]
result_with_budget: [{'portfolio': {'CSCO': 30, 'CVX': 15}, 'budget': 3912.7462005615234, 'difference': -160.74620056152344}, {'portfolio': {'CSCO': 31, 'CVX': 15}, 'budget': 3971.545524597168, 'difference': -219.54552459716797}]
Batch 76/100 completed. Results saved to portfolio_optimization_results_batch_75.json
Job finished at Sat Mar 22 18:14:07 EET 2025
