Running job array 2 on pe63.int.triton.aalto.fi
Starting at Thu Mar 13 20:39:56 EET 2025
Activating virtual environment at /scratch/work/uotilav2/quantum-portfolio/venv
Processing batch 3/20: experiments 46 to 68 (total 23)
Skipping experiment 46 (already processed)
Skipping experiment 47 (already processed)
Skipping experiment 48 (already processed)
Skipping experiment 49 (already processed)
Skipping experiment 50 (already processed)
Skipping experiment 51 (already processed)
Processing experiment 52
Budget: 3004.582962036133
YF.download() has changed argument auto_adjust default to True
Number of qubits for asset AMGN: 4
Number of qubits for asset DOW: 7
Total number of qubits:  11
Optimized Weights (considering variance, skewness and kurtosis):
AMGN: 98.82%
DOW: 1.18%
Left over budget:  42.32289458298783
Optimized Discrete Allocation:
AMGN: 11
DOW: 3
Maximized utility from continuous higher moments:  -710.9985857341651
Budget constraint satisfied 3001.6591033935547 3004.582962036133 Difference:  2.923858642578125
Budget constraint not satisfied 3041.0581398010254 3004.582962036133 Difference:  -36.47517776489258
smallest_eigenvalues: [-0.2422153478346684]
smallest_bitstrings: ['11010010000']
first_excited_energy: -0.24217741278297902
optimized_portfolio: [{'AMGN': 11, 'DOW': 4}]
second_optimized_portfolio: [{'AMGN': 11, 'DOW': 5}]
result_with_budget: [{'portfolio': {'AMGN': 11, 'DOW': 4}, 'budget': 3001.6591033935547, 'difference': 2.923858642578125, 'objective_value': -876.5562949446568}]
result_with_budget_excited: [{'portfolio': {'AMGN': 11, 'DOW': 5}, 'budget': 3041.0581398010254, 'difference': -36.47517776489258, 'objective_value': -1101.7532688218198}]
Initial params:  [2.45210473 0.37157007 2.01037118 0.45035763 2.96776493 1.63943485
 1.3026989  0.83112597 2.43232687 1.43303853 1.78578792 0.0590299
 1.94035914 1.92295543 1.93815531 2.96487203 2.14200164 1.12942738
 1.37297638 2.19167304 0.1892039  2.09470941]
(6_w,13)-aCMA-ES (mu_w=4.0,w_1=38%) in dimension 22 (seed=982861, Thu Mar 13 20:40:21 2025)
Iterat #Fevals   function value  axis ratio  sigma  min&max std  t[m:s]
    1     13 -9.405399954297609e-02 1.0e+00 9.36e-02  9e-02  9e-02 0:47.8
    2     26 -1.167086877890488e-01 1.1e+00 8.93e-02  9e-02  9e-02 1:35.3
    3     39 -1.256708210590728e-01 1.1e+00 8.77e-02  8e-02  9e-02 2:22.9
    4     52 -1.211705129600667e-01 1.1e+00 8.60e-02  8e-02  9e-02 3:10.8
    5     65 -1.337980322171538e-01 1.1e+00 8.71e-02  8e-02  9e-02 3:58.5
    6     78 -1.530065779494102e-01 1.2e+00 8.90e-02  9e-02  9e-02 4:46.2
    7     91 -1.542702196678767e-01 1.2e+00 8.99e-02  9e-02  9e-02 5:33.9
    8    104 -1.670952760342145e-01 1.3e+00 9.41e-02  9e-02  1e-01 6:21.4
    9    117 -1.737575976395331e-01 1.3e+00 9.88e-02  1e-01  1e-01 7:09.2
   10    130 -1.848263902989956e-01 1.4e+00 1.05e-01  1e-01  1e-01 7:57.0
   11    143 -1.781776336075423e-01 1.5e+00 1.08e-01  1e-01  1e-01 8:44.8
   12    156 -1.682958457333676e-01 1.5e+00 1.07e-01  1e-01  1e-01 9:32.6
   13    169 -1.739136243715148e-01 1.5e+00 1.12e-01  1e-01  1e-01 10:20.4
   14    182 -1.830941504934929e-01 1.6e+00 1.17e-01  1e-01  1e-01 11:08.1
   15    195 -1.884594057063446e-01 1.7e+00 1.21e-01  1e-01  1e-01 11:56.0
   16    208 -1.971965796815181e-01 1.7e+00 1.16e-01  1e-01  1e-01 12:43.7
   17    221 -1.844770285925829e-01 1.7e+00 1.12e-01  1e-01  1e-01 13:31.2
   18    234 -1.880290930617019e-01 1.8e+00 1.12e-01  1e-01  1e-01 14:19.0
   19    247 -1.909223654044312e-01 1.8e+00 1.13e-01  1e-01  1e-01 15:06.9
   20    260 -1.870623521803536e-01 1.8e+00 1.12e-01  1e-01  1e-01 15:54.5
   21    273 -1.847587454438300e-01 1.8e+00 1.08e-01  1e-01  1e-01 16:42.0
   22    286 -1.878062264413881e-01 1.9e+00 1.08e-01  1e-01  1e-01 17:29.6
   23    299 -1.923926505640108e-01 1.9e+00 1.07e-01  1e-01  1e-01 18:17.6
   24    312 -1.867696112008343e-01 1.9e+00 1.05e-01  1e-01  1e-01 19:05.6
   25    325 -1.903623853459845e-01 1.9e+00 1.02e-01  9e-02  1e-01 19:53.6
   26    338 -1.906361758814989e-01 1.9e+00 9.87e-02  9e-02  1e-01 20:41.1
   27    351 -1.926768572294014e-01 1.9e+00 9.59e-02  9e-02  1e-01 21:29.0
   28    364 -1.952853373270998e-01 1.9e+00 9.48e-02  9e-02  1e-01 22:16.7
   29    377 -1.949311691080679e-01 1.9e+00 9.48e-02  9e-02  1e-01 23:04.5
   30    390 -1.957318358460296e-01 1.9e+00 9.42e-02  9e-02  1e-01 23:52.3
   31    403 -1.922497909606538e-01 2.0e+00 8.98e-02  8e-02  1e-01 24:40.0
   32    416 -1.965290280636204e-01 2.0e+00 8.88e-02  8e-02  1e-01 25:27.8
   33    429 -1.975914329293647e-01 2.0e+00 8.84e-02  8e-02  1e-01 26:15.5
   34    442 -1.843414631684288e-01 2.0e+00 8.56e-02  8e-02  9e-02 27:03.2
   35    455 -1.984772084245918e-01 2.0e+00 8.24e-02  7e-02  9e-02 27:50.9
   36    468 -1.953500030031018e-01 2.0e+00 7.97e-02  7e-02  9e-02 28:38.6
   37    481 -1.974476918374547e-01 2.0e+00 7.83e-02  7e-02  9e-02 29:26.6
   38    494 -2.023296286239674e-01 2.1e+00 7.94e-02  7e-02  9e-02 30:14.4
   39    507 -1.944181674114175e-01 2.1e+00 7.69e-02  7e-02  8e-02 31:02.1
   40    520 -2.009727311667821e-01 2.1e+00 7.89e-02  7e-02  9e-02 31:49.7
   41    533 -1.998739080097412e-01 2.2e+00 8.27e-02  7e-02  9e-02 32:37.6
   42    546 -1.992222206751542e-01 2.2e+00 8.11e-02  7e-02  9e-02 33:25.6
   43    559 -1.966304266152901e-01 2.3e+00 7.92e-02  7e-02  9e-02 34:13.3
   44    572 -2.003278075381686e-01 2.3e+00 7.60e-02  7e-02  8e-02 35:00.9
   45    585 -1.970867452866127e-01 2.3e+00 7.54e-02  7e-02  8e-02 35:48.6
   46    598 -2.014472416709565e-01 2.3e+00 7.33e-02  6e-02  8e-02 36:36.4
   47    611 -1.999833962460696e-01 2.4e+00 7.06e-02  6e-02  8e-02 37:24.3
   48    624 -1.983481197740296e-01 2.4e+00 6.89e-02  6e-02  8e-02 38:12.3
   50    650 -1.994791226127583e-01 2.5e+00 6.27e-02  6e-02  7e-02 39:47.2
   52    676 -2.033760070578501e-01 2.5e+00 5.98e-02  5e-02  7e-02 41:19.9
   54    702 -2.021633035567801e-01 2.7e+00 6.00e-02  5e-02  7e-02 42:52.2
   56    728 -2.028379643779205e-01 2.8e+00 6.01e-02  5e-02  7e-02 44:24.1
   58    754 -2.017599098558764e-01 2.8e+00 6.09e-02  5e-02  7e-02 45:56.4
   60    780 -2.010093798683390e-01 2.9e+00 6.35e-02  5e-02  7e-02 47:28.5
   62    806 -2.027909844414746e-01 3.0e+00 6.48e-02  6e-02  7e-02 49:00.8
   64    832 -2.028291832108113e-01 3.0e+00 6.61e-02  6e-02  7e-02 50:32.8
   66    858 -2.031129097741961e-01 3.0e+00 6.31e-02  5e-02  7e-02 52:05.3
   68    884 -2.036874283459326e-01 3.1e+00 5.58e-02  5e-02  6e-02 53:37.6
   70    910 -2.032961925358076e-01 3.1e+00 4.98e-02  4e-02  5e-02 55:09.8
   72    936 -2.031859371575395e-01 3.0e+00 4.65e-02  4e-02  5e-02 56:42.1
   74    962 -2.043214844594264e-01 3.1e+00 4.38e-02  4e-02  5e-02 58:14.0
   76    988 -2.045633130372724e-01 3.2e+00 4.08e-02  3e-02  4e-02 59:46.3
   78   1014 -2.048338859920814e-01 3.2e+00 3.88e-02  3e-02  4e-02 61:18.5
   80   1040 -2.047384383898814e-01 3.3e+00 3.65e-02  3e-02  4e-02 62:50.7
   82   1066 -2.049953002343095e-01 3.4e+00 3.51e-02  3e-02  4e-02 64:22.6
   84   1092 -2.056292181905137e-01 3.4e+00 3.65e-02  3e-02  4e-02 65:54.1
   86   1118 -2.058157494177521e-01 3.6e+00 3.89e-02  3e-02  4e-02 67:25.5
   88   1144 -2.054363801882508e-01 3.7e+00 4.02e-02  3e-02  5e-02 68:56.7
   90   1170 -2.067905246465153e-01 3.9e+00 4.02e-02  3e-02  5e-02 70:28.3
   92   1196 -2.058950939181001e-01 4.0e+00 4.23e-02  3e-02  5e-02 71:59.6
   94   1222 -2.062043779992550e-01 4.2e+00 4.52e-02  4e-02  5e-02 73:30.9
   96   1248 -2.073809273491364e-01 4.3e+00 4.57e-02  4e-02  5e-02 75:02.4
   98   1274 -2.066566739972859e-01 4.5e+00 4.46e-02  4e-02  5e-02 76:33.5
  100   1300 -2.073891259290335e-01 4.5e+00 4.56e-02  4e-02  6e-02 78:04.8
  102   1326 -2.059351276291961e-01 4.8e+00 4.71e-02  4e-02  6e-02 79:36.0
  104   1352 -2.069038906592431e-01 4.9e+00 4.84e-02  4e-02  6e-02 81:07.2
  106   1378 -2.073804843649394e-01 4.9e+00 4.63e-02  4e-02  6e-02 82:38.6
  108   1404 -2.076518919288926e-01 5.1e+00 4.32e-02  3e-02  5e-02 84:09.9
  110   1430 -2.076860615893076e-01 5.2e+00 4.25e-02  3e-02  5e-02 85:41.5
  112   1456 -2.080973982684590e-01 5.4e+00 4.27e-02  3e-02  5e-02 87:13.0
  114   1482 -2.079637423083465e-01 5.5e+00 4.12e-02  3e-02  5e-02 88:44.6
  116   1508 -2.081322518977987e-01 5.6e+00 3.77e-02  3e-02  5e-02 90:16.4
  118   1534 -2.086048405942925e-01 5.7e+00 3.59e-02  3e-02  5e-02 91:48.0
  120   1560 -2.086177460624341e-01 5.7e+00 3.18e-02  2e-02  4e-02 93:19.8
  122   1586 -2.086294339191623e-01 5.8e+00 2.99e-02  2e-02  4e-02 94:51.3
  124   1612 -2.087380538114085e-01 6.0e+00 2.73e-02  2e-02  3e-02 96:22.7
  126   1638 -2.090339982192669e-01 6.2e+00 2.66e-02  2e-02  3e-02 97:54.1
  128   1664 -2.091656940623915e-01 6.2e+00 2.45e-02  2e-02  3e-02 99:25.3
  130   1690 -2.092208528936642e-01 6.3e+00 2.32e-02  2e-02  3e-02 100:56.9
  132   1716 -2.094364861064974e-01 6.5e+00 2.51e-02  2e-02  3e-02 102:27.9
  134   1742 -2.097165847666898e-01 6.6e+00 2.86e-02  2e-02  4e-02 103:59.3
  136   1768 -2.098222353342436e-01 6.8e+00 3.22e-02  2e-02  4e-02 105:30.7
  139   1807 -2.099187872930153e-01 7.1e+00 3.73e-02  2e-02  5e-02 107:47.5
  142   1846 -2.104234008788675e-01 7.6e+00 4.11e-02  3e-02  5e-02 110:04.7
  145   1885 -2.104770962574577e-01 7.9e+00 4.24e-02  3e-02  5e-02 112:21.8
  148   1924 -2.106072353674062e-01 8.2e+00 4.23e-02  3e-02  5e-02 114:38.9
  151   1963 -2.104394603269290e-01 8.6e+00 3.88e-02  2e-02  5e-02 116:56.1
  154   2002 -2.105104992424158e-01 8.8e+00 3.47e-02  2e-02  5e-02 119:13.0
  157   2041 -2.105125595487026e-01 9.1e+00 3.36e-02  2e-02  4e-02 121:30.1
  160   2080 -2.106788445262798e-01 9.5e+00 3.49e-02  2e-02  5e-02 123:47.6
  163   2119 -2.108785961917787e-01 9.7e+00 3.11e-02  2e-02  4e-02 126:04.9
  166   2158 -2.110271999157156e-01 1.0e+01 3.07e-02  2e-02  4e-02 128:22.6
  169   2197 -2.113606613672053e-01 1.1e+01 3.04e-02  2e-02  4e-02 130:40.5
  172   2236 -2.112814546263123e-01 1.1e+01 3.14e-02  2e-02  4e-02 132:57.9
  175   2275 -2.113900076493836e-01 1.1e+01 2.90e-02  2e-02  4e-02 135:15.3
  178   2314 -2.114412651386872e-01 1.2e+01 2.78e-02  1e-02  4e-02 137:32.6
  181   2353 -2.116482992750401e-01 1.2e+01 2.76e-02  1e-02  4e-02 139:49.8
  184   2392 -2.115127607072994e-01 1.2e+01 2.83e-02  1e-02  4e-02 142:07.1
  187   2431 -2.117274100222853e-01 1.2e+01 2.63e-02  1e-02  4e-02 144:24.6
  190   2470 -2.118327304594155e-01 1.3e+01 2.89e-02  1e-02  4e-02 146:42.4
  193   2509 -2.118863840327414e-01 1.3e+01 3.01e-02  1e-02  4e-02 148:59.9
  196   2548 -2.118977775345899e-01 1.3e+01 2.95e-02  1e-02  4e-02 151:17.4
  199   2587 -2.120544053386933e-01 1.3e+01 3.14e-02  1e-02  5e-02 153:34.8
  200   2600 -2.121144161827748e-01 1.3e+01 3.23e-02  1e-02  5e-02 154:20.7
  203   2639 -2.123222714822122e-01 1.4e+01 3.31e-02  1e-02  5e-02 156:38.2
  206   2678 -2.126763329350319e-01 1.4e+01 3.49e-02  2e-02  5e-02 158:56.1
  209   2717 -2.125912035783293e-01 1.4e+01 4.15e-02  2e-02  7e-02 161:13.7
  212   2756 -2.127649795189153e-01 1.5e+01 4.75e-02  2e-02  8e-02 163:31.5
  215   2795 -2.131954941564712e-01 1.6e+01 4.40e-02  2e-02  7e-02 165:48.9
  218   2834 -2.131171857234541e-01 1.6e+01 4.46e-02  2e-02  7e-02 168:06.3
  221   2873 -2.132269010390115e-01 1.7e+01 4.81e-02  2e-02  8e-02 170:23.8
  224   2912 -2.134432872158795e-01 1.8e+01 5.11e-02  2e-02  9e-02 172:40.7
  227   2951 -2.135604274478743e-01 1.9e+01 5.47e-02  2e-02  1e-01 174:57.6
  230   2990 -2.137142548749505e-01 2.0e+01 5.92e-02  2e-02  1e-01 177:14.8
  233   3029 -2.140221351494211e-01 2.0e+01 6.53e-02  3e-02  1e-01 179:31.6
  236   3068 -2.145355878116641e-01 2.1e+01 7.65e-02  3e-02  1e-01 181:48.4
  239   3107 -2.145413347813835e-01 2.1e+01 9.22e-02  4e-02  2e-01 184:05.6
  242   3146 -2.131900668260354e-01 2.2e+01 1.02e-01  4e-02  2e-01 186:22.5
  245   3185 -2.156939380181603e-01 2.2e+01 9.77e-02  4e-02  2e-01 188:39.7
  248   3224 -2.147109790244362e-01 2.2e+01 9.34e-02  3e-02  2e-01 190:56.7
  251   3263 -2.146845957794884e-01 2.2e+01 8.56e-02  3e-02  2e-01 193:13.9
  254   3302 -2.151947315491367e-01 2.2e+01 7.65e-02  3e-02  2e-01 195:32.2
  257   3341 -2.151550456435771e-01 2.2e+01 6.82e-02  2e-02  1e-01 197:49.6
  260   3380 -2.156011720427546e-01 2.2e+01 6.31e-02  2e-02  1e-01 200:07.3
  263   3419 -2.163153393401900e-01 2.2e+01 5.94e-02  2e-02  1e-01 202:25.0
  266   3458 -2.164232594372591e-01 2.3e+01 5.70e-02  2e-02  1e-01 204:42.7
  269   3497 -2.163423784463682e-01 2.3e+01 5.57e-02  2e-02  1e-01 207:00.2
  273   3549 -2.166107089274214e-01 2.3e+01 5.01e-02  2e-02  1e-01 210:02.7
  277   3601 -2.167234137025246e-01 2.4e+01 4.96e-02  2e-02  1e-01 213:05.5
  281   3653 -2.165383405398667e-01 2.5e+01 5.19e-02  2e-02  1e-01 216:08.5
  285   3705 -2.168376295139077e-01 2.4e+01 4.77e-02  2e-02  1e-01 219:11.8
  289   3757 -2.171787913611232e-01 2.5e+01 4.52e-02  1e-02  9e-02 222:14.7
  293   3809 -2.172481830185446e-01 2.6e+01 5.29e-02  2e-02  1e-01 225:17.8
  297   3861 -2.173516858005974e-01 2.7e+01 5.33e-02  2e-02  1e-01 228:21.3
  300   3900 -2.176358754563883e-01 2.8e+01 5.42e-02  2e-02  1e-01 230:38.9
  304   3952 -2.179644032991356e-01 2.8e+01 5.49e-02  2e-02  1e-01 233:42.7
  308   4004 -2.178909524294876e-01 2.8e+01 5.85e-02  2e-02  1e-01 236:45.9
  312   4056 -2.179704450380401e-01 2.9e+01 6.13e-02  2e-02  1e-01 239:48.9
  316   4108 -2.183291424217661e-01 2.8e+01 5.73e-02  2e-02  1e-01 242:52.1
  320   4160 -2.185059816136349e-01 2.9e+01 5.73e-02  2e-02  1e-01 245:55.5
  324   4212 -2.188713681364469e-01 3.0e+01 5.82e-02  2e-02  1e-01 248:59.0
  328   4264 -2.192426303036347e-01 3.2e+01 5.92e-02  2e-02  1e-01 252:02.0
  332   4316 -2.192322938655021e-01 3.3e+01 5.15e-02  1e-02  1e-01 255:05.3
  336   4368 -2.198981637433900e-01 3.3e+01 4.49e-02  1e-02  1e-01 258:09.3
  340   4420 -2.201748308914311e-01 3.5e+01 4.43e-02  1e-02  1e-01 261:13.5
  344   4472 -2.201472956739264e-01 3.6e+01 4.45e-02  1e-02  1e-01 264:16.9
  348   4524 -2.204486844948917e-01 3.8e+01 4.59e-02  1e-02  1e-01 267:21.0
  352   4576 -2.207286217128346e-01 4.2e+01 4.47e-02  1e-02  1e-01 270:24.9
  356   4628 -2.212829775492588e-01 4.4e+01 4.36e-02  9e-03  1e-01 273:28.7
  360   4680 -2.212955611185503e-01 4.7e+01 4.22e-02  9e-03  1e-01 276:32.7
  364   4732 -2.215172809724222e-01 4.9e+01 3.80e-02  8e-03  1e-01 279:36.5
  368   4784 -2.218849508602801e-01 5.1e+01 4.27e-02  9e-03  1e-01 282:40.2
  372   4836 -2.223363297472460e-01 5.5e+01 5.08e-02  1e-02  2e-01 285:44.3
  376   4888 -2.222310768661067e-01 5.9e+01 5.95e-02  1e-02  2e-01 288:47.6
  380   4940 -2.222689601009438e-01 6.2e+01 7.69e-02  2e-02  3e-01 291:50.8
  384   4992 -2.218487898296218e-01 6.5e+01 7.36e-02  1e-02  3e-01 294:54.2
  388   5044 -2.220779521719530e-01 6.6e+01 6.57e-02  1e-02  3e-01 297:57.5
  392   5096 -2.226641489187154e-01 6.8e+01 6.37e-02  1e-02  3e-01 301:01.4
  396   5148 -2.227921721376062e-01 6.7e+01 6.16e-02  1e-02  3e-01 304:04.7
  400   5200 -2.230152972916236e-01 6.8e+01 5.53e-02  1e-02  2e-01 307:07.9
  404   5252 -2.232740546944433e-01 6.8e+01 6.45e-02  1e-02  3e-01 310:11.2
  408   5304 -2.230940115306211e-01 6.9e+01 7.41e-02  1e-02  3e-01 313:14.8
  412   5356 -2.228201405984885e-01 7.1e+01 8.17e-02  1e-02  3e-01 316:18.2
  416   5408 -2.235066530715045e-01 7.0e+01 8.24e-02  1e-02  4e-01 319:21.6
  420   5460 -2.233269637961931e-01 7.2e+01 7.53e-02  1e-02  3e-01 322:24.9
  424   5512 -2.238280886182861e-01 7.2e+01 6.48e-02  1e-02  3e-01 325:28.8
  428   5564 -2.236879521977304e-01 7.1e+01 5.85e-02  1e-02  2e-01 328:32.0
  432   5616 -2.242872795441429e-01 7.2e+01 4.78e-02  8e-03  2e-01 331:35.1
  436   5668 -2.244055877399802e-01 7.4e+01 4.86e-02  8e-03  2e-01 334:38.4
  440   5720 -2.244211991297764e-01 7.3e+01 4.51e-02  7e-03  2e-01 337:42.2
  444   5772 -2.244484372114268e-01 7.3e+01 3.85e-02  6e-03  2e-01 340:45.3
  448   5824 -2.247042118355119e-01 7.4e+01 3.21e-02  5e-03  1e-01 343:48.7
  452   5876 -2.248096269709347e-01 7.4e+01 3.11e-02  5e-03  1e-01 346:52.0
  457   5941 -2.249015338361243e-01 7.4e+01 2.95e-02  4e-03  1e-01 350:40.5
  462   6006 -2.249380950816020e-01 7.6e+01 3.28e-02  5e-03  1e-01 354:29.1
  467   6071 -2.249064619611484e-01 7.6e+01 2.85e-02  4e-03  1e-01 358:17.5
  472   6136 -2.250923286721592e-01 7.3e+01 2.77e-02  4e-03  1e-01 362:05.6
  477   6201 -2.252176483557803e-01 7.6e+01 2.93e-02  4e-03  1e-01 365:54.6
  482   6266 -2.252846181167140e-01 7.9e+01 2.73e-02  4e-03  1e-01 369:43.9
  487   6331 -2.253692044270977e-01 8.3e+01 2.68e-02  4e-03  1e-01 373:33.0
  492   6396 -2.254023956854342e-01 8.6e+01 2.61e-02  3e-03  1e-01 377:21.7
  497   6461 -2.254227769700407e-01 8.4e+01 2.52e-02  3e-03  1e-01 381:11.0
  500   6500 -2.254833932177527e-01 8.4e+01 2.32e-02  3e-03  1e-01 383:28.9
  505   6565 -2.255018268292676e-01 8.5e+01 2.40e-02  3e-03  1e-01 387:18.4
  510   6630 -2.257107157372849e-01 8.8e+01 2.63e-02  3e-03  1e-01 391:08.1
  515   6695 -2.258571423393255e-01 9.3e+01 3.17e-02  4e-03  2e-01 394:57.2
  520   6760 -2.260852323292784e-01 1.1e+02 4.17e-02  5e-03  2e-01 398:46.7
  525   6825 -2.262160445288869e-01 1.3e+02 5.33e-02  6e-03  3e-01 402:35.8
  530   6890 -2.260645696064750e-01 1.4e+02 5.37e-02  6e-03  3e-01 406:25.2
  535   6955 -2.262347786108673e-01 1.4e+02 4.76e-02  5e-03  3e-01 410:14.6
  540   7020 -2.262911087637437e-01 1.5e+02 3.89e-02  4e-03  2e-01 414:04.0
  545   7085 -2.264154169836315e-01 1.5e+02 3.37e-02  4e-03  2e-01 417:53.8
  550   7150 -2.264156288630410e-01 1.5e+02 3.56e-02  4e-03  2e-01 421:44.7
  555   7215 -2.263927288738436e-01 1.5e+02 2.67e-02  3e-03  2e-01 425:35.6
  560   7280 -2.264811694794616e-01 1.5e+02 2.29e-02  3e-03  1e-01 429:25.4
  565   7345 -2.264715101134315e-01 1.5e+02 2.20e-02  2e-03  1e-01 433:15.2
  570   7410 -2.265434497503995e-01 1.5e+02 2.18e-02  2e-03  1e-01 437:05.0
  575   7475 -2.265621077152483e-01 1.5e+02 2.52e-02  3e-03  2e-01 440:54.8
  580   7540 -2.265827239153397e-01 1.5e+02 2.57e-02  3e-03  2e-01 444:44.6
  585   7605 -2.266138785193033e-01 1.6e+02 2.66e-02  3e-03  2e-01 448:34.5
  590   7670 -2.266597426491292e-01 1.6e+02 2.49e-02  3e-03  2e-01 452:24.1
  595   7735 -2.267209786887656e-01 1.6e+02 2.56e-02  3e-03  2e-01 456:14.2
  600   7800 -2.267466545300348e-01 1.5e+02 2.39e-02  2e-03  1e-01 460:03.8
  605   7865 -2.268155013688972e-01 1.6e+02 2.19e-02  2e-03  1e-01 463:53.1
  610   7930 -2.268463134771013e-01 1.6e+02 2.73e-02  3e-03  2e-01 467:43.4
  615   7995 -2.268680743481274e-01 1.7e+02 3.13e-02  3e-03  2e-01 471:35.4
  620   8060 -2.269441736136294e-01 1.8e+02 2.95e-02  3e-03  2e-01 475:26.5
  625   8125 -2.270032581994148e-01 1.7e+02 2.80e-02  3e-03  2e-01 479:17.4
  630   8190 -2.270756769965977e-01 1.8e+02 3.02e-02  3e-03  2e-01 483:08.3
  635   8255 -2.271050969667491e-01 1.8e+02 3.34e-02  3e-03  2e-01 486:58.7
  640   8320 -2.271604772764486e-01 1.8e+02 3.33e-02  3e-03  2e-01 490:49.4
  645   8385 -2.272335555117095e-01 1.8e+02 3.60e-02  3e-03  2e-01 494:38.2
  650   8450 -2.272897826632465e-01 1.8e+02 4.02e-02  4e-03  3e-01 498:27.3
  655   8515 -2.272410813989641e-01 1.8e+02 4.09e-02  4e-03  3e-01 502:17.3
  660   8580 -2.273208136095319e-01 1.7e+02 3.54e-02  3e-03  2e-01 506:07.1
  665   8645 -2.273009020826090e-01 1.7e+02 3.55e-02  3e-03  2e-01 509:56.5
  670   8710 -2.273415143708811e-01 1.6e+02 3.34e-02  3e-03  2e-01 513:46.4
  675   8775 -2.273517556984214e-01 1.6e+02 3.33e-02  3e-03  2e-01 517:35.8
  680   8840 -2.274053802173997e-01 1.6e+02 3.03e-02  3e-03  2e-01 521:25.9
  685   8905 -2.274498561766973e-01 1.5e+02 2.74e-02  2e-03  2e-01 525:16.4
  690   8970 -2.274939947641452e-01 1.5e+02 2.70e-02  2e-03  2e-01 529:06.6
  696   9048 -2.275535494820257e-01 1.5e+02 2.76e-02  2e-03  2e-01 533:42.7
  700   9100 -2.275594283355548e-01 1.4e+02 3.39e-02  3e-03  2e-01 536:46.8
  706   9178 -2.275850831658260e-01 1.4e+02 3.64e-02  3e-03  2e-01 541:23.4
  712   9256 -2.276847784720650e-01 1.3e+02 4.07e-02  3e-03  2e-01 545:59.0
  718   9334 -2.277795390424720e-01 1.4e+02 4.08e-02  3e-03  2e-01 550:35.6
  724   9412 -2.278636436377316e-01 1.3e+02 5.21e-02  4e-03  2e-01 555:12.7
  730   9490 -2.278660860153306e-01 1.3e+02 4.85e-02  4e-03  2e-01 559:48.2
  736   9568 -2.279857320757658e-01 1.3e+02 4.76e-02  4e-03  2e-01 564:25.2
  742   9646 -2.279751104150823e-01 1.3e+02 5.08e-02  4e-03  2e-01 569:00.6
  748   9724 -2.279971795952507e-01 1.2e+02 3.69e-02  3e-03  2e-01 573:37.1
  754   9802 -2.281070533296127e-01 1.2e+02 2.59e-02  2e-03  1e-01 578:15.1
  760   9880 -2.281022878642448e-01 1.2e+02 2.45e-02  2e-03  1e-01 582:54.0
  766   9958 -2.281271275538535e-01 1.2e+02 2.11e-02  2e-03  8e-02 587:29.6
  772  10036 -2.281377156585440e-01 1.2e+02 2.07e-02  1e-03  8e-02 592:05.8
  778  10114 -2.281661895579756e-01 1.3e+02 1.82e-02  1e-03  7e-02 596:41.9
  784  10192 -2.281921735839786e-01 1.2e+02 1.71e-02  1e-03  7e-02 601:18.5
  790  10270 -2.282076428517459e-01 1.3e+02 1.94e-02  1e-03  8e-02 605:54.3
  796  10348 -2.282304395738973e-01 1.4e+02 2.39e-02  2e-03  1e-01 610:30.7
  800  10400 -2.282350337244538e-01 1.5e+02 2.65e-02  2e-03  1e-01 613:34.3
  806  10478 -2.282507715140910e-01 1.5e+02 3.00e-02  2e-03  1e-01 618:08.9
  812  10556 -2.282844496826942e-01 1.5e+02 2.50e-02  2e-03  1e-01 622:43.4
  818  10634 -2.282651916101936e-01 1.5e+02 2.58e-02  2e-03  1e-01 627:17.5
  824  10712 -2.282789707010580e-01 1.6e+02 1.96e-02  1e-03  9e-02 631:51.9
  830  10790 -2.282980504099732e-01 1.6e+02 1.79e-02  1e-03  8e-02 636:25.7
  836  10868 -2.283102197207918e-01 1.6e+02 1.86e-02  1e-03  8e-02 640:59.3
  842  10946 -2.283163637480355e-01 1.7e+02 1.94e-02  1e-03  9e-02 645:33.0
