Running job array 31 on pe45.int.triton.aalto.fi
Starting at Sun Mar 16 11:20:27 EET 2025
Activating virtual environment at /scratch/work/uotilav2/quantum-portfolio/venv
Processing batch 32/40: experiments 346 to 356 (total 11)
Processing experiment 346
Budget: 266.4683475494385
YF.download() has changed argument auto_adjust default to True
Expected returns: 0.06418418144825316
Covariance matrix: 0.46240230384019426
3rd-order coskewness tensor: 0.3299274319875608
4th-order cokurtosis tensor: 11.30964380423786
Number of qubits for asset DIS: 2
Number of qubits for asset HD: 1
Number of qubits for asset JNJ: 1
Number of qubits for asset JPM: 1
Number of qubits for asset WBA: 5
Number of qubits for asset WMT: 2
Total number of qubits:  12
Optimized Weights (considering variance, skewness and kurtosis):
DIS: 19.05%
HD: 3.04%
JNJ: 17.74%
JPM: 12.81%
WBA: 21.78%
WMT: 25.59%
Left over budget:  8.788350931641105
Optimized Discrete Allocation:
DIS: 1
WBA: 6
WMT: 1
Maximized utility from continuous higher moments:  -1840.9179823259183
Budget constraint satisfied 264.15155601501465 266.4683475494385 Difference:  2.316791534423828
Budget constraint not satisfied 273.4815559387207 266.4683475494385 Difference:  -7.013208389282227
smallest_eigenvalues: [-0.012291993885112297]
smallest_bitstrings: ['100101000000']
first_excited_energy: -0.012275966853535748
optimized_portfolio: [{'DIS': 1, 'HD': 0, 'JNJ': 1, 'JPM': 0, 'WBA': 1, 'WMT': 0}]
second_optimized_portfolio: [{'DIS': 1, 'HD': 0, 'JNJ': 1, 'JPM': 0, 'WBA': 2, 'WMT': 0}]
result_with_budget: [{'portfolio': {'DIS': 1, 'HD': 0, 'JNJ': 1, 'JPM': 0, 'WBA': 1, 'WMT': 0}, 'budget': 264.15155601501465, 'difference': 2.316791534423828, 'objective_value': -11.799255234772211}]
result_with_budget_excited: [{'portfolio': {'DIS': 1, 'HD': 0, 'JNJ': 1, 'JPM': 0, 'WBA': 2, 'WMT': 0}, 'budget': 273.4815559387207, 'difference': -7.013208389282227, 'objective_value': -33.184706738856114}]
Initial params:  [2.51063067 1.44978017 2.45210473 0.37157007 2.01037118 0.45035763
 2.96776493 1.63943485 1.3026989  0.83112597 2.43232687 1.43303853
 1.78578792 0.0590299  1.94035914 1.92295543 1.93815531 2.96487203
 2.14200164 1.12942738]
(6_w,12)-aCMA-ES (mu_w=3.7,w_1=40%) in dimension 20 (seed=234277, Sun Mar 16 11:21:19 2025)
Iterat #Fevals   function value  axis ratio  sigma  min&max std  t[m:s]
    1     12 9.069409698189572e-02 1.0e+00 1.41e+00  1e+00  1e+00 1:04.6
    2     24 4.390206357976009e-02 1.1e+00 1.29e+00  1e+00  1e+00 2:09.2
    3     36 8.263513317796026e-02 1.1e+00 1.21e+00  1e+00  1e+00 3:13.7
    4     48 8.045169239370456e-02 1.1e+00 1.20e+00  1e+00  1e+00 4:18.2
    5     60 5.940034348060168e-02 1.2e+00 1.15e+00  1e+00  1e+00 5:22.9
    6     72 5.809401003000333e-02 1.2e+00 1.19e+00  1e+00  1e+00 6:27.4
    7     84 7.228933690673015e-02 1.3e+00 1.29e+00  1e+00  1e+00 7:32.0
    8     96 1.031915366739184e-01 1.4e+00 1.37e+00  1e+00  2e+00 8:36.4
    9    108 9.283781327149264e-02 1.4e+00 1.46e+00  1e+00  2e+00 9:40.7
   10    120 7.518058670421589e-02 1.5e+00 1.48e+00  1e+00  2e+00 10:44.1
   11    132 1.026615265868239e-01 1.5e+00 1.49e+00  1e+00  2e+00 11:46.5
   12    144 9.239821948118393e-02 1.5e+00 1.48e+00  1e+00  2e+00 12:48.8
   13    156 4.802484279120437e-02 1.6e+00 1.44e+00  1e+00  2e+00 13:51.2
   14    168 4.160104519557887e-02 1.6e+00 1.43e+00  1e+00  2e+00 14:53.5
   15    180 1.506995187453535e-01 1.6e+00 1.45e+00  1e+00  2e+00 15:55.8
   16    192 9.655706699497427e-02 1.6e+00 1.44e+00  1e+00  2e+00 16:58.2
   17    204 4.374244719159551e-02 1.7e+00 1.42e+00  1e+00  2e+00 18:00.7
   18    216 7.381137782521992e-02 1.7e+00 1.40e+00  1e+00  2e+00 19:03.2
   19    228 3.493248690183614e-02 1.7e+00 1.35e+00  1e+00  2e+00 20:05.5
   20    240 6.196230103718391e-02 1.7e+00 1.37e+00  1e+00  2e+00 21:08.4
   21    252 1.497947949392048e-01 1.7e+00 1.43e+00  1e+00  2e+00 22:10.8
   22    264 1.299782813073339e-01 1.7e+00 1.48e+00  1e+00  2e+00 23:13.3
   23    276 1.138737497249208e-01 1.7e+00 1.54e+00  1e+00  2e+00 24:15.8
   24    288 6.602862658928414e-02 1.7e+00 1.52e+00  1e+00  2e+00 25:18.1
   25    300 5.504515022427675e-02 1.7e+00 1.49e+00  1e+00  2e+00 26:20.7
   26    312 8.590599642200389e-02 1.7e+00 1.51e+00  1e+00  2e+00 27:23.1
   27    324 1.068647529407080e-01 1.7e+00 1.54e+00  1e+00  2e+00 28:26.3
   28    336 7.649723739391562e-02 1.7e+00 1.57e+00  1e+00  2e+00 29:28.8
   29    348 4.928305114540481e-02 1.7e+00 1.62e+00  1e+00  2e+00 30:30.9
   30    360 5.863639085494263e-02 1.7e+00 1.70e+00  2e+00  2e+00 31:33.4
   31    372 2.863473357706600e-02 1.7e+00 1.70e+00  2e+00  2e+00 32:35.8
   32    384 6.162424703367546e-02 1.7e+00 1.68e+00  2e+00  2e+00 33:38.0
   33    396 8.177037332799476e-02 1.7e+00 1.67e+00  2e+00  2e+00 34:40.4
   34    408 4.178317737871300e-02 1.8e+00 1.71e+00  2e+00  2e+00 35:43.0
   35    420 1.439082175747742e-01 1.8e+00 1.73e+00  2e+00  2e+00 36:45.2
   36    432 4.568893936266442e-02 1.9e+00 1.74e+00  2e+00  2e+00 37:47.5
   37    444 7.240961426286462e-02 1.9e+00 1.76e+00  2e+00  2e+00 38:50.0
   38    456 4.858546952205316e-02 1.9e+00 1.71e+00  2e+00  2e+00 39:52.4
   39    468 8.632268972050738e-02 1.9e+00 1.66e+00  2e+00  2e+00 40:54.8
   40    480 3.556108438426876e-02 2.0e+00 1.65e+00  2e+00  2e+00 41:57.2
   41    492 9.114278767419226e-02 2.0e+00 1.62e+00  1e+00  2e+00 42:59.6
   42    504 4.676517665769847e-02 2.0e+00 1.59e+00  1e+00  2e+00 44:02.1
   43    516 4.225320416145792e-02 2.0e+00 1.55e+00  1e+00  2e+00 45:04.5
   44    528 1.401874205709764e-01 2.0e+00 1.58e+00  1e+00  2e+00 46:07.2
   45    540 8.401495382699114e-03 2.0e+00 1.56e+00  1e+00  2e+00 47:09.8
   46    552 7.778775795703226e-02 2.0e+00 1.51e+00  1e+00  2e+00 48:12.2
   47    564 5.327056104412919e-02 2.0e+00 1.47e+00  1e+00  2e+00 49:14.4
   48    576 2.885659576100668e-02 2.0e+00 1.46e+00  1e+00  2e+00 50:17.0
   49    588 9.668156059791193e-02 2.1e+00 1.48e+00  1e+00  2e+00 51:19.6
   50    600 5.199003641821367e-02 2.1e+00 1.60e+00  1e+00  2e+00 52:22.0
   51    612 6.936946249579218e-02 2.2e+00 1.73e+00  2e+00  2e+00 53:24.2
   52    624 7.460392255617920e-02 2.2e+00 1.85e+00  2e+00  2e+00 54:26.4
   53    636 6.473753357899867e-02 2.2e+00 1.93e+00  2e+00  2e+00 55:28.9
   54    648 4.497838781300353e-02 2.3e+00 2.03e+00  2e+00  2e+00 56:31.4
   55    660 1.042937807748929e-01 2.3e+00 2.05e+00  2e+00  2e+00 57:34.0
   56    672 8.235616495674440e-02 2.3e+00 2.04e+00  2e+00  2e+00 58:36.5
   57    684 5.539847863466057e-02 2.3e+00 2.09e+00  2e+00  2e+00 59:38.9
   58    696 1.237321161128127e-01 2.4e+00 2.18e+00  2e+00  2e+00 60:41.5
   59    708 1.213069423008957e-01 2.4e+00 2.18e+00  2e+00  2e+00 61:44.0
   60    720 1.064488316975555e-01 2.4e+00 2.19e+00  2e+00  2e+00 62:46.5
   61    732 6.125708251194181e-02 2.4e+00 2.12e+00  2e+00  2e+00 63:49.2
   62    744 7.262142764410737e-02 2.5e+00 2.04e+00  2e+00  2e+00 64:52.1
   63    756 1.084792160539959e-01 2.5e+00 2.06e+00  2e+00  2e+00 65:54.4
   65    780 1.165724299367086e-01 2.6e+00 2.18e+00  2e+00  2e+00 67:58.8
   67    804 3.220049246041225e-02 2.6e+00 2.14e+00  2e+00  2e+00 70:03.3
   69    828 9.559201319315536e-02 2.6e+00 2.12e+00  2e+00  2e+00 72:08.3
   71    852 8.665908648394965e-02 2.6e+00 2.06e+00  2e+00  2e+00 74:12.9
   73    876 9.544248895291858e-02 2.7e+00 1.91e+00  2e+00  2e+00 76:17.5
   75    900 8.582103893997418e-02 2.7e+00 1.88e+00  2e+00  2e+00 78:22.0
   77    924 5.210651391871657e-02 2.7e+00 1.79e+00  2e+00  2e+00 80:26.5
   79    948 1.056407537578044e-01 2.7e+00 1.57e+00  1e+00  2e+00 82:30.8
   81    972 1.231742028642513e-01 2.7e+00 1.47e+00  1e+00  2e+00 84:35.3
   83    996 9.949261182242576e-02 2.8e+00 1.31e+00  1e+00  1e+00 86:39.9
   85   1020 7.229722105259868e-02 2.8e+00 1.30e+00  1e+00  1e+00 88:44.4
   87   1044 9.128191709977644e-02 2.8e+00 1.24e+00  1e+00  1e+00 90:49.2
   89   1068 8.307027376957744e-02 2.8e+00 1.23e+00  1e+00  1e+00 92:54.0
   91   1092 5.093464838534649e-02 2.8e+00 1.18e+00  1e+00  1e+00 94:58.9
   93   1116 4.750815193608875e-02 2.8e+00 1.12e+00  9e-01  1e+00 97:03.3
   95   1140 8.249017798085331e-02 2.8e+00 1.11e+00  9e-01  1e+00 99:08.1
   97   1164 7.692319231379886e-02 2.8e+00 1.18e+00  1e+00  1e+00 101:13.1
   99   1188 7.093206439425746e-02 2.9e+00 1.29e+00  1e+00  2e+00 103:17.5
  100   1200 1.144772814323776e-01 2.9e+00 1.31e+00  1e+00  2e+00 104:19.8
  102   1224 9.906983684271733e-02 2.9e+00 1.36e+00  1e+00  2e+00 106:24.4
  104   1248 4.695829835885486e-02 2.9e+00 1.49e+00  1e+00  2e+00 108:28.8
  106   1272 1.153438684874854e-01 2.9e+00 1.53e+00  1e+00  2e+00 110:33.2
  108   1296 8.812503688675868e-02 3.0e+00 1.47e+00  1e+00  2e+00 112:38.0
  110   1320 4.770893607903159e-02 3.0e+00 1.44e+00  1e+00  2e+00 114:42.8
  112   1344 6.980387825723243e-02 3.0e+00 1.45e+00  1e+00  2e+00 116:47.7
  114   1368 6.609776086313725e-02 3.0e+00 1.49e+00  1e+00  2e+00 118:52.5
  116   1392 4.476850626422791e-02 3.0e+00 1.49e+00  1e+00  2e+00 120:57.8
  118   1416 1.183204804615147e-01 3.0e+00 1.56e+00  1e+00  2e+00 123:02.8
  120   1440 1.082393347872009e-01 3.0e+00 1.58e+00  1e+00  2e+00 125:07.9
  122   1464 7.097342525135591e-02 3.1e+00 1.55e+00  1e+00  2e+00 127:13.3
  124   1488 6.030730583655294e-02 3.1e+00 1.49e+00  1e+00  2e+00 129:18.2
  126   1512 5.533292884419675e-02 3.0e+00 1.45e+00  1e+00  2e+00 131:23.0
  128   1536 9.700335553488629e-02 3.0e+00 1.49e+00  1e+00  2e+00 133:27.8
  130   1560 6.618040236849843e-02 3.0e+00 1.53e+00  1e+00  2e+00 135:32.3
  132   1584 8.067770740657189e-02 3.1e+00 1.61e+00  1e+00  2e+00 137:37.2
  134   1608 1.052848708127419e-01 3.2e+00 1.66e+00  1e+00  2e+00 139:41.7
  136   1632 9.458902292097647e-02 3.2e+00 1.69e+00  1e+00  2e+00 141:46.7
  138   1656 9.143385150571270e-02 3.3e+00 1.76e+00  1e+00  2e+00 143:51.4
  140   1680 7.703627999402206e-02 3.3e+00 1.93e+00  2e+00  2e+00 145:56.0
  142   1704 8.918749062563766e-02 3.5e+00 2.10e+00  2e+00  3e+00 148:01.2
  144   1728 1.680258376006350e-01 3.6e+00 2.20e+00  2e+00  3e+00 150:06.0
  146   1752 8.975597066257182e-02 3.6e+00 2.12e+00  2e+00  3e+00 152:10.8
  148   1776 1.423855129172670e-01 3.6e+00 2.01e+00  2e+00  3e+00 154:15.6
  150   1800 8.939788622049363e-02 3.6e+00 1.95e+00  2e+00  3e+00 156:20.1
  152   1824 9.718687710816226e-02 3.6e+00 1.95e+00  2e+00  3e+00 158:24.9
  154   1848 1.162820844198129e-01 3.6e+00 2.04e+00  2e+00  3e+00 160:29.4
  156   1872 1.292543473922003e-01 3.6e+00 2.13e+00  2e+00  3e+00 162:34.2
  158   1896 1.431063925941820e-01 3.7e+00 2.12e+00  2e+00  3e+00 164:39.2
  160   1920 9.883328602609655e-02 3.7e+00 2.03e+00  2e+00  3e+00 166:43.8
  162   1944 9.795432786283030e-02 3.7e+00 1.93e+00  2e+00  3e+00 168:48.7
  164   1968 1.124004746705158e-01 3.8e+00 1.75e+00  1e+00  2e+00 170:53.5
  166   1992 1.262438325933570e-01 3.8e+00 1.63e+00  1e+00  2e+00 172:58.6
  168   2016 1.079517541632243e-01 3.7e+00 1.54e+00  1e+00  2e+00 175:03.4
  170   2040 1.007834752860200e-01 3.8e+00 1.44e+00  1e+00  2e+00 177:08.0
  172   2064 3.803552607963523e-02 3.7e+00 1.42e+00  1e+00  2e+00 179:12.4
  174   2088 1.520170912315195e-01 3.7e+00 1.39e+00  1e+00  2e+00 181:16.9
  176   2112 9.837388648804368e-02 3.7e+00 1.34e+00  1e+00  2e+00 183:21.9
  178   2136 7.382345145600563e-02 3.8e+00 1.27e+00  1e+00  2e+00 185:27.0
  180   2160 1.061670445470572e-01 3.7e+00 1.17e+00  9e-01  2e+00 187:31.8
  182   2184 8.440525886319050e-02 3.7e+00 1.06e+00  8e-01  1e+00 189:36.7
  184   2208 6.173393453103064e-02 3.7e+00 1.03e+00  8e-01  1e+00 191:41.4
  186   2232 6.963841673828992e-02 3.7e+00 1.11e+00  9e-01  1e+00 193:46.2
  188   2256 1.024163519630551e-01 3.8e+00 1.03e+00  8e-01  1e+00 195:51.2
  191   2292 1.234993727053893e-01 3.8e+00 9.97e-01  8e-01  1e+00 198:59.0
  194   2328 9.845545073193405e-02 3.9e+00 1.02e+00  8e-01  1e+00 202:06.4
  197   2364 8.114485919583771e-02 4.1e+00 1.17e+00  9e-01  2e+00 205:14.3
  200   2400 8.901706101634650e-02 4.2e+00 1.26e+00  1e+00  2e+00 208:21.8
  203   2436 1.308421862851375e-01 4.2e+00 1.25e+00  9e-01  2e+00 211:29.4
  206   2472 1.233520875461592e-01 4.2e+00 1.23e+00  9e-01  2e+00 214:37.3
  209   2508 7.965682853186018e-02 4.3e+00 1.39e+00  1e+00  2e+00 217:45.0
  212   2544 1.145331592153152e-01 4.4e+00 1.40e+00  1e+00  2e+00 220:53.8
  215   2580 2.805559709868828e-02 4.4e+00 1.59e+00  1e+00  2e+00 224:00.9
  218   2616 1.054719964023107e-01 4.4e+00 1.60e+00  1e+00  2e+00 227:08.7
  221   2652 1.407013651404630e-01 4.5e+00 1.57e+00  1e+00  2e+00 230:15.8
  224   2688 6.971295838613131e-02 4.5e+00 1.55e+00  1e+00  2e+00 233:23.3
  227   2724 9.642034636069098e-02 4.5e+00 1.61e+00  1e+00  2e+00 236:30.8
  230   2760 1.289336089845652e-01 4.5e+00 1.66e+00  1e+00  2e+00 239:38.0
  233   2796 1.291289621484877e-01 4.5e+00 1.64e+00  1e+00  2e+00 242:45.3
  236   2832 1.577769453395109e-01 4.4e+00 1.50e+00  1e+00  2e+00 245:52.6
  239   2868 9.049765938274337e-02 4.4e+00 1.32e+00  1e+00  2e+00 248:59.8
  242   2904 1.285596803605864e-01 4.6e+00 1.39e+00  1e+00  2e+00 252:07.4
  245   2940 1.046996486182356e-01 4.8e+00 1.51e+00  1e+00  2e+00 255:14.5
  248   2976 1.252849746635021e-01 5.0e+00 1.52e+00  1e+00  2e+00 258:22.2
  251   3012 1.370704295429805e-01 4.9e+00 1.57e+00  1e+00  2e+00 261:29.2
  254   3048 1.328853977424871e-01 5.0e+00 1.66e+00  1e+00  2e+00 264:36.3
  257   3084 8.802466914957630e-02 5.2e+00 1.55e+00  1e+00  2e+00 267:43.7
  260   3120 9.732340443883498e-02 5.2e+00 1.52e+00  1e+00  2e+00 270:50.9
  263   3156 1.291933020417497e-01 5.3e+00 1.48e+00  1e+00  2e+00 274:01.2
  266   3192 1.493174319615462e-01 5.3e+00 1.34e+00  1e+00  2e+00 277:08.1
  269   3228 1.024459039486753e-01 5.4e+00 1.21e+00  1e+00  2e+00 280:15.6
  272   3264 1.165409019574205e-01 5.4e+00 1.17e+00  9e-01  2e+00 283:23.1
  275   3300 7.660804332887629e-02 5.4e+00 1.14e+00  9e-01  2e+00 286:30.6
  278   3336 8.242230783929264e-02 5.6e+00 1.17e+00  9e-01  2e+00 289:38.1
  281   3372 1.314796211032940e-01 5.8e+00 1.12e+00  9e-01  2e+00 292:45.8
  284   3408 9.256392386480679e-02 5.9e+00 1.07e+00  8e-01  2e+00 295:53.7
  287   3444 1.277412128627524e-01 6.0e+00 1.26e+00  1e+00  2e+00 299:01.4
  290   3480 1.300325559366884e-01 6.0e+00 1.42e+00  1e+00  2e+00 302:10.5
  293   3516 1.118963467739149e-01 6.1e+00 1.51e+00  1e+00  3e+00 305:17.6
  296   3552 1.312065606360800e-01 6.1e+00 1.65e+00  1e+00  3e+00 308:25.1
  299   3588 8.117411886878077e-02 6.1e+00 1.66e+00  1e+00  3e+00 311:32.0
  300   3600 1.472504821918177e-01 6.1e+00 1.66e+00  1e+00  3e+00 312:34.3
  303   3636 9.543999052688695e-02 6.0e+00 1.66e+00  1e+00  3e+00 315:41.4
  306   3672 9.344913404057083e-02 6.0e+00 1.66e+00  1e+00  3e+00 318:50.0
  309   3708 1.103908996565731e-01 5.9e+00 1.58e+00  1e+00  3e+00 321:58.4
  312   3744 9.057596721220820e-02 6.0e+00 1.59e+00  1e+00  3e+00 325:05.7
  315   3780 1.112433852324795e-01 6.1e+00 1.54e+00  1e+00  2e+00 328:12.6
  318   3816 1.273194662740752e-01 6.1e+00 1.47e+00  1e+00  2e+00 331:19.5
  321   3852 1.065440933609739e-01 6.3e+00 1.39e+00  1e+00  2e+00 334:26.7
  324   3888 9.025500311433408e-02 6.4e+00 1.37e+00  1e+00  2e+00 337:34.3
  327   3924 6.802862964128298e-02 6.5e+00 1.36e+00  1e+00  2e+00 340:41.2
  330   3960 7.978678391731772e-02 6.6e+00 1.29e+00  1e+00  2e+00 343:48.4
  333   3996 8.095738729878289e-02 6.7e+00 1.18e+00  9e-01  2e+00 346:57.7
  336   4032 1.142810161202116e-01 6.7e+00 1.02e+00  7e-01  2e+00 350:05.4
  339   4068 1.227547005594453e-01 6.7e+00 9.56e-01  7e-01  2e+00 353:13.5
  342   4104 8.486996109539026e-02 6.8e+00 1.09e+00  8e-01  2e+00 356:21.0
  345   4140 1.136303974183205e-01 6.9e+00 1.21e+00  9e-01  2e+00 359:28.3
  348   4176 9.891065151451679e-02 7.0e+00 1.17e+00  8e-01  2e+00 362:36.1
  351   4212 1.158398390207018e-01 7.2e+00 1.10e+00  8e-01  2e+00 365:43.8
  354   4248 8.461351792026431e-02 7.3e+00 9.54e-01  7e-01  2e+00 368:50.9
  357   4284 8.469635937982228e-02 7.3e+00 8.91e-01  6e-01  1e+00 371:58.5
  360   4320 8.491827961500366e-02 7.2e+00 8.63e-01  6e-01  1e+00 375:05.7
  363   4356 1.281304282768504e-01 7.3e+00 7.82e-01  6e-01  1e+00 378:13.1
  366   4392 1.088785474828329e-01 7.5e+00 7.57e-01  5e-01  1e+00 381:20.4
  369   4428 1.067571116360061e-01 7.7e+00 7.54e-01  6e-01  1e+00 384:27.8
  372   4464 7.493029111760095e-02 7.8e+00 7.64e-01  6e-01  1e+00 387:35.3
  376   4512 1.075885711321932e-01 7.8e+00 7.51e-01  6e-01  1e+00 391:45.3
  380   4560 6.895919769002698e-02 8.1e+00 7.09e-01  5e-01  1e+00 395:55.3
  384   4608 1.002367353458495e-01 8.2e+00 6.57e-01  5e-01  1e+00 400:05.6
  388   4656 1.063538455644640e-01 8.4e+00 6.29e-01  4e-01  1e+00 404:15.7
  392   4704 7.809175673151683e-02 8.6e+00 6.09e-01  4e-01  1e+00 408:25.6
  396   4752 1.179865314551226e-01 8.7e+00 6.41e-01  4e-01  1e+00 412:35.2
  400   4800 1.566559750581046e-01 8.7e+00 6.29e-01  4e-01  1e+00 416:44.9
  404   4848 1.153351018178511e-01 8.8e+00 6.15e-01  4e-01  1e+00 420:54.8
  408   4896 8.385447955385472e-02 8.8e+00 6.32e-01  4e-01  1e+00 425:04.5
  412   4944 1.380262928387624e-01 9.0e+00 6.55e-01  4e-01  1e+00 429:14.3
  416   4992 9.114205131212676e-02 8.9e+00 6.57e-01  5e-01  1e+00 433:24.3
  420   5040 1.277206969814874e-01 9.1e+00 7.23e-01  5e-01  1e+00 437:34.5
  424   5088 1.172494036218275e-01 9.2e+00 8.19e-01  5e-01  1e+00 441:45.1
  428   5136 9.957719643792864e-02 9.4e+00 7.77e-01  5e-01  1e+00 445:55.3
  432   5184 1.400796555430998e-01 1.0e+01 8.17e-01  5e-01  2e+00 450:05.5
  436   5232 8.747766939185912e-02 1.0e+01 8.53e-01  6e-01  2e+00 454:15.3
  440   5280 1.268951757961719e-01 1.0e+01 8.11e-01  5e-01  2e+00 458:24.3
  444   5328 1.294096318650046e-01 1.1e+01 7.16e-01  5e-01  1e+00 462:33.5
  448   5376 1.242611954083805e-01 1.1e+01 8.74e-01  6e-01  2e+00 466:43.2
  452   5424 9.361148060396950e-02 1.1e+01 8.76e-01  6e-01  2e+00 470:52.6
  456   5472 9.399535242134603e-02 1.1e+01 8.83e-01  6e-01  2e+00 475:01.4
  460   5520 1.178884519072753e-01 1.1e+01 9.89e-01  6e-01  2e+00 479:10.4
  464   5568 1.364495817152116e-01 1.1e+01 9.97e-01  6e-01  2e+00 483:19.5
  468   5616 1.047151663354360e-01 1.2e+01 1.08e+00  7e-01  2e+00 487:29.4
  472   5664 1.616078768954710e-01 1.2e+01 1.05e+00  7e-01  2e+00 491:39.3
  476   5712 1.220155860770971e-01 1.2e+01 9.89e-01  7e-01  2e+00 495:48.6
  480   5760 8.750724163944390e-02 1.2e+01 9.57e-01  6e-01  2e+00 499:58.5
  484   5808 9.511019525237144e-02 1.2e+01 9.99e-01  7e-01  2e+00 504:07.7
  488   5856 9.405501283031865e-02 1.1e+01 1.12e+00  7e-01  2e+00 508:17.2
  492   5904 1.281327712788850e-01 1.1e+01 1.14e+00  7e-01  2e+00 512:26.7
  496   5952 1.246285222316845e-01 1.2e+01 1.16e+00  7e-01  2e+00 516:36.4
  500   6000 1.245221667900288e-01 1.2e+01 1.07e+00  7e-01  2e+00 520:45.7
  504   6048 7.360576827855556e-02 1.2e+01 9.59e-01  6e-01  2e+00 524:54.9
  508   6096 1.066710270517051e-01 1.3e+01 9.15e-01  6e-01  2e+00 529:07.8
  512   6144 7.426480127365083e-02 1.3e+01 8.89e-01  6e-01  2e+00 533:17.6
  516   6192 8.453128809213259e-02 1.3e+01 8.97e-01  6e-01  2e+00 537:27.1
  520   6240 1.423648909989322e-01 1.3e+01 9.17e-01  6e-01  2e+00 541:36.6
  524   6288 9.109660038615990e-02 1.3e+01 9.71e-01  6e-01  2e+00 545:46.4
  528   6336 9.309658380510616e-02 1.3e+01 9.96e-01  6e-01  2e+00 549:56.1
  532   6384 8.580587984074199e-02 1.3e+01 1.17e+00  7e-01  3e+00 554:05.5
  536   6432 1.438531312540337e-01 1.4e+01 1.32e+00  8e-01  3e+00 558:14.7
  540   6480 1.207309268127055e-01 1.4e+01 1.37e+00  9e-01  3e+00 562:23.6
  544   6528 7.938698527128685e-02 1.4e+01 1.32e+00  8e-01  3e+00 566:32.8
  548   6576 1.443963564398273e-01 1.4e+01 1.34e+00  8e-01  3e+00 570:42.1
  552   6624 7.227453427302424e-02 1.4e+01 1.31e+00  8e-01  3e+00 574:52.1
  556   6672 1.056419336747147e-01 1.4e+01 1.26e+00  8e-01  3e+00 579:02.1
  560   6720 6.715566710566906e-02 1.4e+01 1.30e+00  8e-01  3e+00 583:11.1
  564   6768 7.084036810997635e-02 1.4e+01 1.50e+00  9e-01  3e+00 587:20.8
  568   6816 5.310357906793392e-02 1.4e+01 1.86e+00  1e+00  4e+00 591:30.6
  572   6864 9.291934821668232e-02 1.4e+01 2.04e+00  1e+00  5e+00 595:40.0
  576   6912 1.141651595726895e-01 1.4e+01 2.07e+00  1e+00  5e+00 599:49.5
  580   6960 8.449052507235483e-02 1.5e+01 2.00e+00  1e+00  4e+00 603:59.1
  584   7008 6.288681851216789e-02 1.5e+01 1.59e+00  9e-01  4e+00 608:09.1
  588   7056 9.444702032457625e-02 1.5e+01 1.41e+00  8e-01  3e+00 612:19.2
  592   7104 8.313023226641447e-02 1.5e+01 1.35e+00  8e-01  3e+00 616:28.6
  596   7152 7.553512557796414e-02 1.4e+01 1.14e+00  6e-01  3e+00 620:37.9
  600   7200 1.543905126520208e-01 1.4e+01 1.18e+00  7e-01  3e+00 624:47.3
  604   7248 1.210763260016453e-01 1.4e+01 1.22e+00  7e-01  3e+00 628:56.9
  608   7296 7.938344110732429e-02 1.5e+01 1.39e+00  8e-01  3e+00 633:06.8
  612   7344 1.506146490553588e-01 1.5e+01 1.52e+00  9e-01  3e+00 637:16.7
  616   7392 9.937396829966692e-02 1.6e+01 1.49e+00  9e-01  3e+00 641:26.3
  620   7440 1.432427336978065e-01 1.6e+01 1.52e+00  9e-01  4e+00 645:35.9
  625   7500 1.244570031882531e-01 1.6e+01 1.58e+00  1e+00  4e+00 650:48.0
  630   7560 9.445455817267204e-02 1.6e+01 1.47e+00  9e-01  3e+00 656:00.7
  635   7620 9.506026977345966e-02 1.7e+01 1.35e+00  8e-01  3e+00 661:12.6
  640   7680 1.403190373742642e-01 1.7e+01 1.28e+00  8e-01  3e+00 666:24.4
  645   7740 6.958375003690905e-02 1.7e+01 1.18e+00  7e-01  3e+00 671:36.4
  650   7800 1.105419911078494e-01 1.7e+01 9.27e-01  6e-01  2e+00 676:48.7
  655   7860 9.700377678999690e-02 1.7e+01 7.35e-01  4e-01  2e+00 682:00.8
  660   7920 1.487491158186159e-01 1.8e+01 6.66e-01  4e-01  2e+00 687:12.7
  665   7980 1.282034329504711e-01 1.9e+01 7.35e-01  4e-01  2e+00 692:24.9
  670   8040 1.286199984401666e-01 2.0e+01 7.86e-01  5e-01  2e+00 697:37.4
  675   8100 8.155768039245831e-02 2.0e+01 7.39e-01  4e-01  2e+00 702:49.6
  680   8160 7.050706334963197e-02 2.0e+01 7.58e-01  4e-01  2e+00 708:01.2
  685   8220 1.339647026662749e-01 2.1e+01 7.20e-01  4e-01  2e+00 713:13.2
  690   8280 1.384402817318509e-01 2.1e+01 6.23e-01  3e-01  2e+00 718:25.9
  695   8340 1.240858120025920e-01 2.2e+01 6.56e-01  4e-01  2e+00 723:38.7
  700   8400 9.671783132483099e-02 2.2e+01 7.55e-01  4e-01  2e+00 728:50.9
  705   8460 6.927883196647555e-02 2.2e+01 9.70e-01  6e-01  3e+00 734:02.6
  710   8520 9.823389704749536e-02 2.2e+01 9.87e-01  7e-01  3e+00 739:14.5
  715   8580 1.577209030260140e-01 2.2e+01 1.17e+00  8e-01  3e+00 744:26.8
  720   8640 8.302872983854123e-02 2.1e+01 1.12e+00  8e-01  3e+00 749:39.1
  725   8700 1.708778310241546e-01 2.1e+01 1.03e+00  7e-01  3e+00 754:51.0
  730   8760 8.200335245811828e-02 2.2e+01 1.17e+00  8e-01  3e+00 760:03.3
  735   8820 1.061394714729789e-01 2.2e+01 1.20e+00  8e-01  3e+00 765:15.4
  740   8880 9.084078506899884e-02 2.2e+01 1.20e+00  8e-01  3e+00 770:27.5
  745   8940 1.280172607443558e-01 2.3e+01 1.39e+00  9e-01  4e+00 775:41.6
  750   9000 1.012390082117508e-01 2.3e+01 1.52e+00  1e+00  4e+00 780:54.2
  755   9060 7.983605054224728e-02 2.2e+01 1.65e+00  1e+00  4e+00 786:07.0
  760   9120 7.714142992190504e-02 2.4e+01 1.78e+00  1e+00  5e+00 791:20.0
  765   9180 9.851009539141309e-02 2.4e+01 1.68e+00  1e+00  4e+00 796:32.6
  770   9240 8.403857911847859e-02 2.5e+01 1.49e+00  1e+00  4e+00 801:45.7
  775   9300 1.231349812112284e-01 2.4e+01 1.56e+00  1e+00  4e+00 806:59.1
  780   9360 1.050801459885552e-01 2.4e+01 1.70e+00  1e+00  4e+00 812:12.4
  785   9420 1.141773577196886e-01 2.5e+01 1.64e+00  1e+00  4e+00 817:26.8
Budget constraint satisfied 90.3499984741211 266.4683475494385 Difference:  176.11834907531738
Budget constraint satisfied 0.0 266.4683475494385 Difference:  266.4683475494385
two_most_probable_states: ['000000000010', '000000000000']
final_expectation_value: 0.008401495382699114
params: [0.6681605809761493, -2.2367772000942576, -1.8789440031237639, 5.032158764037238, -1.3314194480047543, -1.5231280540566925, -4.933080769749511, 4.155059753495501, 0.011840832928440959, -1.6788157699679482, 6.389430099746435, -3.156934141477346, -1.5850576992655212, 6.4130341831751085, -5.239759500737552, 9.096104153339596, -1.3817788939842623, 8.250128097256306, 3.340061017561128, -2.548591382293896]
total_steps: 785
states_probs: [0.030833866219020022, 0.04785041827700585]
optimized_portfolios: [{'DIS': 0, 'HD': 0, 'JNJ': 0, 'JPM': 0, 'WBA': 0, 'WMT': 1}, {'DIS': 0, 'HD': 0, 'JNJ': 0, 'JPM': 0, 'WBA': 0, 'WMT': 0}]
objective_values: [-3.2278642889508378, -0.0]
result_with_budget: [{'portfolio': {'DIS': 0, 'HD': 0, 'JNJ': 0, 'JPM': 0, 'WBA': 0, 'WMT': 1}, 'budget': 90.3499984741211, 'difference': 176.11834907531738}, {'portfolio': {'DIS': 0, 'HD': 0, 'JNJ': 0, 'JPM': 0, 'WBA': 0, 'WMT': 0}, 'budget': 0.0, 'difference': 266.4683475494385}]
Processing experiment 347
Budget: 417.28797149658203
Expected returns: 0.27413980511955544
Covariance matrix: 0.5044717431398431
3rd-order coskewness tensor: -0.0030543673300016416
4th-order cokurtosis tensor: 5.303614554020934
Number of qubits for asset AAPL: 1
Number of qubits for asset CRM: 1
Number of qubits for asset CSCO: 3
Number of qubits for asset CVX: 2
Number of qubits for asset NKE: 3
Number of qubits for asset TRV: 1
Total number of qubits:  11
Optimized Weights (considering variance, skewness and kurtosis):
AAPL: 19.13%
CRM: 30.07%
CSCO: 13.09%
CVX: 13.22%
NKE: 21.40%
TRV: 3.10%
Left over budget:  33.05474090179399
Optimized Discrete Allocation:
AAPL: 1
CSCO: 1
NKE: 1
Maximized utility from continuous higher moments:  -28.25617359449866
Budget constraint satisfied 409.6189193725586 417.28797149658203 Difference:  7.6690521240234375
Budget constraint satisfied 400.72283935546875 417.28797149658203 Difference:  16.56513214111328
smallest_eigenvalues: [-0.05599039888105871]
smallest_bitstrings: ['01000001000']
first_excited_energy: -0.05588307410670877
optimized_portfolio: [{'AAPL': 0, 'CRM': 1, 'CSCO': 0, 'CVX': 0, 'NKE': 1, 'TRV': 0}]
second_optimized_portfolio: [{'AAPL': 1, 'CRM': 0, 'CSCO': 0, 'CVX': 0, 'NKE': 2, 'TRV': 0}]
result_with_budget: [{'portfolio': {'AAPL': 0, 'CRM': 1, 'CSCO': 0, 'CVX': 0, 'NKE': 1, 'TRV': 0}, 'budget': 409.6189193725586, 'difference': 7.6690521240234375, 'objective_value': -8.096656551541606}]
result_with_budget_excited: [{'portfolio': {'AAPL': 1, 'CRM': 0, 'CSCO': 0, 'CVX': 0, 'NKE': 2, 'TRV': 0}, 'budget': 400.72283935546875, 'difference': 16.56513214111328, 'objective_value': -52.61787029529943}]
Initial params:  [1.69689883 0.13527809 0.62536869 1.391245   1.94130412 2.09005194
 1.79416287 2.92842287 1.63556935 2.12734945 1.36117434 2.43904322
 1.28992307 0.57502147 0.15961339 2.34922768 0.63627359 2.74746862
 0.89877476 1.48880631]
(6_w,12)-aCMA-ES (mu_w=3.7,w_1=40%) in dimension 20 (seed=218140, Mon Mar 17 00:59:40 2025)
Iterat #Fevals   function value  axis ratio  sigma  min&max std  t[m:s]
    1     12 -3.253865942430877e-02 1.0e+00 1.45e+00  1e+00  1e+00 0:42.1
    2     24 -1.866350408850018e-02 1.1e+00 1.41e+00  1e+00  1e+00 1:23.9
    3     36 -2.658579734365939e-02 1.1e+00 1.42e+00  1e+00  1e+00 2:05.7
    4     48 -3.629712548934514e-02 1.2e+00 1.47e+00  1e+00  1e+00 2:47.4
    5     60 -2.648209654171097e-02 1.2e+00 1.47e+00  1e+00  1e+00 3:29.3
    6     72 -2.207997273447911e-02 1.3e+00 1.49e+00  1e+00  2e+00 4:11.1
    7     84 -5.388586937128861e-04 1.3e+00 1.47e+00  1e+00  2e+00 4:53.1
    8     96 -2.324655844628216e-02 1.4e+00 1.52e+00  1e+00  2e+00 5:34.8
    9    108 3.758073696944616e-03 1.4e+00 1.54e+00  1e+00  2e+00 6:16.4
   10    120 -2.932395366172912e-02 1.4e+00 1.57e+00  2e+00  2e+00 6:58.1
   11    132 -1.139681548470094e-02 1.5e+00 1.56e+00  1e+00  2e+00 7:39.8
   12    144 -3.813451528382329e-02 1.5e+00 1.54e+00  1e+00  2e+00 8:21.5
   13    156 -2.766130338338691e-02 1.5e+00 1.52e+00  1e+00  2e+00 9:03.1
   14    168 -1.961675645904189e-02 1.5e+00 1.46e+00  1e+00  2e+00 9:44.6
   15    180 -1.280078680960547e-02 1.6e+00 1.47e+00  1e+00  2e+00 10:26.1
   16    192 -2.554142953677379e-02 1.6e+00 1.53e+00  1e+00  2e+00 11:07.9
   17    204 -2.527231614255982e-02 1.6e+00 1.53e+00  1e+00  2e+00 11:49.6
   18    216 5.444351725318424e-02 1.6e+00 1.52e+00  1e+00  2e+00 12:31.5
   19    228 -7.299345754543759e-03 1.6e+00 1.52e+00  1e+00  2e+00 13:13.0
   20    240 3.511729382677524e-02 1.6e+00 1.57e+00  1e+00  2e+00 13:54.7
   21    252 -3.409818873169638e-02 1.6e+00 1.61e+00  2e+00  2e+00 14:36.3
   22    264 -8.031158087149168e-03 1.6e+00 1.65e+00  2e+00  2e+00 15:18.1
   23    276 -3.742300772323771e-02 1.6e+00 1.62e+00  2e+00  2e+00 15:59.8
   24    288 -1.969214581578291e-03 1.6e+00 1.63e+00  2e+00  2e+00 16:41.4
   25    300 -4.030931177251525e-03 1.6e+00 1.66e+00  2e+00  2e+00 17:23.1
   26    312 -1.277672859173620e-02 1.7e+00 1.66e+00  2e+00  2e+00 18:04.7
   27    324 -2.071113684127387e-02 1.7e+00 1.68e+00  2e+00  2e+00 18:46.4
   28    336 -3.002872530947024e-03 1.7e+00 1.62e+00  1e+00  2e+00 19:28.1
   29    348 1.009818156255279e-02 1.7e+00 1.56e+00  1e+00  2e+00 20:09.9
   30    360 -3.883382956714799e-03 1.7e+00 1.54e+00  1e+00  2e+00 20:51.5
   31    372 -3.370105120250689e-02 1.7e+00 1.52e+00  1e+00  2e+00 21:33.1
   32    384 -3.127806019126930e-02 1.7e+00 1.49e+00  1e+00  2e+00 22:14.3
   33    396 6.680764744817265e-02 1.8e+00 1.47e+00  1e+00  2e+00 22:58.7
   34    408 -2.032428357157720e-02 1.8e+00 1.48e+00  1e+00  2e+00 23:40.1
   35    420 1.574718976000868e-02 1.8e+00 1.52e+00  1e+00  2e+00 24:21.3
   36    432 -1.114901059319074e-02 1.8e+00 1.51e+00  1e+00  2e+00 25:02.4
   37    444 -1.673785256899191e-02 1.8e+00 1.48e+00  1e+00  2e+00 25:43.6
   38    456 -1.002242437869922e-02 1.8e+00 1.48e+00  1e+00  2e+00 26:24.6
   39    468 -3.887693248016434e-02 1.9e+00 1.46e+00  1e+00  2e+00 27:05.9
   40    480 -3.796483465685219e-02 1.9e+00 1.38e+00  1e+00  2e+00 27:47.4
   41    492 -2.867235760515292e-02 1.9e+00 1.28e+00  1e+00  1e+00 28:28.5
   42    504 -2.112530044808414e-02 1.9e+00 1.26e+00  1e+00  1e+00 29:12.3
   44    528 -1.735533931913366e-02 2.0e+00 1.26e+00  1e+00  1e+00 30:35.1
   46    552 -2.427252774237191e-02 2.0e+00 1.22e+00  1e+00  1e+00 31:57.7
   48    576 -3.555834987822570e-02 2.0e+00 1.13e+00  1e+00  1e+00 33:20.2
   50    600 -3.520230905472174e-02 2.0e+00 1.02e+00  9e-01  1e+00 34:42.8
   52    624 -3.319604823594729e-02 2.0e+00 9.64e-01  9e-01  1e+00 36:05.2
   54    648 2.367903122461837e-02 2.0e+00 9.46e-01  8e-01  1e+00 37:27.6
   56    672 -2.522065895335593e-02 2.1e+00 1.00e+00  9e-01  1e+00 38:50.2
   58    696 -1.676859664071719e-02 2.1e+00 1.04e+00  9e-01  1e+00 40:15.1
   60    720 -2.746619264753395e-02 2.1e+00 1.07e+00  9e-01  1e+00 41:38.0
   62    744 -3.028788785241284e-02 2.1e+00 1.12e+00  1e+00  1e+00 43:00.5
   64    768 -8.513759034027953e-03 2.1e+00 1.19e+00  1e+00  1e+00 44:25.8
   66    792 -1.932011375036611e-02 2.1e+00 1.23e+00  1e+00  1e+00 45:48.5
   68    816 -2.816758677948302e-02 2.2e+00 1.28e+00  1e+00  1e+00 47:11.1
   70    840 -2.123025794132864e-02 2.2e+00 1.26e+00  1e+00  1e+00 48:33.8
   72    864 -7.464082830405483e-03 2.2e+00 1.27e+00  1e+00  1e+00 49:56.3
   74    888 1.843252674262283e-02 2.3e+00 1.26e+00  1e+00  1e+00 51:19.0
   76    912 1.147517928426098e-01 2.4e+00 1.20e+00  1e+00  1e+00 52:41.7
   78    936 -2.629189340278746e-02 2.4e+00 1.22e+00  1e+00  1e+00 54:04.3
   80    960 6.536755748073376e-03 2.4e+00 1.27e+00  1e+00  2e+00 55:27.0
   82    984 -3.020067124431786e-03 2.4e+00 1.24e+00  1e+00  1e+00 56:50.3
   84   1008 -2.475236314334467e-02 2.4e+00 1.16e+00  1e+00  1e+00 58:13.3
   86   1032 -2.407970505129684e-02 2.5e+00 1.09e+00  9e-01  1e+00 59:36.2
   88   1056 4.823282140702178e-02 2.5e+00 1.07e+00  9e-01  1e+00 60:58.5
   90   1080 -2.923023625697698e-02 2.5e+00 1.09e+00  9e-01  1e+00 62:21.4
   92   1104 -3.173160127597203e-02 2.5e+00 1.10e+00  9e-01  1e+00 63:44.2
   94   1128 1.736796663004891e-02 2.5e+00 1.12e+00  9e-01  1e+00 65:06.7
   96   1152 -9.684118543332822e-03 2.5e+00 1.23e+00  1e+00  1e+00 66:29.6
   98   1176 -3.862346624107107e-02 2.5e+00 1.24e+00  1e+00  1e+00 67:52.1
  100   1200 2.568965793305796e-02 2.5e+00 1.20e+00  1e+00  1e+00 69:14.7
  102   1224 2.044275400645540e-02 2.6e+00 1.14e+00  1e+00  1e+00 70:37.3
  104   1248 -3.129123568459737e-02 2.6e+00 1.16e+00  1e+00  1e+00 71:59.7
  106   1272 8.836627780770823e-03 2.5e+00 1.14e+00  1e+00  1e+00 73:22.3
  108   1296 -5.386446957127657e-03 2.5e+00 1.12e+00  9e-01  1e+00 74:44.8
  110   1320 6.634499015296594e-03 2.6e+00 1.06e+00  9e-01  1e+00 76:07.6
  112   1344 1.057844427717222e-02 2.6e+00 1.05e+00  9e-01  1e+00 77:30.0
  114   1368 -1.383497799602631e-02 2.6e+00 1.08e+00  9e-01  1e+00 78:52.7
  116   1392 -2.852263138071068e-02 2.6e+00 1.12e+00  9e-01  1e+00 80:15.6
  118   1416 -2.211994220542364e-02 2.6e+00 1.21e+00  1e+00  1e+00 81:37.9
  120   1440 -1.057276883358587e-02 2.6e+00 1.26e+00  1e+00  1e+00 83:00.8
  122   1464 2.125168890977697e-02 2.6e+00 1.26e+00  1e+00  1e+00 84:23.7
  124   1488 -1.515964645362683e-02 2.6e+00 1.26e+00  1e+00  1e+00 85:46.5
  127   1524 1.316132573552766e-02 2.5e+00 1.16e+00  1e+00  1e+00 87:51.0
  130   1560 2.477491818095273e-03 2.6e+00 1.16e+00  1e+00  1e+00 89:55.2
  133   1596 -5.354563455315322e-03 2.5e+00 1.14e+00  9e-01  1e+00 91:59.2
  136   1632 -1.335497136070864e-02 2.6e+00 1.11e+00  9e-01  1e+00 94:03.5
  139   1668 2.802677739572290e-03 2.7e+00 1.36e+00  1e+00  2e+00 96:07.5
  142   1704 -6.900780617122599e-03 2.7e+00 1.58e+00  1e+00  2e+00 98:12.3
  145   1740 5.619467755840157e-05 2.7e+00 1.73e+00  1e+00  2e+00 100:17.0
  148   1776 8.315470606882824e-03 2.7e+00 1.76e+00  1e+00  2e+00 102:22.3
  151   1812 -3.044475907936675e-02 2.7e+00 1.85e+00  1e+00  2e+00 104:27.0
  154   1848 -2.045824120584955e-02 2.7e+00 2.17e+00  2e+00  2e+00 106:30.9
  157   1884 -2.047722096877318e-02 2.8e+00 2.31e+00  2e+00  3e+00 108:35.2
  160   1920 7.852592891875201e-02 2.9e+00 2.63e+00  2e+00  3e+00 110:39.8
  163   1956 1.704461719877323e-02 2.9e+00 3.03e+00  2e+00  4e+00 112:44.8
  166   1992 1.429803988164047e-02 3.0e+00 3.21e+00  3e+00  4e+00 114:49.6
  169   2028 -1.569166799073202e-02 3.0e+00 2.99e+00  2e+00  4e+00 116:53.9
  172   2064 2.914933003023892e-02 3.1e+00 2.86e+00  2e+00  3e+00 118:58.9
  175   2100 8.672084541003412e-02 3.1e+00 2.49e+00  2e+00  3e+00 121:03.1
  178   2136 1.023410389273099e-01 3.2e+00 2.26e+00  2e+00  3e+00 123:07.2
  181   2172 4.741241966523448e-02 3.3e+00 2.31e+00  2e+00  3e+00 125:11.8
  184   2208 1.249461973973906e-02 3.3e+00 2.17e+00  2e+00  3e+00 127:15.9
  187   2244 6.388414645137136e-03 3.3e+00 2.13e+00  2e+00  2e+00 129:20.1
  190   2280 4.472526649508153e-02 3.3e+00 2.04e+00  2e+00  2e+00 131:24.5
  193   2316 2.053389445358130e-02 3.3e+00 2.06e+00  2e+00  2e+00 133:28.6
  196   2352 4.506474864142285e-03 3.4e+00 1.94e+00  2e+00  2e+00 135:33.2
  199   2388 1.569347126930761e-02 3.3e+00 1.97e+00  2e+00  2e+00 137:37.3
  200   2400 5.376549896187435e-03 3.4e+00 1.96e+00  2e+00  2e+00 138:19.0
  203   2436 2.675360857604491e-02 3.4e+00 1.82e+00  1e+00  2e+00 140:23.0
  206   2472 4.866952897584298e-02 3.3e+00 1.91e+00  1e+00  2e+00 142:27.7
  209   2508 -1.004344160450349e-02 3.3e+00 2.03e+00  2e+00  3e+00 144:32.4
  212   2544 5.110078447438431e-03 3.3e+00 2.10e+00  2e+00  3e+00 146:36.6
  215   2580 4.960262110386372e-02 3.3e+00 1.98e+00  2e+00  3e+00 148:41.3
  218   2616 -2.519922777760599e-02 3.3e+00 1.95e+00  1e+00  3e+00 150:45.3
  221   2652 -9.457011486375486e-03 3.3e+00 1.88e+00  1e+00  2e+00 152:49.9
  224   2688 8.649156448728788e-03 3.4e+00 1.91e+00  1e+00  2e+00 154:54.3
  227   2724 2.159268210518392e-02 3.5e+00 1.95e+00  1e+00  2e+00 156:58.8
  230   2760 8.012247893415315e-02 3.5e+00 1.75e+00  1e+00  2e+00 159:03.5
  233   2796 -1.069680911538922e-03 3.5e+00 1.79e+00  1e+00  2e+00 161:07.5
  236   2832 -2.212745345548022e-02 3.5e+00 1.70e+00  1e+00  2e+00 163:11.8
  239   2868 6.087582817064294e-02 3.6e+00 1.81e+00  1e+00  2e+00 165:16.4
  242   2904 2.362551094320477e-02 3.6e+00 1.78e+00  1e+00  2e+00 167:20.8
  245   2940 3.080166578054520e-02 3.5e+00 2.03e+00  2e+00  3e+00 169:25.4
  248   2976 5.965045778979634e-03 3.6e+00 2.19e+00  2e+00  3e+00 171:29.7
  252   3024 3.187290885243051e-02 3.7e+00 2.24e+00  2e+00  3e+00 174:15.2
  256   3072 4.297281951555861e-02 3.7e+00 2.21e+00  2e+00  3e+00 177:00.6
  260   3120 4.504711211978171e-02 3.8e+00 2.18e+00  2e+00  3e+00 179:46.3
  264   3168 1.963699830880841e-02 3.8e+00 2.14e+00  2e+00  3e+00 182:31.6
  268   3216 -4.406776212278751e-03 3.9e+00 2.42e+00  2e+00  3e+00 185:17.0
  272   3264 6.756771506618952e-03 3.9e+00 2.28e+00  2e+00  3e+00 188:02.8
  276   3312 -2.600637406316224e-03 3.8e+00 2.37e+00  2e+00  3e+00 190:48.4
  280   3360 4.086752107949830e-02 3.9e+00 2.14e+00  2e+00  3e+00 193:33.7
  284   3408 -1.070119174650445e-02 4.0e+00 2.12e+00  2e+00  3e+00 196:18.5
  288   3456 -9.518338881818654e-04 4.0e+00 1.89e+00  1e+00  2e+00 199:03.6
  292   3504 -1.794094177848283e-02 4.0e+00 1.84e+00  1e+00  2e+00 201:49.4
  296   3552 1.004122346414532e-02 4.3e+00 2.30e+00  2e+00  3e+00 204:35.4
  300   3600 -2.239919369945238e-04 4.4e+00 2.55e+00  2e+00  3e+00 207:21.8
  304   3648 -2.198519347797951e-02 4.5e+00 2.75e+00  2e+00  3e+00 210:07.5
  308   3696 -1.540709840125026e-03 4.6e+00 2.86e+00  2e+00  4e+00 212:53.0
  312   3744 4.674195321922974e-03 4.8e+00 3.11e+00  2e+00  4e+00 215:38.2
  316   3792 8.016260958442970e-03 5.1e+00 3.73e+00  3e+00  5e+00 218:23.2
  320   3840 -1.660487335153659e-02 5.2e+00 3.98e+00  3e+00  5e+00 221:08.5
  324   3888 2.306733235417760e-02 5.3e+00 3.96e+00  3e+00  5e+00 223:53.6
  328   3936 7.160426166314444e-02 5.2e+00 4.51e+00  3e+00  6e+00 226:38.6
  332   3984 9.295869410436156e-03 5.3e+00 4.29e+00  3e+00  5e+00 229:23.7
  336   4032 1.815537137299331e-02 5.3e+00 4.03e+00  3e+00  5e+00 232:08.9
  340   4080 6.393815268481771e-02 5.3e+00 3.81e+00  3e+00  5e+00 234:54.1
  344   4128 9.188106960703918e-02 5.5e+00 4.34e+00  3e+00  5e+00 237:39.8
  348   4176 1.166138757841598e-01 5.6e+00 4.66e+00  4e+00  6e+00 240:25.5
  352   4224 2.209038469687144e-02 5.5e+00 4.65e+00  4e+00  6e+00 243:10.9
  356   4272 5.700646732467625e-03 5.5e+00 4.77e+00  4e+00  6e+00 245:56.1
  360   4320 3.443741518610741e-02 5.7e+00 4.63e+00  4e+00  6e+00 248:41.7
  364   4368 7.911162218449019e-02 6.0e+00 4.87e+00  4e+00  6e+00 251:26.9
  368   4416 2.464904764798912e-02 5.9e+00 5.03e+00  4e+00  6e+00 254:12.4
  372   4464 1.083460640614948e-01 5.9e+00 5.39e+00  4e+00  7e+00 256:58.0
  376   4512 4.839047556975879e-02 6.0e+00 5.15e+00  4e+00  6e+00 259:42.9
  380   4560 1.047067146583200e-01 6.0e+00 5.18e+00  4e+00  6e+00 262:28.6
  384   4608 6.848948475842824e-02 5.9e+00 5.66e+00  5e+00  7e+00 265:14.4
  388   4656 4.257583722191410e-02 5.9e+00 5.88e+00  5e+00  7e+00 267:59.0
  392   4704 4.753260082672266e-02 6.0e+00 6.18e+00  5e+00  8e+00 270:41.6
  396   4752 1.030583205902943e-01 6.0e+00 6.31e+00  5e+00  8e+00 273:24.3
  400   4800 6.409832651835526e-02 6.0e+00 6.08e+00  5e+00  8e+00 276:07.1
  405   4860 4.506828657620473e-02 6.1e+00 5.63e+00  4e+00  7e+00 279:30.8
  410   4920 8.404009273463955e-02 6.3e+00 5.54e+00  4e+00  7e+00 282:54.9
  415   4980 9.829579187274291e-02 6.5e+00 6.97e+00  5e+00  9e+00 286:18.0
  420   5040 1.409005141850229e-01 6.6e+00 8.52e+00  7e+00  1e+01 289:41.9
  425   5100 1.249157005191094e-01 6.7e+00 9.01e+00  7e+00  1e+01 293:06.1
  430   5160 1.168430614164780e-01 6.8e+00 8.76e+00  7e+00  1e+01 296:29.6
  435   5220 6.154004930332366e-02 7.1e+00 8.58e+00  7e+00  1e+01 299:53.1
  440   5280 7.228034114527007e-02 7.3e+00 8.32e+00  7e+00  1e+01 303:16.3
  445   5340 8.045662146164304e-02 7.6e+00 6.39e+00  5e+00  9e+00 306:40.9
  450   5400 1.062709062384280e-01 7.6e+00 5.76e+00  5e+00  9e+00 310:04.7
  455   5460 1.260498244340675e-01 7.9e+00 5.60e+00  5e+00  8e+00 313:28.7
  460   5520 9.358892604646761e-02 8.0e+00 5.43e+00  4e+00  8e+00 316:52.7
  465   5580 1.182929454255169e-01 7.9e+00 4.91e+00  4e+00  7e+00 320:16.8
  470   5640 8.737303850711471e-02 8.3e+00 4.09e+00  3e+00  6e+00 323:40.2
  475   5700 6.931883861972339e-02 8.2e+00 4.36e+00  3e+00  6e+00 327:04.0
  480   5760 8.099918210417487e-02 8.6e+00 4.10e+00  3e+00  6e+00 330:27.3
  485   5820 8.874443234247127e-02 8.7e+00 3.41e+00  3e+00  5e+00 333:51.0
  490   5880 7.374205085937069e-02 8.9e+00 3.02e+00  2e+00  5e+00 337:15.4
  495   5940 8.379769207522833e-02 9.6e+00 2.92e+00  2e+00  4e+00 340:38.6
  500   6000 5.081615185879973e-02 9.4e+00 3.02e+00  2e+00  4e+00 344:02.2
  505   6060 1.298547237930442e-01 9.4e+00 3.36e+00  3e+00  5e+00 347:21.5
  510   6120 5.474343030941126e-02 9.7e+00 3.23e+00  2e+00  5e+00 350:41.2
  515   6180 1.051160762291065e-01 9.7e+00 2.92e+00  2e+00  4e+00 354:00.7
  520   6240 1.257220109686197e-01 9.9e+00 2.85e+00  2e+00  4e+00 357:20.5
  525   6300 8.593435093097498e-02 9.9e+00 2.82e+00  2e+00  4e+00 360:40.2
  530   6360 1.254265020890568e-01 1.0e+01 2.89e+00  2e+00  4e+00 363:59.5
  535   6420 1.013199972756083e-01 1.1e+01 3.04e+00  2e+00  4e+00 367:18.4
  540   6480 1.016291889025572e-01 1.1e+01 3.09e+00  3e+00  4e+00 370:37.8
  545   6540 7.789142359533771e-02 1.1e+01 2.79e+00  2e+00  4e+00 373:57.1
  550   6600 1.353612979935885e-01 1.2e+01 2.56e+00  2e+00  4e+00 377:16.4
  555   6660 1.174173156958202e-01 1.2e+01 2.38e+00  2e+00  3e+00 380:36.0
  560   6720 7.797937235212872e-02 1.2e+01 2.56e+00  2e+00  4e+00 383:55.5
  565   6780 1.508813878470757e-01 1.2e+01 2.58e+00  2e+00  4e+00 387:14.9
  570   6840 1.028850865114249e-01 1.3e+01 2.42e+00  2e+00  4e+00 390:34.2
  575   6900 9.853000884383935e-02 1.3e+01 2.17e+00  2e+00  3e+00 393:53.6
  580   6960 1.136679991635886e-01 1.3e+01 2.23e+00  2e+00  4e+00 397:13.1
  585   7020 7.495468617315544e-02 1.3e+01 2.44e+00  2e+00  4e+00 400:32.4
  591   7092 1.007082347846702e-01 1.4e+01 2.03e+00  2e+00  3e+00 404:31.6
  597   7164 8.687434852964543e-02 1.4e+01 2.02e+00  2e+00  3e+00 408:31.1
  600   7200 9.620496185314686e-02 1.4e+01 2.32e+00  2e+00  4e+00 410:31.0
  606   7272 1.304579860567252e-01 1.4e+01 2.43e+00  2e+00  4e+00 414:30.6
  612   7344 1.270962691417414e-01 1.5e+01 2.23e+00  2e+00  4e+00 418:29.4
  618   7416 1.297960576371323e-01 1.5e+01 2.48e+00  2e+00  4e+00 422:27.8
  624   7488 9.479249598441197e-02 1.5e+01 2.48e+00  2e+00  4e+00 426:27.1
  630   7560 5.742377778669384e-02 1.6e+01 2.64e+00  2e+00  4e+00 430:26.3
  636   7632 6.236448113714398e-02 1.5e+01 2.36e+00  2e+00  4e+00 434:25.6
  642   7704 1.300550749438534e-01 1.5e+01 2.22e+00  2e+00  3e+00 438:25.0
  648   7776 8.355907094247160e-02 1.5e+01 2.47e+00  2e+00  4e+00 442:24.6
  654   7848 1.056531909675851e-01 1.5e+01 2.51e+00  2e+00  4e+00 446:24.0
  660   7920 7.337889494188417e-02 1.5e+01 2.74e+00  2e+00  4e+00 450:23.3
  666   7992 7.365160331939494e-02 1.5e+01 2.42e+00  2e+00  4e+00 454:22.4
  672   8064 8.353229138577797e-02 1.4e+01 2.52e+00  2e+00  4e+00 458:21.7
  678   8136 3.887049231145750e-02 1.4e+01 2.70e+00  2e+00  4e+00 462:21.1
  684   8208 8.717449256385698e-02 1.4e+01 2.47e+00  2e+00  4e+00 466:20.5
  690   8280 1.062228508959468e-01 1.4e+01 2.59e+00  2e+00  4e+00 470:19.9
  696   8352 8.044775910210586e-02 1.5e+01 2.84e+00  2e+00  4e+00 474:18.9
  700   8400 4.149354833939123e-02 1.4e+01 2.65e+00  2e+00  4e+00 476:58.8
  706   8472 9.080875760674288e-02 1.4e+01 3.15e+00  2e+00  5e+00 480:57.8
  712   8544 7.444124542348692e-02 1.4e+01 3.11e+00  2e+00  5e+00 484:57.0
  718   8616 1.185259711939595e-01 1.4e+01 3.04e+00  2e+00  5e+00 488:56.3
  724   8688 8.602563507877348e-02 1.5e+01 3.19e+00  2e+00  5e+00 492:55.8
  730   8760 1.205833465972543e-01 1.5e+01 3.10e+00  2e+00  5e+00 496:56.9
  736   8832 6.231308676789171e-02 1.5e+01 2.97e+00  2e+00  5e+00 501:01.7
  742   8904 1.412260606592437e-01 1.5e+01 2.49e+00  2e+00  4e+00 505:05.7
  748   8976 9.035839656328772e-02 1.5e+01 2.76e+00  2e+00  4e+00 509:04.9
  754   9048 1.380968542425206e-01 1.5e+01 2.26e+00  2e+00  4e+00 513:03.4
  760   9120 6.235724561903328e-02 1.6e+01 2.01e+00  2e+00  3e+00 517:01.9
  766   9192 9.309594544638759e-02 1.6e+01 2.02e+00  2e+00  3e+00 521:00.5
  772   9264 1.261348793364648e-01 1.6e+01 1.93e+00  1e+00  3e+00 525:06.6
  778   9336 8.401868771139415e-02 1.6e+01 1.64e+00  1e+00  3e+00 529:14.2
  784   9408 9.064325361817675e-02 1.6e+01 1.68e+00  1e+00  3e+00 533:21.8
  790   9480 1.225541120862732e-01 1.6e+01 1.68e+00  1e+00  3e+00 537:28.8
  796   9552 1.023643489756739e-01 1.8e+01 1.80e+00  1e+00  3e+00 541:35.7
  800   9600 1.154636330308577e-01 1.8e+01 1.53e+00  1e+00  3e+00 544:21.0
  806   9672 8.607040991764318e-02 1.8e+01 1.29e+00  9e-01  2e+00 548:28.5
  812   9744 9.678376173791950e-02 1.8e+01 1.11e+00  8e-01  2e+00 552:36.6
  818   9816 4.404092761544500e-02 1.8e+01 1.29e+00  9e-01  2e+00 556:44.2
  824   9888 1.191801938757091e-01 1.8e+01 1.14e+00  8e-01  2e+00 560:51.6
  830   9960 5.968863318510291e-02 1.9e+01 1.14e+00  8e-01  2e+00 564:59.1
  836  10032 1.245933721271250e-01 1.9e+01 1.05e+00  8e-01  2e+00 569:06.2
  842  10104 7.597864532754350e-02 1.9e+01 1.04e+00  8e-01  2e+00 573:13.6
  848  10176 8.974950533508040e-02 1.9e+01 1.02e+00  7e-01  2e+00 577:20.9
  854  10248 7.737373033863568e-02 2.0e+01 1.06e+00  8e-01  2e+00 581:28.1
  860  10320 9.174721131225427e-02 2.0e+01 1.19e+00  9e-01  2e+00 585:34.9
  866  10392 1.095259643720409e-01 2.1e+01 1.24e+00  9e-01  2e+00 589:42.0
  873  10476 1.119736388445124e-01 2.2e+01 9.93e-01  7e-01  2e+00 594:29.4
  880  10560 7.925454355570966e-02 2.3e+01 8.90e-01  6e-01  2e+00 599:16.9
  887  10644 8.064563037988924e-02 2.4e+01 9.47e-01  7e-01  2e+00 604:04.9
  894  10728 5.055401699144932e-02 2.5e+01 9.45e-01  7e-01  2e+00 608:52.9
  900  10800 9.715583403786998e-02 2.5e+01 8.06e-01  6e-01  2e+00 612:59.8
  907  10884 1.048532170092183e-01 2.5e+01 7.21e-01  5e-01  1e+00 617:48.8
  914  10968 1.204878225568133e-01 2.5e+01 6.77e-01  5e-01  1e+00 622:37.3
