Running job array 46 on pe74.int.triton.aalto.fi
Starting at Fri Mar 21 16:01:41 EET 2025
Activating virtual environment at /scratch/work/uotilav2/quantum-portfolio/venv
Processing batch 47/100: experiments 46 to 46 (total 1)
Processing experiment 46
Budget: 3670
YF.download() has changed argument auto_adjust default to True
Number of qubits for asset HON: 5
Number of qubits for asset JNJ: 5
Total number of qubits:  10
Optimized Weights (considering variance, skewness and kurtosis):
HON: 69.54%
JNJ: 30.46%
Left over budget:  50.66503895759615
Optimized Discrete Allocation:
HON: 11
JNJ: 8
Maximized utility from continuous higher moments:  -2769.349346162725
Budget constraint satisfied 3662.6302490234375 3670 Difference:  7.3697509765625
Budget constraint not satisfied 3681.590576171875 3670 Difference:  -11.590576171875
smallest_eigenvalues: [-0.25397602822698856]
smallest_bitstrings: ['0001010110']
first_excited_energy: -0.25397564770470143
optimized_portfolio: [{'HON': 8, 'JNJ': 13}]
second_optimized_portfolio: [{'HON': 10, 'JNJ': 10}]
result_with_budget: [{'portfolio': {'HON': 8, 'JNJ': 13}, 'budget': 3662.6302490234375, 'difference': 7.3697509765625, 'objective_value': -3657.4378904395344}]
result_with_budget_excited: [{'portfolio': {'HON': 10, 'JNJ': 10}, 'budget': 3681.590576171875, 'difference': -11.590576171875, 'objective_value': -3103.3216039759086}]
Initial params:  [2.51063067 1.44978017 2.45210473 0.37157007 2.01037118 0.45035763
 2.96776493 1.63943485 1.3026989  0.83112597 2.43232687 1.43303853
 1.78578792 0.0590299  1.94035914 1.92295543 1.93815531 2.96487203
 2.14200164 1.12942738]
(6_w,12)-aCMA-ES (mu_w=3.7,w_1=40%) in dimension 20 (seed=727007, Fri Mar 21 16:02:01 2025)
Iterat #Fevals   function value  axis ratio  sigma  min&max std  t[m:s]
    1     12 -1.659840691687703e-01 1.0e+00 9.51e-02  9e-02  1e-01 0:26.8
    2     24 -1.681614961130334e-01 1.1e+00 9.27e-02  9e-02  9e-02 0:53.6
    3     36 -1.709227721134837e-01 1.1e+00 9.21e-02  9e-02  9e-02 1:20.4
    4     48 -1.774369268331608e-01 1.2e+00 9.57e-02  9e-02  1e-01 1:47.3
    5     60 -1.726664814739164e-01 1.3e+00 9.69e-02  9e-02  1e-01 2:14.0
    6     72 -1.881567424168820e-01 1.3e+00 1.01e-01  1e-01  1e-01 2:40.9
    7     84 -1.857591931221841e-01 1.4e+00 1.04e-01  1e-01  1e-01 3:07.7
    8     96 -1.772130829796463e-01 1.4e+00 1.11e-01  1e-01  1e-01 3:34.4
    9    108 -1.796513198948513e-01 1.5e+00 1.14e-01  1e-01  1e-01 4:01.3
   10    120 -1.940853256128448e-01 1.6e+00 1.19e-01  1e-01  1e-01 4:28.1
   11    132 -1.784085989829747e-01 1.7e+00 1.22e-01  1e-01  1e-01 4:54.9
   12    144 -1.949560250704211e-01 1.7e+00 1.26e-01  1e-01  1e-01 5:21.6
   13    156 -1.958175093744312e-01 1.8e+00 1.29e-01  1e-01  1e-01 5:48.5
   14    168 -1.820838652090895e-01 1.9e+00 1.32e-01  1e-01  2e-01 6:15.4
   15    180 -1.887856274733182e-01 1.9e+00 1.26e-01  1e-01  1e-01 6:42.3
   16    192 -1.929127463753902e-01 2.0e+00 1.20e-01  1e-01  1e-01 7:09.1
   17    204 -1.910650824920749e-01 2.0e+00 1.15e-01  1e-01  1e-01 7:36.0
   18    216 -2.000540700576339e-01 2.0e+00 1.13e-01  1e-01  1e-01 8:02.8
   19    228 -1.999283285169327e-01 2.1e+00 1.10e-01  1e-01  1e-01 8:29.5
   20    240 -2.005242375009934e-01 2.1e+00 1.09e-01  1e-01  1e-01 8:56.4
   21    252 -2.034527421199738e-01 2.1e+00 1.08e-01  1e-01  1e-01 9:23.2
   22    264 -2.095909725653579e-01 2.1e+00 1.06e-01  1e-01  1e-01 9:50.1
   23    276 -2.070473300500333e-01 2.1e+00 1.08e-01  1e-01  1e-01 10:16.8
   24    288 -2.087555817442073e-01 2.1e+00 1.04e-01  1e-01  1e-01 10:43.6
   25    300 -2.090975966142002e-01 2.2e+00 1.01e-01  9e-02  1e-01 11:10.5
   26    312 -2.133880293865934e-01 2.2e+00 9.78e-02  9e-02  1e-01 11:37.4
   27    324 -2.095823047727022e-01 2.2e+00 9.13e-02  8e-02  1e-01 12:04.2
   29    348 -2.136289807083382e-01 2.3e+00 8.72e-02  8e-02  1e-01 12:57.9
   31    372 -2.118514640020032e-01 2.3e+00 8.48e-02  7e-02  1e-01 13:51.8
   33    396 -2.128167002961925e-01 2.4e+00 7.86e-02  7e-02  9e-02 14:45.4
   35    420 -2.178528367153390e-01 2.5e+00 7.39e-02  7e-02  8e-02 15:39.0
   37    444 -2.168718515532810e-01 2.5e+00 6.86e-02  6e-02  8e-02 16:32.7
   39    468 -2.198447772444493e-01 2.6e+00 6.17e-02  5e-02  7e-02 17:26.4
   41    492 -2.198215499842797e-01 2.6e+00 5.98e-02  5e-02  7e-02 18:20.1
   43    516 -2.176031471560128e-01 2.7e+00 5.59e-02  5e-02  6e-02 19:13.9
   45    540 -2.192899036013184e-01 2.8e+00 5.41e-02  5e-02  6e-02 20:07.5
   47    564 -2.191104413895721e-01 2.8e+00 5.26e-02  5e-02  6e-02 21:01.3
   49    588 -2.196655426038648e-01 2.9e+00 4.84e-02  4e-02  5e-02 21:55.0
   51    612 -2.216395718337141e-01 2.9e+00 4.78e-02  4e-02  5e-02 22:48.7
   53    636 -2.219302854403557e-01 3.0e+00 4.71e-02  4e-02  5e-02 23:42.4
   55    660 -2.218746630470380e-01 3.1e+00 4.55e-02  4e-02  5e-02 24:36.0
   57    684 -2.221862834969201e-01 3.1e+00 4.62e-02  4e-02  5e-02 25:29.7
   59    708 -2.220204010439774e-01 3.3e+00 4.58e-02  4e-02  5e-02 26:23.3
   61    732 -2.216354251153763e-01 3.4e+00 4.76e-02  4e-02  5e-02 27:17.1
   63    756 -2.221681164871477e-01 3.5e+00 4.54e-02  4e-02  5e-02 28:10.8
   65    780 -2.222674625024736e-01 3.5e+00 4.33e-02  4e-02  5e-02 29:04.3
   67    804 -2.227502348761688e-01 3.6e+00 4.12e-02  3e-02  5e-02 29:58.0
   69    828 -2.231128416973369e-01 3.8e+00 3.98e-02  3e-02  4e-02 30:51.7
   71    852 -2.232881352833246e-01 4.0e+00 3.81e-02  3e-02  4e-02 31:45.3
   73    876 -2.230972217657214e-01 4.1e+00 3.69e-02  3e-02  4e-02 32:38.8
   75    900 -2.237717566883201e-01 4.2e+00 3.57e-02  3e-02  4e-02 33:32.4
   77    924 -2.244962947572550e-01 4.3e+00 3.69e-02  3e-02  4e-02 34:26.2
   79    948 -2.242627437265905e-01 4.4e+00 3.64e-02  3e-02  4e-02 35:19.8
   81    972 -2.242364527700274e-01 4.6e+00 3.83e-02  3e-02  4e-02 36:13.7
   84   1008 -2.246063255146891e-01 4.8e+00 4.10e-02  3e-02  5e-02 37:34.5
   87   1044 -2.244851633813996e-01 4.8e+00 3.93e-02  3e-02  5e-02 38:55.0
   90   1080 -2.253696684751556e-01 5.0e+00 3.61e-02  3e-02  4e-02 40:15.7
   93   1116 -2.253084034450188e-01 5.2e+00 3.41e-02  3e-02  4e-02 41:35.9
   96   1152 -2.257158735729859e-01 5.6e+00 3.40e-02  3e-02  4e-02 42:56.6
   99   1188 -2.260333191531751e-01 6.2e+00 3.44e-02  3e-02  4e-02 44:17.0
  100   1200 -2.261750545224617e-01 6.3e+00 3.35e-02  3e-02  4e-02 44:43.8
  103   1236 -2.262297019892871e-01 6.5e+00 3.20e-02  3e-02  4e-02 46:04.3
  106   1272 -2.263890244565555e-01 6.7e+00 3.36e-02  3e-02  4e-02 47:25.1
  109   1308 -2.265748896831399e-01 6.9e+00 2.95e-02  2e-02  4e-02 48:45.6
  112   1344 -2.263811357754580e-01 7.1e+00 2.79e-02  2e-02  4e-02 50:06.1
  115   1380 -2.265247742345830e-01 7.4e+00 2.72e-02  2e-02  3e-02 51:26.7
  118   1416 -2.267751339714850e-01 7.6e+00 2.61e-02  2e-02  3e-02 52:47.2
  121   1452 -2.269606248568866e-01 8.0e+00 2.65e-02  2e-02  3e-02 54:08.2
  124   1488 -2.270686756722270e-01 8.6e+00 2.86e-02  2e-02  4e-02 55:28.8
  127   1524 -2.271857873691148e-01 9.4e+00 2.89e-02  2e-02  4e-02 56:49.7
  130   1560 -2.273636243540228e-01 9.9e+00 3.18e-02  2e-02  4e-02 58:10.4
  133   1596 -2.270049991060575e-01 1.1e+01 3.44e-02  2e-02  5e-02 59:30.9
  136   1632 -2.275801295924113e-01 1.1e+01 3.59e-02  3e-02  5e-02 60:51.9
  139   1668 -2.277322119462818e-01 1.2e+01 3.54e-02  2e-02  5e-02 62:12.4
  142   1704 -2.277715392852958e-01 1.2e+01 3.56e-02  2e-02  5e-02 63:33.3
  145   1740 -2.281431535595590e-01 1.3e+01 3.21e-02  2e-02  4e-02 64:54.5
  148   1776 -2.280341406581225e-01 1.4e+01 3.10e-02  2e-02  4e-02 66:15.4
  151   1812 -2.281280020749409e-01 1.4e+01 2.93e-02  2e-02  4e-02 67:36.5
  154   1848 -2.283997289145753e-01 1.4e+01 2.78e-02  2e-02  4e-02 68:57.5
  157   1884 -2.284695309307491e-01 1.6e+01 2.83e-02  2e-02  4e-02 70:18.4
  160   1920 -2.285470178414166e-01 1.7e+01 3.28e-02  2e-02  5e-02 71:39.3
  164   1968 -2.287410881951936e-01 1.7e+01 3.42e-02  2e-02  5e-02 73:27.1
  168   2016 -2.285968786371586e-01 1.9e+01 3.52e-02  2e-02  6e-02 75:15.1
  172   2064 -2.294500109947061e-01 1.9e+01 3.26e-02  2e-02  6e-02 77:03.0
  176   2112 -2.294014154733753e-01 2.0e+01 3.70e-02  2e-02  7e-02 78:50.6
  180   2160 -2.301224466809939e-01 2.1e+01 3.55e-02  2e-02  7e-02 80:38.1
  184   2208 -2.301484742715226e-01 2.2e+01 3.39e-02  2e-02  7e-02 82:25.7
  188   2256 -2.304961412061554e-01 2.4e+01 3.84e-02  2e-02  8e-02 84:13.4
  192   2304 -2.304590107425572e-01 2.5e+01 3.95e-02  2e-02  8e-02 86:01.0
  196   2352 -2.306487127950672e-01 2.6e+01 4.42e-02  2e-02  1e-01 87:48.9
  200   2400 -2.313495391511095e-01 2.7e+01 4.27e-02  2e-02  1e-01 89:36.7
  204   2448 -2.315076330151704e-01 2.7e+01 4.26e-02  2e-02  1e-01 91:24.4
  208   2496 -2.319860099544089e-01 2.8e+01 4.80e-02  2e-02  1e-01 93:12.1
  212   2544 -2.318981613643519e-01 3.0e+01 5.03e-02  2e-02  1e-01 94:59.8
  216   2592 -2.321738189166048e-01 3.0e+01 4.15e-02  2e-02  1e-01 96:47.3
  220   2640 -2.324349941592389e-01 3.1e+01 3.97e-02  2e-02  1e-01 98:35.0
  224   2688 -2.327800675549140e-01 3.2e+01 3.57e-02  2e-02  9e-02 100:22.6
  228   2736 -2.329316702145027e-01 3.3e+01 3.65e-02  2e-02  9e-02 102:10.4
  232   2784 -2.331611965874268e-01 3.5e+01 3.59e-02  2e-02  9e-02 103:58.2
  236   2832 -2.333462116998700e-01 3.6e+01 3.39e-02  1e-02  9e-02 105:46.5
  240   2880 -2.332720853404704e-01 3.7e+01 3.06e-02  1e-02  8e-02 107:34.6
  244   2928 -2.335240780184284e-01 3.7e+01 2.77e-02  1e-02  7e-02 109:22.6
  248   2976 -2.336150394137534e-01 3.8e+01 2.62e-02  1e-02  7e-02 111:10.8
  252   3024 -2.337859351430526e-01 4.0e+01 2.37e-02  1e-02  6e-02 112:58.9
  256   3072 -2.338813149997159e-01 4.0e+01 2.24e-02  1e-02  6e-02 114:47.2
  260   3120 -2.338450856164915e-01 4.3e+01 2.14e-02  9e-03  6e-02 116:35.5
  264   3168 -2.339164000213738e-01 4.3e+01 1.87e-02  8e-03  5e-02 118:23.7
  268   3216 -2.340265520567716e-01 4.5e+01 1.59e-02  7e-03  5e-02 120:11.8
  272   3264 -2.340549198178817e-01 4.5e+01 1.42e-02  6e-03  4e-02 121:59.9
  277   3324 -2.340987225475119e-01 4.7e+01 1.22e-02  5e-03  3e-02 124:15.0
  282   3384 -2.341725086788813e-01 4.6e+01 1.15e-02  5e-03  3e-02 126:30.0
  287   3444 -2.343094644769071e-01 4.8e+01 1.46e-02  6e-03  4e-02 128:45.0
  292   3504 -2.344008223162610e-01 5.1e+01 2.20e-02  9e-03  7e-02 130:59.9
  297   3564 -2.343800182944374e-01 5.2e+01 2.69e-02  1e-02  8e-02 133:14.4
  300   3600 -2.344286966572917e-01 5.2e+01 2.75e-02  1e-02  8e-02 134:35.3
  305   3660 -2.345912148818623e-01 5.3e+01 2.68e-02  1e-02  8e-02 136:50.3
  310   3720 -2.346949573226967e-01 5.4e+01 2.39e-02  9e-03  7e-02 139:05.0
  315   3780 -2.347272373690078e-01 5.6e+01 2.40e-02  9e-03  7e-02 141:19.4
  320   3840 -2.348756265533049e-01 5.5e+01 1.88e-02  7e-03  6e-02 143:33.8
  325   3900 -2.349710527559561e-01 5.9e+01 2.09e-02  9e-03  6e-02 145:48.6
  330   3960 -2.350546888098069e-01 5.9e+01 2.11e-02  9e-03  6e-02 148:03.5
  335   4020 -2.351463303711956e-01 6.1e+01 2.66e-02  1e-02  8e-02 150:17.6
  340   4080 -2.353362164807266e-01 6.7e+01 3.35e-02  1e-02  1e-01 152:31.7
  345   4140 -2.353940722835726e-01 7.0e+01 3.94e-02  2e-02  1e-01 154:45.9
  350   4200 -2.353837185202649e-01 7.0e+01 4.54e-02  2e-02  2e-01 157:00.2
  355   4260 -2.354889913372606e-01 7.0e+01 4.33e-02  2e-02  2e-01 159:14.4
  360   4320 -2.356383504439793e-01 7.2e+01 4.27e-02  2e-02  2e-01 161:28.5
  365   4380 -2.358129483463431e-01 7.4e+01 3.95e-02  2e-02  1e-01 163:43.1
  370   4440 -2.361531283046956e-01 7.8e+01 4.02e-02  1e-02  2e-01 165:57.9
  375   4500 -2.361557158396017e-01 7.8e+01 3.35e-02  1e-02  1e-01 168:12.5
  380   4560 -2.361762687737327e-01 7.8e+01 3.12e-02  1e-02  1e-01 170:27.3
  385   4620 -2.362664049122908e-01 7.8e+01 3.29e-02  1e-02  1e-01 172:42.0
  390   4680 -2.365001908326691e-01 7.7e+01 2.73e-02  9e-03  1e-01 174:57.0
  395   4740 -2.365879556790018e-01 7.7e+01 2.53e-02  9e-03  9e-02 177:11.2
  400   4800 -2.367595620071742e-01 7.8e+01 2.58e-02  8e-03  9e-02 179:25.4
  406   4872 -2.367011396638084e-01 7.5e+01 2.20e-02  7e-03  8e-02 182:06.6
  412   4944 -2.368292424700033e-01 7.5e+01 1.87e-02  6e-03  7e-02 184:48.0
  418   5016 -2.369795939033372e-01 7.5e+01 2.38e-02  7e-03  8e-02 187:30.1
  424   5088 -2.370977281046655e-01 7.6e+01 2.76e-02  8e-03  1e-01 190:12.0
  430   5160 -2.371408575170747e-01 7.7e+01 2.56e-02  8e-03  9e-02 192:53.2
  436   5232 -2.373217062405444e-01 7.9e+01 2.98e-02  8e-03  1e-01 195:35.0
  442   5304 -2.374385003778887e-01 7.9e+01 2.98e-02  8e-03  1e-01 198:16.4
  448   5376 -2.375656868375864e-01 8.0e+01 3.03e-02  8e-03  1e-01 200:58.1
  454   5448 -2.375429676925225e-01 8.2e+01 3.37e-02  9e-03  1e-01 203:40.0
  460   5520 -2.378129597489415e-01 8.3e+01 3.44e-02  9e-03  1e-01 206:22.1
  466   5592 -2.379751036339822e-01 8.6e+01 2.97e-02  7e-03  1e-01 209:03.4
  472   5664 -2.380870273678092e-01 9.4e+01 2.98e-02  7e-03  1e-01 211:44.6
  478   5736 -2.380168163877180e-01 9.7e+01 2.55e-02  6e-03  1e-01 214:26.1
  484   5808 -2.382169963267098e-01 9.8e+01 2.28e-02  5e-03  1e-01 217:08.3
  490   5880 -2.383790987907135e-01 1.0e+02 2.40e-02  5e-03  1e-01 219:50.3
  496   5952 -2.385626960472687e-01 1.1e+02 2.91e-02  6e-03  1e-01 222:31.3
  500   6000 -2.386702594751206e-01 1.1e+02 2.87e-02  6e-03  1e-01 224:18.8
  506   6072 -2.387121528670604e-01 1.1e+02 2.44e-02  5e-03  1e-01 227:00.4
  512   6144 -2.388526560462790e-01 1.1e+02 2.12e-02  4e-03  1e-01 229:42.7
  518   6216 -2.390101744938388e-01 1.2e+02 2.09e-02  4e-03  1e-01 232:23.9
  524   6288 -2.391055719064553e-01 1.3e+02 2.34e-02  5e-03  1e-01 235:05.2
  530   6360 -2.391628555529002e-01 1.3e+02 2.55e-02  5e-03  1e-01 237:46.3
  536   6432 -2.392715192016721e-01 1.4e+02 2.42e-02  5e-03  1e-01 240:27.4
  542   6504 -2.393471076931932e-01 1.5e+02 2.48e-02  4e-03  1e-01 243:08.2
  548   6576 -2.394233256785576e-01 1.5e+02 1.98e-02  4e-03  1e-01 245:49.5
  554   6648 -2.394654122889445e-01 1.5e+02 1.91e-02  3e-03  1e-01 248:30.7
  560   6720 -2.395651033895455e-01 1.5e+02 1.86e-02  3e-03  1e-01 251:12.0
  567   6804 -2.396687764253919e-01 1.6e+02 2.17e-02  4e-03  1e-01 254:19.7
  574   6888 -2.398639851325462e-01 1.5e+02 2.48e-02  4e-03  2e-01 257:27.3
  581   6972 -2.401655573391083e-01 1.8e+02 3.02e-02  5e-03  2e-01 260:35.4
  588   7056 -2.403003785081456e-01 1.9e+02 3.72e-02  6e-03  3e-01 263:43.4
  595   7140 -2.403376913262354e-01 1.8e+02 3.60e-02  5e-03  3e-01 266:50.9
  600   7200 -2.403781889612220e-01 1.7e+02 3.22e-02  5e-03  2e-01 269:05.2
  607   7284 -2.404793378974266e-01 1.7e+02 2.52e-02  4e-03  2e-01 272:12.9
  614   7368 -2.405397916369587e-01 1.6e+02 1.82e-02  3e-03  1e-01 275:20.6
  621   7452 -2.406172619064389e-01 1.5e+02 1.81e-02  2e-03  1e-01 278:28.5
  628   7536 -2.407418655434326e-01 1.5e+02 2.57e-02  3e-03  2e-01 281:36.7
  635   7620 -2.408581201492509e-01 1.5e+02 3.32e-02  4e-03  2e-01 284:44.5
  642   7704 -2.408785504290762e-01 1.5e+02 3.29e-02  4e-03  2e-01 287:52.3
  649   7788 -2.411538260232976e-01 1.5e+02 3.18e-02  4e-03  2e-01 291:00.2
  656   7872 -2.411192728609822e-01 1.4e+02 2.89e-02  3e-03  2e-01 294:07.7
  663   7956 -2.412470475839187e-01 1.4e+02 2.63e-02  3e-03  1e-01 297:15.5
  670   8040 -2.413573712173293e-01 1.3e+02 2.47e-02  3e-03  1e-01 300:23.3
  677   8124 -2.415087895522143e-01 1.3e+02 3.89e-02  4e-03  2e-01 303:30.8
  684   8208 -2.415750104041047e-01 1.4e+02 4.50e-02  5e-03  2e-01 306:38.6
  691   8292 -2.416694382668452e-01 1.3e+02 4.00e-02  4e-03  2e-01 309:46.5
  698   8376 -2.417209885471298e-01 1.3e+02 3.95e-02  4e-03  2e-01 312:53.8
  700   8400 -2.417719029693559e-01 1.3e+02 3.61e-02  4e-03  2e-01 313:47.6
  707   8484 -2.418434569768612e-01 1.3e+02 3.44e-02  4e-03  2e-01 316:55.5
  714   8568 -2.419669929103195e-01 1.2e+02 2.89e-02  3e-03  1e-01 320:03.0
  721   8652 -2.419491107760588e-01 1.2e+02 2.44e-02  2e-03  1e-01 323:10.7
  728   8736 -2.420433591422438e-01 1.2e+02 2.45e-02  2e-03  1e-01 326:18.6
  735   8820 -2.420975076538479e-01 1.2e+02 3.20e-02  3e-03  2e-01 329:26.6
  743   8916 -2.421202880400252e-01 1.2e+02 2.59e-02  2e-03  1e-01 332:59.5
  751   9012 -2.421672060241927e-01 1.3e+02 2.16e-02  2e-03  1e-01 336:25.7
  759   9108 -2.421919212745513e-01 1.3e+02 1.73e-02  1e-03  9e-02 339:51.5
  767   9204 -2.422202693669933e-01 1.3e+02 1.76e-02  1e-03  9e-02 343:18.0
  775   9300 -2.422362613823287e-01 1.3e+02 1.48e-02  1e-03  7e-02 346:44.5
  783   9396 -2.422351377304806e-01 1.3e+02 1.14e-02  9e-04  5e-02 350:11.0
  791   9492 -2.422475903805936e-01 1.3e+02 1.01e-02  8e-04  5e-02 353:37.5
  799   9588 -2.422557722600742e-01 1.4e+02 1.44e-02  1e-03  7e-02 357:03.7
  800   9600 -2.422587182460506e-01 1.4e+02 1.46e-02  1e-03  7e-02 357:29.4
  808   9696 -2.422693886205308e-01 1.4e+02 1.48e-02  1e-03  7e-02 360:55.9
  816   9792 -2.422761634232470e-01 1.5e+02 1.12e-02  8e-04  5e-02 364:22.0
  824   9888 -2.422795245773709e-01 1.5e+02 1.09e-02  7e-04  5e-02 367:48.4
  832   9984 -2.422841077931840e-01 1.5e+02 9.56e-03  6e-04  4e-02 371:14.4
  840  10080 -2.422871256683463e-01 1.5e+02 7.77e-03  5e-04  3e-02 374:40.5
  848  10176 -2.422915139921840e-01 1.5e+02 7.99e-03  5e-04  4e-02 378:06.5
  856  10272 -2.422921393663914e-01 1.5e+02 8.74e-03  5e-04  4e-02 381:32.1
  864  10368 -2.422953784435437e-01 1.5e+02 1.12e-02  7e-04  5e-02 384:58.2
  872  10464 -2.422987986238617e-01 1.5e+02 8.83e-03  5e-04  4e-02 388:24.5
  880  10560 -2.423021079628045e-01 1.5e+02 9.43e-03  5e-04  4e-02 391:50.7
  889  10668 -2.423059506863675e-01 1.6e+02 1.15e-02  6e-04  5e-02 395:42.7
  898  10776 -2.423083257005673e-01 1.6e+02 8.30e-03  4e-04  3e-02 399:34.2
  900  10800 -2.423079421222415e-01 1.6e+02 8.33e-03  4e-04  3e-02 400:25.7
  909  10908 -2.423108968394092e-01 1.7e+02 8.69e-03  4e-04  4e-02 404:17.8
  918  11016 -2.423125903708064e-01 1.7e+02 9.42e-03  5e-04  4e-02 408:09.2
  927  11124 -2.423136686843724e-01 1.7e+02 9.22e-03  4e-04  4e-02 412:01.5
  936  11232 -2.423156108733797e-01 1.7e+02 7.74e-03  4e-04  3e-02 415:53.1
  945  11340 -2.423174812678941e-01 1.8e+02 6.60e-03  3e-04  3e-02 419:45.1
  954  11448 -2.423182855599632e-01 1.8e+02 6.51e-03  3e-04  3e-02 423:37.2
  963  11556 -2.423197625341248e-01 1.9e+02 6.67e-03  3e-04  3e-02 427:29.4
  972  11664 -2.423199221916278e-01 1.9e+02 9.02e-03  4e-04  3e-02 431:21.8
  981  11772 -2.423228181072494e-01 1.9e+02 9.49e-03  4e-04  3e-02 435:13.8
  990  11880 -2.423283963154006e-01 1.9e+02 1.17e-02  5e-04  4e-02 439:06.2
  999  11988 -2.423357174179671e-01 2.1e+02 2.02e-02  8e-04  8e-02 442:58.2
 1000  12000 -2.423384792785908e-01 2.1e+02 2.12e-02  9e-04  9e-02 443:24.1
Budget constraint satisfied 3500.1983642578125 3670 Difference:  169.8016357421875
Budget constraint satisfied 3437.9427490234375 3670 Difference:  232.0572509765625
two_most_probable_states: ['0110011110', '1110010110']
final_expectation_value: -0.24233890994011686
params: [3.07991333939158, 4.111780493696631, 1.654753440739875, 4.282528994682076, 3.9959738708224717, -8.388893631449394, 1.3716216720844163, 12.634137734571032, 14.92583542658106, 7.3069454020418245, 2.561925910982606, 1.412067113089769, 0.7748847672364118, 1.0257614816787948, 1.7898987888646125, 2.2888826728645357, 1.0997894287988792, 3.062039809710267, 1.5144451757005457, 1.5716722470459823]
total_steps: 1000
states_probs: [0.0062669274464814935, 0.0063139911049127535]
optimized_portfolios: [{'HON': 6, 'JNJ': 15}, {'HON': 7, 'JNJ': 13}]
objective_values: [-3967.8479323801776, -3058.1839735813683]
result_with_budget: [{'portfolio': {'HON': 6, 'JNJ': 15}, 'budget': 3500.1983642578125, 'difference': 169.8016357421875}, {'portfolio': {'HON': 7, 'JNJ': 13}, 'budget': 3437.9427490234375, 'difference': 232.0572509765625}]
Batch 47/100 completed. Results saved to portfolio_optimization_results_batch_46.json
Job finished at Fri Mar 21 23:28:42 EET 2025
