Running job array 9 on pe45.int.triton.aalto.fi
Starting at Sat Mar 15 11:22:31 EET 2025
Activating virtual environment at /scratch/work/uotilav2/quantum-portfolio/venv
Processing batch 10/30: experiments 135 to 149 (total 15)
Skipping experiment 135 (already processed)
Skipping experiment 136 (already processed)
Skipping experiment 137 (already processed)
Skipping experiment 138 (already processed)
Skipping experiment 139 (already processed)
Skipping experiment 140 (already processed)
Skipping experiment 141 (already processed)
Processing experiment 142
Budget: 1790.5783081054688
YF.download() has changed argument auto_adjust default to True
Expected returns: 0.11207402367431184
Covariance matrix: 0.41475297660394783
3rd-order coskewness tensor: -0.20201724560044063
4th-order cokurtosis tensor: 23.468903019098224
Number of qubits for asset CVX: 4
Number of qubits for asset MCD: 3
Number of qubits for asset V: 3
Total number of qubits:  10
Optimized Weights (considering variance, skewness and kurtosis):
CVX: 27.68%
MCD: 3.92%
V: 68.40%
Left over budget:  98.78851263800743
Optimized Discrete Allocation:
CVX: 3
V: 4
Maximized utility from continuous higher moments:  -2903.8480583801365
Budget constraint not satisfied 1811.2050476074219 1790.5783081054688 Difference:  -20.626739501953125
Budget constraint not satisfied 1838.48828125 1790.5783081054688 Difference:  -47.90997314453125
smallest_eigenvalues: [-0.14848234869691157]
smallest_bitstrings: ['0000110110']
first_excited_energy: -0.14845893899565515
optimized_portfolio: [{'CVX': 0, 'MCD': 3, 'V': 3}]
second_optimized_portfolio: [{'CVX': 0, 'MCD': 2, 'V': 4}]
result_with_budget: [{'portfolio': {'CVX': 0, 'MCD': 3, 'V': 3}, 'budget': 1811.2050476074219, 'difference': -20.626739501953125, 'objective_value': -2357.8080932230678}]
result_with_budget_excited: [{'portfolio': {'CVX': 0, 'MCD': 2, 'V': 4}, 'budget': 1838.48828125, 'difference': -47.90997314453125, 'objective_value': -1904.3952771188212}]
Initial params:  [2.51063067 1.44978017 2.45210473 0.37157007 2.01037118 0.45035763
 2.96776493 1.63943485 1.3026989  0.83112597 2.43232687 1.43303853
 1.78578792 0.0590299  1.94035914 1.92295543 1.93815531 2.96487203
 2.14200164 1.12942738]
(6_w,12)-aCMA-ES (mu_w=3.7,w_1=40%) in dimension 20 (seed=72722, Sat Mar 15 11:22:51 2025)
Iterat #Fevals   function value  axis ratio  sigma  min&max std  t[m:s]
    1     12 -9.405597074653145e-02 1.0e+00 1.43e+00  1e+00  1e+00 0:29.5
    2     24 -3.813916185844229e-02 1.1e+00 1.38e+00  1e+00  1e+00 0:57.2
    3     36 -6.285525686945692e-02 1.2e+00 1.35e+00  1e+00  1e+00 1:24.4
    4     48 -9.317442053478706e-02 1.2e+00 1.34e+00  1e+00  1e+00 1:51.7
    5     60 -7.751376741878876e-02 1.2e+00 1.32e+00  1e+00  1e+00 2:18.9
    6     72 -8.778212964582784e-02 1.2e+00 1.29e+00  1e+00  1e+00 2:46.2
    7     84 -8.980679546050273e-02 1.2e+00 1.29e+00  1e+00  1e+00 3:13.5
    8     96 -5.928948024112041e-02 1.3e+00 1.28e+00  1e+00  1e+00 3:40.8
    9    108 -4.372167054326048e-02 1.3e+00 1.25e+00  1e+00  1e+00 4:08.1
   10    120 -4.894932405802430e-02 1.3e+00 1.27e+00  1e+00  1e+00 4:35.5
   11    132 -6.442561870240907e-02 1.3e+00 1.26e+00  1e+00  1e+00 5:02.7
   12    144 -1.014860630585441e-01 1.4e+00 1.25e+00  1e+00  1e+00 5:30.0
   13    156 -8.150869522793595e-02 1.4e+00 1.26e+00  1e+00  1e+00 5:57.4
   14    168 -8.637887204273477e-02 1.4e+00 1.22e+00  1e+00  1e+00 6:24.9
   15    180 -4.838844039937239e-02 1.4e+00 1.21e+00  1e+00  1e+00 6:52.3
   16    192 -6.026156190773345e-02 1.4e+00 1.14e+00  1e+00  1e+00 7:19.9
   17    204 -8.919870258566094e-02 1.4e+00 1.08e+00  1e+00  1e+00 7:47.2
   18    216 -6.382004298085667e-02 1.4e+00 1.07e+00  1e+00  1e+00 8:14.6
   19    228 -9.638275460209622e-02 1.4e+00 1.09e+00  1e+00  1e+00 8:41.9
   20    240 -8.446201713792163e-02 1.4e+00 1.08e+00  1e+00  1e+00 9:09.5
   21    252 -5.906424584974622e-02 1.4e+00 1.06e+00  1e+00  1e+00 9:36.8
   22    264 -2.174405253218171e-02 1.4e+00 1.05e+00  1e+00  1e+00 10:03.9
   23    276 -6.341512182739423e-02 1.5e+00 1.02e+00  1e+00  1e+00 10:30.7
   24    288 -2.719689370983578e-02 1.5e+00 9.91e-01  9e-01  1e+00 10:57.2
   25    300 -6.911340795547993e-02 1.5e+00 9.80e-01  9e-01  1e+00 11:23.6
   26    312 -1.097397005882688e-01 1.5e+00 9.94e-01  9e-01  1e+00 11:50.0
   27    324 -8.879710718233969e-02 1.5e+00 9.89e-01  9e-01  1e+00 12:16.3
   29    348 -8.223041563446522e-02 1.5e+00 9.39e-01  9e-01  1e+00 13:09.4
   31    372 -7.810618705513005e-02 1.5e+00 9.48e-01  9e-01  1e+00 14:02.3
   33    396 -7.038463815556499e-02 1.5e+00 9.86e-01  9e-01  1e+00 14:55.0
   35    420 -5.714174526167396e-02 1.5e+00 9.45e-01  8e-01  1e+00 15:47.9
   37    444 -8.315037928507647e-02 1.6e+00 9.55e-01  8e-01  1e+00 16:40.7
   39    468 -3.914254288253057e-02 1.6e+00 9.53e-01  8e-01  1e+00 17:33.5
   41    492 -7.278338821413462e-02 1.7e+00 9.48e-01  8e-01  1e+00 18:26.2
   43    516 -8.917439696289485e-02 1.7e+00 9.64e-01  8e-01  1e+00 19:19.0
   45    540 -4.541340128066713e-02 1.7e+00 8.88e-01  8e-01  9e-01 20:11.7
   47    564 -6.906306660663741e-02 1.8e+00 8.56e-01  7e-01  9e-01 21:04.6
   49    588 -8.078567383600339e-02 1.7e+00 8.47e-01  7e-01  9e-01 21:57.2
   51    612 -5.361311556598262e-02 1.8e+00 8.51e-01  7e-01  9e-01 22:50.1
   53    636 -7.266362417644809e-02 1.8e+00 8.48e-01  7e-01  9e-01 23:42.6
   55    660 -4.607692596108758e-02 1.8e+00 8.18e-01  7e-01  9e-01 24:35.3
   57    684 -5.106533722121269e-02 1.8e+00 8.10e-01  7e-01  9e-01 25:27.9
   59    708 -4.907891814204029e-02 1.8e+00 7.69e-01  7e-01  8e-01 26:20.7
   61    732 -1.098498073409183e-01 1.9e+00 7.89e-01  7e-01  9e-01 27:13.4
   63    756 -6.216855501490650e-02 2.0e+00 8.04e-01  7e-01  9e-01 28:06.0
   65    780 -1.009000075650525e-01 2.0e+00 7.59e-01  7e-01  9e-01 28:58.8
   67    804 -7.002367536334381e-02 2.0e+00 7.40e-01  6e-01  8e-01 29:51.6
   69    828 -8.017349372608386e-02 2.0e+00 7.51e-01  6e-01  9e-01 30:44.4
   71    852 -9.597258097332444e-02 2.1e+00 7.64e-01  7e-01  9e-01 31:37.1
   73    876 -9.434821317242678e-02 2.2e+00 8.09e-01  7e-01  9e-01 32:29.7
   75    900 -1.614101799804908e-02 2.3e+00 8.69e-01  7e-01  1e+00 33:22.3
   77    924 -9.392425813344336e-02 2.4e+00 8.84e-01  7e-01  1e+00 34:15.2
   79    948 -1.163977194152531e-01 2.4e+00 8.86e-01  7e-01  1e+00 35:07.7
   82    984 -4.053436747391657e-02 2.5e+00 9.06e-01  7e-01  1e+00 36:26.7
   85   1020 -8.521435228554064e-02 2.5e+00 8.90e-01  7e-01  1e+00 37:45.9
   88   1056 -6.523280652211592e-02 2.5e+00 8.90e-01  7e-01  1e+00 39:05.1
   91   1092 -6.123933914951272e-02 2.7e+00 9.12e-01  7e-01  1e+00 40:24.2
   94   1128 -5.517121493279543e-02 2.7e+00 8.95e-01  7e-01  1e+00 41:43.3
   97   1164 -9.448106521026253e-02 2.7e+00 8.96e-01  7e-01  1e+00 43:02.4
  100   1200 -8.528976467549863e-02 2.7e+00 8.81e-01  7e-01  1e+00 44:21.6
  103   1236 -9.949325680676843e-02 2.8e+00 9.01e-01  7e-01  1e+00 45:40.8
  106   1272 -7.796331509690294e-02 2.7e+00 7.77e-01  6e-01  9e-01 46:59.9
  109   1308 -7.506879289638055e-02 2.9e+00 7.58e-01  6e-01  9e-01 48:19.2
  112   1344 -8.065883767895403e-02 2.9e+00 7.18e-01  6e-01  9e-01 49:37.9
  115   1380 -1.130402145041963e-01 3.0e+00 7.01e-01  5e-01  8e-01 50:57.0
  118   1416 -8.244464117587373e-02 3.1e+00 6.97e-01  5e-01  8e-01 52:16.3
  121   1452 -5.939161396119964e-02 3.1e+00 6.90e-01  5e-01  8e-01 53:35.5
  124   1488 -6.237269984286081e-02 3.2e+00 8.09e-01  6e-01  1e+00 54:55.2
  127   1524 -3.809789240552910e-02 3.2e+00 7.72e-01  6e-01  9e-01 56:14.3
  130   1560 -5.963025440609847e-02 3.2e+00 8.21e-01  6e-01  1e+00 57:33.8
  133   1596 -8.174833062105320e-02 3.2e+00 8.57e-01  7e-01  1e+00 58:52.8
  136   1632 -4.369161705025830e-02 3.2e+00 8.79e-01  7e-01  1e+00 60:12.0
  139   1668 -5.255729336050517e-02 3.2e+00 9.04e-01  7e-01  1e+00 61:31.2
  142   1704 -7.374750716889839e-02 3.3e+00 8.88e-01  7e-01  1e+00 62:50.1
  145   1740 -8.326338708106118e-02 3.4e+00 8.40e-01  6e-01  1e+00 64:09.2
  148   1776 -6.649672852749861e-02 3.3e+00 8.76e-01  6e-01  1e+00 65:28.2
  151   1812 -5.962009190408425e-02 3.4e+00 9.03e-01  6e-01  1e+00 66:47.4
  154   1848 -3.618621510007108e-02 3.5e+00 8.79e-01  6e-01  1e+00 68:06.3
  157   1884 -2.878240682664203e-02 3.6e+00 9.87e-01  7e-01  1e+00 69:25.2
  160   1920 -5.023066178743903e-02 3.6e+00 1.05e+00  8e-01  1e+00 70:44.2
  164   1968 -7.555942702975380e-02 3.7e+00 9.34e-01  7e-01  1e+00 72:29.6
  168   2016 -1.337724417567170e-02 3.7e+00 8.29e-01  6e-01  1e+00 74:15.0
  172   2064 -1.114146474744208e-02 3.7e+00 7.63e-01  5e-01  9e-01 76:00.5
  176   2112 -8.369585049169112e-02 3.8e+00 8.07e-01  6e-01  1e+00 77:45.9
  180   2160 -5.365987520509641e-02 3.8e+00 7.52e-01  6e-01  9e-01 79:31.3
  184   2208 -7.106729797182484e-02 3.7e+00 6.19e-01  5e-01  7e-01 81:16.9
  188   2256 -6.753178407584978e-02 3.8e+00 6.56e-01  5e-01  8e-01 83:02.4
  192   2304 -7.316421806246139e-02 3.8e+00 6.46e-01  5e-01  8e-01 84:47.9
  196   2352 -8.365460010366446e-02 3.9e+00 6.26e-01  5e-01  8e-01 86:33.3
  200   2400 -8.543787885978626e-02 4.0e+00 6.84e-01  5e-01  8e-01 88:19.2
  204   2448 -6.961193627555967e-02 4.1e+00 6.01e-01  4e-01  8e-01 90:04.7
  208   2496 -1.018236491603435e-01 4.0e+00 5.45e-01  4e-01  7e-01 91:50.3
  212   2544 -8.557825737909969e-02 4.2e+00 4.91e-01  4e-01  6e-01 93:35.8
  216   2592 -6.748121500126394e-02 4.1e+00 5.03e-01  4e-01  6e-01 95:21.4
  220   2640 -9.411274923120752e-02 4.1e+00 4.79e-01  3e-01  6e-01 97:06.9
  224   2688 -8.276239872238107e-02 4.2e+00 4.69e-01  3e-01  6e-01 98:52.4
  228   2736 -9.739507232654640e-02 4.2e+00 4.47e-01  3e-01  5e-01 100:37.9
  232   2784 -8.438085197688981e-02 4.2e+00 4.32e-01  3e-01  5e-01 102:23.5
  236   2832 -8.255484947953458e-02 4.4e+00 4.89e-01  3e-01  6e-01 104:09.3
  240   2880 -2.442080972747370e-02 4.5e+00 5.05e-01  3e-01  7e-01 105:55.2
  244   2928 -1.062547866453599e-01 4.7e+00 4.89e-01  3e-01  7e-01 107:41.0
  248   2976 -1.009999397913827e-01 4.7e+00 4.31e-01  3e-01  6e-01 109:26.5
  252   3024 -9.974621897932455e-02 4.7e+00 4.61e-01  3e-01  6e-01 111:12.1
  256   3072 -8.727692212161360e-02 4.6e+00 5.37e-01  4e-01  7e-01 112:58.0
  260   3120 -7.520602198656585e-02 4.6e+00 5.09e-01  3e-01  7e-01 114:43.7
  264   3168 -1.040433594622197e-01 4.7e+00 4.69e-01  3e-01  6e-01 116:29.5
  269   3228 -1.126450905500230e-01 4.6e+00 4.28e-01  3e-01  6e-01 118:41.4
  274   3288 -1.017411459957593e-01 4.6e+00 4.25e-01  3e-01  5e-01 120:53.2
  279   3348 -9.990318323995545e-02 4.6e+00 4.03e-01  3e-01  5e-01 123:05.2
  284   3408 -9.509892912110113e-02 4.5e+00 3.91e-01  3e-01  5e-01 125:17.3
  289   3468 -1.028767504984536e-01 4.6e+00 4.11e-01  3e-01  5e-01 127:29.3
  294   3528 -1.022843893668908e-01 4.7e+00 4.05e-01  3e-01  5e-01 129:41.0
  299   3588 -1.057108460353888e-01 4.6e+00 3.78e-01  3e-01  5e-01 131:52.9
  300   3600 -9.454112482512207e-02 4.6e+00 3.59e-01  2e-01  4e-01 132:19.3
  305   3660 -1.046941641023788e-01 4.7e+00 3.31e-01  2e-01  4e-01 134:31.5
  310   3720 -1.026735553241024e-01 5.0e+00 3.33e-01  2e-01  4e-01 136:43.7
  315   3780 -1.080115661604043e-01 5.0e+00 2.95e-01  2e-01  4e-01 138:55.4
  320   3840 -1.180688035251737e-01 5.1e+00 2.60e-01  2e-01  3e-01 141:07.5
  325   3900 -1.245120563163724e-01 5.2e+00 2.56e-01  2e-01  3e-01 143:19.5
  330   3960 -1.304208112835288e-01 5.1e+00 1.97e-01  1e-01  2e-01 145:31.3
  335   4020 -1.324671454045346e-01 5.2e+00 1.91e-01  1e-01  2e-01 147:43.1
  340   4080 -1.321397357061829e-01 5.3e+00 1.52e-01  1e-01  2e-01 149:54.9
  345   4140 -1.324486755900710e-01 5.5e+00 1.28e-01  8e-02  1e-01 152:07.1
  350   4200 -1.315551579532137e-01 5.7e+00 1.23e-01  7e-02  1e-01 154:19.2
  355   4260 -1.329463252813729e-01 5.8e+00 1.22e-01  7e-02  1e-01 156:31.3
  360   4320 -1.326761007569875e-01 6.1e+00 1.04e-01  6e-02  1e-01 158:43.8
  365   4380 -1.338738731459109e-01 6.6e+00 1.13e-01  6e-02  1e-01 160:56.0
  370   4440 -1.345168165286332e-01 7.0e+00 1.03e-01  6e-02  1e-01 163:08.5
  375   4500 -1.351696109559467e-01 7.4e+00 9.11e-02  5e-02  1e-01 165:20.4
  380   4560 -1.352891289596328e-01 7.9e+00 8.12e-02  4e-02  1e-01 167:32.3
  385   4620 -1.350623438191068e-01 8.5e+00 7.27e-02  4e-02  9e-02 169:43.9
  390   4680 -1.358535145859489e-01 9.2e+00 7.53e-02  4e-02  9e-02 171:55.4
  395   4740 -1.355984815958410e-01 1.0e+01 7.76e-02  4e-02  1e-01 174:07.5
  400   4800 -1.348724376507468e-01 1.1e+01 7.03e-02  4e-02  9e-02 176:20.0
  406   4872 -1.361806749097123e-01 1.1e+01 5.75e-02  3e-02  7e-02 178:58.3
  412   4944 -1.361659210166881e-01 1.2e+01 5.21e-02  3e-02  7e-02 181:36.7
  418   5016 -1.362455972771417e-01 1.3e+01 5.19e-02  3e-02  7e-02 184:15.0
  424   5088 -1.363022739633883e-01 1.3e+01 4.06e-02  2e-02  6e-02 186:55.2
  430   5160 -1.362977748425028e-01 1.4e+01 3.41e-02  2e-02  5e-02 189:33.3
  436   5232 -1.363427012861390e-01 1.4e+01 2.77e-02  1e-02  4e-02 192:11.9
  442   5304 -1.364077803775488e-01 1.4e+01 2.32e-02  1e-02  3e-02 194:50.3
  448   5376 -1.364173439208473e-01 1.5e+01 1.94e-02  1e-02  3e-02 197:29.2
  454   5448 -1.364845787051619e-01 1.5e+01 1.61e-02  8e-03  2e-02 200:07.5
  460   5520 -1.365229810611918e-01 1.6e+01 1.98e-02  1e-02  3e-02 202:46.1
  466   5592 -1.365596445841948e-01 1.6e+01 1.98e-02  1e-02  3e-02 205:24.3
  472   5664 -1.365918288351652e-01 1.7e+01 1.94e-02  1e-02  3e-02 208:02.5
  478   5736 -1.366087863246239e-01 1.8e+01 1.94e-02  1e-02  2e-02 210:40.8
  484   5808 -1.366279022354565e-01 1.9e+01 1.65e-02  8e-03  2e-02 213:18.8
  490   5880 -1.366513644839794e-01 2.0e+01 1.51e-02  7e-03  2e-02 215:57.2
  496   5952 -1.366761502123468e-01 2.3e+01 1.64e-02  8e-03  2e-02 218:35.7
  500   6000 -1.366788917170241e-01 2.3e+01 1.67e-02  8e-03  2e-02 220:21.6
  506   6072 -1.367006797227193e-01 2.5e+01 1.59e-02  8e-03  2e-02 223:00.0
  512   6144 -1.367428055326755e-01 2.6e+01 1.55e-02  7e-03  2e-02 225:38.4
  518   6216 -1.367670454223585e-01 2.8e+01 2.14e-02  1e-02  3e-02 228:17.0
  524   6288 -1.367607541382360e-01 2.9e+01 2.57e-02  1e-02  3e-02 230:55.3
  530   6360 -1.368051622553309e-01 3.2e+01 2.43e-02  1e-02  3e-02 233:33.5
  536   6432 -1.368704061725992e-01 3.5e+01 2.66e-02  1e-02  4e-02 236:11.7
  542   6504 -1.368744375658169e-01 3.9e+01 2.46e-02  1e-02  4e-02 238:49.7
  548   6576 -1.369420731112185e-01 4.5e+01 2.98e-02  1e-02  5e-02 241:28.1
  555   6660 -1.369800324850442e-01 4.8e+01 2.70e-02  1e-02  4e-02 244:32.5
  562   6744 -1.370438084913343e-01 5.3e+01 2.96e-02  1e-02  6e-02 247:37.3
  569   6828 -1.371228369226893e-01 6.6e+01 3.17e-02  1e-02  7e-02 250:43.7
  576   6912 -1.372164011135713e-01 7.7e+01 3.69e-02  1e-02  1e-01 253:47.9
  583   6996 -1.371917228338642e-01 8.7e+01 4.05e-02  2e-02  1e-01 256:52.4
  590   7080 -1.373185663949979e-01 9.1e+01 2.90e-02  1e-02  9e-02 259:58.9
  597   7164 -1.373476609094607e-01 9.6e+01 2.33e-02  9e-03  7e-02 263:03.4
  600   7200 -1.374037243639792e-01 1.0e+02 2.77e-02  1e-02  1e-01 264:22.5
  607   7284 -1.375120208075789e-01 1.2e+02 4.72e-02  2e-02  2e-01 267:27.1
  614   7368 -1.374966991790117e-01 1.4e+02 5.98e-02  2e-02  3e-01 270:33.4
  621   7452 -1.376199597677170e-01 1.4e+02 4.83e-02  2e-02  2e-01 273:37.9
  628   7536 -1.377660785341306e-01 1.5e+02 5.59e-02  2e-02  3e-01 276:42.8
  635   7620 -1.379634996861210e-01 1.6e+02 6.40e-02  2e-02  3e-01 279:47.3
  642   7704 -1.379530375368256e-01 1.6e+02 7.25e-02  3e-02  4e-01 282:52.0
  649   7788 -1.381214318740921e-01 1.7e+02 8.18e-02  3e-02  4e-01 285:56.8
  656   7872 -1.381792696522270e-01 1.8e+02 6.92e-02  2e-02  4e-01 289:01.6
  663   7956 -1.381127967844404e-01 1.8e+02 6.33e-02  2e-02  3e-01 292:06.3
  670   8040 -1.382630173868793e-01 1.8e+02 5.05e-02  1e-02  3e-01 295:11.1
  677   8124 -1.382957349859716e-01 1.9e+02 5.21e-02  1e-02  3e-01 298:15.8
  684   8208 -1.383744239082120e-01 1.9e+02 4.07e-02  1e-02  2e-01 301:20.4
  691   8292 -1.383893385902056e-01 2.1e+02 3.64e-02  1e-02  2e-01 304:27.0
  698   8376 -1.384953623836857e-01 2.1e+02 3.35e-02  9e-03  2e-01 307:31.1
  700   8400 -1.385063475961394e-01 2.1e+02 3.50e-02  9e-03  2e-01 308:23.9
  707   8484 -1.386121376964178e-01 2.2e+02 3.28e-02  8e-03  2e-01 311:28.5
  714   8568 -1.386777787466976e-01 2.2e+02 3.78e-02  9e-03  2e-01 314:33.0
  721   8652 -1.387298429095263e-01 2.5e+02 3.96e-02  9e-03  3e-01 317:37.7
  729   8748 -1.389126408073976e-01 2.8e+02 4.10e-02  9e-03  3e-01 321:08.8
  737   8844 -1.390557391394885e-01 3.1e+02 4.90e-02  1e-02  4e-01 324:39.9
  745   8940 -1.392234018661647e-01 3.3e+02 4.48e-02  9e-03  4e-01 328:11.1
  753   9036 -1.394291989697737e-01 3.5e+02 4.40e-02  9e-03  4e-01 331:41.7
  761   9132 -1.397739132643850e-01 3.9e+02 5.67e-02  1e-02  5e-01 335:12.3
  769   9228 -1.399573023019420e-01 4.4e+02 6.71e-02  1e-02  7e-01 338:43.2
  777   9324 -1.399391784516893e-01 4.7e+02 6.55e-02  1e-02  7e-01 342:14.2
  785   9420 -1.400577638274004e-01 4.7e+02 4.97e-02  9e-03  5e-01 345:45.2
  793   9516 -1.401897577136463e-01 4.7e+02 5.15e-02  9e-03  6e-01 349:15.8
  800   9600 -1.402552205991854e-01 4.6e+02 4.94e-02  8e-03  5e-01 352:20.1
  808   9696 -1.402306281418729e-01 4.7e+02 5.55e-02  9e-03  6e-01 355:51.1
  816   9792 -1.402504651032414e-01 4.7e+02 4.13e-02  6e-03  4e-01 359:21.8
  824   9888 -1.402724117382133e-01 4.9e+02 3.13e-02  5e-03  3e-01 362:53.0
  832   9984 -1.403145934156328e-01 4.9e+02 3.42e-02  5e-03  3e-01 366:23.5
  840  10080 -1.403158036728663e-01 5.0e+02 3.01e-02  4e-03  3e-01 369:54.1
  848  10176 -1.403589966623306e-01 5.0e+02 2.99e-02  4e-03  3e-01 373:24.8
  856  10272 -1.403930686148293e-01 5.0e+02 3.30e-02  4e-03  3e-01 376:55.4
  864  10368 -1.404076494403263e-01 5.1e+02 3.42e-02  4e-03  3e-01 380:27.0
  872  10464 -1.404552428476030e-01 5.1e+02 3.55e-02  4e-03  3e-01 383:57.6
  880  10560 -1.405040641135843e-01 5.1e+02 4.41e-02  5e-03  4e-01 387:27.3
  888  10656 -1.405414505671378e-01 5.2e+02 5.38e-02  6e-03  5e-01 390:57.2
  896  10752 -1.406476769683462e-01 5.2e+02 4.63e-02  5e-03  4e-01 394:27.2
  900  10800 -1.406654365815757e-01 5.2e+02 4.56e-02  5e-03  4e-01 396:12.2
  908  10896 -1.407005841134226e-01 5.2e+02 4.46e-02  4e-03  4e-01 399:42.3
  916  10992 -1.407944622611673e-01 5.4e+02 4.46e-02  4e-03  4e-01 403:12.5
  924  11088 -1.408987503150599e-01 5.4e+02 5.62e-02  5e-03  5e-01 406:42.9
  933  11196 -1.409383793773943e-01 5.5e+02 6.58e-02  6e-03  5e-01 410:39.5
  942  11304 -1.410210979055269e-01 5.6e+02 5.90e-02  5e-03  5e-01 414:36.1
  951  11412 -1.410327750292738e-01 5.7e+02 4.81e-02  4e-03  4e-01 418:32.7
  960  11520 -1.411293666101631e-01 5.7e+02 5.06e-02  4e-03  4e-01 422:29.7
  969  11628 -1.411715267055878e-01 5.9e+02 3.87e-02  3e-03  3e-01 426:26.5
  978  11736 -1.412129543706259e-01 6.2e+02 3.37e-02  3e-03  3e-01 430:23.4
  987  11844 -1.412502234873745e-01 6.0e+02 3.30e-02  3e-03  3e-01 434:19.5
  996  11952 -1.412631785664370e-01 6.1e+02 3.32e-02  3e-03  3e-01 438:15.8
 1000  12000 -1.412873762741559e-01 6.0e+02 3.17e-02  3e-03  3e-01 440:00.8
Budget constraint satisfied 1693.5134887695312 1790.5783081054688 Difference:  97.0648193359375
Budget constraint satisfied 1720.7967224121094 1790.5783081054688 Difference:  69.78158569335938
two_most_probable_states: ['1000100001', '1000000101']
final_expectation_value: -0.14128737627415588
params: [-5.967823715948761, 2.7547492408244625, -5.109988689029655, -11.935765354430961, -23.98684798373519, -25.31250415511951, 0.7275564878812479, -0.12572009413865665, 17.56046413129353, -8.62618872900694, -6.531512443973424, 7.463747518364275, 9.899387322460157, -6.157881535694668, -3.0268157600120618, 0.4482535667728041, 3.652437489923612, 2.2202178219283817, 9.351627391438983, 3.2026205653269315]
total_steps: 1000
states_probs: [0.007975056501045361, 0.008027041340495051]
optimized_portfolios: [{'CVX': 1, 'MCD': 1, 'V': 4}, {'CVX': 1, 'MCD': 0, 'V': 5}]
objective_values: [-1586.7646719744675, -1430.7381694568085]
result_with_budget: [{'portfolio': {'CVX': 1, 'MCD': 1, 'V': 4}, 'budget': 1693.5134887695312, 'difference': 97.0648193359375}, {'portfolio': {'CVX': 1, 'MCD': 0, 'V': 5}, 'budget': 1720.7967224121094, 'difference': 69.78158569335938}]
Processing experiment 143
Budget: 762.6900062561035
Expected returns: 0.07964969298444553
Covariance matrix: 0.3655763104587129
3rd-order coskewness tensor: -0.39677713647617624
4th-order cokurtosis tensor: 14.682983182505165
Number of qubits for asset DOW: 5
Number of qubits for asset MSFT: 1
Number of qubits for asset TRV: 2
Total number of qubits:  8
Optimized Weights (considering variance, skewness and kurtosis):
DOW: 30.99%
MSFT: 57.10%
TRV: 11.91%
Left over budget:  66.24022608581959
Optimized Discrete Allocation:
DOW: 7
MSFT: 1
Maximized utility from continuous higher moments:  -5778.93641728577
Budget constraint satisfied 739.3630905151367 762.6900062561035 Difference:  23.326915740966797
Budget constraint satisfied 759.1245155334473 762.6900062561035 Difference:  3.56549072265625
smallest_eigenvalues: [-0.06604727351566499]
smallest_bitstrings: ['01000110']
first_excited_energy: -0.06603302907823182
optimized_portfolio: [{'DOW': 2, 'MSFT': 1, 'TRV': 1}]
second_optimized_portfolio: [{'DOW': 1, 'MSFT': 0, 'TRV': 3}]
result_with_budget: [{'portfolio': {'DOW': 2, 'MSFT': 1, 'TRV': 1}, 'budget': 739.3630905151367, 'difference': 23.326915740966797, 'objective_value': -239.85730699225266}]
result_with_budget_excited: [{'portfolio': {'DOW': 1, 'MSFT': 0, 'TRV': 3}, 'budget': 759.1245155334473, 'difference': 3.56549072265625, 'objective_value': -471.0608002347341}]
Initial params:  [1.80062955 2.55887908 0.51092198 0.88807741 0.75521308 3.01596101
 0.58105085 0.24003531 0.42628123 2.21610744 1.55840951 2.65969281
 2.18455689 0.74901453 2.33647403 2.16714901]
(6_w,12)-aCMA-ES (mu_w=3.7,w_1=40%) in dimension 16 (seed=130179, Sat Mar 15 18:43:27 2025)
Iterat #Fevals   function value  axis ratio  sigma  min&max std  t[m:s]
    1     12 7.074071488451794e-02 1.0e+00 1.40e+00  1e+00  1e+00 0:08.7
    2     24 2.063939381938852e-02 1.1e+00 1.33e+00  1e+00  1e+00 0:17.4
    3     36 -1.155985086771291e-02 1.2e+00 1.31e+00  1e+00  1e+00 0:26.1
    4     48 9.328669195939481e-03 1.2e+00 1.29e+00  1e+00  1e+00 0:34.7
    5     60 -2.470255107927406e-02 1.3e+00 1.29e+00  1e+00  1e+00 0:43.3
    6     72 -2.299945098964243e-02 1.3e+00 1.32e+00  1e+00  1e+00 0:51.9
    7     84 9.180482273778831e-03 1.3e+00 1.34e+00  1e+00  1e+00 1:00.6
    8     96 -2.804457374636271e-02 1.4e+00 1.35e+00  1e+00  1e+00 1:09.2
    9    108 3.229330675709840e-03 1.4e+00 1.39e+00  1e+00  1e+00 1:17.9
   11    132 -8.091240403729041e-03 1.6e+00 1.43e+00  1e+00  2e+00 1:35.2
   13    156 -6.759900132630097e-03 1.7e+00 1.47e+00  1e+00  2e+00 1:52.4
   15    180 -8.984391154932882e-03 1.8e+00 1.54e+00  1e+00  2e+00 2:09.7
   17    204 1.787380544749385e-02 1.8e+00 1.66e+00  2e+00  2e+00 2:27.0
   19    228 4.276455479747136e-02 1.9e+00 1.52e+00  1e+00  2e+00 2:44.3
   21    252 -2.009180825138914e-02 1.8e+00 1.44e+00  1e+00  2e+00 3:01.6
   23    276 7.742982165557783e-03 1.9e+00 1.44e+00  1e+00  2e+00 3:18.9
   25    300 -6.165373277387344e-03 2.0e+00 1.53e+00  1e+00  2e+00 3:36.2
   27    324 8.112237917473837e-02 2.0e+00 1.61e+00  1e+00  2e+00 3:53.5
   30    360 -1.368440532346300e-02 2.1e+00 1.60e+00  1e+00  2e+00 4:19.4
   33    396 -5.598302074907201e-03 2.2e+00 1.89e+00  2e+00  2e+00 4:45.4
   36    432 2.334298883755156e-02 2.2e+00 1.93e+00  2e+00  2e+00 5:11.4
   39    468 1.432395009058229e-02 2.2e+00 1.88e+00  2e+00  2e+00 5:37.4
   42    504 -1.668296234279794e-03 2.2e+00 1.76e+00  1e+00  2e+00 6:03.4
   45    540 4.776228135422385e-02 2.3e+00 1.81e+00  2e+00  2e+00 6:29.5
   48    576 1.473700571220788e-02 2.4e+00 2.17e+00  2e+00  3e+00 6:55.5
   51    612 2.972559214174674e-02 2.3e+00 2.44e+00  2e+00  3e+00 7:21.6
   55    660 7.062347980371179e-02 2.3e+00 2.37e+00  2e+00  3e+00 7:56.4
   59    708 1.807342938509586e-02 2.5e+00 2.75e+00  2e+00  3e+00 8:31.0
   63    756 7.580732567699169e-02 2.5e+00 2.99e+00  3e+00  3e+00 9:05.6
   67    804 3.351822939052325e-02 2.5e+00 3.64e+00  3e+00  4e+00 9:40.2
   71    852 3.283410115426824e-02 2.5e+00 4.00e+00  3e+00  5e+00 10:14.8
   75    900 3.544244269008815e-02 2.6e+00 4.32e+00  4e+00  5e+00 10:49.5
   79    948 6.978853747944100e-02 2.6e+00 4.72e+00  4e+00  6e+00 11:24.2
   83    996 5.763521345718251e-02 2.7e+00 5.00e+00  4e+00  6e+00 11:58.9
   87   1044 1.047066164260295e-01 2.7e+00 4.50e+00  4e+00  5e+00 12:33.6
   92   1104 4.821897390926112e-02 2.9e+00 3.83e+00  3e+00  4e+00 13:16.7
   97   1164 2.666123156814271e-02 3.0e+00 3.80e+00  3e+00  4e+00 13:59.9
  100   1200 4.038277803198426e-02 3.1e+00 3.72e+00  3e+00  4e+00 14:25.9
  105   1260 1.381299095750808e-02 3.1e+00 3.73e+00  3e+00  4e+00 15:09.2
  110   1320 3.040691498313524e-02 3.3e+00 2.96e+00  2e+00  3e+00 15:52.5
  115   1380 2.539697510323326e-02 3.3e+00 2.80e+00  2e+00  3e+00 16:35.8
  120   1440 3.692589746256765e-02 3.4e+00 2.65e+00  2e+00  3e+00 17:19.1
  125   1500 5.534523726169339e-02 3.6e+00 2.13e+00  2e+00  2e+00 18:02.4
  130   1560 6.056653778632802e-02 3.4e+00 1.92e+00  1e+00  2e+00 18:45.7
  136   1632 2.390702784365045e-02 3.3e+00 1.54e+00  1e+00  2e+00 19:37.7
  142   1704 2.706716587208487e-02 3.1e+00 1.61e+00  1e+00  2e+00 20:29.5
  148   1776 2.486303162361689e-02 3.3e+00 1.48e+00  1e+00  2e+00 21:21.5
  154   1848 5.104608485604701e-02 3.5e+00 1.74e+00  1e+00  2e+00 22:13.5
  160   1920 4.091596802915608e-02 3.5e+00 2.46e+00  2e+00  3e+00 23:05.5
  166   1992 6.394941824386018e-02 4.0e+00 2.32e+00  2e+00  3e+00 23:57.5
  172   2064 5.524015632004329e-02 4.3e+00 2.49e+00  2e+00  3e+00 24:49.4
  178   2136 4.643747061768445e-02 4.6e+00 2.35e+00  2e+00  3e+00 25:41.4
  185   2220 4.093514562040158e-02 5.0e+00 2.50e+00  2e+00  3e+00 26:42.0
  192   2304 1.016728412378647e-01 4.8e+00 2.83e+00  2e+00  3e+00 27:42.5
  199   2388 9.910227983680785e-02 5.2e+00 3.18e+00  2e+00  4e+00 28:43.2
  200   2400 3.926350985782435e-02 5.2e+00 3.13e+00  2e+00  4e+00 28:51.9
  207   2484 2.905879060584995e-02 5.0e+00 2.54e+00  2e+00  3e+00 29:52.6
  214   2568 2.812016754847554e-02 4.8e+00 2.72e+00  2e+00  3e+00 30:53.1
  221   2652 6.952968524343900e-02 5.2e+00 3.15e+00  2e+00  4e+00 31:53.7
  228   2736 4.594551056165631e-02 4.9e+00 2.90e+00  2e+00  3e+00 32:54.2
  235   2820 4.414265374546367e-02 5.1e+00 2.52e+00  2e+00  3e+00 33:54.7
  243   2916 2.317956432603261e-02 5.1e+00 1.96e+00  1e+00  2e+00 35:03.9
  251   3012 6.059465709120317e-02 5.4e+00 2.78e+00  2e+00  3e+00 36:13.1
  259   3108 7.793226807107601e-02 5.4e+00 3.18e+00  2e+00  4e+00 37:22.3
  267   3204 7.941965443806856e-02 5.5e+00 3.13e+00  2e+00  4e+00 38:31.5
  275   3300 6.991579234319423e-02 5.4e+00 3.35e+00  2e+00  4e+00 39:40.7
  283   3396 7.431120043276306e-02 5.9e+00 4.63e+00  3e+00  6e+00 40:49.9
  291   3492 1.320355476840811e-02 5.6e+00 3.86e+00  2e+00  5e+00 41:59.1
  299   3588 6.393846162085537e-02 6.0e+00 3.50e+00  2e+00  4e+00 43:08.3
  300   3600 5.684826345535492e-02 5.9e+00 3.39e+00  2e+00  4e+00 43:17.0
  309   3708 2.135567201215179e-02 6.1e+00 3.39e+00  2e+00  4e+00 44:35.0
  318   3816 8.533031272529436e-02 6.5e+00 4.68e+00  3e+00  6e+00 45:52.8
  327   3924 3.116424284824794e-02 7.0e+00 5.62e+00  3e+00  7e+00 47:10.6
  336   4032 6.078197797275502e-02 7.7e+00 7.44e+00  4e+00  1e+01 48:28.4
  345   4140 9.773668000970163e-02 8.0e+00 8.40e+00  4e+00  1e+01 49:46.3
  354   4248 8.543169753276914e-02 9.0e+00 1.23e+01  7e+00  2e+01 51:04.3
  363   4356 8.768648627887873e-02 9.2e+00 9.28e+00  5e+00  1e+01 52:22.1
  372   4464 5.839998320394113e-02 9.3e+00 8.29e+00  4e+00  1e+01 53:40.1
  382   4584 8.856446499492317e-02 9.6e+00 9.22e+00  5e+00  1e+01 55:06.7
  392   4704 6.086209412017918e-02 9.6e+00 7.71e+00  4e+00  1e+01 56:33.0
  400   4800 1.030089961691490e-01 1.0e+01 8.28e+00  5e+00  1e+01 57:42.2
  410   4920 9.666286429803410e-02 1.1e+01 8.29e+00  5e+00  1e+01 59:08.7
  420   5040 1.050502063162578e-01 1.1e+01 9.23e+00  5e+00  1e+01 60:35.1
  430   5160 8.927621693616207e-02 1.2e+01 9.54e+00  5e+00  1e+01 62:01.6
  440   5280 7.968215575427731e-02 1.5e+01 1.11e+01  6e+00  2e+01 63:28.2
  450   5400 5.096502279569567e-02 1.5e+01 1.16e+01  6e+00  2e+01 64:54.8
  460   5520 4.175290685994364e-02 1.6e+01 7.90e+00  4e+00  1e+01 66:21.3
  471   5652 7.842586250336227e-02 1.5e+01 5.93e+00  3e+00  1e+01 67:56.6
  482   5784 3.483537510828520e-02 1.4e+01 3.68e+00  2e+00  6e+00 69:31.7
  493   5916 5.662247391015279e-02 1.4e+01 3.50e+00  2e+00  6e+00 71:06.8
  500   6000 8.336482294006582e-02 1.4e+01 3.62e+00  2e+00  6e+00 72:07.5
  511   6132 5.735156293395476e-02 1.4e+01 4.61e+00  2e+00  7e+00 73:42.8
  522   6264 4.652924026288838e-02 1.4e+01 5.45e+00  3e+00  8e+00 75:18.0
  533   6396 4.410258221684464e-02 1.4e+01 4.52e+00  2e+00  6e+00 76:53.2
  544   6528 6.961283592645065e-02 1.4e+01 4.69e+00  2e+00  7e+00 78:28.4
  555   6660 7.272640801249065e-02 1.5e+01 5.97e+00  3e+00  9e+00 80:03.6
  567   6804 6.123113842504421e-02 1.6e+01 6.67e+00  3e+00  1e+01 81:47.5
  579   6948 9.004306749192256e-02 1.6e+01 5.39e+00  2e+00  8e+00 83:31.3
  591   7092 8.642314517338411e-02 1.8e+01 7.22e+00  3e+00  1e+01 85:15.4
  600   7200 5.792648903639624e-02 1.8e+01 8.46e+00  4e+00  1e+01 86:33.4
  612   7344 5.665944957640828e-02 1.7e+01 7.58e+00  3e+00  1e+01 88:17.5
  624   7488 9.983664091487260e-02 1.7e+01 1.03e+01  4e+00  1e+01 90:01.1
  636   7632 5.482921045860088e-02 1.8e+01 1.12e+01  5e+00  2e+01 91:44.9
  648   7776 1.201108526809549e-01 1.7e+01 1.24e+01  6e+00  2e+01 93:28.8
  661   7932 9.286691286572474e-02 2.0e+01 1.44e+01  7e+00  2e+01 95:21.2
  674   8088 9.864905619192502e-02 2.1e+01 1.57e+01  7e+00  2e+01 97:13.8
  687   8244 1.029042828837833e-01 2.5e+01 2.26e+01  1e+01  4e+01 99:06.4
  700   8400 9.692384331153339e-02 2.6e+01 2.22e+01  1e+01  3e+01 100:58.9
  713   8556 1.142074609669401e-01 2.6e+01 2.15e+01  1e+01  3e+01 102:51.4
  726   8712 9.809842436631087e-02 2.6e+01 1.85e+01  9e+00  3e+01 104:44.0
  739   8868 1.099570177897147e-01 2.5e+01 1.43e+01  7e+00  2e+01 106:36.5
  752   9024 1.126182544060886e-01 2.7e+01 1.10e+01  6e+00  2e+01 108:29.2
  765   9180 1.039258983934519e-01 3.0e+01 1.35e+01  7e+00  2e+01 110:21.7
  779   9348 9.823800889774217e-02 3.2e+01 1.42e+01  8e+00  2e+01 112:22.9
  793   9516 1.049328897550758e-01 3.2e+01 1.56e+01  9e+00  2e+01 114:24.1
  800   9600 1.065819910257466e-01 3.4e+01 2.58e+01  1e+01  4e+01 115:24.8
  814   9768 1.161012114305567e-01 3.5e+01 3.08e+01  2e+01  5e+01 117:26.0
  828   9936 9.894269186366406e-02 3.8e+01 2.61e+01  1e+01  4e+01 119:27.2
  842  10104 1.194039902790199e-01 4.0e+01 1.93e+01  9e+00  3e+01 121:28.5
  856  10272 9.099576803619150e-02 3.9e+01 2.21e+01  1e+01  3e+01 123:29.6
  870  10440 1.039422906976233e-01 3.7e+01 1.61e+01  8e+00  2e+01 125:30.8
  884  10608 9.238203255864447e-02 3.8e+01 1.80e+01  8e+00  3e+01 127:31.9
  899  10788 1.093985329863459e-01 3.9e+01 1.23e+01  6e+00  2e+01 129:41.8
  900  10800 9.962970538820218e-02 3.9e+01 1.22e+01  6e+00  2e+01 129:50.5
  915  10980 9.834850452374011e-02 3.7e+01 1.99e+01  9e+00  3e+01 132:00.5
  930  11160 9.037575845128337e-02 4.1e+01 1.59e+01  7e+00  2e+01 134:10.3
  945  11340 1.033680773598414e-01 4.7e+01 1.50e+01  7e+00  2e+01 136:20.0
  960  11520 1.163637327537035e-01 4.6e+01 1.37e+01  6e+00  2e+01 138:30.0
  975  11700 9.533149419198998e-02 4.8e+01 1.19e+01  5e+00  2e+01 140:39.6
  990  11880 1.040392581668085e-01 4.6e+01 1.59e+01  6e+00  2e+01 142:49.3
 1000  12000 9.996387264529054e-02 4.6e+01 1.96e+01  8e+00  3e+01 144:15.7
Budget constraint satisfied 420.6565246582031 762.6900062561035 Difference:  342.0334815979004
Budget constraint satisfied 479.8169860839844 762.6900062561035 Difference:  282.87302017211914
two_most_probable_states: ['00000100', '00000001']
final_expectation_value: -0.03245513231460395
params: [-3.307439569973687, 2.1595912624645077, -3.2983922053776356, 2.8984920172207995, 7.688199438269344, -3.1575682826379596, 1.3505429329156482, 2.7980906146789994, 7.10553649964257, 6.8746249906990045, 4.581091380401546, -0.891208161124758, -0.9714791474264453, 2.5640647340943485, 1.5794755772386226, 2.658611343424915]
total_steps: 1000
states_probs: [0.021907395329414873, 0.02273990354502138]
optimized_portfolios: [{'DOW': 0, 'MSFT': 1, 'TRV': 0}, {'DOW': 0, 'MSFT': 0, 'TRV': 2}]
objective_values: [-2.182411414223146, -54.66743685047774]
result_with_budget: [{'portfolio': {'DOW': 0, 'MSFT': 1, 'TRV': 0}, 'budget': 420.6565246582031, 'difference': 342.0334815979004}, {'portfolio': {'DOW': 0, 'MSFT': 0, 'TRV': 2}, 'budget': 479.8169860839844, 'difference': 282.87302017211914}]
Processing experiment 144
Budget: 2913.719970703125
Expected returns: 0.10814551506024409
Covariance matrix: 0.4090806200428039
3rd-order coskewness tensor: 0.3364468855872208
4th-order cokurtosis tensor: 6.397513502133306
Number of qubits for asset AMGN: 4
Number of qubits for asset HD: 3
Number of qubits for asset MCD: 4
Total number of qubits:  11
Optimized Weights (considering variance, skewness and kurtosis):
AMGN: 62.89%
HD: 18.85%
MCD: 18.26%
Left over budget:  140.87295498205594
Optimized Discrete Allocation:
AMGN: 7
HD: 1
MCD: 2
Maximized utility from continuous higher moments:  -4002.5850607848993
Budget constraint satisfied 2900.8328247070312 2913.719970703125 Difference:  12.88714599609375
Budget constraint satisfied 2871.1581115722656 2913.719970703125 Difference:  42.561859130859375
smallest_eigenvalues: [-0.14165381295536378]
smallest_bitstrings: ['01100100100']
first_excited_energy: -0.14164351074359682
optimized_portfolio: [{'AMGN': 6, 'HD': 2, 'MCD': 2}]
second_optimized_portfolio: [{'AMGN': 7, 'HD': 2, 'MCD': 1}]
result_with_budget: [{'portfolio': {'AMGN': 6, 'HD': 2, 'MCD': 2}, 'budget': 2900.8328247070312, 'difference': 12.88714599609375, 'objective_value': -4268.844248133335}]
result_with_budget_excited: [{'portfolio': {'AMGN': 7, 'HD': 2, 'MCD': 1}, 'budget': 2871.1581115722656, 'difference': 42.561859130859375, 'objective_value': -3910.9220292110326}]
Initial params:  [1.01069428 0.87678356 1.1681478  2.90991115 2.58961262 1.64038653
 0.72729673 3.12775983 1.26780582 1.97120153 0.43598393 2.32287058
 1.50818478 2.51816043 1.24223081 3.05923181 1.56040078 2.96590877
 2.3642274  1.5797188 ]
(6_w,12)-aCMA-ES (mu_w=3.7,w_1=40%) in dimension 20 (seed=155969, Sat Mar 15 21:08:15 2025)
Iterat #Fevals   function value  axis ratio  sigma  min&max std  t[m:s]
    1     12 -7.509058343729062e-02 1.0e+00 1.40e+00  1e+00  1e+00 0:40.0
    2     24 -3.047393715388774e-02 1.1e+00 1.35e+00  1e+00  1e+00 1:20.1
    3     36 -7.315485330088944e-02 1.1e+00 1.28e+00  1e+00  1e+00 2:00.5
    4     48 -9.223744555327962e-02 1.1e+00 1.21e+00  1e+00  1e+00 2:40.6
    5     60 -6.433379225103843e-02 1.2e+00 1.14e+00  1e+00  1e+00 3:20.6
    6     72 -9.797947058928133e-02 1.2e+00 1.07e+00  1e+00  1e+00 4:00.6
    7     84 -7.500081627696061e-02 1.2e+00 1.01e+00  1e+00  1e+00 4:40.7
    8     96 -1.053961742722385e-01 1.2e+00 1.00e+00  1e+00  1e+00 5:21.0
    9    108 -6.207830577942971e-02 1.2e+00 1.01e+00  1e+00  1e+00 6:01.2
   10    120 -1.012814895823365e-01 1.3e+00 1.03e+00  1e+00  1e+00 6:41.4
   11    132 -7.985700778184047e-02 1.3e+00 1.01e+00  1e+00  1e+00 7:21.3
   12    144 -3.363595767031773e-02 1.4e+00 1.01e+00  1e+00  1e+00 8:01.3
   13    156 -5.330596549491279e-02 1.4e+00 9.65e-01  9e-01  1e+00 8:41.4
   14    168 -1.022629145166253e-01 1.4e+00 9.43e-01  9e-01  1e+00 9:21.5
   15    180 -3.464125516657179e-02 1.4e+00 9.58e-01  9e-01  1e+00 10:01.5
   16    192 -9.163636042854846e-02 1.4e+00 9.68e-01  9e-01  1e+00 10:41.7
   17    204 -9.788081643734388e-02 1.4e+00 9.78e-01  9e-01  1e+00 11:21.8
   18    216 -8.192650287814446e-02 1.4e+00 9.88e-01  9e-01  1e+00 12:02.0
   19    228 -8.449465854616417e-02 1.4e+00 9.93e-01  9e-01  1e+00 12:42.0
   20    240 -5.410760840286764e-02 1.4e+00 9.74e-01  9e-01  1e+00 13:22.1
   21    252 -4.991110661859510e-02 1.5e+00 9.39e-01  9e-01  1e+00 14:02.2
   22    264 -9.065303292251578e-02 1.5e+00 9.16e-01  9e-01  1e+00 14:42.1
   23    276 -5.621268565451116e-02 1.5e+00 9.22e-01  9e-01  1e+00 15:22.2
   24    288 -7.889947678377666e-02 1.5e+00 9.31e-01  9e-01  1e+00 16:02.1
   25    300 -8.646271386381300e-02 1.6e+00 9.56e-01  9e-01  1e+00 16:42.3
   26    312 -9.101264059836554e-02 1.6e+00 9.81e-01  9e-01  1e+00 17:22.3
   27    324 -8.356859869354638e-02 1.6e+00 1.01e+00  9e-01  1e+00 18:02.2
   28    336 -6.992903443880021e-02 1.6e+00 1.03e+00  1e+00  1e+00 18:42.1
   29    348 -6.329566480104795e-02 1.6e+00 1.07e+00  1e+00  1e+00 19:22.2
   30    360 -4.261099797908474e-02 1.7e+00 1.13e+00  1e+00  1e+00 20:02.2
   31    372 -1.023860337980974e-01 1.7e+00 1.20e+00  1e+00  1e+00 20:42.2
   32    384 -5.058705289684466e-02 1.8e+00 1.25e+00  1e+00  2e+00 21:22.1
   33    396 -7.752002383150147e-02 1.9e+00 1.26e+00  1e+00  2e+00 22:02.1
   34    408 -7.896944698254731e-02 1.9e+00 1.28e+00  1e+00  2e+00 22:42.0
   35    420 -1.090638485948877e-01 1.9e+00 1.30e+00  1e+00  2e+00 23:21.9
   36    432 -4.192813025000497e-02 2.0e+00 1.34e+00  1e+00  2e+00 24:02.0
   37    444 -6.221347529911510e-02 2.0e+00 1.33e+00  1e+00  2e+00 24:42.2
   38    456 -7.017295603534447e-02 2.0e+00 1.32e+00  1e+00  2e+00 25:22.3
   39    468 1.592099042183770e-03 2.0e+00 1.32e+00  1e+00  2e+00 26:02.5
   40    480 -8.141804422763239e-02 2.1e+00 1.31e+00  1e+00  2e+00 26:42.5
   41    492 -6.969371697869178e-02 2.1e+00 1.32e+00  1e+00  2e+00 27:22.6
   43    516 -9.018708639270172e-02 2.1e+00 1.30e+00  1e+00  2e+00 28:42.8
   45    540 -5.854270840266563e-02 2.1e+00 1.26e+00  1e+00  2e+00 30:03.0
   47    564 -9.362939203863216e-02 2.1e+00 1.27e+00  1e+00  2e+00 31:23.3
   49    588 -7.451167009700652e-02 2.2e+00 1.34e+00  1e+00  2e+00 32:43.5
   51    612 -4.849251466112173e-02 2.3e+00 1.33e+00  1e+00  2e+00 34:03.5
   53    636 -6.785832324973171e-02 2.3e+00 1.30e+00  1e+00  2e+00 35:23.4
   55    660 -8.687446143057290e-02 2.4e+00 1.23e+00  1e+00  1e+00 36:43.4
   57    684 -8.518886453912175e-02 2.4e+00 1.19e+00  1e+00  1e+00 38:03.3
   59    708 -6.496454578546999e-02 2.4e+00 1.14e+00  1e+00  1e+00 39:23.3
   61    732 -5.910474290852506e-02 2.5e+00 1.11e+00  1e+00  1e+00 40:43.2
   63    756 -8.953525369976321e-02 2.5e+00 1.11e+00  1e+00  1e+00 42:03.4
   65    780 -9.021047475536258e-02 2.6e+00 1.06e+00  9e-01  1e+00 43:23.2
   67    804 -5.296620782589152e-02 2.6e+00 9.81e-01  9e-01  1e+00 44:43.3
   69    828 -9.915852435707125e-02 2.6e+00 8.82e-01  8e-01  1e+00 46:03.4
   71    852 -4.355286173921971e-02 2.6e+00 8.58e-01  7e-01  1e+00 47:23.4
   73    876 -8.696024696657040e-02 2.6e+00 8.46e-01  7e-01  1e+00 48:43.3
   75    900 -6.260058696823927e-02 2.7e+00 8.05e-01  7e-01  9e-01 50:03.4
   77    924 2.150451434581584e-02 2.7e+00 7.88e-01  7e-01  9e-01 51:23.7
   79    948 -1.141726234280638e-01 2.7e+00 7.41e-01  6e-01  9e-01 52:43.6
   81    972 -1.060331115292792e-01 2.7e+00 7.71e-01  7e-01  9e-01 54:03.7
   83    996 -5.515145051341210e-02 2.7e+00 8.71e-01  7e-01  1e+00 55:23.9
   85   1020 -4.891841702801646e-02 2.7e+00 9.52e-01  8e-01  1e+00 56:44.0
   87   1044 -5.770365753232647e-02 2.8e+00 9.45e-01  8e-01  1e+00 58:04.2
   89   1068 -8.218956929024382e-02 2.8e+00 9.32e-01  8e-01  1e+00 59:24.1
   91   1092 -8.522487490555750e-02 2.8e+00 8.90e-01  7e-01  1e+00 60:44.2
   93   1116 -7.224468555266532e-02 2.8e+00 9.76e-01  8e-01  1e+00 62:04.3
   95   1140 4.038564643851445e-02 2.8e+00 1.03e+00  8e-01  1e+00 63:24.3
   97   1164 -5.256260569153576e-02 2.8e+00 1.13e+00  9e-01  1e+00 64:44.7
   99   1188 -6.820461468877516e-02 2.8e+00 1.19e+00  1e+00  1e+00 66:04.8
  100   1200 -9.503005826933236e-02 2.9e+00 1.17e+00  1e+00  1e+00 66:44.8
  102   1224 -7.509977368205077e-02 2.9e+00 1.13e+00  9e-01  1e+00 68:04.9
  104   1248 -9.224266384846440e-02 2.9e+00 1.14e+00  9e-01  1e+00 69:25.0
  106   1272 -3.603361005405818e-02 2.9e+00 1.17e+00  1e+00  1e+00 70:45.1
  108   1296 -7.168192697908909e-02 2.9e+00 1.19e+00  1e+00  1e+00 72:05.1
  110   1320 -4.830037269586798e-02 2.9e+00 1.21e+00  1e+00  1e+00 73:25.0
  112   1344 -7.267530176675617e-02 2.9e+00 1.18e+00  1e+00  1e+00 74:45.0
  114   1368 -1.216830579057505e-02 3.0e+00 1.15e+00  9e-01  1e+00 76:05.1
  116   1392 -6.418955273994306e-02 3.0e+00 1.16e+00  9e-01  1e+00 77:25.2
  118   1416 -8.434662117170721e-02 3.0e+00 1.23e+00  1e+00  1e+00 78:45.2
  121   1452 -5.831216240741426e-02 3.0e+00 1.28e+00  1e+00  1e+00 80:45.4
  124   1488 -5.609408287686131e-02 3.1e+00 1.37e+00  1e+00  2e+00 82:45.6
  127   1524 -7.797133624426050e-02 3.2e+00 1.45e+00  1e+00  2e+00 84:45.8
  130   1560 -5.106425484686080e-02 3.3e+00 1.43e+00  1e+00  2e+00 86:46.1
  133   1596 -7.665574538895971e-02 3.3e+00 1.37e+00  1e+00  2e+00 88:46.2
  136   1632 -6.684913567483312e-02 3.3e+00 1.38e+00  1e+00  2e+00 90:46.3
  139   1668 -7.844319895171837e-03 3.2e+00 1.37e+00  1e+00  2e+00 92:46.5
  142   1704 -8.303833510666336e-02 3.2e+00 1.35e+00  1e+00  2e+00 94:46.9
  145   1740 -5.394985096631531e-02 3.2e+00 1.35e+00  1e+00  2e+00 96:47.1
  148   1776 -7.897743011794663e-02 3.2e+00 1.45e+00  1e+00  2e+00 98:47.4
  151   1812 -6.985440577624241e-02 3.2e+00 1.48e+00  1e+00  2e+00 100:48.0
  154   1848 -8.571452955772989e-02 3.2e+00 1.49e+00  1e+00  2e+00 102:48.3
  157   1884 -4.576951930834351e-02 3.3e+00 1.42e+00  1e+00  2e+00 104:48.8
  160   1920 -3.567501668209706e-02 3.2e+00 1.40e+00  1e+00  2e+00 106:49.1
  163   1956 -5.838252954706317e-02 3.2e+00 1.42e+00  1e+00  2e+00 108:49.3
  166   1992 -6.206918816517339e-02 3.3e+00 1.61e+00  1e+00  2e+00 110:49.3
  169   2028 -5.238383637223407e-02 3.3e+00 1.76e+00  1e+00  2e+00 112:49.4
  172   2064 -7.352290258195938e-02 3.4e+00 1.69e+00  1e+00  2e+00 114:49.4
  175   2100 -6.950730334653966e-02 3.4e+00 1.69e+00  1e+00  2e+00 116:49.4
  178   2136 -7.151300311251053e-02 3.4e+00 1.59e+00  1e+00  2e+00 118:49.7
  181   2172 -5.546032203642447e-02 3.3e+00 1.43e+00  1e+00  2e+00 120:50.0
  184   2208 -8.702979665093349e-02 3.4e+00 1.45e+00  1e+00  2e+00 122:50.3
  187   2244 -5.436970385924340e-02 3.3e+00 1.49e+00  1e+00  2e+00 124:50.5
  190   2280 -3.067276315627768e-02 3.4e+00 1.43e+00  1e+00  2e+00 126:50.2
  193   2316 -6.872956453917035e-02 3.4e+00 1.46e+00  1e+00  2e+00 128:49.9
  196   2352 2.603801395347402e-02 3.5e+00 1.55e+00  1e+00  2e+00 130:49.8
  199   2388 -3.007838128204725e-02 3.5e+00 1.58e+00  1e+00  2e+00 132:49.7
  200   2400 -7.213633308246528e-02 3.5e+00 1.56e+00  1e+00  2e+00 133:29.8
  203   2436 -6.799234942481706e-02 3.5e+00 1.59e+00  1e+00  2e+00 135:29.7
  206   2472 -5.963424356957270e-02 3.7e+00 1.53e+00  1e+00  2e+00 137:29.7
  209   2508 -7.944568699779042e-02 3.7e+00 1.65e+00  1e+00  2e+00 139:29.7
  212   2544 -7.063918369691130e-02 3.7e+00 1.81e+00  1e+00  2e+00 141:29.6
  215   2580 -4.435776809081802e-02 3.8e+00 1.90e+00  1e+00  2e+00 143:29.2
  218   2616 -6.692515106547083e-02 3.8e+00 1.92e+00  1e+00  2e+00 145:29.3
  221   2652 -1.495828526342020e-02 3.9e+00 1.94e+00  1e+00  2e+00 147:29.1
  224   2688 -2.119137653625508e-02 4.0e+00 2.18e+00  2e+00  3e+00 149:29.1
  227   2724 -3.215788080086088e-02 4.2e+00 2.62e+00  2e+00  3e+00 151:29.2
  230   2760 -7.027403781741844e-02 4.2e+00 2.86e+00  2e+00  3e+00 153:29.3
  233   2796 -2.674666143249096e-02 4.2e+00 2.93e+00  2e+00  3e+00 155:29.1
  236   2832 8.744575463388429e-03 4.3e+00 2.58e+00  2e+00  3e+00 157:29.0
  240   2880 -5.234467711926495e-02 4.2e+00 2.42e+00  2e+00  3e+00 160:08.8
  244   2928 -9.713821856673752e-03 4.2e+00 2.12e+00  2e+00  2e+00 162:48.6
  248   2976 -4.721600050958655e-02 4.2e+00 1.99e+00  2e+00  2e+00 165:28.5
  252   3024 -7.555067488453956e-03 4.2e+00 2.34e+00  2e+00  3e+00 168:08.5
  256   3072 -9.055533823075775e-02 4.1e+00 2.31e+00  2e+00  3e+00 170:48.6
  260   3120 -7.311388880934985e-02 4.2e+00 2.29e+00  2e+00  3e+00 173:28.6
  264   3168 -6.117943932472458e-02 4.3e+00 2.16e+00  2e+00  2e+00 176:08.7
  268   3216 4.205885275004673e-02 4.3e+00 2.16e+00  2e+00  2e+00 178:48.5
  272   3264 -3.997938001453788e-02 4.3e+00 2.18e+00  2e+00  2e+00 181:28.3
  276   3312 -4.918437286176561e-03 4.5e+00 2.28e+00  2e+00  3e+00 184:08.2
  280   3360 -4.715980816873232e-02 4.6e+00 2.20e+00  2e+00  3e+00 186:48.1
  284   3408 -2.640575854449691e-03 4.5e+00 2.43e+00  2e+00  3e+00 189:27.7
  288   3456 -2.023341560787645e-02 4.6e+00 2.48e+00  2e+00  3e+00 192:07.4
  292   3504 -9.925710182422823e-04 4.5e+00 2.21e+00  2e+00  3e+00 194:47.1
  296   3552 -1.952500274761094e-02 4.6e+00 2.44e+00  2e+00  3e+00 197:26.9
  300   3600 3.661247296528690e-02 4.6e+00 2.45e+00  2e+00  3e+00 200:06.9
  304   3648 -7.561173128153401e-03 4.8e+00 2.69e+00  2e+00  3e+00 202:46.7
  308   3696 -1.936734475719052e-02 4.8e+00 2.76e+00  2e+00  3e+00 205:26.8
  312   3744 -5.292661947241974e-03 4.9e+00 3.22e+00  2e+00  4e+00 208:06.6
  316   3792 2.488153029640581e-02 4.8e+00 3.12e+00  2e+00  4e+00 210:46.0
  320   3840 1.276746913199726e-02 4.8e+00 3.37e+00  3e+00  4e+00 213:25.8
  324   3888 -8.794686430765369e-03 5.0e+00 3.24e+00  2e+00  4e+00 216:06.1
  328   3936 1.173859702903012e-02 5.2e+00 3.39e+00  3e+00  4e+00 218:46.1
  332   3984 5.995894004498466e-03 5.2e+00 3.84e+00  3e+00  5e+00 221:26.2
  336   4032 -1.741454518006037e-02 5.2e+00 4.43e+00  3e+00  6e+00 224:06.3
  340   4080 -2.198022259487843e-02 5.3e+00 4.05e+00  3e+00  5e+00 226:46.8
  344   4128 -2.451408218453790e-02 5.4e+00 3.82e+00  3e+00  5e+00 229:27.3
  348   4176 -3.053152585789277e-02 5.6e+00 3.91e+00  3e+00  5e+00 232:08.0
  352   4224 -1.333687247394796e-02 5.6e+00 3.44e+00  3e+00  4e+00 234:48.2
  356   4272 -1.881766305907340e-02 5.7e+00 3.50e+00  3e+00  4e+00 237:28.4
  360   4320 -3.961330134050652e-02 5.6e+00 3.60e+00  3e+00  4e+00 240:08.7
  364   4368 9.720684919126598e-03 5.4e+00 3.97e+00  3e+00  5e+00 242:48.8
  368   4416 -4.613587703857060e-03 5.4e+00 4.15e+00  3e+00  5e+00 245:28.7
  372   4464 -6.251364667908493e-02 5.4e+00 4.22e+00  3e+00  5e+00 248:08.7
  376   4512 -1.541974023193945e-02 5.4e+00 3.94e+00  3e+00  5e+00 250:48.4
  380   4560 2.176428583649667e-03 5.5e+00 3.94e+00  3e+00  5e+00 253:27.9
  384   4608 1.620720670093941e-02 5.6e+00 4.03e+00  3e+00  5e+00 256:07.8
  388   4656 -1.647353276822811e-02 5.6e+00 4.02e+00  3e+00  5e+00 258:47.7
  392   4704 -2.020551974966775e-02 5.7e+00 4.48e+00  3e+00  5e+00 261:27.6
  396   4752 -1.799672017161677e-02 5.6e+00 4.25e+00  3e+00  5e+00 264:07.6
  400   4800 4.980726181914475e-03 5.6e+00 4.12e+00  3e+00  5e+00 266:47.5
  405   4860 -2.004883494939558e-02 5.7e+00 4.22e+00  3e+00  5e+00 270:07.0
  410   4920 2.125608178741456e-02 5.8e+00 4.18e+00  3e+00  5e+00 273:26.8
  415   4980 1.711195015027603e-02 6.0e+00 4.09e+00  3e+00  5e+00 276:46.4
  420   5040 6.039221415169768e-03 6.0e+00 3.87e+00  3e+00  5e+00 280:06.2
  425   5100 -5.709242631556955e-03 6.0e+00 3.87e+00  3e+00  5e+00 283:26.0
  430   5160 -9.637490858484555e-03 6.2e+00 3.59e+00  3e+00  4e+00 286:45.9
  435   5220 -1.887452974466186e-02 6.2e+00 3.54e+00  3e+00  4e+00 290:05.3
  440   5280 3.242149143491892e-02 6.3e+00 3.38e+00  2e+00  4e+00 293:24.8
  445   5340 -3.094720035056490e-03 6.3e+00 3.14e+00  2e+00  4e+00 296:44.4
  450   5400 4.446447932162312e-03 6.8e+00 3.57e+00  3e+00  4e+00 300:04.2
  455   5460 -2.745033363112086e-02 6.8e+00 3.57e+00  3e+00  4e+00 303:23.7
  460   5520 9.722423844473109e-03 6.8e+00 3.74e+00  3e+00  4e+00 306:43.6
  465   5580 6.455675918812196e-03 7.1e+00 3.81e+00  3e+00  4e+00 310:03.5
  470   5640 -4.865318943691417e-03 7.0e+00 3.90e+00  3e+00  5e+00 313:23.7
  475   5700 -1.369432289885461e-03 7.1e+00 3.95e+00  3e+00  5e+00 316:43.5
  480   5760 1.123470482402862e-02 7.1e+00 3.70e+00  3e+00  4e+00 320:03.4
  485   5820 -1.790996287436477e-02 7.4e+00 3.90e+00  3e+00  5e+00 323:23.5
  490   5880 -1.275972435667038e-02 7.6e+00 4.52e+00  3e+00  5e+00 326:43.8
  495   5940 -6.901433630125084e-03 7.5e+00 4.79e+00  3e+00  6e+00 330:04.1
  500   6000 -1.422551892698458e-02 7.6e+00 4.61e+00  3e+00  5e+00 333:24.5
  505   6060 1.200428673317096e-02 7.6e+00 4.24e+00  3e+00  5e+00 336:49.0
  510   6120 6.814961106259708e-04 7.5e+00 3.55e+00  2e+00  4e+00 340:10.1
  515   6180 -1.764099479228393e-02 7.6e+00 2.79e+00  2e+00  3e+00 343:30.8
  520   6240 -5.086354044832647e-03 7.5e+00 2.37e+00  2e+00  3e+00 346:51.7
  525   6300 -9.830591638929768e-03 7.0e+00 2.36e+00  2e+00  3e+00 350:13.0
  530   6360 -1.552861305479425e-02 7.2e+00 2.88e+00  2e+00  3e+00 353:33.9
  535   6420 -8.521967185368986e-03 7.0e+00 3.04e+00  2e+00  3e+00 356:55.0
  540   6480 -1.165252115686034e-02 7.1e+00 2.79e+00  2e+00  3e+00 360:16.0
  545   6540 -8.479687161165560e-03 7.5e+00 2.82e+00  2e+00  3e+00 363:37.9
  550   6600 9.566506234000779e-03 8.0e+00 2.85e+00  2e+00  3e+00 366:59.0
  555   6660 -5.380235648581646e-02 7.9e+00 3.17e+00  2e+00  4e+00 370:19.5
  560   6720 5.883599788001592e-03 8.4e+00 3.07e+00  2e+00  4e+00 373:42.9
  565   6780 1.724354602436830e-02 8.9e+00 2.73e+00  2e+00  3e+00 377:03.4
  570   6840 -4.709435790475528e-03 8.9e+00 2.44e+00  2e+00  3e+00 380:23.8
  575   6900 2.748925129699708e-02 8.9e+00 2.20e+00  2e+00  3e+00 383:44.0
  580   6960 9.236859067337937e-04 8.8e+00 1.89e+00  1e+00  2e+00 387:04.5
  585   7020 3.775942356106507e-03 8.7e+00 2.13e+00  2e+00  3e+00 390:25.4
  590   7080 -1.218625754148043e-02 8.7e+00 2.06e+00  2e+00  2e+00 393:45.8
  595   7140 -2.379445933637949e-02 9.0e+00 2.03e+00  1e+00  2e+00 397:07.1
  600   7200 1.503919674238821e-02 9.1e+00 1.92e+00  1e+00  2e+00 400:27.7
  606   7272 -2.692095521655671e-02 8.9e+00 1.65e+00  1e+00  2e+00 404:28.0
  612   7344 1.316824201938948e-02 9.0e+00 1.52e+00  1e+00  2e+00 408:28.8
  618   7416 1.875470975823751e-02 8.9e+00 1.27e+00  9e-01  1e+00 412:30.1
  624   7488 -7.359849031229086e-03 9.0e+00 1.12e+00  8e-01  1e+00 416:30.4
  630   7560 -1.545853038417127e-02 9.0e+00 9.25e-01  6e-01  1e+00 420:30.8
  636   7632 1.204187540123188e-02 9.0e+00 7.83e-01  5e-01  9e-01 424:31.7
  642   7704 4.420756786877745e-03 9.6e+00 7.93e-01  5e-01  9e-01 428:32.5
  648   7776 1.285534368203724e-02 9.7e+00 8.03e-01  5e-01  9e-01 432:33.6
  654   7848 9.772581329225502e-03 9.9e+00 8.38e-01  5e-01  1e+00 436:34.7
  660   7920 1.911861319806198e-02 1.0e+01 7.40e-01  5e-01  8e-01 440:38.3
  666   7992 -1.409620649514917e-03 1.0e+01 6.65e-01  4e-01  8e-01 444:39.8
  672   8064 1.206777878357193e-02 1.0e+01 6.92e-01  4e-01  8e-01 448:41.5
  678   8136 2.793762319783708e-02 1.1e+01 7.93e-01  5e-01  1e+00 452:42.6
  684   8208 1.069518632786242e-02 1.2e+01 8.98e-01  6e-01  1e+00 456:44.7
  690   8280 2.128624853023213e-02 1.2e+01 9.45e-01  6e-01  1e+00 460:45.6
  696   8352 5.345791359288740e-03 1.2e+01 9.17e-01  6e-01  1e+00 464:45.8
  700   8400 2.191942777814712e-02 1.2e+01 8.96e-01  6e-01  1e+00 467:25.7
  706   8472 -8.914370889397928e-03 1.1e+01 1.08e+00  7e-01  1e+00 471:25.4
  712   8544 8.571040402496174e-03 1.1e+01 1.14e+00  7e-01  1e+00 475:27.7
  718   8616 2.439970434775485e-02 1.2e+01 1.03e+00  7e-01  1e+00 479:27.9
  724   8688 1.982475991665518e-02 1.2e+01 8.30e-01  5e-01  1e+00 483:27.9
  730   8760 1.663957455490872e-03 1.2e+01 8.17e-01  5e-01  1e+00 487:28.0
  736   8832 -8.211331171276440e-03 1.2e+01 8.39e-01  5e-01  1e+00 491:27.8
  742   8904 6.602019646033941e-03 1.2e+01 7.76e-01  5e-01  9e-01 495:27.9
  748   8976 1.652018593237753e-02 1.3e+01 6.95e-01  4e-01  8e-01 499:28.8
  754   9048 -2.714012372174563e-02 1.3e+01 5.55e-01  3e-01  7e-01 503:29.4
  760   9120 -7.745424401490625e-03 1.3e+01 4.37e-01  3e-01  5e-01 507:29.8
  766   9192 8.321168814095054e-03 1.3e+01 3.79e-01  2e-01  5e-01 511:31.2
  772   9264 -6.978754290828099e-03 1.3e+01 3.14e-01  2e-01  4e-01 515:31.9
  778   9336 -8.155686586509853e-03 1.3e+01 3.64e-01  2e-01  4e-01 519:32.3
  784   9408 -6.113570202882670e-02 1.3e+01 3.77e-01  2e-01  4e-01 523:33.0
  790   9480 -2.951556172135026e-02 1.3e+01 3.44e-01  2e-01  4e-01 527:33.9
  796   9552 -5.613358924360178e-02 1.3e+01 3.03e-01  2e-01  3e-01 531:34.7
  800   9600 -4.322706135327425e-02 1.2e+01 2.55e-01  1e-01  3e-01 534:15.1
  806   9672 -6.957358825119976e-02 1.2e+01 2.49e-01  1e-01  3e-01 538:16.2
  812   9744 -6.175140244927655e-02 1.1e+01 2.09e-01  1e-01  2e-01 542:18.0
  818   9816 -8.405263382710321e-02 1.0e+01 1.75e-01  1e-01  2e-01 546:22.2
  824   9888 -7.394541347807326e-02 9.6e+00 1.71e-01  9e-02  2e-01 550:22.7
  830   9960 -8.775887070975980e-02 9.5e+00 1.32e-01  7e-02  1e-01 554:23.9
  836  10032 -9.487667698961241e-02 9.1e+00 1.03e-01  5e-02  1e-01 558:24.3
  843  10116 -9.999385751831441e-02 8.8e+00 9.33e-02  5e-02  9e-02 563:04.5
  849  10188 -1.011713120439247e-01 8.8e+00 9.45e-02  5e-02  9e-02 567:07.4
  856  10272 -1.012116934171918e-01 9.2e+00 1.00e-01  5e-02  1e-01 571:47.5
  863  10356 -1.025414384379615e-01 9.1e+00 9.55e-02  4e-02  9e-02 576:28.0
  870  10440 -1.065250086606513e-01 8.9e+00 8.23e-02  4e-02  8e-02 581:08.8
  877  10524 -1.084139671950628e-01 9.0e+00 7.31e-02  3e-02  7e-02 585:49.7
  884  10608 -1.086327960453170e-01 9.0e+00 8.05e-02  3e-02  8e-02 590:29.9
  891  10692 -1.074265698060639e-01 9.2e+00 6.37e-02  3e-02  6e-02 595:10.2
  898  10776 -1.104372582310651e-01 9.0e+00 4.90e-02  2e-02  5e-02 599:49.9
  900  10800 -1.104796383192690e-01 9.2e+00 4.76e-02  2e-02  5e-02 601:09.8
  907  10884 -1.108437194777770e-01 9.0e+00 4.37e-02  1e-02  4e-02 605:50.1
  914  10968 -1.118539676136911e-01 8.9e+00 4.53e-02  1e-02  4e-02 610:30.4
  921  11052 -1.118719539340137e-01 9.3e+00 4.47e-02  1e-02  4e-02 615:10.9
  928  11136 -1.123164526706462e-01 9.3e+00 3.85e-02  1e-02  4e-02 619:51.5
  935  11220 -1.126091949078489e-01 9.3e+00 4.41e-02  1e-02  4e-02 624:31.5
  942  11304 -1.132985679860544e-01 9.1e+00 3.83e-02  1e-02  4e-02 629:12.4
  949  11388 -1.140536468222180e-01 9.1e+00 3.21e-02  8e-03  3e-02 633:52.8
  956  11472 -1.149681646372289e-01 9.4e+00 4.94e-02  1e-02  5e-02 638:32.8
  963  11556 -1.152250320183800e-01 9.5e+00 3.87e-02  9e-03  4e-02 643:13.6
  970  11640 -1.158514894507928e-01 9.9e+00 3.88e-02  8e-03  4e-02 647:53.4
  977  11724 -1.164296434623010e-01 1.1e+01 3.51e-02  7e-03  3e-02 652:33.5
  984  11808 -1.168617546353559e-01 1.1e+01 3.15e-02  6e-03  3e-02 657:14.1
  991  11892 -1.175164638981010e-01 1.3e+01 3.83e-02  7e-03  4e-02 661:54.2
  998  11976 -1.174557098744940e-01 1.4e+01 4.61e-02  8e-03  5e-02 666:34.5
 1000  12000 -1.173549233429866e-01 1.5e+01 4.83e-02  9e-03  5e-02 667:54.4
Budget constraint satisfied 2822.9094848632812 2913.719970703125 Difference:  90.81048583984375
Budget constraint not satisfied 4374.216552734375 2913.719970703125 Difference:  -1460.49658203125
two_most_probable_states: ['01000000001', '00010000001']
final_expectation_value: -0.11762646074848393
params: [21.42422780414189, 4.955104124491013, 13.36800861242844, -31.846749409408616, -4.187486068299954, 38.43626894971786, -17.20374676887818, -21.63272634127964, 24.654167688825567, -14.882958378107782, -37.70480060465896, 67.54413588099577, 45.53002787188762, 29.93030346615465, 13.009016634132859, -6.067645066436951, 1.6503843576732808, 23.494977534210282, 14.178108346775174, -12.434811109410614]
total_steps: 1000
states_probs: [0.0398199338140942, 0.04413205639331869]
optimized_portfolios: [{'AMGN': 2, 'HD': 0, 'MCD': 8}, {'AMGN': 8, 'HD': 0, 'MCD': 8}]
objective_values: [-21264.900718646702, -48155.33953895845]
result_with_budget: [{'portfolio': {'AMGN': 2, 'HD': 0, 'MCD': 8}, 'budget': 2822.9094848632812, 'difference': 90.81048583984375}, {'portfolio': {'AMGN': 8, 'HD': 0, 'MCD': 8}, 'budget': 4374.216552734375, 'difference': -1460.49658203125}]
Processing experiment 145
Budget: 780.0099716186523
Expected returns: 0.23487816915779056
Covariance matrix: 0.3816764185346016
3rd-order coskewness tensor: 0.33614262207258333
4th-order cokurtosis tensor: 14.693567358286138
Number of qubits for asset CRM: 2
Number of qubits for asset DIS: 3
Number of qubits for asset JPM: 2
Total number of qubits:  7
Optimized Weights (considering variance, skewness and kurtosis):
CRM: 43.45%
DIS: 32.44%
JPM: 24.11%
Left over budget:  95.85163649902006
Optimized Discrete Allocation:
CRM: 1
DIS: 1
JPM: 1
Maximized utility from continuous higher moments:  -28.042023586388048
Budget constraint satisfied 780.0099716186523 780.0099716186523 Difference:  0.0
Budget constraint not satisfied 795.5083312988281 780.0099716186523 Difference:  -15.498359680175781
smallest_eigenvalues: [-0.23518987928700785]
smallest_bitstrings: ['0110000']
first_excited_energy: -0.23504103124071152
optimized_portfolio: [{'CRM': 2, 'DIS': 1, 'JPM': 0}]
second_optimized_portfolio: [{'CRM': 1, 'DIS': 2, 'JPM': 1}]
result_with_budget: [{'portfolio': {'CRM': 2, 'DIS': 1, 'JPM': 0}, 'budget': 780.0099716186523, 'difference': 0.0, 'objective_value': -41.20191905603611}]
result_with_budget_excited: [{'portfolio': {'CRM': 1, 'DIS': 2, 'JPM': 1}, 'budget': 795.5083312988281, 'difference': -15.498359680175781, 'objective_value': -92.96547159166401}]
Initial params:  [0.86003445 2.04844837 2.77210104 2.43771035 1.18533162 1.20631487
 0.16163057 1.18145031 2.89003633 1.36870158 2.16662749 2.56045428
 2.5386987  0.6127293 ]
(5_w,11)-aCMA-ES (mu_w=3.4,w_1=42%) in dimension 14 (seed=236537, Sun Mar 16 08:16:47 2025)
Iterat #Fevals   function value  axis ratio  sigma  min&max std  t[m:s]
    1     11 -1.575096740096774e-01 1.0e+00 1.39e+00  1e+00  1e+00 0:04.2
    2     22 -1.421243181135014e-01 1.1e+00 1.32e+00  1e+00  1e+00 0:08.4
    3     33 -1.739505155936334e-01 1.1e+00 1.27e+00  1e+00  1e+00 0:12.6
    4     44 -9.133598922450295e-02 1.2e+00 1.22e+00  1e+00  1e+00 0:16.8
    5     55 -1.087996385539370e-01 1.2e+00 1.17e+00  1e+00  1e+00 0:21.0
    7     77 -1.767635373088629e-01 1.2e+00 1.03e+00  1e+00  1e+00 0:29.4
    9     99 -1.542986450617711e-01 1.3e+00 1.04e+00  1e+00  1e+00 0:37.8
   11    121 -1.902308890499507e-01 1.4e+00 9.81e-01  9e-01  1e+00 0:46.2
   13    143 -9.497112367839951e-02 1.5e+00 1.00e+00  9e-01  1e+00 0:54.6
   16    176 -1.487806778743148e-01 1.6e+00 1.16e+00  1e+00  1e+00 1:07.2
   19    209 -1.315895845609460e-01 1.8e+00 1.30e+00  1e+00  2e+00 1:19.8
   22    242 -1.075785431778378e-01 1.9e+00 1.24e+00  1e+00  2e+00 1:32.5
   25    275 -1.515907553017294e-01 2.1e+00 1.23e+00  1e+00  2e+00 1:45.1
   29    319 -1.694627223763374e-01 2.1e+00 1.09e+00  1e+00  1e+00 2:01.8
   33    363 -1.459231541456151e-01 2.1e+00 9.34e-01  8e-01  1e+00 2:18.7
   37    407 -1.147094050369674e-01 2.2e+00 8.22e-01  7e-01  1e+00 2:35.5
   41    451 -1.201683708129089e-01 2.2e+00 8.00e-01  7e-01  1e+00 2:52.3
   46    506 -1.390695025067113e-01 2.4e+00 9.27e-01  8e-01  1e+00 3:13.4
   51    561 -1.557069815065876e-01 2.5e+00 9.05e-01  7e-01  1e+00 3:34.4
   55    605 -1.260319496014154e-01 2.7e+00 8.66e-01  7e-01  1e+00 3:53.5
   60    660 -1.051802890765738e-01 3.0e+00 1.04e+00  8e-01  1e+00 4:14.5
   65    715 -6.148298685297135e-02 3.0e+00 1.04e+00  8e-01  1e+00 4:35.6
   71    781 -1.295649594406604e-01 3.5e+00 9.80e-01  8e-01  1e+00 5:00.7
   77    847 -1.255745641656669e-01 3.6e+00 1.36e+00  1e+00  2e+00 5:25.9
   83    913 -9.907701182265141e-02 3.7e+00 1.13e+00  9e-01  1e+00 5:51.1
   89    979 -1.148289240936017e-01 3.9e+00 9.33e-01  7e-01  1e+00 6:16.2
   96   1056 -9.172241348883589e-02 4.1e+00 1.02e+00  8e-01  1e+00 6:45.5
  100   1100 -9.948296225822752e-02 4.4e+00 1.04e+00  8e-01  1e+00 7:02.4
  107   1177 -9.906680163325099e-02 4.7e+00 9.20e-01  7e-01  1e+00 7:31.8
  114   1254 -7.707595143271619e-02 4.8e+00 8.47e-01  6e-01  1e+00 8:02.4
  122   1342 -7.667828868734847e-02 4.8e+00 8.93e-01  6e-01  1e+00 8:36.3
  130   1430 -1.090582894401010e-01 4.6e+00 8.36e-01  5e-01  1e+00 9:09.8
  138   1518 -1.065808581073357e-01 4.9e+00 7.68e-01  5e-01  1e+00 9:43.5
  146   1606 -6.441455057728812e-02 5.4e+00 8.10e-01  5e-01  1e+00 10:17.1
  155   1705 -5.985770100038849e-02 6.2e+00 7.02e-01  4e-01  9e-01 10:54.8
  164   1804 -8.247914650508305e-02 6.8e+00 8.07e-01  5e-01  1e+00 11:32.6
  173   1903 -9.426314866861082e-02 7.0e+00 9.11e-01  6e-01  1e+00 12:10.4
  182   2002 -9.291956612234686e-02 7.7e+00 8.96e-01  5e-01  1e+00 12:48.2
  192   2112 -9.317547560036218e-02 7.6e+00 1.09e+00  6e-01  1e+00 13:30.2
  200   2200 -1.065350919030377e-01 8.4e+00 1.04e+00  6e-01  2e+00 14:03.8
  210   2310 -9.428297935735107e-02 1.0e+01 1.39e+00  8e-01  2e+00 14:45.9
  220   2420 -9.058273948872408e-02 1.0e+01 1.58e+00  9e-01  3e+00 15:27.9
  231   2541 -7.582143846491458e-02 9.6e+00 1.59e+00  9e-01  2e+00 16:14.1
  242   2662 -5.959605284505538e-02 9.8e+00 1.11e+00  6e-01  2e+00 17:00.3
  253   2783 -8.411898347587980e-02 1.1e+01 8.15e-01  5e-01  1e+00 17:46.4
  264   2904 -7.553293062171787e-02 1.2e+01 1.16e+00  6e-01  2e+00 18:32.6
  275   3025 -8.516793754828372e-02 1.3e+01 7.92e-01  4e-01  1e+00 19:18.9
  287   3157 -8.978863397421455e-02 1.3e+01 5.23e-01  3e-01  8e-01 20:09.2
  299   3289 -6.190591641771769e-02 1.3e+01 5.77e-01  3e-01  8e-01 20:59.6
  300   3300 -6.695270601068588e-02 1.3e+01 5.86e-01  3e-01  8e-01 21:03.8
  312   3432 -7.667821947019157e-02 1.3e+01 5.04e-01  3e-01  7e-01 21:54.0
  325   3575 -9.181118999377312e-02 1.4e+01 3.54e-01  2e-01  5e-01 22:48.6
  338   3718 -1.033116214168731e-01 1.2e+01 2.82e-01  1e-01  3e-01 23:43.1
  351   3861 -1.200095591139630e-01 1.1e+01 1.95e-01  1e-01  2e-01 24:37.7
  364   4004 -1.279669411196954e-01 1.2e+01 1.26e-01  5e-02  1e-01 25:34.5
  378   4158 -1.396364670769772e-01 1.1e+01 7.20e-02  3e-02  8e-02 26:33.3
  392   4312 -1.428292423216763e-01 1.2e+01 7.55e-02  2e-02  8e-02 27:32.0
  400   4400 -1.458740918748406e-01 1.3e+01 7.22e-02  2e-02  9e-02 28:05.6
  414   4554 -1.491699328039796e-01 1.6e+01 9.82e-02  3e-02  2e-01 29:04.5
  429   4719 -1.517189663088462e-01 2.0e+01 5.04e-02  1e-02  9e-02 30:07.4
  444   4884 -1.522593273819270e-01 1.9e+01 3.57e-02  7e-03  6e-02 31:10.6
  459   5049 -1.529162484005439e-01 1.9e+01 2.79e-02  5e-03  5e-02 32:13.6
  474   5214 -1.544472636701427e-01 2.1e+01 6.45e-02  1e-02  1e-01 33:16.7
  489   5379 -1.582995352449394e-01 2.6e+01 1.40e-01  2e-02  3e-01 34:21.7
  500   5500 -1.612416731478569e-01 2.7e+01 1.20e-01  2e-02  2e-01 35:07.9
  515   5665 -1.627511518416462e-01 2.8e+01 9.94e-02  1e-02  2e-01 36:12.9
  531   5841 -1.635513304730964e-01 2.7e+01 4.81e-02  6e-03  7e-02 37:20.1
  547   6017 -1.641433681591584e-01 3.1e+01 5.71e-02  7e-03  8e-02 38:27.3
  564   6204 -1.647151502708927e-01 3.4e+01 5.18e-02  5e-03  7e-02 39:38.7
  580   6380 -1.651637599750618e-01 4.0e+01 7.64e-02  7e-03  1e-01 40:48.0
  597   6567 -1.652863043000577e-01 4.6e+01 3.41e-02  3e-03  6e-02 41:59.4
  600   6600 -1.653027689172939e-01 4.6e+01 2.74e-02  2e-03  5e-02 42:11.9
  618   6798 -1.653997066115916e-01 5.1e+01 2.54e-02  2e-03  4e-02 43:27.5
  636   6996 -1.654716268011812e-01 5.6e+01 3.15e-02  2e-03  5e-02 44:43.0
  654   7194 -1.657378622678968e-01 5.5e+01 5.60e-02  3e-03  8e-02 45:58.8
  672   7392 -1.657936644985537e-01 7.4e+01 3.70e-02  2e-03  5e-02 47:16.6
  691   7601 -1.658164607354780e-01 8.2e+01 1.59e-02  8e-04  2e-02 48:36.6
  700   7700 -1.658185716698335e-01 8.7e+01 1.01e-02  5e-04  1e-02 49:14.4
  719   7909 -1.658202747598509e-01 9.0e+01 4.67e-03  2e-04  5e-03 50:34.3
  738   8118 -1.658219406959266e-01 9.7e+01 1.33e-02  6e-04  2e-02 51:54.1
  757   8327 -1.658244321972512e-01 9.8e+01 7.84e-03  3e-04  9e-03 53:15.3
  777   8547 -1.658256136789379e-01 1.2e+02 4.97e-03  2e-04  6e-03 54:39.5
  797   8767 -1.658258022373452e-01 1.2e+02 2.31e-03  7e-05  3e-03 56:05.1
  800   8800 -1.658257945391428e-01 1.2e+02 2.21e-03  7e-05  2e-03 56:17.8
  820   9020 -1.658258161246602e-01 1.4e+02 7.61e-04  2e-05  9e-04 57:42.0
  840   9240 -1.658258176236570e-01 1.5e+02 2.60e-04  6e-06  3e-04 59:07.3
  861   9471 -1.658258177674356e-01 1.6e+02 6.03e-05  1e-06  6e-05 60:35.5
  882   9702 -1.658258177780056e-01 1.6e+02 1.86e-05  4e-07  2e-05 62:03.8
  900   9900 -1.658258177786244e-01 1.6e+02 8.25e-06  2e-07  7e-06 63:19.6
  909   9999 -1.658258177786430e-01 1.6e+02 4.57e-06  8e-08  4e-06 63:57.4
Budget constraint satisfied 699.6566925048828 780.0099716186523 Difference:  80.35327911376953
Budget constraint satisfied 715.4350433349609 780.0099716186523 Difference:  64.5749282836914
two_most_probable_states: ['0001001', '0000011']
final_expectation_value: -0.19023088904995067
params: [0.9201200310911316, 2.876672322172901, 1.668114817360275, 2.101722677455239, 1.093238119027797, 2.5568151886692383, -0.6980242616988972, 2.8172871286742844, 2.75723718950283, 2.1096459661965703, 4.762193045751375, 2.1106457324431, 1.8341335493741062, -2.4466768945577737]
total_steps: 909
states_probs: [0.024717519048818422, 0.025013021221203274]
optimized_portfolios: [{'CRM': 0, 'DIS': 2, 'JPM': 2}, {'CRM': 0, 'DIS': 0, 'JPM': 3}]
objective_values: [-217.99012325222904, -148.5648278078547]
result_with_budget: [{'portfolio': {'CRM': 0, 'DIS': 2, 'JPM': 2}, 'budget': 699.6566925048828, 'difference': 80.35327911376953}, {'portfolio': {'CRM': 0, 'DIS': 0, 'JPM': 3}, 'budget': 715.4350433349609, 'difference': 64.5749282836914}]
Processing experiment 146
Budget: 1801.6626892089844
Expected returns: 0.20876050873276697
Covariance matrix: 0.32823120104920755
3rd-order coskewness tensor: -0.1587882578331868
4th-order cokurtosis tensor: 4.234897453757198
Number of qubits for asset CAT: 3
Number of qubits for asset JNJ: 4
Number of qubits for asset MMM: 4
Total number of qubits:  11
Optimized Weights (considering variance, skewness and kurtosis):
CAT: 43.80%
JNJ: 35.64%
MMM: 20.56%
Left over budget:  119.53749056206289
Optimized Discrete Allocation:
CAT: 2
JNJ: 4
MMM: 3
Maximized utility from continuous higher moments:  -1366.9076568223072
Budget constraint not satisfied 1807.1748352050781 1801.6626892089844 Difference:  -5.51214599609375
Budget constraint satisfied 1786.647476196289 1801.6626892089844 Difference:  15.015213012695312
smallest_eigenvalues: [-0.15282001416850252]
smallest_bitstrings: ['10100000000']
first_excited_energy: -0.15276894682133688
optimized_portfolio: [{'CAT': 5, 'JNJ': 0, 'MMM': 0}]
second_optimized_portfolio: [{'CAT': 3, 'JNJ': 4, 'MMM': 1}]
result_with_budget: [{'portfolio': {'CAT': 5, 'JNJ': 0, 'MMM': 0}, 'budget': 1807.1748352050781, 'difference': -5.51214599609375, 'objective_value': -377.23182714569145}]
result_with_budget_excited: [{'portfolio': {'CAT': 3, 'JNJ': 4, 'MMM': 1}, 'budget': 1786.647476196289, 'difference': 15.015213012695312, 'objective_value': -685.4741940000386}]
Initial params:  [1.46919833 2.91489387 1.65626126 0.61247871 2.74149578 1.60183206
 0.49519118 0.61191569 2.63365795 2.65962876 3.04423585 2.17290795
 0.88710059 1.10385813 1.94308503 1.76002995 1.39141697 1.46158465
 1.75883107 1.49810865]
(6_w,12)-aCMA-ES (mu_w=3.7,w_1=40%) in dimension 20 (seed=214536, Sun Mar 16 09:21:22 2025)
Iterat #Fevals   function value  axis ratio  sigma  min&max std  t[m:s]
    1     12 -7.378356215662732e-03 1.0e+00 1.39e+00  1e+00  1e+00 0:40.0
    2     24 -6.507309029537693e-02 1.1e+00 1.33e+00  1e+00  1e+00 1:20.3
    3     36 -5.994821935527495e-02 1.1e+00 1.32e+00  1e+00  1e+00 2:00.6
    4     48 -8.839513778072207e-02 1.2e+00 1.30e+00  1e+00  1e+00 2:41.0
    5     60 -1.135424659297795e-01 1.2e+00 1.27e+00  1e+00  1e+00 3:21.2
    6     72 -1.005147377132505e-01 1.2e+00 1.27e+00  1e+00  1e+00 4:01.4
    7     84 -9.356132260454171e-02 1.2e+00 1.32e+00  1e+00  1e+00 4:41.6
    8     96 -8.291911533101977e-02 1.3e+00 1.35e+00  1e+00  1e+00 5:22.0
    9    108 -1.050436058439826e-01 1.4e+00 1.36e+00  1e+00  1e+00 6:02.2
   10    120 -1.183354206998622e-01 1.4e+00 1.38e+00  1e+00  1e+00 6:42.5
   11    132 -7.963363721416797e-02 1.4e+00 1.38e+00  1e+00  1e+00 7:22.6
   12    144 -1.145085994602018e-01 1.4e+00 1.39e+00  1e+00  1e+00 8:02.7
   13    156 7.160575272210831e-02 1.5e+00 1.35e+00  1e+00  1e+00 8:42.9
   14    168 -1.096796034328513e-01 1.5e+00 1.29e+00  1e+00  1e+00 9:23.1
   15    180 -1.194706412314545e-01 1.5e+00 1.30e+00  1e+00  1e+00 10:03.2
   16    192 -8.715826817732304e-02 1.5e+00 1.34e+00  1e+00  1e+00 10:43.2
   17    204 -1.056051937295110e-01 1.5e+00 1.30e+00  1e+00  1e+00 11:23.3
   18    216 -1.025167318937414e-01 1.4e+00 1.27e+00  1e+00  1e+00 12:03.4
   19    228 -1.189373167766381e-01 1.4e+00 1.25e+00  1e+00  1e+00 12:43.3
   20    240 -7.973632790860269e-02 1.5e+00 1.25e+00  1e+00  1e+00 13:23.4
   21    252 -9.888197754816708e-02 1.5e+00 1.24e+00  1e+00  1e+00 14:03.5
   22    264 -1.037944690131762e-01 1.5e+00 1.21e+00  1e+00  1e+00 14:46.0
   23    276 -8.815739183186570e-02 1.5e+00 1.18e+00  1e+00  1e+00 15:26.2
   24    288 -1.149920960961393e-01 1.5e+00 1.23e+00  1e+00  1e+00 16:06.4
   25    300 -8.332469325789689e-02 1.5e+00 1.30e+00  1e+00  1e+00 16:46.6
   26    312 -8.597355415417193e-02 1.6e+00 1.39e+00  1e+00  1e+00 17:26.8
   27    324 -8.766321340882689e-02 1.6e+00 1.41e+00  1e+00  2e+00 18:06.8
   28    336 -7.647447902834215e-02 1.7e+00 1.42e+00  1e+00  2e+00 18:46.8
   29    348 -9.587120883367495e-02 1.7e+00 1.39e+00  1e+00  2e+00 19:26.9
   30    360 -9.337942033025423e-02 1.8e+00 1.36e+00  1e+00  1e+00 20:07.2
   31    372 -9.591891427282585e-02 1.8e+00 1.30e+00  1e+00  1e+00 20:47.4
   32    384 -1.477079346219142e-02 1.8e+00 1.23e+00  1e+00  1e+00 21:27.4
   33    396 -1.031804790833918e-01 1.8e+00 1.21e+00  1e+00  1e+00 22:07.4
   34    408 -9.093800901238837e-02 1.8e+00 1.20e+00  1e+00  1e+00 22:47.4
   35    420 -7.565339334451851e-02 1.8e+00 1.21e+00  1e+00  1e+00 23:27.4
   36    432 -7.989985060669871e-02 1.9e+00 1.27e+00  1e+00  1e+00 24:07.5
   37    444 -8.386958237334748e-02 1.9e+00 1.29e+00  1e+00  1e+00 24:47.9
   38    456 -1.039285050920088e-01 1.8e+00 1.31e+00  1e+00  1e+00 25:27.9
   39    468 -6.298108154361275e-02 1.9e+00 1.41e+00  1e+00  2e+00 26:07.9
   40    480 -1.102961587146573e-01 1.9e+00 1.51e+00  1e+00  2e+00 26:48.1
   41    492 -1.158762105935140e-01 1.9e+00 1.54e+00  1e+00  2e+00 27:31.0
   43    516 -2.839041155647713e-02 1.9e+00 1.50e+00  1e+00  2e+00 28:51.3
   45    540 -6.581299519600922e-02 2.0e+00 1.57e+00  1e+00  2e+00 30:11.5
   47    564 -1.103594052304511e-01 2.0e+00 1.55e+00  1e+00  2e+00 31:32.1
   49    588 -1.065544258853987e-01 2.1e+00 1.51e+00  1e+00  2e+00 32:52.4
   51    612 -1.075740694742037e-01 2.1e+00 1.44e+00  1e+00  2e+00 34:12.7
   53    636 -1.171654856868266e-01 2.0e+00 1.44e+00  1e+00  2e+00 35:33.0
   55    660 -9.791048657592107e-02 2.1e+00 1.41e+00  1e+00  2e+00 36:53.1
   57    684 -7.087296931869837e-02 2.1e+00 1.34e+00  1e+00  1e+00 38:13.4
   59    708 -9.299491140555967e-02 2.1e+00 1.28e+00  1e+00  1e+00 39:33.6
   61    732 -1.011061086719765e-01 2.1e+00 1.32e+00  1e+00  2e+00 40:53.7
   63    756 -1.135946143367335e-01 2.1e+00 1.36e+00  1e+00  2e+00 42:14.2
   65    780 -1.082897554198922e-01 2.1e+00 1.35e+00  1e+00  2e+00 43:34.5
   67    804 -9.585197115890158e-02 2.2e+00 1.42e+00  1e+00  2e+00 44:55.3
   69    828 -1.018602953946609e-01 2.2e+00 1.35e+00  1e+00  2e+00 46:15.6
   71    852 -7.284726711499440e-02 2.2e+00 1.33e+00  1e+00  2e+00 47:35.7
   73    876 1.738537312748281e-03 2.2e+00 1.35e+00  1e+00  2e+00 48:56.0
   75    900 -4.705738706808072e-02 2.2e+00 1.45e+00  1e+00  2e+00 50:16.0
   77    924 -3.001611178144071e-02 2.2e+00 1.63e+00  1e+00  2e+00 51:38.4
   79    948 -7.608829062462526e-02 2.3e+00 1.76e+00  2e+00  2e+00 52:58.5
   81    972 -3.991108255997640e-02 2.4e+00 1.71e+00  2e+00  2e+00 54:18.6
   83    996 -6.394778097180948e-02 2.3e+00 1.77e+00  2e+00  2e+00 55:38.6
   85   1020 -5.467411806676546e-02 2.3e+00 1.70e+00  2e+00  2e+00 56:58.8
   87   1044 -7.316819037034399e-02 2.3e+00 1.69e+00  2e+00  2e+00 58:19.2
   89   1068 -8.125914566239990e-02 2.3e+00 1.78e+00  2e+00  2e+00 59:39.6
   91   1092 -8.713885392492764e-02 2.3e+00 1.79e+00  2e+00  2e+00 60:59.7
   93   1116 -1.834553311350194e-02 2.4e+00 1.75e+00  2e+00  2e+00 62:19.8
   95   1140 -8.688042117086124e-02 2.4e+00 1.76e+00  2e+00  2e+00 63:39.9
   97   1164 -1.169371807522184e-02 2.4e+00 1.76e+00  2e+00  2e+00 65:00.5
   99   1188 -5.961733401553296e-02 2.4e+00 1.79e+00  2e+00  2e+00 66:20.9
  100   1200 -8.530512569030721e-02 2.4e+00 1.79e+00  2e+00  2e+00 67:00.9
  102   1224 -5.336361110174266e-02 2.4e+00 1.76e+00  2e+00  2e+00 68:21.1
  104   1248 -2.000935851472139e-02 2.4e+00 1.75e+00  2e+00  2e+00 69:41.3
  106   1272 -5.334697703265434e-02 2.5e+00 1.81e+00  2e+00  2e+00 71:01.5
  108   1296 -6.183329401590936e-02 2.5e+00 1.77e+00  2e+00  2e+00 72:22.0
  110   1320 -7.204060277596763e-02 2.6e+00 1.81e+00  2e+00  2e+00 73:42.2
  112   1344 -4.711633188019392e-02 2.6e+00 1.79e+00  2e+00  2e+00 75:02.3
  114   1368 -3.002345674525174e-02 2.6e+00 1.88e+00  2e+00  2e+00 76:22.5
  116   1392 -4.762992374641142e-02 2.6e+00 1.81e+00  2e+00  2e+00 77:42.8
  118   1416 -7.500483049534366e-02 2.6e+00 1.67e+00  1e+00  2e+00 79:03.1
  120   1440 -6.745904704517780e-02 2.6e+00 1.62e+00  1e+00  2e+00 80:23.1
  123   1476 -9.457131935893541e-02 2.7e+00 1.60e+00  1e+00  2e+00 82:23.4
  126   1512 -3.360306843425415e-02 2.8e+00 1.53e+00  1e+00  2e+00 84:23.8
  129   1548 -4.731637065648107e-02 2.8e+00 1.48e+00  1e+00  2e+00 86:24.3
  132   1584 -4.662757344832745e-02 2.8e+00 1.31e+00  1e+00  2e+00 88:24.8
  135   1620 -2.426199713182690e-02 2.8e+00 1.32e+00  1e+00  2e+00 90:24.8
  138   1656 -9.421792716234725e-02 2.8e+00 1.33e+00  1e+00  2e+00 92:24.8
  141   1692 -6.505391617807714e-02 2.8e+00 1.34e+00  1e+00  2e+00 94:25.0
  144   1728 -2.788303530730763e-02 2.9e+00 1.42e+00  1e+00  2e+00 96:25.1
  147   1764 -7.942363899247441e-02 3.0e+00 1.27e+00  1e+00  1e+00 98:25.6
  150   1800 -5.561147122574673e-02 3.0e+00 1.16e+00  9e-01  1e+00 100:26.0
  153   1836 -4.880828890754000e-02 3.1e+00 1.01e+00  8e-01  1e+00 102:26.2
  156   1872 -7.969921108682836e-02 3.1e+00 8.74e-01  7e-01  1e+00 104:26.6
  159   1908 -1.796066505305051e-02 3.1e+00 7.75e-01  6e-01  9e-01 106:27.0
  162   1944 -7.259319553056008e-02 3.1e+00 7.44e-01  6e-01  8e-01 108:27.3
  165   1980 -5.748903562324938e-02 3.1e+00 7.71e-01  6e-01  9e-01 110:27.7
  168   2016 -2.707005456683406e-02 3.0e+00 7.29e-01  6e-01  8e-01 112:28.5
  171   2052 -5.123040005280916e-02 3.0e+00 6.44e-01  5e-01  7e-01 114:31.2
  174   2088 -1.018100383619771e-01 3.2e+00 6.45e-01  5e-01  7e-01 116:31.0
