Running job array 7 on pe65.int.triton.aalto.fi
Starting at Sun Mar 16 11:20:28 EET 2025
Activating virtual environment at /scratch/work/uotilav2/quantum-portfolio/venv
Processing batch 8/40: experiments 82 to 92 (total 11)
Processing experiment 82
Budget: 1591.6899871826172
YF.download() has changed argument auto_adjust default to True
Expected returns: 0.125680661966032
Covariance matrix: 0.4058502701780894
3rd-order coskewness tensor: 0.20309758332608363
4th-order cokurtosis tensor: 16.370972533392617
Number of qubits for asset BA: 4
Number of qubits for asset NKE: 5
Total number of qubits:  9
Optimized Weights (considering variance, skewness and kurtosis):
BA: 45.50%
NKE: 54.50%
Left over budget:  55.51172594839704
Optimized Discrete Allocation:
BA: 4
NKE: 11
Maximized utility from continuous higher moments:  -41845.474588980316
Budget constraint satisfied 1566.577865600586 1591.6899871826172 Difference:  25.11212158203125
Budget constraint not satisfied 1593.0 1591.6899871826172 Difference:  -1.3100128173828125
smallest_eigenvalues: [-0.13123676121376623]
smallest_bitstrings: ['000101000']
first_excited_energy: -0.13117391593647648
optimized_portfolio: [{'BA': 8, 'NKE': 2}]
second_optimized_portfolio: [{'BA': 9, 'NKE': 0}]
result_with_budget: [{'portfolio': {'BA': 8, 'NKE': 2}, 'budget': 1566.577865600586, 'difference': 25.11212158203125, 'objective_value': -12876.65977556677}]
result_with_budget_excited: [{'portfolio': {'BA': 9, 'NKE': 0}, 'budget': 1593.0, 'difference': -1.3100128173828125, 'objective_value': -13472.583653868567}]
Initial params:  [1.48788356 2.51613533 1.63512823 2.13276294 2.26393425 1.8284691
 1.68820779 2.38326127 0.33271856 1.4878596  0.58538032 2.31509673
 0.680313   0.42480042 1.01831901 0.47021746 0.69844324 1.21419094]
(6_w,12)-aCMA-ES (mu_w=3.7,w_1=40%) in dimension 18 (seed=187891, Sun Mar 16 11:20:45 2025)
Iterat #Fevals   function value  axis ratio  sigma  min&max std  t[m:s]
    1     12 -1.064363074344965e-02 1.0e+00 1.44e+00  1e+00  1e+00 0:15.7
    2     24 -6.712601104008539e-02 1.1e+00 1.40e+00  1e+00  1e+00 0:31.1
    3     36 -5.172300841876752e-02 1.2e+00 1.37e+00  1e+00  1e+00 0:46.5
    4     48 -3.701331907774974e-02 1.2e+00 1.34e+00  1e+00  1e+00 1:02.0
    5     60 -6.507765823591979e-02 1.2e+00 1.31e+00  1e+00  1e+00 1:17.4
    6     72 -3.397226489119006e-02 1.2e+00 1.26e+00  1e+00  1e+00 1:32.9
    7     84 -1.692660083263996e-02 1.2e+00 1.20e+00  1e+00  1e+00 1:48.4
    8     96 -3.177150442836776e-02 1.3e+00 1.17e+00  1e+00  1e+00 2:03.7
    9    108 -7.571742947488572e-02 1.3e+00 1.19e+00  1e+00  1e+00 2:19.2
   10    120 -3.464003515575371e-02 1.4e+00 1.17e+00  1e+00  1e+00 2:34.7
   11    132 -7.030726707069343e-02 1.4e+00 1.21e+00  1e+00  1e+00 2:50.0
   12    144 -4.056764035223165e-02 1.4e+00 1.22e+00  1e+00  1e+00 3:05.4
   13    156 -4.681789601349703e-02 1.5e+00 1.20e+00  1e+00  1e+00 3:20.8
   14    168 -4.475435006402064e-02 1.5e+00 1.18e+00  1e+00  1e+00 3:36.3
   15    180 -6.917763556384751e-02 1.5e+00 1.21e+00  1e+00  1e+00 3:51.7
   16    192 -7.128567843069609e-02 1.6e+00 1.27e+00  1e+00  1e+00 4:07.2
   18    216 -5.323579160566420e-02 1.6e+00 1.31e+00  1e+00  1e+00 4:38.0
   20    240 -6.283210026059673e-02 1.7e+00 1.33e+00  1e+00  1e+00 5:08.9
   22    264 -6.546885338618610e-02 1.7e+00 1.26e+00  1e+00  1e+00 5:39.8
   24    288 -7.307609835340451e-02 1.7e+00 1.20e+00  1e+00  1e+00 6:10.6
   26    312 2.839397135931695e-02 1.8e+00 1.13e+00  1e+00  1e+00 6:41.5
   28    336 1.584587758782881e-02 1.7e+00 1.03e+00  9e-01  1e+00 7:12.4
   30    360 -6.846647094033881e-02 1.7e+00 9.44e-01  8e-01  1e+00 7:43.2
   32    384 -1.688516844172009e-02 1.8e+00 9.00e-01  8e-01  1e+00 8:14.2
   34    408 -6.711339384534612e-02 1.8e+00 8.60e-01  8e-01  9e-01 8:44.9
   36    432 -7.093343119539021e-02 1.8e+00 8.49e-01  7e-01  9e-01 9:15.7
   38    456 -7.544687460524419e-02 1.8e+00 7.94e-01  7e-01  8e-01 9:46.2
   40    480 -3.911554970353368e-02 1.8e+00 7.91e-01  7e-01  8e-01 10:16.1
   42    504 -7.717268466792031e-02 1.9e+00 8.01e-01  7e-01  8e-01 10:46.0
   44    528 -6.611428203314333e-02 1.9e+00 8.07e-01  7e-01  9e-01 11:16.0
   47    564 -4.245948234674454e-02 1.9e+00 7.54e-01  6e-01  8e-01 12:00.8
   50    600 -6.538586551530942e-02 2.0e+00 7.43e-01  6e-01  8e-01 12:45.6
   53    636 -6.648806664352683e-02 2.0e+00 7.20e-01  6e-01  8e-01 13:30.3
   56    672 -7.361969684364152e-02 1.9e+00 6.29e-01  5e-01  7e-01 14:15.0
   59    708 -6.817817620302548e-02 2.0e+00 6.15e-01  5e-01  6e-01 14:59.9
   62    744 -3.105465091081377e-02 2.0e+00 6.22e-01  5e-01  7e-01 15:44.8
   65    780 -6.028993388682220e-02 2.0e+00 6.62e-01  6e-01  7e-01 16:29.6
   68    816 -5.500947608972804e-03 2.1e+00 6.73e-01  6e-01  7e-01 17:14.4
   71    852 -2.610460763341679e-02 2.2e+00 7.17e-01  6e-01  8e-01 17:59.2
   74    888 -8.288931609196210e-02 2.2e+00 7.58e-01  6e-01  8e-01 18:43.9
   77    924 -6.606999206742536e-02 2.2e+00 7.52e-01  6e-01  8e-01 19:28.6
   80    960 -4.558284725682648e-02 2.2e+00 7.58e-01  6e-01  8e-01 20:13.4
   83    996 -7.474944294425627e-02 2.4e+00 7.68e-01  6e-01  8e-01 20:58.3
   86   1032 -4.167108181255735e-02 2.5e+00 7.79e-01  7e-01  9e-01 21:43.1
   89   1068 -5.175483332582883e-02 2.5e+00 8.60e-01  7e-01  1e+00 22:27.7
   93   1116 -5.863126705109054e-02 2.6e+00 1.19e+00  1e+00  1e+00 23:27.2
   97   1164 -6.477103579516173e-02 2.7e+00 1.41e+00  1e+00  2e+00 24:26.6
  100   1200 -4.402465527000479e-02 2.8e+00 1.54e+00  1e+00  2e+00 25:11.2
  104   1248 -4.415009988356942e-02 2.9e+00 1.46e+00  1e+00  2e+00 26:10.6
  108   1296 -4.995142014652355e-02 3.0e+00 1.28e+00  1e+00  1e+00 27:10.3
  112   1344 -3.944759017950187e-02 3.0e+00 1.22e+00  1e+00  1e+00 28:10.1
  116   1392 -5.808639730133521e-02 2.8e+00 1.16e+00  1e+00  1e+00 29:09.8
  120   1440 -7.725094117912402e-02 2.8e+00 1.12e+00  9e-01  1e+00 30:09.3
  124   1488 -7.526726727172439e-02 2.9e+00 1.17e+00  1e+00  1e+00 31:08.7
  128   1536 -4.513557573049417e-02 2.8e+00 1.27e+00  1e+00  1e+00 32:08.5
  132   1584 -8.610239807140402e-02 2.8e+00 1.13e+00  1e+00  1e+00 33:08.2
  136   1632 -9.813743248873980e-02 2.9e+00 9.61e-01  8e-01  1e+00 34:07.9
  140   1680 -4.932760393321942e-02 3.1e+00 8.78e-01  7e-01  1e+00 35:07.5
  144   1728 -7.106828227701789e-02 3.2e+00 9.18e-01  8e-01  1e+00 36:07.0
  148   1776 -3.341494544712661e-02 3.3e+00 8.96e-01  7e-01  1e+00 37:06.5
  153   1836 -5.339835180779474e-02 3.5e+00 8.50e-01  7e-01  1e+00 38:21.0
  158   1896 -7.668882329517573e-02 3.4e+00 7.48e-01  6e-01  9e-01 39:35.3
  163   1956 -7.555212800773593e-02 3.4e+00 6.80e-01  5e-01  8e-01 40:49.7
  168   2016 -5.387655359717757e-02 3.7e+00 8.33e-01  7e-01  1e+00 42:03.9
  173   2076 -6.311606203795889e-02 3.9e+00 8.47e-01  7e-01  1e+00 43:18.2
  178   2136 -7.766407939832566e-02 4.1e+00 8.75e-01  7e-01  1e+00 44:32.4
  183   2196 -7.600339174430457e-02 4.3e+00 8.79e-01  7e-01  1e+00 45:46.6
  188   2256 -5.661580882868207e-02 4.4e+00 7.61e-01  6e-01  9e-01 47:00.8
  193   2316 -6.248647295312893e-02 4.3e+00 7.00e-01  6e-01  8e-01 48:15.2
  198   2376 -6.260047914295931e-02 4.4e+00 6.55e-01  5e-01  8e-01 49:29.3
  200   2400 -7.554885959571692e-02 4.5e+00 6.20e-01  5e-01  7e-01 49:59.0
  205   2460 -7.832189640070172e-02 4.4e+00 5.19e-01  4e-01  6e-01 51:13.2
  210   2520 -6.640411023859291e-02 4.6e+00 4.97e-01  4e-01  6e-01 52:27.5
  215   2580 -6.496177654463746e-02 4.5e+00 4.52e-01  4e-01  5e-01 53:41.8
  220   2640 -6.116852164846776e-02 4.6e+00 4.70e-01  4e-01  6e-01 54:56.1
  226   2712 -8.288541745932027e-02 4.6e+00 4.64e-01  4e-01  6e-01 56:25.2
  232   2784 -6.867146309264152e-02 4.8e+00 4.32e-01  3e-01  5e-01 57:54.4
  238   2856 -7.373403854710010e-02 4.9e+00 5.38e-01  4e-01  7e-01 59:23.6
  244   2928 -4.932560671501424e-02 5.1e+00 4.28e-01  3e-01  5e-01 60:52.6
  250   3000 -7.650817097393453e-02 5.3e+00 4.16e-01  3e-01  5e-01 62:21.7
  256   3072 -7.285120170266325e-02 5.5e+00 3.44e-01  2e-01  4e-01 63:50.9
  262   3144 -7.854836030545691e-02 5.6e+00 3.51e-01  3e-01  4e-01 65:20.3
  268   3216 -8.831519752712780e-02 6.0e+00 3.85e-01  3e-01  5e-01 66:49.6
  274   3288 -6.289782208937966e-02 6.0e+00 3.91e-01  3e-01  5e-01 68:18.9
  280   3360 -9.038603691379575e-02 6.1e+00 3.44e-01  2e-01  4e-01 69:48.3
  286   3432 -8.519970566581934e-02 6.3e+00 3.15e-01  2e-01  4e-01 71:17.7
  292   3504 -8.806617349725929e-02 6.2e+00 2.84e-01  2e-01  3e-01 72:47.2
  298   3576 -9.655353618610109e-02 6.1e+00 2.46e-01  2e-01  3e-01 74:16.4
  300   3600 -9.614679416201219e-02 6.1e+00 2.38e-01  2e-01  3e-01 74:46.1
  306   3672 -9.016522192792038e-02 6.5e+00 2.26e-01  1e-01  3e-01 76:15.4
  313   3756 -9.800485570970401e-02 6.6e+00 2.13e-01  1e-01  3e-01 77:59.5
  320   3840 -1.051276322492946e-01 6.5e+00 1.53e-01  9e-02  2e-01 79:43.6
  327   3924 -1.047072998187458e-01 6.8e+00 1.30e-01  7e-02  2e-01 81:27.8
  334   4008 -1.040308874904498e-01 6.5e+00 1.01e-01  5e-02  1e-01 83:11.9
  341   4092 -1.049873111141680e-01 6.6e+00 7.79e-02  4e-02  1e-01 84:55.9
  348   4176 -1.062160508005617e-01 7.1e+00 7.40e-02  4e-02  9e-02 86:40.0
  355   4260 -1.071135030940015e-01 7.3e+00 7.73e-02  4e-02  1e-01 88:24.0
  362   4344 -1.066104908645781e-01 7.2e+00 5.65e-02  3e-02  7e-02 90:08.0
  369   4428 -1.071140934206633e-01 7.2e+00 5.27e-02  2e-02  6e-02 91:51.9
  376   4512 -1.075496822461067e-01 7.8e+00 5.36e-02  2e-02  6e-02 93:36.0
  383   4596 -1.075999206363968e-01 8.4e+00 5.16e-02  2e-02  6e-02 95:19.9
  390   4680 -1.077798987392800e-01 9.1e+00 5.07e-02  2e-02  6e-02 97:03.9
  397   4764 -1.082539763057553e-01 1.0e+01 5.45e-02  2e-02  7e-02 98:48.0
  400   4800 -1.083677699824710e-01 1.1e+01 5.20e-02  2e-02  7e-02 99:32.7
  407   4884 -1.083676292901022e-01 1.1e+01 4.14e-02  1e-02  6e-02 101:16.9
  415   4980 -1.083962552049705e-01 1.1e+01 4.10e-02  1e-02  5e-02 103:16.1
  423   5076 -1.083909632072819e-01 1.2e+01 3.61e-02  1e-02  5e-02 105:15.2
  431   5172 -1.085683398986388e-01 1.2e+01 3.50e-02  1e-02  4e-02 107:14.3
  439   5268 -1.086054050682028e-01 1.4e+01 2.28e-02  6e-03  3e-02 109:13.3
  447   5364 -1.086645447087333e-01 1.5e+01 2.12e-02  6e-03  3e-02 111:12.2
  455   5460 -1.087142161555773e-01 1.5e+01 2.38e-02  6e-03  3e-02 113:11.2
  463   5556 -1.087279873749118e-01 1.6e+01 2.59e-02  6e-03  3e-02 115:10.1
  471   5652 -1.087845094308952e-01 1.7e+01 3.26e-02  7e-03  4e-02 117:08.8
  479   5748 -1.088613081023958e-01 1.9e+01 2.91e-02  6e-03  4e-02 119:07.7
  487   5844 -1.088978179908101e-01 2.0e+01 3.17e-02  7e-03  4e-02 121:06.7
  495   5940 -1.089480096864358e-01 2.2e+01 2.59e-02  5e-03  4e-02 123:05.5
  500   6000 -1.089802253829346e-01 2.2e+01 2.87e-02  5e-03  4e-02 124:20.0
  508   6096 -1.090006073490422e-01 2.3e+01 2.90e-02  5e-03  4e-02 126:18.9
  516   6192 -1.090583951627811e-01 2.6e+01 2.77e-02  5e-03  4e-02 128:17.8
  525   6300 -1.090786357803811e-01 2.9e+01 1.84e-02  3e-03  3e-02 130:31.4
  534   6408 -1.091077406455990e-01 3.7e+01 1.95e-02  3e-03  3e-02 132:45.3
  543   6516 -1.091181804006398e-01 3.9e+01 1.55e-02  2e-03  3e-02 134:59.1
  552   6624 -1.091324121989504e-01 3.8e+01 1.26e-02  2e-03  2e-02 137:13.0
  561   6732 -1.091480618780808e-01 4.1e+01 1.24e-02  2e-03  2e-02 139:26.9
  570   6840 -1.091593962741892e-01 4.6e+01 1.84e-02  3e-03  3e-02 141:40.5
  579   6948 -1.091665106667808e-01 5.2e+01 1.84e-02  2e-03  3e-02 143:54.2
  588   7056 -1.091733091648606e-01 5.3e+01 1.56e-02  2e-03  3e-02 146:08.0
  597   7164 -1.091873774751199e-01 5.5e+01 1.47e-02  2e-03  3e-02 148:21.8
  600   7200 -1.091912414065618e-01 5.5e+01 1.65e-02  2e-03  3e-02 149:06.5
  609   7308 -1.091991994837734e-01 5.6e+01 1.60e-02  2e-03  3e-02 151:20.2
  618   7416 -1.092084481343668e-01 5.7e+01 1.81e-02  2e-03  3e-02 153:33.8
  627   7524 -1.092390780154547e-01 5.8e+01 2.37e-02  3e-03  4e-02 155:47.7
  636   7632 -1.092507367476884e-01 5.8e+01 2.84e-02  3e-03  5e-02 158:01.6
  645   7740 -1.092817254773291e-01 6.2e+01 3.22e-02  4e-03  6e-02 160:15.6
  655   7860 -1.093022748824537e-01 6.1e+01 3.50e-02  4e-03  7e-02 162:44.3
  665   7980 -1.093256992193488e-01 6.4e+01 2.75e-02  3e-03  5e-02 165:13.3
  675   8100 -1.093336210100880e-01 6.6e+01 2.53e-02  3e-03  5e-02 167:42.3
  685   8220 -1.093398864038312e-01 6.6e+01 2.57e-02  3e-03  5e-02 170:11.4
  695   8340 -1.093485053983403e-01 6.8e+01 2.63e-02  3e-03  5e-02 172:40.2
  700   8400 -1.093521950240086e-01 6.8e+01 2.12e-02  2e-03  4e-02 173:54.6
  710   8520 -1.093626369912567e-01 6.9e+01 1.94e-02  2e-03  4e-02 176:23.2
  720   8640 -1.093692154351151e-01 7.2e+01 1.52e-02  1e-03  3e-02 178:51.7
  730   8760 -1.093726544696764e-01 8.0e+01 1.23e-02  1e-03  2e-02 181:20.2
  740   8880 -1.093758315168737e-01 8.1e+01 1.51e-02  1e-03  3e-02 183:48.8
  750   9000 -1.093814695323012e-01 9.1e+01 1.96e-02  2e-03  4e-02 186:17.4
  760   9120 -1.093844012121997e-01 9.8e+01 1.95e-02  2e-03  4e-02 188:45.9
  770   9240 -1.093914496747883e-01 9.8e+01 2.19e-02  2e-03  4e-02 191:14.5
  780   9360 -1.093961924423333e-01 1.1e+02 1.70e-02  1e-03  3e-02 193:43.0
  790   9480 -1.094020970750330e-01 1.1e+02 1.69e-02  1e-03  3e-02 196:11.5
  800   9600 -1.094076585733807e-01 1.1e+02 2.17e-02  2e-03  4e-02 198:39.9
  811   9732 -1.094130642920205e-01 1.1e+02 1.79e-02  1e-03  3e-02 201:23.2
  822   9864 -1.094174473564469e-01 1.2e+02 2.13e-02  2e-03  4e-02 204:06.7
  833   9996 -1.094223347222143e-01 1.2e+02 1.65e-02  1e-03  3e-02 206:50.1
  844  10128 -1.094240536191780e-01 1.2e+02 1.92e-02  1e-03  3e-02 209:33.6
  855  10260 -1.094294368201125e-01 1.2e+02 1.49e-02  1e-03  2e-02 212:17.0
  866  10392 -1.094312221446405e-01 1.1e+02 1.45e-02  1e-03  2e-02 215:00.6
  877  10524 -1.094326729646575e-01 1.1e+02 1.36e-02  9e-04  2e-02 217:43.9
  888  10656 -1.094340001572253e-01 1.1e+02 1.24e-02  8e-04  2e-02 220:27.5
  899  10788 -1.094347861185943e-01 1.1e+02 8.81e-03  6e-04  1e-02 223:11.0
  900  10800 -1.094348045232413e-01 1.1e+02 8.64e-03  5e-04  1e-02 223:25.8
  911  10932 -1.094354316223011e-01 1.1e+02 5.59e-03  4e-04  8e-03 226:09.3
  922  11064 -1.094360651725200e-01 1.1e+02 6.00e-03  4e-04  8e-03 228:52.6
  933  11196 -1.094370445651565e-01 1.1e+02 1.06e-02  6e-04  1e-02 231:36.3
  944  11328 -1.094380200537991e-01 1.2e+02 1.22e-02  7e-04  2e-02 234:19.7
  956  11472 -1.094391149224125e-01 1.2e+02 1.11e-02  6e-04  2e-02 237:18.0
  968  11616 -1.094395168288556e-01 1.3e+02 8.61e-03  5e-04  1e-02 240:16.1
  980  11760 -1.094398319476690e-01 1.4e+02 6.63e-03  4e-04  9e-03 243:14.4
  992  11904 -1.094399955736131e-01 1.4e+02 4.95e-03  3e-04  7e-03 246:12.8
 1000  12000 -1.094400405518619e-01 1.5e+02 4.22e-03  2e-04  6e-03 248:11.6
Budget constraint not satisfied 2018.3114624023438 1591.6899871826172 Difference:  -426.62147521972656
Budget constraint satisfied 1416.0 1591.6899871826172 Difference:  175.6899871826172
two_most_probable_states: ['000100010', '000100000']
final_expectation_value: -0.10944005249634273
params: [-1.7369321256641779, -0.8231691340902362, -3.4426666866274696, 1.1099577769635196, 0.7883679695339856, -7.471032261101378, 11.131046889530603, -4.1131306198066255, 4.365421936532921, -9.139722650557685, 9.527703098581629, 4.114636988399947, -0.31218726170957495, 1.3474774759298094, -1.9093222415503575, 1.559125276706617, 5.855290944566454, -1.3191012319240583]
total_steps: 1000
states_probs: [0.08569055414987502, 0.12342392335663616]
optimized_portfolios: [{'BA': 8, 'NKE': 8}, {'BA': 8, 'NKE': 0}]
objective_values: [-47886.60143267145, -8424.939510469814]
result_with_budget: [{'portfolio': {'BA': 8, 'NKE': 8}, 'budget': 2018.3114624023438, 'difference': -426.62147521972656}, {'portfolio': {'BA': 8, 'NKE': 0}, 'budget': 1416.0, 'difference': 175.6899871826172}]
Processing experiment 83
Budget: 13669.93896484375
Expected returns: 0.10705995535943427
Covariance matrix: 0.39212915921486363
3rd-order coskewness tensor: 0.21826328088377062
4th-order cokurtosis tensor: 12.408077183317458
Number of qubits for asset PG: 7
Number of qubits for asset UNH: 5
Total number of qubits:  12
Optimized Weights (considering variance, skewness and kurtosis):
PG: 49.21%
UNH: 50.79%
Left over budget:  119.31413841208996
Optimized Discrete Allocation:
PG: 39
UNH: 14
Maximized utility from continuous higher moments:  -6479040.571635644
Budget constraint satisfied 13263.023864746094 13669.93896484375 Difference:  406.91510009765625
Budget constraint satisfied 13429.657775878906 13669.93896484375 Difference:  240.28118896484375
smallest_eigenvalues: [-0.086655407212975]
smallest_bitstrings: ['100000001011']
first_excited_energy: -0.08665170079260152
optimized_portfolio: [{'PG': 1, 'UNH': 26}]
second_optimized_portfolio: [{'PG': 2, 'UNH': 26}]
result_with_budget: [{'portfolio': {'PG': 1, 'UNH': 26}, 'budget': 13263.023864746094, 'difference': 406.91510009765625, 'objective_value': -706142.419507203}]
result_with_budget_excited: [{'portfolio': {'PG': 2, 'UNH': 26}, 'budget': 13429.657775878906, 'difference': 240.28118896484375, 'objective_value': -744681.3884305772}]
Initial params:  [0.54628702 2.73143045 0.94629171 2.35224058 3.07062121 1.43622955
 2.27017067 2.92645654 2.21160864 0.09809933 0.05744792 0.01601519
 0.88196577 1.76283414 1.28982826 1.98892459 1.26864818 1.8014909
 1.18399568 0.55800995]
(6_w,12)-aCMA-ES (mu_w=3.7,w_1=40%) in dimension 20 (seed=307676, Sun Mar 16 15:30:14 2025)
Iterat #Fevals   function value  axis ratio  sigma  min&max std  t[m:s]
    1     12 -2.272599938385313e-02 1.0e+00 1.41e+00  1e+00  1e+00 0:58.7
    2     24 3.737169039926443e-02 1.1e+00 1.44e+00  1e+00  1e+00 1:57.2
    3     36 -2.734693148131715e-02 1.1e+00 1.48e+00  1e+00  2e+00 2:55.9
    4     48 1.143061117599030e-02 1.2e+00 1.48e+00  1e+00  2e+00 3:54.7
    5     60 2.231481642539731e-04 1.2e+00 1.50e+00  1e+00  2e+00 4:53.6
    6     72 -1.647975489954072e-02 1.3e+00 1.44e+00  1e+00  2e+00 5:52.1
    7     84 3.332364698656864e-02 1.3e+00 1.40e+00  1e+00  1e+00 6:50.9
    8     96 2.954299713133297e-02 1.3e+00 1.38e+00  1e+00  1e+00 7:49.7
    9    108 4.953883025714652e-02 1.4e+00 1.39e+00  1e+00  1e+00 8:48.7
   10    120 2.667798172440335e-02 1.4e+00 1.35e+00  1e+00  1e+00 9:47.5
   11    132 -3.375772590984776e-02 1.4e+00 1.34e+00  1e+00  1e+00 10:46.3
   12    144 4.347489115215573e-02 1.4e+00 1.33e+00  1e+00  1e+00 11:45.2
   13    156 -1.372408596608669e-02 1.4e+00 1.37e+00  1e+00  1e+00 12:44.0
   14    168 1.967802776481624e-02 1.4e+00 1.46e+00  1e+00  2e+00 13:42.9
   15    180 3.022757465318553e-02 1.5e+00 1.47e+00  1e+00  2e+00 14:41.8
   16    192 3.052521029946025e-03 1.6e+00 1.41e+00  1e+00  2e+00 15:40.4
   17    204 -2.393846540621087e-02 1.6e+00 1.42e+00  1e+00  2e+00 16:39.4
   18    216 4.440140564654042e-02 1.6e+00 1.39e+00  1e+00  1e+00 17:38.0
   19    228 4.370527637062516e-02 1.6e+00 1.38e+00  1e+00  1e+00 18:36.8
   20    240 -3.152587393539393e-03 1.6e+00 1.36e+00  1e+00  1e+00 19:35.5
   21    252 4.013735397427379e-02 1.6e+00 1.34e+00  1e+00  1e+00 20:34.2
   22    264 2.622151287809188e-02 1.7e+00 1.37e+00  1e+00  1e+00 21:32.9
   23    276 3.948161524162359e-02 1.7e+00 1.40e+00  1e+00  1e+00 22:31.6
   24    288 4.734140203647532e-03 1.7e+00 1.39e+00  1e+00  1e+00 23:30.5
   25    300 2.738221109122734e-02 1.7e+00 1.38e+00  1e+00  1e+00 24:29.3
   26    312 2.118857270122569e-02 1.7e+00 1.38e+00  1e+00  1e+00 25:27.9
   27    324 5.898489846389658e-03 1.7e+00 1.38e+00  1e+00  1e+00 26:26.9
   28    336 -1.482144189431881e-02 1.7e+00 1.42e+00  1e+00  2e+00 27:25.6
   29    348 1.861982262257694e-02 1.7e+00 1.44e+00  1e+00  2e+00 28:24.4
   30    360 -1.768990169339715e-03 1.7e+00 1.43e+00  1e+00  2e+00 29:23.1
   31    372 -6.091618900490705e-03 1.8e+00 1.41e+00  1e+00  2e+00 30:21.5
   32    384 1.565641224168713e-02 1.7e+00 1.34e+00  1e+00  1e+00 31:19.9
   33    396 -1.669714704110348e-02 1.7e+00 1.30e+00  1e+00  1e+00 32:18.5
   34    408 -1.023356707465156e-02 1.8e+00 1.30e+00  1e+00  1e+00 33:16.8
   35    420 -6.969434722265131e-03 1.8e+00 1.31e+00  1e+00  1e+00 34:15.0
   36    432 3.711384748323199e-02 1.9e+00 1.31e+00  1e+00  1e+00 35:13.6
   37    444 -2.083441659724933e-03 1.9e+00 1.31e+00  1e+00  1e+00 36:11.9
   38    456 -1.272492583452453e-02 1.9e+00 1.29e+00  1e+00  1e+00 37:10.6
   39    468 -9.226837600049474e-03 2.0e+00 1.26e+00  1e+00  1e+00 38:08.9
   40    480 -1.851750430911806e-02 2.0e+00 1.24e+00  1e+00  1e+00 39:07.2
   41    492 -5.363176769941050e-03 2.0e+00 1.22e+00  1e+00  1e+00 40:05.9
   42    504 9.575804275228456e-05 2.0e+00 1.19e+00  1e+00  1e+00 41:04.5
   43    516 -1.116489939372320e-02 2.0e+00 1.18e+00  1e+00  1e+00 42:03.2
   44    528 1.361643534919820e-02 2.1e+00 1.20e+00  1e+00  1e+00 43:01.5
   45    540 1.175175185917531e-02 2.1e+00 1.21e+00  1e+00  1e+00 44:00.1
   46    552 -1.599318783179067e-02 2.1e+00 1.25e+00  1e+00  1e+00 44:59.0
   47    564 3.079757294496256e-02 2.1e+00 1.27e+00  1e+00  1e+00 45:57.4
   48    576 2.014996997815142e-02 2.1e+00 1.29e+00  1e+00  1e+00 46:55.9
   49    588 3.318624846207822e-02 2.1e+00 1.27e+00  1e+00  1e+00 47:54.3
   50    600 -1.017485955736411e-02 2.1e+00 1.27e+00  1e+00  1e+00 48:52.7
   51    612 -1.028785614752268e-02 2.1e+00 1.29e+00  1e+00  1e+00 49:51.3
   52    624 -2.266872923333301e-02 2.1e+00 1.27e+00  1e+00  1e+00 50:49.8
   53    636 -4.325685116156128e-03 2.1e+00 1.28e+00  1e+00  1e+00 51:48.2
   54    648 -2.884587248162144e-02 2.1e+00 1.31e+00  1e+00  1e+00 52:46.5
   55    660 -2.646529274507412e-03 2.1e+00 1.34e+00  1e+00  2e+00 53:44.8
   56    672 7.781954836660572e-03 2.1e+00 1.33e+00  1e+00  2e+00 54:43.6
   57    684 -2.109074929818276e-02 2.1e+00 1.36e+00  1e+00  2e+00 55:42.1
   58    696 -1.313840788314228e-02 2.1e+00 1.36e+00  1e+00  2e+00 56:40.6
   59    708 -4.053417146627482e-02 2.1e+00 1.34e+00  1e+00  2e+00 57:38.9
   61    732 5.851600704844557e-02 2.2e+00 1.41e+00  1e+00  2e+00 59:36.1
   63    756 2.313230729548103e-02 2.2e+00 1.56e+00  1e+00  2e+00 61:33.3
   65    780 -2.978926186554975e-02 2.2e+00 1.55e+00  1e+00  2e+00 63:30.1
   67    804 2.048750949330740e-02 2.2e+00 1.52e+00  1e+00  2e+00 65:27.3
   69    828 1.384431757235347e-02 2.3e+00 1.48e+00  1e+00  2e+00 67:24.6
   71    852 -2.429893312284865e-02 2.3e+00 1.35e+00  1e+00  2e+00 69:21.5
   73    876 8.734500221308028e-02 2.3e+00 1.24e+00  1e+00  1e+00 71:18.2
   75    900 -4.487539288497421e-02 2.3e+00 1.19e+00  1e+00  1e+00 73:15.0
   77    924 -3.364234852443954e-02 2.3e+00 1.17e+00  1e+00  1e+00 75:12.0
   79    948 -2.435855807251198e-03 2.3e+00 1.20e+00  1e+00  1e+00 77:08.7
   81    972 -2.308704481836771e-02 2.3e+00 1.20e+00  1e+00  1e+00 79:05.9
   83    996 -3.546078780221500e-02 2.4e+00 1.21e+00  1e+00  1e+00 81:03.3
   85   1020 -3.455003058166605e-02 2.4e+00 1.18e+00  1e+00  1e+00 83:00.3
   87   1044 -2.824847832386716e-02 2.4e+00 1.19e+00  1e+00  1e+00 84:57.4
   89   1068 -2.294973521417551e-02 2.4e+00 1.15e+00  1e+00  1e+00 86:54.3
   91   1092 1.821412736187698e-02 2.4e+00 1.09e+00  9e-01  1e+00 88:51.1
   93   1116 -1.711077164103871e-02 2.4e+00 1.13e+00  1e+00  1e+00 90:47.7
   95   1140 -5.026362717058139e-02 2.4e+00 1.20e+00  1e+00  1e+00 92:44.5
   97   1164 -3.115083203990383e-02 2.5e+00 1.22e+00  1e+00  1e+00 94:41.6
   99   1188 -3.119153591766403e-02 2.5e+00 1.11e+00  1e+00  1e+00 96:38.4
  100   1200 -7.256188923865821e-03 2.5e+00 1.03e+00  9e-01  1e+00 97:36.7
  102   1224 7.221801926407199e-03 2.5e+00 9.64e-01  8e-01  1e+00 99:33.9
  104   1248 -2.707386430918678e-02 2.5e+00 9.84e-01  9e-01  1e+00 101:30.8
  106   1272 -3.963252767311676e-02 2.5e+00 1.03e+00  9e-01  1e+00 103:27.7
  108   1296 -2.189732614104986e-02 2.6e+00 1.16e+00  1e+00  1e+00 105:24.6
  110   1320 -1.424544219929371e-02 2.6e+00 1.38e+00  1e+00  2e+00 107:21.2
  112   1344 1.922318015536168e-02 2.5e+00 1.55e+00  1e+00  2e+00 109:18.4
  114   1368 -2.307134254577626e-02 2.5e+00 1.54e+00  1e+00  2e+00 111:15.6
  116   1392 -3.111351844493515e-04 2.5e+00 1.49e+00  1e+00  2e+00 113:13.2
  118   1416 -3.129177574408215e-02 2.6e+00 1.41e+00  1e+00  2e+00 115:10.7
  120   1440 -4.880605662775144e-02 2.6e+00 1.23e+00  1e+00  1e+00 117:08.3
  122   1464 -3.657692288185548e-02 2.7e+00 1.12e+00  9e-01  1e+00 119:05.8
  124   1488 -4.063690624872112e-02 2.7e+00 1.04e+00  8e-01  1e+00 121:03.3
  126   1512 -2.360734304917967e-02 2.8e+00 9.57e-01  8e-01  1e+00 123:00.8
  128   1536 -2.264774615854777e-02 2.8e+00 9.97e-01  8e-01  1e+00 124:58.5
  130   1560 -3.881177420926656e-02 2.9e+00 1.07e+00  9e-01  1e+00 126:56.2
  132   1584 -3.471646092888373e-02 2.9e+00 1.07e+00  9e-01  1e+00 128:53.9
  134   1608 -7.531092165051276e-03 2.9e+00 1.20e+00  1e+00  1e+00 130:51.1
  136   1632 -1.225067737043943e-02 2.9e+00 1.17e+00  1e+00  1e+00 132:48.7
  138   1656 -1.666288123600005e-02 3.0e+00 1.14e+00  9e-01  1e+00 134:46.2
  140   1680 -2.553942278438521e-02 3.0e+00 1.06e+00  9e-01  1e+00 136:43.6
  142   1704 -3.010380302672470e-02 2.9e+00 1.00e+00  8e-01  1e+00 138:41.4
  144   1728 1.200266193355866e-02 2.9e+00 9.63e-01  8e-01  1e+00 140:38.8
  146   1752 -3.544010558831542e-02 3.0e+00 9.28e-01  8e-01  1e+00 142:37.0
  148   1776 -3.283848411803904e-02 3.0e+00 8.82e-01  7e-01  1e+00 144:34.7
  150   1800 -2.126999056388862e-02 3.1e+00 8.49e-01  7e-01  1e+00 146:32.4
  152   1824 1.683334761144636e-02 3.1e+00 8.66e-01  7e-01  1e+00 148:30.5
  154   1848 9.395907773660181e-03 3.1e+00 8.27e-01  7e-01  1e+00 150:28.0
  156   1872 -2.767313889414995e-02 3.2e+00 8.45e-01  7e-01  1e+00 152:25.5
  158   1896 -8.367219175065974e-03 3.3e+00 9.05e-01  7e-01  1e+00 154:23.4
  160   1920 1.946623797453803e-02 3.3e+00 9.71e-01  8e-01  1e+00 156:21.0
  162   1944 -2.348373767809711e-02 3.4e+00 1.07e+00  8e-01  1e+00 158:18.9
  164   1968 7.071093761636515e-03 3.4e+00 1.08e+00  9e-01  1e+00 160:16.6
  166   1992 4.740207488137237e-03 3.4e+00 1.09e+00  9e-01  1e+00 162:14.3
  168   2016 -3.158674398843397e-02 3.4e+00 1.11e+00  9e-01  1e+00 164:11.6
  170   2040 2.349056078695223e-03 3.4e+00 1.18e+00  9e-01  1e+00 166:08.6
  172   2064 1.485784393484434e-02 3.4e+00 1.18e+00  9e-01  1e+00 168:05.5
  174   2088 -1.387866113569953e-03 3.4e+00 1.16e+00  9e-01  1e+00 170:02.4
  177   2124 -3.334054188671830e-02 3.4e+00 1.28e+00  1e+00  2e+00 172:58.1
  180   2160 -3.361610806907799e-02 3.5e+00 1.32e+00  1e+00  2e+00 175:53.3
  183   2196 -4.953767692513515e-03 3.6e+00 1.41e+00  1e+00  2e+00 178:48.8
  186   2232 -1.863992959756054e-02 3.7e+00 1.64e+00  1e+00  2e+00 181:44.4
  189   2268 3.533799161235085e-03 3.7e+00 1.86e+00  1e+00  2e+00 184:39.8
  192   2304 -3.329584777768881e-03 3.8e+00 1.97e+00  2e+00  2e+00 187:35.2
  195   2340 2.683679597455805e-02 3.9e+00 2.05e+00  2e+00  3e+00 190:30.6
  198   2376 2.312685187551994e-02 3.9e+00 2.08e+00  2e+00  3e+00 193:26.1
  200   2400 2.142565871295332e-02 4.0e+00 2.09e+00  2e+00  3e+00 195:22.9
  203   2436 -1.263440149182622e-02 3.9e+00 2.05e+00  2e+00  3e+00 198:18.9
  206   2472 5.805310296727584e-02 4.0e+00 1.97e+00  2e+00  3e+00 201:14.5
  209   2508 -1.398143725374388e-02 4.0e+00 2.05e+00  2e+00  3e+00 204:10.0
  212   2544 -5.834110871055622e-03 4.0e+00 2.22e+00  2e+00  3e+00 207:05.7
  215   2580 1.753457791242184e-02 4.1e+00 2.37e+00  2e+00  3e+00 210:00.7
  218   2616 4.234741430422019e-02 4.1e+00 2.34e+00  2e+00  3e+00 212:56.3
  221   2652 2.383680132828925e-02 4.2e+00 2.50e+00  2e+00  4e+00 215:51.6
  224   2688 4.626457405675428e-02 4.3e+00 2.62e+00  2e+00  4e+00 218:46.9
  227   2724 2.346340550664471e-02 4.3e+00 2.67e+00  2e+00  4e+00 221:42.4
  230   2760 4.764107250059368e-02 4.3e+00 2.78e+00  2e+00  4e+00 224:37.7
  233   2796 3.792635836319063e-03 4.2e+00 3.07e+00  2e+00  4e+00 227:33.2
  236   2832 -1.578529090960466e-04 4.2e+00 2.94e+00  2e+00  4e+00 230:28.4
  239   2868 3.258113245096398e-02 4.2e+00 2.61e+00  2e+00  4e+00 233:23.6
  242   2904 -1.544177194370791e-03 4.3e+00 2.60e+00  2e+00  4e+00 236:19.0
  245   2940 -5.687738142232712e-03 4.3e+00 2.91e+00  2e+00  4e+00 239:14.5
  248   2976 -3.090592129931772e-03 4.2e+00 2.96e+00  2e+00  4e+00 242:09.8
  251   3012 -1.246962939446697e-02 4.3e+00 2.80e+00  2e+00  4e+00 245:05.5
  254   3048 2.988943371497472e-02 4.4e+00 2.77e+00  2e+00  4e+00 248:00.4
  257   3084 2.907790989214053e-02 4.3e+00 2.45e+00  2e+00  3e+00 250:56.1
  260   3120 -7.532554572049296e-03 4.5e+00 2.56e+00  2e+00  4e+00 253:51.0
  263   3156 2.841795177146659e-02 4.7e+00 2.37e+00  2e+00  3e+00 256:46.8
  266   3192 -4.375697523843432e-03 4.8e+00 2.30e+00  2e+00  3e+00 259:42.2
  269   3228 1.312182472411341e-02 4.9e+00 2.49e+00  2e+00  4e+00 262:37.9
  272   3264 -2.115065551904438e-02 4.8e+00 2.44e+00  2e+00  4e+00 265:33.5
  275   3300 3.538107380964036e-02 4.7e+00 2.49e+00  2e+00  4e+00 268:28.8
  278   3336 5.735948645028173e-02 4.6e+00 2.57e+00  2e+00  4e+00 271:24.2
  281   3372 2.512860007155962e-02 4.7e+00 2.76e+00  2e+00  4e+00 274:20.2
  284   3408 1.809250733821980e-02 4.8e+00 2.64e+00  2e+00  4e+00 277:16.2
  287   3444 2.306322235244545e-03 4.6e+00 2.97e+00  2e+00  4e+00 280:12.5
  290   3480 4.300490102038948e-03 4.6e+00 3.18e+00  2e+00  5e+00 283:08.9
  293   3516 4.689909502168108e-02 4.8e+00 3.46e+00  3e+00  5e+00 286:04.7
  296   3552 4.397166069185817e-02 5.1e+00 3.65e+00  3e+00  6e+00 289:00.3
  299   3588 7.017257454125894e-03 5.1e+00 3.65e+00  3e+00  6e+00 291:55.9
  300   3600 4.014718215266518e-02 5.1e+00 3.58e+00  3e+00  5e+00 292:54.2
  303   3636 2.507201939964948e-02 5.2e+00 3.83e+00  3e+00  6e+00 295:50.2
  306   3672 2.057302524168343e-02 5.1e+00 3.72e+00  3e+00  6e+00 298:45.6
  309   3708 3.063079250617636e-02 5.3e+00 4.19e+00  3e+00  6e+00 301:41.7
  312   3744 1.996523089954903e-02 5.4e+00 4.44e+00  3e+00  7e+00 304:37.3
  315   3780 2.874598364972411e-02 5.5e+00 4.92e+00  4e+00  8e+00 307:32.6
  318   3816 2.015700668627808e-02 5.5e+00 5.30e+00  4e+00  9e+00 310:28.5
  321   3852 7.770920728918837e-03 5.7e+00 5.23e+00  4e+00  9e+00 313:24.1
  324   3888 3.170939996888623e-02 5.7e+00 4.56e+00  3e+00  8e+00 316:19.9
  327   3924 4.415275667123746e-02 5.9e+00 4.21e+00  3e+00  7e+00 319:16.1
  330   3960 3.874149402907048e-02 6.0e+00 4.19e+00  3e+00  7e+00 322:12.2
  333   3996 3.727025428385702e-02 6.1e+00 4.62e+00  3e+00  8e+00 325:08.0
  336   4032 3.084025209339625e-02 6.1e+00 4.68e+00  3e+00  8e+00 328:05.2
  339   4068 3.907473451602023e-02 6.2e+00 4.78e+00  4e+00  8e+00 331:03.6
  342   4104 -2.729758994147669e-03 6.5e+00 4.94e+00  4e+00  9e+00 334:00.5
  345   4140 1.114889463479619e-02 6.9e+00 5.17e+00  4e+00  1e+01 336:56.2
  348   4176 1.259606879337714e-02 6.9e+00 4.91e+00  4e+00  9e+00 339:53.0
  352   4224 4.985401898339031e-02 6.9e+00 5.20e+00  4e+00  9e+00 343:47.4
  355   4260 4.342033823729342e-02 7.0e+00 5.59e+00  4e+00  1e+01 346:45.2
  359   4308 3.323958598338546e-02 6.8e+00 5.86e+00  4e+00  1e+01 350:40.0
  363   4356 3.193233643802363e-02 6.8e+00 5.44e+00  4e+00  1e+01 354:34.5
  367   4404 4.751643402085431e-02 6.8e+00 5.19e+00  4e+00  9e+00 358:29.0
  371   4452 3.602261628587715e-02 6.9e+00 4.85e+00  3e+00  9e+00 362:24.0
  375   4500 3.679200673669401e-02 6.6e+00 5.11e+00  4e+00  9e+00 366:18.0
  379   4548 3.011933978923658e-02 6.8e+00 5.38e+00  4e+00  1e+01 370:12.3
  383   4596 9.830014078984119e-03 6.9e+00 4.96e+00  3e+00  9e+00 374:07.9
  387   4644 4.847482204217463e-02 6.7e+00 5.33e+00  4e+00  1e+01 378:02.2
  391   4692 2.834810464076132e-02 6.8e+00 5.11e+00  3e+00  9e+00 381:57.3
  395   4740 1.385381209489962e-02 6.8e+00 5.34e+00  4e+00  1e+01 385:51.9
  399   4788 4.982771230764990e-02 6.8e+00 5.47e+00  4e+00  1e+01 389:46.4
  400   4800 5.499483847549669e-02 6.8e+00 5.44e+00  4e+00  1e+01 390:44.9
  404   4848 5.908510197764889e-02 6.7e+00 5.24e+00  4e+00  9e+00 394:39.8
  408   4896 5.941923670660430e-02 6.7e+00 5.58e+00  4e+00  1e+01 398:34.8
  412   4944 4.886893151104036e-02 7.0e+00 5.48e+00  4e+00  1e+01 402:29.7
  416   4992 5.206067243625341e-02 7.2e+00 5.67e+00  4e+00  1e+01 406:23.7
  420   5040 6.181634242541897e-02 7.2e+00 5.44e+00  4e+00  1e+01 410:17.9
  424   5088 1.435551037496829e-02 7.3e+00 5.28e+00  4e+00  9e+00 414:12.7
  428   5136 7.073347909338125e-02 7.3e+00 4.66e+00  3e+00  8e+00 418:07.0
  432   5184 3.477195171827663e-02 7.4e+00 4.79e+00  3e+00  8e+00 422:01.1
  436   5232 7.413753921607737e-02 7.4e+00 4.99e+00  3e+00  9e+00 425:55.0
  440   5280 6.357072798982705e-02 7.6e+00 6.43e+00  4e+00  1e+01 429:49.1
  444   5328 7.230485797724485e-02 7.7e+00 7.71e+00  5e+00  1e+01 433:43.6
  448   5376 7.611663745899347e-02 8.0e+00 7.02e+00  5e+00  1e+01 437:37.8
  452   5424 5.672999572581545e-02 8.1e+00 8.33e+00  6e+00  1e+01 441:31.9
  456   5472 7.125210041300800e-02 8.1e+00 9.42e+00  7e+00  2e+01 445:25.6
  460   5520 6.216926757930458e-02 8.5e+00 9.84e+00  8e+00  2e+01 449:19.6
  464   5568 6.676850908891677e-02 8.6e+00 1.08e+01  8e+00  2e+01 453:13.7
  468   5616 6.893072021806879e-02 8.7e+00 1.20e+01  9e+00  2e+01 457:08.1
  472   5664 8.387982819364311e-02 8.9e+00 1.26e+01  1e+01  2e+01 461:02.0
  476   5712 7.246701967458576e-02 8.8e+00 1.22e+01  9e+00  2e+01 464:56.4
  480   5760 7.751246480319468e-02 8.6e+00 1.24e+01  9e+00  2e+01 468:50.4
  484   5808 6.396805481059201e-02 8.6e+00 1.27e+01  1e+01  2e+01 472:45.0
  488   5856 7.623312365424165e-02 8.7e+00 1.23e+01  9e+00  2e+01 476:38.7
  492   5904 5.363761875900582e-02 8.6e+00 1.11e+01  8e+00  2e+01 480:32.4
  496   5952 6.585441021343040e-02 8.8e+00 9.74e+00  7e+00  2e+01 484:25.9
  500   6000 4.055692853517985e-02 8.7e+00 8.40e+00  6e+00  1e+01 488:19.8
  504   6048 7.410507886798129e-02 8.8e+00 8.22e+00  6e+00  1e+01 492:14.2
  508   6096 6.253348308213554e-02 9.0e+00 7.86e+00  6e+00  1e+01 496:08.8
  512   6144 5.823064292885582e-02 9.2e+00 6.69e+00  5e+00  1e+01 500:03.1
  516   6192 6.291235584376466e-02 9.3e+00 6.15e+00  4e+00  1e+01 503:56.8
  520   6240 6.455890912570006e-02 9.3e+00 5.09e+00  4e+00  9e+00 507:51.1
  524   6288 7.569142160147063e-02 9.1e+00 4.58e+00  3e+00  8e+00 511:47.0
  528   6336 8.027240629889894e-02 9.1e+00 4.88e+00  4e+00  8e+00 515:41.6
  532   6384 6.203910698857219e-02 9.6e+00 5.57e+00  4e+00  1e+01 519:35.9
  536   6432 4.965748734301083e-02 1.0e+01 5.83e+00  4e+00  1e+01 523:31.2
  540   6480 5.867698356016713e-02 1.0e+01 6.35e+00  5e+00  1e+01 527:26.3
  544   6528 7.660583336269818e-02 1.1e+01 6.80e+00  6e+00  1e+01 531:21.9
  548   6576 5.536423061722343e-02 1.1e+01 6.21e+00  5e+00  1e+01 535:17.6
  552   6624 5.645751036892890e-02 1.1e+01 6.19e+00  5e+00  1e+01 539:12.9
  556   6672 8.116983698821049e-02 1.1e+01 6.51e+00  5e+00  1e+01 543:08.7
  560   6720 7.744970803107908e-02 1.1e+01 6.46e+00  5e+00  1e+01 547:03.6
  564   6768 7.091073339713092e-02 1.1e+01 6.98e+00  6e+00  1e+01 550:58.6
  568   6816 7.517655340635217e-02 1.1e+01 7.62e+00  6e+00  2e+01 554:54.2
  572   6864 6.937269610456384e-02 1.1e+01 7.89e+00  6e+00  2e+01 558:49.6
  576   6912 7.981458340906712e-02 1.2e+01 7.92e+00  6e+00  2e+01 562:44.8
  580   6960 7.362818804260501e-02 1.2e+01 7.21e+00  6e+00  1e+01 566:39.8
  584   7008 6.697983072944605e-02 1.2e+01 7.56e+00  6e+00  1e+01 570:36.1
  588   7056 7.420911918031799e-02 1.2e+01 8.50e+00  7e+00  2e+01 574:32.1
  593   7116 8.027248301289605e-02 1.2e+01 8.90e+00  7e+00  2e+01 579:25.4
  598   7176 8.461454743232959e-02 1.2e+01 8.83e+00  7e+00  2e+01 584:19.0
  600   7200 7.217831335442362e-02 1.2e+01 9.24e+00  7e+00  2e+01 586:16.2
  605   7260 5.965516203455891e-02 1.1e+01 1.09e+01  8e+00  2e+01 591:09.6
  610   7320 5.298199067700382e-02 1.2e+01 1.22e+01  9e+00  2e+01 596:03.7
  615   7380 6.116591229626361e-02 1.2e+01 1.10e+01  8e+00  2e+01 600:56.7
  620   7440 7.599679136820026e-02 1.2e+01 1.04e+01  7e+00  2e+01 605:50.5
  625   7500 4.685150554588537e-02 1.2e+01 8.81e+00  6e+00  2e+01 610:44.3
  630   7560 8.281884016016249e-02 1.2e+01 7.54e+00  5e+00  1e+01 615:37.5
  635   7620 8.826754631320261e-02 1.2e+01 6.61e+00  5e+00  1e+01 620:31.1
  640   7680 8.470725437125841e-02 1.3e+01 5.65e+00  4e+00  1e+01 625:25.0
  645   7740 6.465492528597637e-02 1.3e+01 5.13e+00  3e+00  9e+00 630:18.3
  650   7800 7.042683445944671e-02 1.3e+01 5.30e+00  4e+00  9e+00 635:10.8
  655   7860 7.601279552246955e-02 1.3e+01 5.13e+00  3e+00  9e+00 640:02.9
  660   7920 7.724608829287430e-02 1.3e+01 5.43e+00  4e+00  9e+00 644:55.5
  665   7980 7.193040223459247e-02 1.4e+01 5.76e+00  4e+00  1e+01 649:48.8
  670   8040 7.773354489614244e-02 1.4e+01 5.45e+00  4e+00  9e+00 654:41.9
  675   8100 8.276127737343546e-02 1.4e+01 5.73e+00  4e+00  1e+01 659:34.9
  680   8160 8.466522570503383e-02 1.4e+01 6.65e+00  5e+00  1e+01 664:27.5
  685   8220 8.154635545401573e-02 1.4e+01 5.48e+00  4e+00  9e+00 669:20.6
  690   8280 7.934172984590757e-02 1.4e+01 5.52e+00  4e+00  9e+00 674:13.0
  695   8340 7.588762373380209e-02 1.4e+01 4.76e+00  3e+00  8e+00 679:05.4
  700   8400 8.212570035189729e-02 1.4e+01 4.07e+00  3e+00  6e+00 683:58.0
  705   8460 6.159533173603094e-02 1.3e+01 4.26e+00  3e+00  7e+00 688:50.8
  710   8520 9.060623326612660e-02 1.3e+01 4.18e+00  3e+00  6e+00 693:43.4
  715   8580 7.320987338504077e-02 1.3e+01 4.44e+00  3e+00  7e+00 698:35.6
  720   8640 7.462012541227743e-02 1.3e+01 5.73e+00  4e+00  9e+00 703:28.8
  725   8700 7.486043698342827e-02 1.3e+01 5.81e+00  4e+00  9e+00 708:22.5
  730   8760 7.840095546100562e-02 1.4e+01 5.64e+00  4e+00  8e+00 713:15.5
  735   8820 7.807832800546063e-02 1.3e+01 5.53e+00  4e+00  8e+00 718:08.0
  740   8880 6.959803402128345e-02 1.4e+01 5.24e+00  4e+00  8e+00 723:00.5
  745   8940 8.060629810754766e-02 1.4e+01 5.55e+00  4e+00  8e+00 727:53.9
  750   9000 8.604936909851718e-02 1.5e+01 6.50e+00  5e+00  1e+01 732:46.9
  755   9060 7.828346112399782e-02 1.5e+01 7.65e+00  5e+00  1e+01 737:39.2
  760   9120 8.609094761348726e-02 1.5e+01 8.75e+00  6e+00  1e+01 742:31.7
  765   9180 6.027458731855345e-02 1.5e+01 8.14e+00  6e+00  1e+01 747:24.7
  770   9240 8.307086328116346e-02 1.5e+01 7.79e+00  5e+00  1e+01 752:17.6
  775   9300 5.238278524838944e-02 1.5e+01 8.15e+00  6e+00  1e+01 757:10.1
  780   9360 8.466195645150534e-02 1.5e+01 8.37e+00  6e+00  1e+01 762:02.7
  785   9420 6.913032570812466e-02 1.5e+01 8.46e+00  6e+00  1e+01 766:56.3
  790   9480 7.903661958405425e-02 1.5e+01 9.00e+00  6e+00  1e+01 771:49.1
Budget constraint satisfied 5835.992462158203 13669.93896484375 Difference:  7833.946502685547
Budget constraint satisfied 5332.28515625 13669.93896484375 Difference:  8337.65380859375
two_most_probable_states: ['000001010000', '000001000000']
final_expectation_value: -0.05219494733408161
params: [3.391776686901436, -0.6846120821543795, -1.847517929815168, -3.463239850741905, 1.8453170680337672, 2.290483999172798, -7.325170282637597, 3.670483558565171, -1.605877024152652, -0.5995019082715854, -13.610054192527333, 7.918948803792458, 0.885894369003047, -2.7735533809046733, -8.675175117769086, 1.5203107003238385, 9.346692837973988, 15.571929138838076, 0.7867385572077461, -11.729285066422662]
total_steps: 790
states_probs: [0.0026503252243392414, 0.0029333426400975885]
optimized_portfolios: [{'PG': 32, 'UNH': 1}, {'PG': 32, 'UNH': 0}]
objective_values: [-1699470.71600631, -1624308.0410592146]
result_with_budget: [{'portfolio': {'PG': 32, 'UNH': 1}, 'budget': 5835.992462158203, 'difference': 7833.946502685547}, {'portfolio': {'PG': 32, 'UNH': 0}, 'budget': 5332.28515625, 'difference': 8337.65380859375}]
Processing experiment 84
Budget: 9728.744262695312
Expected returns: 0.13283860337098283
Covariance matrix: 0.5418505739537796
3rd-order coskewness tensor: 0.05969156152768262
4th-order cokurtosis tensor: 12.49171071712659
Number of qubits for asset HON: 6
Number of qubits for asset IBM: 6
Total number of qubits:  12
Optimized Weights (considering variance, skewness and kurtosis):
HON: 47.12%
IBM: 52.88%
Left over budget:  212.3657416260212
Optimized Discrete Allocation:
HON: 20
IBM: 23
Maximized utility from continuous higher moments:  -2550969.0902718357
Budget constraint satisfied 8617.628509521484 9728.744262695312 Difference:  1111.1157531738281
Budget constraint satisfied 8623.940856933594 9728.744262695312 Difference:  1104.8034057617188
smallest_eigenvalues: [-0.10917495850831845]
smallest_bitstrings: ['000010111010']
first_excited_energy: -0.10916504217372335
optimized_portfolio: [{'HON': 16, 'IBM': 23}]
second_optimized_portfolio: [{'HON': 17, 'IBM': 22}]
result_with_budget: [{'portfolio': {'HON': 16, 'IBM': 23}, 'budget': 8617.628509521484, 'difference': 1111.1157531738281, 'objective_value': -1703036.504995131}]
result_with_budget_excited: [{'portfolio': {'HON': 17, 'IBM': 22}, 'budget': 8623.940856933594, 'difference': 1104.8034057617188, 'objective_value': -1710114.68766265}]
Initial params:  [0.8853235  1.69741303 0.18549678 0.84481463 2.12340115 2.67520381
 1.16935664 0.48961508 1.75426437 2.02974794 1.7728628  1.46713624
 2.40318772 1.48685362 0.46220134 0.63891842 1.06577425 1.83196566
 2.79818157 3.09254895]
(6_w,12)-aCMA-ES (mu_w=3.7,w_1=40%) in dimension 20 (seed=328538, Mon Mar 17 04:23:16 2025)
Iterat #Fevals   function value  axis ratio  sigma  min&max std  t[m:s]
    1     12 -6.111358295560714e-02 1.0e+00 1.38e+00  1e+00  1e+00 0:58.7
    2     24 -6.030223385251739e-02 1.1e+00 1.33e+00  1e+00  1e+00 1:57.0
    3     36 -6.250863788348911e-02 1.1e+00 1.33e+00  1e+00  1e+00 2:55.4
    4     48 -6.882317720604501e-02 1.2e+00 1.33e+00  1e+00  1e+00 3:53.4
    5     60 -5.462136761207047e-02 1.2e+00 1.34e+00  1e+00  1e+00 4:51.6
    6     72 -4.440097323059637e-02 1.3e+00 1.37e+00  1e+00  1e+00 5:49.8
    7     84 -5.149123316575344e-02 1.3e+00 1.40e+00  1e+00  1e+00 6:48.2
    8     96 2.345581712256411e-02 1.4e+00 1.41e+00  1e+00  1e+00 7:46.5
    9    108 -5.513081845621846e-02 1.4e+00 1.39e+00  1e+00  1e+00 8:44.6
   10    120 -3.651369743383124e-02 1.4e+00 1.34e+00  1e+00  1e+00 9:42.6
   11    132 -3.956221821550070e-02 1.5e+00 1.28e+00  1e+00  1e+00 10:40.6
   12    144 -2.189300178525609e-02 1.5e+00 1.19e+00  1e+00  1e+00 11:38.8
   13    156 -1.071509749185605e-02 1.5e+00 1.19e+00  1e+00  1e+00 12:37.3
   14    168 -3.661081699503906e-02 1.5e+00 1.19e+00  1e+00  1e+00 13:35.4
   15    180 3.330093243168819e-03 1.5e+00 1.20e+00  1e+00  1e+00 14:33.5
   16    192 -6.701208545752942e-02 1.5e+00 1.21e+00  1e+00  1e+00 15:31.6
   17    204 -6.423507598381384e-02 1.5e+00 1.21e+00  1e+00  1e+00 16:29.9
   18    216 -3.696972158538376e-02 1.6e+00 1.22e+00  1e+00  1e+00 17:28.3
   19    228 -5.661923796877012e-02 1.6e+00 1.22e+00  1e+00  1e+00 18:26.4
   20    240 -5.511382742147716e-02 1.6e+00 1.28e+00  1e+00  1e+00 19:24.5
   21    252 -3.399664025694060e-02 1.6e+00 1.35e+00  1e+00  1e+00 20:22.5
   22    264 -4.076573005670625e-02 1.6e+00 1.41e+00  1e+00  2e+00 21:20.8
   23    276 -6.711653345187558e-02 1.6e+00 1.48e+00  1e+00  2e+00 22:19.4
   24    288 -4.120853988842649e-02 1.7e+00 1.57e+00  1e+00  2e+00 23:17.5
   25    300 1.185852895205285e-02 1.7e+00 1.72e+00  2e+00  2e+00 24:15.5
   26    312 -4.860663108046313e-02 1.8e+00 1.83e+00  2e+00  2e+00 25:13.6
   27    324 -4.240343228568804e-02 1.8e+00 1.90e+00  2e+00  2e+00 26:11.8
   28    336 -5.133947520107706e-02 1.8e+00 1.92e+00  2e+00  2e+00 27:10.2
   29    348 -6.943647616959976e-02 1.9e+00 1.89e+00  2e+00  2e+00 28:08.2
   30    360 -1.222814934494840e-02 1.9e+00 1.86e+00  2e+00  2e+00 29:06.1
   31    372 1.277069415151143e-02 1.9e+00 1.88e+00  2e+00  2e+00 30:04.2
   32    384 9.644519559533131e-04 1.9e+00 1.89e+00  2e+00  2e+00 31:02.1
   33    396 -3.192338899985823e-02 1.9e+00 1.87e+00  2e+00  2e+00 32:00.2
   34    408 -1.326565145666790e-02 1.9e+00 1.82e+00  2e+00  2e+00 32:58.5
   35    420 -4.125486559265189e-02 1.9e+00 1.81e+00  2e+00  2e+00 33:56.8
   36    432 -3.169303089948258e-02 1.9e+00 1.77e+00  2e+00  2e+00 34:55.3
   37    444 -5.239281293311997e-02 2.0e+00 1.73e+00  2e+00  2e+00 35:53.3
   38    456 2.388015466011336e-03 2.0e+00 1.69e+00  2e+00  2e+00 36:51.3
   39    468 -2.815524890871814e-02 2.0e+00 1.68e+00  2e+00  2e+00 37:49.7
   40    480 2.138295803421737e-02 2.0e+00 1.66e+00  1e+00  2e+00 38:47.8
   41    492 -1.931563713483998e-02 2.0e+00 1.68e+00  2e+00  2e+00 39:46.0
   42    504 -3.724387502215106e-02 2.0e+00 1.67e+00  2e+00  2e+00 40:44.0
   43    516 1.527915140396352e-02 2.0e+00 1.69e+00  2e+00  2e+00 41:42.7
   44    528 -3.260384902842277e-03 2.0e+00 1.68e+00  1e+00  2e+00 42:40.6
   45    540 -5.979350847110143e-03 2.0e+00 1.69e+00  1e+00  2e+00 43:39.0
   46    552 1.353807077608518e-02 2.1e+00 1.77e+00  2e+00  2e+00 44:37.4
   47    564 -1.951052812299367e-02 2.1e+00 1.76e+00  2e+00  2e+00 45:35.7
   48    576 -2.527690864228280e-02 2.1e+00 1.69e+00  2e+00  2e+00 46:33.6
   49    588 -3.819708008967317e-04 2.2e+00 1.67e+00  2e+00  2e+00 47:31.9
   50    600 -4.084574794046702e-02 2.2e+00 1.72e+00  2e+00  2e+00 48:30.2
   51    612 1.185685373280370e-03 2.1e+00 1.74e+00  2e+00  2e+00 49:28.6
   52    624 1.651630082059640e-02 2.1e+00 1.79e+00  2e+00  2e+00 50:26.5
   53    636 1.982652208581824e-02 2.1e+00 1.83e+00  2e+00  2e+00 51:24.6
   54    648 -1.220052543098000e-02 2.1e+00 1.88e+00  2e+00  2e+00 52:22.7
   55    660 1.891593861535423e-02 2.1e+00 1.83e+00  2e+00  2e+00 53:21.1
   56    672 -2.399081288864077e-02 2.1e+00 1.80e+00  2e+00  2e+00 54:19.1
   57    684 3.985051358811246e-02 2.1e+00 1.78e+00  2e+00  2e+00 55:17.4
   58    696 2.563299666574820e-03 2.2e+00 1.80e+00  2e+00  2e+00 56:15.6
   59    708 -1.580597832175966e-02 2.2e+00 1.81e+00  2e+00  2e+00 57:13.7
   61    732 7.293847843394255e-03 2.2e+00 1.66e+00  1e+00  2e+00 59:10.3
   63    756 6.460144874733738e-03 2.2e+00 1.58e+00  1e+00  2e+00 61:06.3
   65    780 -8.000434551684128e-05 2.2e+00 1.51e+00  1e+00  2e+00 63:03.0
   67    804 2.677124559538290e-03 2.3e+00 1.50e+00  1e+00  2e+00 64:59.4
   69    828 2.058798061898458e-02 2.3e+00 1.45e+00  1e+00  2e+00 66:55.7
   71    852 -2.617493256381487e-02 2.3e+00 1.43e+00  1e+00  2e+00 68:52.2
   73    876 -1.486370229190100e-02 2.3e+00 1.36e+00  1e+00  2e+00 70:49.1
   75    900 -1.990759291510451e-03 2.3e+00 1.32e+00  1e+00  1e+00 72:46.1
   77    924 -3.315646204491422e-02 2.3e+00 1.35e+00  1e+00  2e+00 74:42.2
   79    948 1.388408978983321e-02 2.3e+00 1.27e+00  1e+00  1e+00 76:38.5
   81    972 -2.502723135551138e-02 2.3e+00 1.25e+00  1e+00  1e+00 78:35.5
   83    996 1.392965910995886e-03 2.4e+00 1.18e+00  1e+00  1e+00 80:32.0
   85   1020 8.060134334000199e-03 2.6e+00 1.22e+00  1e+00  1e+00 82:28.0
   87   1044 -3.864637005813339e-02 2.7e+00 1.16e+00  1e+00  1e+00 84:25.1
   89   1068 3.453431957068363e-02 2.7e+00 1.15e+00  1e+00  1e+00 86:21.7
   91   1092 -1.293900422135157e-03 2.7e+00 1.17e+00  1e+00  1e+00 88:18.3
   93   1116 -8.081351676951598e-03 2.7e+00 1.11e+00  9e-01  1e+00 90:14.4
   95   1140 1.942076546168449e-04 2.7e+00 1.09e+00  9e-01  1e+00 92:10.7
   97   1164 -2.357039951942930e-02 2.8e+00 9.98e-01  8e-01  1e+00 94:06.7
   99   1188 -1.787279268875158e-02 2.8e+00 9.66e-01  8e-01  1e+00 96:03.1
  100   1200 2.354456118468795e-02 2.8e+00 9.64e-01  8e-01  1e+00 97:01.2
  102   1224 -2.627457357950786e-02 2.9e+00 1.02e+00  9e-01  1e+00 98:57.7
  104   1248 -8.563989393649439e-03 3.1e+00 1.07e+00  9e-01  1e+00 100:53.5
  106   1272 -5.129313649154362e-03 3.1e+00 1.11e+00  9e-01  1e+00 102:50.1
  108   1296 1.770279955559641e-02 3.2e+00 1.19e+00  1e+00  1e+00 104:46.1
  110   1320 -5.389776609638228e-02 3.1e+00 1.37e+00  1e+00  2e+00 106:43.3
  112   1344 -1.451914546654427e-02 3.2e+00 1.48e+00  1e+00  2e+00 108:40.3
  114   1368 -3.821748881292247e-02 3.2e+00 1.50e+00  1e+00  2e+00 110:37.0
  116   1392 -6.001931465323224e-03 3.2e+00 1.47e+00  1e+00  2e+00 112:34.0
  118   1416 -3.599546964861592e-02 3.3e+00 1.39e+00  1e+00  2e+00 114:31.3
  120   1440 5.111267351229365e-03 3.3e+00 1.45e+00  1e+00  2e+00 116:28.6
  122   1464 -5.912857118361946e-02 3.4e+00 1.54e+00  1e+00  2e+00 118:25.0
  124   1488 -9.564029087144285e-03 3.4e+00 1.62e+00  1e+00  2e+00 120:21.1
  126   1512 -3.422610094368051e-03 3.4e+00 1.65e+00  1e+00  2e+00 122:17.7
  128   1536 -4.499142845434670e-02 3.4e+00 1.56e+00  1e+00  2e+00 124:14.0
  130   1560 -3.410961379119050e-02 3.4e+00 1.46e+00  1e+00  2e+00 126:10.5
  132   1584 -1.436686807758216e-02 3.5e+00 1.51e+00  1e+00  2e+00 128:07.3
  134   1608 -2.360497554260320e-02 3.6e+00 1.65e+00  1e+00  2e+00 130:04.0
  136   1632 -1.683350414946523e-02 3.7e+00 1.79e+00  2e+00  2e+00 132:00.6
  138   1656 -4.188655072882864e-02 3.7e+00 1.83e+00  2e+00  2e+00 133:56.7
  140   1680 3.782483770584007e-02 3.8e+00 1.94e+00  2e+00  2e+00 135:53.4
  142   1704 -7.352029054307347e-03 3.8e+00 1.89e+00  2e+00  2e+00 137:49.9
  144   1728 -9.034099367557150e-03 3.8e+00 1.84e+00  2e+00  2e+00 139:46.3
  146   1752 -8.706884385848955e-04 3.9e+00 1.78e+00  2e+00  2e+00 141:43.4
  148   1776 2.771306268585963e-02 3.8e+00 1.72e+00  1e+00  2e+00 143:40.2
  150   1800 -1.532344504714906e-02 3.8e+00 1.66e+00  1e+00  2e+00 145:37.2
  152   1824 2.505705325790986e-03 3.8e+00 1.55e+00  1e+00  2e+00 147:33.9
  154   1848 1.621788920761288e-02 3.9e+00 1.55e+00  1e+00  2e+00 149:30.6
  156   1872 -9.334917105126447e-03 3.9e+00 1.46e+00  1e+00  2e+00 151:27.5
  158   1896 -1.289428565485484e-02 3.9e+00 1.42e+00  1e+00  2e+00 153:23.8
  160   1920 -1.051592759871250e-03 3.9e+00 1.45e+00  1e+00  2e+00 155:20.6
  162   1944 -4.750455020513974e-02 4.0e+00 1.43e+00  1e+00  2e+00 157:18.1
  164   1968 4.546137963103908e-03 4.0e+00 1.44e+00  1e+00  2e+00 159:14.5
  166   1992 6.075631330165838e-03 4.0e+00 1.42e+00  1e+00  2e+00 161:10.9
  168   2016 -2.544003707173658e-02 4.0e+00 1.36e+00  1e+00  2e+00 163:07.5
  170   2040 1.796978338054744e-02 4.0e+00 1.27e+00  1e+00  2e+00 165:03.9
  172   2064 -9.184702371307312e-03 4.0e+00 1.19e+00  1e+00  1e+00 167:00.6
  174   2088 -9.370192633437406e-03 4.1e+00 1.21e+00  1e+00  1e+00 168:57.3
  177   2124 -3.548377764320161e-02 4.0e+00 1.26e+00  1e+00  2e+00 171:52.3
  180   2160 -3.549578442881970e-02 4.0e+00 1.27e+00  1e+00  2e+00 174:47.2
  183   2196 -5.026064698634704e-02 4.1e+00 1.33e+00  1e+00  2e+00 177:42.0
  186   2232 4.690234498444614e-03 4.1e+00 1.39e+00  1e+00  2e+00 180:36.8
  189   2268 1.929984187031451e-02 4.1e+00 1.38e+00  1e+00  2e+00 183:32.0
  192   2304 -5.650018628260711e-03 3.9e+00 1.51e+00  1e+00  2e+00 186:26.8
  195   2340 -3.607163309746960e-02 4.0e+00 1.67e+00  1e+00  2e+00 189:22.0
  198   2376 -1.699813706797320e-02 4.0e+00 1.80e+00  1e+00  2e+00 192:17.3
  200   2400 -7.869645357926929e-03 4.0e+00 1.93e+00  2e+00  2e+00 194:13.9
  203   2436 -5.037864188266149e-03 4.1e+00 2.06e+00  2e+00  2e+00 197:08.5
  206   2472 3.306284891410370e-02 4.2e+00 2.06e+00  2e+00  2e+00 200:03.9
  209   2508 -3.536351515827754e-02 4.2e+00 2.15e+00  2e+00  3e+00 202:58.8
  212   2544 3.250515069265941e-02 4.3e+00 2.19e+00  2e+00  3e+00 205:53.6
  215   2580 7.247589816572797e-03 4.3e+00 2.23e+00  2e+00  3e+00 208:48.8
  218   2616 -1.458046122753063e-03 4.4e+00 2.21e+00  2e+00  3e+00 211:43.8
  221   2652 -7.111808958797850e-03 4.4e+00 2.10e+00  2e+00  3e+00 214:39.0
  224   2688 1.327136816902108e-04 4.4e+00 1.94e+00  2e+00  2e+00 217:33.4
  227   2724 -4.462400940645819e-02 4.4e+00 1.86e+00  1e+00  2e+00 220:28.9
  230   2760 6.584617313716733e-03 4.3e+00 1.93e+00  2e+00  2e+00 223:24.0
  233   2796 -1.869239522203306e-02 4.2e+00 1.81e+00  1e+00  2e+00 226:18.8
  236   2832 -1.321081682641749e-02 4.3e+00 1.80e+00  1e+00  2e+00 229:14.0
  239   2868 -1.035781490607234e-02 4.3e+00 1.74e+00  1e+00  2e+00 232:07.8
  242   2904 1.781353188149107e-03 4.4e+00 1.70e+00  1e+00  2e+00 235:02.6
  245   2940 -3.320053570164536e-02 4.4e+00 1.54e+00  1e+00  2e+00 237:57.8
  248   2976 6.160248534680605e-03 4.4e+00 1.54e+00  1e+00  2e+00 240:53.3
  251   3012 1.564953312520079e-02 4.4e+00 1.36e+00  1e+00  2e+00 243:48.6
  254   3048 -2.614179134727015e-03 4.4e+00 1.29e+00  1e+00  2e+00 246:43.3
  257   3084 -1.656468193151289e-02 4.3e+00 1.23e+00  9e-01  1e+00 249:38.4
  260   3120 2.374666873975002e-02 4.3e+00 1.09e+00  8e-01  1e+00 252:33.2
  263   3156 -1.842693627964022e-02 4.3e+00 1.09e+00  8e-01  1e+00 255:27.8
  266   3192 -9.450811960510742e-03 4.3e+00 1.07e+00  8e-01  1e+00 258:22.9
  269   3228 3.120657805913668e-02 4.4e+00 1.03e+00  8e-01  1e+00 261:17.5
  272   3264 -3.581793248157281e-02 4.6e+00 9.40e-01  7e-01  1e+00 264:12.8
  275   3300 1.548879000337766e-02 4.6e+00 8.79e-01  7e-01  1e+00 267:08.0
  278   3336 -3.487837425125194e-02 4.5e+00 8.36e-01  6e-01  1e+00 270:02.7
  281   3372 -5.304422029175655e-02 4.5e+00 8.22e-01  6e-01  9e-01 272:58.6
  284   3408 1.383112812854974e-03 4.4e+00 8.20e-01  6e-01  1e+00 275:53.4
  287   3444 -6.223755100356157e-03 4.4e+00 8.47e-01  6e-01  1e+00 278:47.9
  290   3480 -1.222283167326077e-02 4.3e+00 7.96e-01  6e-01  9e-01 281:41.9
  293   3516 -9.447142394127486e-03 4.3e+00 8.42e-01  6e-01  9e-01 284:35.8
  296   3552 4.246025738635172e-03 4.5e+00 9.69e-01  7e-01  1e+00 287:29.6
  299   3588 -4.133811813900209e-03 4.4e+00 1.06e+00  8e-01  1e+00 290:23.2
  300   3600 -3.224762009741359e-02 4.5e+00 1.05e+00  8e-01  1e+00 291:21.2
  303   3636 1.443173059439014e-02 4.4e+00 1.08e+00  8e-01  1e+00 294:17.2
  306   3672 -8.177335433201578e-03 4.3e+00 1.16e+00  8e-01  1e+00 297:14.5
  309   3708 -2.228160884595518e-02 4.3e+00 1.12e+00  8e-01  1e+00 300:11.9
  312   3744 3.268557461611716e-02 4.2e+00 1.10e+00  8e-01  1e+00 303:06.4
  315   3780 -1.027397923754799e-02 4.4e+00 1.17e+00  8e-01  1e+00 306:00.4
  318   3816 4.094715323160900e-03 4.5e+00 1.23e+00  9e-01  1e+00 308:54.7
  321   3852 -7.624852199415720e-03 4.7e+00 1.13e+00  8e-01  1e+00 311:49.4
  324   3888 2.221728981956946e-02 4.6e+00 1.06e+00  7e-01  1e+00 314:43.9
  327   3924 2.046137017436327e-02 4.6e+00 1.12e+00  8e-01  1e+00 317:38.6
  330   3960 -3.066382099937970e-03 4.6e+00 1.17e+00  8e-01  1e+00 320:33.2
  333   3996 -1.375964202538644e-04 4.6e+00 1.19e+00  8e-01  1e+00 323:27.7
  336   4032 4.726582139444412e-03 4.7e+00 1.10e+00  7e-01  1e+00 326:22.5
  339   4068 -1.481734890926809e-03 4.8e+00 1.15e+00  7e-01  1e+00 329:17.1
  342   4104 -1.837695181648842e-02 4.8e+00 1.16e+00  7e-01  1e+00 332:11.9
  345   4140 5.585455604253750e-03 4.9e+00 1.15e+00  7e-01  1e+00 335:06.6
  349   4188 -1.252027058772184e-02 4.8e+00 1.19e+00  8e-01  1e+00 338:59.2
  353   4236 -1.131651222789170e-02 4.8e+00 1.09e+00  7e-01  1e+00 342:51.1
  357   4284 -3.312674461074035e-02 4.8e+00 9.91e-01  6e-01  1e+00 346:43.5
  361   4332 2.030499202131496e-02 4.8e+00 9.62e-01  6e-01  1e+00 350:35.7
  365   4380 -1.670531192242907e-02 4.8e+00 1.12e+00  7e-01  1e+00 354:28.1
  369   4428 -4.644024049018829e-02 4.9e+00 1.15e+00  7e-01  1e+00 358:20.4
  373   4476 -2.458826439146327e-02 4.8e+00 1.00e+00  7e-01  1e+00 362:12.8
  377   4524 -3.005163759310715e-02 4.9e+00 1.03e+00  7e-01  1e+00 366:05.0
  381   4572 -1.204823099336786e-02 5.1e+00 1.15e+00  7e-01  1e+00 369:57.1
  385   4620 1.446557047263655e-02 5.2e+00 1.04e+00  7e-01  1e+00 373:49.3
  389   4668 6.296815183488925e-03 5.3e+00 1.07e+00  7e-01  1e+00 377:41.6
  393   4716 -3.645389566049601e-02 5.3e+00 1.22e+00  8e-01  1e+00 381:34.2
  397   4764 -2.397689961939012e-03 5.4e+00 1.17e+00  7e-01  1e+00 385:26.5
  400   4800 -6.481560488207250e-03 5.3e+00 1.07e+00  7e-01  1e+00 388:20.9
  404   4848 1.034075838458699e-02 5.4e+00 1.13e+00  7e-01  1e+00 392:12.9
  408   4896 -1.445173113214140e-02 5.5e+00 1.12e+00  7e-01  1e+00 396:05.8
  412   4944 -1.715397641634875e-02 5.6e+00 1.13e+00  7e-01  1e+00 399:58.1
  416   4992 -2.170441795482742e-02 5.6e+00 1.32e+00  8e-01  2e+00 403:50.7
  420   5040 1.228337471262826e-02 5.7e+00 1.27e+00  8e-01  2e+00 407:43.3
  424   5088 -2.513436684447868e-03 5.7e+00 1.22e+00  8e-01  2e+00 411:35.7
  428   5136 -4.440960619525538e-03 5.6e+00 1.20e+00  8e-01  2e+00 415:28.4
  432   5184 6.592336078396215e-03 5.7e+00 1.24e+00  8e-01  2e+00 419:21.4
