Running job array 91 on pe30.int.triton.aalto.fi
Starting at Fri Mar 21 16:13:35 EET 2025
Activating virtual environment at /scratch/work/uotilav2/quantum-portfolio/venv
Processing batch 92/100: experiments 91 to 91 (total 1)
Processing experiment 91
Budget: 5007
YF.download() has changed argument auto_adjust default to True
Number of qubits for asset AMGN: 5
Number of qubits for asset JPM: 5
Number of qubits for asset PG: 5
Total number of qubits:  15
Optimized Weights (considering variance, skewness and kurtosis):
AMGN: 10.07%
JPM: 81.88%
PG: 8.05%
Left over budget:  102.49790876906081
Optimized Discrete Allocation:
AMGN: 2
JPM: 17
PG: 2
Maximized utility from continuous higher moments:  -6875.154497936156
Budget constraint not satisfied 5010.44091796875 5007 Difference:  -3.44091796875
smallest_eigenvalues: [-0.11533934369703372]
smallest_bitstrings: ['001100001000000']
first_excited_energy: None
optimized_portfolio: [{'AMGN': 12, 'JPM': 8, 'PG': 0}]
second_optimized_portfolio: None
result_with_budget: [{'portfolio': {'AMGN': 12, 'JPM': 8, 'PG': 0}, 'budget': 5010.44091796875, 'difference': -3.44091796875, 'objective_value': -2098.1585169978307}]
result_with_budget_excited: None
Initial params:  [2.51063067 1.44978017 2.45210473 0.37157007 2.01037118 0.45035763
 2.96776493 1.63943485 1.3026989  0.83112597 2.43232687 1.43303853
 1.78578792 0.0590299  1.94035914 1.92295543 1.93815531 2.96487203
 2.14200164 1.12942738]
(6_w,12)-aCMA-ES (mu_w=3.7,w_1=40%) in dimension 20 (seed=743929, Fri Mar 21 18:32:49 2025)
Iterat #Fevals   function value  axis ratio  sigma  min&max std  t[m:s]
    1     12 -7.919720780466674e-02 1.0e+00 9.45e-02  9e-02  1e-01 3:51.7
    2     24 -7.195375863954658e-02 1.1e+00 9.24e-02  9e-02  9e-02 7:43.2
    3     36 -8.193207824181746e-02 1.1e+00 9.10e-02  9e-02  9e-02 11:35.0
    4     48 -8.221578953943501e-02 1.1e+00 9.02e-02  9e-02  9e-02 15:27.4
    5     60 -8.584270340055751e-02 1.2e+00 9.09e-02  9e-02  9e-02 19:19.0
    6     72 -8.553581334184224e-02 1.2e+00 9.13e-02  9e-02  9e-02 23:10.4
    7     84 -8.771173148400679e-02 1.2e+00 9.35e-02  9e-02  1e-01 27:02.5
    8     96 -8.620332817553979e-02 1.3e+00 9.42e-02  9e-02  1e-01 30:54.1
    9    108 -8.701507382246491e-02 1.3e+00 9.63e-02  9e-02  1e-01 34:46.5
   10    120 -8.562066959133863e-02 1.3e+00 9.73e-02  9e-02  1e-01 38:38.0
   11    132 -8.685833441847061e-02 1.4e+00 9.82e-02  9e-02  1e-01 42:29.7
   12    144 -8.819705593182604e-02 1.4e+00 1.00e-01  1e-01  1e-01 46:22.1
   13    156 -8.912981917390034e-02 1.4e+00 1.03e-01  1e-01  1e-01 50:14.1
   14    168 -8.972435998928351e-02 1.5e+00 1.03e-01  1e-01  1e-01 54:06.6
   15    180 -9.001414304621239e-02 1.5e+00 1.02e-01  1e-01  1e-01 57:58.4
   16    192 -9.155385652040279e-02 1.5e+00 1.03e-01  1e-01  1e-01 61:50.2
   17    204 -8.949146196594134e-02 1.6e+00 1.03e-01  1e-01  1e-01 65:43.4
   18    216 -8.960216241271390e-02 1.6e+00 9.99e-02  9e-02  1e-01 69:35.2
   19    228 -8.799281495473202e-02 1.6e+00 9.72e-02  9e-02  1e-01 73:27.7
   20    240 -8.991591440609359e-02 1.7e+00 9.30e-02  9e-02  1e-01 77:19.8
   21    252 -9.069798341235455e-02 1.7e+00 8.98e-02  9e-02  1e-01 81:11.4
   22    264 -8.772356672473630e-02 1.7e+00 8.85e-02  8e-02  9e-02 85:03.8
   23    276 -8.877658178993091e-02 1.8e+00 8.85e-02  8e-02  9e-02 88:55.5
   24    288 -8.915148089921811e-02 1.8e+00 8.75e-02  8e-02  9e-02 92:47.8
   25    300 -9.142803120937056e-02 1.8e+00 8.59e-02  8e-02  9e-02 96:39.2
   26    312 -8.920390050364255e-02 1.8e+00 8.86e-02  8e-02  9e-02 100:30.8
   27    324 -9.162810776093362e-02 1.9e+00 9.30e-02  9e-02  1e-01 104:23.0
   28    336 -9.051177085653785e-02 1.9e+00 9.95e-02  9e-02  1e-01 108:14.8
   29    348 -9.276394017809234e-02 1.9e+00 1.05e-01  1e-01  1e-01 112:07.3
   30    360 -9.276687462502724e-02 2.0e+00 1.12e-01  1e-01  1e-01 115:58.3
   31    372 -9.235462492298613e-02 2.0e+00 1.12e-01  1e-01  1e-01 119:49.1
   32    384 -9.226690858660827e-02 2.0e+00 1.14e-01  1e-01  1e-01 123:40.7
   33    396 -9.059518323255263e-02 2.1e+00 1.11e-01  1e-01  1e-01 127:32.5
   34    408 -9.360303500550989e-02 2.1e+00 1.12e-01  1e-01  1e-01 131:25.0
   35    420 -9.357630680802824e-02 2.1e+00 1.14e-01  1e-01  1e-01 135:17.0
   36    432 -9.276477123139608e-02 2.1e+00 1.11e-01  1e-01  1e-01 139:09.1
   37    444 -9.210441401323985e-02 2.2e+00 1.09e-01  1e-01  1e-01 143:01.3
   38    456 -9.322805418256529e-02 2.2e+00 1.08e-01  1e-01  1e-01 146:53.6
   39    468 -9.402643775873205e-02 2.2e+00 1.06e-01  9e-02  1e-01 150:45.5
   40    480 -9.427337906073738e-02 2.3e+00 1.08e-01  1e-01  1e-01 154:37.2
   41    492 -9.327841301003945e-02 2.3e+00 1.09e-01  1e-01  1e-01 158:29.4
   42    504 -9.259276229952010e-02 2.3e+00 1.07e-01  9e-02  1e-01 162:22.7
   43    516 -9.318073225426769e-02 2.3e+00 1.06e-01  9e-02  1e-01 166:15.1
   44    528 -9.331545098403476e-02 2.3e+00 1.05e-01  9e-02  1e-01 170:06.3
   45    540 -9.309414037324508e-02 2.4e+00 1.06e-01  9e-02  1e-01 173:57.8
   46    552 -9.470303258292112e-02 2.4e+00 1.08e-01  1e-01  1e-01 177:50.2
   47    564 -9.390376642097255e-02 2.4e+00 1.09e-01  1e-01  1e-01 181:41.5
   48    576 -9.520800470168639e-02 2.5e+00 1.09e-01  1e-01  1e-01 185:33.7
   49    588 -9.238696033077262e-02 2.5e+00 1.10e-01  1e-01  1e-01 189:25.3
   50    600 -9.523004728688353e-02 2.5e+00 1.08e-01  1e-01  1e-01 193:16.8
   51    612 -9.508337987623988e-02 2.6e+00 1.08e-01  1e-01  1e-01 197:09.5
   52    624 -9.543506599762326e-02 2.6e+00 1.08e-01  1e-01  1e-01 201:01.8
   53    636 -9.502783342841797e-02 2.7e+00 1.09e-01  1e-01  1e-01 204:53.3
   54    648 -9.393694610510681e-02 2.8e+00 1.12e-01  1e-01  1e-01 208:44.9
   55    660 -9.425933637818326e-02 2.9e+00 1.19e-01  1e-01  1e-01 212:36.8
   56    672 -9.567295196033905e-02 3.1e+00 1.23e-01  1e-01  1e-01 216:28.9
   57    684 -9.376539049061232e-02 3.2e+00 1.27e-01  1e-01  1e-01 220:21.4
   58    696 -9.554297851815793e-02 3.3e+00 1.28e-01  1e-01  1e-01 224:13.1
   59    708 -9.443936980597659e-02 3.4e+00 1.28e-01  1e-01  1e-01 228:04.6
   60    720 -9.679694997549425e-02 3.4e+00 1.27e-01  1e-01  2e-01 231:56.6
   61    732 -9.600979077460273e-02 3.5e+00 1.28e-01  1e-01  2e-01 235:48.2
   62    744 -9.448966160806312e-02 3.6e+00 1.29e-01  1e-01  2e-01 239:40.1
   63    756 -9.770061312570186e-02 3.7e+00 1.25e-01  1e-01  1e-01 243:31.7
   64    768 -9.741381791298040e-02 3.7e+00 1.21e-01  1e-01  1e-01 247:23.7
   65    780 -9.669733310387577e-02 3.7e+00 1.20e-01  1e-01  1e-01 251:15.3
   66    792 -9.610017742220103e-02 3.8e+00 1.13e-01  1e-01  1e-01 255:06.8
   67    804 -9.769671892455496e-02 3.8e+00 1.09e-01  9e-02  1e-01 258:59.3
   68    816 -9.543013453039770e-02 3.9e+00 1.10e-01  1e-01  1e-01 262:51.7
   69    828 -9.679706826673685e-02 3.9e+00 1.09e-01  9e-02  1e-01 266:43.2
   70    840 -9.655474935195679e-02 4.0e+00 1.05e-01  9e-02  1e-01 270:34.3
   71    852 -9.624786462857612e-02 4.0e+00 9.90e-02  8e-02  1e-01 274:25.5
   72    864 -9.762799879710019e-02 4.1e+00 9.97e-02  8e-02  1e-01 278:17.3
   73    876 -9.662825551623985e-02 4.2e+00 1.02e-01  9e-02  1e-01 282:09.1
   74    888 -9.582679538323313e-02 4.2e+00 1.04e-01  9e-02  1e-01 286:00.3
   75    900 -9.736414738406837e-02 4.3e+00 1.09e-01  9e-02  1e-01 289:51.6
   76    912 -9.682142910560326e-02 4.3e+00 1.10e-01  9e-02  1e-01 293:43.7
   77    924 -9.681020190951027e-02 4.3e+00 1.11e-01  9e-02  1e-01 297:35.3
   78    936 -9.699842981843693e-02 4.4e+00 1.13e-01  9e-02  1e-01 301:28.0
   79    948 -9.410841226017554e-02 4.4e+00 1.11e-01  9e-02  1e-01 305:20.0
   80    960 -9.668332674032984e-02 4.5e+00 1.14e-01  9e-02  1e-01 309:11.7
   81    972 -9.605250935012080e-02 4.6e+00 1.11e-01  9e-02  1e-01 313:04.2
   82    984 -9.759376887318741e-02 4.6e+00 1.07e-01  9e-02  1e-01 316:56.2
   83    996 -9.674069318516690e-02 4.7e+00 1.05e-01  9e-02  1e-01 320:48.1
   84   1008 -9.700161600593282e-02 4.7e+00 1.08e-01  9e-02  1e-01 324:40.1
   85   1020 -9.767905895920788e-02 4.7e+00 1.05e-01  8e-02  1e-01 328:32.7
   86   1032 -9.690082449678919e-02 4.7e+00 1.02e-01  8e-02  1e-01 332:24.9
   87   1044 -9.805800529994360e-02 4.7e+00 9.94e-02  8e-02  1e-01 336:16.2
   88   1056 -9.686715782737826e-02 4.8e+00 9.59e-02  8e-02  1e-01 340:07.8
   89   1068 -9.728287119076047e-02 4.8e+00 9.00e-02  7e-02  1e-01 343:59.9
   90   1080 -9.798700288372227e-02 4.9e+00 8.58e-02  7e-02  1e-01 347:52.3
   91   1092 -9.800685651681872e-02 5.0e+00 8.21e-02  6e-02  1e-01 351:44.2
   92   1104 -9.800854500791421e-02 5.0e+00 8.20e-02  6e-02  1e-01 355:35.3
   93   1116 -9.838018378751121e-02 5.1e+00 8.04e-02  6e-02  1e-01 359:26.7
   94   1128 -9.806052942039839e-02 5.2e+00 7.93e-02  6e-02  1e-01 363:17.9
   95   1140 -9.761991788268098e-02 5.1e+00 7.91e-02  6e-02  1e-01 367:10.7
   96   1152 -9.819363812567686e-02 5.1e+00 7.45e-02  6e-02  9e-02 371:03.0
   97   1164 -9.821913217496461e-02 5.2e+00 7.32e-02  6e-02  9e-02 374:55.1
   98   1176 -9.816624779405535e-02 5.2e+00 7.02e-02  5e-02  9e-02 378:46.6
   99   1188 -9.773409524841742e-02 5.2e+00 6.88e-02  5e-02  9e-02 382:40.1
  100   1200 -9.813430036030023e-02 5.3e+00 6.58e-02  5e-02  8e-02 386:31.9
  101   1212 -9.803769308789882e-02 5.3e+00 6.32e-02  5e-02  8e-02 390:23.5
  102   1224 -9.815384660044146e-02 5.3e+00 6.08e-02  5e-02  8e-02 394:13.8
  103   1236 -9.783663791181195e-02 5.3e+00 5.96e-02  4e-02  7e-02 398:02.4
  104   1248 -9.821992362013304e-02 5.4e+00 5.82e-02  4e-02  7e-02 401:51.8
  105   1260 -9.803328117148835e-02 5.5e+00 5.62e-02  4e-02  7e-02 405:41.1
  106   1272 -9.796216133203915e-02 5.6e+00 5.20e-02  4e-02  7e-02 409:30.0
  107   1284 -9.822760529307563e-02 5.7e+00 4.93e-02  4e-02  6e-02 413:18.9
  108   1296 -9.810981275735838e-02 5.8e+00 4.80e-02  4e-02  6e-02 417:07.8
  109   1308 -9.815874045717571e-02 5.8e+00 4.67e-02  3e-02  6e-02 420:57.1
  110   1320 -9.840288379009617e-02 5.9e+00 4.57e-02  3e-02  6e-02 424:46.8
  111   1332 -9.833318625577582e-02 5.9e+00 4.51e-02  3e-02  6e-02 428:35.6
  112   1344 -9.806142553404215e-02 6.0e+00 4.60e-02  3e-02  6e-02 432:25.4
  113   1356 -9.830402858930054e-02 6.0e+00 4.63e-02  3e-02  6e-02 436:15.4
  114   1368 -9.815025121300215e-02 6.0e+00 4.69e-02  3e-02  6e-02 440:04.6
  115   1380 -9.830272125158329e-02 6.1e+00 4.65e-02  3e-02  6e-02 443:54.4
  116   1392 -9.837122511017844e-02 6.1e+00 4.58e-02  3e-02  6e-02 447:43.0
  117   1404 -9.834289370889229e-02 6.2e+00 4.39e-02  3e-02  5e-02 451:32.3
  118   1416 -9.839914881828475e-02 6.3e+00 4.56e-02  3e-02  6e-02 455:20.6
  119   1428 -9.848964476732411e-02 6.3e+00 4.66e-02  3e-02  6e-02 459:09.8
  120   1440 -9.848709876113503e-02 6.3e+00 4.64e-02  3e-02  6e-02 462:59.3
  121   1452 -9.856700010687698e-02 6.4e+00 4.69e-02  3e-02  6e-02 466:48.3
  122   1464 -9.855852007726609e-02 6.4e+00 4.85e-02  3e-02  6e-02 470:37.6
  123   1476 -9.848332032534740e-02 6.5e+00 4.92e-02  3e-02  6e-02 474:26.2
  124   1488 -9.870833556495183e-02 6.7e+00 5.21e-02  4e-02  6e-02 478:15.7
  125   1500 -9.871393990403800e-02 6.7e+00 5.58e-02  4e-02  7e-02 482:05.3
  126   1512 -9.874652467041570e-02 6.7e+00 5.78e-02  4e-02  7e-02 485:54.0
  127   1524 -9.884273189941672e-02 6.7e+00 5.93e-02  4e-02  7e-02 489:42.5
  128   1536 -9.890173326860327e-02 6.8e+00 6.16e-02  4e-02  8e-02 493:30.9
  129   1548 -9.898161146111294e-02 6.9e+00 6.39e-02  4e-02  8e-02 497:20.2
  130   1560 -9.882336215258380e-02 7.0e+00 6.51e-02  4e-02  8e-02 501:10.0
  131   1572 -9.893054099119455e-02 7.1e+00 6.62e-02  4e-02  8e-02 504:58.6
  132   1584 -9.877976252840373e-02 7.1e+00 6.66e-02  4e-02  8e-02 508:47.8
  133   1596 -9.925803059541009e-02 7.1e+00 6.60e-02  4e-02  8e-02 512:36.6
  134   1608 -9.902011556230339e-02 7.1e+00 6.50e-02  4e-02  8e-02 516:26.0
  135   1620 -9.903153038859563e-02 7.2e+00 6.46e-02  4e-02  8e-02 520:15.8
  136   1632 -9.909615980196856e-02 7.2e+00 6.71e-02  4e-02  8e-02 524:05.1
  137   1644 -9.913755673316574e-02 7.3e+00 6.77e-02  4e-02  8e-02 527:53.5
  138   1656 -9.902794884992758e-02 7.4e+00 6.64e-02  4e-02  8e-02 531:41.6
  139   1668 -9.933066547258494e-02 7.4e+00 6.68e-02  4e-02  8e-02 535:30.7
  140   1680 -9.954272751313342e-02 7.6e+00 6.76e-02  4e-02  8e-02 539:20.1
  141   1692 -9.901967331053256e-02 7.8e+00 6.65e-02  4e-02  8e-02 543:09.1
  142   1704 -9.896164996769111e-02 8.0e+00 6.48e-02  4e-02  8e-02 546:57.6
  143   1716 -9.938181139988528e-02 8.1e+00 6.20e-02  4e-02  8e-02 550:46.1
  144   1728 -9.946764064273925e-02 8.2e+00 6.07e-02  4e-02  8e-02 554:35.6
  145   1740 -9.957860325132364e-02 8.4e+00 6.24e-02  4e-02  8e-02 558:24.9
  146   1752 -9.947614515444116e-02 8.6e+00 6.49e-02  4e-02  8e-02 562:14.4
  147   1764 -9.943515121566221e-02 8.7e+00 6.95e-02  4e-02  9e-02 566:03.1
  148   1776 -9.994706127457212e-02 9.0e+00 7.12e-02  4e-02  9e-02 569:52.2
  149   1788 -9.946740008894961e-02 9.3e+00 7.36e-02  5e-02  1e-01 573:41.4
  150   1800 -9.934890298966738e-02 9.5e+00 7.31e-02  4e-02  1e-01 577:30.6
  151   1812 -9.956372630536160e-02 9.6e+00 7.13e-02  4e-02  9e-02 581:19.2
  152   1824 -9.970922865264008e-02 9.7e+00 6.71e-02  4e-02  9e-02 585:08.1
  153   1836 -9.962605157338762e-02 9.8e+00 6.44e-02  4e-02  8e-02 588:57.5
  154   1848 -9.995021098826513e-02 9.8e+00 6.21e-02  4e-02  8e-02 592:47.5
  155   1860 -9.998797412878938e-02 9.8e+00 6.10e-02  4e-02  8e-02 596:37.2
  156   1872 -1.000132918623156e-01 9.9e+00 6.24e-02  4e-02  8e-02 600:26.1
  157   1884 -9.994747675972253e-02 9.9e+00 6.42e-02  4e-02  8e-02 604:15.1
  158   1896 -1.001696423121895e-01 1.0e+01 6.29e-02  4e-02  8e-02 608:03.6
  159   1908 -1.001855530183641e-01 1.0e+01 6.16e-02  4e-02  8e-02 611:52.9
  160   1920 -1.002252463962781e-01 1.0e+01 6.01e-02  3e-02  8e-02 615:42.2
  161   1932 -1.004577962722932e-01 1.0e+01 5.83e-02  3e-02  7e-02 619:30.7
  162   1944 -1.003480642554514e-01 1.0e+01 5.83e-02  3e-02  8e-02 623:19.8
  163   1956 -1.004354992758273e-01 1.1e+01 6.04e-02  3e-02  8e-02 627:09.1
  164   1968 -1.002773108722616e-01 1.1e+01 5.96e-02  3e-02  8e-02 630:58.4
  165   1980 -1.007498797302707e-01 1.1e+01 5.95e-02  3e-02  8e-02 634:48.1
  166   1992 -1.008953558382562e-01 1.1e+01 6.17e-02  3e-02  8e-02 638:37.1
  167   2004 -1.007134248083918e-01 1.1e+01 6.27e-02  3e-02  8e-02 642:26.5
  168   2016 -1.007953580461351e-01 1.1e+01 6.32e-02  3e-02  8e-02 646:15.3
  169   2028 -1.011107007334992e-01 1.1e+01 6.28e-02  3e-02  8e-02 650:04.2
  170   2040 -1.011684075168308e-01 1.1e+01 6.30e-02  3e-02  8e-02 653:54.3
  171   2052 -1.010792767406112e-01 1.2e+01 6.29e-02  3e-02  8e-02 657:43.3
  172   2064 -1.011634812128636e-01 1.2e+01 6.12e-02  3e-02  8e-02 661:32.7
  173   2076 -1.012438328301674e-01 1.2e+01 5.95e-02  3e-02  8e-02 665:22.4
  174   2088 -1.012921862176098e-01 1.2e+01 6.15e-02  3e-02  8e-02 669:12.6
  175   2100 -1.012463954315257e-01 1.2e+01 6.18e-02  3e-02  8e-02 673:01.8
  176   2112 -1.014077176023082e-01 1.2e+01 6.32e-02  3e-02  9e-02 676:51.5
  177   2124 -1.014464550346013e-01 1.3e+01 6.41e-02  3e-02  9e-02 680:40.1
  178   2136 -1.013006131535212e-01 1.3e+01 6.22e-02  3e-02  8e-02 684:29.0
  179   2148 -1.013251048037904e-01 1.3e+01 6.13e-02  3e-02  8e-02 688:19.9
  180   2160 -1.015810623159877e-01 1.3e+01 6.11e-02  3e-02  8e-02 692:09.6
  181   2172 -1.013828265940063e-01 1.3e+01 6.19e-02  3e-02  8e-02 695:59.5
  182   2184 -1.015069647919867e-01 1.3e+01 6.06e-02  3e-02  8e-02 699:48.1
  183   2196 -1.016233943291222e-01 1.3e+01 6.09e-02  3e-02  8e-02 703:37.6
  184   2208 -1.013466888151550e-01 1.3e+01 5.96e-02  3e-02  8e-02 707:27.2
  185   2220 -1.012691085023932e-01 1.3e+01 5.75e-02  3e-02  8e-02 711:16.5
  186   2232 -1.015173675321436e-01 1.3e+01 5.58e-02  3e-02  7e-02 715:05.6
  187   2244 -1.016798130722363e-01 1.3e+01 5.48e-02  3e-02  7e-02 718:54.7
  188   2256 -1.016098964105944e-01 1.3e+01 5.22e-02  3e-02  7e-02 722:43.5
  189   2268 -1.015952626118145e-01 1.3e+01 5.03e-02  2e-02  7e-02 726:32.9
  190   2280 -1.016926268533680e-01 1.4e+01 5.01e-02  2e-02  7e-02 730:22.7
  191   2292 -1.017093027348724e-01 1.4e+01 5.04e-02  2e-02  7e-02 734:11.6
  192   2304 -1.018395933078548e-01 1.4e+01 5.33e-02  3e-02  8e-02 738:01.4
  193   2316 -1.017860138850436e-01 1.4e+01 5.37e-02  3e-02  8e-02 741:51.2
  194   2328 -1.018112200944671e-01 1.5e+01 5.27e-02  3e-02  8e-02 745:41.0
  195   2340 -1.017595086161703e-01 1.5e+01 5.21e-02  2e-02  7e-02 749:31.0
  196   2352 -1.018149114187338e-01 1.5e+01 5.16e-02  2e-02  7e-02 753:20.3
  197   2364 -1.017153424463269e-01 1.5e+01 5.03e-02  2e-02  7e-02 757:09.9
  198   2376 -1.018972090847178e-01 1.5e+01 5.02e-02  2e-02  7e-02 761:00.4
  199   2388 -1.019509998937162e-01 1.6e+01 5.02e-02  2e-02  7e-02 764:51.2
  200   2400 -1.017702003784404e-01 1.6e+01 5.07e-02  2e-02  7e-02 768:41.0
  201   2412 -1.020862989262265e-01 1.6e+01 5.16e-02  2e-02  7e-02 772:30.6
  202   2424 -1.021715964015246e-01 1.6e+01 5.31e-02  2e-02  8e-02 776:20.1
  203   2436 -1.020260274470398e-01 1.6e+01 5.41e-02  2e-02  8e-02 780:09.6
  204   2448 -1.020711681851307e-01 1.6e+01 5.65e-02  2e-02  8e-02 784:01.0
  205   2460 -1.020764558689826e-01 1.7e+01 5.80e-02  3e-02  8e-02 787:51.1
  206   2472 -1.022285501898928e-01 1.7e+01 5.72e-02  2e-02  8e-02 791:40.6
  207   2484 -1.020365858342860e-01 1.7e+01 5.60e-02  2e-02  8e-02 795:30.4
  208   2496 -1.021242632672945e-01 1.7e+01 5.69e-02  2e-02  8e-02 799:20.0
  209   2508 -1.021134295026432e-01 1.7e+01 5.96e-02  2e-02  9e-02 803:10.4
  210   2520 -1.021177606560564e-01 1.8e+01 6.05e-02  3e-02  9e-02 807:00.4
  211   2532 -1.021347046028222e-01 1.8e+01 6.28e-02  3e-02  9e-02 810:50.0
