Running job array 14 on pe78.int.triton.aalto.fi
Starting at Fri Mar 21 16:01:41 EET 2025
Activating virtual environment at /scratch/work/uotilav2/quantum-portfolio/venv
Processing batch 15/100: experiments 14 to 14 (total 1)
Processing experiment 14
Budget: 1443
YF.download() has changed argument auto_adjust default to True
Number of qubits for asset HD: 2
Number of qubits for asset MSFT: 2
Number of qubits for asset V: 3
Total number of qubits:  7
Optimized Weights (considering variance, skewness and kurtosis):
HD: 0.00%
MSFT: 100.00%
V: 0.00%
Left over budget:  181.03042539376065
Optimized Discrete Allocation:
MSFT: 3
Maximized utility from continuous higher moments:  -1.8335546472689224
Budget constraint satisfied 1438.2117614746094 1443 Difference:  4.788238525390625
Budget constraint not satisfied 1472.331298828125 1443 Difference:  -29.331298828125
smallest_eigenvalues: [-0.23506624942064588]
smallest_bitstrings: ['1010010']
first_excited_energy: -0.23497175421226948
optimized_portfolio: [{'HD': 1, 'MSFT': 1, 'V': 2}]
second_optimized_portfolio: [{'HD': 0, 'MSFT': 2, 'V': 2}]
result_with_budget: [{'portfolio': {'HD': 1, 'MSFT': 1, 'V': 2}, 'budget': 1438.2117614746094, 'difference': 4.788238525390625, 'objective_value': -6.582016808807802}]
result_with_budget_excited: [{'portfolio': {'HD': 0, 'MSFT': 2, 'V': 2}, 'budget': 1472.331298828125, 'difference': -29.331298828125, 'objective_value': -5.010181282494467}]
Initial params:  [0.27372477 0.06351797 2.61575239 2.44465153 2.73322377 3.07442019
 2.51063067 1.44978017 2.45210473 0.37157007 2.01037118 0.45035763
 2.96776493 1.63943485]
(5_w,11)-aCMA-ES (mu_w=3.4,w_1=42%) in dimension 14 (seed=663959, Fri Mar 21 16:02:00 2025)
Iterat #Fevals   function value  axis ratio  sigma  min&max std  t[m:s]
    1     11 1.681696388760360e-01 1.0e+00 9.91e-02  1e-01  1e-01 0:04.3
    2     22 1.915821218088460e-02 1.2e+00 1.01e-01  1e-01  1e-01 0:08.5
    3     33 -9.143367506441968e-02 1.2e+00 1.04e-01  1e-01  1e-01 0:12.7
    4     44 -1.513499718851152e-01 1.3e+00 1.08e-01  1e-01  1e-01 0:17.0
    5     55 -1.678698549298739e-01 1.4e+00 1.15e-01  1e-01  1e-01 0:21.3
    7     77 -1.710055522437036e-01 1.5e+00 1.24e-01  1e-01  1e-01 0:29.8
    9     99 -1.793654462787687e-01 1.7e+00 1.22e-01  1e-01  1e-01 0:38.3
   11    121 -1.817209195954144e-01 1.7e+00 1.17e-01  1e-01  1e-01 0:46.8
   13    143 -1.862180187594182e-01 1.8e+00 1.24e-01  1e-01  1e-01 0:55.4
   16    176 -1.862692341131811e-01 2.0e+00 1.17e-01  1e-01  1e-01 1:08.2
   19    209 -1.847140818745149e-01 2.0e+00 9.71e-02  8e-02  1e-01 1:20.9
   22    242 -1.935200545139087e-01 2.0e+00 9.53e-02  8e-02  1e-01 1:33.7
   25    275 -1.978734550098910e-01 2.2e+00 9.22e-02  8e-02  1e-01 1:46.5
   29    319 -1.984993082848112e-01 2.3e+00 9.36e-02  7e-02  1e-01 2:03.5
   33    363 -2.022144566217638e-01 2.5e+00 8.34e-02  6e-02  9e-02 2:20.6
   37    407 -2.038026446224098e-01 2.5e+00 7.33e-02  5e-02  8e-02 2:37.6
   41    451 -2.032711787656462e-01 2.9e+00 6.66e-02  5e-02  8e-02 2:54.6
   45    495 -2.060856508432371e-01 3.2e+00 5.72e-02  4e-02  7e-02 3:11.7
   50    550 -2.071957344912828e-01 3.3e+00 4.87e-02  3e-02  6e-02 3:32.9
   55    605 -2.090111322650337e-01 3.7e+00 5.07e-02  3e-02  6e-02 3:54.2
   60    660 -2.084309893589635e-01 4.2e+00 5.86e-02  4e-02  7e-02 4:15.5
   65    715 -2.113118106430277e-01 5.3e+00 7.81e-02  5e-02  1e-01 4:36.9
   71    781 -2.117889496264846e-01 6.0e+00 7.55e-02  5e-02  1e-01 5:02.4
   77    847 -2.111522986985797e-01 6.7e+00 7.10e-02  4e-02  1e-01 5:28.0
   83    913 -2.120563084587085e-01 6.7e+00 4.59e-02  3e-02  7e-02 5:53.6
   89    979 -2.125288120246539e-01 7.7e+00 3.83e-02  2e-02  6e-02 6:19.2
   96   1056 -2.130025397369840e-01 9.0e+00 3.30e-02  2e-02  5e-02 6:49.0
  100   1100 -2.128919205333929e-01 9.5e+00 3.08e-02  2e-02  5e-02 7:06.1
  107   1177 -2.131086229884072e-01 1.1e+01 2.71e-02  1e-02  4e-02 7:36.0
  114   1254 -2.134115894667898e-01 1.3e+01 2.23e-02  1e-02  3e-02 8:06.0
  122   1342 -2.135141467365078e-01 1.6e+01 3.39e-02  2e-02  5e-02 8:40.3
  130   1430 -2.138489139337283e-01 1.8e+01 3.49e-02  2e-02  6e-02 9:14.5
  138   1518 -2.140388352124205e-01 2.1e+01 2.73e-02  1e-02  5e-02 9:48.8
  146   1606 -2.143645257034004e-01 2.5e+01 4.61e-02  2e-02  9e-02 10:23.1
  154   1694 -2.146448631018667e-01 2.7e+01 4.85e-02  2e-02  1e-01 10:57.4
  163   1793 -2.147131223546213e-01 3.0e+01 4.74e-02  2e-02  1e-01 11:35.9
  172   1892 -2.155134502274210e-01 3.7e+01 6.13e-02  2e-02  1e-01 12:14.4
  181   1991 -2.166588678269410e-01 3.9e+01 5.95e-02  2e-02  1e-01 12:52.9
  190   2090 -2.172330995589901e-01 4.1e+01 4.35e-02  1e-02  9e-02 13:31.5
  200   2200 -2.176523861852716e-01 4.2e+01 4.66e-02  2e-02  1e-01 14:14.2
  210   2310 -2.179899371327604e-01 4.8e+01 6.27e-02  2e-02  1e-01 14:57.0
  220   2420 -2.183253843579899e-01 4.7e+01 4.12e-02  1e-02  9e-02 15:39.7
  230   2530 -2.185456837382619e-01 5.0e+01 4.11e-02  1e-02  9e-02 16:22.5
  241   2651 -2.186365832020250e-01 5.1e+01 3.87e-02  1e-02  9e-02 17:09.5
  252   2772 -2.187528075536639e-01 5.1e+01 3.00e-02  8e-03  7e-02 17:56.5
  263   2893 -2.187941210816224e-01 5.6e+01 2.05e-02  6e-03  5e-02 18:43.5
  274   3014 -2.188269298092512e-01 7.0e+01 3.02e-02  8e-03  9e-02 19:30.5
  285   3135 -2.188969834450062e-01 6.6e+01 1.92e-02  5e-03  5e-02 20:17.5
  297   3267 -2.189683357546661e-01 7.1e+01 2.64e-02  6e-03  7e-02 21:08.7
  300   3300 -2.189660529849173e-01 7.4e+01 2.39e-02  5e-03  7e-02 21:21.5
  312   3432 -2.190070251584758e-01 8.3e+01 1.96e-02  4e-03  6e-02 22:12.8
  324   3564 -2.190310822023931e-01 9.7e+01 3.36e-02  6e-03  1e-01 23:04.0
  337   3707 -2.190918282553045e-01 9.5e+01 3.43e-02  5e-03  1e-01 23:59.5
  350   3850 -2.191070804568654e-01 1.0e+02 2.14e-02  3e-03  7e-02 24:55.0
  363   3993 -2.191757626202823e-01 1.0e+02 3.79e-02  5e-03  1e-01 25:50.4
  376   4136 -2.192706052835174e-01 1.1e+02 4.58e-02  6e-03  1e-01 26:45.9
  390   4290 -2.194790368294740e-01 1.3e+02 6.18e-02  7e-03  2e-01 27:45.6
  400   4400 -2.198429017659071e-01 1.6e+02 7.56e-02  8e-03  3e-01 28:28.2
  414   4554 -2.204014281462882e-01 2.5e+02 1.05e-01  1e-02  6e-01 29:27.8
  428   4708 -2.205383344866828e-01 2.7e+02 6.79e-02  7e-03  4e-01 30:27.4
  443   4873 -2.206926061237423e-01 2.8e+02 8.11e-02  8e-03  5e-01 31:29.9
  458   5038 -2.207795926253409e-01 2.6e+02 5.94e-02  5e-03  3e-01 32:32.0
  473   5203 -2.208426182554071e-01 2.5e+02 5.31e-02  4e-03  3e-01 33:34.1
  489   5379 -2.208715914329090e-01 2.5e+02 4.08e-02  3e-03  2e-01 34:40.7
  500   5500 -2.208884655914148e-01 2.6e+02 2.91e-02  2e-03  1e-01 35:26.4
  516   5676 -2.209045874965563e-01 2.7e+02 2.69e-02  2e-03  1e-01 36:32.4
  532   5852 -2.209422553898703e-01 2.9e+02 4.28e-02  2e-03  2e-01 37:38.5
  549   6039 -2.210069290860967e-01 2.7e+02 8.31e-02  4e-03  3e-01 38:48.7
  566   6226 -2.210869821888742e-01 2.3e+02 6.23e-02  3e-03  2e-01 39:59.1
  582   6402 -2.210999561585419e-01 2.5e+02 5.18e-02  3e-03  2e-01 41:08.3
  599   6589 -2.211144888987220e-01 2.3e+02 7.10e-02  3e-03  2e-01 42:22.0
  600   6600 -2.211201251954754e-01 2.4e+02 6.97e-02  3e-03  2e-01 42:26.3
  617   6787 -2.211366071935911e-01 2.2e+02 2.84e-02  1e-03  7e-02 43:39.9
  634   6974 -2.211526894074574e-01 2.1e+02 4.33e-02  1e-03  1e-01 44:53.5
  652   7172 -2.212065632383844e-01 2.4e+02 9.24e-02  2e-03  2e-01 46:11.3
  670   7370 -2.212366952558613e-01 2.4e+02 6.66e-02  1e-03  1e-01 47:29.2
  688   7568 -2.212418946240410e-01 2.4e+02 4.35e-02  8e-04  8e-02 48:47.1
  700   7700 -2.212439121757722e-01 2.4e+02 3.00e-02  5e-04  5e-02 49:39.0
  719   7909 -2.212452252129576e-01 2.5e+02 2.25e-02  4e-04  4e-02 51:01.2
  738   8118 -2.212460207440421e-01 2.7e+02 1.04e-02  2e-04  2e-02 52:23.4
  757   8327 -2.212469206552289e-01 2.5e+02 1.84e-02  2e-04  3e-02 53:45.6
  776   8536 -2.212488117075141e-01 3.8e+02 4.24e-02  5e-04  8e-02 55:08.2
  795   8745 -2.212506649980605e-01 5.0e+02 2.45e-02  3e-04  5e-02 56:32.4
  800   8800 -2.212511270968188e-01 5.3e+02 2.25e-02  3e-04  5e-02 56:54.6
  819   9009 -2.212513719369804e-01 6.7e+02 1.13e-02  1e-04  3e-02 58:18.9
  839   9229 -2.212514703579790e-01 7.0e+02 5.61e-03  7e-05  1e-02 59:47.4
  859   9449 -2.212514857578442e-01 7.7e+02 2.73e-03  4e-05  6e-03 61:15.9
  879   9669 -2.212514879963308e-01 7.7e+02 8.03e-04  1e-05  2e-03 62:44.8
  899   9889 -2.212514881843143e-01 7.5e+02 2.09e-04  2e-06  4e-04 64:13.4
  900   9900 -2.212514881878171e-01 7.5e+02 2.08e-04  2e-06  4e-04 64:17.8
  921  10131 -2.212514881934581e-01 7.7e+02 7.21e-05  7e-07  1e-04 65:50.8
  942  10362 -2.212514881940872e-01 8.5e+02 2.02e-05  2e-07  3e-05 67:24.0
  946  10406 -2.212514881941213e-01 8.7e+02 1.57e-05  1e-07  3e-05 67:41.1
Budget constraint satisfied 1404.0922241210938 1443 Difference:  38.90777587890625
Budget constraint satisfied 1262.0364990234375 1443 Difference:  180.9635009765625
two_most_probable_states: ['0100010', '0000001']
final_expectation_value: -0.22125148819412127
params: [3.758565380353728, -3.4665515806589897, 1.363131269619421, 1.788511724789192, 14.389138946956507, 4.009058718948511, 6.400301227268589, 1.9023367443044963, 2.842623323239846, -0.532404452518047, 1.4358418348603272, 1.482561081922013, 3.168777109771466, 1.6152176654988462]
total_steps: 946
states_probs: [0.0367180449003085, 0.04509664168772022]
optimized_portfolios: [{'HD': 2, 'MSFT': 0, 'V': 2}, {'HD': 0, 'MSFT': 0, 'V': 4}]
objective_values: [-10.075012240490345, -9.690530916866503]
result_with_budget: [{'portfolio': {'HD': 2, 'MSFT': 0, 'V': 2}, 'budget': 1404.0922241210938, 'difference': 38.90777587890625}, {'portfolio': {'HD': 0, 'MSFT': 0, 'V': 4}, 'budget': 1262.0364990234375, 'difference': 180.9635009765625}]
Batch 15/100 completed. Results saved to portfolio_optimization_results_batch_14.json
Job finished at Fri Mar 21 17:13:16 EET 2025
