Running job array 23 on csl19.int.triton.aalto.fi
Starting at Mon Mar 17 13:01:01 EET 2025
Activating virtual environment at /scratch/work/uotilav2/quantum-portfolio/venv
Processing batch 24/50: experiments 207 to 215 (total 9)
Processing experiment 207
Budget: 587.3249664306641
YF.download() has changed argument auto_adjust default to True
Expected returns: 0.24625987332272722
Covariance matrix: 0.6915868580313209
3rd-order coskewness tensor: -0.11959754690522958
4th-order cokurtosis tensor: 4.456501265224653
Number of qubits for asset CAT: 1
Number of qubits for asset DOW: 4
Number of qubits for asset HON: 2
Number of qubits for asset JNJ: 3
Total number of qubits:  10
Optimized Weights (considering variance, skewness and kurtosis):
CAT: 46.16%
DOW: 3.08%
HON: 10.58%
JNJ: 40.17%
Left over budget:  3.6203688557638998
Optimized Discrete Allocation:
CAT: 1
DOW: 2
JNJ: 1
Maximized utility from continuous higher moments:  -156.9445743072794
Budget constraint satisfied 586.1224670410156 587.3249664306641 Difference:  1.2024993896484375
Budget constraint not satisfied 592.8465576171875 587.3249664306641 Difference:  -5.5215911865234375
smallest_eigenvalues: [-0.07437887206409356]
smallest_bitstrings: ['1000010000']
first_excited_energy: -0.07433828621044603
optimized_portfolio: [{'CAT': 1, 'DOW': 0, 'HON': 1, 'JNJ': 0}]
second_optimized_portfolio: [{'CAT': 0, 'DOW': 0, 'HON': 2, 'JNJ': 1}]
result_with_budget: [{'portfolio': {'CAT': 1, 'DOW': 0, 'HON': 1, 'JNJ': 0}, 'budget': 586.1224670410156, 'difference': 1.2024993896484375, 'objective_value': -11.993548858182134}]
result_with_budget_excited: [{'portfolio': {'CAT': 0, 'DOW': 0, 'HON': 2, 'JNJ': 1}, 'budget': 592.8465576171875, 'difference': -5.5215911865234375, 'objective_value': -67.98764431509693}]
Initial params:  [2.51063067 1.44978017 2.45210473 0.37157007 2.01037118 0.45035763
 2.96776493 1.63943485 1.3026989  0.83112597 2.43232687 1.43303853
 1.78578792 0.0590299  1.94035914 1.92295543 1.93815531 2.96487203
 2.14200164 1.12942738]
(6_w,12)-aCMA-ES (mu_w=3.7,w_1=40%) in dimension 20 (seed=274653, Mon Mar 17 13:01:06 2025)
Iterat #Fevals   function value  axis ratio  sigma  min&max std  t[m:s]
    1     12 -2.024391849313427e-02 1.0e+00 1.47e+00  1e+00  2e+00 0:23.2
    2     24 -4.749874196454669e-02 1.2e+00 1.50e+00  1e+00  2e+00 0:46.4
    3     36 1.125789738478619e-01 1.2e+00 1.51e+00  1e+00  2e+00 1:09.6
    4     48 -3.196895822527053e-02 1.3e+00 1.52e+00  1e+00  2e+00 1:32.8
    5     60 -3.122237486012726e-03 1.3e+00 1.57e+00  2e+00  2e+00 1:56.0
    6     72 -9.514669970504470e-03 1.3e+00 1.62e+00  2e+00  2e+00 2:19.2
    7     84 -3.924534010962105e-02 1.4e+00 1.64e+00  2e+00  2e+00 2:42.4
    8     96 1.377122470488970e-02 1.4e+00 1.67e+00  2e+00  2e+00 3:05.7
    9    108 2.213643252245514e-02 1.4e+00 1.68e+00  2e+00  2e+00 3:28.8
   10    120 -5.067385807311377e-02 1.4e+00 1.63e+00  2e+00  2e+00 3:52.0
   11    132 -3.584727585330182e-02 1.5e+00 1.61e+00  2e+00  2e+00 4:15.3
   12    144 -8.673680795332400e-03 1.5e+00 1.67e+00  2e+00  2e+00 4:38.4
   13    156 -2.313673829598836e-02 1.5e+00 1.72e+00  2e+00  2e+00 5:01.6
   14    168 -1.992780124068324e-02 1.5e+00 1.70e+00  2e+00  2e+00 5:24.7
   15    180 -2.783411477799003e-02 1.5e+00 1.68e+00  2e+00  2e+00 5:48.0
   16    192 1.110568385952578e-02 1.5e+00 1.70e+00  2e+00  2e+00 6:11.2
   17    204 1.885061737147339e-02 1.5e+00 1.67e+00  2e+00  2e+00 6:34.4
   18    216 -3.946165598909813e-02 1.5e+00 1.73e+00  2e+00  2e+00 6:57.6
   19    228 -1.155393662000728e-02 1.5e+00 1.74e+00  2e+00  2e+00 7:20.8
   20    240 -6.480782546092513e-03 1.5e+00 1.74e+00  2e+00  2e+00 7:44.0
   21    252 -1.757888599201189e-02 1.5e+00 1.74e+00  2e+00  2e+00 8:07.3
   22    264 -2.334346952640858e-02 1.6e+00 1.69e+00  2e+00  2e+00 8:30.5
   23    276 2.053481170734084e-03 1.6e+00 1.65e+00  1e+00  2e+00 8:53.6
   24    288 8.797596785839775e-03 1.6e+00 1.66e+00  2e+00  2e+00 9:16.8
   26    312 -6.429611648904739e-03 1.6e+00 1.58e+00  1e+00  2e+00 10:03.3
   28    336 -2.623903887104559e-02 1.6e+00 1.47e+00  1e+00  2e+00 10:50.5
   30    360 -2.242330449214163e-02 1.7e+00 1.49e+00  1e+00  2e+00 11:36.9
   32    384 -3.409808622932079e-02 1.7e+00 1.42e+00  1e+00  2e+00 12:23.3
   34    408 -1.936803572059239e-02 1.7e+00 1.37e+00  1e+00  1e+00 13:09.6
   36    432 3.585685352341664e-02 1.7e+00 1.34e+00  1e+00  1e+00 13:56.0
   38    456 -3.368823680849480e-02 1.8e+00 1.30e+00  1e+00  1e+00 14:42.5
   40    480 -2.333122402768264e-02 1.8e+00 1.26e+00  1e+00  1e+00 15:28.9
   42    504 -5.220603599268171e-02 1.8e+00 1.15e+00  1e+00  1e+00 16:15.2
   44    528 3.915181264334444e-02 1.8e+00 1.10e+00  1e+00  1e+00 17:01.7
   46    552 -3.385033166614309e-02 1.9e+00 1.10e+00  1e+00  1e+00 17:48.1
   48    576 -3.260684754909687e-02 1.9e+00 1.22e+00  1e+00  1e+00 18:34.7
   50    600 -2.127783771542098e-03 2.0e+00 1.33e+00  1e+00  1e+00 19:21.1
   52    624 3.462944565437927e-02 2.1e+00 1.38e+00  1e+00  2e+00 20:07.6
   54    648 -1.015355014712290e-02 2.1e+00 1.44e+00  1e+00  2e+00 20:54.0
   56    672 -1.872429632961643e-02 2.1e+00 1.57e+00  1e+00  2e+00 21:40.5
   58    696 -2.373939614245944e-02 2.1e+00 1.66e+00  1e+00  2e+00 22:27.1
   60    720 -1.568007386598902e-02 2.1e+00 1.59e+00  1e+00  2e+00 23:13.5
   62    744 5.623667299179495e-03 2.1e+00 1.66e+00  1e+00  2e+00 24:00.1
   64    768 -3.628185194579628e-02 2.2e+00 1.77e+00  2e+00  2e+00 24:46.6
   66    792 -8.434176773992302e-03 2.2e+00 1.82e+00  2e+00  2e+00 25:33.1
   68    816 -1.762950580986130e-02 2.2e+00 2.03e+00  2e+00  2e+00 26:19.5
   70    840 4.476906853710374e-02 2.4e+00 2.21e+00  2e+00  3e+00 27:05.9
   73    876 -1.604055508572667e-02 2.5e+00 2.34e+00  2e+00  3e+00 28:15.5
   76    912 5.680722962486467e-02 2.5e+00 2.48e+00  2e+00  3e+00 29:25.0
   79    948 1.377720081642391e-02 2.5e+00 2.37e+00  2e+00  3e+00 30:34.6
   82    984 -3.576016235053805e-02 2.5e+00 2.18e+00  2e+00  3e+00 31:44.3
   85   1020 3.978204612955633e-02 2.5e+00 2.04e+00  2e+00  2e+00 32:54.0
   88   1056 9.522051390399208e-03 2.5e+00 2.00e+00  2e+00  2e+00 34:02.0
   91   1092 1.028160611096920e-02 2.5e+00 2.04e+00  2e+00  2e+00 35:09.4
   94   1128 1.924248041848428e-02 2.6e+00 2.25e+00  2e+00  3e+00 36:16.4
   97   1164 1.702090863781156e-02 2.6e+00 2.38e+00  2e+00  3e+00 37:24.0
  100   1200 -2.065743535860145e-02 2.6e+00 2.23e+00  2e+00  3e+00 38:29.8
  103   1236 1.034498447922226e-01 2.6e+00 2.18e+00  2e+00  3e+00 39:39.2
  106   1272 -2.142853763413018e-02 2.6e+00 2.28e+00  2e+00  3e+00 40:49.2
  109   1308 -2.324944566330897e-02 2.6e+00 2.18e+00  2e+00  2e+00 41:59.0
  112   1344 2.492853501947758e-02 2.6e+00 1.91e+00  2e+00  2e+00 43:09.0
  115   1380 3.402131124728412e-02 2.7e+00 1.80e+00  1e+00  2e+00 44:19.0
  118   1416 3.423524366585172e-02 2.6e+00 1.69e+00  1e+00  2e+00 45:23.4
  121   1452 1.621530549723248e-02 2.6e+00 1.57e+00  1e+00  2e+00 46:33.7
  124   1488 1.334740099299544e-02 2.7e+00 1.59e+00  1e+00  2e+00 47:43.9
  127   1524 -5.820183432410202e-03 2.7e+00 1.63e+00  1e+00  2e+00 48:51.1
  130   1560 -1.377739342962989e-03 2.7e+00 1.46e+00  1e+00  2e+00 50:01.0
  133   1596 1.204347796303273e-02 2.7e+00 1.36e+00  1e+00  2e+00 51:09.1
  136   1632 7.196594976890318e-03 2.7e+00 1.31e+00  1e+00  1e+00 52:17.3
  140   1680 -4.680695812838208e-02 2.7e+00 1.34e+00  1e+00  2e+00 53:47.0
  144   1728 -1.302750350429349e-02 2.7e+00 1.52e+00  1e+00  2e+00 55:17.7
  148   1776 -3.295955997085555e-02 3.0e+00 1.74e+00  1e+00  2e+00 56:48.5
  152   1824 -1.161863067601728e-02 3.2e+00 1.83e+00  1e+00  2e+00 58:16.2
  156   1872 2.878885578166496e-02 3.1e+00 1.64e+00  1e+00  2e+00 59:47.0
  160   1920 6.692700647184575e-02 3.1e+00 1.51e+00  1e+00  2e+00 61:14.3
  164   1968 7.044856140545101e-03 3.1e+00 1.50e+00  1e+00  2e+00 62:44.4
  168   2016 3.120460569005487e-02 3.2e+00 1.34e+00  1e+00  2e+00 64:13.5
  172   2064 -2.002974279326168e-02 3.2e+00 1.19e+00  1e+00  1e+00 65:41.1
  176   2112 1.567502785154877e-02 3.3e+00 1.08e+00  9e-01  1e+00 67:10.3
  180   2160 4.056097636951867e-04 3.5e+00 9.78e-01  8e-01  1e+00 68:38.1
  184   2208 -1.371968403091453e-03 3.5e+00 9.21e-01  7e-01  1e+00 70:08.0
  188   2256 -2.452909577017657e-02 3.5e+00 9.00e-01  7e-01  1e+00 71:34.3
  192   2304 1.908821036243051e-02 3.5e+00 9.44e-01  8e-01  1e+00 73:05.2
  196   2352 -8.741398966536021e-03 3.5e+00 1.09e+00  9e-01  1e+00 74:31.7
  200   2400 -1.005016881652605e-02 3.6e+00 1.15e+00  9e-01  1e+00 75:51.8
  204   2448 1.264807732284052e-02 3.6e+00 1.15e+00  9e-01  1e+00 77:21.6
  208   2496 -1.332360038232197e-02 3.7e+00 1.29e+00  1e+00  1e+00 78:51.9
  212   2544 -1.025848505924419e-02 3.7e+00 1.37e+00  1e+00  2e+00 80:22.1
  216   2592 5.875401240617738e-02 3.6e+00 1.36e+00  1e+00  2e+00 81:52.5
  220   2640 2.479704633089542e-03 3.6e+00 1.67e+00  1e+00  2e+00 83:23.2
  225   2700 3.352846243422562e-02 3.7e+00 1.82e+00  1e+00  2e+00 85:12.9
  230   2760 4.957355543157582e-02 3.8e+00 1.69e+00  1e+00  2e+00 87:05.7
  235   2820 5.008510245992091e-02 3.8e+00 1.51e+00  1e+00  2e+00 88:54.0
  240   2880 3.896817293225445e-02 3.9e+00 1.61e+00  1e+00  2e+00 90:46.9
  245   2940 4.233642470407912e-02 3.8e+00 1.43e+00  1e+00  2e+00 92:33.0
  250   3000 -1.476540852049536e-02 3.8e+00 1.25e+00  9e-01  1e+00 94:26.0
  255   3060 1.175620933665278e-02 3.8e+00 1.27e+00  9e-01  2e+00 96:15.5
  260   3120 7.992262063553432e-02 3.9e+00 1.36e+00  1e+00  2e+00 98:05.4
  265   3180 4.980961923342904e-02 4.0e+00 1.39e+00  1e+00  2e+00 99:54.0
  270   3240 8.019242363823670e-02 4.0e+00 1.48e+00  1e+00  2e+00 101:46.6
  275   3300 6.617264432369188e-02 4.4e+00 1.53e+00  1e+00  2e+00 103:37.2
  280   3360 6.769659883601965e-02 4.6e+00 1.63e+00  1e+00  2e+00 105:27.0
  285   3420 3.757254117426238e-02 4.7e+00 1.68e+00  1e+00  2e+00 107:17.1
  291   3492 4.038305009178180e-02 4.8e+00 1.51e+00  1e+00  2e+00 109:17.6
  297   3564 -1.751527887187896e-02 5.0e+00 1.86e+00  1e+00  2e+00 111:14.3
  300   3600 -7.805073618280608e-03 5.0e+00 2.05e+00  1e+00  3e+00 112:22.7
  305   3660 5.040621793786453e-02 5.2e+00 2.35e+00  2e+00  3e+00 114:15.9
  311   3732 6.421812081367687e-02 5.4e+00 2.36e+00  2e+00  3e+00 116:25.4
  316   3792 4.594683145086258e-02 5.7e+00 2.63e+00  2e+00  4e+00 118:19.2
  321   3852 1.588804431745604e-02 6.0e+00 2.62e+00  2e+00  4e+00 120:13.6
  327   3924 4.603493254883579e-05 5.8e+00 1.88e+00  1e+00  3e+00 122:21.7
  332   3984 7.888487474897579e-02 5.7e+00 1.56e+00  1e+00  2e+00 124:15.7
  338   4056 3.323867879827461e-02 5.7e+00 1.57e+00  1e+00  2e+00 126:28.6
  344   4128 8.694982346805155e-02 5.7e+00 1.56e+00  1e+00  2e+00 128:39.7
  349   4188 3.147270081122549e-03 5.8e+00 1.83e+00  1e+00  3e+00 130:36.3
  354   4248 4.558472593134327e-02 6.1e+00 1.73e+00  1e+00  2e+00 132:31.7
  360   4320 7.406970847449715e-03 6.5e+00 1.59e+00  1e+00  2e+00 134:48.6
  366   4392 -1.089885465603864e-02 6.5e+00 1.37e+00  1e+00  2e+00 136:59.6
  372   4464 6.969824859383454e-03 6.6e+00 1.19e+00  9e-01  2e+00 139:16.3
  378   4536 3.426806291164937e-02 6.6e+00 1.16e+00  8e-01  2e+00 141:31.9
  384   4608 6.874557350553746e-02 6.7e+00 1.14e+00  8e-01  2e+00 143:48.9
  391   4692 4.992018099103449e-02 7.0e+00 1.21e+00  9e-01  2e+00 146:06.3
  399   4788 7.679063788024512e-02 7.5e+00 1.32e+00  9e-01  2e+00 148:22.1
  400   4800 9.513564577083065e-02 7.5e+00 1.35e+00  1e+00  2e+00 148:42.4
  406   4872 2.384054984110205e-02 7.9e+00 1.30e+00  9e-01  2e+00 150:59.5
  412   4944 3.076966667878863e-02 8.0e+00 1.16e+00  8e-01  2e+00 153:16.7
  418   5016 -9.431539785780511e-03 7.9e+00 1.06e+00  7e-01  2e+00 155:33.7
  425   5100 2.981048651523150e-02 8.1e+00 1.09e+00  7e-01  2e+00 157:58.2
  431   5172 7.425614750928690e-02 8.2e+00 1.08e+00  7e-01  2e+00 160:13.8
  437   5244 1.396137771086479e-02 8.1e+00 1.00e+00  7e-01  2e+00 162:27.7
  443   5316 5.798785928903780e-02 8.2e+00 1.24e+00  8e-01  2e+00 164:40.1
  449   5388 5.957459506886622e-02 8.3e+00 1.32e+00  9e-01  2e+00 166:54.7
  455   5460 4.156493190534751e-02 8.4e+00 1.06e+00  7e-01  2e+00 169:09.0
  461   5532 4.971385901503863e-02 8.5e+00 1.12e+00  7e-01  2e+00 171:23.2
  467   5604 6.227106241320225e-02 9.2e+00 1.26e+00  8e-01  2e+00 173:40.1
  473   5676 1.015390165165849e-01 9.1e+00 1.45e+00  1e+00  2e+00 175:56.6
  480   5760 8.302004365669563e-02 9.0e+00 1.80e+00  1e+00  3e+00 178:35.1
  487   5844 3.330150048433547e-02 9.0e+00 1.79e+00  1e+00  3e+00 181:13.1
  494   5928 2.148140371872399e-02 9.2e+00 1.67e+00  1e+00  3e+00 183:46.6
  500   6000 5.008031133552013e-02 9.4e+00 1.74e+00  1e+00  3e+00 185:53.1
  508   6096 -7.184239606251528e-03 9.9e+00 1.50e+00  1e+00  2e+00 188:30.6
  516   6192 3.425031645886043e-02 1.0e+01 1.21e+00  8e-01  2e+00 191:08.0
  524   6288 6.397680401599574e-02 1.0e+01 1.14e+00  8e-01  2e+00 193:39.3
  532   6384 2.896593719931026e-02 1.1e+01 1.31e+00  8e-01  2e+00 196:15.0
  540   6480 1.058293117121473e-01 1.0e+01 1.75e+00  1e+00  3e+00 198:57.0
  548   6576 8.611882265794049e-02 1.0e+01 1.62e+00  1e+00  2e+00 201:23.0
  556   6672 6.005847057837043e-02 1.1e+01 2.94e+00  2e+00  5e+00 203:49.7
  565   6780 1.981270871867950e-02 1.1e+01 3.86e+00  3e+00  6e+00 206:30.1
  574   6888 7.546972009424516e-02 1.1e+01 3.73e+00  2e+00  6e+00 209:06.0
  582   6984 9.415622168512991e-02 1.2e+01 3.70e+00  2e+00  6e+00 211:50.5
  590   7080 7.514298983999600e-02 1.2e+01 3.96e+00  3e+00  6e+00 214:33.2
  598   7176 4.877443352660875e-02 1.3e+01 4.78e+00  3e+00  8e+00 217:13.7
  600   7200 6.489261367991296e-02 1.3e+01 4.92e+00  3e+00  8e+00 217:55.2
  608   7296 8.614866633499990e-02 1.3e+01 5.72e+00  4e+00  9e+00 220:30.7
  616   7392 8.634611472180749e-02 1.3e+01 6.34e+00  4e+00  1e+01 223:15.1
  624   7488 8.045237894575859e-02 1.2e+01 5.66e+00  4e+00  9e+00 226:01.9
  633   7596 6.715135124712845e-02 1.3e+01 7.16e+00  5e+00  1e+01 228:50.6
  641   7692 8.251942172852962e-02 1.3e+01 7.13e+00  5e+00  1e+01 231:38.1
  649   7788 7.999714376119679e-02 1.3e+01 6.52e+00  4e+00  1e+01 234:22.8
  657   7884 8.692544320039841e-02 1.4e+01 6.75e+00  4e+00  1e+01 237:07.8
  667   8004 5.205966044614799e-02 1.3e+01 5.20e+00  3e+00  8e+00 240:06.3
  675   8100 7.349763695820057e-02 1.4e+01 4.52e+00  3e+00  7e+00 242:53.8
  683   8196 7.567447964390432e-02 1.5e+01 3.88e+00  2e+00  6e+00 245:38.9
  691   8292 9.275396730886892e-02 1.6e+01 4.61e+00  3e+00  8e+00 248:23.2
  700   8400 7.701332926420375e-02 1.7e+01 4.79e+00  3e+00  9e+00 251:21.6
  708   8496 9.902155290378672e-02 1.7e+01 4.21e+00  3e+00  8e+00 254:09.8
  717   8604 9.493245704713502e-02 1.7e+01 4.96e+00  3e+00  9e+00 257:12.5
  725   8700 9.869643184452714e-02 1.7e+01 5.25e+00  3e+00  1e+01 260:00.3
  734   8808 8.457966510238638e-02 1.7e+01 5.65e+00  3e+00  1e+01 263:07.4
  743   8916 9.409259945244157e-02 1.7e+01 4.77e+00  3e+00  9e+00 266:16.4
  752   9024 6.163520876833636e-02 1.7e+01 4.43e+00  2e+00  8e+00 269:21.3
  761   9132 7.943171320453357e-02 1.7e+01 4.55e+00  3e+00  8e+00 272:31.0
  770   9240 1.133532644907123e-01 1.8e+01 5.72e+00  3e+00  1e+01 275:36.9
  779   9348 8.024838297405093e-02 1.8e+01 4.98e+00  3e+00  8e+00 278:44.4
  788   9456 8.611647879755926e-02 1.8e+01 4.44e+00  2e+00  7e+00 281:53.8
  797   9564 8.293379330563393e-02 1.8e+01 3.53e+00  2e+00  6e+00 285:02.5
  800   9600 7.036385260730241e-02 1.8e+01 3.46e+00  2e+00  6e+00 286:05.4
  809   9708 6.532016339625277e-02 1.8e+01 3.69e+00  2e+00  6e+00 289:13.7
  818   9816 8.722625091274028e-02 1.8e+01 4.77e+00  3e+00  7e+00 292:21.7
  827   9924 8.134413557360379e-02 1.8e+01 5.44e+00  3e+00  9e+00 295:30.0
  836  10032 9.131506924012413e-02 1.8e+01 4.97e+00  3e+00  8e+00 298:38.5
  845  10140 7.811115948856093e-02 2.0e+01 5.61e+00  3e+00  8e+00 301:47.3
  854  10248 1.044526855946633e-01 2.0e+01 5.76e+00  3e+00  9e+00 304:56.2
  863  10356 9.664267842110157e-02 2.1e+01 5.70e+00  3e+00  9e+00 308:04.5
  872  10464 9.815741522125224e-02 2.0e+01 5.36e+00  3e+00  8e+00 311:12.8
  881  10572 7.552791346293898e-02 2.0e+01 8.09e+00  4e+00  1e+01 314:21.2
  890  10680 1.181851069745462e-01 2.1e+01 9.24e+00  5e+00  1e+01 317:29.6
  900  10800 7.474270136192125e-02 2.0e+01 8.48e+00  5e+00  1e+01 320:46.1
  909  10908 1.049759847970549e-01 2.0e+01 9.10e+00  5e+00  1e+01 323:55.6
  919  11028 8.695077084893472e-02 2.1e+01 6.66e+00  3e+00  9e+00 327:13.1
  929  11148 9.661235627368711e-02 2.1e+01 5.70e+00  3e+00  8e+00 330:36.6
  939  11268 9.044322087181023e-02 2.0e+01 4.58e+00  2e+00  6e+00 334:07.3
  950  11400 1.004651373061206e-01 2.1e+01 4.13e+00  2e+00  5e+00 337:33.2
  960  11520 4.696920887449203e-02 2.1e+01 5.01e+00  3e+00  6e+00 341:02.3
  970  11640 1.000405917902821e-01 2.2e+01 4.80e+00  2e+00  6e+00 344:26.7
  980  11760 1.077876998959083e-01 2.2e+01 5.06e+00  2e+00  7e+00 347:53.8
  991  11892 1.092453437840726e-01 2.3e+01 4.30e+00  2e+00  6e+00 351:27.1
 1000  12000 9.354010835603228e-02 2.3e+01 3.83e+00  2e+00  5e+00 354:35.8
Budget constraint satisfied 0.0 587.3249664306641 Difference:  587.3249664306641
Budget constraint satisfied 573.88623046875 587.3249664306641 Difference:  13.438735961914062
two_most_probable_states: ['0000000000', '0000000001']
final_expectation_value: -0.05220603599268171
params: [-7.435427726680237, 6.679649319064929, -4.011626822099252, -2.472644250202565, 3.380084035222877, 0.49960737131772565, 7.248685938399946, 2.58744635504972, 2.016834629129929, 1.2066247623432438, 1.4941072441411696, 9.423235308096356, 4.0038072074512625, 3.4076111463458263, 0.2028778452540479, -0.7591560994152199, -6.452926521427955, -2.496559381665629, -2.2150441542510055, 0.1818912758198592]
total_steps: 1000
states_probs: [0.009637913570375141, 0.010968262956780224]
optimized_portfolios: [{'CAT': 0, 'DOW': 0, 'HON': 0, 'JNJ': 0}, {'CAT': 0, 'DOW': 0, 'HON': 0, 'JNJ': 4}]
objective_values: [-0.0, -279.17432490394754]
result_with_budget: [{'portfolio': {'CAT': 0, 'DOW': 0, 'HON': 0, 'JNJ': 0}, 'budget': 0.0, 'difference': 587.3249664306641}, {'portfolio': {'CAT': 0, 'DOW': 0, 'HON': 0, 'JNJ': 4}, 'budget': 573.88623046875, 'difference': 13.438735961914062}]
Processing experiment 208
Budget: 472.74999237060547
Expected returns: 0.059945564596301563
Covariance matrix: 0.47069846088247225
3rd-order coskewness tensor: 0.4202151734379365
4th-order cokurtosis tensor: 9.011152849129122
Number of qubits for asset DIS: 3
Number of qubits for asset DOW: 4
Number of qubits for asset HD: 1
Number of qubits for asset WMT: 3
Total number of qubits:  11
Optimized Weights (considering variance, skewness and kurtosis):
DIS: 36.96%
DOW: 16.90%
HD: 7.77%
WMT: 38.37%
Left over budget:  29.95096192145388
Optimized Discrete Allocation:
DIS: 2
DOW: 1
WMT: 2
Maximized utility from continuous higher moments:  -138.604956193502
Budget constraint not satisfied 476.8869857788086 472.74999237060547 Difference:  -4.136993408203125
Budget constraint satisfied 465.3350601196289 472.74999237060547 Difference:  7.4149322509765625
smallest_eigenvalues: [-0.0509161648126433]
smallest_bitstrings: ['00000001100']
first_excited_energy: -0.0508539251782654
optimized_portfolio: [{'DIS': 0, 'DOW': 0, 'HD': 1, 'WMT': 1}]
second_optimized_portfolio: [{'DIS': 0, 'DOW': 2, 'HD': 1, 'WMT': 0}]
result_with_budget: [{'portfolio': {'DIS': 0, 'DOW': 0, 'HD': 1, 'WMT': 1}, 'budget': 476.8869857788086, 'difference': -4.136993408203125, 'objective_value': -15.282016286984629}]
result_with_budget_excited: [{'portfolio': {'DIS': 0, 'DOW': 2, 'HD': 1, 'WMT': 0}, 'budget': 465.3350601196289, 'difference': 7.4149322509765625, 'objective_value': -102.10619984597425}]
Initial params:  [2.93589938 2.25301459 0.8129208  0.15388872 2.88761126 1.49581482
 2.60447958 1.8192421  0.05595597 1.40108988 0.82377457 1.94491963
 3.1233562  1.44923814 3.12245189 2.4792192  1.35038779 0.98955179
 2.7049748  1.81692322]
(6_w,12)-aCMA-ES (mu_w=3.7,w_1=40%) in dimension 20 (seed=338038, Mon Mar 17 18:57:06 2025)
Iterat #Fevals   function value  axis ratio  sigma  min&max std  t[m:s]
    1     12 9.415298204365301e-03 1.0e+00 1.48e+00  1e+00  1e+00 0:32.5
    2     24 -6.986998094517393e-03 1.1e+00 1.45e+00  1e+00  1e+00 1:05.0
    3     36 -2.491948363821232e-02 1.1e+00 1.42e+00  1e+00  1e+00 1:37.5
    4     48 -5.565964590888769e-03 1.1e+00 1.38e+00  1e+00  1e+00 2:09.9
    5     60 -3.031351994673726e-02 1.1e+00 1.37e+00  1e+00  1e+00 2:42.2
    6     72 -1.925929267394482e-02 1.2e+00 1.39e+00  1e+00  1e+00 3:11.7
    7     84 -1.719104536464952e-02 1.2e+00 1.43e+00  1e+00  1e+00 3:44.1
    8     96 -1.263732714944061e-02 1.2e+00 1.44e+00  1e+00  1e+00 4:16.5
    9    108 -3.310829723629400e-02 1.3e+00 1.48e+00  1e+00  2e+00 4:48.8
   10    120 -1.727231543348215e-02 1.3e+00 1.48e+00  1e+00  2e+00 5:21.4
   11    132 -5.094626845213380e-03 1.3e+00 1.54e+00  1e+00  2e+00 5:53.8
   12    144 4.055471562856794e-02 1.4e+00 1.53e+00  1e+00  2e+00 6:21.7
   13    156 -2.751760085351471e-02 1.4e+00 1.45e+00  1e+00  2e+00 6:52.5
   14    168 -6.460876346161293e-03 1.4e+00 1.43e+00  1e+00  1e+00 7:24.9
   15    180 -1.264882288351178e-02 1.4e+00 1.45e+00  1e+00  2e+00 7:57.1
   16    192 -2.661258951173010e-02 1.4e+00 1.44e+00  1e+00  2e+00 8:29.6
   17    204 -2.293805615233672e-02 1.4e+00 1.43e+00  1e+00  2e+00 9:02.0
   18    216 2.124437119625508e-02 1.4e+00 1.41e+00  1e+00  1e+00 9:34.4
   19    228 -2.177570497800277e-02 1.4e+00 1.42e+00  1e+00  1e+00 10:03.7
   20    240 -3.513299438500830e-02 1.4e+00 1.43e+00  1e+00  1e+00 10:36.4
   21    252 -2.460854806113396e-04 1.5e+00 1.44e+00  1e+00  1e+00 11:08.9
   22    264 2.625044941142879e-02 1.5e+00 1.47e+00  1e+00  2e+00 11:41.0
   23    276 1.556343445262229e-02 1.5e+00 1.48e+00  1e+00  2e+00 12:13.0
   24    288 -2.315983108052928e-02 1.6e+00 1.50e+00  1e+00  2e+00 12:44.5
   25    300 -9.892680840046752e-03 1.6e+00 1.50e+00  1e+00  2e+00 13:13.0
   26    312 -2.805712480602106e-02 1.6e+00 1.54e+00  1e+00  2e+00 13:45.4
   27    324 -2.028496734869992e-02 1.6e+00 1.60e+00  2e+00  2e+00 14:18.0
   28    336 -2.710209029558872e-02 1.6e+00 1.58e+00  1e+00  2e+00 14:50.5
   29    348 -2.155298551535844e-02 1.6e+00 1.54e+00  1e+00  2e+00 15:23.1
   30    360 -1.974730921771735e-02 1.6e+00 1.48e+00  1e+00  2e+00 15:55.7
   32    384 3.942248887102637e-02 1.7e+00 1.46e+00  1e+00  2e+00 16:49.6
   34    408 -3.200297373989239e-02 1.7e+00 1.40e+00  1e+00  1e+00 17:41.0
   36    432 3.222556600206413e-02 1.7e+00 1.34e+00  1e+00  1e+00 18:32.4
   38    456 -3.400603798028422e-02 1.7e+00 1.29e+00  1e+00  1e+00 19:23.9
   40    480 -1.268349922469435e-02 1.8e+00 1.26e+00  1e+00  1e+00 20:24.6
   42    504 9.885369771037596e-05 1.8e+00 1.23e+00  1e+00  1e+00 21:29.3
   44    528 -2.689082769609495e-02 1.8e+00 1.22e+00  1e+00  1e+00 22:34.2
   46    552 -2.527224620199337e-02 1.8e+00 1.18e+00  1e+00  1e+00 23:35.2
   48    576 -3.497347133026327e-02 1.8e+00 1.17e+00  1e+00  1e+00 24:39.1
   50    600 -2.735834684345429e-02 1.9e+00 1.17e+00  1e+00  1e+00 25:43.9
   52    624 -2.882016424128524e-02 1.9e+00 1.17e+00  1e+00  1e+00 26:48.4
   54    648 -3.298998924785036e-02 2.0e+00 1.15e+00  1e+00  1e+00 27:45.4
   56    672 -2.378964532133394e-02 2.0e+00 1.07e+00  1e+00  1e+00 28:38.8
   58    696 -1.214989133733792e-03 2.0e+00 9.73e-01  9e-01  1e+00 29:42.9
   60    720 -2.337065825933565e-02 2.1e+00 9.43e-01  8e-01  1e+00 30:47.7
   62    744 -1.022539323792936e-02 2.0e+00 9.50e-01  9e-01  1e+00 31:52.5
   64    768 -1.993516945908807e-02 2.0e+00 9.24e-01  8e-01  1e+00 32:57.2
   66    792 3.030782190161345e-02 2.1e+00 8.99e-01  8e-01  1e+00 33:55.9
   68    816 -2.505268354316770e-02 2.0e+00 8.83e-01  8e-01  1e+00 35:00.2
   70    840 -1.981181134616501e-02 2.0e+00 9.15e-01  8e-01  1e+00 36:05.0
   72    864 -2.604217887924713e-02 2.1e+00 9.34e-01  8e-01  1e+00 37:08.5
   74    888 -2.567473912727954e-02 2.1e+00 9.94e-01  8e-01  1e+00 38:04.3
   76    912 -9.438210055457431e-03 2.2e+00 1.02e+00  9e-01  1e+00 39:08.4
   78    936 1.793905937641348e-02 2.2e+00 1.00e+00  9e-01  1e+00 40:13.2
   80    960 -1.704953118067489e-02 2.2e+00 9.41e-01  8e-01  1e+00 41:12.7
   82    984 4.153228450093909e-03 2.3e+00 9.20e-01  8e-01  1e+00 42:16.8
   84   1008 2.481020780138034e-02 2.3e+00 8.94e-01  8e-01  1e+00 43:21.6
   86   1032 4.277904332147199e-02 2.4e+00 8.42e-01  7e-01  9e-01 44:26.3
   88   1056 4.499000321291312e-02 2.3e+00 8.30e-01  7e-01  9e-01 45:31.5
   90   1080 4.854909757152612e-02 2.3e+00 8.32e-01  7e-01  9e-01 46:32.2
   92   1104 1.687599588281043e-02 2.3e+00 8.65e-01  7e-01  1e+00 47:36.8
   94   1128 -8.780435999939256e-03 2.4e+00 8.78e-01  7e-01  1e+00 48:41.3
   97   1164 -2.566994912259363e-02 2.4e+00 9.69e-01  8e-01  1e+00 50:00.1
  100   1200 4.355159385845036e-02 2.5e+00 1.19e+00  1e+00  1e+00 51:32.4
  102   1224 -2.808488545439006e-02 2.5e+00 1.26e+00  1e+00  1e+00 52:37.2
  105   1260 -1.817364386238513e-02 2.6e+00 1.32e+00  1e+00  1e+00 54:14.2
  108   1296 2.385081083160991e-02 2.6e+00 1.25e+00  1e+00  1e+00 55:51.4
  111   1332 -1.278143929719924e-02 2.7e+00 1.27e+00  1e+00  1e+00 57:28.1
  114   1368 -1.911725921043321e-02 2.7e+00 1.33e+00  1e+00  2e+00 59:04.5
  117   1404 -2.874430827142780e-02 2.7e+00 1.33e+00  1e+00  2e+00 60:34.0
  120   1440 -1.036245081477553e-03 2.7e+00 1.26e+00  1e+00  1e+00 62:11.0
  123   1476 -9.898397734632705e-03 2.7e+00 1.50e+00  1e+00  2e+00 63:48.3
  126   1512 -1.893825365200859e-02 2.8e+00 1.84e+00  2e+00  2e+00 65:08.5
  129   1548 2.260409883285528e-03 2.7e+00 2.02e+00  2e+00  2e+00 66:25.2
  132   1584 4.735610319579404e-02 2.7e+00 2.14e+00  2e+00  2e+00 67:41.9
  135   1620 -1.554799833774684e-02 2.7e+00 2.24e+00  2e+00  3e+00 68:58.3
  138   1656 -1.648117231232722e-02 2.7e+00 2.00e+00  2e+00  2e+00 70:33.9
  141   1692 -8.877639797110738e-03 2.7e+00 1.71e+00  1e+00  2e+00 72:09.4
  144   1728 -1.242816324112388e-02 2.8e+00 1.61e+00  1e+00  2e+00 73:46.7
  147   1764 -2.370341807219483e-02 2.8e+00 1.51e+00  1e+00  2e+00 75:23.7
  150   1800 -3.218335003414600e-02 2.8e+00 1.38e+00  1e+00  2e+00 77:00.9
  153   1836 -2.879360754176508e-02 2.9e+00 1.48e+00  1e+00  2e+00 78:37.7
  157   1884 -1.027903160911866e-02 3.1e+00 1.59e+00  1e+00  2e+00 80:24.3
  160   1920 -8.980549238247626e-03 3.2e+00 1.52e+00  1e+00  2e+00 81:48.3
  163   1956 -1.575785178445764e-02 3.3e+00 1.36e+00  1e+00  2e+00 83:19.4
  166   1992 -2.180723001422282e-02 3.3e+00 1.31e+00  1e+00  2e+00 84:53.1
  169   2028 -1.018041112054523e-02 3.3e+00 1.42e+00  1e+00  2e+00 86:30.4
  172   2064 4.016114868768474e-02 3.4e+00 1.45e+00  1e+00  2e+00 88:01.8
  175   2100 -2.207702548365438e-02 3.4e+00 1.54e+00  1e+00  2e+00 89:39.0
  178   2136 -1.821684905036009e-02 3.5e+00 1.80e+00  2e+00  2e+00 91:10.7
  181   2172 -2.110505056324700e-02 3.6e+00 1.73e+00  1e+00  2e+00 92:47.3
  184   2208 8.918137379541851e-03 3.6e+00 1.83e+00  2e+00  2e+00 94:19.1
  188   2256 2.570620816173972e-02 3.6e+00 1.98e+00  2e+00  3e+00 96:07.5
  191   2292 -2.928641746568701e-02 3.7e+00 1.92e+00  2e+00  2e+00 97:40.9
  195   2340 -9.624474138164758e-03 3.6e+00 2.08e+00  2e+00  3e+00 99:39.6
  199   2388 1.054825458641183e-02 3.7e+00 2.00e+00  2e+00  3e+00 101:45.8
  200   2400 1.827802024920696e-02 3.7e+00 2.03e+00  2e+00  3e+00 102:18.0
  203   2436 7.999322799130089e-02 3.7e+00 2.18e+00  2e+00  3e+00 103:56.3
  206   2472 -4.056187289776136e-03 3.8e+00 2.65e+00  2e+00  3e+00 105:36.7
  210   2520 8.906790564677329e-02 3.8e+00 3.03e+00  3e+00  4e+00 107:42.9
  214   2568 1.173109775338727e-01 3.9e+00 2.72e+00  2e+00  3e+00 109:52.9
  218   2616 2.611291034969172e-02 3.9e+00 2.23e+00  2e+00  3e+00 112:03.3
  222   2664 4.503444320138092e-02 3.9e+00 2.40e+00  2e+00  3e+00 114:10.8
  226   2712 5.672892503448215e-02 4.1e+00 2.22e+00  2e+00  3e+00 116:19.9
  230   2760 -3.642643891952849e-03 4.0e+00 2.29e+00  2e+00  3e+00 118:26.3
  234   2808 -9.826576436384035e-04 4.1e+00 2.47e+00  2e+00  3e+00 120:22.6
  238   2856 8.923814278591341e-02 4.0e+00 2.79e+00  2e+00  4e+00 122:17.5
  242   2904 2.063818490668401e-03 4.1e+00 2.59e+00  2e+00  3e+00 124:26.5
  246   2952 4.811226804166763e-02 4.1e+00 2.44e+00  2e+00  3e+00 126:26.4
  250   3000 1.376706932683094e-02 4.1e+00 2.57e+00  2e+00  3e+00 128:34.3
  254   3048 7.267910530979964e-02 4.2e+00 2.42e+00  2e+00  3e+00 130:40.5
  258   3096 1.775492775299230e-02 4.3e+00 2.43e+00  2e+00  3e+00 132:43.4
  262   3144 8.572838530598438e-02 4.3e+00 2.29e+00  2e+00  3e+00 134:51.7
  266   3192 3.536261494433653e-02 4.3e+00 2.11e+00  2e+00  3e+00 136:53.7
  270   3240 7.409932709720422e-02 4.3e+00 2.05e+00  2e+00  3e+00 139:00.1
  274   3288 9.666565342835756e-02 4.4e+00 2.00e+00  2e+00  3e+00 141:06.2
  278   3336 1.789065531092704e-02 4.5e+00 1.78e+00  1e+00  2e+00 143:09.3
  282   3384 6.356002672326110e-03 4.5e+00 1.76e+00  1e+00  2e+00 145:17.7
  286   3432 -7.791680679644745e-03 4.5e+00 1.81e+00  1e+00  2e+00 147:20.3
  290   3480 5.251238602998476e-02 4.8e+00 1.74e+00  1e+00  2e+00 149:29.0
  294   3528 7.976208234747093e-02 4.8e+00 1.61e+00  1e+00  2e+00 151:34.3
  298   3576 4.677143719967436e-02 4.8e+00 1.71e+00  1e+00  2e+00 153:39.1
  300   3600 1.027950843915236e-01 4.9e+00 1.73e+00  1e+00  2e+00 154:43.3
  304   3648 6.378379107379362e-02 4.8e+00 1.80e+00  1e+00  2e+00 156:49.0
  309   3708 -3.057184977837243e-04 5.1e+00 1.92e+00  2e+00  2e+00 159:24.8
  313   3756 1.436813723482628e-03 5.1e+00 2.34e+00  2e+00  3e+00 161:30.6
  318   3816 1.351269698333746e-02 5.3e+00 2.99e+00  2e+00  4e+00 164:06.3
  323   3876 1.249125887744207e-01 5.2e+00 3.15e+00  2e+00  4e+00 166:39.9
  327   3924 9.222236366323244e-02 5.3e+00 2.74e+00  2e+00  3e+00 168:48.0
  332   3984 9.095351297726819e-03 5.3e+00 2.87e+00  2e+00  4e+00 171:21.4
  337   4044 4.223127777732882e-02 5.3e+00 3.41e+00  3e+00  4e+00 174:01.0
  342   4104 8.647435302727126e-02 5.3e+00 3.31e+00  3e+00  4e+00 176:41.5
  347   4164 9.513959905177524e-03 5.5e+00 3.74e+00  3e+00  5e+00 179:21.9
  352   4224 7.476991430540640e-02 5.8e+00 3.89e+00  3e+00  5e+00 182:01.5
  357   4284 1.220276845191894e-01 5.9e+00 4.00e+00  3e+00  5e+00 184:36.0
  362   4344 8.660717439161950e-02 5.9e+00 4.59e+00  4e+00  6e+00 187:05.7
  367   4404 1.086450032100944e-01 6.0e+00 6.11e+00  5e+00  8e+00 189:44.5
  372   4464 3.771980226364719e-03 6.0e+00 6.13e+00  5e+00  8e+00 192:24.4
  377   4524 6.440374376467116e-02 6.0e+00 7.04e+00  5e+00  9e+00 195:01.8
  383   4596 4.507333152016719e-02 5.6e+00 7.27e+00  6e+00  9e+00 197:38.8
  388   4656 5.943328499083405e-02 5.6e+00 7.49e+00  6e+00  9e+00 200:07.1
  393   4716 3.041240470206893e-02 5.6e+00 6.27e+00  5e+00  8e+00 202:46.6
  398   4776 8.619183240809706e-03 5.6e+00 5.62e+00  4e+00  7e+00 205:26.9
  400   4800 1.836767272368833e-03 5.6e+00 5.53e+00  4e+00  7e+00 206:30.4
  405   4860 -1.810233731238176e-02 5.7e+00 6.19e+00  5e+00  8e+00 208:58.8
  410   4920 -3.110443414596419e-02 5.7e+00 6.47e+00  5e+00  8e+00 211:31.0
  416   4992 4.456091091086977e-02 6.0e+00 6.21e+00  5e+00  8e+00 214:23.9
  421   5052 8.640194077586973e-02 5.9e+00 5.89e+00  4e+00  7e+00 216:59.8
  426   5112 5.497424871947402e-02 6.0e+00 6.39e+00  5e+00  8e+00 219:39.1
  431   5172 1.174778240727272e-01 5.9e+00 6.69e+00  5e+00  8e+00 222:19.5
  436   5232 3.664764990690333e-02 6.0e+00 6.06e+00  5e+00  7e+00 224:57.3
  441   5292 7.251159822164954e-02 6.0e+00 5.41e+00  4e+00  7e+00 227:35.0
  447   5364 1.213650375766695e-01 6.1e+00 5.08e+00  4e+00  6e+00 230:32.0
  452   5424 1.124606859268950e-01 6.0e+00 5.40e+00  4e+00  7e+00 233:08.8
  458   5496 7.431549608633302e-02 6.2e+00 5.12e+00  4e+00  6e+00 236:14.1
  463   5556 3.260724417813535e-02 6.5e+00 5.35e+00  4e+00  7e+00 238:52.0
  468   5616 1.261397552995169e-01 6.4e+00 4.47e+00  3e+00  5e+00 241:29.0
  474   5688 4.526829116004796e-02 6.4e+00 4.08e+00  3e+00  5e+00 244:35.2
  479   5748 4.272042179164853e-02 6.4e+00 4.72e+00  4e+00  6e+00 247:15.6
  485   5820 1.357606859188027e-01 6.5e+00 4.20e+00  3e+00  5e+00 250:21.8
  491   5892 7.358135404113123e-02 6.5e+00 3.81e+00  3e+00  5e+00 253:26.9
  497   5964 1.269044699372733e-01 6.7e+00 3.71e+00  3e+00  5e+00 256:39.2
  500   6000 8.308897809972807e-02 6.8e+00 3.85e+00  3e+00  5e+00 258:12.0
  506   6072 6.581456682417157e-02 6.8e+00 3.77e+00  3e+00  5e+00 261:22.2
  512   6144 9.284908273894203e-02 6.5e+00 4.34e+00  3e+00  5e+00 264:27.9
  518   6216 1.177135242033089e-01 6.7e+00 4.31e+00  3e+00  5e+00 267:39.9
  524   6288 9.203223078579102e-02 6.8e+00 5.30e+00  4e+00  7e+00 270:46.4
  530   6360 8.929066362799967e-02 7.0e+00 4.69e+00  3e+00  6e+00 273:58.2
  536   6432 1.148049097741266e-01 7.0e+00 4.30e+00  3e+00  5e+00 277:05.7
  542   6504 9.585360983397713e-02 7.3e+00 4.17e+00  3e+00  5e+00 280:11.1
  548   6576 1.010172462563062e-01 7.3e+00 3.76e+00  2e+00  5e+00 283:20.9
  554   6648 6.759861064232894e-02 7.5e+00 3.47e+00  2e+00  4e+00 286:27.0
  560   6720 1.094306412507361e-01 7.3e+00 3.79e+00  2e+00  5e+00 289:39.0
  566   6792 1.132181264716616e-01 7.6e+00 3.33e+00  2e+00  4e+00 292:45.6
  572   6864 1.130101174374030e-01 7.5e+00 3.17e+00  2e+00  4e+00 295:57.0
  578   6936 9.872235054036807e-02 8.0e+00 3.12e+00  2e+00  4e+00 299:04.5
  584   7008 1.209626724087308e-01 8.1e+00 2.99e+00  2e+00  4e+00 302:11.0
  590   7080 1.262394236978404e-01 8.1e+00 3.25e+00  2e+00  4e+00 305:21.7
  596   7152 1.361205896401506e-01 7.8e+00 3.19e+00  2e+00  4e+00 308:29.3
  600   7200 1.060811290328864e-01 7.9e+00 3.19e+00  2e+00  4e+00 310:36.7
  606   7272 8.571396743069247e-02 8.1e+00 2.99e+00  2e+00  3e+00 313:43.4
  613   7356 1.020726781073792e-01 8.2e+00 2.83e+00  2e+00  3e+00 317:14.8
  619   7428 1.121356857372604e-01 8.4e+00 2.91e+00  2e+00  3e+00 320:20.8
  625   7500 1.269209863175176e-01 8.6e+00 3.54e+00  2e+00  4e+00 323:28.2
  631   7572 6.492961357135467e-02 8.5e+00 3.41e+00  2e+00  4e+00 326:35.6
  637   7644 9.463505421647973e-02 8.5e+00 3.25e+00  2e+00  4e+00 329:45.3
  643   7716 8.636638259393777e-02 9.0e+00 3.39e+00  2e+00  4e+00 332:55.0
  649   7788 7.117584158010114e-02 9.3e+00 3.17e+00  2e+00  4e+00 336:04.0
  655   7860 6.808245744857525e-02 9.0e+00 3.58e+00  2e+00  4e+00 339:12.0
  662   7944 9.654264163974120e-02 9.0e+00 4.41e+00  3e+00  5e+00 342:51.5
  668   8016 8.268801382757576e-02 9.1e+00 4.51e+00  3e+00  5e+00 346:01.9
  675   8100 9.389947843001399e-02 9.4e+00 4.03e+00  3e+00  5e+00 349:43.0
  682   8184 8.945925011463049e-02 9.5e+00 3.76e+00  2e+00  4e+00 353:24.2
  689   8268 1.167993309529492e-01 9.3e+00 4.89e+00  3e+00  6e+00 357:05.8
  696   8352 9.186677204341315e-02 9.5e+00 4.45e+00  3e+00  5e+00 360:45.8
  700   8400 1.194767151753511e-01 9.7e+00 4.16e+00  3e+00  5e+00 362:50.2
  707   8484 5.249311497992513e-02 1.0e+01 4.39e+00  3e+00  5e+00 366:30.7
  714   8568 1.021456709829079e-01 1.0e+01 3.78e+00  2e+00  4e+00 370:16.5
  721   8652 6.980567518739017e-02 1.0e+01 3.72e+00  2e+00  4e+00 374:01.3
  728   8736 1.167175260615419e-01 1.0e+01 3.42e+00  2e+00  4e+00 377:47.5
  735   8820 1.197502812430616e-01 1.0e+01 3.11e+00  2e+00  4e+00 381:32.5
  742   8904 5.230678555732371e-02 1.0e+01 2.84e+00  2e+00  3e+00 385:17.0
  749   8988 1.065760430589031e-01 1.0e+01 2.35e+00  1e+00  3e+00 389:02.4
  756   9072 1.283517964046131e-01 1.2e+01 1.89e+00  1e+00  2e+00 392:47.1
  763   9156 5.628054300629381e-02 1.1e+01 1.92e+00  1e+00  2e+00 396:32.1
  770   9240 1.123374980211406e-01 1.2e+01 1.70e+00  1e+00  2e+00 400:17.8
  777   9324 5.350532694012790e-02 1.1e+01 1.85e+00  1e+00  2e+00 404:02.5
  784   9408 1.029344847485729e-01 1.1e+01 1.99e+00  1e+00  3e+00 407:46.9
  791   9492 8.742014610652003e-02 1.1e+01 1.73e+00  1e+00  2e+00 411:32.0
  798   9576 1.253400174118385e-01 1.1e+01 1.93e+00  1e+00  3e+00 415:17.2
  800   9600 1.410477893646325e-01 1.1e+01 2.03e+00  1e+00  3e+00 416:22.3
  807   9684 6.362474395697487e-02 1.1e+01 2.10e+00  1e+00  3e+00 420:07.2
  814   9768 1.246428970103702e-01 1.1e+01 1.65e+00  1e+00  2e+00 423:52.1
  821   9852 9.811952979623702e-02 1.2e+01 1.50e+00  1e+00  2e+00 427:36.3
  828   9936 4.462781343229597e-02 1.3e+01 1.20e+00  8e-01  2e+00 431:21.3
  835  10020 1.407089012313787e-01 1.3e+01 1.07e+00  7e-01  1e+00 435:06.3
  842  10104 1.147949763932921e-01 1.4e+01 1.04e+00  7e-01  1e+00 438:51.1
  849  10188 9.479294155551825e-02 1.4e+01 8.92e-01  6e-01  1e+00 442:35.9
  856  10272 1.216468247534515e-01 1.5e+01 9.56e-01  6e-01  1e+00 446:20.5
  863  10356 1.041219486851878e-01 1.5e+01 1.06e+00  7e-01  1e+00 450:05.4
  870  10440 7.035833982088968e-02 1.5e+01 1.39e+00  9e-01  2e+00 453:50.1
  877  10524 9.406239275877135e-02 1.6e+01 1.46e+00  1e+00  2e+00 457:35.2
  884  10608 -1.221272287044790e-02 1.7e+01 1.30e+00  9e-01  2e+00 461:20.7
  891  10692 6.149504573918993e-02 1.7e+01 1.40e+00  9e-01  2e+00 465:06.2
  899  10788 -7.711493392326707e-04 1.8e+01 1.36e+00  8e-01  2e+00 469:22.1
  900  10800 8.932527496871454e-02 1.8e+01 1.32e+00  8e-01  2e+00 469:54.2
  908  10896 9.528320800072757e-02 1.8e+01 1.13e+00  7e-01  2e+00 474:10.8
  916  10992 1.159165115466173e-01 1.8e+01 1.14e+00  7e-01  2e+00 478:27.3
  924  11088 8.325817537474677e-02 1.9e+01 1.29e+00  8e-01  2e+00 482:44.0
  932  11184 8.208194857717313e-02 2.0e+01 1.43e+00  9e-01  3e+00 487:00.6
  940  11280 1.046015033826993e-01 2.1e+01 1.45e+00  9e-01  3e+00 491:17.5
  948  11376 1.190384757458618e-01 2.0e+01 1.52e+00  1e+00  3e+00 495:34.0
  956  11472 8.317851750797800e-02 2.1e+01 1.67e+00  1e+00  3e+00 499:50.0
  964  11568 1.170949977519621e-01 2.1e+01 2.03e+00  1e+00  3e+00 504:06.7
  972  11664 7.852429443059539e-02 2.2e+01 2.22e+00  1e+00  4e+00 508:23.7
  980  11760 1.052535374567511e-01 2.2e+01 2.88e+00  2e+00  5e+00 512:39.5
  988  11856 1.041051534255214e-01 2.1e+01 2.36e+00  1e+00  4e+00 516:56.2
  996  11952 9.411464354517221e-02 2.1e+01 2.83e+00  2e+00  5e+00 521:13.1
 1000  12000 8.549482732099434e-02 2.1e+01 2.83e+00  2e+00  5e+00 523:21.4
Job finished at Tue Mar 18 03:41:56 EET 2025
