Running job array 11 on pe45.int.triton.aalto.fi
Starting at Sat Mar 15 11:22:30 EET 2025
Activating virtual environment at /scratch/work/uotilav2/quantum-portfolio/venv
Processing batch 12/30: experiments 165 to 179 (total 15)
Skipping experiment 165 (already processed)
Skipping experiment 166 (already processed)
Processing experiment 167
Budget: 1916.2891960144043
YF.download() has changed argument auto_adjust default to True
Expected returns: 0.17820424800892126
Covariance matrix: 0.34768498346107035
3rd-order coskewness tensor: 1.081024533660904
4th-order cokurtosis tensor: 21.98837685480737
Number of qubits for asset AXP: 3
Number of qubits for asset JNJ: 4
Number of qubits for asset KO: 5
Total number of qubits:  12
Optimized Weights (considering variance, skewness and kurtosis):
AXP: 31.96%
JNJ: 42.31%
KO: 25.73%
Left over budget:  30.644773323416757
Optimized Discrete Allocation:
AXP: 2
JNJ: 6
KO: 7
Maximized utility from continuous higher moments:  -21452.89400158872
Budget constraint satisfied 1910.8838806152344 1916.2891960144043 Difference:  5.405315399169922
Budget constraint satisfied 1901.733154296875 1916.2891960144043 Difference:  14.556041717529297
smallest_eigenvalues: [-0.1418799759669238]
smallest_bitstrings: ['101110000000']
first_excited_energy: -0.14183417910036566
optimized_portfolio: [{'AXP': 5, 'JNJ': 3, 'KO': 0}]
second_optimized_portfolio: [{'AXP': 4, 'JNJ': 5, 'KO': 0}]
result_with_budget: [{'portfolio': {'AXP': 5, 'JNJ': 3, 'KO': 0}, 'budget': 1910.8838806152344, 'difference': 5.405315399169922, 'objective_value': -3889.183358720417}]
result_with_budget_excited: [{'portfolio': {'AXP': 4, 'JNJ': 5, 'KO': 0}, 'budget': 1901.733154296875, 'difference': 14.556041717529297, 'objective_value': -4254.170407692446}]
Initial params:  [2.51063067 1.44978017 2.45210473 0.37157007 2.01037118 0.45035763
 2.96776493 1.63943485 1.3026989  0.83112597 2.43232687 1.43303853
 1.78578792 0.0590299  1.94035914 1.92295543 1.93815531 2.96487203
 2.14200164 1.12942738]
(6_w,12)-aCMA-ES (mu_w=3.7,w_1=40%) in dimension 20 (seed=169900, Sat Mar 15 11:23:25 2025)
Iterat #Fevals   function value  axis ratio  sigma  min&max std  t[m:s]
    1     12 -8.060321539853979e-02 1.0e+00 1.41e+00  1e+00  1e+00 1:03.2
    2     24 -8.155401701049159e-02 1.1e+00 1.37e+00  1e+00  1e+00 2:06.6
    3     36 -8.261332437466780e-02 1.1e+00 1.36e+00  1e+00  1e+00 3:09.6
    4     48 -6.598138637103211e-02 1.2e+00 1.38e+00  1e+00  1e+00 4:12.9
    5     60 -4.977648624109117e-02 1.2e+00 1.42e+00  1e+00  1e+00 5:15.8
    6     72 -4.736593865480034e-02 1.2e+00 1.43e+00  1e+00  1e+00 6:17.3
    7     84 -8.187613381334988e-02 1.3e+00 1.39e+00  1e+00  1e+00 7:18.1
    8     96 -9.959108579497977e-02 1.3e+00 1.38e+00  1e+00  1e+00 8:19.2
    9    108 -1.077310054988703e-01 1.3e+00 1.41e+00  1e+00  1e+00 9:20.2
   10    120 -9.395418475358974e-02 1.3e+00 1.47e+00  1e+00  2e+00 10:21.6
   11    132 -6.371594496123810e-02 1.3e+00 1.53e+00  1e+00  2e+00 11:22.6
   12    144 -8.440842381685851e-02 1.3e+00 1.62e+00  2e+00  2e+00 12:23.7
   13    156 -3.705264063333822e-02 1.4e+00 1.70e+00  2e+00  2e+00 13:24.6
   14    168 -3.288954363101143e-02 1.4e+00 1.73e+00  2e+00  2e+00 14:25.6
   15    180 -4.983096462762052e-02 1.4e+00 1.77e+00  2e+00  2e+00 15:26.9
   16    192 -8.595462492330702e-02 1.5e+00 1.84e+00  2e+00  2e+00 16:28.0
   17    204 -7.924495766759480e-02 1.5e+00 1.85e+00  2e+00  2e+00 17:29.0
   18    216 -4.493945224368964e-02 1.5e+00 1.94e+00  2e+00  2e+00 18:29.8
   19    228 -7.115458162712980e-02 1.5e+00 2.00e+00  2e+00  2e+00 19:30.9
   20    240 -6.837852774862886e-02 1.5e+00 1.98e+00  2e+00  2e+00 20:32.3
   21    252 -7.153975874735388e-02 1.6e+00 1.94e+00  2e+00  2e+00 21:33.3
   22    264 -7.710287084945359e-02 1.6e+00 1.88e+00  2e+00  2e+00 22:34.3
   23    276 -9.581970949065546e-02 1.6e+00 1.97e+00  2e+00  2e+00 23:35.4
   24    288 -7.243421703062665e-02 1.6e+00 2.03e+00  2e+00  2e+00 24:36.4
   25    300 -8.797398442788999e-02 1.7e+00 2.10e+00  2e+00  2e+00 25:37.7
   26    312 -9.360286409150032e-02 1.7e+00 2.23e+00  2e+00  2e+00 26:38.7
   27    324 -7.250165444323617e-02 1.7e+00 2.32e+00  2e+00  3e+00 27:39.7
   28    336 -7.827320458134168e-02 1.8e+00 2.32e+00  2e+00  3e+00 28:40.6
   29    348 -4.678726847373747e-02 1.8e+00 2.35e+00  2e+00  3e+00 29:41.6
   30    360 -8.956693701094059e-02 1.9e+00 2.39e+00  2e+00  3e+00 30:43.1
   31    372 -9.130221245143778e-02 1.9e+00 2.48e+00  2e+00  3e+00 31:44.1
   32    384 -8.533374328375751e-02 1.9e+00 2.54e+00  2e+00  3e+00 32:45.1
   33    396 -8.391949669191905e-02 1.9e+00 2.57e+00  2e+00  3e+00 33:46.6
   34    408 -9.360975523765334e-02 1.9e+00 2.70e+00  2e+00  3e+00 34:47.6
   35    420 -1.143685479358725e-03 1.9e+00 2.76e+00  3e+00  3e+00 35:48.6
   36    432 -7.579335036274007e-02 1.9e+00 2.88e+00  3e+00  3e+00 36:49.8
   37    444 -1.455180349635487e-02 1.9e+00 2.83e+00  3e+00  3e+00 37:50.8
   38    456 -1.833096841089000e-02 1.9e+00 2.78e+00  2e+00  3e+00 38:52.1
   39    468 -6.183396419350565e-02 1.9e+00 2.68e+00  2e+00  3e+00 39:53.1
   40    480 2.932876259450439e-02 1.9e+00 2.71e+00  2e+00  3e+00 40:54.2
   41    492 -8.342064125464850e-02 1.9e+00 2.70e+00  2e+00  3e+00 41:55.5
   42    504 -5.934703001902283e-02 2.0e+00 2.73e+00  2e+00  3e+00 42:56.7
   43    516 -7.189815739551007e-02 2.0e+00 2.74e+00  2e+00  3e+00 43:57.8
   44    528 -7.382393426122337e-02 2.0e+00 2.71e+00  2e+00  3e+00 44:59.2
   45    540 -2.421492735842146e-02 2.0e+00 2.68e+00  2e+00  3e+00 46:00.2
   46    552 -8.895100863775272e-02 2.0e+00 2.67e+00  2e+00  3e+00 47:01.1
   47    564 -5.093288336589527e-02 2.1e+00 2.67e+00  2e+00  3e+00 48:02.3
   48    576 -9.175713788936558e-02 2.1e+00 2.58e+00  2e+00  3e+00 49:03.8
   49    588 -8.081223937566301e-02 2.1e+00 2.58e+00  2e+00  3e+00 50:05.1
   50    600 -9.024549997156840e-02 2.1e+00 2.57e+00  2e+00  3e+00 51:06.1
   51    612 -3.372627045141351e-02 2.1e+00 2.55e+00  2e+00  3e+00 52:07.1
   52    624 -9.964425778119838e-02 2.1e+00 2.48e+00  2e+00  3e+00 53:08.1
   53    636 -6.675948953489559e-02 2.1e+00 2.40e+00  2e+00  3e+00 54:09.1
   54    648 -9.427715120729162e-02 2.1e+00 2.33e+00  2e+00  3e+00 55:10.1
   55    660 -6.244795758408705e-02 2.1e+00 2.28e+00  2e+00  3e+00 56:11.0
   56    672 -9.199763696788439e-02 2.1e+00 2.27e+00  2e+00  3e+00 57:12.1
   57    684 -8.250170771153698e-02 2.1e+00 2.30e+00  2e+00  3e+00 58:13.4
   58    696 -7.083328305336896e-02 2.1e+00 2.29e+00  2e+00  3e+00 59:14.6
   59    708 -7.862228061471524e-02 2.1e+00 2.24e+00  2e+00  3e+00 60:15.4
   60    720 -6.477129486541451e-02 2.1e+00 2.23e+00  2e+00  3e+00 61:16.6
   61    732 -4.872920717387703e-02 2.1e+00 2.25e+00  2e+00  3e+00 62:17.6
   62    744 -2.529421256637551e-02 2.1e+00 2.31e+00  2e+00  3e+00 63:18.7
   64    768 -1.043187524405167e-02 2.2e+00 2.44e+00  2e+00  3e+00 65:20.6
   66    792 -5.625214789846470e-02 2.2e+00 2.39e+00  2e+00  3e+00 67:22.6
   68    816 -6.269157472782490e-02 2.3e+00 2.37e+00  2e+00  3e+00 69:24.8
   70    840 -3.591073614093536e-02 2.3e+00 2.30e+00  2e+00  3e+00 71:26.8
   72    864 -6.761199214459815e-02 2.4e+00 2.10e+00  2e+00  2e+00 73:29.0
   74    888 -5.491146409538308e-02 2.4e+00 2.10e+00  2e+00  2e+00 75:30.9
   76    912 -4.449019434096438e-02 2.4e+00 2.23e+00  2e+00  3e+00 77:33.0
   78    936 -5.736801010485024e-02 2.4e+00 2.32e+00  2e+00  3e+00 79:35.2
   80    960 -6.425498960482112e-02 2.4e+00 2.56e+00  2e+00  3e+00 81:37.1
   82    984 -7.960772584256773e-02 2.4e+00 2.60e+00  2e+00  3e+00 83:39.4
   84   1008 -3.109942372569857e-02 2.4e+00 2.64e+00  2e+00  3e+00 85:41.6
   86   1032 -5.494268059434383e-02 2.5e+00 2.44e+00  2e+00  3e+00 87:44.0
   88   1056 -5.134601833834340e-02 2.5e+00 2.43e+00  2e+00  3e+00 89:46.4
   90   1080 -1.502328365392763e-02 2.5e+00 2.30e+00  2e+00  3e+00 91:48.5
   92   1104 -6.492392346768874e-02 2.5e+00 2.13e+00  2e+00  2e+00 93:50.5
   94   1128 -3.516591148943598e-02 2.5e+00 1.97e+00  2e+00  2e+00 95:52.7
   96   1152 -7.482017836860266e-02 2.5e+00 1.88e+00  2e+00  2e+00 97:55.2
   98   1176 -1.042293975005228e-01 2.5e+00 1.93e+00  2e+00  2e+00 99:56.9
  100   1200 -7.931101502019973e-02 2.6e+00 2.01e+00  2e+00  2e+00 101:59.2
  102   1224 -5.905544033007171e-02 2.6e+00 2.00e+00  2e+00  2e+00 104:01.6
  104   1248 -5.913422699670664e-02 2.6e+00 2.13e+00  2e+00  3e+00 106:03.9
  106   1272 -4.613791679648914e-02 2.6e+00 2.38e+00  2e+00  3e+00 108:06.4
  108   1296 -5.587607397191823e-02 2.6e+00 2.50e+00  2e+00  3e+00 110:08.5
  110   1320 -1.469919190115323e-02 2.7e+00 2.46e+00  2e+00  3e+00 112:10.9
  112   1344 -3.337330760072361e-02 2.8e+00 2.51e+00  2e+00  3e+00 114:13.1
  114   1368 -4.629520961626283e-02 2.8e+00 2.59e+00  2e+00  3e+00 116:15.5
  116   1392 -8.494550022704403e-02 2.9e+00 2.66e+00  2e+00  3e+00 118:18.0
  118   1416 -8.372135025801912e-02 2.8e+00 2.85e+00  2e+00  4e+00 120:20.1
  120   1440 -8.696258457514143e-02 2.8e+00 2.78e+00  2e+00  3e+00 122:22.7
  122   1464 -1.066479976620966e-01 2.8e+00 2.83e+00  2e+00  4e+00 124:24.9
  124   1488 -7.837729559533627e-02 2.9e+00 3.05e+00  2e+00  4e+00 126:27.2
  126   1512 -3.408619530186052e-02 2.9e+00 3.11e+00  2e+00  4e+00 128:29.4
  128   1536 -8.365803911440020e-02 2.9e+00 3.08e+00  2e+00  4e+00 130:31.4
  130   1560 -8.881811068183584e-02 3.0e+00 3.22e+00  2e+00  4e+00 132:33.7
  132   1584 -3.711010597181218e-02 3.0e+00 3.24e+00  2e+00  4e+00 134:35.8
  134   1608 -5.509273453557777e-02 3.2e+00 3.42e+00  3e+00  4e+00 136:37.6
  136   1632 -8.543677188501680e-02 3.1e+00 3.72e+00  3e+00  5e+00 138:40.3
  138   1656 -7.395964367124155e-02 3.1e+00 3.92e+00  3e+00  5e+00 140:42.3
  140   1680 -6.417704202673821e-02 3.1e+00 3.94e+00  3e+00  5e+00 142:44.4
  142   1704 -2.097927440574465e-02 3.1e+00 3.94e+00  3e+00  5e+00 144:46.5
  144   1728 -7.882101088888060e-02 3.1e+00 3.91e+00  3e+00  5e+00 146:48.3
  146   1752 -4.671746956747477e-02 3.0e+00 3.71e+00  3e+00  5e+00 148:50.4
  148   1776 -9.305328106222543e-02 3.0e+00 3.60e+00  3e+00  4e+00 150:52.6
  150   1800 -4.923835115393602e-02 2.9e+00 3.28e+00  3e+00  4e+00 152:54.9
  152   1824 -6.935349566628632e-02 3.0e+00 2.90e+00  2e+00  4e+00 154:57.5
  154   1848 -7.901110366949883e-02 3.0e+00 2.78e+00  2e+00  3e+00 156:59.7
  156   1872 -8.222121556034102e-02 3.1e+00 2.70e+00  2e+00  3e+00 159:02.4
  158   1896 -8.183596434152521e-02 3.1e+00 2.84e+00  2e+00  4e+00 161:04.7
  160   1920 -6.123152406051225e-02 3.1e+00 3.07e+00  2e+00  4e+00 163:07.2
  162   1944 -4.670314166066633e-02 3.1e+00 3.05e+00  2e+00  4e+00 165:09.4
  164   1968 -6.074430246337474e-02 3.2e+00 2.93e+00  2e+00  4e+00 167:11.8
  166   1992 -2.679020101187288e-02 3.2e+00 2.91e+00  2e+00  4e+00 169:14.1
  168   2016 -3.977907619551107e-02 3.1e+00 2.92e+00  2e+00  4e+00 171:16.6
  170   2040 6.728971043793488e-03 3.1e+00 2.88e+00  2e+00  4e+00 173:19.1
  172   2064 -4.045001665940381e-02 3.1e+00 3.25e+00  3e+00  4e+00 175:21.4
  174   2088 -4.121053720545828e-02 3.1e+00 3.45e+00  3e+00  4e+00 177:23.1
  176   2112 -1.918365910068399e-02 3.1e+00 3.48e+00  3e+00  5e+00 179:25.6
  178   2136 -4.894441002994142e-03 3.2e+00 3.57e+00  3e+00  5e+00 181:27.7
  180   2160 -3.544365704927986e-02 3.2e+00 3.61e+00  3e+00  5e+00 183:29.7
  182   2184 -5.852354576107406e-02 3.3e+00 3.74e+00  3e+00  5e+00 185:31.8
  185   2220 -3.633050639350978e-02 3.4e+00 3.81e+00  3e+00  5e+00 188:34.9
  188   2256 -3.561396469763412e-02 3.3e+00 4.20e+00  3e+00  6e+00 191:38.5
  191   2292 -9.004536517834304e-03 3.4e+00 4.67e+00  4e+00  6e+00 194:42.1
  194   2328 -1.745802840560689e-02 3.5e+00 5.01e+00  4e+00  7e+00 197:45.0
  197   2364 -3.281164965695196e-02 3.6e+00 5.03e+00  4e+00  6e+00 200:48.2
  200   2400 -5.544400933194833e-02 3.6e+00 4.92e+00  4e+00  6e+00 203:51.3
  203   2436 -3.465285440753191e-02 3.8e+00 4.53e+00  4e+00  6e+00 206:54.6
  206   2472 -5.269334021024132e-02 3.9e+00 4.28e+00  3e+00  5e+00 209:58.3
  209   2508 -3.719672799444085e-02 3.9e+00 4.06e+00  3e+00  5e+00 213:01.3
  212   2544 -4.729193987278715e-02 3.9e+00 4.14e+00  3e+00  5e+00 216:04.2
  215   2580 -1.924141382834304e-02 3.9e+00 4.06e+00  3e+00  5e+00 219:07.2
  218   2616 -1.129403297710641e-02 4.0e+00 4.06e+00  3e+00  5e+00 222:10.6
  221   2652 -3.254988297322577e-02 3.9e+00 4.29e+00  3e+00  5e+00 225:13.8
  224   2688 -7.154916873226596e-03 4.0e+00 5.50e+00  4e+00  7e+00 228:16.9
  227   2724 -3.204869841178962e-02 4.2e+00 6.09e+00  5e+00  8e+00 231:20.0
  230   2760 -4.023782080462810e-02 4.3e+00 6.63e+00  5e+00  8e+00 234:23.4
  233   2796 -6.760422177997999e-02 4.3e+00 6.50e+00  5e+00  8e+00 237:26.5
  236   2832 -9.155597521817672e-03 4.3e+00 6.65e+00  5e+00  8e+00 240:29.5
  239   2868 -4.162180229687050e-02 4.2e+00 7.26e+00  6e+00  9e+00 243:32.4
  242   2904 -1.277551128886096e-02 4.3e+00 7.90e+00  6e+00  1e+01 246:36.0
  245   2940 -6.061405111088514e-02 4.3e+00 7.96e+00  6e+00  1e+01 249:38.8
  248   2976 1.618678166403882e-02 4.3e+00 6.98e+00  5e+00  9e+00 252:41.8
  251   3012 -9.992919396393688e-03 4.4e+00 6.97e+00  5e+00  8e+00 255:45.0
  254   3048 -2.061750724728744e-02 4.4e+00 7.10e+00  5e+00  9e+00 258:48.2
  257   3084 -2.934756753253054e-02 4.4e+00 7.63e+00  6e+00  9e+00 261:51.2
  260   3120 -2.650175540187841e-02 4.5e+00 7.49e+00  5e+00  9e+00 264:54.3
  263   3156 1.760965114482984e-02 4.5e+00 6.77e+00  5e+00  8e+00 267:57.2
  266   3192 -1.009794175073196e-02 4.5e+00 6.42e+00  5e+00  8e+00 271:00.4
  269   3228 2.309876427167051e-03 4.6e+00 6.05e+00  4e+00  7e+00 274:03.5
  272   3264 8.149648960044407e-03 4.6e+00 6.55e+00  5e+00  8e+00 277:06.7
  275   3300 -4.828418139337261e-02 4.8e+00 6.94e+00  5e+00  9e+00 280:09.6
  278   3336 -8.186144431694919e-03 4.9e+00 6.51e+00  5e+00  8e+00 283:12.7
  281   3372 -2.598559205435052e-02 5.1e+00 6.35e+00  5e+00  8e+00 286:16.1
  284   3408 -6.611836361366598e-03 5.0e+00 6.13e+00  4e+00  8e+00 289:19.1
  287   3444 -1.460772500296953e-02 5.0e+00 6.38e+00  4e+00  8e+00 292:22.5
  290   3480 -5.347530877055961e-03 5.0e+00 6.55e+00  5e+00  8e+00 295:26.1
  293   3516 1.349916444042930e-02 5.1e+00 6.65e+00  5e+00  8e+00 298:29.3
  296   3552 -1.084698049787110e-02 5.0e+00 6.91e+00  5e+00  9e+00 301:32.3
  299   3588 -3.269186178743000e-03 5.1e+00 7.05e+00  5e+00  9e+00 304:35.1
  300   3600 -7.186959942184047e-03 5.2e+00 6.91e+00  5e+00  9e+00 305:36.1
  303   3636 -2.657326654353106e-02 5.4e+00 7.35e+00  5e+00  9e+00 308:39.2
  306   3672 -8.109276428055884e-03 5.4e+00 7.76e+00  5e+00  1e+01 311:42.4
  309   3708 4.755074893590569e-03 5.4e+00 8.26e+00  6e+00  1e+01 314:45.5
  312   3744 1.318553591403665e-02 5.4e+00 9.05e+00  6e+00  1e+01 317:48.5
  315   3780 1.104676436386864e-02 5.5e+00 1.02e+01  7e+00  1e+01 320:51.5
  318   3816 -7.083299903873448e-03 5.5e+00 1.07e+01  7e+00  1e+01 323:54.4
  321   3852 7.335158498943982e-03 5.7e+00 1.15e+01  8e+00  1e+01 326:57.7
  324   3888 1.348690202556782e-02 5.8e+00 1.37e+01  9e+00  2e+01 330:00.5
  327   3924 8.745911051941932e-03 6.2e+00 1.29e+01  9e+00  2e+01 333:04.2
  330   3960 6.640225851579624e-03 6.2e+00 1.22e+01  8e+00  2e+01 336:07.6
  333   3996 5.699386931535801e-03 6.3e+00 1.26e+01  9e+00  2e+01 339:10.8
  336   4032 1.933006968854327e-02 6.3e+00 1.27e+01  9e+00  2e+01 342:13.7
  339   4068 1.856396476689765e-02 6.3e+00 1.20e+01  9e+00  2e+01 345:16.9
  342   4104 1.398572098759596e-02 6.4e+00 1.14e+01  8e+00  1e+01 348:20.1
  345   4140 1.854790893607903e-02 6.3e+00 1.04e+01  7e+00  1e+01 351:23.0
  348   4176 -8.708954475355444e-03 6.2e+00 9.76e+00  7e+00  1e+01 354:25.9
  351   4212 1.306101967405733e-02 6.2e+00 1.02e+01  7e+00  1e+01 357:29.1
  354   4248 -8.121151998133409e-03 6.3e+00 1.09e+01  8e+00  1e+01 360:32.0
  357   4284 7.905298481531148e-03 6.5e+00 1.03e+01  7e+00  1e+01 363:34.7
  360   4320 3.534133510342131e-03 6.7e+00 9.79e+00  7e+00  1e+01 366:37.2
  363   4356 1.548176946037315e-02 6.7e+00 9.06e+00  6e+00  1e+01 369:40.3
  366   4392 1.933200595997049e-02 6.7e+00 9.24e+00  6e+00  1e+01 372:44.1
  370   4440 1.819847278815219e-02 6.6e+00 8.79e+00  6e+00  1e+01 376:48.5
  374   4488 7.085652827926644e-03 6.7e+00 8.42e+00  6e+00  1e+01 380:52.7
  378   4536 1.678893554247009e-02 6.7e+00 8.53e+00  6e+00  1e+01 384:56.7
  382   4584 1.399307962048451e-02 6.7e+00 9.51e+00  6e+00  1e+01 389:00.1
  386   4632 1.100194391437363e-02 6.7e+00 9.62e+00  6e+00  1e+01 393:03.9
  390   4680 1.472143334828591e-02 6.6e+00 1.11e+01  7e+00  1e+01 397:07.2
  394   4728 1.950824896177020e-02 6.7e+00 9.74e+00  6e+00  1e+01 401:10.7
  398   4776 1.248840914477147e-02 6.6e+00 9.49e+00  6e+00  1e+01 405:14.2
  400   4800 1.463938281195219e-02 6.6e+00 9.58e+00  6e+00  1e+01 407:16.2
  404   4848 7.265203384087844e-03 6.9e+00 1.02e+01  7e+00  1e+01 411:19.9
  408   4896 1.757902104682696e-02 6.8e+00 1.03e+01  6e+00  1e+01 415:24.2
  412   4944 -6.287491347985925e-03 6.8e+00 9.42e+00  6e+00  1e+01 419:28.0
  416   4992 9.809335375181171e-04 7.1e+00 1.13e+01  7e+00  1e+01 423:32.0
  420   5040 -1.491336172511994e-03 7.1e+00 1.27e+01  8e+00  2e+01 427:35.7
  424   5088 -7.805420764891351e-04 7.1e+00 1.54e+01  9e+00  2e+01 431:39.8
  428   5136 1.278595747521110e-02 7.3e+00 1.30e+01  8e+00  2e+01 435:43.4
  432   5184 -1.689778407900645e-02 7.5e+00 1.07e+01  6e+00  1e+01 439:46.8
  436   5232 4.496483113389400e-03 7.4e+00 1.06e+01  6e+00  1e+01 443:50.9
  440   5280 2.261444029980501e-03 7.9e+00 9.71e+00  6e+00  1e+01 447:54.8
  444   5328 2.181209702713003e-02 8.0e+00 8.62e+00  5e+00  1e+01 451:58.9
  448   5376 1.734755050508846e-02 8.0e+00 8.60e+00  5e+00  1e+01 456:03.0
  452   5424 1.541158814094900e-02 8.1e+00 8.86e+00  5e+00  1e+01 460:07.4
  456   5472 1.778288063029223e-02 8.2e+00 9.94e+00  6e+00  1e+01 464:11.6
  460   5520 1.799119845200588e-02 8.2e+00 1.05e+01  6e+00  1e+01 468:15.6
  464   5568 1.347324266709778e-02 8.3e+00 1.00e+01  6e+00  1e+01 472:19.1
  468   5616 7.066054306615828e-03 8.5e+00 1.02e+01  6e+00  1e+01 476:23.6
  472   5664 -6.437368359436805e-03 8.6e+00 1.05e+01  6e+00  1e+01 480:27.2
  476   5712 1.038825785854324e-02 8.5e+00 9.94e+00  6e+00  1e+01 484:30.7
  480   5760 7.229255392229970e-03 8.6e+00 1.02e+01  6e+00  1e+01 488:34.3
  484   5808 -1.683500936888269e-02 8.5e+00 1.09e+01  6e+00  1e+01 492:38.2
  488   5856 1.411877248267897e-02 8.8e+00 1.04e+01  6e+00  1e+01 496:42.1
  492   5904 2.053832694849721e-02 8.9e+00 1.12e+01  6e+00  1e+01 500:45.7
  496   5952 1.856029169393469e-02 9.1e+00 1.20e+01  7e+00  2e+01 504:49.8
  500   6000 2.210485843379306e-02 9.3e+00 1.15e+01  6e+00  2e+01 508:53.8
  504   6048 1.639800503451614e-02 9.6e+00 1.04e+01  6e+00  1e+01 512:57.5
  508   6096 1.809178427735781e-02 1.0e+01 1.02e+01  5e+00  1e+01 517:01.3
  512   6144 1.955642453038068e-02 1.0e+01 8.19e+00  4e+00  1e+01 521:04.9
  516   6192 -1.630371023505902e-02 1.0e+01 7.98e+00  4e+00  1e+01 525:08.6
  520   6240 2.005997452914256e-02 1.0e+01 7.03e+00  4e+00  9e+00 529:12.5
  524   6288 1.735278952432760e-02 1.1e+01 6.56e+00  3e+00  9e+00 533:16.3
  528   6336 2.167955995422262e-02 1.0e+01 6.21e+00  3e+00  8e+00 537:20.0
  532   6384 6.959038743769443e-03 1.0e+01 5.79e+00  3e+00  8e+00 541:24.1
  536   6432 1.652144537899061e-02 1.1e+01 5.68e+00  3e+00  8e+00 545:27.8
  540   6480 1.513692635150007e-02 1.1e+01 6.50e+00  3e+00  9e+00 549:31.5
  544   6528 1.122190953780143e-02 1.1e+01 8.31e+00  4e+00  1e+01 553:34.9
  548   6576 1.760981836868579e-02 1.1e+01 8.48e+00  4e+00  1e+01 557:38.8
  552   6624 1.949176004200570e-02 1.1e+01 6.99e+00  4e+00  1e+01 561:43.0
  556   6672 1.765866308303593e-02 1.1e+01 6.63e+00  4e+00  9e+00 565:47.2
  560   6720 -1.462684778010082e-03 1.1e+01 6.57e+00  4e+00  9e+00 569:50.9
  564   6768 2.236361182504105e-02 1.1e+01 7.54e+00  4e+00  1e+01 573:54.8
  568   6816 1.928844981623537e-02 1.1e+01 8.56e+00  4e+00  1e+01 577:58.8
  572   6864 1.136877082850041e-02 1.1e+01 8.05e+00  4e+00  1e+01 582:02.2
  576   6912 1.941823182202264e-02 1.1e+01 6.86e+00  3e+00  1e+01 586:05.9
  580   6960 1.736905396925228e-02 1.1e+01 5.95e+00  3e+00  8e+00 590:09.1
  584   7008 1.562092370357977e-02 1.1e+01 5.66e+00  3e+00  8e+00 594:12.5
  588   7056 -1.001916118392114e-03 1.1e+01 5.10e+00  3e+00  7e+00 598:16.3
  592   7104 2.040822368990595e-02 1.1e+01 4.79e+00  2e+00  7e+00 602:20.1
  596   7152 1.952478557130014e-02 1.1e+01 5.33e+00  3e+00  8e+00 606:24.0
  600   7200 1.987535868667275e-02 1.1e+01 5.77e+00  3e+00  8e+00 610:27.4
  604   7248 1.819110141992874e-02 1.2e+01 6.11e+00  3e+00  9e+00 614:31.3
  608   7296 1.858315225683137e-02 1.2e+01 5.67e+00  3e+00  8e+00 618:35.6
  613   7356 1.890551927419340e-02 1.2e+01 5.37e+00  3e+00  8e+00 623:40.8
  618   7416 1.858059387916271e-02 1.3e+01 5.72e+00  3e+00  8e+00 628:45.1
  623   7476 1.775726831167369e-02 1.3e+01 6.11e+00  3e+00  9e+00 633:49.5
  628   7536 1.804173998801159e-02 1.3e+01 6.30e+00  3e+00  9e+00 638:53.8
  633   7596 1.802579629076387e-02 1.4e+01 5.87e+00  3e+00  9e+00 643:59.1
  638   7656 1.506197519853041e-02 1.4e+01 4.98e+00  2e+00  7e+00 649:04.1
  643   7716 1.764517614280975e-02 1.4e+01 4.87e+00  2e+00  7e+00 654:08.5
  648   7776 2.028689957137719e-02 1.5e+01 5.44e+00  3e+00  8e+00 659:13.0
  653   7836 1.055418760399488e-02 1.5e+01 5.73e+00  3e+00  8e+00 664:18.1
  658   7896 1.120049304249341e-02 1.5e+01 5.46e+00  3e+00  8e+00 669:22.8
  663   7956 1.911229507383276e-02 1.5e+01 5.84e+00  3e+00  8e+00 674:27.4
  668   8016 1.518035878455312e-02 1.5e+01 5.33e+00  2e+00  7e+00 679:33.3
  673   8076 2.013745494657742e-02 1.5e+01 4.52e+00  2e+00  6e+00 684:38.1
  678   8136 1.984035038972747e-02 1.5e+01 4.74e+00  2e+00  7e+00 689:43.0
  683   8196 1.809213887208511e-02 1.5e+01 5.28e+00  2e+00  7e+00 694:47.7
  688   8256 1.619357787595212e-02 1.5e+01 4.92e+00  2e+00  7e+00 699:53.4
  693   8316 1.925920563757500e-02 1.5e+01 4.53e+00  2e+00  6e+00 704:58.1
  698   8376 1.268489336974536e-02 1.5e+01 4.31e+00  2e+00  6e+00 710:02.7
  700   8400 2.170932822424669e-02 1.5e+01 4.50e+00  2e+00  6e+00 712:04.2
  705   8460 1.926346453926121e-02 1.6e+01 4.44e+00  2e+00  6e+00 717:08.6
  710   8520 2.156328428731951e-02 1.6e+01 4.25e+00  2e+00  6e+00 722:14.0
  715   8580 1.658763384756672e-02 1.6e+01 4.04e+00  2e+00  6e+00 727:19.0
  720   8640 1.799988802186469e-02 1.7e+01 3.91e+00  2e+00  5e+00 732:23.7
  725   8700 1.980045170041905e-02 1.6e+01 4.13e+00  2e+00  6e+00 737:28.9
  730   8760 2.238825055793097e-02 1.6e+01 3.87e+00  2e+00  5e+00 742:34.3
  735   8820 -2.240822265223243e-03 1.6e+01 3.53e+00  2e+00  5e+00 747:39.4
  740   8880 -7.270236958424976e-03 1.6e+01 3.05e+00  1e+00  4e+00 752:43.8
  745   8940 2.081526273701934e-02 1.6e+01 3.01e+00  1e+00  4e+00 757:48.1
  750   9000 1.199209734636565e-03 1.7e+01 3.18e+00  1e+00  4e+00 762:53.0
  755   9060 1.730864303500382e-03 1.7e+01 3.06e+00  1e+00  4e+00 767:57.5
  760   9120 7.728365140115994e-03 1.7e+01 2.71e+00  1e+00  4e+00 773:01.6
  765   9180 2.046108606402012e-02 1.8e+01 2.54e+00  1e+00  4e+00 778:06.5
  770   9240 1.664956186312794e-02 1.8e+01 2.51e+00  1e+00  3e+00 783:10.9
  775   9300 2.307990890591870e-02 1.7e+01 2.35e+00  1e+00  3e+00 788:15.6
  780   9360 2.027654042325809e-02 1.8e+01 2.30e+00  1e+00  3e+00 793:19.6
  785   9420 1.192829390702075e-02 1.8e+01 2.14e+00  9e-01  3e+00 798:24.0
  790   9480 1.771516654135280e-02 1.9e+01 2.01e+00  8e-01  3e+00 803:29.9
  795   9540 2.082653721120166e-02 1.9e+01 1.59e+00  7e-01  2e+00 808:35.3
  800   9600 1.892842447716273e-02 1.9e+01 1.47e+00  6e-01  2e+00 813:40.2
  805   9660 2.147073072043144e-02 1.9e+01 1.44e+00  6e-01  2e+00 818:45.3
  810   9720 1.798518012808584e-02 1.9e+01 1.37e+00  5e-01  2e+00 823:50.4
  815   9780 1.689899298913739e-02 1.9e+01 1.36e+00  5e-01  2e+00 828:55.5
  820   9840 1.545319636484878e-02 1.9e+01 1.27e+00  5e-01  2e+00 833:59.6
  825   9900 1.670396639473671e-02 1.9e+01 1.13e+00  4e-01  2e+00 839:03.7
  830   9960 1.295699825804367e-02 1.9e+01 1.27e+00  5e-01  2e+00 844:07.9
  835  10020 1.645175982045059e-02 2.0e+01 1.28e+00  5e-01  2e+00 849:12.8
  840  10080 1.886711756553022e-02 2.0e+01 1.29e+00  5e-01  2e+00 854:17.2
  845  10140 1.360417727217824e-02 2.0e+01 1.11e+00  4e-01  2e+00 859:21.5
  850  10200 8.078664082117000e-03 2.0e+01 9.55e-01  4e-01  1e+00 864:27.0
  855  10260 1.398749841033418e-02 2.0e+01 9.04e-01  3e-01  1e+00 869:31.5
  860  10320 2.235900621952647e-02 2.0e+01 1.11e+00  4e-01  2e+00 874:36.3
  865  10380 1.994095653505586e-02 2.1e+01 1.19e+00  4e-01  2e+00 879:41.0
  870  10440 1.997963834690814e-02 2.2e+01 1.46e+00  5e-01  2e+00 884:45.7
  875  10500 4.989877609070865e-03 2.2e+01 1.42e+00  5e-01  2e+00 889:51.2
  880  10560 1.892950659096901e-02 2.1e+01 1.19e+00  4e-01  2e+00 894:56.3
  885  10620 1.435538600387300e-02 2.2e+01 1.26e+00  4e-01  2e+00 900:01.4
  890  10680 1.725582769656813e-02 2.2e+01 1.14e+00  4e-01  2e+00 905:06.4
  895  10740 2.246255894944024e-02 2.2e+01 1.03e+00  4e-01  1e+00 910:11.2
  900  10800 1.163760637829093e-02 2.3e+01 1.00e+00  3e-01  1e+00 915:15.8
  905  10860 2.104506296001813e-02 2.3e+01 1.13e+00  4e-01  2e+00 920:20.6
  910  10920 1.885956139514174e-02 2.2e+01 1.08e+00  4e-01  2e+00 925:26.1
  916  10992 -2.935116137990173e-02 2.2e+01 9.87e-01  3e-01  1e+00 931:32.3
  922  11064 8.383781615492454e-03 2.3e+01 9.29e-01  3e-01  1e+00 937:38.2
  928  11136 1.545838121680579e-02 2.3e+01 8.48e-01  3e-01  1e+00 943:44.7
  934  11208 1.814753805279401e-02 2.4e+01 8.29e-01  3e-01  1e+00 949:50.9
  940  11280 1.525937972547754e-02 2.4e+01 7.51e-01  2e-01  1e+00 955:57.6
  946  11352 1.208405045481191e-02 2.3e+01 7.34e-01  2e-01  1e+00 962:03.9
  952  11424 1.579780839276324e-02 2.3e+01 7.47e-01  2e-01  1e+00 968:10.3
  958  11496 1.337957609688576e-02 2.5e+01 7.51e-01  2e-01  1e+00 974:18.0
  964  11568 1.207260756801130e-02 2.5e+01 7.66e-01  2e-01  1e+00 980:25.1
  970  11640 1.042125409033435e-02 2.5e+01 8.29e-01  3e-01  1e+00 986:32.2
  976  11712 1.887269450470183e-02 2.5e+01 8.94e-01  3e-01  1e+00 992:39.3
  982  11784 2.294863205905081e-02 2.6e+01 9.22e-01  3e-01  1e+00 998:44.7
  988  11856 -2.156728193721414e-03 2.7e+01 1.07e+00  4e-01  1e+00 1004:50.5
  994  11928 1.975747365257540e-02 2.6e+01 1.03e+00  4e-01  1e+00 1010:56.9
 1000  12000 1.912810215081094e-02 2.7e+01 9.89e-01  4e-01  1e+00 1017:03.2
Budget constraint satisfied 1147.7724609375 1916.2891960144043 Difference:  768.5167350769043
Budget constraint satisfied 988.8626098632812 1916.2891960144043 Difference:  927.426586151123
two_most_probable_states: ['000000100000', '000000000001']
final_expectation_value: -0.10773100549887026
params: [3.213145820185741, 4.137438309528675, 2.0511764858804327, 1.588185668319062, 0.2008561833936695, 2.6682438823392642, 2.074426089215442, -0.0007112401925237211, -3.290082817451067, -0.1727708142742178, 2.7704105780986885, 2.1225200130875628, 2.40572999669912, 4.886530108075287, 2.6461260064648404, 0.7654384553730105, 5.291977720494583, 5.728847041967246, 1.8165013719284793, 1.5871235923220641]
total_steps: 1000
states_probs: [0.0016630849322802296, 0.0017104247691892296]
optimized_portfolios: [{'AXP': 0, 'JNJ': 8, 'KO': 0}, {'AXP': 0, 'JNJ': 0, 'KO': 16}]
objective_values: [-4928.94333966226, -85035.64510532883]
result_with_budget: [{'portfolio': {'AXP': 0, 'JNJ': 8, 'KO': 0}, 'budget': 1147.7724609375, 'difference': 768.5167350769043}, {'portfolio': {'AXP': 0, 'JNJ': 0, 'KO': 16}, 'budget': 988.8626098632812, 'difference': 927.426586151123}]
Processing experiment 168
Budget: 1691.160057067871
Expected returns: 0.18615507656777144
Covariance matrix: 0.32110606727569874
3rd-order coskewness tensor: -0.8843865691715986
4th-order cokurtosis tensor: 17.890525105097485
Number of qubits for asset HD: 3
Number of qubits for asset MRK: 5
Number of qubits for asset MSFT: 3
Total number of qubits:  11
Optimized Weights (considering variance, skewness and kurtosis):
HD: 8.36%
MRK: 48.43%
MSFT: 43.20%
Left over budget:  54.00697762190066
Optimized Discrete Allocation:
MRK: 8
MSFT: 2
Maximized utility from continuous higher moments:  -4628.879677469545
Budget constraint satisfied 1682.6260986328125 1691.160057067871 Difference:  8.533958435058594
Budget constraint not satisfied 1713.8670272827148 1691.160057067871 Difference:  -22.70697021484375
smallest_eigenvalues: [-0.056028314237489746]
smallest_bitstrings: ['00000000001']
first_excited_energy: -0.05601127910032029
optimized_portfolio: [{'HD': 0, 'MRK': 0, 'MSFT': 4}]
second_optimized_portfolio: [{'HD': 2, 'MRK': 1, 'MSFT': 2}]
result_with_budget: [{'portfolio': {'HD': 0, 'MRK': 0, 'MSFT': 4}, 'budget': 1682.6260986328125, 'difference': 8.533958435058594, 'objective_value': -269.97980799615243}]
result_with_budget_excited: [{'portfolio': {'HD': 2, 'MRK': 1, 'MSFT': 2}, 'budget': 1713.8670272827148, 'difference': -22.70697021484375, 'objective_value': -425.63980145918583}]
Initial params:  [3.0457445  2.39022862 2.5413028  0.79437951 1.843274   3.05654453
 0.09141029 2.27477132 3.12798396 0.94962796 0.49742766 0.93213133
 1.34691923 2.307632   1.41684985 0.70075904 0.63183585 1.41398516
 0.45566061 0.93236541]
(6_w,12)-aCMA-ES (mu_w=3.7,w_1=40%) in dimension 20 (seed=134921, Sun Mar 16 04:21:11 2025)
Iterat #Fevals   function value  axis ratio  sigma  min&max std  t[m:s]
    1     12 -3.535022573892640e-02 1.0e+00 1.39e+00  1e+00  1e+00 0:41.2
    2     24 -3.539278029127071e-02 1.1e+00 1.39e+00  1e+00  1e+00 1:22.3
    3     36 -4.872016518931612e-03 1.2e+00 1.36e+00  1e+00  1e+00 2:03.5
    4     48 -3.008142862872839e-02 1.2e+00 1.34e+00  1e+00  1e+00 2:44.7
    5     60 -2.421316383102243e-02 1.2e+00 1.32e+00  1e+00  1e+00 3:25.9
    6     72 -2.660912505538364e-02 1.3e+00 1.32e+00  1e+00  1e+00 4:07.0
    7     84 -6.594725778052460e-03 1.3e+00 1.27e+00  1e+00  1e+00 4:48.2
    8     96 -3.416339938352835e-02 1.3e+00 1.28e+00  1e+00  1e+00 5:29.5
    9    108 1.083156069831538e-02 1.3e+00 1.27e+00  1e+00  1e+00 6:10.8
   10    120 4.237863741590020e-03 1.3e+00 1.26e+00  1e+00  1e+00 6:52.3
   11    132 -3.089423837252534e-02 1.3e+00 1.24e+00  1e+00  1e+00 7:33.5
   12    144 -3.104689718324140e-02 1.3e+00 1.25e+00  1e+00  1e+00 8:14.6
   13    156 -1.618172406244618e-03 1.3e+00 1.27e+00  1e+00  1e+00 8:55.9
   14    168 -1.676688997931168e-02 1.4e+00 1.29e+00  1e+00  1e+00 9:37.1
   15    180 -2.704279976736998e-02 1.4e+00 1.34e+00  1e+00  1e+00 10:18.4
   16    192 -2.614341619626212e-02 1.4e+00 1.35e+00  1e+00  1e+00 10:59.6
   17    204 1.170509818457222e-03 1.4e+00 1.34e+00  1e+00  1e+00 11:40.8
   18    216 -1.071033890301181e-02 1.4e+00 1.31e+00  1e+00  1e+00 12:21.9
   19    228 -2.060954255762761e-02 1.4e+00 1.26e+00  1e+00  1e+00 13:03.2
   20    240 3.444223042431636e-03 1.5e+00 1.26e+00  1e+00  1e+00 13:44.4
   21    252 -2.885430218132980e-02 1.5e+00 1.23e+00  1e+00  1e+00 14:25.8
   22    264 -3.196063074025396e-02 1.5e+00 1.20e+00  1e+00  1e+00 15:07.0
   23    276 -1.497227857544344e-03 1.5e+00 1.16e+00  1e+00  1e+00 15:48.3
   24    288 -1.125238196227298e-02 1.5e+00 1.13e+00  1e+00  1e+00 16:29.7
   25    300 2.290750162221373e-03 1.5e+00 1.11e+00  1e+00  1e+00 17:10.9
   26    312 -2.208766823593117e-02 1.5e+00 1.12e+00  1e+00  1e+00 17:52.1
   27    324 1.040089554779176e-02 1.5e+00 1.13e+00  1e+00  1e+00 18:33.3
   28    336 -2.025242834523841e-02 1.6e+00 1.14e+00  1e+00  1e+00 19:14.7
   29    348 -1.317120039837352e-02 1.6e+00 1.14e+00  1e+00  1e+00 19:55.9
   30    360 4.203503738908609e-02 1.6e+00 1.17e+00  1e+00  1e+00 20:37.0
   31    372 1.589758441512362e-03 1.6e+00 1.21e+00  1e+00  1e+00 21:18.1
   32    384 1.020605715091944e-02 1.7e+00 1.29e+00  1e+00  1e+00 21:59.1
   33    396 1.701639317950394e-02 1.7e+00 1.37e+00  1e+00  2e+00 22:40.1
   34    408 3.005956487409936e-02 1.7e+00 1.38e+00  1e+00  2e+00 23:21.2
   35    420 1.054678158369889e-02 1.8e+00 1.40e+00  1e+00  2e+00 24:02.5
   36    432 1.078583601157642e-01 1.8e+00 1.45e+00  1e+00  2e+00 24:43.7
   37    444 4.189670504721265e-02 1.8e+00 1.47e+00  1e+00  2e+00 25:24.7
   38    456 -2.862428292334989e-02 1.8e+00 1.47e+00  1e+00  2e+00 26:05.7
   39    468 -2.439692501378738e-02 1.8e+00 1.51e+00  1e+00  2e+00 26:46.9
   40    480 2.302902568190204e-02 1.9e+00 1.49e+00  1e+00  2e+00 27:28.6
   41    492 -2.611760968664898e-02 1.9e+00 1.50e+00  1e+00  2e+00 28:09.8
   42    504 1.741981236033731e-02 1.9e+00 1.45e+00  1e+00  2e+00 28:51.0
   44    528 9.033365990758570e-02 1.9e+00 1.40e+00  1e+00  2e+00 30:13.3
   46    552 -1.650547442382568e-02 1.9e+00 1.42e+00  1e+00  2e+00 31:35.8
   48    576 -2.017977699469506e-02 1.9e+00 1.34e+00  1e+00  1e+00 32:58.3
   50    600 -1.328084712384941e-02 1.9e+00 1.33e+00  1e+00  1e+00 34:20.6
   52    624 1.871970700881910e-03 2.0e+00 1.32e+00  1e+00  1e+00 35:42.8
   54    648 -1.868100470927558e-02 2.0e+00 1.25e+00  1e+00  1e+00 37:04.8
   56    672 -9.914117235435151e-03 2.0e+00 1.21e+00  1e+00  1e+00 38:26.9
   58    696 -2.399953432206978e-02 2.0e+00 1.20e+00  1e+00  1e+00 39:49.1
   60    720 1.528430672868024e-03 2.0e+00 1.18e+00  1e+00  1e+00 41:11.3
   62    744 -4.855007429193717e-03 2.1e+00 1.07e+00  1e+00  1e+00 42:33.6
   64    768 -1.722821043935428e-02 2.1e+00 9.55e-01  9e-01  1e+00 43:55.8
   66    792 -3.324428501635420e-02 2.1e+00 8.74e-01  8e-01  9e-01 45:18.1
   68    816 -2.546281765482141e-02 2.1e+00 8.65e-01  8e-01  9e-01 46:40.3
   70    840 -2.472137545313786e-02 2.1e+00 8.79e-01  8e-01  1e+00 48:02.5
   72    864 -3.398266748796726e-02 2.1e+00 8.82e-01  8e-01  1e+00 49:24.4
   74    888 -1.979853316248357e-02 2.2e+00 8.93e-01  8e-01  1e+00 50:46.3
   76    912 -3.101739718919325e-02 2.2e+00 8.64e-01  8e-01  9e-01 52:08.6
   78    936 -2.332712045553825e-02 2.2e+00 8.52e-01  8e-01  9e-01 53:30.6
   80    960 -1.254764990809391e-02 2.2e+00 9.13e-01  8e-01  1e+00 54:52.8
   82    984 -1.859758360190216e-03 2.2e+00 9.25e-01  8e-01  1e+00 56:15.0
   84   1008 -2.856967430979908e-02 2.2e+00 9.33e-01  8e-01  1e+00 57:37.1
   86   1032 -1.184380019236958e-02 2.3e+00 9.84e-01  9e-01  1e+00 58:59.0
   88   1056 -2.462293491714932e-02 2.3e+00 9.29e-01  8e-01  1e+00 60:21.1
   90   1080 -2.514154462548986e-02 2.3e+00 9.33e-01  8e-01  1e+00 61:43.2
   92   1104 -3.210903511214615e-02 2.3e+00 9.62e-01  8e-01  1e+00 63:05.1
   94   1128 -2.716350309825179e-02 2.4e+00 9.39e-01  8e-01  1e+00 64:27.1
   96   1152 -3.206350989429690e-02 2.4e+00 1.01e+00  9e-01  1e+00 65:49.1
   98   1176 -7.136570371026183e-03 2.5e+00 1.03e+00  9e-01  1e+00 67:11.0
  100   1200 -2.897240707964440e-03 2.5e+00 1.08e+00  9e-01  1e+00 68:33.2
  102   1224 -3.088951810540382e-02 2.5e+00 1.12e+00  1e+00  1e+00 69:55.4
  104   1248 -3.177065470090544e-02 2.6e+00 1.14e+00  1e+00  1e+00 71:17.4
  106   1272 -3.822490194208085e-02 2.6e+00 1.11e+00  1e+00  1e+00 72:39.6
  108   1296 -2.443365478156875e-02 2.6e+00 1.04e+00  9e-01  1e+00 74:01.7
  110   1320 -2.948581407109544e-02 2.6e+00 1.02e+00  9e-01  1e+00 75:23.9
  112   1344 4.755437553341300e-02 2.7e+00 1.02e+00  9e-01  1e+00 76:46.0
  114   1368 -1.565795079034828e-02 2.7e+00 1.13e+00  9e-01  1e+00 78:08.4
  116   1392 -3.392144632674406e-02 2.7e+00 1.08e+00  9e-01  1e+00 79:30.7
  118   1416 4.072744242925064e-02 2.8e+00 1.01e+00  8e-01  1e+00 80:52.8
  120   1440 -3.334116525266403e-02 2.8e+00 1.04e+00  8e-01  1e+00 82:15.1
  122   1464 -1.732662855043846e-02 2.8e+00 9.96e-01  8e-01  1e+00 83:37.2
  125   1500 -1.946723079712712e-02 2.9e+00 8.74e-01  7e-01  9e-01 85:40.2
  128   1536 -2.660218148814318e-02 2.9e+00 7.42e-01  6e-01  8e-01 87:43.5
  131   1572 -2.025859887122674e-02 3.0e+00 7.49e-01  6e-01  8e-01 89:46.8
  134   1608 -2.981488206150968e-02 3.0e+00 7.86e-01  6e-01  8e-01 91:49.7
  137   1644 -2.558203821244215e-02 3.1e+00 7.48e-01  5e-01  8e-01 93:53.0
  140   1680 -1.885258591703485e-02 3.3e+00 7.75e-01  6e-01  9e-01 95:56.3
  143   1716 -3.282925379258754e-02 3.4e+00 8.53e-01  6e-01  1e+00 97:59.9
  146   1752 -4.809521092059712e-03 3.5e+00 8.61e-01  6e-01  1e+00 100:03.5
  149   1788 -3.118901748405612e-02 3.6e+00 7.90e-01  5e-01  9e-01 102:06.7
  152   1824 -1.845388736339365e-02 3.6e+00 7.60e-01  5e-01  9e-01 104:10.1
  155   1860 -2.997359196341980e-02 3.7e+00 7.57e-01  5e-01  9e-01 106:13.3
  158   1896 -3.025197458982264e-02 3.7e+00 7.07e-01  5e-01  8e-01 108:16.9
  161   1932 -1.350590866662917e-02 3.8e+00 7.01e-01  5e-01  8e-01 110:20.5
  164   1968 -2.600139588808068e-02 3.8e+00 6.29e-01  4e-01  7e-01 112:24.0
  167   2004 -3.509161460370471e-02 3.9e+00 5.42e-01  3e-01  6e-01 114:27.7
  170   2040 -2.472539122505056e-02 4.0e+00 4.66e-01  3e-01  5e-01 116:31.0
  173   2076 -3.210950824341313e-02 4.0e+00 4.19e-01  3e-01  5e-01 118:34.2
  176   2112 -2.994255046204182e-02 4.0e+00 4.54e-01  3e-01  5e-01 120:37.6
  179   2148 -2.767986967613591e-02 4.1e+00 5.00e-01  3e-01  6e-01 122:41.2
  182   2184 -2.140203246802314e-02 4.2e+00 5.80e-01  4e-01  7e-01 124:44.9
  185   2220 -3.745760678952860e-02 4.3e+00 5.16e-01  3e-01  6e-01 126:48.2
  188   2256 -1.887904638493601e-02 4.3e+00 4.49e-01  3e-01  5e-01 128:51.4
  191   2292 -2.325883788106108e-02 4.3e+00 4.43e-01  3e-01  5e-01 130:54.7
  194   2328 -3.683712866167129e-02 4.3e+00 4.84e-01  3e-01  5e-01 132:57.8
  197   2364 -2.927404975123642e-02 4.3e+00 5.45e-01  3e-01  6e-01 135:01.3
  200   2400 -2.751855739269569e-02 4.3e+00 5.67e-01  3e-01  7e-01 137:04.3
  203   2436 -2.748299709315081e-02 4.4e+00 5.89e-01  3e-01  7e-01 139:07.6
  206   2472 -2.842552398831738e-02 4.4e+00 5.46e-01  3e-01  6e-01 141:10.8
  209   2508 -2.326765540811534e-02 4.5e+00 5.72e-01  3e-01  7e-01 143:13.9
  212   2544 -2.226671829337203e-02 4.5e+00 6.30e-01  4e-01  7e-01 145:17.1
  215   2580 -3.390411788847251e-02 4.6e+00 6.99e-01  4e-01  8e-01 147:20.4
  218   2616 -2.064829821073797e-02 4.8e+00 7.29e-01  4e-01  8e-01 149:24.2
  221   2652 -2.689610222066988e-02 4.7e+00 7.17e-01  4e-01  8e-01 151:27.6
  224   2688 -2.975049528117198e-02 4.7e+00 6.52e-01  4e-01  7e-01 153:30.8
  227   2724 -3.672158769614744e-02 4.7e+00 5.99e-01  3e-01  7e-01 155:34.1
  230   2760 -3.201246663564771e-02 4.7e+00 5.54e-01  3e-01  6e-01 157:37.4
  233   2796 -2.629802662840193e-02 4.7e+00 5.25e-01  3e-01  6e-01 159:40.3
  236   2832 -2.765780961557075e-02 4.7e+00 5.11e-01  3e-01  6e-01 161:43.5
  239   2868 -2.694667276731413e-02 4.9e+00 5.83e-01  3e-01  7e-01 163:46.7
  242   2904 -3.069524822988099e-02 5.1e+00 5.86e-01  3e-01  7e-01 165:50.0
  245   2940 -2.983008475539755e-02 5.0e+00 5.77e-01  3e-01  7e-01 167:53.1
  248   2976 -3.659860879758130e-02 5.0e+00 5.49e-01  3e-01  7e-01 169:56.2
  252   3024 -3.215979843914012e-02 5.1e+00 5.55e-01  3e-01  6e-01 172:40.6
  256   3072 -8.518138891882783e-03 5.2e+00 5.45e-01  3e-01  6e-01 175:24.9
  260   3120 -3.550360269485797e-02 5.3e+00 5.23e-01  3e-01  6e-01 178:09.4
  264   3168 -3.548076581431852e-02 5.3e+00 5.01e-01  3e-01  6e-01 180:55.0
  268   3216 -3.500426855267435e-02 5.4e+00 4.57e-01  2e-01  5e-01 183:39.6
  272   3264 -2.365428065837646e-02 5.6e+00 4.56e-01  2e-01  5e-01 186:24.3
  276   3312 -4.121531350435973e-02 5.6e+00 4.19e-01  2e-01  5e-01 189:08.9
  280   3360 -3.960972985295617e-02 5.7e+00 4.07e-01  2e-01  5e-01 191:53.3
  284   3408 -3.248741507814097e-02 5.8e+00 3.90e-01  2e-01  4e-01 194:37.7
  288   3456 -4.151735991702451e-02 5.8e+00 3.72e-01  2e-01  4e-01 197:22.0
  292   3504 -3.940079957328716e-02 5.8e+00 3.74e-01  2e-01  4e-01 200:06.1
  296   3552 -3.396460383894780e-02 5.9e+00 3.93e-01  2e-01  5e-01 202:50.5
  300   3600 -2.778442971447393e-02 6.1e+00 4.01e-01  2e-01  5e-01 205:36.9
  304   3648 -3.526795051495565e-02 6.6e+00 4.17e-01  2e-01  5e-01 208:23.6
  308   3696 -3.622250932200159e-02 6.9e+00 4.16e-01  2e-01  5e-01 211:08.6
  312   3744 -3.813692348014544e-02 6.9e+00 4.05e-01  2e-01  5e-01 213:52.8
  316   3792 -3.673187913028945e-02 7.2e+00 3.68e-01  2e-01  5e-01 216:38.2
  320   3840 -4.122576791800510e-02 7.2e+00 3.16e-01  1e-01  4e-01 219:22.7
  324   3888 -3.712446749251685e-02 7.2e+00 2.77e-01  1e-01  3e-01 222:07.6
  328   3936 -3.603348679866449e-02 7.2e+00 2.40e-01  1e-01  3e-01 224:52.5
  332   3984 -3.955040411303137e-02 7.0e+00 2.41e-01  1e-01  3e-01 227:36.9
  336   4032 -4.069139685164978e-02 7.0e+00 2.10e-01  9e-02  3e-01 230:21.6
  340   4080 -3.899154619902066e-02 6.9e+00 1.96e-01  8e-02  2e-01 233:06.0
  344   4128 -4.072961271792692e-02 7.0e+00 1.71e-01  7e-02  2e-01 235:50.3
  348   4176 -3.984304685415312e-02 7.2e+00 1.51e-01  6e-02  2e-01 238:34.9
  352   4224 -4.078630486786838e-02 7.3e+00 1.44e-01  6e-02  2e-01 241:19.4
  356   4272 -4.052065165336170e-02 7.5e+00 1.42e-01  6e-02  2e-01 244:04.1
  360   4320 -4.139847095311659e-02 7.9e+00 1.34e-01  5e-02  2e-01 246:48.4
  364   4368 -4.158580901545612e-02 8.1e+00 1.30e-01  5e-02  2e-01 249:32.8
  368   4416 -4.100047909937942e-02 8.1e+00 1.17e-01  4e-02  1e-01 252:17.5
  372   4464 -4.151539739615347e-02 8.4e+00 1.20e-01  4e-02  1e-01 255:02.1
  376   4512 -4.179287400568685e-02 8.7e+00 9.69e-02  3e-02  1e-01 257:46.5
  380   4560 -4.207265249717483e-02 9.0e+00 8.22e-02  3e-02  1e-01 260:31.2
  384   4608 -4.218412608957281e-02 9.1e+00 8.88e-02  3e-02  1e-01 263:15.4
  388   4656 -4.221194711986884e-02 9.2e+00 8.23e-02  3e-02  1e-01 265:59.9
  392   4704 -4.235347852951040e-02 9.3e+00 8.03e-02  3e-02  1e-01 268:44.4
  396   4752 -4.241067630447271e-02 9.8e+00 6.72e-02  2e-02  8e-02 271:28.9
  400   4800 -4.265388412061857e-02 1.0e+01 5.84e-02  2e-02  7e-02 274:13.2
  404   4848 -4.271466933482220e-02 1.0e+01 5.19e-02  2e-02  6e-02 276:57.8
  408   4896 -4.280225340410590e-02 1.1e+01 5.48e-02  2e-02  6e-02 279:42.1
  412   4944 -4.280221759104161e-02 1.1e+01 5.20e-02  1e-02  6e-02 282:26.5
  417   5004 -4.313238287674390e-02 1.2e+01 5.49e-02  2e-02  7e-02 285:51.8
  422   5064 -4.320484580250161e-02 1.2e+01 5.49e-02  2e-02  7e-02 289:17.3
  427   5124 -4.337725420622380e-02 1.3e+01 5.26e-02  1e-02  7e-02 292:42.7
  432   5184 -4.363046906121636e-02 1.3e+01 5.21e-02  1e-02  7e-02 296:08.1
  437   5244 -4.369306151048633e-02 1.5e+01 5.39e-02  1e-02  8e-02 299:33.4
  442   5304 -4.398470745233496e-02 1.6e+01 5.97e-02  2e-02  9e-02 302:59.0
  447   5364 -4.404322430034718e-02 1.8e+01 5.91e-02  2e-02  9e-02 306:24.7
  452   5424 -4.415262628190664e-02 1.9e+01 6.17e-02  2e-02  9e-02 309:50.2
  457   5484 -4.430349537482865e-02 1.9e+01 5.73e-02  2e-02  9e-02 313:15.5
  462   5544 -4.432761720699866e-02 2.1e+01 5.75e-02  2e-02  9e-02 316:41.0
  467   5604 -4.455641109596798e-02 2.2e+01 6.41e-02  2e-02  1e-01 320:06.5
  472   5664 -4.470442987984797e-02 2.3e+01 6.88e-02  2e-02  1e-01 323:34.4
  477   5724 -4.472418128873985e-02 2.4e+01 6.06e-02  2e-02  9e-02 326:59.7
  482   5784 -4.465344394644372e-02 2.6e+01 5.20e-02  1e-02  8e-02 330:25.4
  487   5844 -4.481652399427844e-02 2.6e+01 4.44e-02  1e-02  6e-02 333:53.4
  492   5904 -4.490390940384737e-02 2.7e+01 4.47e-02  1e-02  6e-02 337:18.7
  497   5964 -4.493530071993675e-02 2.7e+01 3.65e-02  9e-03  5e-02 340:46.6
  500   6000 -4.506621038056971e-02 2.7e+01 3.23e-02  8e-03  4e-02 342:49.9
  505   6060 -4.522059142338409e-02 2.7e+01 3.97e-02  1e-02  5e-02 346:15.9
  510   6120 -4.527864523811753e-02 2.8e+01 4.15e-02  1e-02  6e-02 349:41.5
  515   6180 -4.554915355309503e-02 2.9e+01 4.61e-02  1e-02  6e-02 353:07.0
  520   6240 -4.571419056271361e-02 3.2e+01 6.39e-02  2e-02  9e-02 356:32.4
  525   6300 -4.577541731095125e-02 3.5e+01 6.23e-02  2e-02  9e-02 359:59.3
  530   6360 -4.597560885665938e-02 3.6e+01 5.85e-02  2e-02  9e-02 363:24.9
  535   6420 -4.605948345245373e-02 3.6e+01 5.47e-02  1e-02  8e-02 366:50.1
  540   6480 -4.625555419090212e-02 3.6e+01 5.46e-02  1e-02  8e-02 370:15.9
  545   6540 -4.643789637969868e-02 3.6e+01 5.43e-02  1e-02  8e-02 373:41.6
  550   6600 -4.657647736811979e-02 3.7e+01 4.93e-02  1e-02  7e-02 377:06.9
  555   6660 -4.672033860645750e-02 3.8e+01 4.76e-02  1e-02  7e-02 380:32.1
  560   6720 -4.684526403176226e-02 3.9e+01 4.77e-02  1e-02  7e-02 383:57.2
  565   6780 -4.705729380042039e-02 4.3e+01 5.99e-02  2e-02  9e-02 387:22.2
  570   6840 -4.711472558307345e-02 4.4e+01 5.48e-02  1e-02  8e-02 390:47.4
  575   6900 -4.725215081709620e-02 4.6e+01 5.68e-02  1e-02  9e-02 394:12.4
  580   6960 -4.723875651554522e-02 4.6e+01 5.46e-02  1e-02  9e-02 397:38.3
  585   7020 -4.735868562934124e-02 4.7e+01 4.84e-02  1e-02  7e-02 401:03.7
  590   7080 -4.742687556643067e-02 4.7e+01 4.26e-02  1e-02  6e-02 404:29.1
  595   7140 -4.744636794408495e-02 4.8e+01 3.18e-02  8e-03  5e-02 407:54.3
  600   7200 -4.749289809579638e-02 4.8e+01 2.97e-02  7e-03  5e-02 411:19.6
  605   7260 -4.749915851072435e-02 4.8e+01 3.36e-02  8e-03  5e-02 414:45.2
