Running job array 5 on milan5.int.triton.aalto.fi
Starting at Thu Mar 13 20:39:56 EET 2025
Activating virtual environment at /scratch/work/uotilav2/quantum-portfolio/venv
Processing batch 6/20: experiments 115 to 136 (total 22)
Skipping experiment 115 (already processed)
Skipping experiment 116 (already processed)
Skipping experiment 117 (already processed)
Skipping experiment 118 (already processed)
Processing experiment 119
Budget: 754.7287635803223
YF.download() has changed argument auto_adjust default to True
Number of qubits for asset JPM: 2
Number of qubits for asset NKE: 4
Number of qubits for asset VZ: 5
Total number of qubits:  11
Optimized Weights (considering variance, skewness and kurtosis):
JPM: 89.45%
NKE: 10.55%
VZ: 0.00%
Left over budget:  -1.1420604550949065e-07
Optimized Discrete Allocation:
JPM: 3
VZ: 1
Maximized utility from continuous higher moments:  -1.333324853541714
Budget constraint satisfied 754.7287635803223 754.7287635803223 Difference:  0.0
Budget constraint satisfied 752.0127372741699 754.7287635803223 Difference:  2.7160263061523438
smallest_eigenvalues: [-0.11960112621942491]
smallest_bitstrings: ['11000010000']
first_excited_energy: -0.11959673489826562
optimized_portfolio: [{'JPM': 3, 'NKE': 0, 'VZ': 1}]
second_optimized_portfolio: [{'JPM': 2, 'NKE': 0, 'VZ': 7}]
result_with_budget: [{'portfolio': {'JPM': 3, 'NKE': 0, 'VZ': 1}, 'budget': 754.7287635803223, 'difference': 0.0, 'objective_value': -1.333324853541714}]
result_with_budget_excited: [{'portfolio': {'JPM': 2, 'NKE': 0, 'VZ': 7}, 'budget': 752.0127372741699, 'difference': 2.7160263061523438, 'objective_value': -53.04830601341013}]
Initial params:  [2.45210473 0.37157007 2.01037118 0.45035763 2.96776493 1.63943485
 1.3026989  0.83112597 2.43232687 1.43303853 1.78578792 0.0590299
 1.94035914 1.92295543 1.93815531 2.96487203 2.14200164 1.12942738
 1.37297638 2.19167304 0.1892039  2.09470941]
(6_w,13)-aCMA-ES (mu_w=4.0,w_1=38%) in dimension 22 (seed=974412, Thu Mar 13 20:40:20 2025)
Iterat #Fevals   function value  axis ratio  sigma  min&max std  t[m:s]
    1     13 -7.778246321254809e-02 1.0e+00 9.17e-02  9e-02  9e-02 0:37.3
    2     26 -7.947827163227097e-02 1.1e+00 8.93e-02  9e-02  9e-02 1:15.3
    3     39 -8.206903017575644e-02 1.1e+00 8.88e-02  9e-02  9e-02 1:53.2
    4     52 -8.237900854482570e-02 1.2e+00 8.75e-02  8e-02  9e-02 2:30.6
    5     65 -7.898964707497078e-02 1.2e+00 8.51e-02  8e-02  9e-02 3:08.7
    6     78 -8.596855329468174e-02 1.2e+00 8.43e-02  8e-02  9e-02 3:46.9
    7     91 -8.551226316851317e-02 1.2e+00 8.24e-02  8e-02  8e-02 4:25.4
    8    104 -8.580288640259034e-02 1.2e+00 7.92e-02  8e-02  8e-02 5:04.7
    9    117 -8.627211560511608e-02 1.3e+00 7.73e-02  7e-02  8e-02 5:43.2
   10    130 -8.556089105480380e-02 1.3e+00 7.63e-02  7e-02  8e-02 6:20.3
   11    143 -8.973278750249095e-02 1.3e+00 7.67e-02  7e-02  8e-02 6:57.7
   12    156 -8.853884994403477e-02 1.4e+00 7.55e-02  7e-02  8e-02 7:34.9
   13    169 -8.713158402677511e-02 1.4e+00 7.81e-02  7e-02  8e-02 8:12.2
   14    182 -8.798305239875337e-02 1.4e+00 8.12e-02  8e-02  9e-02 8:49.6
   15    195 -8.973305417436593e-02 1.5e+00 8.48e-02  8e-02  9e-02 9:26.7
   16    208 -9.162858987849606e-02 1.5e+00 8.71e-02  8e-02  9e-02 10:03.9
   17    221 -9.220103418803316e-02 1.6e+00 8.79e-02  8e-02  9e-02 10:41.3
   18    234 -9.230706927357071e-02 1.6e+00 8.91e-02  8e-02  1e-01 11:19.2
   19    247 -9.421117664331587e-02 1.7e+00 9.20e-02  9e-02  1e-01 11:57.6
   20    260 -9.421620196251926e-02 1.7e+00 9.12e-02  8e-02  1e-01 12:36.7
   21    273 -9.116060331208686e-02 1.7e+00 8.93e-02  8e-02  1e-01 13:14.6
   22    286 -9.477943688371748e-02 1.8e+00 8.62e-02  8e-02  9e-02 13:53.0
   23    299 -9.329521658532962e-02 1.8e+00 8.62e-02  8e-02  9e-02 14:31.3
   24    312 -9.436021401876912e-02 1.8e+00 8.83e-02  8e-02  1e-01 15:08.9
   25    325 -9.274789240359244e-02 1.8e+00 8.85e-02  8e-02  1e-01 15:45.9
   26    338 -9.547108729359144e-02 1.9e+00 8.88e-02  8e-02  1e-01 16:23.3
   27    351 -9.157649041605292e-02 1.9e+00 9.33e-02  9e-02  1e-01 17:00.9
   28    364 -9.325701809473581e-02 1.9e+00 9.48e-02  9e-02  1e-01 17:37.8
   29    377 -9.384786688060706e-02 1.9e+00 1.00e-01  9e-02  1e-01 18:14.5
   30    390 -9.211148365335571e-02 2.0e+00 1.03e-01  9e-02  1e-01 18:51.3
   31    403 -9.145377644199941e-02 2.0e+00 1.06e-01  1e-01  1e-01 19:29.4
   32    416 -9.402780039942787e-02 2.1e+00 1.07e-01  1e-01  1e-01 20:07.7
   33    429 -8.978878635443836e-02 2.1e+00 1.10e-01  1e-01  1e-01 20:45.6
   34    442 -9.292451800865806e-02 2.2e+00 1.07e-01  1e-01  1e-01 21:23.2
   35    455 -9.215867881854016e-02 2.2e+00 1.05e-01  9e-02  1e-01 22:00.3
   36    468 -8.920957757457831e-02 2.2e+00 1.02e-01  9e-02  1e-01 22:37.4
   37    481 -9.288094072303502e-02 2.2e+00 1.04e-01  9e-02  1e-01 23:14.5
   38    494 -9.274534145664881e-02 2.3e+00 1.07e-01  9e-02  1e-01 23:52.1
   40    520 -9.547470877969706e-02 2.4e+00 1.06e-01  9e-02  1e-01 25:08.6
   41    533 -9.349854956719274e-02 2.4e+00 1.03e-01  9e-02  1e-01 25:47.7
   43    559 -9.459171197526990e-02 2.4e+00 9.65e-02  8e-02  1e-01 27:02.3
   45    585 -9.581751622106767e-02 2.6e+00 9.51e-02  8e-02  1e-01 28:18.5
   47    611 -9.439055010785904e-02 2.7e+00 9.21e-02  8e-02  1e-01 29:33.6
   49    637 -9.575987257894832e-02 2.8e+00 8.77e-02  8e-02  1e-01 30:48.7
   51    663 -9.528958775646923e-02 2.8e+00 8.27e-02  7e-02  1e-01 32:03.2
   53    689 -9.453771213631530e-02 2.8e+00 8.03e-02  7e-02  9e-02 33:18.6
   55    715 -9.598050696183463e-02 2.9e+00 8.01e-02  7e-02  9e-02 34:36.1
   57    741 -9.605191282955709e-02 2.9e+00 8.23e-02  7e-02  1e-01 35:51.1
   59    767 -9.605944786894223e-02 3.0e+00 7.99e-02  7e-02  9e-02 37:07.5
   61    793 -9.711967337498822e-02 3.0e+00 7.82e-02  7e-02  9e-02 38:23.1
   63    819 -9.721466071467842e-02 3.1e+00 7.20e-02  6e-02  8e-02 39:38.4
   65    845 -9.766647520668316e-02 3.1e+00 6.98e-02  6e-02  8e-02 40:55.2
   67    871 -9.787001775632126e-02 3.1e+00 7.17e-02  6e-02  8e-02 42:10.6
   69    897 -9.752792079524547e-02 3.2e+00 7.27e-02  6e-02  8e-02 43:27.0
   71    923 -9.815447065112845e-02 3.3e+00 7.19e-02  6e-02  8e-02 44:41.7
   73    949 -9.810560230000974e-02 3.4e+00 6.82e-02  6e-02  8e-02 45:57.6
   75    975 -9.829201747749615e-02 3.4e+00 6.62e-02  6e-02  8e-02 47:12.1
   77   1001 -9.739084659747493e-02 3.6e+00 6.64e-02  6e-02  8e-02 48:27.9
   79   1027 -9.899382947051885e-02 3.6e+00 6.17e-02  5e-02  8e-02 49:43.3
   81   1053 -9.867111252861760e-02 3.7e+00 5.53e-02  5e-02  7e-02 50:58.2
   83   1079 -9.878064673507202e-02 3.9e+00 5.40e-02  4e-02  7e-02 52:14.2
   85   1105 -9.866823184872177e-02 4.1e+00 5.36e-02  4e-02  7e-02 53:29.6
   87   1131 -9.905090423555150e-02 4.2e+00 5.39e-02  4e-02  7e-02 54:44.0
   89   1157 -9.937453625518684e-02 4.5e+00 5.58e-02  4e-02  8e-02 56:00.7
   91   1183 -9.959778526534586e-02 4.9e+00 5.61e-02  4e-02  8e-02 57:15.8
   93   1209 -9.939672137524640e-02 5.2e+00 5.68e-02  5e-02  8e-02 58:30.0
   95   1235 -9.946220105293670e-02 5.4e+00 5.66e-02  4e-02  8e-02 59:46.6
   97   1261 -9.963223259364692e-02 5.7e+00 5.56e-02  4e-02  8e-02 61:02.8
   99   1287 -9.932713206277059e-02 6.0e+00 5.52e-02  4e-02  8e-02 62:18.3
  100   1300 -9.918257495916297e-02 6.1e+00 5.71e-02  4e-02  8e-02 62:55.2
  102   1326 -9.884699036933600e-02 6.3e+00 5.97e-02  5e-02  9e-02 64:08.2
  104   1352 -9.963696641161660e-02 6.5e+00 5.89e-02  5e-02  8e-02 65:23.7
  106   1378 -1.003981496649408e-01 6.7e+00 5.73e-02  5e-02  8e-02 66:40.1
  108   1404 -1.001373848586595e-01 7.0e+00 5.21e-02  4e-02  7e-02 67:54.7
  110   1430 -1.006035646632858e-01 7.1e+00 5.15e-02  4e-02  7e-02 69:10.1
  112   1456 -1.006917165840531e-01 7.2e+00 5.38e-02  4e-02  8e-02 70:26.6
  114   1482 -1.014175635271838e-01 7.3e+00 5.84e-02  5e-02  8e-02 71:45.1
  117   1521 -1.010868218153298e-01 7.7e+00 6.73e-02  5e-02  1e-01 73:32.0
  120   1560 -1.009280621225494e-01 7.8e+00 6.61e-02  5e-02  9e-02 75:18.8
  123   1599 -1.013825901425681e-01 8.1e+00 6.46e-02  5e-02  9e-02 77:05.5
  126   1638 -1.022274470592751e-01 8.3e+00 6.36e-02  5e-02  9e-02 78:50.8
  129   1677 -1.019192960898121e-01 9.1e+00 6.83e-02  5e-02  1e-01 80:37.5
  132   1716 -1.022521085811785e-01 9.5e+00 7.09e-02  5e-02  1e-01 82:22.9
  135   1755 -1.027763095146973e-01 9.8e+00 7.66e-02  6e-02  1e-01 84:09.2
  138   1794 -1.020766804434504e-01 1.0e+01 7.49e-02  6e-02  1e-01 85:54.9
  141   1833 -1.031870797827791e-01 1.0e+01 6.69e-02  5e-02  1e-01 87:40.8
  144   1872 -1.029564810808912e-01 1.0e+01 6.27e-02  5e-02  9e-02 89:26.9
  147   1911 -1.035958268124591e-01 1.1e+01 6.08e-02  5e-02  9e-02 91:12.3
  150   1950 -1.035196771050946e-01 1.1e+01 5.80e-02  4e-02  9e-02 92:58.3
  153   1989 -1.038001417779341e-01 1.1e+01 5.36e-02  4e-02  8e-02 94:43.5
  156   2028 -1.040208362382751e-01 1.1e+01 5.90e-02  4e-02  9e-02 96:29.5
  159   2067 -1.043144550281270e-01 1.1e+01 5.90e-02  4e-02  9e-02 98:14.1
  162   2106 -1.040728189090551e-01 1.2e+01 5.61e-02  4e-02  9e-02 100:00.3
  165   2145 -1.047879860454113e-01 1.2e+01 5.55e-02  4e-02  9e-02 101:45.6
  168   2184 -1.042418459676686e-01 1.3e+01 5.21e-02  4e-02  8e-02 103:31.3
  171   2223 -1.045934544592380e-01 1.3e+01 4.49e-02  3e-02  7e-02 105:17.0
  174   2262 -1.046413909828153e-01 1.3e+01 4.49e-02  3e-02  7e-02 107:02.2
  177   2301 -1.046164090911169e-01 1.3e+01 4.44e-02  3e-02  7e-02 108:48.2
  180   2340 -1.046815760722682e-01 1.4e+01 4.11e-02  3e-02  7e-02 110:33.6
  183   2379 -1.045939864528351e-01 1.5e+01 3.56e-02  2e-02  6e-02 112:20.1
  186   2418 -1.049221950396624e-01 1.4e+01 3.10e-02  2e-02  5e-02 114:05.4
  189   2457 -1.048729387022417e-01 1.5e+01 2.86e-02  2e-02  5e-02 115:51.6
  192   2496 -1.049559733086326e-01 1.5e+01 2.67e-02  2e-02  4e-02 117:38.1
  195   2535 -1.049740575293843e-01 1.6e+01 2.73e-02  2e-02  4e-02 119:23.8
  198   2574 -1.050216745058260e-01 1.6e+01 2.87e-02  2e-02  5e-02 121:12.0
  200   2600 -1.050217456051589e-01 1.6e+01 2.69e-02  2e-02  4e-02 122:23.1
  203   2639 -1.051000669036216e-01 1.6e+01 2.66e-02  2e-02  4e-02 124:10.9
  206   2678 -1.051343033467985e-01 1.7e+01 2.74e-02  2e-02  4e-02 125:58.4
  209   2717 -1.051092900994760e-01 1.7e+01 2.91e-02  2e-02  5e-02 127:47.2
  212   2756 -1.052611025047481e-01 1.7e+01 3.26e-02  2e-02  5e-02 129:38.3
  216   2808 -1.051794034962263e-01 1.7e+01 3.58e-02  2e-02  6e-02 132:21.5
  220   2860 -1.051954923460022e-01 1.7e+01 3.49e-02  2e-02  5e-02 134:49.1
  224   2912 -1.052156385319851e-01 1.8e+01 3.44e-02  2e-02  5e-02 137:12.5
  228   2964 -1.051936263082401e-01 1.8e+01 3.07e-02  2e-02  5e-02 139:33.6
  232   3016 -1.053121079342780e-01 1.8e+01 2.65e-02  1e-02  4e-02 141:56.1
  236   3068 -1.053277320170863e-01 1.9e+01 2.35e-02  1e-02  4e-02 144:25.1
  240   3120 -1.053932303963755e-01 1.9e+01 2.12e-02  1e-02  3e-02 146:54.8
  244   3172 -1.054000674489369e-01 2.0e+01 1.79e-02  9e-03  3e-02 149:23.3
  248   3224 -1.054647383739567e-01 2.1e+01 1.68e-02  9e-03  3e-02 151:49.4
  252   3276 -1.054796307071315e-01 2.1e+01 1.67e-02  9e-03  3e-02 154:12.5
  256   3328 -1.054884839642465e-01 2.2e+01 1.76e-02  9e-03  3e-02 156:34.6
  260   3380 -1.055529221471131e-01 2.4e+01 1.86e-02  1e-02  3e-02 158:57.9
  264   3432 -1.055998868197080e-01 2.5e+01 2.08e-02  1e-02  3e-02 161:26.1
  268   3484 -1.056334022948401e-01 2.6e+01 2.25e-02  1e-02  4e-02 163:57.4
  272   3536 -1.056615095013164e-01 2.8e+01 2.23e-02  1e-02  4e-02 166:27.1
  276   3588 -1.058151937837136e-01 3.1e+01 2.40e-02  1e-02  4e-02 168:57.4
  280   3640 -1.059794631250208e-01 3.5e+01 3.13e-02  2e-02  6e-02 171:25.1
  284   3692 -1.061095845360706e-01 3.9e+01 3.84e-02  2e-02  8e-02 173:54.8
  288   3744 -1.063843846384816e-01 4.3e+01 4.40e-02  2e-02  9e-02 176:25.5
  292   3796 -1.064944759753729e-01 4.4e+01 4.36e-02  2e-02  9e-02 178:54.0
  296   3848 -1.066060926339568e-01 4.4e+01 4.44e-02  2e-02  9e-02 181:15.9
  300   3900 -1.067222093021824e-01 4.4e+01 4.34e-02  2e-02  9e-02 183:38.6
  304   3952 -1.068494231398411e-01 4.4e+01 4.19e-02  2e-02  9e-02 186:01.5
  308   4004 -1.069738345286636e-01 4.4e+01 4.14e-02  2e-02  9e-02 188:26.2
  312   4056 -1.070435348776406e-01 4.4e+01 3.96e-02  2e-02  8e-02 190:52.2
  316   4108 -1.069921546480900e-01 4.3e+01 3.82e-02  2e-02  8e-02 193:17.2
  320   4160 -1.070366129112892e-01 4.2e+01 3.38e-02  1e-02  7e-02 195:44.5
  324   4212 -1.071720177638010e-01 4.1e+01 3.28e-02  1e-02  7e-02 198:10.5
  328   4264 -1.071939070472778e-01 4.1e+01 2.78e-02  1e-02  6e-02 200:39.0
  332   4316 -1.072790162164364e-01 4.0e+01 2.46e-02  1e-02  5e-02 203:05.8
  336   4368 -1.073435452953654e-01 4.0e+01 2.58e-02  1e-02  5e-02 205:31.8
  340   4420 -1.073666743419910e-01 4.0e+01 2.65e-02  1e-02  5e-02 207:56.1
  344   4472 -1.074418898588167e-01 4.1e+01 2.97e-02  1e-02  6e-02 210:21.8
  348   4524 -1.074686537638370e-01 4.0e+01 3.01e-02  1e-02  6e-02 212:48.4
  352   4576 -1.075740517082629e-01 4.1e+01 2.78e-02  1e-02  5e-02 215:13.3
  357   4641 -1.075967298728440e-01 4.2e+01 2.96e-02  1e-02  6e-02 218:13.7
  362   4706 -1.077299265536265e-01 4.2e+01 3.56e-02  1e-02  7e-02 221:15.5
  367   4771 -1.078009727713680e-01 4.3e+01 4.02e-02  2e-02  8e-02 224:15.0
  372   4836 -1.078304996928099e-01 4.3e+01 3.92e-02  1e-02  7e-02 227:16.1
  377   4901 -1.079280687861078e-01 4.4e+01 3.70e-02  1e-02  7e-02 230:18.7
  382   4966 -1.079666475447974e-01 4.4e+01 3.71e-02  1e-02  7e-02 233:21.0
  387   5031 -1.080552683643634e-01 4.7e+01 3.41e-02  1e-02  6e-02 236:24.7
  392   5096 -1.080756046096686e-01 4.9e+01 3.06e-02  1e-02  6e-02 239:23.7
  397   5161 -1.081151672337650e-01 5.4e+01 2.91e-02  1e-02  6e-02 242:26.5
  400   5200 -1.081507437951287e-01 5.3e+01 2.78e-02  1e-02  5e-02 244:16.2
  405   5265 -1.081571955200534e-01 5.6e+01 2.97e-02  1e-02  6e-02 247:19.6
  410   5330 -1.082627053988716e-01 5.7e+01 3.66e-02  1e-02  7e-02 250:21.3
  415   5395 -1.083246818461918e-01 5.6e+01 3.80e-02  1e-02  7e-02 253:24.6
  420   5460 -1.084081118538976e-01 5.9e+01 4.09e-02  1e-02  8e-02 256:26.2
  425   5525 -1.085032865778903e-01 6.1e+01 4.34e-02  1e-02  9e-02 259:28.5
  430   5590 -1.085391639888733e-01 6.4e+01 4.75e-02  2e-02  1e-01 262:30.4
  435   5655 -1.086486238195410e-01 6.6e+01 4.88e-02  2e-02  1e-01 265:30.4
  440   5720 -1.088003623723411e-01 6.8e+01 4.76e-02  1e-02  1e-01 268:31.7
  445   5785 -1.087661719126556e-01 7.0e+01 4.25e-02  1e-02  9e-02 271:34.1
  450   5850 -1.089244091243509e-01 7.3e+01 3.66e-02  1e-02  8e-02 274:38.3
  455   5915 -1.089928708518367e-01 7.4e+01 3.79e-02  1e-02  9e-02 277:42.5
  460   5980 -1.090355454699229e-01 7.2e+01 4.48e-02  1e-02  1e-01 280:41.3
  465   6045 -1.090508930567274e-01 7.4e+01 4.69e-02  1e-02  1e-01 283:38.2
  470   6110 -1.091145511040135e-01 7.5e+01 4.91e-02  1e-02  1e-01 286:33.8
  475   6175 -1.091774218636670e-01 7.5e+01 4.92e-02  1e-02  1e-01 289:28.2
  480   6240 -1.093624154674460e-01 7.8e+01 6.40e-02  2e-02  1e-01 292:28.1
  485   6305 -1.094603263141987e-01 7.8e+01 6.71e-02  2e-02  2e-01 295:27.5
  490   6370 -1.093007148633010e-01 7.7e+01 6.83e-02  2e-02  2e-01 298:24.9
  495   6435 -1.095952027738657e-01 7.7e+01 6.33e-02  2e-02  1e-01 301:27.5
  500   6500 -1.096937851645193e-01 7.6e+01 6.17e-02  2e-02  1e-01 304:28.0
  505   6565 -1.099102430347176e-01 7.6e+01 6.95e-02  2e-02  2e-01 307:28.1
  510   6630 -1.100692012730921e-01 7.7e+01 7.40e-02  2e-02  2e-01 310:31.0
  515   6695 -1.101551870198909e-01 7.7e+01 7.06e-02  2e-02  2e-01 313:33.6
  520   6760 -1.101627541731158e-01 7.8e+01 5.50e-02  1e-02  1e-01 316:37.1
  525   6825 -1.102649755695289e-01 7.7e+01 5.08e-02  1e-02  1e-01 319:40.8
  530   6890 -1.102955858615874e-01 7.8e+01 4.76e-02  1e-02  1e-01 322:41.6
  535   6955 -1.104615349677120e-01 7.9e+01 4.13e-02  1e-02  9e-02 325:43.5
  541   7033 -1.104470186534262e-01 8.2e+01 3.91e-02  1e-02  8e-02 329:21.8
  547   7111 -1.106170190593222e-01 8.3e+01 3.93e-02  1e-02  9e-02 333:00.1
  553   7189 -1.106861357579088e-01 8.3e+01 4.08e-02  1e-02  9e-02 336:38.7
  559   7267 -1.106054775035270e-01 8.3e+01 4.02e-02  1e-02  9e-02 340:15.9
  565   7345 -1.107591780051747e-01 8.6e+01 3.38e-02  8e-03  8e-02 343:53.1
  571   7423 -1.108311520062897e-01 8.9e+01 3.39e-02  8e-03  8e-02 347:25.6
  577   7501 -1.108530457005744e-01 8.8e+01 2.82e-02  6e-03  6e-02 351:04.4
  583   7579 -1.108633669893218e-01 8.7e+01 2.58e-02  6e-03  6e-02 354:43.7
  589   7657 -1.109162662732117e-01 9.0e+01 2.57e-02  6e-03  6e-02 358:25.4
  595   7735 -1.109064424541811e-01 9.1e+01 2.46e-02  5e-03  6e-02 362:04.9
  600   7800 -1.109453467624047e-01 9.1e+01 2.29e-02  5e-03  5e-02 365:05.4
  606   7878 -1.109441178017693e-01 9.0e+01 2.16e-02  5e-03  5e-02 368:44.1
  612   7956 -1.109660242174195e-01 9.0e+01 2.30e-02  5e-03  5e-02 372:22.1
  618   8034 -1.109824036172939e-01 9.3e+01 2.41e-02  5e-03  5e-02 376:03.2
  624   8112 -1.109851603305896e-01 9.2e+01 2.43e-02  5e-03  5e-02 379:42.5
  630   8190 -1.110281459297838e-01 9.1e+01 2.26e-02  4e-03  5e-02 383:19.6
  636   8268 -1.110214921284447e-01 9.3e+01 1.81e-02  3e-03  4e-02 386:55.5
  642   8346 -1.110384673580435e-01 9.6e+01 1.61e-02  3e-03  4e-02 390:36.7
  648   8424 -1.110459353232101e-01 9.3e+01 1.32e-02  2e-03  3e-02 394:19.7
  654   8502 -1.110602982730749e-01 9.4e+01 1.22e-02  2e-03  3e-02 398:00.5
  660   8580 -1.110607475317708e-01 1.1e+02 1.33e-02  2e-03  3e-02 401:42.1
  666   8658 -1.110659269941371e-01 1.1e+02 1.38e-02  2e-03  3e-02 405:24.3
  672   8736 -1.110797980537268e-01 1.1e+02 1.33e-02  2e-03  3e-02 409:05.1
  678   8814 -1.110788369217398e-01 1.1e+02 1.27e-02  2e-03  3e-02 412:42.8
  684   8892 -1.110906851027327e-01 1.2e+02 1.15e-02  2e-03  3e-02 416:25.6
  690   8970 -1.110965466162603e-01 1.2e+02 1.16e-02  2e-03  3e-02 420:05.0
  696   9048 -1.111047079623404e-01 1.2e+02 1.27e-02  2e-03  4e-02 423:46.4
  700   9100 -1.111118449223657e-01 1.2e+02 1.28e-02  2e-03  4e-02 426:14.4
  706   9178 -1.111179620855728e-01 1.3e+02 1.72e-02  3e-03  5e-02 429:55.0
  712   9256 -1.111257835880069e-01 1.3e+02 1.87e-02  3e-03  6e-02 433:34.4
  718   9334 -1.111274666635108e-01 1.3e+02 1.67e-02  3e-03  5e-02 437:14.8
  724   9412 -1.111353169198333e-01 1.4e+02 1.57e-02  3e-03  5e-02 440:55.4
  730   9490 -1.111333837193630e-01 1.3e+02 1.72e-02  3e-03  5e-02 444:38.2
  736   9568 -1.111396129203427e-01 1.4e+02 1.46e-02  2e-03  5e-02 448:17.7
  742   9646 -1.111437569217220e-01 1.4e+02 1.40e-02  2e-03  5e-02 452:02.0
  748   9724 -1.111466924963390e-01 1.5e+02 1.42e-02  2e-03  5e-02 455:42.1
  755   9815 -1.111521396865348e-01 1.5e+02 1.27e-02  2e-03  4e-02 459:56.4
  762   9906 -1.111555220298629e-01 1.5e+02 1.43e-02  2e-03  5e-02 464:11.2
  769   9997 -1.111574433813434e-01 1.6e+02 1.88e-02  3e-03  6e-02 468:18.9
  776  10088 -1.111664077312693e-01 1.6e+02 1.78e-02  3e-03  6e-02 472:27.7
  782  10166 -1.111766404816975e-01 1.7e+02 1.96e-02  3e-03  6e-02 476:10.8
  788  10244 -1.111803723144026e-01 1.7e+02 2.10e-02  3e-03  6e-02 479:56.9
  795  10335 -1.111903968360745e-01 1.7e+02 2.11e-02  3e-03  7e-02 484:13.4
  800  10400 -1.111940724912499e-01 1.8e+02 2.13e-02  3e-03  7e-02 487:20.1
  807  10491 -1.112113247875774e-01 1.8e+02 2.23e-02  3e-03  7e-02 491:42.0
  814  10582 -1.112175201668552e-01 1.8e+02 2.41e-02  3e-03  8e-02 495:55.6
  821  10673 -1.112339827198352e-01 1.7e+02 2.23e-02  3e-03  7e-02 500:09.4
  828  10764 -1.112504086452924e-01 1.8e+02 3.23e-02  4e-03  1e-01 504:29.7
  835  10855 -1.112616099228472e-01 1.9e+02 3.82e-02  5e-03  1e-01 508:43.6
  842  10946 -1.112825132937370e-01 1.9e+02 3.59e-02  4e-03  1e-01 512:53.3
  849  11037 -1.113059357849859e-01 1.8e+02 3.91e-02  5e-03  1e-01 517:03.1
  855  11115 -1.112962610494590e-01 1.8e+02 2.92e-02  3e-03  9e-02 521:29.7
  862  11206 -1.113155836237365e-01 1.8e+02 2.51e-02  3e-03  8e-02 525:52.7
  869  11297 -1.113267915114397e-01 1.8e+02 2.12e-02  2e-03  6e-02 530:08.9
  876  11388 -1.113333401665606e-01 1.8e+02 1.65e-02  2e-03  5e-02 534:25.1
  883  11479 -1.113439412583535e-01 1.9e+02 2.05e-02  2e-03  6e-02 538:37.4
  890  11570 -1.113624311215804e-01 1.9e+02 2.54e-02  3e-03  8e-02 542:49.5
  897  11661 -1.113706661826039e-01 1.9e+02 2.99e-02  3e-03  9e-02 547:05.6
  900  11700 -1.113657041471554e-01 1.9e+02 3.15e-02  3e-03  9e-02 548:53.0
  907  11791 -1.113816263452731e-01 2.0e+02 2.94e-02  3e-03  9e-02 552:56.8
  914  11882 -1.113972842976359e-01 1.9e+02 3.76e-02  4e-03  1e-01 557:06.5
  921  11973 -1.114074284774142e-01 2.0e+02 4.75e-02  5e-03  1e-01 561:22.3
  928  12064 -1.114039096145856e-01 1.9e+02 3.81e-02  4e-03  1e-01 565:31.7
  935  12155 -1.114082816454784e-01 1.9e+02 3.37e-02  3e-03  1e-01 569:47.2
  942  12246 -1.114213655988480e-01 1.9e+02 2.50e-02  2e-03  7e-02 574:01.8
  949  12337 -1.114221561394040e-01 1.8e+02 2.27e-02  2e-03  6e-02 578:10.6
  956  12428 -1.114328239299451e-01 1.7e+02 2.39e-02  2e-03  7e-02 582:25.6
  963  12519 -1.114401425286312e-01 1.7e+02 1.99e-02  2e-03  6e-02 586:37.4
  970  12610 -1.114433081435016e-01 1.8e+02 2.18e-02  2e-03  6e-02 590:50.7
  977  12701 -1.114492267360018e-01 1.9e+02 2.26e-02  2e-03  7e-02 595:06.1
  985  12805 -1.114532642629564e-01 2.0e+02 2.52e-02  2e-03  8e-02 599:47.8
  993  12909 -1.114550987219872e-01 2.0e+02 1.79e-02  2e-03  5e-02 604:26.4
 1000  13000 -1.114583756439291e-01 2.0e+02 1.34e-02  1e-03  4e-02 608:30.0
Iterat #Fevals   function value  axis ratio  sigma  min&max std  t[m:s]
 1008  13104 -1.114593754352009e-01 2.1e+02 1.04e-02  9e-04  3e-02 613:08.3
 1016  13208 -1.114618530116373e-01 2.0e+02 8.85e-03  8e-04  3e-02 617:39.9
 1024  13312 -1.114623441113735e-01 2.0e+02 8.90e-03  8e-04  3e-02 622:06.5
 1032  13416 -1.114629218665335e-01 2.0e+02 7.93e-03  7e-04  2e-02 626:34.6
 1040  13520 -1.114652142877834e-01 2.1e+02 9.40e-03  8e-04  3e-02 631:01.4
 1048  13624 -1.114674842804575e-01 2.2e+02 1.43e-02  1e-03  4e-02 635:29.0
 1056  13728 -1.114697781171998e-01 2.3e+02 1.41e-02  1e-03  4e-02 639:56.0
