Running job array 42 on pe74.int.triton.aalto.fi
Starting at Fri Mar 21 16:01:40 EET 2025
Activating virtual environment at /scratch/work/uotilav2/quantum-portfolio/venv
Processing batch 43/100: experiments 42 to 42 (total 1)
Processing experiment 42
Budget: 439
YF.download() has changed argument auto_adjust default to True
Number of qubits for asset AAPL: 1
Number of qubits for asset AMGN: 1
Number of qubits for asset CVX: 2
Number of qubits for asset HON: 1
Number of qubits for asset IBM: 2
Number of qubits for asset KO: 3
Total number of qubits:  10
Optimized Weights (considering variance, skewness and kurtosis):
AAPL: 100.00%
AMGN: 0.00%
CVX: 0.00%
HON: 0.00%
IBM: 0.00%
KO: 0.00%
Left over budget:  127.0511131428998
Optimized Discrete Allocation:
AAPL: 1
KO: 1
Maximized utility from continuous higher moments:  0.10269353787198887
Budget constraint satisfied 436.75030517578125 439 Difference:  2.24969482421875
Budget constraint satisfied 435.55671310424805 439 Difference:  3.443286895751953
smallest_eigenvalues: [-0.06236107717911083]
smallest_bitstrings: ['0000001000']
first_excited_energy: -0.06235868262076066
optimized_portfolio: [{'AAPL': 0, 'AMGN': 0, 'CVX': 0, 'HON': 0, 'IBM': 2, 'KO': 0}]
second_optimized_portfolio: [{'AAPL': 1, 'AMGN': 0, 'CVX': 0, 'HON': 0, 'IBM': 0, 'KO': 3}]
result_with_budget: [{'portfolio': {'AAPL': 0, 'AMGN': 0, 'CVX': 0, 'HON': 0, 'IBM': 2, 'KO': 0}, 'budget': 436.75030517578125, 'difference': 2.24969482421875, 'objective_value': -0.5639075228770423}]
result_with_budget_excited: [{'portfolio': {'AAPL': 1, 'AMGN': 0, 'CVX': 0, 'HON': 0, 'IBM': 0, 'KO': 3}, 'budget': 435.55671310424805, 'difference': 3.443286895751953, 'objective_value': -5.287003334065373}]
Initial params:  [2.51063067 1.44978017 2.45210473 0.37157007 2.01037118 0.45035763
 2.96776493 1.63943485 1.3026989  0.83112597 2.43232687 1.43303853
 1.78578792 0.0590299  1.94035914 1.92295543 1.93815531 2.96487203
 2.14200164 1.12942738]
(6_w,12)-aCMA-ES (mu_w=3.7,w_1=40%) in dimension 20 (seed=743887, Fri Mar 21 16:02:01 2025)
Iterat #Fevals   function value  axis ratio  sigma  min&max std  t[m:s]
    1     12 -2.500265823304660e-02 1.0e+00 9.43e-02  9e-02  1e-01 0:26.4
    2     24 -3.215827154196587e-02 1.1e+00 8.94e-02  9e-02  9e-02 0:52.7
    3     36 -3.500039784439395e-02 1.1e+00 8.84e-02  9e-02  9e-02 1:19.1
    4     48 -3.588808120499663e-02 1.2e+00 8.80e-02  9e-02  9e-02 1:45.5
    5     60 -4.091496581985257e-02 1.2e+00 8.95e-02  9e-02  9e-02 2:11.8
    6     72 -4.202515698043022e-02 1.2e+00 9.07e-02  9e-02  1e-01 2:38.2
    7     84 -4.413634231046811e-02 1.3e+00 9.34e-02  9e-02  1e-01 3:04.6
    8     96 -4.442484998755161e-02 1.3e+00 9.84e-02  9e-02  1e-01 3:31.0
    9    108 -4.372524623327377e-02 1.4e+00 9.96e-02  1e-01  1e-01 3:57.2
   10    120 -4.477817577227640e-02 1.4e+00 9.96e-02  1e-01  1e-01 4:23.6
   11    132 -4.441923169604945e-02 1.5e+00 1.02e-01  1e-01  1e-01 4:50.2
   12    144 -4.373394162548144e-02 1.5e+00 1.03e-01  1e-01  1e-01 5:16.5
   13    156 -4.545633739665016e-02 1.5e+00 1.05e-01  1e-01  1e-01 5:42.8
   14    168 -4.391995557689742e-02 1.6e+00 1.08e-01  1e-01  1e-01 6:09.2
   15    180 -4.429430369039230e-02 1.6e+00 1.09e-01  1e-01  1e-01 6:35.5
   16    192 -4.489426594800034e-02 1.7e+00 1.09e-01  1e-01  1e-01 7:01.9
   17    204 -4.610782440458751e-02 1.7e+00 1.11e-01  1e-01  1e-01 7:28.3
   18    216 -4.474064814346398e-02 1.8e+00 1.14e-01  1e-01  1e-01 7:54.7
   19    228 -4.359362327092664e-02 1.8e+00 1.12e-01  1e-01  1e-01 8:21.0
   20    240 -4.547455945241021e-02 1.9e+00 1.09e-01  1e-01  1e-01 8:47.2
   21    252 -4.547168862789864e-02 1.9e+00 1.07e-01  1e-01  1e-01 9:13.6
   22    264 -4.576719874579555e-02 1.9e+00 1.04e-01  9e-02  1e-01 9:40.0
   23    276 -4.586521056966549e-02 1.9e+00 1.03e-01  9e-02  1e-01 10:06.3
   24    288 -4.544972264122638e-02 2.0e+00 1.01e-01  9e-02  1e-01 10:32.6
   25    300 -4.583011703971643e-02 2.0e+00 1.02e-01  9e-02  1e-01 10:59.0
   26    312 -4.605975861521312e-02 2.0e+00 9.98e-02  9e-02  1e-01 11:25.5
   27    324 -4.491010611213383e-02 2.1e+00 9.62e-02  9e-02  1e-01 11:51.9
   29    348 -4.658260893218688e-02 2.2e+00 9.03e-02  8e-02  1e-01 12:44.7
   31    372 -4.593614232301431e-02 2.3e+00 9.40e-02  8e-02  1e-01 13:37.5
   33    396 -4.628491134546431e-02 2.4e+00 9.26e-02  8e-02  1e-01 14:30.1
   35    420 -4.774335103832762e-02 2.5e+00 9.12e-02  8e-02  1e-01 15:22.9
   37    444 -4.728671120412877e-02 2.6e+00 9.10e-02  8e-02  1e-01 16:15.6
   39    468 -4.630290985908475e-02 2.6e+00 8.96e-02  8e-02  1e-01 17:08.3
   41    492 -4.655477285430083e-02 2.7e+00 8.65e-02  7e-02  1e-01 18:01.2
   43    516 -4.673760547496992e-02 2.8e+00 8.25e-02  7e-02  1e-01 18:54.0
   45    540 -4.738756769716865e-02 2.8e+00 7.75e-02  7e-02  9e-02 19:46.7
   47    564 -4.760867763193989e-02 2.8e+00 7.50e-02  6e-02  9e-02 20:39.5
   49    588 -4.741309662149895e-02 2.9e+00 7.65e-02  6e-02  9e-02 21:32.1
   51    612 -4.759324864906024e-02 3.0e+00 6.74e-02  6e-02  8e-02 22:24.7
   53    636 -4.771224998535084e-02 3.1e+00 5.85e-02  5e-02  7e-02 23:17.3
   55    660 -4.797422715863574e-02 3.1e+00 5.56e-02  5e-02  6e-02 24:10.1
   57    684 -4.749749343074604e-02 3.2e+00 5.69e-02  5e-02  7e-02 25:02.7
   59    708 -4.753765097027695e-02 3.3e+00 5.39e-02  4e-02  6e-02 25:55.6
   61    732 -4.861382377647791e-02 3.4e+00 5.05e-02  4e-02  6e-02 26:48.4
   63    756 -4.858005154926862e-02 3.6e+00 4.62e-02  4e-02  5e-02 27:41.1
   65    780 -4.837274160285519e-02 3.6e+00 4.48e-02  4e-02  5e-02 28:33.9
   67    804 -4.850545566768888e-02 3.6e+00 4.60e-02  4e-02  5e-02 29:26.6
   69    828 -4.904325943759867e-02 3.7e+00 4.57e-02  4e-02  5e-02 30:19.4
   71    852 -4.892784496589254e-02 3.8e+00 4.92e-02  4e-02  6e-02 31:12.0
   73    876 -4.913588884022095e-02 3.9e+00 5.42e-02  4e-02  6e-02 32:04.6
   75    900 -4.918750562330257e-02 4.2e+00 5.54e-02  4e-02  7e-02 32:57.3
   77    924 -4.951446053261561e-02 4.4e+00 5.60e-02  5e-02  7e-02 33:50.0
   79    948 -4.949132640755422e-02 4.5e+00 5.91e-02  5e-02  7e-02 34:42.8
   82    984 -4.973944654069436e-02 4.7e+00 5.28e-02  4e-02  7e-02 36:01.7
   85   1020 -4.985316323524459e-02 4.9e+00 4.73e-02  4e-02  6e-02 37:20.9
   88   1056 -4.973023710335691e-02 5.0e+00 4.35e-02  3e-02  5e-02 38:40.2
   91   1092 -4.951626082969855e-02 5.2e+00 4.37e-02  3e-02  5e-02 39:59.5
   94   1128 -4.988890906972837e-02 5.3e+00 3.93e-02  3e-02  5e-02 41:18.6
   97   1164 -4.992622401652868e-02 5.5e+00 4.03e-02  3e-02  5e-02 42:38.1
  100   1200 -5.000119844578062e-02 5.6e+00 4.42e-02  3e-02  6e-02 43:57.5
  103   1236 -5.002469006784087e-02 5.7e+00 3.99e-02  3e-02  5e-02 45:17.1
  106   1272 -5.013777907853970e-02 5.8e+00 3.97e-02  3e-02  5e-02 46:36.4
  109   1308 -5.017343384471943e-02 5.9e+00 4.06e-02  3e-02  5e-02 47:55.7
  112   1344 -5.033366531836656e-02 6.2e+00 4.18e-02  3e-02  5e-02 49:14.9
  115   1380 -5.032479124800256e-02 6.5e+00 4.44e-02  3e-02  6e-02 50:34.1
  118   1416 -5.035589715726123e-02 6.8e+00 4.47e-02  3e-02  6e-02 51:53.5
  121   1452 -5.043522198457934e-02 6.9e+00 4.50e-02  3e-02  6e-02 53:12.8
  124   1488 -5.043835790968108e-02 7.2e+00 4.38e-02  3e-02  6e-02 54:32.3
  127   1524 -5.051079685878994e-02 7.4e+00 4.05e-02  3e-02  5e-02 55:51.6
  130   1560 -5.058460349117951e-02 7.6e+00 3.97e-02  3e-02  5e-02 57:11.0
  133   1596 -5.055192593001151e-02 7.8e+00 3.49e-02  2e-02  4e-02 58:30.5
  136   1632 -5.066089955523604e-02 8.4e+00 3.19e-02  2e-02  4e-02 59:49.9
  139   1668 -5.068707573519985e-02 8.7e+00 2.92e-02  2e-02  4e-02 61:09.4
  142   1704 -5.077083700806266e-02 9.2e+00 2.88e-02  2e-02  4e-02 62:29.0
  145   1740 -5.079543470839922e-02 9.9e+00 3.16e-02  2e-02  4e-02 63:48.5
  148   1776 -5.087829374841768e-02 1.1e+01 2.80e-02  2e-02  4e-02 65:07.9
  151   1812 -5.089400856471046e-02 1.1e+01 2.59e-02  2e-02  4e-02 66:27.6
  154   1848 -5.101821704283548e-02 1.1e+01 2.67e-02  2e-02  4e-02 67:47.0
  157   1884 -5.111568501615357e-02 1.2e+01 3.01e-02  2e-02  4e-02 69:06.4
  160   1920 -5.110386219068407e-02 1.3e+01 3.55e-02  2e-02  6e-02 70:25.7
  164   1968 -5.122092622750368e-02 1.5e+01 3.93e-02  3e-02  7e-02 72:11.6
  168   2016 -5.139285266947994e-02 1.8e+01 4.40e-02  3e-02  8e-02 73:57.6
  172   2064 -5.149280901488452e-02 2.0e+01 4.83e-02  3e-02  1e-01 75:43.6
  176   2112 -5.176090125993558e-02 2.2e+01 6.08e-02  4e-02  1e-01 77:29.6
  180   2160 -5.202914149803467e-02 2.4e+01 6.91e-02  4e-02  2e-01 79:15.4
  184   2208 -5.245122329216918e-02 2.7e+01 8.20e-02  5e-02  2e-01 81:01.3
  188   2256 -5.244451158539913e-02 3.2e+01 9.10e-02  6e-02  2e-01 82:47.2
  192   2304 -5.277257491182601e-02 3.3e+01 8.84e-02  5e-02  2e-01 84:32.9
  196   2352 -5.281893158251862e-02 3.5e+01 8.56e-02  5e-02  2e-01 86:18.7
  200   2400 -5.297489036719100e-02 3.5e+01 8.59e-02  5e-02  2e-01 88:04.6
  204   2448 -5.313069194919025e-02 3.6e+01 8.58e-02  5e-02  2e-01 89:50.8
  208   2496 -5.317395132275424e-02 3.6e+01 8.21e-02  5e-02  2e-01 91:37.0
  212   2544 -5.351559385137143e-02 3.8e+01 8.13e-02  5e-02  2e-01 93:22.8
  216   2592 -5.352689881380301e-02 3.9e+01 7.17e-02  4e-02  2e-01 95:08.7
  220   2640 -5.357961138185955e-02 4.0e+01 6.76e-02  4e-02  2e-01 96:54.7
  224   2688 -5.407641339364406e-02 4.0e+01 7.41e-02  4e-02  2e-01 98:41.0
  228   2736 -5.423450021461658e-02 4.3e+01 5.93e-02  3e-02  2e-01 100:27.4
  232   2784 -5.400564632928508e-02 4.3e+01 5.03e-02  3e-02  1e-01 102:13.3
  236   2832 -5.405520187970515e-02 4.3e+01 4.40e-02  2e-02  1e-01 103:59.1
  240   2880 -5.421087883914393e-02 4.4e+01 4.18e-02  2e-02  1e-01 105:45.1
  244   2928 -5.427775771142655e-02 4.6e+01 4.18e-02  2e-02  1e-01 107:31.2
  248   2976 -5.433252269194914e-02 4.6e+01 4.07e-02  2e-02  1e-01 109:17.4
  252   3024 -5.446265379275782e-02 4.8e+01 3.95e-02  2e-02  1e-01 111:03.5
  256   3072 -5.458697719188752e-02 5.2e+01 4.50e-02  2e-02  1e-01 112:49.2
  260   3120 -5.465412863875698e-02 5.5e+01 4.96e-02  2e-02  1e-01 114:35.0
  264   3168 -5.465148045849755e-02 5.8e+01 5.37e-02  2e-02  2e-01 116:20.7
  269   3228 -5.521763383467723e-02 6.2e+01 5.63e-02  2e-02  2e-01 118:32.9
  274   3288 -5.509711022459297e-02 6.8e+01 5.83e-02  2e-02  2e-01 120:44.9
  279   3348 -5.519658634854140e-02 7.0e+01 4.96e-02  2e-02  2e-01 122:57.3
  284   3408 -5.531199653733889e-02 7.5e+01 5.12e-02  2e-02  2e-01 125:09.5
  289   3468 -5.538645793744813e-02 8.0e+01 4.94e-02  2e-02  2e-01 127:22.2
  294   3528 -5.560693948189238e-02 8.0e+01 4.78e-02  2e-02  2e-01 129:34.6
  299   3588 -5.566523432678074e-02 8.6e+01 4.63e-02  2e-02  2e-01 131:47.0
  300   3600 -5.566929704066593e-02 8.6e+01 4.45e-02  2e-02  2e-01 132:13.4
  305   3660 -5.579083888348739e-02 9.1e+01 4.55e-02  2e-02  2e-01 134:26.2
  310   3720 -5.579943240697409e-02 9.5e+01 3.42e-02  1e-02  1e-01 136:38.6
  315   3780 -5.584496210860378e-02 1.0e+02 3.20e-02  1e-02  1e-01 138:50.8
  320   3840 -5.589510982707438e-02 1.1e+02 2.68e-02  8e-03  1e-01 141:03.1
  325   3900 -5.592314510503996e-02 1.1e+02 2.52e-02  8e-03  1e-01 143:15.3
  330   3960 -5.598383057184967e-02 1.2e+02 2.45e-02  7e-03  1e-01 145:27.2
  335   4020 -5.599800079849335e-02 1.2e+02 2.46e-02  7e-03  1e-01 147:38.7
  340   4080 -5.602704420120488e-02 1.2e+02 2.90e-02  8e-03  1e-01 149:50.6
  345   4140 -5.600445837891778e-02 1.2e+02 3.20e-02  9e-03  2e-01 152:02.5
  350   4200 -5.611727522394046e-02 1.3e+02 2.89e-02  8e-03  1e-01 154:14.3
  355   4260 -5.621958882390732e-02 1.4e+02 3.22e-02  9e-03  2e-01 156:25.9
  360   4320 -5.622884562136998e-02 1.4e+02 3.16e-02  9e-03  2e-01 158:37.7
  365   4380 -5.624682296032055e-02 1.5e+02 2.97e-02  8e-03  2e-01 160:49.6
  370   4440 -5.630196328625984e-02 1.5e+02 2.75e-02  7e-03  2e-01 163:01.2
  375   4500 -5.631673091812104e-02 1.5e+02 3.09e-02  8e-03  2e-01 165:12.7
  380   4560 -5.640003522151225e-02 1.6e+02 3.01e-02  8e-03  2e-01 167:24.6
  385   4620 -5.650150206690144e-02 1.7e+02 3.63e-02  9e-03  2e-01 169:36.5
  390   4680 -5.657243384864322e-02 1.7e+02 4.35e-02  1e-02  3e-01 171:48.3
  396   4752 -5.668500894713700e-02 1.8e+02 4.93e-02  1e-02  3e-01 174:26.3
  400   4800 -5.672304501919172e-02 1.9e+02 4.62e-02  1e-02  3e-01 176:11.8
  406   4872 -5.680754243186983e-02 1.9e+02 4.40e-02  1e-02  3e-01 178:49.9
  412   4944 -5.684395002681372e-02 2.0e+02 4.78e-02  1e-02  3e-01 181:28.2
  418   5016 -5.702492716960972e-02 2.0e+02 5.42e-02  1e-02  4e-01 184:06.3
  424   5088 -5.710723484187002e-02 2.1e+02 6.50e-02  2e-02  4e-01 186:44.4
  430   5160 -5.702495752998420e-02 2.1e+02 6.70e-02  2e-02  5e-01 189:22.6
  436   5232 -5.707294319194819e-02 2.1e+02 5.75e-02  1e-02  4e-01 192:00.8
  442   5304 -5.718533681176641e-02 2.2e+02 4.74e-02  1e-02  3e-01 194:40.2
  448   5376 -5.724302034888909e-02 2.2e+02 4.57e-02  1e-02  3e-01 197:19.2
  454   5448 -5.720638543948926e-02 2.2e+02 4.96e-02  1e-02  3e-01 199:57.4
  460   5520 -5.729094208836900e-02 2.1e+02 4.36e-02  1e-02  3e-01 202:35.4
  466   5592 -5.732703841464186e-02 2.2e+02 4.29e-02  1e-02  3e-01 205:13.6
  472   5664 -5.739757185665434e-02 2.3e+02 3.46e-02  9e-03  2e-01 207:51.7
  478   5736 -5.746369095337098e-02 2.5e+02 3.77e-02  9e-03  3e-01 210:29.8
  484   5808 -5.748589406296163e-02 2.6e+02 3.59e-02  9e-03  3e-01 213:08.0
  490   5880 -5.751936228366312e-02 2.9e+02 4.44e-02  1e-02  4e-01 215:46.0
  496   5952 -5.760332782138709e-02 3.2e+02 4.96e-02  1e-02  4e-01 218:23.8
  500   6000 -5.756829572705719e-02 3.2e+02 4.71e-02  1e-02  4e-01 220:09.1
  506   6072 -5.763403083904439e-02 3.3e+02 4.63e-02  1e-02  4e-01 222:47.4
  512   6144 -5.771314629198791e-02 3.4e+02 5.38e-02  1e-02  5e-01 225:26.0
  518   6216 -5.778601043890969e-02 3.8e+02 5.32e-02  1e-02  5e-01 228:04.7
  524   6288 -5.776514164597651e-02 4.0e+02 5.35e-02  1e-02  6e-01 230:43.5
  530   6360 -5.787484264780515e-02 4.1e+02 4.55e-02  1e-02  5e-01 233:22.1
  536   6432 -5.782905402136429e-02 4.2e+02 3.90e-02  9e-03  4e-01 236:00.1
  542   6504 -5.789724512706888e-02 4.2e+02 3.60e-02  8e-03  4e-01 238:38.2
  548   6576 -5.792205589580503e-02 4.0e+02 3.48e-02  7e-03  3e-01 241:16.2
  555   6660 -5.798381202650854e-02 4.1e+02 3.30e-02  6e-03  3e-01 244:20.3
  562   6744 -5.802716123557219e-02 4.5e+02 3.36e-02  6e-03  4e-01 247:25.3
  569   6828 -5.806904427904181e-02 4.7e+02 3.40e-02  6e-03  4e-01 250:29.9
  576   6912 -5.807264657015315e-02 4.8e+02 3.23e-02  5e-03  4e-01 253:33.8
  583   6996 -5.814085542495615e-02 5.1e+02 3.53e-02  6e-03  4e-01 256:38.2
  590   7080 -5.815920448567826e-02 5.3e+02 4.55e-02  7e-03  5e-01 259:42.5
  597   7164 -5.822387311246802e-02 5.3e+02 4.98e-02  7e-03  6e-01 262:46.6
  600   7200 -5.827658435803485e-02 5.4e+02 5.47e-02  8e-03  7e-01 264:05.4
  607   7284 -5.827626029954629e-02 5.6e+02 5.62e-02  8e-03  7e-01 267:09.7
  614   7368 -5.830408937861087e-02 5.5e+02 5.97e-02  8e-03  7e-01 270:14.1
  621   7452 -5.833695315820358e-02 5.5e+02 5.97e-02  8e-03  7e-01 273:18.7
  628   7536 -5.835125217096689e-02 5.4e+02 5.03e-02  6e-03  6e-01 276:23.3
  635   7620 -5.840001373486323e-02 5.3e+02 4.50e-02  6e-03  5e-01 279:27.8
  642   7704 -5.841676193425434e-02 5.3e+02 3.73e-02  4e-03  4e-01 282:32.4
  649   7788 -5.842868602109036e-02 5.5e+02 3.55e-02  4e-03  4e-01 285:37.0
  656   7872 -5.845633996210206e-02 5.6e+02 4.03e-02  4e-03  5e-01 288:41.5
  663   7956 -5.847855214032997e-02 6.0e+02 4.20e-02  5e-03  5e-01 291:46.4
  670   8040 -5.849665738943926e-02 6.1e+02 3.60e-02  4e-03  5e-01 294:50.9
  677   8124 -5.854355679180185e-02 6.5e+02 3.57e-02  4e-03  5e-01 297:55.2
  684   8208 -5.856797512227242e-02 6.7e+02 3.27e-02  3e-03  4e-01 300:59.7
  691   8292 -5.857948464420687e-02 7.1e+02 3.40e-02  3e-03  5e-01 304:04.2
  698   8376 -5.858887130969023e-02 7.4e+02 3.79e-02  3e-03  5e-01 307:08.5
  700   8400 -5.860019604508231e-02 7.4e+02 3.79e-02  3e-03  5e-01 308:01.1
  707   8484 -5.861881898608948e-02 7.3e+02 4.01e-02  3e-03  5e-01 311:05.6
  714   8568 -5.862385536244766e-02 7.0e+02 4.38e-02  4e-03  6e-01 314:10.2
  721   8652 -5.864304095814332e-02 7.3e+02 4.48e-02  4e-03  6e-01 317:14.5
  729   8748 -5.864719882438995e-02 7.3e+02 3.84e-02  3e-03  5e-01 320:45.2
  737   8844 -5.867170169307211e-02 7.3e+02 3.27e-02  2e-03  4e-01 324:15.3
  745   8940 -5.867621483113483e-02 7.3e+02 3.09e-02  2e-03  4e-01 327:39.4
  753   9036 -5.868387979820310e-02 7.3e+02 3.08e-02  2e-03  4e-01 331:02.6
  761   9132 -5.869903402921645e-02 7.2e+02 2.75e-02  2e-03  3e-01 334:26.2
  769   9228 -5.871363852055364e-02 7.2e+02 2.92e-02  2e-03  3e-01 337:49.8
  777   9324 -5.872325087415850e-02 7.3e+02 2.94e-02  2e-03  3e-01 341:13.5
  785   9420 -5.873255816661002e-02 7.1e+02 2.70e-02  2e-03  3e-01 344:37.7
  793   9516 -5.874288246302781e-02 7.1e+02 2.50e-02  1e-03  3e-01 348:02.1
  800   9600 -5.876976144851054e-02 7.1e+02 3.71e-02  2e-03  4e-01 351:00.8
  808   9696 -5.877078363597382e-02 7.2e+02 5.77e-02  3e-03  6e-01 354:25.1
  816   9792 -5.882264872525308e-02 7.1e+02 6.73e-02  4e-03  7e-01 357:49.1
  824   9888 -5.885563296022138e-02 7.3e+02 6.22e-02  3e-03  6e-01 361:13.6
  832   9984 -5.888990544881507e-02 7.4e+02 8.48e-02  4e-03  8e-01 364:38.0
  840  10080 -5.890342338316221e-02 7.3e+02 6.95e-02  4e-03  7e-01 368:02.2
  848  10176 -5.894215639815126e-02 7.5e+02 5.10e-02  3e-03  5e-01 371:26.0
  856  10272 -5.897162493093010e-02 7.8e+02 4.59e-02  2e-03  4e-01 374:49.5
  864  10368 -5.899355123457023e-02 8.0e+02 4.43e-02  2e-03  4e-01 378:13.4
  872  10464 -5.900750123503158e-02 8.1e+02 2.93e-02  1e-03  3e-01 381:36.9
  881  10572 -5.902003607717572e-02 8.4e+02 2.91e-02  1e-03  3e-01 385:26.1
  890  10680 -5.902920104030963e-02 8.7e+02 3.12e-02  1e-03  3e-01 389:16.1
  899  10788 -5.904211434108517e-02 9.1e+02 2.99e-02  1e-03  3e-01 393:05.4
  900  10800 -5.904409750376801e-02 9.2e+02 2.91e-02  1e-03  3e-01 393:30.8
  909  10908 -5.905882651590841e-02 9.3e+02 3.30e-02  1e-03  3e-01 397:20.3
  918  11016 -5.906924875207620e-02 9.8e+02 3.73e-02  2e-03  4e-01 401:09.3
  927  11124 -5.908709092657876e-02 1.1e+03 4.70e-02  2e-03  5e-01 404:58.8
  936  11232 -5.909927721052236e-02 1.1e+03 4.79e-02  2e-03  6e-01 408:47.8
  945  11340 -5.911344621050805e-02 1.2e+03 4.54e-02  2e-03  6e-01 412:36.9
  954  11448 -5.912509208824775e-02 1.2e+03 3.79e-02  1e-03  4e-01 416:26.0
  963  11556 -5.913334980973232e-02 1.2e+03 3.72e-02  1e-03  4e-01 420:16.3
  972  11664 -5.913786994146636e-02 1.2e+03 4.00e-02  1e-03  5e-01 424:06.0
  981  11772 -5.915148565585131e-02 1.2e+03 5.42e-02  2e-03  6e-01 427:55.0
  990  11880 -5.915735754146375e-02 1.2e+03 4.33e-02  1e-03  5e-01 431:44.4
  999  11988 -5.917020195082662e-02 1.3e+03 4.27e-02  1e-03  5e-01 435:33.6
 1000  12000 -5.917103745357499e-02 1.3e+03 4.26e-02  1e-03  5e-01 435:59.2
Budget constraint satisfied 403.78689193725586 439 Difference:  35.21310806274414
Budget constraint satisfied 436.75030517578125 439 Difference:  2.24969482421875
two_most_probable_states: ['0000010110', '0000001000']
final_expectation_value: -0.059171037453574986
params: [-5.206285551337895, 10.280067110708682, 2.9337603785726367, 11.834523676402647, 20.099838436555277, -0.418348658851947, 35.71019617145549, 50.913995655077464, 23.85076643945505, 0.21594095672633823, 3.3238937257724346, 1.023920046237984, 2.0084261375215564, -0.17179065259899692, 2.0633426182775634, 0.9560383849098246, 3.0726594292686276, 3.1102961290073594, 1.4481010951310698, 1.6703232331828175]
total_steps: 1000
states_probs: [0.01857136939311561, 0.026557543076247827]
optimized_portfolios: [{'AAPL': 0, 'AMGN': 0, 'CVX': 0, 'HON': 0, 'IBM': 1, 'KO': 3}, {'AAPL': 0, 'AMGN': 0, 'CVX': 0, 'HON': 0, 'IBM': 2, 'KO': 0}]
objective_values: [-6.8313779687501235, -0.5639075228770423]
result_with_budget: [{'portfolio': {'AAPL': 0, 'AMGN': 0, 'CVX': 0, 'HON': 0, 'IBM': 1, 'KO': 3}, 'budget': 403.78689193725586, 'difference': 35.21310806274414}, {'portfolio': {'AAPL': 0, 'AMGN': 0, 'CVX': 0, 'HON': 0, 'IBM': 2, 'KO': 0}, 'budget': 436.75030517578125, 'difference': 2.24969482421875}]
Batch 43/100 completed. Results saved to portfolio_optimization_results_batch_42.json
Job finished at Fri Mar 21 23:21:23 EET 2025
