Running job array 58 on milan26.int.triton.aalto.fi
Starting at Sat Mar 22 10:19:09 EET 2025
Activating virtual environment at /scratch/work/uotilav2/quantum-portfolio/venv
Processing batch 59/100: experiments 58 to 58 (total 1)
Processing experiment 58
Budget: 4835
YF.download() has changed argument auto_adjust default to True
Number of qubits for asset BA: 5
Number of qubits for asset GS: 4
Number of qubits for asset PG: 5
Total number of qubits:  14
Optimized Weights (considering variance, skewness and kurtosis):
BA: 0.00%
GS: 79.69%
PG: 20.31%
Left over budget:  13.268555376783297
Optimized Discrete Allocation:
GS: 7
PG: 5
Maximized utility from continuous higher moments:  -490.6230280111354
Budget constraint satisfied 4834.767333984375 4835 Difference:  0.232666015625
smallest_eigenvalues: [-0.12772874124035996]
smallest_bitstrings: ['00010011000000']
first_excited_energy: None
optimized_portfolio: [{'BA': 8, 'GS': 6, 'PG': 0}]
second_optimized_portfolio: None
result_with_budget: [{'portfolio': {'BA': 8, 'GS': 6, 'PG': 0}, 'budget': 4834.767333984375, 'difference': 0.232666015625, 'objective_value': -1227.9956603818985}]
result_with_budget_excited: None
Initial params:  [2.51063067 1.44978017 2.45210473 0.37157007 2.01037118 0.45035763
 2.96776493 1.63943485 1.3026989  0.83112597 2.43232687 1.43303853
 1.78578792 0.0590299  1.94035914 1.92295543 1.93815531 2.96487203
 2.14200164 1.12942738]
(6_w,12)-aCMA-ES (mu_w=3.7,w_1=40%) in dimension 20 (seed=741272, Sat Mar 22 10:29:35 2025)
Iterat #Fevals   function value  axis ratio  sigma  min&max std  t[m:s]
    1     12 -6.683713323293655e-02 1.0e+00 9.54e-02  9e-02  1e-01 1:48.1
    2     24 -7.442463001239200e-02 1.1e+00 9.59e-02  9e-02  1e-01 3:38.8
    3     36 -8.182241188744131e-02 1.2e+00 9.98e-02  1e-01  1e-01 5:28.9
    4     48 -8.179589426802703e-02 1.2e+00 1.08e-01  1e-01  1e-01 7:19.0
    5     60 -8.704922868838086e-02 1.3e+00 1.18e-01  1e-01  1e-01 9:09.0
    6     72 -7.929731812999194e-02 1.3e+00 1.26e-01  1e-01  1e-01 10:58.9
    7     84 -8.092676867641879e-02 1.3e+00 1.26e-01  1e-01  1e-01 12:49.2
    8     96 -9.047207122103856e-02 1.4e+00 1.27e-01  1e-01  1e-01 14:39.2
    9    108 -9.202629213101690e-02 1.4e+00 1.27e-01  1e-01  1e-01 16:29.6
   10    120 -9.288029838101258e-02 1.4e+00 1.28e-01  1e-01  1e-01 18:19.8
   11    132 -9.057497568586191e-02 1.4e+00 1.29e-01  1e-01  1e-01 20:10.5
   12    144 -9.483657210909140e-02 1.4e+00 1.31e-01  1e-01  1e-01 22:01.1
   13    156 -9.594415107106186e-02 1.5e+00 1.32e-01  1e-01  1e-01 23:54.9
   14    168 -1.000047751745000e-01 1.5e+00 1.32e-01  1e-01  1e-01 25:48.9
   15    180 -9.278151654210454e-02 1.5e+00 1.29e-01  1e-01  1e-01 27:42.2
   16    192 -9.607979357305980e-02 1.5e+00 1.30e-01  1e-01  1e-01 29:35.6
   17    204 -1.001148878466809e-01 1.5e+00 1.30e-01  1e-01  1e-01 31:29.3
   18    216 -9.718175167189166e-02 1.5e+00 1.31e-01  1e-01  1e-01 33:23.2
   19    228 -1.000315307491041e-01 1.6e+00 1.33e-01  1e-01  1e-01 35:13.4
   20    240 -1.038950752490343e-01 1.6e+00 1.29e-01  1e-01  1e-01 36:55.7
   21    252 -9.802941711602739e-02 1.6e+00 1.27e-01  1e-01  1e-01 38:38.2
   22    264 -9.911898296943861e-02 1.6e+00 1.27e-01  1e-01  1e-01 40:17.5
   23    276 -1.029283353815228e-01 1.6e+00 1.21e-01  1e-01  1e-01 41:56.6
   24    288 -9.886494110328188e-02 1.6e+00 1.18e-01  1e-01  1e-01 43:35.4
   25    300 -1.008593216846593e-01 1.6e+00 1.15e-01  1e-01  1e-01 45:12.5
   26    312 -1.014543726289062e-01 1.6e+00 1.13e-01  1e-01  1e-01 46:48.6
   27    324 -1.026080142838318e-01 1.7e+00 1.10e-01  1e-01  1e-01 48:25.8
   28    336 -1.026236051842125e-01 1.7e+00 1.08e-01  1e-01  1e-01 50:05.7
   29    348 -1.022992312502152e-01 1.7e+00 1.08e-01  1e-01  1e-01 51:45.3
   30    360 -1.035269232565825e-01 1.7e+00 1.08e-01  1e-01  1e-01 53:24.9
   31    372 -1.074579448140939e-01 1.8e+00 1.11e-01  1e-01  1e-01 55:04.4
   32    384 -1.058683217251026e-01 1.8e+00 1.07e-01  1e-01  1e-01 56:44.1
   33    396 -1.063393031672199e-01 1.8e+00 1.03e-01  9e-02  1e-01 58:24.0
   34    408 -1.053137052558316e-01 1.9e+00 9.93e-02  9e-02  1e-01 60:01.9
   35    420 -1.036483858684238e-01 1.9e+00 1.01e-01  9e-02  1e-01 61:38.3
   36    432 -1.048732856654393e-01 2.0e+00 1.01e-01  9e-02  1e-01 63:14.2
   37    444 -1.062523848627232e-01 2.0e+00 1.03e-01  9e-02  1e-01 64:50.4
   38    456 -1.062773571293357e-01 2.0e+00 1.04e-01  9e-02  1e-01 66:26.2
   39    468 -1.052135305666361e-01 2.0e+00 1.04e-01  9e-02  1e-01 68:02.7
   40    480 -1.064334558352477e-01 2.1e+00 1.01e-01  9e-02  1e-01 69:39.1
   41    492 -1.071764664422984e-01 2.1e+00 1.01e-01  9e-02  1e-01 71:15.1
   42    504 -1.053752605776340e-01 2.2e+00 1.03e-01  9e-02  1e-01 72:51.2
   43    516 -1.086964515106299e-01 2.2e+00 1.06e-01  1e-01  1e-01 74:27.1
   44    528 -1.067492309542043e-01 2.2e+00 1.01e-01  9e-02  1e-01 76:03.4
   45    540 -1.078290498801396e-01 2.3e+00 9.85e-02  9e-02  1e-01 77:39.3
   46    552 -1.068364877485872e-01 2.3e+00 9.44e-02  9e-02  1e-01 79:15.2
   47    564 -1.088881595284539e-01 2.4e+00 8.97e-02  8e-02  9e-02 80:50.9
   48    576 -1.090296687574225e-01 2.4e+00 8.76e-02  8e-02  9e-02 82:27.0
   49    588 -1.087531567412959e-01 2.4e+00 8.72e-02  8e-02  9e-02 84:03.3
   50    600 -1.071380233790704e-01 2.4e+00 8.61e-02  8e-02  9e-02 85:39.5
   51    612 -1.073251913727083e-01 2.4e+00 8.28e-02  7e-02  9e-02 87:15.2
   52    624 -1.085484261392014e-01 2.5e+00 8.13e-02  7e-02  9e-02 88:51.1
   53    636 -1.066106795051767e-01 2.5e+00 8.16e-02  7e-02  9e-02 90:27.1
   54    648 -1.073963902547680e-01 2.5e+00 7.96e-02  7e-02  9e-02 92:03.1
   55    660 -1.092616172263303e-01 2.6e+00 7.82e-02  7e-02  9e-02 93:39.0
   56    672 -1.098703921686838e-01 2.6e+00 8.05e-02  7e-02  9e-02 95:14.5
   57    684 -1.092314160723718e-01 2.7e+00 8.36e-02  7e-02  9e-02 96:50.5
   58    696 -1.094325290073403e-01 2.8e+00 8.88e-02  8e-02  1e-01 98:26.1
   59    708 -1.080401628567506e-01 2.8e+00 8.94e-02  8e-02  1e-01 100:00.6
   60    720 -1.096695210923478e-01 2.9e+00 9.40e-02  9e-02  1e-01 101:32.9
   61    732 -1.100892098283564e-01 3.0e+00 9.78e-02  9e-02  1e-01 103:05.0
   62    744 -1.087035782656784e-01 3.2e+00 9.46e-02  8e-02  1e-01 104:37.0
   63    756 -1.103137838635788e-01 3.2e+00 9.32e-02  8e-02  1e-01 106:09.4
   64    768 -1.114631049447547e-01 3.3e+00 9.28e-02  8e-02  1e-01 107:41.9
   65    780 -1.088664543744139e-01 3.4e+00 9.22e-02  8e-02  1e-01 109:20.6
   66    792 -1.098259403509086e-01 3.5e+00 9.28e-02  8e-02  1e-01 111:02.9
   67    804 -1.098187551366683e-01 3.5e+00 9.18e-02  8e-02  1e-01 112:45.3
   68    816 -1.087841640132115e-01 3.5e+00 9.18e-02  8e-02  1e-01 114:27.6
   69    828 -1.096711611876888e-01 3.6e+00 8.96e-02  8e-02  1e-01 116:10.0
   70    840 -1.101315366941038e-01 3.7e+00 8.94e-02  8e-02  1e-01 117:52.2
   71    852 -1.104711603580225e-01 3.7e+00 8.89e-02  8e-02  1e-01 119:33.8
   72    864 -1.103538045712692e-01 3.8e+00 8.67e-02  8e-02  1e-01 121:15.6
   73    876 -1.109042314165344e-01 3.8e+00 8.55e-02  8e-02  1e-01 122:57.7
   74    888 -1.100161252092609e-01 3.9e+00 8.34e-02  7e-02  9e-02 124:39.3
   75    900 -1.121715367504574e-01 3.9e+00 8.03e-02  7e-02  9e-02 126:21.3
   76    912 -1.116889224421358e-01 4.0e+00 7.86e-02  7e-02  9e-02 128:03.0
   77    924 -1.117718766796170e-01 4.1e+00 7.83e-02  7e-02  9e-02 129:45.2
   78    936 -1.120478983533561e-01 4.2e+00 7.63e-02  7e-02  9e-02 131:27.3
   79    948 -1.128584896608786e-01 4.3e+00 7.58e-02  6e-02  9e-02 133:09.5
   80    960 -1.118920413388201e-01 4.3e+00 7.44e-02  6e-02  9e-02 134:51.4
   81    972 -1.120442854951727e-01 4.4e+00 7.53e-02  6e-02  9e-02 136:33.1
   82    984 -1.126317718865568e-01 4.5e+00 7.52e-02  6e-02  9e-02 138:14.8
   83    996 -1.133526063536209e-01 4.6e+00 7.48e-02  6e-02  9e-02 139:56.6
   84   1008 -1.130747627038500e-01 4.6e+00 7.69e-02  6e-02  9e-02 141:38.8
   85   1020 -1.118449858711261e-01 4.8e+00 7.74e-02  6e-02  9e-02 143:20.5
   86   1032 -1.130169180982701e-01 4.9e+00 7.59e-02  6e-02  9e-02 144:59.9
   87   1044 -1.126055588302909e-01 5.0e+00 7.19e-02  6e-02  9e-02 146:39.8
   88   1056 -1.133488577214511e-01 5.1e+00 7.14e-02  6e-02  9e-02 148:21.8
   89   1068 -1.138099285137636e-01 5.1e+00 7.09e-02  6e-02  8e-02 150:03.9
   90   1080 -1.141024164422963e-01 5.2e+00 7.14e-02  6e-02  9e-02 151:44.8
   91   1092 -1.149163235489505e-01 5.3e+00 7.32e-02  6e-02  9e-02 153:25.8
   92   1104 -1.146459778720793e-01 5.4e+00 7.64e-02  6e-02  9e-02 155:08.2
   93   1116 -1.145551196430828e-01 5.4e+00 7.92e-02  7e-02  1e-01 156:50.4
   94   1128 -1.145838742238967e-01 5.6e+00 8.05e-02  7e-02  1e-01 158:32.3
   95   1140 -1.146586071799894e-01 5.7e+00 7.88e-02  7e-02  1e-01 160:14.2
   96   1152 -1.144526898719394e-01 5.8e+00 8.10e-02  7e-02  1e-01 161:55.9
   97   1164 -1.146137345983770e-01 5.9e+00 8.35e-02  7e-02  1e-01 163:38.1
   98   1176 -1.141550850151935e-01 5.9e+00 8.33e-02  7e-02  1e-01 165:20.4
   99   1188 -1.139801597320482e-01 6.0e+00 7.86e-02  6e-02  1e-01 167:02.7
  100   1200 -1.143241263943178e-01 6.0e+00 7.72e-02  6e-02  1e-01 168:44.4
  101   1212 -1.144673846092064e-01 6.0e+00 7.77e-02  6e-02  1e-01 170:26.4
  102   1224 -1.148082380655309e-01 6.2e+00 7.85e-02  6e-02  1e-01 172:08.9
  103   1236 -1.142681597952382e-01 6.3e+00 7.75e-02  6e-02  1e-01 173:51.0
  105   1260 -1.148019756941628e-01 6.4e+00 7.79e-02  6e-02  1e-01 177:14.9
  107   1284 -1.143980923865325e-01 6.7e+00 7.52e-02  6e-02  1e-01 180:39.6
  109   1308 -1.150046184894025e-01 7.1e+00 7.03e-02  6e-02  9e-02 184:03.5
  111   1332 -1.148430078667712e-01 7.3e+00 6.69e-02  6e-02  9e-02 187:24.5
  113   1356 -1.148978516822288e-01 7.4e+00 6.73e-02  5e-02  9e-02 190:47.6
  115   1380 -1.148959960994387e-01 7.6e+00 6.39e-02  5e-02  8e-02 194:07.8
  117   1404 -1.154326981133651e-01 7.7e+00 6.05e-02  5e-02  8e-02 197:33.0
  119   1428 -1.150703856951074e-01 8.1e+00 6.05e-02  5e-02  8e-02 200:57.7
  121   1452 -1.150413683217815e-01 8.6e+00 5.89e-02  5e-02  8e-02 204:22.9
  123   1476 -1.149316366391782e-01 8.6e+00 5.08e-02  4e-02  7e-02 207:48.3
  125   1500 -1.153025342022282e-01 8.6e+00 4.66e-02  4e-02  6e-02 211:12.7
  127   1524 -1.153847923653391e-01 8.8e+00 4.40e-02  3e-02  6e-02 214:36.8
  129   1548 -1.151761452288721e-01 8.8e+00 4.04e-02  3e-02  5e-02 218:01.1
  131   1572 -1.153220016928415e-01 8.9e+00 3.68e-02  3e-02  5e-02 221:26.0
  133   1596 -1.153184244195249e-01 9.1e+00 3.84e-02  3e-02  5e-02 224:51.7
  135   1620 -1.154343405549594e-01 9.3e+00 4.04e-02  3e-02  5e-02 228:15.6
  137   1644 -1.154868912174369e-01 9.5e+00 4.00e-02  3e-02  5e-02 231:38.8
  139   1668 -1.156158668424992e-01 9.7e+00 3.79e-02  3e-02  5e-02 235:01.9
  141   1692 -1.157431884839270e-01 9.8e+00 3.75e-02  3e-02  5e-02 238:26.4
  143   1716 -1.156547096739523e-01 9.9e+00 3.46e-02  3e-02  4e-02 241:52.0
  145   1740 -1.156711037374599e-01 1.0e+01 3.33e-02  2e-02  4e-02 245:17.2
  147   1764 -1.156594824979106e-01 1.0e+01 3.07e-02  2e-02  4e-02 248:42.9
  149   1788 -1.156984663395906e-01 1.1e+01 2.91e-02  2e-02  4e-02 252:08.5
  151   1812 -1.156942968931263e-01 1.1e+01 2.97e-02  2e-02  4e-02 255:33.1
  153   1836 -1.158277183203470e-01 1.1e+01 3.09e-02  2e-02  4e-02 258:58.1
  155   1860 -1.158365147843127e-01 1.1e+01 3.10e-02  2e-02  4e-02 262:22.9
  157   1884 -1.159461062411855e-01 1.2e+01 3.22e-02  2e-02  4e-02 265:48.0
  159   1908 -1.159816860245060e-01 1.2e+01 3.21e-02  2e-02  4e-02 269:12.1
  161   1932 -1.160298319737080e-01 1.3e+01 2.95e-02  2e-02  4e-02 272:36.7
  163   1956 -1.160092512363752e-01 1.3e+01 3.02e-02  2e-02  4e-02 276:24.0
  165   1980 -1.159826992286574e-01 1.4e+01 3.47e-02  2e-02  5e-02 280:08.8
  167   2004 -1.160074277872836e-01 1.4e+01 3.67e-02  3e-02  5e-02 283:57.5
  169   2028 -1.160525790766883e-01 1.4e+01 3.75e-02  3e-02  5e-02 287:45.9
  171   2052 -1.161168864319869e-01 1.4e+01 3.87e-02  3e-02  5e-02 291:33.7
  173   2076 -1.160664489352268e-01 1.5e+01 3.74e-02  3e-02  5e-02 295:21.8
  175   2100 -1.161218496981131e-01 1.5e+01 3.74e-02  3e-02  5e-02 299:09.8
  177   2124 -1.162360414492640e-01 1.5e+01 3.77e-02  3e-02  5e-02 302:58.5
  179   2148 -1.161687664034432e-01 1.6e+01 3.66e-02  3e-02  5e-02 306:46.6
  181   2172 -1.161880945620826e-01 1.6e+01 3.59e-02  3e-02  5e-02 310:25.9
  183   2196 -1.161621981957613e-01 1.7e+01 3.47e-02  2e-02  5e-02 314:08.1
  185   2220 -1.161730922474016e-01 1.7e+01 3.24e-02  2e-02  4e-02 317:50.5
  187   2244 -1.161534223572269e-01 1.7e+01 3.10e-02  2e-02  4e-02 321:31.6
  189   2268 -1.162699633677037e-01 1.7e+01 3.06e-02  2e-02  4e-02 325:17.0
  191   2292 -1.162331494594242e-01 1.8e+01 3.04e-02  2e-02  4e-02 329:02.1
  193   2316 -1.162332319091872e-01 1.8e+01 2.89e-02  2e-02  4e-02 332:47.1
  195   2340 -1.162431518029968e-01 1.8e+01 2.79e-02  2e-02  4e-02 336:31.0
  197   2364 -1.162934963994041e-01 1.9e+01 2.67e-02  2e-02  4e-02 340:01.8
  199   2388 -1.163517149925833e-01 1.9e+01 2.89e-02  2e-02  4e-02 343:33.3
  200   2400 -1.163546528572077e-01 1.9e+01 3.04e-02  2e-02  4e-02 345:18.8
  202   2424 -1.163991527832454e-01 2.0e+01 3.33e-02  2e-02  5e-02 348:50.0
  204   2448 -1.163290654426464e-01 2.1e+01 3.29e-02  2e-02  5e-02 352:20.3
  206   2472 -1.163451392627481e-01 2.1e+01 3.08e-02  2e-02  4e-02 355:49.9
  208   2496 -1.163305827727347e-01 2.1e+01 2.82e-02  2e-02  4e-02 359:18.4
  210   2520 -1.163654113008477e-01 2.2e+01 2.58e-02  2e-02  4e-02 362:48.7
  212   2544 -1.164187196432321e-01 2.4e+01 2.73e-02  2e-02  4e-02 366:17.7
  214   2568 -1.164155122010623e-01 2.6e+01 2.96e-02  2e-02  5e-02 369:49.2
  216   2592 -1.165166390489412e-01 2.7e+01 2.97e-02  2e-02  5e-02 373:20.2
  218   2616 -1.165054207397307e-01 2.9e+01 2.89e-02  2e-02  5e-02 376:51.0
  220   2640 -1.165622197670377e-01 3.0e+01 2.92e-02  2e-02  5e-02 380:21.7
  222   2664 -1.165516078881252e-01 3.3e+01 2.94e-02  2e-02  5e-02 383:52.7
  224   2688 -1.165797600951279e-01 3.4e+01 2.83e-02  2e-02  5e-02 387:23.2
  226   2712 -1.165802117661633e-01 3.5e+01 2.70e-02  2e-02  5e-02 390:53.6
  228   2736 -1.166745379915391e-01 3.6e+01 2.75e-02  2e-02  5e-02 394:25.1
  230   2760 -1.166601210361223e-01 3.8e+01 3.04e-02  2e-02  6e-02 397:55.3
  232   2784 -1.167633194282132e-01 4.1e+01 3.58e-02  2e-02  7e-02 401:24.1
  234   2808 -1.167650772136395e-01 4.3e+01 3.68e-02  2e-02  7e-02 404:54.8
  236   2832 -1.167787573477806e-01 4.3e+01 3.58e-02  2e-02  7e-02 408:23.7
  238   2856 -1.167640778500595e-01 4.3e+01 3.74e-02  2e-02  7e-02 411:55.1
  240   2880 -1.167917037129237e-01 4.4e+01 3.61e-02  2e-02  7e-02 415:26.4
  242   2904 -1.167929969490866e-01 4.4e+01 3.46e-02  2e-02  7e-02 418:57.4
  244   2928 -1.168724206194162e-01 4.6e+01 3.53e-02  2e-02  7e-02 422:28.1
  246   2952 -1.168256661746127e-01 4.6e+01 3.57e-02  2e-02  7e-02 425:58.9
  248   2976 -1.168777246706089e-01 4.7e+01 3.69e-02  2e-02  7e-02 429:29.6
  250   3000 -1.168970402282264e-01 4.8e+01 3.64e-02  2e-02  7e-02 433:00.1
  252   3024 -1.168423096928808e-01 4.9e+01 3.48e-02  2e-02  7e-02 436:31.5
  254   3048 -1.169417907286003e-01 5.0e+01 3.48e-02  2e-02  7e-02 439:58.4
  256   3072 -1.169956335779805e-01 5.1e+01 3.90e-02  2e-02  8e-02 443:20.5
  258   3096 -1.169431659524654e-01 5.2e+01 4.52e-02  3e-02  1e-01 446:51.2
  260   3120 -1.169960252249458e-01 5.5e+01 4.73e-02  3e-02  1e-01 450:19.6
  262   3144 -1.170145937473214e-01 5.5e+01 4.31e-02  3e-02  9e-02 453:50.3
  264   3168 -1.169959952734044e-01 5.7e+01 4.26e-02  3e-02  9e-02 457:21.5
  266   3192 -1.170598079704612e-01 5.7e+01 4.25e-02  3e-02  9e-02 460:52.0
  268   3216 -1.171477492854824e-01 5.9e+01 4.11e-02  3e-02  9e-02 464:23.0
  270   3240 -1.171693293545104e-01 5.9e+01 4.21e-02  3e-02  9e-02 467:53.0
  272   3264 -1.171067387638200e-01 6.0e+01 4.19e-02  3e-02  9e-02 471:23.4
  274   3288 -1.172080613210187e-01 6.0e+01 4.21e-02  3e-02  9e-02 474:53.7
  276   3312 -1.172386406804800e-01 6.0e+01 4.33e-02  3e-02  1e-01 478:23.6
  278   3336 -1.171673963890288e-01 6.1e+01 4.69e-02  3e-02  1e-01 481:52.9
  280   3360 -1.172043713265456e-01 6.1e+01 4.58e-02  3e-02  1e-01 485:22.6
  282   3384 -1.172275581798179e-01 6.2e+01 4.48e-02  3e-02  1e-01 488:50.6
  284   3408 -1.172481879204569e-01 6.1e+01 4.73e-02  3e-02  1e-01 492:22.0
  286   3432 -1.173958882248501e-01 6.2e+01 5.34e-02  3e-02  1e-01 495:53.2
  288   3456 -1.171389571934847e-01 6.3e+01 5.60e-02  3e-02  1e-01 499:24.7
  290   3480 -1.173664960610356e-01 6.2e+01 5.74e-02  3e-02  1e-01 502:55.5
  292   3504 -1.173300025327955e-01 6.2e+01 5.43e-02  3e-02  1e-01 506:26.6
  294   3528 -1.174188375981787e-01 6.2e+01 4.96e-02  3e-02  1e-01 509:57.2
  296   3552 -1.174184817976725e-01 6.2e+01 4.69e-02  3e-02  1e-01 513:27.6
  298   3576 -1.174159709124507e-01 6.1e+01 4.25e-02  2e-02  9e-02 516:56.1
  300   3600 -1.174253337072368e-01 6.1e+01 4.00e-02  2e-02  8e-02 520:22.8
Budget constraint satisfied 4724.9903564453125 4835 Difference:  110.0096435546875
Budget constraint satisfied 4558.3564453125 4835 Difference:  276.6435546875
two_most_probable_states: ['00000000110000', '00000000100000']
final_expectation_value: -0.11748247763231066
params: [0.2889136456879472, 3.72750676908135, 1.9501657570068684, -2.482942080784825, 0.2507834268811689, 1.882862782765291, 5.176054106377292, 2.824016192609933, 3.9962530806280565, -2.1510911554608483, 1.3918487435285591, 1.7646829970527205, 1.1192548876226696, 0.8813597696401602, 1.4399132099823042, 2.1827557142597738, 2.540941285749085, 3.0696834757730427, 2.7266338711828957, 0.2742178980893]
total_steps: 300
states_probs: [0.000592889665152559, 0.0006601419348435173]
optimized_portfolios: [{'BA': 0, 'GS': 8, 'PG': 1}, {'BA': 0, 'GS': 8, 'PG': 0}]
objective_values: [-214.3394240352695, -169.5144964035552]
result_with_budget: [{'portfolio': {'BA': 0, 'GS': 8, 'PG': 1}, 'budget': 4724.9903564453125, 'difference': 110.0096435546875}, {'portfolio': {'BA': 0, 'GS': 8, 'PG': 0}, 'budget': 4558.3564453125, 'difference': 276.6435546875}]
Batch 59/100 completed. Results saved to portfolio_optimization_results_batch_58.json
Job finished at Sat Mar 22 19:10:34 EET 2025
