Running job array 59 on pe73.int.triton.aalto.fi
Starting at Fri Mar 21 16:01:42 EET 2025
Activating virtual environment at /scratch/work/uotilav2/quantum-portfolio/venv
Processing batch 60/100: experiments 59 to 59 (total 1)
Processing experiment 59
Budget: 509
YF.download() has changed argument auto_adjust default to True
Number of qubits for asset AXP: 1
Number of qubits for asset CAT: 1
Number of qubits for asset CRM: 1
Number of qubits for asset HD: 1
Number of qubits for asset MRK: 3
Number of qubits for asset NKE: 3
Number of qubits for asset UNH: 1
Total number of qubits:  11
Optimized Weights (considering variance, skewness and kurtosis):
AXP: 0.00%
CAT: 36.21%
CRM: 36.51%
HD: 0.00%
MRK: 0.00%
NKE: 0.00%
UNH: 27.28%
Left over budget:  99.38107978065932
Optimized Discrete Allocation:
CRM: 1
NKE: 1
Maximized utility from continuous higher moments:  0.09303205730697019
Budget constraint satisfied 508.2468719482422 509 Difference:  0.7531280517578125
Budget constraint not satisfied 512.0128326416016 509 Difference:  -3.0128326416015625
smallest_eigenvalues: [-0.04015652726977049]
smallest_bitstrings: ['00101001000']
first_excited_energy: -0.04015518796029638
optimized_portfolio: [{'AXP': 0, 'CAT': 0, 'CRM': 1, 'HD': 0, 'MRK': 1, 'NKE': 1, 'UNH': 0}]
second_optimized_portfolio: [{'AXP': 0, 'CAT': 1, 'CRM': 0, 'HD': 0, 'MRK': 0, 'NKE': 2, 'UNH': 0}]
result_with_budget: [{'portfolio': {'AXP': 0, 'CAT': 0, 'CRM': 1, 'HD': 0, 'MRK': 1, 'NKE': 1, 'UNH': 0}, 'budget': 508.2468719482422, 'difference': 0.7531280517578125, 'objective_value': 0.23800556941909679}]
result_with_budget_excited: [{'portfolio': {'AXP': 0, 'CAT': 1, 'CRM': 0, 'HD': 0, 'MRK': 0, 'NKE': 2, 'UNH': 0}, 'budget': 512.0128326416016, 'difference': -3.0128326416015625, 'objective_value': -0.7246228312811247}]
Initial params:  [2.51063067 1.44978017 2.45210473 0.37157007 2.01037118 0.45035763
 2.96776493 1.63943485 1.3026989  0.83112597 2.43232687 1.43303853
 1.78578792 0.0590299  1.94035914 1.92295543 1.93815531 2.96487203
 2.14200164 1.12942738]
(6_w,12)-aCMA-ES (mu_w=3.7,w_1=40%) in dimension 20 (seed=715486, Fri Mar 21 16:02:06 2025)
Iterat #Fevals   function value  axis ratio  sigma  min&max std  t[m:s]
    1     12 -6.359734892471259e-03 1.0e+00 9.33e-02  9e-02  9e-02 0:47.2
    2     24 -6.425541194252811e-03 1.1e+00 9.20e-02  9e-02  9e-02 1:28.5
    3     36 -6.478064166894937e-03 1.2e+00 9.15e-02  9e-02  9e-02 2:10.1
    4     48 -6.470669627433411e-03 1.2e+00 8.94e-02  9e-02  9e-02 2:51.5
    5     60 -1.019292080800232e-02 1.2e+00 9.00e-02  9e-02  9e-02 3:33.2
    6     72 -1.828586119393290e-02 1.2e+00 9.11e-02  9e-02  9e-02 4:14.5
    7     84 -2.048028942724954e-02 1.3e+00 9.18e-02  9e-02  9e-02 4:55.9
    8     96 -1.930599259317157e-02 1.3e+00 8.94e-02  8e-02  9e-02 5:37.4
    9    108 -2.197850915558011e-02 1.3e+00 9.35e-02  9e-02  1e-01 6:18.8
   10    120 -2.316563620383219e-02 1.4e+00 9.34e-02  9e-02  1e-01 7:00.1
   11    132 -2.320251846556638e-02 1.4e+00 9.48e-02  9e-02  1e-01 7:41.6
   12    144 -2.444861659730483e-02 1.5e+00 9.44e-02  9e-02  1e-01 8:23.1
   13    156 -2.406622645804226e-02 1.5e+00 9.12e-02  9e-02  9e-02 9:04.6
   14    168 -2.544392489445551e-02 1.5e+00 9.18e-02  9e-02  9e-02 9:46.3
   15    180 -2.523436061869163e-02 1.5e+00 9.34e-02  9e-02  1e-01 10:27.7
   16    192 -2.612274514669268e-02 1.6e+00 9.53e-02  9e-02  1e-01 11:09.1
   17    204 -2.480309237608480e-02 1.6e+00 9.63e-02  9e-02  1e-01 11:50.5
   18    216 -2.599811915650640e-02 1.7e+00 9.55e-02  9e-02  1e-01 12:32.1
   19    228 -2.627637828951744e-02 1.7e+00 9.49e-02  9e-02  1e-01 13:13.5
   20    240 -2.595236539366053e-02 1.7e+00 9.39e-02  9e-02  1e-01 13:54.9
   21    252 -2.495797550249299e-02 1.8e+00 9.39e-02  9e-02  1e-01 14:36.2
   22    264 -2.480836566610234e-02 1.8e+00 9.32e-02  9e-02  1e-01 15:17.6
   23    276 -2.584986414430469e-02 1.8e+00 9.08e-02  8e-02  1e-01 15:59.1
   24    288 -2.610532077867022e-02 1.9e+00 8.71e-02  8e-02  9e-02 16:40.6
   25    300 -2.635594195261784e-02 1.9e+00 8.51e-02  8e-02  9e-02 17:22.1
   26    312 -2.617795309573140e-02 1.9e+00 8.34e-02  7e-02  9e-02 18:03.5
   27    324 -2.622056916330308e-02 1.9e+00 8.28e-02  7e-02  9e-02 18:45.0
   28    336 -2.605177350977570e-02 1.9e+00 7.87e-02  7e-02  9e-02 19:26.6
   29    348 -2.619144195736909e-02 1.9e+00 7.58e-02  7e-02  8e-02 20:08.1
   30    360 -2.611415052780246e-02 2.0e+00 7.29e-02  7e-02  8e-02 20:49.4
   31    372 -2.663365465003985e-02 2.0e+00 7.32e-02  7e-02  8e-02 21:30.8
   32    384 -2.654254864891042e-02 2.0e+00 7.43e-02  7e-02  8e-02 22:11.9
   33    396 -2.691146224142045e-02 2.0e+00 7.50e-02  7e-02  8e-02 22:53.2
   34    408 -2.684247572408426e-02 2.0e+00 7.41e-02  7e-02  8e-02 23:34.6
   35    420 -2.710798598831651e-02 2.0e+00 7.56e-02  7e-02  8e-02 24:16.1
   36    432 -2.692277775755076e-02 2.1e+00 7.74e-02  7e-02  8e-02 24:57.5
   37    444 -2.726077724024146e-02 2.1e+00 7.99e-02  7e-02  9e-02 25:38.9
   38    456 -2.758724011939904e-02 2.2e+00 8.47e-02  8e-02  9e-02 26:20.3
   39    468 -2.783797455560095e-02 2.3e+00 8.99e-02  8e-02  1e-01 27:01.7
   40    480 -2.742683251393821e-02 2.3e+00 9.16e-02  9e-02  1e-01 27:43.2
   41    492 -2.748916790902322e-02 2.4e+00 9.22e-02  8e-02  1e-01 28:24.8
   42    504 -2.687212702044931e-02 2.3e+00 9.57e-02  9e-02  1e-01 29:06.2
   44    528 -2.809448913227579e-02 2.4e+00 1.00e-01  9e-02  1e-01 30:29.4
   46    552 -2.733641889309578e-02 2.6e+00 9.92e-02  9e-02  1e-01 31:52.2
   48    576 -2.721390954850113e-02 2.7e+00 9.58e-02  9e-02  1e-01 33:15.0
   50    600 -2.568359174741081e-02 2.7e+00 9.36e-02  9e-02  1e-01 34:37.7
   52    624 -2.689611849347608e-02 2.8e+00 8.77e-02  8e-02  1e-01 35:57.9
   54    648 -2.756510566302247e-02 2.9e+00 8.30e-02  7e-02  9e-02 37:18.4
   56    672 -2.798975643165314e-02 3.0e+00 7.69e-02  7e-02  8e-02 38:38.4
   58    696 -2.795645389491954e-02 3.0e+00 7.32e-02  6e-02  8e-02 39:58.4
   60    720 -2.796686110124068e-02 3.1e+00 7.00e-02  6e-02  8e-02 41:18.5
   62    744 -2.844029313328915e-02 3.2e+00 6.66e-02  6e-02  7e-02 42:38.7
   64    768 -2.839422277957091e-02 3.3e+00 6.45e-02  6e-02  7e-02 43:58.9
   66    792 -2.843384903621582e-02 3.3e+00 6.19e-02  5e-02  7e-02 45:19.1
   68    816 -2.825149285955545e-02 3.3e+00 5.94e-02  5e-02  7e-02 46:39.2
   70    840 -2.833995977981811e-02 3.4e+00 5.43e-02  5e-02  6e-02 47:59.3
   72    864 -2.845788080978824e-02 3.6e+00 5.34e-02  4e-02  6e-02 49:19.5
   74    888 -2.856400443857266e-02 3.7e+00 5.23e-02  4e-02  6e-02 50:39.8
   76    912 -2.867972598324532e-02 3.8e+00 5.36e-02  4e-02  6e-02 52:00.2
   78    936 -2.871647552007139e-02 3.8e+00 5.51e-02  5e-02  7e-02 53:20.3
   80    960 -2.879146370007267e-02 3.8e+00 5.36e-02  4e-02  6e-02 54:40.6
   82    984 -2.865449632687035e-02 3.9e+00 5.40e-02  4e-02  6e-02 56:00.6
   84   1008 -2.900516844994130e-02 4.0e+00 5.53e-02  5e-02  7e-02 57:20.8
   86   1032 -2.901922841467311e-02 4.3e+00 5.99e-02  5e-02  8e-02 58:41.1
   88   1056 -2.887542123575151e-02 4.5e+00 6.33e-02  5e-02  8e-02 60:01.5
   90   1080 -2.901899350067661e-02 4.9e+00 6.60e-02  5e-02  9e-02 61:22.1
   92   1104 -2.914946194257106e-02 5.3e+00 6.57e-02  5e-02  9e-02 62:42.6
   94   1128 -2.902497129788119e-02 5.6e+00 6.57e-02  5e-02  9e-02 64:03.1
   96   1152 -2.920017814637138e-02 5.9e+00 6.37e-02  5e-02  9e-02 65:23.5
   98   1176 -2.934299457785493e-02 6.2e+00 6.51e-02  5e-02  9e-02 66:44.1
  100   1200 -2.904995666488216e-02 6.5e+00 6.43e-02  5e-02  9e-02 68:04.7
  102   1224 -2.913314614466886e-02 6.6e+00 5.83e-02  5e-02  8e-02 69:24.7
  104   1248 -2.938832017627686e-02 6.7e+00 5.17e-02  4e-02  7e-02 70:44.9
  106   1272 -2.930330709749695e-02 7.0e+00 4.59e-02  4e-02  6e-02 72:05.0
  108   1296 -2.941404008651544e-02 7.0e+00 4.27e-02  3e-02  6e-02 73:25.3
  110   1320 -2.939925351103031e-02 7.1e+00 4.03e-02  3e-02  5e-02 74:45.5
  112   1344 -2.940255079441749e-02 7.4e+00 3.78e-02  3e-02  5e-02 76:05.9
  114   1368 -2.939275159309779e-02 7.6e+00 3.78e-02  3e-02  5e-02 77:26.6
  116   1392 -2.931170585144761e-02 7.8e+00 3.83e-02  3e-02  5e-02 78:47.4
  118   1416 -2.944345073942091e-02 8.0e+00 3.68e-02  3e-02  5e-02 80:08.4
  120   1440 -2.953054664803561e-02 8.2e+00 3.59e-02  3e-02  5e-02 81:29.5
  123   1476 -2.962618435101395e-02 8.5e+00 3.58e-02  3e-02  5e-02 83:30.9
  126   1512 -2.967481719055675e-02 8.7e+00 3.78e-02  3e-02  5e-02 85:32.1
  129   1548 -2.978452415701375e-02 9.1e+00 4.13e-02  3e-02  5e-02 87:33.4
  132   1584 -3.001691676296091e-02 9.5e+00 4.43e-02  3e-02  6e-02 89:34.3
  135   1620 -3.010250421064416e-02 9.9e+00 4.95e-02  4e-02  7e-02 91:35.4
  138   1656 -3.002296217163066e-02 1.1e+01 5.56e-02  4e-02  8e-02 93:36.6
  141   1692 -3.005576343254213e-02 1.2e+01 5.42e-02  4e-02  8e-02 95:37.6
  144   1728 -3.019522224326207e-02 1.2e+01 4.93e-02  4e-02  8e-02 97:38.8
  147   1764 -3.016315003635370e-02 1.2e+01 4.45e-02  3e-02  7e-02 99:39.9
  150   1800 -3.020635111472032e-02 1.3e+01 4.04e-02  3e-02  6e-02 101:41.2
  153   1836 -3.026043332848097e-02 1.3e+01 3.60e-02  3e-02  6e-02 103:42.1
  156   1872 -3.024636875176997e-02 1.4e+01 3.37e-02  2e-02  5e-02 105:43.1
  159   1908 -3.026514664747668e-02 1.4e+01 3.20e-02  2e-02  5e-02 107:44.2
  162   1944 -3.030471246176826e-02 1.4e+01 2.92e-02  2e-02  5e-02 109:45.2
  165   1980 -3.029844330572056e-02 1.5e+01 2.89e-02  2e-02  5e-02 111:46.0
  168   2016 -3.035594921525981e-02 1.5e+01 3.16e-02  2e-02  5e-02 113:46.5
  171   2052 -3.037823227664293e-02 1.5e+01 3.06e-02  2e-02  5e-02 115:46.9
  174   2088 -3.042755577133376e-02 1.5e+01 3.14e-02  2e-02  5e-02 117:47.2
  177   2124 -3.038290521400455e-02 1.5e+01 3.12e-02  2e-02  5e-02 119:47.6
  180   2160 -3.045674694541510e-02 1.6e+01 2.94e-02  2e-02  5e-02 121:48.1
  183   2196 -3.048645805248981e-02 1.6e+01 2.68e-02  2e-02  4e-02 123:48.6
  186   2232 -3.049291332862759e-02 1.6e+01 2.83e-02  2e-02  4e-02 125:48.9
  189   2268 -3.050311015669166e-02 1.6e+01 3.22e-02  2e-02  5e-02 127:49.4
  192   2304 -3.050608290800756e-02 1.6e+01 3.09e-02  2e-02  5e-02 129:49.5
  195   2340 -3.058011280365408e-02 1.7e+01 3.16e-02  2e-02  5e-02 131:49.8
  198   2376 -3.062083024869363e-02 1.7e+01 3.29e-02  2e-02  5e-02 133:50.2
  200   2400 -3.060433786958716e-02 1.7e+01 3.36e-02  2e-02  5e-02 135:10.6
  203   2436 -3.067403023918692e-02 1.8e+01 3.41e-02  2e-02  5e-02 137:10.9
  206   2472 -3.073346669493817e-02 1.8e+01 3.58e-02  2e-02  5e-02 139:11.4
  209   2508 -3.085294760942419e-02 1.9e+01 3.81e-02  2e-02  6e-02 141:11.8
  212   2544 -3.095775283834807e-02 2.0e+01 5.12e-02  3e-02  8e-02 143:12.1
  215   2580 -3.095084894714055e-02 2.1e+01 6.31e-02  3e-02  1e-01 145:12.3
  218   2616 -3.108605084995760e-02 2.2e+01 7.31e-02  4e-02  1e-01 147:12.9
  221   2652 -3.102438702110460e-02 2.2e+01 6.68e-02  3e-02  1e-01 149:13.2
  224   2688 -3.105306568056817e-02 2.2e+01 6.26e-02  3e-02  1e-01 151:13.6
  227   2724 -3.117772312392746e-02 2.3e+01 5.85e-02  3e-02  1e-01 153:14.1
  230   2760 -3.119954114214960e-02 2.4e+01 5.49e-02  3e-02  1e-01 155:14.7
  233   2796 -3.109483212675110e-02 2.4e+01 5.38e-02  3e-02  1e-01 157:14.7
  236   2832 -3.109978972729024e-02 2.5e+01 5.51e-02  3e-02  1e-01 159:15.1
  239   2868 -3.130124409492684e-02 2.5e+01 5.40e-02  3e-02  1e-01 161:15.6
  243   2916 -3.134779453573931e-02 2.6e+01 5.18e-02  2e-02  1e-01 163:56.1
  247   2964 -3.138697363695715e-02 2.8e+01 5.22e-02  2e-02  1e-01 166:36.6
  251   3012 -3.150086673898909e-02 3.0e+01 4.96e-02  2e-02  9e-02 169:17.6
  255   3060 -3.155598703998882e-02 3.0e+01 4.66e-02  2e-02  9e-02 171:58.0
  259   3108 -3.167161551133751e-02 3.2e+01 4.62e-02  2e-02  9e-02 174:38.5
  263   3156 -3.175347411383166e-02 3.4e+01 4.31e-02  2e-02  9e-02 177:18.9
  267   3204 -3.185083617210658e-02 3.5e+01 4.51e-02  2e-02  9e-02 179:59.2
  271   3252 -3.187739759202380e-02 3.6e+01 4.48e-02  2e-02  9e-02 182:40.0
  275   3300 -3.195540335154715e-02 3.7e+01 4.30e-02  2e-02  9e-02 185:20.1
  279   3348 -3.203007010729592e-02 3.9e+01 4.86e-02  2e-02  1e-01 188:00.5
  283   3396 -3.210307247969293e-02 4.1e+01 4.89e-02  2e-02  1e-01 190:41.2
  287   3444 -3.208737291113455e-02 4.4e+01 4.79e-02  2e-02  1e-01 193:21.9
  291   3492 -3.209253660201214e-02 4.8e+01 4.73e-02  2e-02  1e-01 196:03.3
  295   3540 -3.225296308041140e-02 4.9e+01 4.76e-02  2e-02  1e-01 198:44.6
  299   3588 -3.223883785575583e-02 5.1e+01 5.12e-02  2e-02  1e-01 201:25.9
  300   3600 -3.223878519209945e-02 5.1e+01 5.08e-02  2e-02  1e-01 202:06.3
  304   3648 -3.224266650935404e-02 5.4e+01 5.56e-02  2e-02  1e-01 204:47.8
  308   3696 -3.219509998818144e-02 5.7e+01 5.96e-02  2e-02  2e-01 207:29.1
  312   3744 -3.217240275314803e-02 5.6e+01 5.17e-02  2e-02  1e-01 210:10.6
  316   3792 -3.233588068068596e-02 5.7e+01 4.53e-02  1e-02  1e-01 212:51.5
  320   3840 -3.225620120378329e-02 5.9e+01 4.30e-02  1e-02  1e-01 215:32.0
  324   3888 -3.237862210597774e-02 5.8e+01 3.35e-02  9e-03  9e-02 218:12.2
  328   3936 -3.235477965226094e-02 5.8e+01 3.59e-02  1e-02  9e-02 220:52.8
  332   3984 -3.235991921016190e-02 5.8e+01 3.61e-02  1e-02  9e-02 223:33.3
  336   4032 -3.240640258168584e-02 5.9e+01 3.36e-02  9e-03  9e-02 226:13.4
  340   4080 -3.241913485692002e-02 5.9e+01 2.92e-02  8e-03  7e-02 228:54.0
  344   4128 -3.242048705240186e-02 5.9e+01 2.58e-02  7e-03  6e-02 231:34.5
  348   4176 -3.246080119449253e-02 6.0e+01 2.59e-02  6e-03  7e-02 234:14.9
  352   4224 -3.247458431936246e-02 5.8e+01 2.68e-02  7e-03  7e-02 236:55.1
  356   4272 -3.248554046001233e-02 5.8e+01 2.71e-02  7e-03  7e-02 239:36.0
  360   4320 -3.250025772669703e-02 5.7e+01 2.66e-02  7e-03  7e-02 242:16.8
  364   4368 -3.250293608016072e-02 5.8e+01 2.54e-02  6e-03  6e-02 244:57.5
  368   4416 -3.253145942597901e-02 5.9e+01 2.27e-02  5e-03  6e-02 247:37.5
  372   4464 -3.256796949836881e-02 6.2e+01 2.47e-02  5e-03  6e-02 250:17.5
  376   4512 -3.258702304682112e-02 6.4e+01 2.85e-02  6e-03  7e-02 252:57.4
  380   4560 -3.259707067373066e-02 6.5e+01 2.92e-02  6e-03  8e-02 255:37.6
  384   4608 -3.263719267057406e-02 6.6e+01 2.98e-02  6e-03  8e-02 258:17.8
  388   4656 -3.261077816143168e-02 6.6e+01 3.03e-02  6e-03  8e-02 260:58.0
  392   4704 -3.263021613010644e-02 6.7e+01 2.51e-02  5e-03  7e-02 263:37.8
  397   4764 -3.265358735339533e-02 6.7e+01 2.42e-02  5e-03  6e-02 266:57.5
  400   4800 -3.265245546541751e-02 6.7e+01 2.63e-02  5e-03  7e-02 268:57.5
  405   4860 -3.267515000961180e-02 6.9e+01 2.81e-02  5e-03  7e-02 272:18.1
  410   4920 -3.268538090383277e-02 7.2e+01 3.33e-02  6e-03  9e-02 275:38.3
  415   4980 -3.273639133247393e-02 7.2e+01 3.77e-02  7e-03  1e-01 278:57.7
  420   5040 -3.275123617135130e-02 7.5e+01 3.65e-02  7e-03  1e-01 282:17.3
  425   5100 -3.277695281208448e-02 7.6e+01 3.54e-02  6e-03  9e-02 285:36.9
  430   5160 -3.277465095530473e-02 7.8e+01 2.93e-02  5e-03  8e-02 288:56.9
  435   5220 -3.279194590617075e-02 8.1e+01 2.32e-02  4e-03  6e-02 292:16.4
  440   5280 -3.280598208747067e-02 8.5e+01 2.44e-02  4e-03  7e-02 295:36.5
  445   5340 -3.281313205539263e-02 8.8e+01 2.27e-02  4e-03  6e-02 298:56.6
  450   5400 -3.283471878205328e-02 8.9e+01 2.18e-02  4e-03  6e-02 302:16.7
  455   5460 -3.284751042037861e-02 8.9e+01 2.49e-02  4e-03  7e-02 305:37.0
  460   5520 -3.284394679031751e-02 8.9e+01 2.89e-02  5e-03  8e-02 308:57.3
  465   5580 -3.286323034794868e-02 8.8e+01 3.21e-02  5e-03  9e-02 312:17.2
  470   5640 -3.289463729851387e-02 8.6e+01 3.72e-02  5e-03  1e-01 315:37.2
  475   5700 -3.291389750968939e-02 8.7e+01 3.85e-02  5e-03  1e-01 318:57.2
  480   5760 -3.291954495625266e-02 8.7e+01 4.00e-02  6e-03  1e-01 322:17.1
  485   5820 -3.295124600190458e-02 8.7e+01 3.75e-02  5e-03  1e-01 325:36.9
  490   5880 -3.296061647334874e-02 8.8e+01 3.17e-02  4e-03  9e-02 328:57.2
  495   5940 -3.297431284612341e-02 8.6e+01 3.06e-02  4e-03  9e-02 332:17.0
  500   6000 -3.298146199593875e-02 8.8e+01 3.02e-02  4e-03  1e-01 335:37.8
  505   6060 -3.299186514196351e-02 9.0e+01 2.69e-02  4e-03  8e-02 338:57.9
  510   6120 -3.299974789481006e-02 8.5e+01 2.81e-02  4e-03  9e-02 342:18.1
  515   6180 -3.301282808795572e-02 8.8e+01 2.67e-02  3e-03  8e-02 345:38.0
  520   6240 -3.301298140030475e-02 9.1e+01 2.64e-02  3e-03  8e-02 348:58.2
  525   6300 -3.303028185751122e-02 9.2e+01 3.13e-02  4e-03  1e-01 352:18.4
  530   6360 -3.302345362736962e-02 9.2e+01 2.67e-02  3e-03  9e-02 355:39.0
  535   6420 -3.303377835761004e-02 9.3e+01 2.63e-02  3e-03  9e-02 358:59.8
  540   6480 -3.304175506747654e-02 9.5e+01 2.24e-02  3e-03  7e-02 362:20.1
  545   6540 -3.305265794308791e-02 9.5e+01 2.07e-02  2e-03  7e-02 365:40.5
  550   6600 -3.305525376722094e-02 9.5e+01 1.86e-02  2e-03  6e-02 369:00.7
  555   6660 -3.306594874699982e-02 9.3e+01 1.94e-02  2e-03  6e-02 372:20.1
  560   6720 -3.306495402131974e-02 9.5e+01 2.29e-02  3e-03  7e-02 375:40.3
  565   6780 -3.307113364202757e-02 9.5e+01 2.29e-02  3e-03  7e-02 379:00.4
  570   6840 -3.307835944074160e-02 9.5e+01 2.11e-02  2e-03  6e-02 382:20.2
  575   6900 -3.307969063961187e-02 9.1e+01 2.30e-02  3e-03  7e-02 385:39.6
  580   6960 -3.309083574489954e-02 9.2e+01 2.45e-02  3e-03  7e-02 388:59.2
  585   7020 -3.309084159662105e-02 9.6e+01 2.64e-02  3e-03  8e-02 392:19.0
  590   7080 -3.309690626947803e-02 9.9e+01 2.40e-02  3e-03  7e-02 395:38.9
  596   7152 -3.310661812712388e-02 9.9e+01 2.29e-02  2e-03  7e-02 399:38.4
  600   7200 -3.311465370336134e-02 1.0e+02 2.36e-02  2e-03  7e-02 402:18.3
  606   7272 -3.311122279944318e-02 1.1e+02 2.68e-02  3e-03  8e-02 406:18.0
  612   7344 -3.312916219176201e-02 1.1e+02 2.45e-02  3e-03  7e-02 410:17.6
  618   7416 -3.314156972050999e-02 1.2e+02 2.57e-02  3e-03  8e-02 414:18.0
  624   7488 -3.316410257571711e-02 1.3e+02 3.89e-02  4e-03  1e-01 418:17.9
  630   7560 -3.317027357214424e-02 1.3e+02 5.08e-02  5e-03  2e-01 422:17.7
  636   7632 -3.320977848982478e-02 1.4e+02 5.01e-02  5e-03  2e-01 426:17.6
  642   7704 -3.324730333223287e-02 1.5e+02 5.92e-02  7e-03  2e-01 430:18.2
  648   7776 -3.330720725848836e-02 1.7e+02 6.44e-02  7e-03  3e-01 434:18.3
  654   7848 -3.337280659958258e-02 1.8e+02 6.62e-02  8e-03  3e-01 438:17.9
  660   7920 -3.340310808766844e-02 1.8e+02 5.83e-02  6e-03  3e-01 442:18.2
  666   7992 -3.352023481910636e-02 1.9e+02 6.11e-02  7e-03  3e-01 446:17.8
  672   8064 -3.365843306382345e-02 2.1e+02 6.69e-02  8e-03  3e-01 450:17.5
  678   8136 -3.388496743188529e-02 2.3e+02 7.26e-02  9e-03  4e-01 454:17.5
  684   8208 -3.394527293912659e-02 2.4e+02 6.92e-02  8e-03  4e-01 458:16.8
  690   8280 -3.403392224259466e-02 2.4e+02 8.16e-02  1e-02  4e-01 462:16.4
  696   8352 -3.436150654096986e-02 2.4e+02 7.68e-02  9e-03  4e-01 466:16.7
  700   8400 -3.466085344395088e-02 2.6e+02 9.43e-02  1e-02  5e-01 468:57.0
  706   8472 -3.496416304679453e-02 2.9e+02 1.20e-01  2e-02  7e-01 472:57.3
  712   8544 -3.539737628054540e-02 3.0e+02 1.24e-01  2e-02  8e-01 476:57.0
  718   8616 -3.551840325469410e-02 3.1e+02 1.19e-01  2e-02  7e-01 480:56.6
  724   8688 -3.550331361017556e-02 3.1e+02 9.43e-02  1e-02  6e-01 484:56.6
  730   8760 -3.574163604858714e-02 3.0e+02 8.34e-02  1e-02  5e-01 488:56.6
  736   8832 -3.594544661212579e-02 2.8e+02 8.18e-02  1e-02  5e-01 492:56.0
  742   8904 -3.600174041403935e-02 2.8e+02 6.95e-02  8e-03  4e-01 496:55.7
  748   8976 -3.600497420178442e-02 2.7e+02 6.83e-02  8e-03  4e-01 500:55.4
  754   9048 -3.599032221591665e-02 2.5e+02 6.05e-02  6e-03  3e-01 504:55.4
  760   9120 -3.601987849218376e-02 2.5e+02 4.86e-02  5e-03  2e-01 508:55.4
  766   9192 -3.604039914993590e-02 2.4e+02 3.82e-02  4e-03  2e-01 512:55.8
  772   9264 -3.606195442925125e-02 2.3e+02 4.05e-02  4e-03  2e-01 516:55.7
  778   9336 -3.606883253729317e-02 2.3e+02 4.12e-02  4e-03  2e-01 520:56.1
  784   9408 -3.607599342828714e-02 2.2e+02 4.62e-02  4e-03  2e-01 524:56.1
  790   9480 -3.608943980568076e-02 2.1e+02 5.04e-02  4e-03  2e-01 528:56.0
  796   9552 -3.610395656596720e-02 2.1e+02 4.78e-02  4e-03  2e-01 532:56.1
  800   9600 -3.613422884753791e-02 2.1e+02 5.24e-02  4e-03  2e-01 535:36.7
  806   9672 -3.613181541781830e-02 2.0e+02 4.95e-02  4e-03  2e-01 539:37.3
  812   9744 -3.614709869329374e-02 2.1e+02 4.67e-02  4e-03  2e-01 543:37.7
  818   9816 -3.615766932969738e-02 2.1e+02 4.25e-02  3e-03  2e-01 547:38.6
  824   9888 -3.615947540437077e-02 2.1e+02 3.66e-02  3e-03  1e-01 551:38.6
  831   9972 -3.616847172723615e-02 2.2e+02 3.23e-02  2e-03  1e-01 556:18.4
  838  10056 -3.617644507682096e-02 2.2e+02 3.21e-02  2e-03  1e-01 560:58.0
  845  10140 -3.618218655685675e-02 2.4e+02 3.27e-02  2e-03  1e-01 565:37.8
  852  10224 -3.618180707803962e-02 2.3e+02 2.53e-02  2e-03  1e-01 570:17.9
  859  10308 -3.618928991597674e-02 2.5e+02 2.28e-02  2e-03  9e-02 574:58.9
  866  10392 -3.619518589832312e-02 2.7e+02 2.33e-02  2e-03  1e-01 579:39.7
  873  10476 -3.619798682859229e-02 3.1e+02 2.46e-02  2e-03  1e-01 584:21.0
  880  10560 -3.620308126155727e-02 3.1e+02 2.52e-02  2e-03  1e-01 589:01.8
  887  10644 -3.620821268844979e-02 3.4e+02 3.01e-02  2e-03  1e-01 593:43.2
  894  10728 -3.621365767158088e-02 3.7e+02 3.55e-02  2e-03  2e-01 598:23.5
  900  10800 -3.621737914673157e-02 3.8e+02 3.80e-02  2e-03  2e-01 602:23.4
  907  10884 -3.622175653158988e-02 4.3e+02 3.63e-02  2e-03  2e-01 607:03.5
  914  10968 -3.622752069603311e-02 4.3e+02 3.20e-02  2e-03  2e-01 611:43.2
  921  11052 -3.623395829417104e-02 4.4e+02 2.78e-02  2e-03  2e-01 616:23.6
  928  11136 -3.623782860142184e-02 4.8e+02 2.53e-02  2e-03  1e-01 621:04.5
  935  11220 -3.624560440510237e-02 5.5e+02 3.21e-02  2e-03  2e-01 625:45.1
  942  11304 -3.625249926983157e-02 5.9e+02 3.93e-02  2e-03  3e-01 630:25.6
  949  11388 -3.627082426043645e-02 6.2e+02 4.44e-02  3e-03  3e-01 635:06.3
  956  11472 -3.629168505036239e-02 6.5e+02 4.84e-02  3e-03  4e-01 639:46.6
  963  11556 -3.631021781727096e-02 7.7e+02 6.57e-02  4e-03  6e-01 644:28.1
  970  11640 -3.632753742315004e-02 8.5e+02 7.24e-02  4e-03  7e-01 649:09.1
  977  11724 -3.634829623528743e-02 8.3e+02 6.06e-02  3e-03  5e-01 653:50.8
  984  11808 -3.635218985248930e-02 8.1e+02 7.13e-02  4e-03  6e-01 658:32.7
  991  11892 -3.638917569564318e-02 8.2e+02 6.59e-02  3e-03  6e-01 663:14.0
  998  11976 -3.641911174039682e-02 8.3e+02 7.33e-02  3e-03  7e-01 667:54.6
 1000  12000 -3.640836555914295e-02 8.4e+02 7.76e-02  4e-03  7e-01 669:15.0
Budget constraint not satisfied 578.9962387084961 509 Difference:  -69.9962387084961
Budget constraint satisfied 503.7073059082031 509 Difference:  5.292694091796875
two_most_probable_states: ['00000001001', '00000000001']
final_expectation_value: -0.036429585208313284
params: [3.923222048217625, 5.523221450168792, 4.111668479448016, 4.376333705338245, 7.246595707600321, 5.883599075740932, 29.90863021376471, 10.96150743219586, 22.050221652623176, 7.393153615352122, 3.922090844910851, 1.1638595692146947, 2.7444584801865943, -0.38431102379790893, 1.168300177253558, 1.348159976695597, 3.075417073185695, 3.10028702377526, 1.525039703533164, 1.626172010264758]
total_steps: 1000
states_probs: [0.019784911349889175, 0.02940698746015745]
optimized_portfolios: [{'AXP': 0, 'CAT': 0, 'CRM': 0, 'HD': 0, 'MRK': 0, 'NKE': 1, 'UNH': 1}, {'AXP': 0, 'CAT': 0, 'CRM': 0, 'HD': 0, 'MRK': 0, 'NKE': 0, 'UNH': 1}]
objective_values: [-0.02325163572801986, 0.14000919352215668]
result_with_budget: [{'portfolio': {'AXP': 0, 'CAT': 0, 'CRM': 0, 'HD': 0, 'MRK': 0, 'NKE': 1, 'UNH': 1}, 'budget': 578.9962387084961, 'difference': -69.9962387084961}, {'portfolio': {'AXP': 0, 'CAT': 0, 'CRM': 0, 'HD': 0, 'MRK': 0, 'NKE': 0, 'UNH': 1}, 'budget': 503.7073059082031, 'difference': 5.292694091796875}]
Batch 60/100 completed. Results saved to portfolio_optimization_results_batch_59.json
Job finished at Sat Mar 22 03:14:44 EET 2025
