Running job array 27 on pe77.int.triton.aalto.fi
Starting at Fri Mar 21 16:01:42 EET 2025
Activating virtual environment at /scratch/work/uotilav2/quantum-portfolio/venv
Processing batch 28/100: experiments 27 to 27 (total 1)
Processing experiment 27
Budget: 2902
YF.download() has changed argument auto_adjust default to True
Number of qubits for asset CAT: 4
Number of qubits for asset CRM: 4
Total number of qubits:  8
Optimized Weights (considering variance, skewness and kurtosis):
CAT: 52.07%
CRM: 47.93%
Left over budget:  118.94018275983535
Optimized Discrete Allocation:
CAT: 4
CRM: 4
Maximized utility from continuous higher moments:  -11.960972605748516
Budget constraint satisfied 2891.479736328125 2902 Difference:  10.520263671875
Budget constraint satisfied 2864.374755859375 2902 Difference:  37.625244140625
smallest_eigenvalues: [-0.17418833281413076]
smallest_bitstrings: ['00010000']
first_excited_energy: -0.17416141219183426
optimized_portfolio: [{'CAT': 8, 'CRM': 0}]
second_optimized_portfolio: [{'CAT': 7, 'CRM': 1}]
result_with_budget: [{'portfolio': {'CAT': 8, 'CRM': 0}, 'budget': 2891.479736328125, 'difference': 10.520263671875, 'objective_value': -72.48541808013773}]
result_with_budget_excited: [{'portfolio': {'CAT': 7, 'CRM': 1}, 'budget': 2864.374755859375, 'difference': 37.625244140625, 'objective_value': -39.233437136982474}]
Initial params:  [2.61575239 2.44465153 2.73322377 3.07442019 2.51063067 1.44978017
 2.45210473 0.37157007 2.01037118 0.45035763 2.96776493 1.63943485
 1.3026989  0.83112597 2.43232687 1.43303853]
(6_w,12)-aCMA-ES (mu_w=3.7,w_1=40%) in dimension 16 (seed=667120, Fri Mar 21 16:02:00 2025)
Iterat #Fevals   function value  axis ratio  sigma  min&max std  t[m:s]
    1     12 2.903294165037260e-02 1.0e+00 9.27e-02  9e-02  9e-02 0:08.9
    2     24 2.178676788726368e-02 1.1e+00 9.18e-02  9e-02  9e-02 0:17.9
    3     36 1.510602763498701e-02 1.2e+00 9.29e-02  9e-02  1e-01 0:26.8
    4     48 -7.669198585512133e-04 1.2e+00 9.27e-02  9e-02  1e-01 0:35.7
    5     60 9.166702920558852e-03 1.3e+00 9.20e-02  9e-02  1e-01 0:44.6
    6     72 -9.126942878375554e-03 1.3e+00 8.95e-02  8e-02  9e-02 0:53.5
    7     84 -5.289298085726335e-03 1.4e+00 8.77e-02  8e-02  9e-02 1:02.4
    8     96 -5.345905441150569e-03 1.4e+00 8.68e-02  8e-02  9e-02 1:11.3
    9    108 -1.553303374411917e-02 1.4e+00 9.00e-02  8e-02  1e-01 1:20.3
   11    132 -3.235491638319118e-02 1.5e+00 9.64e-02  9e-02  1e-01 1:38.1
   13    156 -1.990227926053452e-02 1.6e+00 9.68e-02  9e-02  1e-01 1:55.9
   15    180 -1.358884287181595e-02 1.7e+00 9.91e-02  9e-02  1e-01 2:14.0
   17    204 -4.125638060784831e-02 1.7e+00 1.02e-01  1e-01  1e-01 2:31.8
   19    228 -3.831321442656279e-02 1.9e+00 1.13e-01  1e-01  1e-01 2:49.5
   21    252 -3.493534377233486e-02 1.9e+00 1.15e-01  1e-01  1e-01 3:07.3
   23    276 -2.156145364184784e-02 2.0e+00 1.19e-01  1e-01  1e-01 3:25.3
   25    300 -6.614013944519374e-02 2.1e+00 1.24e-01  1e-01  1e-01 3:43.3
   27    324 -6.665646153310600e-02 2.4e+00 1.32e-01  1e-01  2e-01 4:01.4
   29    348 -8.381353497113760e-02 2.6e+00 1.43e-01  1e-01  2e-01 4:19.4
   32    384 -1.004632228294493e-01 2.7e+00 1.54e-01  1e-01  2e-01 4:46.3
   35    420 -1.173935499504239e-01 3.1e+00 1.61e-01  1e-01  2e-01 5:13.3
   38    456 -1.223900214837745e-01 3.3e+00 1.57e-01  1e-01  2e-01 5:40.0
   41    492 -1.191106742907708e-01 3.6e+00 1.67e-01  1e-01  2e-01 6:06.8
   44    528 -1.156044522278310e-01 3.6e+00 1.72e-01  2e-01  2e-01 6:33.6
   47    564 -1.288272862015601e-01 3.9e+00 1.66e-01  1e-01  2e-01 7:00.3
   50    600 -1.210555083408435e-01 4.0e+00 1.36e-01  1e-01  2e-01 7:26.9
   53    636 -1.275804029833757e-01 3.9e+00 1.22e-01  1e-01  1e-01 7:53.6
   57    684 -1.308880021011760e-01 3.9e+00 1.14e-01  9e-02  1e-01 8:29.1
   61    732 -1.328853933291758e-01 3.9e+00 1.00e-01  8e-02  1e-01 9:04.7
   65    780 -1.363830204738428e-01 4.2e+00 1.00e-01  8e-02  1e-01 9:40.4
   69    828 -1.413078870262141e-01 4.4e+00 9.41e-02  7e-02  1e-01 10:16.3
   73    876 -1.383249311488882e-01 4.8e+00 8.62e-02  6e-02  1e-01 10:51.8
   77    924 -1.398548218020440e-01 4.9e+00 7.47e-02  5e-02  9e-02 11:27.5
   81    972 -1.403024757303149e-01 5.0e+00 7.49e-02  5e-02  9e-02 12:03.0
   85   1020 -1.399738557977750e-01 5.4e+00 7.66e-02  5e-02  9e-02 12:39.0
   89   1068 -1.402114427669834e-01 5.7e+00 6.95e-02  4e-02  8e-02 13:15.2
   94   1128 -1.424816388103244e-01 6.0e+00 6.41e-02  4e-02  8e-02 13:59.9
   99   1188 -1.413565444166982e-01 6.9e+00 7.57e-02  4e-02  1e-01 14:44.4
  100   1200 -1.418020474144128e-01 7.1e+00 7.32e-02  4e-02  1e-01 14:53.2
  105   1260 -1.428578049024452e-01 7.4e+00 5.86e-02  3e-02  8e-02 15:37.7
  110   1320 -1.438013981362046e-01 8.4e+00 5.93e-02  3e-02  8e-02 16:22.1
  115   1380 -1.445805229112234e-01 9.8e+00 5.84e-02  3e-02  8e-02 17:06.4
  120   1440 -1.451499469461908e-01 1.1e+01 5.46e-02  2e-02  8e-02 17:50.7
  125   1500 -1.451608048991541e-01 1.2e+01 3.84e-02  2e-02  6e-02 18:35.1
  130   1560 -1.452472690169395e-01 1.3e+01 3.02e-02  1e-02  5e-02 19:20.2
  135   1620 -1.454236057667682e-01 1.3e+01 2.54e-02  1e-02  4e-02 20:05.2
  141   1692 -1.457048849698048e-01 1.4e+01 2.26e-02  8e-03  3e-02 20:58.6
  147   1764 -1.458735144960308e-01 1.4e+01 2.24e-02  8e-03  3e-02 21:52.0
  153   1836 -1.462308427868514e-01 1.5e+01 2.96e-02  1e-02  4e-02 22:45.2
  159   1908 -1.463553281498979e-01 1.5e+01 5.43e-02  2e-02  8e-02 23:38.6
  165   1980 -1.468532769647624e-01 1.5e+01 5.67e-02  2e-02  8e-02 24:31.8
  171   2052 -1.474479202477082e-01 1.6e+01 6.38e-02  2e-02  1e-01 25:25.1
  177   2124 -1.474321045062747e-01 1.9e+01 6.25e-02  2e-02  1e-01 26:18.3
  183   2196 -1.481993879143012e-01 2.2e+01 6.29e-02  2e-02  1e-01 27:11.7
  190   2280 -1.482224099842873e-01 2.2e+01 5.06e-02  1e-02  9e-02 28:14.2
  197   2364 -1.484458428566622e-01 2.2e+01 3.92e-02  1e-02  7e-02 29:16.3
  200   2400 -1.485179373681816e-01 2.2e+01 3.67e-02  9e-03  6e-02 29:43.0
  207   2484 -1.488247382920130e-01 2.5e+01 4.52e-02  1e-02  8e-02 30:45.1
  214   2568 -1.489366138528456e-01 2.8e+01 6.62e-02  1e-02  1e-01 31:47.3
  221   2652 -1.491046410788410e-01 2.9e+01 5.46e-02  1e-02  1e-01 32:49.6
  228   2736 -1.495251485755082e-01 3.0e+01 4.62e-02  1e-02  1e-01 33:51.8
  235   2820 -1.494863096854709e-01 3.2e+01 4.34e-02  9e-03  1e-01 34:54.1
  242   2904 -1.500043349715107e-01 3.3e+01 4.47e-02  9e-03  1e-01 35:56.4
  250   3000 -1.512730156017542e-01 3.2e+01 5.44e-02  1e-02  1e-01 37:07.3
  258   3096 -1.532930517118962e-01 3.2e+01 8.31e-02  2e-02  2e-01 38:18.4
  266   3192 -1.558115033650143e-01 3.2e+01 8.00e-02  2e-02  2e-01 39:29.3
  274   3288 -1.564197808605813e-01 3.2e+01 6.74e-02  2e-02  2e-01 40:41.0
  282   3384 -1.568479159395939e-01 3.1e+01 9.79e-02  2e-02  3e-01 41:53.0
  290   3480 -1.577985948194828e-01 3.1e+01 8.31e-02  2e-02  2e-01 43:04.1
  298   3576 -1.579097646815321e-01 3.3e+01 6.04e-02  1e-02  2e-01 44:15.2
  300   3600 -1.579997774158687e-01 3.4e+01 5.53e-02  1e-02  1e-01 44:32.9
  308   3696 -1.582640080215193e-01 3.5e+01 4.17e-02  8e-03  1e-01 45:43.9
  317   3804 -1.585705826319635e-01 3.5e+01 3.52e-02  6e-03  9e-02 47:03.6
  326   3912 -1.589458741652436e-01 3.7e+01 4.21e-02  7e-03  1e-01 48:23.5
  335   4020 -1.591513306284265e-01 3.8e+01 4.36e-02  7e-03  1e-01 49:43.3
  344   4128 -1.594593874163220e-01 4.6e+01 4.55e-02  8e-03  1e-01 51:03.0
  353   4236 -1.597443057014259e-01 4.9e+01 4.14e-02  7e-03  1e-01 52:23.5
  362   4344 -1.598447392188182e-01 4.7e+01 3.67e-02  6e-03  9e-02 53:43.5
  371   4452 -1.599304417660506e-01 4.7e+01 2.90e-02  4e-03  7e-02 55:03.5
  380   4560 -1.600194480730301e-01 4.7e+01 2.91e-02  4e-03  7e-02 56:23.1
  390   4680 -1.602872449660114e-01 4.8e+01 4.43e-02  6e-03  1e-01 57:51.9
  400   4800 -1.605507027404470e-01 5.4e+01 5.52e-02  7e-03  1e-01 59:20.4
  410   4920 -1.607931197609516e-01 6.2e+01 4.80e-02  6e-03  1e-01 60:49.0
  420   5040 -1.609934229115070e-01 7.1e+01 4.56e-02  5e-03  1e-01 62:17.5
  430   5160 -1.612295338857079e-01 7.9e+01 5.14e-02  6e-03  2e-01 63:46.0
  440   5280 -1.612700441691863e-01 9.1e+01 3.96e-02  4e-03  1e-01 65:15.2
  450   5400 -1.614059079435765e-01 9.5e+01 3.55e-02  4e-03  1e-01 66:44.1
  460   5520 -1.616558126640419e-01 1.2e+02 5.43e-02  6e-03  3e-01 68:12.6
  470   5640 -1.617562110317472e-01 1.3e+02 6.45e-02  6e-03  4e-01 69:41.2
  481   5772 -1.620209704767275e-01 1.4e+02 5.47e-02  5e-03  3e-01 71:18.5
  492   5904 -1.623323503764023e-01 1.5e+02 7.27e-02  6e-03  4e-01 72:56.3
  500   6000 -1.625072721705371e-01 1.5e+02 7.25e-02  6e-03  4e-01 74:07.6
  511   6132 -1.626379147126742e-01 1.5e+02 5.34e-02  5e-03  3e-01 75:45.2
  522   6264 -1.627920108482304e-01 1.3e+02 4.69e-02  4e-03  2e-01 77:22.5
  533   6396 -1.628131239377773e-01 1.3e+02 3.60e-02  3e-03  2e-01 78:59.9
  544   6528 -1.628498858176476e-01 1.2e+02 2.52e-02  2e-03  1e-01 80:37.3
  555   6660 -1.628764620654933e-01 1.2e+02 2.63e-02  2e-03  1e-01 82:14.8
  566   6792 -1.629198754845873e-01 1.1e+02 2.98e-02  2e-03  1e-01 83:52.3
  578   6936 -1.629507922711907e-01 1.1e+02 2.99e-02  2e-03  1e-01 85:38.6
  590   7080 -1.629806225002226e-01 1.1e+02 2.30e-02  1e-03  8e-02 87:25.5
  600   7200 -1.630073262631714e-01 1.1e+02 3.15e-02  2e-03  1e-01 88:55.1
  612   7344 -1.630187342586154e-01 1.1e+02 3.21e-02  2e-03  1e-01 90:41.8
  624   7488 -1.630487306689499e-01 1.0e+02 2.80e-02  1e-03  8e-02 92:27.9
  636   7632 -1.630620571028763e-01 1.1e+02 2.44e-02  1e-03  7e-02 94:14.2
  648   7776 -1.630748569744095e-01 1.0e+02 2.65e-02  1e-03  7e-02 96:01.2
  660   7920 -1.630901966037872e-01 1.0e+02 2.42e-02  1e-03  6e-02 97:48.4
  672   8064 -1.631072844263380e-01 1.0e+02 2.27e-02  9e-04  5e-02 99:35.2
  685   8220 -1.631318466970204e-01 1.0e+02 3.61e-02  1e-03  8e-02 101:30.6
  698   8376 -1.631879666520151e-01 1.2e+02 4.27e-02  2e-03  9e-02 103:25.9
  700   8400 -1.631780025464281e-01 1.2e+02 4.28e-02  1e-03  9e-02 103:43.7
  713   8556 -1.632378998424657e-01 1.3e+02 3.54e-02  1e-03  8e-02 105:38.8
  726   8712 -1.633146949633213e-01 1.5e+02 4.95e-02  2e-03  1e-01 107:34.0
  739   8868 -1.633760161182032e-01 1.5e+02 5.70e-02  2e-03  1e-01 109:29.4
  752   9024 -1.634582178234433e-01 1.5e+02 7.33e-02  2e-03  2e-01 111:24.6
  765   9180 -1.635015823678353e-01 1.4e+02 5.07e-02  2e-03  1e-01 113:19.9
  778   9336 -1.635554145330592e-01 1.5e+02 4.77e-02  2e-03  1e-01 115:15.4
  792   9504 -1.635801978549981e-01 1.6e+02 4.52e-02  2e-03  9e-02 117:19.6
  800   9600 -1.635959801424562e-01 1.6e+02 4.84e-02  2e-03  9e-02 118:30.4
  814   9768 -1.636117113935271e-01 1.5e+02 4.49e-02  1e-03  8e-02 120:34.3
  828   9936 -1.636250371843673e-01 1.4e+02 3.39e-02  1e-03  6e-02 122:38.2
  842  10104 -1.636323787292406e-01 1.5e+02 2.72e-02  8e-04  4e-02 124:42.1
  856  10272 -1.636345902282005e-01 1.4e+02 2.28e-02  6e-04  3e-02 126:46.2
  870  10440 -1.636368587649062e-01 1.4e+02 1.00e-02  2e-04  1e-02 128:50.2
  884  10608 -1.636371414010971e-01 1.4e+02 6.90e-03  2e-04  1e-02 130:54.0
  899  10788 -1.636371911243407e-01 1.4e+02 3.08e-03  7e-05  4e-03 133:06.7
  900  10800 -1.636371962179692e-01 1.5e+02 2.96e-03  6e-05  4e-03 133:15.5
  915  10980 -1.636372377530345e-01 1.5e+02 2.36e-03  5e-05  3e-03 135:28.1
  930  11160 -1.636372554115292e-01 1.5e+02 1.73e-03  3e-05  2e-03 137:40.4
  945  11340 -1.636372649469642e-01 1.6e+02 1.53e-03  3e-05  2e-03 139:53.0
  960  11520 -1.636372688342781e-01 1.7e+02 9.16e-04  2e-05  1e-03 142:05.3
  975  11700 -1.636372697700728e-01 1.8e+02 3.72e-04  6e-06  5e-04 144:17.8
  990  11880 -1.636372700091108e-01 1.8e+02 1.86e-04  3e-06  2e-04 146:30.0
 1000  12000 -1.636372700333814e-01 1.8e+02 1.13e-04  2e-06  1e-04 147:58.0
Budget constraint satisfied 2674.639892578125 2902 Difference:  227.360107421875
Budget constraint satisfied 2891.479736328125 2902 Difference:  10.520263671875
two_most_probable_states: ['00000001', '00010000']
final_expectation_value: -0.1636372700403782
params: [1.5566918250287707, 2.4502190047956547, 2.625428022507192, 6.332495880311288, 5.595535848359729, -1.5053512040153052, 4.507370803005751, 11.059861418105497, 0.76602790289708, 0.6207958633912012, 3.3714694202155346, 2.021199857487353, 1.485191273060894, 0.34929784738842, 1.3354648884415259, 3.0238557135615043]
total_steps: 1000
states_probs: [0.17903583200759843, 0.18620181104836542]
optimized_portfolios: [{'CAT': 0, 'CRM': 8}, {'CAT': 8, 'CRM': 0}]
objective_values: [-246.7721682756179, -72.48541808013773]
result_with_budget: [{'portfolio': {'CAT': 0, 'CRM': 8}, 'budget': 2674.639892578125, 'difference': 227.360107421875}, {'portfolio': {'CAT': 8, 'CRM': 0}, 'budget': 2891.479736328125, 'difference': 10.520263671875}]
Batch 28/100 completed. Results saved to portfolio_optimization_results_batch_27.json
Job finished at Fri Mar 21 18:33:19 EET 2025
