Running job array 35 on pe45.int.triton.aalto.fi
Starting at Sun Mar 16 11:20:28 EET 2025
Activating virtual environment at /scratch/work/uotilav2/quantum-portfolio/venv
Processing batch 36/40: experiments 390 to 400 (total 11)
Skipping experiment 390 (already processed)
Processing experiment 391
Budget: 131.39999771118164
YF.download() has changed argument auto_adjust default to True
Expected returns: 0.059945561947624154
Covariance matrix: 0.47069880798402713
3rd-order coskewness tensor: 0.42021590287185157
4th-order cokurtosis tensor: 9.011150659227212
Number of qubits for asset DIS: 1
Number of qubits for asset DOW: 2
Number of qubits for asset INTC: 3
Number of qubits for asset KO: 2
Number of qubits for asset MMM: 1
Number of qubits for asset MRK: 1
Number of qubits for asset MSFT: 1
Number of qubits for asset PG: 1
Total number of qubits:  12
Optimized Weights (considering variance, skewness and kurtosis):
DIS: 18.96%
DOW: 0.00%
INTC: 14.86%
KO: 0.00%
MMM: 21.67%
MRK: 30.02%
MSFT: 4.33%
PG: 10.18%
Left over budget:  11.869991840315066
Optimized Discrete Allocation:
INTC: 1
MRK: 1
Maximized utility from continuous higher moments:  -6.962782946957471
Budget constraint satisfied 128.4563446044922 131.39999771118164 Difference:  2.943653106689453
Budget constraint satisfied 131.39999771118164 131.39999771118164 Difference:  0.0
smallest_eigenvalues: [-0.010979014073109084]
smallest_bitstrings: ['000000001000']
first_excited_energy: -0.010978580749009714
optimized_portfolio: [{'DIS': 0, 'DOW': 0, 'INTC': 0, 'KO': 0, 'MMM': 1, 'MRK': 0, 'MSFT': 0, 'PG': 0}]
second_optimized_portfolio: [{'DIS': 1, 'DOW': 0, 'INTC': 1, 'KO': 0, 'MMM': 0, 'MRK': 0, 'MSFT': 0, 'PG': 0}]
result_with_budget: [{'portfolio': {'DIS': 0, 'DOW': 0, 'INTC': 0, 'KO': 0, 'MMM': 1, 'MRK': 0, 'MSFT': 0, 'PG': 0}, 'budget': 128.4563446044922, 'difference': 2.943653106689453, 'objective_value': -3.8282498440084707}]
result_with_budget_excited: [{'portfolio': {'DIS': 1, 'DOW': 0, 'INTC': 1, 'KO': 0, 'MMM': 0, 'MRK': 0, 'MSFT': 0, 'PG': 0}, 'budget': 131.39999771118164, 'difference': 0.0, 'objective_value': -9.501930138917041}]
Initial params:  [2.51063067 1.44978017 2.45210473 0.37157007 2.01037118 0.45035763
 2.96776493 1.63943485 1.3026989  0.83112597 2.43232687 1.43303853
 1.78578792 0.0590299  1.94035914 1.92295543 1.93815531 2.96487203
 2.14200164 1.12942738]
(6_w,12)-aCMA-ES (mu_w=3.7,w_1=40%) in dimension 20 (seed=177552, Sun Mar 16 11:21:19 2025)
Iterat #Fevals   function value  axis ratio  sigma  min&max std  t[m:s]
    1     12 1.061725923258109e-02 1.0e+00 1.40e+00  1e+00  1e+00 1:02.3
    2     24 1.109791266484967e-01 1.1e+00 1.31e+00  1e+00  1e+00 2:04.4
    3     36 9.900778623479853e-02 1.1e+00 1.27e+00  1e+00  1e+00 3:06.5
    4     48 7.203641462610240e-02 1.2e+00 1.24e+00  1e+00  1e+00 4:08.8
    5     60 3.686407971963859e-02 1.2e+00 1.23e+00  1e+00  1e+00 5:10.7
    6     72 6.525052644902823e-02 1.2e+00 1.20e+00  1e+00  1e+00 6:12.8
    7     84 2.605818886229345e-02 1.3e+00 1.20e+00  1e+00  1e+00 7:14.6
    8     96 1.722974825868171e-02 1.3e+00 1.24e+00  1e+00  1e+00 8:16.4
    9    108 3.037363354397762e-02 1.3e+00 1.27e+00  1e+00  1e+00 9:18.6
   10    120 4.006681568505299e-02 1.3e+00 1.28e+00  1e+00  1e+00 10:20.5
   11    132 8.515487154979443e-02 1.4e+00 1.28e+00  1e+00  1e+00 11:22.4
   12    144 3.843476132120677e-02 1.4e+00 1.32e+00  1e+00  1e+00 12:24.3
   13    156 8.127111364621105e-03 1.4e+00 1.35e+00  1e+00  1e+00 13:26.1
   14    168 1.286975642470137e-02 1.5e+00 1.33e+00  1e+00  1e+00 14:28.0
   15    180 2.212695475596098e-02 1.5e+00 1.30e+00  1e+00  1e+00 15:30.0
   16    192 4.944210989854707e-02 1.5e+00 1.25e+00  1e+00  1e+00 16:32.2
   17    204 4.561951159730075e-02 1.5e+00 1.20e+00  1e+00  1e+00 17:34.0
   18    216 5.105241990143371e-02 1.5e+00 1.17e+00  1e+00  1e+00 18:35.5
   19    228 5.911949008909233e-02 1.5e+00 1.15e+00  1e+00  1e+00 19:36.6
   20    240 2.333830385462275e-02 1.5e+00 1.13e+00  1e+00  1e+00 20:36.6
   21    252 2.027623959032082e-02 1.6e+00 1.10e+00  1e+00  1e+00 21:36.5
   22    264 3.454336471279966e-02 1.6e+00 1.09e+00  1e+00  1e+00 22:36.1
   23    276 5.150228179919471e-02 1.6e+00 1.09e+00  1e+00  1e+00 23:35.7
   24    288 7.280207082835119e-02 1.6e+00 1.09e+00  1e+00  1e+00 24:35.4
   25    300 5.649931387058488e-02 1.7e+00 1.09e+00  1e+00  1e+00 25:35.1
   26    312 1.995182593688580e-02 1.7e+00 1.11e+00  1e+00  1e+00 26:35.1
   27    324 4.887432046221220e-02 1.7e+00 1.14e+00  1e+00  1e+00 27:34.8
   28    336 3.559999395129797e-02 1.8e+00 1.16e+00  1e+00  1e+00 28:34.6
   29    348 2.335267206330185e-02 1.8e+00 1.13e+00  1e+00  1e+00 29:34.5
   30    360 7.875080471262019e-02 1.8e+00 1.09e+00  1e+00  1e+00 30:34.4
   31    372 3.917057371471658e-02 1.8e+00 1.05e+00  1e+00  1e+00 31:34.4
   32    384 1.966017278099812e-02 1.9e+00 1.00e+00  9e-01  1e+00 32:34.4
   33    396 5.760919463749346e-02 1.9e+00 9.66e-01  9e-01  1e+00 33:34.2
   34    408 2.614580611864584e-02 1.9e+00 9.80e-01  9e-01  1e+00 34:33.9
   35    420 7.005078965939666e-02 1.9e+00 9.91e-01  9e-01  1e+00 35:33.8
   36    432 6.117599961156973e-02 2.0e+00 9.80e-01  9e-01  1e+00 36:33.8
   37    444 5.511965325192821e-02 2.0e+00 1.00e+00  9e-01  1e+00 37:33.8
   38    456 6.986006362079747e-02 2.0e+00 9.99e-01  9e-01  1e+00 38:33.7
   39    468 3.607039414715173e-02 2.0e+00 9.97e-01  9e-01  1e+00 39:33.6
   40    480 3.222570772578517e-02 2.0e+00 9.85e-01  9e-01  1e+00 40:33.5
   41    492 2.119615653057197e-02 2.0e+00 9.80e-01  9e-01  1e+00 41:33.4
   42    504 2.729809608180056e-02 2.0e+00 9.87e-01  9e-01  1e+00 42:33.4
   43    516 4.315682117898838e-02 2.0e+00 9.90e-01  9e-01  1e+00 43:33.4
   44    528 2.246256602212776e-02 2.0e+00 1.03e+00  9e-01  1e+00 44:33.3
   45    540 2.661252361981082e-02 2.0e+00 1.06e+00  1e+00  1e+00 45:33.2
   46    552 9.504970907199266e-02 2.0e+00 1.07e+00  1e+00  1e+00 46:33.3
   47    564 5.111471167890454e-02 1.9e+00 1.04e+00  9e-01  1e+00 47:33.5
   48    576 2.225765660231746e-02 1.9e+00 1.03e+00  9e-01  1e+00 48:33.5
   49    588 5.147506907847226e-02 1.9e+00 1.02e+00  9e-01  1e+00 49:33.4
   50    600 4.791573873961719e-02 1.9e+00 1.03e+00  9e-01  1e+00 50:33.5
   51    612 3.806478510340015e-02 1.9e+00 1.01e+00  9e-01  1e+00 51:33.5
   52    624 8.043127685673523e-02 2.0e+00 9.79e-01  9e-01  1e+00 52:33.7
   53    636 5.655487321515564e-02 2.0e+00 9.88e-01  9e-01  1e+00 53:33.8
   54    648 1.768092020297066e-02 1.9e+00 9.72e-01  9e-01  1e+00 54:33.6
   55    660 8.426528556433467e-02 2.0e+00 9.53e-01  8e-01  1e+00 55:33.6
   56    672 4.223634941419008e-02 2.0e+00 9.43e-01  8e-01  1e+00 56:34.0
   57    684 4.066288322327828e-02 2.0e+00 9.53e-01  8e-01  1e+00 57:34.2
   58    696 3.894557816838978e-02 2.0e+00 9.82e-01  9e-01  1e+00 58:34.1
   59    708 4.096191699407014e-02 2.0e+00 1.01e+00  9e-01  1e+00 59:33.9
   60    720 6.122811717150985e-02 2.0e+00 1.02e+00  9e-01  1e+00 60:33.8
   61    732 5.567666445190739e-02 2.0e+00 1.00e+00  9e-01  1e+00 61:34.0
   63    756 8.547779228100699e-02 2.1e+00 1.01e+00  9e-01  1e+00 63:34.2
   65    780 3.923450878882519e-02 2.1e+00 9.60e-01  8e-01  1e+00 65:34.2
   67    804 1.776411705097946e-02 2.1e+00 8.56e-01  7e-01  9e-01 67:34.2
   69    828 4.820764528510035e-02 2.1e+00 8.15e-01  7e-01  9e-01 69:34.4
   71    852 5.382179895703688e-02 2.1e+00 8.28e-01  7e-01  9e-01 71:34.5
   73    876 2.443034474689541e-02 2.1e+00 7.86e-01  7e-01  9e-01 73:34.9
   75    900 3.044004806146155e-02 2.2e+00 7.81e-01  7e-01  9e-01 75:34.9
   77    924 9.011821792798176e-03 2.2e+00 7.91e-01  7e-01  9e-01 77:35.4
   79    948 2.794612305887531e-02 2.1e+00 8.26e-01  7e-01  9e-01 79:35.2
   81    972 2.372691318379232e-02 2.1e+00 8.51e-01  7e-01  9e-01 81:35.2
   83    996 1.070121149008400e-02 2.1e+00 8.84e-01  8e-01  1e+00 83:35.1
   85   1020 5.185358181232186e-02 2.2e+00 8.73e-01  8e-01  9e-01 85:35.1
   87   1044 4.167809398968989e-02 2.3e+00 8.57e-01  7e-01  9e-01 87:35.0
   89   1068 4.775538852229986e-02 2.4e+00 8.64e-01  7e-01  9e-01 89:34.6
   91   1092 3.385216803028572e-02 2.4e+00 8.54e-01  7e-01  9e-01 91:34.5
   93   1116 3.846029194990794e-02 2.4e+00 9.29e-01  8e-01  1e+00 93:33.7
   95   1140 3.317129499084798e-02 2.5e+00 9.44e-01  8e-01  1e+00 95:33.5
   97   1164 4.170874054363926e-02 2.5e+00 9.70e-01  8e-01  1e+00 97:33.1
   99   1188 6.612693066958687e-02 2.5e+00 1.06e+00  9e-01  1e+00 99:32.7
  100   1200 5.542414465753916e-02 2.5e+00 1.09e+00  1e+00  1e+00 100:32.7
  102   1224 5.083314307066426e-02 2.6e+00 1.10e+00  1e+00  1e+00 102:32.7
  104   1248 2.273855831965640e-02 2.6e+00 1.08e+00  9e-01  1e+00 104:32.1
  106   1272 3.590221950882555e-02 2.6e+00 1.06e+00  9e-01  1e+00 106:31.9
  108   1296 1.848683156145390e-02 2.6e+00 1.01e+00  9e-01  1e+00 108:31.4
  110   1320 4.649155147793273e-02 2.6e+00 1.01e+00  9e-01  1e+00 110:31.0
  112   1344 6.303478793978999e-02 2.6e+00 1.05e+00  9e-01  1e+00 112:30.5
  114   1368 5.568392246771670e-02 2.6e+00 1.07e+00  9e-01  1e+00 114:30.0
  116   1392 3.400626874839512e-02 2.7e+00 9.92e-01  9e-01  1e+00 116:30.1
  118   1416 7.302817484701910e-02 2.7e+00 9.47e-01  8e-01  1e+00 118:29.7
  120   1440 5.668362417892177e-02 2.7e+00 9.27e-01  8e-01  1e+00 120:29.3
  122   1464 6.178802914633110e-02 2.7e+00 9.68e-01  8e-01  1e+00 122:28.8
  124   1488 1.701405379499460e-01 2.8e+00 9.73e-01  8e-01  1e+00 124:28.5
  126   1512 1.147162810074689e-01 2.8e+00 1.06e+00  9e-01  1e+00 126:28.3
  128   1536 1.045005695253416e-01 2.9e+00 1.11e+00  9e-01  1e+00 128:28.0
  130   1560 9.034109723777110e-02 2.9e+00 1.08e+00  9e-01  1e+00 130:28.1
  132   1584 9.152648086786956e-02 3.0e+00 1.04e+00  9e-01  1e+00 132:27.7
  134   1608 1.254418819835969e-01 2.9e+00 9.66e-01  8e-01  1e+00 134:27.3
  136   1632 2.026801456052850e-02 2.9e+00 9.31e-01  8e-01  1e+00 136:27.3
  138   1656 4.415816285627841e-02 2.9e+00 9.38e-01  8e-01  1e+00 138:26.8
  140   1680 4.798237653589828e-02 2.9e+00 9.22e-01  8e-01  1e+00 140:26.6
  142   1704 4.961185014679481e-02 2.9e+00 9.26e-01  8e-01  1e+00 142:26.2
  144   1728 6.838960170492876e-02 2.9e+00 9.00e-01  7e-01  1e+00 144:25.5
  146   1752 9.206840286348220e-02 3.0e+00 9.00e-01  8e-01  1e+00 146:25.6
  148   1776 8.101975818487692e-02 2.9e+00 9.84e-01  8e-01  1e+00 148:25.0
  150   1800 2.683966587776541e-02 2.9e+00 1.07e+00  9e-01  1e+00 150:24.8
  152   1824 7.749205934043070e-02 2.9e+00 1.01e+00  8e-01  1e+00 152:24.7
  154   1848 8.247944688349645e-02 3.0e+00 9.42e-01  8e-01  1e+00 154:24.3
  156   1872 3.167875670627014e-02 3.0e+00 8.53e-01  7e-01  1e+00 156:24.1
  158   1896 4.112929520792517e-02 3.0e+00 8.26e-01  7e-01  1e+00 158:23.8
  160   1920 3.428102841094567e-02 3.0e+00 8.25e-01  6e-01  1e+00 160:23.6
  162   1944 1.772435179621309e-02 3.0e+00 8.07e-01  6e-01  1e+00 162:23.4
  164   1968 3.677518960666343e-02 3.0e+00 7.83e-01  6e-01  1e+00 164:23.0
  166   1992 2.527655967578527e-02 3.1e+00 7.56e-01  6e-01  9e-01 166:22.7
  168   2016 3.398820550273015e-02 3.1e+00 7.63e-01  6e-01  1e+00 168:22.2
  170   2040 6.320280731067111e-02 3.3e+00 7.44e-01  6e-01  1e+00 170:22.0
  172   2064 1.010154099737100e-01 3.4e+00 7.35e-01  6e-01  1e+00 172:21.7
  174   2088 5.769573490142017e-02 3.5e+00 7.43e-01  6e-01  1e+00 174:21.3
  176   2112 2.709873825880425e-02 3.6e+00 7.86e-01  6e-01  1e+00 176:21.0
  178   2136 4.388030312177333e-02 3.7e+00 8.27e-01  6e-01  1e+00 178:20.6
  181   2172 6.495284428063113e-02 3.8e+00 8.65e-01  6e-01  1e+00 181:19.7
  184   2208 9.877741603446734e-02 3.8e+00 8.45e-01  6e-01  1e+00 184:19.1
  187   2244 4.628081864285263e-02 3.8e+00 8.78e-01  6e-01  1e+00 187:18.4
  190   2280 2.390512652799305e-02 3.8e+00 9.36e-01  6e-01  1e+00 190:17.7
  193   2316 6.865479134833327e-02 3.8e+00 9.60e-01  6e-01  1e+00 193:17.5
  196   2352 4.011734787615847e-02 3.7e+00 9.52e-01  6e-01  1e+00 196:17.5
  199   2388 9.164430959116335e-02 3.7e+00 9.27e-01  6e-01  1e+00 199:17.3
  200   2400 3.482244961291887e-02 3.7e+00 9.17e-01  6e-01  1e+00 200:17.2
  203   2436 1.052987471719578e-01 3.8e+00 8.75e-01  6e-01  1e+00 203:16.7
  206   2472 7.756278353555225e-02 3.9e+00 8.97e-01  6e-01  1e+00 206:16.1
  209   2508 4.803956383085552e-02 3.9e+00 8.80e-01  6e-01  1e+00 209:15.8
  212   2544 1.393693841132193e-02 4.0e+00 8.63e-01  6e-01  1e+00 212:15.8
  215   2580 6.383013978323235e-02 4.1e+00 8.48e-01  5e-01  1e+00 215:16.1
  218   2616 1.012343987179913e-01 4.1e+00 8.93e-01  6e-01  1e+00 218:16.0
  221   2652 3.348053675580535e-02 4.3e+00 9.22e-01  6e-01  1e+00 221:15.4
  224   2688 1.389876295209990e-02 4.3e+00 8.63e-01  6e-01  1e+00 224:14.5
  227   2724 7.400086947620681e-02 4.3e+00 7.67e-01  5e-01  1e+00 227:13.8
  230   2760 3.947496164920335e-02 4.3e+00 7.15e-01  5e-01  1e+00 230:13.2
  233   2796 8.571659907864032e-02 4.4e+00 6.50e-01  4e-01  9e-01 233:12.6
  236   2832 8.160505044733803e-02 4.6e+00 6.00e-01  4e-01  9e-01 236:12.5
  239   2868 5.638988909219277e-02 4.6e+00 5.96e-01  4e-01  8e-01 239:12.0
  242   2904 3.792351388203230e-02 4.8e+00 6.22e-01  4e-01  9e-01 242:11.6
  245   2940 2.616206061529403e-02 4.8e+00 6.85e-01  5e-01  9e-01 245:11.2
  248   2976 1.854233907177910e-02 4.9e+00 6.61e-01  4e-01  9e-01 248:10.6
  251   3012 1.630491235719311e-02 4.9e+00 6.64e-01  4e-01  9e-01 251:10.5
  254   3048 5.802335358414179e-02 5.0e+00 6.82e-01  5e-01  9e-01 254:09.9
  257   3084 2.244132508814818e-02 5.1e+00 6.95e-01  5e-01  9e-01 257:10.0
  260   3120 4.942318161269040e-02 5.1e+00 6.87e-01  5e-01  9e-01 260:10.1
  263   3156 6.554641169008085e-02 5.1e+00 6.83e-01  5e-01  9e-01 263:09.8
  266   3192 5.526857471841761e-02 5.2e+00 6.18e-01  4e-01  8e-01 266:10.4
  269   3228 2.777435791477886e-02 5.3e+00 5.89e-01  4e-01  8e-01 269:10.7
  272   3264 2.600523248659940e-02 5.5e+00 5.75e-01  4e-01  8e-01 272:10.8
  275   3300 1.777140094238179e-02 5.7e+00 5.29e-01  4e-01  7e-01 275:11.0
  278   3336 2.489839961685570e-02 5.7e+00 5.14e-01  4e-01  7e-01 278:10.8
  281   3372 7.323678183331857e-03 5.7e+00 5.08e-01  4e-01  7e-01 281:11.0
  284   3408 2.149290370176644e-02 5.8e+00 4.91e-01  3e-01  6e-01 284:10.9
  287   3444 3.636648951832589e-02 5.9e+00 5.27e-01  4e-01  7e-01 287:10.8
  290   3480 5.111701152950856e-02 5.9e+00 5.76e-01  4e-01  8e-01 290:10.8
  293   3516 3.597766004532053e-02 5.9e+00 5.93e-01  4e-01  8e-01 293:10.4
  296   3552 4.519298640111929e-02 6.2e+00 6.56e-01  4e-01  9e-01 296:10.6
  299   3588 6.997878474917038e-02 6.4e+00 6.36e-01  4e-01  9e-01 299:10.2
  300   3600 2.790083136341538e-02 6.4e+00 6.13e-01  4e-01  9e-01 300:10.2
  303   3636 2.256480730643794e-02 6.7e+00 6.34e-01  4e-01  9e-01 303:09.9
  306   3672 4.355370291892760e-02 6.8e+00 6.42e-01  4e-01  9e-01 306:09.4
  309   3708 2.901558808333068e-02 6.9e+00 6.66e-01  4e-01  9e-01 309:08.7
  312   3744 2.353445892660124e-02 6.9e+00 6.74e-01  5e-01  9e-01 312:08.4
  315   3780 6.184649951213320e-02 7.2e+00 6.56e-01  4e-01  9e-01 315:08.7
  318   3816 1.431117732334305e-02 7.2e+00 5.94e-01  4e-01  8e-01 318:08.7
  321   3852 2.433242475085660e-02 7.1e+00 6.03e-01  4e-01  8e-01 321:09.1
  324   3888 4.461729475464962e-02 7.3e+00 6.65e-01  4e-01  9e-01 324:08.9
  327   3924 6.349293032277979e-02 7.4e+00 7.12e-01  5e-01  1e+00 327:08.7
  330   3960 1.454732306379951e-02 7.5e+00 7.65e-01  5e-01  1e+00 330:08.2
  333   3996 4.459500465326385e-02 7.5e+00 7.82e-01  5e-01  1e+00 333:07.7
  336   4032 4.642108375275995e-02 7.5e+00 7.30e-01  5e-01  1e+00 336:07.9
  339   4068 2.902867988480350e-02 7.7e+00 6.88e-01  5e-01  1e+00 339:07.5
  342   4104 6.641543239069908e-02 8.0e+00 6.67e-01  4e-01  9e-01 342:07.3
  345   4140 4.784602072814208e-02 8.1e+00 6.85e-01  5e-01  9e-01 345:06.9
  348   4176 4.923510667820072e-02 8.1e+00 6.84e-01  4e-01  1e+00 348:06.4
  351   4212 5.398265905952757e-02 8.5e+00 7.20e-01  5e-01  1e+00 351:06.1
  354   4248 4.417095639232051e-02 8.7e+00 7.29e-01  5e-01  1e+00 354:05.8
  358   4296 3.055811971127584e-02 8.9e+00 7.71e-01  5e-01  1e+00 358:05.6
  362   4344 4.980625118670172e-02 9.2e+00 7.41e-01  5e-01  1e+00 362:05.4
  366   4392 6.144026945453704e-02 9.6e+00 7.32e-01  5e-01  1e+00 366:05.1
  370   4440 1.095179425252302e-01 1.0e+01 7.05e-01  4e-01  1e+00 370:04.9
  374   4488 2.075710493258331e-02 1.0e+01 6.00e-01  4e-01  9e-01 374:04.3
  378   4536 2.796120978513184e-02 1.0e+01 5.32e-01  3e-01  8e-01 378:04.0
  382   4584 2.493321150865183e-02 1.0e+01 5.10e-01  3e-01  8e-01 382:03.8
  386   4632 3.518546166813707e-02 1.1e+01 5.57e-01  3e-01  8e-01 386:03.7
  390   4680 3.926209780876398e-02 1.1e+01 6.29e-01  4e-01  9e-01 390:03.4
  394   4728 3.241358816195404e-02 1.1e+01 5.87e-01  4e-01  9e-01 394:03.5
  398   4776 4.909086615791176e-02 1.2e+01 5.31e-01  3e-01  8e-01 398:03.7
  400   4800 4.766554251529537e-02 1.2e+01 5.47e-01  3e-01  8e-01 400:03.7
  404   4848 2.451380281379768e-02 1.2e+01 5.74e-01  4e-01  8e-01 404:03.6
  408   4896 3.802461972467759e-02 1.2e+01 6.57e-01  4e-01  9e-01 408:03.2
  412   4944 2.301747407844651e-02 1.2e+01 5.87e-01  4e-01  8e-01 412:02.7
  416   4992 3.430037514252816e-02 1.2e+01 5.64e-01  3e-01  8e-01 416:02.1
  420   5040 1.747725582053641e-02 1.2e+01 5.13e-01  3e-01  7e-01 420:01.7
  424   5088 3.497287737210979e-02 1.2e+01 5.01e-01  3e-01  7e-01 424:01.4
  428   5136 4.810328810575384e-02 1.2e+01 4.90e-01  3e-01  7e-01 428:01.2
  432   5184 1.346868169412235e-02 1.2e+01 4.92e-01  3e-01  7e-01 432:00.2
  436   5232 2.883544525421685e-02 1.2e+01 5.32e-01  3e-01  7e-01 435:59.8
  440   5280 1.564828658779714e-02 1.2e+01 5.44e-01  3e-01  7e-01 439:59.5
  444   5328 4.231496700433317e-02 1.2e+01 5.06e-01  3e-01  6e-01 443:58.5
  448   5376 5.873452886791807e-02 1.2e+01 4.94e-01  3e-01  6e-01 447:57.9
  452   5424 2.205441913564301e-02 1.2e+01 4.49e-01  3e-01  6e-01 451:57.4
  456   5472 3.057640327889183e-02 1.2e+01 4.03e-01  3e-01  5e-01 455:57.1
  460   5520 3.170789506550983e-02 1.1e+01 3.62e-01  2e-01  4e-01 459:56.2
  464   5568 1.271235138434140e-02 1.1e+01 2.98e-01  2e-01  4e-01 463:54.9
  468   5616 6.235510393498379e-03 1.1e+01 2.53e-01  1e-01  3e-01 467:53.8
  472   5664 5.923368689548663e-03 1.1e+01 2.28e-01  1e-01  3e-01 471:52.8
  476   5712 -5.774942008429652e-04 1.1e+01 2.12e-01  1e-01  2e-01 475:52.0
  480   5760 6.214198878422583e-03 1.1e+01 2.44e-01  1e-01  3e-01 479:51.0
  484   5808 6.056913107849282e-03 1.1e+01 2.32e-01  1e-01  3e-01 483:49.8
  488   5856 -1.411990540632600e-03 1.1e+01 2.05e-01  1e-01  2e-01 487:49.6
  492   5904 8.786105628599660e-04 1.1e+01 2.21e-01  1e-01  2e-01 491:48.3
  496   5952 -2.176120397273227e-03 1.0e+01 2.20e-01  1e-01  2e-01 495:47.3
  500   6000 1.068466442826558e-03 1.0e+01 2.36e-01  1e-01  3e-01 499:46.5
  504   6048 2.753318286115471e-03 1.1e+01 2.37e-01  1e-01  3e-01 503:45.3
  508   6096 -1.147874230017596e-03 1.1e+01 2.41e-01  1e-01  3e-01 507:44.8
  512   6144 -9.043659400524257e-04 1.1e+01 2.16e-01  1e-01  2e-01 511:43.6
  516   6192 -9.001278544284630e-04 1.1e+01 1.98e-01  9e-02  2e-01 515:43.7
  520   6240 -2.810172631459024e-03 1.1e+01 1.63e-01  8e-02  2e-01 519:43.5
  524   6288 -3.907964272560390e-03 1.1e+01 1.41e-01  7e-02  2e-01 523:43.1
  528   6336 -3.497712181235296e-03 1.1e+01 1.20e-01  6e-02  1e-01 527:43.1
  532   6384 -3.943814128997213e-03 1.2e+01 1.15e-01  5e-02  1e-01 531:42.8
  536   6432 -4.241773403064250e-03 1.2e+01 1.10e-01  5e-02  1e-01 535:42.5
  540   6480 -3.746300045789100e-03 1.3e+01 1.14e-01  5e-02  1e-01 539:42.6
  544   6528 -4.108984351759855e-03 1.3e+01 1.14e-01  5e-02  1e-01 543:41.8
  548   6576 -4.768186978477593e-03 1.4e+01 1.24e-01  6e-02  2e-01 547:41.0
  552   6624 -4.483363626215208e-03 1.4e+01 1.15e-01  5e-02  1e-01 551:40.7
  556   6672 -4.877574637790990e-03 1.4e+01 1.01e-01  4e-02  1e-01 555:40.4
  560   6720 -4.808389211142100e-03 1.4e+01 9.46e-02  4e-02  1e-01 559:40.0
  564   6768 -4.930917855572430e-03 1.5e+01 9.55e-02  4e-02  1e-01 563:39.5
  568   6816 -4.724874463170686e-03 1.5e+01 1.02e-01  4e-02  1e-01 567:39.2
  572   6864 -4.681272265927221e-03 1.6e+01 8.90e-02  3e-02  1e-01 571:38.5
  576   6912 -5.128358292482607e-03 1.6e+01 8.15e-02  3e-02  1e-01 575:38.1
  580   6960 -5.147314575280417e-03 1.6e+01 7.48e-02  3e-02  9e-02 579:37.6
  584   7008 -5.347231179546634e-03 1.6e+01 6.98e-02  3e-02  8e-02 583:37.0
  588   7056 -5.652941983651916e-03 1.7e+01 7.24e-02  3e-02  9e-02 587:36.6
  592   7104 -5.771505493336753e-03 1.7e+01 7.77e-02  3e-02  9e-02 591:36.3
  597   7164 -5.861028101302837e-03 1.8e+01 7.26e-02  3e-02  8e-02 596:36.0
  600   7200 -5.940051946726178e-03 1.8e+01 7.51e-02  3e-02  9e-02 599:35.7
  605   7260 -6.142703871354066e-03 1.9e+01 7.26e-02  3e-02  9e-02 604:35.7
  610   7320 -6.228682322583789e-03 1.9e+01 6.83e-02  2e-02  8e-02 609:34.9
  615   7380 -6.309988887735494e-03 2.0e+01 6.02e-02  2e-02  7e-02 614:34.6
  620   7440 -6.386449862133571e-03 2.0e+01 5.55e-02  2e-02  7e-02 619:34.1
  625   7500 -6.412648276862828e-03 2.2e+01 5.24e-02  2e-02  7e-02 624:33.4
  630   7560 -6.409284531692766e-03 2.2e+01 4.45e-02  1e-02  5e-02 629:32.3
  635   7620 -6.453038581236761e-03 2.3e+01 3.95e-02  1e-02  5e-02 634:31.2
  640   7680 -6.443618582773192e-03 2.3e+01 3.84e-02  1e-02  5e-02 639:31.1
  645   7740 -6.488337131311530e-03 2.4e+01 3.38e-02  1e-02  4e-02 644:30.8
  650   7800 -6.526544363712719e-03 2.5e+01 3.16e-02  9e-03  4e-02 649:29.9
  655   7860 -6.544860822211541e-03 2.5e+01 3.38e-02  1e-02  4e-02 654:29.1
  660   7920 -6.579948910483779e-03 2.6e+01 2.83e-02  8e-03  3e-02 659:28.8
  665   7980 -6.585974414278824e-03 2.8e+01 2.53e-02  7e-03  3e-02 664:27.9
  670   8040 -6.603794574179001e-03 2.8e+01 2.33e-02  6e-03  3e-02 669:27.2
  675   8100 -6.618216883277342e-03 2.9e+01 2.19e-02  6e-03  3e-02 674:26.7
  680   8160 -6.625586686196889e-03 3.1e+01 2.10e-02  6e-03  3e-02 679:26.5
  685   8220 -6.641931324004543e-03 3.2e+01 2.49e-02  6e-03  3e-02 684:27.1
  690   8280 -6.660669703135934e-03 3.4e+01 2.96e-02  7e-03  4e-02 689:27.4
  695   8340 -6.677069135022833e-03 3.8e+01 3.22e-02  8e-03  5e-02 694:27.5
  700   8400 -6.699414830408501e-03 4.2e+01 3.35e-02  8e-03  5e-02 699:27.6
  705   8460 -6.699778284732822e-03 4.5e+01 3.42e-02  8e-03  6e-02 704:27.4
  710   8520 -6.725295160365830e-03 4.8e+01 3.20e-02  8e-03  6e-02 709:27.0
  715   8580 -6.756755452618301e-03 5.1e+01 3.00e-02  7e-03  6e-02 714:27.4
  720   8640 -6.767564066484656e-03 5.3e+01 3.43e-02  8e-03  7e-02 719:27.7
  725   8700 -6.772008636734383e-03 5.6e+01 3.14e-02  7e-03  6e-02 724:27.8
  730   8760 -6.788391491061716e-03 5.7e+01 2.71e-02  6e-03  6e-02 729:27.5
  735   8820 -6.812156274885363e-03 6.4e+01 3.13e-02  6e-03  7e-02 734:27.8
  740   8880 -6.800731089647692e-03 7.3e+01 3.41e-02  7e-03  8e-02 739:27.6
  745   8940 -6.826212883948989e-03 7.8e+01 3.23e-02  6e-03  8e-02 744:26.5
  750   9000 -6.823111387202389e-03 8.1e+01 3.04e-02  6e-03  8e-02 749:25.9
  755   9060 -6.837276827872903e-03 8.3e+01 3.20e-02  6e-03  8e-02 754:25.2
  760   9120 -6.844196305535575e-03 8.3e+01 2.74e-02  5e-03  7e-02 759:24.9
  765   9180 -6.851938369402830e-03 8.3e+01 2.90e-02  5e-03  7e-02 764:24.3
  770   9240 -6.864785170380582e-03 8.3e+01 3.06e-02  6e-03  7e-02 769:23.2
  775   9300 -6.864335690229674e-03 8.4e+01 3.02e-02  5e-03  7e-02 774:22.7
  780   9360 -6.873100607951841e-03 8.3e+01 3.16e-02  6e-03  7e-02 779:21.6
  785   9420 -6.874921025799926e-03 8.3e+01 3.06e-02  5e-03  7e-02 784:23.1
  790   9480 -6.887050247432893e-03 8.3e+01 3.22e-02  6e-03  7e-02 789:26.6
  795   9540 -6.888562210214841e-03 8.7e+01 2.83e-02  5e-03  6e-02 794:29.7
  800   9600 -6.894046065042322e-03 8.7e+01 2.20e-02  4e-03  5e-02 799:31.9
  805   9660 -6.894413478063311e-03 8.8e+01 1.95e-02  3e-03  4e-02 804:35.2
  810   9720 -6.901581109988555e-03 9.0e+01 1.92e-02  3e-03  4e-02 809:37.7
  815   9780 -6.903770641246391e-03 9.0e+01 1.98e-02  3e-03  4e-02 814:39.5
  820   9840 -6.908422780922680e-03 9.2e+01 1.98e-02  3e-03  4e-02 819:44.3
  825   9900 -6.916474714174832e-03 9.5e+01 2.24e-02  3e-03  5e-02 824:47.1
  830   9960 -6.919991183984815e-03 9.3e+01 2.51e-02  4e-03  6e-02 829:48.5
  835  10020 -6.927296856975419e-03 9.7e+01 2.70e-02  4e-03  6e-02 834:54.2
  840  10080 -6.932975258596314e-03 1.0e+02 3.33e-02  5e-03  8e-02 839:59.2
  845  10140 -6.937395251373621e-03 1.0e+02 3.52e-02  5e-03  8e-02 844:59.7
  850  10200 -6.945715980766972e-03 1.1e+02 3.08e-02  5e-03  7e-02 849:59.6
  855  10260 -6.957777616897588e-03 1.1e+02 2.77e-02  4e-03  6e-02 854:59.5
  860  10320 -6.958452567552672e-03 1.1e+02 2.73e-02  4e-03  6e-02 859:59.2
  865  10380 -6.968294730126620e-03 1.1e+02 2.78e-02  4e-03  6e-02 864:59.1
  870  10440 -6.977188323147493e-03 1.2e+02 3.08e-02  4e-03  7e-02 869:59.4
  875  10500 -6.984009163242365e-03 1.3e+02 3.04e-02  4e-03  7e-02 875:00.2
  880  10560 -6.989241002357032e-03 1.3e+02 2.90e-02  4e-03  7e-02 880:00.7
  885  10620 -6.998518008207936e-03 1.3e+02 3.15e-02  4e-03  8e-02 885:01.4
  890  10680 -6.993349295383723e-03 1.3e+02 3.76e-02  5e-03  9e-02 890:02.1
  895  10740 -6.999785340977172e-03 1.3e+02 3.85e-02  5e-03  9e-02 895:03.0
  900  10800 -6.999646178470612e-03 1.3e+02 3.92e-02  5e-03  9e-02 900:04.1
  906  10872 -7.009045451025908e-03 1.3e+02 3.05e-02  4e-03  7e-02 906:04.2
  912  10944 -7.013767836228272e-03 1.4e+02 2.84e-02  4e-03  7e-02 912:02.8
  918  11016 -7.014975219087679e-03 1.4e+02 2.44e-02  3e-03  6e-02 918:01.2
  924  11088 -7.019609450925072e-03 1.4e+02 2.25e-02  3e-03  5e-02 924:00.2
  930  11160 -7.022861287170852e-03 1.4e+02 2.38e-02  3e-03  5e-02 929:59.2
  936  11232 -7.025297537166057e-03 1.4e+02 2.26e-02  3e-03  5e-02 935:57.9
  942  11304 -7.028944226058933e-03 1.4e+02 2.55e-02  3e-03  6e-02 941:56.6
  948  11376 -7.035463855998996e-03 1.4e+02 2.56e-02  3e-03  6e-02 947:55.8
  954  11448 -7.038415153239616e-03 1.4e+02 2.52e-02  3e-03  5e-02 953:54.6
  960  11520 -7.040853506848041e-03 1.4e+02 2.01e-02  2e-03  4e-02 959:54.2
  966  11592 -7.047813610236734e-03 1.4e+02 1.94e-02  2e-03  4e-02 965:53.2
  972  11664 -7.050463528819021e-03 1.5e+02 2.42e-02  3e-03  5e-02 971:52.9
  978  11736 -7.059678220962971e-03 1.7e+02 2.95e-02  3e-03  7e-02 977:53.1
  984  11808 -7.058037891370392e-03 1.8e+02 2.77e-02  3e-03  7e-02 983:52.5
  990  11880 -7.062943951493372e-03 1.8e+02 2.57e-02  3e-03  6e-02 989:52.1
  996  11952 -7.065001001316494e-03 1.8e+02 2.54e-02  3e-03  6e-02 995:51.8
 1000  12000 -7.066323969107035e-03 1.7e+02 2.39e-02  3e-03  6e-02 999:51.3
Budget constraint satisfied 20.049999237060547 131.39999771118164 Difference:  111.3499984741211
Budget constraint satisfied 0.0 131.39999771118164 Difference:  131.39999771118164
two_most_probable_states: ['000100000000', '000000000000']
final_expectation_value: -0.007067050089906539
params: [2.288583137707547, -8.38687041879021, 6.42878368978466, 6.898673237815961, 3.1379197214033008, -8.286294106635484, 14.921049412399238, -0.4430532224189781, 2.252730925570992, 3.345963412823768, 3.436391703509281, -11.162750429729831, -14.49781751212161, 2.5447060256588228, 1.9005678905707442, 9.804554086939945, 6.118544165914492, -7.858071390876658, 4.479034228639814, -12.365206799538312]
total_steps: 1000
states_probs: [0.05316234667055742, 0.06546965055328781]
optimized_portfolios: [{'DIS': 0, 'DOW': 0, 'INTC': 1, 'KO': 0, 'MMM': 0, 'MRK': 0, 'MSFT': 0, 'PG': 0}, {'DIS': 0, 'DOW': 0, 'INTC': 0, 'KO': 0, 'MMM': 0, 'MRK': 0, 'MSFT': 0, 'PG': 0}]
objective_values: [-3.6021842306246983, -0.0]
result_with_budget: [{'portfolio': {'DIS': 0, 'DOW': 0, 'INTC': 1, 'KO': 0, 'MMM': 0, 'MRK': 0, 'MSFT': 0, 'PG': 0}, 'budget': 20.049999237060547, 'difference': 111.3499984741211}, {'portfolio': {'DIS': 0, 'DOW': 0, 'INTC': 0, 'KO': 0, 'MMM': 0, 'MRK': 0, 'MSFT': 0, 'PG': 0}, 'budget': 0.0, 'difference': 131.39999771118164}]
Processing experiment 392
Budget: 135.0137176513672
Expected returns: 0.17820424472618002
Covariance matrix: 0.3768326025099796
3rd-order coskewness tensor: 1.0810274796767154
4th-order cokurtosis tensor: 21.988422377378015
Number of qubits for asset AXP: 1
Number of qubits for asset CRM: 1
Number of qubits for asset GS: 1
Number of qubits for asset INTC: 3
Number of qubits for asset JNJ: 1
Number of qubits for asset MMM: 1
Number of qubits for asset NKE: 1
Number of qubits for asset VZ: 2
Total number of qubits:  11
Optimized Weights (considering variance, skewness and kurtosis):
AXP: 3.85%
CRM: 26.23%
GS: 0.00%
INTC: 8.78%
JNJ: 13.37%
MMM: 11.23%
NKE: 11.12%
VZ: 25.43%
Left over budget:  0.3810653483647286
Optimized Discrete Allocation:
INTC: 1
NKE: 1
VZ: 1
Maximized utility from continuous higher moments:  -7.176470115980019
Budget constraint satisfied 134.63265228271484 135.0137176513672 Difference:  0.38106536865234375
Budget constraint satisfied 128.4563446044922 135.0137176513672 Difference:  6.557373046875
smallest_eigenvalues: [-0.006519010977979626]
smallest_bitstrings: ['00010000110']
first_excited_energy: -0.0065020207865768955
optimized_portfolio: [{'AXP': 0, 'CRM': 0, 'GS': 0, 'INTC': 1, 'JNJ': 0, 'MMM': 0, 'NKE': 1, 'VZ': 1}]
second_optimized_portfolio: [{'AXP': 0, 'CRM': 0, 'GS': 0, 'INTC': 0, 'JNJ': 0, 'MMM': 1, 'NKE': 0, 'VZ': 0}]
result_with_budget: [{'portfolio': {'AXP': 0, 'CRM': 0, 'GS': 0, 'INTC': 1, 'JNJ': 0, 'MMM': 0, 'NKE': 1, 'VZ': 1}, 'budget': 134.63265228271484, 'difference': 0.38106536865234375, 'objective_value': -7.176470115980019}]
result_with_budget_excited: [{'portfolio': {'AXP': 0, 'CRM': 0, 'GS': 0, 'INTC': 0, 'JNJ': 0, 'MMM': 1, 'NKE': 0, 'VZ': 0}, 'budget': 128.4563446044922, 'difference': 6.557373046875, 'objective_value': -4.1714339594276755}]
Initial params:  [0.2655207  0.38157968 0.20936984 2.75786941 1.52527839 0.92163007
 1.56910224 0.60655275 0.57591155 0.02514993 2.70584155 0.68558038
 1.88367225 0.9481527  0.12744298 0.45655948 1.78183121 0.18504575
 0.15679749 2.05952484]
(6_w,12)-aCMA-ES (mu_w=3.7,w_1=40%) in dimension 20 (seed=251817, Mon Mar 17 04:02:09 2025)
Iterat #Fevals   function value  axis ratio  sigma  min&max std  t[m:s]
    1     12 5.760168410144238e-02 1.0e+00 1.43e+00  1e+00  1e+00 0:41.0
    2     24 1.670577080951935e-02 1.1e+00 1.38e+00  1e+00  1e+00 1:21.6
    3     36 2.322708485414840e-02 1.1e+00 1.36e+00  1e+00  1e+00 2:02.2
    4     48 2.044300998199241e-02 1.2e+00 1.33e+00  1e+00  1e+00 2:43.1
    5     60 2.372484384346137e-02 1.2e+00 1.30e+00  1e+00  1e+00 3:23.8
    6     72 9.773187313451105e-02 1.2e+00 1.30e+00  1e+00  1e+00 4:04.7
    7     84 3.187533016566797e-02 1.3e+00 1.30e+00  1e+00  1e+00 4:45.4
    8     96 8.796116980654090e-02 1.3e+00 1.23e+00  1e+00  1e+00 5:26.2
    9    108 4.930970885962587e-02 1.3e+00 1.20e+00  1e+00  1e+00 6:06.9
   10    120 6.727071271691284e-02 1.4e+00 1.15e+00  1e+00  1e+00 6:47.8
   11    132 1.814932037542111e-02 1.4e+00 1.11e+00  1e+00  1e+00 7:28.6
   12    144 8.174985021926899e-02 1.4e+00 1.09e+00  1e+00  1e+00 8:09.3
   13    156 3.226220094183982e-02 1.4e+00 1.08e+00  1e+00  1e+00 8:49.9
   14    168 6.794369882113460e-02 1.4e+00 1.07e+00  1e+00  1e+00 9:30.6
   15    180 9.996408168673962e-02 1.5e+00 1.01e+00  1e+00  1e+00 10:11.5
   16    192 5.689056100509714e-02 1.5e+00 9.92e-01  9e-01  1e+00 10:52.3
   17    204 3.172576659864228e-02 1.5e+00 9.91e-01  9e-01  1e+00 11:33.1
   18    216 2.902990255149661e-02 1.5e+00 1.00e+00  9e-01  1e+00 12:13.9
   19    228 7.109466924952235e-02 1.6e+00 9.90e-01  9e-01  1e+00 12:54.6
   20    240 4.747728608438898e-02 1.6e+00 9.88e-01  9e-01  1e+00 13:35.6
   21    252 7.194830317929911e-02 1.5e+00 9.66e-01  9e-01  1e+00 14:16.4
   22    264 6.783344011509458e-02 1.6e+00 9.65e-01  9e-01  1e+00 14:57.2
   23    276 6.065636881297683e-02 1.5e+00 9.83e-01  9e-01  1e+00 15:37.8
   24    288 7.907029278463393e-02 1.5e+00 1.01e+00  9e-01  1e+00 16:18.5
   25    300 7.332919723110969e-02 1.5e+00 1.06e+00  1e+00  1e+00 16:59.4
   26    312 7.001845846561945e-02 1.5e+00 1.15e+00  1e+00  1e+00 17:40.1
   27    324 1.972422929623214e-02 1.6e+00 1.17e+00  1e+00  1e+00 18:20.8
   28    336 5.971882342261280e-02 1.6e+00 1.17e+00  1e+00  1e+00 19:01.4
   29    348 5.466856641215333e-02 1.6e+00 1.17e+00  1e+00  1e+00 19:42.4
   30    360 3.885942815446414e-02 1.6e+00 1.14e+00  1e+00  1e+00 20:23.4
   31    372 1.142417071684231e-01 1.7e+00 1.16e+00  1e+00  1e+00 21:04.4
   32    384 1.166195286415220e-01 1.7e+00 1.18e+00  1e+00  1e+00 21:45.4
   33    396 1.312144368497846e-01 1.7e+00 1.16e+00  1e+00  1e+00 22:26.1
   34    408 8.089314922933258e-02 1.7e+00 1.16e+00  1e+00  1e+00 23:06.8
   35    420 7.000087844016126e-02 1.8e+00 1.17e+00  1e+00  1e+00 23:47.5
   36    432 3.049268641588842e-02 1.8e+00 1.15e+00  1e+00  1e+00 24:28.2
   37    444 7.376623289550782e-02 1.8e+00 1.19e+00  1e+00  1e+00 25:09.0
   38    456 8.431169197845020e-02 1.9e+00 1.25e+00  1e+00  1e+00 25:49.8
   39    468 4.417796175645779e-02 1.9e+00 1.32e+00  1e+00  2e+00 26:30.6
   40    480 9.238073383210736e-02 1.8e+00 1.36e+00  1e+00  2e+00 27:11.3
   41    492 8.125161917618333e-02 1.8e+00 1.40e+00  1e+00  2e+00 27:52.0
   43    516 9.718258018999705e-02 1.9e+00 1.39e+00  1e+00  2e+00 29:13.8
   45    540 1.290435350292182e-01 1.9e+00 1.36e+00  1e+00  2e+00 30:35.6
   47    564 7.241084136635632e-02 1.9e+00 1.35e+00  1e+00  2e+00 31:57.3
   49    588 7.690137294986282e-02 1.9e+00 1.29e+00  1e+00  1e+00 33:19.0
   51    612 1.227487419775408e-01 1.9e+00 1.29e+00  1e+00  1e+00 34:40.4
   53    636 5.468139616380235e-02 2.0e+00 1.32e+00  1e+00  1e+00 36:01.9
   55    660 8.537997902699974e-02 1.9e+00 1.35e+00  1e+00  2e+00 37:23.1
   57    684 1.320776296036912e-01 1.9e+00 1.34e+00  1e+00  2e+00 38:44.6
   59    708 1.348587858348673e-01 2.0e+00 1.26e+00  1e+00  1e+00 40:06.0
   61    732 3.675695014912497e-02 2.0e+00 1.20e+00  1e+00  1e+00 41:27.4
   63    756 4.593393982969154e-02 2.0e+00 1.18e+00  1e+00  1e+00 42:48.8
   65    780 9.216835679588926e-02 2.0e+00 1.13e+00  1e+00  1e+00 44:09.9
   67    804 1.006382336201959e-01 2.0e+00 1.09e+00  1e+00  1e+00 45:31.4
   69    828 6.548195733046906e-02 2.0e+00 1.07e+00  9e-01  1e+00 46:52.7
   71    852 2.226588247797676e-02 2.1e+00 1.09e+00  1e+00  1e+00 48:14.1
   73    876 6.378715051285966e-02 2.1e+00 1.08e+00  9e-01  1e+00 49:35.3
   75    900 7.539418762106387e-02 2.1e+00 1.07e+00  9e-01  1e+00 50:56.5
   77    924 9.762101481682693e-02 2.1e+00 1.08e+00  9e-01  1e+00 52:18.0
   79    948 1.106871222792074e-01 2.1e+00 1.05e+00  9e-01  1e+00 53:39.3
   81    972 3.309250029694206e-02 2.1e+00 9.99e-01  9e-01  1e+00 55:00.8
   83    996 1.996941645042451e-02 2.1e+00 1.05e+00  9e-01  1e+00 56:22.3
   85   1020 8.855800086535154e-02 2.2e+00 1.08e+00  9e-01  1e+00 57:43.5
   87   1044 3.201454640407093e-02 2.2e+00 1.16e+00  1e+00  1e+00 59:04.9
   89   1068 6.590613106290316e-02 2.2e+00 1.20e+00  1e+00  1e+00 60:26.5
   91   1092 9.959662130051736e-02 2.2e+00 1.16e+00  1e+00  1e+00 61:47.8
   93   1116 4.003447799152596e-02 2.2e+00 1.09e+00  9e-01  1e+00 63:09.2
   95   1140 1.181477110409217e-01 2.2e+00 1.03e+00  9e-01  1e+00 64:30.3
   97   1164 1.230544796145017e-01 2.3e+00 1.01e+00  9e-01  1e+00 65:51.7
   99   1188 9.890073345072570e-02 2.3e+00 9.71e-01  8e-01  1e+00 67:13.1
  100   1200 1.931672327304859e-02 2.3e+00 9.93e-01  8e-01  1e+00 67:53.8
  102   1224 5.530062990475031e-02 2.4e+00 9.97e-01  8e-01  1e+00 69:15.1
  104   1248 1.312682655372208e-01 2.4e+00 9.91e-01  8e-01  1e+00 70:36.5
  106   1272 4.853983005568056e-02 2.4e+00 9.99e-01  8e-01  1e+00 71:57.7
  108   1296 7.462791749102407e-02 2.4e+00 1.00e+00  8e-01  1e+00 73:19.3
  110   1320 5.670274326539295e-02 2.3e+00 9.95e-01  8e-01  1e+00 74:40.6
  112   1344 4.582711990180979e-02 2.4e+00 9.44e-01  7e-01  1e+00 76:01.8
  114   1368 3.342379881689417e-02 2.4e+00 8.09e-01  6e-01  9e-01 77:22.8
  116   1392 1.063171123935750e-01 2.4e+00 7.46e-01  6e-01  8e-01 78:44.1
  118   1416 4.878409460297432e-02 2.4e+00 6.83e-01  5e-01  7e-01 80:05.4
  120   1440 5.929190018846717e-02 2.3e+00 6.31e-01  5e-01  7e-01 81:26.7
  122   1464 3.797061482836257e-02 2.4e+00 6.07e-01  4e-01  7e-01 82:48.3
  125   1500 5.119838768943276e-02 2.5e+00 5.91e-01  4e-01  7e-01 84:50.5
  128   1536 1.845858218695630e-02 2.6e+00 5.58e-01  4e-01  6e-01 86:51.5
  131   1572 2.055450242182440e-02 2.6e+00 4.90e-01  3e-01  6e-01 88:52.5
  134   1608 4.803510248332866e-02 2.5e+00 4.93e-01  3e-01  5e-01 90:53.1
  137   1644 4.435313756491722e-02 2.5e+00 5.24e-01  4e-01  6e-01 92:53.8
  140   1680 1.075938541546271e-01 2.6e+00 5.26e-01  4e-01  6e-01 94:54.4
  143   1716 3.582159230437396e-02 2.6e+00 4.60e-01  3e-01  5e-01 96:55.5
  146   1752 2.502428054633200e-02 2.7e+00 5.04e-01  3e-01  6e-01 98:56.6
  149   1788 1.179908402358226e-02 2.8e+00 5.93e-01  4e-01  7e-01 100:57.7
  152   1824 5.259590282966853e-02 2.8e+00 6.26e-01  4e-01  7e-01 102:58.4
  155   1860 2.765625087856800e-02 2.9e+00 7.19e-01  5e-01  9e-01 104:59.0
  158   1896 3.252404275829958e-02 2.9e+00 6.65e-01  4e-01  8e-01 106:59.9
  161   1932 3.457408358312003e-02 3.0e+00 6.74e-01  4e-01  8e-01 109:00.9
  164   1968 5.791049746655187e-02 3.1e+00 6.91e-01  4e-01  8e-01 111:02.0
  167   2004 1.074494139515575e-01 3.2e+00 6.79e-01  4e-01  8e-01 113:02.9
  170   2040 3.935523318781666e-02 3.2e+00 6.62e-01  4e-01  8e-01 115:04.2
  173   2076 2.887113252069750e-02 3.2e+00 6.21e-01  4e-01  7e-01 117:04.8
  176   2112 6.574445844528592e-02 3.2e+00 5.87e-01  3e-01  7e-01 119:05.2
  179   2148 5.843767633636136e-02 3.3e+00 6.03e-01  3e-01  7e-01 121:06.0
  182   2184 3.907965417154040e-02 3.4e+00 6.18e-01  3e-01  7e-01 123:07.3
  185   2220 2.549273116979522e-02 3.4e+00 5.82e-01  3e-01  7e-01 125:08.3
  188   2256 3.122520931299367e-02 3.5e+00 5.35e-01  3e-01  7e-01 127:09.3
  191   2292 3.031002433467401e-02 3.5e+00 5.71e-01  3e-01  7e-01 129:10.1
  194   2328 7.549951027803198e-02 3.6e+00 6.16e-01  3e-01  7e-01 131:10.7
  197   2364 5.068461663922347e-02 3.6e+00 6.46e-01  3e-01  8e-01 133:11.5
  200   2400 1.132877242500334e-01 3.7e+00 6.59e-01  3e-01  8e-01 135:12.3
  203   2436 5.113787626547622e-02 3.7e+00 6.45e-01  3e-01  8e-01 137:13.3
  206   2472 7.729780654395212e-02 3.8e+00 5.85e-01  3e-01  7e-01 139:14.4
  209   2508 4.663440243827063e-02 3.8e+00 5.57e-01  3e-01  7e-01 141:14.7
  212   2544 2.844396815368501e-02 3.8e+00 5.05e-01  3e-01  6e-01 143:15.6
  215   2580 6.084553092953573e-02 3.7e+00 4.61e-01  2e-01  5e-01 145:16.1
  218   2616 4.075677226280208e-02 3.8e+00 4.80e-01  2e-01  6e-01 147:16.6
  221   2652 1.880254033341998e-02 3.7e+00 5.08e-01  3e-01  6e-01 149:17.2
  224   2688 9.249076453064929e-03 3.8e+00 5.11e-01  3e-01  6e-01 151:18.5
  227   2724 7.175882554595364e-03 3.8e+00 4.75e-01  2e-01  5e-01 153:19.4
  230   2760 2.896793478311076e-02 3.8e+00 4.61e-01  2e-01  5e-01 155:20.5
  233   2796 2.402156994418156e-02 3.9e+00 4.46e-01  2e-01  5e-01 157:21.3
  236   2832 1.874593397818864e-02 3.9e+00 4.36e-01  2e-01  5e-01 159:22.0
  239   2868 1.764756332996400e-02 4.0e+00 3.85e-01  2e-01  4e-01 161:22.8
  243   2916 7.893089963225439e-03 4.1e+00 3.62e-01  2e-01  4e-01 164:00.5
  247   2964 1.211404523614078e-02 4.1e+00 3.08e-01  1e-01  4e-01 166:38.1
  251   3012 1.343932008807353e-02 4.0e+00 2.38e-01  1e-01  3e-01 169:16.1
  255   3060 1.147659094980185e-02 4.1e+00 1.91e-01  8e-02  2e-01 171:53.7
  259   3108 7.391437101035950e-03 4.1e+00 1.59e-01  7e-02  2e-01 174:31.4
  263   3156 6.842553461644902e-03 4.1e+00 1.54e-01  6e-02  2e-01 177:09.4
  267   3204 5.025784503163206e-03 4.0e+00 1.49e-01  6e-02  2e-01 179:47.1
  271   3252 5.239202049535104e-03 4.0e+00 1.47e-01  6e-02  2e-01 182:25.1
  275   3300 3.298723392050998e-03 4.2e+00 1.43e-01  6e-02  2e-01 185:02.6
  279   3348 3.615492341317067e-03 4.3e+00 1.40e-01  6e-02  2e-01 187:40.6
  283   3396 2.565041936187221e-04 4.3e+00 1.10e-01  4e-02  1e-01 190:19.0
  287   3444 2.352334673500614e-03 4.3e+00 9.85e-02  4e-02  1e-01 192:56.6
  291   3492 1.466280162016237e-03 4.3e+00 9.60e-02  4e-02  1e-01 195:34.4
  295   3540 3.226457564100485e-04 4.4e+00 8.98e-02  4e-02  1e-01 198:12.0
  299   3588 -4.411025183440402e-04 4.4e+00 8.19e-02  3e-02  9e-02 200:50.1
  300   3600 -7.013704707131722e-04 4.4e+00 7.97e-02  3e-02  9e-02 201:29.6
  304   3648 3.478836633671715e-04 4.4e+00 8.30e-02  3e-02  9e-02 204:07.9
  308   3696 -8.611670104448055e-04 4.6e+00 8.43e-02  3e-02  9e-02 206:46.3
  312   3744 -1.444918710688749e-03 4.8e+00 9.35e-02  3e-02  1e-01 209:24.5
  316   3792 -1.066830137591021e-03 4.8e+00 8.99e-02  3e-02  1e-01 212:02.1
  320   3840 -1.009693896049000e-03 4.9e+00 9.87e-02  4e-02  1e-01 214:40.0
  324   3888 -1.392407656592187e-03 5.1e+00 8.66e-02  3e-02  1e-01 217:18.3
  328   3936 -1.064135531971202e-03 5.2e+00 7.87e-02  3e-02  9e-02 219:56.1
  332   3984 -1.120794196613683e-03 5.4e+00 7.89e-02  3e-02  9e-02 222:33.9
  336   4032 -7.796911920100309e-04 5.5e+00 7.58e-02  3e-02  8e-02 225:11.8
  340   4080 -1.455423817540975e-03 5.6e+00 7.32e-02  3e-02  8e-02 227:49.6
  344   4128 -1.543521277721602e-03 5.5e+00 7.29e-02  3e-02  8e-02 230:27.6
  348   4176 -8.937479213617736e-04 5.8e+00 8.44e-02  3e-02  9e-02 233:05.7
  352   4224 -1.692534109958171e-03 5.9e+00 8.18e-02  3e-02  1e-01 235:43.6
  356   4272 -1.566277619688219e-03 6.0e+00 6.81e-02  2e-02  8e-02 238:21.3
  360   4320 -2.005462509684464e-03 6.1e+00 6.55e-02  2e-02  8e-02 240:59.0
  364   4368 -1.833619441226248e-03 6.4e+00 5.86e-02  2e-02  7e-02 243:36.8
  368   4416 -1.968303991055030e-03 6.7e+00 5.14e-02  2e-02  6e-02 246:14.6
  372   4464 -2.085127323455775e-03 7.0e+00 4.64e-02  1e-02  6e-02 248:52.6
  376   4512 -2.179738796713889e-03 7.1e+00 3.90e-02  1e-02  5e-02 251:30.4
  380   4560 -2.201890279340282e-03 7.4e+00 3.92e-02  1e-02  5e-02 254:08.1
  384   4608 -2.196219275160348e-03 7.7e+00 3.97e-02  1e-02  5e-02 256:46.2
  388   4656 -2.141025324616262e-03 8.7e+00 3.85e-02  1e-02  5e-02 259:24.5
  393   4716 -2.239494845145987e-03 9.3e+00 3.31e-02  1e-02  4e-02 262:41.8
  398   4776 -2.283345635020970e-03 9.8e+00 3.18e-02  9e-03  4e-02 265:59.0
  400   4800 -2.302406823385299e-03 9.8e+00 3.10e-02  9e-03  4e-02 267:18.1
  405   4860 -2.311196189553539e-03 1.0e+01 3.17e-02  9e-03  4e-02 270:35.7
  410   4920 -2.369402146983181e-03 1.1e+01 3.34e-02  1e-02  4e-02 273:53.5
  415   4980 -2.323513769845125e-03 1.1e+01 3.04e-02  9e-03  4e-02 277:10.7
  420   5040 -2.362577130289358e-03 1.2e+01 2.98e-02  8e-03  4e-02 280:28.0
  425   5100 -2.380676596323433e-03 1.3e+01 2.76e-02  8e-03  4e-02 283:45.8
  430   5160 -2.422257037763100e-03 1.3e+01 3.20e-02  9e-03  4e-02 287:03.2
  435   5220 -2.420504386147183e-03 1.4e+01 3.64e-02  1e-02  5e-02 290:20.2
  440   5280 -2.448659380792908e-03 1.5e+01 3.22e-02  9e-03  4e-02 293:37.6
  445   5340 -2.471845766664682e-03 1.6e+01 3.28e-02  1e-02  4e-02 296:55.0
  450   5400 -2.484763675487376e-03 1.7e+01 3.10e-02  9e-03  4e-02 300:12.3
  455   5460 -2.507274808179091e-03 1.8e+01 2.77e-02  8e-03  4e-02 303:28.9
  460   5520 -2.498274922862710e-03 1.8e+01 2.39e-02  7e-03  3e-02 306:46.0
  465   5580 -2.509561122059180e-03 1.8e+01 1.91e-02  5e-03  3e-02 310:03.4
  470   5640 -2.516702805755106e-03 1.9e+01 1.69e-02  5e-03  2e-02 313:21.5
  475   5700 -2.517724328936776e-03 2.0e+01 1.64e-02  4e-03  2e-02 316:43.6
  480   5760 -2.532011484896296e-03 2.0e+01 1.56e-02  4e-03  2e-02 320:05.6
  485   5820 -2.537939487061031e-03 2.2e+01 1.80e-02  5e-03  2e-02 323:25.7
  490   5880 -2.542527342126261e-03 2.5e+01 2.15e-02  6e-03  3e-02 326:43.0
  495   5940 -2.560094764929568e-03 2.7e+01 2.30e-02  6e-03  3e-02 329:59.8
  500   6000 -2.580355470317776e-03 2.9e+01 2.49e-02  7e-03  4e-02 333:16.4
  505   6060 -2.590737655327979e-03 3.0e+01 2.18e-02  6e-03  3e-02 336:33.4
  510   6120 -2.603246258451848e-03 3.1e+01 2.33e-02  7e-03  3e-02 339:51.7
  515   6180 -2.627665986392648e-03 3.3e+01 2.54e-02  7e-03  4e-02 343:14.9
  520   6240 -2.628097710162826e-03 3.4e+01 2.65e-02  7e-03  4e-02 346:38.9
  525   6300 -2.641687920240583e-03 3.4e+01 2.80e-02  8e-03  4e-02 350:02.4
  530   6360 -2.663538451170240e-03 3.5e+01 2.67e-02  7e-03  4e-02 353:25.9
  535   6420 -2.675635864780407e-03 3.5e+01 2.29e-02  6e-03  3e-02 356:48.9
  540   6480 -2.679484296978806e-03 3.6e+01 2.13e-02  6e-03  3e-02 360:12.1
  545   6540 -2.709994970235493e-03 3.9e+01 2.41e-02  7e-03  3e-02 363:35.6
  550   6600 -2.724502255734063e-03 4.0e+01 2.36e-02  7e-03  3e-02 366:59.6
  555   6660 -2.738944510341749e-03 4.0e+01 2.41e-02  7e-03  3e-02 370:22.9
  560   6720 -2.750667373556205e-03 4.1e+01 2.25e-02  6e-03  3e-02 373:46.8
  565   6780 -2.767865772937411e-03 4.0e+01 2.30e-02  7e-03  3e-02 377:10.4
  570   6840 -2.778260386739310e-03 4.0e+01 2.25e-02  6e-03  3e-02 380:34.3
  575   6900 -2.789954390531494e-03 4.0e+01 2.34e-02  7e-03  3e-02 383:57.6
  580   6960 -2.787838725997797e-03 4.0e+01 2.19e-02  6e-03  3e-02 387:20.7
  585   7020 -2.787518308105437e-03 3.9e+01 2.29e-02  6e-03  3e-02 390:43.9
  590   7080 -2.802122654030886e-03 4.0e+01 2.27e-02  6e-03  3e-02 394:07.5
  595   7140 -2.798512407798350e-03 4.0e+01 2.17e-02  6e-03  3e-02 397:31.3
  600   7200 -2.809586306462010e-03 4.0e+01 1.84e-02  5e-03  2e-02 400:54.9
  605   7260 -2.812863351653344e-03 4.1e+01 1.76e-02  5e-03  2e-02 404:18.3
  610   7320 -2.818335738019203e-03 4.1e+01 1.80e-02  5e-03  3e-02 407:41.8
  616   7392 -2.822580273978573e-03 4.4e+01 1.64e-02  4e-03  2e-02 411:45.2
  622   7464 -2.820817583189489e-03 4.5e+01 1.70e-02  4e-03  2e-02 415:48.9
  628   7536 -2.830628944086140e-03 4.6e+01 1.40e-02  3e-03  2e-02 419:52.9
  634   7608 -2.838998461626544e-03 4.9e+01 1.62e-02  4e-03  2e-02 423:56.5
  640   7680 -2.837876611561018e-03 5.1e+01 1.75e-02  4e-03  3e-02 428:00.1
  646   7752 -2.846348468930500e-03 5.3e+01 2.14e-02  5e-03  3e-02 432:04.2
  652   7824 -2.853887208084831e-03 5.5e+01 2.73e-02  6e-03  4e-02 436:08.3
  658   7896 -2.859516145425395e-03 5.8e+01 2.73e-02  6e-03  4e-02 440:12.0
