Running job array 32 on pe91.int.triton.aalto.fi
Starting at Sat Mar 22 10:18:57 EET 2025
Activating virtual environment at /scratch/work/uotilav2/quantum-portfolio/venv
Processing batch 33/100: experiments 32 to 32 (total 1)
Processing experiment 32
Budget: 3786
YF.download() has changed argument auto_adjust default to True
Number of qubits for asset BA: 5
Number of qubits for asset MSFT: 4
Total number of qubits:  9
Optimized Weights (considering variance, skewness and kurtosis):
BA: 0.00%
MSFT: 100.00%
Left over budget:  0.09126403223444868
Optimized Discrete Allocation:
MSFT: 9
Maximized utility from continuous higher moments:  -210.12112965969607
Budget constraint satisfied 3785.908721923828 3786 Difference:  0.091278076171875
Budget constraint satisfied 3762.9391479492188 3786 Difference:  23.06085205078125
smallest_eigenvalues: [-0.25266805507239937]
smallest_bitstrings: ['000001001']
first_excited_energy: -0.2526577200806909
optimized_portfolio: [{'BA': 0, 'MSFT': 9}]
second_optimized_portfolio: [{'BA': 7, 'MSFT': 6}]
result_with_budget: [{'portfolio': {'BA': 0, 'MSFT': 9}, 'budget': 3785.908721923828, 'difference': 0.091278076171875, 'objective_value': -210.12112965969607}]
result_with_budget_excited: [{'portfolio': {'BA': 7, 'MSFT': 6}, 'budget': 3762.9391479492188, 'difference': 23.06085205078125, 'objective_value': -649.3563652784592}]
Initial params:  [1.48788356 2.51613533 1.63512823 2.13276294 2.26393425 1.8284691
 1.68820779 2.38326127 0.33271856 1.4878596  0.58538032 2.31509673
 0.680313   0.42480042 1.01831901 0.47021746 0.69844324 1.21419094]
(6_w,12)-aCMA-ES (mu_w=3.7,w_1=40%) in dimension 18 (seed=824014, Sat Mar 22 10:19:00 2025)
Iterat #Fevals   function value  axis ratio  sigma  min&max std  t[m:s]
    1     12 1.373739750014617e-01 1.0e+00 9.43e-02  9e-02  1e-01 0:13.8
    2     24 -2.122690132714343e-02 1.1e+00 9.39e-02  9e-02  1e-01 0:27.7
    3     36 -4.711991997324821e-02 1.2e+00 9.21e-02  9e-02  1e-01 0:41.5
    4     48 -9.737288449540873e-02 1.2e+00 9.49e-02  9e-02  1e-01 0:55.2
    5     60 -1.204293379059842e-01 1.3e+00 9.49e-02  9e-02  1e-01 1:09.0
    6     72 -1.333489299293221e-01 1.3e+00 9.81e-02  9e-02  1e-01 1:22.8
    7     84 -1.346208987844811e-01 1.4e+00 9.87e-02  9e-02  1e-01 1:36.7
    8     96 -1.472877389505566e-01 1.4e+00 9.81e-02  9e-02  1e-01 1:50.5
    9    108 -1.628847557860050e-01 1.4e+00 1.02e-01  9e-02  1e-01 2:04.3
   10    120 -1.809036913983036e-01 1.5e+00 1.08e-01  1e-01  1e-01 2:18.1
   11    132 -1.795699215407625e-01 1.5e+00 1.14e-01  1e-01  1e-01 2:31.9
   12    144 -1.819517059878678e-01 1.6e+00 1.20e-01  1e-01  1e-01 2:45.7
   13    156 -1.816236713733655e-01 1.7e+00 1.22e-01  1e-01  1e-01 2:59.6
   14    168 -1.827215029003779e-01 1.7e+00 1.23e-01  1e-01  1e-01 3:13.4
   16    192 -1.849335699744568e-01 1.7e+00 1.17e-01  1e-01  1e-01 3:40.9
   18    216 -1.844760429412508e-01 1.8e+00 1.18e-01  1e-01  1e-01 4:08.6
   20    240 -1.933724914181433e-01 1.9e+00 1.11e-01  9e-02  1e-01 4:36.2
   22    264 -1.955124412175330e-01 1.9e+00 1.16e-01  1e-01  1e-01 5:03.7
   24    288 -1.878590367136811e-01 2.0e+00 1.14e-01  1e-01  1e-01 5:31.4
   26    312 -1.979833226850590e-01 2.0e+00 1.05e-01  9e-02  1e-01 5:59.0
   28    336 -1.994774844429686e-01 2.1e+00 9.72e-02  8e-02  1e-01 6:26.5
   30    360 -1.993551845214233e-01 2.1e+00 8.98e-02  8e-02  1e-01 6:54.1
   32    384 -2.036923938623605e-01 2.2e+00 8.83e-02  8e-02  1e-01 7:21.7
   34    408 -2.029042840670703e-01 2.1e+00 7.99e-02  7e-02  9e-02 7:49.4
   36    432 -2.104166994302059e-01 2.2e+00 7.59e-02  7e-02  8e-02 8:17.1
   38    456 -2.073576493248800e-01 2.3e+00 7.72e-02  6e-02  8e-02 8:44.7
   40    480 -2.082364907566920e-01 2.4e+00 7.62e-02  6e-02  8e-02 9:12.3
   42    504 -2.113751424431849e-01 2.5e+00 7.54e-02  6e-02  8e-02 9:39.9
   45    540 -2.101370020819243e-01 2.6e+00 6.79e-02  6e-02  7e-02 10:21.4
   48    576 -2.108347259225877e-01 2.8e+00 6.43e-02  5e-02  7e-02 11:02.8
   51    612 -2.134370648196850e-01 2.9e+00 6.64e-02  5e-02  7e-02 11:44.2
   54    648 -2.165899666483988e-01 3.1e+00 6.82e-02  6e-02  7e-02 12:25.6
   57    684 -2.183398135440588e-01 3.2e+00 7.04e-02  6e-02  8e-02 13:07.0
   60    720 -2.193603240233659e-01 3.5e+00 8.26e-02  7e-02  9e-02 13:48.6
   63    756 -2.175793945776580e-01 4.0e+00 8.76e-02  7e-02  1e-01 14:29.9
   66    792 -2.221180245177787e-01 4.1e+00 8.51e-02  7e-02  1e-01 15:11.3
   69    828 -2.233300111740073e-01 4.4e+00 8.01e-02  6e-02  1e-01 15:52.7
   72    864 -2.235003871461181e-01 4.5e+00 7.90e-02  6e-02  1e-01 16:34.1
   75    900 -2.214038353884687e-01 4.7e+00 7.59e-02  6e-02  1e-01 17:15.6
   78    936 -2.250752384005205e-01 4.9e+00 7.52e-02  5e-02  1e-01 17:57.2
   81    972 -2.247283638476934e-01 5.1e+00 8.21e-02  6e-02  1e-01 18:38.6
   84   1008 -2.234004035467722e-01 5.3e+00 8.34e-02  6e-02  1e-01 19:20.0
   88   1056 -2.242433088637036e-01 5.8e+00 7.85e-02  6e-02  1e-01 20:15.3
   92   1104 -2.243168487910425e-01 5.9e+00 6.31e-02  5e-02  8e-02 21:10.4
   96   1152 -2.255034078975256e-01 6.3e+00 4.70e-02  3e-02  6e-02 22:05.6
  100   1200 -2.263325211980609e-01 6.4e+00 4.22e-02  3e-02  6e-02 23:00.7
  104   1248 -2.259859163786983e-01 6.4e+00 3.64e-02  3e-02  5e-02 23:56.0
  108   1296 -2.263698072098984e-01 6.5e+00 3.10e-02  2e-02  4e-02 24:51.2
  112   1344 -2.265798452042563e-01 6.7e+00 2.93e-02  2e-02  4e-02 25:46.3
  116   1392 -2.265689914657000e-01 6.7e+00 2.71e-02  2e-02  3e-02 26:41.5
  120   1440 -2.266637746911631e-01 6.9e+00 2.54e-02  2e-02  3e-02 27:36.7
  124   1488 -2.266045867765169e-01 7.3e+00 2.37e-02  2e-02  3e-02 28:32.0
  128   1536 -2.266706766805900e-01 7.5e+00 2.32e-02  2e-02  3e-02 29:27.0
  132   1584 -2.269080696302903e-01 7.7e+00 2.16e-02  1e-02  3e-02 30:22.3
  136   1632 -2.269055988886083e-01 8.1e+00 2.18e-02  1e-02  3e-02 31:17.4
  140   1680 -2.270309229828890e-01 8.3e+00 2.07e-02  1e-02  3e-02 32:12.6
  145   1740 -2.271384724726193e-01 8.7e+00 2.04e-02  1e-02  3e-02 33:21.6
  150   1800 -2.272690402149159e-01 8.9e+00 2.76e-02  2e-02  4e-02 34:30.5
  155   1860 -2.272634439282932e-01 1.0e+01 3.09e-02  2e-02  4e-02 35:39.4
  160   1920 -2.273542240454003e-01 1.1e+01 2.55e-02  2e-02  3e-02 36:48.3
  165   1980 -2.274188248723622e-01 1.1e+01 2.14e-02  1e-02  3e-02 37:57.3
  170   2040 -2.275129991969556e-01 1.2e+01 2.06e-02  1e-02  3e-02 39:06.2
  175   2100 -2.276016704201914e-01 1.4e+01 1.86e-02  1e-02  3e-02 40:15.2
  180   2160 -2.276221994322559e-01 1.4e+01 1.74e-02  1e-02  2e-02 41:24.3
  185   2220 -2.276548012277581e-01 1.4e+01 1.24e-02  8e-03  2e-02 42:33.3
  190   2280 -2.276885580603909e-01 1.6e+01 1.19e-02  8e-03  2e-02 43:42.3
  195   2340 -2.277191911409197e-01 1.8e+01 1.25e-02  8e-03  2e-02 44:51.2
  200   2400 -2.277395977720617e-01 2.1e+01 1.26e-02  8e-03  2e-02 46:00.2
  205   2460 -2.277444732445424e-01 2.1e+01 9.23e-03  6e-03  1e-02 47:09.1
  210   2520 -2.277649002643080e-01 2.1e+01 8.96e-03  6e-03  1e-02 48:18.1
  216   2592 -2.277664717430871e-01 2.2e+01 9.02e-03  6e-03  1e-02 49:40.9
  222   2664 -2.277963995574721e-01 2.3e+01 8.45e-03  5e-03  1e-02 51:03.6
  228   2736 -2.278400597336732e-01 2.4e+01 9.51e-03  6e-03  2e-02 52:26.5
  234   2808 -2.278667357577412e-01 2.6e+01 8.89e-03  5e-03  2e-02 53:47.5
  240   2880 -2.279549914509837e-01 2.8e+01 1.50e-02  9e-03  3e-02 55:07.8
  246   2952 -2.280552348442849e-01 3.0e+01 2.16e-02  1e-02  4e-02 56:28.2
  252   3024 -2.281644412889703e-01 3.3e+01 2.81e-02  2e-02  6e-02 57:48.7
  258   3096 -2.281733035350595e-01 3.4e+01 2.73e-02  1e-02  6e-02 59:09.2
  264   3168 -2.284026494885400e-01 3.4e+01 2.55e-02  1e-02  5e-02 60:29.7
  270   3240 -2.284822365574155e-01 3.6e+01 2.34e-02  1e-02  5e-02 61:50.1
  276   3312 -2.285629162132710e-01 3.7e+01 3.17e-02  2e-02  7e-02 63:10.5
  283   3396 -2.288108409935813e-01 3.6e+01 3.41e-02  2e-02  7e-02 64:44.9
  290   3480 -2.288686886346467e-01 3.7e+01 3.28e-02  2e-02  7e-02 66:18.6
  297   3564 -2.290945367049786e-01 3.6e+01 2.49e-02  1e-02  5e-02 67:52.2
  300   3600 -2.292234125166583e-01 3.6e+01 2.37e-02  1e-02  5e-02 68:32.4
  307   3684 -2.292813118620221e-01 3.6e+01 2.86e-02  1e-02  6e-02 70:06.0
  314   3768 -2.294199327400720e-01 3.5e+01 2.83e-02  1e-02  5e-02 71:39.8
  321   3852 -2.296176674484914e-01 3.8e+01 2.91e-02  1e-02  6e-02 73:13.5
  328   3936 -2.296977717144660e-01 3.9e+01 2.83e-02  1e-02  6e-02 74:47.2
  335   4020 -2.298041595973955e-01 4.1e+01 2.47e-02  1e-02  5e-02 76:20.9
  342   4104 -2.299092799905007e-01 4.1e+01 2.16e-02  9e-03  5e-02 77:54.8
  349   4188 -2.300205910382034e-01 4.4e+01 2.07e-02  8e-03  5e-02 79:28.7
  356   4272 -2.301537040964188e-01 4.5e+01 2.15e-02  9e-03  5e-02 81:02.5
  363   4356 -2.301720857317922e-01 4.9e+01 2.24e-02  9e-03  5e-02 82:36.3
  371   4452 -2.302613898538401e-01 5.2e+01 1.91e-02  7e-03  5e-02 84:23.4
  379   4548 -2.304041509548945e-01 5.7e+01 1.97e-02  7e-03  5e-02 86:10.7
  387   4644 -2.304655199925898e-01 6.3e+01 1.88e-02  7e-03  5e-02 87:57.9
  395   4740 -2.305357191769051e-01 6.7e+01 1.98e-02  7e-03  6e-02 89:45.2
  400   4800 -2.305634495789472e-01 6.9e+01 1.96e-02  7e-03  5e-02 90:52.2
  408   4896 -2.305732260496260e-01 7.3e+01 2.43e-02  8e-03  7e-02 92:39.4
  416   4992 -2.306355507216357e-01 7.5e+01 2.71e-02  9e-03  7e-02 94:26.6
  424   5088 -2.306887854221725e-01 7.4e+01 2.62e-02  8e-03  7e-02 96:13.8
  432   5184 -2.307790429860069e-01 7.4e+01 3.35e-02  1e-02  9e-02 98:01.0
  440   5280 -2.307980645152208e-01 7.3e+01 2.59e-02  7e-03  6e-02 99:48.2
  448   5376 -2.309071618171289e-01 7.8e+01 2.51e-02  7e-03  6e-02 101:35.4
  456   5472 -2.309734146440843e-01 7.5e+01 2.49e-02  6e-03  6e-02 103:22.6
  464   5568 -2.312549711826707e-01 7.4e+01 3.83e-02  1e-02  9e-02 105:09.6
  472   5664 -2.314924189402842e-01 7.5e+01 5.34e-02  1e-02  1e-01 106:56.9
  481   5772 -2.316025793494885e-01 6.9e+01 5.74e-02  1e-02  1e-01 108:57.2
  490   5880 -2.319679916432476e-01 7.0e+01 6.94e-02  2e-02  1e-01 110:57.9
  499   5988 -2.320860960065486e-01 6.8e+01 5.22e-02  1e-02  1e-01 112:58.3
  500   6000 -2.321461251434552e-01 6.8e+01 5.05e-02  1e-02  1e-01 113:11.6
  509   6108 -2.322850943857284e-01 6.7e+01 4.14e-02  8e-03  8e-02 115:12.3
  518   6216 -2.324372508763453e-01 6.4e+01 3.94e-02  7e-03  7e-02 117:12.8
  527   6324 -2.326476382855245e-01 6.2e+01 3.27e-02  6e-03  6e-02 119:13.2
  536   6432 -2.328375638248839e-01 6.3e+01 3.62e-02  7e-03  6e-02 121:13.9
  545   6540 -2.335130016326780e-01 6.3e+01 5.35e-02  1e-02  9e-02 123:14.5
  554   6648 -2.339007856877820e-01 6.5e+01 8.28e-02  2e-02  1e-01 125:15.1
  563   6756 -2.356974487442662e-01 7.4e+01 1.05e-01  2e-02  2e-01 127:15.8
  572   6864 -2.356414138773394e-01 7.6e+01 1.54e-01  3e-02  3e-01 129:16.3
  581   6972 -2.372360043430713e-01 7.3e+01 1.43e-01  3e-02  3e-01 131:17.3
  591   7092 -2.383982655964184e-01 7.0e+01 1.06e-01  2e-02  2e-01 133:31.6
  600   7200 -2.387828412159788e-01 6.5e+01 7.15e-02  1e-02  1e-01 135:32.2
  610   7320 -2.391204941350288e-01 6.6e+01 4.87e-02  8e-03  9e-02 137:46.1
  620   7440 -2.394242861452696e-01 6.2e+01 4.89e-02  8e-03  8e-02 139:59.9
  630   7560 -2.397152138273196e-01 6.0e+01 4.52e-02  6e-03  7e-02 142:13.7
  640   7680 -2.399416662177149e-01 6.1e+01 4.02e-02  6e-03  6e-02 144:28.1
  650   7800 -2.399821895943900e-01 5.9e+01 3.22e-02  4e-03  5e-02 146:41.9
  660   7920 -2.400943878145461e-01 6.0e+01 2.39e-02  3e-03  3e-02 148:55.8
  670   8040 -2.402015899352743e-01 6.0e+01 2.74e-02  3e-03  4e-02 151:11.3
  680   8160 -2.402138368138745e-01 5.5e+01 3.30e-02  3e-03  5e-02 153:27.1
  690   8280 -2.402750393495718e-01 5.5e+01 2.84e-02  3e-03  4e-02 155:45.4
  700   8400 -2.403207871745655e-01 5.3e+01 2.19e-02  2e-03  3e-02 158:03.5
  710   8520 -2.403291839186425e-01 5.3e+01 1.55e-02  1e-03  2e-02 160:22.0
  720   8640 -2.403547626263127e-01 5.3e+01 1.69e-02  1e-03  2e-02 162:40.5
  730   8760 -2.403741091754460e-01 5.5e+01 1.74e-02  1e-03  2e-02 164:58.5
  740   8880 -2.403881146849046e-01 5.9e+01 2.35e-02  2e-03  3e-02 167:16.4
  750   9000 -2.404071309886859e-01 6.9e+01 2.41e-02  2e-03  3e-02 169:34.6
  760   9120 -2.404259031056786e-01 7.3e+01 1.92e-02  1e-03  2e-02 171:52.7
  770   9240 -2.404349027419909e-01 7.7e+01 1.84e-02  1e-03  2e-02 174:12.9
  780   9360 -2.404541445190061e-01 8.2e+01 1.70e-02  1e-03  2e-02 176:34.1
  790   9480 -2.404667030885809e-01 8.7e+01 1.43e-02  9e-04  2e-02 178:55.6
  800   9600 -2.404717041434541e-01 8.7e+01 1.23e-02  7e-04  2e-02 181:17.0
  811   9732 -2.404775649704771e-01 1.0e+02 1.71e-02  1e-03  3e-02 183:52.4
  822   9864 -2.404851174303959e-01 1.1e+02 1.27e-02  7e-04  2e-02 186:27.8
  833   9996 -2.404881812033072e-01 1.1e+02 1.12e-02  6e-04  2e-02 189:03.2
  844  10128 -2.404897099651788e-01 1.1e+02 9.77e-03  5e-04  2e-02 191:38.6
  855  10260 -2.404918994209376e-01 1.1e+02 7.18e-03  4e-04  1e-02 194:14.1
  866  10392 -2.404926812813558e-01 1.1e+02 5.61e-03  3e-04  9e-03 196:49.8
  877  10524 -2.404931642682171e-01 1.2e+02 4.95e-03  3e-04  8e-03 199:27.1
  888  10656 -2.404936280033679e-01 1.2e+02 2.79e-03  1e-04  4e-03 202:06.9
  899  10788 -2.404936641302021e-01 1.2e+02 3.43e-03  2e-04  5e-03 204:46.9
  900  10800 -2.404936848523474e-01 1.2e+02 3.24e-03  2e-04  5e-03 205:01.3
  911  10932 -2.404938545292080e-01 1.2e+02 2.43e-03  1e-04  4e-03 207:41.1
  922  11064 -2.404940436179990e-01 1.2e+02 2.78e-03  1e-04  4e-03 210:21.1
  933  11196 -2.404943065181011e-01 1.3e+02 3.96e-03  2e-04  6e-03 213:00.9
  944  11328 -2.404945753189565e-01 1.3e+02 4.40e-03  2e-04  7e-03 215:40.8
  955  11460 -2.404947993882700e-01 1.3e+02 4.47e-03  2e-04  6e-03 218:20.7
  966  11592 -2.404951302442833e-01 1.4e+02 4.68e-03  2e-04  7e-03 221:00.5
  977  11724 -2.404952531493911e-01 1.5e+02 3.69e-03  2e-04  5e-03 223:40.5
  988  11856 -2.404953679313411e-01 1.6e+02 2.44e-03  1e-04  4e-03 226:20.5
 1000  12000 -2.404954519887472e-01 1.8e+02 2.48e-03  1e-04  3e-03 229:13.7
Budget constraint satisfied 3542.252197265625 3786 Difference:  243.747802734375
Budget constraint satisfied 3365.252197265625 3786 Difference:  420.747802734375
two_most_probable_states: ['100000001', '000000001']
final_expectation_value: -0.2404954634259526
params: [2.42491856632771, 3.500920565301732, 3.048875872553066, 1.376128042351071, 4.016809434753105, 5.3753565191808645, -1.0237143166309117, 3.7359193670377806, -6.45243644775073, 1.1485136539718195, 1.1014627857834065, 0.4874792389253078, 1.3996180532818823, 0.4135610173536262, 1.431593557955452, 0.5080231640734272, 1.1827016892984545, 1.2471732634016244]
total_steps: 1000
states_probs: [0.022171920554276792, 0.02498735533961044]
optimized_portfolios: [{'BA': 1, 'MSFT': 8}, {'BA': 0, 'MSFT': 8}]
objective_values: [-165.64724238974893, -130.52314047789415]
result_with_budget: [{'portfolio': {'BA': 1, 'MSFT': 8}, 'budget': 3542.252197265625, 'difference': 243.747802734375}, {'portfolio': {'BA': 0, 'MSFT': 8}, 'budget': 3365.252197265625, 'difference': 420.747802734375}]
Batch 33/100 completed. Results saved to portfolio_optimization_results_batch_32.json
Job finished at Sat Mar 22 14:09:17 EET 2025
