Running job array 8 on csl10.int.triton.aalto.fi
Starting at Mon Mar 17 13:00:00 EET 2025
Activating virtual environment at /scratch/work/uotilav2/quantum-portfolio/venv
Processing batch 9/50: experiments 72 to 80 (total 9)
Skipping experiment 72 (already processed)
Skipping experiment 73 (already processed)
Processing experiment 74
Budget: 2598.159938812256
YF.download() has changed argument auto_adjust default to True
Expected returns: 0.06418418688670342
Covariance matrix: 0.3954614454836424
3rd-order coskewness tensor: 0.3299267198402067
4th-order cokurtosis tensor: 11.309639314471363
Number of qubits for asset DIS: 5
Number of qubits for asset KO: 6
Total number of qubits:  11
Optimized Weights (considering variance, skewness and kurtosis):
DIS: 54.36%
KO: 45.64%
Left over budget:  38.139522004053106
Optimized Discrete Allocation:
DIS: 13
KO: 18
Maximized utility from continuous higher moments:  -512860.245219815
Budget constraint satisfied 2152.423454284668 2598.159938812256 Difference:  445.7364845275879
Budget constraint satisfied 2102.877368927002 2598.159938812256 Difference:  495.2825698852539
smallest_eigenvalues: [-0.038251291657357]
smallest_bitstrings: ['00001011000']
first_excited_energy: -0.038211426090556895
optimized_portfolio: [{'DIS': 16, 'KO': 6}]
second_optimized_portfolio: [{'DIS': 15, 'KO': 7}]
result_with_budget: [{'portfolio': {'DIS': 16, 'KO': 6}, 'budget': 2152.423454284668, 'difference': 445.7364845275879, 'objective_value': -162073.12027785697}]
result_with_budget_excited: [{'portfolio': {'DIS': 15, 'KO': 7}, 'budget': 2102.877368927002, 'difference': 495.2825698852539, 'objective_value': -148788.8558036814}]
Initial params:  [2.51063067 1.44978017 2.45210473 0.37157007 2.01037118 0.45035763
 2.96776493 1.63943485 1.3026989  0.83112597 2.43232687 1.43303853
 1.78578792 0.0590299  1.94035914 1.92295543 1.93815531 2.96487203
 2.14200164 1.12942738]
(6_w,12)-aCMA-ES (mu_w=3.7,w_1=40%) in dimension 20 (seed=240213, Mon Mar 17 13:00:25 2025)
Iterat #Fevals   function value  axis ratio  sigma  min&max std  t[m:s]
    1     12 -1.687253967093287e-02 1.0e+00 1.42e+00  1e+00  1e+00 0:35.5
    2     24 -4.614332478822271e-03 1.1e+00 1.38e+00  1e+00  1e+00 1:10.7
    3     36 -2.799524916203164e-03 1.1e+00 1.36e+00  1e+00  1e+00 1:45.7
    4     48 3.571199128678217e-02 1.2e+00 1.37e+00  1e+00  1e+00 2:21.1
    5     60 1.477148568727783e-02 1.2e+00 1.40e+00  1e+00  1e+00 2:56.2
    6     72 4.676737894513734e-02 1.3e+00 1.42e+00  1e+00  1e+00 3:31.6
    7     84 1.557096154677351e-02 1.3e+00 1.47e+00  1e+00  2e+00 4:06.9
    8     96 -1.039378305539876e-02 1.3e+00 1.54e+00  1e+00  2e+00 4:42.1
    9    108 3.654501519049957e-03 1.4e+00 1.64e+00  2e+00  2e+00 5:17.2
   10    120 9.802677938393539e-03 1.5e+00 1.70e+00  2e+00  2e+00 5:52.4
   11    132 2.142481031459161e-02 1.5e+00 1.72e+00  2e+00  2e+00 6:27.6
   12    144 9.178445984604289e-03 1.5e+00 1.72e+00  2e+00  2e+00 7:03.1
   13    156 2.268553801907814e-02 1.6e+00 1.68e+00  2e+00  2e+00 7:38.3
   14    168 -4.815792562897813e-03 1.6e+00 1.67e+00  2e+00  2e+00 8:13.6
   15    180 3.777433277704439e-04 1.6e+00 1.71e+00  2e+00  2e+00 8:48.8
   16    192 3.576055142124913e-02 1.6e+00 1.75e+00  2e+00  2e+00 9:24.0
   17    204 -5.245875511879251e-03 1.6e+00 1.75e+00  2e+00  2e+00 9:59.4
   18    216 2.074187467947959e-02 1.7e+00 1.72e+00  2e+00  2e+00 10:34.7
   19    228 3.969468136285433e-02 1.7e+00 1.70e+00  2e+00  2e+00 11:09.9
   20    240 4.898169240846010e-02 1.7e+00 1.71e+00  2e+00  2e+00 11:45.2
   21    252 1.905057274170632e-02 1.7e+00 1.71e+00  2e+00  2e+00 12:20.4
   22    264 5.535501520066689e-02 1.7e+00 1.74e+00  2e+00  2e+00 12:55.8
   23    276 9.061623404873445e-03 1.7e+00 1.76e+00  2e+00  2e+00 13:31.1
   24    288 3.694603536074795e-02 1.7e+00 1.75e+00  2e+00  2e+00 14:06.3
   25    300 2.334073330295298e-02 1.7e+00 1.72e+00  2e+00  2e+00 14:41.5
   26    312 2.004180179484367e-02 1.7e+00 1.69e+00  2e+00  2e+00 15:16.8
   27    324 1.635608655929014e-02 1.7e+00 1.67e+00  2e+00  2e+00 15:52.2
   28    336 6.169494509462633e-02 1.8e+00 1.59e+00  1e+00  2e+00 16:27.5
   29    348 5.486963284020998e-02 1.8e+00 1.56e+00  1e+00  2e+00 17:02.7
   30    360 3.547738879589675e-02 1.8e+00 1.62e+00  1e+00  2e+00 17:37.9
   31    372 4.379875036007839e-02 1.8e+00 1.64e+00  2e+00  2e+00 18:13.2
   32    384 9.113863871973242e-03 1.8e+00 1.65e+00  2e+00  2e+00 18:48.6
   33    396 3.690283366906714e-02 1.8e+00 1.65e+00  2e+00  2e+00 19:23.8
   34    408 3.409223030093435e-02 1.9e+00 1.63e+00  1e+00  2e+00 19:59.1
   35    420 -1.450794493910678e-03 1.9e+00 1.67e+00  2e+00  2e+00 20:34.4
   36    432 4.112540730170585e-02 1.9e+00 1.74e+00  2e+00  2e+00 21:09.7
   38    456 4.362878773831151e-02 1.9e+00 1.77e+00  2e+00  2e+00 22:20.2
   40    480 3.529016690958508e-02 2.1e+00 1.86e+00  2e+00  2e+00 23:30.8
   42    504 5.400700321237532e-02 2.1e+00 1.95e+00  2e+00  2e+00 24:41.3
   44    528 4.071773609685122e-02 2.2e+00 2.15e+00  2e+00  3e+00 25:51.9
   46    552 2.907018917295651e-02 2.3e+00 2.26e+00  2e+00  3e+00 27:02.6
   48    576 4.845349995164212e-02 2.3e+00 2.34e+00  2e+00  3e+00 28:13.2
   50    600 1.985646187408005e-02 2.3e+00 2.22e+00  2e+00  3e+00 29:23.8
   52    624 3.591009567681227e-02 2.3e+00 2.33e+00  2e+00  3e+00 30:33.7
   54    648 6.262187681993300e-02 2.3e+00 2.23e+00  2e+00  3e+00 31:41.9
   56    672 6.309346926317813e-02 2.4e+00 2.10e+00  2e+00  3e+00 32:48.1
   58    696 3.157831159502752e-02 2.4e+00 1.97e+00  2e+00  2e+00 33:53.9
   60    720 2.569813858134892e-02 2.4e+00 1.89e+00  2e+00  2e+00 34:59.3
   62    744 5.204765061383017e-02 2.4e+00 1.79e+00  2e+00  2e+00 36:04.5
   64    768 5.256249863559769e-03 2.4e+00 1.84e+00  2e+00  2e+00 37:10.0
   66    792 6.531232759272404e-02 2.4e+00 1.81e+00  2e+00  2e+00 38:15.2
   68    816 2.351988348414446e-02 2.5e+00 1.70e+00  1e+00  2e+00 39:17.8
   70    840 4.123160333411707e-02 2.5e+00 1.65e+00  1e+00  2e+00 40:28.4
   72    864 4.048683919409527e-02 2.5e+00 1.72e+00  1e+00  2e+00 41:39.5
   74    888 6.783931969096918e-02 2.5e+00 1.67e+00  1e+00  2e+00 42:50.5
   76    912 1.589758095348270e-02 2.5e+00 1.67e+00  1e+00  2e+00 44:01.8
   78    936 5.295652770640761e-02 2.6e+00 1.70e+00  2e+00  2e+00 45:11.5
   80    960 3.502591964436519e-02 2.6e+00 1.74e+00  2e+00  2e+00 46:18.2
   82    984 2.946688067080021e-02 2.7e+00 1.72e+00  2e+00  2e+00 47:29.5
   84   1008 6.881888726394768e-02 2.7e+00 1.63e+00  1e+00  2e+00 48:41.0
   86   1032 3.749894143701592e-02 2.8e+00 1.55e+00  1e+00  2e+00 49:52.4
   88   1056 2.823717142621616e-02 2.8e+00 1.47e+00  1e+00  2e+00 51:04.0
   90   1080 4.787221589147444e-02 2.9e+00 1.52e+00  1e+00  2e+00 52:14.0
   92   1104 3.976209918149056e-02 2.9e+00 1.48e+00  1e+00  2e+00 53:20.5
   94   1128 4.744546565494408e-03 2.9e+00 1.47e+00  1e+00  2e+00 54:31.5
   96   1152 5.306969627958699e-03 3.0e+00 1.52e+00  1e+00  2e+00 55:42.9
   98   1176 3.502526872498845e-02 3.1e+00 1.53e+00  1e+00  2e+00 56:49.8
  100   1200 1.830386998798343e-02 3.2e+00 1.42e+00  1e+00  2e+00 58:01.2
  102   1224 7.275331636460666e-02 3.3e+00 1.35e+00  1e+00  2e+00 59:12.2
  105   1260 2.780047051445857e-02 3.4e+00 1.27e+00  1e+00  2e+00 60:49.3
  107   1284 3.257087960397786e-02 3.4e+00 1.33e+00  1e+00  2e+00 61:59.6
  110   1320 6.019017281196300e-02 3.5e+00 1.27e+00  1e+00  2e+00 63:46.1
  113   1356 8.728551835568726e-03 3.5e+00 1.18e+00  1e+00  2e+00 65:30.9
  116   1392 -1.186745838712889e-03 3.5e+00 1.14e+00  1e+00  2e+00 67:03.0
  119   1428 1.006778743659521e-02 3.5e+00 1.07e+00  9e-01  1e+00 68:49.0
  122   1464 1.390033754491691e-02 3.5e+00 1.17e+00  1e+00  2e+00 70:31.2
  125   1500 1.057202415451907e-02 3.5e+00 1.11e+00  9e-01  1e+00 72:16.5
  128   1536 3.815589631925494e-02 3.6e+00 1.22e+00  1e+00  2e+00 74:03.6
  131   1572 2.527407290464685e-02 3.6e+00 1.17e+00  1e+00  2e+00 75:48.2
  134   1608 4.136353719643238e-02 3.7e+00 1.09e+00  9e-01  2e+00 77:31.9
  137   1644 2.160580718415439e-02 3.6e+00 1.23e+00  1e+00  2e+00 79:17.9
  140   1680 5.257498049563097e-02 3.6e+00 1.29e+00  1e+00  2e+00 81:03.3
  143   1716 2.755231140054583e-02 3.6e+00 1.53e+00  1e+00  2e+00 82:49.3
  146   1752 -1.397828436560113e-02 3.6e+00 1.70e+00  1e+00  2e+00 84:35.9
  149   1788 2.923918207060041e-02 3.7e+00 1.63e+00  1e+00  2e+00 86:22.5
  152   1824 4.962479275380980e-03 3.7e+00 1.76e+00  1e+00  2e+00 88:09.4
  155   1860 2.817361606381546e-02 3.8e+00 1.67e+00  1e+00  2e+00 89:55.6
  158   1896 7.829232930838755e-03 3.8e+00 1.65e+00  1e+00  2e+00 91:42.8
  161   1932 4.570830655408262e-02 3.9e+00 1.68e+00  1e+00  2e+00 93:28.9
  164   1968 6.349321498486281e-02 3.9e+00 1.61e+00  1e+00  2e+00 95:16.3
  167   2004 1.779531048978767e-02 4.0e+00 1.57e+00  1e+00  2e+00 97:02.8
  170   2040 2.868500088332653e-02 4.0e+00 1.47e+00  1e+00  2e+00 98:49.4
  173   2076 1.463243463433866e-02 4.0e+00 1.34e+00  1e+00  2e+00 100:36.3
  176   2112 3.044859858717798e-02 4.0e+00 1.20e+00  1e+00  2e+00 102:23.0
  179   2148 8.801156174111635e-02 3.9e+00 1.09e+00  9e-01  1e+00 104:09.9
  182   2184 4.021393318649426e-02 4.0e+00 9.97e-01  8e-01  1e+00 105:56.8
  185   2220 1.289702603992282e-02 4.0e+00 1.01e+00  8e-01  1e+00 107:43.8
  188   2256 4.654776951011111e-02 4.0e+00 9.69e-01  8e-01  1e+00 109:31.0
  191   2292 3.294417288781514e-02 4.0e+00 9.60e-01  8e-01  1e+00 111:17.7
  194   2328 1.225738909349849e-02 4.1e+00 9.85e-01  8e-01  1e+00 113:02.5
  197   2364 8.310727424078769e-03 4.0e+00 1.01e+00  8e-01  1e+00 114:49.3
  200   2400 2.560470182441468e-02 4.1e+00 1.08e+00  9e-01  1e+00 116:36.4
  203   2436 1.945056817818665e-03 4.1e+00 1.19e+00  1e+00  2e+00 118:23.2
  206   2472 1.667263365383314e-02 4.1e+00 1.26e+00  1e+00  2e+00 120:10.5
  209   2508 2.087342657070259e-02 4.2e+00 1.33e+00  1e+00  2e+00 121:56.8
  212   2544 8.408944132443389e-03 4.3e+00 1.43e+00  1e+00  2e+00 123:43.5
  215   2580 2.749795745631293e-03 4.3e+00 1.39e+00  1e+00  2e+00 125:30.0
  219   2628 1.033260769840606e-02 4.3e+00 1.35e+00  1e+00  2e+00 127:52.7
  223   2676 2.330514782997082e-02 4.2e+00 1.38e+00  1e+00  2e+00 130:15.9
  227   2724 2.592539556412733e-02 4.1e+00 1.37e+00  1e+00  2e+00 132:38.0
  231   2772 1.700244340927140e-02 4.1e+00 1.36e+00  1e+00  2e+00 134:59.5
  235   2820 -5.384858654514672e-04 4.0e+00 1.53e+00  1e+00  2e+00 137:21.0
  239   2868 1.161123178080342e-02 4.1e+00 1.61e+00  1e+00  2e+00 139:43.0
  243   2916 3.433707992626815e-02 4.2e+00 1.65e+00  1e+00  2e+00 142:05.2
  247   2964 4.443007784132200e-02 4.1e+00 1.75e+00  1e+00  2e+00 144:26.3
  251   3012 1.761218249125635e-02 4.2e+00 1.73e+00  1e+00  2e+00 146:47.0
  255   3060 2.932421341200285e-02 4.2e+00 1.77e+00  1e+00  2e+00 149:07.8
  259   3108 6.466581684383747e-02 4.3e+00 1.86e+00  1e+00  2e+00 151:29.7
  263   3156 -1.473301142948208e-02 4.5e+00 1.83e+00  1e+00  2e+00 153:51.8
  267   3204 5.682476320487168e-02 4.7e+00 2.04e+00  1e+00  3e+00 156:11.0
  271   3252 6.156254432570042e-02 4.8e+00 2.39e+00  2e+00  3e+00 158:30.5
  275   3300 4.574559437081192e-02 4.8e+00 2.39e+00  2e+00  3e+00 160:49.7
  279   3348 1.006775295652142e-01 4.8e+00 2.42e+00  2e+00  3e+00 163:08.3
  283   3396 2.904878238812627e-02 4.9e+00 2.25e+00  2e+00  3e+00 165:27.5
  287   3444 5.984796566651534e-02 5.0e+00 2.17e+00  2e+00  3e+00 167:46.9
  291   3492 2.791601417311992e-02 4.9e+00 2.23e+00  2e+00  3e+00 170:06.3
  295   3540 4.960745106197523e-02 4.9e+00 2.13e+00  1e+00  3e+00 172:23.0
  299   3588 1.466119447657790e-02 4.7e+00 1.92e+00  1e+00  2e+00 174:40.1
  300   3600 4.660174153653167e-02 4.8e+00 1.88e+00  1e+00  2e+00 175:14.3
  304   3648 5.646214942663595e-02 4.9e+00 1.72e+00  1e+00  2e+00 177:29.1
  308   3696 6.660772107441844e-02 5.0e+00 1.75e+00  1e+00  2e+00 179:47.3
  312   3744 4.427162964330097e-02 5.0e+00 1.68e+00  1e+00  2e+00 182:02.9
  316   3792 2.745219177269681e-02 5.0e+00 1.64e+00  1e+00  2e+00 184:19.2
  320   3840 7.860696078128990e-02 5.0e+00 1.50e+00  1e+00  2e+00 186:38.4
  324   3888 4.173329516578455e-02 5.1e+00 1.34e+00  9e-01  2e+00 188:57.3
  328   3936 5.803403566834163e-02 5.3e+00 1.38e+00  9e-01  2e+00 191:16.3
  332   3984 4.049334687591022e-02 5.3e+00 1.43e+00  1e+00  2e+00 193:35.0
  336   4032 7.386650450536351e-02 5.4e+00 1.18e+00  8e-01  2e+00 195:53.3
  340   4080 2.046226892515262e-02 5.2e+00 1.12e+00  8e-01  2e+00 198:12.4
  344   4128 4.840284305419778e-02 5.2e+00 1.02e+00  7e-01  1e+00 200:32.2
  349   4188 7.066070182541994e-03 5.5e+00 1.04e+00  7e-01  1e+00 203:25.2
  354   4248 6.510856202745224e-02 5.8e+00 1.11e+00  7e-01  2e+00 206:18.4
  359   4308 3.185968458486225e-02 5.9e+00 1.21e+00  8e-01  2e+00 209:11.9
  364   4368 4.625098721697492e-02 6.1e+00 1.18e+00  8e-01  2e+00 212:05.8
  369   4428 6.586744124777480e-02 6.0e+00 1.18e+00  8e-01  2e+00 214:59.0
  374   4488 5.669813154544961e-02 6.2e+00 1.54e+00  1e+00  2e+00 217:50.1
  379   4548 3.889618232251675e-02 6.2e+00 1.80e+00  1e+00  3e+00 220:41.7
  384   4608 4.985272988886992e-02 6.4e+00 2.00e+00  1e+00  3e+00 223:36.4
  389   4668 7.041398346113568e-02 6.8e+00 2.31e+00  2e+00  3e+00 226:29.6
  394   4728 8.523971212347105e-02 7.1e+00 2.15e+00  1e+00  3e+00 229:23.1
  399   4788 5.345212978926887e-02 7.1e+00 1.89e+00  1e+00  3e+00 232:16.5
  400   4800 2.812974153562123e-02 7.1e+00 1.85e+00  1e+00  3e+00 232:51.1
  405   4860 5.714207124589541e-02 6.9e+00 1.64e+00  1e+00  2e+00 235:43.6
  410   4920 5.257046137339422e-02 6.7e+00 1.50e+00  1e+00  2e+00 238:37.6
  415   4980 6.174000623932431e-02 6.8e+00 1.54e+00  1e+00  2e+00 241:30.6
  420   5040 7.495718005141980e-02 7.0e+00 1.53e+00  1e+00  2e+00 244:22.8
  425   5100 1.818545641842549e-02 7.0e+00 1.34e+00  9e-01  2e+00 247:16.3
  430   5160 2.551227621625057e-02 7.0e+00 1.25e+00  8e-01  2e+00 250:11.6
  435   5220 8.411410694195698e-02 7.1e+00 1.15e+00  7e-01  2e+00 253:05.1
  440   5280 6.883779784515200e-02 7.1e+00 9.00e-01  6e-01  1e+00 255:58.4
  445   5340 5.439072538922808e-02 7.0e+00 8.32e-01  5e-01  1e+00 258:49.6
  450   5400 5.145601401512114e-02 6.9e+00 7.95e-01  5e-01  1e+00 261:43.6
  455   5460 2.716233732824562e-02 6.5e+00 9.25e-01  5e-01  1e+00 264:36.5
  460   5520 4.843307580519878e-02 6.3e+00 9.45e-01  6e-01  1e+00 267:29.3
  465   5580 3.964883843954722e-02 6.3e+00 9.11e-01  5e-01  1e+00 270:22.6
  470   5640 7.093591731395275e-02 6.3e+00 9.16e-01  6e-01  1e+00 273:15.6
  475   5700 2.459897337045364e-02 6.3e+00 9.12e-01  5e-01  1e+00 276:08.3
  480   5760 4.503871128644317e-02 6.3e+00 9.55e-01  6e-01  1e+00 279:02.5
  485   5820 7.653684764420701e-02 6.3e+00 1.03e+00  6e-01  1e+00 281:56.3
  490   5880 2.942086465336011e-02 6.3e+00 1.04e+00  6e-01  1e+00 284:50.7
  495   5940 8.006214354671906e-02 6.1e+00 9.80e-01  6e-01  1e+00 287:45.0
  500   6000 7.985320973168425e-02 6.1e+00 7.91e-01  5e-01  1e+00 290:39.5
  505   6060 8.069977383830559e-02 6.1e+00 8.46e-01  5e-01  1e+00 293:33.7
  510   6120 9.304145212607236e-02 6.3e+00 7.80e-01  5e-01  1e+00 296:28.2
  516   6192 4.222144306180207e-02 6.4e+00 8.21e-01  5e-01  1e+00 299:57.1
  522   6264 6.182746804960665e-02 6.4e+00 9.79e-01  6e-01  1e+00 303:26.0
  528   6336 7.241839898088902e-02 6.3e+00 1.10e+00  6e-01  1e+00 306:56.0
  534   6408 8.683692917977150e-02 6.6e+00 1.21e+00  7e-01  1e+00 310:25.1
  540   6480 7.986495496803395e-02 6.8e+00 1.31e+00  8e-01  2e+00 313:54.1
  546   6552 8.132427443707435e-02 7.0e+00 1.33e+00  8e-01  2e+00 317:24.9
  552   6624 1.132452595631950e-01 7.3e+00 1.36e+00  8e-01  2e+00 320:53.7
  558   6696 7.188133305539461e-02 7.7e+00 1.70e+00  1e+00  2e+00 324:23.3
  564   6768 5.002496682021464e-02 7.8e+00 1.66e+00  1e+00  2e+00 327:52.7
  570   6840 7.975562768570520e-02 8.1e+00 1.84e+00  1e+00  2e+00 331:22.0
  576   6912 6.585483444786105e-02 7.8e+00 1.64e+00  1e+00  2e+00 334:51.2
  582   6984 6.959532173227403e-02 7.9e+00 2.11e+00  1e+00  3e+00 338:20.5
  588   7056 5.358738460619866e-02 8.3e+00 2.40e+00  1e+00  3e+00 341:48.2
  594   7128 3.552563423800948e-02 8.4e+00 2.22e+00  1e+00  3e+00 345:17.5
  600   7200 3.806975734453077e-02 8.5e+00 2.17e+00  1e+00  3e+00 348:43.6
  606   7272 5.910161739520225e-02 8.1e+00 1.95e+00  1e+00  3e+00 352:09.8
  612   7344 7.419557534864732e-02 8.0e+00 2.06e+00  1e+00  3e+00 355:39.2
  618   7416 6.732578153072302e-02 8.1e+00 2.31e+00  1e+00  3e+00 359:05.3
  624   7488 4.797158659356137e-02 8.0e+00 1.92e+00  1e+00  2e+00 362:31.7
  630   7560 4.538556730475091e-02 8.2e+00 1.82e+00  1e+00  2e+00 366:00.7
  636   7632 3.545531526951751e-02 8.4e+00 1.83e+00  1e+00  2e+00 369:23.9
  642   7704 6.547664255597629e-02 8.4e+00 1.80e+00  1e+00  2e+00 372:48.4
  648   7776 6.476486364910147e-02 8.4e+00 1.56e+00  9e-01  2e+00 376:14.2
  654   7848 1.207619458898338e-01 8.5e+00 1.57e+00  1e+00  2e+00 379:42.1
  660   7920 8.155580993479648e-02 8.5e+00 1.89e+00  1e+00  2e+00 383:08.9
  666   7992 6.172228931302023e-02 8.4e+00 2.34e+00  1e+00  3e+00 386:35.8
  672   8064 6.836349649326723e-02 8.5e+00 2.69e+00  2e+00  3e+00 390:05.9
  678   8136 8.459463889399349e-02 8.4e+00 2.95e+00  2e+00  4e+00 393:35.8
  684   8208 8.798569224762821e-02 8.7e+00 2.70e+00  2e+00  3e+00 397:05.5
  690   8280 1.077362448225157e-01 9.4e+00 2.44e+00  1e+00  3e+00 400:35.8
  696   8352 5.711847932710565e-02 9.8e+00 2.58e+00  2e+00  3e+00 404:01.2
  700   8400 6.117950263498512e-02 9.6e+00 2.33e+00  2e+00  3e+00 406:15.1
  707   8484 6.420085241515744e-02 9.4e+00 2.29e+00  2e+00  3e+00 410:12.4
  714   8568 8.018251517780532e-02 9.5e+00 2.61e+00  2e+00  3e+00 414:08.5
  721   8652 9.883660541437532e-02 1.0e+01 2.76e+00  2e+00  4e+00 418:05.7
  728   8736 7.741319439244349e-02 1.0e+01 2.77e+00  2e+00  4e+00 422:02.1
  735   8820 6.802560722541467e-02 9.9e+00 3.33e+00  2e+00  4e+00 425:53.9
  742   8904 8.082787479719136e-02 1.0e+01 3.05e+00  2e+00  4e+00 429:50.6
  749   8988 8.940185864783130e-02 1.0e+01 3.31e+00  2e+00  4e+00 433:48.3
  756   9072 1.005940671083230e-01 1.0e+01 3.00e+00  2e+00  4e+00 437:45.2
  763   9156 1.028354974801979e-01 1.1e+01 3.01e+00  2e+00  4e+00 441:41.6
  770   9240 9.754191245354442e-02 1.1e+01 3.14e+00  2e+00  4e+00 445:40.7
  777   9324 7.863123661551286e-02 1.1e+01 3.40e+00  2e+00  4e+00 449:38.4
  784   9408 9.366563531095479e-02 1.2e+01 3.66e+00  2e+00  5e+00 453:36.0
  791   9492 6.778251468385044e-02 1.2e+01 3.64e+00  2e+00  5e+00 457:34.0
  798   9576 7.407175153661635e-02 1.1e+01 3.88e+00  2e+00  5e+00 461:30.4
  800   9600 6.760537527572189e-02 1.1e+01 4.00e+00  3e+00  5e+00 462:37.8
  807   9684 5.516950882098244e-02 1.1e+01 3.73e+00  2e+00  5e+00 466:35.0
  814   9768 9.401611601319336e-02 1.2e+01 4.06e+00  3e+00  5e+00 470:31.5
  821   9852 9.714591450170487e-02 1.2e+01 5.01e+00  3e+00  7e+00 474:31.3
  828   9936 8.454003617777113e-02 1.2e+01 4.30e+00  3e+00  6e+00 478:33.8
  835  10020 9.285837849064014e-02 1.3e+01 5.40e+00  3e+00  7e+00 482:40.2
  842  10104 8.494950499971254e-02 1.3e+01 6.97e+00  4e+00  9e+00 486:47.2
  849  10188 7.914774844238406e-02 1.3e+01 6.66e+00  4e+00  8e+00 490:54.3
  856  10272 1.043960244121658e-01 1.3e+01 6.50e+00  4e+00  8e+00 495:01.1
  863  10356 7.273301142685222e-02 1.3e+01 6.75e+00  4e+00  8e+00 499:07.0
  870  10440 3.061515831365395e-02 1.3e+01 6.47e+00  4e+00  8e+00 503:13.2
  877  10524 9.639141563662383e-02 1.3e+01 6.23e+00  4e+00  8e+00 507:19.4
  884  10608 9.462161409542878e-02 1.3e+01 6.47e+00  4e+00  8e+00 511:25.8
  891  10692 1.090292885371430e-01 1.3e+01 5.53e+00  3e+00  7e+00 515:33.0
  898  10776 9.380116380221201e-02 1.3e+01 5.16e+00  3e+00  6e+00 519:40.0
  900  10800 8.522274483991427e-02 1.4e+01 5.32e+00  3e+00  6e+00 520:49.4
  907  10884 1.045870342396544e-01 1.4e+01 5.83e+00  3e+00  7e+00 524:57.0
  914  10968 1.096630038027137e-01 1.4e+01 5.89e+00  3e+00  7e+00 529:02.9
  921  11052 9.307074440599834e-02 1.4e+01 6.61e+00  4e+00  7e+00 533:09.0
  928  11136 9.219889453397836e-02 1.4e+01 6.54e+00  4e+00  7e+00 537:14.2
  935  11220 1.128173848275261e-01 1.4e+01 6.92e+00  4e+00  8e+00 541:20.2
  942  11304 1.007283504729945e-01 1.5e+01 7.24e+00  4e+00  9e+00 545:26.5
  949  11388 9.378230536552844e-02 1.5e+01 6.88e+00  4e+00  9e+00 549:32.2
  956  11472 1.072676074886755e-01 1.6e+01 6.14e+00  4e+00  8e+00 553:38.0
  963  11556 8.544646870601769e-02 1.6e+01 6.08e+00  3e+00  8e+00 557:44.3
  970  11640 9.413738576306957e-02 1.7e+01 6.04e+00  3e+00  8e+00 561:50.6
  977  11724 7.026296374712414e-02 1.8e+01 5.94e+00  3e+00  8e+00 565:57.2
  985  11820 7.711840326380230e-02 1.8e+01 6.93e+00  4e+00  9e+00 570:38.4
  993  11916 9.910366618614022e-02 1.9e+01 5.71e+00  3e+00  7e+00 575:19.4
 1000  12000 4.888541414836896e-02 1.9e+01 4.45e+00  2e+00  6e+00 579:26.1
Job finished at Mon Mar 17 22:41:34 EET 2025
