Running job array 5 on pe45.int.triton.aalto.fi
Starting at Sat Mar 15 11:22:30 EET 2025
Activating virtual environment at /scratch/work/uotilav2/quantum-portfolio/venv
Processing batch 6/30: experiments 75 to 89 (total 15)
Skipping experiment 75 (already processed)
Skipping experiment 76 (already processed)
Skipping experiment 77 (already processed)
Processing experiment 78
Budget: 1960.2180976867676
YF.download() has changed argument auto_adjust default to True
Expected returns: 0.10246660769356392
Covariance matrix: 0.2513217405814765
3rd-order coskewness tensor: -0.12365293663351007
4th-order cokurtosis tensor: 14.116542474802955
Number of qubits for asset NKE: 5
Number of qubits for asset VZ: 6
Total number of qubits:  11
Optimized Weights (considering variance, skewness and kurtosis):
NKE: 45.47%
VZ: 54.53%
Left over budget:  35.11417749071779
Optimized Discrete Allocation:
NKE: 12
VZ: 26
Maximized utility from continuous higher moments:  -253120.6085909493
Budget constraint satisfied 1758.0335159301758 1960.2180976867676 Difference:  202.1845817565918
Budget constraint satisfied 1722.0383033752441 1960.2180976867676 Difference:  238.17979431152344
smallest_eigenvalues: [-0.09994074760072784]
smallest_bitstrings: ['11110000010']
first_excited_energy: -0.0999399143476117
optimized_portfolio: [{'NKE': 15, 'VZ': 16}]
second_optimized_portfolio: [{'NKE': 14, 'VZ': 17}]
result_with_budget: [{'portfolio': {'NKE': 15, 'VZ': 16}, 'budget': 1758.0335159301758, 'difference': 202.1845817565918, 'objective_value': -65383.81874284702}]
result_with_budget_excited: [{'portfolio': {'NKE': 14, 'VZ': 17}, 'budget': 1722.0383033752441, 'difference': 238.17979431152344, 'objective_value': -60003.93006452705}]
Initial params:  [2.51063067 1.44978017 2.45210473 0.37157007 2.01037118 0.45035763
 2.96776493 1.63943485 1.3026989  0.83112597 2.43232687 1.43303853
 1.78578792 0.0590299  1.94035914 1.92295543 1.93815531 2.96487203
 2.14200164 1.12942738]
(6_w,12)-aCMA-ES (mu_w=3.7,w_1=40%) in dimension 20 (seed=171961, Sat Mar 15 11:22:55 2025)
Iterat #Fevals   function value  axis ratio  sigma  min&max std  t[m:s]
    1     12 -2.419608532675777e-02 1.0e+00 1.38e+00  1e+00  1e+00 0:41.4
    2     24 2.823788799701437e-02 1.1e+00 1.26e+00  1e+00  1e+00 1:22.5
    3     36 -3.129266213349761e-02 1.1e+00 1.20e+00  1e+00  1e+00 2:04.1
    4     48 1.321625123752728e-02 1.1e+00 1.16e+00  1e+00  1e+00 2:45.6
    5     60 -1.188408245443843e-02 1.2e+00 1.17e+00  1e+00  1e+00 3:27.0
    6     72 1.199484477549895e-02 1.3e+00 1.17e+00  1e+00  1e+00 4:08.5
    7     84 8.492299954726222e-03 1.3e+00 1.17e+00  1e+00  1e+00 4:49.9
    8     96 1.508160842794050e-02 1.3e+00 1.19e+00  1e+00  1e+00 5:31.3
    9    108 -1.025691807442775e-02 1.3e+00 1.21e+00  1e+00  1e+00 6:12.9
   10    120 2.856187574659532e-02 1.4e+00 1.20e+00  1e+00  1e+00 6:54.5
   11    132 -2.068070743236044e-02 1.4e+00 1.16e+00  1e+00  1e+00 7:35.7
   12    144 1.312282795364531e-02 1.4e+00 1.16e+00  1e+00  1e+00 8:17.1
   13    156 -3.938767960349134e-02 1.5e+00 1.21e+00  1e+00  1e+00 8:57.8
   14    168 2.114725769266357e-02 1.5e+00 1.22e+00  1e+00  1e+00 9:38.0
   15    180 1.004580041255645e-02 1.5e+00 1.20e+00  1e+00  1e+00 10:18.1
   16    192 -1.220354913858137e-02 1.5e+00 1.24e+00  1e+00  1e+00 10:58.4
   17    204 4.213795418960900e-02 1.5e+00 1.27e+00  1e+00  1e+00 11:38.4
   18    216 3.348323778586322e-02 1.6e+00 1.26e+00  1e+00  1e+00 12:18.4
   19    228 -2.398135404592744e-02 1.6e+00 1.22e+00  1e+00  1e+00 12:58.6
   20    240 1.985690861183212e-03 1.6e+00 1.19e+00  1e+00  1e+00 13:38.7
   21    252 1.648826095310640e-02 1.6e+00 1.18e+00  1e+00  1e+00 14:18.7
   22    264 2.308333552710511e-02 1.7e+00 1.17e+00  1e+00  1e+00 14:58.7
   23    276 2.709532429323746e-03 1.7e+00 1.15e+00  1e+00  1e+00 15:38.7
   24    288 -4.351033845923961e-03 1.7e+00 1.14e+00  1e+00  1e+00 16:18.8
   25    300 1.576357726401133e-02 1.7e+00 1.15e+00  1e+00  1e+00 16:58.9
   26    312 -3.206103779359036e-02 1.7e+00 1.19e+00  1e+00  1e+00 17:39.5
   27    324 4.718428411406380e-02 1.7e+00 1.21e+00  1e+00  1e+00 18:19.3
   28    336 -1.840168535185418e-02 1.7e+00 1.24e+00  1e+00  1e+00 18:59.3
   29    348 1.010450545748506e-02 1.7e+00 1.20e+00  1e+00  1e+00 19:39.4
   30    360 -2.324455071630043e-02 1.7e+00 1.17e+00  1e+00  1e+00 20:19.4
   31    372 3.370206434307539e-02 1.8e+00 1.09e+00  1e+00  1e+00 20:59.4
   32    384 1.756661961615034e-02 1.8e+00 1.03e+00  9e-01  1e+00 21:39.5
   33    396 -3.052841376603468e-02 1.8e+00 9.95e-01  9e-01  1e+00 22:19.5
   34    408 5.186104279357229e-03 1.8e+00 9.50e-01  8e-01  1e+00 22:59.6
   35    420 -2.780426433289160e-02 1.8e+00 9.26e-01  8e-01  1e+00 23:39.6
   36    432 -3.631905602991924e-03 1.9e+00 9.10e-01  8e-01  1e+00 24:19.8
   37    444 -1.724182970336684e-02 1.9e+00 9.33e-01  8e-01  1e+00 24:59.9
   38    456 -3.904342387622945e-03 1.9e+00 9.29e-01  8e-01  1e+00 25:40.1
   39    468 2.617320051199212e-03 1.9e+00 9.05e-01  8e-01  1e+00 26:20.3
   40    480 2.664165863232605e-02 1.9e+00 9.27e-01  8e-01  1e+00 27:00.1
   41    492 1.178380908812970e-02 1.9e+00 9.33e-01  8e-01  1e+00 27:40.2
   43    516 4.106199428411867e-02 1.9e+00 9.21e-01  8e-01  1e+00 29:00.5
   45    540 4.791104664690249e-02 1.9e+00 8.65e-01  8e-01  1e+00 30:20.3
   47    564 2.059473936510645e-02 2.0e+00 8.06e-01  7e-01  9e-01 31:40.6
   49    588 2.059540841667474e-02 2.0e+00 7.51e-01  7e-01  9e-01 33:00.7
   51    612 1.469848738955346e-02 2.0e+00 7.75e-01  7e-01  9e-01 34:20.5
   53    636 1.458244581102905e-02 2.0e+00 7.95e-01  7e-01  9e-01 35:40.2
   55    660 -1.692592936727596e-02 2.0e+00 8.11e-01  7e-01  9e-01 37:00.3
   57    684 9.412399345554269e-03 2.0e+00 8.47e-01  8e-01  1e+00 38:20.4
   59    708 -1.101547933685146e-02 2.1e+00 8.87e-01  8e-01  1e+00 39:40.5
   61    732 1.291625816350457e-02 2.1e+00 8.68e-01  8e-01  1e+00 41:00.6
   63    756 -3.696160887048354e-02 2.2e+00 8.36e-01  7e-01  1e+00 42:20.8
   65    780 7.859993843865541e-02 2.1e+00 7.86e-01  7e-01  9e-01 43:40.9
   67    804 9.783729340282151e-03 2.2e+00 8.19e-01  7e-01  9e-01 45:01.2
   69    828 2.527706603665273e-02 2.3e+00 8.99e-01  8e-01  1e+00 46:21.5
   71    852 4.745431792354834e-02 2.4e+00 9.83e-01  9e-01  1e+00 47:41.8
   73    876 -2.385726788024814e-04 2.5e+00 1.08e+00  9e-01  1e+00 49:02.1
   75    900 5.929692014879709e-02 2.5e+00 1.06e+00  9e-01  1e+00 50:22.4
   77    924 2.395826572129069e-02 2.5e+00 1.05e+00  9e-01  1e+00 51:42.7
   79    948 5.511395689074151e-02 2.5e+00 1.13e+00  1e+00  1e+00 53:02.9
   81    972 8.305052026846201e-03 2.6e+00 1.18e+00  1e+00  1e+00 54:23.4
   83    996 -1.417261886693595e-02 2.6e+00 1.15e+00  1e+00  1e+00 55:43.5
   85   1020 -1.206369751140851e-02 2.6e+00 1.07e+00  9e-01  1e+00 57:03.6
   87   1044 1.710305944107505e-02 2.6e+00 1.04e+00  9e-01  1e+00 58:23.5
   89   1068 1.537598083445080e-02 2.7e+00 1.01e+00  9e-01  1e+00 59:43.3
   91   1092 -1.485893970214270e-02 2.7e+00 9.82e-01  9e-01  1e+00 61:03.3
   93   1116 4.421390122177021e-02 2.7e+00 9.73e-01  8e-01  1e+00 62:23.0
   95   1140 3.561491650945004e-03 2.7e+00 9.92e-01  9e-01  1e+00 63:43.0
   97   1164 2.972290884571643e-02 2.8e+00 1.01e+00  9e-01  1e+00 65:02.8
   99   1188 -1.640512328817830e-03 2.8e+00 1.00e+00  9e-01  1e+00 66:22.4
  100   1200 5.181261683793715e-03 2.9e+00 9.51e-01  8e-01  1e+00 67:02.4
  102   1224 -4.293802916892668e-03 2.9e+00 9.05e-01  8e-01  1e+00 68:22.2
  104   1248 5.838830835284867e-02 2.9e+00 9.20e-01  8e-01  1e+00 69:42.0
  106   1272 5.551118967684571e-02 3.0e+00 9.69e-01  8e-01  1e+00 71:02.0
  108   1296 2.556075975828280e-02 3.0e+00 1.04e+00  9e-01  1e+00 72:21.9
  110   1320 -3.728585471478631e-02 3.0e+00 1.09e+00  1e+00  1e+00 73:42.2
  112   1344 2.562284534506447e-02 3.0e+00 1.18e+00  1e+00  1e+00 75:02.2
  114   1368 2.375403494920234e-02 3.0e+00 1.32e+00  1e+00  2e+00 76:22.0
  116   1392 1.623440722838392e-02 3.2e+00 1.42e+00  1e+00  2e+00 77:42.0
  118   1416 2.313084274776266e-02 3.3e+00 1.49e+00  1e+00  2e+00 79:01.9
  120   1440 7.409721376775355e-04 3.4e+00 1.60e+00  1e+00  2e+00 80:22.0
  123   1476 -2.125239311103394e-02 3.4e+00 1.76e+00  1e+00  2e+00 82:22.0
  126   1512 4.428935003868070e-02 3.5e+00 1.93e+00  2e+00  2e+00 84:22.1
  129   1548 2.758693991433536e-02 3.5e+00 2.09e+00  2e+00  3e+00 86:21.8
  132   1584 3.790518430898323e-02 3.4e+00 2.13e+00  2e+00  3e+00 88:22.0
  135   1620 -1.593998860285129e-02 3.3e+00 2.31e+00  2e+00  3e+00 90:22.0
  138   1656 -2.840792559136214e-02 3.4e+00 2.08e+00  2e+00  2e+00 92:21.8
  141   1692 5.838635231666649e-02 3.5e+00 1.97e+00  2e+00  2e+00 94:21.7
  144   1728 3.822087655555684e-02 3.4e+00 2.10e+00  2e+00  3e+00 96:21.5
  147   1764 4.899969494329341e-02 3.5e+00 2.08e+00  2e+00  2e+00 98:21.4
  150   1800 6.826258099600512e-03 3.5e+00 2.09e+00  2e+00  2e+00 100:21.4
  153   1836 6.471414865113646e-02 3.5e+00 2.25e+00  2e+00  3e+00 102:21.1
  156   1872 5.132675756047212e-02 3.5e+00 2.56e+00  2e+00  3e+00 104:21.1
  159   1908 3.347254156146382e-02 3.5e+00 2.63e+00  2e+00  3e+00 106:20.9
  162   1944 3.719841525572168e-02 3.5e+00 2.53e+00  2e+00  3e+00 108:21.0
  165   1980 3.657383727475185e-02 3.6e+00 2.60e+00  2e+00  3e+00 110:21.1
  168   2016 3.132170559886252e-03 3.6e+00 2.82e+00  2e+00  3e+00 112:21.0
  171   2052 -4.741434776281050e-03 3.7e+00 3.09e+00  3e+00  4e+00 114:21.1
  174   2088 4.637403752000618e-02 3.8e+00 3.09e+00  3e+00  4e+00 116:20.8
  177   2124 2.551975698125390e-02 3.8e+00 3.08e+00  3e+00  4e+00 118:20.8
  180   2160 3.977726253387143e-02 3.9e+00 3.05e+00  3e+00  4e+00 120:21.0
  183   2196 7.769470356929020e-03 3.9e+00 3.18e+00  3e+00  4e+00 122:21.0
  186   2232 8.362541568276212e-03 3.9e+00 2.86e+00  2e+00  4e+00 124:21.1
  189   2268 4.873517588272702e-02 3.9e+00 2.95e+00  2e+00  4e+00 126:21.1
  192   2304 -1.281441761041264e-02 3.9e+00 2.65e+00  2e+00  3e+00 128:21.1
  195   2340 3.833873123328172e-02 3.9e+00 2.49e+00  2e+00  3e+00 130:21.2
  198   2376 2.401741575317805e-02 3.8e+00 2.54e+00  2e+00  3e+00 132:20.9
  200   2400 2.332511561838178e-02 3.8e+00 2.67e+00  2e+00  3e+00 133:41.5
  203   2436 4.882716521200156e-02 3.9e+00 2.75e+00  2e+00  3e+00 135:41.6
  206   2472 -1.599933232507579e-02 3.9e+00 2.83e+00  2e+00  4e+00 137:41.9
  209   2508 2.009876665092207e-02 4.0e+00 2.88e+00  2e+00  4e+00 139:42.4
  212   2544 4.016286478242889e-02 4.0e+00 2.78e+00  2e+00  3e+00 141:42.4
  215   2580 5.737529234544807e-02 4.1e+00 2.79e+00  2e+00  3e+00 143:42.3
  218   2616 2.604179333557102e-02 4.2e+00 3.04e+00  2e+00  4e+00 145:42.6
  221   2652 -1.464576338147124e-02 4.3e+00 3.04e+00  2e+00  4e+00 147:42.4
  224   2688 3.911928878569973e-02 4.3e+00 3.11e+00  3e+00  4e+00 149:42.0
  227   2724 7.586164306188305e-03 4.3e+00 3.15e+00  3e+00  4e+00 151:42.4
  230   2760 -3.064677017880696e-02 4.4e+00 3.02e+00  2e+00  4e+00 153:42.7
  233   2796 1.294809490607933e-02 4.4e+00 3.04e+00  2e+00  4e+00 155:42.7
  236   2832 -1.000566844096411e-02 4.4e+00 2.87e+00  2e+00  4e+00 157:43.1
  239   2868 -4.915212378190693e-03 4.4e+00 2.85e+00  2e+00  4e+00 159:43.4
  243   2916 3.836929726878600e-02 4.5e+00 2.74e+00  2e+00  3e+00 162:24.1
  247   2964 3.708968559082933e-02 4.7e+00 2.80e+00  2e+00  3e+00 165:04.5
  251   3012 3.719351676089015e-02 4.6e+00 2.45e+00  2e+00  3e+00 167:44.8
  255   3060 4.783966142963893e-02 4.8e+00 2.36e+00  2e+00  3e+00 170:24.5
  259   3108 1.006861786240165e-02 4.9e+00 2.15e+00  2e+00  3e+00 173:04.2
  263   3156 1.170577924432626e-02 4.9e+00 2.09e+00  2e+00  3e+00 175:44.3
  267   3204 8.679274507968767e-03 5.0e+00 2.02e+00  2e+00  3e+00 178:24.2
  271   3252 5.831133867132687e-02 4.9e+00 1.98e+00  1e+00  2e+00 181:04.4
  275   3300 5.629531581160192e-02 4.8e+00 2.05e+00  2e+00  2e+00 183:44.1
  279   3348 5.362511782981552e-02 4.9e+00 2.04e+00  2e+00  3e+00 186:24.2
  283   3396 2.390825493510534e-02 4.9e+00 1.99e+00  1e+00  2e+00 189:04.3
  287   3444 7.478520498460745e-02 4.9e+00 2.24e+00  2e+00  3e+00 191:44.3
  291   3492 3.794876766083814e-02 4.9e+00 2.13e+00  2e+00  3e+00 194:24.3
  295   3540 1.195475975355055e-02 4.8e+00 2.15e+00  2e+00  3e+00 197:04.2
  299   3588 4.512427813343058e-02 4.9e+00 2.00e+00  1e+00  2e+00 199:44.3
  300   3600 5.632261185289732e-02 4.9e+00 2.05e+00  2e+00  3e+00 200:24.4
  304   3648 3.746036947865531e-02 5.1e+00 2.36e+00  2e+00  3e+00 203:04.1
  308   3696 3.753103376538177e-03 5.0e+00 2.49e+00  2e+00  3e+00 205:43.9
  312   3744 6.941404518578884e-03 5.1e+00 2.52e+00  2e+00  3e+00 208:24.3
  316   3792 6.602233112935661e-02 5.2e+00 2.31e+00  2e+00  3e+00 211:04.7
  320   3840 5.186073469051709e-02 5.4e+00 2.47e+00  2e+00  3e+00 213:45.0
  324   3888 3.739717664687289e-02 5.7e+00 2.03e+00  1e+00  3e+00 216:25.0
  328   3936 4.439823387375708e-02 5.7e+00 1.98e+00  1e+00  3e+00 219:04.8
  332   3984 4.906147596675862e-02 5.8e+00 2.15e+00  2e+00  3e+00 221:44.4
  336   4032 2.160561634998638e-02 5.6e+00 2.42e+00  2e+00  3e+00 224:24.2
  340   4080 2.559400055648027e-02 5.8e+00 2.47e+00  2e+00  3e+00 227:04.3
  344   4128 8.328104219282084e-02 6.0e+00 2.52e+00  2e+00  3e+00 229:44.0
  348   4176 2.719270039329299e-02 6.2e+00 2.76e+00  2e+00  4e+00 232:24.2
  352   4224 3.235435000620632e-02 6.1e+00 2.89e+00  2e+00  4e+00 235:03.9
  356   4272 3.865029269345015e-02 6.1e+00 2.75e+00  2e+00  4e+00 237:43.9
  360   4320 4.148407972845972e-02 6.1e+00 2.39e+00  2e+00  3e+00 240:23.8
  364   4368 2.178007775734589e-03 6.3e+00 2.31e+00  2e+00  3e+00 243:03.7
  368   4416 1.818052857801589e-02 6.3e+00 2.20e+00  1e+00  3e+00 245:43.8
  372   4464 3.629734305180583e-02 6.2e+00 2.19e+00  1e+00  3e+00 248:23.7
  376   4512 -1.415200013675252e-02 6.2e+00 2.11e+00  1e+00  3e+00 251:03.8
  380   4560 5.827722396863450e-02 6.7e+00 2.24e+00  1e+00  3e+00 253:43.6
  384   4608 2.620451758792594e-02 6.6e+00 1.97e+00  1e+00  3e+00 256:23.8
  388   4656 2.162707612282484e-02 6.7e+00 1.82e+00  1e+00  2e+00 259:03.9
  392   4704 3.473837706917910e-02 6.8e+00 2.04e+00  1e+00  3e+00 261:44.0
  396   4752 5.856935691566184e-02 6.8e+00 2.06e+00  1e+00  3e+00 264:24.4
  400   4800 5.225986694200274e-02 6.8e+00 1.85e+00  1e+00  2e+00 267:04.9
  405   4860 3.207331694014846e-02 6.9e+00 1.78e+00  1e+00  2e+00 270:24.8
  410   4920 4.911206892573479e-02 7.1e+00 1.96e+00  1e+00  3e+00 273:44.8
  415   4980 1.190427524305069e-02 7.6e+00 2.23e+00  1e+00  3e+00 277:04.5
  420   5040 5.243045390677605e-02 8.2e+00 2.35e+00  2e+00  3e+00 280:24.4
  425   5100 2.257054608755911e-02 8.5e+00 2.67e+00  2e+00  4e+00 283:44.3
  430   5160 6.988401086962583e-02 8.5e+00 3.10e+00  2e+00  4e+00 287:04.1
  435   5220 7.124993372028524e-02 8.5e+00 2.72e+00  2e+00  4e+00 290:23.9
  440   5280 5.202562656843705e-02 8.2e+00 2.77e+00  2e+00  4e+00 293:43.6
  445   5340 3.025231494034010e-02 8.3e+00 2.80e+00  2e+00  4e+00 297:03.4
  450   5400 2.643829856416521e-02 8.1e+00 2.90e+00  2e+00  4e+00 300:23.3
  455   5460 1.791588869417906e-02 8.0e+00 3.07e+00  2e+00  4e+00 303:43.0
  460   5520 3.467451685069224e-02 7.9e+00 3.38e+00  2e+00  5e+00 307:03.0
  465   5580 2.933429108645109e-02 8.1e+00 3.85e+00  3e+00  5e+00 310:22.8
  470   5640 3.185081585126417e-02 8.0e+00 3.14e+00  2e+00  4e+00 313:42.7
  475   5700 -1.698876411593875e-02 8.1e+00 2.95e+00  2e+00  4e+00 317:02.4
  480   5760 1.715627321997107e-02 7.8e+00 3.09e+00  2e+00  4e+00 320:22.2
  485   5820 6.092871121721492e-02 8.0e+00 3.40e+00  2e+00  5e+00 323:42.2
  490   5880 3.215714374421723e-03 8.5e+00 3.42e+00  2e+00  5e+00 327:01.9
  495   5940 3.945942759267967e-02 8.4e+00 3.38e+00  2e+00  4e+00 330:21.3
  500   6000 4.692979061860899e-02 8.2e+00 3.78e+00  2e+00  5e+00 333:40.8
  505   6060 -2.898900015513952e-02 8.3e+00 3.93e+00  3e+00  5e+00 337:00.8
  510   6120 5.050010541553049e-02 8.3e+00 4.08e+00  3e+00  5e+00 340:20.7
  515   6180 4.307366651004339e-02 8.5e+00 4.14e+00  3e+00  5e+00 343:40.6
  520   6240 5.960443173460465e-02 8.5e+00 4.71e+00  3e+00  6e+00 347:00.6
  525   6300 6.215386020733862e-02 8.4e+00 5.00e+00  3e+00  6e+00 350:20.5
  530   6360 5.907553160632941e-02 8.4e+00 4.02e+00  3e+00  5e+00 353:40.8
  535   6420 1.996445212578485e-02 8.5e+00 3.76e+00  2e+00  5e+00 357:00.2
  540   6480 5.191448398134093e-02 8.6e+00 3.40e+00  2e+00  4e+00 360:19.8
  545   6540 6.074272141427301e-02 8.9e+00 3.79e+00  2e+00  5e+00 363:39.6
  550   6600 5.125872876622941e-02 8.9e+00 3.59e+00  2e+00  5e+00 366:59.4
  555   6660 5.128510870739109e-02 9.1e+00 3.38e+00  2e+00  5e+00 370:18.5
  560   6720 5.872303616916465e-02 9.1e+00 3.01e+00  2e+00  4e+00 373:38.2
  565   6780 4.246674447716765e-02 9.0e+00 2.78e+00  2e+00  4e+00 376:58.0
  570   6840 5.147921454224011e-02 9.0e+00 2.53e+00  2e+00  3e+00 380:17.4
  575   6900 -4.013806333628506e-03 9.2e+00 2.71e+00  2e+00  3e+00 383:36.2
  580   6960 6.402951332821369e-02 9.5e+00 3.34e+00  2e+00  4e+00 386:54.4
  585   7020 2.422676082820763e-02 9.8e+00 3.64e+00  2e+00  5e+00 390:13.1
  591   7092 1.474018554559290e-02 1.0e+01 4.59e+00  3e+00  6e+00 394:11.5
  597   7164 -9.566774508301963e-03 1.0e+01 4.63e+00  3e+00  6e+00 398:09.0
  600   7200 1.228212234254893e-02 9.9e+00 4.42e+00  3e+00  6e+00 400:07.9
  606   7272 2.602188313755444e-02 1.0e+01 4.02e+00  2e+00  6e+00 404:06.0
  612   7344 2.367357558563464e-02 1.0e+01 3.84e+00  2e+00  5e+00 408:04.1
  618   7416 5.370921847330028e-02 1.1e+01 4.08e+00  2e+00  6e+00 412:02.2
  624   7488 8.100443065234073e-02 1.1e+01 3.40e+00  2e+00  5e+00 416:00.4
  630   7560 8.506021066344173e-02 1.1e+01 3.63e+00  2e+00  5e+00 419:58.6
  636   7632 7.354567453056604e-02 1.1e+01 3.28e+00  2e+00  5e+00 423:56.7
  642   7704 1.008777405621857e-01 1.2e+01 2.90e+00  2e+00  4e+00 427:55.1
  648   7776 7.339407445929462e-02 1.2e+01 2.39e+00  1e+00  3e+00 431:53.7
  654   7848 7.148220345704275e-02 1.3e+01 2.57e+00  1e+00  4e+00 435:51.8
  660   7920 9.197295141773938e-02 1.4e+01 3.19e+00  2e+00  5e+00 439:49.9
  666   7992 8.178840104346351e-02 1.4e+01 3.21e+00  2e+00  5e+00 443:47.5
  672   8064 3.890228495193679e-02 1.5e+01 3.32e+00  2e+00  5e+00 447:45.4
  678   8136 7.526379303412029e-02 1.5e+01 3.92e+00  2e+00  6e+00 451:43.8
  684   8208 7.194513520800137e-02 1.5e+01 4.73e+00  3e+00  7e+00 455:42.0
  690   8280 8.058743857013331e-02 1.6e+01 4.33e+00  2e+00  7e+00 459:40.2
  696   8352 6.969343416590629e-02 1.5e+01 4.83e+00  3e+00  8e+00 463:37.8
  700   8400 7.668853920548156e-02 1.5e+01 4.84e+00  3e+00  7e+00 466:16.8
  706   8472 7.385472262394914e-02 1.5e+01 5.12e+00  3e+00  8e+00 470:14.7
  712   8544 7.263310763519866e-02 1.5e+01 4.64e+00  3e+00  7e+00 474:12.6
  718   8616 8.293798955979087e-02 1.5e+01 4.47e+00  2e+00  7e+00 478:10.2
  724   8688 8.693028725465540e-02 1.6e+01 5.46e+00  3e+00  8e+00 482:08.1
  730   8760 1.001988088898888e-01 1.7e+01 6.37e+00  3e+00  1e+01 486:06.0
  736   8832 6.422134488310753e-02 1.7e+01 5.95e+00  3e+00  9e+00 490:03.7
  742   8904 9.029842911695483e-02 1.7e+01 6.32e+00  3e+00  9e+00 494:01.8
  748   8976 8.588386934142490e-02 1.7e+01 6.68e+00  4e+00  1e+01 498:00.5
  754   9048 8.640764850414472e-02 1.7e+01 5.77e+00  3e+00  9e+00 501:59.1
  760   9120 9.026824961061589e-02 1.8e+01 6.03e+00  3e+00  9e+00 505:58.1
  766   9192 8.951684599860059e-02 1.8e+01 5.46e+00  3e+00  8e+00 509:57.1
  772   9264 7.449011984261925e-02 1.9e+01 5.11e+00  3e+00  8e+00 513:55.3
  778   9336 8.629907089565118e-02 1.9e+01 4.67e+00  2e+00  7e+00 517:53.5
  784   9408 8.945635393833549e-02 1.9e+01 5.17e+00  3e+00  8e+00 521:52.1
  785   9420 9.530244812554049e-02 1.9e+01 4.99e+00  3e+00  7e+00 522:32.0
Budget constraint satisfied 1515.6741790771484 1960.2180976867676 Difference:  444.54391860961914
Budget constraint not satisfied 2383.4345321655273 1960.2180976867676 Difference:  -423.21643447875977
two_most_probable_states: ['10001011000', '00001011110']
final_expectation_value: -0.039387679603491335
params: [0.8052032688269843, 2.8950607764547045, 3.3780120013180754, -3.2096156010684878, 4.755424193275568, 0.28327066723905037, 2.517253588265296, 2.8062736826395622, 9.62591660552808, -1.2799892853053323, 2.8757246172626463, 5.160322228313135, -2.4540510674310214, -0.6896204276329566, 3.0516509536588665, 0.6222750155002925, -0.23168722758876914, 6.311421483523564, 0.9899612268912329, -1.421868300457707]
total_steps: 785
states_probs: [0.0027253097118455374, 0.0027425476616882447]
optimized_portfolios: [{'NKE': 17, 'VZ': 6}, {'NKE': 16, 'VZ': 30}]
objective_values: [-126095.08454054942, -431205.92183857114]
result_with_budget: [{'portfolio': {'NKE': 17, 'VZ': 6}, 'budget': 1515.6741790771484, 'difference': 444.54391860961914}, {'portfolio': {'NKE': 16, 'VZ': 30}, 'budget': 2383.4345321655273, 'difference': -423.21643447875977}]
Processing experiment 79
Budget: 14534.327453613281
Expected returns: 0.2111952838711772
Covariance matrix: 0.4600688655674306
3rd-order coskewness tensor: -0.07227076174684198
4th-order cokurtosis tensor: 11.72875094007205
Number of qubits for asset UNH: 5
Number of qubits for asset V: 6
Total number of qubits:  11
Optimized Weights (considering variance, skewness and kurtosis):
UNH: 44.38%
V: 55.62%
Left over budget:  98.4043547782203
Optimized Discrete Allocation:
UNH: 13
V: 25
Maximized utility from continuous higher moments:  -1820026.8606520263
Budget constraint satisfied 14231.115509033203 14534.327453613281 Difference:  303.2119445800781
Budget constraint satisfied 14042.91732788086 14534.327453613281 Difference:  491.4101257324219
smallest_eigenvalues: [-0.3141178073784719]
smallest_bitstrings: ['11011010000']
first_excited_energy: -0.3141049449605358
optimized_portfolio: [{'UNH': 27, 'V': 2}]
second_optimized_portfolio: [{'UNH': 26, 'V': 3}]
result_with_budget: [{'portfolio': {'UNH': 27, 'V': 2}, 'budget': 14231.115509033203, 'difference': 303.2119445800781, 'objective_value': -930590.9783066097}]
result_with_budget_excited: [{'portfolio': {'UNH': 26, 'V': 3}, 'budget': 14042.91732788086, 'difference': 491.4101257324219, 'objective_value': -883614.282487729}]
Initial params:  [0.62947347 1.02123103 1.90037793 0.30912915 2.28989548 2.7288729
 2.81816095 1.97616094 2.40647741 1.58063273 1.42679302 0.80427014
 2.86917702 0.3987168  1.17624439 1.44555541 0.29454243 0.47987883
 2.74875404 2.74668152]
(6_w,12)-aCMA-ES (mu_w=3.7,w_1=40%) in dimension 20 (seed=151606, Sat Mar 15 20:06:02 2025)
Iterat #Fevals   function value  axis ratio  sigma  min&max std  t[m:s]
    1     12 -1.958725855077614e-01 1.0e+00 1.36e+00  1e+00  1e+00 0:40.2
    2     24 -2.127506608677087e-01 1.1e+00 1.24e+00  1e+00  1e+00 1:20.5
    3     36 -2.031098189014364e-01 1.1e+00 1.18e+00  1e+00  1e+00 2:01.0
    4     48 -1.866733906822405e-01 1.1e+00 1.15e+00  1e+00  1e+00 2:41.1
    5     60 -1.993037085647968e-01 1.2e+00 1.11e+00  1e+00  1e+00 3:21.5
    6     72 -2.244977263230751e-01 1.2e+00 1.12e+00  1e+00  1e+00 4:01.7
    7     84 -1.837893488935949e-01 1.2e+00 1.07e+00  1e+00  1e+00 4:41.9
    8     96 -2.114921484544158e-01 1.2e+00 1.02e+00  1e+00  1e+00 5:22.3
    9    108 -2.429346236149186e-01 1.3e+00 9.98e-01  1e+00  1e+00 6:02.6
   10    120 -1.945578222440532e-01 1.3e+00 9.90e-01  9e-01  1e+00 6:42.9
   11    132 -2.342523620244672e-01 1.3e+00 1.05e+00  1e+00  1e+00 7:23.1
   12    144 -2.157579789427254e-01 1.3e+00 1.12e+00  1e+00  1e+00 8:03.4
   13    156 -1.913278497653793e-01 1.4e+00 1.16e+00  1e+00  1e+00 8:43.8
   14    168 -2.120132231783313e-01 1.4e+00 1.18e+00  1e+00  1e+00 9:24.2
   15    180 -2.008285041298459e-01 1.4e+00 1.20e+00  1e+00  1e+00 10:04.5
   16    192 -2.062709367761351e-01 1.5e+00 1.23e+00  1e+00  1e+00 10:44.8
   17    204 -2.189233753875555e-01 1.5e+00 1.28e+00  1e+00  1e+00 11:25.0
   18    216 -2.128404300863803e-01 1.6e+00 1.32e+00  1e+00  1e+00 12:05.4
   19    228 -2.258917226385152e-01 1.6e+00 1.34e+00  1e+00  1e+00 12:45.8
   20    240 -1.775737146877246e-01 1.7e+00 1.34e+00  1e+00  1e+00 13:26.3
   21    252 -1.691720606113221e-01 1.7e+00 1.37e+00  1e+00  1e+00 14:06.6
   22    264 -1.855529965986212e-01 1.7e+00 1.39e+00  1e+00  1e+00 14:47.0
   23    276 -1.771697240846755e-01 1.7e+00 1.41e+00  1e+00  1e+00 15:27.3
   24    288 -2.058316801538242e-01 1.7e+00 1.41e+00  1e+00  1e+00 16:08.0
   25    300 -2.251260939779996e-01 1.7e+00 1.41e+00  1e+00  1e+00 16:48.6
   26    312 -2.299903147658317e-01 1.8e+00 1.41e+00  1e+00  1e+00 17:29.1
   27    324 -1.910794029171729e-01 1.7e+00 1.40e+00  1e+00  1e+00 18:09.4
   28    336 -2.131215748053778e-01 1.8e+00 1.38e+00  1e+00  1e+00 18:49.8
   29    348 -1.983480446318986e-01 1.8e+00 1.38e+00  1e+00  1e+00 19:30.4
   30    360 -1.827870907526442e-01 1.8e+00 1.36e+00  1e+00  1e+00 20:10.9
   31    372 -2.158205545250305e-01 1.8e+00 1.35e+00  1e+00  1e+00 20:51.5
   32    384 -2.204353221421768e-01 1.8e+00 1.36e+00  1e+00  1e+00 21:31.7
   33    396 -1.834241315423373e-01 1.8e+00 1.36e+00  1e+00  1e+00 22:12.1
   34    408 -2.270427992161745e-01 1.8e+00 1.36e+00  1e+00  1e+00 22:52.3
   35    420 -1.998107729254613e-01 1.8e+00 1.40e+00  1e+00  2e+00 23:32.6
   36    432 -1.924231737151232e-01 1.8e+00 1.42e+00  1e+00  2e+00 24:13.1
   37    444 -1.740767498200840e-01 1.8e+00 1.46e+00  1e+00  2e+00 24:53.5
   38    456 -2.128803241887490e-01 1.9e+00 1.50e+00  1e+00  2e+00 25:33.8
   39    468 -2.286802654522835e-01 1.9e+00 1.54e+00  1e+00  2e+00 26:14.1
   40    480 -2.115288594065393e-01 1.9e+00 1.57e+00  1e+00  2e+00 26:54.4
   41    492 -1.999451334911987e-01 1.9e+00 1.64e+00  1e+00  2e+00 27:34.6
   43    516 -1.952627837173022e-01 2.0e+00 1.62e+00  1e+00  2e+00 28:55.2
   45    540 -1.868350545679668e-01 2.0e+00 1.64e+00  1e+00  2e+00 30:15.7
   47    564 -2.248631037076331e-01 2.1e+00 1.72e+00  1e+00  2e+00 31:36.5
   49    588 -1.968088750332410e-01 2.2e+00 1.75e+00  2e+00  2e+00 32:57.2
   51    612 -2.011579167879017e-01 2.3e+00 1.84e+00  2e+00  2e+00 34:17.7
   53    636 -2.273828734365713e-01 2.3e+00 1.78e+00  2e+00  2e+00 35:38.1
   55    660 -2.180033660665970e-01 2.3e+00 1.77e+00  2e+00  2e+00 36:58.6
   57    684 -1.887255473102889e-01 2.3e+00 1.79e+00  2e+00  2e+00 38:19.5
   59    708 -2.290967524802102e-01 2.3e+00 1.76e+00  2e+00  2e+00 39:40.2
   61    732 -2.114677614275929e-01 2.4e+00 1.83e+00  2e+00  2e+00 41:00.9
   63    756 -2.039493466989155e-01 2.4e+00 1.90e+00  2e+00  2e+00 42:21.9
   65    780 -1.856190454889300e-01 2.3e+00 1.99e+00  2e+00  2e+00 43:42.8
   67    804 -2.069915542997039e-01 2.3e+00 1.93e+00  2e+00  2e+00 45:03.5
   69    828 -1.870124458126098e-01 2.3e+00 1.93e+00  2e+00  2e+00 46:24.3
   71    852 -2.108759540107260e-01 2.3e+00 1.92e+00  2e+00  2e+00 47:44.8
   73    876 -2.116577481281003e-01 2.3e+00 1.87e+00  2e+00  2e+00 49:05.3
   75    900 -2.075200749779901e-01 2.3e+00 1.89e+00  2e+00  2e+00 50:25.8
   77    924 -1.951081397008148e-01 2.3e+00 1.88e+00  2e+00  2e+00 51:46.4
   79    948 -1.908565244612931e-01 2.3e+00 2.01e+00  2e+00  2e+00 53:06.8
   81    972 -2.359926578507097e-01 2.4e+00 2.02e+00  2e+00  2e+00 54:27.2
   83    996 -2.226492150904159e-01 2.4e+00 1.89e+00  2e+00  2e+00 55:47.6
   85   1020 -2.134831316982914e-01 2.4e+00 1.77e+00  1e+00  2e+00 57:08.1
   87   1044 -1.827239855209436e-01 2.4e+00 1.60e+00  1e+00  2e+00 58:28.6
   89   1068 -1.996084884258743e-01 2.5e+00 1.47e+00  1e+00  2e+00 59:49.0
   91   1092 -2.271055095305267e-01 2.4e+00 1.45e+00  1e+00  2e+00 61:09.2
   93   1116 -2.064808534617265e-01 2.5e+00 1.47e+00  1e+00  2e+00 62:29.4
   95   1140 -2.046333078634679e-01 2.5e+00 1.44e+00  1e+00  2e+00 63:49.4
   97   1164 -1.761953183004665e-01 2.4e+00 1.42e+00  1e+00  2e+00 65:09.9
   99   1188 -1.958031867520154e-01 2.4e+00 1.39e+00  1e+00  2e+00 66:30.2
  100   1200 -1.914051533187695e-01 2.4e+00 1.40e+00  1e+00  2e+00 67:10.3
  102   1224 -2.229372584355733e-01 2.4e+00 1.43e+00  1e+00  2e+00 68:30.6
  104   1248 -2.422562719486283e-01 2.5e+00 1.44e+00  1e+00  2e+00 69:51.0
  106   1272 -1.988554471966867e-01 2.5e+00 1.42e+00  1e+00  2e+00 71:11.3
  108   1296 -1.844866716426471e-01 2.6e+00 1.42e+00  1e+00  2e+00 72:31.8
  110   1320 -2.053898916995051e-01 2.7e+00 1.47e+00  1e+00  2e+00 73:52.4
  112   1344 -2.178058219887033e-01 2.7e+00 1.45e+00  1e+00  2e+00 75:13.0
  114   1368 -2.185199491088156e-01 2.7e+00 1.45e+00  1e+00  2e+00 76:33.5
  116   1392 -2.072299527113913e-01 2.7e+00 1.47e+00  1e+00  2e+00 77:54.1
  118   1416 -2.216894449126942e-01 2.7e+00 1.50e+00  1e+00  2e+00 79:14.8
  120   1440 -1.910454905727419e-01 2.7e+00 1.53e+00  1e+00  2e+00 80:35.3
  123   1476 -2.177216913363256e-01 2.7e+00 1.53e+00  1e+00  2e+00 82:36.0
  126   1512 -2.163957383329622e-01 2.7e+00 1.55e+00  1e+00  2e+00 84:36.6
  129   1548 -1.827412404634525e-01 2.7e+00 1.35e+00  1e+00  1e+00 86:37.2
  132   1584 -2.033114790445130e-01 2.7e+00 1.18e+00  1e+00  1e+00 88:38.3
  135   1620 -2.010954829109912e-01 2.8e+00 1.19e+00  1e+00  1e+00 90:39.1
  138   1656 -2.134159609411571e-01 2.9e+00 1.32e+00  1e+00  1e+00 92:40.3
  141   1692 -2.170036754136058e-01 3.0e+00 1.40e+00  1e+00  2e+00 94:41.4
  144   1728 -2.075460950604340e-01 3.1e+00 1.51e+00  1e+00  2e+00 96:42.6
  147   1764 -1.952837228866207e-01 3.0e+00 1.40e+00  1e+00  2e+00 98:43.7
  150   1800 -2.074051541228499e-01 3.1e+00 1.22e+00  9e-01  1e+00 100:44.9
  153   1836 -1.920294017051766e-01 3.1e+00 1.17e+00  9e-01  1e+00 102:45.8
  156   1872 -1.862972437847167e-01 3.1e+00 1.13e+00  9e-01  1e+00 104:46.9
  159   1908 -2.158630564225084e-01 3.3e+00 1.15e+00  9e-01  1e+00 106:48.0
  162   1944 -1.953058357048614e-01 3.4e+00 1.14e+00  8e-01  1e+00 108:49.0
  165   1980 -1.907585724658959e-01 3.4e+00 1.12e+00  8e-01  1e+00 110:50.1
  168   2016 -2.176971065119884e-01 3.4e+00 1.17e+00  9e-01  1e+00 112:51.5
  171   2052 -2.087777173221084e-01 3.4e+00 1.17e+00  9e-01  1e+00 114:52.5
  174   2088 -1.960240656541231e-01 3.4e+00 1.18e+00  9e-01  1e+00 116:53.2
  177   2124 -1.804581959020069e-01 3.4e+00 1.22e+00  9e-01  1e+00 118:54.4
  180   2160 -1.911236345187095e-01 3.3e+00 1.25e+00  9e-01  1e+00 120:55.4
  183   2196 -1.923356914110981e-01 3.3e+00 1.32e+00  1e+00  1e+00 122:56.9
  186   2232 -2.192749115655523e-01 3.3e+00 1.42e+00  1e+00  2e+00 124:57.8
  189   2268 -1.869743792804922e-01 3.3e+00 1.40e+00  1e+00  2e+00 126:59.4
  192   2304 -2.009771459127218e-01 3.4e+00 1.36e+00  1e+00  2e+00 129:00.2
  195   2340 -1.940579214772933e-01 3.6e+00 1.31e+00  9e-01  2e+00 131:01.0
  198   2376 -2.374974674784409e-01 3.5e+00 1.24e+00  9e-01  1e+00 133:01.7
  200   2400 -1.972676139273619e-01 3.6e+00 1.23e+00  9e-01  1e+00 134:22.2
  203   2436 -1.959036600060534e-01 3.5e+00 1.19e+00  9e-01  1e+00 136:23.6
  206   2472 -2.183848402686388e-01 3.6e+00 1.04e+00  7e-01  1e+00 138:25.1
  209   2508 -1.903239685161801e-01 3.4e+00 1.04e+00  8e-01  1e+00 140:26.2
  212   2544 -1.834589609076860e-01 3.5e+00 1.08e+00  8e-01  1e+00 142:27.5
  215   2580 -1.987443331282669e-01 3.6e+00 1.15e+00  9e-01  1e+00 144:28.4
  218   2616 -1.943141734383980e-01 3.7e+00 1.20e+00  9e-01  1e+00 146:29.8
  221   2652 -1.952583604576869e-01 3.7e+00 1.23e+00  9e-01  1e+00 148:30.9
  224   2688 -2.141433688295170e-01 3.7e+00 1.35e+00  1e+00  2e+00 150:32.0
  227   2724 -1.927153232876574e-01 3.7e+00 1.31e+00  1e+00  1e+00 152:33.0
  230   2760 -2.284646975258048e-01 3.7e+00 1.24e+00  9e-01  1e+00 154:34.1
  233   2796 -1.983698885071546e-01 3.7e+00 1.15e+00  9e-01  1e+00 156:35.2
  236   2832 -1.905285648946554e-01 3.6e+00 1.08e+00  8e-01  1e+00 158:36.1
  239   2868 -1.968707599491023e-01 3.7e+00 9.65e-01  7e-01  1e+00 160:37.2
  242   2904 -2.083644678865134e-01 3.7e+00 9.60e-01  7e-01  1e+00 162:38.4
  246   2952 -1.956592527478312e-01 3.6e+00 9.87e-01  8e-01  1e+00 165:19.8
  250   3000 -1.939477442177826e-01 3.8e+00 1.04e+00  8e-01  1e+00 168:00.6
  254   3048 -1.913792264263323e-01 4.0e+00 9.05e-01  7e-01  1e+00 170:41.5
  258   3096 -1.945393666238273e-01 4.0e+00 9.05e-01  7e-01  1e+00 173:22.5
  262   3144 -1.782355235904914e-01 4.0e+00 8.67e-01  7e-01  1e+00 176:04.0
  266   3192 -1.949398613102934e-01 4.0e+00 8.40e-01  7e-01  9e-01 178:45.4
  270   3240 -1.937527478319873e-01 4.0e+00 8.02e-01  6e-01  9e-01 181:26.9
  274   3288 -1.956347793864964e-01 4.0e+00 7.18e-01  6e-01  8e-01 184:08.6
  278   3336 -1.888472190380432e-01 4.1e+00 7.33e-01  6e-01  8e-01 186:49.9
  282   3384 -1.993721824949253e-01 4.2e+00 7.39e-01  6e-01  8e-01 189:31.2
  286   3432 -1.827442942035149e-01 4.2e+00 7.43e-01  6e-01  8e-01 192:11.7
  290   3480 -1.878637248756115e-01 4.2e+00 7.27e-01  6e-01  8e-01 194:52.2
  294   3528 -1.979230565887730e-01 4.4e+00 7.19e-01  6e-01  8e-01 197:32.5
  298   3576 -1.871604539477798e-01 4.4e+00 6.21e-01  5e-01  7e-01 200:13.2
  300   3600 -2.068597539022432e-01 4.4e+00 5.76e-01  5e-01  6e-01 201:33.7
  304   3648 -2.006052141142828e-01 4.5e+00 6.25e-01  5e-01  7e-01 204:14.7
  308   3696 -2.027749139551243e-01 5.1e+00 6.36e-01  5e-01  7e-01 206:56.4
  312   3744 -2.085271341195343e-01 5.1e+00 6.30e-01  5e-01  7e-01 209:37.8
  316   3792 -1.960441237520477e-01 5.2e+00 7.69e-01  6e-01  8e-01 212:19.2
  320   3840 -2.257819706480631e-01 5.2e+00 9.15e-01  7e-01  1e+00 215:00.7
  324   3888 -1.981936489065314e-01 5.0e+00 9.30e-01  7e-01  1e+00 217:41.8
  328   3936 -2.062904906053523e-01 4.8e+00 1.04e+00  8e-01  1e+00 220:23.3
  332   3984 -1.913453790326628e-01 4.8e+00 1.25e+00  1e+00  1e+00 223:04.4
  336   4032 -2.135960008129142e-01 4.8e+00 1.24e+00  1e+00  1e+00 225:45.7
  340   4080 -2.003524929230400e-01 4.8e+00 1.16e+00  9e-01  1e+00 228:26.9
  344   4128 -2.038576973842478e-01 4.7e+00 1.05e+00  8e-01  1e+00 231:08.3
  348   4176 -1.882573562529063e-01 4.8e+00 9.15e-01  7e-01  1e+00 233:49.9
  352   4224 -1.956236805830902e-01 4.9e+00 9.07e-01  7e-01  1e+00 236:30.9
  356   4272 -1.969699080707689e-01 5.2e+00 9.44e-01  8e-01  1e+00 239:12.1
  360   4320 -1.955227628925222e-01 5.5e+00 9.79e-01  8e-01  1e+00 241:54.1
  364   4368 -2.031528480218310e-01 6.0e+00 1.06e+00  9e-01  1e+00 244:35.5
  368   4416 -2.079986484661295e-01 6.1e+00 1.16e+00  9e-01  1e+00 247:17.2
  372   4464 -2.173385945415021e-01 6.1e+00 1.31e+00  1e+00  1e+00 249:57.8
  376   4512 -2.112130544059352e-01 6.1e+00 1.41e+00  1e+00  2e+00 252:38.6
  380   4560 -2.020100478240220e-01 6.2e+00 1.50e+00  1e+00  2e+00 255:19.7
  384   4608 -1.917829262143002e-01 6.4e+00 1.55e+00  1e+00  2e+00 258:00.7
  388   4656 -1.923030351026309e-01 6.6e+00 1.73e+00  1e+00  2e+00 260:41.7
  392   4704 -1.997395697896670e-01 6.7e+00 1.78e+00  1e+00  2e+00 263:22.5
  396   4752 -2.086910976731944e-01 6.7e+00 1.42e+00  1e+00  2e+00 266:03.1
  400   4800 -2.181297210179557e-01 6.6e+00 1.41e+00  1e+00  2e+00 268:44.0
  405   4860 -1.831155295344242e-01 6.8e+00 1.50e+00  1e+00  2e+00 272:05.5
  410   4920 -1.945688710577836e-01 7.2e+00 1.47e+00  1e+00  2e+00 275:26.8
  415   4980 -2.015299986023645e-01 6.9e+00 1.29e+00  1e+00  1e+00 278:48.5
  420   5040 -2.071525094476560e-01 7.2e+00 1.40e+00  1e+00  2e+00 282:10.0
  425   5100 -1.911528846038089e-01 7.0e+00 1.36e+00  1e+00  1e+00 285:31.6
  430   5160 -1.966637643573838e-01 6.8e+00 1.11e+00  9e-01  1e+00 288:52.9
  435   5220 -1.944658936646004e-01 7.0e+00 9.49e-01  8e-01  1e+00 292:14.4
  440   5280 -2.062266678361684e-01 7.0e+00 8.59e-01  7e-01  9e-01 295:36.1
  445   5340 -1.987734599472097e-01 7.1e+00 7.89e-01  6e-01  8e-01 298:57.9
  450   5400 -1.885520594661690e-01 7.3e+00 7.87e-01  6e-01  8e-01 302:19.1
  455   5460 -1.944776019327001e-01 7.1e+00 8.18e-01  6e-01  9e-01 305:40.0
  460   5520 -1.847037253127996e-01 7.1e+00 7.87e-01  6e-01  8e-01 309:00.9
  465   5580 -1.956304061201484e-01 7.2e+00 8.59e-01  7e-01  9e-01 312:21.9
  470   5640 -1.940407721864818e-01 7.0e+00 8.16e-01  6e-01  9e-01 315:42.7
  475   5700 -2.257544698365871e-01 7.1e+00 7.44e-01  6e-01  8e-01 319:03.3
  480   5760 -1.826413461078266e-01 7.2e+00 7.28e-01  5e-01  8e-01 322:24.3
  485   5820 -1.979157501978059e-01 7.4e+00 7.07e-01  5e-01  7e-01 325:46.3
  490   5880 -2.044002259541145e-01 7.4e+00 6.76e-01  5e-01  7e-01 329:08.2
  495   5940 -2.002913046148198e-01 7.7e+00 6.49e-01  5e-01  7e-01 332:29.8
  500   6000 -1.926097223794262e-01 8.1e+00 5.60e-01  4e-01  6e-01 335:51.1
  505   6060 -1.987767245412786e-01 8.3e+00 4.96e-01  4e-01  5e-01 339:12.8
  510   6120 -2.069401475009645e-01 8.5e+00 5.34e-01  4e-01  6e-01 342:34.4
  515   6180 -2.105448122884045e-01 8.7e+00 5.38e-01  4e-01  6e-01 345:55.6
  520   6240 -2.152136798828370e-01 8.8e+00 5.33e-01  4e-01  6e-01 349:16.9
  525   6300 -2.113751358989459e-01 9.1e+00 5.01e-01  4e-01  5e-01 352:38.6
  530   6360 -1.956757200928811e-01 9.4e+00 5.61e-01  4e-01  6e-01 356:00.3
  535   6420 -2.111585275425362e-01 9.5e+00 6.00e-01  5e-01  6e-01 359:21.5
  540   6480 -2.213496609172336e-01 1.0e+01 5.15e-01  4e-01  6e-01 362:42.5
  545   6540 -2.055620550694298e-01 1.0e+01 5.44e-01  4e-01  6e-01 366:04.0
  550   6600 -1.987675480278475e-01 1.1e+01 5.15e-01  4e-01  6e-01 369:25.4
  555   6660 -1.912239614438200e-01 1.1e+01 4.97e-01  4e-01  5e-01 372:46.5
  560   6720 -2.098925466718157e-01 1.0e+01 5.29e-01  4e-01  6e-01 376:07.4
  565   6780 -1.947303103415409e-01 1.0e+01 4.17e-01  3e-01  4e-01 379:28.6
  570   6840 -1.943989338448604e-01 1.0e+01 3.53e-01  3e-01  4e-01 382:49.4
  575   6900 -2.136829222808420e-01 1.1e+01 3.44e-01  3e-01  4e-01 386:09.7
  580   6960 -2.015809769045651e-01 1.1e+01 2.85e-01  2e-01  3e-01 389:30.2
  585   7020 -2.111376087144920e-01 1.1e+01 2.34e-01  2e-01  2e-01 392:50.9
  590   7080 -2.222408107127644e-01 1.0e+01 2.22e-01  2e-01  2e-01 396:11.5
  595   7140 -2.039289998303318e-01 1.0e+01 2.02e-01  1e-01  2e-01 399:34.6
  600   7200 -2.267812382570514e-01 9.5e+00 1.93e-01  1e-01  2e-01 402:57.3
  605   7260 -2.117434852241082e-01 9.2e+00 1.47e-01  1e-01  1e-01 406:20.3
  611   7332 -2.256605548967225e-01 9.0e+00 1.46e-01  1e-01  1e-01 410:24.0
  617   7404 -2.219238434913943e-01 9.1e+00 1.52e-01  1e-01  1e-01 414:26.7
  623   7476 -2.400175543789537e-01 8.6e+00 1.59e-01  1e-01  2e-01 418:30.0
  629   7548 -2.312972608938412e-01 8.4e+00 1.57e-01  1e-01  1e-01 422:33.3
  635   7620 -2.327629835738294e-01 8.1e+00 1.41e-01  9e-02  1e-01 426:36.0
  641   7692 -2.437588858998996e-01 8.2e+00 1.07e-01  7e-02  1e-01 430:39.4
  647   7764 -2.459714877384696e-01 8.2e+00 8.77e-02  6e-02  8e-02 434:43.3
  653   7836 -2.483121057864983e-01 8.2e+00 7.68e-02  5e-02  7e-02 438:46.6
  659   7908 -2.509266076993173e-01 8.3e+00 5.92e-02  4e-02  6e-02 442:50.0
  665   7980 -2.512184269726743e-01 8.3e+00 5.49e-02  3e-02  5e-02 446:53.6
  671   8052 -2.550351172061978e-01 8.1e+00 4.85e-02  3e-02  5e-02 450:57.2
  677   8124 -2.541060667336376e-01 8.0e+00 4.25e-02  2e-02  4e-02 455:00.3
  683   8196 -2.559076067506237e-01 8.1e+00 4.09e-02  2e-02  4e-02 459:04.1
  689   8268 -2.562332159543491e-01 8.2e+00 3.96e-02  2e-02  4e-02 463:08.1
  695   8340 -2.573780750159812e-01 8.2e+00 3.65e-02  2e-02  4e-02 467:10.7
  700   8400 -2.576126260492214e-01 8.1e+00 3.86e-02  2e-02  4e-02 470:33.3
  706   8472 -2.586516193882482e-01 8.2e+00 4.07e-02  2e-02  4e-02 474:36.3
  712   8544 -2.588951042708395e-01 8.1e+00 3.91e-02  2e-02  4e-02 478:39.6
  718   8616 -2.596515935003260e-01 7.9e+00 2.98e-02  1e-02  3e-02 482:42.5
  724   8688 -2.599018280231289e-01 7.8e+00 2.47e-02  1e-02  2e-02 486:45.7
  730   8760 -2.603147190391644e-01 7.9e+00 2.33e-02  1e-02  2e-02 490:49.1
  736   8832 -2.606374663014247e-01 7.7e+00 2.32e-02  1e-02  2e-02 494:51.6
  742   8904 -2.607908996245841e-01 7.9e+00 1.82e-02  7e-03  2e-02 498:55.0
  748   8976 -2.612201359028940e-01 8.5e+00 1.99e-02  8e-03  2e-02 502:58.5
  754   9048 -2.616807262395732e-01 9.4e+00 2.66e-02  1e-02  3e-02 507:01.6
  760   9120 -2.621268687541314e-01 1.1e+01 3.03e-02  1e-02  3e-02 511:04.9
  766   9192 -2.627790198791820e-01 1.3e+01 3.71e-02  1e-02  5e-02 515:08.2
  772   9264 -2.632864116452460e-01 1.4e+01 3.77e-02  1e-02  5e-02 519:12.0
  778   9336 -2.640100383946947e-01 1.5e+01 3.93e-02  1e-02  6e-02 523:15.1
  784   9408 -2.640131565804060e-01 1.6e+01 3.23e-02  1e-02  5e-02 527:18.7
  790   9480 -2.644765625060924e-01 1.6e+01 3.22e-02  1e-02  5e-02 531:22.3
  796   9552 -2.648214568542350e-01 1.7e+01 2.92e-02  9e-03  5e-02 535:25.5
  800   9600 -2.649370939135690e-01 1.7e+01 2.63e-02  8e-03  4e-02 538:07.7
  806   9672 -2.652779228433471e-01 1.9e+01 3.24e-02  1e-02  6e-02 542:11.5
  812   9744 -2.653830065704456e-01 2.0e+01 3.19e-02  9e-03  6e-02 546:14.8
  818   9816 -2.655461613774038e-01 2.0e+01 2.99e-02  8e-03  6e-02 550:17.8
  824   9888 -2.657021292583367e-01 2.0e+01 2.37e-02  6e-03  5e-02 554:21.2
  830   9960 -2.658519314899945e-01 2.0e+01 1.70e-02  4e-03  3e-02 558:24.9
  836  10032 -2.659375190948335e-01 2.0e+01 1.80e-02  5e-03  4e-02 562:28.1
  842  10104 -2.659699659074061e-01 2.0e+01 1.64e-02  4e-03  3e-02 566:31.3
  848  10176 -2.661149466876874e-01 2.1e+01 1.56e-02  4e-03  3e-02 570:34.8
  855  10260 -2.661842066447012e-01 2.2e+01 1.60e-02  4e-03  4e-02 575:18.5
  862  10344 -2.663578079990070e-01 2.3e+01 1.86e-02  4e-03  4e-02 580:02.9
  869  10428 -2.665061586210456e-01 2.5e+01 2.23e-02  5e-03  6e-02 584:47.0
  876  10512 -2.666293850497768e-01 2.5e+01 2.82e-02  6e-03  7e-02 589:31.0
  883  10596 -2.667191485321871e-01 2.5e+01 2.89e-02  6e-03  8e-02 594:14.9
  890  10680 -2.668252355449061e-01 2.6e+01 2.84e-02  6e-03  8e-02 598:58.8
  897  10764 -2.670213702871377e-01 2.6e+01 2.50e-02  5e-03  7e-02 603:42.3
  900  10800 -2.670479466724260e-01 2.7e+01 2.47e-02  5e-03  7e-02 605:43.9
  907  10884 -2.671053226344459e-01 2.8e+01 2.38e-02  5e-03  7e-02 610:27.9
  914  10968 -2.671590554052265e-01 2.8e+01 1.83e-02  4e-03  5e-02 615:11.7
  921  11052 -2.672039246903891e-01 2.9e+01 1.48e-02  3e-03  4e-02 619:55.6
  928  11136 -2.672274391849846e-01 3.0e+01 1.08e-02  2e-03  3e-02 624:39.1
  935  11220 -2.672664140797749e-01 3.1e+01 1.15e-02  2e-03  3e-02 629:22.9
  942  11304 -2.673074958559755e-01 3.1e+01 1.42e-02  2e-03  4e-02 634:06.9
  949  11388 -2.673505555321910e-01 3.2e+01 1.40e-02  2e-03  4e-02 638:50.8
  956  11472 -2.673888273677345e-01 3.3e+01 1.87e-02  3e-03  5e-02 643:34.3
  963  11556 -2.674222525428833e-01 3.7e+01 2.58e-02  4e-03  7e-02 648:18.2
  970  11640 -2.675251103104030e-01 3.8e+01 2.15e-02  3e-03  6e-02 653:02.2
  977  11724 -2.675984587887068e-01 4.0e+01 2.15e-02  3e-03  6e-02 657:45.5
  984  11808 -2.676675709858203e-01 4.1e+01 2.10e-02  3e-03  6e-02 662:29.0
  991  11892 -2.677743107293230e-01 4.6e+01 2.54e-02  4e-03  9e-02 667:12.8
  998  11976 -2.678186195236726e-01 5.4e+01 3.05e-02  4e-03  1e-01 671:56.2
 1000  12000 -2.678348109334993e-01 5.6e+01 3.02e-02  4e-03  1e-01 673:17.4
Budget constraint satisfied 13107.462890625 14534.327453613281 Difference:  1426.8645629882812
Budget constraint not satisfied 16650.0234375 14534.327453613281 Difference:  -2115.6959838867188
two_most_probable_states: ['00001000010', '00010000101']
final_expectation_value: -0.26783481093349926
params: [-2.597460312634848, 22.31476091907591, 13.754574866902898, 5.939171178373218, 13.343249719861525, -21.9422337382471, 9.815687890020032, 18.96940739560015, -13.881303284995317, 7.7965373949376024, -12.376002791620326, -15.372001880144444, -1.0619742526966054, -2.0900813359953045, -3.2080496790615824, 4.514306149243341, 21.89271657019722, -23.479162213271444, 1.4242089908509774, 15.72880780625442]
total_steps: 1000
states_probs: [0.005621616321925449, 0.00780933876172088]
optimized_portfolios: [{'UNH': 16, 'V': 16}, {'UNH': 8, 'V': 40}]
objective_values: [-907748.4301919593, -5258674.414457985]
result_with_budget: [{'portfolio': {'UNH': 16, 'V': 16}, 'budget': 13107.462890625, 'difference': 1426.8645629882812}, {'portfolio': {'UNH': 8, 'V': 40}, 'budget': 16650.0234375, 'difference': -2115.6959838867188}]
Processing experiment 80
Budget: 3460.8899574279785
Expected returns: 0.05994554758119745
Covariance matrix: 0.47069847676661486
3rd-order coskewness tensor: 0.4202160295759356
4th-order cokurtosis tensor: 9.011151075558447
Number of qubits for asset DIS: 5
Number of qubits for asset DOW: 7
Total number of qubits:  12
Optimized Weights (considering variance, skewness and kurtosis):
DIS: 60.58%
DOW: 39.42%
Left over budget:  5.672747891857398
Optimized Discrete Allocation:
DIS: 19
DOW: 34
Maximized utility from continuous higher moments:  -5199973.450162959
Budget constraint satisfied 2639.8480377197266 3460.8899574279785 Difference:  821.041919708252
Budget constraint satisfied 2679.2470741271973 3460.8899574279785 Difference:  781.6428833007812
smallest_eigenvalues: [-0.0053326674301239]
smallest_bitstrings: ['111010100000']
first_excited_energy: -0.005331436200390554
optimized_portfolio: [{'DIS': 23, 'DOW': 2}]
second_optimized_portfolio: [{'DIS': 23, 'DOW': 3}]
result_with_budget: [{'portfolio': {'DIS': 23, 'DOW': 2}, 'budget': 2639.8480377197266, 'difference': 821.041919708252, 'objective_value': -349337.9128485666}]
result_with_budget_excited: [{'portfolio': {'DIS': 23, 'DOW': 3}, 'budget': 2679.2470741271973, 'difference': 781.6428833007812, 'objective_value': -371329.28219853766}]
Initial params:  [2.96582924 1.45801879 0.70014507 1.85596524 2.67988629 0.6036439
 2.65195172 1.05767198 3.02933254 2.61509613 2.25617298 3.10485387
 2.84440484 2.23077128 2.40886473 0.5676057  0.0066112  2.07225187
 1.61925807 2.31483083]
(6_w,12)-aCMA-ES (mu_w=3.7,w_1=40%) in dimension 20 (seed=193042, Sun Mar 16 07:20:30 2025)
Iterat #Fevals   function value  axis ratio  sigma  min&max std  t[m:s]
    1     12 4.355895275036688e-02 1.0e+00 1.35e+00  1e+00  1e+00 1:01.7
    2     24 3.623507770471858e-02 1.1e+00 1.28e+00  1e+00  1e+00 2:03.3
    3     36 3.878549488371762e-02 1.1e+00 1.28e+00  1e+00  1e+00 3:04.8
    4     48 3.903221749212246e-02 1.2e+00 1.30e+00  1e+00  1e+00 4:06.3
    5     60 6.433438045053771e-02 1.2e+00 1.36e+00  1e+00  1e+00 5:07.9
    6     72 1.466852271892202e-01 1.3e+00 1.39e+00  1e+00  1e+00 6:09.4
    7     84 7.816741175885107e-02 1.3e+00 1.37e+00  1e+00  1e+00 7:11.0
    8     96 8.021686987611219e-02 1.4e+00 1.36e+00  1e+00  1e+00 8:12.5
    9    108 1.492104433184412e-01 1.4e+00 1.35e+00  1e+00  1e+00 9:14.1
   10    120 3.583343591030539e-02 1.4e+00 1.39e+00  1e+00  2e+00 10:15.4
   11    132 8.592205612733744e-02 1.4e+00 1.40e+00  1e+00  2e+00 11:17.1
   12    144 1.224383654004899e-01 1.5e+00 1.43e+00  1e+00  2e+00 12:18.7
   13    156 6.512352366739514e-02 1.5e+00 1.42e+00  1e+00  2e+00 13:20.3
   14    168 1.253653024654585e-01 1.5e+00 1.40e+00  1e+00  2e+00 14:21.8
   15    180 1.036500601275667e-01 1.5e+00 1.40e+00  1e+00  2e+00 15:23.3
   16    192 6.147129689084067e-02 1.5e+00 1.40e+00  1e+00  1e+00 16:24.6
   17    204 4.850245840434910e-02 1.5e+00 1.40e+00  1e+00  1e+00 17:26.3
   18    216 7.659837665186928e-02 1.5e+00 1.39e+00  1e+00  1e+00 18:27.5
   19    228 7.246563912132910e-02 1.5e+00 1.34e+00  1e+00  1e+00 19:29.3
   20    240 7.759120223940794e-02 1.5e+00 1.26e+00  1e+00  1e+00 20:30.4
   21    252 8.389103873900430e-02 1.5e+00 1.22e+00  1e+00  1e+00 21:32.0
   22    264 7.691532076583614e-02 1.6e+00 1.23e+00  1e+00  1e+00 22:33.3
   23    276 6.959437938742068e-02 1.6e+00 1.27e+00  1e+00  1e+00 23:34.9
   24    288 7.634911060470187e-02 1.6e+00 1.32e+00  1e+00  1e+00 24:36.1
   25    300 1.210154847107676e-01 1.6e+00 1.33e+00  1e+00  1e+00 25:37.5
   26    312 3.784966485040417e-02 1.6e+00 1.35e+00  1e+00  1e+00 26:38.6
   27    324 1.155296043160307e-01 1.6e+00 1.37e+00  1e+00  1e+00 27:40.1
   28    336 6.477479206082536e-02 1.6e+00 1.42e+00  1e+00  2e+00 28:41.9
   29    348 8.412127079066105e-02 1.7e+00 1.42e+00  1e+00  2e+00 29:43.3
   30    360 1.099086506875188e-01 1.7e+00 1.48e+00  1e+00  2e+00 30:44.5
   31    372 6.585935268096528e-02 1.7e+00 1.46e+00  1e+00  2e+00 31:46.2
   32    384 5.061881234176600e-02 1.7e+00 1.45e+00  1e+00  2e+00 32:47.5
   33    396 2.532182039876751e-02 1.7e+00 1.40e+00  1e+00  2e+00 33:48.6
   34    408 7.704039938991172e-02 1.7e+00 1.40e+00  1e+00  2e+00 34:50.0
   35    420 7.623409080831370e-02 1.8e+00 1.39e+00  1e+00  2e+00 35:51.4
   36    432 7.263585265452971e-02 1.8e+00 1.40e+00  1e+00  2e+00 36:53.1
   37    444 4.858911697427791e-02 1.8e+00 1.43e+00  1e+00  2e+00 37:54.4
   38    456 4.893287729375993e-02 1.8e+00 1.45e+00  1e+00  2e+00 38:56.0
   39    468 4.122975703669649e-02 1.8e+00 1.45e+00  1e+00  2e+00 39:57.3
   40    480 1.183277347429900e-01 1.9e+00 1.50e+00  1e+00  2e+00 40:59.1
   41    492 4.335297214809190e-02 1.8e+00 1.50e+00  1e+00  2e+00 42:00.3
   42    504 6.676473179805281e-02 1.9e+00 1.50e+00  1e+00  2e+00 43:02.0
   43    516 3.103192710784013e-02 1.9e+00 1.48e+00  1e+00  2e+00 44:03.3
   44    528 6.470513913854800e-02 1.9e+00 1.43e+00  1e+00  2e+00 45:05.3
   45    540 5.516396866455223e-02 1.9e+00 1.38e+00  1e+00  2e+00 46:06.7
   46    552 5.925202368869201e-02 1.9e+00 1.34e+00  1e+00  1e+00 47:08.4
   47    564 5.942611432558947e-02 2.0e+00 1.28e+00  1e+00  1e+00 48:09.6
   48    576 8.839061347089641e-02 1.9e+00 1.23e+00  1e+00  1e+00 49:11.1
   49    588 4.521929547091123e-02 1.9e+00 1.15e+00  1e+00  1e+00 50:12.1
   50    600 4.107561031039623e-02 1.9e+00 1.07e+00  1e+00  1e+00 51:14.2
   51    612 1.356285127772380e-01 1.9e+00 1.01e+00  9e-01  1e+00 52:15.3
   52    624 7.676170558716716e-02 1.9e+00 9.50e-01  9e-01  1e+00 53:16.8
   53    636 1.045943068494300e-01 2.0e+00 9.13e-01  8e-01  1e+00 54:17.9
   54    648 1.055432446891986e-01 2.0e+00 9.09e-01  8e-01  1e+00 55:19.5
   55    660 9.359810203104767e-02 2.0e+00 9.39e-01  8e-01  1e+00 56:20.9
   56    672 6.598903565903963e-02 2.0e+00 9.65e-01  9e-01  1e+00 57:22.2
   57    684 5.214262879621934e-02 2.0e+00 9.72e-01  9e-01  1e+00 58:23.7
   58    696 5.995884152816718e-02 2.0e+00 9.46e-01  9e-01  1e+00 59:25.1
   59    708 4.949698510138106e-02 2.0e+00 9.49e-01  9e-01  1e+00 60:26.4
   60    720 1.078805082347706e-01 2.0e+00 9.57e-01  9e-01  1e+00 61:28.2
   61    732 8.239239059808090e-02 2.0e+00 9.47e-01  8e-01  1e+00 62:29.7
   62    744 3.923131173046750e-02 2.0e+00 9.38e-01  8e-01  1e+00 63:31.0
   64    768 4.655034869876719e-02 2.0e+00 8.51e-01  7e-01  9e-01 65:33.9
   66    792 8.739272339348175e-02 2.0e+00 8.63e-01  8e-01  9e-01 67:37.0
   68    816 6.400074249012515e-02 2.0e+00 8.77e-01  8e-01  9e-01 69:39.5
   70    840 7.265005724861689e-02 2.1e+00 8.71e-01  8e-01  9e-01 71:43.0
   72    864 9.298973716875258e-02 2.1e+00 9.07e-01  8e-01  1e+00 73:45.5
   74    888 1.041449778812750e-01 2.1e+00 8.88e-01  8e-01  1e+00 75:48.1
   76    912 6.238541221929948e-02 2.2e+00 8.63e-01  7e-01  9e-01 77:51.1
   78    936 6.633116955659654e-02 2.2e+00 7.89e-01  7e-01  9e-01 79:53.4
   80    960 1.076738352873443e-01 2.3e+00 7.53e-01  6e-01  8e-01 81:56.7
   82    984 7.859727030976722e-02 2.3e+00 7.26e-01  6e-01  8e-01 83:59.5
   84   1008 1.055230210822544e-01 2.3e+00 7.76e-01  7e-01  9e-01 86:02.6
   86   1032 1.126700555419458e-01 2.3e+00 8.43e-01  7e-01  9e-01 88:05.5
   88   1056 5.844395056304752e-02 2.5e+00 9.53e-01  8e-01  1e+00 90:08.2
   90   1080 9.332255909345304e-02 2.5e+00 1.03e+00  8e-01  1e+00 92:11.3
   92   1104 7.261633397061644e-02 2.6e+00 1.13e+00  9e-01  1e+00 94:13.8
   94   1128 6.950014482622850e-02 2.6e+00 1.27e+00  1e+00  1e+00 96:16.4
   96   1152 1.056620528234257e-01 2.6e+00 1.29e+00  1e+00  1e+00 98:18.9
   98   1176 7.917849688393179e-02 2.6e+00 1.29e+00  1e+00  2e+00 100:21.8
  100   1200 1.250005265339857e-01 2.7e+00 1.23e+00  1e+00  1e+00 102:24.8
  102   1224 1.037839724270086e-01 2.7e+00 1.18e+00  9e-01  1e+00 104:27.3
  104   1248 1.010665386019018e-01 2.7e+00 1.08e+00  9e-01  1e+00 106:30.1
  106   1272 6.717565578679663e-02 2.7e+00 1.08e+00  9e-01  1e+00 108:32.9
  108   1296 4.779740505283403e-02 2.8e+00 1.11e+00  9e-01  1e+00 110:35.5
  110   1320 9.793897352989235e-02 2.8e+00 1.16e+00  9e-01  1e+00 112:38.5
  112   1344 7.168993624614918e-02 2.9e+00 1.25e+00  1e+00  1e+00 114:41.2
  114   1368 1.060171685707877e-01 2.9e+00 1.30e+00  1e+00  2e+00 116:44.0
  116   1392 1.283809857769144e-01 3.0e+00 1.31e+00  1e+00  2e+00 118:46.6
  118   1416 6.299820749923560e-02 3.0e+00 1.23e+00  1e+00  2e+00 120:49.4
  120   1440 8.379054231250706e-02 3.0e+00 1.12e+00  9e-01  1e+00 122:52.6
  122   1464 7.562111320783785e-02 3.0e+00 1.18e+00  1e+00  1e+00 124:55.4
  124   1488 7.590676750113384e-02 3.0e+00 1.21e+00  1e+00  1e+00 126:58.4
  126   1512 5.298503996367727e-02 3.0e+00 1.19e+00  1e+00  1e+00 129:01.4
  128   1536 8.635552055190156e-02 3.0e+00 1.17e+00  1e+00  1e+00 131:04.2
  130   1560 7.244051078833816e-02 3.0e+00 1.14e+00  9e-01  1e+00 133:07.2
  132   1584 8.251181177044122e-02 2.9e+00 1.14e+00  9e-01  1e+00 135:10.1
  134   1608 4.553031112461212e-02 2.9e+00 1.07e+00  8e-01  1e+00 137:12.9
  136   1632 6.870499371205915e-02 2.9e+00 9.88e-01  8e-01  1e+00 139:15.8
  138   1656 9.587316904685947e-02 2.9e+00 9.62e-01  7e-01  1e+00 141:18.6
  140   1680 6.582552908044892e-02 2.9e+00 9.81e-01  8e-01  1e+00 143:21.3
  142   1704 9.542626521685500e-02 2.9e+00 9.19e-01  7e-01  1e+00 145:24.2
  144   1728 8.231487588935130e-02 2.9e+00 8.36e-01  7e-01  1e+00 147:27.2
  146   1752 6.937497767711019e-02 2.9e+00 8.04e-01  6e-01  9e-01 149:30.1
  148   1776 7.496430830293865e-02 3.0e+00 8.04e-01  6e-01  9e-01 151:32.9
  150   1800 7.112350960337697e-02 3.0e+00 7.90e-01  6e-01  9e-01 153:36.1
  152   1824 6.446570404191679e-02 3.0e+00 8.21e-01  6e-01  1e+00 155:38.9
  154   1848 9.070550942136701e-02 3.0e+00 8.59e-01  7e-01  1e+00 157:41.7
  156   1872 8.454005975796815e-02 3.0e+00 8.82e-01  7e-01  1e+00 159:44.4
  158   1896 6.700749525259028e-02 3.0e+00 8.67e-01  7e-01  1e+00 161:47.3
  160   1920 4.708552851131293e-02 3.0e+00 8.45e-01  6e-01  1e+00 163:50.5
  162   1944 6.523760973492815e-02 3.0e+00 8.89e-01  7e-01  1e+00 165:52.9
  164   1968 8.435750696901263e-02 3.0e+00 8.43e-01  6e-01  1e+00 167:56.1
  166   1992 1.128205206613780e-01 3.0e+00 8.31e-01  6e-01  1e+00 169:59.6
  168   2016 8.735142241717676e-02 3.0e+00 8.34e-01  6e-01  1e+00 172:02.5
  170   2040 9.608564547019778e-02 3.0e+00 8.33e-01  6e-01  1e+00 174:05.7
  172   2064 6.005213149466591e-02 3.1e+00 8.76e-01  7e-01  1e+00 176:08.5
  174   2088 8.252402891922556e-02 3.1e+00 8.81e-01  7e-01  1e+00 178:11.4
  176   2112 8.562786829919865e-02 3.1e+00 9.22e-01  7e-01  1e+00 180:14.1
  178   2136 8.935805014377964e-02 3.1e+00 1.04e+00  8e-01  1e+00 182:17.1
  180   2160 1.158371314673954e-01 3.2e+00 1.17e+00  9e-01  1e+00 184:20.0
  182   2184 5.777612347956694e-02 3.2e+00 1.18e+00  9e-01  2e+00 186:22.8
  184   2208 9.590147907084426e-02 3.3e+00 1.15e+00  9e-01  1e+00 188:25.5
  186   2232 8.694573282119743e-02 3.3e+00 1.10e+00  8e-01  1e+00 190:28.6
  189   2268 9.172795379300216e-02 3.4e+00 9.84e-01  7e-01  1e+00 193:32.9
  192   2304 1.217372408958236e-01 3.4e+00 8.89e-01  7e-01  1e+00 196:38.0
  195   2340 1.360916290174079e-01 3.4e+00 8.80e-01  7e-01  1e+00 199:42.3
  198   2376 9.024016846644119e-02 3.4e+00 8.85e-01  7e-01  1e+00 202:46.5
  200   2400 7.914551935882486e-02 3.4e+00 9.03e-01  7e-01  1e+00 204:49.6
  203   2436 9.177346528537171e-02 3.5e+00 8.06e-01  6e-01  1e+00 207:54.2
  206   2472 6.458950998661318e-02 3.5e+00 7.08e-01  5e-01  9e-01 210:58.6
  209   2508 7.628876812917511e-02 3.5e+00 6.10e-01  5e-01  8e-01 214:02.8
  212   2544 7.670823791478709e-02 3.6e+00 5.54e-01  4e-01  7e-01 217:07.4
  215   2580 9.410255984338875e-02 3.6e+00 5.41e-01  4e-01  7e-01 220:11.6
  218   2616 6.852689434147517e-02 3.6e+00 4.84e-01  3e-01  6e-01 223:15.5
  221   2652 7.955131634183642e-02 3.6e+00 4.83e-01  3e-01  6e-01 226:20.2
  224   2688 8.816698316659617e-02 3.7e+00 4.45e-01  3e-01  6e-01 229:24.4
  227   2724 7.439165392124833e-02 3.7e+00 4.50e-01  3e-01  6e-01 232:28.5
  230   2760 8.208337212407915e-02 3.7e+00 4.79e-01  4e-01  6e-01 235:32.9
