Running job array 77 on milan20.int.triton.aalto.fi
Starting at Sat Mar 22 10:19:12 EET 2025
Activating virtual environment at /scratch/work/uotilav2/quantum-portfolio/venv
Processing batch 78/100: experiments 77 to 77 (total 1)
Processing experiment 77
Budget: 5296
YF.download() has changed argument auto_adjust default to True
Number of qubits for asset JNJ: 6
Number of qubits for asset V: 5
Total number of qubits:  11
Optimized Weights (considering variance, skewness and kurtosis):
JNJ: 0.00%
V: 100.00%
Left over budget:  104.38243899708232
Optimized Discrete Allocation:
JNJ: 1
V: 16
Maximized utility from continuous higher moments:  -2963.071274814786
Budget constraint not satisfied 5306.523101806641 5296 Difference:  -10.523101806640625
Budget constraint satisfied 5277.957092285156 5296 Difference:  18.04290771484375
smallest_eigenvalues: [-0.18097868066588008]
smallest_bitstrings: ['00100011110']
first_excited_energy: -0.18097725306049187
optimized_portfolio: [{'JNJ': 4, 'V': 15}]
second_optimized_portfolio: [{'JNJ': 6, 'V': 14}]
result_with_budget: [{'portfolio': {'JNJ': 4, 'V': 15}, 'budget': 5306.523101806641, 'difference': -10.523101806640625, 'objective_value': -3225.1195248872928}]
result_with_budget_excited: [{'portfolio': {'JNJ': 6, 'V': 14}, 'budget': 5277.957092285156, 'difference': 18.04290771484375, 'objective_value': -3281.446760825852}]
Initial params:  [2.51063067 1.44978017 2.45210473 0.37157007 2.01037118 0.45035763
 2.96776493 1.63943485 1.3026989  0.83112597 2.43232687 1.43303853
 1.78578792 0.0590299  1.94035914 1.92295543 1.93815531 2.96487203
 2.14200164 1.12942738]
(6_w,12)-aCMA-ES (mu_w=3.7,w_1=40%) in dimension 20 (seed=714732, Sat Mar 22 10:19:33 2025)
Iterat #Fevals   function value  axis ratio  sigma  min&max std  t[m:s]
    1     12 -7.957057070890025e-02 1.0e+00 9.35e-02  9e-02  9e-02 0:32.1
    2     24 -9.702574746066671e-02 1.1e+00 8.91e-02  9e-02  9e-02 1:03.9
    3     36 -9.926647547459623e-02 1.1e+00 8.76e-02  8e-02  9e-02 1:36.1
    4     48 -1.242439053612315e-01 1.2e+00 8.67e-02  8e-02  9e-02 2:07.9
    5     60 -1.148321031318736e-01 1.2e+00 8.46e-02  8e-02  9e-02 2:39.9
    6     72 -1.154983318399842e-01 1.2e+00 8.35e-02  8e-02  9e-02 3:11.8
    7     84 -1.280755398894262e-01 1.2e+00 8.59e-02  8e-02  9e-02 3:43.8
    8     96 -1.294139370539367e-01 1.3e+00 9.07e-02  9e-02  1e-01 4:15.6
    9    108 -1.318377407605001e-01 1.3e+00 9.34e-02  9e-02  1e-01 4:47.6
   10    120 -1.428197068170299e-01 1.4e+00 9.57e-02  9e-02  1e-01 5:19.5
   11    132 -1.362155514019454e-01 1.5e+00 9.38e-02  9e-02  1e-01 5:49.3
   12    144 -1.303759011488874e-01 1.5e+00 9.41e-02  9e-02  1e-01 6:18.6
   13    156 -1.314333830954461e-01 1.5e+00 9.56e-02  9e-02  1e-01 6:48.0
   14    168 -1.444933338598879e-01 1.6e+00 9.87e-02  9e-02  1e-01 7:17.5
   15    180 -1.478837933804626e-01 1.6e+00 9.92e-02  9e-02  1e-01 7:46.9
   16    192 -1.483591806548110e-01 1.7e+00 9.96e-02  9e-02  1e-01 8:16.4
   17    204 -1.467479409079269e-01 1.7e+00 9.89e-02  9e-02  1e-01 8:45.8
   18    216 -1.488831773383771e-01 1.8e+00 9.64e-02  9e-02  1e-01 9:16.0
   19    228 -1.499965091352498e-01 1.8e+00 9.66e-02  9e-02  1e-01 9:48.3
   20    240 -1.505444631376392e-01 1.8e+00 9.99e-02  9e-02  1e-01 10:20.9
   21    252 -1.478303308253360e-01 1.8e+00 1.02e-01  9e-02  1e-01 10:53.3
   22    264 -1.473176339586226e-01 1.9e+00 1.06e-01  1e-01  1e-01 11:25.8
   23    276 -1.509931098997796e-01 1.9e+00 1.10e-01  1e-01  1e-01 11:58.2
   24    288 -1.443256987965143e-01 2.0e+00 1.12e-01  1e-01  1e-01 12:30.6
   25    300 -1.460471478078065e-01 2.0e+00 1.14e-01  1e-01  1e-01 13:03.0
   26    312 -1.436848523953406e-01 2.0e+00 1.11e-01  1e-01  1e-01 13:35.3
   27    324 -1.490342003460378e-01 2.0e+00 1.14e-01  1e-01  1e-01 14:07.6
   28    336 -1.496657628346302e-01 2.1e+00 1.16e-01  1e-01  1e-01 14:39.9
   29    348 -1.472011820501622e-01 2.1e+00 1.13e-01  1e-01  1e-01 15:12.3
   30    360 -1.422136885116848e-01 2.1e+00 1.10e-01  1e-01  1e-01 15:44.7
   31    372 -1.422006488317515e-01 2.2e+00 1.09e-01  1e-01  1e-01 16:17.3
   32    384 -1.499732505082522e-01 2.3e+00 1.06e-01  9e-02  1e-01 16:49.8
   33    396 -1.440278939529654e-01 2.4e+00 1.02e-01  9e-02  1e-01 17:22.8
   35    420 -1.470187601696187e-01 2.4e+00 9.43e-02  8e-02  1e-01 18:27.6
   37    444 -1.496035155532002e-01 2.5e+00 9.06e-02  8e-02  1e-01 19:32.4
   39    468 -1.502864942256276e-01 2.5e+00 8.90e-02  8e-02  1e-01 20:37.4
   41    492 -1.479768508717235e-01 2.6e+00 8.74e-02  8e-02  1e-01 21:42.1
   43    516 -1.501432033981492e-01 2.7e+00 9.06e-02  8e-02  1e-01 22:46.9
   45    540 -1.496332114738686e-01 2.8e+00 8.58e-02  7e-02  1e-01 23:51.6
   47    564 -1.485984714137693e-01 2.9e+00 8.39e-02  7e-02  1e-01 24:54.6
   49    588 -1.486902309739996e-01 3.0e+00 8.08e-02  7e-02  1e-01 25:59.0
   51    612 -1.483758026094337e-01 3.1e+00 7.76e-02  6e-02  9e-02 27:03.8
   53    636 -1.482811719061788e-01 3.2e+00 8.02e-02  7e-02  1e-01 28:08.5
   55    660 -1.510893522729684e-01 3.3e+00 7.60e-02  6e-02  9e-02 29:13.3
   57    684 -1.503134094199148e-01 3.4e+00 6.94e-02  6e-02  8e-02 30:17.9
   59    708 -1.495809799870539e-01 3.4e+00 6.60e-02  5e-02  8e-02 31:22.6
   61    732 -1.498989678064158e-01 3.5e+00 6.53e-02  5e-02  8e-02 32:27.6
   63    756 -1.527408252876041e-01 3.6e+00 6.05e-02  5e-02  7e-02 33:32.9
   65    780 -1.513823190303561e-01 3.7e+00 5.90e-02  5e-02  7e-02 34:37.7
   67    804 -1.529547634266108e-01 3.8e+00 5.97e-02  5e-02  7e-02 35:41.8
   69    828 -1.524873739260275e-01 3.9e+00 5.77e-02  5e-02  7e-02 36:46.8
   71    852 -1.536840038287788e-01 4.0e+00 5.80e-02  5e-02  7e-02 37:52.0
   73    876 -1.526477842041944e-01 4.1e+00 5.93e-02  5e-02  7e-02 38:56.6
   75    900 -1.524576027774271e-01 4.2e+00 6.22e-02  5e-02  7e-02 40:01.4
   77    924 -1.526398751703089e-01 4.3e+00 6.52e-02  5e-02  8e-02 41:06.2
   79    948 -1.523886394556830e-01 4.3e+00 6.52e-02  5e-02  8e-02 42:11.1
   81    972 -1.527626293734838e-01 4.4e+00 6.56e-02  5e-02  8e-02 43:15.8
   83    996 -1.530899674274894e-01 4.5e+00 6.74e-02  5e-02  8e-02 44:20.8
   85   1020 -1.526596796825385e-01 4.8e+00 6.65e-02  5e-02  8e-02 45:25.4
   87   1044 -1.521180503191203e-01 5.1e+00 6.62e-02  5e-02  8e-02 46:30.3
   89   1068 -1.532671522712549e-01 5.3e+00 6.27e-02  5e-02  8e-02 47:35.0
   92   1104 -1.538523306947318e-01 5.6e+00 6.16e-02  5e-02  8e-02 49:04.2
   95   1140 -1.537375462092955e-01 5.8e+00 5.43e-02  4e-02  7e-02 50:33.3
   98   1176 -1.536865013394969e-01 6.1e+00 4.64e-02  4e-02  6e-02 52:02.4
  100   1200 -1.543578508934969e-01 6.2e+00 4.23e-02  3e-02  5e-02 53:01.6
  103   1236 -1.545298427123626e-01 6.4e+00 3.95e-02  3e-02  5e-02 54:30.4
  106   1272 -1.543798336554411e-01 6.6e+00 3.98e-02  3e-02  5e-02 55:59.1
  109   1308 -1.539410528024515e-01 6.9e+00 3.55e-02  3e-02  4e-02 57:26.5
  112   1344 -1.546268081310770e-01 7.1e+00 3.52e-02  3e-02  4e-02 58:58.1
  115   1380 -1.550995850450606e-01 7.4e+00 4.04e-02  3e-02  5e-02 60:30.2
  118   1416 -1.545903880453551e-01 7.7e+00 3.85e-02  3e-02  5e-02 62:02.1
  121   1452 -1.547296921151350e-01 8.0e+00 3.72e-02  3e-02  5e-02 63:34.1
  124   1488 -1.547256608727939e-01 8.2e+00 3.49e-02  3e-02  4e-02 65:05.8
  127   1524 -1.550797035589315e-01 8.3e+00 3.23e-02  3e-02  4e-02 66:37.7
  130   1560 -1.551069862689868e-01 8.6e+00 2.99e-02  2e-02  4e-02 68:09.4
  133   1596 -1.551940220419847e-01 8.7e+00 3.12e-02  2e-02  4e-02 69:41.3
  136   1632 -1.551642810052576e-01 8.9e+00 3.35e-02  3e-02  4e-02 71:12.9
  139   1668 -1.553714742996874e-01 9.3e+00 3.28e-02  3e-02  4e-02 72:44.5
  142   1704 -1.553246373025097e-01 1.0e+01 3.31e-02  3e-02  4e-02 74:16.2
  145   1740 -1.553192037340155e-01 1.1e+01 3.31e-02  3e-02  4e-02 75:47.7
  148   1776 -1.553622366002541e-01 1.1e+01 2.99e-02  2e-02  4e-02 77:19.5
  151   1812 -1.555935520286693e-01 1.1e+01 2.84e-02  2e-02  4e-02 78:51.0
  154   1848 -1.556281353017877e-01 1.2e+01 2.76e-02  2e-02  4e-02 80:22.7
  157   1884 -1.555184378952498e-01 1.2e+01 2.49e-02  2e-02  3e-02 81:54.7
  160   1920 -1.556568496596182e-01 1.2e+01 2.26e-02  2e-02  3e-02 83:24.8
  163   1956 -1.556586020707817e-01 1.2e+01 1.99e-02  1e-02  3e-02 84:54.5
  166   1992 -1.557307207479554e-01 1.2e+01 1.87e-02  1e-02  2e-02 86:23.8
  169   2028 -1.557680016815280e-01 1.3e+01 1.99e-02  1e-02  3e-02 87:53.4
  172   2064 -1.557704450710251e-01 1.4e+01 2.04e-02  1e-02  3e-02 89:22.2
  175   2100 -1.557133451781106e-01 1.5e+01 2.15e-02  2e-02  3e-02 90:52.0
  178   2136 -1.558411094628777e-01 1.5e+01 1.99e-02  1e-02  3e-02 92:22.4
  182   2184 -1.558458264824021e-01 1.6e+01 1.93e-02  1e-02  3e-02 94:22.4
  186   2232 -1.559489465000281e-01 1.6e+01 1.90e-02  1e-02  3e-02 96:22.1
  190   2280 -1.559412173238166e-01 1.7e+01 2.03e-02  1e-02  3e-02 98:21.9
  194   2328 -1.559875406169172e-01 1.8e+01 1.84e-02  1e-02  3e-02 100:15.9
  198   2376 -1.560279721664994e-01 2.0e+01 1.86e-02  1e-02  3e-02 102:11.8
  200   2400 -1.560140522020246e-01 2.0e+01 1.88e-02  1e-02  3e-02 103:09.7
  204   2448 -1.560427730709268e-01 2.2e+01 1.95e-02  1e-02  3e-02 105:05.7
  208   2496 -1.560564072447176e-01 2.3e+01 2.21e-02  1e-02  3e-02 107:01.7
  212   2544 -1.561196908460144e-01 2.3e+01 2.11e-02  1e-02  3e-02 108:57.0
  216   2592 -1.561703229982785e-01 2.4e+01 2.31e-02  1e-02  4e-02 110:52.8
  220   2640 -1.562688229825515e-01 2.6e+01 2.46e-02  1e-02  4e-02 112:48.6
  224   2688 -1.563187632377912e-01 2.7e+01 2.36e-02  1e-02  4e-02 114:44.9
  228   2736 -1.563882549236359e-01 2.8e+01 2.58e-02  1e-02  4e-02 116:41.4
  232   2784 -1.564776032541381e-01 3.0e+01 2.72e-02  1e-02  5e-02 118:37.7
  236   2832 -1.565823611880032e-01 3.2e+01 2.84e-02  1e-02  5e-02 120:33.6
  240   2880 -1.566184511444204e-01 3.2e+01 2.88e-02  2e-02  5e-02 122:28.9
  244   2928 -1.568752891692574e-01 3.3e+01 3.29e-02  2e-02  6e-02 124:24.9
  248   2976 -1.568939150655121e-01 3.5e+01 3.93e-02  2e-02  7e-02 126:20.9
  252   3024 -1.571175063555363e-01 3.7e+01 4.01e-02  2e-02  7e-02 128:16.8
  256   3072 -1.573859551198396e-01 3.9e+01 4.28e-02  2e-02  8e-02 130:12.2
  260   3120 -1.573678490690466e-01 4.0e+01 4.65e-02  3e-02  8e-02 132:08.7
  264   3168 -1.576718877053458e-01 4.1e+01 4.94e-02  3e-02  9e-02 134:04.9
  268   3216 -1.581839140998439e-01 4.1e+01 5.28e-02  3e-02  1e-01 136:01.2
  272   3264 -1.585148584986536e-01 4.4e+01 5.81e-02  3e-02  1e-01 137:57.5
  276   3312 -1.583319718727680e-01 4.4e+01 5.91e-02  3e-02  1e-01 139:53.7
  280   3360 -1.583447461085945e-01 4.4e+01 5.04e-02  3e-02  9e-02 141:49.8
  285   3420 -1.586456851291395e-01 4.3e+01 5.56e-02  3e-02  1e-01 144:15.0
  290   3480 -1.589382090235227e-01 4.2e+01 5.16e-02  3e-02  9e-02 146:38.2
  295   3540 -1.589721695720532e-01 4.3e+01 5.86e-02  3e-02  1e-01 149:00.7
  300   3600 -1.594340002181960e-01 4.3e+01 6.31e-02  3e-02  1e-01 151:23.1
  305   3660 -1.593192402686802e-01 4.2e+01 5.63e-02  3e-02  9e-02 153:45.8
  310   3720 -1.597206761741668e-01 4.2e+01 4.65e-02  2e-02  8e-02 156:10.2
  315   3780 -1.600889909513442e-01 4.1e+01 5.30e-02  2e-02  8e-02 158:35.0
  320   3840 -1.602664723136048e-01 4.0e+01 4.91e-02  2e-02  8e-02 160:59.4
  325   3900 -1.604677924406647e-01 4.1e+01 4.72e-02  2e-02  8e-02 163:23.1
  330   3960 -1.605604496727968e-01 4.1e+01 4.55e-02  2e-02  7e-02 165:46.5
  335   4020 -1.604846128284099e-01 4.0e+01 4.38e-02  2e-02  7e-02 168:11.4
  340   4080 -1.608593201196611e-01 4.1e+01 4.42e-02  2e-02  7e-02 170:36.7
  345   4140 -1.609758361759910e-01 4.2e+01 5.51e-02  2e-02  9e-02 173:01.9
  350   4200 -1.610820869991768e-01 4.3e+01 4.70e-02  2e-02  7e-02 175:27.1
  355   4260 -1.614428323267283e-01 4.2e+01 4.42e-02  2e-02  7e-02 177:52.4
  360   4320 -1.615745286156473e-01 4.3e+01 4.92e-02  2e-02  8e-02 180:17.9
  365   4380 -1.617472262893934e-01 4.4e+01 4.53e-02  2e-02  7e-02 182:43.7
  370   4440 -1.619737387483640e-01 4.6e+01 4.38e-02  2e-02  7e-02 185:09.7
  375   4500 -1.619193813510278e-01 4.7e+01 3.98e-02  2e-02  6e-02 187:35.6
  380   4560 -1.620881912391342e-01 4.7e+01 3.72e-02  1e-02  6e-02 190:01.0
  385   4620 -1.621491254732335e-01 4.8e+01 3.25e-02  1e-02  5e-02 192:26.0
  390   4680 -1.623329390125833e-01 4.8e+01 3.03e-02  1e-02  5e-02 194:51.7
  395   4740 -1.624150632467966e-01 4.8e+01 3.72e-02  1e-02  6e-02 197:17.2
  400   4800 -1.626189346322589e-01 5.0e+01 3.79e-02  1e-02  7e-02 199:42.5
  405   4860 -1.626276887226989e-01 5.0e+01 4.24e-02  2e-02  8e-02 202:06.2
  410   4920 -1.628033403843918e-01 5.2e+01 4.33e-02  2e-02  9e-02 204:29.8
  416   4992 -1.628546889283699e-01 5.4e+01 4.12e-02  1e-02  8e-02 207:21.0
  422   5064 -1.629192466764571e-01 5.6e+01 4.16e-02  1e-02  9e-02 210:09.8
  428   5136 -1.629695386654935e-01 5.6e+01 3.74e-02  1e-02  8e-02 212:56.5
  434   5208 -1.630745801486162e-01 5.8e+01 3.39e-02  1e-02  7e-02 215:42.9
  440   5280 -1.632086331151656e-01 5.6e+01 3.67e-02  1e-02  8e-02 218:28.9
  446   5352 -1.632493731258380e-01 5.6e+01 3.81e-02  1e-02  8e-02 221:15.1
  452   5424 -1.632307060355224e-01 5.5e+01 4.14e-02  1e-02  9e-02 224:01.6
  458   5496 -1.633330479952589e-01 5.5e+01 3.42e-02  1e-02  7e-02 226:47.8
  464   5568 -1.633935085744097e-01 5.5e+01 2.90e-02  8e-03  6e-02 229:34.1
  470   5640 -1.633727310056242e-01 5.4e+01 2.66e-02  8e-03  5e-02 232:20.0
  476   5712 -1.634459586468438e-01 5.6e+01 2.69e-02  8e-03  5e-02 235:04.4
  482   5784 -1.634688840573099e-01 5.7e+01 2.65e-02  8e-03  5e-02 237:49.2
  488   5856 -1.634806548282126e-01 5.8e+01 2.22e-02  7e-03  4e-02 240:32.5
  494   5928 -1.635156415144580e-01 6.2e+01 2.12e-02  6e-03  4e-02 243:15.8
  500   6000 -1.635304906130033e-01 6.1e+01 1.68e-02  5e-03  3e-02 246:00.3
  506   6072 -1.635882416584489e-01 6.3e+01 2.02e-02  6e-03  4e-02 248:44.3
  512   6144 -1.636057207139224e-01 6.2e+01 2.08e-02  6e-03  4e-02 251:27.7
  518   6216 -1.636350251554850e-01 6.3e+01 2.05e-02  6e-03  4e-02 254:10.4
  524   6288 -1.636712435139254e-01 6.6e+01 2.35e-02  7e-03  5e-02 256:53.3
  530   6360 -1.636965035194522e-01 7.0e+01 2.44e-02  7e-03  5e-02 259:44.6
  536   6432 -1.637063584363668e-01 7.6e+01 2.65e-02  7e-03  5e-02 262:42.4
  542   6504 -1.637727692629229e-01 7.7e+01 2.95e-02  8e-03  6e-02 265:40.3
  548   6576 -1.637736267360219e-01 7.7e+01 3.38e-02  9e-03  7e-02 268:27.1
  554   6648 -1.638065863796932e-01 7.8e+01 3.52e-02  9e-03  7e-02 271:25.3
  560   6720 -1.638280038726058e-01 7.8e+01 3.76e-02  1e-02  7e-02 274:23.8
  566   6792 -1.638740655764073e-01 8.1e+01 3.58e-02  9e-03  7e-02 277:22.3
  572   6864 -1.639064501532676e-01 7.8e+01 3.11e-02  8e-03  6e-02 280:20.1
  578   6936 -1.639095814843898e-01 8.0e+01 3.06e-02  8e-03  6e-02 283:18.3
  584   7008 -1.639099792241004e-01 8.2e+01 2.84e-02  7e-03  6e-02 286:16.1
  590   7080 -1.639854243267573e-01 8.1e+01 3.47e-02  8e-03  7e-02 289:14.8
  596   7152 -1.640016892110816e-01 8.3e+01 3.53e-02  9e-03  7e-02 292:13.0
  600   7200 -1.640092003424316e-01 8.6e+01 3.18e-02  8e-03  6e-02 294:04.1
  607   7284 -1.640481157016800e-01 9.1e+01 3.08e-02  7e-03  6e-02 297:14.5
  614   7368 -1.640858169497021e-01 9.5e+01 2.98e-02  7e-03  6e-02 300:25.4
  621   7452 -1.641053814958773e-01 9.8e+01 2.55e-02  5e-03  5e-02 303:37.5
  628   7536 -1.641548714854573e-01 1.0e+02 2.22e-02  5e-03  5e-02 306:43.7
  635   7620 -1.641806705046987e-01 1.0e+02 2.39e-02  5e-03  5e-02 309:44.0
  642   7704 -1.642448458516253e-01 1.0e+02 3.08e-02  6e-03  7e-02 312:44.1
  650   7800 -1.642578617490429e-01 1.0e+02 4.05e-02  8e-03  9e-02 316:09.8
  658   7896 -1.643852068648604e-01 1.1e+02 3.59e-02  7e-03  8e-02 319:35.4
  666   7992 -1.643975743580277e-01 1.2e+02 4.33e-02  8e-03  9e-02 323:00.7
  674   8088 -1.644397966737701e-01 1.2e+02 4.06e-02  7e-03  8e-02 326:26.5
  682   8184 -1.645277846726858e-01 1.1e+02 3.28e-02  5e-03  7e-02 329:52.7
  690   8280 -1.645276468755179e-01 1.2e+02 2.68e-02  4e-03  5e-02 333:20.4
  698   8376 -1.645813674551398e-01 1.2e+02 2.80e-02  4e-03  6e-02 336:46.7
  700   8400 -1.645782438085178e-01 1.2e+02 2.72e-02  4e-03  6e-02 337:38.2
  708   8496 -1.646111778929452e-01 1.2e+02 2.50e-02  4e-03  5e-02 341:04.5
  716   8592 -1.646427935267216e-01 1.3e+02 2.30e-02  3e-03  5e-02 344:30.4
  724   8688 -1.646545967476136e-01 1.4e+02 2.40e-02  3e-03  6e-02 347:57.2
  732   8784 -1.646758915978060e-01 1.5e+02 2.34e-02  3e-03  6e-02 351:24.1
  740   8880 -1.647145429992709e-01 1.6e+02 1.98e-02  3e-03  5e-02 354:51.4
  748   8976 -1.647292594202704e-01 1.6e+02 2.00e-02  3e-03  5e-02 358:18.6
  756   9072 -1.647644902987187e-01 1.7e+02 2.07e-02  3e-03  6e-02 361:47.3
  764   9168 -1.648177937227684e-01 1.8e+02 2.62e-02  3e-03  8e-02 365:16.0
  772   9264 -1.648500217458692e-01 2.0e+02 4.07e-02  5e-03  1e-01 368:43.4
  780   9360 -1.648754413462754e-01 2.1e+02 4.93e-02  6e-03  2e-01 372:11.5
  788   9456 -1.649595429128218e-01 2.1e+02 4.73e-02  6e-03  2e-01 375:44.9
  796   9552 -1.651101863083811e-01 2.2e+02 6.13e-02  7e-03  2e-01 379:30.4
  800   9600 -1.651318448475841e-01 2.2e+02 5.91e-02  7e-03  2e-01 381:23.1
  808   9696 -1.652289649201782e-01 2.2e+02 6.76e-02  7e-03  3e-01 385:08.6
  816   9792 -1.653413611510343e-01 2.2e+02 6.24e-02  7e-03  2e-01 388:54.3
  824   9888 -1.654327351075519e-01 2.1e+02 5.45e-02  6e-03  2e-01 392:39.6
  832   9984 -1.655155022722077e-01 2.1e+02 4.31e-02  4e-03  2e-01 396:25.5
  840  10080 -1.655901061803193e-01 2.3e+02 4.87e-02  5e-03  2e-01 400:11.4
  848  10176 -1.656542356112801e-01 2.3e+02 3.96e-02  4e-03  2e-01 403:43.4
  857  10284 -1.656552277754352e-01 2.3e+02 3.39e-02  3e-03  1e-01 407:34.4
  866  10392 -1.657261621278491e-01 2.3e+02 3.10e-02  3e-03  1e-01 411:24.6
  875  10500 -1.657610788332760e-01 2.3e+02 2.90e-02  3e-03  1e-01 415:14.6
  884  10608 -1.658035432537791e-01 2.1e+02 2.91e-02  3e-03  1e-01 419:04.1
  893  10716 -1.658521496134687e-01 2.1e+02 3.34e-02  3e-03  1e-01 422:54.1
  900  10800 -1.658802320112047e-01 2.0e+02 3.58e-02  3e-03  1e-01 425:52.7
  909  10908 -1.659178259137131e-01 2.1e+02 3.65e-02  3e-03  1e-01 429:42.4
  918  11016 -1.659590221224041e-01 2.0e+02 3.93e-02  3e-03  1e-01 433:31.9
  927  11124 -1.659943027880729e-01 2.0e+02 4.61e-02  4e-03  1e-01 437:21.5
  936  11232 -1.660494008789755e-01 2.0e+02 4.13e-02  3e-03  1e-01 441:11.6
  945  11340 -1.660802872542255e-01 2.0e+02 4.19e-02  3e-03  1e-01 445:01.1
  954  11448 -1.661072666366036e-01 2.1e+02 3.82e-02  3e-03  1e-01 448:50.4
  963  11556 -1.661180125864738e-01 2.0e+02 3.14e-02  2e-03  9e-02 452:39.9
  972  11664 -1.661311478320771e-01 2.1e+02 1.87e-02  1e-03  6e-02 456:29.8
  981  11772 -1.661373666862247e-01 2.1e+02 1.68e-02  1e-03  5e-02 460:19.1
  990  11880 -1.661411606486710e-01 2.2e+02 1.67e-02  1e-03  5e-02 464:08.4
  999  11988 -1.661472387977294e-01 2.2e+02 1.59e-02  1e-03  5e-02 467:57.8
 1000  12000 -1.661467360261402e-01 2.2e+02 1.73e-02  1e-03  5e-02 468:23.3
Budget constraint satisfied 4963.0894775390625 5296 Difference:  332.9105224609375
Budget constraint satisfied 4819.617919921875 5296 Difference:  476.382080078125
two_most_probable_states: ['10001000010', '00001000010']
final_expectation_value: -0.16614883135744657
params: [1.8353699300310478, 2.055969162342905, 2.9841240525737067, 2.839279935013534, 3.7065713741237802, -5.471563537182183, 6.2930854677553025, 6.825687177185233, 2.132822472628681, 8.435202282333778, 1.7819733862051743, 0.8577611059079435, 2.6513486035968477, -0.3211044328769845, 2.864381360827196, 1.6482819434563158, 1.2722438507870915, 4.696992842282086, 0.1581269046321103, 1.6683483898259912]
total_steps: 1000
states_probs: [0.004953152372776168, 0.00544586545228129]
optimized_portfolios: [{'JNJ': 17, 'V': 8}, {'JNJ': 16, 'V': 8}]
objective_values: [-6997.618361525502, -5827.0278423067275]
result_with_budget: [{'portfolio': {'JNJ': 17, 'V': 8}, 'budget': 4963.0894775390625, 'difference': 332.9105224609375}, {'portfolio': {'JNJ': 16, 'V': 8}, 'budget': 4819.617919921875, 'difference': 476.382080078125}]
Batch 78/100 completed. Results saved to portfolio_optimization_results_batch_77.json
Job finished at Sat Mar 22 18:09:39 EET 2025
