Running job array 10 on pe65.int.triton.aalto.fi
Starting at Sun Mar 16 11:20:29 EET 2025
Activating virtual environment at /scratch/work/uotilav2/quantum-portfolio/venv
Processing batch 11/40: experiments 115 to 125 (total 11)
Skipping experiment 115 (already processed)
Skipping experiment 116 (already processed)
Skipping experiment 117 (already processed)
Skipping experiment 118 (already processed)
Processing experiment 119
Budget: 754.7287635803223
YF.download() has changed argument auto_adjust default to True
Expected returns: 0.19913913116151316
Covariance matrix: 0.42821945917588033
3rd-order coskewness tensor: 0.38034687138914075
4th-order cokurtosis tensor: 13.905874282834201
Number of qubits for asset JPM: 2
Number of qubits for asset NKE: 4
Number of qubits for asset VZ: 5
Total number of qubits:  11
Optimized Weights (considering variance, skewness and kurtosis):
JPM: 25.59%
NKE: 32.36%
VZ: 42.06%
Left over budget:  15.327575675843946
Optimized Discrete Allocation:
JPM: 1
NKE: 3
VZ: 7
Maximized utility from continuous higher moments:  -1174.6334853481542
Budget constraint satisfied 745.4157218933105 754.7287635803223 Difference:  9.313041687011719
Budget constraint satisfied 754.7287635803223 754.7287635803223 Difference:  0.0
smallest_eigenvalues: [-0.08923352158738192]
smallest_bitstrings: ['01010011000']
first_excited_energy: -0.08919668825403938
optimized_portfolio: [{'JPM': 2, 'NKE': 2, 'VZ': 3}]
second_optimized_portfolio: [{'JPM': 3, 'NKE': 0, 'VZ': 1}]
result_with_budget: [{'portfolio': {'JPM': 2, 'NKE': 2, 'VZ': 3}, 'budget': 745.4157218933105, 'difference': 9.313041687011719, 'objective_value': -112.95151994939562}]
result_with_budget_excited: [{'portfolio': {'JPM': 3, 'NKE': 0, 'VZ': 1}, 'budget': 754.7287635803223, 'difference': 0.0, 'objective_value': -194.26006745226127}]
Initial params:  [2.51063067 1.44978017 2.45210473 0.37157007 2.01037118 0.45035763
 2.96776493 1.63943485 1.3026989  0.83112597 2.43232687 1.43303853
 1.78578792 0.0590299  1.94035914 1.92295543 1.93815531 2.96487203
 2.14200164 1.12942738]
(6_w,12)-aCMA-ES (mu_w=3.7,w_1=40%) in dimension 20 (seed=175919, Sun Mar 16 11:20:51 2025)
Iterat #Fevals   function value  axis ratio  sigma  min&max std  t[m:s]
    1     12 -2.907429048161721e-03 1.0e+00 1.44e+00  1e+00  1e+00 0:41.6
    2     24 -5.201893286402354e-02 1.1e+00 1.35e+00  1e+00  1e+00 1:23.3
    3     36 -5.527403438447200e-02 1.1e+00 1.28e+00  1e+00  1e+00 2:05.3
    4     48 -4.892479787591232e-02 1.1e+00 1.26e+00  1e+00  1e+00 2:46.9
    5     60 -3.324609096263980e-02 1.2e+00 1.25e+00  1e+00  1e+00 3:28.5
    6     72 -3.893918957241528e-02 1.2e+00 1.28e+00  1e+00  1e+00 4:10.3
    7     84 -4.698081415825901e-02 1.2e+00 1.29e+00  1e+00  1e+00 4:52.1
    8     96 -2.660267962235065e-02 1.3e+00 1.38e+00  1e+00  1e+00 5:34.1
    9    108 -1.371647038645297e-02 1.4e+00 1.46e+00  1e+00  2e+00 6:15.8
   10    120 -4.497869461436747e-02 1.4e+00 1.53e+00  1e+00  2e+00 6:57.5
   11    132 -5.618698045495574e-02 1.5e+00 1.56e+00  1e+00  2e+00 7:39.2
   12    144 -2.293072304919837e-02 1.5e+00 1.60e+00  2e+00  2e+00 8:21.0
   13    156 -1.754220745720160e-02 1.6e+00 1.65e+00  2e+00  2e+00 9:02.8
   14    168 -2.129444832625375e-02 1.6e+00 1.68e+00  2e+00  2e+00 9:44.6
   15    180 -2.822924906874229e-02 1.6e+00 1.74e+00  2e+00  2e+00 10:26.3
   16    192 -2.865660465284472e-02 1.6e+00 1.81e+00  2e+00  2e+00 11:08.1
   17    204 -4.500649174483668e-02 1.7e+00 1.85e+00  2e+00  2e+00 11:49.9
   18    216 -2.779520431213631e-02 1.7e+00 1.82e+00  2e+00  2e+00 12:31.7
   19    228 -4.119547520034723e-02 1.7e+00 1.81e+00  2e+00  2e+00 13:13.5
   20    240 -4.385292678061463e-02 1.7e+00 1.80e+00  2e+00  2e+00 13:55.1
   21    252 -1.943501692979317e-02 1.7e+00 1.86e+00  2e+00  2e+00 14:36.8
   22    264 5.944785323836526e-02 1.7e+00 1.86e+00  2e+00  2e+00 15:18.6
   23    276 -3.552813971674133e-02 1.7e+00 1.85e+00  2e+00  2e+00 16:00.5
   24    288 -3.127828548249036e-02 1.7e+00 1.82e+00  2e+00  2e+00 16:42.1
   25    300 -4.161224709665179e-02 1.7e+00 1.74e+00  2e+00  2e+00 17:22.7
   26    312 -1.333617254842475e-02 1.7e+00 1.70e+00  2e+00  2e+00 18:02.6
   27    324 -1.497574377456999e-04 1.7e+00 1.66e+00  2e+00  2e+00 18:42.6
   28    336 3.679106553403971e-03 1.7e+00 1.67e+00  2e+00  2e+00 19:22.7
   29    348 -1.260842744881167e-02 1.8e+00 1.64e+00  1e+00  2e+00 20:02.8
   30    360 -1.140699801828290e-02 1.8e+00 1.72e+00  2e+00  2e+00 20:42.7
   31    372 -1.207378913168627e-02 1.8e+00 1.78e+00  2e+00  2e+00 21:22.7
   32    384 -2.718285512937721e-02 1.9e+00 1.79e+00  2e+00  2e+00 22:02.6
   33    396 -2.510490167201847e-02 1.9e+00 1.80e+00  2e+00  2e+00 22:42.4
   34    408 -1.809536697635984e-02 1.9e+00 1.76e+00  2e+00  2e+00 23:22.3
   35    420 -1.684467064789225e-02 1.9e+00 1.71e+00  2e+00  2e+00 24:02.4
   36    432 -3.204278442606807e-02 1.9e+00 1.68e+00  1e+00  2e+00 24:42.5
   37    444 -2.089459348577639e-02 1.9e+00 1.64e+00  1e+00  2e+00 25:22.4
   38    456 -2.795553658941791e-02 1.9e+00 1.63e+00  1e+00  2e+00 26:02.4
   39    468 -2.099840238950992e-02 1.9e+00 1.66e+00  1e+00  2e+00 26:42.3
   40    480 -2.101175713418355e-02 1.9e+00 1.67e+00  1e+00  2e+00 27:22.3
   41    492 -3.477965999909919e-02 1.9e+00 1.65e+00  1e+00  2e+00 28:02.6
   43    516 1.392607254194206e-03 2.0e+00 1.66e+00  1e+00  2e+00 29:22.4
   45    540 1.162616708480121e-02 2.0e+00 1.66e+00  1e+00  2e+00 30:42.3
   47    564 -1.332421403354975e-02 2.1e+00 1.62e+00  1e+00  2e+00 32:02.4
   49    588 -7.335950393721737e-03 2.0e+00 1.53e+00  1e+00  2e+00 33:22.2
   51    612 -2.435902742349302e-02 2.1e+00 1.46e+00  1e+00  2e+00 34:42.1
   53    636 -3.321416023726233e-02 2.1e+00 1.50e+00  1e+00  2e+00 36:01.7
   55    660 -3.558919501568544e-02 2.0e+00 1.66e+00  2e+00  2e+00 37:21.8
   57    684 -1.451938025241914e-02 2.0e+00 1.75e+00  2e+00  2e+00 38:41.8
   59    708 -3.176801575378334e-02 2.0e+00 1.81e+00  2e+00  2e+00 40:01.5
   61    732 -2.826244151744572e-02 2.0e+00 1.93e+00  2e+00  2e+00 41:21.6
   63    756 1.723306354372916e-03 2.0e+00 1.94e+00  2e+00  2e+00 42:41.4
   65    780 -3.202829265490983e-02 2.1e+00 1.85e+00  2e+00  2e+00 44:01.5
   67    804 2.739881801802483e-02 2.1e+00 1.77e+00  2e+00  2e+00 45:21.4
   69    828 -3.617804780568608e-03 2.1e+00 1.72e+00  2e+00  2e+00 46:41.2
   71    852 -2.612730172424531e-02 2.1e+00 1.73e+00  2e+00  2e+00 48:01.3
   73    876 2.197344623837381e-02 2.2e+00 1.66e+00  1e+00  2e+00 49:20.9
   75    900 5.747368483997361e-03 2.2e+00 1.63e+00  1e+00  2e+00 50:40.7
   77    924 -5.457609031944556e-03 2.3e+00 1.52e+00  1e+00  2e+00 52:00.6
   79    948 1.908292720067237e-02 2.3e+00 1.44e+00  1e+00  2e+00 53:20.4
   81    972 5.989388779398388e-02 2.3e+00 1.40e+00  1e+00  2e+00 54:40.7
   83    996 2.533124220653807e-02 2.4e+00 1.38e+00  1e+00  2e+00 56:00.6
   85   1020 6.874427695341860e-02 2.3e+00 1.44e+00  1e+00  2e+00 57:20.4
   87   1044 -2.625996477128377e-02 2.4e+00 1.48e+00  1e+00  2e+00 58:40.1
   89   1068 4.341870198907429e-02 2.4e+00 1.33e+00  1e+00  2e+00 60:00.0
   91   1092 3.112558924134614e-02 2.4e+00 1.17e+00  1e+00  1e+00 61:19.9
   93   1116 -2.170366045084230e-02 2.4e+00 1.09e+00  9e-01  1e+00 62:39.4
   95   1140 -4.400830667042797e-03 2.4e+00 1.12e+00  1e+00  1e+00 63:59.2
   97   1164 -2.593883577118646e-02 2.4e+00 1.18e+00  1e+00  1e+00 65:18.8
   99   1188 4.744659307581515e-02 2.4e+00 1.19e+00  1e+00  1e+00 66:38.5
  100   1200 -1.839620174599123e-02 2.4e+00 1.21e+00  1e+00  1e+00 67:18.3
  102   1224 1.812191486585067e-02 2.4e+00 1.28e+00  1e+00  2e+00 68:37.9
  104   1248 -2.248569649967152e-02 2.5e+00 1.47e+00  1e+00  2e+00 69:57.8
  106   1272 -5.301256640760944e-04 2.5e+00 1.57e+00  1e+00  2e+00 71:17.5
  108   1296 -1.359697096903689e-02 2.5e+00 1.62e+00  1e+00  2e+00 72:37.2
  110   1320 -1.968468427772373e-02 2.5e+00 1.76e+00  2e+00  2e+00 73:57.1
  112   1344 -4.291721183854127e-03 2.5e+00 1.79e+00  2e+00  2e+00 75:16.6
  114   1368 -2.575274931167246e-02 2.5e+00 1.78e+00  2e+00  2e+00 76:36.4
  116   1392 -6.424894848137096e-03 2.5e+00 1.76e+00  2e+00  2e+00 77:56.2
  118   1416 -1.717019771762710e-02 2.5e+00 1.82e+00  2e+00  2e+00 79:16.2
  120   1440 -2.139591218323505e-02 2.6e+00 2.01e+00  2e+00  2e+00 80:36.3
  123   1476 -1.218222650254116e-02 2.7e+00 2.12e+00  2e+00  3e+00 82:36.1
  126   1512 -7.009274146421695e-03 2.8e+00 2.13e+00  2e+00  3e+00 84:36.0
  129   1548 1.797151280587698e-02 2.9e+00 2.17e+00  2e+00  3e+00 86:35.5
  132   1584 -2.116289338902303e-02 2.8e+00 2.20e+00  2e+00  3e+00 88:35.1
  135   1620 5.399233307780661e-03 2.9e+00 2.24e+00  2e+00  3e+00 90:34.7
  138   1656 -2.815973697314023e-02 2.9e+00 2.28e+00  2e+00  3e+00 92:34.4
  141   1692 3.973504309234165e-02 3.0e+00 2.21e+00  2e+00  3e+00 94:34.2
  144   1728 -3.517651040932759e-02 3.0e+00 2.23e+00  2e+00  3e+00 96:33.9
  147   1764 1.492691137625730e-02 3.1e+00 2.54e+00  2e+00  3e+00 98:33.6
  150   1800 1.506115031456498e-02 3.1e+00 2.82e+00  2e+00  3e+00 100:33.4
  153   1836 -1.003317813207401e-02 3.4e+00 2.88e+00  2e+00  4e+00 102:32.9
  156   1872 2.560836288277028e-03 3.4e+00 2.83e+00  2e+00  4e+00 104:32.5
  159   1908 2.416771323030405e-02 3.5e+00 2.98e+00  3e+00  4e+00 106:32.4
  162   1944 2.070115851958558e-02 3.6e+00 3.03e+00  3e+00  4e+00 108:32.2
  165   1980 -8.665364014059630e-03 3.6e+00 2.98e+00  3e+00  4e+00 110:32.1
  168   2016 1.348845056397285e-02 3.6e+00 2.75e+00  2e+00  4e+00 112:31.8
  171   2052 9.980693875544490e-03 3.6e+00 2.55e+00  2e+00  3e+00 114:31.4
  174   2088 1.217997200694875e-02 3.7e+00 2.52e+00  2e+00  3e+00 116:31.0
  177   2124 2.954261294243971e-02 3.7e+00 2.28e+00  2e+00  3e+00 118:30.7
  180   2160 -3.286754928959355e-02 3.8e+00 1.97e+00  2e+00  3e+00 120:30.5
  183   2196 -1.792292590471559e-02 3.9e+00 1.86e+00  2e+00  2e+00 122:30.7
  186   2232 6.484891604369214e-03 3.9e+00 1.78e+00  2e+00  2e+00 124:30.9
  189   2268 8.388931592756131e-03 4.1e+00 1.74e+00  1e+00  2e+00 126:31.0
  192   2304 4.904652020714392e-02 4.2e+00 1.62e+00  1e+00  2e+00 128:30.5
  195   2340 -4.294065042497191e-03 4.3e+00 1.61e+00  1e+00  2e+00 130:30.2
  198   2376 -1.333130691008960e-02 4.3e+00 1.56e+00  1e+00  2e+00 132:30.4
  200   2400 7.220134764613892e-02 4.3e+00 1.69e+00  1e+00  2e+00 133:50.4
  203   2436 4.188200464957584e-02 4.3e+00 1.63e+00  1e+00  2e+00 135:50.1
  206   2472 1.983102089766061e-02 4.4e+00 1.81e+00  2e+00  2e+00 137:49.9
  209   2508 9.730677513604409e-03 4.4e+00 2.01e+00  2e+00  3e+00 139:49.7
  212   2544 -4.101748735730758e-02 4.4e+00 1.90e+00  2e+00  3e+00 141:49.2
  215   2580 4.678922129650216e-03 4.5e+00 1.84e+00  2e+00  2e+00 143:49.0
  218   2616 -1.456835457077996e-02 4.5e+00 1.79e+00  1e+00  2e+00 145:48.7
  221   2652 6.895356692306068e-02 4.7e+00 1.66e+00  1e+00  2e+00 147:48.4
  224   2688 3.789148935243936e-02 4.8e+00 1.63e+00  1e+00  2e+00 149:48.1
  227   2724 7.069056000528062e-02 4.8e+00 1.51e+00  1e+00  2e+00 151:47.7
  230   2760 1.187195373154736e-02 4.8e+00 1.42e+00  1e+00  2e+00 153:47.5
  233   2796 5.332798425455774e-03 4.9e+00 1.32e+00  1e+00  2e+00 155:47.3
  236   2832 4.097348966737002e-02 4.9e+00 1.31e+00  1e+00  2e+00 157:47.1
  240   2880 6.838080534314285e-02 4.9e+00 1.25e+00  1e+00  2e+00 160:26.7
  244   2928 9.403478784579955e-03 4.9e+00 1.12e+00  9e-01  1e+00 163:06.4
  248   2976 8.114413335358337e-03 5.0e+00 1.18e+00  1e+00  1e+00 165:45.8
  252   3024 2.408534007213844e-02 5.1e+00 1.15e+00  9e-01  1e+00 168:25.2
  256   3072 2.181189700158427e-02 5.0e+00 1.17e+00  1e+00  1e+00 171:04.6
  260   3120 1.361277630301780e-02 4.9e+00 1.04e+00  8e-01  1e+00 173:44.3
  264   3168 -1.128190644040963e-02 4.8e+00 1.00e+00  8e-01  1e+00 176:24.1
  268   3216 4.066614104006495e-02 4.9e+00 9.48e-01  8e-01  1e+00 179:04.0
  272   3264 6.069000358570635e-02 4.8e+00 8.71e-01  7e-01  1e+00 181:43.6
  276   3312 3.049988469585924e-03 4.6e+00 9.53e-01  7e-01  1e+00 184:22.9
  280   3360 3.889258856615981e-02 4.8e+00 9.96e-01  8e-01  1e+00 187:02.4
  284   3408 4.359057641639592e-02 4.7e+00 9.26e-01  7e-01  1e+00 189:42.3
  288   3456 8.183515145995059e-02 4.7e+00 8.48e-01  6e-01  1e+00 192:21.8
  292   3504 5.293633741449098e-02 4.8e+00 7.83e-01  6e-01  9e-01 195:01.0
  296   3552 4.294670673758209e-02 4.7e+00 7.20e-01  5e-01  8e-01 197:40.5
  300   3600 5.971272228048425e-02 4.7e+00 6.22e-01  5e-01  7e-01 200:20.3
  304   3648 3.940148935229474e-02 4.5e+00 5.87e-01  5e-01  7e-01 203:00.0
  308   3696 3.099471250262222e-02 4.6e+00 5.72e-01  4e-01  7e-01 205:39.5
  312   3744 2.277969422607905e-02 4.7e+00 5.38e-01  4e-01  6e-01 208:19.0
  316   3792 2.099881830845921e-02 4.6e+00 5.76e-01  4e-01  7e-01 210:58.3
  320   3840 1.413066370784595e-02 4.7e+00 5.60e-01  4e-01  7e-01 213:38.1
  324   3888 -1.496702042092534e-02 4.6e+00 5.59e-01  4e-01  7e-01 216:18.1
  328   3936 1.780289619179954e-02 4.9e+00 5.62e-01  4e-01  7e-01 218:57.6
  332   3984 3.579091824801008e-02 4.9e+00 5.84e-01  4e-01  7e-01 221:37.4
  336   4032 3.125312627544567e-02 5.0e+00 6.87e-01  5e-01  8e-01 224:17.1
  340   4080 4.689017134180638e-02 5.1e+00 7.19e-01  5e-01  9e-01 226:56.8
  344   4128 5.916498501785596e-02 5.1e+00 7.43e-01  5e-01  9e-01 229:36.9
  348   4176 -1.456741971165160e-04 5.1e+00 7.75e-01  6e-01  1e+00 232:17.0
  352   4224 -3.041116199398235e-04 5.1e+00 8.34e-01  6e-01  1e+00 234:56.6
  356   4272 1.320028013274151e-02 5.2e+00 7.35e-01  5e-01  1e+00 237:36.6
  360   4320 5.673837910216146e-02 5.3e+00 6.71e-01  5e-01  9e-01 240:16.5
  364   4368 6.235213234694415e-03 5.5e+00 5.96e-01  4e-01  8e-01 242:56.7
  368   4416 -5.756917157085862e-03 5.5e+00 5.95e-01  4e-01  8e-01 245:36.7
  372   4464 5.717137685450046e-02 5.5e+00 7.26e-01  5e-01  1e+00 248:16.6
  376   4512 1.067956522933709e-02 5.7e+00 7.88e-01  6e-01  1e+00 250:56.8
  380   4560 6.947553466338051e-03 5.9e+00 8.76e-01  6e-01  1e+00 253:36.7
  384   4608 3.969915736342157e-02 6.0e+00 8.51e-01  6e-01  1e+00 256:16.6
  388   4656 1.534617990577040e-02 6.1e+00 8.02e-01  5e-01  1e+00 258:56.3
  392   4704 -2.795705618847378e-02 6.2e+00 7.55e-01  5e-01  1e+00 261:35.9
  396   4752 4.408616910800500e-02 6.3e+00 7.80e-01  5e-01  1e+00 264:15.2
  400   4800 1.331444632079512e-02 6.4e+00 8.00e-01  6e-01  1e+00 266:55.0
  405   4860 4.083230615327466e-02 6.5e+00 8.46e-01  6e-01  1e+00 270:14.6
  410   4920 4.731823057576178e-02 6.6e+00 9.12e-01  6e-01  1e+00 273:34.2
  415   4980 -1.245378224677219e-04 6.9e+00 9.40e-01  7e-01  1e+00 276:53.3
  420   5040 2.235930448429289e-02 7.3e+00 9.86e-01  7e-01  1e+00 280:13.0
  425   5100 4.012918114042901e-02 7.4e+00 9.81e-01  7e-01  1e+00 283:32.5
  430   5160 6.275901550970053e-02 7.4e+00 1.04e+00  7e-01  1e+00 286:52.2
  435   5220 6.285580761339701e-02 7.4e+00 9.99e-01  7e-01  1e+00 290:11.2
  440   5280 -2.415528693534896e-02 7.4e+00 9.71e-01  7e-01  1e+00 293:30.6
  445   5340 -6.172263953000977e-03 7.6e+00 9.19e-01  6e-01  1e+00 296:50.2
  450   5400 -1.157401702623131e-02 7.5e+00 8.02e-01  5e-01  1e+00 300:10.3
  455   5460 3.275753270706318e-02 7.3e+00 7.31e-01  5e-01  9e-01 303:29.6
  460   5520 -1.373575656623926e-02 7.4e+00 7.16e-01  5e-01  9e-01 306:49.2
  465   5580 2.645007504415672e-02 7.9e+00 9.34e-01  6e-01  1e+00 310:09.1
  470   5640 2.001906752155287e-03 8.1e+00 9.86e-01  7e-01  1e+00 313:29.5
  475   5700 1.967326765988823e-02 8.1e+00 8.15e-01  5e-01  1e+00 316:48.9
  480   5760 1.302303177385531e-02 7.9e+00 7.67e-01  5e-01  9e-01 320:08.4
  485   5820 1.287837669079213e-03 7.9e+00 6.60e-01  4e-01  8e-01 323:28.7
  490   5880 -1.523207362596243e-02 7.8e+00 5.42e-01  4e-01  6e-01 326:48.5
  495   5940 1.181662426863542e-02 7.6e+00 5.36e-01  4e-01  6e-01 330:08.3
  500   6000 1.244978902226962e-02 7.7e+00 5.89e-01  4e-01  7e-01 333:27.7
  505   6060 -1.341788056747659e-02 7.7e+00 5.38e-01  4e-01  6e-01 336:47.7
  510   6120 -1.041829002352662e-02 7.7e+00 5.81e-01  4e-01  7e-01 340:07.6
  515   6180 -3.536292532570337e-02 7.7e+00 6.15e-01  4e-01  7e-01 343:26.9
  520   6240 -2.166077424207890e-02 7.8e+00 6.45e-01  4e-01  7e-01 346:46.4
  525   6300 -6.559989120497597e-03 7.9e+00 5.81e-01  4e-01  6e-01 350:06.3
  530   6360 -7.471237849884698e-03 7.9e+00 5.88e-01  4e-01  7e-01 353:26.1
  535   6420 -3.822459527754413e-03 8.0e+00 6.56e-01  4e-01  7e-01 356:45.7
  540   6480 -1.987596301437339e-02 7.8e+00 5.68e-01  4e-01  6e-01 360:06.3
  545   6540 -5.250770738348091e-04 8.1e+00 5.31e-01  4e-01  6e-01 363:27.1
  550   6600 -1.405210171869094e-02 8.1e+00 5.09e-01  3e-01  6e-01 366:48.1
  555   6660 -1.834344616692569e-02 8.0e+00 4.63e-01  3e-01  5e-01 370:08.7
  560   6720 -3.265243618636423e-02 8.1e+00 4.20e-01  3e-01  4e-01 373:29.7
  565   6780 -1.307828005197412e-02 8.3e+00 4.12e-01  3e-01  4e-01 376:50.8
  570   6840 -1.908726206279251e-02 8.2e+00 4.12e-01  3e-01  4e-01 380:11.9
  575   6900 -3.983594039841118e-03 7.9e+00 4.45e-01  3e-01  5e-01 383:32.4
  580   6960 -3.699045069257514e-02 7.7e+00 4.57e-01  3e-01  5e-01 386:53.7
  585   7020 -3.282735817250360e-02 8.0e+00 3.48e-01  2e-01  4e-01 390:15.1
  590   7080 -3.627534347465022e-02 7.9e+00 3.04e-01  2e-01  3e-01 393:36.2
  595   7140 -2.442590643177002e-02 7.7e+00 2.45e-01  1e-01  2e-01 396:57.1
  600   7200 -4.343155146873760e-02 7.7e+00 2.09e-01  1e-01  2e-01 400:18.3
  605   7260 -4.445913259214521e-02 7.8e+00 1.80e-01  1e-01  2e-01 403:39.4
  611   7332 -4.996264047294963e-02 7.7e+00 1.58e-01  9e-02  2e-01 407:40.4
  617   7404 -4.443768557941122e-02 7.5e+00 1.38e-01  8e-02  1e-01 411:41.2
  623   7476 -5.051998336695088e-02 7.5e+00 1.16e-01  6e-02  1e-01 415:41.4
  629   7548 -4.986421729522831e-02 7.5e+00 9.73e-02  5e-02  1e-01 419:41.2
  635   7620 -5.702673006902716e-02 7.3e+00 7.87e-02  4e-02  8e-02 423:40.4
  641   7692 -5.478032375923896e-02 7.4e+00 7.54e-02  4e-02  7e-02 427:39.8
  647   7764 -5.993223765575711e-02 7.6e+00 6.69e-02  3e-02  7e-02 431:39.4
  653   7836 -6.110265034520305e-02 7.6e+00 5.91e-02  3e-02  6e-02 435:38.9
  659   7908 -6.278346805427239e-02 7.6e+00 5.68e-02  3e-02  6e-02 439:38.4
  665   7980 -6.294961463494608e-02 7.5e+00 4.75e-02  2e-02  5e-02 443:38.0
  671   8052 -6.395154625479418e-02 7.4e+00 4.01e-02  2e-02  4e-02 447:37.6
  677   8124 -6.469562062988693e-02 7.5e+00 3.82e-02  2e-02  4e-02 451:36.8
  683   8196 -6.574261047371328e-02 7.6e+00 3.55e-02  2e-02  3e-02 455:36.4
  689   8268 -6.622074864685490e-02 7.5e+00 4.46e-02  2e-02  4e-02 459:35.9
  695   8340 -6.658724795970913e-02 7.6e+00 3.85e-02  2e-02  4e-02 463:35.2
  700   8400 -6.704991777115984e-02 7.9e+00 4.01e-02  2e-02  4e-02 466:54.9
  706   8472 -6.705745908580793e-02 8.4e+00 3.79e-02  2e-02  4e-02 470:54.5
  712   8544 -6.743699834518987e-02 8.4e+00 3.22e-02  1e-02  3e-02 474:53.9
  718   8616 -6.798172894897379e-02 8.5e+00 3.18e-02  1e-02  3e-02 478:53.2
  724   8688 -6.850413338915366e-02 8.6e+00 3.90e-02  2e-02  4e-02 482:52.5
  730   8760 -6.877895482833682e-02 8.8e+00 3.93e-02  2e-02  4e-02 486:52.0
  736   8832 -6.901738185152170e-02 9.4e+00 3.63e-02  1e-02  4e-02 490:51.1
  742   8904 -6.967379710851138e-02 1.0e+01 3.86e-02  2e-02  4e-02 494:50.3
  748   8976 -7.040273090205032e-02 1.2e+01 4.66e-02  2e-02  6e-02 498:50.0
  754   9048 -7.081782186860815e-02 1.3e+01 5.02e-02  2e-02  7e-02 502:49.9
  760   9120 -7.161723384365176e-02 1.4e+01 4.64e-02  2e-02  7e-02 506:49.9
  766   9192 -7.193621249524834e-02 1.6e+01 4.10e-02  1e-02  6e-02 510:49.9
  772   9264 -7.209248930396539e-02 1.6e+01 3.67e-02  1e-02  6e-02 514:50.1
  778   9336 -7.217938076828526e-02 1.7e+01 4.02e-02  1e-02  6e-02 518:51.1
  784   9408 -7.221445370627133e-02 1.7e+01 3.63e-02  1e-02  6e-02 522:51.2
  790   9480 -7.227028292159626e-02 1.7e+01 3.47e-02  1e-02  6e-02 526:52.5
  796   9552 -7.234384330809547e-02 1.7e+01 3.10e-02  9e-03  5e-02 530:52.9
  800   9600 -7.241811642267679e-02 1.7e+01 2.83e-02  8e-03  4e-02 533:32.9
  806   9672 -7.253603405066297e-02 1.7e+01 2.16e-02  6e-03  3e-02 537:33.5
  812   9744 -7.264094892025542e-02 1.7e+01 2.16e-02  6e-03  3e-02 541:33.7
  818   9816 -7.268942293251256e-02 1.9e+01 2.21e-02  6e-03  3e-02 545:33.6
  824   9888 -7.280308363297290e-02 2.0e+01 2.23e-02  6e-03  4e-02 549:33.8
  830   9960 -7.285758708933895e-02 2.0e+01 2.10e-02  5e-03  3e-02 553:34.2
  836  10032 -7.290398500384582e-02 2.1e+01 2.01e-02  5e-03  3e-02 557:34.3
  843  10116 -7.302887845676131e-02 2.2e+01 2.32e-02  6e-03  4e-02 562:14.1
  850  10200 -7.313045309224001e-02 2.2e+01 2.54e-02  6e-03  4e-02 566:55.6
  857  10284 -7.330030886720020e-02 2.3e+01 2.67e-02  6e-03  4e-02 571:36.7
  864  10368 -7.349987585576186e-02 2.5e+01 3.57e-02  8e-03  6e-02 576:16.6
  871  10452 -7.370040049835706e-02 2.6e+01 4.47e-02  9e-03  8e-02 580:58.3
  878  10536 -7.408257697896134e-02 2.9e+01 5.33e-02  1e-02  1e-01 585:37.6
  885  10620 -7.401481133921924e-02 3.4e+01 6.09e-02  1e-02  1e-01 590:17.8
  892  10704 -7.420899378928730e-02 3.4e+01 5.30e-02  1e-02  1e-01 594:59.1
  899  10788 -7.431244891256455e-02 3.6e+01 4.84e-02  9e-03  1e-01 599:39.4
  900  10800 -7.430392609562454e-02 3.6e+01 4.82e-02  8e-03  1e-01 600:19.3
  907  10884 -7.429955702350199e-02 3.7e+01 5.15e-02  8e-03  1e-01 604:59.4
  914  10968 -7.456489527392914e-02 3.8e+01 5.47e-02  9e-03  1e-01 609:40.0
  921  11052 -7.474432838193157e-02 3.9e+01 6.81e-02  1e-02  1e-01 614:20.2
  928  11136 -7.499479486484049e-02 3.9e+01 8.31e-02  1e-02  2e-01 619:00.5
  935  11220 -7.515550013906375e-02 4.0e+01 8.03e-02  1e-02  2e-01 623:41.4
  942  11304 -7.531070561495699e-02 4.2e+01 1.02e-01  2e-02  2e-01 628:22.8
  949  11388 -7.514781576364325e-02 4.3e+01 1.22e-01  2e-02  3e-01 633:03.6
  956  11472 -7.565190583685436e-02 4.3e+01 8.40e-02  1e-02  2e-01 637:47.1
  963  11556 -7.590671785331152e-02 4.1e+01 7.14e-02  1e-02  1e-01 642:29.4
  970  11640 -7.623503965209233e-02 4.1e+01 7.41e-02  1e-02  1e-01 647:10.5
  977  11724 -7.629760810488384e-02 4.3e+01 7.23e-02  1e-02  1e-01 651:50.9
  984  11808 -7.641173342953722e-02 4.4e+01 5.73e-02  8e-03  1e-01 656:35.3
  991  11892 -7.651959485148581e-02 4.5e+01 5.28e-02  7e-03  1e-01 661:15.7
  998  11976 -7.652904374810139e-02 4.4e+01 5.26e-02  7e-03  1e-01 665:56.0
 1000  12000 -7.650720313590230e-02 4.4e+01 4.80e-02  6e-03  9e-02 667:16.5
Budget constraint satisfied 578.9277992248535 754.7287635803223 Difference:  175.80096435546875
Budget constraint satisfied 542.9325866699219 754.7287635803223 Difference:  211.7961769104004
two_most_probable_states: ['10001010000', '10110001000']
final_expectation_value: -0.07653538774153208
params: [-8.986944378941578, 5.213161762622643, 4.279030672025862, -1.2943407462088885, 0.9010294059027171, 7.887640832658751, 1.9806705881197142, -5.566229203650141, -12.40533469971581, 12.551925150251249, -4.789043540212157, -23.54377210534502, 13.925761549092675, 3.6323798828190945, -10.309969284655045, 7.641650442024939, -0.29743223737725105, -1.3538238619584602, -7.663358626278938, 1.6078311054064127]
total_steps: 1000
states_probs: [0.0051428531844640284, 0.0052569504860117515]
optimized_portfolios: [{'JPM': 1, 'NKE': 4, 'VZ': 1}, {'JPM': 1, 'NKE': 3, 'VZ': 2}]
objective_values: [-491.77696310384613, -132.18462048683705]
result_with_budget: [{'portfolio': {'JPM': 1, 'NKE': 4, 'VZ': 1}, 'budget': 578.9277992248535, 'difference': 175.80096435546875}, {'portfolio': {'JPM': 1, 'NKE': 3, 'VZ': 2}, 'budget': 542.9325866699219, 'difference': 211.7961769104004}]
Skipping experiment 120 (already processed)
Skipping experiment 121 (already processed)
Skipping experiment 122 (already processed)
Skipping experiment 123 (already processed)
Skipping experiment 124 (already processed)
Skipping experiment 125 (already processed)
Batch 11/40 completed. Results saved to portfolio_optimization_results_batch_10.json
Job finished at Sun Mar 16 22:28:52 EET 2025
