Running job array 34 on milan32.int.triton.aalto.fi
Starting at Sat Mar 22 10:19:09 EET 2025
Activating virtual environment at /scratch/work/uotilav2/quantum-portfolio/venv
Processing batch 35/100: experiments 34 to 34 (total 1)
Processing experiment 34
Budget: 5404
YF.download() has changed argument auto_adjust default to True
Number of qubits for asset HD: 4
Number of qubits for asset TRV: 5
Total number of qubits:  9
Optimized Weights (considering variance, skewness and kurtosis):
HD: 100.00%
TRV: 0.00%
Left over budget:  139.11067391821234
Optimized Discrete Allocation:
HD: 13
TRV: 1
Maximized utility from continuous higher moments:  -2759.997375706789
Budget constraint not satisfied 5411.517822265625 5404 Difference:  -7.517822265625
Budget constraint satisfied 5398.100830078125 5404 Difference:  5.899169921875
smallest_eigenvalues: [-0.40873683127758487]
smallest_bitstrings: ['011100000']
first_excited_energy: -0.40873262218167683
optimized_portfolio: [{'HD': 14, 'TRV': 0}]
second_optimized_portfolio: [{'HD': 9, 'TRV': 8}]
result_with_budget: [{'portfolio': {'HD': 14, 'TRV': 0}, 'budget': 5411.517822265625, 'difference': -7.517822265625, 'objective_value': -2902.332849464112}]
result_with_budget_excited: [{'portfolio': {'HD': 9, 'TRV': 8}, 'budget': 5398.100830078125, 'difference': 5.899169921875, 'objective_value': -5669.3268331267645}]
Initial params:  [1.48788356 2.51613533 1.63512823 2.13276294 2.26393425 1.8284691
 1.68820779 2.38326127 0.33271856 1.4878596  0.58538032 2.31509673
 0.680313   0.42480042 1.01831901 0.47021746 0.69844324 1.21419094]
(6_w,12)-aCMA-ES (mu_w=3.7,w_1=40%) in dimension 18 (seed=730023, Sat Mar 22 10:19:26 2025)
Iterat #Fevals   function value  axis ratio  sigma  min&max std  t[m:s]
    1     12 -1.605945063537560e-01 1.0e+00 9.58e-02  9e-02  1e-01 0:10.0
    2     24 -2.171029913954036e-01 1.1e+00 9.76e-02  1e-01  1e-01 0:19.8
    3     36 -2.658794757259430e-01 1.2e+00 9.99e-02  1e-01  1e-01 0:29.7
    4     48 -3.025005397981168e-01 1.2e+00 1.03e-01  1e-01  1e-01 0:39.5
    5     60 -2.956938743535816e-01 1.3e+00 1.06e-01  1e-01  1e-01 0:49.4
    6     72 -3.349244089627966e-01 1.3e+00 1.08e-01  1e-01  1e-01 0:59.2
    7     84 -3.253154507424269e-01 1.4e+00 1.06e-01  1e-01  1e-01 1:09.1
    8     96 -3.434261262566945e-01 1.4e+00 1.09e-01  1e-01  1e-01 1:18.9
    9    108 -3.428792723569273e-01 1.4e+00 1.14e-01  1e-01  1e-01 1:28.8
   10    120 -3.476637496114273e-01 1.5e+00 1.19e-01  1e-01  1e-01 1:38.6
   12    144 -3.564157855950688e-01 1.6e+00 1.33e-01  1e-01  2e-01 1:58.5
   14    168 -3.484827529113623e-01 1.7e+00 1.41e-01  1e-01  2e-01 2:18.2
   16    192 -3.683923714842047e-01 1.8e+00 1.49e-01  1e-01  2e-01 2:37.8
   18    216 -3.737636075456625e-01 1.9e+00 1.43e-01  1e-01  2e-01 2:57.6
   20    240 -3.667591428558684e-01 1.9e+00 1.43e-01  1e-01  2e-01 3:17.3
   22    264 -3.634509953654880e-01 2.0e+00 1.35e-01  1e-01  2e-01 3:37.0
   24    288 -3.684023207160395e-01 1.9e+00 1.24e-01  1e-01  1e-01 3:56.8
   26    312 -3.702443496850341e-01 2.0e+00 1.08e-01  1e-01  1e-01 4:16.5
   28    336 -3.716078606855082e-01 2.0e+00 1.00e-01  9e-02  1e-01 4:36.2
   30    360 -3.705475183139397e-01 2.0e+00 9.75e-02  9e-02  1e-01 4:55.9
   33    396 -3.709543189484671e-01 2.1e+00 9.94e-02  9e-02  1e-01 5:25.5
   36    432 -3.758134303448390e-01 2.2e+00 9.52e-02  8e-02  1e-01 5:55.1
   39    468 -3.762550426597511e-01 2.3e+00 1.03e-01  9e-02  1e-01 6:24.6
   42    504 -3.769739579097904e-01 2.3e+00 9.82e-02  8e-02  1e-01 6:54.2
   45    540 -3.728033375058321e-01 2.4e+00 9.06e-02  8e-02  1e-01 7:23.9
   48    576 -3.736898328953681e-01 2.5e+00 8.09e-02  7e-02  1e-01 7:53.5
   51    612 -3.734885339027337e-01 2.7e+00 7.94e-02  6e-02  1e-01 8:23.2
   54    648 -3.765555500947881e-01 2.9e+00 7.26e-02  6e-02  9e-02 8:52.8
   57    684 -3.769116700787083e-01 2.9e+00 7.04e-02  6e-02  9e-02 9:22.4
   60    720 -3.755938230906834e-01 3.0e+00 6.60e-02  5e-02  8e-02 9:52.0
   64    768 -3.758786533207609e-01 3.1e+00 6.58e-02  5e-02  8e-02 10:31.3
   68    816 -3.782213026513025e-01 3.4e+00 7.06e-02  5e-02  9e-02 11:10.7
   72    864 -3.748691275780376e-01 3.6e+00 7.92e-02  6e-02  1e-01 11:50.0
   76    912 -3.769804998318594e-01 3.7e+00 8.29e-02  6e-02  1e-01 12:29.5
   80    960 -3.757641647194835e-01 4.0e+00 8.70e-02  7e-02  1e-01 13:08.9
   84   1008 -3.787403742993145e-01 4.2e+00 8.27e-02  6e-02  1e-01 13:48.2
   88   1056 -3.820754943475766e-01 4.5e+00 9.22e-02  7e-02  1e-01 14:27.7
   92   1104 -3.802607609798233e-01 4.9e+00 8.56e-02  6e-02  1e-01 15:07.1
   96   1152 -3.803447821023028e-01 5.1e+00 8.27e-02  6e-02  1e-01 15:46.6
  100   1200 -3.818750150536426e-01 5.4e+00 8.28e-02  6e-02  1e-01 16:25.8
  105   1260 -3.814321797384552e-01 5.7e+00 6.75e-02  5e-02  8e-02 17:14.9
  110   1320 -3.828922606146618e-01 6.0e+00 6.42e-02  4e-02  8e-02 18:04.2
  115   1380 -3.825522396939242e-01 6.3e+00 5.87e-02  4e-02  7e-02 18:53.4
  120   1440 -3.837060267937226e-01 7.0e+00 5.26e-02  3e-02  6e-02 19:42.6
  125   1500 -3.842290162861907e-01 7.8e+00 4.86e-02  3e-02  6e-02 20:30.7
  130   1560 -3.835948989802850e-01 8.3e+00 4.58e-02  3e-02  6e-02 21:19.3
  135   1620 -3.839228191843645e-01 9.0e+00 4.10e-02  2e-02  5e-02 22:07.3
  140   1680 -3.846733699786745e-01 9.4e+00 4.28e-02  3e-02  5e-02 22:55.5
  145   1740 -3.847980231748328e-01 9.5e+00 3.95e-02  2e-02  5e-02 23:43.8
  151   1812 -3.849704817758091e-01 1.0e+01 4.08e-02  2e-02  5e-02 24:41.8
  157   1884 -3.852307198039268e-01 1.2e+01 4.84e-02  3e-02  7e-02 25:39.7
  163   1956 -3.858805422833644e-01 1.3e+01 5.30e-02  3e-02  8e-02 26:37.6
  169   2028 -3.855100538870834e-01 1.4e+01 6.27e-02  3e-02  1e-01 27:35.7
  175   2100 -3.859272765081266e-01 1.5e+01 5.68e-02  3e-02  9e-02 28:33.7
  181   2172 -3.862893752004044e-01 1.7e+01 4.63e-02  2e-02  7e-02 29:31.7
  187   2244 -3.868538544514257e-01 1.7e+01 4.19e-02  2e-02  7e-02 30:29.5
  193   2316 -3.872472475726182e-01 1.9e+01 4.91e-02  2e-02  8e-02 31:27.5
  199   2388 -3.875016799478186e-01 2.1e+01 5.04e-02  2e-02  8e-02 32:25.5
  200   2400 -3.873485650544696e-01 2.1e+01 5.11e-02  2e-02  8e-02 32:35.1
  207   2484 -3.885915544683162e-01 2.4e+01 6.69e-02  3e-02  1e-01 33:42.8
  214   2568 -3.882218475810491e-01 3.0e+01 9.92e-02  4e-02  2e-01 34:50.4
  221   2652 -3.892564708380848e-01 3.6e+01 1.29e-01  5e-02  3e-01 35:58.1
  228   2736 -3.902250418300486e-01 3.9e+01 1.32e-01  5e-02  3e-01 37:05.7
  235   2820 -3.903828059415111e-01 3.9e+01 1.04e-01  4e-02  2e-01 38:13.0
  242   2904 -3.910738489074215e-01 3.9e+01 7.81e-02  3e-02  2e-01 39:20.4
  249   2988 -3.910352955017503e-01 4.3e+01 7.50e-02  3e-02  2e-01 40:27.8
  256   3072 -3.916661401606084e-01 4.3e+01 6.04e-02  2e-02  2e-01 41:35.2
  263   3156 -3.922274725220944e-01 4.3e+01 4.66e-02  2e-02  1e-01 42:42.7
  271   3252 -3.924494392889226e-01 4.4e+01 4.54e-02  1e-02  1e-01 43:59.8
  279   3348 -3.925828247465174e-01 4.4e+01 4.83e-02  1e-02  1e-01 45:16.8
  287   3444 -3.929044696203908e-01 4.5e+01 4.40e-02  1e-02  1e-01 46:33.7
  295   3540 -3.929049884406572e-01 4.7e+01 5.92e-02  2e-02  1e-01 47:47.4
  300   3600 -3.930922539499275e-01 4.9e+01 4.93e-02  1e-02  1e-01 48:35.5
  308   3696 -3.933402034827821e-01 4.9e+01 4.05e-02  1e-02  9e-02 49:52.5
  316   3792 -3.934187201650195e-01 5.0e+01 3.11e-02  8e-03  7e-02 51:09.5
  324   3888 -3.937309659863386e-01 5.4e+01 3.47e-02  9e-03  8e-02 52:26.7
  332   3984 -3.938509515484516e-01 6.1e+01 3.51e-02  9e-03  8e-02 53:43.7
  341   4092 -3.940874560761283e-01 6.8e+01 3.83e-02  9e-03  1e-01 55:10.2
  350   4200 -3.943257435924622e-01 7.4e+01 4.08e-02  1e-02  1e-01 56:36.9
  359   4308 -3.945753241544597e-01 7.7e+01 4.62e-02  1e-02  1e-01 58:03.5
  368   4416 -3.949702779451459e-01 8.1e+01 6.16e-02  1e-02  2e-01 59:30.1
  377   4524 -3.953155042090540e-01 8.5e+01 5.62e-02  1e-02  2e-01 60:56.7
  386   4632 -3.957521485929301e-01 9.3e+01 4.84e-02  8e-03  2e-01 62:23.3
  395   4740 -3.958724686569285e-01 1.1e+02 5.60e-02  1e-02  2e-01 63:50.0
  400   4800 -3.960004407542738e-01 1.1e+02 5.91e-02  1e-02  2e-01 64:38.9
  409   4908 -3.960414123780069e-01 1.1e+02 4.37e-02  7e-03  1e-01 66:06.4
  418   5016 -3.961125097188674e-01 1.1e+02 4.29e-02  6e-03  1e-01 67:33.7
  427   5124 -3.961571750102630e-01 1.1e+02 3.95e-02  5e-03  1e-01 69:01.4
  437   5244 -3.962333150402261e-01 1.1e+02 3.26e-02  4e-03  1e-01 70:38.6
  447   5364 -3.963152563934376e-01 1.1e+02 3.49e-02  4e-03  1e-01 72:16.0
  457   5484 -3.964112138608654e-01 1.2e+02 3.83e-02  4e-03  1e-01 73:53.7
  467   5604 -3.965599500752843e-01 1.2e+02 5.02e-02  5e-03  2e-01 75:30.9
  477   5724 -3.967291281848521e-01 1.3e+02 5.70e-02  6e-03  2e-01 77:07.8
  487   5844 -3.968288001815464e-01 1.4e+02 4.86e-02  5e-03  2e-01 78:44.9
  497   5964 -3.969876675324984e-01 1.4e+02 4.95e-02  4e-03  2e-01 80:21.9
  500   6000 -3.969970384914964e-01 1.5e+02 5.49e-02  5e-03  3e-01 80:50.9
  510   6120 -3.970545628140034e-01 1.5e+02 4.61e-02  4e-03  2e-01 82:28.0
  521   6252 -3.971766472253318e-01 1.7e+02 4.59e-02  4e-03  2e-01 84:14.5
  532   6384 -3.971994279342082e-01 1.7e+02 4.84e-02  4e-03  2e-01 86:00.8
  543   6516 -3.972526844526565e-01 1.7e+02 4.69e-02  3e-03  2e-01 87:47.6
  554   6648 -3.973117006136154e-01 1.7e+02 5.55e-02  3e-03  2e-01 89:34.4
  565   6780 -3.973829640058011e-01 1.8e+02 4.82e-02  3e-03  2e-01 91:21.2
  576   6912 -3.974583151338885e-01 1.8e+02 3.68e-02  2e-03  2e-01 93:07.7
  587   7044 -3.975719089810456e-01 1.9e+02 4.15e-02  2e-03  2e-01 94:53.4
  598   7176 -3.978140133019423e-01 1.9e+02 8.53e-02  4e-03  4e-01 96:39.5
  600   7200 -3.979180476265535e-01 1.9e+02 9.70e-02  5e-03  4e-01 96:58.7
  611   7332 -3.983046895242570e-01 1.9e+02 1.15e-01  5e-03  5e-01 98:45.1
  623   7476 -3.985041451250743e-01 1.8e+02 8.02e-02  4e-03  3e-01 100:40.7
  635   7620 -3.988624087518617e-01 1.8e+02 8.56e-02  4e-03  3e-01 102:36.5
  647   7764 -3.991591624752899e-01 1.9e+02 9.14e-02  4e-03  3e-01 104:32.1
  659   7908 -3.993963781536625e-01 1.8e+02 7.17e-02  3e-03  3e-01 106:27.9
  671   8052 -3.995262624334945e-01 2.0e+02 6.08e-02  3e-03  2e-01 108:24.1
  683   8196 -3.996753740047412e-01 2.1e+02 7.55e-02  3e-03  3e-01 110:20.2
  695   8340 -3.997965600850106e-01 2.1e+02 4.49e-02  2e-03  2e-01 112:16.4
  700   8400 -3.998261814058700e-01 2.2e+02 3.88e-02  2e-03  1e-01 113:04.6
  712   8544 -3.999032324328115e-01 2.4e+02 5.45e-02  2e-03  2e-01 115:00.4
  725   8700 -4.000483359823901e-01 2.4e+02 6.96e-02  3e-03  2e-01 117:05.8
  738   8856 -4.001700534889484e-01 2.6e+02 6.99e-02  3e-03  2e-01 119:11.3
  751   9012 -4.002267130929998e-01 2.6e+02 5.11e-02  2e-03  2e-01 121:17.6
  764   9168 -4.002691199021290e-01 2.7e+02 5.16e-02  2e-03  2e-01 123:24.3
  777   9324 -4.002999223552130e-01 2.8e+02 4.05e-02  1e-03  1e-01 125:31.4
  790   9480 -4.003217751408154e-01 2.8e+02 3.22e-02  1e-03  1e-01 127:38.5
  800   9600 -4.003363033954977e-01 2.8e+02 2.83e-02  9e-04  9e-02 129:16.3
  813   9756 -4.003420634844497e-01 2.8e+02 1.82e-02  6e-04  6e-02 131:23.5
  826   9912 -4.003490545918844e-01 3.0e+02 1.96e-02  6e-04  7e-02 133:31.5
  839  10068 -4.003517147435482e-01 2.8e+02 1.41e-02  4e-04  4e-02 135:38.9
  852  10224 -4.003538803030511e-01 2.9e+02 1.06e-02  3e-04  3e-02 137:46.0
  865  10380 -4.003550625670121e-01 3.0e+02 9.66e-03  3e-04  3e-02 139:53.1
  879  10548 -4.003562075246050e-01 3.1e+02 9.10e-03  2e-04  3e-02 142:09.9
  893  10716 -4.003567331026327e-01 3.1e+02 7.50e-03  2e-04  2e-02 144:26.6
  900  10800 -4.003569215933723e-01 3.1e+02 5.81e-03  1e-04  2e-02 145:34.9
  914  10968 -4.003570544168710e-01 3.0e+02 3.54e-03  8e-05  9e-03 147:51.6
  928  11136 -4.003570952392650e-01 3.0e+02 2.12e-03  4e-05  6e-03 150:08.3
  942  11304 -4.003571018654620e-01 3.1e+02 8.86e-04  2e-05  2e-03 152:25.5
  956  11472 -4.003571049046390e-01 3.0e+02 5.62e-04  1e-05  1e-03 154:42.4
  970  11640 -4.003571059817054e-01 2.9e+02 2.26e-04  4e-06  5e-04 156:59.0
  984  11808 -4.003571061214162e-01 2.9e+02 9.67e-05  2e-06  2e-04 159:15.8
  999  11988 -4.003571061302890e-01 3.0e+02 4.27e-05  7e-07  9e-05 161:41.7
 1000  12000 -4.003571061323132e-01 3.0e+02 3.95e-05  6e-07  8e-05 161:51.3
Budget constraint not satisfied 5677.940826416016 5404 Difference:  -273.9408264160156
Budget constraint not satisfied 5824.569320678711 5404 Difference:  -420.56932067871094
two_most_probable_states: ['011001110', '111010110']
final_expectation_value: -0.40035710613231323
params: [-1.4753293078877603, 1.6281795422639347, 6.376981616578412, 8.486038313660648, 11.035220371727286, -0.3327217956467814, 15.213595112851966, 15.13012472755636, -0.19727268811628593, 1.0666832281002105, -0.5619648620694271, 2.9509214838796454, -0.12094017403358534, 2.4750395299696377, 0.5624679669260044, -0.06940039002969316, 2.398890317756416, 0.6875860244264164]
total_steps: 1000
states_probs: [0.01070059349093433, 0.010752304877295182]
optimized_portfolios: [{'HD': 6, 'TRV': 14}, {'HD': 7, 'TRV': 13}]
objective_values: [-12192.832518924526, -11788.052130518772]
result_with_budget: [{'portfolio': {'HD': 6, 'TRV': 14}, 'budget': 5677.940826416016, 'difference': -273.9408264160156}, {'portfolio': {'HD': 7, 'TRV': 13}, 'budget': 5824.569320678711, 'difference': -420.56932067871094}]
Batch 35/100 completed. Results saved to portfolio_optimization_results_batch_34.json
Job finished at Sat Mar 22 13:02:27 EET 2025
