Running job array 19 on pe48.int.triton.aalto.fi
Starting at Sun Mar 16 11:20:27 EET 2025
Activating virtual environment at /scratch/work/uotilav2/quantum-portfolio/venv
Processing batch 20/40: experiments 214 to 224 (total 11)
Processing experiment 214
Budget: 354.0
YF.download() has changed argument auto_adjust default to True
Expected returns: 0.34395952766640486
Covariance matrix: 0.39408391736274756
3rd-order coskewness tensor: 0.057577169847645014
4th-order cokurtosis tensor: 5.284018398738828
Number of qubits for asset AAPL: 1
Number of qubits for asset BA: 1
Number of qubits for asset DOW: 4
Number of qubits for asset JPM: 1
Total number of qubits:  7
Optimized Weights (considering variance, skewness and kurtosis):
AAPL: 51.61%
BA: 15.90%
DOW: 14.12%
JPM: 18.38%
Left over budget:  25.056953404495175
Optimized Discrete Allocation:
AAPL: 1
DOW: 2
Maximized utility from continuous higher moments:  -73.5424188811817
Budget constraint satisfied 328.9430465698242 354.0 Difference:  25.05695343017578
Budget constraint not satisfied 368.3420829772949 354.0 Difference:  -14.342082977294922
smallest_eigenvalues: [-0.11558848039663816]
smallest_bitstrings: ['1001000']
first_excited_energy: -0.11547678866635828
optimized_portfolio: [{'AAPL': 1, 'BA': 0, 'DOW': 2, 'JPM': 0}]
second_optimized_portfolio: [{'AAPL': 1, 'BA': 0, 'DOW': 3, 'JPM': 0}]
result_with_budget: [{'portfolio': {'AAPL': 1, 'BA': 0, 'DOW': 2, 'JPM': 0}, 'budget': 328.9430465698242, 'difference': 25.05695343017578, 'objective_value': -73.5424188811817}]
result_with_budget_excited: [{'portfolio': {'AAPL': 1, 'BA': 0, 'DOW': 3, 'JPM': 0}, 'budget': 368.3420829772949, 'difference': -14.342082977294922, 'objective_value': -265.43706090036255}]
Initial params:  [0.27372477 0.06351797 2.61575239 2.44465153 2.73322377 3.07442019
 2.51063067 1.44978017 2.45210473 0.37157007 2.01037118 0.45035763
 2.96776493 1.63943485]
(5_w,11)-aCMA-ES (mu_w=3.4,w_1=42%) in dimension 14 (seed=193386, Sun Mar 16 11:20:45 2025)
Iterat #Fevals   function value  axis ratio  sigma  min&max std  t[m:s]
    1     11 -1.385203967414024e-02 1.0e+00 1.40e+00  1e+00  1e+00 0:04.6
    2     22 -2.040370153662823e-02 1.1e+00 1.39e+00  1e+00  1e+00 0:09.0
    3     33 -1.527699134160521e-03 1.2e+00 1.33e+00  1e+00  1e+00 0:13.4
    4     44 -4.931201679858906e-02 1.2e+00 1.25e+00  1e+00  1e+00 0:17.7
    5     55 -5.093186309121650e-02 1.3e+00 1.22e+00  1e+00  1e+00 0:22.1
    7     77 -4.930704585260803e-02 1.3e+00 1.14e+00  1e+00  1e+00 0:30.9
    9     99 -6.841225124435209e-02 1.3e+00 1.08e+00  1e+00  1e+00 0:39.7
   11    121 -8.684205853562384e-03 1.4e+00 1.18e+00  1e+00  1e+00 0:48.5
   13    143 3.836945028081908e-03 1.6e+00 1.39e+00  1e+00  2e+00 0:57.2
   16    176 -2.840402799925671e-03 1.7e+00 1.34e+00  1e+00  2e+00 1:10.5
   19    209 -1.590119794141546e-02 1.8e+00 1.27e+00  1e+00  1e+00 1:23.6
   22    242 -4.900604521305711e-02 1.9e+00 1.27e+00  1e+00  1e+00 1:36.9
   25    275 -1.728249835937738e-02 1.9e+00 1.43e+00  1e+00  2e+00 1:50.1
   28    308 -9.490925536093456e-04 2.0e+00 1.51e+00  1e+00  2e+00 2:03.2
   32    352 1.608403873575250e-03 2.2e+00 1.65e+00  1e+00  2e+00 2:20.9
   36    396 -4.086348895022095e-02 2.6e+00 1.95e+00  2e+00  2e+00 2:38.4
   40    440 -1.345993415872560e-02 2.6e+00 1.93e+00  2e+00  2e+00 2:56.0
   44    484 5.132687239704082e-03 2.7e+00 1.60e+00  1e+00  2e+00 3:13.5
   49    539 6.316181771726490e-04 2.8e+00 1.76e+00  1e+00  2e+00 3:35.5
   54    594 -4.900433181060892e-03 2.9e+00 1.62e+00  1e+00  2e+00 3:57.5
   59    649 8.052836173968780e-02 3.2e+00 1.43e+00  1e+00  2e+00 4:19.4
   64    704 4.916487308387832e-02 3.3e+00 1.56e+00  1e+00  2e+00 4:41.4
   70    770 -5.963173004263075e-02 3.4e+00 2.10e+00  2e+00  3e+00 5:07.8
   76    836 -2.138069900219759e-02 3.9e+00 2.19e+00  2e+00  3e+00 5:34.1
   82    902 3.238810547324790e-03 4.0e+00 2.47e+00  2e+00  3e+00 6:00.4
   88    968 2.640777091260301e-02 4.3e+00 2.25e+00  2e+00  3e+00 6:26.8
   94   1034 6.666270743142697e-02 4.4e+00 2.38e+00  2e+00  3e+00 6:53.2
  100   1100 6.278505873747509e-02 5.1e+00 2.79e+00  2e+00  4e+00 7:19.5
  107   1177 1.923240461288649e-02 4.8e+00 2.59e+00  2e+00  4e+00 7:50.3
  114   1254 6.202672708431755e-03 4.9e+00 2.56e+00  2e+00  3e+00 8:21.0
  121   1331 4.815849763197387e-02 4.9e+00 2.44e+00  2e+00  3e+00 8:51.8
  129   1419 4.336645570601390e-02 4.7e+00 1.93e+00  2e+00  2e+00 9:26.9
  137   1507 6.562558408528074e-02 5.4e+00 2.81e+00  2e+00  4e+00 10:02.0
  145   1595 3.788558349757839e-02 5.2e+00 2.33e+00  2e+00  3e+00 10:37.2
  153   1683 6.318880338050327e-02 5.2e+00 2.67e+00  2e+00  4e+00 11:12.4
  161   1771 8.922401805284309e-02 5.4e+00 2.16e+00  2e+00  3e+00 11:47.6
  170   1870 5.493784713148459e-02 5.9e+00 1.72e+00  1e+00  2e+00 12:27.1
  179   1969 5.364694175975684e-02 5.8e+00 1.81e+00  1e+00  2e+00 13:06.6
  188   2068 8.331671806812918e-02 5.9e+00 2.25e+00  2e+00  3e+00 13:46.2
  197   2167 3.849594898172514e-02 6.0e+00 2.41e+00  2e+00  3e+00 14:25.8
  200   2200 4.309035723766579e-02 6.3e+00 2.77e+00  2e+00  4e+00 14:39.0
  210   2310 5.993467488765373e-02 6.5e+00 2.28e+00  2e+00  3e+00 15:23.0
  220   2420 8.600800274413420e-03 6.1e+00 1.68e+00  1e+00  2e+00 16:06.9
  230   2530 5.572826400402265e-02 6.8e+00 1.73e+00  1e+00  2e+00 16:50.9
  241   2651 3.905357935784731e-02 6.9e+00 2.23e+00  1e+00  3e+00 17:39.2
  252   2772 8.224009290069495e-02 6.7e+00 2.02e+00  1e+00  3e+00 18:27.5
  263   2893 4.382325369426690e-02 8.9e+00 2.17e+00  1e+00  3e+00 19:15.9
  274   3014 8.119879793182083e-02 9.0e+00 2.10e+00  1e+00  3e+00 20:04.3
  285   3135 3.998007159336992e-02 9.6e+00 1.67e+00  1e+00  2e+00 20:52.6
  297   3267 8.473215666105371e-02 1.1e+01 1.48e+00  9e-01  2e+00 21:45.2
  300   3300 6.782671768578906e-02 1.1e+01 1.37e+00  8e-01  2e+00 21:58.4
  312   3432 7.428451955636607e-02 1.1e+01 8.02e-01  5e-01  1e+00 22:51.2
  324   3564 4.667926892950815e-02 1.1e+01 7.50e-01  5e-01  9e-01 23:43.9
  337   3707 5.317939874370464e-02 1.1e+01 6.85e-01  4e-01  8e-01 24:41.0
  350   3850 5.861017776953631e-02 1.0e+01 6.87e-01  4e-01  7e-01 25:38.2
  363   3993 6.194689702429647e-02 9.7e+00 8.77e-01  5e-01  8e-01 26:35.3
  376   4136 5.140833677032596e-02 1.1e+01 1.07e+00  6e-01  1e+00 27:32.5
  389   4279 7.112598482075357e-02 1.2e+01 1.18e+00  7e-01  1e+00 28:29.7
  400   4400 3.545668910038578e-02 1.2e+01 8.72e-01  5e-01  8e-01 29:18.1
  414   4554 5.600567449884838e-02 1.3e+01 8.20e-01  4e-01  8e-01 30:19.6
  428   4708 4.895446367121248e-02 1.6e+01 9.41e-01  5e-01  9e-01 31:21.2
  442   4862 4.954571345518564e-02 1.6e+01 8.85e-01  4e-01  9e-01 32:22.9
  457   5027 7.619083818266426e-02 1.7e+01 1.06e+00  6e-01  1e+00 33:28.9
  472   5192 7.111765909956434e-02 1.8e+01 8.41e-01  4e-01  9e-01 34:35.1
  487   5357 5.877210671113058e-02 1.7e+01 5.64e-01  3e-01  5e-01 35:41.5
  500   5500 5.393685863963444e-02 1.7e+01 4.70e-01  2e-01  5e-01 36:39.0
  515   5665 4.497592108570442e-02 1.6e+01 5.27e-01  2e-01  5e-01 37:45.2
  531   5841 6.184774241774913e-02 1.6e+01 4.06e-01  2e-01  3e-01 38:55.9
  535   5885 3.981663785850828e-02 1.6e+01 3.44e-01  2e-01  3e-01 39:13.6
Budget constraint satisfied 39.3990364074707 354.0 Difference:  314.6009635925293
Budget constraint satisfied 0.0 354.0 Difference:  354.0
two_most_probable_states: ['0010000', '0000000']
final_expectation_value: -0.06841225124435209
params: [1.9984518333352388, -2.4566731201822547, 0.8652875863562901, -0.7103081454182105, 1.0267426514431817, 3.033016656434297, 4.905103040490641, -2.04446159655202, 1.8783639817821323, 0.9479630738685337, 0.5008344851602122, 2.789027681242427, 1.576998600289096, 3.059505317520631]
total_steps: 535
states_probs: [0.042038482091412824, 0.045221495528612196]
optimized_portfolios: [{'AAPL': 0, 'BA': 0, 'DOW': 1, 'JPM': 0}, {'AAPL': 0, 'BA': 0, 'DOW': 0, 'JPM': 0}]
objective_values: [-3.4541204620328116, -0.0]
result_with_budget: [{'portfolio': {'AAPL': 0, 'BA': 0, 'DOW': 1, 'JPM': 0}, 'budget': 39.3990364074707, 'difference': 314.6009635925293}, {'portfolio': {'AAPL': 0, 'BA': 0, 'DOW': 0, 'JPM': 0}, 'budget': 0.0, 'difference': 354.0}]
Processing experiment 215
Budget: 311.0163383483887
Expected returns: 0.10814550058531576
Covariance matrix: 0.3557109595655419
3rd-order coskewness tensor: 0.3364507866225288
4th-order cokurtosis tensor: 6.397512257914327
Number of qubits for asset AMGN: 1
Number of qubits for asset INTC: 4
Number of qubits for asset KO: 3
Number of qubits for asset MMM: 2
Total number of qubits:  10
Optimized Weights (considering variance, skewness and kurtosis):
AMGN: 34.81%
INTC: 24.22%
KO: 16.84%
MMM: 24.13%
Left over budget:  0.45608519343556964
Optimized Discrete Allocation:
INTC: 6
KO: 1
MMM: 1
Maximized utility from continuous higher moments:  -2741.039865677055
Budget constraint not satisfied 320.3550910949707 311.0163383483887 Difference:  -9.338752746582031
Budget constraint not satisfied 318.71660232543945 311.0163383483887 Difference:  -7.700263977050781
smallest_eigenvalues: [-0.06816654141491449]
smallest_bitstrings: ['1000010000']
first_excited_energy: -0.06803522479807105
optimized_portfolio: [{'AMGN': 1, 'INTC': 0, 'KO': 1, 'MMM': 0}]
second_optimized_portfolio: [{'AMGN': 0, 'INTC': 0, 'KO': 1, 'MMM': 2}]
result_with_budget: [{'portfolio': {'AMGN': 1, 'INTC': 0, 'KO': 1, 'MMM': 0}, 'budget': 320.3550910949707, 'difference': -9.338752746582031, 'objective_value': -8.544111629555648}]
result_with_budget_excited: [{'portfolio': {'AMGN': 0, 'INTC': 0, 'KO': 1, 'MMM': 2}, 'budget': 318.71660232543945, 'difference': -7.700263977050781, 'objective_value': -82.41636185301024}]
Initial params:  [0.23140276 2.60279176 0.76422512 0.09987072 1.99215261 2.7621105
 0.10843729 1.7032327  1.59699306 2.57102938 0.87098361 0.04900062
 2.79936835 0.95115773 0.2288227  1.79581833 0.13180392 2.80486231
 0.43614341 2.21036166]
(6_w,12)-aCMA-ES (mu_w=3.7,w_1=40%) in dimension 20 (seed=217932, Sun Mar 16 12:00:15 2025)
Iterat #Fevals   function value  axis ratio  sigma  min&max std  t[m:s]
    1     12 6.113722262232984e-03 1.0e+00 1.41e+00  1e+00  1e+00 0:27.5
    2     24 -2.249763063331254e-02 1.1e+00 1.38e+00  1e+00  1e+00 0:55.3
    3     36 -3.095449770324988e-02 1.1e+00 1.38e+00  1e+00  1e+00 1:22.9
    4     48 -2.055711102583292e-02 1.2e+00 1.35e+00  1e+00  1e+00 1:50.5
    5     60 -4.409435772953775e-02 1.2e+00 1.35e+00  1e+00  1e+00 2:18.0
    6     72 -1.896416957216688e-02 1.3e+00 1.37e+00  1e+00  1e+00 2:45.6
    7     84 -1.706848777842205e-02 1.3e+00 1.31e+00  1e+00  1e+00 3:13.2
    8     96 -1.207955724050518e-02 1.3e+00 1.30e+00  1e+00  1e+00 3:40.8
    9    108 -2.559892066206601e-02 1.3e+00 1.27e+00  1e+00  1e+00 4:08.4
   10    120 -2.907609570558911e-02 1.4e+00 1.24e+00  1e+00  1e+00 4:36.1
   11    132 -3.683771897220416e-02 1.4e+00 1.27e+00  1e+00  1e+00 5:03.6
   12    144 -1.265452223145805e-02 1.4e+00 1.27e+00  1e+00  1e+00 5:30.7
   13    156 -1.787786398124536e-02 1.4e+00 1.32e+00  1e+00  1e+00 5:57.5
   14    168 -3.083499954706782e-02 1.5e+00 1.37e+00  1e+00  1e+00 6:24.0
   15    180 -2.125971043240121e-02 1.6e+00 1.37e+00  1e+00  1e+00 6:50.4
   16    192 -3.020499004311736e-02 1.6e+00 1.38e+00  1e+00  1e+00 7:16.9
   17    204 -2.671010668314737e-02 1.6e+00 1.44e+00  1e+00  2e+00 7:43.4
   18    216 2.819572598913617e-02 1.6e+00 1.47e+00  1e+00  2e+00 8:10.0
   19    228 -5.943452035906337e-03 1.6e+00 1.52e+00  1e+00  2e+00 8:36.6
   20    240 -3.846765576566493e-02 1.6e+00 1.57e+00  1e+00  2e+00 9:03.1
   21    252 -8.250751147079722e-03 1.7e+00 1.61e+00  2e+00  2e+00 9:29.6
   22    264 -1.481183833363103e-02 1.7e+00 1.66e+00  2e+00  2e+00 9:56.1
   23    276 -2.399079452905861e-03 1.7e+00 1.66e+00  2e+00  2e+00 10:22.6
   24    288 -4.112085471729111e-02 1.7e+00 1.62e+00  2e+00  2e+00 10:49.1
   25    300 -1.332897542035701e-02 1.7e+00 1.61e+00  1e+00  2e+00 11:15.7
   26    312 1.721367215353740e-02 1.7e+00 1.58e+00  1e+00  2e+00 11:42.1
   27    324 -3.393255009417445e-02 1.7e+00 1.63e+00  2e+00  2e+00 12:08.6
   29    348 3.693184105846188e-03 1.7e+00 1.71e+00  2e+00  2e+00 13:02.0
   31    372 -1.195402033081433e-02 1.8e+00 1.85e+00  2e+00  2e+00 13:54.9
   33    396 1.069502070158769e-02 1.8e+00 1.84e+00  2e+00  2e+00 14:47.9
   35    420 1.909902217049310e-02 1.8e+00 1.76e+00  2e+00  2e+00 15:40.8
   37    444 1.249636618126245e-02 1.8e+00 1.65e+00  2e+00  2e+00 16:33.8
   39    468 -4.292787328482692e-02 1.9e+00 1.67e+00  2e+00  2e+00 17:26.9
   41    492 1.141296246061636e-02 1.9e+00 1.68e+00  2e+00  2e+00 18:20.0
   43    516 1.991427334787314e-02 1.9e+00 1.61e+00  1e+00  2e+00 19:13.2
   45    540 -2.684896440708584e-02 1.9e+00 1.45e+00  1e+00  2e+00 20:06.4
   47    564 1.362125742302974e-02 1.9e+00 1.40e+00  1e+00  2e+00 20:59.6
   49    588 -6.949844465716405e-03 1.9e+00 1.45e+00  1e+00  2e+00 21:52.7
   51    612 -2.687521371339235e-02 2.0e+00 1.59e+00  1e+00  2e+00 22:45.8
   53    636 3.495817739216864e-03 2.0e+00 1.73e+00  2e+00  2e+00 23:38.8
   55    660 -7.617382166600228e-03 2.0e+00 1.86e+00  2e+00  2e+00 24:31.9
   57    684 -6.829781573950379e-03 2.0e+00 2.00e+00  2e+00  2e+00 25:25.0
   59    708 2.605204162380426e-02 2.1e+00 2.02e+00  2e+00  2e+00 26:17.8
   61    732 5.775564634511642e-04 2.2e+00 2.03e+00  2e+00  2e+00 27:11.0
   63    756 1.011927483798156e-01 2.3e+00 2.13e+00  2e+00  2e+00 28:04.1
   65    780 2.518557667867899e-02 2.3e+00 2.03e+00  2e+00  2e+00 28:57.1
   67    804 4.951803355131804e-03 2.3e+00 2.07e+00  2e+00  2e+00 29:50.2
   69    828 2.629529931120547e-02 2.3e+00 2.11e+00  2e+00  2e+00 30:43.3
   71    852 -1.032591675103128e-03 2.3e+00 2.07e+00  2e+00  2e+00 31:36.2
   73    876 6.556768031385925e-02 2.3e+00 2.06e+00  2e+00  2e+00 32:29.2
   75    900 1.369406943900336e-02 2.3e+00 2.13e+00  2e+00  3e+00 33:22.0
   77    924 2.551378321764756e-02 2.4e+00 2.09e+00  2e+00  3e+00 34:15.2
   79    948 5.461823178650776e-02 2.4e+00 1.92e+00  2e+00  2e+00 35:08.1
   82    984 4.648129858138737e-02 2.4e+00 1.92e+00  2e+00  2e+00 36:27.6
   85   1020 4.257963494018956e-02 2.5e+00 2.00e+00  2e+00  2e+00 37:47.1
   88   1056 2.687660902362617e-02 2.5e+00 2.13e+00  2e+00  3e+00 39:06.8
   91   1092 6.736938610427459e-02 2.7e+00 2.10e+00  2e+00  2e+00 40:26.9
   94   1128 6.707933989420967e-02 2.6e+00 2.03e+00  2e+00  2e+00 41:46.5
   97   1164 9.456499518338578e-02 2.7e+00 1.94e+00  2e+00  2e+00 43:06.2
  100   1200 4.025869006415879e-02 2.7e+00 2.08e+00  2e+00  3e+00 44:25.8
  103   1236 5.220242704552876e-03 2.8e+00 2.18e+00  2e+00  3e+00 45:45.5
  106   1272 2.745390544830016e-02 2.8e+00 1.96e+00  2e+00  2e+00 47:05.1
  109   1308 1.463187505285757e-02 2.9e+00 1.85e+00  2e+00  2e+00 48:24.7
  112   1344 8.999416209042689e-02 2.9e+00 1.63e+00  1e+00  2e+00 49:44.0
  115   1380 1.236198613056745e-02 2.9e+00 1.64e+00  1e+00  2e+00 51:03.4
  118   1416 1.198626914785534e-02 3.0e+00 1.54e+00  1e+00  2e+00 52:23.0
  121   1452 5.335280953120704e-02 3.0e+00 1.59e+00  1e+00  2e+00 53:42.7
  124   1488 6.176884283367592e-02 3.1e+00 1.55e+00  1e+00  2e+00 55:02.2
  127   1524 -1.590921236282866e-02 3.1e+00 1.47e+00  1e+00  2e+00 56:21.9
  130   1560 4.824238563959762e-02 3.1e+00 1.45e+00  1e+00  2e+00 57:41.4
  133   1596 3.280671968076881e-02 3.1e+00 1.49e+00  1e+00  2e+00 59:00.7
  136   1632 8.477557175489465e-02 3.1e+00 1.49e+00  1e+00  2e+00 60:20.2
  139   1668 5.007684971541822e-02 3.1e+00 1.56e+00  1e+00  2e+00 61:39.8
  142   1704 7.163071359238792e-02 3.1e+00 1.56e+00  1e+00  2e+00 62:59.3
  145   1740 5.502901924859021e-02 3.1e+00 1.67e+00  1e+00  2e+00 64:18.6
  148   1776 5.377516074743131e-02 3.1e+00 1.62e+00  1e+00  2e+00 65:38.2
  151   1812 6.004645896691242e-02 3.1e+00 1.48e+00  1e+00  2e+00 66:57.7
  154   1848 1.017130640171653e-01 3.2e+00 1.36e+00  1e+00  2e+00 68:17.4
  157   1884 4.604477069803057e-02 3.1e+00 1.29e+00  1e+00  2e+00 69:37.3
  160   1920 9.042198960846670e-02 3.2e+00 1.26e+00  1e+00  1e+00 70:56.7
  164   1968 9.641536077657506e-02 3.2e+00 1.19e+00  1e+00  1e+00 72:43.0
  168   2016 8.090091248118568e-02 3.1e+00 1.12e+00  9e-01  1e+00 74:29.2
  172   2064 8.990682883378227e-02 3.2e+00 1.11e+00  9e-01  1e+00 76:15.0
  176   2112 5.841084452236350e-02 3.2e+00 1.26e+00  1e+00  1e+00 78:01.1
  180   2160 1.029933158802327e-01 3.3e+00 1.48e+00  1e+00  2e+00 79:48.1
  184   2208 6.118033168360710e-02 3.4e+00 1.53e+00  1e+00  2e+00 81:35.9
  188   2256 5.710693523592338e-02 3.5e+00 1.53e+00  1e+00  2e+00 83:22.3
  192   2304 7.999791452966530e-02 3.8e+00 1.50e+00  1e+00  2e+00 85:09.6
  196   2352 2.287282633540410e-02 3.9e+00 1.38e+00  1e+00  2e+00 86:56.0
  200   2400 6.760315163713157e-02 4.0e+00 1.37e+00  1e+00  2e+00 88:43.6
  204   2448 1.159302897208526e-01 4.0e+00 1.39e+00  1e+00  2e+00 90:30.1
  208   2496 1.099921040286266e-01 4.1e+00 1.55e+00  1e+00  2e+00 92:17.7
  212   2544 1.074375472722371e-01 4.3e+00 1.87e+00  1e+00  2e+00 94:04.1
  216   2592 9.187841744379897e-02 4.5e+00 1.90e+00  1e+00  2e+00 95:51.5
  220   2640 7.459708316250330e-02 4.6e+00 1.99e+00  2e+00  2e+00 97:37.9
  224   2688 1.237122252346666e-01 4.7e+00 1.94e+00  1e+00  2e+00 99:25.1
  228   2736 1.192677357060418e-01 4.7e+00 2.18e+00  2e+00  3e+00 101:11.3
  232   2784 1.108070664869983e-01 4.6e+00 2.36e+00  2e+00  3e+00 102:58.5
  236   2832 6.965189460365682e-02 4.5e+00 2.07e+00  2e+00  3e+00 104:44.3
  240   2880 1.160034133823457e-01 4.4e+00 1.97e+00  2e+00  3e+00 106:30.5
  244   2928 1.201143371294440e-01 4.6e+00 1.92e+00  1e+00  2e+00 108:18.2
  248   2976 7.241960619217792e-02 4.8e+00 1.82e+00  1e+00  2e+00 110:04.6
  252   3024 3.482238015486416e-02 4.9e+00 1.93e+00  1e+00  3e+00 111:51.8
  256   3072 8.480714164965870e-02 4.9e+00 1.96e+00  1e+00  3e+00 113:38.1
  260   3120 8.636691944494648e-02 5.1e+00 2.18e+00  2e+00  3e+00 115:25.5
  264   3168 8.229509487135732e-02 5.3e+00 2.28e+00  2e+00  3e+00 117:11.9
  268   3216 9.463497538157313e-02 5.5e+00 2.75e+00  2e+00  4e+00 118:59.3
  272   3264 9.651709826040550e-02 5.3e+00 2.88e+00  2e+00  4e+00 120:46.8
  277   3324 7.447882050113748e-02 5.3e+00 2.87e+00  2e+00  4e+00 122:59.6
  282   3384 8.319456731690117e-02 5.2e+00 2.50e+00  2e+00  3e+00 125:13.5
  287   3444 1.545741715103442e-03 5.3e+00 2.06e+00  2e+00  3e+00 127:26.2
  292   3504 3.994246807779156e-02 5.1e+00 1.68e+00  1e+00  2e+00 129:39.3
  297   3564 9.950435296685900e-02 5.1e+00 1.49e+00  1e+00  2e+00 131:53.3
  300   3600 1.057468691394940e-01 5.2e+00 1.39e+00  1e+00  2e+00 133:13.8
  305   3660 5.964748631351299e-02 5.2e+00 1.27e+00  9e-01  2e+00 135:26.9
  310   3720 6.392507893016976e-02 5.1e+00 1.29e+00  1e+00  2e+00 137:40.9
  315   3780 1.028628097276403e-01 5.2e+00 1.18e+00  9e-01  1e+00 139:53.9
  320   3840 8.928589832172990e-02 5.1e+00 1.05e+00  8e-01  1e+00 142:06.3
  325   3900 5.558236580071509e-02 5.3e+00 8.75e-01  6e-01  1e+00 144:20.3
  330   3960 9.528170514743418e-02 5.2e+00 8.23e-01  6e-01  1e+00 146:35.0
  335   4020 1.370559557755172e-01 5.2e+00 7.88e-01  6e-01  9e-01 148:48.6
  340   4080 8.623259220434809e-02 5.1e+00 6.77e-01  5e-01  8e-01 151:02.3
  345   4140 3.141935755424134e-02 5.2e+00 6.44e-01  5e-01  8e-01 153:16.9
  350   4200 6.312399764303714e-02 5.2e+00 6.07e-01  4e-01  8e-01 155:31.3
  355   4260 1.160591416823546e-01 5.2e+00 6.25e-01  4e-01  8e-01 157:44.5
  360   4320 1.054351817182876e-01 5.2e+00 6.09e-01  4e-01  8e-01 159:57.9
  365   4380 9.598253941682963e-02 5.3e+00 6.05e-01  4e-01  8e-01 162:11.8
  370   4440 1.208179551387698e-02 5.4e+00 7.30e-01  5e-01  9e-01 164:25.2
  375   4500 4.419151519546333e-02 5.7e+00 8.01e-01  6e-01  1e+00 166:38.6
  380   4560 9.829299856921027e-02 5.8e+00 8.56e-01  6e-01  1e+00 168:52.9
  385   4620 1.266041445130505e-01 6.0e+00 9.05e-01  7e-01  1e+00 171:05.6
  390   4680 1.030637628293065e-01 6.1e+00 8.45e-01  6e-01  1e+00 173:19.8
  395   4740 9.942525285552782e-02 6.2e+00 7.18e-01  5e-01  1e+00 175:33.3
  400   4800 7.300176486723495e-02 6.3e+00 6.28e-01  4e-01  9e-01 177:46.2
  406   4872 1.144195405757834e-01 6.6e+00 5.16e-01  4e-01  7e-01 180:26.4
  412   4944 5.489688350387045e-02 6.5e+00 4.96e-01  4e-01  7e-01 183:05.5
  418   5016 7.624586365153366e-02 6.5e+00 4.98e-01  4e-01  7e-01 185:46.1
  424   5088 9.504463645976707e-02 6.5e+00 4.44e-01  3e-01  6e-01 188:25.4
  430   5160 6.987950709052107e-02 6.7e+00 4.15e-01  3e-01  6e-01 191:06.7
  436   5232 3.849748027563660e-02 6.7e+00 3.68e-01  3e-01  5e-01 193:46.0
  442   5304 2.004754232163071e-02 6.5e+00 3.36e-01  2e-01  4e-01 196:25.6
  448   5376 -6.431932535093961e-03 6.3e+00 2.80e-01  2e-01  3e-01 199:05.6
  454   5448 1.706325710680814e-02 6.3e+00 2.48e-01  2e-01  3e-01 201:44.9
  460   5520 9.087781382588204e-03 6.2e+00 2.56e-01  2e-01  3e-01 204:23.9
  466   5592 6.093729331576740e-03 6.2e+00 1.99e-01  1e-01  2e-01 207:03.6
  472   5664 -1.225238212433391e-02 6.1e+00 1.94e-01  1e-01  2e-01 209:42.6
  478   5736 -1.813877626402495e-02 6.2e+00 1.89e-01  1e-01  2e-01 212:22.4
  484   5808 -2.659692550978573e-02 6.2e+00 1.92e-01  1e-01  2e-01 215:01.6
  490   5880 -1.824118942204911e-02 6.3e+00 1.72e-01  1e-01  2e-01 217:42.4
  496   5952 -3.057749360956490e-02 6.2e+00 1.33e-01  8e-02  1e-01 220:22.9
  500   6000 -3.273642712359543e-02 6.1e+00 1.09e-01  7e-02  1e-01 222:09.8
  506   6072 -3.766936593553818e-02 6.2e+00 9.32e-02  5e-02  1e-01 224:50.0
  512   6144 -4.010752399642171e-02 6.1e+00 7.74e-02  4e-02  8e-02 227:30.2
  518   6216 -4.152989643268265e-02 6.0e+00 7.69e-02  4e-02  8e-02 230:10.6
  524   6288 -4.422756739691100e-02 6.2e+00 6.69e-02  3e-02  6e-02 232:50.6
  530   6360 -4.820251654750854e-02 6.3e+00 6.18e-02  3e-02  6e-02 235:31.5
  536   6432 -4.875799539012481e-02 6.5e+00 5.85e-02  3e-02  6e-02 238:11.6
  542   6504 -5.040644475524501e-02 6.5e+00 4.93e-02  2e-02  5e-02 240:52.0
  548   6576 -5.062768273801387e-02 6.5e+00 4.65e-02  2e-02  5e-02 243:32.7
  554   6648 -5.105208412632300e-02 6.6e+00 4.67e-02  2e-02  5e-02 246:13.0
  560   6720 -5.125216823688186e-02 6.7e+00 4.50e-02  2e-02  5e-02 248:53.3
  567   6804 -5.196213795781356e-02 6.7e+00 3.34e-02  1e-02  3e-02 252:00.5
  574   6888 -5.163794010228990e-02 7.1e+00 3.16e-02  1e-02  3e-02 255:07.8
  581   6972 -5.196248332075614e-02 7.1e+00 2.48e-02  8e-03  2e-02 258:14.5
  588   7056 -5.215883005400962e-02 7.0e+00 2.03e-02  6e-03  2e-02 261:21.7
  595   7140 -5.217408050414996e-02 7.7e+00 2.09e-02  6e-03  2e-02 264:28.7
  600   7200 -5.231918508988908e-02 7.8e+00 2.03e-02  6e-03  2e-02 266:42.3
  607   7284 -5.231130261237130e-02 7.9e+00 1.62e-02  4e-03  2e-02 269:49.1
  614   7368 -5.237792732893776e-02 8.0e+00 1.46e-02  4e-03  2e-02 272:56.1
  621   7452 -5.242028358093723e-02 8.2e+00 1.31e-02  3e-03  1e-02 276:03.2
  628   7536 -5.249099750358976e-02 8.5e+00 1.10e-02  3e-03  1e-02 279:10.1
  635   7620 -5.249128698733726e-02 8.7e+00 1.07e-02  2e-03  1e-02 282:17.1
  642   7704 -5.254053531959074e-02 9.3e+00 1.15e-02  3e-03  1e-02 285:23.7
  649   7788 -5.253815760219159e-02 1.0e+01 1.04e-02  2e-03  1e-02 288:30.4
  656   7872 -5.256476939798484e-02 1.0e+01 8.95e-03  2e-03  9e-03 291:36.5
  663   7956 -5.258310770143936e-02 1.1e+01 7.50e-03  1e-03  8e-03 294:42.4
  670   8040 -5.260064830646353e-02 1.1e+01 6.87e-03  1e-03  7e-03 297:49.3
  677   8124 -5.261322209234565e-02 1.2e+01 6.89e-03  1e-03  8e-03 300:55.3
  684   8208 -5.262503935277189e-02 1.3e+01 6.18e-03  1e-03  7e-03 304:01.4
  691   8292 -5.263617871735829e-02 1.4e+01 6.30e-03  1e-03  7e-03 307:08.5
  698   8376 -5.264982890580178e-02 1.6e+01 7.30e-03  1e-03  9e-03 310:14.5
  700   8400 -5.265616435965098e-02 1.6e+01 8.67e-03  1e-03  1e-02 311:07.8
  707   8484 -5.266867643722297e-02 1.8e+01 1.00e-02  2e-03  1e-02 314:15.3
  714   8568 -5.269678701912248e-02 2.1e+01 1.17e-02  2e-03  2e-02 317:21.7
  721   8652 -5.272634812127484e-02 2.4e+01 1.19e-02  2e-03  2e-02 320:27.5
  728   8736 -5.275625760141704e-02 3.0e+01 1.51e-02  2e-03  3e-02 323:34.4
  735   8820 -5.279188460422077e-02 4.0e+01 2.04e-02  3e-03  5e-02 326:41.4
  743   8916 -5.279005384305244e-02 4.4e+01 2.24e-02  3e-03  6e-02 330:14.5
  751   9012 -5.279879799977396e-02 4.6e+01 1.63e-02  2e-03  4e-02 333:47.8
  759   9108 -5.284473101118057e-02 4.9e+01 1.40e-02  2e-03  4e-02 337:21.2
  767   9204 -5.286145708545625e-02 4.7e+01 1.45e-02  2e-03  4e-02 340:55.7
  775   9300 -5.287693054421408e-02 4.8e+01 1.38e-02  1e-03  3e-02 344:29.4
  783   9396 -5.289368555863738e-02 4.9e+01 1.45e-02  2e-03  4e-02 348:01.1
  791   9492 -5.291703352624563e-02 5.1e+01 1.31e-02  1e-03  3e-02 351:33.4
  799   9588 -5.292755776186739e-02 5.2e+01 1.62e-02  2e-03  4e-02 355:05.6
  800   9600 -5.293219218588537e-02 5.3e+01 1.69e-02  2e-03  4e-02 355:32.1
  808   9696 -5.297145790176983e-02 5.5e+01 1.70e-02  2e-03  4e-02 359:04.8
  816   9792 -5.301131518495247e-02 5.5e+01 2.25e-02  2e-03  5e-02 362:37.2
  824   9888 -5.304719373733988e-02 5.8e+01 2.30e-02  2e-03  5e-02 366:09.8
  832   9984 -5.308410185674797e-02 6.9e+01 2.92e-02  3e-03  7e-02 369:42.7
  840  10080 -5.311976428888467e-02 7.3e+01 2.44e-02  2e-03  6e-02 373:15.7
  848  10176 -5.312159897371671e-02 7.4e+01 1.83e-02  1e-03  4e-02 376:48.7
  856  10272 -5.316492475819239e-02 8.1e+01 1.80e-02  1e-03  4e-02 380:21.9
  864  10368 -5.318499995251175e-02 8.9e+01 1.92e-02  1e-03  5e-02 383:54.8
  872  10464 -5.319164521695006e-02 9.5e+01 2.02e-02  1e-03  6e-02 387:27.5
  880  10560 -5.320656905242052e-02 1.0e+02 2.18e-02  2e-03  6e-02 391:00.3
  888  10656 -5.323926198292678e-02 1.1e+02 2.42e-02  2e-03  7e-02 394:32.9
  896  10752 -5.327458220603738e-02 1.1e+02 2.94e-02  2e-03  9e-02 398:05.3
  900  10800 -5.326730013132405e-02 1.1e+02 3.28e-02  2e-03  1e-01 399:51.5
  908  10896 -5.331474695341656e-02 1.1e+02 2.93e-02  2e-03  9e-02 403:24.0
  916  10992 -5.336366653096417e-02 1.1e+02 3.35e-02  2e-03  1e-01 406:56.6
  924  11088 -5.342975012434486e-02 1.2e+02 3.45e-02  2e-03  1e-01 410:29.3
  932  11184 -5.349913909848814e-02 1.2e+02 3.88e-02  3e-03  1e-01 414:01.6
  941  11292 -5.358391485080452e-02 1.2e+02 4.01e-02  3e-03  1e-01 418:00.8
  950  11400 -5.368075356967925e-02 1.2e+02 4.79e-02  3e-03  1e-01 422:00.7
  959  11508 -5.371779434631549e-02 1.1e+02 6.13e-02  4e-03  2e-01 426:00.9
  968  11616 -5.386112111511654e-02 1.1e+02 6.82e-02  5e-03  2e-01 430:00.4
  977  11724 -5.388303592178241e-02 1.1e+02 5.53e-02  4e-03  1e-01 434:00.1
  986  11832 -5.392987523298347e-02 1.2e+02 5.50e-02  3e-03  1e-01 437:59.7
  995  11940 -5.401413245136441e-02 1.1e+02 4.38e-02  3e-03  1e-01 441:59.1
 1000  12000 -5.404504313034730e-02 1.1e+02 4.64e-02  3e-03  1e-01 444:12.0
Budget constraint satisfied 258.5511779785156 311.0163383483887 Difference:  52.46516036987305
Budget constraint satisfied 256.9126892089844 311.0163383483887 Difference:  54.1036491394043
two_most_probable_states: ['1000000000', '0000000001']
final_expectation_value: -0.05406753251385003
params: [12.148826068938677, -9.79978635911249, 11.64566821609707, -16.43124053166762, -25.52460434003478, 2.2814102805028593, 14.963347046732382, -4.218961166698152, 45.394020699304704, -2.058464876407126, -12.584312726440624, -5.123147050260719, -21.902915783653835, -6.5847690070949705, 1.4168583271899566, 14.197939266262411, 18.57908556400177, 7.9223076243309976, -37.5746741898345, -3.4096922866941077]
total_steps: 1000
states_probs: [0.1084949842911683, 0.10894804859033097]
optimized_portfolios: [{'AMGN': 1, 'INTC': 0, 'KO': 0, 'MMM': 0}, {'AMGN': 0, 'INTC': 0, 'KO': 0, 'MMM': 2}]
objective_values: [-2.0233181383427103, -52.993478203355565]
result_with_budget: [{'portfolio': {'AMGN': 1, 'INTC': 0, 'KO': 0, 'MMM': 0}, 'budget': 258.5511779785156, 'difference': 52.46516036987305}, {'portfolio': {'AMGN': 0, 'INTC': 0, 'KO': 0, 'MMM': 2}, 'budget': 256.9126892089844, 'difference': 54.1036491394043}]
Processing experiment 216
Budget: 137.3867645263672
Expected returns: 0.13858735995400692
Covariance matrix: 0.4757332665976416
3rd-order coskewness tensor: -0.32963314264261145
4th-order cokurtosis tensor: 11.440818418879026
Number of qubits for asset CSCO: 2
Number of qubits for asset MMM: 1
Number of qubits for asset VZ: 2
Number of qubits for asset WMT: 1
Total number of qubits:  6
Optimized Weights (considering variance, skewness and kurtosis):
CSCO: 14.59%
MMM: 26.53%
VZ: 31.54%
WMT: 27.34%
Left over budget:  7.743045786636344
Optimized Discrete Allocation:
VZ: 1
WMT: 1
Maximized utility from continuous higher moments:  -7.4237855844269784
Budget constraint satisfied 137.3867645263672 137.3867645263672 Difference:  0.0
Budget constraint satisfied 129.64371871948242 137.3867645263672 Difference:  7.743045806884766
smallest_eigenvalues: [-0.1527629360442901]
smallest_bitstrings: ['100010']
first_excited_energy: -0.1526125827135541
optimized_portfolio: [{'CSCO': 1, 'MMM': 0, 'VZ': 2, 'WMT': 0}]
second_optimized_portfolio: [{'CSCO': 0, 'MMM': 0, 'VZ': 1, 'WMT': 1}]
result_with_budget: [{'portfolio': {'CSCO': 1, 'MMM': 0, 'VZ': 2, 'WMT': 0}, 'budget': 137.3867645263672, 'difference': 0.0, 'objective_value': -25.013833235800078}]
result_with_budget_excited: [{'portfolio': {'CSCO': 0, 'MMM': 0, 'VZ': 1, 'WMT': 1}, 'budget': 129.64371871948242, 'difference': 7.743045806884766, 'objective_value': -7.4237855844269784}]
Initial params:  [0.79730184 0.14715901 2.86234138 1.88028631 0.13747322 1.73290501
 0.04828701 0.27295629 1.87310871 0.89908087 2.65593045 1.38835594]
(5_w,11)-aCMA-ES (mu_w=3.4,w_1=42%) in dimension 12 (seed=269223, Sun Mar 16 19:25:13 2025)
Iterat #Fevals   function value  axis ratio  sigma  min&max std  t[m:s]
    1     11 -3.970833457183327e-02 1.0e+00 1.36e+00  1e+00  1e+00 0:02.1
    2     22 -7.297939498366646e-02 1.1e+00 1.40e+00  1e+00  1e+00 0:04.2
    3     33 -2.242372188207258e-02 1.2e+00 1.54e+00  1e+00  2e+00 0:06.2
    5     55 -9.348240485920671e-02 1.4e+00 1.54e+00  1e+00  2e+00 0:10.5
    7     77 -6.617697376205831e-02 1.5e+00 1.56e+00  1e+00  2e+00 0:14.6
   10    110 -8.490613927887422e-02 1.5e+00 1.81e+00  2e+00  2e+00 0:20.9
   13    143 -8.639585349139046e-02 1.8e+00 1.94e+00  2e+00  2e+00 0:27.2
   17    187 2.568692332303375e-02 2.0e+00 1.93e+00  2e+00  2e+00 0:35.6
   21    231 -7.898281614067697e-02 2.2e+00 2.25e+00  2e+00  3e+00 0:44.0
   26    286 -8.957898919239983e-02 2.5e+00 2.06e+00  2e+00  3e+00 0:54.6
   31    341 -1.992697180376464e-02 2.7e+00 1.84e+00  1e+00  2e+00 1:05.1
   37    407 -1.012024217185848e-01 2.9e+00 1.38e+00  1e+00  2e+00 1:17.7
   43    473 -8.257700751408917e-02 2.7e+00 1.40e+00  1e+00  2e+00 1:30.3
   50    550 -1.080827563686795e-01 2.9e+00 1.28e+00  1e+00  2e+00 1:45.0
   57    627 -2.927127229687210e-02 3.0e+00 8.89e-01  7e-01  1e+00 1:59.7
   65    715 -5.869566057938176e-02 3.1e+00 8.59e-01  7e-01  1e+00 2:16.6
   73    803 1.361540220919339e-02 3.8e+00 6.87e-01  5e-01  9e-01 2:33.5
   82    902 -5.026085739946959e-02 3.7e+00 4.04e-01  3e-01  5e-01 2:52.5
   91   1001 -1.002472504498420e-01 3.6e+00 3.29e-01  2e-01  4e-01 3:11.4
  100   1100 -7.474495659666133e-02 3.5e+00 2.91e-01  2e-01  3e-01 3:30.3
  110   1210 -1.033613906631611e-01 4.0e+00 2.87e-01  2e-01  3e-01 3:51.4
  120   1320 -1.156228702560364e-01 5.0e+00 2.30e-01  1e-01  3e-01 4:12.5
  131   1441 -1.221101488179675e-01 5.2e+00 1.52e-01  8e-02  2e-01 4:35.5
  142   1562 -1.232873286123215e-01 6.4e+00 9.01e-02  4e-02  1e-01 4:58.6
  154   1694 -1.253737419452774e-01 7.3e+00 5.20e-02  2e-02  6e-02 5:23.9
  166   1826 -1.270082564928039e-01 8.8e+00 6.26e-02  2e-02  9e-02 5:49.0
  179   1969 -1.289424228280456e-01 1.2e+01 8.23e-02  3e-02  1e-01 6:16.3
  192   2112 -1.301545758170775e-01 1.5e+01 8.12e-02  2e-02  1e-01 6:43.6
  200   2200 -1.308680090515492e-01 1.5e+01 6.33e-02  2e-02  8e-02 7:00.4
  214   2354 -1.323948187360687e-01 1.6e+01 8.97e-02  2e-02  1e-01 7:29.8
  229   2519 -1.331967797872103e-01 2.0e+01 5.45e-02  1e-02  7e-02 8:01.2
  244   2684 -1.339417191922293e-01 2.3e+01 8.02e-02  1e-02  1e-01 8:32.6
  260   2860 -1.347023734628184e-01 3.4e+01 5.94e-02  9e-03  8e-02 9:06.2
  276   3036 -1.350831978591576e-01 4.7e+01 5.52e-02  9e-03  1e-01 9:39.8
  293   3223 -1.352887410122414e-01 6.7e+01 6.11e-02  1e-02  1e-01 10:15.4
  300   3300 -1.353734062001382e-01 8.0e+01 4.79e-02  7e-03  9e-02 10:30.1
  318   3498 -1.354995344466863e-01 7.8e+01 3.44e-02  5e-03  7e-02 11:07.8
  336   3696 -1.358219385913256e-01 1.2e+02 6.21e-02  7e-03  2e-01 11:45.6
  355   3905 -1.361955499985952e-01 1.6e+02 1.01e-01  9e-03  3e-01 12:25.4
  374   4114 -1.364855290191319e-01 1.4e+02 6.67e-02  5e-03  1e-01 13:05.3
  394   4334 -1.370526752435488e-01 1.7e+02 1.09e-01  7e-03  2e-01 13:47.2
  400   4400 -1.370822265930412e-01 1.7e+02 8.92e-02  6e-03  2e-01 13:59.8
  421   4631 -1.373439957809833e-01 1.2e+02 3.72e-02  2e-03  6e-02 14:43.8
  442   4862 -1.376622319510322e-01 1.7e+02 6.40e-02  3e-03  1e-01 15:27.8
  463   5093 -1.381048399158452e-01 2.4e+02 1.91e-01  7e-03  5e-01 16:11.9
  485   5335 -1.383031727812001e-01 2.6e+02 8.99e-02  3e-03  3e-01 16:58.0
  500   5500 -1.383629125853137e-01 2.3e+02 7.27e-02  2e-03  2e-01 17:29.6
  523   5753 -1.384775641594324e-01 2.4e+02 1.12e-01  3e-03  2e-01 18:17.8
  546   6006 -1.387504390989708e-01 3.4e+02 1.21e-01  3e-03  3e-01 19:06.0
  570   6270 -1.388416994540075e-01 4.1e+02 1.20e-01  2e-03  3e-01 19:56.2
  594   6534 -1.388866106169879e-01 3.8e+02 6.35e-02  1e-03  1e-01 20:46.5
  600   6600 -1.388940221906606e-01 3.8e+02 7.09e-02  1e-03  1e-01 20:59.0
  625   6875 -1.389091310283658e-01 4.0e+02 6.21e-02  8e-04  1e-01 21:51.4
  651   7161 -1.389480825505433e-01 4.6e+02 1.01e-01  1e-03  2e-01 22:45.9
  677   7447 -1.390466094225322e-01 5.1e+02 1.44e-01  1e-03  2e-01 23:40.4
  700   7700 -1.391815531658069e-01 7.0e+02 2.18e-01  2e-03  5e-01 24:28.7
  727   7997 -1.392167584683331e-01 5.6e+02 6.36e-02  4e-04  1e-01 25:26.0
  754   8294 -1.392234511065533e-01 6.1e+02 4.80e-02  3e-04  7e-02 26:23.5
  782   8602 -1.392240671024868e-01 6.2e+02 1.09e-02  5e-05  1e-02 27:22.5
  800   8800 -1.392240949607084e-01 6.5e+02 5.07e-03  2e-05  6e-03 28:01.1
  829   9119 -1.392241095493084e-01 9.3e+02 3.33e-03  1e-05  5e-03 29:02.2
  858   9438 -1.392241113712997e-01 1.1e+03 8.46e-04  3e-06  1e-03 30:04.1
  888   9768 -1.392241114287261e-01 1.0e+03 1.38e-04  3e-07  1e-04 31:07.3
  900   9900 -1.392241114291999e-01 9.5e+02 5.89e-05  1e-07  5e-05 31:32.6
  913  10043 -1.392241114292982e-01 9.9e+02 2.52e-05  5e-08  2e-05 32:00.4
Budget constraint satisfied 117.59864807128906 137.3867645263672 Difference:  19.788116455078125
Budget constraint satisfied 128.4563446044922 137.3867645263672 Difference:  8.930419921875
two_most_probable_states: ['010000', '001000']
final_expectation_value: -0.13922411142929825
params: [18.81626744536712, -12.360742163051208, -5.893635107301269, 5.457497595434675, -16.74066647098618, -18.102051625104355, -3.1663303131552447, 6.195563220961474, 2.526049717428451, -3.4148968323081395, 0.11697943576810559, 6.346381360752416]
total_steps: 913
states_probs: [0.08385731428577431, 0.09329690370950823]
optimized_portfolios: [{'CSCO': 2, 'MMM': 0, 'VZ': 0, 'WMT': 0}, {'CSCO': 0, 'MMM': 1, 'VZ': 0, 'WMT': 0}]
objective_values: [-29.922994688420484, -4.171430309139852]
result_with_budget: [{'portfolio': {'CSCO': 2, 'MMM': 0, 'VZ': 0, 'WMT': 0}, 'budget': 117.59864807128906, 'difference': 19.788116455078125}, {'portfolio': {'CSCO': 0, 'MMM': 1, 'VZ': 0, 'WMT': 0}, 'budget': 128.4563446044922, 'difference': 8.930419921875}]
Processing experiment 217
Budget: 839.2365112304688
Expected returns: 0.20876048827098123
Covariance matrix: 0.31916976582343415
3rd-order coskewness tensor: -0.15878864618265723
4th-order cokurtosis tensor: 4.234902796862874
Number of qubits for asset CAT: 2
Number of qubits for asset CRM: 2
Number of qubits for asset DIS: 3
Number of qubits for asset JNJ: 3
Total number of qubits:  10
Optimized Weights (considering variance, skewness and kurtosis):
CAT: 27.82%
CRM: 32.37%
DIS: 13.39%
JNJ: 26.42%
Left over budget:  -6.639379535045009e-08
Optimized Discrete Allocation:
CAT: 1
CRM: 1
JNJ: 1
Maximized utility from continuous higher moments:  -5.401694769678524
Budget constraint satisfied 839.2365112304688 839.2365112304688 Difference:  0.0
Budget constraint satisfied 834.2199325561523 839.2365112304688 Difference:  5.016578674316406
smallest_eigenvalues: [-0.08261872892144671]
smallest_bitstrings: ['1010000100']
first_excited_energy: -0.08260817172044559
optimized_portfolio: [{'CAT': 1, 'CRM': 1, 'DIS': 0, 'JNJ': 1}]
second_optimized_portfolio: [{'CAT': 2, 'CRM': 0, 'DIS': 1, 'JNJ': 0}]
result_with_budget: [{'portfolio': {'CAT': 1, 'CRM': 1, 'DIS': 0, 'JNJ': 1}, 'budget': 839.2365112304688, 'difference': 0.0, 'objective_value': -5.401694769678524}]
result_with_budget_excited: [{'portfolio': {'CAT': 2, 'CRM': 0, 'DIS': 1, 'JNJ': 0}, 'budget': 834.2199325561523, 'difference': 5.016578674316406, 'objective_value': -29.704968386604328}]
Initial params:  [1.89297249 1.46795113 2.45720142 2.85734032 2.69743696 2.71919493
 3.1359164  0.97806184 0.72110165 2.26094468 1.21640455 3.13763464
 2.56636358 1.20060689 1.62034946 1.22898211 0.99436973 2.87241492
 2.31849147 0.74512889]
(6_w,12)-aCMA-ES (mu_w=3.7,w_1=40%) in dimension 20 (seed=274377, Sun Mar 16 19:57:47 2025)
Iterat #Fevals   function value  axis ratio  sigma  min&max std  t[m:s]
    1     12 2.126698157719430e-03 1.0e+00 1.40e+00  1e+00  1e+00 0:26.9
    2     24 -4.284951841482627e-02 1.1e+00 1.32e+00  1e+00  1e+00 0:53.6
    3     36 -1.839867014472167e-02 1.1e+00 1.27e+00  1e+00  1e+00 1:20.3
    4     48 -5.425690763007945e-02 1.1e+00 1.23e+00  1e+00  1e+00 1:47.5
    5     60 1.396764422013892e-02 1.2e+00 1.23e+00  1e+00  1e+00 2:15.1
    6     72 -5.468116422049975e-02 1.2e+00 1.21e+00  1e+00  1e+00 2:41.8
    7     84 -3.924351368355165e-02 1.2e+00 1.20e+00  1e+00  1e+00 3:08.7
    8     96 -4.101608479769986e-02 1.2e+00 1.22e+00  1e+00  1e+00 3:35.6
    9    108 -1.782746701795919e-02 1.3e+00 1.29e+00  1e+00  1e+00 4:02.7
   10    120 -2.138977856915628e-02 1.4e+00 1.40e+00  1e+00  1e+00 4:29.7
   11    132 -1.706562646136668e-02 1.5e+00 1.41e+00  1e+00  2e+00 4:56.5
   12    144 -1.167948623721806e-02 1.5e+00 1.44e+00  1e+00  2e+00 5:23.4
   13    156 -5.202863881417202e-02 1.6e+00 1.47e+00  1e+00  2e+00 5:50.4
   14    168 -4.508379328337404e-02 1.6e+00 1.54e+00  1e+00  2e+00 6:17.8
   15    180 -3.936827379384560e-02 1.6e+00 1.68e+00  2e+00  2e+00 6:44.7
   16    192 -2.206733496112160e-02 1.6e+00 1.78e+00  2e+00  2e+00 7:11.7
   17    204 -1.633615201479724e-02 1.6e+00 1.87e+00  2e+00  2e+00 7:38.5
   18    216 -2.768577393436821e-02 1.6e+00 1.96e+00  2e+00  2e+00 8:05.6
   19    228 -1.368749927812609e-02 1.6e+00 1.96e+00  2e+00  2e+00 8:33.1
   20    240 -5.504936462100965e-02 1.6e+00 1.98e+00  2e+00  2e+00 8:59.9
   21    252 1.268989805826606e-02 1.7e+00 1.92e+00  2e+00  2e+00 9:26.7
   22    264 7.112807345436564e-03 1.7e+00 1.89e+00  2e+00  2e+00 9:53.7
   23    276 6.109829217613485e-03 1.7e+00 1.84e+00  2e+00  2e+00 10:21.0
   24    288 -5.154137771780689e-02 1.7e+00 1.81e+00  2e+00  2e+00 10:47.8
   25    300 -2.841239968903381e-02 1.7e+00 1.87e+00  2e+00  2e+00 11:14.6
   26    312 -4.461392086586966e-02 1.8e+00 1.97e+00  2e+00  2e+00 11:41.5
   27    324 -1.392951792571938e-02 1.8e+00 2.04e+00  2e+00  2e+00 12:08.8
   28    336 4.504546815258446e-02 1.8e+00 2.08e+00  2e+00  2e+00 12:36.1
   30    360 3.781755413688060e-02 1.8e+00 2.17e+00  2e+00  2e+00 13:29.8
   32    384 -3.303109456553279e-02 1.8e+00 2.24e+00  2e+00  2e+00 14:23.7
   34    408 -1.403095830947877e-02 1.8e+00 2.30e+00  2e+00  2e+00 15:17.6
   36    432 6.219740004210973e-02 1.8e+00 2.60e+00  2e+00  3e+00 16:11.4
   38    456 1.548325378523919e-02 1.9e+00 2.82e+00  3e+00  3e+00 17:05.8
   40    480 2.277570303302432e-02 1.9e+00 3.19e+00  3e+00  3e+00 17:59.4
   42    504 -2.575644765382874e-02 1.9e+00 3.51e+00  3e+00  4e+00 18:53.9
   44    528 -2.818311931683374e-02 1.9e+00 3.71e+00  3e+00  4e+00 19:47.7
   46    552 -5.882078690619948e-03 1.9e+00 3.66e+00  3e+00  4e+00 20:41.9
   48    576 3.129527557174577e-02 1.9e+00 3.37e+00  3e+00  4e+00 21:35.7
   50    600 3.437805487658799e-02 1.9e+00 3.12e+00  3e+00  3e+00 22:29.7
   52    624 -5.838661590364398e-03 2.0e+00 2.78e+00  3e+00  3e+00 23:23.7
   54    648 3.927088768806561e-03 2.0e+00 2.70e+00  2e+00  3e+00 24:17.3
   56    672 4.302222283451726e-02 2.1e+00 2.75e+00  2e+00  3e+00 25:11.5
   58    696 2.143231241300909e-02 2.1e+00 2.74e+00  2e+00  3e+00 26:05.0
   60    720 2.263460249770802e-02 2.1e+00 2.86e+00  3e+00  3e+00 26:59.3
   62    744 6.249654185523443e-02 2.2e+00 3.00e+00  3e+00  3e+00 27:52.9
   64    768 5.072678515921526e-03 2.2e+00 2.87e+00  3e+00  3e+00 28:46.9
   66    792 1.003076176437262e-02 2.3e+00 2.81e+00  3e+00  3e+00 29:41.0
   68    816 2.851055005679239e-02 2.3e+00 2.78e+00  2e+00  3e+00 30:34.8
   70    840 -1.518415414109349e-02 2.4e+00 2.85e+00  3e+00  3e+00 31:29.3
   72    864 5.440029321528523e-02 2.4e+00 3.19e+00  3e+00  4e+00 32:22.9
   74    888 4.937302246102108e-02 2.4e+00 3.24e+00  3e+00  4e+00 33:17.6
   76    912 4.347892756007472e-02 2.4e+00 3.16e+00  3e+00  4e+00 34:11.3
   78    936 6.596411147406273e-03 2.4e+00 3.18e+00  3e+00  4e+00 35:05.5
   80    960 2.835732389699696e-02 2.4e+00 3.11e+00  3e+00  4e+00 35:59.2
   83    996 -6.247317435115357e-03 2.5e+00 2.86e+00  2e+00  3e+00 37:20.6
   86   1032 -4.747141288591331e-03 2.6e+00 2.76e+00  2e+00  3e+00 38:41.3
   89   1068 1.422632013560401e-01 2.7e+00 2.63e+00  2e+00  3e+00 40:02.8
   92   1104 -1.025181465100361e-02 2.7e+00 2.59e+00  2e+00  3e+00 41:23.8
   95   1140 3.819759783106296e-02 2.8e+00 2.54e+00  2e+00  3e+00 42:44.4
   98   1176 -6.633628900301505e-03 2.8e+00 2.72e+00  2e+00  3e+00 44:05.5
  100   1200 4.628342587165650e-02 2.9e+00 2.71e+00  2e+00  3e+00 44:59.1
  103   1236 2.344505448690076e-02 2.9e+00 2.48e+00  2e+00  3e+00 46:20.4
  106   1272 -6.726138790938821e-03 3.0e+00 2.31e+00  2e+00  3e+00 47:41.3
  109   1308 -1.078351812432977e-02 3.0e+00 2.17e+00  2e+00  3e+00 49:01.8
  112   1344 -4.648098039396280e-02 2.9e+00 1.99e+00  2e+00  2e+00 50:22.5
  115   1380 -2.431008306444177e-02 2.9e+00 2.04e+00  2e+00  2e+00 51:43.4
  118   1416 -2.029590938960272e-02 2.9e+00 2.00e+00  2e+00  2e+00 53:04.0
  121   1452 -4.804036446209391e-03 2.9e+00 1.92e+00  2e+00  2e+00 54:25.2
  124   1488 4.728199336894592e-02 2.8e+00 2.15e+00  2e+00  3e+00 55:46.0
  127   1524 -1.993820115660178e-02 2.9e+00 2.24e+00  2e+00  3e+00 57:06.6
  130   1560 1.315135270184683e-02 3.0e+00 2.34e+00  2e+00  3e+00 58:28.0
  133   1596 3.513011635720968e-02 3.1e+00 2.40e+00  2e+00  3e+00 59:48.6
  136   1632 -2.628001989552103e-02 3.0e+00 2.23e+00  2e+00  3e+00 61:09.3
  139   1668 4.565056742033157e-02 3.1e+00 2.31e+00  2e+00  3e+00 62:30.6
  142   1704 5.914845753503989e-03 3.2e+00 2.26e+00  2e+00  3e+00 63:50.9
  145   1740 4.354127346099267e-02 3.1e+00 2.54e+00  2e+00  3e+00 65:11.8
  148   1776 -3.932789018155099e-04 3.1e+00 2.91e+00  2e+00  3e+00 66:32.6
  151   1812 1.840608321014336e-02 3.2e+00 3.32e+00  3e+00  4e+00 67:53.3
  154   1848 3.422761589010914e-02 3.2e+00 3.39e+00  3e+00  4e+00 69:14.8
  157   1884 8.123183302899109e-02 3.2e+00 3.75e+00  3e+00  5e+00 70:35.5
  160   1920 1.035397887792072e-01 3.2e+00 3.93e+00  3e+00  5e+00 71:56.6
  163   1956 6.374304308216311e-03 3.3e+00 4.11e+00  3e+00  5e+00 73:18.1
  167   2004 -1.847729565881177e-02 3.2e+00 4.66e+00  4e+00  6e+00 75:06.3
  171   2052 1.281741195764804e-01 3.3e+00 4.61e+00  4e+00  5e+00 76:53.8
  175   2100 -1.598076671092350e-02 3.1e+00 4.44e+00  4e+00  5e+00 78:41.7
  179   2148 1.730670069230539e-02 3.2e+00 4.31e+00  4e+00  5e+00 80:29.6
  183   2196 3.914349276249358e-02 3.3e+00 4.78e+00  4e+00  6e+00 82:17.9
  187   2244 3.670467375256820e-02 3.3e+00 4.67e+00  4e+00  6e+00 84:05.9
  191   2292 1.899236260176830e-02 3.5e+00 5.36e+00  4e+00  7e+00 85:53.8
  195   2340 2.419848488869672e-02 3.6e+00 5.22e+00  4e+00  6e+00 87:41.9
  199   2388 1.152286329093528e-02 3.6e+00 5.27e+00  4e+00  6e+00 89:29.4
  200   2400 7.322027276405121e-02 3.5e+00 5.33e+00  4e+00  7e+00 89:56.3
  204   2448 6.165732889458628e-02 3.6e+00 4.70e+00  4e+00  6e+00 91:44.1
  208   2496 -4.547342627593746e-02 3.7e+00 4.70e+00  4e+00  6e+00 93:31.4
  212   2544 1.098388047474644e-01 3.8e+00 5.12e+00  4e+00  6e+00 95:19.1
  216   2592 3.966262022948380e-02 3.9e+00 5.77e+00  5e+00  8e+00 97:07.1
  220   2640 4.744580519741085e-02 3.9e+00 5.79e+00  5e+00  8e+00 98:55.3
  224   2688 4.015560704919183e-02 3.9e+00 5.77e+00  5e+00  8e+00 100:43.2
  228   2736 3.093262969224026e-02 4.0e+00 6.24e+00  5e+00  8e+00 102:31.0
  232   2784 1.242275830282420e-02 4.0e+00 6.98e+00  5e+00  9e+00 104:18.6
  236   2832 7.453592264218994e-02 4.1e+00 8.19e+00  6e+00  1e+01 106:06.4
  240   2880 9.085910140561085e-02 4.3e+00 8.98e+00  7e+00  1e+01 107:54.1
  244   2928 3.736060318455189e-02 4.3e+00 7.93e+00  6e+00  1e+01 109:41.9
  248   2976 1.022500039023474e-01 4.3e+00 7.58e+00  6e+00  1e+01 111:29.9
  252   3024 9.194158030618488e-02 4.5e+00 6.53e+00  5e+00  9e+00 113:18.0
  256   3072 -1.613590716137631e-02 4.3e+00 6.22e+00  5e+00  8e+00 115:05.6
  260   3120 8.311838948884059e-02 4.3e+00 6.22e+00  5e+00  8e+00 116:53.6
  264   3168 9.547208845841214e-02 4.3e+00 6.01e+00  5e+00  8e+00 118:41.7
  269   3228 7.664416579797455e-02 4.3e+00 6.53e+00  5e+00  9e+00 120:56.5
  274   3288 5.949548360358282e-02 4.4e+00 6.30e+00  5e+00  8e+00 123:11.1
  279   3348 5.892733239601462e-02 4.5e+00 6.59e+00  5e+00  9e+00 125:25.9
  284   3408 4.854320505425620e-02 4.7e+00 7.24e+00  5e+00  1e+01 127:40.7
  289   3468 6.561376525845669e-02 4.6e+00 6.94e+00  5e+00  1e+01 129:55.7
  294   3528 7.571673012396085e-02 4.8e+00 6.80e+00  5e+00  9e+00 132:10.4
  299   3588 1.618241990057818e-02 5.1e+00 6.79e+00  5e+00  1e+01 134:26.1
  300   3600 1.925403929010778e-02 5.1e+00 6.66e+00  5e+00  9e+00 134:53.0
  305   3660 2.467198095144265e-02 5.1e+00 6.85e+00  5e+00  1e+01 137:07.9
  310   3720 1.032526551796745e-02 5.2e+00 6.62e+00  5e+00  9e+00 139:22.6
  315   3780 9.301084252230137e-02 5.1e+00 6.27e+00  5e+00  9e+00 141:37.6
  320   3840 1.984018485389431e-02 5.1e+00 6.75e+00  5e+00  9e+00 143:53.0
  325   3900 -1.917504561387000e-02 5.0e+00 6.70e+00  5e+00  9e+00 146:07.7
  330   3960 4.160321065343978e-02 5.1e+00 5.77e+00  4e+00  8e+00 148:22.7
  335   4020 3.591074661457783e-02 5.3e+00 4.83e+00  3e+00  7e+00 150:38.1
  340   4080 6.517746208230876e-02 5.4e+00 4.99e+00  3e+00  7e+00 152:52.9
  345   4140 8.468837367064319e-02 5.3e+00 5.83e+00  4e+00  8e+00 155:08.0
  350   4200 5.173798001200124e-02 5.7e+00 5.63e+00  4e+00  8e+00 157:22.8
  355   4260 6.932474197691450e-02 6.0e+00 5.44e+00  4e+00  7e+00 159:37.2
  360   4320 5.449117045833564e-02 6.2e+00 5.79e+00  4e+00  8e+00 161:52.6
  365   4380 4.742446619341710e-02 6.2e+00 6.11e+00  5e+00  9e+00 164:07.7
  370   4440 5.307467083112252e-02 6.1e+00 6.19e+00  5e+00  9e+00 166:22.9
  375   4500 3.019771101965462e-02 6.2e+00 5.39e+00  4e+00  7e+00 168:37.7
  380   4560 6.406140234932374e-02 6.2e+00 4.64e+00  3e+00  6e+00 170:53.0
  385   4620 1.690368903794285e-02 6.2e+00 4.44e+00  3e+00  6e+00 173:08.3
  390   4680 7.556830532394934e-02 6.4e+00 4.60e+00  3e+00  7e+00 175:23.5
  395   4740 5.148062561533550e-02 6.6e+00 4.36e+00  3e+00  6e+00 177:38.3
  400   4800 3.046704932490573e-02 6.7e+00 3.66e+00  3e+00  5e+00 179:53.4
  406   4872 6.524548097976333e-02 6.7e+00 3.49e+00  3e+00  5e+00 182:36.1
  412   4944 9.045086378311551e-02 6.7e+00 3.39e+00  2e+00  5e+00 185:18.0
  418   5016 9.922906854540933e-02 6.6e+00 2.91e+00  2e+00  4e+00 188:00.1
  424   5088 7.734641113155397e-02 6.4e+00 2.82e+00  2e+00  4e+00 190:42.7
  430   5160 5.118370203637109e-02 6.5e+00 2.74e+00  2e+00  4e+00 193:24.7
  436   5232 4.716077215538705e-02 6.7e+00 2.79e+00  2e+00  4e+00 196:06.9
  442   5304 9.221987460002468e-02 6.9e+00 2.56e+00  2e+00  3e+00 198:49.5
  448   5376 1.005854563922183e-01 6.9e+00 2.89e+00  2e+00  4e+00 201:31.4
  454   5448 4.208760368463749e-02 6.8e+00 2.94e+00  2e+00  4e+00 204:13.0
  460   5520 9.180910263269978e-02 6.8e+00 3.12e+00  2e+00  4e+00 206:55.3
  466   5592 8.918200583740633e-02 6.9e+00 4.28e+00  3e+00  6e+00 209:37.3
  472   5664 9.072646953033353e-02 6.3e+00 4.83e+00  3e+00  6e+00 212:19.4
  478   5736 9.367704675286716e-02 6.4e+00 4.21e+00  3e+00  5e+00 215:01.3
  484   5808 9.640842472408949e-02 6.7e+00 4.01e+00  3e+00  5e+00 217:43.3
  490   5880 1.031213771593580e-01 6.6e+00 3.95e+00  3e+00  5e+00 220:25.4
  496   5952 5.276778058275027e-02 6.5e+00 4.32e+00  3e+00  5e+00 223:06.9
  500   6000 4.041460533263937e-02 6.6e+00 4.67e+00  3e+00  6e+00 224:55.1
  506   6072 9.245643271571338e-02 7.1e+00 4.86e+00  3e+00  6e+00 227:37.0
  512   6144 6.458624240694459e-02 7.3e+00 6.17e+00  4e+00  8e+00 230:19.1
  518   6216 8.398291918940452e-02 7.2e+00 6.18e+00  4e+00  8e+00 233:01.5
  524   6288 1.123124638769033e-01 7.6e+00 6.75e+00  4e+00  8e+00 235:43.7
  530   6360 8.838643758951044e-02 8.1e+00 7.20e+00  5e+00  9e+00 238:26.2
  536   6432 8.181647701935134e-02 8.0e+00 6.73e+00  4e+00  8e+00 241:07.9
  542   6504 1.003169715044668e-01 7.8e+00 6.40e+00  4e+00  8e+00 243:49.7
  548   6576 8.549964161323167e-02 7.9e+00 6.34e+00  4e+00  8e+00 246:32.5
  554   6648 8.837522625770607e-02 8.2e+00 5.99e+00  4e+00  7e+00 249:14.6
  561   6732 7.589604032580526e-02 8.2e+00 5.44e+00  3e+00  7e+00 252:23.0
  568   6816 6.758750157338643e-02 8.3e+00 4.54e+00  3e+00  6e+00 255:31.9
  575   6900 8.559282020137352e-02 8.3e+00 4.81e+00  3e+00  6e+00 258:41.3
  582   6984 7.404716211171133e-02 8.6e+00 3.76e+00  2e+00  5e+00 261:50.2
  589   7068 7.838941381837289e-02 8.4e+00 3.64e+00  2e+00  4e+00 264:59.7
  596   7152 9.007193726679150e-02 8.5e+00 3.45e+00  2e+00  4e+00 268:09.1
  600   7200 1.108639110525400e-01 8.3e+00 3.28e+00  2e+00  4e+00 269:57.4
  607   7284 9.679476439277662e-02 8.4e+00 2.85e+00  2e+00  3e+00 273:06.2
  614   7368 5.662200535318761e-02 8.2e+00 3.06e+00  2e+00  4e+00 276:15.5
  621   7452 1.054360339434495e-01 8.3e+00 3.15e+00  2e+00  4e+00 279:25.1
  628   7536 7.380162138855641e-02 8.3e+00 3.13e+00  2e+00  4e+00 282:34.4
  635   7620 9.404271202928163e-02 8.5e+00 3.67e+00  2e+00  4e+00 285:43.6
  642   7704 7.995535311987810e-02 8.8e+00 3.72e+00  2e+00  4e+00 288:52.1
  649   7788 7.807536645262271e-02 9.0e+00 2.97e+00  2e+00  3e+00 292:01.6
  656   7872 8.995589226046855e-02 9.4e+00 2.77e+00  2e+00  3e+00 295:11.1
  663   7956 8.092120654718779e-02 9.6e+00 2.43e+00  1e+00  3e+00 298:21.0
  670   8040 9.052885851941410e-02 9.5e+00 2.21e+00  1e+00  3e+00 301:30.0
  677   8124 5.745280157462646e-02 9.2e+00 2.04e+00  1e+00  2e+00 304:38.9
  684   8208 9.303400529606072e-02 9.7e+00 1.71e+00  1e+00  2e+00 307:49.5
  691   8292 4.423894337441461e-02 1.1e+01 2.03e+00  1e+00  2e+00 311:00.1
  698   8376 1.161410945236968e-03 1.1e+01 1.85e+00  1e+00  2e+00 314:10.6
  700   8400 5.805982969546424e-02 1.1e+01 2.08e+00  1e+00  2e+00 315:04.7
  707   8484 6.503512148937517e-02 1.1e+01 2.25e+00  1e+00  3e+00 318:13.3
  714   8568 6.706099621070047e-02 1.1e+01 2.46e+00  1e+00  3e+00 321:21.5
  721   8652 9.992394641673907e-02 1.1e+01 2.80e+00  2e+00  3e+00 324:28.9
  728   8736 9.321107089814841e-02 1.1e+01 2.86e+00  2e+00  3e+00 327:37.3
  736   8832 8.199997127789990e-02 1.1e+01 2.86e+00  2e+00  3e+00 331:12.1
  744   8928 7.044123149301633e-02 1.1e+01 3.75e+00  2e+00  4e+00 334:47.6
  752   9024 9.805985418007594e-02 1.1e+01 4.36e+00  3e+00  5e+00 338:22.1
  760   9120 8.766314223992583e-02 1.2e+01 3.65e+00  2e+00  4e+00 341:56.9
  768   9216 1.055913806787492e-01 1.2e+01 2.92e+00  2e+00  4e+00 345:32.0
  776   9312 1.064097763680294e-01 1.2e+01 2.38e+00  1e+00  3e+00 349:06.9
  784   9408 6.393104100682613e-02 1.2e+01 2.45e+00  1e+00  3e+00 352:42.0
  792   9504 9.862216017568719e-02 1.3e+01 2.69e+00  2e+00  3e+00 356:17.3
  800   9600 6.319336381132748e-02 1.4e+01 2.64e+00  2e+00  3e+00 359:52.9
  808   9696 1.145396489320244e-01 1.5e+01 2.57e+00  2e+00  3e+00 363:27.9
  816   9792 8.646795803302995e-02 1.5e+01 2.81e+00  2e+00  4e+00 367:02.3
  824   9888 5.729640001084225e-02 1.5e+01 2.64e+00  2e+00  3e+00 370:37.3
  832   9984 1.071349861753059e-01 1.5e+01 2.67e+00  2e+00  3e+00 374:12.4
  840  10080 5.979937906673728e-02 1.5e+01 3.16e+00  2e+00  4e+00 377:47.6
  848  10176 9.001959981937092e-02 1.5e+01 3.76e+00  2e+00  5e+00 381:22.8
  856  10272 5.666795638569115e-02 1.6e+01 3.56e+00  2e+00  5e+00 384:58.2
  864  10368 9.768212632399793e-02 1.6e+01 2.51e+00  1e+00  3e+00 388:33.9
  872  10464 1.118516601813511e-01 1.6e+01 2.43e+00  1e+00  3e+00 392:09.0
  880  10560 8.961544582524231e-02 1.7e+01 2.47e+00  1e+00  3e+00 395:44.3
  888  10656 9.419254017386591e-02 1.9e+01 2.36e+00  1e+00  3e+00 399:19.6
  896  10752 7.203277798773480e-02 1.8e+01 1.95e+00  1e+00  3e+00 402:55.1
  900  10800 5.917664752279295e-02 1.9e+01 1.77e+00  1e+00  2e+00 404:42.8
  908  10896 8.224752092848640e-02 1.9e+01 1.86e+00  1e+00  3e+00 408:17.8
  916  10992 1.049088428846902e-01 1.9e+01 1.85e+00  1e+00  3e+00 411:53.1
  924  11088 6.882728610921884e-02 2.0e+01 1.53e+00  9e-01  2e+00 415:28.9
  932  11184 6.669660881927228e-02 2.1e+01 1.54e+00  9e-01  2e+00 419:04.5
  940  11280 7.576687602102636e-02 2.2e+01 1.49e+00  8e-01  2e+00 422:39.9
  948  11376 8.496378430578873e-02 2.3e+01 1.59e+00  9e-01  2e+00 426:15.4
  957  11484 1.021455852700033e-01 2.4e+01 2.31e+00  1e+00  3e+00 430:17.6
  966  11592 8.687624137221403e-02 2.4e+01 2.12e+00  1e+00  3e+00 434:20.1
  975  11700 1.078430616553278e-01 2.6e+01 1.92e+00  1e+00  3e+00 438:22.4
  984  11808 9.342468246766519e-02 2.7e+01 1.41e+00  8e-01  2e+00 442:24.9
  993  11916 1.126311992554017e-01 2.9e+01 1.67e+00  9e-01  2e+00 446:27.2
 1000  12000 9.650157911451999e-02 2.9e+01 1.96e+00  1e+00  3e+00 449:36.2
Budget constraint satisfied 668.6599731445312 839.2365112304688 Difference:  170.5765380859375
Budget constraint satisfied 722.8699340820312 839.2365112304688 Difference:  116.3665771484375
two_most_probable_states: ['0001000000', '0100000000']
final_expectation_value: -0.05839200986081477
params: [3.0715043021100015, 7.484967169310797, 7.9705063904429245, -2.1052548294376305, -1.5591387064206046, 0.9299309625902699, 30.787940938766273, -25.482400837321382, 9.456386118304245, -16.908781295460646, -7.518507881898502, -4.081401039091841, 3.5673459784917427, -3.9613889433236626, -2.3464421734869507, 13.13358536121159, 6.325768047929975, 1.8255333860267022, 15.662249408899108, 22.216769699420794]
total_steps: 1000
states_probs: [0.031847845693981545, 0.03491692341624948]
optimized_portfolios: [{'CAT': 0, 'CRM': 2, 'DIS': 0, 'JNJ': 0}, {'CAT': 2, 'CRM': 0, 'DIS': 0, 'JNJ': 0}]
objective_values: [-33.57285409254247, -14.687439201914414]
result_with_budget: [{'portfolio': {'CAT': 0, 'CRM': 2, 'DIS': 0, 'JNJ': 0}, 'budget': 668.6599731445312, 'difference': 170.5765380859375}, {'portfolio': {'CAT': 2, 'CRM': 0, 'DIS': 0, 'JNJ': 0}, 'budget': 722.8699340820312, 'difference': 116.3665771484375}]
Processing experiment 218
Budget: 227.05000114440918
Expected returns: 0.10677998254492281
Covariance matrix: 0.469248529165957
3rd-order coskewness tensor: -0.4193693159275365
4th-order cokurtosis tensor: 9.89204747169824
Number of qubits for asset IBM: 1
Number of qubits for asset KO: 2
Number of qubits for asset MRK: 2
Number of qubits for asset WBA: 5
Total number of qubits:  10
Optimized Weights (considering variance, skewness and kurtosis):
IBM: 20.44%
KO: 11.63%
MRK: 37.20%
WBA: 30.73%
Left over budget:  0.45608501257788703
Optimized Discrete Allocation:
KO: 1
MRK: 1
WBA: 7
Maximized utility from continuous higher moments:  -3350.214008262152
Budget constraint not satisfied 227.70515251159668 227.05000114440918 Difference:  -0.6551513671875
Budget constraint satisfied 218.37515258789062 227.05000114440918 Difference:  8.674848556518555
smallest_eigenvalues: [-0.011600650910971445]
smallest_bitstrings: ['1000010000']
first_excited_energy: -0.011585547915763595
optimized_portfolio: [{'IBM': 1, 'KO': 0, 'MRK': 0, 'WBA': 1}]
second_optimized_portfolio: [{'IBM': 1, 'KO': 0, 'MRK': 0, 'WBA': 0}]
result_with_budget: [{'portfolio': {'IBM': 1, 'KO': 0, 'MRK': 0, 'WBA': 1}, 'budget': 227.70515251159668, 'difference': -0.6551513671875, 'objective_value': -7.405483980841733}]
result_with_budget_excited: [{'portfolio': {'IBM': 1, 'KO': 0, 'MRK': 0, 'WBA': 0}, 'budget': 218.37515258789062, 'difference': 8.674848556518555, 'objective_value': -2.8394106093811255}]
Initial params:  [0.8558766  2.75730383 0.95560304 0.99520155 2.11613123 3.09393679
 1.28297363 1.87702015 2.58518038 2.26651968 1.28673809 2.37302805
 0.67265744 2.65326135 1.31859221 0.40383107 2.23526284 2.57216773
 1.8010657  0.80103323]
(6_w,12)-aCMA-ES (mu_w=3.7,w_1=40%) in dimension 20 (seed=302247, Mon Mar 17 03:28:12 2025)
Iterat #Fevals   function value  axis ratio  sigma  min&max std  t[m:s]
    1     12 1.227077246412486e-01 1.0e+00 1.41e+00  1e+00  1e+00 0:26.8
    2     24 6.301947595128665e-02 1.1e+00 1.38e+00  1e+00  1e+00 0:53.6
    3     36 5.354066811933061e-02 1.1e+00 1.37e+00  1e+00  1e+00 1:20.7
    4     48 6.474227587204022e-02 1.2e+00 1.38e+00  1e+00  1e+00 1:48.0
    5     60 9.331220002838353e-02 1.2e+00 1.39e+00  1e+00  1e+00 2:15.0
    6     72 1.041961542629661e-01 1.2e+00 1.34e+00  1e+00  1e+00 2:41.7
    7     84 7.890064649934715e-02 1.3e+00 1.33e+00  1e+00  1e+00 3:08.9
    8     96 5.549028502384547e-02 1.3e+00 1.35e+00  1e+00  1e+00 3:36.1
    9    108 1.407549923969838e-01 1.3e+00 1.37e+00  1e+00  1e+00 4:03.1
   10    120 5.447061379260282e-02 1.3e+00 1.39e+00  1e+00  1e+00 4:29.9
   11    132 1.048879512352962e-01 1.4e+00 1.38e+00  1e+00  1e+00 4:56.8
   12    144 9.980079182517726e-02 1.4e+00 1.37e+00  1e+00  1e+00 5:23.9
   13    156 6.723830541166771e-02 1.4e+00 1.35e+00  1e+00  1e+00 5:51.0
   14    168 3.649282416364098e-02 1.4e+00 1.30e+00  1e+00  1e+00 6:17.9
   15    180 6.913818397850101e-02 1.5e+00 1.26e+00  1e+00  1e+00 6:44.7
   16    192 5.379575932821214e-02 1.5e+00 1.25e+00  1e+00  1e+00 7:11.6
   17    204 4.367677138036672e-02 1.5e+00 1.28e+00  1e+00  1e+00 7:38.4
   18    216 5.039664493833433e-02 1.5e+00 1.31e+00  1e+00  1e+00 8:05.4
   19    228 5.096403956466088e-02 1.6e+00 1.38e+00  1e+00  1e+00 8:32.1
   20    240 1.364395967671689e-01 1.6e+00 1.40e+00  1e+00  1e+00 8:58.8
   21    252 6.899166927450644e-02 1.6e+00 1.50e+00  1e+00  2e+00 9:25.6
   22    264 1.264195437887632e-01 1.6e+00 1.62e+00  1e+00  2e+00 9:52.6
   23    276 3.797205057527490e-02 1.7e+00 1.67e+00  2e+00  2e+00 10:19.4
   24    288 9.762434066628403e-02 1.8e+00 1.75e+00  2e+00  2e+00 10:46.0
   25    300 8.897809514528980e-02 1.8e+00 1.72e+00  2e+00  2e+00 11:12.7
   26    312 3.950382519779595e-02 1.8e+00 1.66e+00  1e+00  2e+00 11:39.7
   27    324 1.303982795639685e-01 1.8e+00 1.68e+00  1e+00  2e+00 12:06.8
   29    348 7.344618561637688e-02 1.8e+00 1.83e+00  2e+00  2e+00 13:00.3
   31    372 6.402317125763371e-02 1.8e+00 2.03e+00  2e+00  2e+00 13:54.1
   33    396 7.773950671056794e-02 1.8e+00 2.08e+00  2e+00  2e+00 14:47.6
   35    420 9.815817787649105e-02 1.9e+00 1.97e+00  2e+00  2e+00 15:41.4
   37    444 6.095641747385180e-02 1.9e+00 1.99e+00  2e+00  2e+00 16:35.1
   39    468 1.344735076177492e-01 1.9e+00 2.05e+00  2e+00  2e+00 17:28.9
   41    492 1.127737794985838e-01 1.9e+00 2.00e+00  2e+00  2e+00 18:23.0
   43    516 8.060540774770976e-02 2.1e+00 2.04e+00  2e+00  2e+00 19:16.3
   45    540 1.336202538158634e-01 2.1e+00 2.11e+00  2e+00  2e+00 20:10.4
   47    564 9.255828897797296e-02 2.1e+00 2.17e+00  2e+00  2e+00 21:03.8
   49    588 7.297609079035863e-02 2.2e+00 1.97e+00  2e+00  2e+00 21:57.6
   51    612 7.578023307693317e-02 2.2e+00 1.83e+00  2e+00  2e+00 22:51.3
   53    636 6.838146200690620e-02 2.2e+00 1.76e+00  2e+00  2e+00 23:44.7
   55    660 8.099636332744076e-02 2.2e+00 1.77e+00  2e+00  2e+00 24:38.6
   57    684 6.417428251986790e-02 2.3e+00 1.82e+00  2e+00  2e+00 25:32.0
   59    708 9.229999083569784e-02 2.3e+00 1.87e+00  2e+00  2e+00 26:26.0
   61    732 2.963159661159645e-02 2.3e+00 1.89e+00  2e+00  2e+00 27:19.4
   63    756 2.202127831263154e-02 2.4e+00 1.96e+00  2e+00  2e+00 28:13.3
   65    780 8.487571936770545e-02 2.4e+00 1.94e+00  2e+00  2e+00 29:06.9
   67    804 7.738439326448143e-02 2.4e+00 1.92e+00  2e+00  2e+00 30:00.6
   69    828 5.996708173985268e-02 2.5e+00 1.84e+00  2e+00  2e+00 30:54.4
   71    852 6.622707269700963e-02 2.5e+00 1.80e+00  2e+00  2e+00 31:47.8
   73    876 8.523486357932077e-02 2.5e+00 1.89e+00  2e+00  2e+00 32:41.7
   75    900 6.445688114521714e-02 2.5e+00 1.93e+00  2e+00  2e+00 33:35.3
   77    924 1.725001241939834e-01 2.5e+00 1.86e+00  2e+00  2e+00 34:28.9
   79    948 8.745430796803490e-02 2.5e+00 1.78e+00  1e+00  2e+00 35:23.0
   81    972 1.170466139858898e-01 2.5e+00 1.71e+00  1e+00  2e+00 36:16.5
   84   1008 9.157443789308897e-02 2.4e+00 1.56e+00  1e+00  2e+00 37:37.5
   87   1044 1.289656436537743e-01 2.4e+00 1.62e+00  1e+00  2e+00 38:57.8
   90   1080 1.100965655118021e-01 2.4e+00 1.49e+00  1e+00  2e+00 40:18.7
   93   1116 6.244093446933281e-02 2.4e+00 1.34e+00  1e+00  2e+00 41:39.1
   96   1152 1.024258458885278e-01 2.5e+00 1.19e+00  9e-01  1e+00 42:59.6
   99   1188 1.052440506069350e-01 2.5e+00 1.12e+00  9e-01  1e+00 44:20.0
  100   1200 1.038820047492819e-01 2.5e+00 1.12e+00  9e-01  1e+00 44:47.0
  103   1236 8.099484309389850e-02 2.5e+00 1.20e+00  9e-01  1e+00 46:07.0
  106   1272 4.779079444091942e-02 2.6e+00 1.27e+00  1e+00  1e+00 47:27.9
  109   1308 6.302759821464388e-02 2.6e+00 1.26e+00  1e+00  2e+00 48:48.2
  112   1344 7.210257628706419e-02 2.6e+00 1.22e+00  9e-01  1e+00 50:09.0
  115   1380 1.083564479935061e-01 2.6e+00 1.36e+00  1e+00  2e+00 51:29.6
  118   1416 1.195194561849231e-01 2.6e+00 1.49e+00  1e+00  2e+00 52:50.2
  121   1452 6.347003876568014e-02 2.6e+00 1.47e+00  1e+00  2e+00 54:11.0
  124   1488 1.180864152824241e-01 2.6e+00 1.48e+00  1e+00  2e+00 55:31.4
  127   1524 6.116937145622860e-02 2.7e+00 1.51e+00  1e+00  2e+00 56:52.4
  130   1560 1.478119024013642e-01 2.8e+00 1.34e+00  1e+00  2e+00 58:12.7
  133   1596 1.075854680793706e-01 2.7e+00 1.25e+00  1e+00  1e+00 59:33.6
  136   1632 8.257194596664889e-02 2.7e+00 1.12e+00  9e-01  1e+00 60:54.0
  139   1668 3.472191066206895e-02 2.7e+00 1.07e+00  8e-01  1e+00 62:14.7
  142   1704 1.073795068530371e-01 2.8e+00 1.20e+00  1e+00  1e+00 63:35.3
  145   1740 6.849132183383186e-02 2.7e+00 1.28e+00  1e+00  2e+00 64:56.2
  148   1776 1.427858801138738e-01 2.7e+00 1.18e+00  9e-01  1e+00 66:17.1
  151   1812 1.125048938432843e-01 2.7e+00 1.05e+00  8e-01  1e+00 67:37.7
  154   1848 7.669934770559206e-02 2.8e+00 9.96e-01  8e-01  1e+00 68:58.7
  157   1884 1.202362125832197e-01 2.8e+00 1.04e+00  8e-01  1e+00 70:19.1
  160   1920 5.211617564174109e-02 2.8e+00 9.07e-01  7e-01  1e+00 71:39.8
  164   1968 7.917412106146333e-02 2.8e+00 8.14e-01  6e-01  9e-01 73:27.4
  168   2016 1.393236332021223e-01 2.8e+00 8.45e-01  6e-01  1e+00 75:14.6
  172   2064 8.789386031848595e-02 2.9e+00 9.12e-01  7e-01  1e+00 77:01.9
  176   2112 9.266786714930610e-02 2.9e+00 8.85e-01  6e-01  1e+00 78:49.3
  180   2160 6.808168943594695e-02 2.9e+00 1.01e+00  8e-01  1e+00 80:36.7
  184   2208 1.106351203170208e-01 3.0e+00 1.23e+00  9e-01  1e+00 82:24.0
  188   2256 7.582323529468776e-02 3.1e+00 1.36e+00  1e+00  2e+00 84:11.3
  192   2304 7.584330732764683e-02 3.2e+00 1.23e+00  9e-01  1e+00 85:59.0
  196   2352 1.111109962336812e-01 3.3e+00 1.18e+00  9e-01  1e+00 87:46.2
  200   2400 1.025230798672265e-01 3.4e+00 1.10e+00  8e-01  1e+00 89:33.6
  204   2448 8.576629878993609e-02 3.3e+00 1.18e+00  9e-01  1e+00 91:21.2
  208   2496 7.029062793352336e-02 3.3e+00 1.35e+00  1e+00  2e+00 93:08.8
  212   2544 7.328787781103609e-02 3.3e+00 1.36e+00  1e+00  2e+00 94:55.9
  216   2592 9.505284622949244e-02 3.3e+00 1.54e+00  1e+00  2e+00 96:43.1
  220   2640 7.168706244406266e-02 3.4e+00 1.57e+00  1e+00  2e+00 98:30.5
  224   2688 4.002513491904656e-02 3.5e+00 1.35e+00  1e+00  2e+00 100:17.9
  228   2736 3.549398959996353e-02 3.5e+00 1.21e+00  9e-01  1e+00 102:05.2
  232   2784 3.169366922253091e-02 3.5e+00 1.11e+00  8e-01  1e+00 103:52.3
  236   2832 1.219108443487197e-01 3.6e+00 1.14e+00  8e-01  1e+00 105:39.8
  240   2880 1.216863552381134e-01 3.5e+00 1.08e+00  8e-01  1e+00 107:27.3
  244   2928 9.625974306041794e-02 3.6e+00 1.11e+00  8e-01  1e+00 109:14.4
  248   2976 6.622182286575513e-02 3.7e+00 1.23e+00  9e-01  1e+00 111:01.5
  252   3024 6.127375933334001e-02 3.9e+00 1.23e+00  9e-01  2e+00 112:48.7
  256   3072 1.091622109808124e-01 4.0e+00 1.14e+00  8e-01  1e+00 114:36.2
  260   3120 8.096318514441747e-02 4.0e+00 1.10e+00  8e-01  1e+00 116:23.2
  264   3168 1.003188893135941e-01 4.0e+00 1.17e+00  8e-01  1e+00 118:10.4
  268   3216 1.051161322265630e-01 4.0e+00 1.07e+00  8e-01  1e+00 119:57.8
  273   3276 1.286068126169900e-01 4.0e+00 1.03e+00  8e-01  1e+00 122:12.1
  278   3336 5.162175398656609e-02 4.1e+00 1.10e+00  8e-01  1e+00 124:26.2
  283   3396 1.029953692007444e-01 4.1e+00 1.02e+00  7e-01  1e+00 126:40.2
  288   3456 9.674557486210981e-02 4.1e+00 9.14e-01  6e-01  1e+00 128:54.2
  293   3516 5.143867329956822e-02 4.1e+00 8.61e-01  6e-01  1e+00 131:08.3
  298   3576 1.054350043337541e-01 4.0e+00 8.90e-01  6e-01  1e+00 133:22.7
  300   3600 8.682737215717430e-02 4.0e+00 8.52e-01  6e-01  1e+00 134:16.7
  305   3660 7.606469331998161e-02 3.9e+00 8.40e-01  6e-01  1e+00 136:31.3
  310   3720 4.943104647070650e-02 4.1e+00 8.31e-01  6e-01  1e+00 138:46.0
  315   3780 1.113909699336043e-01 4.1e+00 8.74e-01  6e-01  1e+00 141:00.2
  320   3840 6.367488226957177e-02 4.1e+00 9.05e-01  6e-01  1e+00 143:14.5
  325   3900 1.259103634797406e-01 4.2e+00 1.04e+00  7e-01  1e+00 145:28.7
  330   3960 1.436608211500250e-01 4.7e+00 1.25e+00  9e-01  2e+00 147:43.1
  335   4020 4.854392119086308e-02 4.7e+00 1.44e+00  1e+00  2e+00 149:57.3
  340   4080 6.066430821441011e-02 4.6e+00 1.62e+00  1e+00  2e+00 152:11.1
  345   4140 9.654704139899550e-02 4.7e+00 1.67e+00  1e+00  2e+00 154:25.5
  350   4200 8.790921425780848e-02 4.7e+00 1.62e+00  1e+00  2e+00 156:39.9
  355   4260 6.531367038589544e-02 5.2e+00 1.70e+00  1e+00  2e+00 158:54.4
  360   4320 1.020718021495747e-01 5.1e+00 1.86e+00  1e+00  2e+00 161:08.9
  365   4380 5.206243363605956e-02 5.2e+00 2.00e+00  1e+00  3e+00 163:22.8
  370   4440 1.288418933334829e-01 5.2e+00 2.37e+00  2e+00  3e+00 165:37.1
  375   4500 8.823360747190426e-02 5.2e+00 2.21e+00  2e+00  3e+00 167:51.1
  380   4560 1.249061229735978e-01 5.1e+00 1.97e+00  1e+00  3e+00 170:05.4
  385   4620 8.075098468975005e-02 5.0e+00 1.96e+00  1e+00  2e+00 172:19.8
  390   4680 1.206390551661658e-01 5.1e+00 2.29e+00  2e+00  3e+00 174:34.2
  395   4740 1.007768075097715e-01 5.1e+00 2.17e+00  1e+00  3e+00 176:47.9
  400   4800 1.096215612332554e-01 5.1e+00 2.21e+00  2e+00  3e+00 179:00.5
  406   4872 7.832374192311641e-02 5.0e+00 2.21e+00  1e+00  3e+00 181:39.6
  412   4944 1.285233913182677e-01 5.4e+00 2.22e+00  1e+00  3e+00 184:18.7
  418   5016 1.388386373872164e-01 5.7e+00 2.37e+00  2e+00  3e+00 186:57.8
  424   5088 4.853730341421284e-02 5.9e+00 2.55e+00  2e+00  3e+00 189:37.0
  430   5160 1.211112369534030e-01 6.1e+00 2.42e+00  2e+00  3e+00 192:16.2
  436   5232 1.812684523142976e-01 6.3e+00 2.34e+00  2e+00  3e+00 194:55.2
  442   5304 1.066683598869418e-01 6.5e+00 2.03e+00  2e+00  3e+00 197:34.3
  448   5376 9.419560273111162e-02 6.6e+00 1.63e+00  1e+00  2e+00 200:13.6
  454   5448 1.077238785284240e-01 6.5e+00 1.36e+00  1e+00  2e+00 202:52.6
  460   5520 1.404566070421906e-01 6.6e+00 1.16e+00  9e-01  1e+00 205:31.7
  466   5592 1.223394300091536e-01 6.8e+00 1.03e+00  8e-01  1e+00 208:10.9
  472   5664 1.242181947473636e-01 7.0e+00 9.44e-01  7e-01  1e+00 210:49.9
  478   5736 1.124579924449165e-01 7.0e+00 8.60e-01  6e-01  1e+00 213:29.0
  484   5808 1.046966055323381e-01 7.2e+00 7.63e-01  5e-01  1e+00 216:08.0
  490   5880 1.131783681368755e-01 7.5e+00 6.79e-01  5e-01  9e-01 218:47.2
  496   5952 1.351169544924905e-01 7.7e+00 6.26e-01  4e-01  8e-01 221:26.2
  500   6000 1.845686602915293e-01 8.0e+00 6.25e-01  4e-01  8e-01 223:12.3
  506   6072 6.312043155768902e-02 8.2e+00 5.37e-01  4e-01  7e-01 225:51.2
  512   6144 1.338548054405374e-01 8.3e+00 4.65e-01  3e-01  6e-01 228:30.0
  518   6216 5.099423537928068e-02 8.4e+00 4.56e-01  3e-01  6e-01 231:09.0
  524   6288 9.844506880747635e-02 8.4e+00 4.62e-01  3e-01  6e-01 233:48.0
  530   6360 9.187347615460695e-02 8.5e+00 4.64e-01  3e-01  6e-01 236:27.1
  536   6432 9.731779095615592e-02 8.7e+00 4.30e-01  3e-01  5e-01 239:05.9
  542   6504 1.209312997034907e-01 9.7e+00 5.01e-01  3e-01  7e-01 241:44.6
  549   6588 1.394470499750013e-01 1.0e+01 5.99e-01  4e-01  8e-01 244:50.0
  556   6672 1.104152437839142e-01 1.0e+01 5.89e-01  4e-01  8e-01 247:55.3
  563   6756 1.217289472995747e-01 1.0e+01 5.91e-01  4e-01  8e-01 251:00.8
  570   6840 8.051187422596458e-02 9.9e+00 6.51e-01  5e-01  9e-01 254:06.2
  577   6924 1.001418560800719e-01 9.9e+00 5.75e-01  4e-01  8e-01 257:11.8
  584   7008 1.271097909358568e-01 1.0e+01 6.79e-01  5e-01  9e-01 260:17.3
  591   7092 1.141947585059075e-01 1.0e+01 6.47e-01  4e-01  9e-01 263:22.6
  598   7176 1.297177199297108e-01 1.0e+01 9.27e-01  6e-01  1e+00 266:28.2
  600   7200 9.808081368666020e-02 1.0e+01 9.78e-01  7e-01  1e+00 267:21.2
  607   7284 1.252494408967726e-01 1.0e+01 9.77e-01  7e-01  1e+00 270:26.6
  614   7368 1.258033098030623e-01 1.0e+01 9.25e-01  6e-01  1e+00 273:32.0
  621   7452 9.268821198031409e-02 1.0e+01 9.05e-01  6e-01  1e+00 276:37.6
  628   7536 8.806734447629819e-02 1.0e+01 8.60e-01  6e-01  1e+00 279:43.1
  635   7620 1.308156049696782e-01 1.0e+01 1.04e+00  7e-01  1e+00 282:48.6
  642   7704 1.355900381575252e-01 1.0e+01 1.15e+00  8e-01  2e+00 285:54.3
  649   7788 1.032453608237316e-01 1.0e+01 1.18e+00  8e-01  2e+00 289:00.6
  656   7872 1.007366519982989e-01 1.0e+01 1.31e+00  9e-01  2e+00 292:05.9
  663   7956 8.812256107761808e-02 1.1e+01 1.34e+00  9e-01  2e+00 295:11.6
  670   8040 1.351306311217836e-01 1.1e+01 1.26e+00  8e-01  2e+00 298:17.4
  677   8124 1.203728000332807e-01 1.1e+01 1.10e+00  7e-01  1e+00 301:22.8
  684   8208 1.182436661045622e-01 1.1e+01 9.50e-01  6e-01  1e+00 304:28.5
  691   8292 1.321872077586785e-01 1.1e+01 1.04e+00  7e-01  1e+00 307:34.0
  698   8376 1.153065440770087e-01 1.1e+01 1.33e+00  8e-01  2e+00 310:39.7
  700   8400 1.119953980352581e-01 1.1e+01 1.34e+00  8e-01  2e+00 311:32.6
  707   8484 1.563556583692111e-01 1.2e+01 1.22e+00  7e-01  2e+00 314:38.0
  714   8568 1.219502088063794e-01 1.2e+01 1.05e+00  6e-01  2e+00 317:43.4
  721   8652 8.886164818237109e-02 1.2e+01 9.96e-01  6e-01  1e+00 320:49.1
  729   8748 1.208686395614101e-01 1.3e+01 1.05e+00  6e-01  2e+00 324:21.2
  737   8844 9.560118505456987e-02 1.4e+01 1.09e+00  6e-01  2e+00 327:53.3
  745   8940 3.866706011455982e-02 1.5e+01 9.47e-01  5e-01  1e+00 331:25.4
  753   9036 1.144646037642315e-01 1.5e+01 8.48e-01  5e-01  1e+00 334:57.1
  761   9132 7.920829217197591e-02 1.5e+01 9.01e-01  5e-01  1e+00 338:29.0
  769   9228 1.486798421901512e-01 1.5e+01 9.53e-01  6e-01  1e+00 342:01.2
  777   9324 1.327219036668479e-01 1.6e+01 9.51e-01  6e-01  1e+00 345:33.2
  785   9420 7.662946975932328e-02 1.6e+01 1.25e+00  8e-01  2e+00 349:05.3
  793   9516 1.262813957293446e-01 1.7e+01 1.28e+00  8e-01  2e+00 352:37.2
  800   9600 1.307434312246711e-01 1.7e+01 1.36e+00  9e-01  2e+00 355:42.8
  808   9696 5.588628427068381e-02 1.7e+01 1.37e+00  9e-01  2e+00 359:15.0
  816   9792 1.068125894877805e-01 1.7e+01 1.63e+00  1e+00  2e+00 362:46.9
  824   9888 9.774680976287872e-02 1.7e+01 1.87e+00  1e+00  3e+00 366:19.0
  832   9984 7.598707176283298e-02 1.7e+01 2.02e+00  1e+00  3e+00 369:51.2
  840  10080 9.443560906862640e-02 1.8e+01 2.14e+00  1e+00  3e+00 373:23.4
  848  10176 8.319070157075197e-02 1.8e+01 3.06e+00  2e+00  5e+00 376:56.9
  856  10272 1.190100170888569e-01 1.8e+01 3.16e+00  2e+00  5e+00 380:30.1
  864  10368 1.103275913414540e-01 1.8e+01 2.62e+00  2e+00  4e+00 384:03.5
  872  10464 1.123338186657978e-01 1.9e+01 2.57e+00  2e+00  4e+00 387:36.9
  880  10560 1.224061253511887e-01 1.8e+01 3.47e+00  2e+00  5e+00 391:10.3
  888  10656 9.886979920204715e-02 1.9e+01 3.96e+00  2e+00  6e+00 394:43.6
  896  10752 1.279663092669246e-01 1.9e+01 3.89e+00  2e+00  6e+00 398:17.0
  900  10800 1.448931772585843e-01 2.1e+01 4.26e+00  3e+00  6e+00 400:03.5
  908  10896 1.062627654918258e-01 2.2e+01 4.99e+00  3e+00  8e+00 403:36.8
  916  10992 1.396556637681827e-01 2.2e+01 4.75e+00  3e+00  7e+00 407:10.0
  924  11088 9.413984508969701e-02 2.2e+01 4.59e+00  3e+00  7e+00 410:43.9
  932  11184 1.566113086853494e-01 2.3e+01 4.06e+00  2e+00  6e+00 414:17.2
  940  11280 1.164098905208452e-01 2.4e+01 3.56e+00  2e+00  5e+00 417:50.6
Budget constraint not satisfied 506.77298164367676 227.05000114440918 Difference:  -279.7229804992676
Budget constraint not satisfied 469.09689140319824 227.05000114440918 Difference:  -242.04689025878906
two_most_probable_states: ['1011011100', '1110011100']
final_expectation_value: 0.021412725439656628
params: [5.6655393187180145, -0.6018410869952286, -4.5539752591213345, 7.336337742663231, -8.937924948529558, 5.487959920368692, 1.3084214004647219, 1.7151576723610003, -0.6405032352416926, 9.307691001661684, 10.173711951894306, -5.391486408389621, -8.719162198252993, 4.0925913394653834, 7.799437046596238, -19.13500494794355, -17.102417810514968, 11.055916733544889, 6.704057034711528, 7.862831362106654]
total_steps: 940
states_probs: [0.0053640651546223465, 0.005490040570414329]
optimized_portfolios: [{'IBM': 1, 'KO': 2, 'MRK': 1, 'WBA': 7}, {'IBM': 1, 'KO': 3, 'MRK': 0, 'WBA': 7}]
objective_values: [-3244.282263783425, -4201.626274254907]
result_with_budget: [{'portfolio': {'IBM': 1, 'KO': 2, 'MRK': 1, 'WBA': 7}, 'budget': 506.77298164367676, 'difference': -279.7229804992676}, {'portfolio': {'IBM': 1, 'KO': 3, 'MRK': 0, 'WBA': 7}, 'budget': 469.09689140319824, 'difference': -242.04689025878906}]
Processing experiment 219
Budget: 532.2410888671875
Expected returns: 0.11207399300846053
Covariance matrix: 0.4065933849178395
3rd-order coskewness tensor: -0.20201922645320539
4th-order cokurtosis tensor: 23.468862750818637
Number of qubits for asset CVX: 2
Number of qubits for asset HD: 1
Number of qubits for asset INTC: 5
Number of qubits for asset JPM: 2
Total number of qubits:  10
Optimized Weights (considering variance, skewness and kurtosis):
CVX: 22.11%
HD: 11.62%
INTC: 40.44%
JPM: 25.83%
Left over budget:  10.161647772746619
Optimized Discrete Allocation:
CVX: 1
INTC: 7
JPM: 1
Maximized utility from continuous higher moments:  -6659.399554547662
Budget constraint satisfied 529.7880859375 532.2410888671875 Difference:  2.4530029296875
Budget constraint satisfied 524.9805450439453 532.2410888671875 Difference:  7.2605438232421875
smallest_eigenvalues: [-0.03108094796896021]
smallest_bitstrings: ['1010000000']
first_excited_energy: -0.031035937949652415
optimized_portfolio: [{'CVX': 1, 'HD': 1, 'INTC': 0, 'JPM': 0}]
second_optimized_portfolio: [{'CVX': 2, 'HD': 0, 'INTC': 0, 'JPM': 1}]
result_with_budget: [{'portfolio': {'CVX': 1, 'HD': 1, 'INTC': 0, 'JPM': 0}, 'budget': 529.7880859375, 'difference': 2.4530029296875, 'objective_value': -33.82326495770677}]
result_with_budget_excited: [{'portfolio': {'CVX': 2, 'HD': 0, 'INTC': 0, 'JPM': 1}, 'budget': 524.9805450439453, 'difference': 7.2605438232421875, 'objective_value': -159.71780364144516}]
Initial params:  [2.43901114 1.6227432  2.72568531 1.90353992 2.8779405  1.54233803
 2.9816179  0.16409682 1.61521928 2.95075336 0.81268869 1.03023342
 2.70836455 2.19012473 1.94345427 0.21096146 1.37556811 1.37291755
 0.80968076 0.20329508]
(6_w,12)-aCMA-ES (mu_w=3.7,w_1=40%) in dimension 20 (seed=276537, Mon Mar 17 10:26:46 2025)
Iterat #Fevals   function value  axis ratio  sigma  min&max std  t[m:s]
    1     12 2.442746122069105e-02 1.0e+00 1.39e+00  1e+00  1e+00 0:26.7
    2     24 7.333573995466965e-02 1.1e+00 1.33e+00  1e+00  1e+00 0:53.5
    3     36 1.729683611595025e-04 1.1e+00 1.25e+00  1e+00  1e+00 1:20.1
    4     48 3.223028249769537e-02 1.1e+00 1.22e+00  1e+00  1e+00 1:46.8
    5     60 3.105560898511087e-02 1.2e+00 1.21e+00  1e+00  1e+00 2:13.4
    6     72 1.286835814376681e-02 1.2e+00 1.22e+00  1e+00  1e+00 2:40.0
    7     84 9.681918771142815e-02 1.2e+00 1.25e+00  1e+00  1e+00 3:06.5
    8     96 4.236934781953697e-02 1.3e+00 1.31e+00  1e+00  1e+00 3:33.1
    9    108 6.760081349134386e-02 1.3e+00 1.35e+00  1e+00  1e+00 3:59.8
   10    120 5.536188592178084e-02 1.4e+00 1.40e+00  1e+00  1e+00 4:26.5
   11    132 4.472613878166525e-02 1.4e+00 1.43e+00  1e+00  1e+00 4:53.3
   12    144 3.858437045190246e-03 1.4e+00 1.45e+00  1e+00  2e+00 5:20.0
   13    156 3.840378777942423e-02 1.5e+00 1.46e+00  1e+00  2e+00 5:46.6
   14    168 5.126996725008273e-02 1.5e+00 1.45e+00  1e+00  2e+00 6:13.1
   15    180 8.090293928601149e-02 1.5e+00 1.49e+00  1e+00  2e+00 6:39.8
   16    192 3.950854781706935e-02 1.5e+00 1.53e+00  1e+00  2e+00 7:06.5
   17    204 1.481579778983714e-02 1.6e+00 1.51e+00  1e+00  2e+00 7:33.1
   18    216 2.068407286086154e-02 1.6e+00 1.44e+00  1e+00  2e+00 7:59.9
   19    228 1.073092146575001e-01 1.6e+00 1.36e+00  1e+00  1e+00 8:26.6
   20    240 5.359799461601251e-02 1.6e+00 1.36e+00  1e+00  2e+00 8:53.2
   21    252 3.380862527975969e-02 1.6e+00 1.32e+00  1e+00  1e+00 9:19.7
   22    264 3.583666775325706e-02 1.7e+00 1.29e+00  1e+00  1e+00 9:46.3
   23    276 5.644705400215148e-02 1.7e+00 1.29e+00  1e+00  1e+00 10:12.9
   24    288 2.188231645878617e-02 1.7e+00 1.29e+00  1e+00  1e+00 10:39.5
   25    300 5.437120234174183e-02 1.7e+00 1.28e+00  1e+00  1e+00 11:06.1
   26    312 3.799145833745393e-02 1.7e+00 1.28e+00  1e+00  1e+00 11:33.0
   27    324 1.529154792582603e-02 1.7e+00 1.26e+00  1e+00  1e+00 11:59.7
   29    348 3.092841196777645e-02 1.7e+00 1.31e+00  1e+00  1e+00 12:53.2
   31    372 1.311165764603479e-02 1.8e+00 1.35e+00  1e+00  1e+00 13:46.4
   33    396 3.745720924269477e-02 1.8e+00 1.28e+00  1e+00  1e+00 14:39.7
   35    420 4.519145822524375e-02 1.8e+00 1.20e+00  1e+00  1e+00 15:33.0
   37    444 3.158426698606200e-02 1.8e+00 1.19e+00  1e+00  1e+00 16:26.1
   39    468 6.308660724928836e-02 1.8e+00 1.13e+00  1e+00  1e+00 17:19.2
   41    492 4.687024110978090e-02 1.8e+00 1.13e+00  1e+00  1e+00 18:12.6
   43    516 4.061831198227039e-02 1.8e+00 1.06e+00  1e+00  1e+00 19:05.9
   45    540 1.076987403478179e-02 1.8e+00 1.05e+00  9e-01  1e+00 19:59.0
   47    564 7.441163723338626e-02 1.8e+00 1.08e+00  1e+00  1e+00 20:52.2
   49    588 4.259108497030346e-02 1.8e+00 1.12e+00  1e+00  1e+00 21:45.7
   51    612 2.920916389729923e-02 1.8e+00 1.10e+00  1e+00  1e+00 22:38.9
   53    636 3.656595537868931e-02 1.9e+00 1.09e+00  1e+00  1e+00 23:32.1
   55    660 4.932300059391677e-02 1.9e+00 1.05e+00  9e-01  1e+00 24:25.1
   57    684 3.439072905293937e-02 1.9e+00 1.01e+00  9e-01  1e+00 25:18.7
   59    708 4.255549476987406e-02 1.9e+00 1.01e+00  9e-01  1e+00 26:11.9
   61    732 3.005232092216081e-02 2.0e+00 1.05e+00  1e+00  1e+00 27:05.0
   63    756 5.819885722538155e-02 2.0e+00 1.02e+00  9e-01  1e+00 27:58.6
   65    780 4.774481040138361e-02 2.1e+00 9.48e-01  9e-01  1e+00 28:51.9
   67    804 6.282081107189989e-02 2.1e+00 8.63e-01  8e-01  9e-01 29:45.1
   69    828 3.036486526046435e-02 2.1e+00 8.89e-01  8e-01  1e+00 30:38.3
   71    852 2.546163844977581e-02 2.2e+00 8.87e-01  8e-01  1e+00 31:31.5
   73    876 5.182967210024534e-02 2.2e+00 8.94e-01  8e-01  1e+00 32:24.8
   75    900 4.011049001748089e-02 2.2e+00 8.75e-01  8e-01  1e+00 33:18.2
   77    924 3.637250426168796e-02 2.2e+00 8.79e-01  8e-01  1e+00 34:11.4
   79    948 2.069118696973490e-02 2.2e+00 9.05e-01  8e-01  1e+00 35:04.8
   81    972 4.082518202473919e-02 2.3e+00 9.68e-01  9e-01  1e+00 35:58.1
   84   1008 5.068640304057398e-02 2.4e+00 9.94e-01  9e-01  1e+00 37:18.1
   87   1044 5.707175824858719e-02 2.5e+00 1.06e+00  9e-01  1e+00 38:38.0
   90   1080 4.276176617695700e-02 2.6e+00 1.11e+00  9e-01  1e+00 39:58.4
   93   1116 4.263489454395269e-02 2.8e+00 1.09e+00  9e-01  2e+00 41:18.3
   96   1152 4.249416178316873e-02 2.9e+00 1.13e+00  1e+00  2e+00 42:38.1
   99   1188 5.507858232437619e-02 2.9e+00 1.08e+00  9e-01  2e+00 43:57.8
  100   1200 1.385040867556152e-02 2.9e+00 1.10e+00  9e-01  2e+00 44:24.6
  103   1236 2.767608220359343e-02 3.0e+00 1.18e+00  1e+00  2e+00 45:44.4
  106   1272 3.191381649603554e-02 3.0e+00 1.17e+00  1e+00  2e+00 47:04.3
  109   1308 3.614179728475776e-02 3.1e+00 1.13e+00  9e-01  2e+00 48:24.0
  112   1344 4.003671513825875e-02 3.1e+00 1.08e+00  9e-01  2e+00 49:44.0
  115   1380 1.514583872172296e-02 3.2e+00 1.10e+00  9e-01  2e+00 51:03.6
  118   1416 5.503243450761535e-02 3.1e+00 1.11e+00  9e-01  2e+00 52:23.6
  121   1452 3.042191173186550e-02 3.1e+00 1.02e+00  8e-01  2e+00 53:43.2
  124   1488 4.627675268642429e-02 3.2e+00 1.02e+00  9e-01  1e+00 55:03.0
  127   1524 3.414209127780566e-02 3.3e+00 1.11e+00  1e+00  2e+00 56:22.6
  130   1560 6.044458871122940e-02 3.2e+00 1.15e+00  1e+00  2e+00 57:42.3
