Running job array 11 on pe34.int.triton.aalto.fi
Starting at Sun Mar 23 11:30:59 EET 2025
Activating virtual environment at /scratch/work/uotilav2/quantum-portfolio/venv
Processing batch 12/100: experiments 11 to 11 (total 1)
Processing experiment 11
Budget: 5710
YF.download() has changed argument auto_adjust default to True
Number of qubits for asset MMM: 6
Number of qubits for asset NKE: 7
Total number of qubits:  13
Optimized Weights (considering variance, skewness and kurtosis):
MMM: 39.54%
NKE: 60.46%
Left over budget:  9.783819123698777
Optimized Discrete Allocation:
MMM: 18
NKE: 45
Maximized utility from continuous higher moments:  -333772.6967615585
Budget constraint satisfied 5704.867767333984 5710 Difference:  5.132232666015625
Budget constraint satisfied 5682.746246337891 5710 Difference:  27.253753662109375
smallest_eigenvalues: [-0.24941570935894566]
smallest_bitstrings: ['0011100011100']
first_excited_energy: -0.24941322070194408
optimized_portfolio: [{'MMM': 28, 'NKE': 28}]
second_optimized_portfolio: [{'MMM': 29, 'NKE': 26}]
result_with_budget: [{'portfolio': {'MMM': 28, 'NKE': 28}, 'budget': 5704.867767333984, 'difference': 5.132232666015625, 'objective_value': -163508.00522231383}]
result_with_budget_excited: [{'portfolio': {'MMM': 29, 'NKE': 26}, 'budget': 5682.746246337891, 'difference': 27.253753662109375, 'objective_value': -159990.18680588444}]
Initial params:  [2.51063067 1.44978017 2.45210473 0.37157007 2.01037118 0.45035763
 2.96776493 1.63943485 1.3026989  0.83112597 2.43232687 1.43303853
 1.78578792 0.0590299  1.94035914 1.92295543 1.93815531 2.96487203
 2.14200164 1.12942738]
(6_w,12)-aCMA-ES (mu_w=3.7,w_1=40%) in dimension 20 (seed=908886, Sun Mar 23 11:35:56 2025)
Iterat #Fevals   function value  axis ratio  sigma  min&max std  t[m:s]
    1     12 -1.644933342309048e-01 1.0e+00 9.73e-02  1e-01  1e-01 1:29.6
    2     24 -1.587465556555687e-01 1.1e+00 9.63e-02  9e-02  1e-01 2:58.9
    3     36 -1.630166794893331e-01 1.2e+00 9.47e-02  9e-02  1e-01 4:28.1
    4     48 -1.832499291177231e-01 1.2e+00 9.75e-02  9e-02  1e-01 5:56.9
    5     60 -1.776158534218739e-01 1.3e+00 1.05e-01  1e-01  1e-01 7:25.8
    6     72 -1.770003905402598e-01 1.4e+00 1.08e-01  1e-01  1e-01 8:54.6
    7     84 -1.916455955039346e-01 1.4e+00 1.12e-01  1e-01  1e-01 10:23.1
    8     96 -1.897683212419050e-01 1.5e+00 1.13e-01  1e-01  1e-01 11:49.9
    9    108 -1.962862605585356e-01 1.5e+00 1.12e-01  1e-01  1e-01 13:15.6
   10    120 -1.980450462885396e-01 1.6e+00 1.11e-01  1e-01  1e-01 14:41.3
   11    132 -2.023400895189153e-01 1.6e+00 1.13e-01  1e-01  1e-01 16:06.9
   12    144 -2.027884989621392e-01 1.7e+00 1.19e-01  1e-01  1e-01 17:33.2
   13    156 -1.952520192194568e-01 1.7e+00 1.25e-01  1e-01  1e-01 18:59.3
   14    168 -2.081957325071845e-01 1.8e+00 1.31e-01  1e-01  1e-01 20:25.1
   15    180 -2.107396969218124e-01 1.8e+00 1.36e-01  1e-01  1e-01 21:50.8
   16    192 -2.067070069600840e-01 1.9e+00 1.36e-01  1e-01  1e-01 23:16.6
   17    204 -2.063243874135636e-01 1.9e+00 1.32e-01  1e-01  1e-01 24:42.7
   18    216 -2.054695409296618e-01 1.9e+00 1.24e-01  1e-01  1e-01 26:09.0
   19    228 -2.000672448780078e-01 1.9e+00 1.19e-01  1e-01  1e-01 27:34.8
   20    240 -2.093891104144840e-01 2.0e+00 1.13e-01  1e-01  1e-01 29:00.6
   21    252 -2.038841283090148e-01 2.0e+00 1.10e-01  1e-01  1e-01 30:26.4
   22    264 -1.986957423524337e-01 2.0e+00 1.05e-01  1e-01  1e-01 31:52.2
   23    276 -1.941860210618655e-01 2.0e+00 1.04e-01  1e-01  1e-01 33:18.4
   24    288 -2.013292151142825e-01 2.1e+00 9.94e-02  9e-02  1e-01 34:44.3
   25    300 -2.107127089205454e-01 2.1e+00 9.87e-02  9e-02  1e-01 36:10.1
   26    312 -2.102719340468708e-01 2.2e+00 9.82e-02  9e-02  1e-01 37:35.9
   27    324 -2.077819897524510e-01 2.2e+00 9.48e-02  9e-02  1e-01 39:01.7
   28    336 -2.111238412824476e-01 2.3e+00 8.74e-02  8e-02  9e-02 40:27.9
   29    348 -2.098600400293775e-01 2.3e+00 8.32e-02  8e-02  9e-02 41:53.9
   30    360 -2.100167121438781e-01 2.4e+00 7.92e-02  7e-02  8e-02 43:19.6
   31    372 -2.130537605995373e-01 2.4e+00 7.51e-02  7e-02  8e-02 44:45.4
   32    384 -2.081155876192354e-01 2.4e+00 7.35e-02  7e-02  8e-02 46:11.2
   33    396 -2.137350088964824e-01 2.4e+00 7.44e-02  7e-02  8e-02 47:37.1
   34    408 -2.153833615058674e-01 2.5e+00 7.35e-02  7e-02  8e-02 49:03.5
   35    420 -2.122216163598259e-01 2.6e+00 7.42e-02  7e-02  8e-02 50:29.7
   36    432 -2.098999647708449e-01 2.6e+00 7.54e-02  7e-02  8e-02 51:55.5
   37    444 -2.131070605109556e-01 2.6e+00 7.64e-02  7e-02  8e-02 53:21.8
   38    456 -2.114934523486810e-01 2.7e+00 7.34e-02  7e-02  8e-02 54:47.6
   39    468 -2.148067081325349e-01 2.7e+00 7.29e-02  7e-02  8e-02 56:13.7
   40    480 -2.152445326457663e-01 2.7e+00 7.28e-02  7e-02  8e-02 57:40.0
   41    492 -2.150456020668865e-01 2.8e+00 7.37e-02  7e-02  8e-02 59:05.8
   42    504 -2.143931173126243e-01 2.8e+00 7.46e-02  7e-02  8e-02 60:31.9
   43    516 -2.156066518723904e-01 2.8e+00 7.60e-02  7e-02  9e-02 61:57.9
   44    528 -2.156593158734723e-01 2.9e+00 7.90e-02  7e-02  9e-02 63:23.8
   45    540 -2.163090549349070e-01 3.0e+00 8.40e-02  7e-02  1e-01 64:49.7
   46    552 -2.165939119707717e-01 3.1e+00 8.90e-02  8e-02  1e-01 66:15.9
   47    564 -2.152913971220909e-01 3.2e+00 8.92e-02  8e-02  1e-01 67:41.8
   48    576 -2.171453445866127e-01 3.3e+00 8.80e-02  8e-02  1e-01 69:07.4
   49    588 -2.183760550034759e-01 3.4e+00 8.58e-02  7e-02  1e-01 70:33.5
   50    600 -2.185511548140463e-01 3.4e+00 8.53e-02  7e-02  1e-01 71:59.3
   51    612 -2.163881858662214e-01 3.4e+00 8.48e-02  7e-02  1e-01 73:25.2
   52    624 -2.155346312921502e-01 3.5e+00 8.26e-02  7e-02  1e-01 74:51.1
   53    636 -2.165613568624159e-01 3.5e+00 8.31e-02  7e-02  1e-01 76:17.1
   54    648 -2.182880135404668e-01 3.6e+00 8.42e-02  7e-02  1e-01 77:43.2
   55    660 -2.183940567325457e-01 3.7e+00 8.69e-02  8e-02  1e-01 79:08.9
   56    672 -2.188305950651939e-01 3.8e+00 8.88e-02  8e-02  1e-01 80:34.6
   57    684 -2.205461326667095e-01 3.9e+00 9.07e-02  8e-02  1e-01 82:00.4
   58    696 -2.205490218044495e-01 3.9e+00 9.03e-02  8e-02  1e-01 83:26.0
   59    708 -2.180848830169488e-01 4.0e+00 8.94e-02  8e-02  1e-01 84:51.7
   60    720 -2.172031929025516e-01 4.0e+00 8.87e-02  8e-02  1e-01 86:17.6
   61    732 -2.190936224517980e-01 4.1e+00 8.87e-02  8e-02  1e-01 87:43.2
   62    744 -2.182349970231584e-01 4.1e+00 8.92e-02  8e-02  1e-01 89:09.0
   63    756 -2.205535885415740e-01 4.1e+00 8.98e-02  8e-02  1e-01 90:34.7
   64    768 -2.193768877663907e-01 4.1e+00 9.15e-02  8e-02  1e-01 92:00.2
   65    780 -2.201657927345194e-01 4.2e+00 9.07e-02  8e-02  1e-01 93:26.2
   66    792 -2.178546547188343e-01 4.2e+00 8.91e-02  8e-02  1e-01 94:51.9
   67    804 -2.196040306266524e-01 4.3e+00 8.78e-02  8e-02  1e-01 96:17.4
   68    816 -2.172388185689381e-01 4.3e+00 8.91e-02  8e-02  1e-01 97:43.1
   69    828 -2.163058791251027e-01 4.3e+00 8.96e-02  8e-02  1e-01 99:08.9
   70    840 -2.200344739053369e-01 4.4e+00 8.91e-02  8e-02  1e-01 100:34.6
   71    852 -2.205116680146110e-01 4.4e+00 8.73e-02  8e-02  1e-01 102:00.3
   72    864 -2.200813198916471e-01 4.5e+00 8.44e-02  7e-02  1e-01 103:26.2
   73    876 -2.195450260583892e-01 4.5e+00 8.45e-02  7e-02  1e-01 104:51.6
   74    888 -2.215577445742321e-01 4.5e+00 8.73e-02  8e-02  1e-01 106:17.4
   75    900 -2.210531993059577e-01 4.6e+00 8.84e-02  8e-02  1e-01 107:43.2
   76    912 -2.193480689045038e-01 4.6e+00 8.98e-02  8e-02  1e-01 109:08.9
   77    924 -2.200351595041715e-01 4.6e+00 8.92e-02  8e-02  1e-01 110:34.7
   78    936 -2.209021976729157e-01 4.6e+00 8.90e-02  8e-02  1e-01 112:00.2
   79    948 -2.198232291565868e-01 4.7e+00 9.17e-02  8e-02  1e-01 113:25.8
   80    960 -2.207537767907050e-01 4.8e+00 8.87e-02  8e-02  1e-01 114:51.7
   81    972 -2.214141987761662e-01 4.9e+00 8.70e-02  7e-02  1e-01 116:17.3
   82    984 -2.218879362454530e-01 4.9e+00 8.41e-02  7e-02  1e-01 117:43.1
   83    996 -2.210566803057339e-01 5.0e+00 8.26e-02  7e-02  1e-01 119:08.6
   84   1008 -2.197185779563049e-01 5.1e+00 8.09e-02  7e-02  1e-01 120:34.4
   85   1020 -2.218360772715875e-01 5.1e+00 7.74e-02  6e-02  1e-01 122:00.1
   86   1032 -2.220008015997201e-01 5.1e+00 7.54e-02  6e-02  9e-02 123:25.5
   88   1056 -2.221434928652846e-01 5.3e+00 7.49e-02  6e-02  9e-02 126:17.4
   90   1080 -2.227697896759816e-01 5.3e+00 7.50e-02  6e-02  9e-02 129:09.0
   92   1104 -2.217515725176525e-01 5.4e+00 7.11e-02  6e-02  9e-02 132:00.3
   94   1128 -2.227192005767399e-01 5.5e+00 6.69e-02  5e-02  9e-02 134:51.9
   96   1152 -2.233186807223483e-01 5.6e+00 6.27e-02  5e-02  8e-02 137:43.5
   98   1176 -2.228071282155243e-01 5.8e+00 6.06e-02  5e-02  8e-02 140:35.2
  100   1200 -2.221421887623431e-01 5.8e+00 5.90e-02  5e-02  7e-02 143:26.8
  102   1224 -2.232658889260720e-01 6.0e+00 5.45e-02  4e-02  7e-02 146:18.4
  104   1248 -2.221214410352900e-01 6.2e+00 5.46e-02  4e-02  7e-02 149:10.0
  106   1272 -2.227695183382599e-01 6.3e+00 5.21e-02  4e-02  6e-02 152:01.4
  108   1296 -2.229752024919661e-01 6.4e+00 4.84e-02  4e-02  6e-02 154:53.1
  110   1320 -2.234175959754875e-01 6.6e+00 4.86e-02  4e-02  6e-02 157:45.2
  112   1344 -2.236884256400536e-01 6.8e+00 5.27e-02  4e-02  6e-02 160:36.6
  114   1368 -2.241522336736410e-01 7.0e+00 5.27e-02  4e-02  7e-02 163:28.0
  116   1392 -2.241247918268649e-01 7.2e+00 5.20e-02  4e-02  6e-02 166:19.9
  118   1416 -2.240593074666943e-01 7.4e+00 5.29e-02  4e-02  7e-02 169:12.1
  120   1440 -2.248005718866906e-01 7.6e+00 5.56e-02  4e-02  7e-02 172:03.8
  122   1464 -2.248292560853898e-01 8.0e+00 6.06e-02  5e-02  8e-02 174:55.2
  124   1488 -2.243546455984395e-01 8.3e+00 5.83e-02  4e-02  7e-02 177:47.3
  126   1512 -2.243194143665820e-01 8.5e+00 5.56e-02  4e-02  7e-02 180:39.0
  128   1536 -2.243734551929395e-01 8.7e+00 5.48e-02  4e-02  7e-02 183:30.8
  130   1560 -2.243624791902135e-01 8.9e+00 5.13e-02  4e-02  7e-02 186:22.9
  132   1584 -2.247506499152050e-01 9.4e+00 5.28e-02  4e-02  7e-02 189:14.4
  134   1608 -2.241249757468898e-01 9.7e+00 5.43e-02  4e-02  7e-02 192:06.2
  136   1632 -2.248638093099430e-01 9.9e+00 5.45e-02  4e-02  7e-02 194:57.9
  138   1656 -2.247161708068290e-01 1.0e+01 5.89e-02  4e-02  8e-02 197:49.3
  140   1680 -2.254819052255874e-01 1.0e+01 6.18e-02  4e-02  8e-02 200:40.5
  142   1704 -2.252157795251467e-01 1.0e+01 6.35e-02  4e-02  8e-02 203:31.9
  144   1728 -2.252910663870596e-01 1.1e+01 6.98e-02  5e-02  9e-02 206:23.6
  146   1752 -2.251310873808005e-01 1.1e+01 7.77e-02  5e-02  1e-01 209:15.2
  148   1776 -2.248815865886753e-01 1.2e+01 7.83e-02  5e-02  1e-01 212:06.8
  150   1800 -2.255979042141469e-01 1.2e+01 8.25e-02  5e-02  1e-01 214:58.4
  152   1824 -2.242979054006193e-01 1.2e+01 8.22e-02  5e-02  1e-01 217:49.6
  154   1848 -2.248919078260658e-01 1.2e+01 8.38e-02  5e-02  1e-01 220:40.9
  156   1872 -2.244109135527038e-01 1.3e+01 8.55e-02  5e-02  1e-01 223:32.1
  158   1896 -2.252164526705772e-01 1.3e+01 8.07e-02  5e-02  1e-01 226:23.7
  160   1920 -2.253768994776815e-01 1.3e+01 7.38e-02  5e-02  1e-01 229:15.4
  162   1944 -2.247526747060557e-01 1.3e+01 7.37e-02  5e-02  1e-01 232:06.6
  164   1968 -2.259681556059505e-01 1.3e+01 7.06e-02  4e-02  1e-01 234:58.4
  166   1992 -2.256792386100163e-01 1.4e+01 7.38e-02  5e-02  1e-01 237:49.5
  168   2016 -2.260103334524664e-01 1.4e+01 7.33e-02  4e-02  1e-01 240:41.3
  170   2040 -2.258289887990823e-01 1.4e+01 7.33e-02  4e-02  1e-01 243:32.9
  172   2064 -2.263409756489115e-01 1.4e+01 6.70e-02  4e-02  1e-01 246:24.5
  174   2088 -2.266578117858246e-01 1.4e+01 6.57e-02  4e-02  1e-01 249:15.8
  176   2112 -2.267000013134794e-01 1.4e+01 6.15e-02  4e-02  9e-02 252:06.8
  178   2136 -2.267248655723248e-01 1.5e+01 6.11e-02  4e-02  9e-02 254:58.8
  180   2160 -2.267083622448363e-01 1.5e+01 5.54e-02  3e-02  9e-02 257:50.3
  182   2184 -2.264908008987750e-01 1.5e+01 5.15e-02  3e-02  8e-02 260:41.8
  184   2208 -2.266917938662616e-01 1.5e+01 4.81e-02  3e-02  7e-02 263:33.4
  186   2232 -2.268525722482865e-01 1.6e+01 4.33e-02  2e-02  7e-02 266:24.9
  188   2256 -2.267225252315015e-01 1.6e+01 3.86e-02  2e-02  6e-02 269:16.5
  190   2280 -2.271463926556233e-01 1.6e+01 3.44e-02  2e-02  5e-02 272:08.9
  192   2304 -2.271818607504368e-01 1.6e+01 3.21e-02  2e-02  5e-02 275:00.8
  194   2328 -2.271176037523402e-01 1.6e+01 3.19e-02  2e-02  5e-02 277:52.7
  196   2352 -2.274524792003937e-01 1.6e+01 3.23e-02  2e-02  5e-02 280:44.4
  198   2376 -2.274779410702026e-01 1.6e+01 3.09e-02  2e-02  5e-02 283:36.0
  200   2400 -2.274202162292843e-01 1.6e+01 2.93e-02  2e-02  4e-02 286:27.8
  202   2424 -2.273048363863253e-01 1.7e+01 2.89e-02  2e-02  4e-02 289:19.2
  204   2448 -2.275204079179495e-01 1.7e+01 2.94e-02  2e-02  5e-02 292:11.2
  206   2472 -2.276651859003277e-01 1.7e+01 3.16e-02  2e-02  5e-02 295:02.8
  208   2496 -2.279290223491477e-01 1.8e+01 3.31e-02  2e-02  5e-02 297:54.7
  210   2520 -2.279066167557683e-01 1.9e+01 3.27e-02  2e-02  5e-02 300:46.4
  212   2544 -2.279574482486189e-01 1.9e+01 3.28e-02  2e-02  6e-02 303:38.0
  214   2568 -2.279654008734816e-01 2.0e+01 3.06e-02  2e-02  5e-02 306:29.8
  216   2592 -2.281457128632708e-01 2.0e+01 3.17e-02  2e-02  6e-02 309:21.4
  218   2616 -2.281841183543428e-01 2.1e+01 3.29e-02  2e-02  6e-02 312:13.0
  220   2640 -2.283144570181901e-01 2.2e+01 3.50e-02  2e-02  6e-02 315:05.0
  222   2664 -2.283531608699935e-01 2.3e+01 3.76e-02  2e-02  7e-02 317:56.6
  224   2688 -2.285163051038024e-01 2.3e+01 4.09e-02  2e-02  8e-02 320:48.6
  226   2712 -2.287649079239250e-01 2.5e+01 4.31e-02  2e-02  9e-02 323:40.4
  228   2736 -2.289333015438991e-01 2.7e+01 4.80e-02  2e-02  1e-01 326:32.0
  230   2760 -2.287917303313085e-01 2.8e+01 5.00e-02  2e-02  1e-01 329:23.6
  232   2784 -2.289882016050291e-01 2.9e+01 5.32e-02  3e-02  1e-01 332:14.9
  234   2808 -2.288722013748429e-01 3.0e+01 5.20e-02  3e-02  1e-01 335:06.7
  236   2832 -2.292664961808099e-01 3.1e+01 5.02e-02  2e-02  1e-01 337:58.0
  238   2856 -2.291764568414343e-01 3.2e+01 4.62e-02  2e-02  1e-01 340:49.8
  240   2880 -2.293942857389643e-01 3.2e+01 4.20e-02  2e-02  1e-01 343:41.2
  242   2904 -2.294461612187005e-01 3.2e+01 3.96e-02  2e-02  9e-02 346:32.7
  244   2928 -2.293532446995308e-01 3.3e+01 3.88e-02  2e-02  9e-02 349:24.3
  246   2952 -2.294382102898547e-01 3.3e+01 3.74e-02  2e-02  9e-02 352:15.8
  248   2976 -2.294854612143186e-01 3.3e+01 3.66e-02  2e-02  9e-02 355:07.5
  250   3000 -2.294778767054118e-01 3.3e+01 3.63e-02  2e-02  9e-02 357:59.2
  252   3024 -2.294390023409118e-01 3.3e+01 3.43e-02  2e-02  8e-02 360:50.9
  254   3048 -2.293611277091212e-01 3.3e+01 3.26e-02  2e-02  8e-02 363:42.9
  256   3072 -2.295289232915187e-01 3.3e+01 3.03e-02  1e-02  7e-02 366:34.5
  258   3096 -2.295959742838226e-01 3.3e+01 3.01e-02  1e-02  7e-02 369:26.6
  261   3132 -2.295777381760637e-01 3.2e+01 3.19e-02  1e-02  7e-02 373:44.2
  264   3168 -2.298130311403082e-01 3.2e+01 3.22e-02  1e-02  7e-02 378:02.0
  267   3204 -2.299111812708139e-01 3.3e+01 3.27e-02  1e-02  7e-02 382:19.5
  270   3240 -2.299942608057514e-01 3.3e+01 3.33e-02  1e-02  7e-02 386:37.6
  273   3276 -2.299282303268984e-01 3.4e+01 3.36e-02  1e-02  7e-02 390:55.1
  276   3312 -2.300075683986352e-01 3.5e+01 3.53e-02  2e-02  8e-02 395:12.3
  279   3348 -2.299477476881399e-01 3.7e+01 3.09e-02  1e-02  8e-02 399:30.0
  282   3384 -2.300655252651785e-01 3.8e+01 2.99e-02  1e-02  7e-02 403:47.2
  285   3420 -2.301727752311663e-01 3.8e+01 2.89e-02  1e-02  7e-02 408:04.6
  288   3456 -2.301289001779203e-01 3.9e+01 2.89e-02  1e-02  7e-02 412:22.1
  291   3492 -2.302506149917007e-01 4.0e+01 2.98e-02  1e-02  8e-02 416:39.4
  294   3528 -2.302362188318466e-01 3.9e+01 3.26e-02  1e-02  8e-02 420:56.5
  297   3564 -2.302637704554501e-01 4.0e+01 3.04e-02  1e-02  8e-02 425:13.8
  300   3600 -2.303738428531857e-01 4.0e+01 2.68e-02  1e-02  7e-02 429:31.2
  303   3636 -2.303680038500014e-01 4.1e+01 2.32e-02  9e-03  6e-02 433:48.6
  306   3672 -2.304436098737227e-01 4.1e+01 2.34e-02  9e-03  6e-02 438:05.9
  309   3708 -2.304657585865056e-01 4.1e+01 2.21e-02  8e-03  6e-02 442:22.9
  312   3744 -2.305294393290964e-01 4.1e+01 1.95e-02  7e-03  5e-02 446:40.2
  315   3780 -2.305719416321484e-01 4.2e+01 1.86e-02  7e-03  5e-02 450:57.6
  318   3816 -2.305796008752533e-01 4.2e+01 1.79e-02  7e-03  5e-02 455:16.0
  321   3852 -2.306528347933107e-01 4.2e+01 2.12e-02  8e-03  5e-02 459:33.4
  324   3888 -2.307084945396588e-01 4.2e+01 2.56e-02  1e-02  6e-02 463:51.2
  327   3924 -2.306956769354790e-01 4.3e+01 2.73e-02  1e-02  7e-02 468:09.2
  330   3960 -2.307646238330148e-01 4.2e+01 2.83e-02  1e-02  7e-02 472:27.3
  333   3996 -2.309182251799734e-01 4.2e+01 3.10e-02  1e-02  8e-02 476:45.3
  336   4032 -2.308799127887151e-01 4.3e+01 3.28e-02  1e-02  8e-02 481:03.3
  339   4068 -2.309081781191633e-01 4.3e+01 3.25e-02  1e-02  8e-02 485:21.7
  342   4104 -2.309048104418456e-01 4.4e+01 3.57e-02  1e-02  9e-02 489:39.2
  345   4140 -2.309596027119868e-01 4.5e+01 3.49e-02  1e-02  9e-02 493:57.2
  348   4176 -2.311071794348540e-01 4.7e+01 3.52e-02  1e-02  9e-02 498:15.0
  351   4212 -2.311970577754842e-01 4.8e+01 3.57e-02  1e-02  9e-02 502:33.2
  354   4248 -2.313166568513740e-01 5.0e+01 3.56e-02  1e-02  9e-02 506:51.5
  357   4284 -2.314050433490426e-01 5.1e+01 3.38e-02  1e-02  9e-02 511:09.4
  360   4320 -2.314304209699661e-01 5.3e+01 3.91e-02  1e-02  1e-01 515:27.1
  363   4356 -2.314423244294349e-01 5.6e+01 3.74e-02  1e-02  9e-02 519:45.5
  366   4392 -2.313964134566740e-01 5.7e+01 3.36e-02  1e-02  8e-02 524:03.2
  369   4428 -2.315108538867570e-01 5.7e+01 2.82e-02  9e-03  7e-02 528:21.1
  372   4464 -2.314867021601396e-01 5.7e+01 2.53e-02  7e-03  6e-02 532:38.7
  375   4500 -2.315782375779755e-01 5.5e+01 2.24e-02  7e-03  5e-02 536:56.5
  378   4536 -2.315760483896027e-01 5.5e+01 2.20e-02  7e-03  5e-02 541:15.0
  381   4572 -2.315853211077627e-01 5.5e+01 2.16e-02  6e-03  5e-02 545:32.2
  384   4608 -2.316380521687300e-01 5.4e+01 2.16e-02  6e-03  5e-02 549:50.4
  387   4644 -2.316882724651082e-01 5.4e+01 2.23e-02  7e-03  5e-02 554:08.4
  390   4680 -2.317134859586034e-01 5.6e+01 2.20e-02  6e-03  5e-02 558:26.5
  393   4716 -2.317399010501987e-01 5.8e+01 2.14e-02  6e-03  5e-02 562:44.6
  396   4752 -2.317510485170463e-01 6.0e+01 2.23e-02  7e-03  5e-02 567:02.0
  399   4788 -2.318297021810889e-01 6.3e+01 2.27e-02  7e-03  6e-02 571:19.5
  400   4800 -2.318312198098406e-01 6.5e+01 2.32e-02  7e-03  6e-02 572:45.3
  403   4836 -2.318137763926815e-01 6.7e+01 2.41e-02  7e-03  6e-02 577:02.9
  406   4872 -2.318509582575549e-01 6.8e+01 2.36e-02  7e-03  6e-02 581:21.1
  409   4908 -2.318481206420033e-01 6.9e+01 2.26e-02  7e-03  6e-02 585:39.0
  412   4944 -2.318571712548375e-01 6.9e+01 2.26e-02  7e-03  6e-02 589:56.9
  415   4980 -2.318756594279375e-01 7.2e+01 2.21e-02  6e-03  6e-02 594:14.8
  418   5016 -2.318933142182172e-01 7.3e+01 2.01e-02  6e-03  5e-02 598:33.1
  421   5052 -2.318995081981571e-01 7.3e+01 1.86e-02  5e-03  5e-02 602:51.5
  424   5088 -2.319062340627644e-01 7.4e+01 1.62e-02  5e-03  4e-02 607:10.6
  427   5124 -2.319090900143144e-01 7.5e+01 1.33e-02  4e-03  3e-02 611:29.5
  430   5160 -2.319195879484856e-01 7.7e+01 1.09e-02  3e-03  3e-02 615:48.6
  433   5196 -2.319216571440274e-01 7.8e+01 9.47e-03  3e-03  2e-02 620:07.3
  436   5232 -2.319253572756634e-01 7.9e+01 9.26e-03  3e-03  2e-02 624:26.0
  439   5268 -2.319243987833946e-01 7.9e+01 9.03e-03  2e-03  2e-02 628:45.1
  442   5304 -2.319329601800277e-01 7.8e+01 8.85e-03  2e-03  2e-02 633:03.3
  445   5340 -2.319293741867859e-01 7.9e+01 9.19e-03  2e-03  2e-02 637:21.8
  448   5376 -2.319338411868216e-01 7.9e+01 9.81e-03  3e-03  2e-02 641:40.4
  451   5412 -2.319365533322751e-01 7.9e+01 8.89e-03  2e-03  2e-02 645:59.3
  454   5448 -2.319425849360326e-01 7.9e+01 8.58e-03  2e-03  2e-02 650:18.4
  457   5484 -2.319459032149802e-01 8.0e+01 8.46e-03  2e-03  2e-02 654:36.8
  460   5520 -2.319488452008436e-01 8.2e+01 8.41e-03  2e-03  2e-02 658:55.2
  463   5556 -2.319490966532136e-01 8.2e+01 8.98e-03  2e-03  2e-02 663:14.1
  466   5592 -2.319531602401169e-01 8.3e+01 9.69e-03  2e-03  2e-02 667:32.3
  469   5628 -2.319590497958548e-01 8.3e+01 1.02e-02  3e-03  2e-02 671:51.0
  472   5664 -2.319585294331061e-01 8.3e+01 1.08e-02  3e-03  3e-02 676:09.8
  475   5700 -2.319672766914135e-01 8.4e+01 1.11e-02  3e-03  3e-02 680:27.9
  478   5736 -2.319736197016886e-01 8.6e+01 1.15e-02  3e-03  3e-02 684:46.5
  481   5772 -2.319815506016571e-01 8.6e+01 1.25e-02  3e-03  3e-02 689:05.1
  484   5808 -2.319854019115602e-01 8.6e+01 1.23e-02  3e-03  3e-02 693:23.9
  487   5844 -2.319861630483137e-01 8.7e+01 1.20e-02  3e-03  3e-02 697:41.8
  490   5880 -2.319863907792410e-01 8.8e+01 1.15e-02  3e-03  3e-02 702:00.8
  493   5916 -2.319934541726438e-01 8.8e+01 1.14e-02  3e-03  3e-02 706:19.0
  496   5952 -2.319999132436428e-01 8.9e+01 1.10e-02  3e-03  3e-02 710:37.0
  499   5988 -2.320041009569346e-01 8.8e+01 1.12e-02  3e-03  3e-02 714:56.2
  500   6000 -2.320169415047684e-01 8.9e+01 1.20e-02  3e-03  3e-02 716:22.5
  503   6036 -2.320189795871566e-01 8.7e+01 1.39e-02  3e-03  3e-02 720:41.3
  506   6072 -2.320246566363091e-01 8.8e+01 1.44e-02  3e-03  3e-02 724:59.4
  509   6108 -2.320326906711637e-01 9.2e+01 1.52e-02  4e-03  4e-02 729:18.2
  512   6144 -2.320217606860673e-01 9.2e+01 1.61e-02  4e-03  4e-02 733:36.6
  515   6180 -2.320444260650641e-01 9.3e+01 1.67e-02  4e-03  4e-02 737:55.4
  518   6216 -2.320452545768436e-01 9.4e+01 1.72e-02  4e-03  4e-02 742:14.7
  522   6264 -2.320626180352655e-01 9.6e+01 1.78e-02  4e-03  4e-02 747:59.8
  526   6312 -2.320821734650212e-01 9.8e+01 1.84e-02  4e-03  4e-02 753:45.6
  530   6360 -2.320972507837495e-01 1.0e+02 1.80e-02  4e-03  4e-02 759:31.9
  534   6408 -2.321048745425666e-01 1.1e+02 1.94e-02  4e-03  5e-02 765:17.8
  538   6456 -2.321202922533983e-01 1.1e+02 2.01e-02  5e-03  5e-02 771:03.0
  542   6504 -2.321465453387966e-01 1.2e+02 2.11e-02  5e-03  6e-02 776:48.5
  546   6552 -2.321649426314417e-01 1.2e+02 2.43e-02  6e-03  7e-02 782:33.0
  550   6600 -2.321938672205235e-01 1.3e+02 2.67e-02  6e-03  9e-02 788:18.8
  554   6648 -2.322731382874364e-01 1.5e+02 3.00e-02  7e-03  1e-01 794:04.0
  558   6696 -2.323033940823180e-01 1.6e+02 3.06e-02  7e-03  1e-01 799:49.4
  562   6744 -2.323669441599995e-01 1.8e+02 3.29e-02  8e-03  1e-01 805:35.1
  566   6792 -2.324942125602309e-01 1.9e+02 4.02e-02  1e-02  2e-01 811:20.2
  570   6840 -2.326011385837698e-01 2.0e+02 4.80e-02  1e-02  2e-01 817:05.8
  574   6888 -2.327307774548250e-01 2.2e+02 5.06e-02  1e-02  3e-01 822:51.2
  578   6936 -2.327977520384061e-01 2.3e+02 5.08e-02  1e-02  3e-01 828:37.0
  582   6984 -2.333504970109805e-01 2.3e+02 6.99e-02  2e-02  4e-01 834:22.0
  586   7032 -2.333636943370925e-01 2.4e+02 8.30e-02  2e-02  5e-01 840:06.7
  590   7080 -2.336252030186069e-01 2.4e+02 8.30e-02  2e-02  4e-01 845:52.1
  594   7128 -2.329706784147826e-01 2.4e+02 8.28e-02  2e-02  4e-01 851:37.6
  598   7176 -2.334378341327341e-01 2.3e+02 8.28e-02  2e-02  4e-01 857:23.0
  600   7200 -2.337112597726289e-01 2.3e+02 7.41e-02  2e-02  4e-01 860:15.4
  604   7248 -2.341730680383840e-01 2.3e+02 7.19e-02  2e-02  4e-01 866:01.1
  608   7296 -2.342358382875910e-01 2.3e+02 7.88e-02  2e-02  4e-01 871:46.7
  612   7344 -2.343126334059531e-01 2.2e+02 6.88e-02  2e-02  3e-01 877:32.0
  616   7392 -2.343860326231055e-01 2.3e+02 6.60e-02  1e-02  3e-01 883:16.2
  620   7440 -2.345916265666902e-01 2.3e+02 6.62e-02  1e-02  3e-01 889:00.8
  624   7488 -2.348494886005185e-01 2.3e+02 7.55e-02  2e-02  4e-01 894:46.1
  628   7536 -2.347370005137213e-01 2.4e+02 7.90e-02  2e-02  4e-01 900:30.8
  632   7584 -2.348450505323227e-01 2.3e+02 7.70e-02  1e-02  4e-01 906:15.2
  636   7632 -2.347590168196685e-01 2.3e+02 8.33e-02  2e-02  4e-01 911:59.8
  640   7680 -2.348605438168221e-01 2.3e+02 7.37e-02  1e-02  4e-01 917:45.1
  644   7728 -2.349852754812805e-01 2.4e+02 6.50e-02  1e-02  3e-01 923:30.5
  648   7776 -2.353530232788740e-01 2.4e+02 6.41e-02  1e-02  3e-01 929:15.6
  652   7824 -2.354573614139027e-01 2.4e+02 6.35e-02  1e-02  3e-01 935:01.3
  656   7872 -2.355617411505900e-01 2.4e+02 5.89e-02  9e-03  3e-01 940:46.6
  660   7920 -2.356609948665605e-01 2.4e+02 5.15e-02  8e-03  2e-01 946:32.8
  664   7968 -2.356848005521099e-01 2.4e+02 5.17e-02  8e-03  2e-01 952:18.5
  668   8016 -2.357201341662232e-01 2.3e+02 4.85e-02  7e-03  2e-01 958:04.0
  672   8064 -2.357986992709838e-01 2.3e+02 4.47e-02  6e-03  2e-01 963:49.7
  676   8112 -2.358672085949359e-01 2.2e+02 4.54e-02  6e-03  2e-01 969:35.5
  680   8160 -2.358387297270944e-01 2.2e+02 4.38e-02  6e-03  2e-01 975:21.0
  684   8208 -2.359165309662376e-01 2.3e+02 4.23e-02  5e-03  2e-01 981:06.6
  688   8256 -2.359318863338508e-01 2.2e+02 3.54e-02  4e-03  2e-01 986:52.2
  692   8304 -2.359562236420182e-01 2.3e+02 3.52e-02  4e-03  2e-01 992:37.7
  696   8352 -2.359884373980216e-01 2.3e+02 3.46e-02  4e-03  2e-01 998:23.5
  700   8400 -2.359820999121057e-01 2.3e+02 3.71e-02  4e-03  2e-01 1004:10.2
  704   8448 -2.359988968513406e-01 2.3e+02 4.11e-02  4e-03  2e-01 1009:56.5
  708   8496 -2.360368479810087e-01 2.3e+02 3.59e-02  4e-03  2e-01 1015:42.8
  712   8544 -2.360813473843740e-01 2.3e+02 3.46e-02  4e-03  1e-01 1021:28.2
  716   8592 -2.360792768677330e-01 2.3e+02 3.62e-02  4e-03  2e-01 1027:13.1
  720   8640 -2.361131367661353e-01 2.4e+02 3.67e-02  4e-03  2e-01 1032:58.6
  724   8688 -2.361340738221175e-01 2.4e+02 3.48e-02  3e-03  2e-01 1038:44.3
  728   8736 -2.361508957187094e-01 2.5e+02 3.79e-02  3e-03  2e-01 1044:29.7
  732   8784 -2.361631111726767e-01 2.5e+02 3.62e-02  3e-03  2e-01 1050:15.2
  736   8832 -2.361660976299609e-01 2.5e+02 3.14e-02  3e-03  1e-01 1056:01.2
  740   8880 -2.361872897444832e-01 2.5e+02 2.71e-02  2e-03  1e-01 1061:46.5
  744   8928 -2.361937802632395e-01 2.6e+02 2.29e-02  2e-03  1e-01 1067:32.3
  748   8976 -2.362239863802079e-01 2.6e+02 2.46e-02  2e-03  1e-01 1073:17.4
  752   9024 -2.362502780372544e-01 2.6e+02 2.38e-02  2e-03  1e-01 1079:02.9
  756   9072 -2.362595120817527e-01 2.5e+02 3.12e-02  2e-03  1e-01 1084:48.4
  760   9120 -2.363276751191019e-01 2.5e+02 4.01e-02  3e-03  2e-01 1090:34.4
  764   9168 -2.363713799299775e-01 2.5e+02 5.15e-02  4e-03  2e-01 1096:19.5
  768   9216 -2.363333293362573e-01 2.5e+02 6.61e-02  5e-03  3e-01 1102:05.0
  772   9264 -2.363260651901311e-01 2.5e+02 6.56e-02  5e-03  3e-01 1107:49.9
  776   9312 -2.363752527413096e-01 2.5e+02 6.65e-02  5e-03  3e-01 1113:35.0
  780   9360 -2.363620996939572e-01 2.5e+02 6.46e-02  5e-03  3e-01 1119:19.9
  784   9408 -2.364592062814449e-01 2.5e+02 5.24e-02  4e-03  2e-01 1125:05.0
  788   9456 -2.364968950296319e-01 2.4e+02 5.06e-02  3e-03  2e-01 1130:50.5
  792   9504 -2.365124353129239e-01 2.4e+02 5.25e-02  4e-03  2e-01 1136:35.5
  796   9552 -2.365606447015855e-01 2.4e+02 5.51e-02  4e-03  2e-01 1142:19.9
  800   9600 -2.365482248219025e-01 2.4e+02 6.39e-02  4e-03  2e-01 1148:05.0
Budget constraint satisfied 5407.606010437012 5710 Difference:  302.3939895629883
Budget constraint satisfied 5460.773422241211 5710 Difference:  249.22657775878906
two_most_probable_states: ['0010001000001', '1010000000001']
final_expectation_value: -0.2365861080654573
params: [3.8904020594168225, 3.883159410479166, -0.8295746677924131, 0.318572564933756, 1.7804499974062058, -1.2515348902862797, -1.761623074963031, 15.449648711123423, 13.701782398994922, 1.719168279636147, 2.233230652069319, 1.9015525270461338, 0.3762761064782435, 0.28646644070417776, 2.1388039954435936, 2.4559770146941413, 1.631359848424214, 3.0440859218615186, 1.5208226384296828, 1.559216217409169]
total_steps: 800
states_probs: [0.0007639307304117989, 0.0007652003888463591]
optimized_portfolios: [{'MMM': 4, 'NKE': 65}, {'MMM': 5, 'NKE': 64}]
objective_values: [-1085888.1396526261, -1030440.5879454617]
result_with_budget: [{'portfolio': {'MMM': 4, 'NKE': 65}, 'budget': 5407.606010437012, 'difference': 302.3939895629883}, {'portfolio': {'MMM': 5, 'NKE': 64}, 'budget': 5460.773422241211, 'difference': 249.22657775878906}]
Batch 12/100 completed. Results saved to portfolio_optimization_results_batch_11.json
Job finished at Mon Mar 24 06:44:27 EET 2025
