Running job array 18 on milan30.int.triton.aalto.fi
Starting at Wed Mar 12 12:55:32 EET 2025
Activating virtual environment at /scratch/work/uotilav2/quantum-portfolio/venv
Processing batch 19/20: experiments 401 to 422 (total 22)
Processing experiment 401
Budget: 179.47932243347168
YF.download() has changed argument auto_adjust default to True
Number of qubits for asset CAT: 1
Number of qubits for asset CSCO: 2
Number of qubits for asset DIS: 1
Number of qubits for asset GS: 1
Number of qubits for asset HD: 1
Number of qubits for asset MCD: 1
Number of qubits for asset TRV: 1
Number of qubits for asset WBA: 5
Total number of qubits:  13
Optimized Weights (considering variance, skewness and kurtosis):
CAT: 77.24%
CSCO: 0.00%
DIS: 0.00%
GS: 0.00%
HD: 22.76%
MCD: 0.00%
TRV: 0.00%
WBA: 0.00%
Left over budget:  67.5193214907128
Optimized Discrete Allocation:
WBA: 12
Maximized utility from continuous higher moments:  -1019.738958640903
Budget constraint satisfied 179.47932243347168 179.47932243347168 Difference:  0.0
Budget constraint satisfied 176.3979721069336 179.47932243347168 Difference:  3.081350326538086
smallest_eigenvalues: [-0.006426583799453985]
smallest_bitstrings: ['0101000010000']
first_excited_energy: -0.006424676977808158
optimized_portfolio: [{'CAT': 0, 'CSCO': 1, 'DIS': 1, 'GS': 0, 'HD': 0, 'MCD': 0, 'TRV': 0, 'WBA': 1}]
second_optimized_portfolio: [{'CAT': 0, 'CSCO': 3, 'DIS': 0, 'GS': 0, 'HD': 0, 'MCD': 0, 'TRV': 0, 'WBA': 0}]
result_with_budget: [{'portfolio': {'CAT': 0, 'CSCO': 1, 'DIS': 1, 'GS': 0, 'HD': 0, 'MCD': 0, 'TRV': 0, 'WBA': 1}, 'budget': 179.47932243347168, 'difference': 0.0, 'objective_value': 2.620451139113197}]
result_with_budget_excited: [{'portfolio': {'CAT': 0, 'CSCO': 3, 'DIS': 0, 'GS': 0, 'HD': 0, 'MCD': 0, 'TRV': 0, 'WBA': 0}, 'budget': 176.3979721069336, 'difference': 3.081350326538086, 'objective_value': -0.6704470078136877}]
Initial params:  [1.63943485 1.3026989  0.83112597 2.43232687 1.43303853 1.78578792
 0.0590299  1.94035914 1.92295543 1.93815531 2.96487203 2.14200164
 1.12942738 1.37297638 2.19167304 0.1892039  2.09470941 2.106871
 0.66093631 0.40503391 0.99094739 1.14263109 1.79132599 1.37790729
 3.10506799 0.32058323]
(6_w,13)-aCMA-ES (mu_w=4.0,w_1=38%) in dimension 26 (seed=891182, Wed Mar 12 12:57:17 2025)
Iterat #Fevals   function value  axis ratio  sigma  min&max std  t[m:s]
    1     13 2.804063335753701e-01 1.0e+00 9.25e-02  9e-02  9e-02 1:20.8
    2     26 2.608572588544109e-01 1.1e+00 8.88e-02  9e-02  9e-02 2:41.3
    3     39 1.672832283551723e-01 1.1e+00 8.94e-02  9e-02  9e-02 4:01.6
    4     52 7.984161384754136e-02 1.2e+00 9.06e-02  9e-02  9e-02 5:22.2
    5     65 5.106401376015942e-02 1.2e+00 9.21e-02  9e-02  9e-02 6:42.9
    6     78 2.888044900197544e-02 1.2e+00 9.48e-02  9e-02  1e-01 8:03.6
    7     91 3.251716955157357e-02 1.3e+00 9.67e-02  9e-02  1e-01 9:23.8
    8    104 2.391466378532088e-02 1.3e+00 9.76e-02  1e-01  1e-01 10:44.5
    9    117 1.868989519399665e-02 1.3e+00 1.00e-01  1e-01  1e-01 12:05.2
   10    130 1.529174543742571e-02 1.3e+00 1.02e-01  1e-01  1e-01 13:26.0
   11    143 1.503453305166609e-02 1.4e+00 1.05e-01  1e-01  1e-01 14:46.8
   12    156 1.010079413220486e-02 1.4e+00 1.05e-01  1e-01  1e-01 16:07.5
   13    169 6.846217101707191e-03 1.4e+00 1.06e-01  1e-01  1e-01 17:28.3
   14    182 1.142813839953177e-02 1.5e+00 1.04e-01  1e-01  1e-01 18:49.5
   15    195 9.906809783305956e-03 1.5e+00 1.04e-01  1e-01  1e-01 20:10.9
   16    208 5.902704210374141e-03 1.6e+00 1.04e-01  1e-01  1e-01 21:32.0
   17    221 8.756681300017024e-03 1.6e+00 1.04e-01  1e-01  1e-01 22:53.0
   18    234 5.036670163519241e-03 1.6e+00 1.05e-01  1e-01  1e-01 24:14.2
   19    247 4.574163923247828e-03 1.6e+00 1.04e-01  1e-01  1e-01 25:35.1
   20    260 4.297678577660826e-03 1.7e+00 1.02e-01  1e-01  1e-01 26:56.1
   21    273 9.641314018478425e-03 1.7e+00 1.02e-01  1e-01  1e-01 28:17.0
   22    286 1.001507787427131e-02 1.7e+00 1.05e-01  1e-01  1e-01 29:37.9
   23    299 2.978233968256088e-03 1.8e+00 1.09e-01  1e-01  1e-01 30:59.2
   24    312 2.375246341764592e-03 1.8e+00 1.13e-01  1e-01  1e-01 32:20.9
   25    325 2.564431430548499e-03 1.9e+00 1.14e-01  1e-01  1e-01 33:42.2
   26    338 6.839243410653797e-03 1.9e+00 1.17e-01  1e-01  1e-01 35:03.2
   27    351 6.738498434916350e-03 1.9e+00 1.15e-01  1e-01  1e-01 36:24.8
   28    364 5.959744624099897e-03 2.0e+00 1.11e-01  1e-01  1e-01 37:46.1
   29    377 5.450969994008437e-03 2.0e+00 1.03e-01  1e-01  1e-01 39:07.9
   30    390 6.139718665012746e-03 2.0e+00 9.83e-02  9e-02  1e-01 40:29.2
   31    403 2.888823346483986e-03 2.0e+00 9.65e-02  9e-02  1e-01 41:50.6
   32    416 3.420307666558960e-03 2.0e+00 9.39e-02  9e-02  1e-01 43:11.8
   33    429 4.140950832047142e-03 2.0e+00 9.32e-02  9e-02  1e-01 44:33.5
   34    442 2.884156636925814e-03 2.1e+00 9.06e-02  8e-02  1e-01 45:55.0
   35    455 3.474452712684825e-03 2.1e+00 8.76e-02  8e-02  1e-01 47:16.3
   36    468 2.197263783319190e-03 2.1e+00 8.44e-02  8e-02  1e-01 48:37.4
   37    481 3.414116374477792e-03 2.2e+00 8.10e-02  7e-02  9e-02 49:59.2
   38    494 2.380965566307182e-03 2.2e+00 7.79e-02  7e-02  9e-02 51:20.5
   39    507 3.237502143686609e-03 2.2e+00 7.40e-02  7e-02  8e-02 52:41.4
   40    520 2.433694146149577e-03 2.2e+00 7.10e-02  6e-02  8e-02 54:02.6
   41    533 1.948929459306603e-03 2.3e+00 6.77e-02  6e-02  8e-02 55:24.5
   42    546 1.288161157420064e-03 2.3e+00 6.59e-02  6e-02  7e-02 56:45.8
   43    559 1.745832336235551e-03 2.3e+00 6.39e-02  6e-02  7e-02 58:07.4
   44    572 1.542443661543219e-03 2.3e+00 6.29e-02  6e-02  7e-02 59:28.5
   45    585 2.161927119720041e-03 2.3e+00 6.43e-02  6e-02  7e-02 60:50.0
   46    598 1.726591944812142e-03 2.3e+00 6.49e-02  6e-02  7e-02 62:11.3
   47    611 1.600214441785253e-03 2.3e+00 6.56e-02  6e-02  7e-02 63:33.0
   48    624 1.232645177159781e-03 2.3e+00 6.44e-02  6e-02  7e-02 64:54.3
   49    637 1.390456188039756e-03 2.4e+00 6.34e-02  6e-02  7e-02 66:15.5
   50    650 1.043101439928685e-03 2.4e+00 6.29e-02  5e-02  7e-02 67:36.6
   51    663 1.221695355962708e-03 2.4e+00 6.25e-02  5e-02  7e-02 68:58.2
   52    676 1.498972153642049e-03 2.4e+00 6.37e-02  6e-02  7e-02 70:19.7
   53    689 1.207244682666687e-03 2.4e+00 6.31e-02  5e-02  7e-02 71:41.3
   54    702 6.016677421832292e-04 2.5e+00 6.39e-02  6e-02  7e-02 73:02.5
   55    715 1.470127334210491e-03 2.5e+00 6.46e-02  6e-02  7e-02 74:23.7
   56    728 1.262267635511152e-03 2.5e+00 6.28e-02  5e-02  7e-02 75:45.4
   57    741 8.852030330532229e-04 2.5e+00 6.13e-02  5e-02  7e-02 77:07.3
   58    754 6.945463997898193e-04 2.6e+00 6.17e-02  5e-02  7e-02 78:28.5
   59    767 1.060090886977023e-03 2.6e+00 6.20e-02  5e-02  7e-02 79:49.8
   60    780 5.494229212675065e-04 2.6e+00 6.18e-02  5e-02  7e-02 81:11.4
   61    793 6.930695028444316e-04 2.7e+00 6.08e-02  5e-02  7e-02 82:32.7
   62    806 2.744358796725928e-04 2.7e+00 5.97e-02  5e-02  6e-02 83:54.0
   63    819 5.975719009577901e-04 2.7e+00 5.83e-02  5e-02  6e-02 85:15.1
   64    832 1.606983561284951e-04 2.7e+00 5.82e-02  5e-02  6e-02 86:36.0
   65    845 1.283239471194026e-04 2.7e+00 6.01e-02  5e-02  7e-02 87:57.1
   66    858 -1.406793247443827e-04 2.8e+00 6.07e-02  5e-02  7e-02 89:18.3
   67    871 4.847690232202081e-04 2.8e+00 6.22e-02  5e-02  7e-02 90:39.7
   68    884 -4.352648274270813e-04 2.8e+00 6.39e-02  5e-02  7e-02 92:00.7
   69    897 -3.291884729616746e-04 2.8e+00 6.54e-02  5e-02  7e-02 93:21.7
   70    910 -5.553358634654260e-05 2.9e+00 6.70e-02  6e-02  7e-02 94:43.0
   71    923 -3.998193634370354e-04 2.9e+00 6.62e-02  5e-02  7e-02 96:04.8
   72    936 4.418455640598962e-04 2.9e+00 6.51e-02  5e-02  7e-02 97:26.1
   73    949 -2.639620371161440e-04 2.9e+00 6.32e-02  5e-02  7e-02 98:47.5
   74    962 -3.900861828846370e-04 2.9e+00 6.19e-02  5e-02  7e-02 100:08.8
   75    975 -4.472032547983351e-04 2.9e+00 6.21e-02  5e-02  7e-02 101:30.1
   76    988 -1.121625830190436e-03 2.9e+00 6.12e-02  5e-02  7e-02 102:51.4
   77   1001 -9.670204277673384e-04 2.9e+00 6.12e-02  5e-02  7e-02 104:13.0
   78   1014 -7.367336165732899e-04 2.9e+00 6.16e-02  5e-02  7e-02 105:34.2
   79   1027 -1.120599238242815e-03 3.0e+00 6.40e-02  5e-02  7e-02 106:55.6
   80   1040 -1.746184196559555e-03 3.0e+00 6.58e-02  5e-02  7e-02 108:16.9
   81   1053 -6.347380327115147e-04 3.1e+00 6.64e-02  6e-02  7e-02 109:38.6
   82   1066 -7.661278305395282e-04 3.1e+00 6.64e-02  6e-02  7e-02 111:00.2
   84   1092 -8.978272561040603e-04 3.2e+00 6.67e-02  6e-02  7e-02 113:43.2
   86   1118 -1.545914025516564e-03 3.2e+00 6.46e-02  5e-02  7e-02 116:26.2
   88   1144 -1.735225524219659e-03 3.3e+00 6.45e-02  5e-02  7e-02 119:09.0
   90   1170 -1.701179512376800e-03 3.4e+00 6.80e-02  6e-02  8e-02 121:51.9
   92   1196 -2.542475302025615e-03 3.5e+00 6.60e-02  5e-02  8e-02 124:34.5
   94   1222 -2.397019628439208e-03 3.6e+00 6.52e-02  5e-02  8e-02 127:17.8
   96   1248 -2.309387917375976e-03 3.7e+00 6.09e-02  5e-02  7e-02 130:01.8
   98   1274 -2.058624095812569e-03 3.7e+00 5.61e-02  5e-02  6e-02 132:44.7
  100   1300 -2.468987851630279e-03 3.8e+00 5.22e-02  4e-02  6e-02 135:27.5
  102   1326 -2.287734801148383e-03 3.9e+00 4.89e-02  4e-02  6e-02 138:11.4
  104   1352 -2.476075982925046e-03 4.0e+00 4.44e-02  4e-02  5e-02 140:54.4
  106   1378 -2.384862447998570e-03 4.1e+00 4.10e-02  3e-02  5e-02 143:37.3
  108   1404 -2.420283096200992e-03 4.0e+00 3.95e-02  3e-02  4e-02 146:20.1
  110   1430 -2.606565765514801e-03 4.1e+00 3.72e-02  3e-02  4e-02 149:02.8
  112   1456 -2.730399684787547e-03 4.1e+00 3.69e-02  3e-02  4e-02 151:45.6
  114   1482 -2.631386331221062e-03 4.2e+00 3.60e-02  3e-02  4e-02 154:28.3
  116   1508 -2.958744744518513e-03 4.3e+00 3.51e-02  3e-02  4e-02 157:11.8
  118   1534 -3.074846287323173e-03 4.4e+00 3.50e-02  3e-02  4e-02 159:55.3
  120   1560 -3.141245380618112e-03 4.5e+00 3.57e-02  3e-02  4e-02 162:38.4
  122   1586 -3.090457198922866e-03 4.5e+00 3.91e-02  3e-02  4e-02 165:21.5
  124   1612 -2.795499154971894e-03 4.6e+00 4.13e-02  3e-02  5e-02 168:04.5
  126   1638 -2.928365587344366e-03 4.6e+00 4.37e-02  3e-02  5e-02 170:47.5
  128   1664 -3.061638072207897e-03 4.6e+00 4.43e-02  4e-02  5e-02 173:30.4
  130   1690 -2.910422924611214e-03 4.6e+00 4.54e-02  4e-02  5e-02 176:13.1
  132   1716 -2.946928725694880e-03 4.7e+00 4.72e-02  4e-02  5e-02 178:55.8
  134   1742 -2.845206986664848e-03 4.7e+00 4.85e-02  4e-02  6e-02 181:38.8
  136   1768 -3.077964733398531e-03 4.8e+00 5.06e-02  4e-02  6e-02 184:22.1
  138   1794 -3.206864452850577e-03 4.8e+00 5.18e-02  4e-02  6e-02 187:04.3
  140   1820 -2.800287684086688e-03 4.8e+00 5.38e-02  4e-02  6e-02 189:47.4
  142   1846 -2.710656109325011e-03 4.8e+00 5.75e-02  5e-02  7e-02 192:30.3
  144   1872 -2.878188833445295e-03 4.8e+00 5.93e-02  5e-02  7e-02 195:13.3
  146   1898 -2.385784400848920e-03 4.9e+00 5.68e-02  5e-02  6e-02 197:56.3
  148   1924 -3.149167459276766e-03 4.9e+00 5.46e-02  5e-02  6e-02 200:39.3
  150   1950 -3.103365310033741e-03 5.0e+00 5.36e-02  4e-02  6e-02 203:22.3
  152   1976 -3.339479107979538e-03 5.0e+00 5.41e-02  4e-02  6e-02 206:04.8
  154   2002 -3.261081563438742e-03 5.0e+00 5.33e-02  4e-02  6e-02 208:47.6
  156   2028 -3.169939294370041e-03 5.1e+00 5.09e-02  4e-02  6e-02 211:30.8
  158   2054 -3.231178669909707e-03 5.1e+00 4.68e-02  4e-02  5e-02 214:13.1
  160   2080 -3.258216111228810e-03 5.1e+00 4.21e-02  3e-02  5e-02 216:56.3
  162   2106 -3.233987834840815e-03 5.2e+00 3.80e-02  3e-02  4e-02 219:39.1
  164   2132 -3.247333615572423e-03 5.2e+00 3.44e-02  3e-02  4e-02 222:20.3
  166   2158 -3.317151802188765e-03 5.2e+00 3.18e-02  3e-02  4e-02 225:01.3
  168   2184 -3.391386142520316e-03 5.2e+00 2.92e-02  2e-02  3e-02 227:41.8
  170   2210 -3.347300278755760e-03 5.3e+00 2.89e-02  2e-02  3e-02 230:22.8
  172   2236 -3.367093755365603e-03 5.2e+00 2.94e-02  2e-02  3e-02 233:03.4
  174   2262 -3.397293241632289e-03 5.2e+00 2.95e-02  2e-02  3e-02 235:43.9
  176   2288 -3.377868683063529e-03 5.3e+00 3.00e-02  2e-02  3e-02 238:25.2
  178   2314 -3.432968448285769e-03 5.3e+00 3.12e-02  2e-02  4e-02 241:05.8
  180   2340 -3.442944783348199e-03 5.4e+00 3.16e-02  2e-02  4e-02 243:46.7
  182   2366 -3.444391919233208e-03 5.5e+00 3.17e-02  2e-02  4e-02 246:27.3
  184   2392 -3.471680440412300e-03 5.6e+00 3.34e-02  3e-02  4e-02 249:07.8
  186   2418 -3.435633947228622e-03 5.9e+00 3.59e-02  3e-02  5e-02 251:48.9
  188   2444 -3.415409872472212e-03 6.2e+00 3.83e-02  3e-02  5e-02 254:29.5
  190   2470 -3.428763357994032e-03 6.4e+00 3.80e-02  3e-02  5e-02 257:10.0
  192   2496 -3.433337887211078e-03 6.5e+00 3.81e-02  3e-02  5e-02 259:50.7
  194   2522 -3.371449781932222e-03 6.6e+00 3.80e-02  3e-02  5e-02 262:31.4
  196   2548 -3.440948599922137e-03 6.7e+00 3.74e-02  3e-02  5e-02 265:12.9
  198   2574 -3.474583420467999e-03 6.8e+00 3.81e-02  3e-02  5e-02 267:52.2
  200   2600 -3.405512777583566e-03 6.8e+00 3.94e-02  3e-02  5e-02 270:32.6
  202   2626 -3.408877967003623e-03 7.0e+00 3.94e-02  3e-02  5e-02 273:13.5
  204   2652 -3.457834395504989e-03 7.0e+00 3.76e-02  3e-02  5e-02 275:53.7
  206   2678 -3.486220562392155e-03 7.1e+00 3.66e-02  3e-02  5e-02 278:34.1
  208   2704 -3.475993556471887e-03 7.2e+00 3.59e-02  3e-02  5e-02 281:14.4
  210   2730 -3.597942219149864e-03 7.4e+00 3.82e-02  3e-02  5e-02 283:54.7
  212   2756 -3.518569149260700e-03 7.4e+00 4.17e-02  3e-02  5e-02 286:35.0
  214   2782 -3.503488985775184e-03 7.5e+00 4.50e-02  3e-02  6e-02 289:22.9
  216   2808 -3.613360718224752e-03 7.6e+00 4.63e-02  3e-02  6e-02 292:17.1
  218   2834 -3.518363409347570e-03 7.6e+00 4.47e-02  3e-02  6e-02 295:13.6
  220   2860 -3.560451528980955e-03 7.7e+00 4.12e-02  3e-02  5e-02 298:10.0
  222   2886 -3.582979626067594e-03 7.8e+00 4.03e-02  3e-02  5e-02 301:06.4
  224   2912 -3.580895007177535e-03 8.0e+00 4.07e-02  3e-02  5e-02 304:03.1
  226   2938 -3.591981293168571e-03 8.1e+00 4.15e-02  3e-02  5e-02 306:59.5
  228   2964 -3.672979579849566e-03 8.1e+00 4.29e-02  3e-02  5e-02 309:56.5
  230   2990 -3.664713853199456e-03 8.2e+00 4.38e-02  3e-02  5e-02 312:53.1
  232   3016 -3.581243748148192e-03 8.4e+00 4.45e-02  3e-02  6e-02 315:49.7
  234   3042 -3.619826901244244e-03 8.7e+00 4.19e-02  3e-02  5e-02 318:46.2
  236   3068 -3.603585506077181e-03 8.7e+00 3.86e-02  3e-02  5e-02 321:42.4
  238   3094 -3.632409537229385e-03 8.7e+00 3.54e-02  2e-02  4e-02 324:38.3
  240   3120 -3.677251192706919e-03 8.7e+00 3.32e-02  2e-02  4e-02 327:33.8
  242   3146 -3.682479396692399e-03 8.9e+00 3.19e-02  2e-02  4e-02 330:29.2
  244   3172 -3.747972460984416e-03 9.1e+00 3.10e-02  2e-02  4e-02 333:24.9
  246   3198 -3.714908407019791e-03 9.4e+00 3.06e-02  2e-02  4e-02 336:20.8
  248   3224 -3.746052005876424e-03 9.5e+00 3.19e-02  2e-02  4e-02 339:16.3
  250   3250 -3.784289667110528e-03 9.9e+00 3.17e-02  2e-02  4e-02 342:11.9
  252   3276 -3.807747035501420e-03 1.0e+01 3.09e-02  2e-02  4e-02 345:07.4
  254   3302 -3.800852481074275e-03 1.0e+01 3.02e-02  2e-02  4e-02 348:02.8
  256   3328 -3.813676479883928e-03 1.0e+01 3.00e-02  2e-02  4e-02 350:59.5
  258   3354 -3.832558384029434e-03 1.0e+01 3.23e-02  2e-02  4e-02 353:55.6
  260   3380 -3.781838568455858e-03 1.1e+01 3.44e-02  2e-02  4e-02 356:51.7
  262   3406 -3.812152050704877e-03 1.1e+01 3.43e-02  2e-02  4e-02 359:48.1
  264   3432 -3.831973994782225e-03 1.1e+01 3.37e-02  2e-02  4e-02 362:43.9
  266   3458 -3.838253875878675e-03 1.1e+01 3.34e-02  2e-02  4e-02 365:40.0
  268   3484 -3.839542091189186e-03 1.1e+01 3.34e-02  2e-02  4e-02 368:36.3
  270   3510 -3.820145264980646e-03 1.1e+01 3.40e-02  2e-02  4e-02 371:32.5
  272   3536 -3.808473139124767e-03 1.1e+01 3.48e-02  2e-02  5e-02 374:28.7
  275   3575 -3.860316971780448e-03 1.2e+01 3.35e-02  2e-02  4e-02 378:52.6
  278   3614 -3.873258441175086e-03 1.2e+01 3.36e-02  2e-02  4e-02 383:16.2
  281   3653 -3.884289337063411e-03 1.2e+01 3.64e-02  2e-02  5e-02 387:41.2
  284   3692 -3.866916755079639e-03 1.3e+01 3.73e-02  2e-02  5e-02 392:05.6
  287   3731 -3.820821492858284e-03 1.3e+01 3.65e-02  2e-02  5e-02 396:30.5
  290   3770 -3.848576386616013e-03 1.3e+01 3.49e-02  2e-02  5e-02 400:55.6
  293   3809 -3.875047542393774e-03 1.3e+01 3.30e-02  2e-02  5e-02 405:20.1
  296   3848 -3.904071022107169e-03 1.3e+01 3.32e-02  2e-02  5e-02 409:44.0
  299   3887 -3.917929272187949e-03 1.4e+01 3.43e-02  2e-02  5e-02 414:08.3
  300   3900 -3.898577507782591e-03 1.4e+01 3.45e-02  2e-02  5e-02 415:36.8
  303   3939 -3.913059925899232e-03 1.4e+01 3.21e-02  2e-02  4e-02 420:01.2
  306   3978 -3.926930145172415e-03 1.4e+01 2.69e-02  2e-02  4e-02 424:25.1
  309   4017 -3.945714167827486e-03 1.4e+01 2.44e-02  1e-02  3e-02 428:50.5
  312   4056 -3.930377975910970e-03 1.5e+01 2.45e-02  1e-02  3e-02 433:15.6
  315   4095 -3.944185452687587e-03 1.5e+01 2.64e-02  2e-02  4e-02 437:40.2
  318   4134 -3.956492518340246e-03 1.5e+01 2.70e-02  2e-02  4e-02 442:04.8
  321   4173 -3.962457221706806e-03 1.5e+01 2.67e-02  2e-02  4e-02 446:29.9
  324   4212 -3.964967564274205e-03 1.5e+01 2.52e-02  1e-02  3e-02 450:54.7
  327   4251 -3.969328687767924e-03 1.6e+01 2.29e-02  1e-02  3e-02 455:19.9
  330   4290 -3.975487918267801e-03 1.6e+01 2.09e-02  1e-02  3e-02 459:45.2
  333   4329 -3.974287241791712e-03 1.6e+01 1.88e-02  1e-02  3e-02 464:09.2
  336   4368 -3.979027959041160e-03 1.6e+01 1.70e-02  1e-02  2e-02 468:34.1
  339   4407 -3.987119336044136e-03 1.6e+01 1.65e-02  1e-02  2e-02 472:58.9
  342   4446 -3.989414286482476e-03 1.6e+01 1.56e-02  9e-03  2e-02 477:23.6
  345   4485 -3.993645339754748e-03 1.6e+01 1.46e-02  9e-03  2e-02 481:47.6
  348   4524 -3.995575220709658e-03 1.6e+01 1.45e-02  8e-03  2e-02 486:11.9
  351   4563 -3.997066754248940e-03 1.6e+01 1.38e-02  8e-03  2e-02 490:36.3
  354   4602 -3.996314614725822e-03 1.6e+01 1.40e-02  8e-03  2e-02 495:00.7
  357   4641 -3.997702215497890e-03 1.6e+01 1.29e-02  7e-03  2e-02 499:25.1
  360   4680 -4.002165182197451e-03 1.6e+01 1.29e-02  7e-03  2e-02 503:48.7
  363   4719 -4.003408351250791e-03 1.6e+01 1.28e-02  7e-03  2e-02 508:12.7
  366   4758 -4.006144309426079e-03 1.6e+01 1.22e-02  7e-03  2e-02 512:37.3
  369   4797 -4.003746568099115e-03 1.7e+01 1.14e-02  6e-03  1e-02 517:01.6
  372   4836 -4.006422766053411e-03 1.7e+01 1.12e-02  6e-03  1e-02 521:26.3
  375   4875 -4.005946628401997e-03 1.7e+01 1.07e-02  6e-03  1e-02 525:50.7
  378   4914 -4.007479224472576e-03 1.7e+01 1.06e-02  6e-03  1e-02 530:16.5
  381   4953 -4.006916246347585e-03 1.8e+01 9.98e-03  6e-03  1e-02 534:41.4
  384   4992 -4.009756239252417e-03 1.8e+01 9.43e-03  5e-03  1e-02 539:05.9
  387   5031 -4.010841127975673e-03 1.8e+01 9.70e-03  6e-03  1e-02 543:30.9
  390   5070 -4.010239891638004e-03 1.8e+01 9.81e-03  6e-03  1e-02 547:55.9
  393   5109 -4.010983684455620e-03 1.8e+01 9.32e-03  5e-03  1e-02 552:20.2
  396   5148 -4.012658609988533e-03 1.8e+01 8.28e-03  5e-03  1e-02 556:45.2
  399   5187 -4.013055603034263e-03 1.8e+01 7.77e-03  5e-03  1e-02 561:10.5
  400   5200 -4.014209174366836e-03 1.8e+01 7.92e-03  5e-03  1e-02 562:39.5
  403   5239 -4.013974935794320e-03 1.9e+01 8.37e-03  5e-03  1e-02 567:06.0
  406   5278 -4.014280466488837e-03 1.9e+01 8.18e-03  5e-03  1e-02 571:32.5
  409   5317 -4.015836060994671e-03 1.9e+01 7.41e-03  5e-03  9e-03 575:58.4
  412   5356 -4.016727644991605e-03 1.9e+01 6.81e-03  4e-03  8e-03 580:23.8
  415   5395 -4.017976671936033e-03 1.9e+01 6.73e-03  4e-03  8e-03 584:50.0
  418   5434 -4.018990020805336e-03 2.0e+01 6.82e-03  4e-03  9e-03 589:16.9
  421   5473 -4.019156080521691e-03 2.1e+01 7.17e-03  4e-03  9e-03 593:42.6
  424   5512 -4.019246576631081e-03 2.1e+01 7.04e-03  4e-03  9e-03 598:07.9
  427   5551 -4.020175930295882e-03 2.2e+01 6.76e-03  4e-03  9e-03 602:33.8
  430   5590 -4.022558079996998e-03 2.2e+01 6.84e-03  4e-03  9e-03 606:59.1
  433   5629 -4.023387422081454e-03 2.4e+01 7.39e-03  4e-03  1e-02 611:24.6
  436   5668 -4.022194951292631e-03 2.5e+01 7.56e-03  4e-03  1e-02 615:49.2
  439   5707 -4.024315770060888e-03 2.5e+01 7.46e-03  4e-03  1e-02 620:14.4
  442   5746 -4.024711287627263e-03 2.6e+01 7.46e-03  4e-03  1e-02 624:41.2
  445   5785 -4.025635720457684e-03 2.7e+01 7.55e-03  4e-03  1e-02 629:07.4
  448   5824 -4.027396775546268e-03 2.8e+01 7.53e-03  4e-03  1e-02 633:32.0
  451   5863 -4.027772052970655e-03 2.8e+01 8.35e-03  5e-03  1e-02 637:56.7
  454   5902 -4.029937923422497e-03 3.0e+01 9.34e-03  6e-03  1e-02 642:20.8
  457   5941 -4.030849268804530e-03 3.1e+01 9.95e-03  6e-03  2e-02 646:46.1
  460   5980 -4.030924812964044e-03 3.2e+01 1.01e-02  6e-03  2e-02 651:10.6
  463   6019 -4.030641096940823e-03 3.3e+01 9.43e-03  5e-03  2e-02 655:35.7
  466   6058 -4.033542588997208e-03 3.4e+01 8.79e-03  5e-03  1e-02 660:01.0
  469   6097 -4.034563975084153e-03 3.4e+01 8.93e-03  5e-03  1e-02 664:25.7
  472   6136 -4.035285463620931e-03 3.5e+01 9.41e-03  6e-03  2e-02 668:51.2
  475   6175 -4.036264187138716e-03 3.7e+01 9.63e-03  6e-03  2e-02 673:15.8
  478   6214 -4.037810343822340e-03 3.7e+01 1.04e-02  6e-03  2e-02 677:41.0
  481   6253 -4.037675403306265e-03 3.9e+01 1.11e-02  7e-03  2e-02 682:05.9
  484   6292 -4.038418546786228e-03 4.0e+01 1.13e-02  7e-03  2e-02 686:30.5
  487   6331 -4.039631989980050e-03 4.2e+01 1.30e-02  8e-03  2e-02 690:56.3
  490   6370 -4.040315435740775e-03 4.4e+01 1.40e-02  8e-03  3e-02 695:22.3
  493   6409 -4.040846388716674e-03 4.5e+01 1.42e-02  8e-03  3e-02 699:47.2
  496   6448 -4.039439098070139e-03 4.5e+01 1.34e-02  8e-03  2e-02 704:11.4
  499   6487 -4.040832721962966e-03 4.6e+01 1.36e-02  8e-03  3e-02 708:35.2
  500   6500 -4.038335362146903e-03 4.6e+01 1.39e-02  8e-03  3e-02 710:03.9
  503   6539 -4.037620867470829e-03 4.6e+01 1.29e-02  8e-03  2e-02 714:27.9
  506   6578 -4.041278969130938e-03 4.5e+01 1.18e-02  7e-03  2e-02 718:53.6
  509   6617 -4.041049787140051e-03 4.6e+01 1.15e-02  7e-03  2e-02 723:18.8
  512   6656 -4.042729373201698e-03 4.7e+01 1.12e-02  6e-03  2e-02 727:42.7
  515   6695 -4.044492242236278e-03 4.7e+01 1.08e-02  6e-03  2e-02 732:07.3
  518   6734 -4.046750495126327e-03 4.9e+01 1.05e-02  6e-03  2e-02 736:31.8
  521   6773 -4.045751419192961e-03 4.9e+01 9.40e-03  5e-03  2e-02 740:56.5
  524   6812 -4.046232489732367e-03 5.0e+01 8.63e-03  5e-03  2e-02 745:21.9
  527   6851 -4.047146909831305e-03 5.1e+01 9.06e-03  5e-03  2e-02 749:48.2
  530   6890 -4.047342274024297e-03 5.3e+01 1.04e-02  6e-03  2e-02 754:14.4
  533   6929 -4.048379562373387e-03 5.4e+01 1.04e-02  6e-03  2e-02 758:39.7
  537   6981 -4.048806181039850e-03 5.5e+01 9.26e-03  5e-03  2e-02 764:32.4
  541   7033 -4.049202475742589e-03 5.4e+01 8.53e-03  5e-03  2e-02 770:25.5
  545   7085 -4.050205721527112e-03 5.6e+01 8.47e-03  5e-03  2e-02 776:19.3
  549   7137 -4.050264500564538e-03 5.7e+01 7.82e-03  4e-03  2e-02 782:12.7
  553   7189 -4.050670460956590e-03 5.8e+01 7.49e-03  4e-03  1e-02 788:04.8
  557   7241 -4.051644709143000e-03 5.9e+01 7.60e-03  4e-03  2e-02 793:57.5
  561   7293 -4.052212064001350e-03 6.0e+01 8.34e-03  5e-03  2e-02 799:51.4
  565   7345 -4.052408212051639e-03 6.3e+01 8.42e-03  5e-03  2e-02 805:45.7
  569   7397 -4.053037604469670e-03 6.6e+01 7.52e-03  4e-03  2e-02 811:40.7
  573   7449 -4.053273440509304e-03 6.6e+01 6.34e-03  4e-03  1e-02 817:35.1
  577   7501 -4.053551243385429e-03 6.6e+01 5.32e-03  3e-03  1e-02 823:29.3
  581   7553 -4.054359947644245e-03 6.8e+01 4.78e-03  3e-03  1e-02 829:22.8
  585   7605 -4.054371302670935e-03 6.8e+01 4.80e-03  3e-03  1e-02 835:15.9
  589   7657 -4.054708201994078e-03 7.0e+01 4.63e-03  3e-03  1e-02 841:09.1
  593   7709 -4.054994489851974e-03 7.3e+01 4.57e-03  3e-03  1e-02 847:02.6
  597   7761 -4.055046380185529e-03 7.4e+01 4.51e-03  3e-03  1e-02 852:56.2
  600   7800 -4.055151926451342e-03 7.5e+01 4.59e-03  3e-03  1e-02 857:22.1
  604   7852 -4.055531911152065e-03 7.5e+01 4.75e-03  3e-03  1e-02 863:16.4
  608   7904 -4.055572474292648e-03 7.7e+01 5.02e-03  3e-03  1e-02 869:09.7
  612   7956 -4.056014182588792e-03 8.0e+01 5.83e-03  3e-03  2e-02 875:02.4
  616   8008 -4.056081265523393e-03 8.4e+01 6.27e-03  3e-03  2e-02 880:54.8
  620   8060 -4.056339002076657e-03 8.4e+01 5.64e-03  3e-03  2e-02 886:46.5
  624   8112 -4.056582398473314e-03 8.6e+01 5.78e-03  3e-03  2e-02 892:40.4
  628   8164 -4.057213063100062e-03 9.0e+01 6.49e-03  3e-03  2e-02 898:33.6
  632   8216 -4.057654340898858e-03 9.2e+01 6.26e-03  3e-03  2e-02 904:24.9
  636   8268 -4.058588047535356e-03 9.2e+01 7.52e-03  4e-03  2e-02 910:16.4
  640   8320 -4.058377137087675e-03 9.6e+01 8.74e-03  4e-03  3e-02 916:06.8
  644   8372 -4.058043092421117e-03 9.5e+01 7.87e-03  4e-03  2e-02 921:56.8
  648   8424 -4.058438044999653e-03 9.4e+01 7.06e-03  3e-03  2e-02 927:47.7
  652   8476 -4.058416992814048e-03 9.3e+01 6.02e-03  3e-03  2e-02 933:37.9
  656   8528 -4.058865187617315e-03 9.5e+01 5.07e-03  2e-03  1e-02 939:27.9
  660   8580 -4.058877003434575e-03 9.6e+01 4.85e-03  2e-03  1e-02 945:18.5
  664   8632 -4.059129700624884e-03 9.7e+01 4.64e-03  2e-03  1e-02 951:09.3
  668   8684 -4.059469758611165e-03 9.8e+01 4.55e-03  2e-03  1e-02 956:59.8
  672   8736 -4.059631586599246e-03 9.8e+01 4.73e-03  2e-03  1e-02 962:50.5
  676   8788 -4.059701957856175e-03 1.0e+02 5.15e-03  2e-03  1e-02 968:40.8
  680   8840 -4.059732122537734e-03 1.0e+02 5.63e-03  3e-03  2e-02 974:32.0
  684   8892 -4.060267325911416e-03 1.0e+02 5.71e-03  3e-03  2e-02 980:22.4
  688   8944 -4.060479708591569e-03 1.1e+02 6.08e-03  3e-03  2e-02 986:12.4
  692   8996 -4.060712433921813e-03 1.1e+02 6.40e-03  3e-03  2e-02 992:02.2
  696   9048 -4.060970478385720e-03 1.1e+02 6.24e-03  3e-03  2e-02 997:52.1
  700   9100 -4.061462981324291e-03 1.1e+02 5.98e-03  3e-03  2e-02 1003:43.6
  704   9152 -4.061558821277346e-03 1.1e+02 5.44e-03  2e-03  2e-02 1009:35.8
  708   9204 -4.061460038064637e-03 1.1e+02 5.50e-03  2e-03  2e-02 1015:28.0
  712   9256 -4.062011354229880e-03 1.1e+02 5.62e-03  2e-03  2e-02 1021:20.2
  716   9308 -4.062383835600584e-03 1.2e+02 5.72e-03  2e-03  2e-02 1027:12.1
  720   9360 -4.062914208450508e-03 1.2e+02 6.34e-03  3e-03  2e-02 1033:03.7
  724   9412 -4.062771943296481e-03 1.2e+02 6.73e-03  3e-03  2e-02 1038:53.9
  728   9464 -4.063231253599416e-03 1.3e+02 6.82e-03  3e-03  2e-02 1044:43.5
  732   9516 -4.063530934458556e-03 1.3e+02 7.17e-03  3e-03  2e-02 1050:35.4
  736   9568 -4.064025996090747e-03 1.3e+02 7.00e-03  3e-03  2e-02 1056:26.8
  740   9620 -4.064004519832745e-03 1.3e+02 6.74e-03  3e-03  2e-02 1062:17.7
  744   9672 -4.064541222944147e-03 1.3e+02 6.91e-03  3e-03  2e-02 1068:09.1
  748   9724 -4.064693037296500e-03 1.3e+02 7.50e-03  3e-03  2e-02 1074:01.5
  752   9776 -4.065266101216634e-03 1.3e+02 8.72e-03  3e-03  3e-02 1079:53.8
  756   9828 -4.065158801968987e-03 1.3e+02 8.56e-03  3e-03  2e-02 1085:42.8
  760   9880 -4.065717979731901e-03 1.3e+02 7.89e-03  3e-03  2e-02 1091:28.9
  764   9932 -4.065551740774514e-03 1.4e+02 8.05e-03  3e-03  2e-02 1097:16.2
  768   9984 -4.066057804438337e-03 1.3e+02 7.34e-03  3e-03  2e-02 1103:03.3
  772  10036 -4.066173164468233e-03 1.4e+02 7.73e-03  3e-03  2e-02 1108:50.8
  776  10088 -4.066513007797074e-03 1.4e+02 8.23e-03  3e-03  2e-02 1114:37.7
  780  10140 -4.066834399617940e-03 1.3e+02 8.66e-03  3e-03  2e-02 1120:24.9
  784  10192 -4.067128853741876e-03 1.3e+02 8.79e-03  3e-03  2e-02 1126:11.7
  788  10244 -4.067354355002328e-03 1.3e+02 8.87e-03  3e-03  2e-02 1131:57.8
  792  10296 -4.067609679535166e-03 1.3e+02 8.69e-03  3e-03  2e-02 1137:44.8
  796  10348 -4.067936809317417e-03 1.3e+02 8.12e-03  3e-03  2e-02 1143:32.6
  800  10400 -4.068058337786753e-03 1.3e+02 8.04e-03  3e-03  2e-02 1149:21.5
  804  10452 -4.068550730175057e-03 1.3e+02 7.70e-03  3e-03  2e-02 1155:08.9
  808  10504 -4.068580815760075e-03 1.3e+02 7.23e-03  2e-03  2e-02 1160:55.9
  812  10556 -4.069310972709557e-03 1.3e+02 7.22e-03  2e-03  2e-02 1166:42.8
  816  10608 -4.069474556455698e-03 1.3e+02 7.43e-03  2e-03  2e-02 1172:30.3
  820  10660 -4.069934201675794e-03 1.3e+02 8.78e-03  3e-03  2e-02 1178:17.2
  824  10712 -4.070329571817176e-03 1.3e+02 1.04e-02  3e-03  3e-02 1184:04.2
  828  10764 -4.070752682480371e-03 1.3e+02 1.15e-02  4e-03  3e-02 1189:51.5
  832  10816 -4.071482049729122e-03 1.3e+02 1.28e-02  4e-03  3e-02 1195:38.7
  836  10868 -4.070954613190263e-03 1.3e+02 1.24e-02  4e-03  3e-02 1201:24.7
  840  10920 -4.072028822279428e-03 1.3e+02 1.21e-02  4e-03  3e-02 1207:12.3
  844  10972 -4.071889090706174e-03 1.3e+02 1.28e-02  4e-03  3e-02 1213:01.4
  848  11024 -4.072647444976646e-03 1.4e+02 1.36e-02  4e-03  3e-02 1218:53.1
  852  11076 -4.074118328922485e-03 1.4e+02 1.65e-02  5e-03  4e-02 1224:44.3
  856  11128 -4.072332909358808e-03 1.4e+02 1.53e-02  5e-03  4e-02 1230:34.4
  860  11180 -4.073745288136106e-03 1.4e+02 1.44e-02  5e-03  4e-02 1236:25.2
  864  11232 -4.074515049631650e-03 1.4e+02 1.36e-02  4e-03  4e-02 1242:16.2
  868  11284 -4.075712047374916e-03 1.5e+02 1.39e-02  4e-03  4e-02 1248:06.7
  872  11336 -4.076051899349684e-03 1.5e+02 1.38e-02  4e-03  4e-02 1253:57.3
  877  11401 -4.076643724532975e-03 1.4e+02 1.31e-02  4e-03  3e-02 1261:08.6
  881  11453 -4.077709455919449e-03 1.4e+02 1.22e-02  4e-03  3e-02 1267:56.5
  885  11505 -4.079027172601999e-03 1.4e+02 1.30e-02  4e-03  3e-02 1274:52.1
  889  11557 -4.078871889206806e-03 1.5e+02 1.44e-02  5e-03  4e-02 1281:44.3
  893  11609 -4.079998633049765e-03 1.4e+02 1.55e-02  5e-03  4e-02 1288:36.4
  897  11661 -4.081609526605258e-03 1.5e+02 1.76e-02  5e-03  5e-02 1295:29.4
  900  11700 -4.081645420341735e-03 1.5e+02 1.80e-02  6e-03  5e-02 1300:38.6
  904  11752 -4.082887827061332e-03 1.5e+02 1.74e-02  5e-03  5e-02 1307:30.1
  908  11804 -4.083425066900597e-03 1.5e+02 1.70e-02  5e-03  5e-02 1314:21.0
  912  11856 -4.085347928708425e-03 1.5e+02 1.54e-02  5e-03  4e-02 1321:09.5
  916  11908 -4.085275526725268e-03 1.5e+02 1.44e-02  4e-03  4e-02 1327:58.3
  920  11960 -4.086482438421830e-03 1.5e+02 1.40e-02  4e-03  4e-02 1334:47.7
  924  12012 -4.086907905121795e-03 1.6e+02 1.41e-02  4e-03  4e-02 1341:36.8
  928  12064 -4.086447985961627e-03 1.6e+02 1.42e-02  4e-03  4e-02 1348:25.3
  932  12116 -4.088606861322007e-03 1.6e+02 1.31e-02  4e-03  4e-02 1355:14.4
  936  12168 -4.089254718264088e-03 1.7e+02 1.32e-02  4e-03  4e-02 1362:04.1
  940  12220 -4.089374175377520e-03 1.7e+02 1.39e-02  4e-03  4e-02 1368:53.9
  944  12272 -4.091043415991982e-03 1.8e+02 1.41e-02  4e-03  4e-02 1375:41.7
  948  12324 -4.091212951851434e-03 1.8e+02 1.50e-02  5e-03  5e-02 1382:31.6
  952  12376 -4.091834827330758e-03 1.8e+02 1.59e-02  5e-03  5e-02 1389:23.5
  956  12428 -4.092701053857592e-03 1.8e+02 1.47e-02  4e-03  5e-02 1396:15.9
  960  12480 -4.093000701324664e-03 1.8e+02 1.52e-02  4e-03  5e-02 1403:06.8
  964  12532 -4.094383341244396e-03 1.8e+02 1.59e-02  5e-03  5e-02 1409:57.2
  968  12584 -4.094538223713372e-03 1.8e+02 1.50e-02  4e-03  5e-02 1416:47.3
  972  12636 -4.094495210723287e-03 1.8e+02 1.24e-02  4e-03  4e-02 1423:37.0
  976  12688 -4.095178566379753e-03 1.8e+02 1.13e-02  3e-03  4e-02 1430:27.9
  980  12740 -4.096192130740008e-03 1.8e+02 1.12e-02  3e-03  3e-02 1437:13.7
