Running job array 8 on pe55.int.triton.aalto.fi
Starting at Sat Mar 22 10:18:25 EET 2025
Activating virtual environment at /scratch/work/uotilav2/quantum-portfolio/venv
Processing batch 9/100: experiments 8 to 8 (total 1)
Processing experiment 8
Budget: 5704
YF.download() has changed argument auto_adjust default to True
Number of qubits for asset CVX: 6
Number of qubits for asset HD: 4
Total number of qubits:  10
Optimized Weights (considering variance, skewness and kurtosis):
CVX: 5.78%
HD: 94.22%
Left over budget:  5.97997978035437
Optimized Discrete Allocation:
CVX: 2
HD: 14
Maximized utility from continuous higher moments:  -4314.063126084253
Budget constraint satisfied 5698.02001953125 5704 Difference:  5.97998046875
Budget constraint satisfied 5684.4178466796875 5704 Difference:  19.5821533203125
smallest_eigenvalues: [-0.36275911355779356]
smallest_bitstrings: ['0100000111']
first_excited_energy: -0.3627471485828989
optimized_portfolio: [{'CVX': 2, 'HD': 14}]
second_optimized_portfolio: [{'CVX': 10, 'HD': 11}]
result_with_budget: [{'portfolio': {'CVX': 2, 'HD': 14}, 'budget': 5698.02001953125, 'difference': 5.97998046875, 'objective_value': -4314.063126084253}]
result_with_budget_excited: [{'portfolio': {'CVX': 10, 'HD': 11}, 'budget': 5684.4178466796875, 'difference': 19.5821533203125, 'objective_value': -11387.99554061245}]
Initial params:  [2.51063067 1.44978017 2.45210473 0.37157007 2.01037118 0.45035763
 2.96776493 1.63943485 1.3026989  0.83112597 2.43232687 1.43303853
 1.78578792 0.0590299  1.94035914 1.92295543 1.93815531 2.96487203
 2.14200164 1.12942738]
(6_w,12)-aCMA-ES (mu_w=3.7,w_1=40%) in dimension 20 (seed=759890, Sat Mar 22 10:18:45 2025)
Iterat #Fevals   function value  axis ratio  sigma  min&max std  t[m:s]
    1     12 -2.679370015021711e-01 1.0e+00 9.54e-02  9e-02  1e-01 0:26.8
    2     24 -2.785705331553562e-01 1.1e+00 9.10e-02  9e-02  9e-02 0:53.6
    3     36 -2.860871024015604e-01 1.1e+00 8.84e-02  9e-02  9e-02 1:20.4
    4     48 -2.795459567477792e-01 1.1e+00 9.06e-02  9e-02  9e-02 1:47.1
    5     60 -3.003642892826341e-01 1.2e+00 9.31e-02  9e-02  1e-01 2:13.8
    6     72 -2.909503362028843e-01 1.3e+00 9.58e-02  9e-02  1e-01 2:40.7
    7     84 -3.024884557974895e-01 1.3e+00 1.01e-01  1e-01  1e-01 3:07.5
    8     96 -3.012007556641813e-01 1.4e+00 1.08e-01  1e-01  1e-01 3:34.3
    9    108 -2.996233860397599e-01 1.5e+00 1.14e-01  1e-01  1e-01 4:01.1
   10    120 -3.056422242248268e-01 1.6e+00 1.15e-01  1e-01  1e-01 4:28.0
   11    132 -3.085670705372499e-01 1.6e+00 1.15e-01  1e-01  1e-01 4:54.8
   12    144 -3.062994789926535e-01 1.7e+00 1.18e-01  1e-01  1e-01 5:21.7
   13    156 -3.045944034923173e-01 1.8e+00 1.20e-01  1e-01  1e-01 5:48.6
   14    168 -3.139968359560878e-01 1.9e+00 1.22e-01  1e-01  1e-01 6:15.4
   15    180 -3.122269014343924e-01 2.0e+00 1.25e-01  1e-01  1e-01 6:42.1
   16    192 -3.044811337045926e-01 2.0e+00 1.22e-01  1e-01  1e-01 7:08.9
   17    204 -3.233053874656679e-01 2.0e+00 1.20e-01  1e-01  1e-01 7:35.8
   18    216 -3.078992998496268e-01 2.1e+00 1.22e-01  1e-01  1e-01 8:02.7
   19    228 -3.130546312082096e-01 2.1e+00 1.24e-01  1e-01  1e-01 8:29.5
   20    240 -3.185457898002723e-01 2.2e+00 1.27e-01  1e-01  1e-01 8:56.3
   21    252 -3.159906943814229e-01 2.2e+00 1.27e-01  1e-01  1e-01 9:23.2
   22    264 -3.192086050347979e-01 2.3e+00 1.28e-01  1e-01  1e-01 9:50.1
   23    276 -3.219574939945912e-01 2.3e+00 1.25e-01  1e-01  1e-01 10:16.9
   24    288 -3.207344672020568e-01 2.4e+00 1.23e-01  1e-01  1e-01 10:43.7
   25    300 -3.145942967584269e-01 2.4e+00 1.22e-01  1e-01  1e-01 11:10.5
   26    312 -3.201074695293202e-01 2.4e+00 1.22e-01  1e-01  1e-01 11:37.3
   27    324 -3.261591727721296e-01 2.4e+00 1.22e-01  1e-01  1e-01 12:04.2
   29    348 -3.223980592616319e-01 2.6e+00 1.24e-01  1e-01  1e-01 12:57.8
   31    372 -3.259714427800881e-01 2.6e+00 1.30e-01  1e-01  1e-01 13:51.3
   33    396 -3.216945439686918e-01 2.7e+00 1.28e-01  1e-01  1e-01 14:45.0
   35    420 -3.199138710196573e-01 2.7e+00 1.22e-01  1e-01  1e-01 15:38.7
   37    444 -3.278550493144338e-01 2.8e+00 1.19e-01  1e-01  1e-01 16:32.3
   39    468 -3.267725136784441e-01 2.9e+00 1.12e-01  1e-01  1e-01 17:25.6
   41    492 -3.261006100180691e-01 3.0e+00 1.04e-01  9e-02  1e-01 18:17.5
   43    516 -3.287879979327653e-01 3.2e+00 1.06e-01  9e-02  1e-01 19:09.2
   45    540 -3.262351572551718e-01 3.3e+00 1.07e-01  9e-02  1e-01 20:00.8
   47    564 -3.213312060787579e-01 3.4e+00 9.85e-02  8e-02  1e-01 20:52.6
   49    588 -3.235904058516907e-01 3.4e+00 9.19e-02  8e-02  1e-01 21:44.1
   51    612 -3.278982977707195e-01 3.5e+00 8.61e-02  7e-02  1e-01 22:35.9
   53    636 -3.281219613000475e-01 3.5e+00 9.03e-02  8e-02  1e-01 23:27.2
   55    660 -3.258193026448200e-01 3.7e+00 9.19e-02  8e-02  1e-01 24:18.8
   57    684 -3.278227719823298e-01 3.9e+00 9.39e-02  8e-02  1e-01 25:10.4
   59    708 -3.270754262400531e-01 4.0e+00 9.26e-02  8e-02  1e-01 26:01.8
   61    732 -3.251385983115139e-01 4.1e+00 8.62e-02  7e-02  1e-01 26:53.5
   63    756 -3.279676611290708e-01 4.2e+00 8.61e-02  7e-02  1e-01 27:45.1
   65    780 -3.273668503006995e-01 4.3e+00 8.29e-02  7e-02  1e-01 28:36.7
   67    804 -3.285652782242437e-01 4.5e+00 8.04e-02  7e-02  1e-01 29:28.2
   69    828 -3.299973562768534e-01 4.8e+00 7.89e-02  7e-02  1e-01 30:19.7
   71    852 -3.296796167599456e-01 4.8e+00 7.79e-02  6e-02  1e-01 31:11.3
   73    876 -3.296073872797252e-01 5.0e+00 8.00e-02  7e-02  1e-01 32:02.5
   75    900 -3.296703759178293e-01 5.2e+00 7.83e-02  6e-02  1e-01 32:54.0
   77    924 -3.297288918785209e-01 5.3e+00 7.99e-02  7e-02  1e-01 33:45.5
   80    960 -3.291055577391667e-01 5.6e+00 8.35e-02  7e-02  1e-01 35:03.0
   83    996 -3.318115111688305e-01 5.7e+00 7.29e-02  6e-02  9e-02 36:20.3
   86   1032 -3.310530409771488e-01 5.9e+00 6.65e-02  5e-02  9e-02 37:36.7
   89   1068 -3.323698953885718e-01 6.1e+00 6.63e-02  5e-02  9e-02 38:54.0
   92   1104 -3.322860547345207e-01 6.2e+00 5.95e-02  5e-02  8e-02 40:11.4
   95   1140 -3.327687963444334e-01 6.3e+00 5.74e-02  5e-02  8e-02 41:28.6
   98   1176 -3.326973551177855e-01 6.6e+00 5.62e-02  4e-02  7e-02 42:45.9
  100   1200 -3.325028411097498e-01 6.7e+00 5.63e-02  4e-02  7e-02 43:37.4
  103   1236 -3.334408630133788e-01 6.9e+00 5.25e-02  4e-02  7e-02 44:55.1
  106   1272 -3.336572579743134e-01 7.0e+00 5.09e-02  4e-02  7e-02 46:12.6
  109   1308 -3.332527277113271e-01 7.2e+00 4.64e-02  4e-02  6e-02 47:30.3
  112   1344 -3.338543376724289e-01 7.3e+00 4.08e-02  3e-02  5e-02 48:47.6
  115   1380 -3.339712743251637e-01 7.4e+00 3.46e-02  3e-02  4e-02 50:05.0
  118   1416 -3.337835493458109e-01 7.6e+00 2.94e-02  2e-02  4e-02 51:22.4
  121   1452 -3.342000481042863e-01 7.9e+00 2.74e-02  2e-02  4e-02 52:39.7
  124   1488 -3.340822606699272e-01 8.0e+00 2.61e-02  2e-02  3e-02 53:56.9
  127   1524 -3.342806860188128e-01 8.3e+00 2.46e-02  2e-02  3e-02 55:14.2
  130   1560 -3.343960690064466e-01 8.9e+00 2.67e-02  2e-02  4e-02 56:31.5
  133   1596 -3.342967500547999e-01 9.5e+00 2.87e-02  2e-02  4e-02 57:48.8
  136   1632 -3.344470606889344e-01 9.8e+00 2.87e-02  2e-02  4e-02 59:05.9
  139   1668 -3.344339726638393e-01 1.0e+01 2.91e-02  2e-02  4e-02 60:23.3
  142   1704 -3.348202645233396e-01 1.0e+01 2.93e-02  2e-02  4e-02 61:40.5
  145   1740 -3.347534691911352e-01 1.1e+01 3.15e-02  2e-02  4e-02 62:57.9
  148   1776 -3.348110207172107e-01 1.1e+01 3.38e-02  2e-02  4e-02 64:15.1
  151   1812 -3.348934695293230e-01 1.1e+01 3.20e-02  2e-02  4e-02 65:32.6
  154   1848 -3.350660955775347e-01 1.2e+01 3.08e-02  2e-02  4e-02 66:49.8
  158   1896 -3.355203097810689e-01 1.2e+01 3.65e-02  3e-02  5e-02 68:33.0
  162   1944 -3.356019541457403e-01 1.3e+01 5.10e-02  4e-02  7e-02 70:16.1
  166   1992 -3.354912938026475e-01 1.3e+01 5.16e-02  4e-02  7e-02 71:59.3
  170   2040 -3.360365998156623e-01 1.3e+01 4.97e-02  3e-02  7e-02 73:42.4
  174   2088 -3.364024601245015e-01 1.4e+01 4.72e-02  3e-02  7e-02 75:25.5
  178   2136 -3.370009194705318e-01 1.4e+01 4.37e-02  3e-02  7e-02 77:08.5
  182   2184 -3.371463359525474e-01 1.5e+01 4.61e-02  3e-02  7e-02 78:51.4
  186   2232 -3.373906502171818e-01 1.7e+01 4.82e-02  3e-02  8e-02 80:34.6
  190   2280 -3.379068292933681e-01 1.7e+01 5.12e-02  3e-02  9e-02 82:17.8
  194   2328 -3.386296706519206e-01 1.8e+01 5.40e-02  3e-02  1e-01 84:00.8
  198   2376 -3.390051687490211e-01 2.0e+01 6.95e-02  4e-02  1e-01 85:43.8
  200   2400 -3.388843943477403e-01 2.2e+01 7.57e-02  5e-02  1e-01 86:35.2
  204   2448 -3.391005249092297e-01 2.4e+01 7.27e-02  4e-02  1e-01 88:18.4
  208   2496 -3.382897529244729e-01 2.4e+01 6.77e-02  4e-02  1e-01 90:01.6
  212   2544 -3.397336201981712e-01 2.5e+01 5.89e-02  4e-02  1e-01 91:44.7
  216   2592 -3.399504781859679e-01 2.5e+01 5.41e-02  3e-02  1e-01 93:27.5
  220   2640 -3.408130478563582e-01 2.6e+01 5.81e-02  4e-02  1e-01 95:10.5
  224   2688 -3.403140610870529e-01 2.7e+01 5.26e-02  3e-02  1e-01 96:53.6
  228   2736 -3.410056893861625e-01 2.8e+01 4.80e-02  3e-02  9e-02 98:37.0
  232   2784 -3.411389789668729e-01 2.8e+01 5.14e-02  3e-02  1e-01 100:20.2
  236   2832 -3.416867851612898e-01 3.1e+01 5.68e-02  3e-02  1e-01 102:03.5
  240   2880 -3.421774950070933e-01 3.3e+01 6.15e-02  4e-02  1e-01 103:46.6
  244   2928 -3.422886070006343e-01 3.5e+01 6.95e-02  4e-02  2e-01 105:29.5
  248   2976 -3.424968769187104e-01 3.5e+01 6.13e-02  4e-02  1e-01 107:12.7
  252   3024 -3.427234220787430e-01 3.7e+01 5.88e-02  3e-02  1e-01 108:56.2
  257   3084 -3.439473743447488e-01 3.7e+01 5.21e-02  3e-02  1e-01 111:04.6
  262   3144 -3.439568131264613e-01 3.8e+01 4.71e-02  3e-02  1e-01 113:12.9
  267   3204 -3.441409749861902e-01 3.9e+01 3.84e-02  2e-02  1e-01 115:21.1
  272   3264 -3.443319686761179e-01 4.0e+01 3.89e-02  2e-02  1e-01 117:29.3
  277   3324 -3.442739344267382e-01 4.0e+01 3.73e-02  2e-02  9e-02 119:37.7
  282   3384 -3.444440186643448e-01 4.1e+01 3.11e-02  2e-02  8e-02 121:46.1
  287   3444 -3.445732117405382e-01 4.0e+01 2.62e-02  1e-02  7e-02 123:54.7
  292   3504 -3.448865386740240e-01 4.1e+01 2.75e-02  1e-02  7e-02 126:03.1
  297   3564 -3.448908515689333e-01 4.2e+01 2.74e-02  1e-02  7e-02 128:11.3
  300   3600 -3.450135107549844e-01 4.2e+01 2.84e-02  1e-02  7e-02 129:28.2
  305   3660 -3.450827427643688e-01 4.2e+01 2.83e-02  1e-02  7e-02 131:35.4
  310   3720 -3.451144129935645e-01 4.2e+01 3.01e-02  1e-02  7e-02 133:44.6
  315   3780 -3.452645367002741e-01 4.2e+01 2.46e-02  1e-02  6e-02 135:54.4
  320   3840 -3.453331963328210e-01 4.3e+01 2.20e-02  9e-03  5e-02 138:04.2
  325   3900 -3.453689256843547e-01 4.4e+01 2.15e-02  8e-03  5e-02 140:13.9
  330   3960 -3.454984855687140e-01 4.6e+01 2.23e-02  9e-03  5e-02 142:23.7
  335   4020 -3.455827601858554e-01 4.7e+01 2.69e-02  1e-02  6e-02 144:33.3
  340   4080 -3.455612379523947e-01 4.7e+01 3.09e-02  1e-02  7e-02 146:43.0
  345   4140 -3.456315202248857e-01 5.1e+01 3.71e-02  1e-02  9e-02 148:52.5
  350   4200 -3.458464257399420e-01 5.3e+01 4.04e-02  1e-02  1e-01 151:02.1
  355   4260 -3.460548591550182e-01 5.5e+01 4.23e-02  1e-02  1e-01 153:11.6
  360   4320 -3.460585000165587e-01 5.5e+01 3.63e-02  1e-02  9e-02 155:20.7
  365   4380 -3.460101122113726e-01 5.4e+01 2.92e-02  9e-03  7e-02 157:30.0
  370   4440 -3.462016393544701e-01 5.5e+01 2.34e-02  8e-03  6e-02 159:39.3
  375   4500 -3.462969375287581e-01 5.8e+01 2.41e-02  7e-03  6e-02 161:48.2
  380   4560 -3.463471593081369e-01 5.7e+01 2.10e-02  7e-03  5e-02 163:57.7
  385   4620 -3.465756468402721e-01 6.0e+01 2.66e-02  8e-03  7e-02 166:06.8
  391   4692 -3.466342561983436e-01 6.5e+01 3.53e-02  1e-02  1e-01 168:42.4
  397   4764 -3.467218072835096e-01 6.6e+01 2.79e-02  9e-03  8e-02 171:18.0
  400   4800 -3.467493134137959e-01 6.8e+01 2.72e-02  8e-03  8e-02 172:35.8
  406   4872 -3.468475471208332e-01 7.8e+01 3.02e-02  9e-03  9e-02 175:11.6
  412   4944 -3.469734514004436e-01 8.7e+01 3.30e-02  9e-03  1e-01 177:47.2
  418   5016 -3.470600668740033e-01 9.0e+01 3.16e-02  9e-03  1e-01 180:23.0
  424   5088 -3.470881559944085e-01 9.9e+01 3.00e-02  8e-03  1e-01 182:58.7
  430   5160 -3.472211334868955e-01 1.0e+02 2.87e-02  8e-03  1e-01 185:34.3
  436   5232 -3.472420091348068e-01 1.0e+02 2.53e-02  7e-03  1e-01 188:09.7
  442   5304 -3.473039230837244e-01 1.0e+02 2.44e-02  6e-03  1e-01 190:45.0
  448   5376 -3.473537694187690e-01 1.0e+02 2.77e-02  7e-03  1e-01 193:20.9
  454   5448 -3.474138753784705e-01 1.1e+02 2.41e-02  6e-03  9e-02 195:56.3
  460   5520 -3.474797260098734e-01 1.1e+02 2.34e-02  5e-03  9e-02 198:31.9
  466   5592 -3.475935208946570e-01 1.2e+02 2.76e-02  6e-03  1e-01 201:07.3
  472   5664 -3.477097528590032e-01 1.2e+02 3.27e-02  7e-03  1e-01 203:42.6
  478   5736 -3.477814713959911e-01 1.3e+02 3.92e-02  9e-03  2e-01 206:18.0
  484   5808 -3.478847970436467e-01 1.3e+02 3.68e-02  8e-03  1e-01 208:53.7
  490   5880 -3.480005934842810e-01 1.3e+02 3.66e-02  8e-03  1e-01 211:29.3
  496   5952 -3.480276662018264e-01 1.5e+02 4.26e-02  9e-03  2e-01 214:04.1
  500   6000 -3.480875194370152e-01 1.5e+02 3.95e-02  8e-03  2e-01 215:47.6
  506   6072 -3.481020633577114e-01 1.5e+02 3.65e-02  7e-03  2e-01 218:23.3
  512   6144 -3.481484882258624e-01 1.6e+02 4.33e-02  9e-03  2e-01 220:57.0
  518   6216 -3.482290240553450e-01 1.6e+02 3.28e-02  6e-03  1e-01 223:32.5
  524   6288 -3.482447308415633e-01 1.6e+02 2.48e-02  5e-03  1e-01 226:07.9
  530   6360 -3.482945908066207e-01 1.6e+02 2.29e-02  4e-03  9e-02 228:43.3
  536   6432 -3.483129865141613e-01 1.7e+02 1.97e-02  4e-03  8e-02 231:18.6
  543   6516 -3.483473677032251e-01 1.7e+02 1.84e-02  3e-03  7e-02 234:20.0
  550   6600 -3.483554478736945e-01 1.6e+02 1.71e-02  3e-03  7e-02 237:21.5
  557   6684 -3.483731556669011e-01 1.7e+02 1.58e-02  3e-03  6e-02 240:23.1
  564   6768 -3.483938007869087e-01 1.7e+02 1.96e-02  3e-03  8e-02 243:24.5
  571   6852 -3.483991118470994e-01 1.7e+02 1.95e-02  3e-03  8e-02 246:25.9
  578   6936 -3.484097550206946e-01 1.7e+02 1.99e-02  3e-03  8e-02 249:27.3
  585   7020 -3.484278918771098e-01 1.7e+02 1.91e-02  3e-03  7e-02 252:28.6
  592   7104 -3.484423101166094e-01 1.7e+02 2.00e-02  3e-03  7e-02 255:29.9
  599   7188 -3.484556955357450e-01 1.7e+02 2.38e-02  4e-03  9e-02 258:31.2
  600   7200 -3.484498587880015e-01 1.7e+02 2.41e-02  4e-03  9e-02 258:57.1
  607   7284 -3.484845815180316e-01 1.7e+02 2.84e-02  4e-03  1e-01 261:58.6
  614   7368 -3.484902201443200e-01 1.6e+02 2.91e-02  4e-03  1e-01 264:59.7
  621   7452 -3.485341498561115e-01 1.6e+02 2.56e-02  4e-03  8e-02 268:00.7
  628   7536 -3.485676383429209e-01 1.7e+02 3.13e-02  4e-03  1e-01 271:02.0
  635   7620 -3.486131317526868e-01 1.7e+02 3.78e-02  5e-03  1e-01 274:02.8
  642   7704 -3.486753821073112e-01 1.8e+02 3.97e-02  5e-03  1e-01 277:04.0
  649   7788 -3.487295308522005e-01 1.8e+02 3.97e-02  5e-03  1e-01 280:05.8
  656   7872 -3.487975074760417e-01 1.9e+02 4.07e-02  5e-03  1e-01 283:07.2
  663   7956 -3.488143026063087e-01 1.9e+02 3.69e-02  4e-03  1e-01 286:08.8
  670   8040 -3.488181493881505e-01 1.9e+02 4.08e-02  4e-03  1e-01 289:10.5
  677   8124 -3.488458644786121e-01 1.9e+02 3.70e-02  4e-03  1e-01 292:11.6
  684   8208 -3.489219767527837e-01 1.9e+02 2.76e-02  3e-03  9e-02 295:12.8
  691   8292 -3.490044986753649e-01 1.9e+02 3.54e-02  3e-03  1e-01 298:14.0
  698   8376 -3.490492674472855e-01 1.9e+02 4.12e-02  4e-03  1e-01 301:15.1
  700   8400 -3.490793162205672e-01 1.9e+02 4.35e-02  4e-03  1e-01 302:06.8
  707   8484 -3.490907300056075e-01 1.9e+02 3.83e-02  3e-03  1e-01 305:08.3
  715   8580 -3.491900452907839e-01 1.9e+02 3.55e-02  3e-03  1e-01 308:34.2
  723   8676 -3.493394724061775e-01 1.9e+02 4.17e-02  3e-03  1e-01 311:56.7
  731   8772 -3.494102899634781e-01 1.9e+02 4.53e-02  4e-03  1e-01 315:19.7
  739   8868 -3.495290946333818e-01 1.9e+02 5.29e-02  4e-03  2e-01 318:41.6
  747   8964 -3.495693439763863e-01 1.8e+02 4.36e-02  3e-03  1e-01 322:03.8
  755   9060 -3.497109412338447e-01 1.9e+02 5.49e-02  4e-03  2e-01 325:25.8
  763   9156 -3.498212885145068e-01 1.9e+02 5.22e-02  4e-03  1e-01 328:48.3
  771   9252 -3.498699183582837e-01 1.9e+02 4.52e-02  3e-03  1e-01 332:10.6
  779   9348 -3.499840893573065e-01 1.8e+02 5.06e-02  4e-03  1e-01 335:32.5
  787   9444 -3.501552745262408e-01 1.9e+02 5.79e-02  4e-03  2e-01 338:54.9
  795   9540 -3.501759458504584e-01 2.0e+02 6.52e-02  4e-03  2e-01 342:17.1
  800   9600 -3.502603314493565e-01 2.0e+02 5.99e-02  4e-03  2e-01 344:23.5
  808   9696 -3.504513273015178e-01 2.0e+02 6.29e-02  4e-03  2e-01 347:46.0
  816   9792 -3.505570960466461e-01 2.0e+02 7.60e-02  5e-03  2e-01 351:07.7
  824   9888 -3.506996129210897e-01 2.0e+02 6.33e-02  4e-03  2e-01 354:30.0
  832   9984 -3.507602064964130e-01 2.0e+02 5.83e-02  4e-03  2e-01 357:52.3
  840  10080 -3.507733095247670e-01 2.1e+02 4.10e-02  2e-03  1e-01 361:14.4
  848  10176 -3.508277395583489e-01 2.1e+02 4.26e-02  3e-03  1e-01 364:37.1
  856  10272 -3.508467281298435e-01 2.2e+02 3.47e-02  2e-03  1e-01 367:59.2
  864  10368 -3.508792334807417e-01 2.2e+02 3.21e-02  2e-03  1e-01 371:21.5
  872  10464 -3.509138726798663e-01 2.2e+02 3.75e-02  2e-03  1e-01 374:46.1
  880  10560 -3.509525692243566e-01 2.2e+02 4.74e-02  3e-03  1e-01 378:10.8
  888  10656 -3.509716333036237e-01 2.1e+02 4.31e-02  2e-03  1e-01 381:36.2
  897  10764 -3.510425011450153e-01 2.1e+02 4.52e-02  2e-03  1e-01 385:26.3
  900  10800 -3.510781136514849e-01 2.1e+02 4.98e-02  3e-03  1e-01 386:43.1
  909  10908 -3.511135051754103e-01 2.1e+02 5.06e-02  2e-03  1e-01 390:33.6
  918  11016 -3.511439795035944e-01 2.1e+02 5.23e-02  3e-03  1e-01 394:24.0
  927  11124 -3.511761181653593e-01 2.1e+02 3.73e-02  2e-03  1e-01 398:14.6
  936  11232 -3.511812207640830e-01 2.0e+02 3.12e-02  1e-03  8e-02 402:04.9
  945  11340 -3.512121540036310e-01 2.0e+02 2.53e-02  1e-03  6e-02 405:56.0
  954  11448 -3.512248694316976e-01 2.1e+02 3.26e-02  1e-03  8e-02 409:47.0
  963  11556 -3.512504937739705e-01 2.1e+02 4.32e-02  2e-03  1e-01 413:37.3
  972  11664 -3.512650445761068e-01 2.1e+02 4.70e-02  2e-03  1e-01 417:27.9
  981  11772 -3.512784379252464e-01 2.1e+02 3.52e-02  1e-03  9e-02 421:18.2
  990  11880 -3.513088021853893e-01 2.1e+02 2.88e-02  1e-03  7e-02 425:08.9
  999  11988 -3.513220467923864e-01 2.1e+02 2.96e-02  1e-03  7e-02 428:58.9
 1000  12000 -3.513272085276305e-01 2.1e+02 2.93e-02  1e-03  7e-02 429:24.4
Budget constraint satisfied 4970.5721435546875 5704 Difference:  733.4278564453125
Budget constraint satisfied 4870.537353515625 5704 Difference:  833.462646484375
two_most_probable_states: ['0000011000', '0100010000']
final_expectation_value: -0.3513272085276305
params: [2.487165688983848, 5.263902963322403, 1.1547811127428367, 7.798953544720282, 12.734747769372893, 1.0714900661175897, -1.1975131929881755, -0.5449838872947146, 7.696002274934515, -0.577267893867807, 2.6883780553768992, 1.4957036918708433, 1.4265510911838637, -0.12626569709923813, 2.307207722393485, 2.7964039018634184, 1.724863286213342, 2.5410281942308472, 0.46407293600053257, 2.5794663237425315]
total_steps: 1000
states_probs: [0.005973750863800152, 0.005977483258139795]
optimized_portfolios: [{'CVX': 32, 'HD': 1}, {'CVX': 34, 'HD': 0}]
objective_values: [-110814.07947610154, -130811.44541911206]
result_with_budget: [{'portfolio': {'CVX': 32, 'HD': 1}, 'budget': 4970.5721435546875, 'difference': 733.4278564453125}, {'portfolio': {'CVX': 34, 'HD': 0}, 'budget': 4870.537353515625, 'difference': 833.462646484375}]
Batch 9/100 completed. Results saved to portfolio_optimization_results_batch_8.json
Job finished at Sat Mar 22 17:29:56 EET 2025
