Running job array 21 on pe48.int.triton.aalto.fi
Starting at Sun Mar 16 11:20:27 EET 2025
Activating virtual environment at /scratch/work/uotilav2/quantum-portfolio/venv
Processing batch 22/40: experiments 236 to 246 (total 11)
Processing experiment 236
Budget: 564.2822570800781
YF.download() has changed argument auto_adjust default to True
Expected returns: 0.11207400434543988
Covariance matrix: 0.40524254722252767
3rd-order coskewness tensor: -0.20201582582961994
4th-order cokurtosis tensor: 23.468884048504183
Number of qubits for asset CVX: 2
Number of qubits for asset KO: 4
Number of qubits for asset TRV: 2
Number of qubits for asset VZ: 4
Total number of qubits:  12
Optimized Weights (considering variance, skewness and kurtosis):
CVX: 27.03%
KO: 20.14%
TRV: 4.54%
VZ: 48.29%
Left over budget:  22.367290236187728
Optimized Discrete Allocation:
CVX: 1
KO: 2
VZ: 7
Maximized utility from continuous higher moments:  -2392.9865337237575
Budget constraint satisfied 558.404426574707 564.2822570800781 Difference:  5.877830505371094
Budget constraint not satisfied 565.7044105529785 564.2822570800781 Difference:  -1.4221534729003906
smallest_eigenvalues: [-0.06217988060876538]
smallest_bitstrings: ['000000010100']
first_excited_energy: -0.062158107055882365
optimized_portfolio: [{'CVX': 0, 'KO': 0, 'TRV': 2, 'VZ': 2}]
second_optimized_portfolio: [{'CVX': 2, 'KO': 0, 'TRV': 1, 'VZ': 1}]
result_with_budget: [{'portfolio': {'CVX': 0, 'KO': 0, 'TRV': 2, 'VZ': 2}, 'budget': 558.404426574707, 'difference': 5.877830505371094, 'objective_value': -154.20046547569473}]
result_with_budget_excited: [{'portfolio': {'CVX': 2, 'KO': 0, 'TRV': 1, 'VZ': 1}, 'budget': 565.7044105529785, 'difference': -1.4221534729003906, 'objective_value': -203.12169620566306}]
Initial params:  [2.51063067 1.44978017 2.45210473 0.37157007 2.01037118 0.45035763
 2.96776493 1.63943485 1.3026989  0.83112597 2.43232687 1.43303853
 1.78578792 0.0590299  1.94035914 1.92295543 1.93815531 2.96487203
 2.14200164 1.12942738]
(6_w,12)-aCMA-ES (mu_w=3.7,w_1=40%) in dimension 20 (seed=305515, Sun Mar 16 11:21:22 2025)
Iterat #Fevals   function value  axis ratio  sigma  min&max std  t[m:s]
    1     12 1.848987004723688e-02 1.0e+00 1.41e+00  1e+00  1e+00 1:02.7
    2     24 -2.730456056417926e-02 1.1e+00 1.35e+00  1e+00  1e+00 2:05.4
    3     36 -2.218318123273892e-02 1.1e+00 1.28e+00  1e+00  1e+00 3:07.9
    4     48 1.454122472977527e-02 1.1e+00 1.22e+00  1e+00  1e+00 4:10.5
    5     60 -3.851694911041307e-02 1.2e+00 1.15e+00  1e+00  1e+00 5:13.4
    6     72 -3.687302110100497e-02 1.2e+00 1.09e+00  1e+00  1e+00 6:16.1
    7     84 5.728590156287327e-03 1.2e+00 1.09e+00  1e+00  1e+00 7:19.0
    8     96 -1.892946977111112e-02 1.2e+00 1.10e+00  1e+00  1e+00 8:21.3
    9    108 -2.970662007389293e-02 1.3e+00 1.13e+00  1e+00  1e+00 9:23.8
   10    120 -1.332351585585001e-03 1.3e+00 1.16e+00  1e+00  1e+00 10:26.6
   11    132 -2.458250214658646e-02 1.3e+00 1.17e+00  1e+00  1e+00 11:29.2
   12    144 2.110440190402912e-02 1.4e+00 1.15e+00  1e+00  1e+00 12:32.0
   13    156 -9.366338376850880e-03 1.4e+00 1.15e+00  1e+00  1e+00 13:34.4
   14    168 -2.961059260350774e-02 1.4e+00 1.13e+00  1e+00  1e+00 14:37.1
   15    180 -3.831875252697756e-02 1.4e+00 1.12e+00  1e+00  1e+00 15:39.8
   16    192 -3.113603613175285e-02 1.5e+00 1.10e+00  1e+00  1e+00 16:42.4
   17    204 1.003964319020116e-01 1.5e+00 1.11e+00  1e+00  1e+00 17:45.1
   18    216 -1.100155563502935e-02 1.5e+00 1.09e+00  1e+00  1e+00 18:47.7
   19    228 -3.009579897210692e-02 1.5e+00 1.05e+00  1e+00  1e+00 19:50.4
   20    240 -2.637231194123330e-02 1.5e+00 1.02e+00  1e+00  1e+00 20:53.1
   21    252 2.019490715587169e-02 1.5e+00 1.00e+00  9e-01  1e+00 21:55.9
   22    264 -7.987408059518192e-03 1.5e+00 9.91e-01  9e-01  1e+00 22:58.4
   23    276 -2.950399657862098e-02 1.5e+00 1.01e+00  9e-01  1e+00 24:00.8
   24    288 -1.261744697241739e-02 1.5e+00 1.04e+00  1e+00  1e+00 25:03.2
   25    300 -3.848635643977189e-02 1.5e+00 1.06e+00  1e+00  1e+00 26:06.0
   26    312 -1.409820982082786e-02 1.6e+00 1.10e+00  1e+00  1e+00 27:08.6
   27    324 2.075264906238017e-02 1.6e+00 1.13e+00  1e+00  1e+00 28:11.2
   28    336 -3.695661190026780e-02 1.6e+00 1.17e+00  1e+00  1e+00 29:13.8
   29    348 -2.949937701467249e-02 1.6e+00 1.17e+00  1e+00  1e+00 30:16.4
   30    360 -3.912262357784149e-02 1.6e+00 1.20e+00  1e+00  1e+00 31:19.2
   31    372 -1.654199663724106e-02 1.6e+00 1.25e+00  1e+00  1e+00 32:22.0
   32    384 -1.510552706421476e-02 1.7e+00 1.30e+00  1e+00  1e+00 33:24.7
   33    396 -2.291283697729106e-02 1.7e+00 1.34e+00  1e+00  1e+00 34:27.6
   34    408 -3.239913742985175e-02 1.8e+00 1.33e+00  1e+00  1e+00 35:30.5
   35    420 -3.144846303282582e-02 1.8e+00 1.32e+00  1e+00  1e+00 36:33.1
   36    432 -3.212199444725559e-02 1.8e+00 1.34e+00  1e+00  1e+00 37:35.7
   37    444 -3.804753169054712e-02 1.9e+00 1.35e+00  1e+00  2e+00 38:38.3
   38    456 -4.516566495674560e-02 1.9e+00 1.34e+00  1e+00  2e+00 39:41.1
   39    468 2.903170116329311e-04 1.9e+00 1.31e+00  1e+00  1e+00 40:44.0
   40    480 -3.135864243440271e-02 1.9e+00 1.26e+00  1e+00  1e+00 41:46.8
   41    492 -2.966828275722656e-02 1.9e+00 1.27e+00  1e+00  1e+00 42:49.4
   42    504 -3.165459512807115e-02 2.0e+00 1.27e+00  1e+00  1e+00 43:52.1
   43    516 -2.670990817697015e-02 2.0e+00 1.29e+00  1e+00  1e+00 44:54.9
   44    528 -3.375665142425780e-02 2.0e+00 1.26e+00  1e+00  1e+00 45:57.7
   45    540 -3.219411271557867e-02 2.0e+00 1.26e+00  1e+00  1e+00 47:00.5
   46    552 -3.824874687797758e-02 2.0e+00 1.30e+00  1e+00  1e+00 48:03.2
   47    564 -2.618440810432773e-02 2.0e+00 1.29e+00  1e+00  1e+00 49:05.7
   48    576 -3.273060966648231e-02 2.0e+00 1.27e+00  1e+00  1e+00 50:08.3
   49    588 -3.907274610351107e-02 2.0e+00 1.22e+00  1e+00  1e+00 51:10.5
   50    600 -3.784669485445607e-02 2.0e+00 1.21e+00  1e+00  1e+00 52:11.5
   51    612 -3.425556806764155e-02 2.1e+00 1.23e+00  1e+00  1e+00 53:12.0
   52    624 -3.552796948957331e-02 2.1e+00 1.26e+00  1e+00  1e+00 54:12.8
   53    636 -3.241739727952335e-02 2.1e+00 1.23e+00  1e+00  1e+00 55:13.4
   54    648 -9.657982460586486e-03 2.1e+00 1.23e+00  1e+00  1e+00 56:14.1
   55    660 8.527892070570495e-04 2.1e+00 1.23e+00  1e+00  1e+00 57:14.6
   56    672 -1.162055962757326e-02 2.1e+00 1.23e+00  1e+00  1e+00 58:15.1
   57    684 -2.140431614344695e-02 2.1e+00 1.24e+00  1e+00  1e+00 59:15.6
   58    696 -1.389763931974792e-02 2.1e+00 1.23e+00  1e+00  1e+00 60:16.3
   59    708 -1.998642524966508e-02 2.1e+00 1.22e+00  1e+00  1e+00 61:16.9
   60    720 -1.211634660651703e-03 2.1e+00 1.23e+00  1e+00  1e+00 62:17.3
   61    732 -3.347689178480547e-02 2.1e+00 1.21e+00  1e+00  1e+00 63:17.9
   63    756 -1.640174926160941e-02 2.1e+00 1.21e+00  1e+00  1e+00 65:19.4
   65    780 -2.785625272836389e-02 2.1e+00 1.34e+00  1e+00  1e+00 67:20.9
   67    804 -2.577531053852972e-02 2.2e+00 1.43e+00  1e+00  2e+00 69:22.1
   69    828 -4.160878174288418e-02 2.2e+00 1.39e+00  1e+00  2e+00 71:23.5
   71    852 -1.530975596107889e-02 2.3e+00 1.41e+00  1e+00  2e+00 73:25.1
   73    876 4.901270654059952e-04 2.3e+00 1.38e+00  1e+00  2e+00 75:26.8
   75    900 -2.496579883634138e-02 2.3e+00 1.24e+00  1e+00  1e+00 77:28.5
   77    924 -2.991354706444710e-02 2.4e+00 1.13e+00  1e+00  1e+00 79:30.0
   79    948 -1.753865060121971e-02 2.4e+00 1.10e+00  9e-01  1e+00 81:31.5
   81    972 -1.666804598138739e-02 2.5e+00 1.08e+00  9e-01  1e+00 83:33.0
   83    996 -1.213332523589507e-03 2.5e+00 1.11e+00  9e-01  1e+00 85:34.7
   85   1020 -2.718473524271639e-02 2.5e+00 1.08e+00  9e-01  1e+00 87:36.2
   87   1044 -1.921670911316741e-03 2.5e+00 1.03e+00  9e-01  1e+00 89:37.7
   89   1068 -2.386645104349958e-02 2.5e+00 9.82e-01  8e-01  1e+00 91:39.0
   91   1092 -1.372319623019823e-02 2.5e+00 1.07e+00  9e-01  1e+00 93:40.1
   93   1116 -2.796019921390815e-02 2.5e+00 1.18e+00  1e+00  1e+00 95:41.2
   95   1140 -3.308273957498638e-02 2.6e+00 1.22e+00  1e+00  1e+00 97:42.5
   97   1164 -2.898174952727458e-02 2.6e+00 1.20e+00  1e+00  1e+00 99:44.1
   99   1188 2.429798056144975e-02 2.7e+00 1.19e+00  1e+00  1e+00 101:45.3
  100   1200 -3.563309864820820e-02 2.7e+00 1.19e+00  1e+00  1e+00 102:45.9
  102   1224 4.421327848423549e-03 2.7e+00 1.17e+00  1e+00  1e+00 104:47.4
  104   1248 -2.718426388919751e-02 2.7e+00 1.21e+00  1e+00  1e+00 106:48.3
  106   1272 -1.668868923629390e-02 2.7e+00 1.25e+00  1e+00  2e+00 108:49.6
  108   1296 -2.477935644796034e-02 2.8e+00 1.17e+00  1e+00  1e+00 110:51.0
  110   1320 -2.090182876893226e-02 2.7e+00 1.14e+00  1e+00  1e+00 112:52.4
  112   1344 -1.959477157543147e-02 2.8e+00 1.08e+00  9e-01  1e+00 114:53.5
  114   1368 -1.206680355444981e-02 2.8e+00 1.08e+00  9e-01  1e+00 116:54.7
  116   1392 -3.009094950278825e-02 2.8e+00 1.14e+00  9e-01  1e+00 118:56.2
  118   1416 -1.580360257088845e-02 2.8e+00 1.19e+00  1e+00  1e+00 120:58.0
  120   1440 -8.423821307632175e-03 2.9e+00 1.22e+00  1e+00  2e+00 122:59.3
  122   1464 -2.938796749085261e-02 2.9e+00 1.22e+00  1e+00  2e+00 125:01.2
  124   1488 -3.118539924706705e-02 2.8e+00 1.14e+00  1e+00  1e+00 127:03.9
  126   1512 -3.408184334878800e-02 2.9e+00 1.08e+00  9e-01  1e+00 129:05.4
  128   1536 -3.841526891657709e-02 2.9e+00 1.08e+00  9e-01  1e+00 131:07.8
  130   1560 -2.018645274652060e-02 2.9e+00 1.07e+00  9e-01  1e+00 133:09.1
  132   1584 -6.476771519548600e-03 2.8e+00 1.12e+00  1e+00  1e+00 135:11.6
  134   1608 -1.205538912062230e-02 2.9e+00 1.18e+00  1e+00  1e+00 137:14.2
  136   1632 -1.109228920103081e-03 2.9e+00 1.21e+00  1e+00  1e+00 139:15.6
  138   1656 -8.437378777054924e-03 2.9e+00 1.27e+00  1e+00  2e+00 141:17.5
  140   1680 -3.748990725221060e-02 3.0e+00 1.32e+00  1e+00  2e+00 143:18.5
  142   1704 -4.165284210245254e-03 3.1e+00 1.31e+00  1e+00  2e+00 145:20.0
  144   1728 -9.490320642716823e-04 3.1e+00 1.31e+00  1e+00  2e+00 147:22.3
  146   1752 3.701991364748180e-02 3.1e+00 1.23e+00  1e+00  2e+00 149:24.2
  148   1776 5.538970548240746e-03 3.0e+00 1.20e+00  1e+00  2e+00 151:26.4
  150   1800 2.724762263632503e-02 3.0e+00 1.27e+00  1e+00  2e+00 153:28.7
  152   1824 -2.969529671426533e-02 2.9e+00 1.45e+00  1e+00  2e+00 155:29.8
  154   1848 4.570558426985619e-03 2.9e+00 1.48e+00  1e+00  2e+00 157:31.9
  156   1872 -2.190416148269727e-02 2.9e+00 1.51e+00  1e+00  2e+00 159:33.6
  158   1896 4.368544780955299e-03 2.9e+00 1.55e+00  1e+00  2e+00 161:35.0
  160   1920 -3.493155158935787e-03 2.9e+00 1.59e+00  1e+00  2e+00 163:37.1
  162   1944 3.256052267876153e-02 3.0e+00 1.65e+00  1e+00  2e+00 165:38.9
  164   1968 7.823777855575993e-03 3.0e+00 1.69e+00  1e+00  2e+00 167:40.1
  166   1992 -5.039115486099967e-03 3.0e+00 1.74e+00  1e+00  2e+00 169:42.2
  168   2016 1.606746139281879e-02 3.0e+00 1.78e+00  1e+00  2e+00 171:43.8
  170   2040 4.592212230674323e-03 3.0e+00 1.86e+00  2e+00  2e+00 173:45.9
  172   2064 5.294330284387076e-02 3.0e+00 1.93e+00  2e+00  2e+00 175:46.8
  174   2088 1.017752014651971e-02 3.0e+00 1.79e+00  1e+00  2e+00 177:48.6
  176   2112 2.290932941593171e-02 3.1e+00 1.64e+00  1e+00  2e+00 179:49.7
  178   2136 3.017383950090290e-02 3.2e+00 1.66e+00  1e+00  2e+00 181:51.1
  180   2160 -1.471950665314556e-02 3.2e+00 1.62e+00  1e+00  2e+00 183:53.5
  182   2184 -4.611495658266752e-03 3.3e+00 1.54e+00  1e+00  2e+00 185:56.4
  184   2208 9.675448711648252e-03 3.3e+00 1.43e+00  1e+00  2e+00 187:58.5
  187   2244 8.102931976081435e-04 3.2e+00 1.40e+00  1e+00  2e+00 191:02.1
  190   2280 -2.552828030844883e-03 3.4e+00 1.44e+00  1e+00  2e+00 194:05.1
  193   2316 -2.690677051017852e-03 3.5e+00 1.39e+00  1e+00  2e+00 197:09.1
  196   2352 5.261042805294372e-02 3.6e+00 1.39e+00  1e+00  2e+00 200:12.2
  199   2388 -6.680597147221762e-03 3.6e+00 1.26e+00  1e+00  2e+00 203:15.2
  200   2400 1.930496134974615e-03 3.6e+00 1.20e+00  1e+00  2e+00 204:16.6
  203   2436 -1.714773172724827e-03 3.5e+00 1.19e+00  9e-01  1e+00 207:20.1
  206   2472 -6.332918804926493e-03 3.6e+00 1.08e+00  9e-01  1e+00 210:22.9
  209   2508 3.757806558971212e-03 3.6e+00 1.02e+00  8e-01  1e+00 213:26.2
  212   2544 -2.132432991831808e-02 3.6e+00 1.04e+00  8e-01  1e+00 216:30.2
  215   2580 -2.731018887714452e-02 3.6e+00 1.21e+00  9e-01  1e+00 219:34.0
  218   2616 -2.868911206618098e-02 3.7e+00 1.31e+00  1e+00  2e+00 222:36.0
  221   2652 2.454508448263503e-02 3.6e+00 1.37e+00  1e+00  2e+00 225:39.4
  224   2688 2.677809591851328e-02 3.6e+00 1.28e+00  1e+00  2e+00 228:43.0
  227   2724 -2.586012080428542e-02 3.8e+00 1.26e+00  1e+00  1e+00 231:45.3
  230   2760 -2.638264972759757e-02 3.9e+00 1.23e+00  1e+00  1e+00 234:47.8
  233   2796 3.038403158293984e-04 4.0e+00 1.27e+00  1e+00  2e+00 237:50.2
  236   2832 -3.237285637957431e-03 4.0e+00 1.21e+00  9e-01  1e+00 240:52.6
  239   2868 -1.581544449392339e-02 4.1e+00 1.24e+00  9e-01  2e+00 243:54.8
  242   2904 -2.601877770328209e-02 4.1e+00 1.21e+00  9e-01  1e+00 246:56.7
  245   2940 -2.872427148716457e-02 4.0e+00 1.25e+00  9e-01  2e+00 249:58.4
  248   2976 7.130045192365622e-03 4.0e+00 1.24e+00  9e-01  1e+00 253:00.6
  251   3012 -2.472432876542773e-02 4.0e+00 1.18e+00  9e-01  1e+00 256:02.5
  254   3048 -2.650116822718736e-02 4.0e+00 1.13e+00  8e-01  1e+00 259:04.6
  257   3084 1.230996463205821e-02 4.0e+00 1.21e+00  9e-01  1e+00 262:07.5
  260   3120 -3.659216214699961e-03 4.0e+00 1.27e+00  9e-01  1e+00 265:10.1
  263   3156 2.100960529301319e-02 4.1e+00 1.08e+00  8e-01  1e+00 268:13.4
  266   3192 2.365420331951518e-02 4.1e+00 9.60e-01  7e-01  1e+00 271:15.5
  269   3228 1.659066119690355e-02 4.1e+00 9.65e-01  7e-01  1e+00 274:18.2
  272   3264 -8.983375223234540e-03 4.2e+00 9.43e-01  7e-01  1e+00 277:20.8
  275   3300 9.151985937329871e-02 4.2e+00 8.67e-01  6e-01  1e+00 280:23.1
  278   3336 1.662306806228912e-02 4.3e+00 7.72e-01  5e-01  9e-01 283:25.8
  281   3372 5.232810443221048e-03 4.4e+00 6.90e-01  5e-01  8e-01 286:28.0
  284   3408 -2.114718923004128e-03 4.5e+00 6.14e-01  4e-01  7e-01 289:30.4
  287   3444 -2.589382691746292e-02 4.5e+00 5.48e-01  4e-01  6e-01 292:33.6
  290   3480 4.126919539953856e-03 4.7e+00 5.63e-01  4e-01  6e-01 295:35.4
  293   3516 2.704103317528414e-03 4.7e+00 5.64e-01  4e-01  6e-01 298:37.4
  296   3552 -2.717843584892797e-02 4.7e+00 4.98e-01  3e-01  6e-01 301:39.9
  299   3588 1.435454133700465e-02 4.8e+00 5.22e-01  4e-01  6e-01 304:42.2
  300   3600 -4.451362788055496e-02 4.9e+00 5.36e-01  4e-01  6e-01 305:43.0
  303   3636 5.237238649803222e-03 5.1e+00 5.89e-01  4e-01  7e-01 308:45.7
  306   3672 -2.677418260717397e-02 5.2e+00 6.91e-01  5e-01  8e-01 311:48.5
  309   3708 2.352092587796618e-03 5.3e+00 6.58e-01  5e-01  8e-01 314:50.8
  312   3744 1.982345441976386e-02 5.4e+00 5.90e-01  4e-01  7e-01 317:53.3
  315   3780 -6.498765632378918e-03 5.4e+00 5.36e-01  4e-01  7e-01 320:55.4
  318   3816 -2.232500293186753e-02 5.4e+00 5.31e-01  4e-01  6e-01 323:57.3
  321   3852 1.645921498140317e-02 5.4e+00 5.16e-01  3e-01  6e-01 326:59.3
  324   3888 -9.759526076085229e-03 5.4e+00 4.62e-01  3e-01  6e-01 330:01.6
  327   3924 8.056517600125671e-03 5.3e+00 4.36e-01  3e-01  5e-01 333:04.0
  330   3960 -4.375980948237073e-02 5.3e+00 4.56e-01  3e-01  5e-01 336:07.2
  333   3996 -8.821180903795734e-03 5.2e+00 5.01e-01  3e-01  6e-01 339:09.5
  336   4032 -1.466616775436337e-02 5.2e+00 4.82e-01  3e-01  6e-01 342:11.7
  339   4068 -1.466915799117515e-02 5.1e+00 4.74e-01  3e-01  6e-01 345:13.8
  342   4104 -2.758053692916171e-02 5.0e+00 4.18e-01  3e-01  5e-01 348:16.6
  345   4140 -3.033487823757990e-02 5.0e+00 3.98e-01  3e-01  5e-01 351:18.7
  348   4176 -3.686705514397400e-02 5.1e+00 3.73e-01  2e-01  4e-01 354:20.9
  351   4212 -2.830895124107688e-02 5.0e+00 3.32e-01  2e-01  4e-01 357:22.9
  354   4248 -3.534839017187080e-02 5.0e+00 2.90e-01  2e-01  3e-01 360:25.0
  357   4284 -4.544556911542196e-02 5.0e+00 2.57e-01  2e-01  3e-01 363:28.2
  360   4320 -4.636645742564723e-02 5.0e+00 2.35e-01  1e-01  3e-01 366:30.8
  363   4356 -3.763251816216014e-02 5.0e+00 2.21e-01  1e-01  3e-01 369:33.9
  367   4404 -4.753118053220821e-02 4.9e+00 2.02e-01  1e-01  2e-01 373:37.1
  371   4452 -4.310036092703834e-02 4.9e+00 1.95e-01  1e-01  2e-01 377:41.4
  375   4500 -4.712982896229748e-02 4.8e+00 1.88e-01  1e-01  2e-01 381:45.7
  379   4548 -4.658293408956275e-02 4.8e+00 1.64e-01  9e-02  2e-01 385:50.8
  383   4596 -4.403415584124830e-02 4.8e+00 1.61e-01  9e-02  2e-01 389:54.6
  387   4644 -4.894910565665458e-02 4.8e+00 1.50e-01  9e-02  2e-01 393:57.8
  391   4692 -4.818889041902098e-02 4.8e+00 1.32e-01  7e-02  2e-01 398:01.3
  395   4740 -4.792081757829028e-02 4.9e+00 1.23e-01  7e-02  2e-01 402:04.5
  399   4788 -4.940066387680728e-02 5.2e+00 1.14e-01  6e-02  1e-01 406:07.5
  400   4800 -4.765881256169377e-02 5.2e+00 1.09e-01  6e-02  1e-01 407:08.3
  404   4848 -4.901553964344906e-02 5.3e+00 1.05e-01  6e-02  1e-01 411:12.6
  408   4896 -5.042026390714017e-02 5.3e+00 9.73e-02  5e-02  1e-01 415:16.9
  412   4944 -5.175836447689175e-02 5.4e+00 8.96e-02  5e-02  1e-01 419:20.1
  416   4992 -5.190319660696585e-02 5.4e+00 7.99e-02  4e-02  1e-01 423:22.7
  420   5040 -5.176129654823253e-02 5.5e+00 7.39e-02  4e-02  1e-01 427:25.8
  424   5088 -5.231587996019985e-02 5.5e+00 6.41e-02  4e-02  9e-02 431:29.1
  428   5136 -5.285847441200030e-02 5.6e+00 6.12e-02  3e-02  8e-02 435:32.6
  432   5184 -5.270965939602138e-02 5.7e+00 5.56e-02  3e-02  7e-02 439:36.0
  436   5232 -5.287121809646659e-02 5.8e+00 4.45e-02  2e-02  6e-02 443:39.1
  440   5280 -5.302992341320938e-02 5.8e+00 3.65e-02  2e-02  5e-02 447:42.3
  444   5328 -5.316185942817275e-02 5.8e+00 3.45e-02  2e-02  5e-02 451:46.0
  448   5376 -5.313020694939993e-02 6.0e+00 3.06e-02  2e-02  4e-02 455:50.0
  452   5424 -5.321181635767754e-02 6.0e+00 3.05e-02  2e-02  4e-02 459:54.0
  456   5472 -5.336791088602765e-02 6.0e+00 2.86e-02  1e-02  4e-02 463:57.6
  460   5520 -5.331366497177754e-02 6.2e+00 2.78e-02  1e-02  4e-02 468:00.8
  464   5568 -5.337851744228107e-02 6.3e+00 2.69e-02  1e-02  3e-02 472:04.4
  468   5616 -5.338000166255387e-02 6.5e+00 2.31e-02  1e-02  3e-02 476:08.3
  472   5664 -5.341662462989388e-02 6.7e+00 2.06e-02  1e-02  3e-02 480:11.5
  476   5712 -5.350662383668644e-02 6.7e+00 2.06e-02  9e-03  3e-02 484:15.0
  480   5760 -5.350077983480576e-02 7.2e+00 1.99e-02  9e-03  3e-02 488:18.2
  484   5808 -5.354789922544730e-02 7.4e+00 1.96e-02  9e-03  3e-02 492:21.4
  488   5856 -5.361810888648487e-02 7.5e+00 1.95e-02  9e-03  3e-02 496:24.9
  492   5904 -5.362717415327867e-02 7.8e+00 1.84e-02  8e-03  2e-02 500:28.7
  496   5952 -5.365473607108543e-02 8.1e+00 1.72e-02  7e-03  2e-02 504:32.4
  500   6000 -5.366348190871154e-02 8.4e+00 1.63e-02  7e-03  2e-02 508:36.2
  504   6048 -5.370353918793169e-02 8.7e+00 1.57e-02  7e-03  2e-02 512:40.0
  508   6096 -5.372133944137183e-02 8.9e+00 1.64e-02  7e-03  2e-02 516:44.5
  512   6144 -5.374939988974983e-02 9.1e+00 1.74e-02  7e-03  2e-02 520:49.7
  516   6192 -5.375415546847057e-02 9.6e+00 1.95e-02  8e-03  2e-02 524:54.6
  520   6240 -5.377112055300291e-02 1.0e+01 1.72e-02  7e-03  2e-02 529:00.7
  524   6288 -5.381423177485799e-02 1.1e+01 1.78e-02  7e-03  2e-02 533:05.3
  528   6336 -5.382566649171887e-02 1.2e+01 2.10e-02  8e-03  3e-02 537:09.5
  532   6384 -5.385455892658779e-02 1.3e+01 2.49e-02  9e-03  3e-02 541:13.8
  536   6432 -5.386740188921704e-02 1.4e+01 2.37e-02  9e-03  3e-02 545:18.0
  540   6480 -5.391352279992526e-02 1.4e+01 2.44e-02  9e-03  4e-02 549:21.9
  544   6528 -5.390255612039109e-02 1.5e+01 2.30e-02  8e-03  3e-02 553:26.9
  548   6576 -5.393944494343238e-02 1.6e+01 1.99e-02  7e-03  3e-02 557:33.1
  552   6624 -5.397964062812759e-02 1.6e+01 2.07e-02  7e-03  3e-02 561:37.0
  556   6672 -5.400357919700584e-02 1.7e+01 2.35e-02  8e-03  4e-02 565:41.1
  560   6720 -5.406503677706846e-02 1.8e+01 2.58e-02  9e-03  4e-02 569:44.8
  564   6768 -5.414569689853763e-02 1.9e+01 3.20e-02  1e-02  6e-02 573:49.3
  568   6816 -5.411116891984552e-02 2.0e+01 3.66e-02  1e-02  7e-02 577:54.1
  572   6864 -5.420045438529113e-02 2.1e+01 3.58e-02  1e-02  7e-02 581:58.0
  576   6912 -5.420926383873140e-02 2.3e+01 3.33e-02  1e-02  6e-02 586:02.4
  580   6960 -5.427378936775897e-02 2.3e+01 3.21e-02  1e-02  6e-02 590:05.6
  584   7008 -5.430404770047281e-02 2.4e+01 2.76e-02  1e-02  5e-02 594:09.8
  588   7056 -5.439615712103787e-02 2.5e+01 2.90e-02  1e-02  6e-02 598:13.3
  592   7104 -5.444350137381140e-02 2.6e+01 2.99e-02  1e-02  6e-02 602:17.1
  596   7152 -5.452134166753674e-02 2.7e+01 2.80e-02  1e-02  6e-02 606:20.9
  600   7200 -5.457717380117261e-02 3.1e+01 3.20e-02  1e-02  7e-02 610:24.5
  604   7248 -5.461929128398167e-02 3.2e+01 3.44e-02  1e-02  8e-02 614:29.3
  608   7296 -5.464998548542663e-02 3.3e+01 3.26e-02  1e-02  8e-02 618:34.6
  613   7356 -5.472994378854507e-02 3.7e+01 3.39e-02  1e-02  9e-02 623:39.9
  618   7416 -5.479062691757102e-02 3.8e+01 3.34e-02  1e-02  8e-02 628:45.0
  623   7476 -5.481641646640024e-02 4.0e+01 3.12e-02  1e-02  8e-02 633:49.7
  628   7536 -5.486907223106433e-02 4.1e+01 2.57e-02  9e-03  7e-02 638:57.4
  633   7596 -5.494583844632325e-02 4.5e+01 2.57e-02  8e-03  7e-02 644:02.4
  638   7656 -5.496544964065828e-02 4.8e+01 2.73e-02  9e-03  9e-02 649:07.8
  643   7716 -5.500342575746728e-02 5.5e+01 2.96e-02  9e-03  1e-01 654:12.2
  648   7776 -5.500657072094672e-02 5.7e+01 2.89e-02  9e-03  1e-01 659:25.3
  653   7836 -5.504554392078892e-02 5.9e+01 2.31e-02  7e-03  8e-02 664:29.4
  658   7896 -5.506075453465049e-02 6.0e+01 2.21e-02  7e-03  8e-02 669:34.6
  663   7956 -5.508028017249992e-02 6.2e+01 2.32e-02  7e-03  9e-02 674:44.0
  668   8016 -5.508635982054395e-02 6.6e+01 2.45e-02  7e-03  1e-01 679:49.0
  673   8076 -5.511503472959026e-02 7.2e+01 2.44e-02  7e-03  1e-01 684:54.6
  678   8136 -5.511448131582360e-02 7.6e+01 2.45e-02  7e-03  1e-01 690:00.2
  683   8196 -5.512299004922447e-02 7.7e+01 2.68e-02  7e-03  1e-01 695:05.2
  688   8256 -5.513406573796542e-02 7.7e+01 2.50e-02  7e-03  1e-01 700:10.2
  693   8316 -5.513351461908948e-02 7.7e+01 2.61e-02  7e-03  1e-01 705:18.3
  698   8376 -5.514485888940297e-02 7.7e+01 2.22e-02  6e-03  9e-02 710:23.6
  700   8400 -5.514459593796466e-02 7.8e+01 1.96e-02  5e-03  8e-02 712:26.1
  705   8460 -5.515134995698405e-02 7.8e+01 1.57e-02  4e-03  6e-02 717:30.9
  710   8520 -5.515467886209838e-02 7.7e+01 1.27e-02  3e-03  5e-02 722:36.1
  715   8580 -5.515772297747052e-02 7.8e+01 1.07e-02  3e-03  4e-02 727:41.1
  720   8640 -5.516434730189734e-02 8.0e+01 1.10e-02  3e-03  4e-02 732:45.0
  725   8700 -5.516529737376140e-02 8.0e+01 1.31e-02  3e-03  5e-02 737:51.6
  730   8760 -5.517308825594546e-02 8.0e+01 1.64e-02  4e-03  6e-02 742:56.6
  735   8820 -5.517584764549099e-02 8.0e+01 1.63e-02  4e-03  6e-02 748:01.5
  740   8880 -5.518310536547524e-02 8.1e+01 2.20e-02  5e-03  8e-02 753:06.7
  745   8940 -5.519133174766357e-02 8.0e+01 2.46e-02  6e-03  9e-02 758:12.0
  750   9000 -5.519815570600999e-02 8.6e+01 2.22e-02  5e-03  8e-02 763:17.6
  755   9060 -5.520764687502588e-02 8.6e+01 2.04e-02  5e-03  7e-02 768:22.1
  760   9120 -5.521563107499843e-02 8.6e+01 2.20e-02  5e-03  8e-02 773:27.6
  765   9180 -5.522533781877845e-02 8.9e+01 2.24e-02  5e-03  8e-02 778:34.4
  770   9240 -5.524167394430965e-02 9.1e+01 2.18e-02  5e-03  8e-02 783:40.8
  775   9300 -5.524978070477933e-02 9.2e+01 2.32e-02  5e-03  8e-02 788:46.6
  780   9360 -5.525390809050036e-02 9.0e+01 2.07e-02  4e-03  7e-02 793:51.9
  785   9420 -5.527273592237102e-02 9.2e+01 2.22e-02  4e-03  7e-02 798:59.3
  790   9480 -5.528618517284844e-02 9.4e+01 2.62e-02  5e-03  9e-02 804:05.6
  795   9540 -5.529561377618853e-02 1.0e+02 3.01e-02  6e-03  1e-01 809:12.4
  800   9600 -5.529817161792307e-02 1.0e+02 2.61e-02  5e-03  1e-01 814:19.2
  805   9660 -5.531225732153195e-02 1.1e+02 2.42e-02  4e-03  1e-01 819:25.5
  810   9720 -5.532586003612670e-02 1.1e+02 2.72e-02  5e-03  1e-01 824:32.6
  815   9780 -5.533588332754156e-02 1.1e+02 2.72e-02  5e-03  1e-01 829:38.5
  820   9840 -5.533614833484910e-02 1.2e+02 2.29e-02  4e-03  1e-01 834:44.0
  825   9900 -5.534498294922444e-02 1.2e+02 1.99e-02  3e-03  8e-02 839:49.8
  830   9960 -5.534611350957333e-02 1.2e+02 1.64e-02  3e-03  7e-02 844:54.8
  835  10020 -5.534789605282513e-02 1.2e+02 1.28e-02  2e-03  5e-02 850:00.1
  840  10080 -5.535223177679877e-02 1.2e+02 1.11e-02  2e-03  5e-02 855:04.8
  845  10140 -5.535475668330816e-02 1.2e+02 1.10e-02  2e-03  4e-02 860:09.6
  850  10200 -5.535649000593971e-02 1.2e+02 1.27e-02  2e-03  5e-02 865:14.6
  855  10260 -5.535861015714098e-02 1.2e+02 1.53e-02  2e-03  6e-02 870:18.3
  860  10320 -5.536322485676746e-02 1.2e+02 1.72e-02  3e-03  7e-02 875:22.6
  865  10380 -5.536529707929897e-02 1.2e+02 2.06e-02  3e-03  8e-02 880:27.2
  870  10440 -5.537033321344646e-02 1.2e+02 2.29e-02  4e-03  9e-02 885:32.7
  875  10500 -5.537601529439753e-02 1.2e+02 2.62e-02  4e-03  1e-01 890:36.0
  880  10560 -5.538437580377237e-02 1.2e+02 2.96e-02  4e-03  1e-01 895:40.0
  885  10620 -5.539580105548637e-02 1.2e+02 3.47e-02  5e-03  1e-01 900:44.9
  890  10680 -5.540076398237075e-02 1.2e+02 3.54e-02  5e-03  1e-01 905:50.4
  895  10740 -5.540700766642875e-02 1.2e+02 3.72e-02  5e-03  1e-01 910:54.5
  900  10800 -5.542203219045560e-02 1.2e+02 3.40e-02  5e-03  1e-01 915:58.2
  906  10872 -5.543634003670957e-02 1.1e+02 3.74e-02  5e-03  1e-01 922:03.5
  912  10944 -5.545336122089982e-02 1.1e+02 4.00e-02  6e-03  1e-01 928:08.1
  918  11016 -5.545649803357903e-02 1.2e+02 3.80e-02  5e-03  1e-01 934:13.1
  924  11088 -5.547586271295719e-02 1.2e+02 3.85e-02  5e-03  1e-01 940:17.5
  930  11160 -5.547718085451758e-02 1.2e+02 3.66e-02  5e-03  1e-01 946:22.2
  936  11232 -5.549342166959645e-02 1.2e+02 3.07e-02  4e-03  1e-01 952:27.5
  942  11304 -5.549817429184752e-02 1.2e+02 2.56e-02  3e-03  8e-02 958:32.3
  948  11376 -5.550473429693398e-02 1.3e+02 2.14e-02  3e-03  6e-02 964:37.0
  954  11448 -5.550765113141221e-02 1.3e+02 1.88e-02  2e-03  5e-02 970:41.4
  960  11520 -5.551059055606646e-02 1.3e+02 1.46e-02  2e-03  4e-02 976:46.3
  966  11592 -5.551086521600625e-02 1.4e+02 1.25e-02  2e-03  3e-02 982:51.6
  972  11664 -5.551414937367558e-02 1.5e+02 1.32e-02  2e-03  4e-02 988:56.3
  978  11736 -5.551711184190013e-02 1.4e+02 1.55e-02  2e-03  4e-02 995:02.5
  984  11808 -5.551769568230386e-02 1.5e+02 2.17e-02  3e-03  6e-02 1001:08.9
  990  11880 -5.552014599554116e-02 1.5e+02 1.87e-02  2e-03  5e-02 1007:16.3
  996  11952 -5.552302365715119e-02 1.6e+02 1.72e-02  2e-03  4e-02 1013:21.4
 1000  12000 -5.552238384658855e-02 1.6e+02 1.72e-02  2e-03  4e-02 1017:24.8
Budget constraint satisfied 397.0833740234375 564.2822570800781 Difference:  167.19888305664062
Budget constraint satisfied 526.4106903076172 564.2822570800781 Difference:  37.87156677246094
two_most_probable_states: ['000000100010', '010000100000']
final_expectation_value: -0.055523216230782484
params: [2.9487033925602644, 6.453984805119385, 8.717813046460495, -4.075319142653586, 8.755549491457774, -7.280386446973205, -6.662242512915406, -5.745266434225455, -6.61360921400448, 4.4502969402134145, 8.866856814552694, -3.460837848552542, -6.895652414231325, -5.74086443432029, 4.375718108676685, -2.74675122289592, 2.614289150401648, 10.06450353860828, -3.255634446372502, -8.186182447088893]
total_steps: 1000
states_probs: [0.005559431015571964, 0.005869053406592417]
optimized_portfolios: [{'CVX': 0, 'KO': 0, 'TRV': 1, 'VZ': 4}, {'CVX': 2, 'KO': 0, 'TRV': 1, 'VZ': 0}]
objective_values: [-262.07317900870396, -177.7702281234369]
result_with_budget: [{'portfolio': {'CVX': 0, 'KO': 0, 'TRV': 1, 'VZ': 4}, 'budget': 397.0833740234375, 'difference': 167.19888305664062}, {'portfolio': {'CVX': 2, 'KO': 0, 'TRV': 1, 'VZ': 0}, 'budget': 526.4106903076172, 'difference': 37.87156677246094}]
Processing experiment 237
Budget: 46.64999961853027
Expected returns: 0.10814556280295391
Covariance matrix: 0.29688083489910705
3rd-order coskewness tensor: 0.33645127414822823
4th-order cokurtosis tensor: 6.3975202018715365
Number of qubits for asset AMGN: 1
Number of qubits for asset CRM: 1
Number of qubits for asset JNJ: 1
Number of qubits for asset WBA: 3
Total number of qubits:  6
Optimized Weights (considering variance, skewness and kurtosis):
AMGN: 22.05%
CRM: 35.51%
JNJ: 16.77%
WBA: 25.67%
Left over budget:  27.98999770913763
Optimized Discrete Allocation:
WBA: 2
Maximized utility from continuous higher moments:  -31.0274913318525
Budget constraint satisfied 27.989999771118164 46.64999961853027 Difference:  18.65999984741211
Budget constraint satisfied 18.65999984741211 46.64999961853027 Difference:  27.989999771118164
smallest_eigenvalues: [-0.002517220854609566]
smallest_bitstrings: ['000110']
first_excited_energy: -0.002280103616268915
optimized_portfolio: [{'AMGN': 0, 'CRM': 0, 'JNJ': 0, 'WBA': 3}]
second_optimized_portfolio: [{'AMGN': 0, 'CRM': 0, 'JNJ': 0, 'WBA': 2}]
result_with_budget: [{'portfolio': {'AMGN': 0, 'CRM': 0, 'JNJ': 0, 'WBA': 3}, 'budget': 27.989999771118164, 'difference': 18.65999984741211, 'objective_value': -137.43736466570127}]
result_with_budget_excited: [{'portfolio': {'AMGN': 0, 'CRM': 0, 'JNJ': 0, 'WBA': 2}, 'budget': 18.65999984741211, 'difference': 27.989999771118164, 'objective_value': -31.0274913318525}]
Initial params:  [1.63975064 0.57108256 2.35942    2.50536897 1.27053853 2.31558285
 0.77558076 1.16187844 1.2316728  1.93059393 2.74517386 1.61798686]
(5_w,11)-aCMA-ES (mu_w=3.4,w_1=42%) in dimension 12 (seed=366994, Mon Mar 17 04:19:35 2025)
Iterat #Fevals   function value  axis ratio  sigma  min&max std  t[m:s]
    1     11 4.784825153105057e-02 1.0e+00 1.38e+00  1e+00  1e+00 0:02.2
    2     22 9.801063321850915e-02 1.1e+00 1.37e+00  1e+00  1e+00 0:04.3
    3     33 9.178081834520432e-02 1.2e+00 1.43e+00  1e+00  1e+00 0:06.4
    5     55 4.266375002965385e-02 1.3e+00 1.58e+00  2e+00  2e+00 0:10.6
    7     77 1.241029313760462e-01 1.4e+00 1.69e+00  2e+00  2e+00 0:14.9
   10    110 1.101340458327171e-01 1.5e+00 1.68e+00  2e+00  2e+00 0:21.3
   13    143 9.535143724058472e-02 1.7e+00 1.98e+00  2e+00  2e+00 0:27.7
   17    187 1.384527708556336e-01 2.3e+00 2.21e+00  2e+00  3e+00 0:36.1
   21    231 1.190334610600809e-01 2.6e+00 2.08e+00  2e+00  2e+00 0:44.6
   26    286 1.907632119068267e-01 2.9e+00 2.50e+00  2e+00  3e+00 0:55.6
   31    341 1.226754861154868e-01 3.6e+00 3.54e+00  3e+00  5e+00 1:07.2
   37    407 1.539454231843371e-01 3.6e+00 4.03e+00  3e+00  6e+00 1:19.9
   43    473 1.587159579569315e-01 4.0e+00 3.95e+00  3e+00  6e+00 1:32.5
   50    550 2.331817007247260e-01 4.3e+00 3.41e+00  3e+00  5e+00 1:47.6
   57    627 1.444368231740117e-01 4.8e+00 3.00e+00  2e+00  5e+00 2:02.8
   65    715 1.419743818783819e-01 4.9e+00 4.03e+00  3e+00  6e+00 2:19.6
   73    803 1.507493047537793e-01 5.4e+00 4.33e+00  3e+00  6e+00 2:36.6
   82    902 2.018800677009874e-01 6.3e+00 4.55e+00  3e+00  7e+00 2:55.6
   91   1001 3.423539020072150e-01 7.2e+00 6.08e+00  5e+00  1e+01 3:14.6
  100   1100 2.554157129919430e-01 8.1e+00 5.81e+00  4e+00  1e+01 3:34.5
  110   1210 1.926957811423542e-01 9.2e+00 6.02e+00  5e+00  1e+01 3:55.6
  120   1320 1.675623481106465e-01 9.3e+00 4.45e+00  3e+00  7e+00 4:16.6
  131   1441 1.818561691269166e-01 1.0e+01 3.52e+00  3e+00  6e+00 4:39.9
  142   1562 2.103543452020610e-01 1.2e+01 4.75e+00  4e+00  8e+00 5:03.2
  154   1694 2.086675375908622e-01 1.3e+01 3.65e+00  3e+00  6e+00 5:28.7
  166   1826 1.677348215576301e-01 1.4e+01 6.42e+00  5e+00  1e+01 5:54.9
  179   1969 2.706413590027648e-01 1.6e+01 6.40e+00  5e+00  1e+01 6:22.3
  192   2112 2.328706681934533e-01 1.4e+01 9.14e+00  6e+00  2e+01 6:49.7
  200   2200 1.804055838031825e-01 1.4e+01 1.08e+01  8e+00  2e+01 7:06.7
  214   2354 2.217188536076188e-01 1.6e+01 8.27e+00  5e+00  1e+01 7:36.3
  229   2519 1.635791358999766e-01 1.4e+01 6.26e+00  4e+00  1e+01 8:08.4
  244   2684 7.903587679452677e-02 1.5e+01 6.02e+00  4e+00  9e+00 8:40.8
  260   2860 1.675890856466637e-01 1.5e+01 7.52e+00  5e+00  1e+01 9:14.5
  276   3036 2.688745714637842e-01 1.6e+01 6.74e+00  5e+00  1e+01 9:48.4
  293   3223 1.456841071144047e-01 1.9e+01 5.13e+00  3e+00  8e+00 10:24.4
  300   3300 2.069123422716929e-01 2.1e+01 4.61e+00  3e+00  8e+00 10:39.8
  318   3498 1.764702074360917e-01 2.1e+01 5.19e+00  3e+00  9e+00 11:17.7
  336   3696 2.101126250540774e-01 2.4e+01 6.10e+00  4e+00  1e+01 11:55.6
  354   3894 6.794873493428519e-02 2.2e+01 7.83e+00  4e+00  1e+01 12:33.7
  372   4092 2.199793153232235e-01 2.4e+01 8.02e+00  4e+00  1e+01 13:13.8
  391   4301 1.515929878871979e-01 2.4e+01 6.42e+00  3e+00  1e+01 13:54.2
  400   4400 1.471095207831899e-01 2.6e+01 5.59e+00  2e+00  9e+00 14:13.2
  420   4620 1.841449652355953e-01 2.6e+01 5.25e+00  2e+00  8e+00 14:55.5
  440   4840 1.555414184872844e-01 2.9e+01 3.69e+00  2e+00  6e+00 15:38.5
  461   5071 1.525661512215344e-01 3.3e+01 4.06e+00  2e+00  7e+00 16:22.7
  483   5313 1.391788523968616e-01 4.3e+01 3.23e+00  2e+00  6e+00 17:09.3
  500   5500 2.237917696282842e-01 4.7e+01 2.72e+00  1e+00  5e+00 17:46.1
  523   5753 1.106405856445780e-01 5.6e+01 1.55e+00  6e-01  3e+00 18:34.3
  546   6006 1.587285240602493e-01 7.2e+01 2.31e+00  1e+00  5e+00 19:23.0
  569   6259 1.770873211990409e-01 8.1e+01 2.20e+00  9e-01  5e+00 20:12.1
  593   6523 1.678116442257983e-01 8.2e+01 2.57e+00  1e+00  6e+00 21:02.7
  600   6600 1.044317824745326e-01 8.7e+01 1.97e+00  7e-01  4e+00 21:17.5
  625   6875 1.679519011387439e-01 8.6e+01 3.34e+00  1e+00  6e+00 22:10.4
  650   7150 1.724567962650089e-01 9.3e+01 2.23e+00  8e-01  4e+00 23:03.8
  670   7370 1.628651846387579e-01 9.4e+01 3.04e+00  1e+00  6e+00 23:46.0
Budget constraint satisfied 9.329999923706055 46.64999961853027 Difference:  37.31999969482422
Budget constraint satisfied 0.0 46.64999961853027 Difference:  46.64999961853027
two_most_probable_states: ['000100', '000000']
final_expectation_value: 0.015033363638618302
params: [-0.8861986766060507, 1.8747449641357843, 0.23491766980165618, 6.100355008108343, -1.5586140432646713, -0.8872785707477318, 0.440993580107796, 5.970461201775277, 1.2689700168178342, 0.06864417080731355, 3.1743851309305438, -1.0376608561991292]
total_steps: 670
states_probs: [0.14696154626589386, 0.17051736855786043]
optimized_portfolios: [{'AMGN': 0, 'CRM': 0, 'JNJ': 0, 'WBA': 1}, {'AMGN': 0, 'CRM': 0, 'JNJ': 0, 'WBA': 0}]
objective_values: [-3.237674969650433, -0.0]
result_with_budget: [{'portfolio': {'AMGN': 0, 'CRM': 0, 'JNJ': 0, 'WBA': 1}, 'budget': 9.329999923706055, 'difference': 37.31999969482422}, {'portfolio': {'AMGN': 0, 'CRM': 0, 'JNJ': 0, 'WBA': 0}, 'budget': 0.0, 'difference': 46.64999961853027}]
Processing experiment 238
Budget: 1087.2415313720703
Expected returns: 0.17820427027440355
Covariance matrix: 0.6449285722342532
3rd-order coskewness tensor: 1.0810264835911336
4th-order cokurtosis tensor: 21.98842412208367
Number of qubits for asset AXP: 2
Number of qubits for asset HON: 3
Number of qubits for asset JPM: 3
Number of qubits for asset MRK: 4
Total number of qubits:  12
Optimized Weights (considering variance, skewness and kurtosis):
AXP: 22.79%
HON: 12.05%
JPM: 14.59%
MRK: 50.57%
Left over budget:  55.26932376389391
Optimized Discrete Allocation:
AXP: 1
JPM: 1
MRK: 5
Maximized utility from continuous higher moments:  -839.312426602223
Budget constraint satisfied 1087.2415313720703 1087.2415313720703 Difference:  0.0
Budget constraint satisfied 1083.4271926879883 1087.2415313720703 Difference:  3.8143386840820312
smallest_eigenvalues: [-0.05829434619082793]
smallest_bitstrings: ['110000000100']
first_excited_energy: -0.05828399487410616
optimized_portfolio: [{'AXP': 3, 'HON': 0, 'JPM': 0, 'MRK': 2}]
second_optimized_portfolio: [{'AXP': 1, 'HON': 2, 'JPM': 1, 'MRK': 1}]
result_with_budget: [{'portfolio': {'AXP': 3, 'HON': 0, 'JPM': 0, 'MRK': 2}, 'budget': 1087.2415313720703, 'difference': 0.0, 'objective_value': -365.8673109422212}]
result_with_budget_excited: [{'portfolio': {'AXP': 1, 'HON': 2, 'JPM': 1, 'MRK': 1}, 'budget': 1083.4271926879883, 'difference': 3.8143386840820312, 'objective_value': -435.48261526065914}]
Initial params:  [1.96132967 2.02278974 2.94175898 2.5873971  1.91788721 2.68633105
 0.6962468  1.66035992 2.66353875 1.4424717  0.34917959 2.96147088
 2.68297032 2.65930396 2.95320582 2.64312318 0.55189728 2.57138128
 0.09487023 3.04621598]
(6_w,12)-aCMA-ES (mu_w=3.7,w_1=40%) in dimension 20 (seed=299927, Mon Mar 17 04:44:13 2025)
Iterat #Fevals   function value  axis ratio  sigma  min&max std  t[m:s]
    1     12 -7.891890402010056e-03 1.0e+00 1.39e+00  1e+00  1e+00 1:01.3
    2     24 -4.083652995610406e-02 1.1e+00 1.37e+00  1e+00  1e+00 2:02.8
    3     36 -3.049170254859277e-02 1.1e+00 1.37e+00  1e+00  1e+00 3:04.6
    4     48 -2.523948477521529e-02 1.2e+00 1.40e+00  1e+00  1e+00 4:06.3
    5     60 -1.920887623287558e-02 1.2e+00 1.38e+00  1e+00  1e+00 5:08.2
    6     72 -2.338771990428333e-02 1.2e+00 1.35e+00  1e+00  1e+00 6:09.5
    7     84 -4.127957895928631e-02 1.2e+00 1.40e+00  1e+00  1e+00 7:11.2
    8     96 3.333436559583829e-02 1.3e+00 1.41e+00  1e+00  1e+00 8:12.9
    9    108 -3.222502994318987e-02 1.3e+00 1.37e+00  1e+00  1e+00 9:14.5
   10    120 -3.948230185472074e-02 1.3e+00 1.31e+00  1e+00  1e+00 10:16.0
   11    132 5.392259934629547e-02 1.3e+00 1.30e+00  1e+00  1e+00 11:17.1
   12    144 -7.730490938247967e-03 1.3e+00 1.29e+00  1e+00  1e+00 12:18.6
   13    156 1.643718905638745e-04 1.3e+00 1.24e+00  1e+00  1e+00 13:20.3
   14    168 -3.505725898372477e-02 1.3e+00 1.22e+00  1e+00  1e+00 14:22.0
   15    180 -9.006857280963945e-03 1.4e+00 1.23e+00  1e+00  1e+00 15:23.7
   16    192 -2.370302831859812e-02 1.4e+00 1.21e+00  1e+00  1e+00 16:25.3
   17    204 -3.072007948199547e-03 1.4e+00 1.22e+00  1e+00  1e+00 17:26.8
   18    216 -1.136854672334227e-03 1.4e+00 1.25e+00  1e+00  1e+00 18:28.6
   19    228 -1.135667597237273e-02 1.5e+00 1.29e+00  1e+00  1e+00 19:30.6
   20    240 -3.724384338887397e-02 1.5e+00 1.32e+00  1e+00  1e+00 20:32.5
   21    252 -3.334258854400624e-02 1.5e+00 1.32e+00  1e+00  1e+00 21:33.8
   22    264 -1.750386922141704e-02 1.6e+00 1.33e+00  1e+00  1e+00 22:35.3
   23    276 -2.811532665959043e-02 1.6e+00 1.38e+00  1e+00  1e+00 23:36.7
   24    288 -2.989043496426369e-02 1.6e+00 1.42e+00  1e+00  2e+00 24:38.2
   25    300 -3.351017986922295e-02 1.6e+00 1.43e+00  1e+00  2e+00 25:40.0
   26    312 -3.021190892121510e-02 1.6e+00 1.39e+00  1e+00  1e+00 26:41.3
   27    324 -2.728848968695156e-03 1.7e+00 1.32e+00  1e+00  1e+00 27:42.5
   28    336 -2.679202032685038e-02 1.7e+00 1.25e+00  1e+00  1e+00 28:43.9
   29    348 -1.784130805504446e-02 1.7e+00 1.18e+00  1e+00  1e+00 29:45.3
   30    360 -3.208685956292212e-02 1.7e+00 1.17e+00  1e+00  1e+00 30:46.9
   31    372 -3.163742502064622e-02 1.7e+00 1.13e+00  1e+00  1e+00 31:48.4
   32    384 -3.101462874833809e-02 1.7e+00 1.11e+00  1e+00  1e+00 32:49.8
   33    396 -3.058835855862606e-02 1.8e+00 1.09e+00  1e+00  1e+00 33:51.4
   34    408 -2.686353313333420e-02 1.8e+00 1.06e+00  1e+00  1e+00 34:52.8
   35    420 -3.433234571596285e-02 1.8e+00 1.03e+00  1e+00  1e+00 35:54.0
   36    432 -4.060681677538663e-02 1.8e+00 9.89e-01  9e-01  1e+00 36:55.6
   37    444 -3.138292776334140e-02 1.8e+00 9.52e-01  9e-01  1e+00 37:57.2
   38    456 -3.977281765740989e-02 1.8e+00 9.46e-01  9e-01  1e+00 38:58.9
   39    468 -3.318043915846805e-02 1.8e+00 9.50e-01  9e-01  1e+00 40:00.9
   40    480 -2.146582607453531e-02 1.8e+00 9.64e-01  9e-01  1e+00 41:02.1
   41    492 -3.308793012774471e-02 1.8e+00 9.63e-01  9e-01  1e+00 42:03.6
   42    504 1.343926447987996e-02 1.8e+00 9.57e-01  9e-01  1e+00 43:05.0
   43    516 -3.449510919196317e-02 1.8e+00 9.49e-01  9e-01  1e+00 44:06.4
   44    528 -2.684640735719093e-02 1.8e+00 8.81e-01  8e-01  9e-01 45:07.7
   45    540 5.511197845478755e-03 1.8e+00 8.42e-01  8e-01  9e-01 46:09.0
   46    552 -2.488900134058471e-02 1.8e+00 7.98e-01  7e-01  8e-01 47:10.2
   47    564 -2.587080821592291e-02 1.9e+00 7.94e-01  7e-01  9e-01 48:11.8
   48    576 -3.954298571894258e-02 1.9e+00 7.50e-01  7e-01  8e-01 49:13.3
   49    588 -2.220370012884068e-02 1.9e+00 7.28e-01  7e-01  8e-01 50:14.8
   50    600 -3.860217654076539e-02 1.9e+00 7.16e-01  7e-01  8e-01 51:16.0
   51    612 -3.454475060113733e-02 1.9e+00 6.97e-01  7e-01  7e-01 52:17.5
   52    624 -3.788080938492665e-02 1.9e+00 7.05e-01  7e-01  8e-01 53:19.2
   53    636 -2.562003347667926e-02 1.9e+00 7.06e-01  6e-01  8e-01 54:20.5
   54    648 -3.032503711159857e-02 1.9e+00 6.98e-01  6e-01  8e-01 55:21.9
   55    660 -2.288193903305569e-02 1.9e+00 7.02e-01  6e-01  8e-01 56:23.0
   56    672 -3.751131810765550e-02 1.9e+00 7.43e-01  7e-01  8e-01 57:24.3
   57    684 -2.034517728687852e-02 2.0e+00 7.52e-01  7e-01  8e-01 58:25.7
   58    696 -2.498841460743150e-02 2.0e+00 7.59e-01  7e-01  9e-01 59:27.2
   59    708 -2.572567014862009e-02 2.0e+00 7.80e-01  7e-01  9e-01 60:28.4
   60    720 -2.353558118252783e-02 2.0e+00 7.79e-01  7e-01  9e-01 61:29.8
   61    732 -1.418205240002724e-02 2.0e+00 7.93e-01  7e-01  9e-01 62:31.2
   62    744 -3.742601374594477e-02 2.0e+00 8.01e-01  7e-01  9e-01 63:32.6
   64    768 -2.958433668273647e-02 2.0e+00 7.57e-01  7e-01  8e-01 65:35.7
   65    780 -3.882890145592276e-02 2.0e+00 7.25e-01  6e-01  8e-01 66:39.0
   67    804 -3.083952528790180e-02 2.0e+00 7.02e-01  6e-01  8e-01 68:42.1
   69    828 -9.790048867685858e-03 2.0e+00 6.67e-01  6e-01  7e-01 70:45.0
   71    852 -3.703101402414018e-02 2.1e+00 6.29e-01  5e-01  7e-01 72:47.7
   73    876 -2.053808715627639e-02 2.1e+00 6.15e-01  5e-01  7e-01 74:51.3
   75    900 -3.545809040479693e-02 2.2e+00 5.96e-01  5e-01  7e-01 76:54.2
   77    924 -3.590238529028271e-02 2.2e+00 5.79e-01  5e-01  7e-01 78:57.1
   79    948 -4.398805187923274e-02 2.2e+00 6.03e-01  5e-01  7e-01 81:00.7
   81    972 -3.018345796170050e-02 2.2e+00 6.07e-01  5e-01  7e-01 83:03.8
   83    996 -3.820755348457383e-02 2.3e+00 5.97e-01  5e-01  7e-01 85:07.3
   85   1020 -3.312847026173144e-02 2.3e+00 5.63e-01  4e-01  7e-01 87:10.5
   87   1044 -3.650712622168566e-02 2.5e+00 5.69e-01  4e-01  7e-01 89:13.6
   89   1068 -4.388358134515667e-02 2.5e+00 5.50e-01  4e-01  6e-01 91:17.2
   91   1092 -3.734694041820032e-02 2.5e+00 5.36e-01  4e-01  6e-01 93:19.6
   93   1116 -3.457409453846667e-02 2.6e+00 5.35e-01  4e-01  6e-01 95:22.3
   95   1140 -3.347523925474067e-02 2.6e+00 5.37e-01  4e-01  6e-01 97:25.3
   97   1164 -3.841623253773602e-02 2.7e+00 5.44e-01  4e-01  6e-01 99:28.1
   99   1188 -3.225139142172066e-02 2.7e+00 5.84e-01  4e-01  7e-01 101:31.0
  100   1200 -3.040334309574766e-02 2.7e+00 5.85e-01  4e-01  7e-01 102:32.3
  102   1224 -3.278879400289571e-02 2.7e+00 5.90e-01  4e-01  7e-01 104:35.1
  104   1248 -3.722698843288283e-02 2.8e+00 5.48e-01  4e-01  6e-01 106:37.7
  106   1272 -3.790573214255146e-02 2.9e+00 5.45e-01  4e-01  6e-01 108:40.0
  108   1296 -3.219570779533995e-02 2.9e+00 5.23e-01  4e-01  6e-01 110:42.9
  110   1320 -3.029117824191648e-02 3.0e+00 4.93e-01  3e-01  6e-01 112:44.9
  112   1344 -2.757689521270901e-02 3.0e+00 4.60e-01  3e-01  5e-01 114:47.8
  114   1368 -2.378341308539974e-02 3.1e+00 4.83e-01  3e-01  6e-01 116:50.0
  116   1392 -3.106919481888579e-02 3.2e+00 4.89e-01  3e-01  6e-01 118:52.5
  118   1416 -3.164776742757290e-02 3.2e+00 5.00e-01  3e-01  6e-01 120:54.8
  120   1440 -3.209316953065951e-02 3.3e+00 5.42e-01  4e-01  6e-01 122:57.3
  122   1464 -2.641800774327715e-02 3.4e+00 5.91e-01  4e-01  7e-01 125:00.1
  124   1488 -3.601336685568771e-02 3.4e+00 5.93e-01  4e-01  7e-01 127:02.8
  126   1512 -3.670355700184987e-02 3.4e+00 6.06e-01  4e-01  7e-01 129:05.4
  128   1536 -3.587442266652239e-02 3.4e+00 6.22e-01  4e-01  7e-01 131:08.5
  130   1560 -3.482836669517136e-02 3.4e+00 6.15e-01  4e-01  7e-01 133:11.3
  132   1584 -2.957300365853782e-02 3.4e+00 5.85e-01  4e-01  7e-01 135:13.7
  134   1608 -3.926408057217003e-02 3.5e+00 5.53e-01  4e-01  6e-01 137:16.1
  136   1632 -3.142881962613736e-02 3.5e+00 5.41e-01  3e-01  6e-01 139:18.8
  138   1656 -3.177211937630264e-02 3.6e+00 5.05e-01  3e-01  6e-01 141:21.4
  140   1680 -4.373941540116782e-02 3.7e+00 5.62e-01  4e-01  7e-01 143:23.6
  142   1704 -3.244751917774961e-02 3.7e+00 6.23e-01  4e-01  7e-01 145:26.0
  144   1728 -3.133237865232028e-02 3.8e+00 6.54e-01  4e-01  8e-01 147:28.8
  146   1752 -3.832194649084304e-02 3.8e+00 6.69e-01  4e-01  8e-01 149:31.6
  148   1776 -2.941272896321967e-02 3.9e+00 6.55e-01  4e-01  8e-01 151:34.0
  150   1800 -3.973504081906656e-02 3.9e+00 6.52e-01  4e-01  8e-01 153:36.2
  152   1824 -4.254017218260887e-02 3.9e+00 6.16e-01  4e-01  7e-01 155:38.8
  154   1848 -4.055301041325891e-02 4.1e+00 6.13e-01  4e-01  7e-01 157:41.6
  156   1872 -3.569483160743298e-02 4.2e+00 6.06e-01  4e-01  7e-01 159:44.4
  158   1896 -4.203093877256717e-02 4.3e+00 5.98e-01  3e-01  7e-01 161:46.7
  160   1920 -4.214104739899040e-02 4.4e+00 6.14e-01  4e-01  7e-01 163:49.2
  162   1944 -3.276294097654446e-02 4.6e+00 6.06e-01  3e-01  7e-01 165:52.1
  164   1968 -4.305806419771494e-02 4.8e+00 5.42e-01  3e-01  6e-01 167:55.0
  166   1992 -3.494922604194938e-02 4.8e+00 5.17e-01  3e-01  6e-01 169:57.8
  168   2016 -3.811282802905437e-02 4.8e+00 5.09e-01  3e-01  6e-01 172:00.7
  170   2040 -4.230903637943596e-02 4.8e+00 5.00e-01  3e-01  6e-01 174:03.0
  172   2064 -4.158775261798891e-02 4.9e+00 4.85e-01  3e-01  6e-01 176:05.7
  174   2088 -4.450898015151145e-02 5.0e+00 4.62e-01  3e-01  6e-01 178:07.9
  176   2112 -3.899669114249633e-02 5.0e+00 4.51e-01  2e-01  5e-01 180:10.3
  178   2136 -4.538919863537447e-02 5.1e+00 4.31e-01  2e-01  5e-01 182:13.2
  180   2160 -4.334533669254164e-02 5.1e+00 4.25e-01  2e-01  5e-01 184:15.7
  182   2184 -4.501681735687246e-02 5.2e+00 4.16e-01  2e-01  5e-01 186:18.3
  185   2220 -4.436997440902520e-02 5.3e+00 3.79e-01  2e-01  5e-01 189:22.4
  188   2256 -4.388483514653449e-02 5.4e+00 3.85e-01  2e-01  5e-01 192:26.9
  191   2292 -4.292704966920585e-02 5.7e+00 3.82e-01  2e-01  5e-01 195:31.3
  194   2328 -4.422909787808801e-02 6.0e+00 4.12e-01  2e-01  5e-01 198:35.2
  197   2364 -4.716171715699103e-02 6.2e+00 4.11e-01  2e-01  5e-01 201:39.5
  200   2400 -4.490035695284195e-02 6.4e+00 3.55e-01  2e-01  4e-01 204:43.4
  203   2436 -4.423727200433916e-02 6.5e+00 3.33e-01  2e-01  4e-01 207:48.8
  206   2472 -4.441705040678634e-02 6.4e+00 2.93e-01  1e-01  3e-01 210:52.9
  209   2508 -4.419454519680168e-02 6.5e+00 2.92e-01  1e-01  3e-01 213:57.6
  212   2544 -4.644480390981398e-02 6.5e+00 2.93e-01  1e-01  3e-01 217:01.8
  215   2580 -4.563201060543385e-02 6.8e+00 3.14e-01  1e-01  4e-01 220:05.6
  218   2616 -4.629106277417119e-02 7.0e+00 3.10e-01  1e-01  4e-01 223:09.7
  221   2652 -4.610236370046306e-02 7.0e+00 3.15e-01  1e-01  4e-01 226:13.8
  224   2688 -4.641701844795857e-02 7.3e+00 3.05e-01  1e-01  4e-01 229:17.8
  227   2724 -4.642911380944580e-02 7.7e+00 3.11e-01  1e-01  4e-01 232:21.4
  230   2760 -4.663977479492725e-02 8.1e+00 2.82e-01  1e-01  3e-01 235:25.3
  233   2796 -4.693279148909817e-02 8.3e+00 2.44e-01  9e-02  3e-01 238:29.7
  236   2832 -4.734187247956384e-02 8.4e+00 2.34e-01  9e-02  3e-01 241:34.0
  239   2868 -4.750984985367479e-02 8.7e+00 2.08e-01  8e-02  2e-01 244:39.1
  242   2904 -4.714115486557491e-02 8.6e+00 2.10e-01  8e-02  3e-01 247:43.4
  245   2940 -4.732828570286179e-02 8.5e+00 1.98e-01  7e-02  2e-01 250:47.8
  248   2976 -4.748827494918421e-02 8.7e+00 1.91e-01  7e-02  2e-01 253:52.6
  251   3012 -4.735577716968332e-02 8.9e+00 1.81e-01  6e-02  2e-01 256:56.5
  254   3048 -4.715398841415561e-02 9.0e+00 1.73e-01  6e-02  2e-01 260:00.3
  257   3084 -4.761217482080658e-02 9.1e+00 1.50e-01  5e-02  2e-01 263:04.3
  260   3120 -4.801802131171128e-02 9.6e+00 1.46e-01  5e-02  2e-01 266:08.2
  263   3156 -4.780883002758555e-02 9.7e+00 1.47e-01  5e-02  2e-01 269:11.8
  266   3192 -4.772174888020047e-02 9.8e+00 1.52e-01  5e-02  2e-01 272:15.3
  269   3228 -4.810410001617931e-02 1.0e+01 1.58e-01  5e-02  2e-01 275:19.6
  272   3264 -4.825712423827808e-02 1.1e+01 1.59e-01  5e-02  2e-01 278:23.7
  275   3300 -4.818233697861989e-02 1.1e+01 1.64e-01  5e-02  2e-01 281:26.9
  278   3336 -4.835469432739137e-02 1.2e+01 1.65e-01  5e-02  2e-01 284:31.0
  281   3372 -4.798516251237427e-02 1.2e+01 1.53e-01  5e-02  2e-01 287:35.0
  284   3408 -4.803123515553697e-02 1.2e+01 1.57e-01  5e-02  2e-01 290:39.5
  287   3444 -4.809955927609785e-02 1.2e+01 1.67e-01  5e-02  2e-01 293:43.8
  290   3480 -4.864283450194061e-02 1.2e+01 1.53e-01  5e-02  2e-01 296:47.9
  293   3516 -4.891641576572024e-02 1.2e+01 1.47e-01  4e-02  2e-01 299:52.1
  296   3552 -4.889103226800059e-02 1.2e+01 1.32e-01  4e-02  2e-01 302:55.8
  299   3588 -4.896220256796358e-02 1.2e+01 1.25e-01  4e-02  2e-01 305:59.2
  300   3600 -4.859941135531509e-02 1.2e+01 1.18e-01  4e-02  2e-01 307:00.3
  303   3636 -4.866795391703869e-02 1.2e+01 1.01e-01  3e-02  1e-01 310:04.4
  306   3672 -4.879429395773745e-02 1.3e+01 8.96e-02  3e-02  1e-01 313:07.7
  309   3708 -4.892914617703893e-02 1.3e+01 8.19e-02  2e-02  1e-01 316:11.9
  312   3744 -4.894012938574429e-02 1.3e+01 7.83e-02  2e-02  1e-01 319:15.6
  315   3780 -4.895246243530724e-02 1.3e+01 8.04e-02  2e-02  1e-01 322:19.4
  318   3816 -4.917633390451814e-02 1.3e+01 8.32e-02  2e-02  1e-01 325:23.1
  321   3852 -4.920404029906525e-02 1.4e+01 9.21e-02  3e-02  1e-01 328:26.5
  324   3888 -4.921113211494265e-02 1.5e+01 8.98e-02  3e-02  1e-01 331:30.2
  327   3924 -4.930072291345900e-02 1.5e+01 8.94e-02  3e-02  1e-01 334:33.9
  330   3960 -4.932426814680123e-02 1.5e+01 7.92e-02  2e-02  1e-01 337:37.4
  333   3996 -4.928151259707306e-02 1.5e+01 7.83e-02  2e-02  1e-01 340:41.2
  336   4032 -4.934931298214957e-02 1.5e+01 7.83e-02  2e-02  1e-01 343:45.2
  339   4068 -4.938599861361052e-02 1.5e+01 7.77e-02  2e-02  1e-01 346:48.6
  342   4104 -4.945311417329410e-02 1.5e+01 8.06e-02  2e-02  1e-01 349:51.7
  345   4140 -4.921124490953091e-02 1.6e+01 8.13e-02  2e-02  1e-01 352:55.6
  348   4176 -4.947939485538504e-02 1.6e+01 8.07e-02  2e-02  1e-01 355:59.6
  351   4212 -4.946707872319552e-02 1.6e+01 7.66e-02  2e-02  1e-01 359:02.8
  354   4248 -4.941133917120194e-02 1.7e+01 7.09e-02  2e-02  1e-01 362:06.2
  357   4284 -4.946758120598139e-02 1.7e+01 6.55e-02  2e-02  9e-02 365:09.7
  360   4320 -4.948968175772881e-02 1.8e+01 6.39e-02  2e-02  9e-02 368:13.2
  363   4356 -4.952320673552875e-02 1.8e+01 5.89e-02  2e-02  8e-02 371:17.3
  367   4404 -4.959950531008632e-02 1.9e+01 4.58e-02  1e-02  6e-02 375:22.3
  371   4452 -4.959717754947193e-02 1.9e+01 3.67e-02  9e-03  5e-02 379:27.1
  375   4500 -4.961126086367096e-02 2.0e+01 3.21e-02  8e-03  4e-02 383:32.2
  379   4548 -4.962232556561591e-02 1.9e+01 3.18e-02  8e-03  4e-02 387:36.7
  383   4596 -4.966049831488691e-02 2.1e+01 3.38e-02  8e-03  5e-02 391:40.9
  387   4644 -4.970119921553207e-02 2.1e+01 3.41e-02  8e-03  5e-02 395:45.3
  391   4692 -4.972225238998955e-02 2.2e+01 3.64e-02  8e-03  5e-02 399:49.7
