Running job array 38 on milan28.int.triton.aalto.fi
Starting at Sat Mar 22 10:19:09 EET 2025
Activating virtual environment at /scratch/work/uotilav2/quantum-portfolio/venv
Processing batch 39/100: experiments 38 to 38 (total 1)
Processing experiment 38
Budget: 1415
YF.download() has changed argument auto_adjust default to True
Number of qubits for asset AAPL: 3
Number of qubits for asset GS: 2
Number of qubits for asset MRK: 4
Total number of qubits:  9
Optimized Weights (considering variance, skewness and kurtosis):
AAPL: 100.00%
GS: 0.00%
MRK: 0.00%
Left over budget:  65.6471782451963
Optimized Discrete Allocation:
AAPL: 5
MRK: 1
Maximized utility from continuous higher moments:  -14.234487411476252
Budget constraint satisfied 1411.7072448730469 1415 Difference:  3.292755126953125
Budget constraint not satisfied 1418.8574295043945 1415 Difference:  -3.8574295043945312
smallest_eigenvalues: [-0.19210799794425396]
smallest_bitstrings: ['100100110']
first_excited_energy: -0.19210798624209824
optimized_portfolio: [{'AAPL': 1, 'GS': 1, 'MRK': 6}]
second_optimized_portfolio: [{'AAPL': 3, 'GS': 1, 'MRK': 1}]
result_with_budget: [{'portfolio': {'AAPL': 1, 'GS': 1, 'MRK': 6}, 'budget': 1411.7072448730469, 'difference': 3.292755126953125, 'objective_value': -42.024175176012776}]
result_with_budget_excited: [{'portfolio': {'AAPL': 3, 'GS': 1, 'MRK': 1}, 'budget': 1418.8574295043945, 'difference': -3.8574295043945312, 'objective_value': -3.698931315410764}]
Initial params:  [1.48788356 2.51613533 1.63512823 2.13276294 2.26393425 1.8284691
 1.68820779 2.38326127 0.33271856 1.4878596  0.58538032 2.31509673
 0.680313   0.42480042 1.01831901 0.47021746 0.69844324 1.21419094]
(6_w,12)-aCMA-ES (mu_w=3.7,w_1=40%) in dimension 18 (seed=761486, Sat Mar 22 10:19:26 2025)
Iterat #Fevals   function value  axis ratio  sigma  min&max std  t[m:s]
    1     12 2.103128133635351e-01 1.0e+00 9.44e-02  9e-02  1e-01 0:12.4
    2     24 6.390962119670815e-02 1.1e+00 9.47e-02  9e-02  1e-01 0:24.7
    3     36 1.331876213840767e-01 1.2e+00 9.57e-02  9e-02  1e-01 0:38.1
    4     48 -4.116452057558945e-02 1.2e+00 1.02e-01  1e-01  1e-01 0:51.9
    5     60 -8.532984537596959e-02 1.3e+00 1.08e-01  1e-01  1e-01 1:05.6
    6     72 -9.839606651765678e-02 1.4e+00 1.15e-01  1e-01  1e-01 1:19.4
    7     84 -1.098464228367873e-01 1.4e+00 1.23e-01  1e-01  1e-01 1:33.2
    8     96 -1.000645798711385e-01 1.5e+00 1.26e-01  1e-01  1e-01 1:47.0
    9    108 -1.128334186573243e-01 1.6e+00 1.28e-01  1e-01  1e-01 2:00.7
   10    120 -1.141977463290077e-01 1.6e+00 1.32e-01  1e-01  1e-01 2:14.5
   11    132 -1.241040358696171e-01 1.7e+00 1.32e-01  1e-01  1e-01 2:28.1
   12    144 -1.080250144812538e-01 1.7e+00 1.35e-01  1e-01  1e-01 2:42.0
   13    156 -1.312540573303380e-01 1.7e+00 1.37e-01  1e-01  1e-01 2:55.7
   14    168 -1.224057589233779e-01 1.7e+00 1.36e-01  1e-01  1e-01 3:09.6
   16    192 -1.316095639680614e-01 1.8e+00 1.30e-01  1e-01  1e-01 3:37.3
   18    216 -1.344741579662156e-01 1.8e+00 1.26e-01  1e-01  1e-01 4:05.0
   20    240 -1.248632551277983e-01 1.8e+00 1.20e-01  1e-01  1e-01 4:32.7
   22    264 -1.281392546009452e-01 1.9e+00 1.10e-01  1e-01  1e-01 5:00.5
   24    288 -1.338655073627606e-01 1.9e+00 1.02e-01  9e-02  1e-01 5:28.0
   26    312 -1.403370977987662e-01 2.0e+00 9.50e-02  8e-02  1e-01 5:55.7
   28    336 -1.523554628634822e-01 2.1e+00 9.47e-02  8e-02  1e-01 6:20.7
   30    360 -1.515432835066728e-01 2.1e+00 9.95e-02  9e-02  1e-01 6:48.0
   32    384 -1.540023836916597e-01 2.3e+00 1.03e-01  9e-02  1e-01 7:15.5
   34    408 -1.573471424241560e-01 2.3e+00 1.02e-01  9e-02  1e-01 7:44.3
   36    432 -1.593228039907119e-01 2.4e+00 1.02e-01  9e-02  1e-01 8:13.1
   38    456 -1.539221759227364e-01 2.4e+00 1.06e-01  9e-02  1e-01 8:42.0
   40    480 -1.503955894507867e-01 2.5e+00 1.07e-01  9e-02  1e-01 9:10.7
   42    504 -1.544826240419830e-01 2.5e+00 1.00e-01  8e-02  1e-01 9:39.2
   44    528 -1.541170622727843e-01 2.5e+00 9.15e-02  8e-02  1e-01 10:08.0
   47    564 -1.560474609249337e-01 2.5e+00 8.55e-02  7e-02  1e-01 10:51.2
   50    600 -1.587794749414408e-01 2.6e+00 7.42e-02  6e-02  8e-02 11:34.5
   53    636 -1.593301470970328e-01 2.7e+00 6.40e-02  5e-02  7e-02 12:17.3
   56    672 -1.594838213524735e-01 2.8e+00 6.17e-02  5e-02  7e-02 13:00.4
   59    708 -1.607402072524362e-01 2.9e+00 6.77e-02  6e-02  8e-02 13:43.5
   62    744 -1.624573131456928e-01 3.0e+00 6.78e-02  5e-02  8e-02 14:26.5
   65    780 -1.625528642425572e-01 3.1e+00 6.73e-02  5e-02  8e-02 15:09.7
   68    816 -1.613245613775861e-01 3.2e+00 6.23e-02  5e-02  7e-02 15:53.0
   71    852 -1.611104558336970e-01 3.2e+00 6.01e-02  5e-02  7e-02 16:36.1
   74    888 -1.657336238414986e-01 3.5e+00 6.46e-02  5e-02  7e-02 17:19.4
   77    924 -1.661843332822258e-01 3.5e+00 7.22e-02  6e-02  8e-02 18:02.5
   80    960 -1.660276079122686e-01 3.7e+00 7.67e-02  6e-02  9e-02 18:45.7
   83    996 -1.655091475225200e-01 3.8e+00 7.98e-02  6e-02  9e-02 19:28.9
   86   1032 -1.666966187091804e-01 4.0e+00 7.54e-02  6e-02  8e-02 20:12.2
   89   1068 -1.657362945604445e-01 4.3e+00 7.06e-02  5e-02  8e-02 20:55.2
   93   1116 -1.676775319233485e-01 4.3e+00 6.94e-02  5e-02  8e-02 21:52.6
   97   1164 -1.677454742532267e-01 4.4e+00 7.11e-02  5e-02  8e-02 22:50.0
  100   1200 -1.655144603911257e-01 4.6e+00 7.09e-02  5e-02  8e-02 23:33.0
  104   1248 -1.670936177121971e-01 4.8e+00 7.30e-02  5e-02  8e-02 24:30.8
  108   1296 -1.675460308916507e-01 5.2e+00 6.54e-02  5e-02  7e-02 25:26.6
  112   1344 -1.693724902109701e-01 5.7e+00 5.65e-02  4e-02  6e-02 26:22.9
  116   1392 -1.695521989531265e-01 6.0e+00 4.87e-02  3e-02  5e-02 27:19.2
  120   1440 -1.699152662477733e-01 6.2e+00 4.54e-02  3e-02  5e-02 28:14.2
  124   1488 -1.698070630262217e-01 6.5e+00 3.67e-02  3e-02  4e-02 29:08.6
  128   1536 -1.705175298002856e-01 6.9e+00 3.63e-02  3e-02  4e-02 30:02.9
  132   1584 -1.711027665430031e-01 7.3e+00 3.95e-02  3e-02  5e-02 30:57.0
  137   1644 -1.710437628469748e-01 8.2e+00 4.10e-02  3e-02  5e-02 32:04.6
  142   1704 -1.719504585494052e-01 9.8e+00 5.29e-02  4e-02  7e-02 33:09.2
  147   1764 -1.728208900852008e-01 1.2e+01 6.51e-02  5e-02  1e-01 34:13.8
  152   1824 -1.739130283330039e-01 1.4e+01 6.17e-02  4e-02  1e-01 35:18.4
  157   1884 -1.737833405029978e-01 1.5e+01 6.28e-02  4e-02  1e-01 36:22.9
  163   1956 -1.742866339026351e-01 1.6e+01 6.42e-02  5e-02  1e-01 37:33.8
  169   2028 -1.744977922401834e-01 1.7e+01 4.89e-02  3e-02  8e-02 38:43.8
  175   2100 -1.752061129713420e-01 1.8e+01 4.36e-02  3e-02  8e-02 39:54.0
  181   2172 -1.751537516525182e-01 1.8e+01 3.82e-02  2e-02  7e-02 41:03.9
  187   2244 -1.754733857119377e-01 1.9e+01 3.10e-02  2e-02  5e-02 42:13.1
  193   2316 -1.753987221297347e-01 2.0e+01 2.45e-02  2e-02  4e-02 43:22.4
  199   2388 -1.754741549609778e-01 2.1e+01 1.91e-02  1e-02  3e-02 44:31.8
  200   2400 -1.755347266862801e-01 2.1e+01 1.99e-02  1e-02  3e-02 44:43.5
  206   2472 -1.755628907072093e-01 2.1e+01 2.15e-02  1e-02  3e-02 45:53.7
  212   2544 -1.756355015206311e-01 2.3e+01 1.76e-02  1e-02  3e-02 47:04.9
  218   2616 -1.756553296132505e-01 2.3e+01 1.59e-02  8e-03  3e-02 48:20.2
  224   2688 -1.757057850092328e-01 2.5e+01 1.55e-02  8e-03  2e-02 49:38.4
  230   2760 -1.757533418177886e-01 2.6e+01 1.63e-02  8e-03  2e-02 50:56.6
  236   2832 -1.757631441264448e-01 2.7e+01 1.52e-02  7e-03  2e-02 52:14.7
  242   2904 -1.757908607057216e-01 2.8e+01 1.49e-02  7e-03  2e-02 53:32.7
  248   2976 -1.758136936301254e-01 2.8e+01 1.68e-02  8e-03  3e-02 54:50.7
  254   3048 -1.758610161411550e-01 3.0e+01 2.18e-02  1e-02  3e-02 56:08.9
  260   3120 -1.759258062605198e-01 3.7e+01 2.59e-02  1e-02  4e-02 57:26.8
  266   3192 -1.760221807893396e-01 4.4e+01 2.89e-02  1e-02  6e-02 58:44.9
  273   3276 -1.760955492297235e-01 5.3e+01 3.29e-02  1e-02  8e-02 60:16.1
  280   3360 -1.761282948540192e-01 6.4e+01 3.78e-02  2e-02  1e-01 61:44.4
  287   3444 -1.761012465644252e-01 6.7e+01 3.44e-02  1e-02  9e-02 63:14.5
  294   3528 -1.761961252286312e-01 6.9e+01 2.98e-02  1e-02  8e-02 64:44.5
  300   3600 -1.762068091309020e-01 7.0e+01 2.13e-02  9e-03  6e-02 66:01.4
  307   3684 -1.762556684326979e-01 7.4e+01 2.31e-02  9e-03  6e-02 67:31.3
  314   3768 -1.762875115642889e-01 8.1e+01 2.81e-02  1e-02  8e-02 69:01.2
  321   3852 -1.764018010373623e-01 8.5e+01 3.28e-02  1e-02  9e-02 70:31.2
  328   3936 -1.764143915267360e-01 8.8e+01 4.66e-02  2e-02  1e-01 72:01.1
  335   4020 -1.764757026326944e-01 8.6e+01 4.86e-02  2e-02  1e-01 73:30.8
  342   4104 -1.765180544728377e-01 8.6e+01 4.34e-02  2e-02  1e-01 75:00.8
  350   4200 -1.766989194193508e-01 8.5e+01 2.75e-02  1e-02  7e-02 76:43.1
  358   4296 -1.767229539619680e-01 9.5e+01 2.75e-02  1e-02  7e-02 78:23.7
  366   4392 -1.768250985865928e-01 9.7e+01 2.70e-02  1e-02  7e-02 80:04.4
  374   4488 -1.769020079486048e-01 1.0e+02 2.46e-02  9e-03  6e-02 81:44.8
  382   4584 -1.769761982633023e-01 9.5e+01 2.77e-02  1e-02  7e-02 83:24.5
  390   4680 -1.770201207214366e-01 9.4e+01 2.65e-02  9e-03  7e-02 85:03.6
  398   4776 -1.771625870849519e-01 9.6e+01 3.07e-02  1e-02  8e-02 86:43.9
  400   4800 -1.772090041738649e-01 9.4e+01 3.74e-02  1e-02  9e-02 87:08.9
  409   4908 -1.773502971562472e-01 9.2e+01 6.82e-02  2e-02  2e-01 88:58.9
  417   5004 -1.773591347775728e-01 9.1e+01 5.75e-02  2e-02  1e-01 90:39.1
  425   5100 -1.775003404237531e-01 9.1e+01 4.38e-02  1e-02  1e-01 92:19.2
  434   5208 -1.776983596483389e-01 9.4e+01 3.97e-02  1e-02  9e-02 94:11.9
  443   5316 -1.777322584192195e-01 9.1e+01 3.69e-02  9e-03  8e-02 96:04.5
  452   5424 -1.779124279751697e-01 9.7e+01 4.27e-02  1e-02  1e-01 97:57.0
  461   5532 -1.782678477383157e-01 9.6e+01 7.06e-02  2e-02  2e-01 99:49.7
  470   5640 -1.784059636941618e-01 9.9e+01 6.87e-02  2e-02  2e-01 101:39.2
  479   5748 -1.786338552618656e-01 9.8e+01 5.89e-02  1e-02  1e-01 103:31.9
  488   5856 -1.788029050538277e-01 9.9e+01 5.89e-02  1e-02  1e-01 105:24.7
  497   5964 -1.789477597575946e-01 9.4e+01 4.65e-02  1e-02  1e-01 107:17.7
  500   6000 -1.789147280438324e-01 9.7e+01 4.59e-02  1e-02  1e-01 107:55.1
  509   6108 -1.789996077287029e-01 1.0e+02 4.06e-02  9e-03  1e-01 109:48.0
  518   6216 -1.791237872780359e-01 1.1e+02 4.02e-02  9e-03  1e-01 111:40.6
  527   6324 -1.791721533039292e-01 1.1e+02 3.65e-02  7e-03  9e-02 113:33.4
  537   6444 -1.793024686535385e-01 1.1e+02 4.05e-02  8e-03  1e-01 115:38.9
  547   6564 -1.794120706092901e-01 1.1e+02 4.10e-02  8e-03  1e-01 117:44.2
  557   6684 -1.795579056878123e-01 1.2e+02 5.66e-02  1e-02  1e-01 119:49.6
  567   6804 -1.796791887638464e-01 1.2e+02 5.88e-02  1e-02  1e-01 121:50.9
  577   6924 -1.799657556539658e-01 1.2e+02 5.74e-02  9e-03  1e-01 123:51.7
  587   7044 -1.800281649426101e-01 1.2e+02 6.59e-02  1e-02  1e-01 125:53.0
  597   7164 -1.801197592607914e-01 1.2e+02 4.34e-02  6e-03  1e-01 127:55.0
  600   7200 -1.801352028696829e-01 1.2e+02 3.80e-02  5e-03  8e-02 128:30.2
  610   7320 -1.801738942759410e-01 1.2e+02 2.48e-02  3e-03  5e-02 130:32.3
  621   7452 -1.801973300042101e-01 1.2e+02 2.90e-02  4e-03  6e-02 132:45.5
  632   7584 -1.802396565396246e-01 1.3e+02 3.19e-02  4e-03  7e-02 134:58.9
  643   7716 -1.802920872589277e-01 1.4e+02 3.88e-02  4e-03  8e-02 137:12.4
  654   7848 -1.803249149488822e-01 1.6e+02 4.00e-02  4e-03  9e-02 139:25.5
  665   7980 -1.804417925560128e-01 1.7e+02 5.31e-02  5e-03  1e-01 141:39.1
  676   8112 -1.805457274339095e-01 1.8e+02 5.72e-02  5e-03  1e-01 143:52.4
  687   8244 -1.805902978958960e-01 1.9e+02 6.13e-02  6e-03  2e-01 146:05.8
  698   8376 -1.808008030526658e-01 2.1e+02 6.31e-02  6e-03  2e-01 148:19.1
  700   8400 -1.808980241920992e-01 2.2e+02 6.57e-02  6e-03  2e-01 148:43.3
  711   8532 -1.811403667151147e-01 2.6e+02 7.45e-02  7e-03  2e-01 150:57.0
  723   8676 -1.814315988161140e-01 3.2e+02 7.02e-02  6e-03  3e-01 153:20.4
  735   8820 -1.816908583438201e-01 3.3e+02 6.93e-02  6e-03  3e-01 155:43.5
  746   8952 -1.817055149892809e-01 3.2e+02 7.14e-02  6e-03  3e-01 158:03.3
  757   9084 -1.818633465772415e-01 3.2e+02 8.34e-02  7e-03  3e-01 160:23.2
  768   9216 -1.820399249081085e-01 3.1e+02 7.21e-02  6e-03  3e-01 162:42.0
  779   9348 -1.822482274226963e-01 3.0e+02 5.49e-02  4e-03  2e-01 165:00.3
  790   9480 -1.823779140231579e-01 2.9e+02 6.41e-02  5e-03  2e-01 167:19.9
  800   9600 -1.824351823564560e-01 2.9e+02 5.18e-02  4e-03  2e-01 169:24.2
  812   9744 -1.825856283086616e-01 2.8e+02 5.35e-02  4e-03  2e-01 171:56.5
  824   9888 -1.829677979723162e-01 2.9e+02 1.13e-01  8e-03  4e-01 174:28.6
  836  10032 -1.833580113633718e-01 3.1e+02 1.33e-01  9e-03  5e-01 177:00.5
  848  10176 -1.836694636142911e-01 3.4e+02 1.08e-01  7e-03  4e-01 179:32.8
  860  10320 -1.838293661103382e-01 3.7e+02 1.31e-01  7e-03  5e-01 182:05.2
  872  10464 -1.839727894172096e-01 3.7e+02 9.39e-02  5e-03  4e-01 184:37.8
  884  10608 -1.841299457296223e-01 3.7e+02 7.65e-02  4e-03  3e-01 187:10.2
  896  10752 -1.842181811454175e-01 3.7e+02 4.70e-02  2e-03  2e-01 189:42.8
  900  10800 -1.842390710857388e-01 3.6e+02 4.46e-02  2e-03  2e-01 190:33.6
  912  10944 -1.842652873667586e-01 3.5e+02 4.04e-02  2e-03  1e-01 193:05.7
  924  11088 -1.842987207547442e-01 3.5e+02 3.96e-02  1e-03  1e-01 195:37.5
  937  11244 -1.843594875319792e-01 3.6e+02 8.04e-02  3e-03  3e-01 198:21.1
  950  11400 -1.843844533969576e-01 3.4e+02 6.03e-02  2e-03  2e-01 201:05.5
  963  11556 -1.844506093404391e-01 3.4e+02 6.08e-02  2e-03  2e-01 203:48.4
  976  11712 -1.845400483340708e-01 3.4e+02 1.15e-01  3e-03  4e-01 206:30.5
  989  11868 -1.846381391226636e-01 3.4e+02 9.56e-02  3e-03  3e-01 209:11.0
 1000  12000 -1.846978744183280e-01 3.3e+02 6.93e-02  2e-03  2e-01 211:29.4
Budget constraint satisfied 1342.20263671875 1415 Difference:  72.79736328125
Budget constraint satisfied 1238.2170639038086 1415 Difference:  176.7829360961914
two_most_probable_states: ['110000110', '000011000']
final_expectation_value: -0.18470058454456414
params: [2.0590068418614575, 4.714518779477871, 9.553187647278474, -0.4806111385868449, 13.38813115911654, 19.55138650645463, 0.23947657947527456, 21.247354431816422, 9.000671305235457, 2.6089899769137115, -0.28843517914802996, 1.0372573614340146, 1.9347560139319129, -0.09213940189973834, 1.5524690075668337, -1.6266313455085664, 1.5250378817643173, 1.5756518693595516]
total_steps: 1000
states_probs: [0.0148493014583166, 0.01537401949689636]
optimized_portfolios: [{'AAPL': 3, 'GS': 0, 'MRK': 6}, {'AAPL': 0, 'GS': 2, 'MRK': 1}]
objective_values: [-45.81109493916459, -0.705856235163528]
result_with_budget: [{'portfolio': {'AAPL': 3, 'GS': 0, 'MRK': 6}, 'budget': 1342.20263671875, 'difference': 72.79736328125}, {'portfolio': {'AAPL': 0, 'GS': 2, 'MRK': 1}, 'budget': 1238.2170639038086, 'difference': 176.7829360961914}]
Batch 39/100 completed. Results saved to portfolio_optimization_results_batch_38.json
Job finished at Sat Mar 22 13:52:03 EET 2025
