Running job array 47 on pe74.int.triton.aalto.fi
Starting at Fri Mar 21 16:01:41 EET 2025
Activating virtual environment at /scratch/work/uotilav2/quantum-portfolio/venv
Processing batch 48/100: experiments 47 to 47 (total 1)
Processing experiment 47
Budget: 5938
YF.download() has changed argument auto_adjust default to True
Number of qubits for asset CRM: 5
Number of qubits for asset HON: 5
Total number of qubits:  10
Optimized Weights (considering variance, skewness and kurtosis):
CRM: 73.71%
HON: 26.29%
Left over budget:  18.897669840405797
Optimized Discrete Allocation:
CRM: 13
HON: 7
Maximized utility from continuous higher moments:  -2277.1389509279916
Budget constraint satisfied 5929.907379150391 5938 Difference:  8.092620849609375
Budget constraint satisfied 5924.504852294922 5938 Difference:  13.495147705078125
smallest_eigenvalues: [-0.287826939912769]
smallest_bitstrings: ['1001010110']
first_excited_energy: -0.28782678331579004
optimized_portfolio: [{'CRM': 9, 'HON': 13}]
second_optimized_portfolio: [{'CRM': 11, 'HON': 10}]
result_with_budget: [{'portfolio': {'CRM': 9, 'HON': 13}, 'budget': 5929.907379150391, 'difference': 8.092620849609375, 'objective_value': -3177.6537230107033}]
result_with_budget_excited: [{'portfolio': {'CRM': 11, 'HON': 10}, 'budget': 5924.504852294922, 'difference': 13.495147705078125, 'objective_value': -2241.2880869859123}]
Initial params:  [2.51063067 1.44978017 2.45210473 0.37157007 2.01037118 0.45035763
 2.96776493 1.63943485 1.3026989  0.83112597 2.43232687 1.43303853
 1.78578792 0.0590299  1.94035914 1.92295543 1.93815531 2.96487203
 2.14200164 1.12942738]
(6_w,12)-aCMA-ES (mu_w=3.7,w_1=40%) in dimension 20 (seed=746002, Fri Mar 21 16:02:01 2025)
Iterat #Fevals   function value  axis ratio  sigma  min&max std  t[m:s]
    1     12 -1.702468770324594e-01 1.0e+00 9.46e-02  9e-02  1e-01 0:26.7
    2     24 -1.586469070462938e-01 1.1e+00 9.01e-02  9e-02  9e-02 0:53.5
    3     36 -2.008635190002280e-01 1.1e+00 8.63e-02  8e-02  9e-02 1:20.3
    4     48 -1.998474612593901e-01 1.1e+00 8.22e-02  8e-02  8e-02 1:47.2
    5     60 -2.034685021876781e-01 1.1e+00 8.18e-02  8e-02  8e-02 2:14.0
    6     72 -1.986401271132538e-01 1.2e+00 8.15e-02  8e-02  8e-02 2:40.8
    7     84 -1.941831867586506e-01 1.2e+00 8.17e-02  8e-02  8e-02 3:07.6
    8     96 -2.055649646955827e-01 1.3e+00 8.26e-02  8e-02  9e-02 3:34.3
    9    108 -1.971371183490419e-01 1.3e+00 8.17e-02  8e-02  8e-02 4:01.2
   10    120 -2.056270019558845e-01 1.3e+00 7.88e-02  7e-02  8e-02 4:28.1
   11    132 -2.069067366251287e-01 1.4e+00 7.88e-02  7e-02  8e-02 4:55.0
   12    144 -2.000493433943306e-01 1.4e+00 7.95e-02  8e-02  8e-02 5:21.7
   13    156 -1.992242639616223e-01 1.5e+00 7.83e-02  7e-02  8e-02 5:48.5
   14    168 -1.953997945002241e-01 1.5e+00 7.55e-02  7e-02  8e-02 6:15.4
   15    180 -2.011742534776164e-01 1.5e+00 7.43e-02  7e-02  8e-02 6:42.4
   16    192 -2.159099937674402e-01 1.6e+00 7.40e-02  7e-02  8e-02 7:09.1
   17    204 -2.102378090332266e-01 1.6e+00 7.25e-02  7e-02  8e-02 7:36.0
   18    216 -2.132096667733405e-01 1.6e+00 7.40e-02  7e-02  8e-02 8:02.8
   19    228 -2.218042448995421e-01 1.6e+00 7.63e-02  7e-02  8e-02 8:29.6
   20    240 -2.153882590980249e-01 1.7e+00 8.28e-02  8e-02  9e-02 8:56.4
   21    252 -2.206197211988073e-01 1.8e+00 8.54e-02  8e-02  9e-02 9:23.3
   22    264 -2.241372679016135e-01 1.8e+00 8.52e-02  8e-02  9e-02 9:50.1
   23    276 -2.312550544347170e-01 1.9e+00 8.63e-02  8e-02  9e-02 10:16.8
   24    288 -2.307452260642393e-01 1.9e+00 8.64e-02  8e-02  9e-02 10:43.6
   25    300 -2.316533479377392e-01 1.9e+00 8.43e-02  8e-02  9e-02 11:10.6
   26    312 -2.274652555766797e-01 1.9e+00 8.12e-02  7e-02  9e-02 11:37.4
   27    324 -2.281425381099491e-01 1.9e+00 7.69e-02  7e-02  8e-02 12:04.2
   29    348 -2.322468234906152e-01 2.0e+00 7.66e-02  7e-02  8e-02 12:57.9
   31    372 -2.316250833377367e-01 2.0e+00 7.59e-02  7e-02  8e-02 13:51.7
   33    396 -2.397634688370005e-01 2.2e+00 7.94e-02  7e-02  9e-02 14:45.3
   35    420 -2.400464913881810e-01 2.2e+00 8.07e-02  7e-02  9e-02 15:38.9
   37    444 -2.426598906840786e-01 2.3e+00 7.52e-02  7e-02  8e-02 16:32.7
   39    468 -2.464417405504421e-01 2.4e+00 7.28e-02  7e-02  8e-02 17:26.3
   41    492 -2.472116800830153e-01 2.5e+00 7.49e-02  7e-02  8e-02 18:19.9
   43    516 -2.475105044497023e-01 2.6e+00 8.00e-02  7e-02  9e-02 19:13.7
   45    540 -2.455367050270783e-01 2.7e+00 8.57e-02  8e-02  1e-01 20:07.3
   47    564 -2.448319149608178e-01 2.7e+00 9.93e-02  9e-02  1e-01 21:01.1
   49    588 -2.510796286612993e-01 2.8e+00 1.01e-01  9e-02  1e-01 21:54.6
   51    612 -2.500555659040188e-01 2.9e+00 1.04e-01  9e-02  1e-01 22:48.3
   53    636 -2.530594456552095e-01 2.9e+00 1.01e-01  9e-02  1e-01 23:41.8
   55    660 -2.554643085006870e-01 3.0e+00 1.02e-01  9e-02  1e-01 24:35.3
   57    684 -2.549094263243864e-01 3.1e+00 9.59e-02  8e-02  1e-01 25:28.9
   59    708 -2.516687247811787e-01 3.1e+00 8.78e-02  8e-02  1e-01 26:22.5
   61    732 -2.561639563590742e-01 3.2e+00 8.64e-02  8e-02  1e-01 27:16.0
   63    756 -2.543436171793634e-01 3.2e+00 8.70e-02  7e-02  1e-01 28:09.6
   65    780 -2.571067111913206e-01 3.3e+00 8.66e-02  7e-02  1e-01 29:03.2
   67    804 -2.576087878984241e-01 3.3e+00 8.68e-02  8e-02  1e-01 29:56.7
   69    828 -2.595022649476916e-01 3.4e+00 8.46e-02  7e-02  1e-01 30:50.3
   71    852 -2.579581941474150e-01 3.5e+00 8.33e-02  7e-02  9e-02 31:43.8
   73    876 -2.564571614872902e-01 3.7e+00 7.90e-02  7e-02  9e-02 32:37.4
   75    900 -2.607973590133406e-01 3.8e+00 7.44e-02  6e-02  8e-02 33:30.9
   77    924 -2.620841810587712e-01 3.9e+00 6.78e-02  6e-02  8e-02 34:24.6
   79    948 -2.620393575682536e-01 3.9e+00 6.12e-02  5e-02  7e-02 35:18.2
   81    972 -2.622614815384685e-01 4.1e+00 6.02e-02  5e-02  7e-02 36:12.0
   84   1008 -2.611495215031910e-01 4.2e+00 5.52e-02  5e-02  6e-02 37:32.8
   87   1044 -2.622643652566060e-01 4.4e+00 5.51e-02  5e-02  6e-02 38:53.3
   90   1080 -2.609602800804929e-01 4.6e+00 5.33e-02  4e-02  6e-02 40:13.9
   93   1116 -2.625144154093343e-01 4.8e+00 4.87e-02  4e-02  6e-02 41:34.2
   96   1152 -2.625802780031066e-01 4.8e+00 4.66e-02  4e-02  5e-02 42:54.8
   99   1188 -2.614201346185964e-01 5.1e+00 4.77e-02  4e-02  6e-02 44:15.3
  100   1200 -2.630630100165424e-01 5.2e+00 4.72e-02  4e-02  6e-02 44:42.1
  103   1236 -2.631418395581431e-01 5.4e+00 4.53e-02  4e-02  6e-02 46:02.6
  106   1272 -2.628247022047789e-01 5.6e+00 4.13e-02  3e-02  5e-02 47:23.2
  109   1308 -2.629044711299983e-01 5.7e+00 3.88e-02  3e-02  5e-02 48:43.6
  112   1344 -2.631743436002394e-01 5.9e+00 3.68e-02  3e-02  5e-02 50:04.0
  115   1380 -2.628390547434288e-01 6.1e+00 3.65e-02  3e-02  4e-02 51:24.5
  118   1416 -2.627117492956910e-01 6.2e+00 3.81e-02  3e-02  5e-02 52:44.7
  121   1452 -2.635902536268989e-01 6.3e+00 3.64e-02  3e-02  4e-02 54:05.4
  124   1488 -2.638003620889039e-01 6.5e+00 3.74e-02  3e-02  5e-02 55:25.7
  127   1524 -2.629204220254939e-01 6.9e+00 3.49e-02  2e-02  4e-02 56:46.3
  130   1560 -2.637435001737516e-01 7.1e+00 2.95e-02  2e-02  4e-02 58:06.9
  133   1596 -2.636825233893604e-01 7.6e+00 2.50e-02  2e-02  3e-02 59:27.4
  136   1632 -2.640536225109377e-01 7.8e+00 2.21e-02  1e-02  3e-02 60:48.1
  139   1668 -2.641893294604707e-01 8.2e+00 2.16e-02  1e-02  3e-02 62:08.6
  142   1704 -2.642063852027149e-01 8.7e+00 1.89e-02  1e-02  2e-02 63:29.3
  145   1740 -2.641326174507367e-01 8.9e+00 1.68e-02  1e-02  2e-02 64:49.9
  148   1776 -2.641759208997479e-01 9.1e+00 1.58e-02  1e-02  2e-02 66:10.5
  151   1812 -2.641974665168575e-01 9.3e+00 1.50e-02  9e-03  2e-02 67:31.1
  154   1848 -2.642742945592252e-01 9.6e+00 1.41e-02  9e-03  2e-02 68:52.0
  157   1884 -2.643279391554071e-01 9.9e+00 1.36e-02  8e-03  2e-02 70:12.6
  160   1920 -2.642709279057995e-01 1.0e+01 1.13e-02  7e-03  1e-02 71:33.3
  164   1968 -2.643127809507090e-01 1.1e+01 9.81e-03  6e-03  1e-02 73:20.8
  168   2016 -2.643526169376025e-01 1.2e+01 9.22e-03  6e-03  1e-02 75:08.4
  172   2064 -2.643430914628458e-01 1.2e+01 9.51e-03  6e-03  1e-02 76:55.7
  176   2112 -2.643755653698047e-01 1.3e+01 1.06e-02  6e-03  1e-02 78:43.1
  180   2160 -2.644168528805476e-01 1.4e+01 1.17e-02  7e-03  2e-02 80:30.9
  184   2208 -2.644464091755999e-01 1.5e+01 1.36e-02  8e-03  2e-02 82:18.4
  188   2256 -2.645042053506373e-01 1.5e+01 1.62e-02  9e-03  2e-02 84:06.2
  192   2304 -2.644634616215162e-01 1.6e+01 1.58e-02  9e-03  2e-02 85:53.8
  196   2352 -2.645236267417892e-01 1.7e+01 1.65e-02  9e-03  3e-02 87:41.4
  200   2400 -2.645585108681386e-01 1.8e+01 1.64e-02  9e-03  3e-02 89:28.9
  204   2448 -2.645948447237895e-01 1.9e+01 1.74e-02  1e-02  3e-02 91:16.8
  208   2496 -2.647071987255813e-01 2.0e+01 1.73e-02  1e-02  3e-02 93:04.7
  212   2544 -2.647122385977956e-01 2.1e+01 1.81e-02  1e-02  3e-02 94:52.5
  216   2592 -2.648303161804161e-01 2.4e+01 2.17e-02  1e-02  4e-02 96:40.3
  220   2640 -2.649038783730387e-01 2.4e+01 2.07e-02  1e-02  4e-02 98:28.2
  224   2688 -2.649211351680307e-01 2.6e+01 2.02e-02  1e-02  4e-02 100:15.9
  228   2736 -2.649777566565318e-01 2.7e+01 1.85e-02  1e-02  3e-02 102:03.6
  232   2784 -2.650443352708592e-01 2.8e+01 1.81e-02  1e-02  3e-02 103:51.4
  236   2832 -2.650452014096800e-01 2.9e+01 1.70e-02  9e-03  3e-02 105:39.4
  240   2880 -2.651400825515830e-01 3.1e+01 1.52e-02  8e-03  3e-02 107:27.4
  244   2928 -2.652018893738990e-01 3.2e+01 1.52e-02  8e-03  3e-02 109:15.1
  248   2976 -2.653124397866503e-01 3.5e+01 1.69e-02  9e-03  3e-02 111:02.7
  252   3024 -2.653459660582600e-01 3.6e+01 1.79e-02  9e-03  3e-02 112:50.5
  256   3072 -2.654569515787260e-01 3.6e+01 1.99e-02  1e-02  4e-02 114:38.2
  260   3120 -2.655930819752336e-01 4.1e+01 2.30e-02  1e-02  5e-02 116:25.9
  264   3168 -2.657366405926730e-01 4.4e+01 2.26e-02  1e-02  6e-02 118:13.6
  268   3216 -2.658200498619159e-01 4.6e+01 2.02e-02  1e-02  5e-02 120:01.3
  273   3276 -2.658833464792084e-01 4.8e+01 1.89e-02  9e-03  5e-02 122:15.6
  278   3336 -2.660643642740828e-01 5.3e+01 2.05e-02  9e-03  6e-02 124:30.2
  283   3396 -2.661245690601738e-01 5.8e+01 2.26e-02  1e-02  7e-02 126:44.7
  288   3456 -2.663101503166409e-01 6.4e+01 2.64e-02  1e-02  9e-02 128:59.2
  293   3516 -2.663185831723379e-01 6.7e+01 2.41e-02  1e-02  8e-02 131:13.8
  298   3576 -2.664672841241352e-01 7.2e+01 2.40e-02  1e-02  9e-02 133:28.6
  300   3600 -2.664195902023591e-01 7.3e+01 2.32e-02  1e-02  8e-02 134:22.6
  305   3660 -2.664180867902318e-01 7.5e+01 2.04e-02  9e-03  8e-02 136:37.0
  310   3720 -2.664911598934610e-01 7.5e+01 1.79e-02  7e-03  7e-02 138:51.5
  315   3780 -2.665728890596591e-01 7.7e+01 1.69e-02  7e-03  6e-02 141:06.2
  320   3840 -2.666266680371443e-01 7.7e+01 1.80e-02  7e-03  7e-02 143:20.7
  325   3900 -2.666384671718786e-01 7.7e+01 1.88e-02  8e-03  7e-02 145:35.1
  330   3960 -2.667240577569511e-01 7.9e+01 2.03e-02  8e-03  7e-02 147:49.3
  335   4020 -2.668209788266143e-01 7.8e+01 2.28e-02  9e-03  8e-02 150:04.0
  340   4080 -2.668271085385900e-01 8.0e+01 2.15e-02  8e-03  8e-02 152:18.9
  345   4140 -2.669169779310365e-01 8.4e+01 2.23e-02  8e-03  8e-02 154:33.7
  350   4200 -2.670573091055428e-01 8.3e+01 2.31e-02  8e-03  8e-02 156:48.6
  355   4260 -2.671412824217055e-01 8.3e+01 2.26e-02  8e-03  8e-02 159:03.6
  360   4320 -2.673281910630630e-01 8.2e+01 2.87e-02  1e-02  1e-01 161:17.9
  365   4380 -2.674400869919591e-01 8.3e+01 3.52e-02  1e-02  1e-01 163:32.2
  370   4440 -2.676390033986017e-01 8.2e+01 3.60e-02  1e-02  1e-01 165:46.6
  375   4500 -2.677828180484529e-01 7.9e+01 4.33e-02  1e-02  1e-01 168:01.0
  380   4560 -2.678490053112915e-01 7.8e+01 4.16e-02  1e-02  1e-01 170:15.4
  385   4620 -2.682083808002545e-01 7.6e+01 4.62e-02  1e-02  2e-01 172:29.9
  390   4680 -2.682055347746405e-01 7.5e+01 3.86e-02  1e-02  1e-01 174:44.4
  395   4740 -2.682866822364428e-01 7.6e+01 3.32e-02  1e-02  1e-01 176:58.5
  400   4800 -2.685172450968038e-01 7.6e+01 2.96e-02  9e-03  9e-02 179:13.1
  406   4872 -2.685852787918355e-01 7.4e+01 2.47e-02  7e-03  8e-02 181:54.3
  412   4944 -2.687725779475004e-01 7.4e+01 2.41e-02  7e-03  8e-02 184:35.4
  418   5016 -2.687076206677640e-01 7.4e+01 3.08e-02  8e-03  1e-01 187:16.7
  424   5088 -2.689291668477788e-01 7.5e+01 3.17e-02  8e-03  1e-01 189:58.4
  430   5160 -2.690473943856296e-01 7.8e+01 3.97e-02  1e-02  1e-01 192:40.6
  436   5232 -2.694182977570683e-01 8.1e+01 5.01e-02  1e-02  2e-01 195:22.7
  442   5304 -2.700524035257536e-01 8.1e+01 5.83e-02  2e-02  2e-01 198:04.6
  448   5376 -2.700782984552770e-01 8.0e+01 6.13e-02  2e-02  2e-01 200:45.8
  454   5448 -2.702715250815362e-01 7.9e+01 5.47e-02  1e-02  2e-01 203:26.8
  460   5520 -2.704355713472377e-01 7.8e+01 4.88e-02  1e-02  1e-01 206:08.1
  466   5592 -2.705992550383705e-01 7.6e+01 4.23e-02  1e-02  1e-01 208:49.2
  472   5664 -2.709263107294507e-01 7.5e+01 3.62e-02  9e-03  1e-01 211:30.2
  478   5736 -2.709665675472812e-01 7.9e+01 3.39e-02  8e-03  1e-01 214:11.3
  484   5808 -2.711443759076764e-01 7.9e+01 2.78e-02  6e-03  8e-02 216:53.1
  490   5880 -2.712271524972710e-01 7.9e+01 2.86e-02  7e-03  8e-02 219:34.4
  496   5952 -2.713478642608281e-01 8.0e+01 2.45e-02  6e-03  7e-02 222:15.8
  500   6000 -2.714671130201092e-01 8.3e+01 2.74e-02  6e-03  8e-02 224:03.2
  506   6072 -2.717045234786415e-01 7.9e+01 3.97e-02  9e-03  1e-01 226:44.4
  512   6144 -2.719340330028668e-01 7.8e+01 5.84e-02  1e-02  2e-01 229:25.4
  518   6216 -2.719704887863067e-01 7.6e+01 5.31e-02  1e-02  2e-01 232:06.4
  524   6288 -2.722155092849370e-01 7.6e+01 3.65e-02  7e-03  1e-01 234:47.7
  530   6360 -2.724670981446633e-01 7.6e+01 3.64e-02  7e-03  1e-01 237:29.0
  536   6432 -2.727190457739001e-01 8.1e+01 4.49e-02  9e-03  1e-01 240:10.1
  542   6504 -2.728059128930540e-01 8.7e+01 4.30e-02  8e-03  1e-01 242:51.0
  548   6576 -2.729767510594883e-01 8.9e+01 3.85e-02  7e-03  1e-01 245:31.9
  554   6648 -2.731944495388570e-01 9.4e+01 4.20e-02  8e-03  1e-01 248:12.9
  560   6720 -2.734589716740972e-01 1.0e+02 5.79e-02  1e-02  2e-01 250:54.1
  567   6804 -2.735940657981678e-01 1.1e+02 7.04e-02  1e-02  2e-01 254:01.9
  574   6888 -2.738624581260473e-01 1.1e+02 5.24e-02  9e-03  2e-01 257:09.4
  581   6972 -2.741400675744150e-01 1.1e+02 4.35e-02  7e-03  1e-01 260:17.1
  588   7056 -2.742125840113892e-01 1.1e+02 5.51e-02  9e-03  2e-01 263:24.8
  595   7140 -2.744471915319396e-01 1.1e+02 5.35e-02  8e-03  2e-01 266:32.5
  600   7200 -2.744712576673657e-01 1.2e+02 5.52e-02  8e-03  2e-01 268:46.6
  607   7284 -2.745782973622619e-01 1.2e+02 5.31e-02  8e-03  2e-01 271:54.3
  614   7368 -2.747998735534289e-01 1.2e+02 4.47e-02  6e-03  2e-01 275:02.1
  621   7452 -2.748706546434072e-01 1.1e+02 3.71e-02  5e-03  1e-01 278:10.0
  628   7536 -2.750074233440302e-01 1.3e+02 3.94e-02  5e-03  1e-01 281:17.9
  635   7620 -2.751223779970663e-01 1.3e+02 3.87e-02  5e-03  1e-01 284:25.6
  642   7704 -2.752368147441926e-01 1.3e+02 4.24e-02  5e-03  1e-01 287:33.6
  649   7788 -2.752641484404770e-01 1.3e+02 4.79e-02  6e-03  2e-01 290:41.5
  656   7872 -2.754632112004588e-01 1.3e+02 5.17e-02  6e-03  2e-01 293:49.3
  663   7956 -2.754396607181011e-01 1.4e+02 4.97e-02  6e-03  2e-01 296:57.2
  670   8040 -2.755938427566289e-01 1.5e+02 4.15e-02  5e-03  1e-01 300:05.1
  677   8124 -2.756110405040831e-01 1.6e+02 2.90e-02  3e-03  1e-01 303:12.8
  684   8208 -2.756628681398111e-01 1.6e+02 2.50e-02  3e-03  9e-02 306:20.7
  691   8292 -2.756774933537056e-01 1.6e+02 2.27e-02  2e-03  8e-02 309:28.6
  698   8376 -2.756911183426481e-01 1.7e+02 2.16e-02  2e-03  7e-02 312:36.2
  700   8400 -2.756867053436580e-01 1.7e+02 1.94e-02  2e-03  7e-02 313:30.0
  707   8484 -2.757009672881525e-01 1.7e+02 1.63e-02  1e-03  5e-02 316:37.9
  714   8568 -2.757167604076629e-01 1.6e+02 1.68e-02  2e-03  6e-02 319:45.7
  721   8652 -2.757221666182468e-01 1.7e+02 1.70e-02  1e-03  6e-02 322:53.5
  728   8736 -2.757356644053919e-01 1.7e+02 1.71e-02  1e-03  6e-02 326:01.3
  735   8820 -2.757328457371631e-01 1.7e+02 2.23e-02  2e-03  7e-02 329:08.8
  743   8916 -2.757531953079665e-01 1.7e+02 1.96e-02  2e-03  6e-02 332:43.4
  751   9012 -2.757733214894870e-01 1.8e+02 1.98e-02  2e-03  6e-02 336:13.6
  759   9108 -2.757727700521213e-01 1.9e+02 1.73e-02  1e-03  5e-02 339:40.9
  767   9204 -2.757867639537940e-01 1.9e+02 1.63e-02  1e-03  5e-02 343:08.6
  775   9300 -2.758013308759397e-01 1.8e+02 1.77e-02  1e-03  6e-02 346:36.7
  783   9396 -2.758096248614203e-01 1.8e+02 1.87e-02  1e-03  6e-02 350:04.6
  791   9492 -2.758208138320158e-01 1.8e+02 1.73e-02  1e-03  5e-02 353:32.4
  799   9588 -2.758410267561802e-01 2.0e+02 2.28e-02  1e-03  7e-02 356:59.9
  800   9600 -2.758417082736774e-01 2.0e+02 2.49e-02  2e-03  8e-02 357:26.0
  808   9696 -2.758552755443373e-01 2.1e+02 2.92e-02  2e-03  1e-01 360:53.5
  816   9792 -2.758830928799925e-01 2.2e+02 2.26e-02  1e-03  8e-02 364:21.2
  824   9888 -2.759041147203726e-01 2.2e+02 2.61e-02  2e-03  9e-02 367:48.9
  832   9984 -2.759233099673576e-01 2.3e+02 3.08e-02  2e-03  1e-01 371:16.4
  840  10080 -2.759460243745722e-01 2.3e+02 3.69e-02  2e-03  1e-01 374:43.5
  848  10176 -2.759964250589103e-01 2.3e+02 3.93e-02  2e-03  1e-01 378:10.6
  856  10272 -2.760187377881632e-01 2.4e+02 3.55e-02  2e-03  1e-01 381:37.9
  864  10368 -2.760456541438291e-01 2.5e+02 3.66e-02  2e-03  1e-01 385:05.5
  872  10464 -2.760605579921332e-01 2.5e+02 4.19e-02  2e-03  2e-01 388:33.9
  880  10560 -2.761032416270564e-01 2.6e+02 4.34e-02  2e-03  2e-01 392:01.6
  888  10656 -2.761312789013700e-01 2.7e+02 3.88e-02  2e-03  2e-01 395:28.8
  897  10764 -2.761841373856119e-01 2.8e+02 4.59e-02  2e-03  2e-01 399:22.0
  900  10800 -2.761788639468451e-01 2.9e+02 4.27e-02  2e-03  2e-01 400:39.7
  909  10908 -2.761980217846842e-01 3.1e+02 3.86e-02  2e-03  2e-01 404:33.0
  918  11016 -2.762468734610065e-01 3.2e+02 3.09e-02  1e-03  1e-01 408:25.7
  927  11124 -2.762852743659726e-01 3.2e+02 3.27e-02  1e-03  1e-01 412:19.0
  936  11232 -2.763250510066123e-01 3.5e+02 3.23e-02  1e-03  1e-01 416:11.9
  945  11340 -2.763776854773016e-01 3.4e+02 3.27e-02  1e-03  1e-01 420:05.2
  954  11448 -2.764182749992336e-01 3.5e+02 4.11e-02  2e-03  2e-01 423:58.4
  963  11556 -2.764455960293397e-01 3.6e+02 3.58e-02  1e-03  2e-01 427:51.7
  972  11664 -2.765057013829006e-01 3.5e+02 3.41e-02  1e-03  2e-01 431:45.3
  981  11772 -2.765248152929661e-01 3.4e+02 3.15e-02  1e-03  1e-01 435:39.1
  990  11880 -2.765141372974859e-01 3.4e+02 2.89e-02  1e-03  1e-01 439:32.8
  999  11988 -2.765394785333941e-01 3.3e+02 1.97e-02  7e-04  8e-02 443:26.1
 1000  12000 -2.765427325828119e-01 3.3e+02 2.01e-02  7e-04  8e-02 443:52.1
Budget constraint satisfied 5573.96728515625 5938 Difference:  364.03271484375
Budget constraint satisfied 5349.27978515625 5938 Difference:  588.72021484375
two_most_probable_states: ['0000110000', '0000100000']
final_expectation_value: -0.27654273258281187
params: [2.185940723081578, 4.685455295275171, 1.2970312685279608, 7.125308504703963, 9.586342730813643, -2.0067240148200094, 1.7515460793339523, 0.18841248952135667, 17.42898920371836, 8.807275053997026, 2.655535970248283, 1.4385747277637049, 1.4600998315895106, -0.12528244546582926, 2.142757980176049, 2.9895162929489043, 0.6403941998696416, 3.5166779902022176, 1.512147439334014, 1.5782255132509564]
total_steps: 1000
states_probs: [0.007139087220976975, 0.007246148521962233]
optimized_portfolios: [{'CRM': 16, 'HON': 1}, {'CRM': 16, 'HON': 0}]
objective_values: [-3990.235786953922, -3987.8983465351985]
result_with_budget: [{'portfolio': {'CRM': 16, 'HON': 1}, 'budget': 5573.96728515625, 'difference': 364.03271484375}, {'portfolio': {'CRM': 16, 'HON': 0}, 'budget': 5349.27978515625, 'difference': 588.72021484375}]
Batch 48/100 completed. Results saved to portfolio_optimization_results_batch_47.json
Job finished at Fri Mar 21 23:29:11 EET 2025
