Running job array 21 on pe78.int.triton.aalto.fi
Starting at Fri Mar 14 10:12:04 EET 2025
Activating virtual environment at /scratch/work/uotilav2/quantum-portfolio/venv
Processing batch 22/30: experiments 315 to 329 (total 15)
Processing experiment 315
Budget: 267.3499984741211
YF.download() has changed argument auto_adjust default to True
Expected returns: 0.10814550469693032
Covariance matrix: 0.22336277977854488
3rd-order coskewness tensor: 0.33645103728379405
4th-order cokurtosis tensor: 6.397528435310777
Number of qubits for asset AMGN: 1
Number of qubits for asset BA: 1
Number of qubits for asset IBM: 1
Number of qubits for asset PG: 1
Number of qubits for asset TRV: 1
Number of qubits for asset WMT: 2
Total number of qubits:  7
Optimized Weights (considering variance, skewness and kurtosis):
AMGN: 31.91%
BA: 21.19%
IBM: 10.46%
PG: 5.41%
TRV: 2.80%
WMT: 28.23%
Left over budget:  -6.588069254576112e-07
Optimized Discrete Allocation:
BA: 1
WMT: 1
Maximized utility from continuous higher moments:  -8.568178806669593
Budget constraint satisfied 267.3499984741211 267.3499984741211 Difference:  0.0
Budget constraint satisfied 258.5511779785156 267.3499984741211 Difference:  8.798820495605469
smallest_eigenvalues: [-0.06720698903153506]
smallest_bitstrings: ['0100010']
first_excited_energy: -0.06714774817758891
optimized_portfolio: [{'AMGN': 0, 'BA': 1, 'IBM': 0, 'PG': 0, 'TRV': 0, 'WMT': 1}]
second_optimized_portfolio: [{'AMGN': 1, 'BA': 0, 'IBM': 0, 'PG': 0, 'TRV': 0, 'WMT': 0}]
result_with_budget: [{'portfolio': {'AMGN': 0, 'BA': 1, 'IBM': 0, 'PG': 0, 'TRV': 0, 'WMT': 1}, 'budget': 267.3499984741211, 'difference': 0.0, 'objective_value': -8.568178806669593}]
result_with_budget_excited: [{'portfolio': {'AMGN': 1, 'BA': 0, 'IBM': 0, 'PG': 0, 'TRV': 0, 'WMT': 0}, 'budget': 258.5511779785156, 'difference': 8.798820495605469, 'objective_value': -2.02332003107502}]
Initial params:  [0.27372477 0.06351797 2.61575239 2.44465153 2.73322377 3.07442019
 2.51063067 1.44978017 2.45210473 0.37157007 2.01037118 0.45035763
 2.96776493 1.63943485]
(5_w,11)-aCMA-ES (mu_w=3.4,w_1=42%) in dimension 14 (seed=1112814, Fri Mar 14 10:12:22 2025)
Iterat #Fevals   function value  axis ratio  sigma  min&max std  t[m:s]
    1     11 -2.243543699414125e-02 1.0e+00 1.41e+00  1e+00  1e+00 0:04.4
    2     22 -1.109352792102174e-02 1.1e+00 1.39e+00  1e+00  1e+00 0:08.6
    3     33 -2.232647195265699e-02 1.2e+00 1.39e+00  1e+00  1e+00 0:13.0
    4     44 2.282660567065111e-03 1.3e+00 1.32e+00  1e+00  1e+00 0:17.3
    5     55 4.742153847423598e-03 1.3e+00 1.21e+00  1e+00  1e+00 0:21.5
    7     77 -2.001781410093902e-02 1.4e+00 1.15e+00  1e+00  1e+00 0:30.0
    9     99 1.761313355865146e-02 1.4e+00 1.14e+00  1e+00  1e+00 0:38.7
   11    121 -2.626814166159677e-02 1.4e+00 1.09e+00  1e+00  1e+00 0:47.2
   13    143 -1.749041232721319e-02 1.5e+00 1.17e+00  1e+00  1e+00 0:55.8
   16    176 -3.359060726424060e-02 1.6e+00 1.18e+00  1e+00  1e+00 1:08.7
   19    209 2.174871463679127e-02 1.7e+00 1.22e+00  1e+00  1e+00 1:21.6
   22    242 -3.278543537820371e-02 1.7e+00 1.40e+00  1e+00  2e+00 1:34.4
   25    275 -2.154226643052155e-02 1.8e+00 1.36e+00  1e+00  2e+00 1:47.2
   29    319 -1.087808426876912e-02 2.0e+00 1.40e+00  1e+00  2e+00 2:04.3
   33    363 6.239040609301061e-03 2.1e+00 1.22e+00  1e+00  1e+00 2:21.4
   37    407 -3.215664984202473e-02 2.2e+00 9.59e-01  8e-01  1e+00 2:38.5
   41    451 -3.318386753390430e-02 2.1e+00 9.62e-01  8e-01  1e+00 2:55.8
   45    495 -2.773779852878492e-02 2.2e+00 9.73e-01  8e-01  1e+00 3:13.0
   50    550 -3.320229732183803e-02 2.2e+00 8.58e-01  7e-01  1e+00 3:34.5
   55    605 -3.004537796403857e-02 2.4e+00 7.98e-01  6e-01  9e-01 3:55.8
   60    660 -1.968472376198802e-02 2.6e+00 6.84e-01  5e-01  7e-01 4:17.0
   65    715 -4.558214606530226e-02 2.7e+00 7.52e-01  5e-01  8e-01 4:38.3
   71    781 -2.773945346826790e-02 2.8e+00 6.65e-01  4e-01  7e-01 5:03.8
   77    847 -3.225348211602729e-02 3.0e+00 6.49e-01  4e-01  7e-01 5:29.3
   83    913 -3.391264855546175e-02 3.3e+00 6.22e-01  4e-01  7e-01 5:54.8
   89    979 -3.445211609044883e-02 3.4e+00 4.71e-01  3e-01  5e-01 6:20.3
   96   1056 -3.075500535937480e-02 3.8e+00 4.43e-01  2e-01  5e-01 6:50.2
  100   1100 -3.044014211750480e-02 4.0e+00 4.05e-01  2e-01  5e-01 7:07.2
  107   1177 -3.956546716678982e-02 4.2e+00 3.92e-01  2e-01  4e-01 7:36.9
  114   1254 -4.332053577309863e-02 4.5e+00 3.93e-01  2e-01  5e-01 8:06.8
  122   1342 -3.519531762694110e-02 4.7e+00 3.13e-01  1e-01  4e-01 8:40.9
  130   1430 -4.594822192853791e-02 4.9e+00 2.62e-01  1e-01  3e-01 9:15.0
  138   1518 -4.315176842812549e-02 5.4e+00 2.89e-01  1e-01  3e-01 9:49.0
  146   1606 -4.938235441618131e-02 6.0e+00 2.20e-01  9e-02  2e-01 10:23.1
  154   1694 -4.968939060941395e-02 7.2e+00 1.89e-01  7e-02  2e-01 10:57.1
  163   1793 -4.967759218785554e-02 8.1e+00 1.18e-01  4e-02  1e-01 11:35.5
  172   1892 -5.038548251752520e-02 9.4e+00 7.18e-02  2e-02  8e-02 12:13.8
  181   1991 -5.106016431426116e-02 1.0e+01 9.59e-02  3e-02  1e-01 12:52.2
  190   2090 -5.189237721983399e-02 1.2e+01 9.26e-02  3e-02  1e-01 13:30.5
  200   2200 -5.313638468870926e-02 1.5e+01 1.09e-01  3e-02  1e-01 14:13.1
  210   2310 -5.452850005168299e-02 1.7e+01 1.44e-01  4e-02  2e-01 14:55.7
  220   2420 -5.454435128363469e-02 1.7e+01 1.04e-01  3e-02  1e-01 15:38.3
  230   2530 -5.582176950505658e-02 2.1e+01 1.27e-01  3e-02  2e-01 16:20.9
  241   2651 -5.615807953154071e-02 2.3e+01 1.13e-01  3e-02  2e-01 17:07.7
  252   2772 -5.699236599016497e-02 2.7e+01 8.72e-02  2e-02  1e-01 17:54.5
  263   2893 -5.724488180259946e-02 2.9e+01 8.63e-02  2e-02  1e-01 18:41.4
  274   3014 -5.751941494272992e-02 3.3e+01 1.09e-01  3e-02  2e-01 19:28.3
  286   3146 -5.799936682343759e-02 3.5e+01 8.87e-02  2e-02  1e-01 20:19.4
  298   3278 -5.795658758669137e-02 3.4e+01 7.36e-02  2e-02  1e-01 21:10.4
  300   3300 -5.806998383421132e-02 3.4e+01 6.87e-02  2e-02  9e-02 21:18.9
  312   3432 -5.827944861061969e-02 4.7e+01 7.38e-02  2e-02  1e-01 22:10.1
  324   3564 -5.840567658569523e-02 5.2e+01 5.12e-02  1e-02  8e-02 23:01.2
  337   3707 -5.855997799710590e-02 6.1e+01 4.15e-02  8e-03  7e-02 23:56.5
  350   3850 -5.873917479418821e-02 9.0e+01 4.86e-02  8e-03  1e-01 24:51.8
  363   3993 -5.886490021952459e-02 1.0e+02 5.34e-02  9e-03  1e-01 25:47.1
  376   4136 -5.899866446672615e-02 1.1e+02 5.04e-02  8e-03  1e-01 26:42.4
  390   4290 -5.908390937777210e-02 1.2e+02 3.20e-02  5e-03  7e-02 27:42.0
  400   4400 -5.910614422772693e-02 1.1e+02 2.69e-02  4e-03  6e-02 28:24.6
  414   4554 -5.911905764782884e-02 1.2e+02 3.20e-02  5e-03  6e-02 29:24.2
  428   4708 -5.915291115157110e-02 1.2e+02 3.59e-02  5e-03  7e-02 30:23.7
  443   4873 -5.918610300998087e-02 1.3e+02 3.92e-02  5e-03  9e-02 31:27.5
  458   5038 -5.920310928743058e-02 1.5e+02 3.92e-02  5e-03  9e-02 32:31.3
  473   5203 -5.923293657821573e-02 1.5e+02 2.75e-02  3e-03  6e-02 33:35.2
  488   5368 -5.925812867687795e-02 1.7e+02 5.53e-02  6e-03  1e-01 34:39.0
  500   5500 -5.926833687664990e-02 1.8e+02 7.11e-02  8e-03  1e-01 35:30.2
  516   5676 -5.928996534640233e-02 1.9e+02 3.54e-02  4e-03  7e-02 36:38.3
  532   5852 -5.929281547937734e-02 3.0e+02 6.05e-02  6e-03  2e-01 37:46.6
  548   6028 -5.930939621890614e-02 3.0e+02 2.78e-02  3e-03  7e-02 38:54.9
  564   6204 -5.931590873599317e-02 3.2e+02 3.16e-02  3e-03  7e-02 40:03.1
  581   6391 -5.931882128342389e-02 3.0e+02 2.11e-02  2e-03  4e-02 41:15.6
  598   6578 -5.931973611576728e-02 3.0e+02 1.16e-02  9e-04  2e-02 42:28.2
  600   6600 -5.931978351461882e-02 3.0e+02 1.18e-02  9e-04  2e-02 42:36.8
  617   6787 -5.932095592520909e-02 3.1e+02 2.28e-02  2e-03  4e-02 43:49.3
  635   6985 -5.932330844904997e-02 3.5e+02 2.39e-02  2e-03  5e-02 45:06.0
  653   7183 -5.937148037827321e-02 6.0e+02 8.92e-02  7e-03  3e-01 46:22.9
  672   7392 -5.942150939627065e-02 5.2e+02 9.35e-02  7e-03  3e-01 47:41.2
  691   7601 -5.946545500245533e-02 4.6e+02 6.99e-02  4e-03  2e-01 48:59.2
  700   7700 -5.948407218368543e-02 4.6e+02 6.67e-02  4e-03  1e-01 49:36.1
  720   7920 -5.953880028032938e-02 5.8e+02 1.12e-01  6e-03  3e-01 50:58.0
  740   8140 -5.971020463129777e-02 7.9e+02 2.50e-01  1e-02  1e+00 52:19.9
  760   8360 -6.015727858120395e-02 1.0e+03 5.16e-01  2e-02  3e+00 53:41.7
  780   8580 -6.039129981893382e-02 9.3e+02 4.25e-01  1e-02  2e+00 55:03.6
  800   8800 -6.061173671304142e-02 7.1e+02 2.47e-01  4e-03  9e-01 56:25.1
  821   9031 -6.079934178496401e-02 6.5e+02 1.86e-01  3e-03  6e-01 57:50.8
  842   9262 -6.085102988933473e-02 5.5e+02 2.46e-01  3e-03  7e-01 59:16.4
  863   9493 -6.088468776722560e-02 4.9e+02 1.51e-01  1e-03  3e-01 60:42.1
  885   9735 -6.091042351455651e-02 4.9e+02 1.41e-01  1e-03  3e-01 62:12.0
  900   9900 -6.092671297501058e-02 6.0e+02 1.59e-01  1e-03  4e-01 63:13.1
  922  10142 -6.094608742023435e-02 7.0e+02 1.13e-01  8e-04  3e-01 64:42.9
  944  10384 -6.095053026732149e-02 7.2e+02 6.48e-02  4e-04  1e-01 66:12.6
  967  10637 -6.095147745062560e-02 8.5e+02 1.63e-02  9e-05  3e-02 67:46.5
  990  10890 -6.095152942169360e-02 8.5e+02 6.53e-03  3e-05  1e-02 69:20.4
 1000  11000 -6.095153564564583e-02 8.4e+02 6.55e-03  3e-05  1e-02 70:01.1
Job finished at Fri Mar 14 11:23:10 EET 2025
