Running job array 4 on pe45.int.triton.aalto.fi
Starting at Sat Mar 15 11:22:32 EET 2025
Activating virtual environment at /scratch/work/uotilav2/quantum-portfolio/venv
Processing batch 5/30: experiments 60 to 74 (total 15)
Skipping experiment 60 (already processed)
Skipping experiment 61 (already processed)
Skipping experiment 62 (already processed)
Skipping experiment 63 (already processed)
Processing experiment 64
Budget: 2933.6806602478027
YF.download() has changed argument auto_adjust default to True
Expected returns: 0.27413980107414526
Covariance matrix: 0.23276497418496578
3rd-order coskewness tensor: -0.003052905799491391
4th-order cokurtosis tensor: 5.303621169360721
Number of qubits for asset AAPL: 4
Number of qubits for asset VZ: 7
Total number of qubits:  11
Optimized Weights (considering variance, skewness and kurtosis):
AAPL: 51.37%
VZ: 48.63%
Left over budget:  18.236885947727842
Optimized Discrete Allocation:
AAPL: 6
VZ: 36
Maximized utility from continuous higher moments:  -1176584.637887604
Budget constraint satisfied 2908.7695922851562 2933.6806602478027 Difference:  24.911067962646484
Budget constraint not satisfied 2948.0633125305176 2933.6806602478027 Difference:  -14.382652282714844
smallest_eigenvalues: [-0.014386510418965114]
smallest_bitstrings: ['11010010000']
first_excited_energy: -0.014386430277754898
optimized_portfolio: [{'AAPL': 11, 'VZ': 4}]
second_optimized_portfolio: [{'AAPL': 11, 'VZ': 5}]
result_with_budget: [{'portfolio': {'AAPL': 11, 'VZ': 4}, 'budget': 2908.7695922851562, 'difference': 24.911067962646484, 'objective_value': -10186.851418825605}]
result_with_budget_excited: [{'portfolio': {'AAPL': 11, 'VZ': 5}, 'budget': 2948.0633125305176, 'difference': -14.382652282714844, 'objective_value': -10346.973476385065}]
Initial params:  [2.51063067 1.44978017 2.45210473 0.37157007 2.01037118 0.45035763
 2.96776493 1.63943485 1.3026989  0.83112597 2.43232687 1.43303853
 1.78578792 0.0590299  1.94035914 1.92295543 1.93815531 2.96487203
 2.14200164 1.12942738]
(6_w,12)-aCMA-ES (mu_w=3.7,w_1=40%) in dimension 20 (seed=54547, Sat Mar 15 11:22:56 2025)
Iterat #Fevals   function value  axis ratio  sigma  min&max std  t[m:s]
    1     12 8.873884518080309e-02 1.0e+00 1.45e+00  1e+00  1e+00 0:43.1
    2     24 7.417625256049601e-02 1.1e+00 1.41e+00  1e+00  1e+00 1:26.2
    3     36 9.510131937466255e-02 1.1e+00 1.37e+00  1e+00  1e+00 2:09.5
    4     48 5.287012254093161e-02 1.2e+00 1.36e+00  1e+00  1e+00 2:52.8
    5     60 4.938758513894351e-02 1.2e+00 1.36e+00  1e+00  1e+00 3:36.0
    6     72 6.973373486203541e-02 1.2e+00 1.41e+00  1e+00  1e+00 4:19.5
    7     84 1.000747581949389e-01 1.2e+00 1.42e+00  1e+00  1e+00 5:02.8
    8     96 9.320185170369338e-02 1.2e+00 1.45e+00  1e+00  1e+00 5:46.0
    9    108 9.132265960413395e-02 1.3e+00 1.44e+00  1e+00  1e+00 6:29.3
   10    120 7.690696006977529e-02 1.3e+00 1.44e+00  1e+00  1e+00 7:12.8
   11    132 1.176062178309390e-01 1.4e+00 1.42e+00  1e+00  1e+00 7:56.1
   12    144 4.910331774447931e-02 1.4e+00 1.47e+00  1e+00  2e+00 8:39.4
   13    156 6.883625059953043e-02 1.4e+00 1.51e+00  1e+00  2e+00 9:22.5
   14    168 6.936112045832003e-02 1.5e+00 1.58e+00  1e+00  2e+00 10:05.7
   15    180 1.170039344883142e-01 1.5e+00 1.65e+00  2e+00  2e+00 10:49.1
   16    192 5.678861626991207e-02 1.5e+00 1.71e+00  2e+00  2e+00 11:32.5
   17    204 9.099973569098735e-02 1.5e+00 1.69e+00  2e+00  2e+00 12:15.7
   18    216 7.972496772638533e-02 1.5e+00 1.68e+00  2e+00  2e+00 12:59.0
   19    228 6.952062180894718e-02 1.6e+00 1.71e+00  2e+00  2e+00 13:42.1
   20    240 9.389131883628360e-02 1.6e+00 1.82e+00  2e+00  2e+00 14:25.4
   21    252 7.309670558041001e-02 1.7e+00 1.92e+00  2e+00  2e+00 15:08.8
   22    264 1.029394752040006e-01 1.7e+00 1.96e+00  2e+00  2e+00 15:51.8
   23    276 1.190373139336397e-01 1.7e+00 1.99e+00  2e+00  2e+00 16:34.8
   24    288 7.862707167285925e-02 1.8e+00 1.96e+00  2e+00  2e+00 17:18.0
   25    300 5.340245066735545e-02 1.8e+00 1.91e+00  2e+00  2e+00 18:01.2
   26    312 9.936827601666683e-02 1.8e+00 1.83e+00  2e+00  2e+00 18:44.4
   27    324 7.373250902061496e-02 1.8e+00 1.77e+00  2e+00  2e+00 19:27.6
   28    336 8.332435838082858e-02 1.8e+00 1.77e+00  2e+00  2e+00 20:10.7
   29    348 6.759874932607450e-02 1.9e+00 1.78e+00  2e+00  2e+00 20:53.9
   30    360 8.257704655132414e-02 1.9e+00 1.79e+00  2e+00  2e+00 21:37.0
   31    372 1.136474800264356e-01 1.9e+00 1.83e+00  2e+00  2e+00 22:20.1
   32    384 6.778675212978245e-02 1.9e+00 1.83e+00  2e+00  2e+00 23:03.3
   33    396 8.818738829796700e-02 1.9e+00 1.80e+00  2e+00  2e+00 23:46.2
   34    408 5.980856701630097e-02 1.9e+00 1.77e+00  2e+00  2e+00 24:29.1
   35    420 9.270167456839525e-02 1.9e+00 1.71e+00  2e+00  2e+00 25:10.9
   36    432 9.871837769905287e-02 1.9e+00 1.64e+00  1e+00  2e+00 25:52.6
   37    444 4.317220538747513e-02 1.9e+00 1.61e+00  1e+00  2e+00 26:34.3
   38    456 8.323989562701557e-02 1.9e+00 1.58e+00  1e+00  2e+00 27:16.2
   39    468 3.114400245617151e-02 2.0e+00 1.59e+00  1e+00  2e+00 27:58.0
   40    480 8.533571873028886e-02 2.0e+00 1.65e+00  1e+00  2e+00 28:39.8
   41    492 8.022796350026133e-02 2.0e+00 1.67e+00  2e+00  2e+00 29:21.5
   42    504 5.339482365267480e-02 2.0e+00 1.65e+00  1e+00  2e+00 30:03.3
   44    528 6.274805962459823e-02 2.0e+00 1.61e+00  1e+00  2e+00 31:26.8
   46    552 7.965159501037676e-02 2.0e+00 1.72e+00  2e+00  2e+00 32:50.2
   48    576 9.424679451277114e-02 2.0e+00 1.72e+00  2e+00  2e+00 34:14.0
   50    600 4.296887423546321e-02 2.0e+00 1.70e+00  2e+00  2e+00 35:37.4
   52    624 7.707621416439593e-02 2.0e+00 1.74e+00  2e+00  2e+00 37:00.6
   54    648 9.256564490953367e-02 2.1e+00 1.66e+00  2e+00  2e+00 38:23.9
   56    672 6.159495121405800e-02 2.1e+00 1.74e+00  2e+00  2e+00 39:47.3
   58    696 4.498613217580116e-02 2.1e+00 1.96e+00  2e+00  2e+00 41:11.1
   60    720 6.332558784445441e-02 2.1e+00 2.19e+00  2e+00  3e+00 42:34.6
   62    744 7.371167711274930e-02 2.2e+00 2.24e+00  2e+00  3e+00 43:58.3
   64    768 4.367822224477411e-02 2.2e+00 2.34e+00  2e+00  3e+00 45:22.0
   66    792 9.502525898520728e-02 2.2e+00 2.27e+00  2e+00  3e+00 46:45.7
   68    816 6.255491937371317e-02 2.2e+00 2.45e+00  2e+00  3e+00 48:09.7
   70    840 8.725243318486256e-02 2.3e+00 2.46e+00  2e+00  3e+00 49:33.5
   72    864 4.404681609958740e-02 2.3e+00 2.60e+00  2e+00  3e+00 50:57.2
   74    888 5.089566482790617e-02 2.4e+00 2.94e+00  3e+00  3e+00 52:20.8
   76    912 1.222447281084139e-01 2.5e+00 3.17e+00  3e+00  4e+00 53:44.2
   78    936 7.575672953143367e-02 2.6e+00 3.14e+00  3e+00  4e+00 55:08.2
   80    960 7.930553373844378e-02 2.7e+00 3.19e+00  3e+00  4e+00 56:32.1
   82    984 8.074440052774856e-02 2.7e+00 3.18e+00  3e+00  4e+00 57:55.7
   84   1008 9.706858298563344e-02 2.7e+00 3.14e+00  3e+00  4e+00 59:19.2
   86   1032 1.410408823417005e-01 2.7e+00 2.97e+00  3e+00  3e+00 60:42.6
   88   1056 1.299247005345706e-01 2.8e+00 2.73e+00  2e+00  3e+00 62:05.9
   90   1080 8.623565747957100e-02 2.8e+00 2.68e+00  2e+00  3e+00 63:29.1
   92   1104 1.496068892933487e-01 2.8e+00 2.85e+00  2e+00  3e+00 64:52.5
   94   1128 5.387987536712163e-02 2.8e+00 2.73e+00  2e+00  3e+00 66:15.5
   96   1152 1.138191287190730e-01 2.8e+00 2.64e+00  2e+00  3e+00 67:38.9
   98   1176 9.319913269881788e-02 2.8e+00 2.53e+00  2e+00  3e+00 69:02.2
  100   1200 1.301169509996212e-01 2.9e+00 2.49e+00  2e+00  3e+00 70:25.8
  102   1224 1.041105570255852e-01 2.9e+00 2.41e+00  2e+00  3e+00 71:49.4
  104   1248 1.103638776041603e-01 3.0e+00 2.39e+00  2e+00  3e+00 73:12.8
  106   1272 1.555327651070830e-01 3.0e+00 2.45e+00  2e+00  3e+00 74:36.1
  108   1296 1.136961652869609e-01 3.0e+00 2.42e+00  2e+00  3e+00 75:59.7
  110   1320 1.157785460884339e-01 3.0e+00 2.48e+00  2e+00  3e+00 77:22.9
  112   1344 9.309575188994812e-02 3.0e+00 2.58e+00  2e+00  3e+00 78:46.2
  114   1368 1.285315379290708e-01 3.0e+00 2.52e+00  2e+00  3e+00 80:09.5
  116   1392 8.502646473595889e-02 3.0e+00 2.35e+00  2e+00  3e+00 81:33.2
  118   1416 1.028946143904704e-01 2.9e+00 2.27e+00  2e+00  3e+00 82:56.7
  120   1440 1.345878050975868e-01 3.0e+00 2.16e+00  2e+00  3e+00 84:20.1
  122   1464 1.135151933827322e-01 3.0e+00 2.31e+00  2e+00  3e+00 85:43.5
  124   1488 7.805346691761729e-02 3.1e+00 2.31e+00  2e+00  3e+00 87:07.1
  126   1512 1.007462466383028e-01 3.1e+00 2.40e+00  2e+00  3e+00 88:30.7
  129   1548 1.093056614900417e-01 3.1e+00 2.53e+00  2e+00  3e+00 90:35.8
  132   1584 9.282106162589389e-02 3.1e+00 2.45e+00  2e+00  3e+00 92:40.8
  135   1620 1.175355931595824e-01 3.2e+00 2.41e+00  2e+00  3e+00 94:45.9
  138   1656 9.063716070387365e-02 3.3e+00 2.41e+00  2e+00  3e+00 96:51.2
  141   1692 1.439284245203381e-01 3.3e+00 2.53e+00  2e+00  3e+00 98:56.7
  144   1728 1.045690185839867e-01 3.4e+00 2.50e+00  2e+00  3e+00 101:02.1
  147   1764 9.276039841221011e-02 3.6e+00 2.53e+00  2e+00  3e+00 103:07.1
  150   1800 1.413839157114073e-01 3.7e+00 2.41e+00  2e+00  3e+00 105:12.4
  153   1836 1.204004935180086e-01 3.9e+00 2.41e+00  2e+00  3e+00 107:17.5
  156   1872 1.291023804670581e-01 3.9e+00 2.39e+00  2e+00  3e+00 109:22.7
  159   1908 1.214626008184376e-01 4.0e+00 2.35e+00  2e+00  3e+00 111:28.0
  162   1944 1.320852283128115e-01 3.9e+00 2.21e+00  2e+00  3e+00 113:33.4
  165   1980 9.946353673997427e-02 4.0e+00 2.01e+00  2e+00  3e+00 115:38.5
  168   2016 1.548112268001776e-01 3.9e+00 1.99e+00  2e+00  3e+00 117:44.3
  171   2052 1.416951102750573e-01 3.9e+00 2.11e+00  2e+00  3e+00 119:49.5
  174   2088 8.878095030382133e-02 3.9e+00 1.99e+00  2e+00  3e+00 121:54.6
  177   2124 1.263675414499139e-01 3.9e+00 1.77e+00  1e+00  2e+00 124:00.1
  180   2160 1.302965334121341e-01 3.9e+00 1.76e+00  1e+00  2e+00 126:05.4
  183   2196 1.505551935396295e-01 3.9e+00 1.61e+00  1e+00  2e+00 128:10.8
  186   2232 1.183256799679903e-01 4.1e+00 1.64e+00  1e+00  2e+00 130:16.2
  189   2268 1.768024427547450e-01 4.0e+00 1.52e+00  1e+00  2e+00 132:21.4
  192   2304 1.024622503323014e-01 4.1e+00 1.30e+00  1e+00  2e+00 134:27.0
  195   2340 1.018259337332913e-01 4.1e+00 1.16e+00  9e-01  1e+00 136:32.1
  198   2376 1.500599200587182e-01 4.0e+00 1.14e+00  8e-01  1e+00 138:37.7
  200   2400 1.354215453071720e-01 4.0e+00 1.21e+00  9e-01  2e+00 140:01.1
  203   2436 1.093572270243862e-01 4.1e+00 1.24e+00  9e-01  2e+00 142:06.9
  206   2472 1.148309582229576e-01 4.1e+00 1.16e+00  8e-01  1e+00 144:12.2
  209   2508 1.244864862327400e-01 4.1e+00 1.07e+00  8e-01  1e+00 146:17.7
  212   2544 1.102488931522283e-01 4.1e+00 1.05e+00  7e-01  1e+00 148:23.0
  215   2580 1.487553655089597e-01 4.1e+00 1.18e+00  9e-01  1e+00 150:28.1
  218   2616 1.205068662812062e-01 4.1e+00 1.36e+00  1e+00  2e+00 152:33.7
  221   2652 1.337428106386198e-01 4.1e+00 1.46e+00  1e+00  2e+00 154:39.2
  224   2688 1.123864835184267e-01 4.0e+00 1.53e+00  1e+00  2e+00 156:44.6
  227   2724 1.309416923050894e-01 4.0e+00 1.52e+00  1e+00  2e+00 158:50.4
  230   2760 1.346180415373575e-01 4.0e+00 1.68e+00  1e+00  2e+00 160:55.9
  233   2796 1.506833121106305e-01 4.1e+00 1.59e+00  1e+00  2e+00 163:01.4
  236   2832 1.119840296247500e-01 4.2e+00 1.40e+00  1e+00  2e+00 165:06.8
  239   2868 1.064934484873931e-01 4.2e+00 1.51e+00  1e+00  2e+00 167:11.7
  242   2904 1.222473362366458e-01 4.3e+00 1.48e+00  1e+00  2e+00 169:16.7
  245   2940 1.022539971011940e-01 4.4e+00 1.41e+00  1e+00  2e+00 171:21.6
  248   2976 1.222838973471457e-01 4.4e+00 1.51e+00  1e+00  2e+00 173:26.7
  252   3024 1.514738630879281e-01 4.5e+00 1.66e+00  1e+00  2e+00 176:13.2
  256   3072 1.625617471727292e-01 4.4e+00 1.64e+00  1e+00  2e+00 178:59.9
  260   3120 1.069153605163837e-01 4.4e+00 1.54e+00  1e+00  2e+00 181:46.8
  264   3168 1.413140831439545e-01 4.3e+00 1.46e+00  1e+00  2e+00 184:33.7
  268   3216 1.393396545125430e-01 4.3e+00 1.41e+00  9e-01  2e+00 187:21.0
  272   3264 1.485556900168426e-01 4.3e+00 1.51e+00  1e+00  2e+00 190:08.0
  276   3312 1.207997771001403e-01 4.3e+00 1.50e+00  1e+00  2e+00 192:54.9
  280   3360 8.324248039951709e-02 4.2e+00 1.55e+00  1e+00  2e+00 195:41.9
  284   3408 1.187249257410162e-01 4.4e+00 1.49e+00  1e+00  2e+00 198:28.8
  288   3456 1.290946203808185e-01 4.6e+00 1.29e+00  8e-01  2e+00 201:15.8
  292   3504 9.586092587487319e-02 4.9e+00 1.33e+00  8e-01  2e+00 204:02.4
  296   3552 9.833206654125642e-02 4.8e+00 1.39e+00  9e-01  2e+00 206:49.3
  300   3600 1.557041141002289e-01 4.9e+00 1.24e+00  8e-01  2e+00 209:36.1
  304   3648 1.249051235253787e-01 4.8e+00 1.19e+00  7e-01  2e+00 212:22.9
  308   3696 1.591813023150416e-01 4.8e+00 1.10e+00  7e-01  1e+00 215:09.8
  312   3744 1.171074896481075e-01 4.9e+00 9.94e-01  6e-01  1e+00 217:56.7
  316   3792 1.336338054226411e-01 4.8e+00 9.85e-01  6e-01  1e+00 220:43.0
  320   3840 1.424380320586724e-01 4.9e+00 9.28e-01  6e-01  1e+00 223:29.6
  324   3888 1.109961408555611e-01 4.8e+00 9.30e-01  6e-01  1e+00 226:16.3
  328   3936 7.869852913019837e-02 4.7e+00 9.14e-01  5e-01  1e+00 229:03.8
  332   3984 1.013447298204282e-01 4.7e+00 8.64e-01  5e-01  1e+00 231:51.2
  336   4032 1.270317409015063e-01 4.7e+00 8.58e-01  5e-01  1e+00 234:38.5
  340   4080 1.170031778790479e-01 4.8e+00 7.73e-01  5e-01  1e+00 237:25.6
  344   4128 1.223860994376440e-01 4.9e+00 7.57e-01  5e-01  9e-01 240:12.9
  348   4176 1.516413568131779e-01 4.9e+00 7.43e-01  4e-01  9e-01 242:59.6
  352   4224 1.463864139317261e-01 4.9e+00 9.57e-01  6e-01  1e+00 245:46.8
  356   4272 1.094884623264232e-01 4.8e+00 1.05e+00  6e-01  1e+00 248:33.9
  360   4320 1.457597591148739e-01 4.9e+00 1.05e+00  6e-01  1e+00 251:20.7
  364   4368 1.278380245291500e-01 4.8e+00 1.19e+00  7e-01  1e+00 254:07.8
  368   4416 1.019379522889241e-01 4.9e+00 1.21e+00  7e-01  2e+00 256:55.1
  372   4464 1.180840177565605e-01 5.0e+00 1.21e+00  7e-01  2e+00 259:42.3
  376   4512 1.248114350125643e-01 5.2e+00 1.25e+00  8e-01  2e+00 262:29.2
  380   4560 1.148674972000381e-01 5.3e+00 1.31e+00  8e-01  2e+00 265:16.7
  384   4608 1.321444318270223e-01 5.4e+00 1.43e+00  9e-01  2e+00 268:03.6
  388   4656 1.078066363425111e-01 5.3e+00 1.48e+00  9e-01  2e+00 270:50.5
  392   4704 1.027309666931153e-01 5.3e+00 1.46e+00  8e-01  2e+00 273:37.0
  396   4752 1.139583386144514e-01 5.2e+00 1.39e+00  8e-01  2e+00 276:23.9
  400   4800 1.173609579931061e-01 5.2e+00 1.60e+00  9e-01  2e+00 279:10.6
  404   4848 9.797787030725300e-02 5.2e+00 1.76e+00  1e+00  2e+00 281:57.6
  408   4896 1.139168267052671e-01 5.4e+00 1.69e+00  1e+00  2e+00 284:44.2
  412   4944 1.516871248692742e-01 5.5e+00 1.66e+00  1e+00  2e+00 287:30.9
  416   4992 1.392151766752854e-01 5.6e+00 1.77e+00  1e+00  2e+00 290:17.9
  421   5052 1.081865570351767e-01 5.7e+00 1.96e+00  1e+00  2e+00 293:46.1
  426   5112 1.338115470499493e-01 5.9e+00 1.85e+00  1e+00  2e+00 297:14.4
  431   5172 1.232509923969959e-01 5.9e+00 1.77e+00  1e+00  2e+00 300:42.8
  436   5232 1.110284440018695e-01 6.0e+00 1.85e+00  1e+00  2e+00 304:11.0
  441   5292 1.513700713335457e-01 6.0e+00 1.77e+00  1e+00  2e+00 307:39.4
  446   5352 1.387451873690736e-01 6.2e+00 1.60e+00  1e+00  2e+00 311:07.5
  451   5412 1.227852770213758e-01 6.2e+00 1.83e+00  1e+00  2e+00 314:35.8
  456   5472 1.321982513825927e-01 6.4e+00 1.68e+00  1e+00  2e+00 318:03.8
  461   5532 1.407286024832554e-01 6.1e+00 1.47e+00  9e-01  2e+00 321:32.2
  466   5592 1.175284965377488e-01 6.3e+00 1.66e+00  1e+00  2e+00 325:00.6
  471   5652 1.027398773485235e-01 6.4e+00 1.98e+00  1e+00  2e+00 328:28.8
  476   5712 8.768309388557764e-02 6.7e+00 1.89e+00  1e+00  2e+00 331:56.7
  481   5772 1.415158571885660e-01 7.2e+00 2.39e+00  2e+00  3e+00 335:25.4
  486   5832 1.072753018789209e-01 7.4e+00 2.68e+00  2e+00  3e+00 338:54.2
  491   5892 9.011637556519066e-02 7.5e+00 2.25e+00  1e+00  3e+00 342:22.8
  496   5952 1.073050322421089e-01 7.5e+00 1.88e+00  1e+00  2e+00 345:51.3
  500   6000 1.149201814693672e-01 7.7e+00 1.75e+00  1e+00  2e+00 348:38.1
  505   6060 9.685246218465478e-02 8.1e+00 1.76e+00  1e+00  2e+00 352:06.8
  510   6120 7.713735719404306e-02 8.0e+00 1.54e+00  9e-01  2e+00 355:35.2
  515   6180 1.003429129237989e-01 8.1e+00 1.52e+00  9e-01  2e+00 359:02.9
  520   6240 5.895235380260971e-02 8.0e+00 1.30e+00  8e-01  2e+00 362:31.0
  525   6300 6.153334421606241e-02 7.7e+00 1.12e+00  7e-01  1e+00 365:59.1
  530   6360 1.058813062732236e-01 7.8e+00 9.53e-01  6e-01  1e+00 369:27.0
  535   6420 1.092302278916722e-01 7.9e+00 1.02e+00  6e-01  1e+00 372:54.8
  540   6480 1.419501339214244e-01 7.8e+00 1.13e+00  7e-01  1e+00 376:23.1
  545   6540 1.571204414878902e-01 7.9e+00 1.37e+00  8e-01  2e+00 379:51.2
  550   6600 9.391748504252344e-02 7.7e+00 1.45e+00  9e-01  2e+00 383:18.7
  555   6660 1.025041085842543e-01 7.4e+00 1.27e+00  8e-01  1e+00 386:44.7
  560   6720 9.869053545568049e-02 7.5e+00 1.21e+00  7e-01  1e+00 390:11.2
  565   6780 8.316937369068830e-02 7.9e+00 1.30e+00  8e-01  2e+00 393:37.7
  570   6840 9.839907364319804e-02 7.8e+00 1.66e+00  1e+00  2e+00 397:04.0
  575   6900 7.643021694129416e-02 7.7e+00 1.78e+00  1e+00  2e+00 400:30.0
  580   6960 1.038113624491175e-01 8.2e+00 2.12e+00  1e+00  3e+00 403:57.1
  585   7020 1.545968597733294e-01 8.5e+00 2.48e+00  1e+00  3e+00 407:24.2
  590   7080 9.286970653394547e-02 8.9e+00 2.60e+00  2e+00  4e+00 410:51.6
  595   7140 1.129927361107409e-01 9.1e+00 2.10e+00  1e+00  3e+00 414:18.4
  600   7200 7.023024886354556e-02 9.0e+00 1.85e+00  1e+00  2e+00 417:45.2
  605   7260 7.326306734803791e-02 9.2e+00 1.85e+00  1e+00  3e+00 421:12.3
  610   7320 9.354287411709439e-02 9.4e+00 1.82e+00  1e+00  2e+00 424:39.5
  615   7380 9.965016440491822e-02 9.5e+00 1.63e+00  1e+00  2e+00 428:06.3
  620   7440 1.366803411277527e-01 9.4e+00 1.67e+00  1e+00  2e+00 431:33.6
  626   7512 1.180865243446135e-01 9.3e+00 1.50e+00  9e-01  2e+00 435:42.0
  632   7584 1.203351271179698e-01 9.3e+00 1.39e+00  8e-01  2e+00 439:49.7
  638   7656 1.370727265046594e-01 9.2e+00 1.08e+00  6e-01  2e+00 443:57.0
  644   7728 1.320683318309826e-01 9.3e+00 8.77e-01  5e-01  1e+00 448:05.0
  650   7800 9.184413436123644e-02 9.2e+00 8.31e-01  5e-01  1e+00 452:13.1
  656   7872 9.990614574532483e-02 9.3e+00 6.72e-01  4e-01  9e-01 456:20.9
  662   7944 1.346713372265759e-01 9.3e+00 6.03e-01  3e-01  8e-01 460:28.8
  668   8016 1.548445797137873e-01 9.3e+00 5.94e-01  3e-01  8e-01 464:36.7
  674   8088 9.001835938642130e-02 9.4e+00 6.16e-01  3e-01  8e-01 468:44.5
  680   8160 1.013124544658650e-01 9.8e+00 6.71e-01  4e-01  9e-01 472:52.3
  686   8232 8.181008239537871e-02 1.0e+01 6.55e-01  4e-01  9e-01 476:59.8
  692   8304 1.038392764252094e-01 1.2e+01 8.93e-01  6e-01  1e+00 481:06.7
  698   8376 1.415524776288020e-01 1.2e+01 1.11e+00  7e-01  2e+00 485:13.5
  700   8400 7.321630981082981e-02 1.2e+01 1.18e+00  7e-01  2e+00 486:36.1
  706   8472 7.067704043125511e-02 1.2e+01 1.34e+00  8e-01  2e+00 490:43.9
  712   8544 1.134671798536851e-01 1.2e+01 1.14e+00  7e-01  2e+00 494:51.4
  718   8616 1.336881339860629e-01 1.3e+01 1.20e+00  7e-01  2e+00 498:60.0
  724   8688 1.018390341010444e-01 1.2e+01 1.23e+00  7e-01  2e+00 503:08.9
  730   8760 1.377490189026324e-01 1.3e+01 1.09e+00  6e-01  2e+00 507:17.9
  736   8832 8.019824863146116e-02 1.3e+01 1.22e+00  7e-01  2e+00 511:26.6
  742   8904 8.753698419594276e-02 1.4e+01 1.44e+00  8e-01  2e+00 515:35.4
  748   8976 1.223384229695292e-01 1.5e+01 1.57e+00  9e-01  2e+00 519:44.0
  754   9048 8.298586939818187e-02 1.6e+01 1.54e+00  9e-01  2e+00 523:52.3
  760   9120 1.161444511592986e-01 1.6e+01 1.74e+00  1e+00  3e+00 528:01.4
  766   9192 1.454321437417146e-01 1.6e+01 1.49e+00  8e-01  2e+00 532:10.7
  772   9264 1.367610891559538e-01 1.7e+01 1.44e+00  8e-01  2e+00 536:19.4
  778   9336 1.246253105881398e-01 1.6e+01 1.35e+00  8e-01  2e+00 540:28.8
  784   9408 1.235321205197733e-01 1.6e+01 1.43e+00  8e-01  2e+00 544:38.3
  790   9480 1.015032455503502e-01 1.7e+01 1.62e+00  1e+00  2e+00 548:47.7
  796   9552 6.951149519458244e-02 1.7e+01 1.61e+00  9e-01  2e+00 552:56.3
  800   9600 1.527428842045488e-01 1.7e+01 1.70e+00  1e+00  3e+00 555:42.2
  806   9672 1.309138274652079e-01 1.7e+01 1.51e+00  9e-01  2e+00 559:51.2
  812   9744 1.061657984013495e-01 1.7e+01 1.61e+00  1e+00  2e+00 564:00.0
  818   9816 9.985942215295451e-02 1.7e+01 1.56e+00  9e-01  2e+00 568:09.1
  824   9888 8.290951612650423e-02 1.7e+01 1.61e+00  9e-01  2e+00 572:18.1
  830   9960 8.594458167403012e-02 1.7e+01 1.36e+00  8e-01  2e+00 576:26.8
  836  10032 1.245731783495585e-01 1.8e+01 1.42e+00  8e-01  2e+00 580:35.0
  842  10104 1.187277766826983e-01 1.8e+01 1.52e+00  9e-01  2e+00 584:42.6
  848  10176 1.294802403731342e-01 1.8e+01 1.31e+00  7e-01  2e+00 588:50.7
  854  10248 1.413555144631970e-01 1.9e+01 1.31e+00  7e-01  2e+00 592:57.9
  860  10320 1.086056316364598e-01 1.8e+01 1.28e+00  7e-01  2e+00 597:06.2
  867  10404 1.118910167132480e-01 1.9e+01 1.23e+00  7e-01  2e+00 601:56.4
  874  10488 1.118421390983727e-01 2.0e+01 1.32e+00  7e-01  2e+00 606:45.0
  881  10572 7.122858846823081e-02 2.0e+01 1.15e+00  6e-01  2e+00 611:34.8
  888  10656 9.610152271247617e-02 2.0e+01 9.53e-01  5e-01  1e+00 616:25.3
  895  10740 7.294150077455672e-02 2.1e+01 8.83e-01  5e-01  1e+00 621:15.4
  900  10800 1.105145638770172e-01 2.1e+01 8.85e-01  5e-01  1e+00 624:43.2
  907  10884 6.250220736013251e-02 2.1e+01 1.07e+00  6e-01  2e+00 629:34.0
  914  10968 5.860047303106412e-02 2.1e+01 1.04e+00  6e-01  1e+00 634:24.6
  921  11052 6.399026424063205e-02 2.1e+01 9.79e-01  6e-01  1e+00 639:15.3
  928  11136 7.602792554847539e-02 2.2e+01 7.54e-01  4e-01  1e+00 644:05.8
  935  11220 1.136544592676399e-01 2.3e+01 5.84e-01  3e-01  8e-01 648:56.7
  942  11304 8.399350579249229e-02 2.2e+01 6.86e-01  4e-01  1e+00 653:47.1
  949  11388 8.448659238771819e-02 2.3e+01 6.07e-01  3e-01  9e-01 658:36.9
  956  11472 1.366379768447915e-01 2.2e+01 5.48e-01  3e-01  8e-01 663:27.0
  963  11556 9.320939076414143e-02 2.2e+01 6.16e-01  3e-01  9e-01 668:18.3
  970  11640 9.303108455875821e-02 2.3e+01 6.07e-01  3e-01  9e-01 673:09.7
  977  11724 1.177878520306235e-01 2.2e+01 6.66e-01  4e-01  1e+00 677:59.9
  984  11808 8.402427205931140e-02 2.2e+01 5.64e-01  3e-01  8e-01 682:51.0
  991  11892 4.098914086994491e-02 2.3e+01 5.31e-01  3e-01  7e-01 687:42.4
  998  11976 8.726315830198507e-02 2.3e+01 6.12e-01  3e-01  9e-01 692:32.7
 1000  12000 1.218926642139901e-01 2.3e+01 6.33e-01  3e-01  9e-01 693:55.8
Budget constraint satisfied 2751.594711303711 2933.6806602478027 Difference:  182.0859489440918
Budget constraint satisfied 2501.449737548828 2933.6806602478027 Difference:  432.2309226989746
two_most_probable_states: ['11010000000', '01010000000']
final_expectation_value: 0.017939365405508077
params: [2.334967127072399, -3.224208374502155, 0.9899674826823315, -2.837181087432806, -1.6041496246933327, -0.7984679381564308, 2.3869091384465855, -1.2800924562553277, -3.6877017581739833, 3.0258467773392326, 8.573692913484923, 7.418964380680214, -3.7993008285545553, 12.245325788670588, 2.01494289757695, -8.754836474721658, 0.9540615059637898, -3.7908198933300383, 8.177440778660518, -13.976340803805494]
total_steps: 1000
states_probs: [0.005264928072589808, 0.005272906973506153]
optimized_portfolios: [{'AAPL': 11, 'VZ': 0}, {'AAPL': 10, 'VZ': 0}]
objective_values: [-9886.805863574034, -6778.311516589905]
result_with_budget: [{'portfolio': {'AAPL': 11, 'VZ': 0}, 'budget': 2751.594711303711, 'difference': 182.0859489440918}, {'portfolio': {'AAPL': 10, 'VZ': 0}, 'budget': 2501.449737548828, 'difference': 432.2309226989746}]
Processing experiment 65
Budget: 1337.3199462890625
Expected returns: 0.20876050756714493
Covariance matrix: 0.3191698610725685
3rd-order coskewness tensor: -0.1587905313579595
4th-order cokurtosis tensor: 4.234917516372042
Number of qubits for asset CAT: 2
Number of qubits for asset CRM: 2
Total number of qubits:  4
Optimized Weights (considering variance, skewness and kurtosis):
CAT: 53.89%
CRM: 46.11%
Left over budget:  280.12002538076194
Optimized Discrete Allocation:
CAT: 2
CRM: 1
Maximized utility from continuous higher moments:  -16.734773963860036
Budget constraint not satisfied 1364.4249267578125 1337.3199462890625 Difference:  -27.10498046875
Budget constraint not satisfied 1391.5299072265625 1337.3199462890625 Difference:  -54.2099609375
smallest_eigenvalues: [-0.6387573135344486]
smallest_bitstrings: ['1011']
first_excited_energy: -0.6380910275933483
optimized_portfolio: [{'CAT': 1, 'CRM': 3}]
second_optimized_portfolio: [{'CAT': 2, 'CRM': 2}]
result_with_budget: [{'portfolio': {'CAT': 1, 'CRM': 3}, 'budget': 1364.4249267578125, 'difference': -27.10498046875, 'objective_value': -152.2341371128376}]
result_with_budget_excited: [{'portfolio': {'CAT': 2, 'CRM': 2}, 'budget': 1391.5299072265625, 'difference': -54.2099609375, 'objective_value': -40.71900902270205}]
Initial params:  [0.79058918 2.78589243 0.85745826 1.20172218 2.96546636 2.03603014
 0.55261123 2.39924092]
(5_w,10)-aCMA-ES (mu_w=3.2,w_1=45%) in dimension 8 (seed=205604, Sat Mar 15 22:57:24 2025)
Iterat #Fevals   function value  axis ratio  sigma  min&max std  t[m:s]
    1     10 -5.556220124606519e-01 1.0e+00 1.47e+00  1e+00  2e+00 0:00.4
    2     20 -5.436764993045481e-01 1.2e+00 1.64e+00  2e+00  2e+00 0:00.8
    3     30 -5.611016223243043e-01 1.4e+00 1.71e+00  2e+00  2e+00 0:01.1
   12    120 -5.947617642411419e-01 2.0e+00 1.31e+00  1e+00  1e+00 0:04.4
   23    230 -5.487355545036121e-01 2.4e+00 1.32e+00  1e+00  1e+00 0:08.5
   37    370 -5.658906668523261e-01 3.3e+00 9.40e-01  6e-01  1e+00 0:13.6
   54    540 -5.777912339144261e-01 4.2e+00 6.86e-01  4e-01  7e-01 0:19.8
   74    740 -5.811163354811977e-01 5.5e+00 4.77e-01  3e-01  5e-01 0:27.2
   96    960 -5.982981876199068e-01 6.8e+00 4.00e-01  2e-01  4e-01 0:35.4
  100   1000 -5.970310756643719e-01 7.3e+00 2.49e-01  1e-01  3e-01 0:36.8
  128   1280 -6.068201023863059e-01 1.7e+01 2.35e-01  5e-02  3e-01 0:47.1
  158   1580 -6.109549531860702e-01 3.3e+01 1.54e-01  2e-02  2e-01 0:58.2
  191   1910 -6.114190660174040e-01 5.2e+01 1.46e-01  7e-03  2e-01 1:10.4
  200   2000 -6.116159970702481e-01 5.8e+01 9.43e-02  4e-03  1e-01 1:13.7
  238   2380 -6.151234475498855e-01 1.2e+02 3.12e-01  7e-03  6e-01 1:27.7
  279   2790 -6.184892382298954e-01 1.2e+02 2.41e-01  3e-03  3e-01 1:42.8
  300   3000 -6.185339883084029e-01 1.1e+02 8.65e-02  1e-03  7e-02 1:50.5
  347   3470 -6.185508442696166e-01 1.1e+02 1.76e-01  1e-03  1e-01 2:07.8
  396   3960 -6.185603686736023e-01 1.2e+02 7.36e-03  3e-05  2e-03 2:26.0
  400   4000 -6.185603693505629e-01 1.2e+02 5.03e-03  2e-05  1e-03 2:27.4
  452   4520 -6.185603703450137e-01 1.7e+02 4.81e-05  9e-08  7e-06 2:46.8
Budget constraint not satisfied 1364.4249267578125 1337.3199462890625 Difference:  -27.10498046875
Budget constraint not satisfied 1391.5299072265625 1337.3199462890625 Difference:  -54.2099609375
two_most_probable_states: ['1011', '0101']
final_expectation_value: -0.6185603703450137
params: [-3.5037617903330953, -5.011386721425986, 6.827059143682328, 12.187938592828463, 6.925545455896594, -2.983353670667087, 2.849498163604973, 6.186841752120878]
total_steps: 452
states_probs: [0.17270863900083464, 0.18815363998486162]
optimized_portfolios: [{'CAT': 1, 'CRM': 3}, {'CAT': 2, 'CRM': 2}]
objective_values: [-152.2341371128376, -40.71900902270205]
result_with_budget: [{'portfolio': {'CAT': 1, 'CRM': 3}, 'budget': 1364.4249267578125, 'difference': -27.10498046875}, {'portfolio': {'CAT': 2, 'CRM': 2}, 'budget': 1391.5299072265625, 'difference': -54.2099609375}]
Processing experiment 66
Budget: 4145.313781738281
Expected returns: 0.2495910751063014
Covariance matrix: 0.5903796093126071
3rd-order coskewness tensor: 1.2009854032842588
4th-order cokurtosis tensor: 18.180380223498034
Number of qubits for asset AXP: 4
Number of qubits for asset DOW: 7
Total number of qubits:  11
Optimized Weights (considering variance, skewness and kurtosis):
AXP: 55.28%
DOW: 44.72%
Left over budget:  3.606409633641306
Optimized Discrete Allocation:
AXP: 8
DOW: 45
Maximized utility from continuous higher moments:  -9914802.250029074
Budget constraint satisfied 4145.313781738281 4145.313781738281 Difference:  0.0
Budget constraint satisfied 3849.219940185547 4145.313781738281 Difference:  296.0938415527344
smallest_eigenvalues: [-0.009850732782549698]
smallest_bitstrings: ['01110000000']
first_excited_energy: -0.009838641684808915
optimized_portfolio: [{'AXP': 14, 'DOW': 0}]
second_optimized_portfolio: [{'AXP': 13, 'DOW': 0}]
result_with_budget: [{'portfolio': {'AXP': 14, 'DOW': 0}, 'budget': 4145.313781738281, 'difference': 0.0, 'objective_value': -85944.93958488006}]
result_with_budget_excited: [{'portfolio': {'AXP': 13, 'DOW': 0}, 'budget': 3849.219940185547, 'difference': 296.0938415527344, 'objective_value': -63837.20279593177}]
Initial params:  [0.51115024 1.61947258 2.63239322 0.84352651 1.11731161 2.45504381
 1.67557694 0.62821177 2.60301487 1.33093025 3.0714105  0.22973733
 2.24988668 1.00582262 2.1285459  2.64793    0.61843607 0.53647908
 1.7924128  1.07115517]
(6_w,12)-aCMA-ES (mu_w=3.7,w_1=40%) in dimension 20 (seed=229764, Sat Mar 15 23:00:21 2025)
Iterat #Fevals   function value  axis ratio  sigma  min&max std  t[m:s]
    1     12 1.210878952615427e-04 1.0e+00 1.40e+00  1e+00  1e+00 0:41.4
    2     24 2.210185697737048e-02 1.1e+00 1.35e+00  1e+00  1e+00 1:22.8
    3     36 1.436220329298141e-01 1.1e+00 1.37e+00  1e+00  1e+00 2:04.4
    4     48 5.747629178200907e-02 1.2e+00 1.41e+00  1e+00  1e+00 2:45.8
    5     60 2.230719055737190e-02 1.2e+00 1.40e+00  1e+00  1e+00 3:27.3
    6     72 7.035060309530239e-02 1.3e+00 1.44e+00  1e+00  1e+00 4:08.8
    7     84 8.478854411628901e-02 1.3e+00 1.43e+00  1e+00  1e+00 4:50.4
    8     96 5.923561183609638e-02 1.3e+00 1.43e+00  1e+00  1e+00 5:31.9
    9    108 5.032928234622649e-02 1.3e+00 1.39e+00  1e+00  1e+00 6:13.3
   10    120 6.043621228207231e-02 1.3e+00 1.40e+00  1e+00  1e+00 6:54.6
   11    132 5.851664171502804e-02 1.4e+00 1.38e+00  1e+00  1e+00 7:36.3
   12    144 9.441170216057769e-02 1.4e+00 1.38e+00  1e+00  1e+00 8:17.8
   13    156 5.693972653924736e-02 1.4e+00 1.40e+00  1e+00  1e+00 8:59.2
   14    168 4.635809111440532e-02 1.4e+00 1.41e+00  1e+00  1e+00 9:40.6
   15    180 6.477717187227307e-02 1.4e+00 1.36e+00  1e+00  1e+00 10:22.1
   16    192 7.413374120997669e-02 1.4e+00 1.33e+00  1e+00  1e+00 11:03.5
   17    204 6.417561097155641e-02 1.5e+00 1.28e+00  1e+00  1e+00 11:44.9
   18    216 7.966484065462681e-02 1.5e+00 1.31e+00  1e+00  1e+00 12:26.3
   19    228 1.024961027236774e-01 1.5e+00 1.34e+00  1e+00  1e+00 13:07.5
   20    240 7.502549421279650e-02 1.6e+00 1.38e+00  1e+00  1e+00 13:48.8
   21    252 1.049429048297960e-01 1.6e+00 1.37e+00  1e+00  1e+00 14:30.1
   22    264 1.022357416212050e-01 1.6e+00 1.35e+00  1e+00  1e+00 15:11.3
   23    276 5.747372962421549e-02 1.6e+00 1.32e+00  1e+00  1e+00 15:52.3
   24    288 7.586366183525665e-02 1.6e+00 1.26e+00  1e+00  1e+00 16:33.4
   25    300 8.583746696640576e-02 1.6e+00 1.13e+00  1e+00  1e+00 17:14.4
   26    312 8.663211191986279e-02 1.7e+00 1.05e+00  1e+00  1e+00 17:55.6
   27    324 1.032725312903131e-01 1.7e+00 1.00e+00  9e-01  1e+00 18:36.8
   28    336 5.597340672464193e-02 1.7e+00 9.67e-01  9e-01  1e+00 19:18.0
   29    348 9.619318931735775e-02 1.7e+00 9.98e-01  9e-01  1e+00 19:59.1
   30    360 5.454004835256478e-02 1.7e+00 1.02e+00  9e-01  1e+00 20:40.3
   31    372 1.158466835436937e-01 1.7e+00 1.06e+00  1e+00  1e+00 21:21.6
   32    384 1.065589454971581e-01 1.7e+00 1.07e+00  1e+00  1e+00 22:02.6
   33    396 1.123165667154997e-01 1.7e+00 1.08e+00  1e+00  1e+00 22:43.7
   34    408 9.861697317564626e-02 1.7e+00 1.07e+00  1e+00  1e+00 23:24.8
   35    420 6.860877063438875e-02 1.8e+00 1.03e+00  9e-01  1e+00 24:06.1
   36    432 1.044667319285924e-01 1.8e+00 1.01e+00  9e-01  1e+00 24:47.3
   37    444 6.299856104123759e-02 1.8e+00 9.97e-01  9e-01  1e+00 25:28.5
   38    456 2.073262591160474e-02 1.8e+00 1.01e+00  9e-01  1e+00 26:09.7
   39    468 8.206930941384129e-02 1.8e+00 1.02e+00  9e-01  1e+00 26:51.0
   40    480 9.685518124884340e-02 1.8e+00 1.04e+00  9e-01  1e+00 27:32.3
   41    492 6.295093911324669e-02 1.9e+00 1.05e+00  9e-01  1e+00 28:13.6
   42    504 7.668173190999517e-02 2.0e+00 1.04e+00  9e-01  1e+00 28:54.8
   44    528 1.121716991889712e-01 2.0e+00 9.84e-01  9e-01  1e+00 30:17.7
   46    552 9.035485267115211e-02 2.0e+00 9.36e-01  8e-01  1e+00 31:40.9
   48    576 7.446090816620195e-02 2.0e+00 9.91e-01  9e-01  1e+00 33:03.5
   50    600 7.143190506961145e-02 2.1e+00 1.09e+00  9e-01  1e+00 34:26.3
   52    624 8.352877568216754e-02 2.2e+00 1.24e+00  1e+00  1e+00 35:48.9
   54    648 7.634446219311450e-02 2.3e+00 1.34e+00  1e+00  2e+00 37:11.8
   56    672 1.228240656417916e-01 2.4e+00 1.37e+00  1e+00  2e+00 38:34.5
   58    696 8.633510203911346e-02 2.4e+00 1.37e+00  1e+00  2e+00 39:57.3
   60    720 1.370645314091577e-01 2.5e+00 1.31e+00  1e+00  2e+00 41:20.3
   62    744 1.423589718491898e-01 2.4e+00 1.35e+00  1e+00  2e+00 42:42.9
   64    768 5.916079809320500e-02 2.5e+00 1.35e+00  1e+00  2e+00 44:05.7
   66    792 6.791376784968313e-02 2.5e+00 1.40e+00  1e+00  2e+00 45:28.0
   68    816 1.183296711765991e-01 2.5e+00 1.52e+00  1e+00  2e+00 46:49.9
   70    840 8.301182232032706e-02 2.5e+00 1.63e+00  1e+00  2e+00 48:12.5
   72    864 6.991078763930890e-02 2.5e+00 1.70e+00  1e+00  2e+00 49:34.8
   74    888 1.225531804510301e-01 2.5e+00 1.66e+00  1e+00  2e+00 50:57.2
   76    912 7.615002161639024e-02 2.6e+00 1.49e+00  1e+00  2e+00 52:19.6
   78    936 8.608324609572106e-02 2.6e+00 1.37e+00  1e+00  2e+00 53:42.0
   80    960 5.775008079040122e-02 2.6e+00 1.27e+00  1e+00  2e+00 55:04.8
   82    984 6.871018786775200e-02 2.6e+00 1.16e+00  9e-01  1e+00 56:27.5
   84   1008 8.922033380725532e-02 2.6e+00 1.07e+00  9e-01  1e+00 57:50.4
   86   1032 4.781246755033717e-02 2.6e+00 1.05e+00  8e-01  1e+00 59:13.3
   88   1056 8.524866358450728e-02 2.6e+00 9.83e-01  8e-01  1e+00 60:35.6
   90   1080 5.465805492970385e-02 2.8e+00 9.94e-01  8e-01  1e+00 61:58.3
   92   1104 9.398858165020939e-02 2.8e+00 9.96e-01  8e-01  1e+00 63:20.4
   94   1128 6.464878209418795e-02 2.9e+00 9.66e-01  8e-01  1e+00 64:42.8
   96   1152 5.634984711939955e-02 2.9e+00 9.04e-01  7e-01  1e+00 66:05.5
   98   1176 9.611645151863540e-02 2.9e+00 8.63e-01  7e-01  1e+00 67:27.8
  100   1200 1.023764373917187e-01 2.9e+00 8.75e-01  7e-01  1e+00 68:50.3
  102   1224 7.275842970032437e-02 2.9e+00 8.81e-01  7e-01  1e+00 70:12.7
  104   1248 7.497303184863476e-02 3.0e+00 8.86e-01  7e-01  1e+00 71:35.3
  106   1272 4.374943258890361e-02 3.0e+00 8.57e-01  7e-01  1e+00 72:57.9
  108   1296 8.881532186453275e-02 3.0e+00 8.64e-01  7e-01  1e+00 74:19.8
  110   1320 5.570040674732889e-02 3.0e+00 8.65e-01  7e-01  1e+00 75:41.7
  112   1344 1.075408349279126e-01 3.0e+00 8.23e-01  7e-01  1e+00 77:03.3
  114   1368 9.172671280715815e-02 3.0e+00 7.96e-01  6e-01  1e+00 78:25.2
  116   1392 9.051388738679224e-02 3.0e+00 7.70e-01  6e-01  9e-01 79:47.0
  118   1416 6.926458071902146e-02 3.0e+00 7.63e-01  6e-01  9e-01 81:08.8
  120   1440 6.832905137226274e-02 3.1e+00 8.67e-01  7e-01  1e+00 82:30.9
  122   1464 8.112733377838652e-02 3.1e+00 9.45e-01  7e-01  1e+00 83:52.8
  124   1488 9.953016089606258e-02 3.0e+00 9.93e-01  8e-01  1e+00 85:14.8
  127   1524 8.668329679038642e-02 3.1e+00 8.99e-01  7e-01  1e+00 87:17.8
  130   1560 1.151706484294216e-01 3.1e+00 8.81e-01  7e-01  1e+00 89:20.9
  133   1596 8.184365505685000e-02 3.2e+00 9.29e-01  7e-01  1e+00 91:23.4
  136   1632 1.130708936418569e-01 3.3e+00 9.76e-01  8e-01  1e+00 93:26.3
  139   1668 4.141700137546132e-02 3.3e+00 9.17e-01  7e-01  1e+00 95:29.0
  142   1704 1.094122085530843e-01 3.3e+00 1.01e+00  8e-01  1e+00 97:31.9
  145   1740 8.207841874404907e-02 3.5e+00 1.13e+00  9e-01  1e+00 99:34.9
  148   1776 8.986391136155963e-02 3.7e+00 1.32e+00  1e+00  2e+00 101:38.2
  151   1812 8.476226709646026e-02 3.7e+00 1.53e+00  1e+00  2e+00 103:42.2
  154   1848 7.386587360822737e-02 3.7e+00 1.52e+00  1e+00  2e+00 105:45.8
  157   1884 1.040404430982230e-01 3.7e+00 1.50e+00  1e+00  2e+00 107:49.4
  160   1920 4.808791536244452e-02 3.8e+00 1.53e+00  1e+00  2e+00 109:53.0
  163   1956 8.725127561454982e-02 3.8e+00 1.55e+00  1e+00  2e+00 111:56.6
  166   1992 9.389748328941362e-02 3.7e+00 1.58e+00  1e+00  2e+00 114:00.3
  169   2028 7.467044298481129e-02 3.8e+00 1.64e+00  1e+00  2e+00 116:04.1
  172   2064 8.781154398491599e-02 3.9e+00 1.63e+00  1e+00  2e+00 118:07.9
  175   2100 7.795272472838601e-02 4.0e+00 1.72e+00  1e+00  2e+00 120:11.6
  178   2136 1.344273941820098e-01 4.0e+00 1.76e+00  1e+00  3e+00 122:15.2
  181   2172 9.150301444605939e-02 4.1e+00 1.88e+00  1e+00  3e+00 124:19.0
  184   2208 9.825776790633399e-02 4.2e+00 1.88e+00  1e+00  3e+00 126:22.4
  187   2244 8.874923430237457e-02 4.2e+00 1.86e+00  1e+00  3e+00 128:25.3
  190   2280 7.088131431389734e-02 4.3e+00 1.77e+00  1e+00  3e+00 130:28.3
  193   2316 1.293119388439060e-01 4.4e+00 1.71e+00  1e+00  3e+00 132:31.0
  196   2352 1.307879023430797e-01 4.4e+00 1.63e+00  1e+00  2e+00 134:33.8
  199   2388 1.004539756333177e-01 4.5e+00 1.80e+00  1e+00  3e+00 136:36.8
  200   2400 7.472459646432915e-02 4.6e+00 1.79e+00  1e+00  3e+00 137:17.7
  203   2436 1.019282733991757e-01 4.7e+00 1.81e+00  1e+00  3e+00 139:20.3
  206   2472 1.167110539594196e-01 4.7e+00 1.97e+00  1e+00  3e+00 141:23.2
  209   2508 9.373200932514356e-02 4.5e+00 2.17e+00  2e+00  3e+00 143:26.0
  212   2544 6.562215354927614e-02 4.4e+00 2.30e+00  2e+00  3e+00 145:28.9
  215   2580 1.277294841387354e-01 4.5e+00 2.33e+00  2e+00  4e+00 147:31.7
  218   2616 1.066535005100911e-01 4.4e+00 2.32e+00  2e+00  3e+00 149:34.9
  221   2652 1.273308810118364e-01 4.2e+00 2.46e+00  2e+00  4e+00 151:38.5
  224   2688 1.264569977886011e-01 4.3e+00 2.60e+00  2e+00  4e+00 153:42.0
  227   2724 1.151046220894001e-01 4.4e+00 2.50e+00  2e+00  4e+00 155:45.9
  230   2760 1.073695435099730e-01 4.4e+00 2.35e+00  2e+00  3e+00 157:49.7
  233   2796 9.723969818706084e-02 4.5e+00 2.02e+00  1e+00  3e+00 159:53.3
  236   2832 1.324601062509835e-01 4.5e+00 1.93e+00  1e+00  3e+00 161:56.8
  239   2868 6.315036707816232e-02 4.4e+00 2.04e+00  1e+00  3e+00 164:00.5
  242   2904 9.843522125384854e-02 4.5e+00 2.22e+00  1e+00  3e+00 166:04.0
  245   2940 1.188984958976630e-01 4.6e+00 2.21e+00  1e+00  3e+00 168:07.6
  249   2988 7.838485184280418e-02 4.5e+00 2.07e+00  1e+00  3e+00 170:51.6
  253   3036 8.414394082855460e-02 4.4e+00 1.82e+00  1e+00  3e+00 173:35.3
  257   3084 1.162866682870127e-01 4.4e+00 1.67e+00  1e+00  2e+00 176:20.0
  261   3132 8.943384133155922e-02 4.5e+00 1.57e+00  1e+00  2e+00 179:05.0
  265   3180 1.056981842341034e-01 4.4e+00 1.57e+00  1e+00  2e+00 181:50.0
  269   3228 9.390974622624121e-02 4.5e+00 1.63e+00  1e+00  2e+00 184:34.4
  273   3276 8.216833682189109e-02 4.5e+00 1.53e+00  1e+00  2e+00 187:18.5
  277   3324 8.131176972003146e-02 4.7e+00 1.48e+00  1e+00  2e+00 190:02.6
  281   3372 1.246733989630538e-01 4.6e+00 1.46e+00  1e+00  2e+00 192:47.4
  285   3420 1.077616262542019e-01 4.7e+00 1.61e+00  1e+00  2e+00 195:32.0
  289   3468 7.132496023629592e-02 4.7e+00 1.70e+00  1e+00  3e+00 198:16.3
  293   3516 1.033243809503416e-01 4.8e+00 1.68e+00  1e+00  3e+00 201:00.7
  297   3564 5.118949651169204e-02 4.9e+00 1.58e+00  1e+00  2e+00 203:45.1
  300   3600 1.013305553979225e-01 4.9e+00 1.62e+00  1e+00  2e+00 205:48.4
  304   3648 9.246310009572638e-02 4.9e+00 1.63e+00  1e+00  2e+00 208:31.9
  308   3696 8.753628528025366e-02 5.0e+00 1.87e+00  1e+00  3e+00 211:15.8
  312   3744 6.415758031701778e-02 5.2e+00 1.99e+00  1e+00  3e+00 213:59.5
  316   3792 6.746526401277923e-02 5.4e+00 1.96e+00  1e+00  3e+00 216:43.3
  320   3840 1.124906842640674e-01 5.4e+00 1.68e+00  1e+00  3e+00 219:27.0
  324   3888 1.193802470678937e-01 5.5e+00 1.42e+00  9e-01  2e+00 222:11.0
  328   3936 7.024861338863764e-02 5.6e+00 1.33e+00  9e-01  2e+00 224:56.8
  332   3984 8.415030128255763e-02 5.6e+00 1.19e+00  7e-01  2e+00 227:42.3
  336   4032 8.078453314233534e-02 5.7e+00 1.18e+00  7e-01  2e+00 230:28.1
  340   4080 6.388691539582429e-02 5.7e+00 1.16e+00  7e-01  2e+00 233:14.2
  344   4128 7.587888377344718e-02 5.8e+00 1.02e+00  6e-01  2e+00 235:59.9
  348   4176 1.286153580498858e-01 5.6e+00 1.02e+00  6e-01  2e+00 238:45.5
  352   4224 1.107086554555590e-01 5.4e+00 8.68e-01  5e-01  1e+00 241:31.0
  356   4272 5.822046363299532e-02 5.3e+00 7.59e-01  5e-01  1e+00 244:16.9
  360   4320 9.268104378214317e-02 5.5e+00 7.95e-01  5e-01  1e+00 247:02.8
  364   4368 8.850681164935846e-02 5.7e+00 7.66e-01  5e-01  1e+00 249:48.9
  368   4416 1.260100384079156e-01 5.8e+00 7.44e-01  4e-01  1e+00 252:34.8
  372   4464 1.106158576357438e-01 5.9e+00 7.56e-01  5e-01  1e+00 255:21.1
  376   4512 8.129509396861742e-02 6.1e+00 6.85e-01  4e-01  1e+00 258:07.2
  380   4560 1.152248198787440e-01 6.3e+00 6.07e-01  4e-01  9e-01 260:53.5
  384   4608 1.126627801086812e-01 6.3e+00 6.37e-01  4e-01  9e-01 263:39.7
  388   4656 1.181053656566601e-01 6.5e+00 5.35e-01  3e-01  8e-01 266:25.3
  392   4704 9.836329848722473e-02 6.4e+00 4.70e-01  3e-01  7e-01 269:11.0
  396   4752 1.281801267268285e-01 6.6e+00 4.85e-01  3e-01  7e-01 271:56.7
  400   4800 1.146115448203905e-01 6.6e+00 6.06e-01  3e-01  9e-01 274:42.7
  404   4848 8.298114254091628e-02 6.6e+00 6.97e-01  4e-01  1e+00 277:28.5
  408   4896 9.556852622450625e-02 6.6e+00 6.49e-01  4e-01  1e+00 280:14.5
  412   4944 1.300928902805658e-01 6.6e+00 5.91e-01  3e-01  9e-01 283:00.4
  417   5004 1.264248903197115e-01 6.6e+00 5.33e-01  3e-01  8e-01 286:27.7
  422   5064 4.958827738337560e-02 6.7e+00 4.70e-01  3e-01  7e-01 289:54.7
  427   5124 1.171346532313159e-01 6.6e+00 3.98e-01  2e-01  6e-01 293:22.2
  432   5184 9.613818836470309e-02 6.5e+00 4.06e-01  2e-01  6e-01 296:49.2
  437   5244 1.042880261730880e-01 6.4e+00 3.71e-01  2e-01  5e-01 300:16.4
  442   5304 8.605349227165687e-02 6.5e+00 2.76e-01  1e-01  4e-01 303:44.2
  447   5364 5.930789824125443e-02 6.4e+00 2.11e-01  1e-01  3e-01 307:11.8
  452   5424 5.470562060778047e-02 6.5e+00 2.04e-01  1e-01  3e-01 310:39.4
  457   5484 3.891986583440236e-02 6.3e+00 1.93e-01  9e-02  3e-01 314:07.3
  462   5544 3.875273025471167e-02 6.1e+00 2.01e-01  1e-01  3e-01 317:34.4
  467   5604 4.567044464384801e-02 6.4e+00 2.23e-01  1e-01  3e-01 321:01.9
  472   5664 2.234744218649459e-02 6.3e+00 1.90e-01  9e-02  3e-01 324:29.2
  477   5724 2.918300742095385e-02 6.1e+00 1.77e-01  8e-02  2e-01 327:56.2
  482   5784 1.972786631623612e-02 6.2e+00 2.01e-01  9e-02  3e-01 331:24.0
  487   5844 2.948636043409751e-02 6.4e+00 1.81e-01  8e-02  3e-01 334:51.5
  492   5904 2.354943244670468e-02 6.3e+00 1.51e-01  7e-02  2e-01 338:18.7
  497   5964 2.182750020933497e-02 6.3e+00 1.54e-01  7e-02  2e-01 341:46.2
  500   6000 2.323970245497904e-02 6.3e+00 1.56e-01  7e-02  2e-01 343:51.1
  505   6060 1.994480549313268e-02 6.4e+00 1.47e-01  7e-02  2e-01 347:18.9
  510   6120 1.917960991197135e-02 6.3e+00 1.42e-01  6e-02  2e-01 350:46.7
  515   6180 1.443644457020273e-02 6.4e+00 1.36e-01  6e-02  2e-01 354:14.4
  520   6240 1.424309002061067e-02 6.4e+00 1.42e-01  6e-02  2e-01 357:42.3
  525   6300 1.841860463604622e-02 6.4e+00 1.21e-01  5e-02  2e-01 361:10.1
  530   6360 1.360229959441751e-02 6.6e+00 9.32e-02  4e-02  1e-01 364:37.5
  535   6420 1.312130362964913e-02 7.0e+00 8.18e-02  3e-02  1e-01 368:05.0
  540   6480 1.342420094741779e-02 7.3e+00 7.17e-02  3e-02  1e-01 371:32.4
  545   6540 1.110385425424586e-02 7.6e+00 6.39e-02  3e-02  1e-01 375:00.6
  550   6600 1.056237365035242e-02 7.6e+00 5.27e-02  2e-02  8e-02 378:28.0
  555   6660 9.886508877268793e-03 8.0e+00 5.01e-02  2e-02  8e-02 381:54.8
  560   6720 9.571985063087204e-03 8.2e+00 5.23e-02  2e-02  8e-02 385:22.3
  565   6780 9.262744344292867e-03 8.0e+00 6.84e-02  3e-02  1e-01 388:49.6
  570   6840 8.392401311952657e-03 8.1e+00 6.51e-02  3e-02  1e-01 392:16.6
  575   6900 7.669992174447637e-03 8.7e+00 6.80e-02  3e-02  1e-01 395:43.8
  580   6960 7.473177096350597e-03 9.2e+00 6.16e-02  3e-02  1e-01 399:11.0
  585   7020 6.296446499211824e-03 9.8e+00 5.28e-02  2e-02  9e-02 402:38.4
  590   7080 6.309641604094920e-03 1.0e+01 5.23e-02  2e-02  9e-02 406:05.6
  595   7140 5.124659874736466e-03 1.1e+01 4.29e-02  2e-02  7e-02 409:32.9
  600   7200 4.213184315759003e-03 1.1e+01 5.37e-02  2e-02  9e-02 412:59.7
  605   7260 3.449434138511866e-03 1.1e+01 5.92e-02  2e-02  1e-01 416:27.0
  610   7320 3.167111728403806e-03 1.1e+01 5.78e-02  2e-02  1e-01 419:54.1
  615   7380 1.990937925817757e-03 1.1e+01 6.47e-02  2e-02  1e-01 423:20.6
  620   7440 1.842027489524437e-03 1.1e+01 8.40e-02  3e-02  1e-01 426:47.9
  626   7512 4.217701142684327e-04 1.1e+01 7.39e-02  3e-02  1e-01 430:56.7
  632   7584 6.824605898220052e-04 1.1e+01 6.66e-02  2e-02  1e-01 435:05.7
  638   7656 9.299655586680207e-04 1.2e+01 6.15e-02  2e-02  1e-01 439:14.5
  644   7728 3.136140514839092e-04 1.2e+01 5.24e-02  2e-02  9e-02 443:23.5
  650   7800 -9.586278357757050e-06 1.3e+01 4.49e-02  1e-02  7e-02 447:32.4
  656   7872 7.267206670873573e-05 1.3e+01 4.06e-02  1e-02  7e-02 451:41.0
  662   7944 -1.936111357524760e-04 1.3e+01 3.40e-02  1e-02  5e-02 455:50.4
  668   8016 -3.366477808152081e-04 1.4e+01 2.86e-02  8e-03  4e-02 459:59.3
  674   8088 -3.800636584810093e-04 1.4e+01 3.46e-02  1e-02  5e-02 464:07.8
  680   8160 -6.027859779121847e-04 1.5e+01 3.62e-02  1e-02  6e-02 468:16.9
  686   8232 -6.779493794319929e-04 1.5e+01 3.55e-02  9e-03  6e-02 472:25.5
  692   8304 -9.796366584748459e-04 1.5e+01 3.59e-02  9e-03  6e-02 476:34.0
  698   8376 -1.363101445567650e-03 1.5e+01 4.90e-02  1e-02  8e-02 480:42.5
  700   8400 -1.495464563945404e-03 1.5e+01 5.18e-02  1e-02  8e-02 482:05.7
  706   8472 -1.825709445946745e-03 1.6e+01 5.76e-02  1e-02  9e-02 486:14.8
  712   8544 -1.836170634820052e-03 1.8e+01 5.36e-02  1e-02  9e-02 490:23.3
  718   8616 -1.990246301947073e-03 1.8e+01 4.33e-02  1e-02  7e-02 494:31.3
  724   8688 -2.057942945635364e-03 1.9e+01 3.69e-02  8e-03  6e-02 498:40.5
  730   8760 -2.141347502546005e-03 1.9e+01 2.88e-02  6e-03  5e-02 502:51.0
  736   8832 -2.134296998299934e-03 2.0e+01 2.41e-02  5e-03  4e-02 507:00.3
  742   8904 -2.192623858269514e-03 1.9e+01 1.81e-02  4e-03  3e-02 511:09.6
  748   8976 -2.239767697197797e-03 2.0e+01 1.48e-02  3e-03  2e-02 515:19.1
  754   9048 -2.271941478499947e-03 2.0e+01 1.45e-02  3e-03  2e-02 519:27.9
  760   9120 -2.293347704197080e-03 2.1e+01 1.66e-02  3e-03  3e-02 523:36.6
  766   9192 -2.317450532832871e-03 2.1e+01 1.39e-02  3e-03  2e-02 527:46.0
  772   9264 -2.369937795212815e-03 2.1e+01 1.50e-02  3e-03  2e-02 531:54.5
  778   9336 -2.416872381399285e-03 2.3e+01 2.17e-02  4e-03  4e-02 536:02.7
  784   9408 -2.405913503632018e-03 2.4e+01 2.39e-02  5e-03  4e-02 540:11.5
  790   9480 -2.446270336740225e-03 2.6e+01 2.14e-02  4e-03  4e-02 544:20.6
  796   9552 -2.460611566666103e-03 2.9e+01 2.17e-02  4e-03  4e-02 548:29.3
  800   9600 -2.468829728760069e-03 3.2e+01 2.00e-02  4e-03  4e-02 551:15.1
  806   9672 -2.496080026763828e-03 3.3e+01 1.65e-02  3e-03  3e-02 555:24.1
  812   9744 -2.499010115306453e-03 3.4e+01 1.49e-02  3e-03  3e-02 559:32.8
  818   9816 -2.509497959100381e-03 3.7e+01 1.40e-02  2e-03  3e-02 563:41.5
  824   9888 -2.521229313407223e-03 3.8e+01 1.32e-02  2e-03  3e-02 567:50.3
  830   9960 -2.529988574312290e-03 3.9e+01 1.09e-02  2e-03  2e-02 571:58.5
  836  10032 -2.535614474840214e-03 4.1e+01 1.02e-02  2e-03  2e-02 576:06.9
  842  10104 -2.538336637420520e-03 4.2e+01 8.75e-03  2e-03  2e-02 580:15.6
  848  10176 -2.544704530713740e-03 4.5e+01 7.94e-03  1e-03  2e-02 584:24.4
  854  10248 -2.547776171365360e-03 4.7e+01 7.40e-03  1e-03  2e-02 588:33.2
  860  10320 -2.553039674815914e-03 4.8e+01 7.93e-03  1e-03  2e-02 592:42.0
  867  10404 -2.557589638602998e-03 5.2e+01 9.63e-03  2e-03  2e-02 597:32.1
  874  10488 -2.564102780525010e-03 5.8e+01 1.29e-02  2e-03  3e-02 602:21.8
  881  10572 -2.568417510187283e-03 6.1e+01 1.13e-02  2e-03  3e-02 607:12.0
  888  10656 -2.573517512124774e-03 6.4e+01 1.32e-02  2e-03  3e-02 612:02.5
  895  10740 -2.578979971740242e-03 7.3e+01 1.43e-02  2e-03  3e-02 616:53.6
  900  10800 -2.579897191183857e-03 7.6e+01 1.31e-02  2e-03  3e-02 620:20.5
  907  10884 -2.590505933388608e-03 8.0e+01 1.05e-02  2e-03  3e-02 625:11.1
  914  10968 -2.596640849328731e-03 8.2e+01 1.13e-02  2e-03  3e-02 630:01.3
  921  11052 -2.600386559551789e-03 8.8e+01 1.28e-02  2e-03  3e-02 634:51.6
  928  11136 -2.612314811750048e-03 9.6e+01 1.43e-02  2e-03  4e-02 639:41.2
  935  11220 -2.620308443640567e-03 1.2e+02 1.94e-02  3e-03  6e-02 644:31.6
  942  11304 -2.623548703690381e-03 1.3e+02 2.00e-02  3e-03  7e-02 649:21.4
  949  11388 -2.629589738001493e-03 1.6e+02 2.24e-02  3e-03  9e-02 654:11.2
  956  11472 -2.665059096883499e-03 1.7e+02 2.37e-02  3e-03  9e-02 659:00.9
  963  11556 -2.706542035725157e-03 1.7e+02 2.87e-02  4e-03  1e-01 663:50.8
  970  11640 -2.733068780680053e-03 1.8e+02 3.70e-02  5e-03  1e-01 668:41.2
  977  11724 -2.780694345429878e-03 1.7e+02 3.89e-02  6e-03  2e-01 673:31.3
  984  11808 -2.805277557154887e-03 1.6e+02 3.31e-02  5e-03  1e-01 678:21.5
  991  11892 -2.864469672809009e-03 1.6e+02 2.94e-02  4e-03  1e-01 683:12.2
  998  11976 -2.895804131073029e-03 1.5e+02 2.82e-02  4e-03  1e-01 688:02.2
 1000  12000 -2.905491202794317e-03 1.4e+02 2.79e-02  4e-03  1e-01 689:25.1
Budget constraint satisfied 296.0938415527344 4145.313781738281 Difference:  3849.219940185547
Budget constraint satisfied 0.0 4145.313781738281 Difference:  4145.313781738281
two_most_probable_states: ['10000000000', '00000000000']
final_expectation_value: -0.0029054912027943166
params: [3.1574246339712304, -8.784834758834274, 4.719364522215894, 2.2174697452434975, 10.629657429480437, -3.973801873165188, 14.215768428307626, -6.09602241166938, 18.26031795179049, -1.0143713913171948, 26.964510014732866, -4.249429298389447, 10.662908715134776, 4.213093914014249, -3.9662766844952393, -9.119994191099574, 1.7706244754299927, 1.8200206821703169, 0.06861959184220252, 3.014231794801095]
total_steps: 1000
states_probs: [0.006675418841396783, 0.006955521408626035]
optimized_portfolios: [{'AXP': 1, 'DOW': 0}, {'AXP': 0, 'DOW': 0}]
objective_values: [-2.9224637511888236, -0.0]
result_with_budget: [{'portfolio': {'AXP': 1, 'DOW': 0}, 'budget': 296.0938415527344, 'difference': 3849.219940185547}, {'portfolio': {'AXP': 0, 'DOW': 0}, 'budget': 0.0, 'difference': 4145.313781738281}]
Processing experiment 67
Budget: 6753.914291381836
Expected returns: 0.27413980107414526
Covariance matrix: 0.38601163030341695
3rd-order coskewness tensor: -0.003052905799491391
4th-order cokurtosis tensor: 5.303621169360721
Number of qubits for asset AAPL: 5
Number of qubits for asset AMGN: 5
Total number of qubits:  10
Optimized Weights (considering variance, skewness and kurtosis):
AAPL: 50.45%
AMGN: 49.55%
Left over budget:  140.8643187689213
Optimized Discrete Allocation:
AAPL: 13
AMGN: 13
Maximized utility from continuous higher moments:  -100624.09960629961
Budget constraint satisfied 6613.04997253418 6753.914291381836 Difference:  140.86431884765625
Budget constraint satisfied 6604.643768310547 6753.914291381836 Difference:  149.27052307128906
smallest_eigenvalues: [-0.4157669898965494]
smallest_bitstrings: ['1011010110']
first_excited_energy: -0.4157383619160148
optimized_portfolio: [{'AAPL': 13, 'AMGN': 13}]
second_optimized_portfolio: [{'AAPL': 14, 'AMGN': 12}]
result_with_budget: [{'portfolio': {'AAPL': 13, 'AMGN': 13}, 'budget': 6613.04997253418, 'difference': 140.86431884765625, 'objective_value': -100624.09960629961}]
result_with_budget_excited: [{'portfolio': {'AAPL': 14, 'AMGN': 12}, 'budget': 6604.643768310547, 'difference': 149.27052307128906, 'objective_value': -100935.3951939526}]
Initial params:  [0.58649568 0.94222511 0.00580445 3.00872363 1.66548412 2.23861029
 1.01418524 0.34695246 0.84059302 1.68657918 1.82351929 2.44179191
 0.16670444 3.08697915 2.55407485 1.1358612  1.58502622 2.285718
 0.62475696 0.89387513]
(6_w,12)-aCMA-ES (mu_w=3.7,w_1=40%) in dimension 20 (seed=217187, Sun Mar 16 10:30:27 2025)
Iterat #Fevals   function value  axis ratio  sigma  min&max std  t[m:s]
    1     12 -3.366292203575780e-01 1.0e+00 1.41e+00  1e+00  1e+00 0:27.2
    2     24 -3.086335821099772e-01 1.1e+00 1.35e+00  1e+00  1e+00 0:54.4
    3     36 -3.439670619763843e-01 1.1e+00 1.35e+00  1e+00  1e+00 1:21.6
    4     48 -3.132312431276562e-01 1.2e+00 1.38e+00  1e+00  1e+00 1:48.8
    5     60 -3.121575891120466e-01 1.2e+00 1.45e+00  1e+00  2e+00 2:16.1
    6     72 -3.383722058058679e-01 1.3e+00 1.47e+00  1e+00  2e+00 2:43.4
    7     84 -3.712443163817591e-01 1.3e+00 1.52e+00  1e+00  2e+00 3:10.5
    8     96 -2.952918663799800e-01 1.4e+00 1.53e+00  1e+00  2e+00 3:37.7
    9    108 -3.733655029655775e-01 1.4e+00 1.50e+00  1e+00  2e+00 4:05.0
   10    120 -3.475294849731229e-01 1.5e+00 1.46e+00  1e+00  2e+00 4:32.4
   11    132 -3.369904982536389e-01 1.5e+00 1.38e+00  1e+00  1e+00 4:59.8
   12    144 -3.439016206291283e-01 1.5e+00 1.36e+00  1e+00  1e+00 5:26.8
   13    156 -3.655817232846590e-01 1.6e+00 1.34e+00  1e+00  1e+00 5:54.0
   14    168 -3.629605950167136e-01 1.6e+00 1.29e+00  1e+00  1e+00 6:21.3
   15    180 -3.429703657928371e-01 1.6e+00 1.24e+00  1e+00  1e+00 6:48.6
   16    192 -3.131487077685876e-01 1.6e+00 1.21e+00  1e+00  1e+00 7:15.6
   17    204 -3.414622298302496e-01 1.6e+00 1.19e+00  1e+00  1e+00 7:42.9
   18    216 -3.552676375893810e-01 1.6e+00 1.15e+00  1e+00  1e+00 8:10.1
   19    228 -3.412821431911261e-01 1.6e+00 1.13e+00  1e+00  1e+00 8:37.5
   20    240 -3.664057361817921e-01 1.7e+00 1.09e+00  1e+00  1e+00 9:04.6
   21    252 -3.621514004976487e-01 1.6e+00 1.07e+00  1e+00  1e+00 9:31.8
   22    264 -3.587097668880200e-01 1.7e+00 1.09e+00  1e+00  1e+00 9:59.0
   23    276 -3.217558259832637e-01 1.7e+00 1.12e+00  1e+00  1e+00 10:26.4
   24    288 -3.358206139136701e-01 1.7e+00 1.10e+00  1e+00  1e+00 10:53.5
   25    300 -3.679165809676914e-01 1.7e+00 1.10e+00  1e+00  1e+00 11:20.7
   26    312 -3.613983210995147e-01 1.7e+00 1.12e+00  1e+00  1e+00 11:47.9
   27    324 -3.370179666207805e-01 1.7e+00 1.10e+00  1e+00  1e+00 12:15.2
   28    336 -3.264565265881580e-01 1.8e+00 1.09e+00  1e+00  1e+00 12:42.3
   30    360 -2.757213422323143e-01 1.8e+00 1.14e+00  1e+00  1e+00 13:36.8
   32    384 -3.011514533743707e-01 1.8e+00 1.10e+00  1e+00  1e+00 14:31.3
   34    408 -3.417428794243550e-01 1.9e+00 1.01e+00  9e-01  1e+00 15:25.5
   36    432 -3.163587401242361e-01 1.9e+00 1.01e+00  9e-01  1e+00 16:20.1
   38    456 -2.920621114259637e-01 1.9e+00 1.03e+00  9e-01  1e+00 17:14.3
   40    480 -3.492149168472064e-01 1.9e+00 9.76e-01  9e-01  1e+00 18:08.9
   42    504 -3.255210497598118e-01 1.9e+00 1.02e+00  9e-01  1e+00 19:03.2
   44    528 -3.119638870367099e-01 2.0e+00 1.02e+00  9e-01  1e+00 19:57.9
   46    552 -2.955538855801834e-01 2.0e+00 9.49e-01  8e-01  1e+00 20:52.2
   48    576 -3.311638535295335e-01 1.9e+00 8.86e-01  8e-01  1e+00 21:46.8
   50    600 -3.554916614161839e-01 2.0e+00 8.73e-01  7e-01  1e+00 22:41.0
   52    624 -3.246221185435324e-01 2.2e+00 8.85e-01  8e-01  1e+00 23:35.5
   54    648 -3.417830580579577e-01 2.3e+00 8.91e-01  8e-01  1e+00 24:29.7
   56    672 -3.571619059701775e-01 2.2e+00 9.27e-01  8e-01  1e+00 25:24.2
   58    696 -3.519605568435147e-01 2.3e+00 8.82e-01  8e-01  1e+00 26:18.5
   60    720 -3.320369290101006e-01 2.3e+00 8.11e-01  7e-01  9e-01 27:13.0
   62    744 -3.673739439926488e-01 2.3e+00 7.20e-01  6e-01  8e-01 28:07.4
   64    768 -3.297769602294216e-01 2.3e+00 6.94e-01  6e-01  8e-01 29:01.7
   66    792 -3.118267973948810e-01 2.3e+00 6.66e-01  6e-01  8e-01 29:55.9
   68    816 -2.962414619488978e-01 2.3e+00 6.53e-01  6e-01  7e-01 30:50.4
   70    840 -3.462045246293531e-01 2.3e+00 6.76e-01  6e-01  8e-01 31:44.6
   72    864 -3.246683913064367e-01 2.3e+00 6.45e-01  5e-01  7e-01 32:39.1
   74    888 -3.648687398769443e-01 2.4e+00 6.19e-01  5e-01  7e-01 33:33.2
   76    912 -3.750942590103591e-01 2.5e+00 6.08e-01  5e-01  7e-01 34:27.6
   78    936 -3.449126715805713e-01 2.4e+00 6.41e-01  5e-01  7e-01 35:21.8
   80    960 -3.203014348025497e-01 2.5e+00 6.70e-01  6e-01  8e-01 36:16.2
   82    984 -3.666361089635333e-01 2.5e+00 6.53e-01  6e-01  8e-01 37:10.3
   85   1020 -3.449165237986912e-01 2.5e+00 6.35e-01  5e-01  7e-01 38:31.8
   88   1056 -3.063272713174209e-01 2.5e+00 5.64e-01  5e-01  6e-01 39:53.4
   91   1092 -3.597543706173105e-01 2.6e+00 5.42e-01  4e-01  6e-01 41:14.8
   94   1128 -3.105728467252356e-01 2.6e+00 4.96e-01  4e-01  6e-01 42:36.1
   97   1164 -3.646477735772329e-01 2.6e+00 5.17e-01  4e-01  6e-01 43:57.6
  100   1200 -3.228613045457865e-01 2.7e+00 4.91e-01  4e-01  6e-01 45:19.1
  103   1236 -3.004905784428684e-01 2.7e+00 4.99e-01  4e-01  6e-01 46:40.8
  106   1272 -3.164271581305251e-01 2.7e+00 4.74e-01  4e-01  5e-01 48:02.2
