Running job array 59 on milan26.int.triton.aalto.fi
Starting at Sat Mar 22 10:19:11 EET 2025
Activating virtual environment at /scratch/work/uotilav2/quantum-portfolio/venv
Processing batch 60/100: experiments 59 to 59 (total 1)
Processing experiment 59
Budget: 1837
YF.download() has changed argument auto_adjust default to True
Number of qubits for asset DOW: 6
Number of qubits for asset HON: 4
Number of qubits for asset JNJ: 4
Total number of qubits:  14
Optimized Weights (considering variance, skewness and kurtosis):
DOW: 0.00%
HON: 72.40%
JNJ: 27.60%
Left over budget:  19.061288217211768
Optimized Discrete Allocation:
DOW: 1
HON: 6
JNJ: 3
Maximized utility from continuous higher moments:  -198.86796544217134
Budget constraint satisfied 1834.4811668395996 1837 Difference:  2.5188331604003906
smallest_eigenvalues: [-0.09681169002623301]
smallest_bitstrings: ['11000011101000']
first_excited_energy: None
optimized_portfolio: [{'DOW': 3, 'HON': 7, 'JNJ': 1}]
second_optimized_portfolio: None
result_with_budget: [{'portfolio': {'DOW': 3, 'HON': 7, 'JNJ': 1}, 'budget': 1834.4811668395996, 'difference': 2.5188331604003906, 'objective_value': -330.3648322198644}]
result_with_budget_excited: None
Initial params:  [2.51063067 1.44978017 2.45210473 0.37157007 2.01037118 0.45035763
 2.96776493 1.63943485 1.3026989  0.83112597 2.43232687 1.43303853
 1.78578792 0.0590299  1.94035914 1.92295543 1.93815531 2.96487203
 2.14200164 1.12942738]
(6_w,12)-aCMA-ES (mu_w=3.7,w_1=40%) in dimension 20 (seed=721200, Sat Mar 22 10:27:52 2025)
Iterat #Fevals   function value  axis ratio  sigma  min&max std  t[m:s]
    1     12 -5.443803713135432e-02 1.0e+00 9.33e-02  9e-02  9e-02 1:45.4
    2     24 -6.311980358088334e-02 1.1e+00 9.00e-02  9e-02  9e-02 3:31.2
    3     36 -6.538983285112565e-02 1.1e+00 9.03e-02  9e-02  9e-02 5:19.8
    4     48 -7.082153811203488e-02 1.2e+00 9.51e-02  9e-02  1e-01 7:08.5
    5     60 -7.152402924777713e-02 1.2e+00 9.81e-02  9e-02  1e-01 8:57.6
    6     72 -6.946599173982418e-02 1.3e+00 9.83e-02  9e-02  1e-01 10:46.3
    7     84 -6.972041917527834e-02 1.4e+00 1.02e-01  1e-01  1e-01 12:34.8
    8     96 -6.708718983027809e-02 1.4e+00 1.05e-01  1e-01  1e-01 14:23.4
    9    108 -7.070653759697805e-02 1.5e+00 1.10e-01  1e-01  1e-01 16:11.6
   10    120 -6.969345374517406e-02 1.5e+00 1.12e-01  1e-01  1e-01 18:00.6
   11    132 -7.171971743590501e-02 1.5e+00 1.12e-01  1e-01  1e-01 19:49.6
   12    144 -6.996871871061784e-02 1.6e+00 1.12e-01  1e-01  1e-01 21:38.1
   13    156 -6.998074607011427e-02 1.6e+00 1.12e-01  1e-01  1e-01 23:26.2
   14    168 -6.799675576503607e-02 1.7e+00 1.18e-01  1e-01  1e-01 25:17.6
   15    180 -6.929792365260716e-02 1.7e+00 1.19e-01  1e-01  1e-01 27:09.7
   16    192 -6.893271007481225e-02 1.7e+00 1.18e-01  1e-01  1e-01 29:01.5
   17    204 -7.313991857261638e-02 1.7e+00 1.19e-01  1e-01  1e-01 30:53.1
   18    216 -7.134990896117560e-02 1.7e+00 1.19e-01  1e-01  1e-01 32:44.6
   19    228 -7.228817784664066e-02 1.7e+00 1.18e-01  1e-01  1e-01 34:36.3
   20    240 -7.045048530933370e-02 1.7e+00 1.14e-01  1e-01  1e-01 36:27.5
   21    252 -6.998634541350054e-02 1.8e+00 1.09e-01  1e-01  1e-01 38:08.2
   22    264 -7.135677800236771e-02 1.8e+00 1.07e-01  1e-01  1e-01 39:48.8
   23    276 -7.215939761318658e-02 1.8e+00 1.04e-01  9e-02  1e-01 41:27.5
   24    288 -7.282742896998615e-02 1.8e+00 1.00e-01  9e-02  1e-01 43:04.8
   25    300 -7.358848749422650e-02 1.8e+00 9.89e-02  9e-02  1e-01 44:41.7
   26    312 -7.079838233927653e-02 1.8e+00 9.72e-02  9e-02  1e-01 46:18.2
   27    324 -7.235496812140527e-02 1.9e+00 9.73e-02  9e-02  1e-01 47:52.9
   28    336 -7.400739819627719e-02 1.9e+00 1.02e-01  9e-02  1e-01 49:29.0
   29    348 -7.273389586562908e-02 1.9e+00 1.05e-01  9e-02  1e-01 51:08.9
   30    360 -7.252888760120274e-02 2.0e+00 1.05e-01  9e-02  1e-01 52:49.0
   31    372 -7.454858592567994e-02 2.0e+00 1.04e-01  9e-02  1e-01 54:28.6
   32    384 -7.328606624338625e-02 2.1e+00 1.04e-01  9e-02  1e-01 56:08.8
   33    396 -7.467941554891004e-02 2.1e+00 1.03e-01  9e-02  1e-01 57:48.7
   34    408 -7.569785626648443e-02 2.2e+00 1.02e-01  9e-02  1e-01 59:28.5
   35    420 -7.565091095231012e-02 2.3e+00 1.06e-01  9e-02  1e-01 61:06.7
   36    432 -7.434525317894961e-02 2.3e+00 1.14e-01  1e-01  1e-01 62:41.0
   37    444 -7.711376951215715e-02 2.4e+00 1.17e-01  1e-01  1e-01 64:15.9
   38    456 -7.169593109594263e-02 2.4e+00 1.18e-01  1e-01  1e-01 65:50.7
   39    468 -7.459455724061297e-02 2.5e+00 1.12e-01  1e-01  1e-01 67:25.4
   40    480 -7.439606916300855e-02 2.5e+00 1.08e-01  9e-02  1e-01 68:59.7
   41    492 -7.334853312929812e-02 2.4e+00 1.06e-01  9e-02  1e-01 70:34.5
   42    504 -7.554056029759773e-02 2.4e+00 1.05e-01  9e-02  1e-01 72:08.8
   43    516 -7.423221740980553e-02 2.5e+00 1.02e-01  9e-02  1e-01 73:43.8
   44    528 -7.652837147237750e-02 2.5e+00 1.04e-01  9e-02  1e-01 75:18.4
   45    540 -7.802032583905957e-02 2.5e+00 1.06e-01  9e-02  1e-01 76:53.2
   46    552 -7.770473412665979e-02 2.5e+00 1.02e-01  9e-02  1e-01 78:27.8
   47    564 -7.731644321971312e-02 2.5e+00 9.99e-02  9e-02  1e-01 80:02.4
   48    576 -7.724602577411840e-02 2.5e+00 9.70e-02  9e-02  1e-01 81:37.2
   49    588 -7.587773620142214e-02 2.6e+00 9.17e-02  8e-02  1e-01 83:12.0
   50    600 -7.550179461197699e-02 2.6e+00 8.75e-02  8e-02  1e-01 84:47.0
   51    612 -7.545675763965687e-02 2.6e+00 8.72e-02  7e-02  1e-01 86:21.7
   52    624 -7.668242778969357e-02 2.6e+00 8.48e-02  7e-02  1e-01 87:56.6
   53    636 -7.692037104039560e-02 2.7e+00 8.46e-02  7e-02  1e-01 89:31.6
   54    648 -7.618503756531747e-02 2.7e+00 8.70e-02  7e-02  1e-01 91:06.3
   55    660 -7.536624886512173e-02 2.7e+00 8.96e-02  8e-02  1e-01 92:41.0
   56    672 -7.678554469639505e-02 2.8e+00 8.96e-02  8e-02  1e-01 94:15.5
   57    684 -7.471803895777190e-02 2.8e+00 8.98e-02  8e-02  1e-01 95:50.1
   58    696 -7.675216087219112e-02 2.9e+00 8.84e-02  8e-02  1e-01 97:24.7
   59    708 -7.744786334410313e-02 2.9e+00 8.81e-02  7e-02  1e-01 98:59.4
   60    720 -7.717582649770253e-02 2.9e+00 8.67e-02  7e-02  1e-01 100:34.1
   61    732 -7.681911653496024e-02 3.0e+00 8.43e-02  7e-02  1e-01 102:05.9
   62    744 -7.684390602300561e-02 3.0e+00 8.34e-02  7e-02  1e-01 103:37.2
   63    756 -7.760175028737430e-02 3.1e+00 8.09e-02  7e-02  9e-02 105:08.2
   64    768 -7.764592697819085e-02 3.1e+00 7.82e-02  6e-02  9e-02 106:39.3
   65    780 -7.797478756061398e-02 3.1e+00 7.37e-02  6e-02  9e-02 108:10.3
   66    792 -7.654105986375759e-02 3.2e+00 6.92e-02  6e-02  8e-02 109:40.2
   67    804 -7.745965746575313e-02 3.3e+00 6.65e-02  5e-02  8e-02 111:19.4
   68    816 -7.782246620641040e-02 3.3e+00 6.10e-02  5e-02  7e-02 113:00.0
   69    828 -7.737369825994847e-02 3.3e+00 5.81e-02  5e-02  7e-02 114:40.9
   70    840 -7.742017329644364e-02 3.3e+00 5.61e-02  5e-02  6e-02 116:21.6
   71    852 -7.778238069270843e-02 3.4e+00 5.54e-02  4e-02  6e-02 118:02.6
   72    864 -7.775514812015309e-02 3.3e+00 5.39e-02  4e-02  6e-02 119:43.4
   73    876 -7.771209441284814e-02 3.4e+00 5.21e-02  4e-02  6e-02 121:24.4
   74    888 -7.806753231704941e-02 3.5e+00 5.10e-02  4e-02  6e-02 123:05.2
   75    900 -7.745782072956491e-02 3.5e+00 5.14e-02  4e-02  6e-02 124:46.2
   76    912 -7.803559665958920e-02 3.6e+00 5.05e-02  4e-02  6e-02 126:26.6
   77    924 -7.818183980133274e-02 3.6e+00 5.00e-02  4e-02  6e-02 128:08.2
   78    936 -7.868891610141156e-02 3.6e+00 5.20e-02  4e-02  6e-02 129:48.9
   79    948 -7.881604402335265e-02 3.7e+00 5.32e-02  4e-02  6e-02 131:29.7
   80    960 -7.893583939712577e-02 3.7e+00 5.45e-02  4e-02  6e-02 133:10.2
   81    972 -7.961486313364591e-02 3.8e+00 5.59e-02  4e-02  6e-02 134:50.8
   82    984 -7.934987405142524e-02 3.9e+00 5.55e-02  4e-02  6e-02 136:31.4
   83    996 -7.911495016403258e-02 3.9e+00 5.66e-02  4e-02  6e-02 138:12.6
   84   1008 -8.001687518703697e-02 3.9e+00 5.98e-02  5e-02  7e-02 139:53.0
   85   1020 -8.013854968350424e-02 4.0e+00 6.29e-02  5e-02  7e-02 141:34.1
   86   1032 -7.971162744279162e-02 4.2e+00 6.47e-02  5e-02  7e-02 143:14.9
   87   1044 -7.980760005333791e-02 4.3e+00 6.82e-02  5e-02  8e-02 144:55.2
   88   1056 -8.034021250587101e-02 4.5e+00 6.99e-02  5e-02  8e-02 146:33.8
   89   1068 -8.020176870434935e-02 4.6e+00 7.25e-02  5e-02  9e-02 148:12.2
   90   1080 -8.065711187880158e-02 4.8e+00 7.42e-02  6e-02  9e-02 149:53.1
   91   1092 -8.066558300992914e-02 5.0e+00 7.79e-02  6e-02  9e-02 151:33.9
   92   1104 -7.981386005791527e-02 5.2e+00 8.15e-02  6e-02  1e-01 153:14.0
   93   1116 -8.124746738349221e-02 5.3e+00 8.18e-02  6e-02  1e-01 154:52.3
   94   1128 -8.062114180642323e-02 5.3e+00 8.32e-02  6e-02  1e-01 156:33.2
   95   1140 -8.105651918043595e-02 5.4e+00 8.18e-02  6e-02  1e-01 158:13.8
   96   1152 -8.040064381005313e-02 5.5e+00 8.08e-02  6e-02  1e-01 159:55.4
   97   1164 -8.030214923552624e-02 5.7e+00 7.77e-02  6e-02  9e-02 161:36.0
   98   1176 -8.078748338640666e-02 5.7e+00 7.56e-02  6e-02  9e-02 163:16.3
   99   1188 -8.132413042809891e-02 5.7e+00 7.40e-02  5e-02  9e-02 164:57.2
  100   1200 -8.175642260526333e-02 5.8e+00 7.53e-02  5e-02  9e-02 166:37.9
  101   1212 -8.131087790095179e-02 5.9e+00 7.76e-02  6e-02  1e-01 168:19.6
  103   1236 -8.154440129027687e-02 6.1e+00 8.20e-02  6e-02  1e-01 171:41.1
  105   1260 -8.138877767873152e-02 6.2e+00 8.70e-02  6e-02  1e-01 175:02.2
  107   1284 -8.232127235694216e-02 6.4e+00 9.11e-02  7e-02  1e-01 178:24.1
  109   1308 -8.178537872972487e-02 6.5e+00 8.63e-02  6e-02  1e-01 181:46.2
  111   1332 -8.225669461950859e-02 6.8e+00 8.47e-02  6e-02  1e-01 185:07.9
  113   1356 -8.156687816415548e-02 6.9e+00 9.03e-02  6e-02  1e-01 188:26.7
  115   1380 -8.207003010839432e-02 7.1e+00 9.45e-02  7e-02  1e-01 191:46.0
  117   1404 -8.187382903021724e-02 7.2e+00 1.02e-01  7e-02  1e-01 195:06.2
  119   1428 -8.086314083683054e-02 7.5e+00 1.06e-01  8e-02  1e-01 198:25.2
  121   1452 -8.186308287692520e-02 7.6e+00 1.11e-01  8e-02  1e-01 201:48.0
  123   1476 -8.189674556807869e-02 7.7e+00 1.14e-01  8e-02  1e-01 205:10.0
  125   1500 -8.136001050644533e-02 8.0e+00 1.12e-01  8e-02  1e-01 208:31.8
  127   1524 -8.233302191463056e-02 8.3e+00 1.04e-01  7e-02  1e-01 211:53.8
  129   1548 -8.277651706036303e-02 8.4e+00 9.62e-02  7e-02  1e-01 215:15.8
  131   1572 -8.262317233558002e-02 8.5e+00 8.97e-02  6e-02  1e-01 218:37.7
  133   1596 -8.265765139322488e-02 8.6e+00 8.09e-02  6e-02  1e-01 221:59.3
  135   1620 -8.272265467228203e-02 8.8e+00 7.37e-02  5e-02  9e-02 225:21.0
  137   1644 -8.264670451843215e-02 8.8e+00 6.94e-02  5e-02  9e-02 228:43.4
  139   1668 -8.269804029141291e-02 9.2e+00 6.49e-02  5e-02  8e-02 232:02.3
  141   1692 -8.275876780776477e-02 9.4e+00 6.14e-02  4e-02  8e-02 235:24.8
  143   1716 -8.281627386382992e-02 9.6e+00 5.78e-02  4e-02  7e-02 238:44.6
  145   1740 -8.324862373774360e-02 9.6e+00 5.72e-02  4e-02  7e-02 242:07.1
  147   1764 -8.329813901535676e-02 1.0e+01 5.47e-02  4e-02  7e-02 245:30.4
  149   1788 -8.337459772216395e-02 1.0e+01 5.26e-02  4e-02  7e-02 248:53.3
  151   1812 -8.333159952257675e-02 1.1e+01 5.15e-02  3e-02  7e-02 252:17.1
  153   1836 -8.385071933783045e-02 1.1e+01 5.02e-02  3e-02  7e-02 255:39.8
  155   1860 -8.414474009538900e-02 1.1e+01 4.98e-02  3e-02  7e-02 259:01.9
  157   1884 -8.442483553587722e-02 1.2e+01 5.27e-02  4e-02  7e-02 262:24.9
  159   1908 -8.476056936611824e-02 1.2e+01 5.55e-02  4e-02  8e-02 265:47.6
  161   1932 -8.507143431863580e-02 1.3e+01 6.17e-02  4e-02  9e-02 269:10.7
  163   1956 -8.477015186475718e-02 1.4e+01 6.86e-02  5e-02  1e-01 272:30.3
  165   1980 -8.547142982728288e-02 1.4e+01 7.06e-02  5e-02  1e-01 276:05.4
  167   2004 -8.551934435600132e-02 1.5e+01 6.69e-02  4e-02  1e-01 279:46.9
  169   2028 -8.551772986925546e-02 1.6e+01 6.53e-02  4e-02  9e-02 283:32.7
  171   2052 -8.568723247281587e-02 1.6e+01 6.53e-02  4e-02  1e-01 287:18.5
  173   2076 -8.538733492889559e-02 1.7e+01 6.20e-02  4e-02  9e-02 291:03.0
  175   2100 -8.582675665992665e-02 1.8e+01 6.14e-02  4e-02  9e-02 294:48.2
  177   2124 -8.591990618714569e-02 1.8e+01 6.07e-02  4e-02  9e-02 298:33.6
  179   2148 -8.600469042984171e-02 1.8e+01 5.97e-02  4e-02  9e-02 302:18.8
  181   2172 -8.600609646278544e-02 1.9e+01 5.63e-02  4e-02  9e-02 306:04.1
  183   2196 -8.600395092647868e-02 1.8e+01 5.30e-02  3e-02  8e-02 309:49.3
  185   2220 -8.612901497857003e-02 1.9e+01 5.19e-02  3e-02  8e-02 313:23.8
  187   2244 -8.612581891398177e-02 1.9e+01 5.25e-02  3e-02  8e-02 317:02.7
  189   2268 -8.626312689256951e-02 1.9e+01 5.24e-02  3e-02  8e-02 320:44.5
  191   2292 -8.617982794852115e-02 2.0e+01 4.78e-02  3e-02  7e-02 324:23.9
  193   2316 -8.629902787938896e-02 1.9e+01 4.10e-02  3e-02  6e-02 328:06.6
  195   2340 -8.637966154817853e-02 1.9e+01 3.89e-02  2e-02  6e-02 331:48.8
  197   2364 -8.627870476805474e-02 2.0e+01 3.85e-02  2e-02  6e-02 335:31.4
  199   2388 -8.642422904362923e-02 2.0e+01 3.74e-02  2e-02  6e-02 339:09.0
  200   2400 -8.645198045582288e-02 2.0e+01 3.74e-02  2e-02  6e-02 340:53.7
  202   2424 -8.656601595838795e-02 2.0e+01 3.81e-02  2e-02  6e-02 344:22.4
  204   2448 -8.656431039079737e-02 2.0e+01 4.08e-02  2e-02  6e-02 347:50.4
  206   2472 -8.656966138860295e-02 2.0e+01 4.23e-02  2e-02  6e-02 351:18.6
  208   2496 -8.660465084547565e-02 2.0e+01 4.25e-02  2e-02  6e-02 354:47.3
  210   2520 -8.662513885164448e-02 2.0e+01 4.08e-02  2e-02  6e-02 358:13.9
  212   2544 -8.666609325381849e-02 2.1e+01 3.92e-02  2e-02  6e-02 361:40.8
  214   2568 -8.661584099026411e-02 2.1e+01 3.90e-02  2e-02  6e-02 365:07.6
  216   2592 -8.666989438308129e-02 2.1e+01 3.56e-02  2e-02  5e-02 368:35.2
  218   2616 -8.679220088743252e-02 2.1e+01 3.24e-02  2e-02  5e-02 372:04.1
  220   2640 -8.679962734480996e-02 2.1e+01 3.17e-02  2e-02  5e-02 375:32.6
  222   2664 -8.689306882364566e-02 2.2e+01 3.23e-02  2e-02  5e-02 379:02.0
  224   2688 -8.688277536118177e-02 2.3e+01 3.25e-02  2e-02  5e-02 382:29.9
  226   2712 -8.691778721545063e-02 2.3e+01 3.21e-02  2e-02  5e-02 385:59.1
  228   2736 -8.687891267824800e-02 2.3e+01 3.13e-02  2e-02  5e-02 389:27.2
  230   2760 -8.692987403637664e-02 2.3e+01 2.98e-02  2e-02  5e-02 392:56.0
  232   2784 -8.699904511908373e-02 2.3e+01 2.98e-02  2e-02  5e-02 396:24.7
  234   2808 -8.700715269800421e-02 2.3e+01 2.92e-02  1e-02  5e-02 399:52.3
  236   2832 -8.703951519943255e-02 2.3e+01 2.81e-02  1e-02  4e-02 403:18.8
  238   2856 -8.700792779952811e-02 2.3e+01 2.60e-02  1e-02  4e-02 406:46.7
  240   2880 -8.704786683361654e-02 2.3e+01 2.41e-02  1e-02  4e-02 410:13.9
  242   2904 -8.708472944010895e-02 2.4e+01 2.24e-02  1e-02  4e-02 413:43.1
  244   2928 -8.710378621728002e-02 2.4e+01 2.20e-02  1e-02  4e-02 417:12.1
  246   2952 -8.708753631762849e-02 2.4e+01 2.26e-02  1e-02  4e-02 420:41.0
  248   2976 -8.714405177598945e-02 2.4e+01 2.43e-02  1e-02  4e-02 424:09.6
  250   3000 -8.716082566512269e-02 2.3e+01 2.52e-02  1e-02  4e-02 427:37.8
  252   3024 -8.719007609479519e-02 2.3e+01 2.52e-02  1e-02  4e-02 431:06.2
  254   3048 -8.720260902165711e-02 2.3e+01 2.45e-02  1e-02  4e-02 434:34.5
  256   3072 -8.722214144107303e-02 2.3e+01 2.41e-02  1e-02  4e-02 438:03.1
  258   3096 -8.726723598398749e-02 2.3e+01 2.63e-02  1e-02  4e-02 441:28.3
  260   3120 -8.726820967831987e-02 2.3e+01 3.03e-02  1e-02  5e-02 444:46.9
  262   3144 -8.730183963692979e-02 2.4e+01 3.33e-02  2e-02  5e-02 448:15.7
  264   3168 -8.732336896522476e-02 2.4e+01 3.45e-02  2e-02  5e-02 451:41.3
  266   3192 -8.733806771339668e-02 2.4e+01 3.74e-02  2e-02  6e-02 455:09.8
  268   3216 -8.729094820700732e-02 2.5e+01 3.84e-02  2e-02  6e-02 458:38.3
  270   3240 -8.732169014641238e-02 2.6e+01 3.72e-02  2e-02  6e-02 462:06.8
  272   3264 -8.731092285872878e-02 2.6e+01 3.37e-02  2e-02  5e-02 465:34.7
  274   3288 -8.732804210547232e-02 2.6e+01 3.17e-02  1e-02  5e-02 469:02.6
  276   3312 -8.735039513991119e-02 2.7e+01 3.03e-02  1e-02  5e-02 472:31.1
  278   3336 -8.735791612471350e-02 2.6e+01 2.79e-02  1e-02  4e-02 475:59.4
  280   3360 -8.738373721115310e-02 2.6e+01 2.56e-02  1e-02  4e-02 479:28.0
  282   3384 -8.737947589433744e-02 2.7e+01 2.61e-02  1e-02  4e-02 482:55.7
  284   3408 -8.738129559972246e-02 2.7e+01 2.80e-02  1e-02  4e-02 486:22.5
  286   3432 -8.738450291104534e-02 2.8e+01 3.08e-02  1e-02  5e-02 489:51.0
  288   3456 -8.741007781762736e-02 2.8e+01 3.15e-02  1e-02  5e-02 493:17.5
  290   3480 -8.738708316852289e-02 2.9e+01 3.35e-02  2e-02  5e-02 496:46.1
  292   3504 -8.742888590016987e-02 2.9e+01 3.22e-02  1e-02  5e-02 500:14.9
  294   3528 -8.742055536621879e-02 2.9e+01 2.94e-02  1e-02  4e-02 503:43.6
  296   3552 -8.745886697898754e-02 2.9e+01 2.71e-02  1e-02  4e-02 507:11.4
  298   3576 -8.744018434683182e-02 3.0e+01 2.55e-02  1e-02  4e-02 510:39.7
  300   3600 -8.745707056238397e-02 3.0e+01 2.47e-02  1e-02  4e-02 514:08.2
Budget constraint satisfied 1378.9662742614746 1837 Difference:  458.0337257385254
Budget constraint satisfied 1404.24072265625 1837 Difference:  432.75927734375
two_most_probable_states: ['11000100000000', '00000100001000']
final_expectation_value: -0.08745886697898754
params: [1.2029838140358258, 3.2423773515323884, 3.8171112824972755, 0.7668627912337553, 3.5803632864938297, -2.137321926570017, 3.3158831496941317, 2.6208243408049032, 1.8376711772330416, -1.3359389131951915, 2.616292241033221, 1.765783628374223, 1.8828265377347553, 0.4671230124935388, 1.913738798105802, 2.2978567085629003, 2.3446906686840108, 2.551084509714716, 2.528425402566243, 0.27549492238499945]
total_steps: 300
states_probs: [0.0007053278021535762, 0.0007057741332935597]
optimized_portfolios: [{'DOW': 35, 'HON': 0, 'JNJ': 0}, {'DOW': 32, 'HON': 0, 'JNJ': 1}]
objective_values: [-92097.87912442404, -67629.54580746507]
result_with_budget: [{'portfolio': {'DOW': 35, 'HON': 0, 'JNJ': 0}, 'budget': 1378.9662742614746, 'difference': 458.0337257385254}, {'portfolio': {'DOW': 32, 'HON': 0, 'JNJ': 1}, 'budget': 1404.24072265625, 'difference': 432.75927734375}]
Batch 60/100 completed. Results saved to portfolio_optimization_results_batch_59.json
Job finished at Sat Mar 22 19:02:39 EET 2025
