Running job array 19 on pe77.int.triton.aalto.fi
Starting at Fri Mar 21 16:01:41 EET 2025
Activating virtual environment at /scratch/work/uotilav2/quantum-portfolio/venv
Processing batch 20/100: experiments 19 to 19 (total 1)
Processing experiment 19
Budget: 407
YF.download() has changed argument auto_adjust default to True
Number of qubits for asset HON: 1
Number of qubits for asset KO: 3
Number of qubits for asset PG: 2
Number of qubits for asset TRV: 1
Total number of qubits:  7
Optimized Weights (considering variance, skewness and kurtosis):
HON: 37.33%
KO: 0.00%
PG: 39.96%
TRV: 22.71%
Left over budget:  15.678588830028787
Optimized Discrete Allocation:
HON: 1
PG: 1
Maximized utility from continuous higher moments:  -0.18622306549750678
Budget constraint satisfied 406.5424041748047 407 Difference:  0.4575958251953125
Budget constraint not satisfied 410.09923934936523 407 Difference:  -3.0992393493652344
smallest_eigenvalues: [-0.20331286392858205]
smallest_bitstrings: ['0000101']
first_excited_energy: -0.20330002592624016
optimized_portfolio: [{'HON': 0, 'KO': 0, 'PG': 1, 'TRV': 1}]
second_optimized_portfolio: [{'HON': 1, 'KO': 3, 'PG': 0, 'TRV': 0}]
result_with_budget: [{'portfolio': {'HON': 0, 'KO': 0, 'PG': 1, 'TRV': 1}, 'budget': 406.5424041748047, 'difference': 0.4575958251953125, 'objective_value': -0.22720650423086866}]
result_with_budget_excited: [{'portfolio': {'HON': 1, 'KO': 3, 'PG': 0, 'TRV': 0}, 'budget': 410.09923934936523, 'difference': -3.0992393493652344, 'objective_value': -7.425692209122694}]
Initial params:  [0.27372477 0.06351797 2.61575239 2.44465153 2.73322377 3.07442019
 2.51063067 1.44978017 2.45210473 0.37157007 2.01037118 0.45035763
 2.96776493 1.63943485]
(5_w,11)-aCMA-ES (mu_w=3.4,w_1=42%) in dimension 14 (seed=612086, Fri Mar 21 16:02:00 2025)
Iterat #Fevals   function value  axis ratio  sigma  min&max std  t[m:s]
    1     11 1.872299437905707e-01 1.0e+00 1.00e-01  1e-01  1e-01 0:04.2
    2     22 -8.558511471948500e-02 1.2e+00 1.08e-01  1e-01  1e-01 0:08.5
    3     33 -1.457897649776190e-01 1.2e+00 1.23e-01  1e-01  1e-01 0:12.7
    4     44 -1.466867303208680e-01 1.3e+00 1.33e-01  1e-01  1e-01 0:16.9
    5     55 -1.433876837318761e-01 1.3e+00 1.38e-01  1e-01  1e-01 0:21.2
    7     77 -1.608005963102928e-01 1.3e+00 1.45e-01  1e-01  2e-01 0:29.6
    9     99 -1.600015895829396e-01 1.3e+00 1.42e-01  1e-01  1e-01 0:38.1
   11    121 -1.667222677987348e-01 1.4e+00 1.31e-01  1e-01  1e-01 0:46.6
   13    143 -1.658864096670324e-01 1.4e+00 1.35e-01  1e-01  1e-01 0:55.1
   16    176 -1.690944695226586e-01 1.7e+00 1.49e-01  1e-01  2e-01 1:08.0
   19    209 -1.536234972983505e-01 1.8e+00 1.38e-01  1e-01  2e-01 1:20.9
   22    242 -1.737749321085235e-01 1.9e+00 1.33e-01  1e-01  1e-01 1:33.7
   25    275 -1.697833499736798e-01 2.0e+00 1.26e-01  1e-01  1e-01 1:46.3
   29    319 -1.740809675354965e-01 2.3e+00 1.23e-01  9e-02  1e-01 2:03.4
   33    363 -1.752650464033491e-01 2.5e+00 1.16e-01  9e-02  1e-01 2:20.5
   37    407 -1.724022262325159e-01 2.4e+00 1.13e-01  8e-02  1e-01 2:37.5
   41    451 -1.780208247463261e-01 2.8e+00 1.00e-01  7e-02  1e-01 2:54.6
   46    506 -1.760341085957894e-01 3.1e+00 9.25e-02  6e-02  1e-01 3:15.8
   51    561 -1.792649498679043e-01 3.5e+00 6.76e-02  4e-02  8e-02 3:37.0
   56    616 -1.818157557988213e-01 3.9e+00 7.43e-02  5e-02  9e-02 3:58.6
   61    671 -1.818878139729170e-01 4.3e+00 7.06e-02  4e-02  9e-02 4:19.9
   66    726 -1.823281842526725e-01 5.0e+00 6.62e-02  4e-02  9e-02 4:41.1
   72    792 -1.833166648692902e-01 6.0e+00 5.95e-02  4e-02  8e-02 5:06.6
   78    858 -1.834278341684115e-01 6.4e+00 3.95e-02  2e-02  5e-02 5:32.1
   84    924 -1.837688396518370e-01 7.0e+00 3.39e-02  2e-02  5e-02 5:57.6
   90    990 -1.838866884559072e-01 7.7e+00 2.84e-02  2e-02  4e-02 6:23.3
   97   1067 -1.841139369496201e-01 9.0e+00 2.11e-02  1e-02  3e-02 6:53.1
  100   1100 -1.841578207146723e-01 9.4e+00 1.85e-02  9e-03  3e-02 7:05.8
  107   1177 -1.841897678256237e-01 1.1e+01 1.35e-02  6e-03  2e-02 7:36.0
  114   1254 -1.842877962579294e-01 1.3e+01 1.28e-02  6e-03  2e-02 8:06.0
  122   1342 -1.843515741858212e-01 1.3e+01 1.58e-02  7e-03  3e-02 8:39.9
  130   1430 -1.844267812933414e-01 1.7e+01 1.59e-02  7e-03  3e-02 9:14.1
  138   1518 -1.845408410265390e-01 2.1e+01 2.34e-02  9e-03  5e-02 9:48.2
  146   1606 -1.846851381041963e-01 2.6e+01 2.38e-02  8e-03  6e-02 10:22.2
  155   1705 -1.849858255337921e-01 3.3e+01 2.51e-02  8e-03  7e-02 11:00.5
  164   1804 -1.853904542334668e-01 4.5e+01 3.36e-02  1e-02  1e-01 11:38.9
  173   1903 -1.855232635251882e-01 5.0e+01 4.16e-02  1e-02  2e-01 12:17.6
  182   2002 -1.857450187658962e-01 4.6e+01 3.76e-02  1e-02  1e-01 12:55.8
  191   2101 -1.858665006590195e-01 4.8e+01 3.06e-02  7e-03  1e-01 13:34.7
  200   2200 -1.859568496832686e-01 4.7e+01 3.17e-02  7e-03  1e-01 14:13.7
  210   2310 -1.861466038134026e-01 4.7e+01 3.07e-02  6e-03  1e-01 14:56.8
  220   2420 -1.862948019999450e-01 4.6e+01 3.67e-02  6e-03  1e-01 15:39.3
  230   2530 -1.864460385246306e-01 4.5e+01 3.57e-02  6e-03  1e-01 16:21.8
  241   2651 -1.866424857304878e-01 4.5e+01 3.03e-02  5e-03  9e-02 17:08.5
  252   2772 -1.868485231116661e-01 4.8e+01 2.75e-02  4e-03  8e-02 17:55.1
  263   2893 -1.869600873027139e-01 6.1e+01 3.72e-02  6e-03  1e-01 18:41.8
  274   3014 -1.870443182503519e-01 6.7e+01 2.80e-02  4e-03  1e-01 19:28.5
  286   3146 -1.870914508694896e-01 7.4e+01 2.61e-02  3e-03  1e-01 20:19.5
  298   3278 -1.871251582899435e-01 7.5e+01 2.15e-02  3e-03  8e-02 21:10.4
  300   3300 -1.871244615371584e-01 7.7e+01 2.16e-02  3e-03  8e-02 21:19.0
  312   3432 -1.871496533401422e-01 8.2e+01 1.34e-02  2e-03  5e-02 22:10.2
  324   3564 -1.871615342348694e-01 8.9e+01 1.26e-02  1e-03  5e-02 23:01.2
  337   3707 -1.871690089867599e-01 9.9e+01 9.47e-03  1e-03  3e-02 23:56.4
  350   3850 -1.871746348584670e-01 1.1e+02 1.01e-02  1e-03  4e-02 24:51.7
  363   3993 -1.871821820680927e-01 1.1e+02 9.21e-03  9e-04  3e-02 25:47.0
  376   4136 -1.872063728817605e-01 1.4e+02 1.86e-02  2e-03  6e-02 26:42.9
  390   4290 -1.872959127780103e-01 1.5e+02 3.05e-02  3e-03  1e-01 27:43.0
  400   4400 -1.873548383376392e-01 1.5e+02 3.31e-02  3e-03  1e-01 28:25.4
  414   4554 -1.874901396833585e-01 1.4e+02 3.30e-02  3e-03  1e-01 29:25.0
  428   4708 -1.875302393106112e-01 1.4e+02 3.60e-02  3e-03  1e-01 30:25.0
  443   4873 -1.876445202333715e-01 1.3e+02 2.58e-02  2e-03  7e-02 31:28.8
  458   5038 -1.877213706804197e-01 1.3e+02 3.26e-02  2e-03  1e-01 32:32.8
  473   5203 -1.878421518365367e-01 1.2e+02 5.52e-02  3e-03  2e-01 33:37.3
  488   5368 -1.880153171871735e-01 1.3e+02 7.49e-02  4e-03  2e-01 34:41.2
  500   5500 -1.883952525993940e-01 1.3e+02 8.66e-02  5e-03  2e-01 35:32.7
  516   5676 -1.885529698891975e-01 1.4e+02 7.61e-02  4e-03  2e-01 36:41.2
  532   5852 -1.886817425383870e-01 1.5e+02 5.43e-02  3e-03  1e-01 37:48.9
  548   6028 -1.887701786570416e-01 1.5e+02 3.90e-02  2e-03  9e-02 38:57.0
  565   6215 -1.887948673252994e-01 1.4e+02 3.55e-02  1e-03  8e-02 40:09.2
  582   6402 -1.888353778438739e-01 1.4e+02 3.14e-02  1e-03  7e-02 41:21.4
  599   6589 -1.888557817735594e-01 1.3e+02 2.50e-02  1e-03  5e-02 42:34.4
  600   6600 -1.888546122887553e-01 1.3e+02 2.54e-02  1e-03  5e-02 42:38.6
  617   6787 -1.888663026626106e-01 1.3e+02 2.07e-02  8e-04  4e-02 43:50.9
  635   6985 -1.888694888798478e-01 1.5e+02 1.37e-02  5e-04  2e-02 45:07.8
  653   7183 -1.888710315830178e-01 1.5e+02 6.61e-03  2e-04  1e-02 46:25.2
  671   7381 -1.888715862928754e-01 2.0e+02 6.32e-03  2e-04  1e-02 47:42.2
  689   7579 -1.888717611996933e-01 2.6e+02 3.55e-03  1e-04  8e-03 48:59.4
  700   7700 -1.888717807669197e-01 2.7e+02 2.11e-03  7e-05  5e-03 49:46.1
  719   7909 -1.888717989833098e-01 2.5e+02 9.03e-04  3e-05  2e-03 51:08.1
  738   8118 -1.888718004621957e-01 2.8e+02 2.80e-04  8e-06  5e-04 52:29.6
  757   8327 -1.888718006049031e-01 3.0e+02 9.48e-05  3e-06  2e-04 53:51.3
  776   8536 -1.888718006154843e-01 2.7e+02 2.38e-05  5e-07  4e-05 55:12.8
  796   8756 -1.888718006158573e-01 2.9e+02 7.73e-06  2e-07  1e-05 56:37.8
  800   8800 -1.888718006159015e-01 3.0e+02 5.94e-06  1e-07  9e-06 56:54.8
  806   8866 -1.888718006159080e-01 3.0e+02 3.93e-06  8e-08  6e-06 57:20.1
Budget constraint satisfied 391.3214111328125 407 Difference:  15.6785888671875
Budget constraint satisfied 333.267822265625 407 Difference:  73.732177734375
two_most_probable_states: ['1000100', '0000010']
final_expectation_value: -0.18887180061591588
params: [2.8852616859004376, 5.00371490230334, 2.113087654241259, 3.479018967624415, 9.190576346068667, 5.398746625207315, 2.380085366302944, 2.3407992426456254, 1.9179624136460074, 0.5595231436807403, 2.410870485429065, 1.4713769447457186, 2.992462137583185, 1.7186226700785436]
total_steps: 806
states_probs: [0.03853701036895455, 0.05447156952223016]
optimized_portfolios: [{'HON': 1, 'KO': 0, 'PG': 1, 'TRV': 0}, {'HON': 0, 'KO': 0, 'PG': 2, 'TRV': 0}]
objective_values: [-0.18622306549750678, -0.6165536634848405]
result_with_budget: [{'portfolio': {'HON': 1, 'KO': 0, 'PG': 1, 'TRV': 0}, 'budget': 391.3214111328125, 'difference': 15.6785888671875}, {'portfolio': {'HON': 0, 'KO': 0, 'PG': 2, 'TRV': 0}, 'budget': 333.267822265625, 'difference': 73.732177734375}]
Batch 20/100 completed. Results saved to portfolio_optimization_results_batch_19.json
Job finished at Fri Mar 21 17:02:46 EET 2025
