Running job array 10 on milan6.int.triton.aalto.fi
Starting at Wed Mar 12 12:45:20 EET 2025
Activating virtual environment at /scratch/work/uotilav2/quantum-portfolio/venv
Processing batch 11/20: experiments 225 to 246 (total 22)
Processing experiment 225
Budget: 80.91999816894531
YF.download() has changed argument auto_adjust default to True
Number of qubits for asset JNJ: 1
Number of qubits for asset KO: 1
Number of qubits for asset MSFT: 1
Number of qubits for asset WBA: 4
Total number of qubits:  7
Optimized Weights (considering variance, skewness and kurtosis):
JNJ: 0.00%
KO: 0.00%
MSFT: 100.00%
WBA: 0.00%
Left over budget:  62.25999777615422
Optimized Discrete Allocation:
WBA: 2
Maximized utility from continuous higher moments:  0.8578578848320546
Budget constraint satisfied 80.91999816894531 80.91999816894531 Difference:  0.0
Budget constraint not satisfied 83.96999931335449 80.91999816894531 Difference:  -3.0500011444091797
smallest_eigenvalues: [-0.014122265992524126]
smallest_bitstrings: ['0100100']
first_excited_energy: -0.013976782578826678
optimized_portfolio: [{'JNJ': 0, 'KO': 1, 'MSFT': 0, 'WBA': 2}]
second_optimized_portfolio: [{'JNJ': 0, 'KO': 0, 'MSFT': 0, 'WBA': 9}]
result_with_budget: [{'portfolio': {'JNJ': 0, 'KO': 1, 'MSFT': 0, 'WBA': 2}, 'budget': 80.91999816894531, 'difference': 0.0, 'objective_value': 1.7412500414963454}]
result_with_budget_excited: [{'portfolio': {'JNJ': 0, 'KO': 0, 'MSFT': 0, 'WBA': 9}, 'budget': 83.96999931335449, 'difference': -3.0500011444091797, 'objective_value': -319.14093348256995}]
Initial params:  [0.27372477 0.06351797 2.61575239 2.44465153 2.73322377 3.07442019
 2.51063067 1.44978017 2.45210473 0.37157007 2.01037118 0.45035763
 2.96776493 1.63943485]
(5_w,11)-aCMA-ES (mu_w=3.4,w_1=42%) in dimension 14 (seed=837114, Wed Mar 12 12:45:37 2025)
Iterat #Fevals   function value  axis ratio  sigma  min&max std  t[m:s]
    1     11 4.407144819770777e-01 1.0e+00 9.50e-02  9e-02  1e-01 0:03.3
    2     22 2.964624047778177e-01 1.2e+00 9.40e-02  9e-02  1e-01 0:06.8
    3     33 2.688503902766157e-01 1.2e+00 9.47e-02  9e-02  1e-01 0:10.3
    4     44 2.188471763617344e-01 1.3e+00 9.68e-02  9e-02  1e-01 0:13.8
    6     66 1.305237585533522e-01 1.4e+00 1.08e-01  1e-01  1e-01 0:20.9
    8     88 7.524966981063262e-02 1.5e+00 1.24e-01  1e-01  1e-01 0:27.6
   10    110 3.497895579712199e-02 1.6e+00 1.36e-01  1e-01  2e-01 0:34.4
   13    143 2.113301766691144e-02 1.9e+00 1.62e-01  2e-01  2e-01 0:44.5
   16    176 8.174144098763337e-03 1.9e+00 1.57e-01  1e-01  2e-01 0:54.7
   19    209 7.746756171401642e-03 2.0e+00 1.59e-01  1e-01  2e-01 1:04.7
   23    253 1.259894125500184e-02 2.0e+00 1.39e-01  1e-01  1e-01 1:18.0
   27    297 4.090012142312877e-03 2.0e+00 1.30e-01  1e-01  1e-01 1:31.3
   31    341 6.311745261785631e-03 2.0e+00 1.06e-01  9e-02  1e-01 1:44.7
   35    385 -1.709399206722934e-03 2.2e+00 8.37e-02  7e-02  9e-02 1:58.1
   40    440 -4.702675429150686e-03 2.4e+00 8.61e-02  7e-02  1e-01 2:14.7
   45    495 -6.438675415387402e-03 2.5e+00 6.68e-02  5e-02  8e-02 2:31.6
   50    550 -6.119499918945135e-03 2.7e+00 6.08e-02  4e-02  7e-02 2:48.3
   56    616 -6.166834715119319e-03 2.9e+00 4.98e-02  3e-02  6e-02 3:08.5
   62    682 -6.738927053549565e-03 3.0e+00 3.27e-02  2e-02  4e-02 3:28.7
   68    748 -6.716883341593481e-03 3.4e+00 3.40e-02  2e-02  4e-02 3:48.8
   74    814 -7.240278082258427e-03 3.6e+00 4.02e-02  2e-02  5e-02 4:09.0
   81    891 -7.015038703744563e-03 4.4e+00 3.94e-02  2e-02  5e-02 4:32.5
   88    968 -7.342403991749431e-03 4.7e+00 2.86e-02  2e-02  3e-02 4:56.0
   95   1045 -7.426797862920540e-03 5.3e+00 2.31e-02  1e-02  3e-02 5:19.5
  100   1100 -7.465808156433102e-03 6.2e+00 2.12e-02  1e-02  3e-02 5:36.3
  108   1188 -7.511212534513034e-03 6.9e+00 1.72e-02  9e-03  2e-02 6:03.1
  116   1276 -7.549997563409426e-03 7.8e+00 1.23e-02  6e-03  2e-02 6:29.8
  125   1375 -7.592541636983375e-03 8.7e+00 1.33e-02  6e-03  2e-02 7:00.0
  134   1474 -7.634926583174586e-03 9.6e+00 1.63e-02  7e-03  2e-02 7:30.2
  143   1573 -7.676141387223137e-03 1.1e+01 1.71e-02  7e-03  2e-02 8:00.2
  152   1672 -7.705074798473314e-03 1.4e+01 1.48e-02  6e-03  2e-02 8:30.3
  162   1782 -7.731026105311698e-03 1.6e+01 1.11e-02  4e-03  2e-02 9:03.7
  172   1892 -7.763699272806525e-03 1.6e+01 1.25e-02  5e-03  2e-02 9:36.9
  182   2002 -7.783321381165071e-03 1.8e+01 1.91e-02  7e-03  3e-02 10:10.4
  193   2123 -7.830619109604331e-03 2.0e+01 2.11e-02  7e-03  3e-02 10:47.5
  200   2200 -7.846107127174935e-03 1.9e+01 1.77e-02  6e-03  3e-02 11:10.9
  211   2321 -7.876811583064228e-03 2.1e+01 1.25e-02  4e-03  2e-02 11:48.1
  223   2453 -7.903325659187216e-03 2.7e+01 1.68e-02  5e-03  3e-02 12:28.3
  235   2585 -7.911430974482629e-03 3.5e+01 2.22e-02  6e-03  4e-02 13:08.5
  247   2717 -7.932135586125951e-03 3.8e+01 1.56e-02  4e-03  3e-02 13:48.8
  259   2849 -7.946178207058268e-03 4.4e+01 1.58e-02  3e-03  3e-02 14:29.2
  272   2992 -7.952205779963792e-03 4.4e+01 1.64e-02  3e-03  4e-02 15:12.7
  285   3135 -7.953788069398240e-03 4.6e+01 1.90e-02  4e-03  4e-02 15:56.3
  298   3278 -7.959269693186133e-03 4.8e+01 1.35e-02  2e-03  3e-02 16:40.1
  300   3300 -7.960481288551495e-03 5.1e+01 1.19e-02  2e-03  3e-02 16:46.8
  314   3454 -7.969239950812126e-03 5.6e+01 1.79e-02  3e-03  4e-02 17:33.6
  328   3608 -7.976772022856099e-03 6.3e+01 1.78e-02  3e-03  5e-02 18:20.6
  342   3762 -7.982784770491613e-03 7.1e+01 1.21e-02  2e-03  3e-02 19:07.8
  357   3927 -7.987218497331423e-03 7.3e+01 7.91e-03  1e-03  2e-02 19:57.6
  372   4092 -7.989197781652781e-03 8.3e+01 6.99e-03  9e-04  2e-02 20:47.9
  387   4257 -7.991176867633421e-03 1.0e+02 7.32e-03  9e-04  2e-02 21:38.1
  400   4400 -7.993129932780830e-03 1.2e+02 8.94e-03  1e-03  2e-02 22:21.4
  416   4576 -7.995640597632884e-03 1.3e+02 9.57e-03  1e-03  2e-02 23:14.8
  432   4752 -7.999172241708980e-03 1.4e+02 1.07e-02  1e-03  2e-02 24:08.1
  449   4939 -8.001971644981331e-03 1.5e+02 7.68e-03  9e-04  2e-02 25:05.0
  466   5126 -8.004850578364999e-03 1.6e+02 6.78e-03  9e-04  2e-02 26:02.1
  483   5313 -8.007972832173523e-03 1.7e+02 1.29e-02  2e-03  3e-02 26:59.2
  500   5500 -8.009804990724277e-03 1.6e+02 1.25e-02  1e-03  3e-02 27:56.2
  518   5698 -8.011446311812848e-03 1.4e+02 7.69e-03  8e-04  1e-02 28:56.2
  536   5896 -8.014042197318091e-03 1.4e+02 1.38e-02  1e-03  2e-02 29:56.7
  554   6094 -8.017103799626963e-03 1.6e+02 1.46e-02  1e-03  2e-02 30:57.1
  573   6303 -8.019412240482486e-03 1.7e+02 1.25e-02  1e-03  2e-02 32:00.3
  592   6512 -8.021245184117690e-03 1.7e+02 1.31e-02  1e-03  2e-02 33:04.2
  600   6600 -8.022072680296111e-03 1.6e+02 1.27e-02  1e-03  2e-02 33:30.8
  620   6820 -8.023250761336625e-03 1.9e+02 1.28e-02  1e-03  2e-02 34:37.6
  640   7040 -8.024449103374248e-03 1.9e+02 8.27e-03  8e-04  1e-02 35:44.4
  660   7260 -8.025388137854392e-03 1.9e+02 1.16e-02  1e-03  2e-02 36:51.1
  681   7491 -8.025686895992028e-03 1.9e+02 9.41e-03  1e-03  1e-02 38:01.2
  700   7700 -8.026005974554985e-03 1.8e+02 6.31e-03  6e-04  9e-03 39:04.6
  721   7931 -8.026303473150379e-03 1.7e+02 1.19e-02  1e-03  2e-02 40:14.4
  742   8162 -8.026884278622691e-03 1.7e+02 9.69e-03  8e-04  1e-02 41:24.6
  764   8404 -8.027865246682702e-03 1.7e+02 1.53e-02  1e-03  2e-02 42:38.1
  786   8646 -8.028713996104024e-03 2.1e+02 1.34e-02  9e-04  1e-02 43:51.6
  800   8800 -8.029202488007507e-03 2.5e+02 1.88e-02  1e-03  2e-02 44:38.5
  821   9031 -8.029827173333172e-03 2.3e+02 1.17e-02  6e-04  1e-02 45:55.9
  842   9262 -8.030666022257750e-03 2.5e+02 2.04e-02  1e-03  2e-02 47:13.0
  863   9493 -8.031935264132619e-03 2.3e+02 2.68e-02  1e-03  2e-02 48:30.6
  884   9724 -8.033210413356100e-03 2.5e+02 2.84e-02  1e-03  2e-02 49:48.6
  900   9900 -8.033696033924939e-03 2.3e+02 1.49e-02  5e-04  1e-02 50:48.3
  922  10142 -8.035101510744562e-03 2.9e+02 4.05e-02  1e-03  3e-02 52:10.7
  944  10384 -8.035496489406074e-03 2.7e+02 2.18e-02  5e-04  2e-02 53:33.6
  966  10626 -8.035856403767890e-03 2.7e+02 2.00e-02  4e-04  1e-02 54:55.8
  988  10868 -8.036227359954620e-03 2.2e+02 1.50e-02  3e-04  9e-03 56:18.7
 1000  11000 -8.036369670965552e-03 1.9e+02 1.20e-02  2e-04  6e-03 57:03.6
Iterat #Fevals   function value  axis ratio  sigma  min&max std  t[m:s]
 1023  11253 -8.036625455881904e-03 1.6e+02 2.22e-02  4e-04  1e-02 58:29.7
 1049  11539 -8.036928725667138e-03 1.8e+02 2.37e-02  4e-04  1e-02 59:56.8
 1075  11825 -8.037228683470560e-03 1.6e+02 2.08e-02  3e-04  8e-03 61:23.1
 1100  12100 -8.037846076650302e-03 1.6e+02 4.18e-02  5e-04  1e-02 62:46.5
 1127  12397 -8.039402398204458e-03 1.5e+02 5.75e-02  6e-04  2e-02 64:16.7
 1154  12694 -8.042264374987514e-03 1.2e+02 6.97e-02  1e-03  2e-02 65:46.4
 1181  12991 -8.045411195080305e-03 1.3e+02 8.46e-02  1e-03  2e-02 67:16.4
 1200  13200 -8.047941245855464e-03 1.5e+02 1.02e-01  2e-03  3e-02 68:19.5
 1228  13508 -8.051383175555942e-03 1.6e+02 1.34e-01  2e-03  4e-02 69:52.4
 1256  13816 -8.055249902055972e-03 1.6e+02 1.03e-01  1e-03  3e-02 71:25.8
 1285  14135 -8.057483465466732e-03 1.7e+02 8.03e-02  1e-03  2e-02 73:02.4
 1300  14300 -8.058840224909890e-03 1.6e+02 9.79e-02  1e-03  3e-02 73:51.7
 1329  14619 -8.065111500202610e-03 1.7e+02 1.66e-01  2e-03  4e-02 75:27.7
 1359  14949 -8.098201570343437e-03 1.5e+02 3.21e-01  3e-03  6e-02 77:07.9
 1389  15279 -8.146521015536591e-03 1.3e+02 4.02e-01  3e-03  6e-02 78:48.5
 1400  15400 -8.155588860278930e-03 1.3e+02 5.35e-01  4e-03  9e-02 79:25.2
 1430  15730 -8.197945092939789e-03 1.1e+02 2.64e-01  2e-03  3e-02 81:05.7
 1461  16071 -8.217196611616601e-03 1.3e+02 2.58e-01  1e-03  3e-02 82:48.9
 1492  16412 -8.228477862121341e-03 1.1e+02 1.95e-01  1e-03  2e-02 84:31.8
 1500  16500 -8.229848746285212e-03 1.1e+02 1.95e-01  9e-04  2e-02 84:58.0
 1532  16852 -8.232258708092601e-03 1.0e+02 1.12e-01  5e-04  1e-02 86:44.5
 1564  17204 -8.234302605431992e-03 1.1e+02 9.48e-02  4e-04  8e-03 88:31.6
 1596  17556 -8.234692954151874e-03 9.8e+01 5.91e-02  2e-04  4e-03 90:18.1
 1600  17600 -8.234718507898656e-03 9.9e+01 4.89e-02  2e-04  3e-03 90:31.3
 1633  17963 -8.234783160600228e-03 1.1e+02 1.47e-02  4e-05  1e-03 92:20.7
 1666  18326 -8.234785742402209e-03 1.1e+02 4.54e-03  1e-05  3e-04 94:10.0
 1700  18700 -8.234785884649379e-03 1.2e+02 1.09e-03  2e-06  6e-05 96:03.0
 1734  19074 -8.234785891776512e-03 1.2e+02 2.44e-04  4e-07  1e-05 97:56.6
 1744  19184 -8.234785891908250e-03 1.2e+02 1.65e-04  3e-07  6e-06 98:29.9
Budget constraint satisfied 9.329999923706055 80.91999816894531 Difference:  71.58999824523926
Budget constraint satisfied 0.0 80.91999816894531 Difference:  80.91999816894531
two_most_probable_states: ['0001000', '0000000']
final_expectation_value: -0.00823478589190825
params: [2.3495464164765805, 3.32199338981846, 2.9730618428183235, 3.7358790331622074, 3.570961881384854, 3.4088300105945004, 1.898530896252304, 0.9354002412346247, 2.388137810521272, 1.7781778856735158, 2.3268274199729317, 0.9517499254007937, 2.1870492692650263, 2.383379201114272]
total_steps: 1744
states_probs: [0.09352063022546361, 0.10214677450601757]
optimized_portfolios: [{'JNJ': 0, 'KO': 0, 'MSFT': 0, 'WBA': 1}, {'JNJ': 0, 'KO': 0, 'MSFT': 0, 'WBA': 0}]
objective_values: [0.788133353858296, -0.0]
result_with_budget: [{'portfolio': {'JNJ': 0, 'KO': 0, 'MSFT': 0, 'WBA': 1}, 'budget': 9.329999923706055, 'difference': 71.58999824523926}, {'portfolio': {'JNJ': 0, 'KO': 0, 'MSFT': 0, 'WBA': 0}, 'budget': 0.0, 'difference': 80.91999816894531}]
Processing experiment 226
Budget: 1255.0977630615234
Number of qubits for asset CAT: 2
Number of qubits for asset MRK: 4
Number of qubits for asset PG: 3
Number of qubits for asset UNH: 2
Total number of qubits:  11
Optimized Weights (considering variance, skewness and kurtosis):
CAT: 55.13%
MRK: 0.00%
PG: 0.00%
UNH: 44.87%
Left over budget:  28.520522950801933
Optimized Discrete Allocation:
CAT: 2
UNH: 1
Maximized utility from continuous higher moments:  3.0723758499448133
Budget constraint satisfied 1255.0977630615234 1255.0977630615234 Difference:  0.0
Budget constraint satisfied 1250.9388122558594 1255.0977630615234 Difference:  4.1589508056640625
smallest_eigenvalues: [-0.10926466860174043]
smallest_bitstrings: ['01010001000']
first_excited_energy: -0.10926345159050031
optimized_portfolio: [{'CAT': 2, 'MRK': 2, 'PG': 2, 'UNH': 0}]
second_optimized_portfolio: [{'CAT': 3, 'MRK': 0, 'PG': 1, 'UNH': 0}]
result_with_budget: [{'portfolio': {'CAT': 2, 'MRK': 2, 'PG': 2, 'UNH': 0}, 'budget': 1255.0977630615234, 'difference': 0.0, 'objective_value': 4.294493142824398}]
result_with_budget_excited: [{'portfolio': {'CAT': 3, 'MRK': 0, 'PG': 1, 'UNH': 0}, 'budget': 1250.9388122558594, 'difference': 4.1589508056640625, 'objective_value': 2.825968931459802}]
Initial params:  [2.19752055 0.41038249 1.8587893  1.75208105 1.2870451  0.98228859
 0.36223686 2.08431244 0.85541953 2.18136962 1.51998341 0.4774191
 0.19466861 2.34527282 0.90611235 0.40885543 0.14890902 2.00599658
 1.27817498 2.90397481 2.41396759 2.84877507]
(6_w,13)-aCMA-ES (mu_w=4.0,w_1=38%) in dimension 22 (seed=843251, Wed Mar 12 14:25:23 2025)
Iterat #Fevals   function value  axis ratio  sigma  min&max std  t[m:s]
    1     13 -6.856033185033331e-02 1.0e+00 9.66e-02  1e-01  1e-01 0:37.4
    2     26 -7.346078589355523e-02 1.1e+00 9.39e-02  9e-02  1e-01 1:18.8
    3     39 -8.775436668244486e-02 1.1e+00 9.57e-02  9e-02  1e-01 2:00.3
    4     52 -8.647154517464263e-02 1.2e+00 1.00e-01  1e-01  1e-01 2:42.0
    5     65 -8.211310907389074e-02 1.2e+00 1.04e-01  1e-01  1e-01 3:23.7
    6     78 -8.453907550290343e-02 1.3e+00 1.09e-01  1e-01  1e-01 4:05.3
    7     91 -8.641279896989841e-02 1.4e+00 1.05e-01  1e-01  1e-01 4:46.8
    8    104 -8.549369327865335e-02 1.4e+00 1.01e-01  1e-01  1e-01 5:28.5
    9    117 -8.748513816213738e-02 1.4e+00 9.85e-02  9e-02  1e-01 6:10.1
   10    130 -8.593474387658348e-02 1.5e+00 9.29e-02  9e-02  1e-01 6:51.6
   11    143 -8.653400688778966e-02 1.5e+00 8.73e-02  8e-02  9e-02 7:33.3
   12    156 -8.524625999237652e-02 1.5e+00 8.59e-02  8e-02  9e-02 8:14.8
   13    169 -8.822680014234843e-02 1.5e+00 8.55e-02  8e-02  9e-02 8:56.3
   14    182 -8.830680605937902e-02 1.5e+00 8.59e-02  8e-02  9e-02 9:37.9
   15    195 -8.765937226687631e-02 1.6e+00 8.54e-02  8e-02  9e-02 10:19.2
   16    208 -8.791113100005744e-02 1.6e+00 8.35e-02  8e-02  9e-02 11:00.6
   17    221 -8.741276870153521e-02 1.7e+00 8.29e-02  8e-02  9e-02 11:42.3
   18    234 -8.903313617059760e-02 1.7e+00 8.43e-02  8e-02  9e-02 12:23.5
   19    247 -8.503112764669173e-02 1.7e+00 8.68e-02  8e-02  9e-02 13:05.1
   20    260 -8.894368524545913e-02 1.8e+00 8.65e-02  8e-02  9e-02 13:46.5
   21    273 -9.024546236922341e-02 1.8e+00 8.61e-02  8e-02  9e-02 14:27.9
   22    286 -8.935822406106414e-02 1.9e+00 8.46e-02  8e-02  9e-02 15:09.3
   23    299 -8.868906848846470e-02 1.9e+00 8.44e-02  8e-02  9e-02 15:50.4
   24    312 -8.901285217448733e-02 2.0e+00 8.24e-02  8e-02  9e-02 16:31.8
   25    325 -8.816486369396290e-02 2.0e+00 8.16e-02  8e-02  9e-02 17:13.2
   26    338 -8.664718909228364e-02 2.0e+00 7.90e-02  7e-02  9e-02 17:54.2
   27    351 -8.602647929015068e-02 2.1e+00 7.63e-02  7e-02  8e-02 18:35.3
   28    364 -8.851170418161169e-02 2.1e+00 7.41e-02  7e-02  8e-02 19:16.5
   29    377 -8.982415288423558e-02 2.2e+00 7.24e-02  7e-02  8e-02 19:57.4
   30    390 -8.716308200638044e-02 2.2e+00 7.33e-02  7e-02  8e-02 20:38.5
   31    403 -8.803707790610311e-02 2.3e+00 7.21e-02  7e-02  8e-02 21:19.5
   32    416 -9.000719616907683e-02 2.3e+00 7.15e-02  7e-02  8e-02 22:00.6
   33    429 -9.006346732335875e-02 2.3e+00 7.12e-02  7e-02  8e-02 22:41.5
   34    442 -9.057333823680418e-02 2.3e+00 7.22e-02  7e-02  8e-02 23:22.8
   35    455 -8.849554366834939e-02 2.3e+00 7.18e-02  7e-02  8e-02 24:03.8
   36    468 -8.933915887626244e-02 2.3e+00 7.48e-02  7e-02  8e-02 24:44.9
   37    481 -9.006379750041006e-02 2.3e+00 7.68e-02  7e-02  8e-02 25:26.0
   38    494 -8.928457765345520e-02 2.4e+00 7.75e-02  7e-02  9e-02 26:07.0
   39    507 -8.876634105307903e-02 2.4e+00 7.60e-02  7e-02  8e-02 26:48.1
   40    520 -9.028475140274247e-02 2.4e+00 7.64e-02  7e-02  9e-02 27:29.2
   41    533 -8.794941763422943e-02 2.5e+00 7.53e-02  7e-02  9e-02 28:10.1
   42    546 -8.932614506214324e-02 2.5e+00 7.09e-02  6e-02  8e-02 28:51.2
   44    572 -8.978005677052175e-02 2.6e+00 7.00e-02  6e-02  8e-02 30:13.8
   46    598 -9.014854827297684e-02 2.6e+00 7.02e-02  6e-02  8e-02 31:36.2
   48    624 -8.886493761109035e-02 2.7e+00 6.90e-02  6e-02  8e-02 32:58.6
   50    650 -8.985965028457191e-02 2.8e+00 6.90e-02  6e-02  8e-02 34:21.2
   52    676 -9.012849625297191e-02 2.9e+00 6.51e-02  5e-02  8e-02 35:43.2
   54    702 -9.041220657770022e-02 3.0e+00 5.83e-02  5e-02  7e-02 37:05.3
   56    728 -8.948164473572956e-02 3.1e+00 5.61e-02  5e-02  7e-02 38:27.8
   58    754 -9.006114597324845e-02 3.2e+00 5.24e-02  4e-02  6e-02 39:50.1
   60    780 -9.057423363908318e-02 3.2e+00 5.30e-02  4e-02  6e-02 41:12.6
   62    806 -9.055569991814590e-02 3.3e+00 5.17e-02  4e-02  6e-02 42:29.7
   64    832 -9.087340463779367e-02 3.4e+00 5.07e-02  4e-02  6e-02 43:52.1
   66    858 -9.093425341397743e-02 3.5e+00 4.92e-02  4e-02  6e-02 45:14.8
   68    884 -9.094285331475552e-02 3.5e+00 4.96e-02  4e-02  6e-02 46:37.3
   70    910 -9.136242587298656e-02 3.5e+00 4.74e-02  4e-02  6e-02 48:00.4
   72    936 -9.132917399033680e-02 3.6e+00 4.81e-02  4e-02  6e-02 49:23.8
   74    962 -9.145262131053544e-02 3.7e+00 5.09e-02  4e-02  6e-02 50:46.7
   76    988 -9.181348126795968e-02 3.7e+00 5.14e-02  4e-02  6e-02 52:10.0
   78   1014 -9.174473772826017e-02 3.9e+00 5.08e-02  4e-02  6e-02 53:33.2
   80   1040 -9.209913329494157e-02 4.1e+00 5.33e-02  4e-02  6e-02 54:56.4
   82   1066 -9.252636197474802e-02 4.2e+00 5.37e-02  4e-02  6e-02 56:19.3
   84   1092 -9.203446648624786e-02 4.4e+00 5.04e-02  4e-02  6e-02 57:42.5
   86   1118 -9.246214182566935e-02 4.5e+00 4.83e-02  4e-02  6e-02 59:05.7
   88   1144 -9.240513824555606e-02 4.6e+00 4.67e-02  3e-02  6e-02 60:28.4
   90   1170 -9.276946945406145e-02 4.7e+00 4.41e-02  3e-02  5e-02 61:51.8
   92   1196 -9.257721413469579e-02 4.9e+00 4.10e-02  3e-02  5e-02 63:14.5
   94   1222 -9.198581766388154e-02 5.0e+00 3.81e-02  3e-02  4e-02 64:36.9
   96   1248 -9.291576949594303e-02 5.2e+00 3.71e-02  3e-02  4e-02 65:59.8
   98   1274 -9.305361221611858e-02 5.2e+00 3.74e-02  3e-02  4e-02 67:22.5
  100   1300 -9.319570019410880e-02 5.3e+00 3.80e-02  3e-02  5e-02 68:44.7
  102   1326 -9.340255045129814e-02 5.4e+00 3.76e-02  3e-02  5e-02 70:06.9
  104   1352 -9.358833251878346e-02 5.6e+00 3.96e-02  3e-02  5e-02 71:29.3
  106   1378 -9.337094430158009e-02 5.8e+00 3.91e-02  3e-02  5e-02 72:51.9
  108   1404 -9.359585697125926e-02 5.9e+00 3.85e-02  3e-02  5e-02 74:14.5
  110   1430 -9.372861882425783e-02 6.0e+00 3.99e-02  3e-02  5e-02 75:37.0
  112   1456 -9.367388640615143e-02 6.1e+00 4.00e-02  3e-02  5e-02 76:59.4
  114   1482 -9.393952607943473e-02 6.3e+00 3.96e-02  3e-02  5e-02 78:22.1
  116   1508 -9.384490933324843e-02 6.6e+00 3.81e-02  3e-02  5e-02 79:44.4
  118   1534 -9.409892930525771e-02 6.7e+00 3.69e-02  2e-02  4e-02 81:07.0
  120   1560 -9.433573091002824e-02 7.1e+00 3.71e-02  2e-02  5e-02 82:29.4
  122   1586 -9.415553427242250e-02 7.3e+00 3.66e-02  2e-02  5e-02 83:52.4
  124   1612 -9.411538931755913e-02 7.3e+00 3.41e-02  2e-02  4e-02 85:15.5
  126   1638 -9.447424245570921e-02 7.5e+00 3.41e-02  2e-02  4e-02 86:38.5
  129   1677 -9.468437192034775e-02 8.1e+00 3.56e-02  2e-02  4e-02 88:42.8
  132   1716 -9.482440621779478e-02 8.5e+00 3.69e-02  2e-02  5e-02 90:46.9
  135   1755 -9.495787257293492e-02 9.7e+00 4.51e-02  3e-02  6e-02 92:50.7
  138   1794 -9.522501112363355e-02 1.0e+01 4.62e-02  3e-02  7e-02 94:53.9
  141   1833 -9.524681753802225e-02 1.1e+01 5.48e-02  3e-02  8e-02 96:57.8
  144   1872 -9.573291737287153e-02 1.1e+01 5.90e-02  4e-02  9e-02 99:01.5
  147   1911 -9.614147234417121e-02 1.2e+01 6.20e-02  4e-02  1e-01 101:05.3
  150   1950 -9.595381018274447e-02 1.3e+01 5.78e-02  3e-02  9e-02 103:09.2
  153   1989 -9.591852041973493e-02 1.3e+01 5.61e-02  3e-02  9e-02 105:13.3
  156   2028 -9.618886557619505e-02 1.4e+01 5.43e-02  3e-02  9e-02 107:16.9
  159   2067 -9.670544130561477e-02 1.4e+01 5.16e-02  3e-02  8e-02 109:20.9
  162   2106 -9.641035925496325e-02 1.5e+01 4.72e-02  3e-02  8e-02 111:25.0
  165   2145 -9.662589644250806e-02 1.5e+01 4.30e-02  2e-02  7e-02 113:29.2
  168   2184 -9.658536695749413e-02 1.5e+01 4.03e-02  2e-02  6e-02 115:32.8
  171   2223 -9.678183798146112e-02 1.5e+01 4.01e-02  2e-02  7e-02 117:36.9
  174   2262 -9.668883395128645e-02 1.6e+01 3.82e-02  2e-02  6e-02 119:39.9
  177   2301 -9.682117656719760e-02 1.6e+01 3.93e-02  2e-02  6e-02 121:43.7
  180   2340 -9.675449837785850e-02 1.6e+01 3.45e-02  2e-02  6e-02 123:47.6
  183   2379 -9.679154277972395e-02 1.6e+01 3.15e-02  2e-02  5e-02 125:51.8
  186   2418 -9.682340066934399e-02 1.6e+01 3.11e-02  2e-02  5e-02 127:55.7
  189   2457 -9.686188824206329e-02 1.7e+01 3.20e-02  2e-02  5e-02 129:59.4
  192   2496 -9.693513230858672e-02 1.7e+01 3.07e-02  2e-02  5e-02 132:03.1
  195   2535 -9.683579889281481e-02 1.8e+01 2.95e-02  2e-02  5e-02 134:06.1
  198   2574 -9.694982997778161e-02 1.8e+01 2.66e-02  1e-02  5e-02 136:09.9
  200   2600 -9.698227363490274e-02 1.9e+01 2.56e-02  1e-02  4e-02 137:32.8
  203   2639 -9.701971288755333e-02 1.9e+01 2.65e-02  1e-02  4e-02 139:36.5
  206   2678 -9.691751519661503e-02 1.9e+01 2.95e-02  2e-02  5e-02 141:40.6
  209   2717 -9.703456328471467e-02 2.0e+01 3.08e-02  2e-02  5e-02 143:44.1
  212   2756 -9.712472118801138e-02 2.0e+01 3.29e-02  2e-02  6e-02 145:45.4
  215   2795 -9.714083378592375e-02 2.1e+01 3.35e-02  2e-02  6e-02 147:46.6
  218   2834 -9.702469516889312e-02 2.2e+01 3.32e-02  2e-02  6e-02 149:48.0
  221   2873 -9.705308196750792e-02 2.2e+01 3.18e-02  2e-02  5e-02 151:50.1
  224   2912 -9.710775411420140e-02 2.2e+01 3.00e-02  2e-02  5e-02 153:51.6
  228   2964 -9.719258197993913e-02 2.3e+01 3.00e-02  2e-02  5e-02 156:28.8
  231   3003 -9.710560149174736e-02 2.3e+01 2.99e-02  2e-02  5e-02 158:30.7
  234   3042 -9.722800472661630e-02 2.3e+01 2.78e-02  1e-02  5e-02 160:32.4
  237   3081 -9.723552337437608e-02 2.4e+01 2.71e-02  1e-02  4e-02 162:33.4
  240   3120 -9.728283833559072e-02 2.4e+01 2.54e-02  1e-02  4e-02 164:35.1
  244   3172 -9.731813090230734e-02 2.6e+01 2.64e-02  1e-02  5e-02 167:17.3
  248   3224 -9.735651926929398e-02 2.7e+01 2.54e-02  1e-02  4e-02 169:58.9
  252   3276 -9.733475801755259e-02 2.7e+01 2.40e-02  1e-02  4e-02 172:41.1
  256   3328 -9.735880801873448e-02 2.8e+01 2.21e-02  1e-02  4e-02 175:22.7
  260   3380 -9.740742062455733e-02 2.8e+01 2.41e-02  1e-02  4e-02 178:04.4
  264   3432 -9.745800906077594e-02 3.0e+01 2.52e-02  1e-02  5e-02 180:46.7
  268   3484 -9.746436478381258e-02 3.1e+01 2.81e-02  1e-02  5e-02 183:25.7
  272   3536 -9.748715629967047e-02 3.1e+01 2.98e-02  1e-02  6e-02 186:08.1
  276   3588 -9.746979077550501e-02 3.2e+01 2.63e-02  1e-02  5e-02 188:50.4
  280   3640 -9.751933366399931e-02 3.3e+01 2.21e-02  1e-02  4e-02 191:32.5
  284   3692 -9.757467339361280e-02 3.4e+01 2.17e-02  1e-02  4e-02 194:09.0
  289   3757 -9.762641734387728e-02 3.5e+01 2.32e-02  1e-02  5e-02 196:50.1
  294   3822 -9.766058246272927e-02 3.8e+01 2.59e-02  1e-02  6e-02 199:30.5
  299   3887 -9.772195683494653e-02 4.0e+01 2.69e-02  1e-02  6e-02 202:10.1
  300   3900 -9.775402497904156e-02 4.0e+01 2.71e-02  1e-02  6e-02 202:42.1
  305   3965 -9.781227108079106e-02 4.3e+01 2.88e-02  1e-02  7e-02 205:21.7
  310   4030 -9.782986865051080e-02 4.4e+01 2.72e-02  1e-02  6e-02 208:01.9
  315   4095 -9.787876269759846e-02 4.6e+01 2.80e-02  1e-02  7e-02 210:42.0
  320   4160 -9.793824723656144e-02 4.6e+01 2.45e-02  1e-02  6e-02 213:35.8
  324   4212 -9.800365961169895e-02 4.7e+01 2.40e-02  1e-02  6e-02 216:04.7
  328   4264 -9.806190712799424e-02 5.0e+01 2.36e-02  1e-02  6e-02 218:33.4
  332   4316 -9.815604247083071e-02 5.2e+01 2.38e-02  1e-02  6e-02 221:02.6
  336   4368 -9.824296026847729e-02 5.7e+01 2.87e-02  1e-02  8e-02 223:31.8
  340   4420 -9.829323768940329e-02 6.3e+01 3.23e-02  1e-02  9e-02 226:00.6
  344   4472 -9.835508702237801e-02 6.3e+01 3.15e-02  1e-02  9e-02 228:29.6
  348   4524 -9.841993464395793e-02 6.3e+01 3.32e-02  1e-02  9e-02 230:58.7
  352   4576 -9.843331702069530e-02 6.4e+01 3.75e-02  2e-02  1e-01 233:28.3
  356   4628 -9.861155863395769e-02 6.7e+01 4.11e-02  2e-02  1e-01 235:57.9
  361   4693 -9.862667314527779e-02 7.1e+01 4.47e-02  2e-02  1e-01 239:04.6
  366   4758 -9.859220291875737e-02 7.6e+01 4.81e-02  2e-02  2e-01 242:10.0
  371   4823 -9.879425939534933e-02 7.7e+01 4.43e-02  2e-02  1e-01 245:15.2
  376   4888 -9.877581767210432e-02 7.7e+01 4.52e-02  2e-02  1e-01 248:19.9
  381   4953 -9.888661856459188e-02 7.8e+01 4.43e-02  2e-02  1e-01 251:24.6
  386   5018 -9.895981674420459e-02 8.0e+01 4.42e-02  2e-02  1e-01 254:29.3
  391   5083 -9.897880570858385e-02 8.1e+01 4.46e-02  2e-02  1e-01 257:33.8
  396   5148 -9.902731275521519e-02 8.0e+01 4.30e-02  2e-02  1e-01 260:39.2
  400   5200 -9.902807681284452e-02 7.9e+01 4.16e-02  2e-02  1e-01 263:07.0
  405   5265 -9.909095901348236e-02 8.3e+01 4.11e-02  1e-02  1e-01 266:12.2
  410   5330 -9.914947579879838e-02 8.2e+01 3.69e-02  1e-02  1e-01 269:17.1
  415   5395 -9.920341003526638e-02 8.0e+01 3.98e-02  1e-02  1e-01 272:14.9
  421   5473 -9.922918448939035e-02 8.1e+01 4.99e-02  2e-02  2e-01 275:26.9
  427   5551 -9.925399609027327e-02 8.1e+01 4.59e-02  2e-02  1e-01 278:39.3
  433   5629 -9.925613575133183e-02 8.2e+01 4.16e-02  1e-02  1e-01 281:52.4
  439   5707 -9.933234693664666e-02 8.2e+01 3.98e-02  1e-02  1e-01 285:08.1
  445   5785 -9.940307114481794e-02 8.4e+01 3.27e-02  1e-02  1e-01 288:21.6
  451   5863 -9.950008864143089e-02 8.5e+01 3.29e-02  1e-02  9e-02 291:35.2
  457   5941 -9.957132637223681e-02 8.7e+01 4.08e-02  1e-02  1e-01 294:50.6
  463   6019 -9.958738715704625e-02 8.5e+01 4.50e-02  1e-02  1e-01 298:10.6
  469   6097 -9.970159914325824e-02 8.6e+01 4.68e-02  1e-02  1e-01 301:29.3
  475   6175 -9.971900951059488e-02 8.5e+01 4.07e-02  1e-02  1e-01 304:49.3
  481   6253 -9.980732381147150e-02 8.4e+01 3.95e-02  1e-02  1e-01 308:08.1
  487   6331 -9.987867582457378e-02 8.6e+01 3.50e-02  9e-03  9e-02 311:28.5
  493   6409 -9.996905361424155e-02 8.7e+01 4.03e-02  1e-02  1e-01 314:48.3
  499   6487 -1.000248734740559e-01 8.7e+01 4.07e-02  1e-02  1e-01 318:08.5
  500   6500 -1.000580166293033e-01 8.7e+01 3.93e-02  1e-02  1e-01 318:41.7
  506   6578 -1.001230207540835e-01 8.4e+01 3.46e-02  9e-03  8e-02 322:02.5
  512   6656 -1.002345887919947e-01 8.7e+01 3.85e-02  1e-02  9e-02 325:23.1
  518   6734 -1.003046256690353e-01 9.4e+01 4.38e-02  1e-02  1e-01 328:43.5
  524   6812 -1.003870580105621e-01 1.0e+02 4.34e-02  1e-02  1e-01 332:04.6
  530   6890 -1.003802204717101e-01 1.1e+02 4.26e-02  1e-02  1e-01 335:27.1
  536   6968 -1.005423299557782e-01 1.2e+02 4.43e-02  1e-02  1e-01 338:49.7
  542   7046 -1.005699848595057e-01 1.2e+02 4.06e-02  9e-03  1e-01 342:10.9
  548   7124 -1.006925601492111e-01 1.2e+02 4.44e-02  1e-02  2e-01 345:30.1
  554   7202 -1.006470196141081e-01 1.2e+02 4.11e-02  9e-03  1e-01 348:45.0
  560   7280 -1.008297117950549e-01 1.3e+02 4.32e-02  1e-02  2e-01 352:00.1
  566   7358 -1.009242965708500e-01 1.3e+02 4.57e-02  1e-02  2e-01 355:15.0
  572   7436 -1.009324701584189e-01 1.3e+02 4.36e-02  1e-02  2e-01 358:30.3
  578   7514 -1.010589955094593e-01 1.3e+02 5.17e-02  1e-02  2e-01 361:45.1
  584   7592 -1.010607184443193e-01 1.3e+02 4.63e-02  1e-02  2e-01 365:18.2
  590   7670 -1.012428860989221e-01 1.3e+02 4.67e-02  1e-02  2e-01 368:54.0
  596   7748 -1.012337462783521e-01 1.3e+02 4.20e-02  9e-03  2e-01 372:30.3
  600   7800 -1.012578162121291e-01 1.3e+02 4.34e-02  9e-03  2e-01 374:54.4
  606   7878 -1.013263765160805e-01 1.3e+02 4.52e-02  1e-02  2e-01 378:31.3
  612   7956 -1.013206786660135e-01 1.3e+02 3.56e-02  7e-03  1e-01 382:08.3
  618   8034 -1.013299408690902e-01 1.3e+02 3.63e-02  8e-03  1e-01 385:44.6
  624   8112 -1.013234513190832e-01 1.3e+02 4.81e-02  1e-02  2e-01 389:21.7
  630   8190 -1.013038696979358e-01 1.3e+02 4.94e-02  1e-02  2e-01 392:58.9
  636   8268 -1.013693870989346e-01 1.2e+02 3.65e-02  8e-03  1e-01 396:36.2
  642   8346 -1.014339602107770e-01 1.2e+02 3.45e-02  7e-03  1e-01 400:12.6
  648   8424 -1.014378570340299e-01 1.2e+02 3.29e-02  7e-03  1e-01 403:49.5
  654   8502 -1.014625581652710e-01 1.3e+02 3.42e-02  7e-03  1e-01 407:26.4
  660   8580 -1.014839601380768e-01 1.3e+02 3.26e-02  7e-03  1e-01 411:02.5
  666   8658 -1.015106557365469e-01 1.3e+02 3.29e-02  7e-03  1e-01 414:39.2
  672   8736 -1.015277280249095e-01 1.3e+02 2.80e-02  6e-03  8e-02 418:15.2
  678   8814 -1.015762620517395e-01 1.3e+02 2.78e-02  6e-03  8e-02 421:51.7
  684   8892 -1.015919010796602e-01 1.4e+02 2.56e-02  5e-03  8e-02 425:28.0
  690   8970 -1.016138199480260e-01 1.3e+02 2.66e-02  5e-03  8e-02 429:04.9
  696   9048 -1.016054363318829e-01 1.3e+02 2.55e-02  5e-03  7e-02 432:41.5
  700   9100 -1.016552607555227e-01 1.4e+02 2.82e-02  5e-03  8e-02 435:06.4
  706   9178 -1.016859248294453e-01 1.5e+02 3.23e-02  6e-03  9e-02 438:43.5
  712   9256 -1.016872861697497e-01 1.5e+02 3.16e-02  6e-03  9e-02 442:20.7
  718   9334 -1.017392906583915e-01 1.5e+02 3.38e-02  6e-03  1e-01 445:57.8
  724   9412 -1.017413866388907e-01 1.7e+02 3.58e-02  7e-03  1e-01 449:35.1
  730   9490 -1.017899876345017e-01 1.8e+02 3.92e-02  7e-03  1e-01 453:12.3
  736   9568 -1.017994393688411e-01 1.9e+02 3.95e-02  7e-03  1e-01 456:49.6
  743   9659 -1.018307070856716e-01 1.9e+02 3.15e-02  6e-03  1e-01 461:02.5
  750   9750 -1.018399464076022e-01 2.0e+02 2.51e-02  4e-03  8e-02 465:15.8
  757   9841 -1.018962001465466e-01 2.1e+02 2.55e-02  5e-03  9e-02 469:29.0
  764   9932 -1.019355953839261e-01 2.3e+02 3.81e-02  7e-03  1e-01 473:42.4
  771  10023 -1.019371287464554e-01 2.3e+02 4.16e-02  7e-03  2e-01 477:56.4
  778  10114 -1.019709825253677e-01 2.4e+02 3.47e-02  6e-03  1e-01 482:09.9
  785  10205 -1.019883169551744e-01 2.5e+02 3.13e-02  5e-03  1e-01 486:23.8
  792  10296 -1.020203148483105e-01 2.6e+02 2.60e-02  4e-03  1e-01 490:38.7
  799  10387 -1.020505267852351e-01 2.6e+02 2.28e-02  4e-03  9e-02 494:52.1
  800  10400 -1.020436247264127e-01 2.7e+02 2.25e-02  4e-03  9e-02 495:28.6
  807  10491 -1.020552523718289e-01 2.7e+02 2.48e-02  4e-03  9e-02 499:42.8
  814  10582 -1.020740845033279e-01 2.6e+02 2.70e-02  4e-03  1e-01 503:57.0
  821  10673 -1.020885089620766e-01 2.7e+02 2.73e-02  4e-03  1e-01 508:10.6
  828  10764 -1.021091509853433e-01 2.7e+02 2.70e-02  4e-03  1e-01 512:24.6
  835  10855 -1.021237231840857e-01 2.8e+02 2.76e-02  4e-03  1e-01 516:38.4
  842  10946 -1.021332323326205e-01 2.9e+02 2.84e-02  4e-03  1e-01 520:52.0
  849  11037 -1.021485592390352e-01 3.0e+02 2.32e-02  3e-03  9e-02 525:05.4
  856  11128 -1.021732012590793e-01 3.0e+02 1.99e-02  3e-03  8e-02 529:19.4
  863  11219 -1.021920165505545e-01 3.0e+02 2.55e-02  4e-03  1e-01 533:32.8
  870  11310 -1.022052082632223e-01 3.2e+02 2.94e-02  4e-03  1e-01 537:46.4
  877  11401 -1.022404546631278e-01 3.3e+02 2.88e-02  4e-03  1e-01 541:59.9
  884  11492 -1.022642893428356e-01 3.6e+02 3.91e-02  5e-03  2e-01 546:13.8
  891  11583 -1.023119849442593e-01 3.9e+02 4.84e-02  6e-03  3e-01 550:28.0
  898  11674 -1.023633263566271e-01 4.2e+02 5.90e-02  8e-03  4e-01 554:41.7
  900  11700 -1.023856082766745e-01 4.3e+02 6.07e-02  8e-03  4e-01 555:54.2
  907  11791 -1.023349756926769e-01 4.5e+02 6.46e-02  8e-03  4e-01 560:07.4
  914  11882 -1.023792044737837e-01 4.8e+02 5.79e-02  7e-03  4e-01 564:21.3
  921  11973 -1.024719773644376e-01 4.7e+02 5.39e-02  6e-03  3e-01 568:35.2
  928  12064 -1.025247964124351e-01 4.7e+02 5.15e-02  6e-03  3e-01 572:48.8
  935  12155 -1.026270882785400e-01 4.8e+02 7.07e-02  8e-03  5e-01 577:03.0
  942  12246 -1.026871431658769e-01 5.1e+02 1.04e-01  1e-02  8e-01 581:16.5
  949  12337 -1.028028520348967e-01 5.3e+02 1.18e-01  1e-02  9e-01 585:30.6
  956  12428 -1.028264518221530e-01 5.6e+02 1.27e-01  1e-02  1e+00 589:45.2
  963  12519 -1.031681509906869e-01 5.8e+02 1.19e-01  1e-02  9e-01 593:57.7
  970  12610 -1.032376547672974e-01 5.9e+02 1.18e-01  1e-02  9e-01 598:11.5
  977  12701 -1.033540025406701e-01 5.9e+02 8.70e-02  7e-03  7e-01 602:25.6
  984  12792 -1.035050260090458e-01 6.2e+02 8.08e-02  7e-03  6e-01 606:39.3
  991  12883 -1.036231049556815e-01 6.6e+02 8.02e-02  6e-03  7e-01 610:53.3
  999  12987 -1.037139404155873e-01 6.6e+02 8.38e-02  6e-03  7e-01 615:43.0
 1000  13000 -1.036969754246597e-01 6.6e+02 7.90e-02  6e-03  6e-01 616:19.2
Iterat #Fevals   function value  axis ratio  sigma  min&max std  t[m:s]
 1008  13104 -1.037932175129986e-01 6.4e+02 8.03e-02  6e-03  7e-01 621:08.4
 1016  13208 -1.039352240636003e-01 6.4e+02 6.88e-02  5e-03  6e-01 625:57.2
 1024  13312 -1.040032478784876e-01 6.7e+02 6.78e-02  4e-03  6e-01 630:46.5
 1032  13416 -1.040698246419893e-01 6.7e+02 8.18e-02  5e-03  7e-01 635:35.5
 1040  13520 -1.040784836029779e-01 6.9e+02 8.17e-02  5e-03  7e-01 640:24.4
 1048  13624 -1.041162237594510e-01 7.0e+02 7.10e-02  4e-03  6e-01 645:13.1
 1056  13728 -1.041587336413842e-01 7.1e+02 5.48e-02  3e-03  5e-01 650:02.9
 1064  13832 -1.042233246384212e-01 7.4e+02 4.80e-02  2e-03  4e-01 654:52.9
 1072  13936 -1.042599107449418e-01 7.8e+02 5.24e-02  3e-03  5e-01 659:43.0
 1080  14040 -1.042790512503958e-01 8.1e+02 5.97e-02  3e-03  6e-01 664:32.4
 1088  14144 -1.043604452933363e-01 8.3e+02 6.07e-02  3e-03  6e-01 669:21.7
 1096  14248 -1.044257325965959e-01 8.8e+02 7.58e-02  4e-03  8e-01 674:10.8
 1100  14300 -1.043980601516947e-01 9.6e+02 7.53e-02  4e-03  8e-01 676:35.6
 1108  14404 -1.045780617562477e-01 1.0e+03 6.83e-02  3e-03  8e-01 681:26.4
 1116  14508 -1.045885349976727e-01 1.1e+03 6.24e-02  3e-03  8e-01 686:16.9
 1124  14612 -1.046584972243420e-01 1.1e+03 5.25e-02  2e-03  7e-01 691:06.2
 1132  14716 -1.046687141030882e-01 1.2e+03 5.45e-02  2e-03  7e-01 695:55.6
 1140  14820 -1.047109544048706e-01 1.2e+03 4.24e-02  2e-03  6e-01 700:45.7
 1148  14924 -1.047079678404107e-01 1.2e+03 3.81e-02  1e-03  5e-01 705:35.5
 1156  15028 -1.047252949078232e-01 1.2e+03 3.20e-02  1e-03  4e-01 710:26.7
 1164  15132 -1.047366525707019e-01 1.2e+03 2.46e-02  9e-04  3e-01 715:16.1
 1172  15236 -1.047455237788032e-01 1.2e+03 2.14e-02  8e-04  3e-01 720:05.7
 1180  15340 -1.047493065479578e-01 1.3e+03 2.10e-02  7e-04  3e-01 724:54.7
 1188  15444 -1.047502551599438e-01 1.3e+03 1.85e-02  6e-04  2e-01 729:44.6
 1196  15548 -1.047539302318101e-01 1.3e+03 1.67e-02  6e-04  2e-01 734:35.3
 1200  15600 -1.047553871150904e-01 1.3e+03 1.51e-02  5e-04  2e-01 737:00.0
 1208  15704 -1.047565911726945e-01 1.3e+03 1.44e-02  5e-04  2e-01 741:49.8
 1216  15808 -1.047589672990198e-01 1.4e+03 1.30e-02  4e-04  2e-01 746:38.9
 1224  15912 -1.047599190494226e-01 1.4e+03 1.44e-02  5e-04  2e-01 751:27.7
 1232  16016 -1.047608981652407e-01 1.4e+03 1.21e-02  4e-04  2e-01 756:18.0
 1240  16120 -1.047629842939750e-01 1.4e+03 1.39e-02  4e-04  2e-01 761:07.9
 1248  16224 -1.047641908487747e-01 1.4e+03 1.85e-02  5e-04  2e-01 765:57.3
 1256  16328 -1.047662112995552e-01 1.4e+03 1.73e-02  5e-04  2e-01 770:46.8
 1265  16445 -1.047685530965338e-01 1.5e+03 1.84e-02  5e-04  2e-01 776:09.2
 1274  16562 -1.047711361616720e-01 1.5e+03 1.68e-02  5e-04  2e-01 781:33.7
 1283  16679 -1.047722289317759e-01 1.6e+03 1.72e-02  5e-04  2e-01 786:57.3
 1292  16796 -1.047742582554729e-01 1.6e+03 1.75e-02  4e-04  2e-01 792:21.1
 1300  16900 -1.047749565396849e-01 1.6e+03 1.60e-02  4e-04  2e-01 797:09.3
 1309  17017 -1.047767730852518e-01 1.6e+03 1.41e-02  3e-04  2e-01 802:32.9
 1318  17134 -1.047777609815137e-01 1.6e+03 1.68e-02  4e-04  2e-01 807:57.4
 1327  17251 -1.047804684864226e-01 1.6e+03 1.91e-02  4e-04  2e-01 813:20.4
 1336  17368 -1.047833293497377e-01 1.6e+03 2.73e-02  6e-04  3e-01 818:43.8
 1345  17485 -1.047858927896851e-01 1.7e+03 3.16e-02  7e-04  3e-01 824:06.9
 1354  17602 -1.047884195330606e-01 1.7e+03 2.62e-02  6e-04  3e-01 829:29.8
 1363  17719 -1.047929803572328e-01 1.7e+03 2.91e-02  6e-04  3e-01 834:53.1
 1372  17836 -1.047968820490345e-01 1.8e+03 2.59e-02  5e-04  3e-01 840:17.2
 1381  17953 -1.048005533458195e-01 1.8e+03 2.40e-02  5e-04  2e-01 845:40.6
 1390  18070 -1.048050442671820e-01 1.8e+03 2.64e-02  5e-04  3e-01 851:04.3
 1399  18187 -1.048077712805554e-01 1.9e+03 3.13e-02  6e-04  3e-01 856:27.6
 1400  18200 -1.048115536665982e-01 1.9e+03 3.20e-02  6e-04  3e-01 857:03.6
 1409  18317 -1.048124324230991e-01 1.9e+03 3.83e-02  7e-04  4e-01 862:26.8
 1418  18434 -1.048145920242583e-01 1.9e+03 3.54e-02  6e-04  3e-01 867:49.7
 1427  18551 -1.048138744075951e-01 1.9e+03 2.63e-02  4e-04  2e-01 873:12.9
 1436  18668 -1.048159438600658e-01 1.9e+03 1.72e-02  3e-04  1e-01 878:38.5
 1445  18785 -1.048170075403535e-01 1.9e+03 1.61e-02  3e-04  1e-01 884:04.7
 1454  18902 -1.048187014955814e-01 1.9e+03 1.88e-02  3e-04  2e-01 889:30.4
 1463  19019 -1.048183882528615e-01 2.0e+03 2.02e-02  3e-04  2e-01 894:52.4
 1472  19136 -1.048191620514299e-01 2.0e+03 1.90e-02  3e-04  2e-01 900:07.9
 1482  19266 -1.048202583182946e-01 2.0e+03 2.01e-02  3e-04  2e-01 905:37.3
 1492  19396 -1.048213170989227e-01 2.1e+03 1.80e-02  3e-04  1e-01 910:57.2
 1500  19500 -1.048214778810674e-01 2.1e+03 1.30e-02  2e-04  1e-01 915:13.0
 1510  19630 -1.048221161013528e-01 2.2e+03 1.19e-02  2e-04  9e-02 920:35.5
 1520  19760 -1.048227312606571e-01 2.2e+03 1.52e-02  2e-04  1e-01 926:00.7
 1530  19890 -1.048232446901076e-01 2.1e+03 1.53e-02  2e-04  1e-01 931:26.0
 1540  20020 -1.048234548686147e-01 2.3e+03 1.28e-02  2e-04  1e-01 936:51.4
 1550  20150 -1.048236909697576e-01 2.2e+03 1.04e-02  1e-04  8e-02 942:16.9
 1560  20280 -1.048237590195024e-01 2.2e+03 7.95e-03  1e-04  6e-02 947:42.3
 1570  20410 -1.048239158780546e-01 2.2e+03 5.72e-03  7e-05  4e-02 953:08.6
 1580  20540 -1.048239745249144e-01 2.3e+03 5.35e-03  6e-05  4e-02 958:34.4
 1591  20683 -1.048240662609630e-01 2.3e+03 7.16e-03  8e-05  5e-02 964:32.3
 1600  20800 -1.048240937184323e-01 2.3e+03 7.86e-03  9e-05  5e-02 969:25.0
 1611  20943 -1.048242495291612e-01 2.2e+03 9.98e-03  1e-04  7e-02 975:22.9
 1622  21086 -1.048242841529454e-01 2.5e+03 9.91e-03  1e-04  7e-02 981:21.0
 1633  21229 -1.048244293337496e-01 2.5e+03 8.85e-03  9e-05  6e-02 987:20.0
 1644  21372 -1.048244976954979e-01 2.6e+03 6.64e-03  7e-05  4e-02 993:18.5
 1655  21515 -1.048245240400343e-01 2.6e+03 6.53e-03  7e-05  4e-02 999:16.9
 1666  21658 -1.048245908290123e-01 2.6e+03 6.20e-03  6e-05  4e-02 1005:15.0
 1677  21801 -1.048246351460654e-01 2.6e+03 5.34e-03  5e-05  3e-02 1011:14.6
 1688  21944 -1.048246570637122e-01 2.6e+03 3.75e-03  4e-05  2e-02 1017:12.8
 1699  22087 -1.048246957428382e-01 2.6e+03 3.62e-03  3e-05  2e-02 1023:11.2
 1700  22100 -1.048246916543504e-01 2.6e+03 3.79e-03  3e-05  2e-02 1023:43.7
 1711  22243 -1.048247456696378e-01 3.0e+03 6.36e-03  6e-05  4e-02 1029:42.2
 1722  22386 -1.048248205389554e-01 3.3e+03 9.28e-03  8e-05  6e-02 1035:40.4
 1733  22529 -1.048248408521520e-01 3.5e+03 1.09e-02  1e-04  7e-02 1041:38.4
 1744  22672 -1.048249409554622e-01 3.7e+03 9.43e-03  8e-05  6e-02 1047:36.7
 1755  22815 -1.048250265440006e-01 3.7e+03 8.45e-03  7e-05  6e-02 1053:35.8
 1766  22958 -1.048250840131757e-01 4.0e+03 8.24e-03  7e-05  6e-02 1059:34.4
 1777  23101 -1.048251284152031e-01 4.3e+03 8.57e-03  7e-05  6e-02 1065:32.7
 1788  23244 -1.048251647869835e-01 4.6e+03 5.86e-03  5e-05  5e-02 1071:31.4
 1799  23387 -1.048251777277937e-01 4.8e+03 4.05e-03  3e-05  3e-02 1077:30.1
 1800  23400 -1.048251772039208e-01 4.8e+03 3.90e-03  3e-05  3e-02 1078:02.5
 1811  23543 -1.048251829783715e-01 4.9e+03 2.41e-03  2e-05  2e-02 1084:00.6
 1822  23686 -1.048251854594624e-01 4.9e+03 1.79e-03  1e-05  1e-02 1089:58.4
 1833  23829 -1.048251866020535e-01 5.0e+03 1.19e-03  8e-06  9e-03 1095:57.4
 1844  23972 -1.048251871838526e-01 5.0e+03 8.85e-04  6e-06  6e-03 1101:54.7
 1855  24115 -1.048251881373990e-01 5.1e+03 9.57e-04  7e-06  7e-03 1107:52.3
 1866  24258 -1.048251891574375e-01 5.2e+03 1.09e-03  7e-06  8e-03 1113:50.9
 1877  24401 -1.048251908065711e-01 5.6e+03 1.57e-03  1e-05  1e-02 1119:49.4
 1888  24544 -1.048251929483304e-01 5.6e+03 1.81e-03  1e-05  1e-02 1125:47.2
 1899  24687 -1.048251971413084e-01 6.3e+03 2.58e-03  2e-05  2e-02 1131:45.0
 1900  24700 -1.048251977868730e-01 6.3e+03 2.60e-03  2e-05  2e-02 1132:17.8
 1911  24843 -1.048252059700503e-01 6.3e+03 3.25e-03  2e-05  3e-02 1138:16.1
 1923  24999 -1.048252132082856e-01 6.9e+03 3.68e-03  2e-05  3e-02 1144:45.9
 1935  25155 -1.048252239120389e-01 7.0e+03 4.17e-03  2e-05  4e-02 1151:16.9
 1947  25311 -1.048252299212757e-01 7.2e+03 3.59e-03  2e-05  3e-02 1157:49.2
 1959  25467 -1.048252337531568e-01 7.4e+03 3.34e-03  2e-05  3e-02 1164:21.9
 1971  25623 -1.048252365307905e-01 7.6e+03 2.91e-03  1e-05  3e-02 1170:55.3
 1983  25779 -1.048252393029437e-01 7.9e+03 2.22e-03  1e-05  2e-02 1177:29.0
 1995  25935 -1.048252410075631e-01 8.1e+03 1.47e-03  7e-06  1e-02 1184:03.2
 2000  26000 -1.048252411075331e-01 8.4e+03 1.61e-03  8e-06  2e-02 1186:46.3
Iterat #Fevals   function value  axis ratio  sigma  min&max std  t[m:s]
 2012  26156 -1.048252418226548e-01 8.7e+03 1.30e-03  6e-06  1e-02 1193:20.4
 2024  26312 -1.048252421962146e-01 8.5e+03 1.30e-03  6e-06  1e-02 1199:54.2
 2036  26468 -1.048252426215178e-01 8.3e+03 1.24e-03  6e-06  1e-02 1206:27.3
 2048  26624 -1.048252428349712e-01 8.5e+03 7.31e-04  3e-06  7e-03 1213:00.9
 2060  26780 -1.048252429621095e-01 8.6e+03 8.06e-04  4e-06  7e-03 1219:33.9
 2072  26936 -1.048252430493665e-01 8.5e+03 4.88e-04  2e-06  4e-03 1226:07.6
 2084  27092 -1.048252431034713e-01 9.3e+03 3.74e-04  2e-06  3e-03 1232:40.9
 2096  27248 -1.048252431164342e-01 9.0e+03 2.05e-04  8e-07  2e-03 1239:14.4
 2100  27300 -1.048252431181747e-01 9.1e+03 1.76e-04  7e-07  2e-03 1241:25.4
 2112  27456 -1.048252431237360e-01 9.4e+03 1.32e-04  5e-07  1e-03 1247:54.7
 2124  27612 -1.048252431266176e-01 1.0e+04 8.56e-05  3e-07  8e-04 1254:24.1
 2136  27768 -1.048252431274268e-01 9.6e+03 4.61e-05  2e-07  4e-04 1260:53.8
 2148  27924 -1.048252431275963e-01 1.0e+04 2.97e-05  1e-07  3e-04 1267:22.9
 2159  28067 -1.048252431276653e-01 1.0e+04 1.83e-05  6e-08  2e-04 1273:19.6
Budget constraint satisfied 1106.8946151733398 1255.0977630615234 Difference:  148.2031478881836
Budget constraint satisfied 1007.4146118164062 1255.0977630615234 Difference:  247.6831512451172
two_most_probable_states: ['00100000001', '00000000001']
final_expectation_value: -0.10482524312766535
params: [2.0852895652243744, 32.17147664421246, 0.9573469523007719, -28.695641184986155, 3.3165774686659764, -8.583877433669404, 10.126821936520354, 38.77609300946828, -0.42297200709006866, 0.34862112694648995, 44.75554045815223, -0.07949302536158806, 1.6323100955320675, 1.5052594706950224, 1.143122664029053, 1.808969251140509, -2.824287407226153, 2.9323079286735165, 0.5729627913665186, 3.762859027044312, 1.8671622077555259, 3.098080961215461]
total_steps: 2159
states_probs: [0.00816414497928757, 0.008174991027140033]
optimized_portfolios: [{'CAT': 0, 'MRK': 1, 'PG': 0, 'UNH': 2}, {'CAT': 0, 'MRK': 0, 'PG': 0, 'UNH': 2}]
objective_values: [1.7817925963358785, 1.595446919806917]
result_with_budget: [{'portfolio': {'CAT': 0, 'MRK': 1, 'PG': 0, 'UNH': 2}, 'budget': 1106.8946151733398, 'difference': 148.2031478881836}, {'portfolio': {'CAT': 0, 'MRK': 0, 'PG': 0, 'UNH': 2}, 'budget': 1007.4146118164062, 'difference': 247.6831512451172}]
Processing experiment 227
Budget: 1250.6880645751953
Number of qubits for asset JNJ: 4
Number of qubits for asset MSFT: 2
Number of qubits for asset UNH: 2
Number of qubits for asset WMT: 4
Total number of qubits:  12
Optimized Weights (considering variance, skewness and kurtosis):
JNJ: 0.00%
MSFT: 100.00%
UNH: 0.00%
WMT: 0.00%
Left over budget:  85.20345961458838
Optimized Discrete Allocation:
JNJ: 1
MSFT: 2
WMT: 2
Maximized utility from continuous higher moments:  0.3331482263640655
Budget constraint satisfied 1248.535385131836 1250.6880645751953 Difference:  2.152679443359375
Budget constraint satisfied 1249.6996307373047 1250.6880645751953 Difference:  0.988433837890625
smallest_eigenvalues: [-0.06589998347260051]
smallest_bitstrings: ['100010100100']
first_excited_energy: -0.06589944102528271
optimized_portfolio: [{'JNJ': 1, 'MSFT': 1, 'UNH': 1, 'WMT': 2}]
second_optimized_portfolio: [{'JNJ': 2, 'MSFT': 1, 'UNH': 0, 'WMT': 6}]
result_with_budget: [{'portfolio': {'JNJ': 1, 'MSFT': 1, 'UNH': 1, 'WMT': 2}, 'budget': 1248.535385131836, 'difference': 2.152679443359375, 'objective_value': 0.8613501536710972}]
result_with_budget_excited: [{'portfolio': {'JNJ': 2, 'MSFT': 1, 'UNH': 0, 'WMT': 6}, 'budget': 1249.6996307373047, 'difference': 0.988433837890625, 'objective_value': -111.81273907104367}]
Initial params:  [3.03857203 2.18660829 2.23089721 0.01858337 1.31706661 1.68249045
 2.82514622 2.93746192 3.10386836 0.74132471 2.89518602 2.57285112
 0.69416163 1.48287319 2.78570712 0.64785048 1.22335241 3.08583583
 0.07075665 1.96904905 0.96885854 1.92322636 2.85925256 2.99594726]
(6_w,13)-aCMA-ES (mu_w=4.0,w_1=38%) in dimension 24 (seed=939167, Thu Mar 13 11:40:47 2025)
Iterat #Fevals   function value  axis ratio  sigma  min&max std  t[m:s]
    1     13 -4.226721756700692e-02 1.0e+00 9.59e-02  1e-01  1e-01 0:54.2
    2     26 -4.366113430321217e-02 1.1e+00 9.51e-02  9e-02  1e-01 1:48.2
    3     39 -4.365185593088321e-02 1.1e+00 9.63e-02  9e-02  1e-01 2:42.5
    4     52 -4.724123187756628e-02 1.2e+00 9.79e-02  1e-01  1e-01 3:36.8
    5     65 -4.414752293218534e-02 1.2e+00 9.94e-02  1e-01  1e-01 4:31.0
    6     78 -4.833448731734926e-02 1.3e+00 9.90e-02  1e-01  1e-01 5:25.2
    7     91 -4.223718432909494e-02 1.3e+00 9.90e-02  1e-01  1e-01 6:19.2
    8    104 -4.370614399265239e-02 1.3e+00 9.69e-02  9e-02  1e-01 7:13.0
    9    117 -4.775496667689222e-02 1.3e+00 9.26e-02  9e-02  9e-02 8:07.1
   10    130 -4.235625333000886e-02 1.4e+00 9.11e-02  9e-02  9e-02 9:01.4
   11    143 -4.356245809072402e-02 1.4e+00 9.09e-02  9e-02  9e-02 9:55.6
   12    156 -4.580633671687538e-02 1.4e+00 9.14e-02  9e-02  9e-02 10:50.0
   13    169 -4.763095364943210e-02 1.4e+00 9.09e-02  9e-02  9e-02 11:43.8
   14    182 -4.916397514789191e-02 1.4e+00 9.18e-02  9e-02  1e-01 12:37.8
   15    195 -4.448661290105248e-02 1.4e+00 9.05e-02  9e-02  9e-02 13:31.6
   16    208 -4.892702994016532e-02 1.5e+00 9.15e-02  9e-02  1e-01 14:25.9
   17    221 -4.658644727257052e-02 1.5e+00 9.27e-02  9e-02  1e-01 15:20.0
   18    234 -5.024042186344487e-02 1.5e+00 9.10e-02  9e-02  1e-01 16:14.1
   19    247 -4.811261700780362e-02 1.5e+00 9.03e-02  8e-02  1e-01 17:08.3
   20    260 -4.508833039431911e-02 1.6e+00 8.75e-02  8e-02  9e-02 18:02.2
   21    273 -4.811765645095340e-02 1.6e+00 8.61e-02  8e-02  9e-02 18:56.4
   22    286 -4.992607589098546e-02 1.6e+00 8.28e-02  8e-02  9e-02 19:50.7
   23    299 -4.888484124720374e-02 1.6e+00 7.87e-02  7e-02  8e-02 20:44.6
   24    312 -5.002651477540392e-02 1.6e+00 7.79e-02  7e-02  8e-02 21:38.5
   25    325 -4.961357528448731e-02 1.6e+00 7.44e-02  7e-02  8e-02 22:32.9
   26    338 -4.973215724452103e-02 1.6e+00 7.16e-02  7e-02  8e-02 23:27.2
   27    351 -4.928567040904890e-02 1.7e+00 7.05e-02  7e-02  8e-02 24:21.9
   28    364 -4.950130932417002e-02 1.7e+00 6.81e-02  6e-02  7e-02 25:15.8
   29    377 -5.018074299801023e-02 1.7e+00 6.75e-02  6e-02  7e-02 26:10.4
   30    390 -5.105757739001641e-02 1.7e+00 6.51e-02  6e-02  7e-02 27:04.3
   31    403 -5.049157186061184e-02 1.8e+00 6.35e-02  6e-02  7e-02 27:58.5
   32    416 -4.997363105304600e-02 1.8e+00 6.27e-02  6e-02  7e-02 28:52.4
   33    429 -4.854252320409810e-02 1.8e+00 6.11e-02  6e-02  7e-02 29:46.3
   34    442 -4.997779121809608e-02 1.9e+00 6.04e-02  6e-02  6e-02 30:40.4
   35    455 -4.975909151121914e-02 1.9e+00 6.01e-02  5e-02  6e-02 31:34.5
   36    468 -5.050697817949442e-02 1.9e+00 5.98e-02  5e-02  6e-02 32:28.4
   37    481 -5.035796587372264e-02 1.9e+00 6.09e-02  6e-02  6e-02 33:22.2
   38    494 -5.155244231721576e-02 2.0e+00 6.17e-02  6e-02  7e-02 34:16.0
   39    507 -5.110595006025038e-02 2.0e+00 6.16e-02  6e-02  6e-02 35:09.8
   40    520 -4.932180044883324e-02 2.0e+00 6.14e-02  6e-02  6e-02 36:04.0
   41    533 -5.111061697700727e-02 2.1e+00 6.20e-02  6e-02  7e-02 36:57.8
   42    546 -4.992483587454918e-02 2.1e+00 6.26e-02  6e-02  7e-02 37:51.8
   43    559 -5.140563260460235e-02 2.1e+00 6.30e-02  6e-02  7e-02 38:45.6
   44    572 -5.207018591884825e-02 2.2e+00 6.36e-02  6e-02  7e-02 39:39.9
   45    585 -5.194544192154382e-02 2.2e+00 6.61e-02  6e-02  7e-02 40:34.2
   46    598 -5.141733030554423e-02 2.2e+00 6.70e-02  6e-02  7e-02 41:28.0
   47    611 -5.248578089000931e-02 2.2e+00 6.61e-02  6e-02  7e-02 42:22.4
   48    624 -5.144470153862754e-02 2.2e+00 6.53e-02  6e-02  7e-02 43:16.6
   49    637 -5.103400468701237e-02 2.2e+00 6.42e-02  6e-02  7e-02 44:10.8
   50    650 -5.188029160145415e-02 2.3e+00 6.16e-02  6e-02  7e-02 45:05.5
   51    663 -5.138220763229683e-02 2.3e+00 5.95e-02  5e-02  6e-02 45:59.3
   52    676 -5.184048209450923e-02 2.4e+00 5.83e-02  5e-02  6e-02 46:53.2
   53    689 -5.259281412496842e-02 2.4e+00 5.61e-02  5e-02  6e-02 47:46.9
   54    702 -5.133265154357203e-02 2.4e+00 5.37e-02  5e-02  6e-02 48:41.0
   55    715 -5.199884658812253e-02 2.4e+00 5.24e-02  5e-02  5e-02 49:35.0
   57    741 -5.266854262582348e-02 2.5e+00 5.10e-02  5e-02  5e-02 51:23.2
   59    767 -5.306205248955517e-02 2.6e+00 4.93e-02  4e-02  5e-02 53:11.3
   61    793 -5.299952107311905e-02 2.7e+00 4.72e-02  4e-02  5e-02 54:59.9
   63    819 -5.304773745620863e-02 2.8e+00 4.57e-02  4e-02  5e-02 56:48.1
   65    845 -5.356089452451029e-02 2.9e+00 4.69e-02  4e-02  5e-02 58:36.8
   67    871 -5.373668318542519e-02 2.9e+00 4.73e-02  4e-02  5e-02 60:25.0
   69    897 -5.404412287493159e-02 3.0e+00 4.82e-02  4e-02  5e-02 62:13.2
   71    923 -5.422425068881318e-02 3.1e+00 4.63e-02  4e-02  5e-02 64:01.3
   73    949 -5.455594480790515e-02 3.2e+00 4.38e-02  4e-02  5e-02 65:49.0
   75    975 -5.415379882754657e-02 3.3e+00 4.14e-02  4e-02  4e-02 67:37.2
   77   1001 -5.440730394787543e-02 3.4e+00 3.93e-02  3e-02  4e-02 69:25.5
