Running job array 64 on pe72.int.triton.aalto.fi
Starting at Fri Mar 21 16:01:40 EET 2025
Activating virtual environment at /scratch/work/uotilav2/quantum-portfolio/venv
Processing batch 65/100: experiments 64 to 64 (total 1)
Processing experiment 64
Budget: 335
YF.download() has changed argument auto_adjust default to True
Number of qubits for asset CSCO: 3
Number of qubits for asset MMM: 2
Number of qubits for asset V: 1
Number of qubits for asset WBA: 6
Total number of qubits:  12
Optimized Weights (considering variance, skewness and kurtosis):
CSCO: 7.60%
MMM: 0.00%
V: 92.40%
WBA: 0.00%
Left over budget:  10.160875240529833
Optimized Discrete Allocation:
V: 1
WBA: 1
Maximized utility from continuous higher moments:  -0.09399182047253568
Budget constraint satisfied 334.372013092041 335 Difference:  0.6279869079589844
Budget constraint satisfied 334.1691246032715 335 Difference:  0.8308753967285156
smallest_eigenvalues: [-0.06143511698636813]
smallest_bitstrings: ['100010010000']
first_excited_energy: -0.061434984952542813
optimized_portfolio: [{'CSCO': 1, 'MMM': 2, 'V': 0, 'WBA': 2}]
second_optimized_portfolio: [{'CSCO': 0, 'MMM': 0, 'V': 1, 'WBA': 2}]
result_with_budget: [{'portfolio': {'CSCO': 1, 'MMM': 2, 'V': 0, 'WBA': 2}, 'budget': 334.372013092041, 'difference': 0.6279869079589844, 'objective_value': -2.3181723164507706}]
result_with_budget_excited: [{'portfolio': {'CSCO': 0, 'MMM': 0, 'V': 1, 'WBA': 2}, 'budget': 334.1691246032715, 'difference': 0.8308753967285156, 'objective_value': -1.0393222845159444}]
Initial params:  [2.51063067 1.44978017 2.45210473 0.37157007 2.01037118 0.45035763
 2.96776493 1.63943485 1.3026989  0.83112597 2.43232687 1.43303853
 1.78578792 0.0590299  1.94035914 1.92295543 1.93815531 2.96487203
 2.14200164 1.12942738]
(6_w,12)-aCMA-ES (mu_w=3.7,w_1=40%) in dimension 20 (seed=718515, Fri Mar 21 16:02:54 2025)
Iterat #Fevals   function value  axis ratio  sigma  min&max std  t[m:s]
    1     12 -2.955735736657072e-02 1.0e+00 9.38e-02  9e-02  9e-02 1:00.8
    2     24 -3.243410374869809e-02 1.1e+00 9.15e-02  9e-02  9e-02 2:01.2
    3     36 -3.761197998095673e-02 1.1e+00 9.15e-02  9e-02  9e-02 3:01.6
    4     48 -3.704371496229784e-02 1.2e+00 9.03e-02  9e-02  9e-02 4:02.0
    5     60 -3.513328790584192e-02 1.2e+00 8.85e-02  9e-02  9e-02 5:02.2
    6     72 -3.774551400824009e-02 1.2e+00 8.66e-02  8e-02  9e-02 6:02.5
    7     84 -3.873020963491317e-02 1.2e+00 8.77e-02  8e-02  9e-02 7:02.9
    8     96 -4.191699917469181e-02 1.2e+00 9.09e-02  9e-02  1e-01 8:03.1
    9    108 -4.020009140700092e-02 1.3e+00 9.79e-02  9e-02  1e-01 9:03.5
   10    120 -4.027833201034943e-02 1.3e+00 1.03e-01  1e-01  1e-01 10:03.6
   11    132 -4.138800675175555e-02 1.4e+00 1.09e-01  1e-01  1e-01 11:03.9
   12    144 -4.136301655733231e-02 1.5e+00 1.14e-01  1e-01  1e-01 12:04.2
   13    156 -4.245431728511689e-02 1.5e+00 1.15e-01  1e-01  1e-01 13:04.3
   14    168 -4.254209407412009e-02 1.6e+00 1.15e-01  1e-01  1e-01 14:04.6
   15    180 -4.201760507133119e-02 1.6e+00 1.17e-01  1e-01  1e-01 15:04.8
   16    192 -4.164553431299873e-02 1.6e+00 1.19e-01  1e-01  1e-01 16:05.0
   17    204 -4.197620528970697e-02 1.7e+00 1.22e-01  1e-01  1e-01 17:05.3
   18    216 -4.290707736019764e-02 1.7e+00 1.24e-01  1e-01  1e-01 18:05.4
   19    228 -4.263309820129305e-02 1.7e+00 1.25e-01  1e-01  1e-01 19:05.7
   20    240 -4.287419262144576e-02 1.8e+00 1.24e-01  1e-01  1e-01 20:05.8
   21    252 -4.276157629843061e-02 1.8e+00 1.24e-01  1e-01  1e-01 21:06.0
   22    264 -4.258269679037117e-02 1.8e+00 1.26e-01  1e-01  1e-01 22:06.4
   23    276 -4.273952528460848e-02 1.9e+00 1.25e-01  1e-01  1e-01 23:06.5
   24    288 -4.014728948081776e-02 2.0e+00 1.24e-01  1e-01  1e-01 24:06.8
   25    300 -3.857599351107607e-02 2.0e+00 1.20e-01  1e-01  1e-01 25:07.0
   26    312 -4.064257794543930e-02 2.0e+00 1.15e-01  1e-01  1e-01 26:07.4
   27    324 -4.203036466746340e-02 2.0e+00 1.12e-01  1e-01  1e-01 27:07.7
   28    336 -4.170787492449270e-02 2.0e+00 1.06e-01  1e-01  1e-01 28:07.7
   29    348 -4.122225766004588e-02 2.0e+00 1.04e-01  9e-02  1e-01 29:08.0
   30    360 -4.147232448902810e-02 2.1e+00 1.07e-01  1e-01  1e-01 30:08.1
   31    372 -4.230676780015146e-02 2.1e+00 1.06e-01  1e-01  1e-01 31:08.4
   32    384 -4.338185520110865e-02 2.1e+00 1.07e-01  1e-01  1e-01 32:08.5
   33    396 -4.188631807564695e-02 2.2e+00 1.05e-01  9e-02  1e-01 33:08.7
   34    408 -4.207789084926598e-02 2.3e+00 1.03e-01  9e-02  1e-01 34:09.1
   35    420 -4.206069533666668e-02 2.3e+00 9.83e-02  9e-02  1e-01 35:09.4
   36    432 -4.127382381471847e-02 2.4e+00 9.36e-02  8e-02  1e-01 36:09.4
   37    444 -4.160374325759048e-02 2.4e+00 8.74e-02  8e-02  1e-01 37:09.7
   38    456 -4.207610355177226e-02 2.4e+00 8.39e-02  7e-02  1e-01 38:10.2
   39    468 -4.303975291665432e-02 2.5e+00 8.24e-02  7e-02  9e-02 39:10.4
   40    480 -4.313698080910500e-02 2.5e+00 8.01e-02  7e-02  9e-02 40:10.7
   41    492 -4.280700742335393e-02 2.5e+00 7.63e-02  7e-02  9e-02 41:10.7
   42    504 -4.308511382174647e-02 2.6e+00 7.30e-02  6e-02  8e-02 42:10.9
   43    516 -4.266590751547121e-02 2.6e+00 6.82e-02  6e-02  8e-02 43:11.4
   44    528 -4.366428617744737e-02 2.7e+00 6.66e-02  6e-02  8e-02 44:11.7
   45    540 -4.376262017130246e-02 2.7e+00 6.79e-02  6e-02  8e-02 45:11.9
   46    552 -4.355207003124628e-02 2.7e+00 6.77e-02  6e-02  8e-02 46:12.3
   47    564 -4.387233027746740e-02 2.8e+00 7.08e-02  6e-02  8e-02 47:12.6
   48    576 -4.399360785163936e-02 2.8e+00 7.42e-02  6e-02  8e-02 48:13.0
   49    588 -4.375779006449344e-02 2.8e+00 7.84e-02  7e-02  9e-02 49:13.4
   50    600 -4.280400429033202e-02 2.8e+00 7.71e-02  6e-02  9e-02 50:13.7
   51    612 -4.318508040237740e-02 2.9e+00 7.59e-02  6e-02  9e-02 51:13.7
   52    624 -4.361778593034500e-02 2.9e+00 7.36e-02  6e-02  8e-02 52:14.1
   53    636 -4.377469946750788e-02 2.9e+00 7.38e-02  6e-02  9e-02 53:14.4
   54    648 -4.318215217972234e-02 2.9e+00 7.50e-02  6e-02  9e-02 54:14.7
   55    660 -4.381841078081834e-02 2.9e+00 7.49e-02  6e-02  9e-02 55:15.1
   56    672 -4.321314453311591e-02 3.0e+00 7.35e-02  6e-02  9e-02 56:15.4
   57    684 -4.426554525414778e-02 3.0e+00 7.35e-02  6e-02  9e-02 57:15.6
   58    696 -4.383336829272639e-02 3.1e+00 7.21e-02  6e-02  8e-02 58:15.8
   59    708 -4.394002953210897e-02 3.1e+00 7.24e-02  6e-02  8e-02 59:16.4
   60    720 -4.392339646090701e-02 3.2e+00 7.24e-02  6e-02  8e-02 60:16.6
   61    732 -4.393813946933459e-02 3.2e+00 7.24e-02  6e-02  8e-02 61:16.9
   63    756 -4.415571466061993e-02 3.3e+00 6.73e-02  5e-02  8e-02 63:17.6
   65    780 -4.419631846223476e-02 3.4e+00 6.71e-02  5e-02  8e-02 65:18.1
   67    804 -4.473182695869959e-02 3.4e+00 6.49e-02  5e-02  7e-02 67:18.7
   69    828 -4.451430815217035e-02 3.5e+00 6.28e-02  5e-02  7e-02 69:19.7
   71    852 -4.457949038679355e-02 3.5e+00 6.10e-02  5e-02  7e-02 71:20.0
   73    876 -4.425180680168287e-02 3.6e+00 6.04e-02  5e-02  7e-02 73:20.9
   75    900 -4.484515841845856e-02 3.6e+00 5.67e-02  4e-02  7e-02 75:21.6
   77    924 -4.478241815693164e-02 3.7e+00 5.28e-02  4e-02  6e-02 77:22.2
   79    948 -4.517694851822651e-02 3.7e+00 5.23e-02  4e-02  6e-02 79:23.0
   81    972 -4.517054816998187e-02 3.8e+00 5.16e-02  4e-02  6e-02 81:23.4
   83    996 -4.526835498337155e-02 4.0e+00 5.49e-02  4e-02  7e-02 83:24.6
   85   1020 -4.505257953477158e-02 4.2e+00 5.54e-02  4e-02  7e-02 85:25.7
   87   1044 -4.518644652445131e-02 4.4e+00 5.80e-02  4e-02  7e-02 87:26.7
   89   1068 -4.544641778452073e-02 4.7e+00 5.35e-02  4e-02  7e-02 89:27.5
   91   1092 -4.566840734227769e-02 4.7e+00 5.06e-02  4e-02  6e-02 91:28.1
   93   1116 -4.531514454462469e-02 5.0e+00 5.12e-02  4e-02  6e-02 93:28.8
   95   1140 -4.543535431749941e-02 5.3e+00 5.13e-02  4e-02  6e-02 95:29.2
   97   1164 -4.551084839509927e-02 5.7e+00 5.33e-02  4e-02  7e-02 97:30.3
   99   1188 -4.556176869571665e-02 5.8e+00 5.52e-02  4e-02  7e-02 99:31.1
  100   1200 -4.570571564657076e-02 5.9e+00 5.80e-02  4e-02  7e-02 100:31.2
  102   1224 -4.570674812447325e-02 6.2e+00 6.37e-02  4e-02  8e-02 102:31.8
  104   1248 -4.566824144517827e-02 6.5e+00 6.89e-02  5e-02  9e-02 104:32.4
  106   1272 -4.544084372966638e-02 6.6e+00 7.53e-02  5e-02  9e-02 106:32.9
  108   1296 -4.582287708825079e-02 6.8e+00 7.20e-02  5e-02  9e-02 108:33.8
  110   1320 -4.592762201871887e-02 7.2e+00 7.31e-02  5e-02  9e-02 110:34.2
  112   1344 -4.553178291776541e-02 7.2e+00 7.08e-02  5e-02  9e-02 112:34.9
  114   1368 -4.592292857593324e-02 7.4e+00 6.89e-02  5e-02  9e-02 114:35.6
  116   1392 -4.603970685808321e-02 7.5e+00 7.09e-02  5e-02  9e-02 116:36.3
  118   1416 -4.608102568405156e-02 7.5e+00 7.19e-02  5e-02  9e-02 118:37.0
  120   1440 -4.632046227229605e-02 7.5e+00 8.41e-02  5e-02  1e-01 120:37.5
  122   1464 -4.630434977423101e-02 7.5e+00 8.91e-02  6e-02  1e-01 122:38.2
  124   1488 -4.617101967521041e-02 7.6e+00 9.10e-02  6e-02  1e-01 124:38.7
  126   1512 -4.599191364631922e-02 7.6e+00 9.69e-02  6e-02  1e-01 126:39.7
  128   1536 -4.611650864744860e-02 7.9e+00 9.68e-02  6e-02  1e-01 128:39.8
  130   1560 -4.603276481555621e-02 8.0e+00 9.76e-02  6e-02  1e-01 130:39.9
  132   1584 -4.595703786873630e-02 8.2e+00 9.81e-02  7e-02  1e-01 132:40.3
  134   1608 -4.613689671401851e-02 8.3e+00 9.41e-02  6e-02  1e-01 134:40.3
  136   1632 -4.696659790532104e-02 8.4e+00 9.69e-02  7e-02  1e-01 136:40.5
  138   1656 -4.646456789265335e-02 8.6e+00 1.01e-01  7e-02  1e-01 138:40.7
  140   1680 -4.648967003869112e-02 9.0e+00 1.02e-01  7e-02  1e-01 140:40.6
  142   1704 -4.670220907965229e-02 9.4e+00 1.02e-01  7e-02  1e-01 142:41.1
  144   1728 -4.620432298141366e-02 9.6e+00 9.48e-02  7e-02  1e-01 144:41.3
  146   1752 -4.630426904805247e-02 9.6e+00 9.70e-02  7e-02  1e-01 146:41.6
  148   1776 -4.714970326587409e-02 9.9e+00 9.15e-02  6e-02  1e-01 148:41.9
  150   1800 -4.702285443464275e-02 1.0e+01 8.16e-02  6e-02  1e-01 150:39.2
  152   1824 -4.750665052061266e-02 1.0e+01 7.64e-02  5e-02  1e-01 152:35.4
  154   1848 -4.727889994121657e-02 1.1e+01 6.73e-02  5e-02  1e-01 154:31.2
  156   1872 -4.761205879816095e-02 1.1e+01 6.30e-02  4e-02  9e-02 156:27.2
  158   1896 -4.775714806889182e-02 1.1e+01 5.92e-02  4e-02  9e-02 158:23.2
  160   1920 -4.793470618036873e-02 1.1e+01 6.01e-02  4e-02  9e-02 160:19.1
  162   1944 -4.843621404460352e-02 1.2e+01 6.59e-02  5e-02  1e-01 162:15.0
  164   1968 -4.831362975509867e-02 1.2e+01 7.18e-02  5e-02  1e-01 164:10.8
  166   1992 -4.843892173376869e-02 1.2e+01 7.86e-02  5e-02  1e-01 166:06.6
  168   2016 -4.842784521946343e-02 1.2e+01 8.08e-02  6e-02  1e-01 168:02.5
  170   2040 -4.847566444460420e-02 1.2e+01 7.40e-02  5e-02  1e-01 169:58.2
  173   2076 -4.847223274315586e-02 1.3e+01 7.21e-02  5e-02  1e-01 172:52.3
  176   2112 -4.836863671097134e-02 1.3e+01 7.05e-02  5e-02  1e-01 175:46.2
  179   2148 -4.851037211493733e-02 1.4e+01 7.03e-02  5e-02  1e-01 178:40.0
  182   2184 -4.880084337181349e-02 1.4e+01 6.15e-02  4e-02  9e-02 181:34.4
  185   2220 -4.882450027044024e-02 1.5e+01 5.01e-02  3e-02  7e-02 184:28.0
  188   2256 -4.892881517436055e-02 1.5e+01 4.66e-02  3e-02  7e-02 187:22.5
  191   2292 -4.894992413936469e-02 1.6e+01 4.65e-02  3e-02  7e-02 190:16.0
  194   2328 -4.911302870840063e-02 1.7e+01 4.52e-02  3e-02  7e-02 193:09.7
  197   2364 -4.917717036697494e-02 1.7e+01 4.45e-02  3e-02  7e-02 196:03.5
  200   2400 -4.932651964299885e-02 1.7e+01 4.56e-02  3e-02  7e-02 198:57.4
  203   2436 -4.928359302513904e-02 1.7e+01 4.64e-02  3e-02  7e-02 201:51.5
  206   2472 -4.944697507520233e-02 1.8e+01 4.37e-02  3e-02  7e-02 204:45.6
  209   2508 -4.954071988887156e-02 1.8e+01 4.51e-02  3e-02  7e-02 207:39.5
  212   2544 -4.951616296946724e-02 1.9e+01 5.18e-02  3e-02  9e-02 210:33.8
  215   2580 -4.967619835897477e-02 1.9e+01 4.78e-02  3e-02  8e-02 213:28.5
  218   2616 -4.975332974500517e-02 1.9e+01 4.61e-02  3e-02  8e-02 216:22.5
  221   2652 -4.984998021268074e-02 2.0e+01 4.32e-02  3e-02  7e-02 219:17.2
  224   2688 -4.985249406156914e-02 2.0e+01 4.21e-02  3e-02  7e-02 222:12.0
  227   2724 -5.010025234866016e-02 2.1e+01 4.62e-02  3e-02  8e-02 225:06.3
  230   2760 -5.005891496852087e-02 2.2e+01 4.60e-02  3e-02  8e-02 228:00.5
  233   2796 -5.006721759822216e-02 2.2e+01 4.11e-02  3e-02  7e-02 230:54.7
  236   2832 -5.018063014843685e-02 2.3e+01 3.91e-02  2e-02  7e-02 233:49.2
  239   2868 -5.030215583537778e-02 2.4e+01 4.07e-02  2e-02  7e-02 236:43.9
  242   2904 -5.040899752762595e-02 2.5e+01 4.41e-02  3e-02  9e-02 239:38.4
  245   2940 -5.049550992008147e-02 2.7e+01 4.87e-02  3e-02  1e-01 242:32.7
  248   2976 -5.051654155118639e-02 2.9e+01 5.83e-02  3e-02  1e-01 245:27.0
  251   3012 -5.058847442326619e-02 3.0e+01 6.76e-02  4e-02  2e-01 248:21.8
  254   3048 -5.048066654414703e-02 3.1e+01 7.29e-02  4e-02  2e-01 251:16.0
  257   3084 -5.060281493525957e-02 3.3e+01 7.67e-02  4e-02  2e-01 254:10.4
  260   3120 -5.064154343621118e-02 3.5e+01 8.19e-02  5e-02  2e-01 257:04.2
  263   3156 -5.092419703661350e-02 3.6e+01 8.15e-02  5e-02  2e-01 259:58.0
  266   3192 -5.099830886019283e-02 3.6e+01 7.95e-02  5e-02  2e-01 262:52.1
  269   3228 -5.107294035196518e-02 3.7e+01 7.86e-02  4e-02  2e-01 265:46.1
  272   3264 -5.118936891750893e-02 3.9e+01 7.31e-02  4e-02  2e-01 268:40.3
  275   3300 -5.157593535901353e-02 3.9e+01 7.53e-02  4e-02  2e-01 271:34.4
  278   3336 -5.147933737318611e-02 4.0e+01 7.38e-02  4e-02  2e-01 274:28.5
  281   3372 -5.155121602368178e-02 4.2e+01 7.68e-02  4e-02  2e-01 277:22.5
  284   3408 -5.184196244911856e-02 4.4e+01 8.14e-02  4e-02  3e-01 280:16.3
  287   3444 -5.172290101108391e-02 4.5e+01 8.78e-02  5e-02  3e-01 283:11.1
  290   3480 -5.198756026043135e-02 4.7e+01 1.06e-01  5e-02  4e-01 286:05.5
  293   3516 -5.206071051853740e-02 4.9e+01 1.21e-01  6e-02  4e-01 288:59.9
  296   3552 -5.145348581880307e-02 5.0e+01 1.28e-01  7e-02  4e-01 291:53.9
  299   3588 -5.214954345621604e-02 5.1e+01 1.26e-01  6e-02  4e-01 294:47.9
  300   3600 -5.085371270304319e-02 5.1e+01 1.30e-01  7e-02  4e-01 295:45.8
  303   3636 -5.131607629365658e-02 5.1e+01 1.29e-01  6e-02  4e-01 298:40.2
  306   3672 -5.156256733736610e-02 5.1e+01 1.21e-01  6e-02  4e-01 301:34.4
  309   3708 -5.168506349464645e-02 5.1e+01 1.08e-01  5e-02  4e-01 304:28.5
  312   3744 -5.224482166517946e-02 5.2e+01 1.08e-01  5e-02  4e-01 307:22.9
  315   3780 -5.190106214939718e-02 5.3e+01 1.02e-01  5e-02  3e-01 310:16.9
  318   3816 -5.229972271922297e-02 5.4e+01 9.93e-02  5e-02  3e-01 313:11.4
  321   3852 -5.257747970383727e-02 5.5e+01 1.00e-01  5e-02  3e-01 316:05.6
  324   3888 -5.235046261602858e-02 5.6e+01 9.41e-02  4e-02  3e-01 318:59.8
  327   3924 -5.264383379496901e-02 5.6e+01 8.70e-02  4e-02  3e-01 321:54.4
  330   3960 -5.258632783956035e-02 5.6e+01 7.75e-02  3e-02  3e-01 324:48.4
  333   3996 -5.282483558238883e-02 5.7e+01 7.08e-02  3e-02  2e-01 327:42.7
  336   4032 -5.310474299311028e-02 5.7e+01 6.74e-02  3e-02  2e-01 330:36.7
  339   4068 -5.310486116003039e-02 6.0e+01 7.07e-02  3e-02  2e-01 333:30.5
  342   4104 -5.302253398405724e-02 6.3e+01 6.31e-02  3e-02  2e-01 336:24.8
  346   4152 -5.326263267372789e-02 6.9e+01 6.07e-02  3e-02  2e-01 340:16.7
  350   4200 -5.344804024458016e-02 7.1e+01 4.85e-02  2e-02  2e-01 344:09.2
  354   4248 -5.349936011759540e-02 7.3e+01 4.11e-02  2e-02  2e-01 348:01.3
  358   4296 -5.352505969424960e-02 7.7e+01 4.15e-02  2e-02  2e-01 351:53.5
  362   4344 -5.359434073058014e-02 7.8e+01 4.07e-02  2e-02  2e-01 355:45.4
  366   4392 -5.365144474769619e-02 8.5e+01 4.01e-02  2e-02  2e-01 359:37.0
  370   4440 -5.374210252725865e-02 9.2e+01 4.25e-02  2e-02  2e-01 363:28.8
  374   4488 -5.379709993816099e-02 1.0e+02 4.37e-02  2e-02  2e-01 367:20.5
  378   4536 -5.383457352549328e-02 1.1e+02 4.16e-02  2e-02  2e-01 371:12.4
  382   4584 -5.382441551996766e-02 1.1e+02 3.52e-02  1e-02  2e-01 375:04.2
  386   4632 -5.385412535716414e-02 1.1e+02 3.13e-02  1e-02  1e-01 378:55.9
  390   4680 -5.388363091001602e-02 1.1e+02 3.50e-02  1e-02  2e-01 382:47.7
  394   4728 -5.389417679331948e-02 1.2e+02 3.61e-02  1e-02  2e-01 386:39.5
  398   4776 -5.389090552663740e-02 1.2e+02 3.55e-02  1e-02  2e-01 390:32.0
  400   4800 -5.391281742946519e-02 1.2e+02 3.48e-02  1e-02  2e-01 392:27.8
  404   4848 -5.396304653651916e-02 1.2e+02 3.54e-02  1e-02  2e-01 396:20.0
  408   4896 -5.394624362562754e-02 1.3e+02 3.70e-02  1e-02  2e-01 400:12.1
  412   4944 -5.401464685604678e-02 1.3e+02 3.58e-02  1e-02  2e-01 404:03.9
  416   4992 -5.404999951013849e-02 1.3e+02 3.59e-02  1e-02  2e-01 407:55.2
  420   5040 -5.407522379536230e-02 1.3e+02 3.81e-02  1e-02  2e-01 411:46.8
  424   5088 -5.409075393726215e-02 1.3e+02 3.88e-02  1e-02  2e-01 415:38.6
  428   5136 -5.414108607461378e-02 1.3e+02 3.52e-02  1e-02  2e-01 419:30.1
  432   5184 -5.416446144718168e-02 1.4e+02 3.59e-02  1e-02  2e-01 423:22.2
  436   5232 -5.416900979224770e-02 1.4e+02 3.21e-02  9e-03  2e-01 427:13.9
  440   5280 -5.422061667734343e-02 1.4e+02 3.16e-02  8e-03  2e-01 431:05.8
  444   5328 -5.422997853387549e-02 1.5e+02 3.24e-02  8e-03  2e-01 434:57.9
  448   5376 -5.423743352695624e-02 1.4e+02 2.89e-02  7e-03  2e-01 438:49.7
  452   5424 -5.426739178899879e-02 1.4e+02 2.89e-02  7e-03  2e-01 442:41.5
  456   5472 -5.429830011900618e-02 1.4e+02 3.15e-02  7e-03  2e-01 446:33.5
  460   5520 -5.432442465688152e-02 1.5e+02 2.95e-02  7e-03  2e-01 450:25.3
  464   5568 -5.434578010162881e-02 1.5e+02 2.76e-02  6e-03  2e-01 454:17.4
  468   5616 -5.435625148915506e-02 1.6e+02 3.19e-02  7e-03  2e-01 458:09.7
  472   5664 -5.439423965582946e-02 1.6e+02 3.51e-02  8e-03  2e-01 462:01.7
  476   5712 -5.436693738715859e-02 1.6e+02 3.80e-02  8e-03  2e-01 465:53.6
  480   5760 -5.441571780648474e-02 1.6e+02 4.06e-02  9e-03  2e-01 469:45.6
  484   5808 -5.439857692988213e-02 1.6e+02 3.38e-02  7e-03  2e-01 473:37.8
  488   5856 -5.443119213749896e-02 1.6e+02 3.36e-02  7e-03  2e-01 477:30.2
  492   5904 -5.446232726941706e-02 1.6e+02 3.68e-02  8e-03  2e-01 481:22.6
  496   5952 -5.447794758732009e-02 1.6e+02 3.33e-02  7e-03  2e-01 485:14.9
  500   6000 -5.450753534664132e-02 1.6e+02 3.18e-02  7e-03  2e-01 489:06.9
  504   6048 -5.452650879609086e-02 1.7e+02 3.03e-02  6e-03  2e-01 492:59.2
  508   6096 -5.455808011460039e-02 1.7e+02 3.21e-02  6e-03  2e-01 496:51.2
  512   6144 -5.457472175027905e-02 1.8e+02 3.14e-02  6e-03  2e-01 500:43.6
  516   6192 -5.459836011550171e-02 1.8e+02 3.43e-02  7e-03  2e-01 504:35.9
  520   6240 -5.464120817030423e-02 1.9e+02 3.74e-02  7e-03  3e-01 508:27.7
  524   6288 -5.462337160401202e-02 2.0e+02 4.24e-02  8e-03  3e-01 512:21.5
  528   6336 -5.471114846916239e-02 2.1e+02 4.94e-02  1e-02  4e-01 516:13.5
  532   6384 -5.476288011247702e-02 2.2e+02 5.53e-02  1e-02  4e-01 520:05.5
  536   6432 -5.487948096606391e-02 2.2e+02 5.16e-02  1e-02  4e-01 523:57.5
  540   6480 -5.493740160752811e-02 2.4e+02 5.55e-02  1e-02  5e-01 527:49.6
  544   6528 -5.507551176649222e-02 2.4e+02 5.99e-02  1e-02  5e-01 531:42.2
  548   6576 -5.513357570109883e-02 2.6e+02 6.24e-02  1e-02  6e-01 535:35.0
  552   6624 -5.526085353211651e-02 2.7e+02 6.33e-02  1e-02  6e-01 539:27.7
  556   6672 -5.524339897032128e-02 2.7e+02 6.79e-02  1e-02  6e-01 543:19.9
  560   6720 -5.539889896027467e-02 2.7e+02 6.68e-02  1e-02  6e-01 547:11.8
  564   6768 -5.550340602317159e-02 2.7e+02 6.92e-02  1e-02  7e-01 551:03.5
  568   6816 -5.560872850298524e-02 2.9e+02 7.24e-02  1e-02  8e-01 554:55.6
  572   6864 -5.543672387669399e-02 3.0e+02 7.11e-02  1e-02  8e-01 558:48.1
  576   6912 -5.570827917831572e-02 3.1e+02 5.55e-02  9e-03  6e-01 562:41.0
  581   6972 -5.576646086672753e-02 3.1e+02 4.69e-02  7e-03  5e-01 567:31.5
  586   7032 -5.579800164585582e-02 3.1e+02 4.18e-02  6e-03  5e-01 572:21.9
  591   7092 -5.580989068543771e-02 3.1e+02 3.61e-02  5e-03  4e-01 577:11.9
  596   7152 -5.588977823000957e-02 3.2e+02 3.02e-02  4e-03  3e-01 582:01.9
  600   7200 -5.590381550527330e-02 3.5e+02 3.88e-02  5e-03  5e-01 585:53.9
  605   7260 -5.595574843349809e-02 3.7e+02 3.84e-02  5e-03  5e-01 590:44.1
  610   7320 -5.598287768917640e-02 3.6e+02 3.61e-02  4e-03  5e-01 595:34.5
  615   7380 -5.606532011875111e-02 3.6e+02 3.49e-02  4e-03  4e-01 600:24.4
  620   7440 -5.614727276968783e-02 3.7e+02 3.92e-02  4e-03  5e-01 605:13.9
  625   7500 -5.615275124065689e-02 3.8e+02 4.32e-02  5e-03  6e-01 610:03.8
  630   7560 -5.621845075607222e-02 3.9e+02 4.03e-02  4e-03  5e-01 614:53.9
  635   7620 -5.628621240317287e-02 3.7e+02 3.93e-02  4e-03  5e-01 619:44.1
  640   7680 -5.633614612535476e-02 3.6e+02 3.64e-02  4e-03  4e-01 624:33.8
  645   7740 -5.638811818267600e-02 3.7e+02 3.89e-02  4e-03  5e-01 629:24.1
  650   7800 -5.641406216194346e-02 3.6e+02 3.51e-02  3e-03  4e-01 634:14.7
  655   7860 -5.641129678662349e-02 3.6e+02 3.30e-02  3e-03  4e-01 639:05.3
  660   7920 -5.651386864249204e-02 3.9e+02 3.54e-02  3e-03  4e-01 643:55.1
  665   7980 -5.644540842900128e-02 4.1e+02 4.69e-02  4e-03  6e-01 648:45.8
  670   8040 -5.649205627893486e-02 4.1e+02 4.55e-02  4e-03  6e-01 653:36.4
  675   8100 -5.650553256767887e-02 4.2e+02 3.98e-02  3e-03  5e-01 658:27.4
  680   8160 -5.651781926228997e-02 4.1e+02 3.75e-02  3e-03  5e-01 663:17.8
  685   8220 -5.653876036930534e-02 4.2e+02 3.95e-02  3e-03  5e-01 668:08.3
  690   8280 -5.657008056795983e-02 4.4e+02 3.49e-02  3e-03  4e-01 672:58.9
  695   8340 -5.659883981756340e-02 4.5e+02 2.66e-02  2e-03  3e-01 677:49.7
  700   8400 -5.661609115950110e-02 4.6e+02 2.25e-02  2e-03  3e-01 682:40.0
  705   8460 -5.664866173179516e-02 4.6e+02 2.39e-02  2e-03  3e-01 687:29.7
  710   8520 -5.667201667681238e-02 5.0e+02 2.72e-02  2e-03  4e-01 692:20.0
  715   8580 -5.667640885139050e-02 5.2e+02 2.86e-02  2e-03  4e-01 697:10.3
  720   8640 -5.670250508214861e-02 5.3e+02 3.04e-02  2e-03  4e-01 702:00.2
  725   8700 -5.672627850128108e-02 5.4e+02 2.89e-02  2e-03  4e-01 706:49.7
  730   8760 -5.676266404103353e-02 5.9e+02 3.32e-02  2e-03  5e-01 711:39.7
  735   8820 -5.677174633978772e-02 6.4e+02 3.56e-02  2e-03  6e-01 716:29.7
  740   8880 -5.676554754470773e-02 7.0e+02 3.68e-02  2e-03  7e-01 721:19.6
  745   8940 -5.677970680456337e-02 7.3e+02 3.79e-02  2e-03  7e-01 726:09.2
  750   9000 -5.679472172284745e-02 7.3e+02 3.44e-02  2e-03  7e-01 730:59.5
  755   9060 -5.679196664209100e-02 7.1e+02 2.80e-02  2e-03  5e-01 735:49.7
  760   9120 -5.679658700629343e-02 7.1e+02 2.33e-02  1e-03  4e-01 740:39.5
  765   9180 -5.680691923231918e-02 7.2e+02 2.25e-02  1e-03  4e-01 745:29.3
  770   9240 -5.680523904391201e-02 7.5e+02 1.96e-02  1e-03  4e-01 750:19.4
  775   9300 -5.680857035219727e-02 7.7e+02 1.68e-02  1e-03  3e-01 755:09.4
  780   9360 -5.681116530880936e-02 7.7e+02 1.40e-02  8e-04  3e-01 759:58.9
  785   9420 -5.681918257658466e-02 8.0e+02 1.56e-02  8e-04  3e-01 764:48.8
  790   9480 -5.682027566663240e-02 8.2e+02 1.61e-02  9e-04  3e-01 769:39.2
  795   9540 -5.682231493592986e-02 8.1e+02 1.49e-02  8e-04  3e-01 774:29.3
  800   9600 -5.682892174662411e-02 8.0e+02 1.46e-02  8e-04  3e-01 779:19.5
  805   9660 -5.683472280861016e-02 7.8e+02 1.89e-02  1e-03  3e-01 784:10.0
  810   9720 -5.683397350526911e-02 7.8e+02 2.10e-02  1e-03  4e-01 789:00.4
  815   9780 -5.684606796110768e-02 7.7e+02 2.15e-02  1e-03  4e-01 793:50.8
  820   9840 -5.685206760882152e-02 7.8e+02 2.17e-02  1e-03  4e-01 798:41.7
  825   9900 -5.686079247123901e-02 8.2e+02 2.34e-02  1e-03  4e-01 803:31.8
  830   9960 -5.687210111377793e-02 7.9e+02 2.77e-02  1e-03  5e-01 808:22.1
  835  10020 -5.688499402099994e-02 7.7e+02 3.04e-02  2e-03  6e-01 813:12.2
  840  10080 -5.689693281126623e-02 7.4e+02 3.42e-02  2e-03  6e-01 818:02.0
  845  10140 -5.689887267882338e-02 7.5e+02 3.53e-02  2e-03  6e-01 822:51.5
  850  10200 -5.690157789770588e-02 7.4e+02 3.68e-02  2e-03  7e-01 827:41.1
  855  10260 -5.691706395865859e-02 7.5e+02 3.41e-02  2e-03  6e-01 832:31.4
  860  10320 -5.693109734981064e-02 7.4e+02 3.02e-02  1e-03  5e-01 837:21.3
  866  10392 -5.694386433241641e-02 7.5e+02 3.00e-02  1e-03  5e-01 843:09.2
  872  10464 -5.695829042497595e-02 7.4e+02 3.25e-02  2e-03  6e-01 848:57.4
  878  10536 -5.696085065830307e-02 7.5e+02 3.35e-02  2e-03  6e-01 854:45.5
  884  10608 -5.697274417920851e-02 7.8e+02 2.88e-02  1e-03  5e-01 860:33.6
  890  10680 -5.698083693488205e-02 7.9e+02 2.96e-02  1e-03  5e-01 866:21.3
  896  10752 -5.697128075172516e-02 7.9e+02 2.87e-02  1e-03  5e-01 872:09.6
  900  10800 -5.698213431462067e-02 7.9e+02 2.65e-02  1e-03  4e-01 876:01.6
  906  10872 -5.698446830274909e-02 8.0e+02 2.75e-02  1e-03  5e-01 881:49.5
  912  10944 -5.698683748384255e-02 8.2e+02 3.50e-02  2e-03  6e-01 887:37.1
  918  11016 -5.699079541144711e-02 8.0e+02 3.48e-02  2e-03  6e-01 893:25.0
  924  11088 -5.699455237795566e-02 8.1e+02 2.85e-02  1e-03  5e-01 899:13.0
  930  11160 -5.700259946781989e-02 8.0e+02 3.37e-02  1e-03  5e-01 905:00.7
  936  11232 -5.701159073744230e-02 8.0e+02 3.37e-02  1e-03  5e-01 910:49.2
  942  11304 -5.701089695060330e-02 8.2e+02 3.60e-02  1e-03  6e-01 916:37.3
  948  11376 -5.701866791994068e-02 8.0e+02 3.08e-02  1e-03  5e-01 922:25.4
  954  11448 -5.702917066665644e-02 8.1e+02 2.95e-02  1e-03  4e-01 928:13.2
  960  11520 -5.703539790471839e-02 8.1e+02 3.17e-02  1e-03  5e-01 934:00.8
  966  11592 -5.704333084831927e-02 8.1e+02 3.56e-02  1e-03  5e-01 939:48.6
  972  11664 -5.705170184447354e-02 8.0e+02 3.96e-02  2e-03  6e-01 945:36.3
  978  11736 -5.706652317040182e-02 8.0e+02 4.61e-02  2e-03  6e-01 951:24.2
  984  11808 -5.708556729128463e-02 8.0e+02 4.83e-02  2e-03  7e-01 957:11.4
  990  11880 -5.710102156734014e-02 8.0e+02 4.85e-02  2e-03  7e-01 963:00.6
  996  11952 -5.711328234614418e-02 8.1e+02 6.30e-02  2e-03  8e-01 968:48.8
 1000  12000 -5.711216029047654e-02 8.3e+02 6.56e-02  2e-03  9e-01 972:40.9
Budget constraint satisfied 307.8899974822998 335 Difference:  27.110002517700195
Budget constraint satisfied 298.55999755859375 335 Difference:  36.44000244140625
two_most_probable_states: ['000000100001', '000000000001']
final_expectation_value: -0.05712528968712084
params: [-3.6961679804882532, 5.366931929328061, 4.97253142114306, 13.011232736164427, 1.5665983382926303, 10.313481380379216, 21.103192147687235, 38.982431511731676, 49.041369572963674, 9.30109376058605, 6.131853719311477, 0.635679015669358, 2.298862700499921, 1.9626620919832238, -1.9825061522945064, 3.026208716565563, 3.0437354812045, 3.083131177844582, 1.5208959254847771, 1.5604455573668397]
total_steps: 1000
states_probs: [0.005040818300410504, 0.005244737783850287]
optimized_portfolios: [{'CSCO': 0, 'MMM': 0, 'V': 0, 'WBA': 33}, {'CSCO': 0, 'MMM': 0, 'V': 0, 'WBA': 32}]
objective_values: [-58608.85936792496, -51826.722164602055]
result_with_budget: [{'portfolio': {'CSCO': 0, 'MMM': 0, 'V': 0, 'WBA': 33}, 'budget': 307.8899974822998, 'difference': 27.110002517700195}, {'portfolio': {'CSCO': 0, 'MMM': 0, 'V': 0, 'WBA': 32}, 'budget': 298.55999755859375, 'difference': 36.44000244140625}]
Batch 65/100 completed. Results saved to portfolio_optimization_results_batch_64.json
Job finished at Sat Mar 22 08:19:49 EET 2025
