Running job array 10 on pe78.int.triton.aalto.fi
Starting at Fri Mar 21 16:01:40 EET 2025
Activating virtual environment at /scratch/work/uotilav2/quantum-portfolio/venv
Processing batch 11/100: experiments 10 to 10 (total 1)
Processing experiment 10
Budget: 781
YF.download() has changed argument auto_adjust default to True
Number of qubits for asset BA: 3
Number of qubits for asset WMT: 4
Total number of qubits:  7
Optimized Weights (considering variance, skewness and kurtosis):
BA: 22.55%
WMT: 77.45%
Left over budget:  61.90000930746487
Optimized Discrete Allocation:
BA: 1
WMT: 6
Maximized utility from continuous higher moments:  -82.47833623694001
Budget constraint not satisfied 798.3499984741211 781 Difference:  -17.349998474121094
Budget constraint not satisfied 802.0499954223633 781 Difference:  -21.04999542236328
smallest_eigenvalues: [-0.22668966775145952]
smallest_bitstrings: ['0011000']
first_excited_energy: -0.22663697282153958
optimized_portfolio: [{'BA': 4, 'WMT': 1}]
second_optimized_portfolio: [{'BA': 3, 'WMT': 3}]
result_with_budget: [{'portfolio': {'BA': 4, 'WMT': 1}, 'budget': 798.3499984741211, 'difference': -17.349998474121094, 'objective_value': -17.779173067845775}]
result_with_budget_excited: [{'portfolio': {'BA': 3, 'WMT': 3}, 'budget': 802.0499954223633, 'difference': -21.04999542236328, 'objective_value': -12.856422651201132}]
Initial params:  [0.27372477 0.06351797 2.61575239 2.44465153 2.73322377 3.07442019
 2.51063067 1.44978017 2.45210473 0.37157007 2.01037118 0.45035763
 2.96776493 1.63943485]
(5_w,11)-aCMA-ES (mu_w=3.4,w_1=42%) in dimension 14 (seed=667963, Fri Mar 21 16:02:00 2025)
Iterat #Fevals   function value  axis ratio  sigma  min&max std  t[m:s]
    1     11 1.939676271387639e-01 1.0e+00 9.42e-02  9e-02  1e-01 0:04.2
    2     22 9.810063050371775e-03 1.1e+00 9.51e-02  9e-02  1e-01 0:08.5
    3     33 -8.617486849633516e-02 1.2e+00 9.63e-02  9e-02  1e-01 0:12.7
    4     44 -1.466224952285720e-01 1.3e+00 1.05e-01  1e-01  1e-01 0:17.0
    5     55 -1.441184005168746e-01 1.4e+00 1.12e-01  1e-01  1e-01 0:21.2
    7     77 -1.689972222536859e-01 1.5e+00 1.24e-01  1e-01  1e-01 0:29.6
    9     99 -1.603696475883699e-01 1.7e+00 1.33e-01  1e-01  1e-01 0:38.1
   11    121 -1.676337748422659e-01 1.7e+00 1.44e-01  1e-01  2e-01 0:46.6
   13    143 -1.665445100013835e-01 1.8e+00 1.47e-01  1e-01  2e-01 0:55.0
   16    176 -1.556485180367277e-01 1.8e+00 1.28e-01  1e-01  1e-01 1:07.7
   19    209 -1.748557984946980e-01 2.0e+00 1.10e-01  9e-02  1e-01 1:20.3
   22    242 -1.797722444684074e-01 2.1e+00 1.18e-01  1e-01  1e-01 1:33.0
   25    275 -1.771564521966718e-01 2.5e+00 1.50e-01  1e-01  2e-01 1:45.7
   29    319 -1.687707734853833e-01 2.8e+00 1.45e-01  1e-01  2e-01 2:02.6
   33    363 -1.843672070667376e-01 2.9e+00 1.26e-01  1e-01  2e-01 2:19.6
   37    407 -1.862825012031250e-01 2.9e+00 1.23e-01  9e-02  2e-01 2:36.5
   41    451 -1.847339985635538e-01 2.9e+00 1.09e-01  8e-02  1e-01 2:53.4
   46    506 -1.961454558894322e-01 2.7e+00 9.28e-02  6e-02  1e-01 3:14.6
   51    561 -1.945339723016808e-01 2.9e+00 6.49e-02  4e-02  8e-02 3:35.7
   56    616 -1.968218250617534e-01 3.1e+00 4.86e-02  3e-02  6e-02 3:56.9
   61    671 -1.973517579783457e-01 3.3e+00 4.16e-02  3e-02  5e-02 4:18.3
   66    726 -1.979840114752049e-01 3.5e+00 3.27e-02  2e-02  4e-02 4:39.5
   72    792 -1.986376378688552e-01 3.5e+00 2.65e-02  2e-02  3e-02 5:04.7
   78    858 -1.989905963292870e-01 4.0e+00 2.40e-02  1e-02  3e-02 5:30.1
   84    924 -1.990832324982027e-01 4.9e+00 2.57e-02  1e-02  3e-02 5:55.4
   90    990 -1.996586908698135e-01 5.7e+00 2.79e-02  1e-02  4e-02 6:20.8
   97   1067 -2.005149393769068e-01 7.7e+00 3.01e-02  1e-02  5e-02 6:50.3
  100   1100 -2.007168273021085e-01 8.6e+00 3.36e-02  2e-02  6e-02 7:03.0
  107   1177 -2.007528905729674e-01 1.0e+01 3.65e-02  2e-02  6e-02 7:32.7
  114   1254 -2.004969381497147e-01 1.1e+01 3.23e-02  1e-02  5e-02 8:02.2
  122   1342 -2.009338760788734e-01 1.1e+01 2.24e-02  1e-02  4e-02 8:36.3
  130   1430 -2.012195676691482e-01 1.2e+01 2.22e-02  9e-03  4e-02 9:10.3
  138   1518 -2.013721475044411e-01 1.3e+01 1.45e-02  6e-03  2e-02 9:44.8
  146   1606 -2.014507044192445e-01 1.6e+01 1.46e-02  5e-03  2e-02 10:18.9
  155   1705 -2.016079941217675e-01 1.8e+01 1.98e-02  7e-03  4e-02 10:57.0
  164   1804 -2.018991581349107e-01 2.3e+01 3.46e-02  1e-02  9e-02 11:35.3
  173   1903 -2.024019370851014e-01 2.6e+01 3.34e-02  1e-02  9e-02 12:13.7
  182   2002 -2.034748781246871e-01 3.3e+01 6.02e-02  2e-02  2e-01 12:51.7
  191   2101 -2.035543883212133e-01 3.7e+01 4.49e-02  1e-02  2e-01 13:29.9
  200   2200 -2.043285302259230e-01 4.1e+01 4.45e-02  1e-02  2e-01 14:08.0
  210   2310 -2.044814181400617e-01 5.3e+01 5.55e-02  2e-02  2e-01 14:50.4
  220   2420 -2.052519306694822e-01 6.1e+01 4.03e-02  1e-02  2e-01 15:32.6
  230   2530 -2.058811986919416e-01 7.3e+01 4.72e-02  1e-02  2e-01 16:15.1
  241   2651 -2.060072827874762e-01 8.4e+01 3.62e-02  8e-03  2e-01 17:01.7
  252   2772 -2.062097428105877e-01 7.8e+01 2.56e-02  5e-03  1e-01 17:48.1
  263   2893 -2.062507721028806e-01 8.1e+01 2.67e-02  5e-03  1e-01 18:34.5
  274   3014 -2.062648819915006e-01 8.3e+01 1.41e-02  2e-03  6e-02 19:20.9
  286   3146 -2.063092115435348e-01 8.4e+01 1.63e-02  3e-03  6e-02 20:11.7
  298   3278 -2.063445721189207e-01 8.8e+01 1.33e-02  2e-03  5e-02 21:02.4
  300   3300 -2.063485660862164e-01 8.8e+01 1.38e-02  2e-03  5e-02 21:10.8
  312   3432 -2.064203066726518e-01 9.0e+01 2.81e-02  4e-03  1e-01 22:01.5
  325   3575 -2.064963312106267e-01 1.0e+02 2.85e-02  3e-03  1e-01 22:56.5
  338   3718 -2.066233375095864e-01 1.1e+02 3.22e-02  3e-03  1e-01 23:51.4
  351   3861 -2.066541531480452e-01 1.1e+02 2.53e-02  2e-03  1e-01 24:46.1
  364   4004 -2.066828203251996e-01 1.3e+02 2.18e-02  2e-03  9e-02 25:41.0
  378   4158 -2.066923041710948e-01 1.3e+02 1.08e-02  8e-04  4e-02 26:40.1
  392   4312 -2.066975757162616e-01 1.4e+02 1.30e-02  1e-03  5e-02 27:39.1
  400   4400 -2.066997004406238e-01 1.4e+02 1.18e-02  8e-04  4e-02 28:12.9
  414   4554 -2.067038085944759e-01 1.5e+02 1.08e-02  7e-04  4e-02 29:12.0
  428   4708 -2.067087560784261e-01 1.6e+02 1.13e-02  6e-04  4e-02 30:11.0
  443   4873 -2.067124761061442e-01 1.9e+02 1.12e-02  6e-04  4e-02 31:14.3
  458   5038 -2.067150527526902e-01 2.4e+02 8.93e-03  5e-04  4e-02 32:17.4
  473   5203 -2.067157105818006e-01 2.6e+02 3.99e-03  2e-04  2e-02 33:20.6
  488   5368 -2.067158884189610e-01 2.7e+02 2.53e-03  1e-04  1e-02 34:23.9
  500   5500 -2.067159027157721e-01 2.9e+02 1.61e-03  6e-05  6e-03 35:14.4
  516   5676 -2.067159157826601e-01 3.2e+02 6.40e-04  2e-05  2e-03 36:21.9
  532   5852 -2.067159194209619e-01 3.2e+02 5.22e-04  2e-05  2e-03 37:29.3
  548   6028 -2.067159306827636e-01 3.2e+02 1.02e-03  3e-05  3e-03 38:36.7
  565   6215 -2.067159945086385e-01 3.4e+02 2.66e-03  8e-05  8e-03 39:48.3
  582   6402 -2.067164161086786e-01 4.3e+02 7.72e-03  2e-04  2e-02 40:59.8
  599   6589 -2.067199877698408e-01 7.6e+02 1.69e-02  6e-04  9e-02 42:11.5
  600   6600 -2.067217095622033e-01 7.6e+02 1.78e-02  7e-04  9e-02 42:15.6
  618   6798 -2.067363463873011e-01 1.1e+03 3.48e-02  1e-03  2e-01 43:31.5
  636   6996 -2.067500165910283e-01 9.6e+02 3.93e-02  1e-03  2e-01 44:47.5
  654   7194 -2.067544775888723e-01 9.3e+02 1.44e-02  5e-04  7e-02 46:03.5
  672   7392 -2.067567120740745e-01 8.2e+02 1.55e-02  5e-04  7e-02 47:19.5
  691   7601 -2.067605301645506e-01 7.4e+02 2.23e-02  8e-04  8e-02 48:39.7
  700   7700 -2.067620396140613e-01 6.4e+02 2.08e-02  7e-04  6e-02 49:17.6
  719   7909 -2.067642746629190e-01 5.7e+02 2.70e-02  8e-04  7e-02 50:37.7
  738   8118 -2.067654022103333e-01 5.1e+02 1.18e-02  3e-04  3e-02 51:57.8
  757   8327 -2.067655534726450e-01 4.6e+02 4.98e-03  1e-04  1e-02 53:17.9
  777   8547 -2.067655889987869e-01 4.7e+02 1.61e-03  3e-05  3e-03 54:42.2
  797   8767 -2.067655910715312e-01 4.8e+02 4.14e-04  8e-06  7e-04 56:06.5
  800   8800 -2.067655910865630e-01 4.6e+02 3.53e-04  7e-06  6e-04 56:19.1
  820   9020 -2.067655911910178e-01 5.1e+02 1.20e-04  2e-06  2e-04 57:43.4
  841   9251 -2.067655911981707e-01 4.7e+02 4.46e-05  7e-07  7e-05 59:11.9
  862   9482 -2.067655911986598e-01 5.4e+02 1.31e-05  2e-07  2e-05 60:40.4
  863   9493 -2.067655911986597e-01 5.4e+02 1.20e-05  2e-07  2e-05 60:44.6
Budget constraint satisfied 708.0 781 Difference:  73.0
Budget constraint satisfied 722.7999877929688 781 Difference:  58.20001220703125
two_most_probable_states: ['0010000', '0000001']
final_expectation_value: -0.2067655911986608
params: [-2.504891886366387, 0.8119853945266663, 8.51333331000086, 1.0016908506340196, 8.774955139198969, 0.6716326655263316, 5.28067488212317, 1.1492901380752083, 2.430301847756358, 1.3356393478651911, 1.6670290617057553, 1.4556247701954426, 3.188303357325523, 1.6149791621059397]
total_steps: 863
states_probs: [0.038553155586319124, 0.03948029778178756]
optimized_portfolios: [{'BA': 4, 'WMT': 0}, {'BA': 0, 'WMT': 8}]
objective_values: [-17.194030504686772, -265.6361953561326]
result_with_budget: [{'portfolio': {'BA': 4, 'WMT': 0}, 'budget': 708.0, 'difference': 73.0}, {'portfolio': {'BA': 0, 'WMT': 8}, 'budget': 722.7999877929688, 'difference': 58.20001220703125}]
Batch 11/100 completed. Results saved to portfolio_optimization_results_batch_10.json
Job finished at Fri Mar 21 17:06:19 EET 2025
