Running job array 50 on pe82.int.triton.aalto.fi
Starting at Sun Mar 23 11:32:41 EET 2025
Activating virtual environment at /scratch/work/uotilav2/quantum-portfolio/venv
Processing batch 51/100: experiments 50 to 50 (total 1)
Processing experiment 50
Budget: 4252
YF.download() has changed argument auto_adjust default to True
Number of qubits for asset BA: 5
Number of qubits for asset GS: 3
Number of qubits for asset NKE: 6
Total number of qubits:  14
Optimized Weights (considering variance, skewness and kurtosis):
BA: 0.00%
GS: 87.27%
NKE: 12.73%
Left over budget:  80.34333760250502
Optimized Discrete Allocation:
GS: 6
NKE: 10
Maximized utility from continuous higher moments:  -1036.8094378363182
Budget constraint not satisfied 4260.995307922363 4252 Difference:  -8.995307922363281
smallest_eigenvalues: [-0.20401694810591833]
smallest_bitstrings: ['10100101111000']
first_excited_energy: None
optimized_portfolio: [{'BA': 5, 'GS': 5, 'NKE': 7}]
second_optimized_portfolio: None
result_with_budget: [{'portfolio': {'BA': 5, 'GS': 5, 'NKE': 7}, 'budget': 4260.995307922363, 'difference': -8.995307922363281, 'objective_value': -1264.2063504468233}]
result_with_budget_excited: None
Initial params:  [2.51063067 1.44978017 2.45210473 0.37157007 2.01037118 0.45035763
 2.96776493 1.63943485 1.3026989  0.83112597 2.43232687 1.43303853
 1.78578792 0.0590299  1.94035914 1.92295543 1.93815531 2.96487203
 2.14200164 1.12942738]
(6_w,12)-aCMA-ES (mu_w=3.7,w_1=40%) in dimension 20 (seed=812242, Sun Mar 23 11:39:04 2025)
Iterat #Fevals   function value  axis ratio  sigma  min&max std  t[m:s]
    1     12 -1.246362925764391e-01 1.0e+00 9.36e-02  9e-02  9e-02 2:24.3
    2     24 -1.418879735032384e-01 1.1e+00 9.26e-02  9e-02  9e-02 4:48.6
    3     36 -1.587745928927624e-01 1.1e+00 9.17e-02  9e-02  9e-02 7:12.9
    4     48 -1.521200105071400e-01 1.2e+00 9.44e-02  9e-02  1e-01 9:36.5
    5     60 -1.632407238793391e-01 1.2e+00 9.61e-02  9e-02  1e-01 12:00.3
    6     72 -1.643227873962748e-01 1.3e+00 9.71e-02  9e-02  1e-01 14:24.3
    7     84 -1.635835102078514e-01 1.3e+00 9.84e-02  9e-02  1e-01 16:48.4
    8     96 -1.582908364526595e-01 1.3e+00 9.80e-02  9e-02  1e-01 19:12.0
    9    108 -1.686343118246562e-01 1.3e+00 9.98e-02  1e-01  1e-01 21:34.7
   10    120 -1.659202164330008e-01 1.4e+00 1.06e-01  1e-01  1e-01 23:57.7
   11    132 -1.675078853810404e-01 1.4e+00 1.07e-01  1e-01  1e-01 26:20.7
   12    144 -1.702559681257758e-01 1.4e+00 1.08e-01  1e-01  1e-01 28:43.6
   13    156 -1.671892107494812e-01 1.5e+00 1.09e-01  1e-01  1e-01 31:06.4
   14    168 -1.702515832785438e-01 1.5e+00 1.11e-01  1e-01  1e-01 33:28.8
   15    180 -1.668318113505963e-01 1.6e+00 1.12e-01  1e-01  1e-01 35:51.5
   16    192 -1.649818071081366e-01 1.6e+00 1.13e-01  1e-01  1e-01 38:15.2
   17    204 -1.678659074197034e-01 1.6e+00 1.16e-01  1e-01  1e-01 40:39.4
   18    216 -1.688231018830232e-01 1.6e+00 1.16e-01  1e-01  1e-01 43:03.1
   19    228 -1.692868213441460e-01 1.7e+00 1.14e-01  1e-01  1e-01 45:25.9
   20    240 -1.660009538860056e-01 1.7e+00 1.06e-01  1e-01  1e-01 47:45.6
   21    252 -1.697860054452641e-01 1.7e+00 1.01e-01  9e-02  1e-01 50:05.1
   22    264 -1.698589698554546e-01 1.7e+00 9.77e-02  9e-02  1e-01 52:25.0
   23    276 -1.726636190052850e-01 1.7e+00 9.45e-02  9e-02  1e-01 54:44.8
   24    288 -1.717791454739472e-01 1.7e+00 8.85e-02  8e-02  1e-01 57:04.1
   25    300 -1.690489095606011e-01 1.8e+00 8.74e-02  8e-02  1e-01 59:24.7
   26    312 -1.693119757141900e-01 1.8e+00 8.60e-02  8e-02  1e-01 61:44.5
   27    324 -1.712270977891660e-01 1.8e+00 8.24e-02  7e-02  9e-02 64:04.1
   28    336 -1.729106094774880e-01 1.8e+00 8.07e-02  7e-02  9e-02 66:23.8
   29    348 -1.716165611484847e-01 1.8e+00 7.93e-02  7e-02  9e-02 68:43.1
   30    360 -1.715747910889567e-01 1.8e+00 7.98e-02  7e-02  9e-02 71:02.1
   31    372 -1.753479654096339e-01 1.8e+00 7.93e-02  7e-02  9e-02 73:21.2
   32    384 -1.743026870378258e-01 1.8e+00 8.00e-02  7e-02  9e-02 75:40.5
   33    396 -1.725113515435782e-01 1.8e+00 7.77e-02  7e-02  8e-02 77:59.3
   34    408 -1.722819198860308e-01 1.9e+00 7.85e-02  7e-02  9e-02 80:18.7
   35    420 -1.731807638971765e-01 1.8e+00 7.82e-02  7e-02  9e-02 82:38.2
   36    432 -1.753660570167563e-01 1.9e+00 7.71e-02  7e-02  8e-02 84:58.1
   37    444 -1.746334879375726e-01 1.9e+00 7.43e-02  7e-02  8e-02 87:18.4
   38    456 -1.747800966252763e-01 1.9e+00 7.17e-02  6e-02  8e-02 89:38.7
   39    468 -1.762414637437432e-01 1.9e+00 6.91e-02  6e-02  7e-02 91:59.9
   40    480 -1.750250138707268e-01 2.0e+00 6.79e-02  6e-02  7e-02 94:19.2
   41    492 -1.761110216470651e-01 1.9e+00 6.72e-02  6e-02  7e-02 96:38.8
   42    504 -1.772610215064956e-01 2.0e+00 6.66e-02  6e-02  7e-02 98:58.8
   43    516 -1.780971522582440e-01 2.0e+00 6.89e-02  6e-02  7e-02 101:18.1
   44    528 -1.789926820518744e-01 2.1e+00 7.05e-02  6e-02  8e-02 103:37.8
   45    540 -1.791196033214141e-01 2.2e+00 7.03e-02  6e-02  8e-02 105:57.6
   46    552 -1.794170274253138e-01 2.2e+00 7.14e-02  6e-02  8e-02 108:17.5
   47    564 -1.822553164692388e-01 2.3e+00 7.43e-02  6e-02  8e-02 110:37.3
   48    576 -1.801666852310689e-01 2.3e+00 7.48e-02  6e-02  8e-02 112:56.8
   49    588 -1.810151656373594e-01 2.4e+00 7.49e-02  6e-02  8e-02 115:16.3
   50    600 -1.791112619686214e-01 2.4e+00 7.41e-02  6e-02  8e-02 117:35.8
   51    612 -1.793099030624416e-01 2.4e+00 7.29e-02  6e-02  8e-02 119:55.0
   52    624 -1.807166979238351e-01 2.4e+00 6.94e-02  6e-02  8e-02 122:14.3
   53    636 -1.808757183851434e-01 2.5e+00 6.69e-02  6e-02  7e-02 124:33.8
   54    648 -1.816268936001959e-01 2.5e+00 6.51e-02  6e-02  7e-02 126:54.1
   55    660 -1.807123529090547e-01 2.5e+00 6.36e-02  5e-02  7e-02 129:13.8
   56    672 -1.816536053411048e-01 2.6e+00 6.32e-02  5e-02  7e-02 131:33.1
   57    684 -1.828870012544946e-01 2.6e+00 6.12e-02  5e-02  7e-02 133:46.9
   58    696 -1.832237801629900e-01 2.7e+00 6.14e-02  5e-02  7e-02 135:54.9
   59    708 -1.824282938599504e-01 2.7e+00 6.07e-02  5e-02  7e-02 138:02.8
   60    720 -1.836237766103655e-01 2.8e+00 5.88e-02  5e-02  7e-02 140:10.6
   61    732 -1.842671300874734e-01 2.8e+00 5.86e-02  5e-02  7e-02 142:18.2
   62    744 -1.834686476920006e-01 2.9e+00 5.72e-02  5e-02  6e-02 144:26.1
   63    756 -1.847044695525404e-01 2.9e+00 5.75e-02  5e-02  6e-02 146:34.0
   64    768 -1.839064732073005e-01 3.0e+00 5.71e-02  5e-02  6e-02 148:42.2
   65    780 -1.841978258167879e-01 3.1e+00 5.72e-02  5e-02  6e-02 150:49.7
   66    792 -1.841764998349429e-01 3.2e+00 5.78e-02  5e-02  7e-02 152:58.8
   67    804 -1.842154981306488e-01 3.2e+00 5.97e-02  5e-02  7e-02 155:18.8
   68    816 -1.846633195911846e-01 3.3e+00 6.20e-02  5e-02  7e-02 157:38.7
   69    828 -1.848619234152378e-01 3.3e+00 6.45e-02  5e-02  7e-02 159:57.9
   70    840 -1.844768197682853e-01 3.4e+00 6.40e-02  5e-02  7e-02 162:16.9
   71    852 -1.850137186543830e-01 3.5e+00 6.46e-02  5e-02  7e-02 164:36.0
   72    864 -1.835339815651314e-01 3.5e+00 6.39e-02  5e-02  7e-02 166:55.2
   73    876 -1.845576890522578e-01 3.5e+00 6.26e-02  5e-02  7e-02 169:14.2
   74    888 -1.848265356610211e-01 3.6e+00 6.02e-02  5e-02  7e-02 171:33.5
   75    900 -1.847793615918973e-01 3.6e+00 5.88e-02  5e-02  7e-02 173:52.3
   76    912 -1.851772241296567e-01 3.7e+00 5.79e-02  5e-02  7e-02 176:12.1
   77    924 -1.850692141069134e-01 3.8e+00 5.70e-02  5e-02  7e-02 178:31.4
   78    936 -1.855856504917799e-01 3.8e+00 5.65e-02  5e-02  7e-02 180:50.7
   79    948 -1.849431123565746e-01 3.8e+00 5.27e-02  4e-02  6e-02 183:10.3
   80    960 -1.848208538498269e-01 3.9e+00 4.94e-02  4e-02  6e-02 185:29.3
   81    972 -1.850334155618322e-01 3.9e+00 4.77e-02  4e-02  5e-02 187:48.4
   82    984 -1.850183311850199e-01 3.9e+00 4.62e-02  4e-02  5e-02 190:07.6
   83    996 -1.849130940099942e-01 4.0e+00 4.69e-02  4e-02  5e-02 192:26.9
   84   1008 -1.853203523129558e-01 4.0e+00 4.61e-02  4e-02  5e-02 194:46.6
   85   1020 -1.850275547138008e-01 4.0e+00 4.54e-02  4e-02  5e-02 197:05.6
   86   1032 -1.852973649438033e-01 4.1e+00 4.39e-02  4e-02  5e-02 199:24.9
   87   1044 -1.849395345357979e-01 4.1e+00 4.27e-02  3e-02  5e-02 201:44.4
   88   1056 -1.850907205113286e-01 4.2e+00 4.28e-02  3e-02  5e-02 204:03.6
   89   1068 -1.854565669577780e-01 4.2e+00 4.26e-02  3e-02  5e-02 206:23.1
   90   1080 -1.852680488414599e-01 4.2e+00 4.05e-02  3e-02  5e-02 208:42.4
   91   1092 -1.854890191009274e-01 4.2e+00 3.93e-02  3e-02  5e-02 211:01.6
   92   1104 -1.853424325983339e-01 4.2e+00 3.82e-02  3e-02  4e-02 213:21.8
   93   1116 -1.854106359063466e-01 4.2e+00 3.69e-02  3e-02  4e-02 215:41.2
   94   1128 -1.855353428510885e-01 4.3e+00 3.62e-02  3e-02  4e-02 218:00.1
   95   1140 -1.856242502290008e-01 4.3e+00 3.46e-02  3e-02  4e-02 220:19.7
   96   1152 -1.855115135889840e-01 4.4e+00 3.28e-02  2e-02  4e-02 222:39.2
   97   1164 -1.856792747506225e-01 4.5e+00 3.30e-02  2e-02  4e-02 224:58.5
   98   1176 -1.858005784898096e-01 4.5e+00 3.17e-02  2e-02  4e-02 227:17.7
   99   1188 -1.857050876082016e-01 4.5e+00 3.06e-02  2e-02  4e-02 229:36.8
  100   1200 -1.858116228860457e-01 4.6e+00 2.96e-02  2e-02  3e-02 231:56.0
  101   1212 -1.858832294061651e-01 4.7e+00 2.85e-02  2e-02  3e-02 234:15.6
  102   1224 -1.857611751761466e-01 4.7e+00 2.78e-02  2e-02  3e-02 236:34.9
  103   1236 -1.858274688959720e-01 4.6e+00 2.77e-02  2e-02  3e-02 238:54.2
  104   1248 -1.857802143385003e-01 4.6e+00 2.80e-02  2e-02  3e-02 241:13.6
  105   1260 -1.859238677878426e-01 4.7e+00 2.75e-02  2e-02  3e-02 243:32.6
  106   1272 -1.857290341570141e-01 4.7e+00 2.66e-02  2e-02  3e-02 245:51.7
  107   1284 -1.859866421248595e-01 4.8e+00 2.57e-02  2e-02  3e-02 248:11.1
  108   1296 -1.858622364544353e-01 4.8e+00 2.56e-02  2e-02  3e-02 250:30.3
  109   1308 -1.859607830426132e-01 4.9e+00 2.52e-02  2e-02  3e-02 252:49.6
  110   1320 -1.860204524690880e-01 4.9e+00 2.52e-02  2e-02  3e-02 255:09.4
  111   1332 -1.861384908256214e-01 4.9e+00 2.61e-02  2e-02  3e-02 257:23.7
  112   1344 -1.862200243877035e-01 5.0e+00 2.73e-02  2e-02  3e-02 259:43.1
  113   1356 -1.862555299440123e-01 5.0e+00 2.76e-02  2e-02  3e-02 262:02.8
  114   1368 -1.861943273716240e-01 5.1e+00 2.81e-02  2e-02  3e-02 264:21.9
  115   1380 -1.861869756478815e-01 5.1e+00 2.81e-02  2e-02  3e-02 266:40.9
  116   1392 -1.861900897279405e-01 5.2e+00 2.80e-02  2e-02  3e-02 269:00.1
  117   1404 -1.862644306538371e-01 5.3e+00 2.77e-02  2e-02  3e-02 271:19.4
  118   1416 -1.862217156604216e-01 5.3e+00 2.67e-02  2e-02  3e-02 273:38.9
  119   1428 -1.862445422499991e-01 5.3e+00 2.64e-02  2e-02  3e-02 275:58.5
  120   1440 -1.862665811825880e-01 5.4e+00 2.60e-02  2e-02  3e-02 278:18.3
  121   1452 -1.864577354771917e-01 5.4e+00 2.56e-02  2e-02  3e-02 280:37.8
  122   1464 -1.864844243795211e-01 5.4e+00 2.58e-02  2e-02  3e-02 282:57.1
  123   1476 -1.865383572307180e-01 5.4e+00 2.52e-02  2e-02  3e-02 285:16.8
  124   1488 -1.865167036011307e-01 5.6e+00 2.47e-02  2e-02  3e-02 287:35.2
  125   1500 -1.865500475685798e-01 5.7e+00 2.50e-02  2e-02  3e-02 289:42.9
  126   1512 -1.864788238240480e-01 5.8e+00 2.56e-02  2e-02  3e-02 291:58.1
  127   1524 -1.866223598797074e-01 5.9e+00 2.65e-02  2e-02  3e-02 294:17.2
  128   1536 -1.866583032104890e-01 6.0e+00 2.78e-02  2e-02  3e-02 296:36.7
  129   1548 -1.865995720104725e-01 6.1e+00 2.82e-02  2e-02  3e-02 298:55.5
  130   1560 -1.867184095344289e-01 6.3e+00 2.83e-02  2e-02  3e-02 301:14.3
  131   1572 -1.866652423319664e-01 6.4e+00 2.91e-02  2e-02  3e-02 303:33.3
  132   1584 -1.868403895129256e-01 6.5e+00 3.02e-02  2e-02  4e-02 305:52.4
  133   1596 -1.869140761886913e-01 6.7e+00 3.16e-02  2e-02  4e-02 308:11.4
  134   1608 -1.868607966752695e-01 6.8e+00 3.32e-02  2e-02  4e-02 310:30.5
  135   1620 -1.868220007698134e-01 6.9e+00 3.49e-02  2e-02  4e-02 312:49.8
  136   1632 -1.868739381153046e-01 7.0e+00 3.62e-02  3e-02  4e-02 315:09.4
  137   1644 -1.868545315258752e-01 7.1e+00 3.69e-02  3e-02  4e-02 317:28.7
  138   1656 -1.867713023150843e-01 7.1e+00 3.82e-02  3e-02  5e-02 319:47.7
  139   1668 -1.869964229445645e-01 7.3e+00 3.82e-02  3e-02  5e-02 322:06.7
  140   1680 -1.869966295129908e-01 7.4e+00 3.79e-02  3e-02  5e-02 324:25.9
  142   1704 -1.868865298953803e-01 7.7e+00 3.47e-02  2e-02  4e-02 329:04.4
  144   1728 -1.869428801923184e-01 7.8e+00 3.26e-02  2e-02  4e-02 333:43.0
  146   1752 -1.868814818677870e-01 8.1e+00 3.30e-02  2e-02  4e-02 338:21.7
  148   1776 -1.869573540838600e-01 8.2e+00 3.23e-02  2e-02  4e-02 343:01.7
  150   1800 -1.870020377928838e-01 8.5e+00 3.24e-02  2e-02  4e-02 347:40.7
  152   1824 -1.872588344707351e-01 8.7e+00 3.18e-02  2e-02  4e-02 352:19.9
  154   1848 -1.872080415700073e-01 8.9e+00 3.14e-02  2e-02  4e-02 356:58.3
  156   1872 -1.873625001796085e-01 9.1e+00 3.20e-02  2e-02  4e-02 361:37.8
  158   1896 -1.874341658462507e-01 9.3e+00 3.32e-02  2e-02  4e-02 366:17.4
  160   1920 -1.874924461889085e-01 9.6e+00 3.47e-02  2e-02  4e-02 370:55.8
  162   1944 -1.875495612625105e-01 1.0e+01 3.56e-02  2e-02  5e-02 375:34.4
  164   1968 -1.876145296452190e-01 1.1e+01 3.69e-02  2e-02  5e-02 380:13.3
  166   1992 -1.876764559227455e-01 1.1e+01 3.76e-02  2e-02  5e-02 384:51.6
  168   2016 -1.877995020296439e-01 1.2e+01 3.75e-02  2e-02  5e-02 389:30.4
  170   2040 -1.877205011731028e-01 1.2e+01 3.49e-02  2e-02  5e-02 394:09.1
  172   2064 -1.877359827512828e-01 1.3e+01 3.04e-02  2e-02  4e-02 398:47.3
  174   2088 -1.878105274302312e-01 1.3e+01 2.80e-02  2e-02  4e-02 403:26.2
  176   2112 -1.879740554206350e-01 1.3e+01 2.70e-02  2e-02  4e-02 408:06.7
  178   2136 -1.881212241596424e-01 1.4e+01 2.68e-02  2e-02  4e-02 412:47.0
  180   2160 -1.880857022286922e-01 1.4e+01 2.69e-02  2e-02  4e-02 417:27.7
  182   2184 -1.881935137596337e-01 1.5e+01 2.84e-02  2e-02  4e-02 422:08.3
  184   2208 -1.883062070174930e-01 1.5e+01 3.02e-02  2e-02  4e-02 426:49.0
  186   2232 -1.883412092153129e-01 1.5e+01 3.07e-02  2e-02  4e-02 431:28.9
  188   2256 -1.885309369823731e-01 1.6e+01 2.95e-02  2e-02  4e-02 436:09.2
  190   2280 -1.886241932008778e-01 1.7e+01 3.08e-02  2e-02  5e-02 440:49.3
  192   2304 -1.889574843553442e-01 1.7e+01 3.33e-02  2e-02  5e-02 445:25.0
  194   2328 -1.890362506633527e-01 1.9e+01 3.70e-02  2e-02  6e-02 449:58.4
  196   2352 -1.893039722189641e-01 2.0e+01 4.35e-02  2e-02  8e-02 454:32.1
  198   2376 -1.894769652740333e-01 2.2e+01 5.14e-02  3e-02  1e-01 459:08.5
  200   2400 -1.899149278745455e-01 2.4e+01 5.94e-02  3e-02  1e-01 463:42.1
  202   2424 -1.902977441962893e-01 2.6e+01 6.41e-02  3e-02  1e-01 468:15.4
  204   2448 -1.900954565042680e-01 2.7e+01 7.00e-02  4e-02  2e-01 472:53.6
  206   2472 -1.896793630726887e-01 2.9e+01 7.58e-02  4e-02  2e-01 477:31.9
  208   2496 -1.900570042461037e-01 3.0e+01 7.25e-02  4e-02  2e-01 482:12.7
  210   2520 -1.905761825889080e-01 3.1e+01 7.18e-02  3e-02  2e-01 486:54.7
  212   2544 -1.902894944651204e-01 3.1e+01 7.46e-02  3e-02  2e-01 491:34.3
  214   2568 -1.907901644926819e-01 3.1e+01 7.31e-02  3e-02  2e-01 495:58.2
  216   2592 -1.904429706814643e-01 3.1e+01 6.87e-02  3e-02  2e-01 500:22.1
  218   2616 -1.908191848400244e-01 3.1e+01 6.55e-02  3e-02  2e-01 504:46.4
  220   2640 -1.909041202049681e-01 3.2e+01 6.62e-02  3e-02  2e-01 509:09.9
  222   2664 -1.911071583912088e-01 3.2e+01 6.64e-02  3e-02  2e-01 513:47.6
  224   2688 -1.913836317923838e-01 3.3e+01 6.19e-02  3e-02  2e-01 518:19.7
  226   2712 -1.913286957067225e-01 3.4e+01 5.98e-02  3e-02  2e-01 522:43.5
  228   2736 -1.914894925666887e-01 3.5e+01 6.17e-02  3e-02  2e-01 527:08.1
  230   2760 -1.914529546294886e-01 3.5e+01 6.25e-02  3e-02  2e-01 531:33.3
  232   2784 -1.917682241068938e-01 3.5e+01 6.68e-02  3e-02  2e-01 535:56.1
  234   2808 -1.917294823528463e-01 3.6e+01 6.81e-02  3e-02  2e-01 540:20.6
  236   2832 -1.918350974810513e-01 3.5e+01 6.74e-02  3e-02  2e-01 544:44.3
  238   2856 -1.915031913218125e-01 3.5e+01 6.65e-02  3e-02  2e-01 549:08.0
  240   2880 -1.915683655843146e-01 3.6e+01 6.89e-02  3e-02  2e-01 553:34.5
  242   2904 -1.918193029173096e-01 3.6e+01 6.90e-02  3e-02  2e-01 558:13.6
  244   2928 -1.914417144123166e-01 3.6e+01 6.70e-02  3e-02  2e-01 562:51.8
  246   2952 -1.921405433566522e-01 3.6e+01 6.22e-02  2e-02  2e-01 567:30.4
  248   2976 -1.918143193764287e-01 3.6e+01 6.02e-02  2e-02  2e-01 572:09.4
  250   3000 -1.918525905138885e-01 3.7e+01 5.79e-02  2e-02  2e-01 576:48.4
  252   3024 -1.917775486388444e-01 3.7e+01 5.57e-02  2e-02  2e-01 581:26.9
  254   3048 -1.918410658281330e-01 3.8e+01 5.15e-02  2e-02  1e-01 586:05.1
  256   3072 -1.922163215969862e-01 3.8e+01 4.80e-02  2e-02  1e-01 590:43.5
  258   3096 -1.919073635796725e-01 3.7e+01 4.62e-02  2e-02  1e-01 595:22.1
  260   3120 -1.920394916862685e-01 3.7e+01 4.54e-02  2e-02  1e-01 600:00.2
  262   3144 -1.922226438039138e-01 3.7e+01 4.94e-02  2e-02  1e-01 604:39.9
  264   3168 -1.922067682308755e-01 3.7e+01 5.48e-02  2e-02  1e-01 609:19.0
  266   3192 -1.918956826911052e-01 3.8e+01 5.58e-02  2e-02  2e-01 613:57.6
  268   3216 -1.921168142283504e-01 3.8e+01 5.76e-02  2e-02  2e-01 618:36.7
  270   3240 -1.920136460205626e-01 3.9e+01 5.72e-02  2e-02  2e-01 623:12.1
  272   3264 -1.918416247628510e-01 3.9e+01 5.68e-02  2e-02  2e-01 627:35.8
  274   3288 -1.920412964231716e-01 4.0e+01 5.42e-02  2e-02  2e-01 632:00.8
  276   3312 -1.919185764299041e-01 4.0e+01 5.01e-02  2e-02  1e-01 636:40.1
  278   3336 -1.922857173532237e-01 4.1e+01 4.65e-02  1e-02  1e-01 641:18.9
  280   3360 -1.923491318619073e-01 4.1e+01 4.64e-02  1e-02  1e-01 645:57.7
  282   3384 -1.925149935079291e-01 4.2e+01 4.85e-02  2e-02  1e-01 650:37.1
  284   3408 -1.924473378670145e-01 4.2e+01 4.78e-02  2e-02  1e-01 655:15.9
  286   3432 -1.926629159988120e-01 4.3e+01 4.59e-02  1e-02  1e-01 659:54.7
  288   3456 -1.925156818608571e-01 4.3e+01 4.56e-02  1e-02  1e-01 664:34.0
  290   3480 -1.927775311537378e-01 4.4e+01 4.43e-02  1e-02  1e-01 669:13.6
  292   3504 -1.927318267552365e-01 4.5e+01 4.95e-02  2e-02  1e-01 673:48.3
  294   3528 -1.927081947787267e-01 4.7e+01 4.89e-02  2e-02  1e-01 678:24.1
  296   3552 -1.928462565865496e-01 4.8e+01 4.81e-02  2e-02  1e-01 683:02.9
  298   3576 -1.928420095639437e-01 4.8e+01 4.65e-02  1e-02  1e-01 687:41.5
  300   3600 -1.930256907089745e-01 4.8e+01 4.67e-02  1e-02  1e-01 692:20.4
Budget constraint satisfied 3717.0 4252 Difference:  535.0
Budget constraint satisfied 3690.577865600586 4252 Difference:  561.4221343994141
two_most_probable_states: ['10101000000000', '00101000010000']
final_expectation_value: -0.19302569070897455
params: [3.158961214781591, 2.4595457773242586, 1.3634657563493728, -2.218458718904156, 4.349310471363841, 0.2983814443127114, 5.195284194628146, 4.308654596988939, 6.342560239885795, 2.1206306614668944, 2.7768782880526697, -0.1828961999069318, 2.686349719145776, 0.41958995876687794, 2.6471445756229675, 0.4059554805965306, 3.1619635353234408, 3.149972448447564, 1.5197677738782949, 1.508033303347223]
total_steps: 300
states_probs: [0.00037680996124804186, 0.000376893316727711]
optimized_portfolios: [{'BA': 21, 'GS': 0, 'NKE': 0}, {'BA': 20, 'GS': 0, 'NKE': 2}]
objective_values: [-13237.29091037373, -12896.447253992743]
result_with_budget: [{'portfolio': {'BA': 21, 'GS': 0, 'NKE': 0}, 'budget': 3717.0, 'difference': 535.0}, {'portfolio': {'BA': 20, 'GS': 0, 'NKE': 2}, 'budget': 3690.577865600586, 'difference': 561.4221343994141}]
Batch 51/100 completed. Results saved to portfolio_optimization_results_batch_50.json
Job finished at Sun Mar 23 23:12:06 EET 2025
