Running job array 37 on milan28.int.triton.aalto.fi
Starting at Sat Mar 22 10:19:09 EET 2025
Activating virtual environment at /scratch/work/uotilav2/quantum-portfolio/venv
Processing batch 38/100: experiments 37 to 37 (total 1)
Processing experiment 37
Budget: 1444
YF.download() has changed argument auto_adjust default to True
Number of qubits for asset CAT: 2
Number of qubits for asset INTC: 7
Total number of qubits:  9
Optimized Weights (considering variance, skewness and kurtosis):
CAT: 100.00%
INTC: 0.00%
Left over budget:  159.19510632939296
Optimized Discrete Allocation:
CAT: 3
INTC: 10
Maximized utility from continuous higher moments:  -726.8007462594885
Budget constraint not satisfied 1445.2048873901367 1444 Difference:  -1.2048873901367188
Budget constraint satisfied 1425.1548881530762 1444 Difference:  18.845111846923828
smallest_eigenvalues: [-0.3385763118652038]
smallest_bitstrings: ['110100100']
first_excited_energy: -0.33854388558325405
optimized_portfolio: [{'CAT': 3, 'INTC': 18}]
second_optimized_portfolio: [{'CAT': 3, 'INTC': 17}]
result_with_budget: [{'portfolio': {'CAT': 3, 'INTC': 18}, 'budget': 1445.2048873901367, 'difference': -1.2048873901367188, 'objective_value': -7111.973506439552}]
result_with_budget_excited: [{'portfolio': {'CAT': 3, 'INTC': 17}, 'budget': 1425.1548881530762, 'difference': 18.845111846923828, 'objective_value': -5687.275166227092}]
Initial params:  [1.48788356 2.51613533 1.63512823 2.13276294 2.26393425 1.8284691
 1.68820779 2.38326127 0.33271856 1.4878596  0.58538032 2.31509673
 0.680313   0.42480042 1.01831901 0.47021746 0.69844324 1.21419094]
(6_w,12)-aCMA-ES (mu_w=3.7,w_1=40%) in dimension 18 (seed=702599, Sat Mar 22 10:19:26 2025)
Iterat #Fevals   function value  axis ratio  sigma  min&max std  t[m:s]
    1     12 7.049113500745022e-02 1.0e+00 9.41e-02  9e-02  9e-02 0:12.1
    2     24 -1.058999214440181e-01 1.1e+00 9.17e-02  9e-02  9e-02 0:24.1
    3     36 -1.674453741647159e-01 1.1e+00 9.20e-02  9e-02  9e-02 0:37.0
    4     48 -1.477859068502212e-01 1.2e+00 9.33e-02  9e-02  9e-02 0:49.9
    5     60 -1.937810545471009e-01 1.2e+00 1.01e-01  1e-01  1e-01 1:03.0
    6     72 -2.067361116592087e-01 1.3e+00 1.05e-01  1e-01  1e-01 1:16.1
    7     84 -2.199501820042900e-01 1.4e+00 1.07e-01  1e-01  1e-01 1:29.1
    8     96 -2.253874182498253e-01 1.4e+00 1.11e-01  1e-01  1e-01 1:42.4
    9    108 -2.366806257640009e-01 1.5e+00 1.18e-01  1e-01  1e-01 1:55.4
   10    120 -2.507934319276306e-01 1.6e+00 1.21e-01  1e-01  1e-01 2:08.4
   11    132 -2.471046275014932e-01 1.7e+00 1.25e-01  1e-01  1e-01 2:21.5
   12    144 -2.513900719106787e-01 1.7e+00 1.26e-01  1e-01  1e-01 2:34.5
   13    156 -2.691737629810548e-01 1.7e+00 1.29e-01  1e-01  1e-01 2:47.7
   14    168 -2.644376750205486e-01 1.7e+00 1.33e-01  1e-01  2e-01 3:00.8
   16    192 -2.741526086695566e-01 1.7e+00 1.48e-01  1e-01  2e-01 3:27.2
   18    216 -2.709739766426424e-01 1.8e+00 1.50e-01  1e-01  2e-01 3:53.5
   20    240 -2.526038572419395e-01 1.9e+00 1.48e-01  1e-01  2e-01 4:19.7
   22    264 -2.744615725609945e-01 1.9e+00 1.35e-01  1e-01  2e-01 4:46.2
   24    288 -2.612001033538470e-01 1.9e+00 1.27e-01  1e-01  1e-01 5:12.3
   26    312 -2.776428455735804e-01 1.9e+00 1.30e-01  1e-01  1e-01 5:38.8
   28    336 -2.655962162728053e-01 2.0e+00 1.25e-01  1e-01  1e-01 6:05.1
   30    360 -2.692600317627980e-01 2.1e+00 1.12e-01  1e-01  1e-01 6:28.7
   32    384 -2.723618910373270e-01 2.2e+00 1.18e-01  1e-01  1e-01 6:55.0
   34    408 -2.841729902828555e-01 2.2e+00 1.18e-01  1e-01  1e-01 7:21.4
   36    432 -2.878299566240756e-01 2.3e+00 1.19e-01  1e-01  1e-01 7:49.1
   38    456 -2.810650274898484e-01 2.3e+00 1.19e-01  1e-01  1e-01 8:16.4
   40    480 -2.841209668360752e-01 2.4e+00 1.27e-01  1e-01  2e-01 8:43.7
   42    504 -2.881143081561681e-01 2.4e+00 1.16e-01  1e-01  1e-01 9:11.2
   45    540 -2.954510830560456e-01 2.4e+00 1.02e-01  9e-02  1e-01 9:52.5
   48    576 -2.857324390804744e-01 2.5e+00 9.31e-02  8e-02  1e-01 10:33.6
   51    612 -2.904519856554347e-01 2.6e+00 8.35e-02  7e-02  1e-01 11:14.6
   54    648 -2.933491477158218e-01 2.6e+00 8.11e-02  7e-02  1e-01 11:55.7
   57    684 -2.967600399200277e-01 2.7e+00 7.65e-02  6e-02  9e-02 12:36.7
   60    720 -2.957770800367371e-01 2.8e+00 6.63e-02  5e-02  8e-02 13:17.7
   63    756 -2.958297897013276e-01 2.8e+00 6.12e-02  5e-02  7e-02 13:58.5
   66    792 -2.960905232103910e-01 2.9e+00 6.38e-02  5e-02  7e-02 14:39.8
   69    828 -2.986527159770000e-01 3.0e+00 6.52e-02  5e-02  7e-02 15:20.8
   72    864 -2.954725092424919e-01 3.1e+00 6.35e-02  5e-02  7e-02 16:02.1
   75    900 -2.968096373631048e-01 3.1e+00 5.89e-02  5e-02  7e-02 16:43.1
   78    936 -2.971990825162981e-01 3.2e+00 5.38e-02  4e-02  6e-02 17:24.7
   81    972 -2.966373713274736e-01 3.3e+00 5.16e-02  4e-02  6e-02 18:06.0
   84   1008 -2.966602971908406e-01 3.4e+00 5.02e-02  4e-02  6e-02 18:47.2
   88   1056 -2.994470991431965e-01 3.5e+00 4.24e-02  3e-02  5e-02 19:42.0
   92   1104 -2.995963338772528e-01 3.6e+00 3.70e-02  3e-02  4e-02 20:37.2
   96   1152 -2.998016958453935e-01 3.8e+00 3.78e-02  3e-02  4e-02 21:32.1
  100   1200 -3.003246631260336e-01 4.0e+00 3.54e-02  2e-02  4e-02 22:27.0
  104   1248 -3.005404281299794e-01 4.1e+00 3.34e-02  2e-02  4e-02 23:21.7
  108   1296 -3.005641730103849e-01 4.4e+00 3.23e-02  2e-02  4e-02 24:16.5
  112   1344 -3.010283119971115e-01 4.4e+00 3.12e-02  2e-02  3e-02 25:10.4
  116   1392 -3.009288495806318e-01 4.7e+00 3.03e-02  2e-02  3e-02 26:04.0
  120   1440 -3.012953400709036e-01 5.0e+00 2.94e-02  2e-02  3e-02 26:57.9
  124   1488 -3.013516129276345e-01 5.3e+00 2.57e-02  2e-02  3e-02 27:51.7
  128   1536 -3.017718229397021e-01 6.1e+00 2.69e-02  2e-02  3e-02 28:45.5
  132   1584 -3.020399540520929e-01 6.8e+00 2.43e-02  1e-02  3e-02 29:39.4
  137   1644 -3.021519680707313e-01 7.6e+00 2.12e-02  1e-02  2e-02 30:46.6
  142   1704 -3.021998509586793e-01 8.1e+00 1.94e-02  1e-02  2e-02 31:53.7
  147   1764 -3.024543363439752e-01 8.3e+00 1.89e-02  1e-02  2e-02 32:57.6
  152   1824 -3.028719191495942e-01 8.2e+00 2.07e-02  1e-02  3e-02 34:01.2
  157   1884 -3.033302763395861e-01 8.8e+00 2.95e-02  2e-02  4e-02 35:04.8
  162   1944 -3.038357853553154e-01 9.3e+00 3.05e-02  2e-02  4e-02 36:08.2
  168   2016 -3.042376179105060e-01 1.1e+01 3.97e-02  3e-02  6e-02 37:19.3
  174   2088 -3.045561164532284e-01 1.3e+01 4.80e-02  3e-02  7e-02 38:28.1
  180   2160 -3.048588786696391e-01 1.4e+01 4.94e-02  3e-02  7e-02 39:37.0
  186   2232 -3.056984492019340e-01 1.5e+01 5.90e-02  4e-02  1e-01 40:46.0
  192   2304 -3.061537631823797e-01 1.5e+01 6.05e-02  4e-02  1e-01 41:54.4
  198   2376 -3.060990499782797e-01 1.6e+01 5.55e-02  4e-02  1e-01 43:02.7
  200   2400 -3.064731384355906e-01 1.7e+01 5.59e-02  4e-02  1e-01 43:25.4
  206   2472 -3.063624332871626e-01 1.7e+01 4.57e-02  3e-02  9e-02 44:33.9
  212   2544 -3.068259566436474e-01 1.7e+01 4.49e-02  3e-02  8e-02 45:42.8
  219   2628 -3.071301289342040e-01 1.7e+01 3.95e-02  2e-02  7e-02 47:04.1
  225   2700 -3.076092993091822e-01 1.8e+01 3.73e-02  2e-02  7e-02 48:17.9
  231   2772 -3.078549680258898e-01 1.9e+01 3.77e-02  2e-02  7e-02 49:34.5
  237   2844 -3.083139297829954e-01 2.2e+01 5.04e-02  3e-02  9e-02 50:51.2
  243   2916 -3.091722181170676e-01 2.7e+01 5.80e-02  3e-02  1e-01 52:07.9
  249   2988 -3.090196780786494e-01 3.1e+01 6.75e-02  3e-02  2e-01 53:24.7
  255   3060 -3.093861658124069e-01 3.4e+01 6.23e-02  3e-02  2e-01 54:41.4
  261   3132 -3.095902777989413e-01 3.5e+01 4.49e-02  2e-02  1e-01 55:58.2
  267   3204 -3.100087335201387e-01 3.6e+01 3.55e-02  2e-02  9e-02 57:15.2
  274   3288 -3.104041005800901e-01 3.7e+01 3.52e-02  1e-02  9e-02 58:44.7
  281   3372 -3.103668021709979e-01 4.1e+01 4.05e-02  2e-02  1e-01 60:14.1
  288   3456 -3.106733122349424e-01 4.2e+01 4.08e-02  2e-02  1e-01 61:40.9
  295   3540 -3.109676635905353e-01 4.3e+01 3.67e-02  1e-02  1e-01 63:09.4
  300   3600 -3.112747801245812e-01 4.4e+01 4.38e-02  2e-02  1e-01 64:12.7
  307   3684 -3.116830271360154e-01 4.7e+01 5.17e-02  2e-02  2e-01 65:41.4
  314   3768 -3.117377283678297e-01 4.7e+01 5.94e-02  2e-02  2e-01 67:09.6
  321   3852 -3.120177034429293e-01 4.9e+01 4.74e-02  1e-02  1e-01 68:38.0
  328   3936 -3.126106554834118e-01 4.8e+01 4.57e-02  1e-02  1e-01 70:06.5
  335   4020 -3.128904281395393e-01 5.0e+01 5.34e-02  1e-02  2e-01 71:35.1
  342   4104 -3.131369714689798e-01 5.0e+01 4.75e-02  1e-02  1e-01 73:03.8
  350   4200 -3.136950146287438e-01 5.0e+01 5.29e-02  1e-02  1e-01 74:45.2
  358   4296 -3.139120677198328e-01 5.3e+01 5.21e-02  1e-02  1e-01 76:25.8
  366   4392 -3.138968521874230e-01 5.3e+01 4.93e-02  1e-02  1e-01 78:04.4
  374   4488 -3.144002645198186e-01 5.6e+01 4.17e-02  9e-03  1e-01 79:43.1
  382   4584 -3.143626429654938e-01 5.5e+01 2.80e-02  6e-03  7e-02 81:21.3
  390   4680 -3.145316056125086e-01 5.7e+01 2.70e-02  5e-03  7e-02 82:59.0
  398   4776 -3.145427107993489e-01 6.1e+01 2.46e-02  4e-03  6e-02 84:36.8
  400   4800 -3.145523392954887e-01 6.0e+01 2.12e-02  4e-03  5e-02 85:00.4
  408   4896 -3.146235754125208e-01 6.0e+01 1.68e-02  3e-03  4e-02 86:38.7
  417   5004 -3.146964806297335e-01 5.7e+01 3.00e-02  5e-03  7e-02 88:26.1
  426   5112 -3.148788080984086e-01 5.8e+01 3.49e-02  6e-03  8e-02 90:16.3
  435   5220 -3.150817800863119e-01 5.7e+01 3.82e-02  6e-03  8e-02 92:06.5
  444   5328 -3.152390341632610e-01 6.4e+01 3.44e-02  6e-03  8e-02 93:56.7
  453   5436 -3.154680594153982e-01 6.5e+01 4.13e-02  6e-03  9e-02 95:47.0
  462   5544 -3.160237106278507e-01 7.0e+01 5.68e-02  9e-03  1e-01 97:37.1
  471   5652 -3.165961998383522e-01 7.7e+01 6.77e-02  1e-02  2e-01 99:27.6
  480   5760 -3.169458751046784e-01 8.0e+01 5.70e-02  8e-03  2e-01 101:15.9
  489   5868 -3.172556612181256e-01 8.6e+01 6.19e-02  9e-03  2e-01 103:06.0
  498   5976 -3.180143710043489e-01 8.5e+01 6.36e-02  8e-03  2e-01 104:56.7
  500   6000 -3.179541446932288e-01 8.7e+01 6.90e-02  9e-03  2e-01 105:21.1
  509   6108 -3.182360187020503e-01 8.5e+01 7.12e-02  9e-03  2e-01 107:11.6
  518   6216 -3.183832816343291e-01 8.2e+01 5.77e-02  7e-03  2e-01 109:02.2
  528   6336 -3.186486705667247e-01 7.9e+01 3.90e-02  5e-03  1e-01 111:04.9
  538   6456 -3.189010126585065e-01 7.6e+01 4.13e-02  5e-03  1e-01 113:07.4
  548   6576 -3.190953756667109e-01 7.5e+01 5.74e-02  6e-03  1e-01 115:10.5
  558   6696 -3.192379035118730e-01 7.8e+01 4.85e-02  5e-03  1e-01 117:13.4
  568   6816 -3.195015522436689e-01 8.0e+01 5.18e-02  5e-03  1e-01 119:16.2
  578   6936 -3.195808896628818e-01 8.3e+01 4.92e-02  5e-03  1e-01 121:16.0
  588   7056 -3.196168092305937e-01 8.5e+01 3.76e-02  3e-03  1e-01 123:14.6
  598   7176 -3.197503423823734e-01 8.3e+01 4.18e-02  4e-03  1e-01 125:13.4
  600   7200 -3.197838388820494e-01 8.4e+01 4.32e-02  4e-03  1e-01 125:37.3
  610   7320 -3.198416703516179e-01 9.1e+01 4.05e-02  3e-03  1e-01 127:37.4
  621   7452 -3.198748146355197e-01 9.2e+01 3.25e-02  2e-03  9e-02 129:47.4
  632   7584 -3.199158594495328e-01 1.0e+02 2.20e-02  2e-03  7e-02 131:57.6
  643   7716 -3.199525936350044e-01 1.0e+02 2.21e-02  2e-03  7e-02 134:07.8
  654   7848 -3.199677990093890e-01 1.1e+02 2.33e-02  2e-03  7e-02 136:17.8
  665   7980 -3.199821884831641e-01 1.2e+02 1.52e-02  9e-04  5e-02 138:27.9
  676   8112 -3.199900762031333e-01 1.1e+02 1.20e-02  7e-04  4e-02 140:38.3
  687   8244 -3.199975901643344e-01 1.1e+02 1.10e-02  6e-04  3e-02 142:48.5
  698   8376 -3.200003128576903e-01 1.2e+02 1.02e-02  5e-04  3e-02 144:58.6
  700   8400 -3.200011804703913e-01 1.2e+02 1.03e-02  5e-04  3e-02 145:22.2
  711   8532 -3.200056216132345e-01 1.2e+02 1.19e-02  6e-04  3e-02 147:32.4
  723   8676 -3.200088269098925e-01 1.2e+02 1.09e-02  5e-04  3e-02 149:54.2
  735   8820 -3.200100940722230e-01 1.1e+02 8.92e-03  4e-04  2e-02 152:15.3
  747   8964 -3.200113340909801e-01 1.1e+02 5.74e-03  3e-04  1e-02 154:34.6
  759   9108 -3.200115267184313e-01 1.1e+02 3.15e-03  1e-04  8e-03 156:59.3
  770   9240 -3.200117171118245e-01 1.1e+02 2.33e-03  9e-05  6e-03 159:15.4
  781   9372 -3.200117916833832e-01 1.1e+02 1.49e-03  6e-05  3e-03 161:31.8
  793   9516 -3.200118233663513e-01 1.1e+02 1.01e-03  4e-05  2e-03 163:58.8
  800   9600 -3.200118293514621e-01 1.1e+02 8.02e-04  3e-05  2e-03 165:24.9
  812   9744 -3.200118349664969e-01 1.2e+02 4.45e-04  2e-05  9e-04 167:53.4
  824   9888 -3.200118364904099e-01 1.1e+02 2.80e-04  9e-06  6e-04 170:19.2
  836  10032 -3.200118372236653e-01 1.1e+02 1.81e-04  5e-06  4e-04 172:47.4
  848  10176 -3.200118374496981e-01 1.1e+02 1.06e-04  3e-06  2e-04 175:15.9
  860  10320 -3.200118374711901e-01 1.1e+02 5.76e-05  2e-06  1e-04 177:44.2
  872  10464 -3.200118374855280e-01 1.2e+02 2.94e-05  8e-07  5e-05 180:12.4
  884  10608 -3.200118374886782e-01 1.2e+02 1.48e-05  4e-07  3e-05 182:40.5
  896  10752 -3.200118374894543e-01 1.2e+02 8.63e-06  2e-07  1e-05 185:08.7
  900  10800 -3.200118374895966e-01 1.2e+02 7.05e-06  2e-07  1e-05 185:58.1
  912  10944 -3.200118374896709e-01 1.2e+02 4.14e-06  9e-08  7e-06 188:26.3
  921  11052 -3.200118374897552e-01 1.2e+02 2.83e-06  6e-08  4e-06 190:17.5
Budget constraint satisfied 1365.0048904418945 1444 Difference:  78.99510955810547
Budget constraint satisfied 1385.054889678955 1444 Difference:  58.94511032104492
two_most_probable_states: ['110111000', '111111000']
final_expectation_value: -0.3200118374897552
params: [1.7160455588539683, 3.3327513981399965, 4.282228943195406, 5.457142410702987, 6.47656818017574, -0.5625489499840846, 8.653975055392548, 6.9358137007427105, -0.2910936388704484, 2.58343582302734, -0.34915228640263435, 2.9347791389530618, -0.14063620790538098, 1.85363965727458, 1.166349076044324, -0.07406329297877823, 1.9244005498912433, 1.1535469331964316]
total_steps: 921
states_probs: [0.010168724890904167, 0.010181269901302472]
optimized_portfolios: [{'CAT': 3, 'INTC': 14}, {'CAT': 3, 'INTC': 15}]
objective_values: [-2667.9921313189784, -3489.741449199165]
result_with_budget: [{'portfolio': {'CAT': 3, 'INTC': 14}, 'budget': 1365.0048904418945, 'difference': 78.99510955810547}, {'portfolio': {'CAT': 3, 'INTC': 15}, 'budget': 1385.054889678955, 'difference': 58.94511032104492}]
Batch 38/100 completed. Results saved to portfolio_optimization_results_batch_37.json
Job finished at Sat Mar 22 13:30:48 EET 2025
