Running job array 14 on pe78.int.triton.aalto.fi
Starting at Fri Mar 14 10:12:04 EET 2025
Activating virtual environment at /scratch/work/uotilav2/quantum-portfolio/venv
Processing batch 15/30: experiments 210 to 224 (total 15)
Processing experiment 210
Budget: 756.0049591064453
YF.download() has changed argument auto_adjust default to True
Expected returns: 0.27413980087064016
Covariance matrix: 0.4133714511010488
3rd-order coskewness tensor: -0.0030524766188346967
4th-order cokurtosis tensor: 5.303626484787673
Number of qubits for asset AAPL: 2
Number of qubits for asset DIS: 3
Number of qubits for asset INTC: 6
Number of qubits for asset UNH: 1
Total number of qubits:  12
Optimized Weights (considering variance, skewness and kurtosis):
AAPL: 29.14%
DIS: 27.62%
INTC: 20.90%
UNH: 22.34%
Left over budget:  102.70999525706111
Optimized Discrete Allocation:
AAPL: 1
DIS: 2
INTC: 9
Maximized utility from continuous higher moments:  -16354.470505519672
Budget constraint satisfied 753.8522796630859 756.0049591064453 Difference:  2.152679443359375
Budget constraint satisfied 750.4349212646484 756.0049591064453 Difference:  5.570037841796875
smallest_eigenvalues: [-0.005412517010009102]
smallest_bitstrings: ['100000000001']
first_excited_energy: -0.005410885578129386
optimized_portfolio: [{'AAPL': 1, 'DIS': 0, 'INTC': 0, 'UNH': 1}]
second_optimized_portfolio: [{'AAPL': 3, 'DIS': 0, 'INTC': 0, 'UNH': 0}]
result_with_budget: [{'portfolio': {'AAPL': 1, 'DIS': 0, 'INTC': 0, 'UNH': 1}, 'budget': 753.8522796630859, 'difference': 2.152679443359375, 'objective_value': -12.066907951016793}]
result_with_budget_excited: [{'portfolio': {'AAPL': 3, 'DIS': 0, 'INTC': 0, 'UNH': 0}, 'budget': 750.4349212646484, 'difference': 5.570037841796875, 'objective_value': -66.41800719021754}]
Initial params:  [2.51063067 1.44978017 2.45210473 0.37157007 2.01037118 0.45035763
 2.96776493 1.63943485 1.3026989  0.83112597 2.43232687 1.43303853
 1.78578792 0.0590299  1.94035914 1.92295543 1.93815531 2.96487203
 2.14200164 1.12942738]
(6_w,12)-aCMA-ES (mu_w=3.7,w_1=40%) in dimension 20 (seed=1050592, Fri Mar 14 10:12:57 2025)
Iterat #Fevals   function value  axis ratio  sigma  min&max std  t[m:s]
    1     12 3.900376107806140e-02 1.0e+00 1.40e+00  1e+00  1e+00 1:04.0
    2     24 4.326926131607290e-02 1.1e+00 1.34e+00  1e+00  1e+00 2:07.9
    3     36 2.051040460017031e-02 1.1e+00 1.28e+00  1e+00  1e+00 3:12.0
    4     48 4.041788004555729e-02 1.2e+00 1.25e+00  1e+00  1e+00 4:15.9
    5     60 3.806620829978004e-02 1.2e+00 1.26e+00  1e+00  1e+00 5:19.5
    6     72 8.564714150100654e-02 1.2e+00 1.28e+00  1e+00  1e+00 6:23.6
    7     84 3.925986485590850e-02 1.2e+00 1.29e+00  1e+00  1e+00 7:27.4
    8     96 1.059502977731087e-01 1.3e+00 1.34e+00  1e+00  1e+00 8:31.1
    9    108 4.660269885457092e-02 1.3e+00 1.36e+00  1e+00  1e+00 9:35.1
   10    120 4.987486829603188e-02 1.4e+00 1.39e+00  1e+00  1e+00 10:38.8
   11    132 5.287603537931346e-02 1.4e+00 1.39e+00  1e+00  1e+00 11:42.6
   12    144 4.855852848479723e-02 1.5e+00 1.37e+00  1e+00  1e+00 12:46.2
   13    156 6.019084648408079e-02 1.5e+00 1.36e+00  1e+00  1e+00 13:50.0
   14    168 5.806283222460396e-02 1.5e+00 1.36e+00  1e+00  1e+00 14:53.9
   15    180 9.740795169010730e-02 1.5e+00 1.36e+00  1e+00  1e+00 15:57.5
   16    192 9.565058439730627e-02 1.5e+00 1.37e+00  1e+00  1e+00 17:01.2
   17    204 9.764484029596031e-02 1.5e+00 1.33e+00  1e+00  1e+00 18:05.2
   18    216 9.203242253076294e-02 1.5e+00 1.31e+00  1e+00  1e+00 19:09.0
   19    228 9.096368053057166e-02 1.5e+00 1.29e+00  1e+00  1e+00 20:12.8
   20    240 7.003448114289848e-02 1.5e+00 1.26e+00  1e+00  1e+00 21:16.4
   21    252 9.051187478795124e-02 1.5e+00 1.24e+00  1e+00  1e+00 22:20.3
   22    264 8.400845484650465e-02 1.6e+00 1.25e+00  1e+00  1e+00 23:24.3
   23    276 4.472544521274689e-02 1.6e+00 1.21e+00  1e+00  1e+00 24:28.0
   24    288 4.482868200202093e-02 1.6e+00 1.21e+00  1e+00  1e+00 25:31.7
   25    300 4.591396356729326e-02 1.6e+00 1.23e+00  1e+00  1e+00 26:35.3
   26    312 8.455240209470632e-02 1.7e+00 1.26e+00  1e+00  1e+00 27:39.1
   27    324 3.899038254343339e-02 1.7e+00 1.27e+00  1e+00  1e+00 28:43.1
   28    336 4.166150034177538e-02 1.7e+00 1.26e+00  1e+00  1e+00 29:46.7
   29    348 5.807062143719448e-02 1.7e+00 1.25e+00  1e+00  1e+00 30:50.5
   30    360 4.984754197113459e-02 1.7e+00 1.21e+00  1e+00  1e+00 31:54.0
   31    372 8.710342553126463e-02 1.7e+00 1.18e+00  1e+00  1e+00 32:57.5
   32    384 1.216593764392161e-01 1.7e+00 1.16e+00  1e+00  1e+00 34:01.2
   33    396 1.268297175992080e-01 1.7e+00 1.16e+00  1e+00  1e+00 35:05.0
   34    408 5.613446398123124e-02 1.8e+00 1.19e+00  1e+00  1e+00 36:08.8
   35    420 9.424487921578588e-02 1.8e+00 1.22e+00  1e+00  1e+00 37:12.7
   36    432 8.146394276670180e-02 1.8e+00 1.17e+00  1e+00  1e+00 38:16.4
   37    444 6.210820414211030e-02 1.8e+00 1.12e+00  1e+00  1e+00 39:20.1
   38    456 4.425989251377421e-02 1.8e+00 1.10e+00  1e+00  1e+00 40:24.2
   39    468 7.583985076204890e-02 1.8e+00 1.11e+00  1e+00  1e+00 41:28.0
   40    480 8.395677820177347e-02 1.8e+00 1.15e+00  1e+00  1e+00 42:31.3
   41    492 5.557586379997334e-02 1.8e+00 1.14e+00  1e+00  1e+00 43:33.7
   42    504 1.691160448616002e-01 1.9e+00 1.12e+00  1e+00  1e+00 44:35.2
   43    516 5.399327506396551e-02 1.9e+00 1.08e+00  9e-01  1e+00 45:37.0
   44    528 6.709744092968487e-02 1.9e+00 1.04e+00  9e-01  1e+00 46:38.7
   45    540 1.064740840784805e-01 1.9e+00 1.05e+00  9e-01  1e+00 47:40.5
   46    552 1.029507789560759e-01 1.9e+00 1.09e+00  9e-01  1e+00 48:42.5
   47    564 5.731227106919088e-02 1.9e+00 1.16e+00  1e+00  1e+00 49:44.2
   48    576 4.013983088556537e-02 1.9e+00 1.20e+00  1e+00  1e+00 50:46.4
   49    588 5.188626389531677e-02 1.9e+00 1.24e+00  1e+00  1e+00 51:48.2
   50    600 1.169603463874612e-01 1.9e+00 1.27e+00  1e+00  1e+00 52:49.9
   51    612 7.171917751416625e-02 1.9e+00 1.31e+00  1e+00  2e+00 53:51.7
   52    624 1.186963700378677e-01 1.9e+00 1.36e+00  1e+00  2e+00 54:53.7
   53    636 6.031601482046245e-02 1.9e+00 1.40e+00  1e+00  2e+00 55:55.4
   54    648 6.466755669682538e-02 1.9e+00 1.43e+00  1e+00  2e+00 56:57.3
   55    660 1.217714354360420e-01 1.9e+00 1.47e+00  1e+00  2e+00 57:58.9
   56    672 3.863446511886859e-02 1.9e+00 1.44e+00  1e+00  2e+00 59:00.5
   57    684 9.853665426714965e-02 1.9e+00 1.48e+00  1e+00  2e+00 60:01.9
   58    696 9.001873145117224e-02 1.9e+00 1.44e+00  1e+00  2e+00 61:03.6
   59    708 8.848701751086298e-02 1.9e+00 1.42e+00  1e+00  2e+00 62:05.3
   60    720 6.081752905163511e-02 2.0e+00 1.37e+00  1e+00  2e+00 63:06.6
   61    732 1.016582126371367e-01 2.0e+00 1.34e+00  1e+00  2e+00 64:08.1
   62    744 1.180258855288117e-01 2.0e+00 1.31e+00  1e+00  2e+00 65:09.6
   64    768 7.650290780766682e-02 1.9e+00 1.29e+00  1e+00  2e+00 67:13.1
   66    792 8.245204067265625e-02 2.0e+00 1.26e+00  1e+00  1e+00 69:16.0
   68    816 1.224403749900101e-01 2.1e+00 1.23e+00  1e+00  1e+00 71:19.2
   70    840 8.141191646663318e-02 2.1e+00 1.22e+00  1e+00  1e+00 73:22.4
   72    864 4.131727702418485e-02 2.1e+00 1.20e+00  1e+00  1e+00 75:25.4
   74    888 6.708634933028636e-02 2.2e+00 1.17e+00  1e+00  1e+00 77:29.2
   76    912 8.254530935120695e-02 2.2e+00 1.20e+00  1e+00  1e+00 79:35.5
   78    936 1.023224321458837e-01 2.1e+00 1.14e+00  1e+00  1e+00 81:42.1
   80    960 1.111005927272296e-01 2.2e+00 1.11e+00  1e+00  1e+00 83:48.1
   82    984 5.038921555364507e-02 2.2e+00 1.10e+00  9e-01  1e+00 85:54.3
   84   1008 9.445383116296220e-02 2.2e+00 1.04e+00  9e-01  1e+00 88:01.0
   86   1032 1.124704186389517e-01 2.2e+00 9.81e-01  8e-01  1e+00 90:06.9
   88   1056 1.179225381415442e-01 2.2e+00 9.10e-01  8e-01  1e+00 92:13.5
   90   1080 6.865390326654242e-02 2.2e+00 8.79e-01  8e-01  1e+00 94:19.9
   92   1104 1.078813368500150e-01 2.2e+00 8.48e-01  7e-01  1e+00 96:25.8
   94   1128 9.355470196715597e-02 2.1e+00 8.41e-01  7e-01  1e+00 98:31.9
   96   1152 7.557357515973377e-02 2.2e+00 8.08e-01  7e-01  9e-01 100:38.4
   98   1176 7.570197424357715e-02 2.2e+00 7.68e-01  6e-01  9e-01 102:44.9
  100   1200 5.432794880007730e-02 2.1e+00 7.40e-01  6e-01  8e-01 104:51.1
  102   1224 7.971861748952590e-02 2.1e+00 7.37e-01  6e-01  8e-01 106:57.0
  104   1248 1.146944922997348e-01 2.1e+00 7.21e-01  6e-01  8e-01 109:03.3
  106   1272 7.035173711886594e-02 2.1e+00 7.13e-01  6e-01  8e-01 111:08.7
  108   1296 1.061310782805353e-01 2.2e+00 7.20e-01  6e-01  8e-01 113:14.4
  110   1320 4.227413684312040e-02 2.1e+00 6.45e-01  5e-01  7e-01 115:20.4
  112   1344 8.808670251669037e-02 2.2e+00 6.17e-01  5e-01  7e-01 117:26.8
  114   1368 5.882796023094157e-02 2.2e+00 5.93e-01  5e-01  7e-01 119:32.8
  116   1392 5.714865170876484e-02 2.2e+00 5.74e-01  5e-01  6e-01 121:39.0
  118   1416 5.562006822474021e-02 2.3e+00 5.90e-01  5e-01  7e-01 123:45.9
  120   1440 7.254062714374809e-02 2.3e+00 5.86e-01  5e-01  7e-01 125:52.3
  122   1464 5.857486550526727e-02 2.2e+00 5.67e-01  5e-01  6e-01 127:59.4
  124   1488 6.422335172403043e-02 2.3e+00 5.56e-01  5e-01  6e-01 130:06.2
  126   1512 4.816632333803282e-02 2.3e+00 5.55e-01  5e-01  6e-01 132:12.4
  128   1536 7.027184292860042e-02 2.3e+00 5.50e-01  4e-01  6e-01 134:19.7
  130   1560 1.077916406915479e-01 2.3e+00 5.61e-01  4e-01  6e-01 136:26.7
  132   1584 4.354212594624252e-02 2.4e+00 5.75e-01  4e-01  7e-01 138:33.9
  134   1608 3.488300405816074e-02 2.4e+00 5.45e-01  4e-01  6e-01 140:40.5
  136   1632 4.892569261554137e-02 2.4e+00 5.06e-01  4e-01  6e-01 142:47.3
  138   1656 7.996032507129106e-02 2.4e+00 4.65e-01  4e-01  5e-01 144:53.6
  140   1680 7.392502226034481e-02 2.4e+00 4.22e-01  3e-01  5e-01 146:57.6
  142   1704 5.301738414136027e-02 2.4e+00 4.12e-01  3e-01  5e-01 149:00.0
  144   1728 9.519624151357411e-02 2.4e+00 4.11e-01  3e-01  5e-01 151:04.4
  146   1752 8.033897537509298e-02 2.5e+00 4.30e-01  3e-01  5e-01 153:09.8
  148   1776 6.916667282002718e-02 2.5e+00 4.34e-01  3e-01  5e-01 155:13.7
  150   1800 2.726871018696155e-02 2.5e+00 4.36e-01  3e-01  5e-01 157:17.3
  152   1824 3.822445889905900e-02 2.6e+00 4.38e-01  3e-01  5e-01 159:20.8
  154   1848 5.947228116383071e-02 2.6e+00 4.16e-01  3e-01  5e-01 161:23.6
  156   1872 3.765117731637477e-02 2.7e+00 4.04e-01  3e-01  5e-01 163:26.2
  158   1896 3.947960532543826e-02 2.8e+00 3.74e-01  3e-01  4e-01 165:28.9
  160   1920 3.450789842175537e-02 2.7e+00 3.88e-01  3e-01  4e-01 167:31.2
  162   1944 3.531368556031089e-02 2.8e+00 3.73e-01  3e-01  4e-01 169:33.6
  164   1968 4.632765349809259e-02 2.7e+00 3.46e-01  2e-01  4e-01 171:35.8
  166   1992 3.415338338110162e-02 2.8e+00 3.34e-01  2e-01  4e-01 173:38.3
  168   2016 3.510351468485025e-02 2.9e+00 3.34e-01  2e-01  4e-01 175:41.2
  170   2040 2.390842608909005e-02 2.9e+00 3.23e-01  2e-01  4e-01 177:43.2
  172   2064 2.399738230546171e-02 2.9e+00 3.15e-01  2e-01  4e-01 179:45.4
  174   2088 2.353249166351872e-02 3.0e+00 3.09e-01  2e-01  4e-01 181:47.6
  176   2112 1.069245400340488e-02 3.0e+00 2.96e-01  2e-01  3e-01 183:49.7
  178   2136 3.779483672021985e-02 2.9e+00 2.91e-01  2e-01  3e-01 185:51.9
  180   2160 2.152926758562127e-02 2.9e+00 2.95e-01  2e-01  3e-01 187:53.7
  182   2184 1.876110651713036e-02 2.9e+00 3.10e-01  2e-01  4e-01 189:56.2
  184   2208 1.779505490218309e-02 3.0e+00 3.01e-01  2e-01  4e-01 191:58.6
  187   2244 3.028495389179311e-02 3.1e+00 2.93e-01  2e-01  3e-01 195:02.1
  190   2280 3.224404880849138e-02 3.1e+00 2.61e-01  2e-01  3e-01 198:06.3
  193   2316 2.567910789585654e-02 3.1e+00 2.38e-01  2e-01  3e-01 201:10.0
  196   2352 1.867845417036427e-02 3.1e+00 2.34e-01  2e-01  3e-01 204:14.0
  199   2388 8.862095211696544e-03 3.0e+00 2.35e-01  2e-01  3e-01 207:17.9
  200   2400 2.240212414234044e-02 3.0e+00 2.40e-01  2e-01  3e-01 208:19.2
  203   2436 1.376066596299069e-02 3.1e+00 2.26e-01  2e-01  3e-01 211:22.9
  206   2472 1.655912421449679e-02 3.1e+00 2.39e-01  2e-01  3e-01 214:26.5
  209   2508 7.330312638995523e-03 3.2e+00 2.32e-01  2e-01  3e-01 217:30.6
  212   2544 9.447547691942188e-03 3.2e+00 2.03e-01  1e-01  2e-01 220:35.0
  215   2580 1.046308564730664e-02 3.3e+00 1.95e-01  1e-01  2e-01 223:38.7
