Running job array 38 on pe75.int.triton.aalto.fi
Starting at Fri Mar 21 16:01:41 EET 2025
Activating virtual environment at /scratch/work/uotilav2/quantum-portfolio/venv
Processing batch 39/100: experiments 38 to 38 (total 1)
Processing experiment 38
Budget: 2292
YF.download() has changed argument auto_adjust default to True
Number of qubits for asset DIS: 5
Number of qubits for asset TRV: 4
Total number of qubits:  9
Optimized Weights (considering variance, skewness and kurtosis):
DIS: 45.57%
TRV: 54.43%
Left over budget:  90.30754472026138
Optimized Discrete Allocation:
DIS: 9
TRV: 5
Maximized utility from continuous higher moments:  -697.5562675604599
Budget constraint not satisfied 2295.833953857422 2292 Difference:  -3.833953857421875
Budget constraint satisfied 2278.625457763672 2292 Difference:  13.374542236328125
smallest_eigenvalues: [-0.2587741293001221]
smallest_bitstrings: ['001100010']
first_excited_energy: -0.2587625384937691
optimized_portfolio: [{'DIS': 12, 'TRV': 4}]
second_optimized_portfolio: [{'DIS': 14, 'TRV': 3}]
result_with_budget: [{'portfolio': {'DIS': 12, 'TRV': 4}, 'budget': 2295.833953857422, 'difference': -3.833953857421875, 'objective_value': -1403.3731814812386}]
result_with_budget_excited: [{'portfolio': {'DIS': 14, 'TRV': 3}, 'budget': 2278.625457763672, 'difference': 13.374542236328125, 'objective_value': -2185.744150259441}]
Initial params:  [1.48788356 2.51613533 1.63512823 2.13276294 2.26393425 1.8284691
 1.68820779 2.38326127 0.33271856 1.4878596  0.58538032 2.31509673
 0.680313   0.42480042 1.01831901 0.47021746 0.69844324 1.21419094]
(6_w,12)-aCMA-ES (mu_w=3.7,w_1=40%) in dimension 18 (seed=733933, Fri Mar 21 16:02:00 2025)
Iterat #Fevals   function value  axis ratio  sigma  min&max std  t[m:s]
    1     12 8.750689862134500e-02 1.0e+00 9.46e-02  9e-02  1e-01 0:15.8
    2     24 -5.540133081424772e-03 1.1e+00 9.76e-02  9e-02  1e-01 0:31.5
    3     36 -4.670498546453699e-02 1.2e+00 1.03e-01  1e-01  1e-01 0:47.2
    4     48 -1.170550378540151e-01 1.3e+00 1.08e-01  1e-01  1e-01 1:02.9
    5     60 -1.378825771175725e-01 1.3e+00 1.16e-01  1e-01  1e-01 1:18.6
    6     72 -1.522915833830190e-01 1.4e+00 1.23e-01  1e-01  1e-01 1:34.4
    7     84 -1.463173827359608e-01 1.5e+00 1.30e-01  1e-01  1e-01 1:50.1
    8     96 -1.662637181041914e-01 1.6e+00 1.32e-01  1e-01  1e-01 2:05.8
    9    108 -1.692140122802616e-01 1.6e+00 1.32e-01  1e-01  1e-01 2:21.6
   10    120 -1.602173366863649e-01 1.6e+00 1.32e-01  1e-01  1e-01 2:37.3
   11    132 -1.658711259540009e-01 1.7e+00 1.32e-01  1e-01  1e-01 2:53.0
   12    144 -1.683288985280288e-01 1.7e+00 1.26e-01  1e-01  1e-01 3:08.7
   13    156 -1.626921631688750e-01 1.7e+00 1.20e-01  1e-01  1e-01 3:24.5
   14    168 -1.727625507889541e-01 1.7e+00 1.17e-01  1e-01  1e-01 3:40.3
   15    180 -1.711254767303688e-01 1.7e+00 1.11e-01  1e-01  1e-01 3:56.0
   16    192 -1.794604578430109e-01 1.8e+00 1.06e-01  1e-01  1e-01 4:11.7
   18    216 -1.775434420046258e-01 1.8e+00 1.06e-01  1e-01  1e-01 4:43.1
   20    240 -1.860758251532831e-01 1.9e+00 1.07e-01  1e-01  1e-01 5:14.6
   22    264 -1.858324314518596e-01 1.9e+00 1.07e-01  1e-01  1e-01 5:46.0
   24    288 -1.908108654083851e-01 1.9e+00 1.00e-01  9e-02  1e-01 6:17.5
   26    312 -1.992478399943248e-01 1.9e+00 9.66e-02  8e-02  1e-01 6:49.0
   28    336 -2.029685939718570e-01 2.0e+00 9.01e-02  8e-02  1e-01 7:20.3
   30    360 -2.031707198304333e-01 2.0e+00 8.64e-02  7e-02  1e-01 7:51.9
   32    384 -2.007926065027585e-01 2.1e+00 9.28e-02  8e-02  1e-01 8:23.4
   34    408 -2.031371187934664e-01 2.2e+00 9.59e-02  8e-02  1e-01 8:54.9
   36    432 -1.988755465237165e-01 2.3e+00 9.95e-02  8e-02  1e-01 9:26.4
   38    456 -1.963756370924208e-01 2.3e+00 9.37e-02  8e-02  1e-01 9:58.0
   40    480 -2.069876732853839e-01 2.4e+00 9.20e-02  7e-02  1e-01 10:29.4
   42    504 -2.042104764680129e-01 2.6e+00 9.05e-02  7e-02  1e-01 11:00.8
   44    528 -2.081466143711437e-01 2.7e+00 9.55e-02  8e-02  1e-01 11:32.4
   46    552 -2.115467945265683e-01 2.8e+00 9.89e-02  8e-02  1e-01 12:03.9
   48    576 -2.080595737410386e-01 2.9e+00 1.02e-01  8e-02  1e-01 12:35.4
   51    612 -2.173807562670134e-01 3.0e+00 9.84e-02  8e-02  1e-01 13:22.6
   54    648 -2.172560368631282e-01 3.2e+00 1.07e-01  9e-02  1e-01 14:09.7
   57    684 -2.180597076872503e-01 3.2e+00 1.06e-01  9e-02  1e-01 14:56.9
   60    720 -2.212533114863080e-01 3.4e+00 1.04e-01  8e-02  1e-01 15:44.1
   63    756 -2.255246891541186e-01 3.5e+00 9.80e-02  8e-02  1e-01 16:31.3
   66    792 -2.259105574925475e-01 3.6e+00 8.84e-02  7e-02  1e-01 17:18.5
   69    828 -2.290716213462786e-01 3.8e+00 8.70e-02  7e-02  1e-01 18:05.8
   72    864 -2.291440956036634e-01 3.8e+00 8.37e-02  6e-02  1e-01 18:53.0
   75    900 -2.298395695901239e-01 3.9e+00 7.51e-02  6e-02  9e-02 19:40.1
   78    936 -2.314782756610740e-01 4.0e+00 7.03e-02  5e-02  9e-02 20:27.5
   81    972 -2.320913465980820e-01 4.3e+00 6.57e-02  5e-02  8e-02 21:14.7
   84   1008 -2.318897462521243e-01 4.4e+00 6.54e-02  5e-02  8e-02 22:01.9
   87   1044 -2.325862628042437e-01 4.5e+00 5.90e-02  4e-02  7e-02 22:49.0
   90   1080 -2.324968985978280e-01 4.6e+00 5.57e-02  4e-02  7e-02 23:36.3
   93   1116 -2.328746962275148e-01 4.7e+00 5.36e-02  3e-02  7e-02 24:23.4
   96   1152 -2.341579427684156e-01 4.9e+00 5.63e-02  4e-02  7e-02 25:10.6
  100   1200 -2.330559689808402e-01 5.0e+00 5.12e-02  3e-02  7e-02 26:13.4
  104   1248 -2.338673766139003e-01 5.0e+00 4.76e-02  3e-02  6e-02 27:16.3
  108   1296 -2.346582316242672e-01 5.2e+00 4.08e-02  2e-02  5e-02 28:19.0
  112   1344 -2.341338976942847e-01 5.3e+00 3.43e-02  2e-02  4e-02 29:22.0
  116   1392 -2.344770273330837e-01 5.6e+00 3.05e-02  2e-02  4e-02 30:24.8
  120   1440 -2.345783117230137e-01 5.8e+00 2.78e-02  2e-02  4e-02 31:27.7
  124   1488 -2.348251612239032e-01 6.0e+00 2.52e-02  1e-02  3e-02 32:30.5
  128   1536 -2.348677711817492e-01 6.4e+00 2.91e-02  2e-02  4e-02 33:33.4
  132   1584 -2.350908643868445e-01 6.6e+00 2.56e-02  1e-02  3e-02 34:36.3
  136   1632 -2.352508479492006e-01 6.8e+00 2.18e-02  1e-02  3e-02 35:39.2
  140   1680 -2.353726689062845e-01 7.3e+00 2.11e-02  1e-02  3e-02 36:42.1
  144   1728 -2.353687342166054e-01 7.4e+00 2.20e-02  1e-02  3e-02 37:45.0
  148   1776 -2.355030294670709e-01 7.7e+00 1.94e-02  1e-02  2e-02 38:47.7
  152   1824 -2.357680352655440e-01 8.4e+00 2.09e-02  1e-02  3e-02 39:50.6
  156   1872 -2.360171473402659e-01 9.4e+00 2.67e-02  1e-02  4e-02 40:53.6
  161   1932 -2.364507904385940e-01 1.1e+01 3.22e-02  2e-02  5e-02 42:12.2
  166   1992 -2.372634948520581e-01 1.4e+01 4.59e-02  2e-02  9e-02 43:30.7
  171   2052 -2.373121786220253e-01 1.5e+01 4.35e-02  2e-02  8e-02 44:49.5
  176   2112 -2.377785385551683e-01 1.7e+01 4.40e-02  2e-02  9e-02 46:08.1
  181   2172 -2.380986960753937e-01 1.7e+01 4.16e-02  2e-02  8e-02 47:26.6
  186   2232 -2.386589557213566e-01 1.8e+01 3.16e-02  1e-02  6e-02 48:45.3
  191   2292 -2.386811766810444e-01 1.9e+01 2.70e-02  1e-02  5e-02 50:04.0
  196   2352 -2.388153785041958e-01 2.0e+01 2.31e-02  1e-02  5e-02 51:22.7
  200   2400 -2.389471698484792e-01 2.0e+01 2.33e-02  1e-02  4e-02 52:25.6
  205   2460 -2.389618492186616e-01 2.0e+01 2.07e-02  9e-03  4e-02 53:44.1
  210   2520 -2.390833297194675e-01 2.1e+01 1.80e-02  8e-03  3e-02 55:02.8
  215   2580 -2.391628289552237e-01 2.2e+01 1.98e-02  9e-03  4e-02 56:21.3
  220   2640 -2.391949888378566e-01 2.5e+01 2.01e-02  9e-03  4e-02 57:39.9
  225   2700 -2.392854438066315e-01 2.5e+01 1.73e-02  7e-03  3e-02 58:58.3
  230   2760 -2.392769423435712e-01 2.5e+01 1.42e-02  6e-03  3e-02 60:16.8
  235   2820 -2.393269740635717e-01 2.5e+01 1.22e-02  5e-03  2e-02 61:35.4
  241   2892 -2.393362849974137e-01 2.6e+01 1.11e-02  5e-03  2e-02 63:09.7
  247   2964 -2.393907758454147e-01 2.8e+01 1.58e-02  6e-03  3e-02 64:44.0
  253   3036 -2.393790107629157e-01 2.9e+01 2.04e-02  8e-03  4e-02 66:18.3
  259   3108 -2.394152203747243e-01 2.8e+01 1.69e-02  7e-03  3e-02 67:52.7
  265   3180 -2.394430707684357e-01 2.9e+01 1.72e-02  7e-03  3e-02 69:27.0
  271   3252 -2.394896548005040e-01 3.1e+01 1.94e-02  7e-03  4e-02 71:01.3
  277   3324 -2.395260062094179e-01 3.5e+01 1.67e-02  6e-03  3e-02 72:35.6
  283   3396 -2.395572100364297e-01 3.4e+01 1.30e-02  5e-03  3e-02 74:09.9
  289   3468 -2.395895146020284e-01 3.5e+01 1.35e-02  5e-03  3e-02 75:44.3
  295   3540 -2.396108900363411e-01 3.9e+01 1.70e-02  6e-03  3e-02 77:18.6
  300   3600 -2.396224445574085e-01 4.3e+01 1.78e-02  6e-03  4e-02 78:37.1
  306   3672 -2.396477695919433e-01 4.6e+01 1.59e-02  5e-03  3e-02 80:11.5
  312   3744 -2.397092336869406e-01 4.9e+01 1.55e-02  5e-03  3e-02 81:45.7
  318   3816 -2.397223494615816e-01 5.0e+01 1.46e-02  4e-03  3e-02 83:20.0
  324   3888 -2.397582300587203e-01 5.1e+01 1.75e-02  5e-03  3e-02 84:54.3
  330   3960 -2.397453715048505e-01 5.1e+01 1.64e-02  5e-03  3e-02 86:28.5
  337   4044 -2.398032500475225e-01 5.2e+01 1.49e-02  4e-03  3e-02 88:18.6
  344   4128 -2.398161877107218e-01 5.4e+01 1.24e-02  3e-03  2e-02 90:08.8
  351   4212 -2.398383309050663e-01 5.6e+01 1.20e-02  3e-03  2e-02 91:58.9
  358   4296 -2.398526079130730e-01 5.8e+01 1.17e-02  3e-03  2e-02 93:48.8
  365   4380 -2.398629669404992e-01 5.9e+01 1.07e-02  2e-03  2e-02 95:39.0
  372   4464 -2.398640687679609e-01 5.9e+01 8.63e-03  2e-03  2e-02 97:29.0
  379   4548 -2.398659186614241e-01 6.2e+01 5.78e-03  1e-03  1e-02 99:19.1
  386   4632 -2.398679801047790e-01 6.2e+01 5.37e-03  1e-03  1e-02 101:09.1
  393   4716 -2.398703210688202e-01 6.0e+01 4.31e-03  8e-04  8e-03 102:59.0
  400   4800 -2.398718064824590e-01 6.4e+01 5.24e-03  1e-03  1e-02 104:49.1
  407   4884 -2.398727358684944e-01 6.5e+01 3.94e-03  7e-04  8e-03 106:39.1
  414   4968 -2.398740801782627e-01 6.6e+01 3.63e-03  6e-04  7e-03 108:29.2
  421   5052 -2.398742740313349e-01 6.6e+01 2.88e-03  5e-04  5e-03 110:19.1
  428   5136 -2.398747677823220e-01 6.8e+01 2.84e-03  5e-04  5e-03 112:09.0
  435   5220 -2.398749410096978e-01 7.0e+01 2.30e-03  4e-04  4e-03 113:59.0
  442   5304 -2.398752228200709e-01 7.4e+01 1.88e-03  3e-04  4e-03 115:49.0
  450   5400 -2.398752834232570e-01 7.9e+01 1.58e-03  3e-04  3e-03 117:54.7
  458   5496 -2.398754258067392e-01 8.1e+01 1.68e-03  3e-04  4e-03 120:00.4
  466   5592 -2.398756335574650e-01 8.2e+01 2.15e-03  3e-04  4e-03 122:06.1
  474   5688 -2.398759089384649e-01 8.0e+01 2.39e-03  3e-04  5e-03 124:11.8
  482   5784 -2.398761982569205e-01 8.2e+01 3.31e-03  5e-04  7e-03 126:17.5
  490   5880 -2.398764534243532e-01 7.9e+01 2.95e-03  4e-04  6e-03 128:23.5
  498   5976 -2.398769120588276e-01 8.6e+01 2.77e-03  4e-04  6e-03 130:29.4
  500   6000 -2.398768857416183e-01 8.9e+01 2.83e-03  4e-04  6e-03 131:00.9
  508   6096 -2.398773268901867e-01 1.0e+02 3.13e-03  4e-04  7e-03 133:06.5
  516   6192 -2.398779423967538e-01 1.2e+02 3.24e-03  4e-04  8e-03 135:12.3
  524   6288 -2.398787245550289e-01 1.5e+02 4.26e-03  5e-04  1e-02 137:17.9
  532   6384 -2.398800327261568e-01 1.7e+02 6.86e-03  8e-04  2e-02 139:23.7
  540   6480 -2.398801769791147e-01 2.1e+02 8.46e-03  1e-03  3e-02 141:29.4
  548   6576 -2.398818260584660e-01 2.4e+02 7.48e-03  9e-04  3e-02 143:35.0
  556   6672 -2.398825996934621e-01 2.7e+02 6.83e-03  8e-04  2e-02 145:40.7
  565   6780 -2.398839638276547e-01 2.9e+02 5.32e-03  6e-04  2e-02 148:02.0
  574   6888 -2.398850230810789e-01 3.1e+02 4.79e-03  5e-04  2e-02 150:23.5
  583   6996 -2.398858275285583e-01 3.1e+02 4.96e-03  5e-04  2e-02 152:44.8
  592   7104 -2.398869293255491e-01 3.2e+02 5.08e-03  5e-04  2e-02 155:06.2
  600   7200 -2.398870643526845e-01 3.9e+02 5.90e-03  6e-04  3e-02 157:12.0
  609   7308 -2.398873764230008e-01 4.5e+02 4.19e-03  4e-04  2e-02 159:33.4
  618   7416 -2.398875913990615e-01 4.6e+02 2.94e-03  3e-04  1e-02 161:54.6
  627   7524 -2.398876761754509e-01 4.5e+02 2.42e-03  2e-04  1e-02 164:16.0
  636   7632 -2.398877651839818e-01 4.6e+02 1.68e-03  2e-04  7e-03 166:37.2
  645   7740 -2.398878585754093e-01 4.9e+02 1.86e-03  2e-04  9e-03 168:58.6
  654   7848 -2.398880232516353e-01 5.0e+02 2.48e-03  2e-04  1e-02 171:19.9
  663   7956 -2.398883334231524e-01 5.6e+02 3.91e-03  3e-04  2e-02 173:40.3
  673   8076 -2.398884746616752e-01 5.8e+02 5.42e-03  5e-04  3e-02 176:11.9
  683   8196 -2.398888911054420e-01 6.0e+02 4.88e-03  4e-04  3e-02 178:43.6
  693   8316 -2.398894555188845e-01 6.7e+02 4.69e-03  4e-04  3e-02 181:15.4
  700   8400 -2.398895239817631e-01 7.3e+02 4.52e-03  4e-04  3e-02 183:01.6
  710   8520 -2.398898156902489e-01 7.7e+02 3.81e-03  3e-04  3e-02 185:33.4
  720   8640 -2.398899742960035e-01 9.7e+02 4.62e-03  3e-04  4e-02 188:05.3
  730   8760 -2.398900289586576e-01 9.9e+02 2.73e-03  2e-04  2e-02 190:37.0
  740   8880 -2.398900363599422e-01 1.0e+03 2.01e-03  1e-04  2e-02 193:09.1
  750   9000 -2.398900689033243e-01 1.1e+03 1.59e-03  1e-04  2e-02 195:41.2
  760   9120 -2.398900829785784e-01 1.2e+03 1.08e-03  7e-05  1e-02 198:13.4
  770   9240 -2.398900917795582e-01 1.2e+03 9.74e-04  6e-05  1e-02 200:46.1
  780   9360 -2.398900965399349e-01 1.3e+03 7.09e-04  4e-05  7e-03 203:18.1
  790   9480 -2.398901017444639e-01 1.3e+03 7.73e-04  4e-05  7e-03 205:50.0
  800   9600 -2.398901046775881e-01 1.4e+03 7.95e-04  4e-05  8e-03 208:22.0
  810   9720 -2.398901134206590e-01 1.4e+03 8.91e-04  5e-05  8e-03 210:54.2
  821   9852 -2.398901209903256e-01 1.5e+03 1.22e-03  6e-05  1e-02 213:41.3
  832   9984 -2.398901386471597e-01 1.4e+03 1.59e-03  8e-05  1e-02 216:28.9
  843  10116 -2.398901524158041e-01 1.3e+03 1.85e-03  9e-05  2e-02 219:16.1
  854  10248 -2.398901685025570e-01 1.4e+03 1.42e-03  7e-05  1e-02 222:03.6
  865  10380 -2.398901750674071e-01 1.3e+03 7.77e-04  4e-05  6e-03 224:50.6
  876  10512 -2.398901763645201e-01 1.4e+03 5.08e-04  2e-05  4e-03 227:38.9
  887  10644 -2.398901774308810e-01 1.4e+03 3.45e-04  2e-05  3e-03 230:26.7
  898  10776 -2.398901779084645e-01 1.4e+03 2.59e-04  1e-05  2e-03 233:13.8
  900  10800 -2.398901780598797e-01 1.4e+03 2.51e-04  1e-05  2e-03 233:44.1
  911  10932 -2.398901781089796e-01 1.4e+03 1.66e-04  7e-06  1e-03 236:31.1
  922  11064 -2.398901781927818e-01 1.4e+03 8.83e-05  4e-06  6e-04 239:18.2
  933  11196 -2.398901782073415e-01 1.4e+03 5.50e-05  2e-06  4e-04 242:04.9
  944  11328 -2.398901782118979e-01 1.4e+03 2.90e-05  1e-06  2e-04 244:51.4
  955  11460 -2.398901782145550e-01 1.4e+03 1.92e-05  6e-07  1e-04 247:38.5
  966  11592 -2.398901782153268e-01 1.4e+03 1.25e-05  4e-07  8e-05 250:25.5
  978  11736 -2.398901782155395e-01 1.4e+03 7.69e-06  3e-07  5e-05 253:28.3
  981  11772 -2.398901782155553e-01 1.4e+03 6.36e-06  2e-07  4e-05 254:13.9
Budget constraint satisfied 2030.6179428100586 2292 Difference:  261.3820571899414
Budget constraint satisfied 1919.2679443359375 2292 Difference:  372.7320556640625
two_most_probable_states: ['100000001', '000000001']
final_expectation_value: -0.23989017821556416
params: [2.8814947935410844, 5.401046542885123, 1.08683647623076, 4.123585324966588, 3.4895730778623033, 1.348903878543627, 1.8900020842694443, 1.9841559832717128, -1.09137631550262, 2.6390732231970686, 0.17394196221081992, 0.9859749104293687, 1.0858977295391619, 1.4999672370114785, -0.045670251509543625, -0.04338400033943301, 0.5066374550272379, 2.47975555452807]
total_steps: 981
states_probs: [0.016513608454945372, 0.017107145551246712]
optimized_portfolios: [{'DIS': 1, 'TRV': 8}, {'DIS': 0, 'TRV': 8}]
objective_values: [-472.1050443694006, -422.5584803950448]
result_with_budget: [{'portfolio': {'DIS': 1, 'TRV': 8}, 'budget': 2030.6179428100586, 'difference': 261.3820571899414}, {'portfolio': {'DIS': 0, 'TRV': 8}, 'budget': 1919.2679443359375, 'difference': 372.7320556640625}]
Batch 39/100 completed. Results saved to portfolio_optimization_results_batch_38.json
Job finished at Fri Mar 21 20:19:38 EET 2025
