Running job array 18 on pe78.int.triton.aalto.fi
Starting at Fri Mar 14 10:12:05 EET 2025
Activating virtual environment at /scratch/work/uotilav2/quantum-portfolio/venv
Processing batch 19/30: experiments 270 to 284 (total 15)
Processing experiment 270
Budget: 549.110221862793
YF.download() has changed argument auto_adjust default to True
Expected returns: 0.11207401838059379
Covariance matrix: 0.35697383525562426
3rd-order coskewness tensor: -0.20202118528381097
4th-order cokurtosis tensor: 23.468909184989997
Number of qubits for asset CVX: 2
Number of qubits for asset JNJ: 2
Number of qubits for asset UNH: 1
Number of qubits for asset V: 1
Number of qubits for asset WMT: 3
Total number of qubits:  9
Optimized Weights (considering variance, skewness and kurtosis):
CVX: 19.60%
JNJ: 21.53%
UNH: 9.07%
V: 14.31%
WMT: 35.49%
Left over budget:  81.6875681944174
Optimized Discrete Allocation:
CVX: 1
JNJ: 1
WMT: 2
Maximized utility from continuous higher moments:  -58.83318774609845
Budget constraint not satisfied 549.330680847168 549.110221862793 Difference:  -0.220458984375
Budget constraint satisfied 549.110221862793 549.110221862793 Difference:  0.0
smallest_eigenvalues: [-0.1063976303794402]
smallest_bitstrings: ['001001100']
first_excited_energy: -0.10639016829062403
optimized_portfolio: [{'CVX': 0, 'JNJ': 1, 'UNH': 0, 'V': 1, 'WMT': 1}]
second_optimized_portfolio: [{'CVX': 1, 'JNJ': 0, 'UNH': 0, 'V': 1, 'WMT': 1}]
result_with_budget: [{'portfolio': {'CVX': 0, 'JNJ': 1, 'UNH': 0, 'V': 1, 'WMT': 1}, 'budget': 549.330680847168, 'difference': -0.220458984375, 'objective_value': -22.319026099109678}]
result_with_budget_excited: [{'portfolio': {'CVX': 1, 'JNJ': 0, 'UNH': 0, 'V': 1, 'WMT': 1}, 'budget': 549.110221862793, 'difference': 0.0, 'objective_value': -29.814600961493717}]
Initial params:  [1.48788356 2.51613533 1.63512823 2.13276294 2.26393425 1.8284691
 1.68820779 2.38326127 0.33271856 1.4878596  0.58538032 2.31509673
 0.680313   0.42480042 1.01831901 0.47021746 0.69844324 1.21419094]
(6_w,12)-aCMA-ES (mu_w=3.7,w_1=40%) in dimension 18 (seed=1002881, Fri Mar 14 10:12:23 2025)
Iterat #Fevals   function value  axis ratio  sigma  min&max std  t[m:s]
    1     12 -8.035704756847334e-02 1.0e+00 1.35e+00  1e+00  1e+00 0:16.5
    2     24 -4.778436145384633e-02 1.1e+00 1.26e+00  1e+00  1e+00 0:32.8
    3     36 -7.153101202661850e-02 1.1e+00 1.22e+00  1e+00  1e+00 0:49.1
    4     48 -1.473692490516878e-02 1.2e+00 1.19e+00  1e+00  1e+00 1:05.6
    5     60 -7.065615646994143e-02 1.2e+00 1.17e+00  1e+00  1e+00 1:21.9
    6     72 -5.145799864198952e-02 1.2e+00 1.17e+00  1e+00  1e+00 1:38.1
    7     84 -7.147520630228787e-02 1.3e+00 1.15e+00  1e+00  1e+00 1:54.5
    8     96 -7.322324520314959e-02 1.3e+00 1.17e+00  1e+00  1e+00 2:10.9
    9    108 -4.481532749100289e-02 1.3e+00 1.18e+00  1e+00  1e+00 2:27.2
   10    120 -4.080120078267739e-02 1.4e+00 1.15e+00  1e+00  1e+00 2:43.6
   11    132 -1.001451714258166e-02 1.4e+00 1.14e+00  1e+00  1e+00 3:00.0
   12    144 -5.137984880792110e-02 1.4e+00 1.16e+00  1e+00  1e+00 3:16.5
   13    156 -4.641252295275413e-02 1.4e+00 1.19e+00  1e+00  1e+00 3:32.9
   14    168 -3.117174152272023e-02 1.4e+00 1.27e+00  1e+00  1e+00 3:49.3
   15    180 -5.719805497780837e-02 1.5e+00 1.31e+00  1e+00  1e+00 4:05.6
   16    192 -5.673112907523657e-02 1.5e+00 1.28e+00  1e+00  1e+00 4:21.9
   17    204 -6.643511385453248e-02 1.5e+00 1.27e+00  1e+00  1e+00 4:38.1
   19    228 -7.200511054205418e-02 1.5e+00 1.21e+00  1e+00  1e+00 5:10.7
   21    252 -3.900197191734118e-02 1.5e+00 1.17e+00  1e+00  1e+00 5:43.3
   23    276 -4.837521113134758e-02 1.6e+00 1.19e+00  1e+00  1e+00 6:15.7
   25    300 -1.903483361416406e-02 1.6e+00 1.20e+00  1e+00  1e+00 6:48.4
   27    324 -7.728498315826696e-02 1.6e+00 1.24e+00  1e+00  1e+00 7:20.8
   29    348 -4.900036204668160e-02 1.7e+00 1.21e+00  1e+00  1e+00 7:53.3
   31    372 -4.777518206234841e-02 1.7e+00 1.11e+00  1e+00  1e+00 8:26.0
   33    396 -5.673295202091926e-02 1.8e+00 1.13e+00  1e+00  1e+00 8:58.7
   35    420 -5.909652919830222e-02 1.8e+00 1.18e+00  1e+00  1e+00 9:31.2
   37    444 -5.339912305837576e-02 1.9e+00 1.16e+00  1e+00  1e+00 10:03.8
   39    468 -8.127647693622851e-02 1.9e+00 1.15e+00  1e+00  1e+00 10:36.4
   41    492 -2.989418208531288e-02 1.9e+00 1.11e+00  1e+00  1e+00 11:08.9
   43    516 -4.248637486443679e-02 1.9e+00 1.17e+00  1e+00  1e+00 11:41.5
   45    540 -5.631063557954803e-02 1.9e+00 1.20e+00  1e+00  1e+00 12:14.1
   47    564 -5.954723943351480e-02 1.9e+00 1.18e+00  1e+00  1e+00 12:46.6
   49    588 -6.902653518163189e-02 2.0e+00 1.24e+00  1e+00  1e+00 13:19.2
   52    624 -6.302036416522755e-02 2.0e+00 1.24e+00  1e+00  1e+00 14:08.2
   55    660 -7.623047810763212e-02 2.0e+00 1.28e+00  1e+00  1e+00 14:57.1
   58    696 -8.164083971981481e-02 2.1e+00 1.21e+00  1e+00  1e+00 15:46.1
   61    732 1.065477132696576e-02 2.2e+00 1.15e+00  1e+00  1e+00 16:34.9
   64    768 -3.968517853214318e-02 2.3e+00 1.11e+00  9e-01  1e+00 17:23.7
   67    804 -6.179508186988660e-02 2.3e+00 1.03e+00  9e-01  1e+00 18:12.7
   70    840 -3.233218906573090e-02 2.3e+00 1.05e+00  9e-01  1e+00 19:01.4
   73    876 -4.970553425120031e-02 2.3e+00 9.43e-01  8e-01  1e+00 19:50.2
   76    912 -3.806809305015661e-02 2.3e+00 8.51e-01  7e-01  9e-01 20:39.1
   79    948 -2.854325530466832e-02 2.3e+00 8.19e-01  7e-01  9e-01 21:28.0
   82    984 -4.214596341230349e-02 2.3e+00 7.79e-01  6e-01  8e-01 22:16.8
   85   1020 -3.904184802369017e-02 2.3e+00 6.59e-01  5e-01  7e-01 23:05.7
   88   1056 -6.920667084875233e-02 2.3e+00 6.64e-01  5e-01  7e-01 23:54.4
   91   1092 -5.108763198710528e-02 2.4e+00 6.85e-01  5e-01  7e-01 24:43.3
   94   1128 -5.992034408969523e-02 2.5e+00 6.03e-01  5e-01  6e-01 25:31.9
   97   1164 -5.978870509756961e-02 2.6e+00 5.78e-01  5e-01  6e-01 26:20.7
  100   1200 -6.086722314037128e-02 2.6e+00 6.09e-01  5e-01  6e-01 27:09.4
  104   1248 -4.911355286571791e-02 2.6e+00 5.97e-01  5e-01  6e-01 28:14.5
  108   1296 -6.082753086379537e-02 2.8e+00 6.26e-01  5e-01  7e-01 29:19.6
  112   1344 -5.906448504057169e-02 2.9e+00 6.13e-01  5e-01  7e-01 30:24.6
  116   1392 -5.756487430640621e-02 2.9e+00 6.17e-01  5e-01  7e-01 31:29.7
  120   1440 -5.447882693850749e-02 3.0e+00 5.45e-01  4e-01  6e-01 32:34.7
  124   1488 -5.388181953536341e-02 3.1e+00 5.14e-01  4e-01  6e-01 33:39.7
  128   1536 -5.304022989256300e-02 3.1e+00 5.62e-01  4e-01  7e-01 34:44.8
  132   1584 -7.293079487053183e-02 3.3e+00 5.59e-01  4e-01  7e-01 35:50.0
  136   1632 -5.192059828586841e-02 3.3e+00 4.53e-01  3e-01  5e-01 36:55.2
  140   1680 -7.705071125764860e-02 3.5e+00 4.13e-01  3e-01  5e-01 38:00.2
  144   1728 -6.008172683415136e-02 3.6e+00 3.85e-01  3e-01  5e-01 39:05.4
  148   1776 -6.563475146612090e-02 3.5e+00 3.54e-01  2e-01  4e-01 40:10.6
  152   1824 -7.549509200691404e-02 3.5e+00 3.25e-01  2e-01  4e-01 41:15.9
  156   1872 -5.926436375218214e-02 3.5e+00 3.11e-01  2e-01  4e-01 42:20.9
  160   1920 -7.850222256215968e-02 3.5e+00 2.70e-01  2e-01  3e-01 43:26.1
  164   1968 -6.926401652059154e-02 3.5e+00 2.34e-01  1e-01  3e-01 44:31.3
  169   2028 -7.244134037758188e-02 3.5e+00 2.13e-01  1e-01  3e-01 45:52.8
  174   2088 -7.090403940035814e-02 3.6e+00 1.65e-01  9e-02  2e-01 47:14.3
  179   2148 -8.753100259543488e-02 3.5e+00 1.42e-01  8e-02  2e-01 48:35.9
  184   2208 -8.985688166348221e-02 3.6e+00 1.17e-01  6e-02  1e-01 49:57.6
  189   2268 -8.911201993978546e-02 3.9e+00 1.12e-01  5e-02  1e-01 51:19.2
  194   2328 -9.230988247459793e-02 3.9e+00 1.02e-01  5e-02  1e-01 52:39.4
  199   2388 -9.034243459693750e-02 4.0e+00 1.15e-01  5e-02  1e-01 53:58.4
  200   2400 -9.382297828522802e-02 4.0e+00 1.11e-01  5e-02  1e-01 54:14.1
  205   2460 -9.455830396494810e-02 4.3e+00 9.05e-02  4e-02  1e-01 55:33.1
  210   2520 -9.452885547201431e-02 4.7e+00 7.68e-02  3e-02  9e-02 56:51.9
  215   2580 -9.489022878737699e-02 5.1e+00 8.06e-02  3e-02  9e-02 58:10.8
  220   2640 -9.255493188632247e-02 5.1e+00 9.69e-02  4e-02  1e-01 59:29.5
  225   2700 -9.399620001362986e-02 5.4e+00 9.76e-02  4e-02  1e-01 60:48.1
  231   2772 -9.521047708510469e-02 5.6e+00 7.59e-02  3e-02  9e-02 62:22.7
  237   2844 -9.496622487222595e-02 6.1e+00 6.68e-02  2e-02  8e-02 63:57.4
  243   2916 -9.534055149234445e-02 6.5e+00 5.99e-02  2e-02  7e-02 65:31.9
  249   2988 -9.526231445891448e-02 7.4e+00 6.26e-02  2e-02  8e-02 67:06.4
  255   3060 -9.591778783792293e-02 8.0e+00 4.81e-02  1e-02  6e-02 68:41.0
  261   3132 -9.587905925437074e-02 8.4e+00 4.40e-02  1e-02  5e-02 70:15.5
  267   3204 -9.597708919268892e-02 8.7e+00 3.39e-02  9e-03  4e-02 71:50.2
  273   3276 -9.615809464689437e-02 9.5e+00 3.04e-02  8e-03  4e-02 73:24.7
  279   3348 -9.610544946133226e-02 9.8e+00 3.32e-02  9e-03  4e-02 74:59.3
  285   3420 -9.614800945473133e-02 1.0e+01 3.25e-02  9e-03  4e-02 76:33.8
  291   3492 -9.620045298917022e-02 1.1e+01 2.65e-02  7e-03  3e-02 78:10.5
  297   3564 -9.628567877629594e-02 1.1e+01 3.04e-02  7e-03  4e-02 79:49.9
  300   3600 -9.627340574851152e-02 1.2e+01 3.34e-02  8e-03  4e-02 80:39.4
  306   3672 -9.634420495601892e-02 1.2e+01 3.69e-02  9e-03  5e-02 82:18.5
  312   3744 -9.634247701729119e-02 1.4e+01 4.56e-02  1e-02  6e-02 83:57.3
  318   3816 -9.637007194512667e-02 1.5e+01 4.34e-02  9e-03  6e-02 85:36.9
  324   3888 -9.646959199651330e-02 1.7e+01 3.38e-02  7e-03  4e-02 87:16.1
  330   3960 -9.655330476911664e-02 1.7e+01 2.76e-02  6e-03  3e-02 88:55.2
  336   4032 -9.660649752479317e-02 1.9e+01 2.78e-02  5e-03  4e-02 90:34.0
  342   4104 -9.667276676172629e-02 2.1e+01 2.20e-02  4e-03  3e-02 92:13.2
  349   4188 -9.668740941920782e-02 2.3e+01 1.94e-02  4e-03  3e-02 94:08.7
  356   4272 -9.673522211858472e-02 3.0e+01 2.37e-02  4e-03  4e-02 96:04.1
  363   4356 -9.677308402036347e-02 3.3e+01 2.82e-02  5e-03  5e-02 97:59.6
  370   4440 -9.679602103672857e-02 3.6e+01 3.07e-02  5e-03  6e-02 99:55.1
  377   4524 -9.688742738398011e-02 3.9e+01 3.55e-02  6e-03  7e-02 101:50.2
  384   4608 -9.697623881025121e-02 4.0e+01 3.58e-02  6e-03  7e-02 103:46.0
  391   4692 -9.704434864195130e-02 4.1e+01 3.34e-02  5e-03  7e-02 105:42.0
  398   4776 -9.710323939586672e-02 4.4e+01 2.98e-02  4e-03  6e-02 107:37.7
  400   4800 -9.711617874446921e-02 4.5e+01 3.06e-02  5e-03  7e-02 108:10.6
  407   4884 -9.713549550489005e-02 4.6e+01 3.39e-02  5e-03  8e-02 110:06.7
  414   4968 -9.720541897784975e-02 4.7e+01 3.94e-02  6e-03  9e-02 112:01.8
  421   5052 -9.724487142548670e-02 4.7e+01 5.31e-02  7e-03  1e-01 113:57.5
  428   5136 -9.732025463450260e-02 4.6e+01 4.59e-02  6e-03  9e-02 115:53.2
  435   5220 -9.731945991669082e-02 4.4e+01 5.68e-02  8e-03  1e-01 117:48.3
  442   5304 -9.743968112371384e-02 4.2e+01 5.59e-02  7e-03  9e-02 119:44.0
  449   5388 -9.739044708407647e-02 4.0e+01 5.34e-02  7e-03  9e-02 121:39.6
  456   5472 -9.752183346032350e-02 3.9e+01 4.72e-02  5e-03  7e-02 123:35.5
  463   5556 -9.758250530421125e-02 3.7e+01 3.83e-02  4e-03  6e-02 125:31.5
  471   5652 -9.762659568620276e-02 3.7e+01 2.65e-02  3e-03  4e-02 127:43.9
  479   5748 -9.766420656742501e-02 3.7e+01 3.36e-02  4e-03  5e-02 129:56.7
  487   5844 -9.776912689860628e-02 3.7e+01 4.40e-02  5e-03  7e-02 132:08.8
  495   5940 -9.784735455047293e-02 4.0e+01 3.91e-02  4e-03  6e-02 134:22.1
  500   6000 -9.788027098962519e-02 4.5e+01 4.12e-02  4e-03  7e-02 135:45.1
  508   6096 -9.791216750392571e-02 4.8e+01 3.39e-02  3e-03  5e-02 137:58.3
  516   6192 -9.793871594312679e-02 5.2e+01 2.93e-02  3e-03  5e-02 140:12.0
  524   6288 -9.796652631698040e-02 5.4e+01 2.52e-02  2e-03  4e-02 142:24.8
  532   6384 -9.798767536689477e-02 5.6e+01 2.13e-02  2e-03  3e-02 144:38.1
  540   6480 -9.802262775769720e-02 5.8e+01 2.89e-02  3e-03  5e-02 146:48.6
  549   6588 -9.803948417634076e-02 5.9e+01 2.55e-02  2e-03  4e-02 149:10.4
  557   6684 -9.808247939034224e-02 5.9e+01 2.53e-02  2e-03  4e-02 151:18.9
  565   6780 -9.810415765697024e-02 5.6e+01 3.22e-02  3e-03  6e-02 153:28.7
  574   6888 -9.811996371552233e-02 5.8e+01 3.10e-02  3e-03  6e-02 155:52.2
  583   6996 -9.815607994000805e-02 5.8e+01 3.35e-02  3e-03  6e-02 158:15.9
  592   7104 -9.820069361776095e-02 6.2e+01 3.95e-02  3e-03  8e-02 160:38.4
  600   7200 -9.818958960462316e-02 6.5e+01 3.67e-02  3e-03  7e-02 162:44.4
  609   7308 -9.822041186600956e-02 6.8e+01 3.00e-02  2e-03  6e-02 165:07.2
  618   7416 -9.822787346903805e-02 7.3e+01 2.79e-02  2e-03  5e-02 167:28.7
  627   7524 -9.824468486411018e-02 7.5e+01 3.68e-02  3e-03  7e-02 169:50.0
  636   7632 -9.828002535342309e-02 7.7e+01 2.85e-02  2e-03  5e-02 172:11.4
  645   7740 -9.831190463780648e-02 7.6e+01 2.89e-02  2e-03  5e-02 174:33.0
  654   7848 -9.835970077386075e-02 8.2e+01 3.77e-02  2e-03  7e-02 176:54.5
  663   7956 -9.840200495467352e-02 9.6e+01 5.23e-02  3e-03  1e-01 179:16.1
  672   8064 -9.840968372223066e-02 1.1e+02 6.73e-02  4e-03  1e-01 181:37.6
  682   8184 -9.848423618182080e-02 1.1e+02 5.60e-02  3e-03  1e-01 184:14.9
  692   8304 -9.854776471001515e-02 1.1e+02 4.16e-02  2e-03  9e-02 186:52.1
  700   8400 -9.858864712667217e-02 1.3e+02 4.67e-02  3e-03  1e-01 188:57.8
  710   8520 -9.864089764297500e-02 1.6e+02 6.56e-02  4e-03  2e-01 191:34.9
  720   8640 -9.866261767348086e-02 1.7e+02 6.34e-02  3e-03  2e-01 194:12.3
  730   8760 -9.871247081746873e-02 1.7e+02 5.12e-02  3e-03  1e-01 196:49.9
  740   8880 -9.870496907036130e-02 1.6e+02 4.76e-02  2e-03  1e-01 199:27.5
  750   9000 -9.873964774014084e-02 1.6e+02 4.08e-02  2e-03  1e-01 202:04.8
  760   9120 -9.874686242250848e-02 1.6e+02 3.13e-02  1e-03  7e-02 204:42.3
  770   9240 -9.875926282845787e-02 1.6e+02 2.96e-02  1e-03  7e-02 207:20.0
  780   9360 -9.877422393701270e-02 1.6e+02 2.62e-02  1e-03  6e-02 209:57.7
  790   9480 -9.878941820294383e-02 1.7e+02 2.93e-02  1e-03  7e-02 212:35.3
  800   9600 -9.880967213993005e-02 1.8e+02 3.62e-02  2e-03  8e-02 215:12.7
  810   9720 -9.881139026129887e-02 1.9e+02 4.56e-02  2e-03  1e-01 217:50.0
  820   9840 -9.882597769886060e-02 2.0e+02 4.46e-02  2e-03  1e-01 220:27.4
  830   9960 -9.883879909921195e-02 2.0e+02 3.86e-02  2e-03  8e-02 223:04.8
