Running job array 35 on pe75.int.triton.aalto.fi
Starting at Fri Mar 21 16:01:40 EET 2025
Activating virtual environment at /scratch/work/uotilav2/quantum-portfolio/venv
Processing batch 36/100: experiments 35 to 35 (total 1)
Processing experiment 35
Budget: 4758
YF.download() has changed argument auto_adjust default to True
Number of qubits for asset AXP: 5
Number of qubits for asset GS: 4
Total number of qubits:  9
Optimized Weights (considering variance, skewness and kurtosis):
AXP: 29.52%
GS: 70.48%
Left over budget:  154.85728408106115
Optimized Discrete Allocation:
AXP: 4
GS: 6
Maximized utility from continuous higher moments:  -418.1555595495276
Budget constraint satisfied 4737.50146484375 4758 Difference:  20.49853515625
Budget constraint satisfied 4715.108337402344 4758 Difference:  42.89166259765625
smallest_eigenvalues: [-0.1555317512081927]
smallest_bitstrings: ['000010000']
first_excited_energy: -0.15552314565677164
optimized_portfolio: [{'AXP': 16, 'GS': 0}]
second_optimized_portfolio: [{'AXP': 14, 'GS': 1}]
result_with_budget: [{'portfolio': {'AXP': 16, 'GS': 0}, 'budget': 4737.50146484375, 'difference': 20.49853515625, 'objective_value': -5929.481198070178}]
result_with_budget_excited: [{'portfolio': {'AXP': 14, 'GS': 1}, 'budget': 4715.108337402344, 'difference': 42.89166259765625, 'objective_value': -4086.569385352023}]
Initial params:  [1.48788356 2.51613533 1.63512823 2.13276294 2.26393425 1.8284691
 1.68820779 2.38326127 0.33271856 1.4878596  0.58538032 2.31509673
 0.680313   0.42480042 1.01831901 0.47021746 0.69844324 1.21419094]
(6_w,12)-aCMA-ES (mu_w=3.7,w_1=40%) in dimension 18 (seed=737642, Fri Mar 21 16:02:00 2025)
Iterat #Fevals   function value  axis ratio  sigma  min&max std  t[m:s]
    1     12 2.717976046941217e-01 1.0e+00 9.42e-02  9e-02  1e-01 0:16.0
    2     24 1.427764552016934e-01 1.1e+00 9.68e-02  1e-01  1e-01 0:32.0
    3     36 8.648617654242786e-02 1.2e+00 1.00e-01  1e-01  1e-01 0:48.2
    4     48 8.400262929323547e-02 1.3e+00 1.01e-01  1e-01  1e-01 1:04.2
    5     60 -4.424584778713030e-02 1.3e+00 1.04e-01  1e-01  1e-01 1:20.2
    6     72 -4.736341013943262e-02 1.3e+00 1.06e-01  1e-01  1e-01 1:36.3
    7     84 -6.424057817592713e-02 1.4e+00 1.09e-01  1e-01  1e-01 1:52.3
    8     96 -6.671920942955258e-02 1.4e+00 1.06e-01  1e-01  1e-01 2:08.3
    9    108 -9.327386332627939e-02 1.4e+00 1.03e-01  1e-01  1e-01 2:24.4
   10    120 -9.669534965136760e-02 1.5e+00 1.08e-01  1e-01  1e-01 2:40.3
   11    132 -9.547001977094997e-02 1.5e+00 1.10e-01  1e-01  1e-01 2:56.2
   12    144 -1.104463627996271e-01 1.5e+00 1.16e-01  1e-01  1e-01 3:12.2
   13    156 -1.041002031669190e-01 1.5e+00 1.15e-01  1e-01  1e-01 3:28.2
   14    168 -1.128368903807188e-01 1.5e+00 1.16e-01  1e-01  1e-01 3:44.4
   15    180 -1.034858283899845e-01 1.5e+00 1.22e-01  1e-01  1e-01 4:00.7
   16    192 -1.006156358660568e-01 1.6e+00 1.19e-01  1e-01  1e-01 4:16.6
   18    216 -1.040263772379733e-01 1.6e+00 1.07e-01  1e-01  1e-01 4:48.5
   20    240 -1.114368235359091e-01 1.7e+00 1.07e-01  1e-01  1e-01 5:20.5
   22    264 -1.117114849974711e-01 1.8e+00 1.02e-01  9e-02  1e-01 5:52.6
   24    288 -1.096210782581571e-01 1.9e+00 9.64e-02  9e-02  1e-01 6:24.7
   26    312 -1.099609189391947e-01 1.9e+00 1.02e-01  9e-02  1e-01 6:56.7
   28    336 -1.151057596325073e-01 1.9e+00 1.14e-01  1e-01  1e-01 7:28.6
   30    360 -1.087355371310148e-01 1.9e+00 1.24e-01  1e-01  1e-01 8:00.6
   32    384 -1.204473155363943e-01 1.9e+00 1.17e-01  1e-01  1e-01 8:32.9
   34    408 -1.186003746708070e-01 2.0e+00 1.08e-01  1e-01  1e-01 9:05.0
   36    432 -1.177258189679550e-01 2.0e+00 1.03e-01  9e-02  1e-01 9:37.0
   38    456 -1.227341023212156e-01 2.1e+00 1.03e-01  9e-02  1e-01 10:09.0
   40    480 -1.239483002390674e-01 2.2e+00 1.06e-01  9e-02  1e-01 10:40.9
   42    504 -1.179058152328585e-01 2.2e+00 9.81e-02  9e-02  1e-01 11:13.2
   44    528 -1.180000801562303e-01 2.3e+00 1.01e-01  9e-02  1e-01 11:45.3
   46    552 -1.198445545204603e-01 2.5e+00 1.00e-01  8e-02  1e-01 12:17.3
   48    576 -1.170710764303978e-01 2.7e+00 9.69e-02  8e-02  1e-01 12:49.4
   50    600 -1.207211839356305e-01 2.8e+00 1.01e-01  9e-02  1e-01 13:21.5
   53    636 -1.305464071823499e-01 2.9e+00 9.83e-02  8e-02  1e-01 14:09.7
   56    672 -1.289232627606202e-01 3.1e+00 9.85e-02  8e-02  1e-01 14:57.7
   59    708 -1.286963543750314e-01 3.3e+00 9.14e-02  7e-02  1e-01 15:45.8
   62    744 -1.306081931880125e-01 3.5e+00 8.46e-02  7e-02  1e-01 16:34.0
   65    780 -1.284709730071183e-01 3.7e+00 8.38e-02  6e-02  1e-01 17:21.9
   68    816 -1.299420906052398e-01 3.7e+00 8.35e-02  6e-02  1e-01 18:09.9
   71    852 -1.325295605380437e-01 3.7e+00 8.35e-02  6e-02  1e-01 18:58.3
   74    888 -1.313927095520586e-01 3.9e+00 7.90e-02  6e-02  1e-01 19:46.3
   77    924 -1.304751334140208e-01 4.2e+00 8.01e-02  6e-02  1e-01 20:34.4
   80    960 -1.310332594792646e-01 4.3e+00 7.91e-02  6e-02  1e-01 21:22.6
   83    996 -1.331944522226301e-01 4.6e+00 7.83e-02  6e-02  1e-01 22:10.5
   86   1032 -1.322050033326815e-01 4.8e+00 7.28e-02  5e-02  1e-01 22:58.4
   89   1068 -1.325551265303624e-01 4.9e+00 6.95e-02  5e-02  9e-02 23:46.6
   92   1104 -1.338154670841754e-01 5.1e+00 6.10e-02  4e-02  8e-02 24:34.6
   95   1140 -1.341964849075717e-01 5.2e+00 5.53e-02  4e-02  7e-02 25:22.5
   98   1176 -1.342220975640931e-01 5.4e+00 5.65e-02  4e-02  8e-02 26:10.6
  100   1200 -1.348555541153059e-01 5.4e+00 5.51e-02  4e-02  8e-02 26:42.7
  104   1248 -1.345447480686425e-01 5.5e+00 4.72e-02  3e-02  7e-02 27:46.5
  108   1296 -1.349732633432048e-01 5.5e+00 3.75e-02  2e-02  5e-02 28:50.7
  112   1344 -1.346940675422186e-01 5.8e+00 3.40e-02  2e-02  5e-02 29:54.7
  116   1392 -1.350445346415525e-01 6.1e+00 2.70e-02  2e-02  4e-02 30:58.7
  120   1440 -1.352855126368532e-01 6.4e+00 2.92e-02  2e-02  4e-02 32:02.5
  124   1488 -1.353450909681403e-01 6.8e+00 2.73e-02  2e-02  4e-02 33:06.3
  128   1536 -1.353352354806054e-01 7.1e+00 2.58e-02  2e-02  4e-02 34:10.6
  132   1584 -1.353378486120910e-01 7.6e+00 2.14e-02  1e-02  3e-02 35:14.8
  136   1632 -1.354788705945458e-01 8.0e+00 2.15e-02  1e-02  3e-02 36:18.6
  140   1680 -1.355107167489989e-01 8.4e+00 1.88e-02  1e-02  3e-02 37:22.5
  144   1728 -1.356262601818620e-01 9.0e+00 1.92e-02  1e-02  3e-02 38:26.7
  148   1776 -1.355784752484586e-01 1.0e+01 2.23e-02  1e-02  3e-02 39:30.5
  152   1824 -1.357071387165953e-01 1.1e+01 2.04e-02  1e-02  3e-02 40:34.4
  156   1872 -1.357718613126820e-01 1.2e+01 2.00e-02  1e-02  3e-02 41:38.6
  161   1932 -1.359230132605402e-01 1.2e+01 1.98e-02  1e-02  3e-02 42:58.8
  166   1992 -1.359911078526818e-01 1.3e+01 2.02e-02  1e-02  3e-02 44:18.4
  171   2052 -1.361415411151665e-01 1.4e+01 2.16e-02  1e-02  3e-02 45:38.5
  176   2112 -1.362431715647940e-01 1.6e+01 2.37e-02  1e-02  4e-02 46:58.5
  181   2172 -1.363755393167538e-01 1.9e+01 2.79e-02  1e-02  5e-02 48:18.6
  186   2232 -1.366587803729976e-01 2.2e+01 2.94e-02  1e-02  5e-02 49:38.5
  191   2292 -1.365891824194633e-01 2.5e+01 3.06e-02  1e-02  6e-02 50:58.7
  196   2352 -1.367866892317773e-01 2.7e+01 3.10e-02  1e-02  6e-02 52:18.3
  200   2400 -1.368913717418640e-01 2.8e+01 2.84e-02  1e-02  6e-02 53:22.5
  205   2460 -1.371129328215659e-01 3.2e+01 2.62e-02  1e-02  6e-02 54:42.4
  210   2520 -1.372441944857286e-01 3.6e+01 2.64e-02  1e-02  6e-02 56:02.7
  215   2580 -1.373306222728547e-01 3.7e+01 2.82e-02  1e-02  7e-02 57:22.4
  220   2640 -1.374465550472034e-01 4.0e+01 2.92e-02  1e-02  8e-02 58:42.7
  225   2700 -1.376112156959616e-01 4.2e+01 3.07e-02  1e-02  8e-02 60:02.4
  230   2760 -1.376570756010189e-01 4.5e+01 2.59e-02  1e-02  7e-02 61:22.5
  235   2820 -1.377764715527665e-01 4.6e+01 2.54e-02  1e-02  7e-02 62:42.5
  240   2880 -1.378757232715161e-01 5.2e+01 2.51e-02  1e-02  8e-02 64:02.6
  246   2952 -1.379423344165454e-01 5.2e+01 2.00e-02  9e-03  6e-02 65:38.5
  252   3024 -1.380081069669022e-01 5.9e+01 2.47e-02  1e-02  8e-02 67:14.3
  258   3096 -1.380891979215185e-01 6.5e+01 2.81e-02  1e-02  1e-01 68:50.3
  264   3168 -1.381668303016252e-01 6.7e+01 2.56e-02  1e-02  9e-02 70:26.1
  270   3240 -1.382129346484476e-01 6.8e+01 2.07e-02  9e-03  7e-02 72:02.3
  276   3312 -1.382056548088133e-01 7.1e+01 2.22e-02  1e-02  8e-02 73:38.5
  282   3384 -1.382769021217508e-01 7.1e+01 2.09e-02  9e-03  7e-02 75:14.2
  288   3456 -1.382681163875798e-01 7.0e+01 1.57e-02  6e-03  5e-02 76:50.4
  294   3528 -1.382949897354913e-01 7.0e+01 1.21e-02  5e-03  4e-02 78:26.1
  300   3600 -1.383203011355257e-01 7.3e+01 1.12e-02  4e-03  4e-02 80:02.4
  306   3672 -1.383454461131552e-01 7.4e+01 1.16e-02  4e-03  4e-02 81:38.5
  312   3744 -1.383809577985766e-01 7.7e+01 1.36e-02  5e-03  4e-02 83:14.5
  318   3816 -1.384105990618305e-01 8.1e+01 1.74e-02  6e-03  6e-02 84:50.5
  324   3888 -1.384581561229450e-01 8.5e+01 1.67e-02  6e-03  6e-02 86:26.7
  330   3960 -1.384555558951214e-01 9.3e+01 2.01e-02  7e-03  7e-02 88:02.4
  336   4032 -1.385068722896587e-01 9.3e+01 1.58e-02  5e-03  6e-02 89:38.6
  343   4116 -1.385550927011943e-01 9.5e+01 1.56e-02  5e-03  5e-02 91:30.5
  350   4200 -1.385687639608996e-01 9.9e+01 1.44e-02  5e-03  5e-02 93:22.3
  357   4284 -1.386093120560327e-01 1.0e+02 1.37e-02  4e-03  5e-02 95:14.3
  364   4368 -1.386538592561337e-01 1.1e+02 1.60e-02  5e-03  6e-02 97:06.4
  371   4452 -1.387134511999895e-01 1.1e+02 2.20e-02  7e-03  9e-02 98:58.3
  378   4536 -1.387460754526143e-01 1.1e+02 2.23e-02  6e-03  9e-02 100:50.3
  385   4620 -1.388051797095415e-01 1.1e+02 2.08e-02  6e-03  8e-02 102:42.5
  392   4704 -1.389017364823054e-01 1.2e+02 2.30e-02  6e-03  9e-02 104:34.6
  399   4788 -1.389647721270627e-01 1.1e+02 3.32e-02  8e-03  1e-01 106:26.5
  400   4800 -1.390031991180732e-01 1.1e+02 3.42e-02  9e-03  1e-01 106:42.6
  407   4884 -1.390824510610519e-01 1.2e+02 3.12e-02  8e-03  1e-01 108:34.4
  414   4968 -1.392669374127846e-01 1.2e+02 3.16e-02  7e-03  1e-01 110:26.3
  421   5052 -1.393371592735448e-01 1.2e+02 3.79e-02  8e-03  2e-01 112:18.6
  428   5136 -1.395285570146050e-01 1.2e+02 4.46e-02  1e-02  2e-01 114:10.3
  435   5220 -1.395225690492609e-01 1.2e+02 4.43e-02  9e-03  2e-01 116:02.3
  442   5304 -1.397074604556449e-01 1.2e+02 3.64e-02  7e-03  2e-01 117:54.4
  450   5400 -1.399627202073985e-01 1.2e+02 3.84e-02  8e-03  2e-01 120:02.4
  458   5496 -1.401568357185239e-01 1.1e+02 3.15e-02  6e-03  1e-01 122:10.1
  466   5592 -1.401997108015199e-01 1.1e+02 3.15e-02  6e-03  1e-01 124:18.1
  474   5688 -1.402885783051142e-01 1.3e+02 3.21e-02  6e-03  1e-01 126:26.2
  482   5784 -1.403344551390068e-01 1.2e+02 3.29e-02  6e-03  1e-01 128:34.2
  490   5880 -1.403505909469292e-01 1.3e+02 2.78e-02  5e-03  1e-01 130:42.2
  498   5976 -1.404421320075457e-01 1.2e+02 2.13e-02  4e-03  8e-02 132:50.3
  500   6000 -1.404765310969063e-01 1.3e+02 2.18e-02  4e-03  8e-02 133:22.2
  508   6096 -1.405054652616226e-01 1.3e+02 2.37e-02  4e-03  9e-02 135:30.1
  516   6192 -1.405392970894062e-01 1.3e+02 1.81e-02  3e-03  7e-02 137:38.1
  524   6288 -1.405592257138863e-01 1.3e+02 1.36e-02  2e-03  5e-02 139:45.9
  532   6384 -1.405648945161259e-01 1.2e+02 1.16e-02  2e-03  4e-02 141:54.2
  540   6480 -1.405820297140141e-01 1.2e+02 1.25e-02  2e-03  4e-02 144:01.6
  548   6576 -1.405868974674169e-01 1.2e+02 1.46e-02  2e-03  5e-02 146:09.1
  556   6672 -1.405979480063812e-01 1.2e+02 1.13e-02  1e-03  4e-02 148:16.6
  565   6780 -1.406198975811007e-01 1.2e+02 1.39e-02  2e-03  4e-02 150:40.3
  574   6888 -1.406310239847499e-01 1.2e+02 1.66e-02  2e-03  5e-02 153:04.1
  583   6996 -1.406497311854540e-01 1.2e+02 1.39e-02  2e-03  4e-02 155:27.4
  592   7104 -1.406708196281491e-01 1.2e+02 1.66e-02  2e-03  5e-02 157:51.1
  600   7200 -1.406841073532933e-01 1.3e+02 1.96e-02  2e-03  6e-02 159:58.3
  609   7308 -1.407174199033935e-01 1.4e+02 2.36e-02  2e-03  7e-02 162:21.8
  618   7416 -1.407290740080591e-01 1.3e+02 1.70e-02  2e-03  5e-02 164:45.1
  627   7524 -1.407334504984520e-01 1.4e+02 1.41e-02  1e-03  5e-02 167:08.4
  636   7632 -1.407389801832143e-01 1.4e+02 1.21e-02  1e-03  4e-02 169:29.4
  645   7740 -1.407413093236110e-01 1.5e+02 1.02e-02  8e-04  3e-02 171:48.4
  654   7848 -1.407431922983568e-01 1.4e+02 9.57e-03  8e-04  3e-02 174:07.5
  663   7956 -1.407454199282020e-01 1.5e+02 7.96e-03  6e-04  2e-02 176:26.6
  673   8076 -1.407472176117467e-01 1.6e+02 6.77e-03  5e-04  2e-02 179:01.1
  683   8196 -1.407491791709637e-01 1.5e+02 8.09e-03  6e-04  2e-02 181:35.8
  693   8316 -1.407504735252903e-01 1.6e+02 6.54e-03  4e-04  2e-02 184:11.3
  700   8400 -1.407512424093896e-01 1.6e+02 7.20e-03  5e-04  2e-02 185:59.6
  710   8520 -1.407523520799279e-01 1.7e+02 6.36e-03  4e-04  2e-02 188:34.5
  720   8640 -1.407540040359021e-01 1.7e+02 9.89e-03  6e-04  3e-02 191:09.0
  730   8760 -1.407551579992782e-01 1.7e+02 1.03e-02  7e-04  3e-02 193:43.7
  740   8880 -1.407585134782050e-01 1.7e+02 1.06e-02  7e-04  3e-02 196:18.9
  750   9000 -1.407608554962295e-01 1.7e+02 1.10e-02  7e-04  3e-02 198:54.0
  760   9120 -1.407629554046831e-01 1.8e+02 1.22e-02  7e-04  4e-02 201:29.1
  770   9240 -1.407669938469985e-01 2.0e+02 1.38e-02  8e-04  4e-02 204:04.3
  780   9360 -1.407732638196010e-01 2.2e+02 1.59e-02  9e-04  5e-02 206:39.7
  790   9480 -1.407823930533012e-01 2.9e+02 2.12e-02  1e-03  9e-02 209:15.1
  800   9600 -1.407870825763548e-01 3.2e+02 1.63e-02  9e-04  7e-02 211:50.3
  810   9720 -1.407872660348858e-01 3.4e+02 1.26e-02  6e-04  6e-02 214:25.6
  820   9840 -1.407884331837184e-01 3.6e+02 7.68e-03  3e-04  4e-02 217:00.7
  831   9972 -1.407886960071291e-01 3.6e+02 7.08e-03  3e-04  3e-02 219:51.4
  842  10104 -1.407891682510282e-01 3.6e+02 4.01e-03  2e-04  2e-02 222:41.9
  853  10236 -1.407892459236628e-01 3.4e+02 2.71e-03  1e-04  1e-02 225:32.4
  864  10368 -1.407892933832728e-01 3.5e+02 2.01e-03  8e-05  8e-03 228:23.0
  875  10500 -1.407893195038165e-01 3.9e+02 1.10e-03  4e-05  4e-03 231:13.5
  886  10632 -1.407893248693260e-01 3.8e+02 6.24e-04  2e-05  2e-03 234:03.9
  897  10764 -1.407893261024996e-01 4.0e+02 3.85e-04  1e-05  1e-03 236:54.3
  900  10800 -1.407893268105336e-01 4.0e+02 3.49e-04  1e-05  1e-03 237:40.7
  911  10932 -1.407893271086600e-01 3.9e+02 2.38e-04  8e-06  9e-04 240:30.9
  922  11064 -1.407893273331377e-01 4.2e+02 1.33e-04  4e-06  5e-04 243:21.2
  933  11196 -1.407893273718514e-01 4.3e+02 6.93e-05  2e-06  2e-04 246:11.9
  944  11328 -1.407893273869167e-01 4.4e+02 4.24e-05  1e-06  1e-04 249:02.4
  955  11460 -1.407893273935544e-01 4.4e+02 2.13e-05  6e-07  7e-05 251:53.0
  966  11592 -1.407893273947368e-01 4.1e+02 1.36e-05  4e-07  4e-05 254:43.7
  977  11724 -1.407893273950440e-01 4.1e+02 9.20e-06  2e-07  3e-05 257:33.7
  989  11868 -1.407893273953245e-01 4.5e+02 4.75e-06  1e-07  1e-05 260:38.7
  997  11964 -1.407893273953775e-01 4.4e+02 3.05e-06  8e-08  9e-06 262:41.9
Budget constraint satisfied 3485.9467163085938 4758 Difference:  1272.0532836914062
Budget constraint satisfied 3782.040557861328 4758 Difference:  975.9594421386719
two_most_probable_states: ['011001100', '111001100']
final_expectation_value: -0.14078932739537753
params: [3.9720597312864094, 4.297770704426607, 1.3851823680391107, 1.886362146254734, 2.1835822529937294, 3.109816710567619, 7.1321820836054926, 7.163393514235321, 5.1300054666781865, 2.3324885124348187, 0.402248113323273, 1.4073245133428427, 0.4605338072468373, 0.5118226858514217, 2.292255485441093, -0.07808709135900346, 1.403175514300622, 1.4528310026118014]
total_steps: 997
states_probs: [0.01675157022778067, 0.019880393635969294]
optimized_portfolios: [{'AXP': 6, 'GS': 3}, {'AXP': 7, 'GS': 3}]
objective_values: [-352.15038140490276, -562.0763214399146]
result_with_budget: [{'portfolio': {'AXP': 6, 'GS': 3}, 'budget': 3485.9467163085938, 'difference': 1272.0532836914062}, {'portfolio': {'AXP': 7, 'GS': 3}, 'budget': 3782.040557861328, 'difference': 975.9594421386719}]
Batch 36/100 completed. Results saved to portfolio_optimization_results_batch_35.json
Job finished at Fri Mar 21 20:28:28 EET 2025
