Running job array 32 on pe45.int.triton.aalto.fi
Starting at Sun Mar 16 11:20:28 EET 2025
Activating virtual environment at /scratch/work/uotilav2/quantum-portfolio/venv
Processing batch 33/40: experiments 357 to 367 (total 11)
Processing experiment 357
Budget: 90.3499984741211
YF.download() has changed argument auto_adjust default to True
Expected returns: -0.008296534496786639
Covariance matrix: 0.4662354530548757
3rd-order coskewness tensor: 0.24834973992974396
4th-order cokurtosis tensor: 12.511765822480125
Number of qubits for asset BA: 1
Number of qubits for asset CAT: 1
Number of qubits for asset CRM: 1
Number of qubits for asset CSCO: 1
Number of qubits for asset DOW: 2
Number of qubits for asset KO: 1
Number of qubits for asset WMT: 1
Total number of qubits:  8
Optimized Weights (considering variance, skewness and kurtosis):
BA: 5.94%
CAT: 34.39%
CRM: 28.17%
CSCO: 0.00%
DOW: 0.00%
KO: 2.30%
WMT: 29.21%
Left over budget:  -3.7174571332343476e-07
Optimized Discrete Allocation:
WMT: 1
Maximized utility from continuous higher moments:  -3.0794567255250227
Budget constraint satisfied 90.3499984741211 90.3499984741211 Difference:  0.0
Budget constraint not satisfied 98.19836044311523 90.3499984741211 Difference:  -7.848361968994141
smallest_eigenvalues: [-0.006620639437161954]
smallest_bitstrings: ['00000001']
first_excited_energy: -0.006548368535587555
optimized_portfolio: [{'BA': 0, 'CAT': 0, 'CRM': 0, 'CSCO': 0, 'DOW': 0, 'KO': 0, 'WMT': 1}]
second_optimized_portfolio: [{'BA': 0, 'CAT': 0, 'CRM': 0, 'CSCO': 1, 'DOW': 1, 'KO': 0, 'WMT': 0}]
result_with_budget: [{'portfolio': {'BA': 0, 'CAT': 0, 'CRM': 0, 'CSCO': 0, 'DOW': 0, 'KO': 0, 'WMT': 1}, 'budget': 90.3499984741211, 'difference': 0.0, 'objective_value': -3.0794567255250227}]
result_with_budget_excited: [{'portfolio': {'BA': 0, 'CAT': 0, 'CRM': 0, 'CSCO': 1, 'DOW': 1, 'KO': 0, 'WMT': 0}, 'budget': 98.19836044311523, 'difference': -7.848361968994141, 'objective_value': -15.151469317422226}]
Initial params:  [2.61575239 2.44465153 2.73322377 3.07442019 2.51063067 1.44978017
 2.45210473 0.37157007 2.01037118 0.45035763 2.96776493 1.63943485
 1.3026989  0.83112597 2.43232687 1.43303853]
(6_w,12)-aCMA-ES (mu_w=3.7,w_1=40%) in dimension 16 (seed=197478, Sun Mar 16 11:20:45 2025)
Iterat #Fevals   function value  axis ratio  sigma  min&max std  t[m:s]
    1     12 1.025035944007132e-01 1.0e+00 1.40e+00  1e+00  1e+00 0:09.4
    2     24 9.560597439091968e-02 1.1e+00 1.34e+00  1e+00  1e+00 0:18.7
    3     36 1.759299967162457e-01 1.1e+00 1.27e+00  1e+00  1e+00 0:28.1
    4     48 2.159116493963171e-02 1.2e+00 1.26e+00  1e+00  1e+00 0:37.3
    5     60 1.345051759354204e-01 1.2e+00 1.28e+00  1e+00  1e+00 0:46.4
    6     72 8.234996694386623e-02 1.3e+00 1.38e+00  1e+00  1e+00 0:55.5
    7     84 6.528529283163678e-02 1.4e+00 1.39e+00  1e+00  1e+00 1:04.6
    8     96 1.168077066600061e-01 1.4e+00 1.41e+00  1e+00  1e+00 1:13.7
    9    108 1.172772091684324e-01 1.5e+00 1.39e+00  1e+00  1e+00 1:22.7
   10    120 1.161532690204726e-01 1.5e+00 1.38e+00  1e+00  1e+00 1:31.9
   12    144 1.098451834131795e-01 1.6e+00 1.45e+00  1e+00  2e+00 1:50.0
   14    168 6.392125351158724e-02 1.6e+00 1.40e+00  1e+00  1e+00 2:08.2
   16    192 7.743149248682886e-02 1.6e+00 1.36e+00  1e+00  1e+00 2:26.5
   18    216 1.066714283981942e-01 1.8e+00 1.31e+00  1e+00  1e+00 2:44.7
   20    240 1.125031188959081e-01 1.8e+00 1.29e+00  1e+00  1e+00 3:02.9
   22    264 4.033334805253146e-02 1.8e+00 1.20e+00  1e+00  1e+00 3:21.0
   24    288 1.457575983430718e-01 1.8e+00 1.19e+00  1e+00  1e+00 3:39.1
   26    312 1.408760301379021e-01 1.9e+00 1.20e+00  1e+00  1e+00 3:57.4
   28    336 7.887540508233917e-02 2.0e+00 1.21e+00  1e+00  1e+00 4:15.7
   30    360 4.252476951055483e-02 2.0e+00 1.17e+00  1e+00  1e+00 4:35.3
   33    396 7.645089688555029e-02 2.1e+00 1.06e+00  1e+00  1e+00 5:02.6
   36    432 1.136002280261909e-01 2.2e+00 9.23e-01  8e-01  1e+00 5:29.8
   39    468 3.256682921788824e-02 2.4e+00 1.11e+00  1e+00  1e+00 5:57.2
   42    504 9.147033867832469e-02 2.4e+00 1.11e+00  1e+00  1e+00 6:24.4
   45    540 3.241124545611454e-02 2.4e+00 1.05e+00  9e-01  1e+00 6:51.7
   48    576 1.459946106315564e-01 2.4e+00 8.95e-01  8e-01  1e+00 7:19.0
   51    612 7.598051927091358e-02 2.6e+00 9.11e-01  8e-01  1e+00 7:46.4
   54    648 1.587829465444649e-01 2.7e+00 9.03e-01  8e-01  1e+00 8:13.7
   58    696 1.685251542643897e-01 2.8e+00 8.06e-01  7e-01  9e-01 8:50.0
   62    744 1.756013732780017e-01 2.7e+00 7.10e-01  6e-01  7e-01 9:26.4
   66    792 3.978471142191764e-02 2.8e+00 6.77e-01  6e-01  7e-01 10:02.9
   70    840 8.622246630217234e-02 2.9e+00 7.44e-01  6e-01  8e-01 10:39.4
   74    888 1.051230851720878e-01 3.2e+00 8.63e-01  7e-01  1e+00 11:15.7
   78    936 1.674884892481021e-01 3.5e+00 1.04e+00  9e-01  1e+00 11:52.1
   82    984 1.510634028796873e-01 3.5e+00 1.06e+00  9e-01  1e+00 12:28.3
   86   1032 1.362718981050626e-01 3.7e+00 1.13e+00  9e-01  1e+00 13:04.7
   90   1080 1.062913170717716e-01 3.8e+00 1.17e+00  9e-01  1e+00 13:41.2
   95   1140 6.975217536189390e-02 3.9e+00 1.12e+00  9e-01  1e+00 14:26.6
  100   1200 1.367651705962683e-01 3.6e+00 1.01e+00  8e-01  1e+00 15:11.7
  105   1260 4.705015249351890e-02 3.7e+00 1.11e+00  8e-01  1e+00 15:55.6
  110   1320 1.082437569341820e-01 3.7e+00 1.03e+00  8e-01  1e+00 16:39.2
  115   1380 1.320184489027281e-01 3.8e+00 1.14e+00  8e-01  1e+00 17:23.1
  120   1440 1.591000562476938e-01 3.9e+00 9.27e-01  7e-01  1e+00 18:06.8
  125   1500 1.004826306218283e-01 3.8e+00 7.76e-01  5e-01  8e-01 18:50.5
  131   1572 8.688864344314015e-02 3.7e+00 6.40e-01  4e-01  7e-01 19:43.0
  137   1644 1.317288215143986e-01 3.7e+00 5.48e-01  4e-01  6e-01 20:35.3
  143   1716 8.393504195501691e-02 3.7e+00 4.36e-01  3e-01  5e-01 21:27.7
  149   1788 1.753995104624050e-01 3.7e+00 4.32e-01  3e-01  5e-01 22:20.3
  155   1860 2.761298532716272e-02 3.7e+00 3.56e-01  2e-01  4e-01 23:12.8
  161   1932 4.863558950272399e-02 3.8e+00 3.01e-01  2e-01  3e-01 24:05.4
  167   2004 5.659366775444968e-02 3.9e+00 2.80e-01  2e-01  3e-01 24:57.9
  173   2076 3.186589190007522e-02 4.0e+00 2.16e-01  1e-01  2e-01 25:50.4
  179   2148 5.161423550923801e-02 3.8e+00 2.38e-01  2e-01  3e-01 26:42.8
  186   2232 2.677745052984273e-02 4.2e+00 2.18e-01  1e-01  2e-01 27:44.1
  193   2316 1.641047264670120e-02 4.6e+00 1.73e-01  1e-01  2e-01 28:45.3
  200   2400 1.430603383057803e-02 4.6e+00 1.03e-01  6e-02  1e-01 29:46.4
  207   2484 1.275490586542883e-02 4.6e+00 6.37e-02  3e-02  7e-02 30:48.6
  214   2568 8.715625892371548e-03 4.5e+00 5.85e-02  3e-02  6e-02 31:49.8
  221   2652 8.087586884671047e-03 4.6e+00 6.07e-02  3e-02  7e-02 32:50.9
  228   2736 6.928852206080727e-03 5.1e+00 5.26e-02  2e-02  6e-02 33:54.3
  235   2820 5.305048560957404e-03 5.8e+00 4.92e-02  2e-02  6e-02 34:55.4
  242   2904 3.547907995836659e-03 7.4e+00 5.73e-02  2e-02  7e-02 35:56.6
  250   3000 2.628162816416123e-03 8.3e+00 6.20e-02  2e-02  9e-02 37:06.5
  258   3096 7.357944463369131e-04 1.0e+01 1.01e-01  3e-02  2e-01 38:16.4
  266   3192 -6.871296884752602e-04 1.1e+01 7.44e-02  2e-02  1e-01 39:27.2
  274   3288 -1.653687334333286e-03 1.1e+01 6.95e-02  2e-02  1e-01 40:37.0
  282   3384 -2.329628960942948e-03 1.1e+01 5.43e-02  1e-02  8e-02 41:46.9
  290   3480 -2.582822388761155e-03 1.1e+01 3.77e-02  1e-02  5e-02 42:56.8
  298   3576 -2.714538972747631e-03 1.2e+01 2.97e-02  7e-03  4e-02 44:06.7
  300   3600 -2.689212415095137e-03 1.2e+01 3.07e-02  7e-03  4e-02 44:24.1
  309   3708 -2.770149614656242e-03 1.2e+01 2.33e-02  5e-03  3e-02 45:42.8
  318   3816 -2.811355506728329e-03 1.3e+01 1.95e-02  4e-03  2e-02 47:01.3
  327   3924 -2.841468015002800e-03 1.3e+01 1.45e-02  3e-03  2e-02 48:20.0
  336   4032 -2.892634135472186e-03 1.6e+01 1.68e-02  3e-03  2e-02 49:38.5
  345   4140 -2.906236970580919e-03 1.8e+01 1.61e-02  3e-03  2e-02 50:56.9
  354   4248 -2.967057579258876e-03 2.2e+01 2.21e-02  4e-03  3e-02 52:17.6
  363   4356 -2.999467226615849e-03 2.7e+01 2.54e-02  5e-03  4e-02 53:36.2
  372   4464 -2.998894627760873e-03 2.8e+01 2.06e-02  4e-03  3e-02 54:54.8
  381   4572 -3.009805285745025e-03 3.0e+01 1.65e-02  3e-03  3e-02 56:13.6
  391   4692 -3.013853199677808e-03 3.0e+01 9.35e-03  1e-03  1e-02 57:41.3
  400   4800 -3.018139764132634e-03 3.0e+01 9.29e-03  1e-03  1e-02 59:00.0
  410   4920 -3.020279917207536e-03 3.2e+01 7.83e-03  1e-03  1e-02 60:27.8
  420   5040 -3.023014462060723e-03 3.3e+01 9.89e-03  1e-03  1e-02 61:55.5
  430   5160 -3.030474851868587e-03 3.3e+01 1.30e-02  2e-03  2e-02 63:23.2
  440   5280 -3.039236022770461e-03 3.6e+01 1.80e-02  2e-03  3e-02 64:50.5
  450   5400 -3.047865644974468e-03 3.8e+01 2.08e-02  2e-03  3e-02 66:17.9
  460   5520 -3.067177604478183e-03 4.1e+01 1.81e-02  2e-03  3e-02 67:45.2
  470   5640 -3.068165910539299e-03 5.1e+01 2.19e-02  2e-03  4e-02 69:12.7
  481   5772 -3.081733158735341e-03 6.0e+01 1.66e-02  2e-03  3e-02 70:48.7
  492   5904 -3.085948196543843e-03 6.2e+01 1.15e-02  1e-03  2e-02 72:25.1
  500   6000 -3.088258858058950e-03 6.5e+01 1.05e-02  1e-03  2e-02 73:35.0
  511   6132 -3.089319848880496e-03 6.7e+01 9.06e-03  1e-03  2e-02 75:11.3
  522   6264 -3.089451559090372e-03 7.3e+01 7.44e-03  9e-04  1e-02 76:49.4
  533   6396 -3.090337396119727e-03 8.0e+01 6.00e-03  7e-04  1e-02 78:25.7
  544   6528 -3.090708083953566e-03 7.9e+01 6.65e-03  8e-04  1e-02 80:01.8
  555   6660 -3.091176680491589e-03 8.0e+01 5.63e-03  6e-04  9e-03 81:38.1
  566   6792 -3.091996631140282e-03 9.3e+01 1.05e-02  1e-03  2e-02 83:14.4
  578   6936 -3.092542017198472e-03 1.3e+02 1.14e-02  1e-03  2e-02 84:59.5
  590   7080 -3.094112994811971e-03 1.7e+02 1.17e-02  1e-03  3e-02 86:44.4
  600   7200 -3.095329772149327e-03 1.9e+02 1.13e-02  1e-03  3e-02 88:11.9
  612   7344 -3.096375478781087e-03 2.5e+02 1.52e-02  1e-03  5e-02 89:59.2
  624   7488 -3.097174204179225e-03 2.7e+02 9.07e-03  8e-04  3e-02 91:44.4
  636   7632 -3.097358631215217e-03 2.8e+02 8.07e-03  7e-04  3e-02 93:32.4
  648   7776 -3.097697767268305e-03 3.5e+02 6.41e-03  5e-04  2e-02 95:17.6
  660   7920 -3.097907816276446e-03 3.8e+02 4.79e-03  3e-04  2e-02 97:02.5
  672   8064 -3.098224954494733e-03 4.1e+02 6.51e-03  4e-04  2e-02 98:49.9
  685   8220 -3.098740880882472e-03 4.3e+02 9.59e-03  6e-04  4e-02 100:43.5
  698   8376 -3.099857832718882e-03 4.6e+02 9.38e-03  6e-04  3e-02 102:37.2
  700   8400 -3.100393113219360e-03 4.5e+02 1.04e-02  6e-04  4e-02 102:54.7
  713   8556 -3.104219211179246e-03 4.5e+02 2.25e-02  1e-03  8e-02 104:48.5
  726   8712 -3.108780668488235e-03 4.4e+02 5.86e-02  4e-03  2e-01 106:42.4
  739   8868 -3.118920342094692e-03 3.9e+02 6.51e-02  4e-03  2e-01 108:39.3
  752   9024 -3.157503033680538e-03 3.6e+02 7.85e-02  4e-03  2e-01 110:35.9
  765   9180 -3.179623060726237e-03 3.5e+02 7.16e-02  4e-03  2e-01 112:29.6
  779   9348 -3.204049689332962e-03 3.3e+02 6.44e-02  3e-03  2e-01 114:32.0
  793   9516 -3.217713767645467e-03 3.4e+02 5.73e-02  3e-03  2e-01 116:35.1
  800   9600 -3.231843304243845e-03 3.6e+02 6.59e-02  3e-03  2e-01 117:36.5
  814   9768 -3.241347187008751e-03 3.5e+02 5.00e-02  2e-03  1e-01 119:39.1
  828   9936 -3.250709303495907e-03 3.8e+02 3.72e-02  2e-03  1e-01 121:41.4
  842  10104 -3.256936027432055e-03 3.8e+02 4.47e-02  2e-03  1e-01 123:43.7
  856  10272 -3.276147734082851e-03 4.2e+02 6.29e-02  3e-03  2e-01 125:47.7
  870  10440 -3.292336607858487e-03 3.7e+02 6.17e-02  2e-03  2e-01 127:50.2
  884  10608 -3.301051674889432e-03 3.7e+02 4.94e-02  2e-03  1e-01 129:52.6
  899  10788 -3.318906371148554e-03 3.7e+02 6.57e-02  3e-03  2e-01 132:03.8
  900  10800 -3.315876895052179e-03 3.6e+02 6.00e-02  2e-03  2e-01 132:12.5
  915  10980 -3.322666166345799e-03 3.5e+02 3.65e-02  1e-03  9e-02 134:23.8
  930  11160 -3.328024548054674e-03 3.2e+02 3.32e-02  1e-03  7e-02 136:34.9
  945  11340 -3.332295818770228e-03 2.9e+02 4.44e-02  1e-03  9e-02 138:46.1
  960  11520 -3.336839200245413e-03 2.7e+02 8.31e-02  3e-03  2e-01 140:57.3
  975  11700 -3.343612731704688e-03 2.5e+02 7.18e-02  2e-03  1e-01 143:08.3
  990  11880 -3.350836767520062e-03 2.4e+02 5.90e-02  2e-03  9e-02 145:19.3
 1000  12000 -3.355437301153250e-03 2.6e+02 7.16e-02  2e-03  1e-01 146:48.0
Budget constraint satisfied 39.3990364074707 90.3499984741211 Difference:  50.95096206665039
Budget constraint satisfied 0.0 90.3499984741211 Difference:  90.3499984741211
two_most_probable_states: ['00001000', '00000000']
final_expectation_value: -0.0033554373011532496
params: [1.612522898372473, 2.9508210447858003, -2.2007756988581773, 5.006539754089968, -3.8068781234994398, 1.2322596393906853, -10.438225915999835, 6.44147074330711, -5.5763659347148735, -7.145206426012661, -7.992760148336324, 3.417050511526828, -3.119758813520776, 1.7480567020437539, 11.041068444002303, 4.878870913108462]
total_steps: 1000
states_probs: [0.1309125121301456, 0.2536550307940246]
optimized_portfolios: [{'BA': 0, 'CAT': 0, 'CRM': 0, 'CSCO': 0, 'DOW': 1, 'KO': 0, 'WMT': 0}, {'BA': 0, 'CAT': 0, 'CRM': 0, 'CSCO': 0, 'DOW': 0, 'KO': 0, 'WMT': 0}]
objective_values: [-3.4541164846668986, -0.0]
result_with_budget: [{'portfolio': {'BA': 0, 'CAT': 0, 'CRM': 0, 'CSCO': 0, 'DOW': 1, 'KO': 0, 'WMT': 0}, 'budget': 39.3990364074707, 'difference': 50.95096206665039}, {'portfolio': {'BA': 0, 'CAT': 0, 'CRM': 0, 'CSCO': 0, 'DOW': 0, 'KO': 0, 'WMT': 0}, 'budget': 0.0, 'difference': 90.3499984741211}]
Processing experiment 358
Budget: 386.44384002685547
Expected returns: 0.27413978660840893
Covariance matrix: 0.4124463049762448
3rd-order coskewness tensor: -0.0030541635637771594
4th-order cokurtosis tensor: 5.303625850699975
Number of qubits for asset AAPL: 1
Number of qubits for asset AXP: 1
Number of qubits for asset BA: 2
Number of qubits for asset MSFT: 1
Number of qubits for asset PG: 2
Number of qubits for asset TRV: 1
Number of qubits for asset WMT: 3
Total number of qubits:  11
Optimized Weights (considering variance, skewness and kurtosis):
AAPL: 25.55%
AXP: 12.80%
BA: 12.72%
MSFT: 2.43%
PG: 11.60%
TRV: 3.96%
WMT: 30.95%
Left over budget:  45.94886744652496
Optimized Discrete Allocation:
AAPL: 1
WMT: 1
Maximized utility from continuous higher moments:  -7.764341219159826
Budget constraint satisfied 386.44384002685547 386.44384002685547 Difference:  0.0
Budget constraint not satisfied 406.5424041748047 386.44384002685547 Difference:  -20.09856414794922
smallest_eigenvalues: [-0.02457287914565196]
smallest_bitstrings: ['01000000100']
first_excited_energy: -0.024503490568333376
optimized_portfolio: [{'AAPL': 0, 'AXP': 1, 'BA': 0, 'MSFT': 0, 'PG': 0, 'TRV': 0, 'WMT': 1}]
second_optimized_portfolio: [{'AAPL': 0, 'AXP': 0, 'BA': 0, 'MSFT': 0, 'PG': 1, 'TRV': 1, 'WMT': 0}]
result_with_budget: [{'portfolio': {'AAPL': 0, 'AXP': 1, 'BA': 0, 'MSFT': 0, 'PG': 0, 'TRV': 0, 'WMT': 1}, 'budget': 386.44384002685547, 'difference': 0.0, 'objective_value': -9.563633944397557}]
result_with_budget_excited: [{'portfolio': {'AAPL': 0, 'AXP': 0, 'BA': 0, 'MSFT': 0, 'PG': 1, 'TRV': 1, 'WMT': 0}, 'budget': 406.5424041748047, 'difference': -20.09856414794922, 'objective_value': -16.71015513599381}]
Initial params:  [1.57380941 0.36462248 2.37554859 1.3285877  1.40107959 0.90721842
 2.71960875 0.9854646  1.88110825 1.51110047 1.23950186 0.40939536
 0.301789   1.35410006 3.10379896 2.11249582 0.15689573 1.57378636
 0.19834233 1.96283856]
(6_w,12)-aCMA-ES (mu_w=3.7,w_1=40%) in dimension 20 (seed=272305, Sun Mar 16 13:48:28 2025)
Iterat #Fevals   function value  axis ratio  sigma  min&max std  t[m:s]
    1     12 -4.773453628452708e-04 1.0e+00 1.37e+00  1e+00  1e+00 0:40.6
    2     24 -1.602204731789623e-03 1.1e+00 1.30e+00  1e+00  1e+00 1:21.1
    3     36 5.724663520558166e-04 1.1e+00 1.23e+00  1e+00  1e+00 2:01.8
    4     48 -1.316795753133068e-02 1.2e+00 1.18e+00  1e+00  1e+00 2:42.4
    5     60 4.264756719134706e-03 1.2e+00 1.16e+00  1e+00  1e+00 3:23.1
    6     72 -3.205695734140382e-03 1.2e+00 1.13e+00  1e+00  1e+00 4:03.8
    7     84 -4.803082173524452e-03 1.2e+00 1.13e+00  1e+00  1e+00 4:44.4
    8     96 2.972065182828643e-04 1.3e+00 1.12e+00  1e+00  1e+00 5:25.0
    9    108 -5.388113938865059e-03 1.3e+00 1.07e+00  1e+00  1e+00 6:05.5
   10    120 1.057611169535080e-02 1.3e+00 1.01e+00  1e+00  1e+00 6:46.1
   11    132 1.662584424338383e-02 1.3e+00 9.47e-01  9e-01  1e+00 7:26.7
   12    144 5.220599596805205e-02 1.3e+00 9.16e-01  9e-01  9e-01 8:07.2
   13    156 9.322667261347978e-03 1.3e+00 8.88e-01  8e-01  9e-01 8:47.7
   14    168 4.228916901300781e-02 1.3e+00 8.42e-01  8e-01  9e-01 9:28.2
   15    180 1.511675159310296e-02 1.3e+00 8.32e-01  8e-01  9e-01 10:09.0
   16    192 5.411603071765384e-02 1.3e+00 8.50e-01  8e-01  9e-01 10:51.1
   17    204 -2.343430535742897e-03 1.3e+00 8.39e-01  8e-01  9e-01 11:31.8
   18    216 -1.236317585023971e-02 1.3e+00 8.26e-01  8e-01  8e-01 12:12.3
   19    228 3.683430811810386e-03 1.4e+00 8.23e-01  8e-01  8e-01 12:52.8
   20    240 3.900844004046861e-02 1.4e+00 8.12e-01  8e-01  8e-01 13:33.2
   21    252 -1.269605414002386e-02 1.4e+00 8.04e-01  8e-01  8e-01 14:13.5
   22    264 -6.347053751446016e-03 1.4e+00 7.86e-01  8e-01  8e-01 14:54.0
   23    276 -1.736693398959163e-03 1.4e+00 7.62e-01  7e-01  8e-01 15:34.4
   24    288 -7.823713670882733e-04 1.4e+00 7.43e-01  7e-01  8e-01 16:14.7
   25    300 -5.223520471375693e-03 1.4e+00 7.44e-01  7e-01  8e-01 16:55.2
   26    312 -1.092791981755191e-02 1.5e+00 7.45e-01  7e-01  8e-01 17:35.7
   27    324 -1.360955946213550e-03 1.5e+00 7.36e-01  7e-01  8e-01 18:15.9
   28    336 3.462047027388256e-02 1.5e+00 7.16e-01  7e-01  7e-01 18:56.2
   29    348 -1.413574492955810e-02 1.5e+00 7.21e-01  7e-01  7e-01 19:36.5
   30    360 9.114201730689267e-03 1.5e+00 7.02e-01  7e-01  7e-01 20:17.0
   31    372 1.052543644373145e-02 1.5e+00 6.84e-01  6e-01  7e-01 20:57.3
   32    384 1.530022347015498e-02 1.5e+00 6.71e-01  6e-01  7e-01 21:37.8
   33    396 -8.003545068981880e-03 1.5e+00 6.66e-01  6e-01  7e-01 22:18.2
   34    408 4.976987790128474e-03 1.5e+00 6.58e-01  6e-01  7e-01 22:58.5
   35    420 -1.304650319184491e-02 1.5e+00 6.35e-01  6e-01  7e-01 23:38.7
   36    432 -1.464196587442088e-02 1.5e+00 6.35e-01  6e-01  7e-01 24:19.0
   37    444 8.615767546825887e-03 1.5e+00 6.47e-01  6e-01  7e-01 24:59.5
   38    456 4.183959787294409e-03 1.5e+00 6.49e-01  6e-01  7e-01 25:40.1
   39    468 -9.844382454945283e-03 1.5e+00 6.56e-01  6e-01  7e-01 26:20.4
   40    480 1.396883659720635e-02 1.6e+00 6.45e-01  6e-01  7e-01 27:00.8
   41    492 -9.536862156819230e-03 1.6e+00 6.37e-01  6e-01  7e-01 27:41.1
   43    516 -8.659431657848240e-03 1.6e+00 6.25e-01  6e-01  7e-01 29:02.2
   45    540 -1.207649763689858e-02 1.7e+00 6.16e-01  6e-01  7e-01 30:23.4
   47    564 -1.097596812643530e-02 1.7e+00 6.25e-01  6e-01  7e-01 31:44.2
   49    588 7.809848491571701e-03 1.7e+00 6.62e-01  6e-01  7e-01 33:05.5
   51    612 1.858008433555622e-02 1.8e+00 6.71e-01  6e-01  7e-01 34:26.3
   53    636 -9.350278778087334e-03 1.9e+00 6.77e-01  6e-01  7e-01 35:47.0
   55    660 -1.211533209355424e-02 1.9e+00 6.43e-01  6e-01  7e-01 37:07.7
   57    684 -1.329210225822188e-02 2.0e+00 6.03e-01  5e-01  6e-01 38:30.0
   59    708 2.587671844524989e-02 2.0e+00 5.77e-01  5e-01  6e-01 39:50.8
   61    732 -9.627080276218534e-03 1.9e+00 5.67e-01  5e-01  6e-01 41:11.8
   63    756 5.753117941876524e-04 1.9e+00 5.58e-01  5e-01  6e-01 42:32.4
   65    780 -2.172639633812474e-03 1.9e+00 5.91e-01  5e-01  7e-01 43:53.4
   67    804 -8.152093366014487e-03 2.0e+00 5.78e-01  5e-01  6e-01 45:14.1
   69    828 -1.295219041922250e-02 2.0e+00 5.77e-01  5e-01  6e-01 46:37.7
   71    852 4.601195987568028e-02 2.1e+00 5.42e-01  5e-01  6e-01 47:58.7
   73    876 8.802776942762045e-04 2.1e+00 4.98e-01  4e-01  6e-01 49:19.3
   75    900 -1.343788263875612e-02 2.1e+00 4.69e-01  4e-01  5e-01 50:41.6
   77    924 -7.158950818866546e-03 2.1e+00 5.04e-01  4e-01  6e-01 52:02.2
   79    948 1.934730385903685e-02 2.3e+00 5.65e-01  5e-01  6e-01 53:23.2
   81    972 -1.560406382246153e-02 2.4e+00 6.56e-01  5e-01  7e-01 54:43.7
   83    996 -1.475984243739934e-02 2.5e+00 6.89e-01  6e-01  8e-01 56:04.4
   85   1020 -6.361666981708682e-03 2.5e+00 6.98e-01  6e-01  8e-01 57:25.5
   87   1044 -5.234546251801193e-04 2.5e+00 7.08e-01  6e-01  8e-01 58:46.1
   89   1068 2.002341935145171e-03 2.5e+00 6.78e-01  5e-01  8e-01 60:07.0
   91   1092 -1.296402902994595e-02 2.6e+00 6.60e-01  5e-01  7e-01 61:27.7
   93   1116 -1.178922113046849e-02 2.6e+00 6.44e-01  5e-01  7e-01 62:48.4
   95   1140 -1.299944101257544e-02 2.6e+00 6.13e-01  5e-01  7e-01 64:09.1
   97   1164 -3.077065180460904e-03 2.6e+00 5.85e-01  5e-01  7e-01 65:29.8
   99   1188 -1.435062596909261e-02 2.6e+00 5.50e-01  4e-01  6e-01 66:50.8
  100   1200 -1.020825036169675e-02 2.6e+00 5.55e-01  4e-01  6e-01 67:31.4
  102   1224 -1.234196475526559e-02 2.6e+00 5.28e-01  4e-01  6e-01 68:52.4
  104   1248 -4.658224166504556e-03 2.7e+00 5.00e-01  4e-01  6e-01 70:13.4
  106   1272 -7.370677832375197e-03 2.7e+00 4.79e-01  4e-01  5e-01 71:34.3
  108   1296 -1.046171047983050e-04 2.7e+00 4.92e-01  4e-01  5e-01 72:54.8
  110   1320 3.750591970165720e-03 2.7e+00 5.32e-01  4e-01  6e-01 74:15.6
  112   1344 -9.218820325349106e-03 2.8e+00 5.19e-01  4e-01  6e-01 75:36.2
  114   1368 -1.240318807246722e-02 2.7e+00 5.48e-01  4e-01  6e-01 76:57.0
  116   1392 -5.363444706689776e-03 2.7e+00 5.92e-01  4e-01  7e-01 78:17.6
  118   1416 -1.492132544865942e-02 2.8e+00 6.04e-01  4e-01  7e-01 79:38.2
  120   1440 -7.722770875724413e-04 2.8e+00 5.51e-01  4e-01  6e-01 80:58.7
  123   1476 -1.471527826818473e-02 2.9e+00 5.68e-01  4e-01  6e-01 83:00.0
  126   1512 -1.336132942400617e-02 2.9e+00 5.28e-01  4e-01  6e-01 85:01.2
  129   1548 5.056262860011847e-02 2.8e+00 4.82e-01  3e-01  5e-01 87:03.1
  132   1584 -1.214275972740074e-02 2.9e+00 5.05e-01  3e-01  6e-01 89:04.6
  135   1620 1.636105317851231e-03 2.9e+00 5.03e-01  3e-01  6e-01 91:07.1
  138   1656 -1.394380286817449e-02 2.9e+00 4.98e-01  3e-01  6e-01 93:08.1
  141   1692 -5.061555078423373e-03 2.9e+00 4.55e-01  3e-01  5e-01 95:09.2
  144   1728 -4.230509307688270e-03 3.0e+00 4.40e-01  3e-01  5e-01 97:10.6
  147   1764 2.526728254440463e-02 3.0e+00 4.18e-01  3e-01  5e-01 99:13.1
  150   1800 1.902514098908870e-03 3.1e+00 3.75e-01  2e-01  4e-01 101:14.2
  153   1836 -1.233336391333024e-03 3.1e+00 3.43e-01  2e-01  4e-01 103:15.4
  156   1872 -1.213443169007059e-02 3.2e+00 2.97e-01  2e-01  3e-01 105:16.3
  159   1908 -8.047467304092523e-03 3.3e+00 2.51e-01  2e-01  3e-01 107:17.6
  162   1944 -1.383838504964911e-02 3.2e+00 2.47e-01  2e-01  3e-01 109:18.9
  165   1980 -1.445252469687324e-02 3.2e+00 2.34e-01  1e-01  3e-01 111:20.4
  168   2016 -1.134570289544432e-02 3.2e+00 2.29e-01  1e-01  3e-01 113:21.9
  171   2052 -1.127777826015591e-02 3.2e+00 2.42e-01  2e-01  3e-01 115:25.9
  174   2088 -1.031205542143079e-02 3.3e+00 2.35e-01  1e-01  3e-01 117:27.3
  177   2124 -1.419598835196948e-02 3.5e+00 2.28e-01  1e-01  3e-01 119:29.2
  180   2160 -1.133471046973412e-02 3.6e+00 2.08e-01  1e-01  3e-01 121:31.2
  183   2196 -1.314432866503004e-02 3.7e+00 1.86e-01  1e-01  2e-01 123:32.8
  186   2232 -1.521250525688386e-02 3.7e+00 1.72e-01  1e-01  2e-01 125:34.5
  189   2268 -1.297624601540207e-02 3.7e+00 1.63e-01  1e-01  2e-01 127:36.5
  192   2304 -1.196417555870601e-02 3.7e+00 1.61e-01  1e-01  2e-01 129:37.7
  195   2340 -1.611260390026385e-02 3.8e+00 1.61e-01  1e-01  2e-01 131:39.0
  198   2376 -1.328571799290960e-02 3.9e+00 1.65e-01  1e-01  2e-01 133:40.4
  200   2400 -1.241918005170108e-02 4.0e+00 1.77e-01  1e-01  2e-01 135:01.4
  203   2436 -1.292065594333111e-02 4.0e+00 1.94e-01  1e-01  2e-01 137:02.7
  206   2472 -1.312556639110369e-02 4.1e+00 1.89e-01  1e-01  2e-01 139:04.4
  209   2508 -1.368501341873882e-02 4.1e+00 1.77e-01  1e-01  2e-01 141:06.0
  212   2544 -1.268812639919257e-02 4.2e+00 1.67e-01  1e-01  2e-01 143:07.3
  215   2580 -1.318154995381475e-02 4.2e+00 1.51e-01  9e-02  2e-01 145:08.7
  218   2616 -1.334193209743754e-02 4.2e+00 1.39e-01  8e-02  2e-01 147:09.9
  221   2652 -1.367018135734060e-02 4.3e+00 1.20e-01  7e-02  2e-01 149:11.2
  224   2688 -1.366681809241067e-02 4.4e+00 1.10e-01  6e-02  1e-01 151:12.8
  227   2724 -1.372293419977859e-02 4.4e+00 9.43e-02  6e-02  1e-01 153:14.0
  230   2760 -1.409692681219391e-02 4.4e+00 8.51e-02  5e-02  1e-01 155:15.6
  233   2796 -1.447338023249070e-02 4.4e+00 8.52e-02  5e-02  1e-01 157:17.1
  236   2832 -1.455153310737087e-02 4.5e+00 7.75e-02  5e-02  1e-01 159:18.5
  239   2868 -1.470426662616844e-02 4.6e+00 7.13e-02  4e-02  9e-02 161:19.9
  242   2904 -1.503774605160698e-02 4.6e+00 7.13e-02  4e-02  9e-02 163:21.3
  246   2952 -1.514582765036556e-02 4.7e+00 6.89e-02  4e-02  9e-02 166:03.2
  250   3000 -1.535621875812555e-02 4.9e+00 6.65e-02  4e-02  9e-02 168:45.4
  254   3048 -1.552299276507918e-02 5.2e+00 6.26e-02  4e-02  8e-02 171:27.1
  258   3096 -1.615474605109678e-02 5.3e+00 5.20e-02  3e-02  7e-02 174:10.0
  262   3144 -1.600307688053100e-02 5.6e+00 5.14e-02  3e-02  7e-02 176:51.7
  266   3192 -1.579270780151354e-02 5.7e+00 4.42e-02  3e-02  6e-02 179:33.4
  270   3240 -1.610697443715256e-02 6.0e+00 4.65e-02  3e-02  6e-02 182:15.4
  274   3288 -1.619603437445043e-02 6.1e+00 4.43e-02  3e-02  6e-02 184:56.5
  278   3336 -1.648096762748524e-02 6.4e+00 4.46e-02  3e-02  6e-02 187:37.8
  282   3384 -1.627159827098747e-02 6.7e+00 4.34e-02  3e-02  6e-02 190:19.3
  286   3432 -1.644083699663535e-02 7.0e+00 4.16e-02  3e-02  5e-02 193:00.7
  290   3480 -1.640702275182938e-02 6.9e+00 3.88e-02  2e-02  5e-02 195:42.5
  294   3528 -1.655377651851700e-02 7.3e+00 3.82e-02  2e-02  5e-02 198:24.4
  298   3576 -1.656885312641206e-02 7.6e+00 3.89e-02  2e-02  5e-02 201:06.1
  300   3600 -1.670731533524970e-02 7.6e+00 3.71e-02  2e-02  5e-02 202:26.8
  304   3648 -1.672328862908038e-02 7.9e+00 3.98e-02  2e-02  5e-02 205:08.6
  308   3696 -1.677793052501823e-02 8.3e+00 4.15e-02  2e-02  5e-02 207:50.1
  312   3744 -1.687840796778355e-02 8.6e+00 3.66e-02  2e-02  5e-02 210:31.9
  316   3792 -1.691577959450947e-02 9.0e+00 3.26e-02  2e-02  4e-02 213:13.0
  320   3840 -1.704091271998519e-02 9.5e+00 3.13e-02  2e-02  4e-02 215:54.2
  324   3888 -1.707104142805855e-02 1.0e+01 2.85e-02  2e-02  3e-02 218:36.1
  328   3936 -1.723460822545222e-02 1.1e+01 3.49e-02  2e-02  4e-02 221:18.2
  332   3984 -1.718360238052676e-02 1.2e+01 4.50e-02  2e-02  6e-02 224:00.3
  336   4032 -1.729954456527825e-02 1.3e+01 5.09e-02  3e-02  7e-02 226:41.6
  340   4080 -1.751048564720468e-02 1.5e+01 5.95e-02  3e-02  9e-02 229:23.2
  344   4128 -1.759627789260017e-02 1.7e+01 5.81e-02  3e-02  9e-02 232:04.9
  348   4176 -1.774599619521017e-02 1.8e+01 6.01e-02  3e-02  9e-02 234:46.2
  352   4224 -1.792897062503132e-02 1.9e+01 6.74e-02  3e-02  1e-01 237:27.7
  356   4272 -1.778477226964698e-02 2.0e+01 7.07e-02  3e-02  1e-01 240:09.2
  360   4320 -1.781250507767050e-02 2.1e+01 7.86e-02  4e-02  1e-01 242:50.6
  364   4368 -1.768066758810888e-02 2.2e+01 8.40e-02  4e-02  1e-01 245:32.6
  368   4416 -1.794905282039964e-02 2.4e+01 7.51e-02  3e-02  1e-01 248:16.5
  372   4464 -1.801754958243339e-02 2.5e+01 7.86e-02  4e-02  1e-01 250:58.0
  376   4512 -1.814830625859449e-02 2.7e+01 7.19e-02  3e-02  1e-01 253:39.4
  380   4560 -1.816579711142789e-02 2.8e+01 6.96e-02  3e-02  1e-01 256:21.2
  384   4608 -1.829744448816695e-02 2.9e+01 8.00e-02  4e-02  1e-01 259:03.4
  388   4656 -1.848236571786306e-02 3.0e+01 1.05e-01  4e-02  2e-01 261:44.9
  392   4704 -1.830117225523877e-02 3.1e+01 1.11e-01  5e-02  2e-01 264:26.3
  396   4752 -1.847794706576023e-02 3.1e+01 1.06e-01  4e-02  2e-01 267:07.2
  400   4800 -1.845322076309520e-02 3.2e+01 9.62e-02  4e-02  2e-01 269:48.3
  405   4860 -1.851620499617469e-02 3.4e+01 8.80e-02  4e-02  2e-01 273:09.8
  410   4920 -1.863866172950459e-02 3.5e+01 7.85e-02  3e-02  1e-01 276:31.5
  415   4980 -1.872367631913311e-02 3.6e+01 6.14e-02  2e-02  1e-01 279:52.6
  420   5040 -1.888533050380956e-02 3.7e+01 5.30e-02  2e-02  9e-02 283:14.3
  425   5100 -1.899008871353502e-02 4.0e+01 5.49e-02  2e-02  1e-01 286:36.0
  430   5160 -1.895281378555271e-02 4.0e+01 4.66e-02  2e-02  8e-02 289:57.7
  435   5220 -1.897326975011475e-02 4.1e+01 3.67e-02  1e-02  6e-02 293:19.0
  440   5280 -1.904390515162033e-02 4.3e+01 3.13e-02  1e-02  6e-02 296:40.5
  445   5340 -1.903989237925216e-02 4.5e+01 3.25e-02  1e-02  6e-02 300:02.4
  450   5400 -1.906389287592281e-02 4.8e+01 3.65e-02  1e-02  6e-02 303:24.6
  455   5460 -1.911727502274884e-02 5.0e+01 3.81e-02  1e-02  7e-02 306:46.5
  460   5520 -1.918936896247530e-02 5.1e+01 3.70e-02  1e-02  7e-02 310:08.4
  465   5580 -1.919046570263268e-02 5.4e+01 3.49e-02  1e-02  6e-02 313:30.8
  470   5640 -1.926825022157144e-02 5.7e+01 3.90e-02  1e-02  7e-02 316:52.7
  475   5700 -1.929841246896100e-02 6.0e+01 5.19e-02  1e-02  1e-01 320:13.9
  480   5760 -1.931192078008396e-02 6.3e+01 5.17e-02  1e-02  1e-01 323:35.6
  485   5820 -1.933165997200043e-02 6.5e+01 3.89e-02  1e-02  8e-02 326:57.7
  490   5880 -1.938998086654806e-02 6.3e+01 4.46e-02  1e-02  9e-02 330:19.7
  495   5940 -1.944504866747471e-02 6.6e+01 5.69e-02  1e-02  1e-01 333:41.0
  500   6000 -1.958799260297675e-02 6.7e+01 6.88e-02  2e-02  1e-01 337:03.5
  505   6060 -1.970628893964940e-02 6.9e+01 5.98e-02  1e-02  1e-01 340:26.0
  510   6120 -1.969493131709996e-02 6.9e+01 6.48e-02  2e-02  1e-01 343:48.6
  515   6180 -1.987628737355996e-02 7.1e+01 7.26e-02  2e-02  2e-01 347:10.4
  520   6240 -1.988655458473215e-02 7.8e+01 8.76e-02  2e-02  2e-01 350:32.5
  525   6300 -2.002721444165729e-02 8.1e+01 8.92e-02  2e-02  2e-01 353:54.6
  530   6360 -2.025535496464113e-02 8.5e+01 8.90e-02  2e-02  2e-01 357:17.1
  535   6420 -2.028159939560502e-02 8.9e+01 9.17e-02  2e-02  2e-01 360:39.2
  540   6480 -2.029042299566520e-02 8.9e+01 8.10e-02  2e-02  2e-01 364:01.3
  545   6540 -2.030013699713288e-02 9.0e+01 7.61e-02  2e-02  2e-01 367:24.3
  550   6600 -2.043132194968473e-02 9.0e+01 5.80e-02  1e-02  1e-01 370:46.6
  555   6660 -2.049704250163072e-02 9.0e+01 5.30e-02  1e-02  1e-01 374:09.1
  560   6720 -2.049330023646248e-02 9.3e+01 5.84e-02  1e-02  1e-01 377:31.5
  565   6780 -2.053717691373105e-02 9.6e+01 4.63e-02  1e-02  1e-01 380:53.9
  570   6840 -2.053006833545485e-02 9.6e+01 4.04e-02  9e-03  1e-01 384:16.6
  575   6900 -2.055356812508694e-02 9.5e+01 3.38e-02  7e-03  8e-02 387:38.6
  580   6960 -2.057820701012821e-02 9.4e+01 3.36e-02  7e-03  8e-02 391:01.0
  585   7020 -2.058516312089319e-02 9.5e+01 3.83e-02  8e-03  9e-02 394:23.9
  590   7080 -2.058994147057442e-02 9.5e+01 3.64e-02  8e-03  9e-02 397:47.7
  595   7140 -2.060865778967515e-02 9.8e+01 3.46e-02  7e-03  9e-02 401:10.0
  600   7200 -2.062987169118092e-02 9.9e+01 3.01e-02  6e-03  8e-02 404:32.8
  605   7260 -2.065630555892191e-02 1.0e+02 3.46e-02  7e-03  9e-02 407:55.7
  611   7332 -2.069719846214529e-02 1.0e+02 5.11e-02  1e-02  1e-01 411:58.4
  617   7404 -2.072265379126057e-02 1.1e+02 5.31e-02  1e-02  1e-01 416:01.1
  623   7476 -2.073575222814243e-02 1.1e+02 5.25e-02  1e-02  1e-01 420:04.0
  629   7548 -2.075730069898674e-02 1.1e+02 4.90e-02  1e-02  1e-01 424:07.0
  635   7620 -2.077985669449249e-02 1.1e+02 4.91e-02  1e-02  1e-01 428:09.3
  641   7692 -2.079297222617553e-02 1.0e+02 4.52e-02  9e-03  1e-01 432:11.8
  647   7764 -2.082575756371641e-02 1.0e+02 4.14e-02  8e-03  9e-02 436:14.7
  653   7836 -2.088371150512290e-02 1.1e+02 4.54e-02  8e-03  1e-01 440:17.9
  659   7908 -2.087407724300038e-02 1.1e+02 5.15e-02  9e-03  1e-01 444:20.5
  665   7980 -2.089258419090146e-02 1.1e+02 4.50e-02  8e-03  1e-01 448:23.4
  671   8052 -2.093733517236797e-02 1.2e+02 4.62e-02  7e-03  1e-01 452:26.3
  677   8124 -2.096090825994014e-02 1.1e+02 5.41e-02  9e-03  2e-01 456:28.9
  683   8196 -2.098083086638618e-02 1.2e+02 7.32e-02  1e-02  2e-01 460:31.5
  689   8268 -2.099023733656761e-02 1.2e+02 8.00e-02  1e-02  3e-01 464:34.7
  695   8340 -2.101250735198165e-02 1.2e+02 6.63e-02  1e-02  2e-01 468:37.4
  700   8400 -2.101298914703298e-02 1.3e+02 6.07e-02  9e-03  2e-01 472:00.3
  706   8472 -2.101949476563159e-02 1.2e+02 5.90e-02  9e-03  2e-01 476:02.8
  712   8544 -2.104194530315098e-02 1.3e+02 4.58e-02  7e-03  1e-01 480:05.9
  718   8616 -2.104168026437913e-02 1.2e+02 4.13e-02  6e-03  1e-01 484:08.5
  724   8688 -2.105071412194921e-02 1.3e+02 4.13e-02  6e-03  1e-01 488:11.5
  730   8760 -2.105763822512509e-02 1.3e+02 3.75e-02  5e-03  1e-01 492:13.9
  736   8832 -2.107193106853464e-02 1.3e+02 4.04e-02  5e-03  1e-01 496:16.4
  742   8904 -2.106467247517043e-02 1.4e+02 3.86e-02  5e-03  1e-01 500:22.3
  748   8976 -2.107556991302762e-02 1.4e+02 3.53e-02  5e-03  1e-01 504:25.3
  754   9048 -2.108686217002556e-02 1.5e+02 3.35e-02  4e-03  1e-01 508:28.1
  760   9120 -2.109629231413261e-02 1.5e+02 4.13e-02  5e-03  1e-01 512:30.9
  766   9192 -2.109950180957184e-02 1.5e+02 3.46e-02  5e-03  1e-01 516:34.1
  772   9264 -2.111613335116098e-02 1.6e+02 3.97e-02  5e-03  1e-01 520:36.9
  778   9336 -2.111851419342612e-02 1.6e+02 4.25e-02  6e-03  1e-01 524:39.7
  784   9408 -2.112352024301606e-02 1.7e+02 4.26e-02  6e-03  2e-01 528:42.5
  790   9480 -2.113578129646003e-02 1.7e+02 3.67e-02  5e-03  1e-01 532:45.4
  796   9552 -2.114036695952683e-02 1.8e+02 3.48e-02  5e-03  1e-01 536:47.7
  800   9600 -2.114505897647078e-02 1.8e+02 3.48e-02  4e-03  1e-01 539:29.5
  806   9672 -2.114962003921889e-02 1.9e+02 3.38e-02  4e-03  1e-01 543:32.2
  812   9744 -2.115444718496440e-02 1.9e+02 3.83e-02  5e-03  1e-01 547:35.5
  818   9816 -2.115819919222726e-02 1.9e+02 3.98e-02  5e-03  2e-01 551:38.3
  824   9888 -2.116290722172690e-02 2.0e+02 3.31e-02  4e-03  1e-01 555:41.0
  830   9960 -2.116445590345575e-02 2.0e+02 2.60e-02  3e-03  1e-01 559:43.8
  836  10032 -2.116916883334069e-02 2.0e+02 2.20e-02  3e-03  8e-02 563:46.5
  842  10104 -2.117117101164041e-02 2.0e+02 2.61e-02  3e-03  1e-01 567:49.3
  849  10188 -2.117335916038376e-02 2.0e+02 2.87e-02  3e-03  1e-01 572:32.7
  856  10272 -2.117958869356636e-02 2.1e+02 2.91e-02  3e-03  1e-01 577:16.3
  862  10344 -2.118280849641046e-02 2.1e+02 2.81e-02  3e-03  1e-01 581:22.0
  869  10428 -2.118882643105547e-02 2.1e+02 2.51e-02  3e-03  9e-02 586:05.2
  876  10512 -2.119377526733337e-02 2.3e+02 2.73e-02  3e-03  1e-01 590:48.1
  883  10596 -2.119770735791847e-02 2.4e+02 3.38e-02  4e-03  1e-01 595:31.9
  890  10680 -2.120515679858222e-02 2.5e+02 3.80e-02  4e-03  1e-01 600:15.7
  897  10764 -2.121571486444759e-02 2.7e+02 3.45e-02  4e-03  1e-01 605:00.5
  900  10800 -2.122107902253043e-02 2.9e+02 3.14e-02  3e-03  1e-01 607:01.9
  907  10884 -2.123159792013331e-02 3.0e+02 3.23e-02  3e-03  1e-01 611:47.1
  914  10968 -2.125329427351743e-02 3.4e+02 5.12e-02  5e-03  2e-01 616:30.4
  921  11052 -2.126896592383515e-02 3.5e+02 5.18e-02  5e-03  2e-01 621:13.0
  928  11136 -2.128573104413969e-02 3.8e+02 4.72e-02  5e-03  2e-01 625:56.1
  935  11220 -2.130167914528362e-02 4.0e+02 5.27e-02  5e-03  3e-01 630:38.5
  942  11304 -2.132704818145234e-02 4.2e+02 6.64e-02  7e-03  3e-01 635:22.4
  949  11388 -2.132814185376565e-02 4.1e+02 5.04e-02  5e-03  3e-01 640:07.3
  956  11472 -2.134505170543987e-02 4.1e+02 5.29e-02  5e-03  3e-01 644:51.3
  963  11556 -2.136017166568218e-02 4.1e+02 4.54e-02  4e-03  2e-01 649:36.1
  970  11640 -2.136597192425514e-02 3.9e+02 4.44e-02  4e-03  2e-01 654:21.3
  977  11724 -2.138773791945495e-02 4.0e+02 5.05e-02  5e-03  3e-01 659:05.8
  984  11808 -2.139827119573112e-02 4.0e+02 5.19e-02  5e-03  3e-01 663:50.5
  991  11892 -2.140765968203712e-02 4.0e+02 5.10e-02  4e-03  3e-01 668:36.2
  998  11976 -2.141311835693509e-02 4.0e+02 4.65e-02  4e-03  2e-01 673:22.1
 1000  12000 -2.141075439979344e-02 4.0e+02 4.78e-02  4e-03  2e-01 674:43.9
Budget constraint satisfied 239.9084930419922 386.44384002685547 Difference:  146.53534698486328
Budget constraint satisfied 250.1449737548828 386.44384002685547 Difference:  136.29886627197266
two_most_probable_states: ['00000001000', '10000000000']
final_expectation_value: -0.021415492878221285
params: [6.803396788867652, -6.562788650883932, 17.447138599747433, -6.582602488489548, -4.733530809995347, 0.8906168569140696, 7.832821440219446, -2.5227383830648895, -8.316373208225059, -5.341651195191911, -4.352990411515072, 0.5676573131555948, -2.003925562912357, -2.29101572664818, 5.254841366934501, 5.353604046238385, -2.1999606015733675, 3.5030210800400394, 3.0697166771294477, 4.737992448296626]
total_steps: 1000
states_probs: [0.036627663812085064, 0.03662857889172271]
optimized_portfolios: [{'AAPL': 0, 'AXP': 0, 'BA': 0, 'MSFT': 0, 'PG': 0, 'TRV': 1, 'WMT': 0}, {'AAPL': 1, 'AXP': 0, 'BA': 0, 'MSFT': 0, 'PG': 0, 'TRV': 0, 'WMT': 0}]
objective_values: [-5.0572334718505, -1.8903405265109765]
result_with_budget: [{'portfolio': {'AAPL': 0, 'AXP': 0, 'BA': 0, 'MSFT': 0, 'PG': 0, 'TRV': 1, 'WMT': 0}, 'budget': 239.9084930419922, 'difference': 146.53534698486328}, {'portfolio': {'AAPL': 1, 'AXP': 0, 'BA': 0, 'MSFT': 0, 'PG': 0, 'TRV': 0, 'WMT': 0}, 'budget': 250.1449737548828, 'difference': 136.29886627197266}]
Processing experiment 359
Budget: 334.3299865722656
Expected returns: 0.23487817859665058
Covariance matrix: 0.39758994613770743
3rd-order coskewness tensor: 0.33614304495540004
4th-order cokurtosis tensor: 14.693580166138162
Number of qubits for asset CRM: 1
Number of qubits for asset GS: 1
Number of qubits for asset HON: 1
Number of qubits for asset MCD: 1
Number of qubits for asset MRK: 2
Number of qubits for asset PG: 2
Number of qubits for asset V: 1
Total number of qubits:  9
Optimized Weights (considering variance, skewness and kurtosis):
CRM: 33.97%
GS: 12.43%
HON: 3.02%
MCD: 0.00%
MRK: 28.28%
PG: 22.30%
V: 0.00%
Left over budget:  68.21607203935957
Optimized Discrete Allocation:
MRK: 1
PG: 1
Maximized utility from continuous higher moments:  -9.349222897853718
Budget constraint satisfied 334.3299865722656 334.3299865722656 Difference:  0.0
Budget constraint satisfied 333.267822265625 334.3299865722656 Difference:  1.062164306640625
smallest_eigenvalues: [-0.02367517272147605]
smallest_bitstrings: ['100000000']
first_excited_energy: -0.02365952292568894
optimized_portfolio: [{'CRM': 1, 'GS': 0, 'HON': 0, 'MCD': 0, 'MRK': 0, 'PG': 0, 'V': 0}]
second_optimized_portfolio: [{'CRM': 0, 'GS': 0, 'HON': 0, 'MCD': 0, 'MRK': 0, 'PG': 2, 'V': 0}]
result_with_budget: [{'portfolio': {'CRM': 1, 'GS': 0, 'HON': 0, 'MCD': 0, 'MRK': 0, 'PG': 0, 'V': 0}, 'budget': 334.3299865722656, 'difference': 0.0, 'objective_value': -2.9337478196929196}]
result_with_budget_excited: [{'portfolio': {'CRM': 0, 'GS': 0, 'HON': 0, 'MCD': 0, 'MRK': 0, 'PG': 2, 'V': 0}, 'budget': 333.267822265625, 'difference': 1.062164306640625, 'objective_value': -29.728969004010004}]
Initial params:  [1.01535648 2.9928216  0.55403375 2.8890211  1.12795145 0.02589257
 0.75780563 1.8481729  2.02813473 1.15484048 2.94721192 0.29094031
 1.53401077 2.57265673 1.68118863 0.4365934  1.59209873 1.17277249]
(6_w,12)-aCMA-ES (mu_w=3.7,w_1=40%) in dimension 18 (seed=286762, Mon Mar 17 01:04:05 2025)
Iterat #Fevals   function value  axis ratio  sigma  min&max std  t[m:s]
    1     12 4.176649370788702e-02 1.0e+00 1.38e+00  1e+00  1e+00 0:15.8
    2     24 8.911147283559188e-02 1.1e+00 1.33e+00  1e+00  1e+00 0:31.6
    3     36 -1.147236776824065e-02 1.2e+00 1.24e+00  1e+00  1e+00 0:47.5
    4     48 -2.737958123476714e-03 1.2e+00 1.18e+00  1e+00  1e+00 1:03.4
    5     60 1.342923388001132e-01 1.2e+00 1.12e+00  1e+00  1e+00 1:19.2
    6     72 8.774724665343087e-02 1.2e+00 1.10e+00  1e+00  1e+00 1:35.0
    7     84 1.536625223437394e-02 1.3e+00 1.08e+00  1e+00  1e+00 1:50.8
    8     96 1.324955340183221e-02 1.3e+00 1.10e+00  1e+00  1e+00 2:06.6
    9    108 1.928925580629242e-02 1.3e+00 1.11e+00  1e+00  1e+00 2:22.3
   10    120 6.330932106464172e-02 1.3e+00 1.10e+00  1e+00  1e+00 2:38.1
   11    132 2.223589566511677e-02 1.3e+00 1.11e+00  1e+00  1e+00 2:53.8
   12    144 1.350096478304105e-02 1.4e+00 1.11e+00  1e+00  1e+00 3:09.6
   13    156 4.588437835018425e-02 1.4e+00 1.12e+00  1e+00  1e+00 3:25.3
   14    168 2.335935091412361e-02 1.4e+00 1.10e+00  1e+00  1e+00 3:41.1
   15    180 9.129689356365519e-03 1.4e+00 1.10e+00  1e+00  1e+00 3:56.8
   16    192 1.148021793979635e-03 1.4e+00 1.08e+00  1e+00  1e+00 4:12.5
   18    216 -7.221141925154411e-03 1.5e+00 1.13e+00  1e+00  1e+00 4:44.0
   20    240 2.908951972005791e-02 1.5e+00 1.07e+00  1e+00  1e+00 5:15.5
   22    264 4.123558585879680e-02 1.6e+00 1.00e+00  9e-01  1e+00 5:47.0
   24    288 7.509753734583159e-03 1.6e+00 1.00e+00  9e-01  1e+00 6:18.5
   26    312 4.330890241821116e-02 1.6e+00 9.57e-01  8e-01  1e+00 6:50.0
   28    336 4.640048916333406e-02 1.6e+00 8.91e-01  8e-01  1e+00 7:21.4
   30    360 2.077838276354302e-02 1.7e+00 8.67e-01  7e-01  1e+00 7:53.1
   32    384 1.006959842127990e-02 1.8e+00 8.57e-01  7e-01  1e+00 8:24.6
   34    408 -6.790796310145974e-03 1.8e+00 8.49e-01  7e-01  1e+00 8:56.1
   36    432 6.305854430724045e-02 1.8e+00 9.17e-01  8e-01  1e+00 9:27.7
   38    456 2.366911930957050e-02 1.9e+00 9.08e-01  8e-01  1e+00 9:59.4
   40    480 7.609685318836858e-02 1.9e+00 9.21e-01  8e-01  1e+00 10:31.1
   42    504 9.976092796420417e-02 1.9e+00 9.42e-01  8e-01  1e+00 11:02.7
   44    528 4.381430530959731e-03 2.0e+00 9.25e-01  8e-01  1e+00 11:34.5
   46    552 4.585911797950419e-02 2.0e+00 8.87e-01  8e-01  1e+00 12:06.3
   48    576 4.469901529400396e-02 2.0e+00 8.99e-01  8e-01  1e+00 12:38.0
   51    612 -3.760166303272642e-03 2.1e+00 9.72e-01  8e-01  1e+00 13:25.5
   54    648 4.505977634680821e-02 2.2e+00 9.33e-01  8e-01  1e+00 14:13.0
   57    684 3.443264741781499e-03 2.2e+00 8.30e-01  7e-01  1e+00 15:00.6
   60    720 5.886386970103591e-03 2.2e+00 7.10e-01  6e-01  9e-01 15:48.0
   63    756 2.435503519806275e-02 2.3e+00 6.73e-01  6e-01  8e-01 16:35.7
   66    792 3.037791104478368e-03 2.4e+00 5.96e-01  5e-01  7e-01 17:23.0
   69    828 1.961752560508758e-02 2.5e+00 5.43e-01  4e-01  7e-01 18:10.2
   72    864 1.384255209842240e-02 2.6e+00 5.10e-01  4e-01  6e-01 18:57.3
   75    900 -4.854507340262826e-04 2.6e+00 5.15e-01  4e-01  6e-01 19:44.3
   78    936 1.857670471281587e-02 2.7e+00 4.80e-01  4e-01  6e-01 20:31.2
   81    972 -4.900685723053523e-03 2.7e+00 4.60e-01  4e-01  6e-01 21:18.1
   84   1008 -1.234542474882842e-03 2.7e+00 4.52e-01  4e-01  5e-01 22:04.9
   87   1044 8.831904536798435e-03 2.7e+00 5.01e-01  4e-01  6e-01 22:51.9
   90   1080 -4.683307244007346e-03 2.8e+00 4.95e-01  4e-01  6e-01 23:38.7
   93   1116 6.023701154734986e-03 2.9e+00 5.34e-01  4e-01  6e-01 24:25.6
   97   1164 4.294432919324798e-02 3.0e+00 5.17e-01  4e-01  6e-01 25:28.1
  100   1200 9.726899052414901e-03 3.0e+00 5.26e-01  4e-01  6e-01 26:15.2
  104   1248 -9.457896136818453e-03 3.0e+00 5.02e-01  4e-01  6e-01 27:19.7
  108   1296 1.929096565253410e-04 3.0e+00 4.95e-01  4e-01  6e-01 28:22.2
  112   1344 1.112100310867482e-02 3.0e+00 4.54e-01  3e-01  5e-01 29:24.7
  116   1392 8.083627832074411e-03 3.0e+00 4.50e-01  3e-01  5e-01 30:27.2
  120   1440 -5.266236466710732e-03 3.1e+00 4.01e-01  3e-01  5e-01 31:29.8
  124   1488 3.025096267415071e-02 3.3e+00 3.79e-01  3e-01  4e-01 32:32.5
  128   1536 -1.646764593029986e-03 3.3e+00 3.22e-01  2e-01  4e-01 33:35.2
  132   1584 -7.428799497023688e-04 3.5e+00 3.10e-01  2e-01  4e-01 34:37.7
  136   1632 -8.184531810081970e-03 3.5e+00 3.11e-01  2e-01  4e-01 35:40.3
  140   1680 -5.970538564785980e-03 3.6e+00 2.76e-01  2e-01  3e-01 36:45.0
  144   1728 -8.724118464416914e-04 3.5e+00 2.33e-01  2e-01  3e-01 37:48.6
  148   1776 -1.374841279975740e-02 3.7e+00 1.99e-01  1e-01  2e-01 38:51.2
  152   1824 -1.229532030861599e-02 3.7e+00 1.70e-01  1e-01  2e-01 39:53.5
  156   1872 -1.191145747485043e-02 3.9e+00 1.48e-01  1e-01  2e-01 40:56.0
  161   1932 -1.496981945261562e-02 4.1e+00 1.30e-01  9e-02  2e-01 42:14.2
  166   1992 -1.425957195844068e-02 4.3e+00 1.12e-01  8e-02  1e-01 43:32.5
  171   2052 -1.506342345491347e-02 4.4e+00 8.04e-02  5e-02  1e-01 44:51.5
  176   2112 -1.487062517546369e-02 4.5e+00 7.37e-02  5e-02  1e-01 46:11.4
  181   2172 -1.590474767477839e-02 4.8e+00 5.83e-02  4e-02  8e-02 47:31.8
  186   2232 -1.605489849659635e-02 5.0e+00 5.67e-02  3e-02  7e-02 48:49.9
  191   2292 -1.627023636351997e-02 5.4e+00 5.07e-02  3e-02  6e-02 50:08.2
  196   2352 -1.672259783761946e-02 5.6e+00 4.73e-02  3e-02  6e-02 51:26.4
  200   2400 -1.669660228764082e-02 6.0e+00 4.80e-02  3e-02  6e-02 52:29.0
  205   2460 -1.681628361738700e-02 6.5e+00 3.80e-02  2e-02  5e-02 53:49.5
  210   2520 -1.702297376050583e-02 6.9e+00 3.35e-02  2e-02  4e-02 55:10.4
  215   2580 -1.709342144208483e-02 7.2e+00 3.74e-02  2e-02  4e-02 56:28.8
  220   2640 -1.712697907294714e-02 7.7e+00 4.10e-02  2e-02  5e-02 57:49.6
  225   2700 -1.714409801232371e-02 8.1e+00 4.30e-02  2e-02  5e-02 59:10.1
  230   2760 -1.714473484301519e-02 8.5e+00 3.64e-02  2e-02  4e-02 60:28.7
  235   2820 -1.724459130117793e-02 8.6e+00 3.87e-02  2e-02  5e-02 61:50.0
  240   2880 -1.719081060409238e-02 9.1e+00 3.79e-02  2e-02  5e-02 63:09.8
  246   2952 -1.721559490196510e-02 9.4e+00 2.86e-02  1e-02  3e-02 64:44.8
  252   3024 -1.726739385959608e-02 1.0e+01 2.08e-02  9e-03  3e-02 66:18.5
  258   3096 -1.727162945830890e-02 1.0e+01 1.99e-02  8e-03  3e-02 67:52.1
  264   3168 -1.727998664192493e-02 1.2e+01 1.79e-02  7e-03  2e-02 69:25.7
  270   3240 -1.728457261986170e-02 1.3e+01 1.70e-02  6e-03  2e-02 70:59.8
  276   3312 -1.730519905070912e-02 1.4e+01 1.46e-02  5e-03  2e-02 72:34.6
  282   3384 -1.731372832056135e-02 1.5e+01 1.93e-02  6e-03  3e-02 74:08.4
  288   3456 -1.733687838905751e-02 1.5e+01 2.14e-02  7e-03  3e-02 75:42.4
  294   3528 -1.734305927251203e-02 1.6e+01 2.20e-02  7e-03  3e-02 77:16.3
  300   3600 -1.736233422490397e-02 1.9e+01 2.54e-02  7e-03  4e-02 78:50.1
  306   3672 -1.740115915852228e-02 2.2e+01 2.64e-02  7e-03  4e-02 80:24.5
  312   3744 -1.740826106497137e-02 2.6e+01 2.56e-02  7e-03  4e-02 81:58.7
  318   3816 -1.745727328964743e-02 2.9e+01 2.27e-02  6e-03  4e-02 83:33.1
  324   3888 -1.751345888668396e-02 3.5e+01 2.82e-02  7e-03  5e-02 85:07.6
  330   3960 -1.753854067476445e-02 3.9e+01 2.98e-02  7e-03  6e-02 86:42.2
  337   4044 -1.758659520996882e-02 4.7e+01 3.64e-02  9e-03  8e-02 88:31.9
  344   4128 -1.762842120919279e-02 5.4e+01 3.22e-02  7e-03  8e-02 90:22.0
  351   4212 -1.768934404146064e-02 6.3e+01 4.10e-02  9e-03  1e-01 92:12.8
  358   4296 -1.770517736345331e-02 6.9e+01 3.53e-02  7e-03  1e-01 94:03.3
  365   4380 -1.777702600044153e-02 7.3e+01 3.07e-02  6e-03  9e-02 95:53.2
  372   4464 -1.776622103000788e-02 8.2e+01 2.23e-02  4e-03  6e-02 97:42.9
  379   4548 -1.780251557870629e-02 8.5e+01 1.75e-02  3e-03  5e-02 99:33.0
  386   4632 -1.780444678762194e-02 9.0e+01 1.52e-02  3e-03  4e-02 101:23.0
  393   4716 -1.781261434745417e-02 9.8e+01 1.49e-02  3e-03  4e-02 103:13.0
  400   4800 -1.782076771839987e-02 1.0e+02 1.40e-02  2e-03  4e-02 105:03.0
  407   4884 -1.782399578945582e-02 1.1e+02 1.34e-02  2e-03  4e-02 106:52.8
  414   4968 -1.783152654163898e-02 1.0e+02 1.22e-02  2e-03  4e-02 108:43.0
  421   5052 -1.784321469024173e-02 1.1e+02 1.60e-02  3e-03  5e-02 110:32.9
  428   5136 -1.784630691132942e-02 1.1e+02 1.29e-02  2e-03  4e-02 112:22.9
  435   5220 -1.786173364446923e-02 1.2e+02 1.58e-02  3e-03  6e-02 114:12.8
  443   5316 -1.789234288486049e-02 1.3e+02 2.35e-02  4e-03  1e-01 116:18.4
  451   5412 -1.790989856330685e-02 1.4e+02 3.06e-02  5e-03  1e-01 118:24.1
  459   5508 -1.794054179127950e-02 1.5e+02 2.36e-02  4e-03  1e-01 120:29.6
  467   5604 -1.799654065954422e-02 1.6e+02 2.54e-02  4e-03  1e-01 122:35.2
  475   5700 -1.799915209388717e-02 1.8e+02 2.53e-02  4e-03  1e-01 124:41.9
  483   5796 -1.800489871306630e-02 1.7e+02 2.98e-02  5e-03  1e-01 126:47.8
  491   5892 -1.803745112463132e-02 1.8e+02 3.01e-02  5e-03  1e-01 128:53.3
  499   5988 -1.803697874761635e-02 1.8e+02 2.23e-02  4e-03  1e-01 130:58.9
  500   6000 -1.804277755710175e-02 1.8e+02 2.16e-02  3e-03  1e-01 131:14.6
  508   6096 -1.805453552457699e-02 1.7e+02 2.11e-02  3e-03  9e-02 133:21.2
  516   6192 -1.806392018529919e-02 1.7e+02 2.67e-02  4e-03  1e-01 135:27.1
  524   6288 -1.806534747130031e-02 1.7e+02 2.33e-02  3e-03  1e-01 137:33.3
  532   6384 -1.807578073267735e-02 1.7e+02 1.86e-02  3e-03  7e-02 139:38.8
  540   6480 -1.808121656082166e-02 1.7e+02 1.73e-02  2e-03  6e-02 141:44.3
  548   6576 -1.809105813094428e-02 1.8e+02 2.49e-02  3e-03  1e-01 143:49.9
  556   6672 -1.808875934997765e-02 1.9e+02 2.89e-02  4e-03  1e-01 145:56.1
  564   6768 -1.810548621604885e-02 1.9e+02 2.80e-02  4e-03  1e-01 148:02.3
  573   6876 -1.811597446397900e-02 2.0e+02 2.28e-02  3e-03  8e-02 150:23.9
  582   6984 -1.812309248371222e-02 2.0e+02 2.34e-02  3e-03  8e-02 152:45.8
  591   7092 -1.813843646746384e-02 1.9e+02 2.33e-02  3e-03  8e-02 155:07.6
  600   7200 -1.815468735240829e-02 1.9e+02 2.00e-02  2e-03  6e-02 157:28.9
  609   7308 -1.817705871921779e-02 2.0e+02 2.74e-02  3e-03  9e-02 159:50.9
  618   7416 -1.820176058786770e-02 2.0e+02 3.62e-02  4e-03  1e-01 162:12.5
  627   7524 -1.822332281423223e-02 2.0e+02 3.60e-02  4e-03  1e-01 164:34.0
  636   7632 -1.825030488818850e-02 2.0e+02 3.46e-02  4e-03  1e-01 166:55.2
  645   7740 -1.827070724237955e-02 1.9e+02 2.41e-02  3e-03  7e-02 169:16.8
  654   7848 -1.829133402229199e-02 1.8e+02 3.78e-02  4e-03  1e-01 171:38.2
  663   7956 -1.835555040378485e-02 1.7e+02 4.94e-02  5e-03  1e-01 173:59.7
  672   8064 -1.834507038843386e-02 1.6e+02 4.77e-02  5e-03  1e-01 176:21.5
  681   8172 -1.838823355778909e-02 1.5e+02 3.78e-02  3e-03  9e-02 178:42.5
  690   8280 -1.842215260181640e-02 1.4e+02 5.83e-02  5e-03  1e-01 181:04.0
  699   8388 -1.844920759827055e-02 1.4e+02 7.03e-02  6e-03  2e-01 183:25.4
  700   8400 -1.846767991827490e-02 1.4e+02 6.87e-02  6e-03  2e-01 183:41.1
  710   8520 -1.852663480812059e-02 1.5e+02 5.83e-02  5e-03  1e-01 186:18.5
  720   8640 -1.853706081200778e-02 1.6e+02 5.51e-02  5e-03  1e-01 188:55.5
  730   8760 -1.857550779666688e-02 1.7e+02 4.77e-02  4e-03  1e-01 191:32.7
  740   8880 -1.858824934046958e-02 1.6e+02 4.32e-02  3e-03  9e-02 194:09.9
  750   9000 -1.859708358143486e-02 1.6e+02 3.86e-02  3e-03  8e-02 196:47.2
  760   9120 -1.861707729352284e-02 1.6e+02 3.45e-02  2e-03  6e-02 199:24.0
  770   9240 -1.862919890565248e-02 1.7e+02 3.67e-02  2e-03  7e-02 202:01.3
  780   9360 -1.864860796199816e-02 1.7e+02 3.51e-02  2e-03  6e-02 204:38.0
  790   9480 -1.867905447423758e-02 1.7e+02 5.55e-02  4e-03  1e-01 207:14.9
  800   9600 -1.871917904713453e-02 1.8e+02 6.96e-02  4e-03  1e-01 209:52.0
  810   9720 -1.873874783378813e-02 1.8e+02 7.67e-02  5e-03  2e-01 212:28.7
  820   9840 -1.877237438486365e-02 1.7e+02 6.74e-02  4e-03  1e-01 215:05.3
  830   9960 -1.879169563854996e-02 1.7e+02 4.99e-02  3e-03  9e-02 217:41.7
  840  10080 -1.880582092193492e-02 1.7e+02 3.55e-02  2e-03  6e-02 220:18.5
  851  10212 -1.881624111050670e-02 1.5e+02 2.79e-02  2e-03  5e-02 223:10.9
  862  10344 -1.882589012892640e-02 1.6e+02 3.15e-02  2e-03  5e-02 226:03.6
  873  10476 -1.883289673415166e-02 1.6e+02 3.94e-02  2e-03  6e-02 228:55.8
  884  10608 -1.884015994011643e-02 1.6e+02 4.27e-02  2e-03  7e-02 231:48.2
  895  10740 -1.884009051775166e-02 1.5e+02 3.50e-02  2e-03  5e-02 234:40.4
  900  10800 -1.884423883740168e-02 1.4e+02 3.07e-02  1e-03  5e-02 235:58.5
  911  10932 -1.884728932000968e-02 1.5e+02 3.44e-02  2e-03  5e-02 238:50.4
  922  11064 -1.885537025523224e-02 1.6e+02 3.76e-02  2e-03  6e-02 241:42.4
  933  11196 -1.885823407967982e-02 1.8e+02 3.65e-02  2e-03  6e-02 244:34.3
  944  11328 -1.886672406680947e-02 2.2e+02 3.84e-02  2e-03  7e-02 247:26.4
  955  11460 -1.887117343557312e-02 2.2e+02 3.98e-02  2e-03  8e-02 250:18.7
  966  11592 -1.887947077509395e-02 2.4e+02 3.45e-02  1e-03  7e-02 253:10.7
  977  11724 -1.888615786983304e-02 2.6e+02 4.75e-02  2e-03  9e-02 256:02.3
  988  11856 -1.889438677118370e-02 2.9e+02 6.35e-02  3e-03  1e-01 258:54.3
  999  11988 -1.890916087796699e-02 2.9e+02 5.11e-02  2e-03  1e-01 261:46.3
 1000  12000 -1.890751321551151e-02 2.8e+02 5.08e-02  2e-03  1e-01 262:01.9
Job finished at Mon Mar 17 05:27:05 EET 2025
