Running job array 25 on pe77.int.triton.aalto.fi
Starting at Fri Mar 21 16:01:42 EET 2025
Activating virtual environment at /scratch/work/uotilav2/quantum-portfolio/venv
Processing batch 26/100: experiments 25 to 25 (total 1)
Processing experiment 25
Budget: 831
YF.download() has changed argument auto_adjust default to True
Number of qubits for asset IBM: 2
Number of qubits for asset V: 2
Number of qubits for asset WMT: 4
Total number of qubits:  8
Optimized Weights (considering variance, skewness and kurtosis):
IBM: 0.00%
V: 64.97%
WMT: 35.03%
Left over budget:  19.281752327466734
Optimized Discrete Allocation:
V: 2
WMT: 2
Maximized utility from continuous higher moments:  -2.0139259949493296
Budget constraint not satisfied 835.8254547119141 831 Difference:  -4.8254547119140625
Budget constraint not satisfied 842.6094284057617 831 Difference:  -11.609428405761719
smallest_eigenvalues: [-0.18033142605988822]
smallest_bitstrings: ['11000100']
first_excited_energy: -0.1803024580203879
optimized_portfolio: [{'IBM': 3, 'V': 0, 'WMT': 2}]
second_optimized_portfolio: [{'IBM': 2, 'V': 1, 'WMT': 1}]
result_with_budget: [{'portfolio': {'IBM': 3, 'V': 0, 'WMT': 2}, 'budget': 835.8254547119141, 'difference': -4.8254547119140625, 'objective_value': -6.426694767438885}]
result_with_budget_excited: [{'portfolio': {'IBM': 2, 'V': 1, 'WMT': 1}, 'budget': 842.6094284057617, 'difference': -11.609428405761719, 'objective_value': -1.7720487851879474}]
Initial params:  [2.61575239 2.44465153 2.73322377 3.07442019 2.51063067 1.44978017
 2.45210473 0.37157007 2.01037118 0.45035763 2.96776493 1.63943485
 1.3026989  0.83112597 2.43232687 1.43303853]
(6_w,12)-aCMA-ES (mu_w=3.7,w_1=40%) in dimension 16 (seed=648150, Fri Mar 21 16:02:00 2025)
Iterat #Fevals   function value  axis ratio  sigma  min&max std  t[m:s]
    1     12 5.475336697450416e-02 1.0e+00 9.72e-02  1e-01  1e-01 0:08.7
    2     24 3.693002695398222e-02 1.2e+00 9.86e-02  1e-01  1e-01 0:17.3
    3     36 2.148715049732339e-02 1.2e+00 9.72e-02  9e-02  1e-01 0:26.0
    4     48 8.331372331156946e-03 1.3e+00 1.01e-01  1e-01  1e-01 0:34.7
    5     60 1.335290493234414e-02 1.3e+00 1.02e-01  1e-01  1e-01 0:43.3
    6     72 -1.515471499898211e-03 1.4e+00 1.08e-01  1e-01  1e-01 0:51.9
    7     84 -7.810932074817015e-03 1.5e+00 1.11e-01  1e-01  1e-01 1:00.7
    8     96 -9.025146477112831e-03 1.5e+00 1.13e-01  1e-01  1e-01 1:09.3
    9    108 -8.924788300295661e-03 1.6e+00 1.15e-01  1e-01  1e-01 1:18.1
   11    132 -4.071170403468200e-02 1.7e+00 1.16e-01  1e-01  1e-01 1:35.4
   13    156 -9.459118474573011e-02 1.8e+00 1.31e-01  1e-01  2e-01 1:52.7
   15    180 -1.063006104599808e-01 2.0e+00 1.47e-01  1e-01  2e-01 2:10.0
   17    204 -1.204080461922529e-01 2.2e+00 1.69e-01  2e-01  2e-01 2:27.4
   19    228 -1.150765647954166e-01 2.4e+00 1.80e-01  2e-01  2e-01 2:44.8
   21    252 -1.310102498480527e-01 2.5e+00 1.98e-01  2e-01  3e-01 3:02.2
   23    276 -1.406453086521254e-01 2.5e+00 1.92e-01  2e-01  2e-01 3:19.6
   25    300 -1.391991108208381e-01 2.6e+00 1.78e-01  2e-01  2e-01 3:36.9
   27    324 -1.373406431202703e-01 2.8e+00 1.80e-01  2e-01  2e-01 3:54.2
   30    360 -1.459601001040580e-01 2.9e+00 1.79e-01  2e-01  2e-01 4:20.2
   33    396 -1.461823515058256e-01 3.0e+00 1.74e-01  2e-01  2e-01 4:46.2
   36    432 -1.454360371534894e-01 3.1e+00 1.62e-01  1e-01  2e-01 5:12.2
   39    468 -1.454505682393167e-01 3.3e+00 1.30e-01  1e-01  2e-01 5:38.1
   42    504 -1.463781647919622e-01 3.3e+00 1.20e-01  1e-01  1e-01 6:04.1
   45    540 -1.518232794027312e-01 3.4e+00 1.14e-01  1e-01  1e-01 6:30.3
   48    576 -1.514341287893777e-01 3.6e+00 1.12e-01  9e-02  1e-01 6:56.7
   51    612 -1.558314437837734e-01 3.7e+00 1.23e-01  1e-01  1e-01 7:22.7
   55    660 -1.554323884046046e-01 4.0e+00 1.22e-01  1e-01  1e-01 7:57.3
   59    708 -1.560509057088914e-01 4.2e+00 1.02e-01  8e-02  1e-01 8:31.9
   63    756 -1.580717798098064e-01 4.4e+00 8.12e-02  6e-02  9e-02 9:06.6
   67    804 -1.552282387402122e-01 4.7e+00 8.14e-02  6e-02  1e-01 9:41.3
   71    852 -1.583823988823495e-01 4.8e+00 6.65e-02  5e-02  8e-02 10:16.2
   75    900 -1.591628495963326e-01 5.1e+00 5.83e-02  4e-02  7e-02 10:50.9
   79    948 -1.597015515224897e-01 5.4e+00 4.46e-02  3e-02  5e-02 11:25.6
   83    996 -1.601521949385265e-01 5.4e+00 3.68e-02  3e-02  5e-02 12:00.5
   87   1044 -1.602507504379317e-01 5.7e+00 3.24e-02  2e-02  4e-02 12:35.2
   92   1104 -1.604429879483654e-01 6.2e+00 2.51e-02  2e-02  3e-02 13:18.7
   97   1164 -1.606923980475391e-01 7.2e+00 2.91e-02  2e-02  4e-02 14:02.1
  100   1200 -1.608113616385262e-01 7.4e+00 2.53e-02  2e-02  3e-02 14:28.2
  105   1260 -1.607760695837023e-01 7.7e+00 1.89e-02  1e-02  3e-02 15:11.7
  110   1320 -1.608896843657225e-01 8.3e+00 1.75e-02  1e-02  2e-02 15:55.0
  115   1380 -1.608980018928175e-01 9.0e+00 1.38e-02  8e-03  2e-02 16:38.3
  120   1440 -1.609445804918139e-01 9.3e+00 1.22e-02  7e-03  2e-02 17:21.6
  125   1500 -1.610282523749973e-01 1.1e+01 1.33e-02  7e-03  2e-02 18:05.0
  130   1560 -1.611395991611870e-01 1.1e+01 2.04e-02  1e-02  3e-02 18:48.3
  136   1632 -1.613242358461186e-01 1.3e+01 2.76e-02  1e-02  4e-02 19:40.6
  142   1704 -1.614791248698145e-01 1.6e+01 3.39e-02  2e-02  5e-02 20:32.5
  148   1776 -1.617252312606585e-01 1.7e+01 3.18e-02  1e-02  5e-02 21:24.4
  154   1848 -1.618526956286582e-01 2.1e+01 3.23e-02  1e-02  6e-02 22:16.6
  160   1920 -1.622144268822111e-01 2.4e+01 3.40e-02  1e-02  7e-02 23:09.1
  166   1992 -1.623253402326609e-01 2.8e+01 3.62e-02  2e-02  8e-02 24:01.0
  172   2064 -1.623102363273576e-01 3.1e+01 3.07e-02  1e-02  7e-02 24:53.4
  178   2136 -1.624570448635730e-01 3.6e+01 3.41e-02  1e-02  8e-02 25:46.1
  185   2220 -1.626818919472355e-01 4.2e+01 3.33e-02  1e-02  8e-02 26:46.7
  192   2304 -1.627417966215971e-01 4.7e+01 3.53e-02  1e-02  9e-02 27:47.3
  199   2388 -1.628014343514297e-01 4.9e+01 2.25e-02  7e-03  5e-02 28:47.8
  200   2400 -1.627973843525818e-01 4.9e+01 2.33e-02  8e-03  6e-02 28:56.5
  207   2484 -1.628896195619249e-01 5.1e+01 2.55e-02  8e-03  6e-02 29:57.1
  214   2568 -1.631469349967049e-01 5.4e+01 3.18e-02  9e-03  8e-02 30:58.4
  221   2652 -1.633991247828889e-01 6.1e+01 3.40e-02  1e-02  8e-02 31:59.6
  228   2736 -1.635532907082961e-01 6.4e+01 3.01e-02  8e-03  7e-02 33:00.6
  235   2820 -1.637717219165467e-01 6.6e+01 3.00e-02  8e-03  7e-02 34:01.2
  243   2916 -1.639612445630533e-01 6.7e+01 3.18e-02  8e-03  8e-02 35:10.4
  251   3012 -1.640686883320349e-01 7.1e+01 2.92e-02  7e-03  8e-02 36:19.7
  259   3108 -1.641353745823527e-01 7.1e+01 2.56e-02  6e-03  7e-02 37:29.2
  267   3204 -1.641315786750406e-01 7.1e+01 2.12e-02  5e-03  5e-02 38:38.4
  275   3300 -1.642001656182776e-01 7.2e+01 1.75e-02  4e-03  5e-02 39:47.8
  283   3396 -1.643093935273657e-01 7.5e+01 2.43e-02  5e-03  6e-02 40:57.1
  291   3492 -1.643091533525500e-01 7.9e+01 2.84e-02  6e-03  7e-02 42:06.5
  299   3588 -1.644447822433990e-01 8.0e+01 3.70e-02  7e-03  9e-02 43:15.8
  300   3600 -1.644320043435675e-01 8.1e+01 3.67e-02  7e-03  9e-02 43:24.5
  309   3708 -1.645619405298664e-01 7.8e+01 3.15e-02  6e-03  7e-02 44:43.1
  318   3816 -1.647434455639330e-01 7.3e+01 3.02e-02  5e-03  7e-02 46:01.3
  327   3924 -1.648282712285355e-01 7.3e+01 2.95e-02  5e-03  7e-02 47:19.9
  336   4032 -1.651066804051346e-01 8.5e+01 4.07e-02  7e-03  1e-01 48:38.5
  345   4140 -1.653052565925265e-01 1.2e+02 4.86e-02  8e-03  2e-01 49:56.5
  354   4248 -1.653597394654159e-01 1.4e+02 4.11e-02  6e-03  2e-01 51:14.3
  363   4356 -1.654460365635172e-01 1.4e+02 3.31e-02  5e-03  1e-01 52:32.2
  372   4464 -1.655511244554065e-01 1.3e+02 4.70e-02  7e-03  2e-01 53:50.7
  382   4584 -1.656391404862845e-01 1.3e+02 5.21e-02  7e-03  2e-01 55:17.2
  392   4704 -1.657930666125170e-01 1.4e+02 5.88e-02  7e-03  2e-01 56:43.9
  400   4800 -1.658147179978491e-01 1.3e+02 4.12e-02  5e-03  1e-01 57:53.5
  410   4920 -1.658579940642896e-01 1.2e+02 2.61e-02  3e-03  8e-02 59:21.0
  420   5040 -1.658946657897772e-01 1.3e+02 2.25e-02  2e-03  7e-02 60:47.9
  430   5160 -1.659333514321462e-01 1.3e+02 3.11e-02  3e-03  1e-01 62:14.5
  440   5280 -1.660067098935536e-01 1.3e+02 4.10e-02  4e-03  1e-01 63:40.9
  450   5400 -1.661457899871830e-01 1.4e+02 5.07e-02  5e-03  2e-01 65:07.5
  460   5520 -1.662791541454328e-01 1.6e+02 4.76e-02  5e-03  2e-01 66:33.9
  471   5652 -1.663925919539817e-01 1.9e+02 7.36e-02  7e-03  4e-01 68:09.1
  482   5784 -1.664487446158643e-01 2.0e+02 5.01e-02  4e-03  2e-01 69:44.2
  493   5916 -1.664808161055966e-01 2.0e+02 2.97e-02  3e-03  1e-01 71:19.3
  500   6000 -1.664941197715264e-01 2.0e+02 2.72e-02  2e-03  1e-01 72:19.8
  511   6132 -1.665092676641839e-01 1.9e+02 1.97e-02  2e-03  8e-02 73:54.9
  522   6264 -1.665275674350217e-01 1.8e+02 2.31e-02  2e-03  9e-02 75:29.9
  533   6396 -1.665440944167023e-01 1.8e+02 3.08e-02  2e-03  1e-01 77:04.8
  544   6528 -1.665824688965408e-01 1.8e+02 3.35e-02  2e-03  1e-01 78:40.0
  555   6660 -1.665964567852107e-01 1.9e+02 4.39e-02  3e-03  1e-01 80:15.3
  567   6804 -1.666212677941261e-01 1.9e+02 3.29e-02  2e-03  1e-01 81:59.0
  579   6948 -1.666431575692937e-01 2.0e+02 2.46e-02  2e-03  7e-02 83:43.0
  591   7092 -1.666559296456422e-01 1.8e+02 3.12e-02  2e-03  8e-02 85:26.9
  600   7200 -1.666656823220304e-01 1.8e+02 2.73e-02  1e-03  7e-02 86:44.8
  612   7344 -1.666864214694531e-01 1.9e+02 3.09e-02  2e-03  9e-02 88:28.7
  624   7488 -1.667164055126786e-01 2.0e+02 3.53e-02  2e-03  1e-01 90:12.6
  636   7632 -1.667398083254824e-01 2.0e+02 3.33e-02  2e-03  9e-02 91:56.7
  648   7776 -1.667607427101299e-01 2.4e+02 4.11e-02  2e-03  1e-01 93:40.9
  661   7932 -1.667750635138273e-01 2.5e+02 3.00e-02  1e-03  9e-02 95:33.5
  674   8088 -1.667908860466416e-01 2.5e+02 3.54e-02  2e-03  1e-01 97:25.8
  687   8244 -1.668034730732680e-01 2.6e+02 4.80e-02  2e-03  1e-01 99:18.1
  700   8400 -1.668170406577338e-01 3.0e+02 4.15e-02  2e-03  1e-01 101:10.6
  713   8556 -1.668323340112732e-01 3.4e+02 4.09e-02  2e-03  1e-01 103:03.2
  726   8712 -1.668474664911337e-01 4.0e+02 4.60e-02  2e-03  2e-01 104:55.4
  739   8868 -1.668515799606429e-01 4.6e+02 5.29e-02  2e-03  2e-01 106:47.9
  752   9024 -1.668548561807291e-01 4.8e+02 3.43e-02  1e-03  1e-01 108:40.3
  765   9180 -1.668588588025629e-01 4.9e+02 1.77e-02  6e-04  7e-02 110:32.8
  779   9348 -1.668600493211896e-01 4.7e+02 1.37e-02  4e-04  5e-02 112:33.9
  793   9516 -1.668620854755138e-01 4.9e+02 2.50e-02  7e-04  1e-01 114:34.9
  800   9600 -1.668647488368702e-01 5.0e+02 3.42e-02  9e-04  1e-01 115:35.5
  814   9768 -1.668665870544220e-01 5.0e+02 2.36e-02  6e-04  9e-02 117:36.4
  828   9936 -1.668686310388786e-01 4.9e+02 1.91e-02  5e-04  6e-02 119:37.5
  842  10104 -1.668702635397029e-01 4.3e+02 1.71e-02  4e-04  5e-02 121:38.4
  856  10272 -1.668708243861518e-01 4.2e+02 1.40e-02  3e-04  4e-02 123:39.3
  870  10440 -1.668709833159712e-01 4.2e+02 8.73e-03  2e-04  2e-02 125:40.2
  885  10620 -1.668711093793429e-01 4.0e+02 3.53e-03  7e-05  8e-03 127:49.8
  900  10800 -1.668711288074312e-01 3.7e+02 2.52e-03  5e-05  5e-03 129:59.5
  915  10980 -1.668711362932343e-01 3.5e+02 1.48e-03  3e-05  3e-03 132:09.1
  930  11160 -1.668711381513520e-01 3.5e+02 7.29e-04  1e-05  1e-03 134:18.8
  945  11340 -1.668711385810875e-01 3.7e+02 3.10e-04  5e-06  6e-04 136:28.3
  960  11520 -1.668711386190416e-01 3.7e+02 1.64e-04  3e-06  3e-04 138:37.8
  975  11700 -1.668711386360399e-01 4.0e+02 5.93e-05  8e-07  1e-04 140:47.1
  990  11880 -1.668711386378251e-01 4.4e+02 3.08e-05  4e-07  5e-05 142:56.4
 1000  12000 -1.668711386382604e-01 4.5e+02 1.70e-05  2e-07  2e-05 144:22.5
Budget constraint satisfied 631.0182495117188 831 Difference:  199.98175048828125
Budget constraint satisfied 722.7999877929688 831 Difference:  108.20001220703125
two_most_probable_states: ['00010000', '00000001']
final_expectation_value: -0.1668711386382604
params: [2.355872702452866, 4.142396248908798, 4.537822328448728, 6.913973424395887, 6.630846259487969, 10.256152091387966, 0.43227798871842027, -1.0840215593634437, 0.841516097954757, 0.9813524332700894, 2.9117098537849806, 1.732610677023771, 0.0956008998945756, 1.0168824674127779, 2.5951324448339115, 2.75311937325576]
total_steps: 1000
states_probs: [0.10787024696998994, 0.15810105603546368]
optimized_portfolios: [{'IBM': 0, 'V': 2, 'WMT': 0}, {'IBM': 0, 'V': 0, 'WMT': 8}]
objective_values: [-0.2910322056771601, -265.6353194723313]
result_with_budget: [{'portfolio': {'IBM': 0, 'V': 2, 'WMT': 0}, 'budget': 631.0182495117188, 'difference': 199.98175048828125}, {'portfolio': {'IBM': 0, 'V': 0, 'WMT': 8}, 'budget': 722.7999877929688, 'difference': 108.20001220703125}]
Batch 26/100 completed. Results saved to portfolio_optimization_results_batch_25.json
Job finished at Fri Mar 21 18:29:42 EET 2025
