Running job array 12 on pe65.int.triton.aalto.fi
Starting at Sun Mar 16 11:20:30 EET 2025
Activating virtual environment at /scratch/work/uotilav2/quantum-portfolio/venv
Processing batch 13/40: experiments 137 to 147 (total 11)
Skipping experiment 137 (already processed)
Skipping experiment 138 (already processed)
Skipping experiment 139 (already processed)
Skipping experiment 140 (already processed)
Skipping experiment 141 (already processed)
Skipping experiment 142 (already processed)
Skipping experiment 143 (already processed)
Skipping experiment 144 (already processed)
Skipping experiment 145 (already processed)
Processing experiment 146
Budget: 1801.6626892089844
YF.download() has changed argument auto_adjust default to True
Expected returns: 0.2087605059858228
Covariance matrix: 0.3282314655471412
3rd-order coskewness tensor: -0.15879026545885683
4th-order cokurtosis tensor: 4.234911901424604
Number of qubits for asset CAT: 3
Number of qubits for asset JNJ: 4
Number of qubits for asset MMM: 4
Total number of qubits:  11
Optimized Weights (considering variance, skewness and kurtosis):
CAT: 43.80%
JNJ: 35.64%
MMM: 20.56%
Left over budget:  119.53749056192419
Optimized Discrete Allocation:
CAT: 2
JNJ: 4
MMM: 3
Maximized utility from continuous higher moments:  -1366.9057786483706
Budget constraint not satisfied 1807.1748352050781 1801.6626892089844 Difference:  -5.51214599609375
Budget constraint satisfied 1786.647476196289 1801.6626892089844 Difference:  15.015213012695312
smallest_eigenvalues: [-0.15282001630344766]
smallest_bitstrings: ['10100000000']
first_excited_energy: -0.1527689493833433
optimized_portfolio: [{'CAT': 5, 'JNJ': 0, 'MMM': 0}]
second_optimized_portfolio: [{'CAT': 3, 'JNJ': 4, 'MMM': 1}]
result_with_budget: [{'portfolio': {'CAT': 5, 'JNJ': 0, 'MMM': 0}, 'budget': 1807.1748352050781, 'difference': -5.51214599609375, 'objective_value': -377.23308136004664}]
result_with_budget_excited: [{'portfolio': {'CAT': 3, 'JNJ': 4, 'MMM': 1}, 'budget': 1786.647476196289, 'difference': 15.015213012695312, 'objective_value': -685.4723203561546}]
Initial params:  [2.51063067 1.44978017 2.45210473 0.37157007 2.01037118 0.45035763
 2.96776493 1.63943485 1.3026989  0.83112597 2.43232687 1.43303853
 1.78578792 0.0590299  1.94035914 1.92295543 1.93815531 2.96487203
 2.14200164 1.12942738]
(6_w,12)-aCMA-ES (mu_w=3.7,w_1=40%) in dimension 20 (seed=269352, Sun Mar 16 11:20:51 2025)
Iterat #Fevals   function value  axis ratio  sigma  min&max std  t[m:s]
    1     12 -9.587945921634389e-02 1.0e+00 1.38e+00  1e+00  1e+00 0:45.6
    2     24 -8.532622852031906e-02 1.1e+00 1.32e+00  1e+00  1e+00 1:28.5
    3     36 -6.973384609741000e-02 1.1e+00 1.24e+00  1e+00  1e+00 2:11.4
    4     48 -1.140805449868830e-01 1.1e+00 1.20e+00  1e+00  1e+00 2:54.3
    5     60 -1.075006419431643e-01 1.2e+00 1.18e+00  1e+00  1e+00 3:37.1
    6     72 -6.737142929026080e-02 1.2e+00 1.16e+00  1e+00  1e+00 4:20.1
    7     84 -8.605472227640969e-02 1.2e+00 1.16e+00  1e+00  1e+00 5:03.1
    8     96 -6.933458212616873e-02 1.3e+00 1.20e+00  1e+00  1e+00 5:46.0
    9    108 -7.624863803340010e-02 1.3e+00 1.20e+00  1e+00  1e+00 6:28.7
   10    120 -1.078047989090494e-01 1.4e+00 1.23e+00  1e+00  1e+00 7:11.6
   11    132 -1.190989639323479e-01 1.4e+00 1.32e+00  1e+00  1e+00 7:54.4
   12    144 -9.019358041332649e-02 1.5e+00 1.31e+00  1e+00  1e+00 8:37.4
   13    156 -9.866123842552722e-02 1.5e+00 1.27e+00  1e+00  1e+00 9:20.2
   14    168 -5.655528725031474e-02 1.5e+00 1.25e+00  1e+00  1e+00 10:03.1
   15    180 -1.223584737149694e-01 1.5e+00 1.21e+00  1e+00  1e+00 10:46.0
   16    192 -8.425562920534344e-02 1.6e+00 1.19e+00  1e+00  1e+00 11:28.8
   17    204 -7.237380176105505e-02 1.6e+00 1.19e+00  1e+00  1e+00 12:11.7
   18    216 -1.109112235692598e-01 1.6e+00 1.19e+00  1e+00  1e+00 12:54.6
   19    228 -9.674320323887094e-02 1.6e+00 1.14e+00  1e+00  1e+00 13:37.6
   20    240 -8.708075758407492e-02 1.6e+00 1.10e+00  1e+00  1e+00 14:20.8
   21    252 -1.178287883961906e-01 1.6e+00 1.09e+00  1e+00  1e+00 15:03.8
   22    264 -9.223669587949856e-02 1.6e+00 1.10e+00  1e+00  1e+00 15:47.0
   23    276 -8.289089991575167e-02 1.6e+00 1.09e+00  1e+00  1e+00 16:29.8
   24    288 -8.991647601358033e-02 1.6e+00 1.03e+00  9e-01  1e+00 17:12.6
   25    300 -1.088839641053428e-01 1.6e+00 9.98e-01  9e-01  1e+00 17:55.7
   26    312 -8.835662004727027e-02 1.6e+00 9.90e-01  9e-01  1e+00 18:38.7
   27    324 -9.071186064182789e-02 1.6e+00 9.78e-01  9e-01  1e+00 19:21.7
   28    336 -8.904262455539239e-02 1.6e+00 9.67e-01  9e-01  1e+00 20:04.6
   29    348 -9.219730762412941e-02 1.6e+00 9.25e-01  8e-01  1e+00 20:47.7
   30    360 -1.105106816982493e-01 1.6e+00 9.06e-01  8e-01  1e+00 21:30.7
   31    372 -1.072711351131267e-01 1.6e+00 8.95e-01  8e-01  1e+00 22:13.8
   32    384 -1.002056713461616e-01 1.7e+00 8.79e-01  8e-01  1e+00 22:56.6
   33    396 -1.084073086304844e-01 1.7e+00 8.40e-01  8e-01  9e-01 23:39.4
   34    408 -1.133164676133551e-01 1.7e+00 8.19e-01  7e-01  9e-01 24:22.0
   35    420 -1.168695531611169e-01 1.7e+00 7.88e-01  7e-01  9e-01 25:04.8
   36    432 -8.575165398553249e-02 1.7e+00 7.70e-01  7e-01  9e-01 25:47.5
   37    444 -8.376445296632751e-02 1.7e+00 7.67e-01  7e-01  9e-01 26:30.3
   38    456 -9.333433469685874e-02 1.7e+00 7.61e-01  7e-01  8e-01 27:13.0
   39    468 -8.731438969029333e-02 1.7e+00 7.52e-01  7e-01  8e-01 27:55.7
   40    480 -8.255091951258726e-02 1.8e+00 7.25e-01  6e-01  8e-01 28:38.4
   41    492 -8.134702257464532e-02 1.8e+00 7.10e-01  6e-01  8e-01 29:21.2
   42    504 -1.086934161654960e-01 1.8e+00 6.98e-01  6e-01  8e-01 30:03.9
   44    528 -9.046700458079976e-02 1.8e+00 6.58e-01  6e-01  7e-01 31:26.9
   46    552 -5.932411336909547e-02 1.9e+00 6.76e-01  6e-01  8e-01 32:49.6
   48    576 -7.239757487490009e-02 2.0e+00 6.51e-01  6e-01  7e-01 34:12.4
   50    600 -1.068065775508665e-01 2.0e+00 6.37e-01  6e-01  7e-01 35:35.3
   52    624 -7.923649697234175e-02 2.0e+00 6.56e-01  6e-01  7e-01 36:58.1
   54    648 -1.084875582386572e-01 2.0e+00 6.92e-01  6e-01  8e-01 38:21.0
   56    672 -8.964533866042899e-02 2.0e+00 6.89e-01  6e-01  8e-01 39:43.7
   58    696 -9.486941722678920e-02 1.9e+00 6.52e-01  6e-01  7e-01 41:06.2
   60    720 -1.039055659145189e-01 1.9e+00 6.79e-01  6e-01  8e-01 42:29.0
   62    744 -1.037105733291617e-01 2.0e+00 7.02e-01  6e-01  8e-01 43:51.6
   64    768 -6.134147751302280e-02 2.0e+00 6.82e-01  6e-01  8e-01 45:14.2
   66    792 -9.537452738308939e-02 2.0e+00 6.86e-01  6e-01  8e-01 46:36.9
   68    816 -6.903337779090946e-02 2.0e+00 6.67e-01  6e-01  7e-01 47:59.6
   70    840 -8.220460767009159e-02 2.0e+00 6.91e-01  6e-01  8e-01 49:22.4
   72    864 -8.016230835386423e-02 2.0e+00 7.62e-01  7e-01  9e-01 50:45.0
   74    888 -8.836016942638912e-02 2.0e+00 8.43e-01  7e-01  1e+00 52:07.7
   76    912 -1.199385720909993e-01 2.1e+00 9.06e-01  8e-01  1e+00 53:30.3
   78    936 -8.665093000979142e-02 2.3e+00 9.53e-01  8e-01  1e+00 54:53.0
   80    960 -1.066714892922441e-01 2.4e+00 9.41e-01  8e-01  1e+00 56:15.9
   82    984 -1.261489673612264e-01 2.3e+00 9.29e-01  8e-01  1e+00 57:38.7
   84   1008 -1.006006832876642e-01 2.4e+00 8.83e-01  8e-01  1e+00 59:01.6
   86   1032 -1.042490150582669e-01 2.4e+00 8.79e-01  7e-01  1e+00 60:24.5
   88   1056 -1.162345617754228e-01 2.4e+00 8.97e-01  8e-01  1e+00 61:47.0
   90   1080 -1.127887286072483e-01 2.5e+00 8.53e-01  7e-01  1e+00 63:10.1
   92   1104 -8.902784491587300e-02 2.5e+00 8.26e-01  7e-01  9e-01 64:33.0
   94   1128 -7.763059165706149e-02 2.5e+00 8.78e-01  8e-01  1e+00 65:55.9
   96   1152 -9.116275345858590e-02 2.5e+00 8.45e-01  7e-01  9e-01 67:19.2
   98   1176 -1.206279655060102e-01 2.6e+00 7.81e-01  7e-01  9e-01 68:42.5
  100   1200 -5.671713190578605e-02 2.6e+00 7.45e-01  6e-01  8e-01 70:05.8
  102   1224 -1.050804655129060e-01 2.6e+00 7.67e-01  6e-01  9e-01 71:29.0
  104   1248 -8.194576284260775e-02 2.6e+00 7.85e-01  6e-01  9e-01 72:52.1
  106   1272 -8.275350640317294e-02 2.6e+00 7.65e-01  6e-01  9e-01 74:14.8
  108   1296 -2.350465718719790e-02 2.6e+00 7.21e-01  6e-01  8e-01 75:37.7
  110   1320 -4.655480469413161e-02 2.7e+00 7.17e-01  6e-01  8e-01 77:00.5
  112   1344 -8.426425460211515e-02 2.6e+00 7.14e-01  6e-01  8e-01 78:23.0
  114   1368 -1.003897705821680e-01 2.7e+00 7.45e-01  6e-01  9e-01 79:45.8
  116   1392 -9.301159743624704e-02 2.7e+00 7.30e-01  6e-01  8e-01 81:08.2
  118   1416 -6.207867170472404e-02 2.7e+00 7.17e-01  6e-01  8e-01 82:31.0
  120   1440 -8.733051378374962e-02 2.8e+00 6.69e-01  6e-01  8e-01 83:53.6
  122   1464 -1.156534886664737e-01 2.8e+00 6.47e-01  6e-01  7e-01 85:16.2
  124   1488 -8.896013373336953e-03 2.8e+00 6.79e-01  6e-01  8e-01 86:39.0
  127   1524 -6.528560796885670e-02 2.8e+00 8.02e-01  7e-01  9e-01 88:43.1
  130   1560 -7.315198171661445e-02 2.9e+00 9.02e-01  8e-01  1e+00 90:48.0
  133   1596 -2.479462651919175e-02 2.9e+00 9.87e-01  8e-01  1e+00 92:52.1
  136   1632 -5.856434962130357e-02 3.0e+00 1.14e+00  1e+00  1e+00 94:55.9
  139   1668 -8.320731161165497e-02 3.0e+00 1.19e+00  1e+00  1e+00 96:59.9
  142   1704 -1.095305292480772e-01 3.1e+00 1.21e+00  1e+00  1e+00 99:03.8
  145   1740 -9.020031372771950e-02 3.1e+00 1.16e+00  1e+00  1e+00 101:08.0
  148   1776 -6.269387389189666e-02 3.1e+00 1.20e+00  1e+00  1e+00 103:12.0
  151   1812 -3.448636068138415e-02 3.1e+00 1.28e+00  1e+00  1e+00 105:16.0
  154   1848 -5.241698426488516e-02 3.1e+00 1.35e+00  1e+00  1e+00 107:19.8
  157   1884 -5.046703615981941e-02 3.1e+00 1.41e+00  1e+00  2e+00 109:23.6
  160   1920 -5.086408265642255e-02 3.2e+00 1.33e+00  1e+00  1e+00 111:27.7
  163   1956 -9.485490099368171e-02 3.2e+00 1.34e+00  1e+00  2e+00 113:31.8
  166   1992 -9.849143971226776e-02 3.3e+00 1.36e+00  1e+00  2e+00 115:35.8
  169   2028 -1.169324360608580e-02 3.4e+00 1.51e+00  1e+00  2e+00 117:40.1
  172   2064 -5.764534177331437e-02 3.5e+00 1.65e+00  1e+00  2e+00 119:44.2
  175   2100 -1.139860546554621e-01 3.5e+00 1.70e+00  1e+00  2e+00 121:48.0
  178   2136 -1.093867923530926e-01 3.5e+00 1.68e+00  1e+00  2e+00 123:52.1
  181   2172 -1.107042609504251e-01 3.5e+00 1.59e+00  1e+00  2e+00 125:56.3
  184   2208 -5.089046237592681e-02 3.5e+00 1.49e+00  1e+00  2e+00 128:00.2
  187   2244 -5.147070619513815e-02 3.5e+00 1.52e+00  1e+00  2e+00 130:04.2
  190   2280 -3.484632846268744e-02 3.5e+00 1.57e+00  1e+00  2e+00 132:08.3
  193   2316 -5.052251829822853e-02 3.6e+00 1.50e+00  1e+00  2e+00 134:12.1
  196   2352 -2.635277257887061e-02 3.6e+00 1.35e+00  1e+00  2e+00 136:16.1
  199   2388 -4.182066576275313e-02 3.5e+00 1.28e+00  1e+00  2e+00 138:20.8
  200   2400 -1.963364300959415e-02 3.6e+00 1.28e+00  1e+00  1e+00 139:02.2
  203   2436 -6.163630880604950e-02 3.7e+00 1.34e+00  1e+00  2e+00 141:06.9
  206   2472 -6.819130009880302e-02 3.9e+00 1.33e+00  1e+00  2e+00 143:11.3
  209   2508 -2.934330626442944e-02 3.9e+00 1.22e+00  1e+00  1e+00 145:15.6
  212   2544 -1.200157102357702e-02 4.0e+00 1.19e+00  9e-01  1e+00 147:20.0
  215   2580 -4.647713749535799e-02 4.0e+00 1.13e+00  9e-01  1e+00 149:24.1
  218   2616 -3.421056992343760e-02 3.9e+00 1.19e+00  9e-01  1e+00 151:28.2
  221   2652 -8.943787030192617e-03 3.9e+00 1.08e+00  8e-01  1e+00 153:32.2
  224   2688 -5.125608718536374e-02 4.0e+00 1.02e+00  8e-01  1e+00 155:36.2
  227   2724 -1.979912248462058e-03 4.1e+00 1.01e+00  8e-01  1e+00 157:40.2
  230   2760 -1.385041738090189e-02 4.3e+00 1.02e+00  8e-01  1e+00 159:44.6
  233   2796 -2.748259202455021e-02 4.3e+00 9.05e-01  7e-01  1e+00 161:48.5
  236   2832 -1.957107517905586e-02 4.4e+00 8.21e-01  6e-01  1e+00 163:52.4
  239   2868 1.526240760166669e-02 4.4e+00 7.72e-01  6e-01  1e+00 165:56.7
  242   2904 -1.938722976385570e-02 4.5e+00 7.90e-01  6e-01  1e+00 168:00.7
  245   2940 -2.465771394472989e-02 4.5e+00 7.72e-01  6e-01  1e+00 170:04.8
  248   2976 -7.586515139662342e-02 4.5e+00 7.52e-01  6e-01  1e+00 172:09.4
  252   3024 -4.415016724581423e-02 4.4e+00 7.42e-01  6e-01  9e-01 174:55.0
  256   3072 -2.362659677463471e-02 4.4e+00 7.81e-01  6e-01  1e+00 177:40.3
  260   3120 -5.237814302212119e-02 4.3e+00 8.27e-01  7e-01  1e+00 180:25.9
  264   3168 -4.436885182699083e-02 4.5e+00 9.75e-01  8e-01  1e+00 183:11.3
  268   3216 -7.857791524782788e-02 4.7e+00 1.09e+00  8e-01  1e+00 185:57.0
  272   3264 -4.905827525571259e-02 5.0e+00 1.08e+00  8e-01  1e+00 188:42.3
  276   3312 -6.223992435143413e-02 5.2e+00 1.07e+00  8e-01  1e+00 191:27.7
  280   3360 -2.562920155493981e-02 5.3e+00 1.03e+00  8e-01  1e+00 194:13.4
  284   3408 -1.361945987579029e-02 5.5e+00 1.03e+00  8e-01  1e+00 196:59.5
  288   3456 -4.657970274118337e-02 5.5e+00 1.15e+00  8e-01  2e+00 199:45.0
  292   3504 -6.851454835833005e-02 5.5e+00 1.18e+00  8e-01  2e+00 202:30.2
  296   3552 7.603173112470131e-03 5.7e+00 1.20e+00  9e-01  2e+00 205:15.3
  300   3600 -6.107435140661987e-02 5.7e+00 1.12e+00  8e-01  1e+00 208:01.2
  304   3648 -3.705032784600011e-02 5.6e+00 9.41e-01  7e-01  1e+00 210:47.2
  308   3696 -4.596237562234921e-02 5.6e+00 9.65e-01  7e-01  1e+00 213:32.9
  312   3744 -1.667780319103651e-02 5.6e+00 1.03e+00  8e-01  1e+00 216:18.3
  316   3792 -5.600620312802591e-02 5.7e+00 1.01e+00  7e-01  1e+00 219:03.5
  320   3840 -5.441746597456002e-02 5.8e+00 1.02e+00  7e-01  1e+00 221:49.0
  324   3888 -5.461170333000839e-02 6.1e+00 1.15e+00  8e-01  1e+00 224:34.4
  328   3936 -5.890260381504030e-02 6.4e+00 1.26e+00  9e-01  2e+00 227:19.8
  332   3984 -8.614064882309291e-02 6.7e+00 1.17e+00  8e-01  1e+00 230:05.2
  336   4032 -4.199273213820091e-02 6.8e+00 1.04e+00  8e-01  1e+00 232:50.5
  340   4080 -8.838695056344525e-03 6.8e+00 9.17e-01  7e-01  1e+00 235:36.0
  344   4128 -4.045990807186670e-02 6.6e+00 9.22e-01  7e-01  1e+00 238:21.4
  348   4176 -1.355850078569793e-02 6.8e+00 8.67e-01  6e-01  1e+00 241:06.7
  352   4224 -7.794454622259128e-02 6.6e+00 7.73e-01  6e-01  9e-01 243:52.3
  356   4272 -5.545598012301747e-02 6.7e+00 7.71e-01  6e-01  9e-01 246:37.6
  360   4320 -1.050344347618777e-01 6.9e+00 6.77e-01  5e-01  8e-01 249:23.2
  364   4368 -7.423141744733984e-02 6.9e+00 6.85e-01  5e-01  9e-01 252:08.8
  368   4416 -8.077778066709199e-02 6.8e+00 6.60e-01  5e-01  8e-01 254:54.3
  372   4464 -1.959321290982194e-02 6.9e+00 6.37e-01  4e-01  8e-01 257:40.1
  376   4512 -7.153589273916723e-02 6.9e+00 5.95e-01  4e-01  7e-01 260:25.4
  380   4560 -1.389191470376375e-02 6.7e+00 5.15e-01  4e-01  6e-01 263:10.6
  384   4608 -4.966392154543959e-03 6.6e+00 5.31e-01  4e-01  6e-01 265:56.1
  388   4656 -3.446048796569098e-02 6.7e+00 5.45e-01  4e-01  7e-01 268:41.5
  392   4704 -3.515333312323912e-02 6.7e+00 5.61e-01  4e-01  7e-01 271:26.6
  396   4752 -5.881035856939212e-02 6.7e+00 6.39e-01  4e-01  8e-01 274:11.8
  400   4800 -1.530299611880614e-02 6.8e+00 7.60e-01  5e-01  9e-01 276:57.2
  404   4848 -3.536109270450467e-02 6.8e+00 8.49e-01  6e-01  1e+00 279:42.5
  408   4896 -3.570561752946024e-02 6.9e+00 9.05e-01  6e-01  1e+00 282:27.8
  412   4944 -6.241633141009409e-02 7.1e+00 9.27e-01  6e-01  1e+00 285:13.2
  417   5004 -1.501466957893126e-03 7.1e+00 8.75e-01  6e-01  1e+00 288:39.8
  422   5064 -1.438635605389258e-03 7.2e+00 1.04e+00  7e-01  1e+00 292:06.1
  427   5124 -4.654707447595720e-02 7.2e+00 1.32e+00  9e-01  2e+00 295:32.9
  432   5184 -3.342955677259346e-02 7.2e+00 1.18e+00  8e-01  2e+00 298:59.6
  437   5244 -6.171592600728695e-02 7.5e+00 1.30e+00  9e-01  2e+00 302:26.3
  442   5304 -5.824549365209970e-02 7.4e+00 1.48e+00  1e+00  2e+00 305:52.8
  447   5364 -5.327790031502058e-02 7.5e+00 1.99e+00  1e+00  3e+00 309:19.6
  452   5424 -7.990846931550086e-02 7.6e+00 2.12e+00  1e+00  3e+00 312:46.6
  457   5484 -4.428909422703385e-02 7.9e+00 2.74e+00  2e+00  4e+00 316:12.9
  462   5544 -5.158139321496913e-03 8.1e+00 2.90e+00  2e+00  4e+00 319:39.4
  467   5604 6.414629859943552e-03 8.1e+00 3.00e+00  2e+00  4e+00 323:06.0
  472   5664 -3.535401083534054e-02 8.4e+00 3.11e+00  2e+00  4e+00 326:32.8
  477   5724 -2.646260102171768e-02 8.4e+00 2.74e+00  2e+00  4e+00 329:59.5
  482   5784 -6.869385926994720e-02 8.3e+00 2.54e+00  2e+00  3e+00 333:26.6
  487   5844 -2.185707273922605e-02 8.6e+00 2.64e+00  2e+00  4e+00 336:53.6
  492   5904 -3.300669009928727e-02 8.8e+00 2.53e+00  2e+00  4e+00 340:20.5
  497   5964 -6.858723320486960e-02 9.0e+00 2.46e+00  2e+00  4e+00 343:46.9
  500   6000 -6.196077639189730e-02 9.0e+00 2.43e+00  2e+00  4e+00 345:50.8
  505   6060 -6.089031853715678e-02 8.7e+00 2.12e+00  1e+00  3e+00 349:17.6
  510   6120 1.739446647461282e-02 9.0e+00 2.27e+00  1e+00  3e+00 352:44.5
  515   6180 -4.067542286507383e-02 9.2e+00 2.30e+00  1e+00  3e+00 356:11.0
  520   6240 -4.613528914118203e-02 9.2e+00 2.36e+00  1e+00  3e+00 359:38.0
  525   6300 -4.524821050548047e-02 9.3e+00 2.30e+00  1e+00  3e+00 363:05.3
  530   6360 -7.708961629159455e-02 9.7e+00 2.50e+00  1e+00  4e+00 366:32.5
  535   6420 -2.101585313276103e-02 9.8e+00 2.53e+00  1e+00  4e+00 369:59.5
  540   6480 -2.178999755549542e-02 1.0e+01 2.86e+00  2e+00  4e+00 373:26.8
  545   6540 -4.906907282222978e-02 9.9e+00 3.31e+00  2e+00  5e+00 376:54.4
  550   6600 2.225307125656075e-02 1.0e+01 2.84e+00  2e+00  4e+00 380:22.4
  555   6660 -4.235246902564447e-03 1.0e+01 2.41e+00  1e+00  4e+00 383:49.1
  560   6720 -1.687795107417541e-02 1.0e+01 2.16e+00  1e+00  3e+00 387:16.5
  565   6780 1.136538063510525e-02 1.1e+01 2.30e+00  1e+00  3e+00 390:43.6
  570   6840 -8.248628954287110e-02 1.1e+01 2.57e+00  1e+00  4e+00 394:10.9
  575   6900 1.138124124564856e-02 1.1e+01 3.17e+00  2e+00  5e+00 397:37.6
  580   6960 -5.936311515785642e-02 1.1e+01 2.68e+00  2e+00  4e+00 401:04.8
  585   7020 -1.807729724133877e-02 1.1e+01 2.56e+00  1e+00  4e+00 404:32.1
  590   7080 -2.510262748761573e-02 1.1e+01 2.14e+00  1e+00  3e+00 407:60.0
  595   7140 -3.213942311014419e-02 1.1e+01 1.88e+00  1e+00  3e+00 411:26.6
  600   7200 -3.872799368724809e-02 1.1e+01 2.04e+00  1e+00  3e+00 414:53.6
  605   7260 -2.086498673698373e-02 1.1e+01 2.21e+00  1e+00  3e+00 418:20.5
  610   7320 -4.340854575195814e-03 1.1e+01 2.42e+00  1e+00  4e+00 421:47.3
  615   7380 -5.556376233546113e-02 1.2e+01 2.17e+00  1e+00  3e+00 425:13.5
  621   7452 -2.829660438770128e-02 1.2e+01 1.97e+00  1e+00  3e+00 429:21.6
  627   7524 -5.725781802932894e-02 1.3e+01 1.86e+00  1e+00  3e+00 433:29.9
  633   7596 -7.283668548154862e-02 1.4e+01 2.19e+00  1e+00  3e+00 437:38.1
  639   7668 -8.059063045223617e-03 1.4e+01 2.13e+00  1e+00  3e+00 441:47.1
  645   7740 -4.160602042873428e-02 1.4e+01 2.38e+00  1e+00  4e+00 445:56.1
  651   7812 -1.120628409514621e-01 1.4e+01 2.41e+00  1e+00  4e+00 450:04.8
  657   7884 -6.768234071071419e-02 1.4e+01 2.59e+00  1e+00  4e+00 454:12.6
  663   7956 -9.345594434761759e-02 1.5e+01 2.70e+00  1e+00  4e+00 458:20.6
  669   8028 -7.370338936882430e-02 1.5e+01 2.38e+00  1e+00  4e+00 462:28.7
  675   8100 -8.787849259654103e-02 1.5e+01 2.18e+00  1e+00  3e+00 466:36.5
  681   8172 -9.585002550214150e-02 1.6e+01 2.25e+00  1e+00  3e+00 470:44.1
  687   8244 -8.925336752768569e-02 1.7e+01 2.03e+00  1e+00  3e+00 474:51.7
  693   8316 -1.041451988779837e-01 1.7e+01 2.06e+00  1e+00  3e+00 478:59.0
  699   8388 -4.451090654977739e-02 1.7e+01 2.00e+00  1e+00  3e+00 483:06.6
  700   8400 -4.351974774397217e-02 1.7e+01 1.97e+00  1e+00  3e+00 483:48.0
  706   8472 -7.395869543578935e-02 1.7e+01 1.85e+00  1e+00  3e+00 487:55.9
  712   8544 -9.714307397711555e-02 1.8e+01 1.88e+00  1e+00  3e+00 492:03.5
  718   8616 -8.851836312110313e-02 1.8e+01 2.05e+00  1e+00  3e+00 496:11.1
  724   8688 -6.938799638050601e-02 1.8e+01 2.19e+00  1e+00  3e+00 500:18.9
  730   8760 -3.884014160058931e-02 1.8e+01 2.36e+00  1e+00  4e+00 504:26.9
  736   8832 -5.677323167866440e-02 1.8e+01 2.32e+00  1e+00  4e+00 508:34.3
  742   8904 -5.549997839471044e-02 1.8e+01 2.21e+00  1e+00  3e+00 512:42.5
  748   8976 -1.112763399530646e-01 1.9e+01 2.51e+00  1e+00  4e+00 516:51.0
  754   9048 -2.804967595372424e-02 1.9e+01 2.41e+00  1e+00  4e+00 520:59.5
  760   9120 -5.076911839393109e-02 1.9e+01 2.34e+00  1e+00  3e+00 525:07.9
  766   9192 -7.880875355366215e-02 1.8e+01 2.36e+00  1e+00  3e+00 529:16.2
  772   9264 -6.354001580926415e-02 1.8e+01 2.20e+00  1e+00  3e+00 533:24.3
  778   9336 -2.136863303856088e-02 1.8e+01 2.40e+00  1e+00  4e+00 537:32.1
  784   9408 3.300826397499170e-02 1.9e+01 2.21e+00  1e+00  3e+00 541:40.7
  790   9480 -1.845902055945022e-02 1.9e+01 2.41e+00  1e+00  4e+00 545:49.8
  796   9552 -3.842481766025534e-02 1.9e+01 2.65e+00  2e+00  4e+00 549:57.6
  800   9600 -1.795036253179830e-02 1.9e+01 2.70e+00  2e+00  4e+00 552:43.5
  806   9672 -6.828302590983708e-02 1.9e+01 2.85e+00  2e+00  4e+00 556:52.1
  812   9744 -3.516033348329858e-02 2.0e+01 3.10e+00  2e+00  5e+00 561:00.1
  818   9816 -9.123770474059573e-02 2.0e+01 3.06e+00  2e+00  5e+00 565:07.8
  824   9888 -7.008642847126662e-02 2.0e+01 2.53e+00  1e+00  4e+00 569:16.0
  830   9960 -5.614519676897427e-02 2.0e+01 2.17e+00  1e+00  3e+00 573:24.6
  836  10032 -5.084266090891683e-02 2.1e+01 1.89e+00  1e+00  3e+00 577:32.3
  842  10104 -7.857016250789040e-02 2.1e+01 1.82e+00  1e+00  3e+00 581:40.7
  848  10176 -5.038721364904183e-02 2.1e+01 1.90e+00  1e+00  3e+00 585:49.2
  854  10248 -9.781828718975139e-02 2.2e+01 1.96e+00  1e+00  3e+00 589:57.2
  860  10320 -4.737984560482202e-02 2.1e+01 1.73e+00  1e+00  2e+00 594:05.5
  867  10404 -6.437742827015398e-02 2.2e+01 2.08e+00  1e+00  3e+00 598:55.3
  874  10488 -6.688074025481411e-02 2.4e+01 2.21e+00  1e+00  3e+00 603:45.2
  881  10572 -1.570973357256805e-02 2.5e+01 2.56e+00  1e+00  4e+00 608:34.7
  888  10656 -3.409157506289132e-02 2.7e+01 3.05e+00  2e+00  5e+00 613:24.7
  895  10740 -7.349951913554045e-02 2.7e+01 3.60e+00  2e+00  5e+00 618:14.1
  900  10800 2.672998676945271e-02 2.8e+01 3.46e+00  2e+00  5e+00 621:40.6
  907  10884 -4.965805115247481e-02 2.8e+01 3.97e+00  2e+00  6e+00 626:30.6
  914  10968 -5.723142407069285e-02 2.7e+01 4.83e+00  3e+00  7e+00 631:19.8
  921  11052 8.016356124048244e-05 2.7e+01 5.54e+00  3e+00  9e+00 636:09.5
  928  11136 -5.922629004009104e-02 2.7e+01 5.22e+00  3e+00  8e+00 640:59.9
  935  11220 -5.088087449304642e-02 2.6e+01 5.30e+00  3e+00  8e+00 645:49.2
  942  11304 -2.312416738387868e-02 2.6e+01 5.11e+00  3e+00  8e+00 650:39.1
  949  11388 -4.029049509617007e-02 2.5e+01 4.99e+00  3e+00  7e+00 655:29.2
  956  11472 -3.765920009766271e-02 2.5e+01 4.13e+00  3e+00  6e+00 660:18.2
  963  11556 -4.545054142428016e-02 2.3e+01 4.69e+00  3e+00  7e+00 665:08.1
  970  11640 4.332042499144171e-03 2.4e+01 4.13e+00  3e+00  6e+00 669:58.3
  977  11724 2.800353743907268e-02 2.5e+01 3.88e+00  2e+00  6e+00 674:47.2
  984  11808 -3.908430561065712e-02 2.5e+01 4.58e+00  3e+00  7e+00 679:36.8
  991  11892 -1.475560798880077e-02 2.6e+01 5.28e+00  3e+00  8e+00 684:26.4
  998  11976 -3.027891745532337e-02 2.5e+01 4.65e+00  3e+00  7e+00 689:15.7
 1000  12000 -2.378485254214807e-02 2.5e+01 4.67e+00  3e+00  7e+00 690:38.3
Budget constraint satisfied 1305.6750183105469 1801.6626892089844 Difference:  495.9876708984375
Budget constraint satisfied 1177.2186737060547 1801.6626892089844 Difference:  624.4440155029297
two_most_probable_states: ['10011000010', '10011001100']
final_expectation_value: -0.12614896736122638
params: [-0.22353834133286588, -5.437124753674967, 0.8934581531801233, -0.575089414354035, 2.278520968661897, 0.16099725191042058, 4.006743118570342, -1.737035655525447, -2.3132045709596287, 3.227507056662566, 6.636514067991634, -1.2288920512743269, 7.8681221959123215, -2.4339638133203643, 6.903580225808306, 8.59113935173663, 7.046355796687921, 0.23568601289047764, 3.067608531332801, 1.771934153101908]
total_steps: 1000
states_probs: [0.003227384046464733, 0.003357537089229725]
optimized_portfolios: [{'CAT': 1, 'JNJ': 3, 'MMM': 4}, {'CAT': 1, 'JNJ': 3, 'MMM': 3}]
objective_values: [-1560.8550494102774, -732.8530083575223]
result_with_budget: [{'portfolio': {'CAT': 1, 'JNJ': 3, 'MMM': 4}, 'budget': 1305.6750183105469, 'difference': 495.9876708984375}, {'portfolio': {'CAT': 1, 'JNJ': 3, 'MMM': 3}, 'budget': 1177.2186737060547, 'difference': 624.4440155029297}]
Processing experiment 147
Budget: 1447.3445854187012
Expected returns: 0.10677999363728725
Covariance matrix: 0.5371189706241788
3rd-order coskewness tensor: -0.4193711957706425
4th-order cokurtosis tensor: 9.892027930850986
Number of qubits for asset IBM: 3
Number of qubits for asset JPM: 3
Number of qubits for asset VZ: 6
Total number of qubits:  12
Optimized Weights (considering variance, skewness and kurtosis):
IBM: 25.76%
JPM: 27.96%
VZ: 46.28%
Left over budget:  44.725772673087704
Optimized Discrete Allocation:
IBM: 1
JPM: 2
VZ: 18
Maximized utility from continuous higher moments:  -78351.9208112589
Budget constraint not satisfied 1449.1479415893555 1447.3445854187012 Difference:  -1.8033561706542969
Budget constraint satisfied 1429.0447463989258 1447.3445854187012 Difference:  18.29983901977539
smallest_eigenvalues: [-0.04076493098819504]
smallest_bitstrings: ['110110010000']
first_excited_energy: -0.04076002739353569
optimized_portfolio: [{'IBM': 3, 'JPM': 3, 'VZ': 2}]
second_optimized_portfolio: [{'IBM': 4, 'JPM': 2, 'VZ': 2}]
result_with_budget: [{'portfolio': {'IBM': 3, 'JPM': 3, 'VZ': 2}, 'budget': 1449.1479415893555, 'difference': -1.8033561706542969, 'objective_value': -1039.4345720203653}]
result_with_budget_excited: [{'portfolio': {'IBM': 4, 'JPM': 2, 'VZ': 2}, 'budget': 1429.0447463989258, 'difference': 18.29983901977539, 'objective_value': -1022.5692656577695}]
Initial params:  [2.39827197 1.62268767 2.15969481 2.45468832 2.06190033 2.50497435
 1.2566853  1.29469764 1.23012132 0.57451396 1.28943697 0.62419487
 0.90417651 0.52659983 2.90311186 0.77393369 2.54411385 1.14067805
 2.0711967  1.70446602]
(6_w,12)-aCMA-ES (mu_w=3.7,w_1=40%) in dimension 20 (seed=244331, Sun Mar 16 22:52:50 2025)
Iterat #Fevals   function value  axis ratio  sigma  min&max std  t[m:s]
    1     12 2.751619856524051e-02 1.0e+00 1.40e+00  1e+00  1e+00 1:02.4
    2     24 5.637316948441995e-03 1.1e+00 1.35e+00  1e+00  1e+00 2:04.4
    3     36 3.805028160292533e-02 1.1e+00 1.33e+00  1e+00  1e+00 3:06.7
    4     48 1.475007590655579e-02 1.2e+00 1.33e+00  1e+00  1e+00 4:09.2
    5     60 6.315657919822065e-02 1.2e+00 1.33e+00  1e+00  1e+00 5:11.4
    6     72 1.070788316648942e-02 1.2e+00 1.26e+00  1e+00  1e+00 6:13.6
    7     84 2.111663814916256e-03 1.3e+00 1.16e+00  1e+00  1e+00 7:15.7
    8     96 1.891911047141123e-02 1.3e+00 1.13e+00  1e+00  1e+00 8:17.9
    9    108 9.580399278407610e-02 1.3e+00 1.09e+00  1e+00  1e+00 9:20.1
   10    120 8.850263420852759e-02 1.3e+00 1.08e+00  1e+00  1e+00 10:22.5
   11    132 1.142507225489169e-03 1.3e+00 1.05e+00  1e+00  1e+00 11:24.3
   12    144 1.303544315261432e-02 1.3e+00 1.07e+00  1e+00  1e+00 12:26.3
   13    156 4.306553959768347e-02 1.3e+00 1.03e+00  1e+00  1e+00 13:28.5
   14    168 5.331417012365786e-02 1.3e+00 1.00e+00  1e+00  1e+00 14:30.6
   15    180 1.914036314667426e-02 1.4e+00 9.59e-01  9e-01  1e+00 15:33.0
   16    192 1.958966155143899e-02 1.4e+00 9.20e-01  9e-01  9e-01 16:35.1
   17    204 5.108379531050349e-02 1.4e+00 9.27e-01  9e-01  9e-01 17:37.2
   18    216 6.864962076221470e-02 1.4e+00 9.18e-01  9e-01  9e-01 18:39.5
   19    228 9.374442690609660e-03 1.5e+00 9.40e-01  9e-01  1e+00 19:41.7
   20    240 5.410552543711873e-02 1.5e+00 9.63e-01  9e-01  1e+00 20:44.1
   21    252 3.632953132737884e-02 1.5e+00 9.71e-01  9e-01  1e+00 21:46.1
   22    264 6.773862713880206e-02 1.5e+00 1.00e+00  9e-01  1e+00 22:48.2
   23    276 5.134499098028702e-02 1.6e+00 1.05e+00  1e+00  1e+00 23:50.3
   24    288 6.454742996523176e-02 1.7e+00 1.02e+00  9e-01  1e+00 24:52.5
   25    300 6.103058609187112e-02 1.7e+00 9.91e-01  9e-01  1e+00 25:54.6
   26    312 3.831193952689372e-02 1.7e+00 9.28e-01  9e-01  1e+00 26:56.6
   27    324 7.762821644326072e-02 1.7e+00 8.96e-01  8e-01  1e+00 27:58.6
   28    336 1.192666879711236e-01 1.8e+00 8.70e-01  8e-01  9e-01 29:00.9
   29    348 1.058382112273878e-01 1.7e+00 8.49e-01  8e-01  9e-01 30:03.0
   30    360 5.765649938755130e-02 1.7e+00 8.05e-01  7e-01  8e-01 31:04.9
   31    372 9.649729121999574e-02 1.7e+00 7.79e-01  7e-01  8e-01 32:06.8
   32    384 7.451458379408023e-02 1.8e+00 7.39e-01  7e-01  8e-01 33:08.7
   33    396 8.039080137534781e-02 1.7e+00 7.17e-01  7e-01  8e-01 34:10.8
   34    408 3.540085672075561e-02 1.8e+00 7.13e-01  6e-01  8e-01 35:12.7
   35    420 3.612726526576724e-02 1.8e+00 7.09e-01  6e-01  7e-01 36:14.7
   36    432 2.479732069758165e-02 1.8e+00 6.86e-01  6e-01  7e-01 37:16.7
   37    444 6.676255238372403e-02 1.8e+00 6.63e-01  6e-01  7e-01 38:19.0
   38    456 6.284726684536993e-02 1.8e+00 6.46e-01  6e-01  7e-01 39:21.0
   39    468 1.452413709437906e-02 1.8e+00 6.49e-01  6e-01  7e-01 40:23.2
   40    480 5.827976654204654e-02 1.8e+00 6.33e-01  6e-01  7e-01 41:25.3
   41    492 2.270029502163485e-02 1.8e+00 6.28e-01  6e-01  6e-01 42:27.4
   42    504 6.469375480033443e-02 1.8e+00 6.01e-01  5e-01  6e-01 43:29.7
   43    516 4.416107858943864e-02 1.9e+00 5.86e-01  5e-01  6e-01 44:32.2
   44    528 3.308725541942785e-02 1.8e+00 6.00e-01  5e-01  6e-01 45:34.9
   45    540 2.862788690467567e-02 1.8e+00 5.98e-01  5e-01  6e-01 46:37.4
   46    552 1.327858145082422e-02 1.9e+00 6.10e-01  5e-01  6e-01 47:39.8
   47    564 4.614896406859599e-02 1.9e+00 6.08e-01  5e-01  6e-01 48:42.0
   48    576 2.478787498393184e-02 1.9e+00 6.04e-01  5e-01  6e-01 49:44.1
   49    588 2.295778428005124e-02 1.9e+00 6.06e-01  5e-01  6e-01 50:46.6
   50    600 9.407068782199485e-03 1.9e+00 6.15e-01  5e-01  6e-01 51:48.7
   51    612 1.040508725634322e-01 1.9e+00 6.26e-01  6e-01  6e-01 52:50.9
   52    624 5.162824551965287e-02 2.0e+00 6.25e-01  5e-01  6e-01 53:53.1
   53    636 2.913876853066789e-02 2.0e+00 6.23e-01  5e-01  6e-01 54:55.1
   54    648 3.204764421656893e-02 2.0e+00 6.09e-01  5e-01  6e-01 55:57.1
   55    660 4.459881891575045e-02 2.0e+00 6.22e-01  5e-01  7e-01 56:59.5
   56    672 3.103959323768887e-02 2.0e+00 6.41e-01  6e-01  7e-01 58:01.4
   57    684 5.992524493681713e-03 2.1e+00 6.45e-01  6e-01  7e-01 59:03.4
   58    696 7.731632978736558e-03 2.1e+00 6.62e-01  6e-01  7e-01 60:05.7
   59    708 3.674205239821776e-02 2.1e+00 6.68e-01  6e-01  7e-01 61:07.8
   60    720 5.055443260470429e-02 2.2e+00 6.81e-01  6e-01  8e-01 62:10.3
   61    732 4.354973176643489e-02 2.2e+00 6.54e-01  6e-01  7e-01 63:12.4
   62    744 3.817866061287710e-03 2.2e+00 6.48e-01  6e-01  7e-01 64:14.6
   63    756 4.745089456434662e-02 2.2e+00 6.48e-01  6e-01  7e-01 65:16.9
   65    780 2.866711219257343e-03 2.2e+00 5.94e-01  5e-01  7e-01 67:21.2
   67    804 2.911254585985101e-02 2.2e+00 5.54e-01  5e-01  6e-01 69:25.4
   69    828 5.073738452537196e-02 2.2e+00 5.34e-01  5e-01  6e-01 71:29.6
   71    852 1.504987633066679e-02 2.2e+00 4.77e-01  4e-01  5e-01 73:34.0
   73    876 1.295682267346137e-02 2.2e+00 4.68e-01  4e-01  5e-01 75:38.1
   75    900 4.633785094797476e-02 2.3e+00 4.69e-01  4e-01  5e-01 77:42.5
   77    924 2.177425599097085e-02 2.2e+00 4.56e-01  4e-01  5e-01 79:47.2
   79    948 6.728698080057140e-03 2.3e+00 4.41e-01  4e-01  5e-01 81:51.6
   81    972 3.223270008221424e-02 2.3e+00 4.38e-01  4e-01  5e-01 83:56.6
   83    996 -7.066508096236181e-03 2.4e+00 4.45e-01  4e-01  5e-01 86:01.1
   85   1020 6.679701855392885e-03 2.4e+00 4.21e-01  3e-01  5e-01 88:05.9
   87   1044 3.278431587378294e-02 2.5e+00 4.16e-01  3e-01  5e-01 90:10.2
   89   1068 1.859493816959745e-02 2.5e+00 4.22e-01  3e-01  5e-01 92:14.5
   91   1092 4.540368063808386e-02 2.6e+00 4.16e-01  3e-01  5e-01 94:18.6
   93   1116 1.861581658719834e-02 2.6e+00 4.10e-01  3e-01  5e-01 96:22.6
   95   1140 1.841366999557950e-03 2.6e+00 4.30e-01  3e-01  5e-01 98:27.0
   97   1164 1.740792523618019e-02 2.6e+00 4.61e-01  4e-01  5e-01 100:32.0
   99   1188 2.400449972224251e-02 2.6e+00 5.22e-01  4e-01  6e-01 102:36.4
  100   1200 2.217459188415117e-02 2.6e+00 5.33e-01  4e-01  6e-01 103:38.7
  102   1224 3.589303999890896e-02 2.6e+00 5.46e-01  4e-01  6e-01 105:43.2
  104   1248 -1.404382824968780e-02 2.7e+00 4.95e-01  4e-01  6e-01 107:47.4
  106   1272 1.223441024194918e-02 2.6e+00 4.53e-01  4e-01  5e-01 109:52.5
  108   1296 5.397359722941837e-02 2.7e+00 4.21e-01  3e-01  5e-01 111:57.4
  110   1320 5.884403644342391e-03 2.7e+00 4.02e-01  3e-01  5e-01 114:02.3
  112   1344 1.298746241438699e-02 2.7e+00 3.79e-01  3e-01  5e-01 116:06.8
  114   1368 2.314226207847972e-02 2.7e+00 3.68e-01  3e-01  4e-01 118:11.1
  116   1392 4.734188525945497e-02 2.7e+00 3.66e-01  3e-01  4e-01 120:15.7
  118   1416 1.846316562950352e-02 2.8e+00 3.68e-01  3e-01  4e-01 122:20.5
  120   1440 3.483650077738129e-03 2.8e+00 3.83e-01  3e-01  5e-01 124:25.2
  122   1464 2.806195238553216e-02 2.7e+00 3.77e-01  3e-01  4e-01 126:29.6
  124   1488 7.461616275359247e-03 2.7e+00 3.45e-01  3e-01  4e-01 128:34.2
  126   1512 3.159315380784886e-02 2.7e+00 3.41e-01  3e-01  4e-01 130:39.2
  128   1536 1.905486915834793e-02 2.8e+00 3.24e-01  2e-01  4e-01 132:43.8
  130   1560 1.480864436780855e-03 2.9e+00 3.21e-01  2e-01  4e-01 134:48.5
  132   1584 1.217592740047384e-02 2.9e+00 2.94e-01  2e-01  4e-01 136:53.3
  134   1608 -2.168709664943291e-02 2.9e+00 2.78e-01  2e-01  3e-01 138:57.5
  136   1632 3.559023106276177e-03 2.9e+00 2.85e-01  2e-01  3e-01 141:01.9
  138   1656 -1.455153091387744e-02 2.9e+00 2.90e-01  2e-01  3e-01 143:06.5
  140   1680 -1.030943862240139e-02 2.8e+00 2.94e-01  2e-01  4e-01 145:11.1
  142   1704 -2.113481470266191e-02 2.9e+00 2.85e-01  2e-01  3e-01 147:15.4
  144   1728 1.848043255577895e-03 2.9e+00 2.63e-01  2e-01  3e-01 149:19.5
  146   1752 -1.543371248951032e-02 3.0e+00 2.32e-01  2e-01  3e-01 151:24.0
  148   1776 1.331270678682158e-02 3.0e+00 2.03e-01  1e-01  2e-01 153:28.2
  150   1800 -1.678017031775634e-02 3.1e+00 1.87e-01  1e-01  2e-01 155:32.7
  152   1824 -1.482036845659179e-02 3.2e+00 1.78e-01  1e-01  2e-01 157:37.2
  154   1848 -1.975454956103022e-02 3.2e+00 1.70e-01  1e-01  2e-01 159:41.7
  156   1872 -1.735940670306392e-02 3.2e+00 1.70e-01  1e-01  2e-01 161:46.1
  158   1896 -1.787924566052450e-02 3.2e+00 1.68e-01  1e-01  2e-01 163:50.8
  160   1920 -2.446364461143990e-02 3.3e+00 1.72e-01  1e-01  2e-01 165:55.3
  162   1944 -1.836829430324848e-02 3.3e+00 1.77e-01  1e-01  2e-01 168:00.3
  164   1968 -2.273096404821529e-02 3.4e+00 1.65e-01  1e-01  2e-01 170:05.2
  166   1992 -2.136011845344011e-02 3.4e+00 1.51e-01  1e-01  2e-01 172:09.9
  168   2016 -2.409377840885573e-02 3.5e+00 1.43e-01  1e-01  2e-01 174:14.2
  170   2040 -2.269485823389531e-02 3.6e+00 1.39e-01  9e-02  2e-01 176:18.5
  172   2064 -2.745501428457828e-02 3.6e+00 1.32e-01  9e-02  2e-01 178:22.6
  174   2088 -2.246166825682931e-02 3.6e+00 1.30e-01  9e-02  2e-01 180:26.7
  176   2112 -2.370278248266035e-02 3.6e+00 1.35e-01  9e-02  2e-01 182:31.0
  178   2136 -2.180524712424969e-02 3.7e+00 1.28e-01  8e-02  2e-01 184:35.2
  180   2160 -2.204729534176641e-02 3.7e+00 1.18e-01  7e-02  1e-01 186:39.4
  182   2184 -2.561370059317779e-02 3.8e+00 1.12e-01  7e-02  1e-01 188:43.8
  184   2208 -2.584335109698521e-02 3.8e+00 1.14e-01  7e-02  1e-01 190:47.9
  186   2232 -2.600093653571362e-02 3.8e+00 1.10e-01  7e-02  1e-01 192:52.2
  189   2268 -2.649406353384416e-02 4.0e+00 9.21e-02  6e-02  1e-01 195:58.3
  192   2304 -2.732436121578119e-02 4.1e+00 8.34e-02  5e-02  1e-01 199:04.6
  195   2340 -2.769284908142872e-02 4.2e+00 7.83e-02  4e-02  9e-02 202:10.8
  198   2376 -2.705933067133392e-02 4.3e+00 6.87e-02  4e-02  8e-02 205:17.1
  200   2400 -2.801980274073549e-02 4.3e+00 6.48e-02  4e-02  7e-02 207:21.2
  203   2436 -2.803955495856194e-02 4.6e+00 5.56e-02  3e-02  7e-02 210:27.3
  206   2472 -2.811858418621351e-02 4.6e+00 5.00e-02  3e-02  6e-02 213:34.1
  209   2508 -2.804183532679450e-02 4.7e+00 4.24e-02  2e-02  5e-02 216:40.3
  212   2544 -2.820397858646827e-02 4.7e+00 3.85e-02  2e-02  4e-02 219:47.0
  215   2580 -2.841775130548433e-02 4.9e+00 3.46e-02  2e-02  4e-02 222:54.1
  218   2616 -2.840770497368892e-02 5.1e+00 3.13e-02  2e-02  4e-02 226:00.5
  221   2652 -2.863073251363576e-02 5.2e+00 3.11e-02  2e-02  4e-02 229:07.1
  224   2688 -2.863843821605933e-02 5.3e+00 3.06e-02  2e-02  4e-02 232:13.3
  227   2724 -2.877540286767170e-02 5.4e+00 2.86e-02  1e-02  3e-02 235:20.0
  230   2760 -2.885013749316362e-02 5.6e+00 3.00e-02  1e-02  4e-02 238:26.3
  233   2796 -2.906079333985975e-02 5.9e+00 3.23e-02  2e-02  4e-02 241:32.7
  236   2832 -2.924981133324452e-02 6.3e+00 4.14e-02  2e-02  5e-02 244:39.5
  239   2868 -2.939057111165278e-02 6.4e+00 5.21e-02  2e-02  7e-02 247:45.4
  242   2904 -2.958350483431026e-02 6.5e+00 5.78e-02  3e-02  8e-02 250:51.4
  245   2940 -2.941361923069348e-02 6.7e+00 5.93e-02  3e-02  8e-02 253:57.8
  248   2976 -2.965168823188969e-02 6.9e+00 5.28e-02  2e-02  7e-02 257:04.1
  251   3012 -2.949906530072866e-02 7.1e+00 4.74e-02  2e-02  6e-02 260:09.9
  254   3048 -2.950067091009312e-02 7.3e+00 4.00e-02  2e-02  5e-02 263:15.7
  257   3084 -2.993379260245520e-02 7.2e+00 3.94e-02  2e-02  5e-02 266:22.2
  260   3120 -3.023447444313256e-02 7.4e+00 3.74e-02  2e-02  5e-02 269:28.4
  263   3156 -3.022309277814788e-02 7.8e+00 3.82e-02  2e-02  5e-02 272:35.2
  266   3192 -3.038490372958082e-02 8.0e+00 3.70e-02  2e-02  5e-02 275:41.8
  269   3228 -3.035799357650416e-02 8.6e+00 3.77e-02  2e-02  5e-02 278:47.7
  272   3264 -3.084956227827126e-02 8.8e+00 3.79e-02  2e-02  5e-02 281:54.0
  275   3300 -3.098739625741103e-02 9.2e+00 4.01e-02  2e-02  6e-02 285:00.2
  278   3336 -3.106472065359300e-02 1.0e+01 4.68e-02  2e-02  8e-02 288:06.5
  281   3372 -3.117772088284521e-02 1.1e+01 5.08e-02  2e-02  9e-02 291:13.3
  284   3408 -3.115858692492620e-02 1.2e+01 5.17e-02  2e-02  9e-02 294:19.9
  287   3444 -3.123889620666329e-02 1.3e+01 4.49e-02  2e-02  8e-02 297:27.0
  290   3480 -3.142208266425191e-02 1.4e+01 4.48e-02  2e-02  9e-02 300:33.6
  293   3516 -3.114725652571743e-02 1.4e+01 4.59e-02  2e-02  9e-02 303:40.5
  296   3552 -3.138068445042495e-02 1.4e+01 4.12e-02  1e-02  8e-02 306:47.5
  299   3588 -3.148162314228181e-02 1.4e+01 3.63e-02  1e-02  7e-02 309:54.6
  300   3600 -3.155192894441070e-02 1.4e+01 3.49e-02  1e-02  6e-02 310:57.0
  303   3636 -3.155865833287442e-02 1.4e+01 3.35e-02  1e-02  6e-02 314:04.0
  306   3672 -3.162365170460275e-02 1.5e+01 3.22e-02  1e-02  6e-02 317:11.7
  309   3708 -3.163597207852880e-02 1.5e+01 3.05e-02  1e-02  6e-02 320:19.1
  312   3744 -3.168751850599416e-02 1.5e+01 2.87e-02  1e-02  5e-02 323:25.4
  315   3780 -3.162026275924151e-02 1.6e+01 2.64e-02  9e-03  5e-02 326:31.4
  318   3816 -3.166121686215226e-02 1.5e+01 2.53e-02  9e-03  5e-02 329:37.8
  321   3852 -3.168703867283135e-02 1.5e+01 2.35e-02  8e-03  4e-02 332:44.5
  324   3888 -3.172094560780533e-02 1.5e+01 2.29e-02  8e-03  4e-02 335:50.6
  327   3924 -3.178901602039987e-02 1.6e+01 2.22e-02  7e-03  4e-02 338:58.0
  330   3960 -3.177257629263401e-02 1.6e+01 2.08e-02  7e-03  4e-02 342:04.4
  333   3996 -3.181827299617938e-02 1.6e+01 2.04e-02  7e-03  4e-02 345:10.7
  336   4032 -3.181993324858682e-02 1.6e+01 2.07e-02  7e-03  4e-02 348:17.2
  339   4068 -3.187107258354118e-02 1.7e+01 2.12e-02  7e-03  4e-02 351:23.4
  342   4104 -3.186046545271753e-02 1.7e+01 1.87e-02  6e-03  3e-02 354:29.8
  345   4140 -3.190060750001529e-02 1.7e+01 1.79e-02  5e-03  3e-02 357:36.4
  348   4176 -3.192174209561972e-02 1.7e+01 1.89e-02  6e-03  3e-02 360:43.2
  351   4212 -3.199544669984660e-02 1.7e+01 2.06e-02  6e-03  4e-02 363:49.7
  354   4248 -3.200815743743613e-02 1.8e+01 2.32e-02  7e-03  4e-02 366:55.9
  357   4284 -3.200686307066489e-02 1.8e+01 2.48e-02  7e-03  4e-02 370:02.0
  360   4320 -3.202836436827414e-02 1.8e+01 2.29e-02  7e-03  4e-02 373:08.3
  363   4356 -3.204477562811612e-02 1.8e+01 2.15e-02  6e-03  4e-02 376:15.1
  366   4392 -3.205342346563479e-02 1.9e+01 2.05e-02  6e-03  4e-02 379:21.9
  369   4428 -3.208870549529291e-02 1.9e+01 1.99e-02  5e-03  3e-02 382:28.0
  373   4476 -3.211359990531566e-02 2.0e+01 2.13e-02  6e-03  4e-02 386:36.1
  377   4524 -3.214208496893090e-02 2.1e+01 1.98e-02  5e-03  3e-02 390:44.5
  381   4572 -3.216341901684399e-02 2.2e+01 1.91e-02  5e-03  3e-02 394:52.8
  385   4620 -3.216101003497639e-02 2.3e+01 2.01e-02  5e-03  4e-02 399:01.1
  389   4668 -3.218812690961213e-02 2.4e+01 1.84e-02  5e-03  3e-02 403:09.7
  393   4716 -3.219796631032383e-02 2.4e+01 1.72e-02  4e-03  3e-02 407:17.8
  397   4764 -3.220772937703223e-02 2.4e+01 1.59e-02  4e-03  3e-02 411:26.1
  400   4800 -3.221521175916679e-02 2.4e+01 1.56e-02  4e-03  3e-02 414:32.3
  404   4848 -3.222640303437824e-02 2.4e+01 1.62e-02  4e-03  3e-02 418:40.6
  408   4896 -3.224430880320483e-02 2.5e+01 1.76e-02  4e-03  3e-02 422:49.7
  412   4944 -3.225621815501682e-02 2.7e+01 1.90e-02  5e-03  3e-02 426:58.9
  416   4992 -3.226452741560126e-02 2.7e+01 2.04e-02  5e-03  4e-02 431:07.9
  420   5040 -3.228310206839565e-02 2.8e+01 2.27e-02  5e-03  4e-02 435:16.4
  424   5088 -3.229659720570089e-02 2.9e+01 2.39e-02  6e-03  5e-02 439:24.1
  428   5136 -3.234079371134554e-02 3.1e+01 2.83e-02  6e-03  6e-02 443:32.2
  432   5184 -3.233399092671201e-02 3.3e+01 3.18e-02  7e-03  7e-02 447:40.6
  436   5232 -3.231095572473641e-02 3.4e+01 2.85e-02  6e-03  6e-02 451:49.1
  440   5280 -3.233407742910459e-02 3.4e+01 2.50e-02  5e-03  6e-02 455:57.9
  444   5328 -3.234876788052087e-02 3.4e+01 2.20e-02  5e-03  5e-02 460:06.4
  448   5376 -3.238458769129914e-02 3.6e+01 2.20e-02  5e-03  5e-02 464:14.7
  452   5424 -3.238946506456833e-02 3.8e+01 2.08e-02  4e-03  5e-02 468:22.9
  456   5472 -3.241167749276137e-02 3.9e+01 1.82e-02  4e-03  4e-02 472:31.1
  460   5520 -3.242325048226775e-02 3.9e+01 1.69e-02  3e-03  4e-02 476:39.1
  464   5568 -3.244399079905487e-02 3.9e+01 1.54e-02  3e-03  4e-02 480:47.5
  468   5616 -3.246201022401817e-02 4.2e+01 1.79e-02  3e-03  4e-02 484:55.8
  472   5664 -3.248672764140164e-02 4.3e+01 2.13e-02  4e-03  5e-02 489:03.8
  476   5712 -3.247565740764639e-02 4.4e+01 2.21e-02  4e-03  5e-02 493:12.2
  480   5760 -3.250301793540595e-02 4.4e+01 2.20e-02  4e-03  5e-02 497:19.9
  484   5808 -3.249633796431745e-02 4.4e+01 2.24e-02  4e-03  5e-02 501:27.9
  488   5856 -3.252148069145216e-02 4.3e+01 2.10e-02  4e-03  5e-02 505:36.1
  492   5904 -3.252998259761732e-02 4.4e+01 2.40e-02  4e-03  6e-02 509:44.3
  496   5952 -3.256197542206199e-02 4.3e+01 2.63e-02  5e-03  6e-02 513:52.8
  500   6000 -3.257463662802474e-02 4.3e+01 3.03e-02  6e-03  7e-02 518:01.4
  504   6048 -3.258871157121197e-02 4.4e+01 3.17e-02  6e-03  7e-02 522:10.2
  508   6096 -3.261094830419427e-02 4.6e+01 3.23e-02  6e-03  7e-02 526:18.6
  512   6144 -3.260649523309981e-02 4.8e+01 3.10e-02  5e-03  7e-02 530:26.9
  516   6192 -3.262938579529206e-02 4.8e+01 2.39e-02  4e-03  5e-02 534:35.0
  520   6240 -3.262720725440484e-02 4.8e+01 2.16e-02  4e-03  5e-02 538:43.2
  524   6288 -3.264733664818351e-02 4.8e+01 1.88e-02  3e-03  4e-02 542:51.5
  528   6336 -3.265769442184822e-02 4.7e+01 1.60e-02  3e-03  3e-02 547:00.2
  532   6384 -3.266719493284807e-02 4.7e+01 1.42e-02  2e-03  3e-02 551:08.4
  536   6432 -3.268313787373837e-02 4.8e+01 1.47e-02  2e-03  3e-02 555:16.4
  540   6480 -3.268850960389442e-02 4.7e+01 1.73e-02  3e-03  4e-02 559:24.9
  544   6528 -3.269527199964595e-02 4.7e+01 1.85e-02  3e-03  4e-02 563:33.2
  548   6576 -3.271492444254359e-02 4.8e+01 1.71e-02  3e-03  3e-02 567:41.5
  552   6624 -3.275523710453963e-02 5.0e+01 1.94e-02  3e-03  4e-02 571:49.3
  556   6672 -3.276783002508077e-02 5.3e+01 2.72e-02  4e-03  6e-02 575:57.4
  560   6720 -3.278869952029452e-02 5.4e+01 3.14e-02  5e-03  8e-02 580:05.8
  564   6768 -3.284326338329294e-02 5.6e+01 3.05e-02  5e-03  7e-02 584:14.6
  568   6816 -3.287508129374560e-02 5.7e+01 3.03e-02  5e-03  8e-02 588:23.1
  572   6864 -3.291154024458528e-02 5.9e+01 2.85e-02  4e-03  7e-02 592:31.3
  576   6912 -3.300176920107390e-02 6.0e+01 3.22e-02  5e-03  9e-02 596:40.0
  580   6960 -3.305224503445600e-02 6.2e+01 3.16e-02  5e-03  9e-02 600:48.0
  584   7008 -3.305015901240222e-02 6.3e+01 3.21e-02  5e-03  9e-02 604:55.9
  588   7056 -3.308254530845206e-02 6.5e+01 3.20e-02  5e-03  9e-02 609:04.0
  592   7104 -3.310974312266808e-02 6.8e+01 3.19e-02  5e-03  9e-02 613:11.8
  596   7152 -3.320788214672259e-02 6.9e+01 3.67e-02  6e-03  1e-01 617:19.9
  600   7200 -3.318055241662401e-02 6.9e+01 3.89e-02  6e-03  1e-01 621:27.8
  604   7248 -3.322971515387508e-02 7.0e+01 4.11e-02  6e-03  1e-01 625:36.5
  608   7296 -3.328040330083896e-02 7.1e+01 4.95e-02  7e-03  1e-01 629:45.7
  612   7344 -3.329686628872836e-02 7.0e+01 4.92e-02  7e-03  1e-01 633:54.6
  616   7392 -3.331908799679564e-02 6.9e+01 4.23e-02  6e-03  1e-01 638:03.1
  621   7452 -3.336006698952904e-02 6.8e+01 3.61e-02  5e-03  1e-01 643:13.5
  626   7512 -3.334336259665210e-02 6.8e+01 3.38e-02  5e-03  9e-02 648:23.9
  631   7572 -3.338876908652672e-02 6.6e+01 3.17e-02  5e-03  8e-02 653:34.0
  636   7632 -3.340536555100484e-02 6.3e+01 3.48e-02  5e-03  9e-02 658:44.3
  641   7692 -3.347535566410959e-02 6.5e+01 4.09e-02  6e-03  1e-01 663:55.4
  646   7752 -3.350282690171971e-02 6.7e+01 4.29e-02  6e-03  1e-01 669:05.7
  651   7812 -3.356959440882132e-02 6.8e+01 4.54e-02  6e-03  1e-01 674:15.8
  656   7872 -3.358490769372575e-02 6.5e+01 4.75e-02  6e-03  1e-01 679:25.7
  661   7932 -3.367641776873519e-02 6.6e+01 4.95e-02  7e-03  1e-01 684:36.4
  666   7992 -3.372638563311462e-02 6.6e+01 4.82e-02  6e-03  1e-01 689:47.1
  671   8052 -3.378205929751790e-02 6.9e+01 5.36e-02  7e-03  1e-01 694:57.7
  676   8112 -3.395253972577501e-02 6.9e+01 6.60e-02  8e-03  2e-01 700:08.2
  681   8172 -3.393303036763207e-02 7.0e+01 7.86e-02  1e-02  2e-01 705:19.0
  686   8232 -3.399927768928106e-02 7.0e+01 7.17e-02  9e-03  2e-01 710:29.5
  691   8292 -3.405305634750765e-02 7.2e+01 7.55e-02  9e-03  2e-01 715:40.7
  696   8352 -3.425969406899768e-02 7.2e+01 6.24e-02  7e-03  2e-01 720:50.6
  700   8400 -3.424716856540669e-02 7.1e+01 5.81e-02  7e-03  2e-01 724:58.3
  705   8460 -3.430366977322287e-02 7.0e+01 4.65e-02  5e-03  1e-01 730:08.2
  710   8520 -3.434788809463919e-02 7.3e+01 4.61e-02  5e-03  1e-01 735:18.8
  715   8580 -3.445948987715837e-02 7.5e+01 4.78e-02  5e-03  1e-01 740:28.9
  720   8640 -3.462199666150201e-02 8.2e+01 5.58e-02  6e-03  2e-01 745:39.9
  725   8700 -3.465674437761505e-02 8.9e+01 6.55e-02  7e-03  2e-01 750:51.3
