Running job array 9 on pe78.int.triton.aalto.fi
Starting at Fri Mar 21 16:01:40 EET 2025
Activating virtual environment at /scratch/work/uotilav2/quantum-portfolio/venv
Processing batch 10/100: experiments 9 to 9 (total 1)
Processing experiment 9
Budget: 335
YF.download() has changed argument auto_adjust default to True
Number of qubits for asset CSCO: 3
Number of qubits for asset MMM: 2
Number of qubits for asset V: 1
Total number of qubits:  6
Optimized Weights (considering variance, skewness and kurtosis):
CSCO: 7.63%
MMM: 0.00%
V: 92.37%
Left over budget:  19.490875244984352
Optimized Discrete Allocation:
V: 1
Maximized utility from continuous higher moments:  0.13663221848832977
Budget constraint not satisfied 352.7959442138672 335 Difference:  -17.795944213867188
Budget constraint satisfied 315.7120132446289 335 Difference:  19.287986755371094
smallest_eigenvalues: [-0.22731959245836617]
smallest_bitstrings: ['011000']
first_excited_energy: -0.2272210470674464
optimized_portfolio: [{'CSCO': 6, 'MMM': 0, 'V': 0}]
second_optimized_portfolio: [{'CSCO': 1, 'MMM': 2, 'V': 0}]
result_with_budget: [{'portfolio': {'CSCO': 6, 'MMM': 0, 'V': 0}, 'budget': 352.7959442138672, 'difference': -17.795944213867188, 'objective_value': -62.4015292650605}]
result_with_budget_excited: [{'portfolio': {'CSCO': 1, 'MMM': 2, 'V': 0}, 'budget': 315.7120132446289, 'difference': 19.287986755371094, 'objective_value': -2.094621994594269}]
Initial params:  [2.9078476  0.22316636 0.27372477 0.06351797 2.61575239 2.44465153
 2.73322377 3.07442019 2.51063067 1.44978017 2.45210473 0.37157007]
(5_w,11)-aCMA-ES (mu_w=3.4,w_1=42%) in dimension 12 (seed=630630, Fri Mar 21 16:02:00 2025)
Iterat #Fevals   function value  axis ratio  sigma  min&max std  t[m:s]
    1     11 -2.404469482312837e-02 1.0e+00 1.04e-01  1e-01  1e-01 0:02.2
    2     22 -8.599888462546221e-02 1.2e+00 1.14e-01  1e-01  1e-01 0:04.3
    3     33 -1.186826813678882e-01 1.2e+00 1.22e-01  1e-01  1e-01 0:06.4
    5     55 -1.392047129944291e-01 1.3e+00 1.52e-01  1e-01  2e-01 0:10.6
    7     77 -1.104200212131951e-01 1.4e+00 1.65e-01  2e-01  2e-01 0:14.8
   10    110 -1.514782425633180e-01 1.7e+00 2.25e-01  2e-01  3e-01 0:21.1
   13    143 -1.759876437980201e-01 1.7e+00 2.58e-01  2e-01  3e-01 0:27.4
   17    187 -1.877094921806166e-01 2.0e+00 2.64e-01  2e-01  3e-01 0:35.9
   21    231 -1.747952618063274e-01 2.1e+00 2.57e-01  2e-01  3e-01 0:44.3
   26    286 -1.764306690838326e-01 2.2e+00 1.99e-01  2e-01  2e-01 0:54.8
   31    341 -1.740931773362248e-01 2.6e+00 1.77e-01  1e-01  2e-01 1:05.3
   37    407 -1.802993035516111e-01 3.2e+00 1.50e-01  1e-01  2e-01 1:18.1
   43    473 -1.815127856115289e-01 3.7e+00 1.44e-01  1e-01  2e-01 1:30.7
   50    550 -1.877591568243220e-01 4.3e+00 1.27e-01  8e-02  2e-01 1:45.4
   57    627 -1.914178911946422e-01 5.0e+00 9.34e-02  6e-02  1e-01 2:00.3
   65    715 -1.966472075868466e-01 6.1e+00 7.13e-02  4e-02  1e-01 2:17.1
   73    803 -1.985409802778232e-01 8.0e+00 7.46e-02  4e-02  1e-01 2:33.9
   82    902 -1.997220224977167e-01 8.5e+00 6.43e-02  3e-02  1e-01 2:52.9
   91   1001 -2.009679206789595e-01 1.1e+01 5.57e-02  2e-02  1e-01 3:11.9
  100   1100 -2.016127100270965e-01 1.4e+01 4.83e-02  2e-02  8e-02 3:30.7
  110   1210 -2.025517309793526e-01 1.9e+01 5.80e-02  2e-02  1e-01 3:51.8
  120   1320 -2.026714517471766e-01 2.0e+01 4.07e-02  1e-02  8e-02 4:12.8
  131   1441 -2.028165657328885e-01 2.2e+01 4.07e-02  9e-03  7e-02 4:35.8
  142   1562 -2.032310517733487e-01 2.3e+01 6.17e-02  1e-02  1e-01 4:59.1
  154   1694 -2.033552102074595e-01 2.6e+01 3.64e-02  6e-03  7e-02 5:24.4
  166   1826 -2.036080726235789e-01 3.1e+01 3.78e-02  5e-03  7e-02 5:49.6
  179   1969 -2.043484068519293e-01 6.1e+01 7.90e-02  1e-02  2e-01 6:16.9
  192   2112 -2.053746817427398e-01 7.8e+01 1.17e-01  1e-02  4e-01 6:44.2
  200   2200 -2.063268825301499e-01 9.0e+01 1.44e-01  2e-02  5e-01 7:00.9
  214   2354 -2.073248645156493e-01 8.1e+01 1.05e-01  1e-02  3e-01 7:30.4
  229   2519 -2.087705035005548e-01 7.4e+01 1.04e-01  1e-02  3e-01 8:02.3
  244   2684 -2.093032897354622e-01 9.0e+01 9.06e-02  7e-03  3e-01 8:33.7
  260   2860 -2.102260133533239e-01 1.1e+02 8.36e-02  5e-03  3e-01 9:07.2
  276   3036 -2.112084814505454e-01 1.3e+02 1.23e-01  7e-03  5e-01 9:41.2
  292   3212 -2.117305291860579e-01 1.5e+02 1.14e-01  5e-03  5e-01 10:15.5
  300   3300 -2.121538950781914e-01 1.6e+02 1.17e-01  5e-03  5e-01 10:32.4
  318   3498 -2.126132725122876e-01 1.8e+02 7.97e-02  3e-03  3e-01 11:10.1
  336   3696 -2.127940319900934e-01 1.6e+02 7.59e-02  3e-03  3e-01 11:47.7
  355   3905 -2.129773354430720e-01 1.6e+02 5.70e-02  2e-03  2e-01 12:27.6
  374   4114 -2.129917805277395e-01 1.8e+02 1.87e-02  5e-04  5e-02 13:07.4
  393   4323 -2.129958974842626e-01 1.8e+02 1.10e-02  3e-04  3e-02 13:47.9
  400   4400 -2.129963481157598e-01 1.7e+02 7.57e-03  2e-04  2e-02 14:02.6
  420   4620 -2.129966398018942e-01 2.0e+02 4.03e-03  8e-05  9e-03 14:45.3
  441   4851 -2.129967263777800e-01 2.1e+02 1.79e-03  3e-05  4e-03 15:29.5
  462   5082 -2.129967648469575e-01 2.3e+02 2.24e-03  4e-05  5e-03 16:13.7
  484   5324 -2.129969629784959e-01 4.6e+02 6.30e-03  9e-05  2e-02 17:00.4
  500   5500 -2.129979742631178e-01 9.5e+02 1.67e-02  2e-04  1e-01 17:33.8
  523   5753 -2.131231857299804e-01 1.7e+03 1.08e-01  1e-03  1e+00 18:21.9
  546   6006 -2.137050780223893e-01 8.6e+02 2.88e-01  3e-03  2e+00 19:10.0
  570   6270 -2.145081253152501e-01 5.9e+02 2.45e-01  3e-03  8e-01 20:00.2
  594   6534 -2.149963350556126e-01 4.8e+02 2.79e-01  3e-03  7e-01 20:50.3
  600   6600 -2.151504244156759e-01 4.2e+02 2.42e-01  3e-03  5e-01 21:02.9
  625   6875 -2.153082881480962e-01 3.6e+02 1.26e-01  1e-03  2e-01 21:55.1
  651   7161 -2.153301987126934e-01 3.4e+02 5.82e-02  4e-04  9e-02 22:49.5
  677   7447 -2.153325186782229e-01 3.4e+02 1.09e-02  7e-05  2e-02 23:43.7
  700   7700 -2.153325648287611e-01 3.5e+02 3.67e-03  2e-05  4e-03 24:31.8
  727   7997 -2.153325690781331e-01 3.1e+02 6.94e-04  3e-06  6e-04 25:28.2
  755   8305 -2.153325691740287e-01 3.1e+02 1.19e-04  5e-07  9e-05 26:26.7
  783   8613 -2.153325691760501e-01 2.9e+02 1.50e-05  5e-08  9e-06 27:25.2
  787   8657 -2.153325691760586e-01 2.8e+02 1.04e-05  3e-08  6e-06 27:33.5
Budget constraint satisfied 315.5091247558594 335 Difference:  19.490875244140625
Budget constraint satisfied 304.8543167114258 335 Difference:  30.14568328857422
two_most_probable_states: ['000001', '110100']
final_expectation_value: -0.2153325691760612
params: [1.2483540523129986, -1.279352032204188, -6.237331816071563, -9.588703531694513, 26.48115397489068, 13.643870699825733, 1.9439869255406845, 3.7236326749222286, 3.2759246914164684, 0.059496919591239324, 3.0504498876856045, -0.050576208044031554]
total_steps: 787
states_probs: [0.07739086780025785, 0.07971495800175155]
optimized_portfolios: [{'CSCO': 0, 'MMM': 0, 'V': 1}, {'CSCO': 3, 'MMM': 1, 'V': 0}]
objective_values: [0.13663221848832977, -5.349716009056899]
result_with_budget: [{'portfolio': {'CSCO': 0, 'MMM': 0, 'V': 1}, 'budget': 315.5091247558594, 'difference': 19.490875244140625}, {'portfolio': {'CSCO': 3, 'MMM': 1, 'V': 0}, 'budget': 304.8543167114258, 'difference': 30.14568328857422}]
Batch 10/100 completed. Results saved to portfolio_optimization_results_batch_9.json
Job finished at Fri Mar 21 16:30:17 EET 2025
