Running job array 28 on pe78.int.triton.aalto.fi
Starting at Fri Mar 14 10:12:07 EET 2025
Activating virtual environment at /scratch/work/uotilav2/quantum-portfolio/venv
Processing batch 29/30: experiments 417 to 430 (total 14)
Processing experiment 417
Budget: 166.6339111328125
YF.download() has changed argument auto_adjust default to True
Expected returns: 0.1081455484114885
Covariance matrix: 0.32379880754386287
3rd-order coskewness tensor: 0.33645110486701907
4th-order cokurtosis tensor: 6.397516943002609
Number of qubits for asset AMGN: 1
Number of qubits for asset AXP: 1
Number of qubits for asset CSCO: 2
Number of qubits for asset DIS: 1
Number of qubits for asset HD: 1
Number of qubits for asset JNJ: 1
Number of qubits for asset KO: 2
Number of qubits for asset PG: 1
Number of qubits for asset V: 1
Total number of qubits:  11
Optimized Weights (considering variance, skewness and kurtosis):
AMGN: 31.11%
AXP: 5.36%
CSCO: 6.01%
DIS: 19.59%
HD: 0.00%
JNJ: 15.11%
KO: 6.50%
PG: 7.96%
V: 8.36%
Left over budget:  55.283910779093375
Optimized Discrete Allocation:
DIS: 1
Maximized utility from continuous higher moments:  -2.684557312994195
Budget constraint satisfied 166.6339111328125 166.6339111328125 Difference:  0.0
Budget constraint not satisfied 170.14932250976562 166.6339111328125 Difference:  -3.515411376953125
smallest_eigenvalues: [-0.007904986927787062]
smallest_bitstrings: ['00000000010']
first_excited_energy: -0.007894833219108851
optimized_portfolio: [{'AMGN': 0, 'AXP': 0, 'CSCO': 0, 'DIS': 0, 'HD': 0, 'JNJ': 0, 'KO': 0, 'PG': 1, 'V': 0}]
second_optimized_portfolio: [{'AMGN': 0, 'AXP': 0, 'CSCO': 1, 'DIS': 1, 'HD': 0, 'JNJ': 0, 'KO': 0, 'PG': 0, 'V': 0}]
result_with_budget: [{'portfolio': {'AMGN': 0, 'AXP': 0, 'CSCO': 0, 'DIS': 0, 'HD': 0, 'JNJ': 0, 'KO': 0, 'PG': 1, 'V': 0}, 'budget': 166.6339111328125, 'difference': 0.0, 'objective_value': -2.834817006672776}]
result_with_budget_excited: [{'portfolio': {'AMGN': 0, 'AXP': 0, 'CSCO': 1, 'DIS': 1, 'HD': 0, 'JNJ': 0, 'KO': 0, 'PG': 0, 'V': 0}, 'budget': 170.14932250976562, 'difference': -3.515411376953125, 'objective_value': -12.510555196982324}]
Initial params:  [2.51063067 1.44978017 2.45210473 0.37157007 2.01037118 0.45035763
 2.96776493 1.63943485 1.3026989  0.83112597 2.43232687 1.43303853
 1.78578792 0.0590299  1.94035914 1.92295543 1.93815531 2.96487203
 2.14200164 1.12942738]
(6_w,12)-aCMA-ES (mu_w=3.7,w_1=40%) in dimension 20 (seed=995724, Fri Mar 14 10:12:30 2025)
Iterat #Fevals   function value  axis ratio  sigma  min&max std  t[m:s]
    1     12 9.571905363268010e-02 1.0e+00 1.35e+00  1e+00  1e+00 0:43.5
    2     24 2.035028658972158e-02 1.1e+00 1.25e+00  1e+00  1e+00 1:27.1
    3     36 6.930577061422203e-03 1.1e+00 1.21e+00  1e+00  1e+00 2:09.2
    4     48 8.669982491028390e-02 1.2e+00 1.24e+00  1e+00  1e+00 2:51.1
    5     60 2.212225383268423e-02 1.2e+00 1.30e+00  1e+00  1e+00 3:32.9
    6     72 2.540443749922178e-02 1.3e+00 1.29e+00  1e+00  1e+00 4:14.8
    7     84 3.306659637533473e-02 1.3e+00 1.28e+00  1e+00  1e+00 4:56.5
    8     96 3.147165724923975e-02 1.3e+00 1.30e+00  1e+00  1e+00 5:38.4
    9    108 7.897286200022025e-03 1.3e+00 1.27e+00  1e+00  1e+00 6:20.3
   10    120 8.968690849471794e-02 1.4e+00 1.28e+00  1e+00  1e+00 7:02.4
   11    132 1.114019056836608e-01 1.4e+00 1.25e+00  1e+00  1e+00 7:44.4
   12    144 7.419009730501945e-02 1.4e+00 1.23e+00  1e+00  1e+00 8:26.4
   13    156 4.429071869414272e-02 1.4e+00 1.17e+00  1e+00  1e+00 9:08.3
   14    168 1.997869688273535e-02 1.4e+00 1.23e+00  1e+00  1e+00 9:50.1
   15    180 8.169627629935935e-02 1.5e+00 1.23e+00  1e+00  1e+00 10:32.0
   16    192 1.169414482315172e-02 1.5e+00 1.22e+00  1e+00  1e+00 11:14.0
   17    204 9.590157030024837e-03 1.6e+00 1.18e+00  1e+00  1e+00 11:55.9
   18    216 1.947490293149258e-03 1.6e+00 1.15e+00  1e+00  1e+00 12:38.0
   19    228 1.228260508956532e-02 1.6e+00 1.15e+00  1e+00  1e+00 13:20.0
   20    240 2.723488618088610e-02 1.6e+00 1.15e+00  1e+00  1e+00 14:01.7
   21    252 4.574689406260132e-02 1.6e+00 1.19e+00  1e+00  1e+00 14:43.8
   22    264 1.485835684969419e-02 1.7e+00 1.19e+00  1e+00  1e+00 15:25.6
   23    276 1.910982414594660e-02 1.7e+00 1.18e+00  1e+00  1e+00 16:07.5
   24    288 1.974368010599793e-02 1.7e+00 1.19e+00  1e+00  1e+00 16:49.5
   25    300 5.522189971745199e-02 1.7e+00 1.18e+00  1e+00  1e+00 17:31.4
   26    312 2.121030399468963e-02 1.7e+00 1.18e+00  1e+00  1e+00 18:13.4
   27    324 2.226731838716670e-02 1.7e+00 1.19e+00  1e+00  1e+00 18:55.4
   28    336 4.423776963211055e-02 1.7e+00 1.18e+00  1e+00  1e+00 19:37.4
   29    348 4.454724327362125e-03 1.7e+00 1.16e+00  1e+00  1e+00 20:19.3
   30    360 2.924523108017076e-02 1.7e+00 1.16e+00  1e+00  1e+00 21:01.3
   31    372 8.114890566683568e-03 1.7e+00 1.17e+00  1e+00  1e+00 21:43.5
   32    384 1.012481193443627e-02 1.7e+00 1.17e+00  1e+00  1e+00 22:25.4
   33    396 2.400276554837018e-02 1.7e+00 1.11e+00  1e+00  1e+00 23:07.4
   34    408 3.932492945912360e-02 1.8e+00 1.07e+00  1e+00  1e+00 23:49.5
   35    420 7.936279649188169e-03 1.8e+00 1.07e+00  1e+00  1e+00 24:31.5
   36    432 4.635035380446153e-02 1.8e+00 1.08e+00  1e+00  1e+00 25:13.6
   37    444 4.674154564433395e-03 1.8e+00 1.09e+00  1e+00  1e+00 25:55.6
   38    456 1.906384057320838e-02 1.8e+00 1.06e+00  1e+00  1e+00 26:37.7
   39    468 2.192519688909741e-02 1.8e+00 1.04e+00  9e-01  1e+00 27:19.7
   40    480 9.165393847329652e-03 1.9e+00 1.04e+00  9e-01  1e+00 28:01.8
   41    492 5.092482785096690e-02 1.9e+00 1.05e+00  1e+00  1e+00 28:43.8
   42    504 3.994289980112020e-02 1.9e+00 1.07e+00  1e+00  1e+00 29:26.0
   43    516 3.703075507724986e-02 1.9e+00 1.09e+00  1e+00  1e+00 30:08.3
   45    540 2.950949719814366e-02 1.9e+00 1.06e+00  1e+00  1e+00 31:32.6
   47    564 1.786842862494245e-02 1.9e+00 1.08e+00  1e+00  1e+00 32:56.5
   49    588 1.588659256990518e-02 1.9e+00 1.13e+00  1e+00  1e+00 34:20.8
   51    612 4.847674827268483e-02 1.9e+00 1.27e+00  1e+00  1e+00 35:44.8
   53    636 7.152252171940164e-03 2.0e+00 1.40e+00  1e+00  2e+00 37:08.6
   55    660 2.185267689985245e-02 2.1e+00 1.51e+00  1e+00  2e+00 38:32.4
   57    684 2.448704873590920e-02 2.2e+00 1.60e+00  1e+00  2e+00 39:56.3
   59    708 5.213380389624981e-02 2.3e+00 1.73e+00  2e+00  2e+00 41:20.4
   61    732 2.843166945578437e-02 2.4e+00 1.81e+00  2e+00  2e+00 42:44.6
   63    756 1.416099970227773e-02 2.5e+00 1.83e+00  2e+00  2e+00 44:08.8
   65    780 5.310206997204488e-02 2.5e+00 1.66e+00  1e+00  2e+00 45:33.2
   67    804 2.998337489901878e-02 2.5e+00 1.55e+00  1e+00  2e+00 46:57.4
   69    828 1.009909694335158e-01 2.5e+00 1.55e+00  1e+00  2e+00 48:22.1
   71    852 4.274716524812761e-03 2.6e+00 1.47e+00  1e+00  2e+00 49:46.8
   73    876 1.401030593011168e-02 2.6e+00 1.51e+00  1e+00  2e+00 51:11.4
   75    900 5.513772589394437e-02 2.6e+00 1.64e+00  1e+00  2e+00 52:35.9
   77    924 1.744534354960909e-02 2.7e+00 1.83e+00  2e+00  2e+00 54:00.5
   79    948 5.147717055142608e-02 2.8e+00 1.87e+00  2e+00  2e+00 55:24.7
   81    972 4.259542150824354e-02 2.8e+00 1.90e+00  2e+00  2e+00 56:48.8
   83    996 3.475816395114060e-02 2.8e+00 1.78e+00  2e+00  2e+00 58:12.9
   85   1020 2.606074701482666e-02 2.8e+00 1.78e+00  2e+00  2e+00 59:37.1
   87   1044 6.314736139346961e-03 2.8e+00 1.97e+00  2e+00  2e+00 61:01.6
   89   1068 1.609884941545274e-02 2.8e+00 2.09e+00  2e+00  3e+00 62:25.9
   91   1092 1.915549101394697e-01 2.9e+00 2.11e+00  2e+00  3e+00 63:50.1
   93   1116 4.061418493659216e-02 2.9e+00 2.21e+00  2e+00  3e+00 65:13.8
   95   1140 7.457307373151903e-02 2.9e+00 2.17e+00  2e+00  3e+00 66:37.6
   97   1164 6.929437395419638e-02 2.9e+00 2.06e+00  2e+00  2e+00 68:01.7
   99   1188 7.039653245145146e-02 2.9e+00 2.09e+00  2e+00  2e+00 69:25.5
  100   1200 4.560780952367227e-02 2.9e+00 2.11e+00  2e+00  3e+00 70:07.4
  102   1224 5.536929075033540e-02 2.9e+00 2.03e+00  2e+00  2e+00 71:30.4
  104   1248 5.380785291144722e-02 2.9e+00 2.02e+00  2e+00  2e+00 72:51.5
  106   1272 2.417569668485488e-02 2.8e+00 2.05e+00  2e+00  2e+00 74:12.9
  108   1296 3.622570769176529e-02 2.8e+00 1.97e+00  2e+00  2e+00 75:34.3
  110   1320 4.475180747060064e-02 2.9e+00 2.00e+00  2e+00  2e+00 76:55.5
  112   1344 8.023541235369556e-02 2.9e+00 1.99e+00  2e+00  2e+00 78:16.7
  114   1368 1.258528186161817e-01 2.9e+00 2.00e+00  2e+00  2e+00 79:37.9
  116   1392 8.052592429991986e-03 2.9e+00 2.09e+00  2e+00  2e+00 80:59.2
  118   1416 1.886042515941583e-01 3.1e+00 2.11e+00  2e+00  2e+00 82:20.7
  120   1440 6.180497759215526e-02 3.1e+00 2.11e+00  2e+00  2e+00 83:41.9
  123   1476 8.016908639956474e-02 3.1e+00 1.90e+00  2e+00  2e+00 85:44.4
  126   1512 6.079321260114681e-02 3.2e+00 1.97e+00  2e+00  2e+00 87:46.4
  129   1548 9.505402109459060e-02 3.2e+00 1.86e+00  2e+00  2e+00 89:48.4
  132   1584 7.043241829412701e-02 3.2e+00 1.56e+00  1e+00  2e+00 91:50.1
  135   1620 8.519427188380717e-02 3.2e+00 1.45e+00  1e+00  2e+00 93:51.9
  138   1656 7.823871065714730e-02 3.1e+00 1.41e+00  1e+00  2e+00 95:53.7
  141   1692 1.092867416942900e-01 3.1e+00 1.56e+00  1e+00  2e+00 97:55.6
  144   1728 1.522627408383412e-01 3.0e+00 1.64e+00  1e+00  2e+00 99:57.5
  147   1764 6.659536602387811e-02 3.2e+00 1.59e+00  1e+00  2e+00 101:59.4
  150   1800 1.233352448044295e-01 3.1e+00 1.50e+00  1e+00  2e+00 104:01.1
  153   1836 6.924268373135006e-02 3.1e+00 1.38e+00  1e+00  2e+00 106:02.7
  156   1872 1.381635591027066e-01 3.2e+00 1.28e+00  1e+00  1e+00 108:05.3
  159   1908 3.737714824927343e-02 3.2e+00 1.14e+00  1e+00  1e+00 110:07.1
  162   1944 4.073746001764707e-02 3.2e+00 1.11e+00  9e-01  1e+00 112:09.1
  165   1980 4.336987272519831e-02 3.3e+00 1.01e+00  8e-01  1e+00 114:10.9
  168   2016 3.250536959573973e-02 3.4e+00 9.05e-01  7e-01  1e+00 116:12.9
  171   2052 1.144364903417266e-01 3.5e+00 8.65e-01  7e-01  1e+00 118:14.6
  174   2088 4.293233089694104e-02 3.6e+00 8.79e-01  7e-01  1e+00 120:15.9
  177   2124 3.857591528189478e-02 3.6e+00 8.57e-01  7e-01  1e+00 122:17.7
  180   2160 3.184352953202831e-02 3.5e+00 8.44e-01  7e-01  9e-01 124:19.5
  183   2196 8.298451140810034e-02 3.6e+00 7.71e-01  6e-01  8e-01 126:22.0
  186   2232 2.887668583747349e-02 3.6e+00 6.90e-01  6e-01  8e-01 128:24.0
  189   2268 8.102775366660848e-02 3.4e+00 6.78e-01  6e-01  7e-01 130:25.9
  192   2304 1.196493075134301e-01 3.5e+00 6.69e-01  5e-01  7e-01 132:27.6
  195   2340 8.509901301340589e-02 3.5e+00 6.99e-01  6e-01  8e-01 134:29.2
  198   2376 8.817603502827009e-02 3.6e+00 7.33e-01  6e-01  8e-01 136:31.2
  200   2400 4.439215776953714e-02 3.7e+00 7.20e-01  6e-01  8e-01 137:52.5
  203   2436 7.907110311623763e-02 3.7e+00 6.68e-01  5e-01  7e-01 139:54.7
  206   2472 6.035663173519805e-02 3.7e+00 6.24e-01  5e-01  7e-01 141:56.4
  209   2508 2.822775766972246e-02 3.8e+00 6.24e-01  5e-01  7e-01 143:58.4
  212   2544 8.931500208947596e-02 3.8e+00 6.00e-01  5e-01  7e-01 146:00.1
  215   2580 7.611241248292171e-02 3.8e+00 6.37e-01  5e-01  7e-01 148:01.9
  218   2616 7.801639261260475e-02 3.7e+00 6.22e-01  5e-01  7e-01 150:03.9
  221   2652 1.108551235192349e-01 3.6e+00 6.61e-01  5e-01  7e-01 152:06.0
  224   2688 4.832309027306001e-02 3.7e+00 7.90e-01  6e-01  9e-01 154:08.1
  227   2724 4.673445684500135e-02 3.7e+00 8.52e-01  7e-01  1e+00 156:10.2
  230   2760 2.872913606934298e-02 3.6e+00 8.71e-01  7e-01  1e+00 158:12.4
  233   2796 3.479160057380633e-02 3.6e+00 8.53e-01  7e-01  1e+00 160:14.3
  236   2832 7.012850169541140e-02 3.7e+00 8.13e-01  6e-01  9e-01 162:16.3
  239   2868 1.067888864413436e-01 3.7e+00 7.47e-01  6e-01  8e-01 164:17.7
  243   2916 6.611304303910003e-02 3.7e+00 6.91e-01  5e-01  8e-01 166:59.9
  247   2964 6.867633971239658e-02 3.7e+00 6.71e-01  5e-01  8e-01 169:42.2
  251   3012 7.276433403669944e-02 3.7e+00 7.59e-01  6e-01  8e-01 172:24.3
  255   3060 3.121548057293072e-02 3.7e+00 7.37e-01  6e-01  8e-01 175:05.9
  259   3108 8.707749964272629e-02 3.8e+00 7.06e-01  5e-01  8e-01 177:47.8
  263   3156 6.961605021744552e-02 3.9e+00 6.56e-01  5e-01  8e-01 180:29.9
  267   3204 2.300453932626254e-02 3.9e+00 6.43e-01  5e-01  7e-01 183:12.2
  271   3252 1.112771357619207e-01 4.0e+00 6.52e-01  5e-01  7e-01 185:54.7
  275   3300 6.502854305730665e-02 4.1e+00 6.42e-01  5e-01  7e-01 188:36.6
  279   3348 1.213539938790006e-01 4.2e+00 6.72e-01  5e-01  8e-01 191:18.8
  283   3396 1.285535488452985e-01 4.3e+00 5.62e-01  4e-01  7e-01 194:01.0
  287   3444 1.101830986481185e-02 4.4e+00 4.91e-01  4e-01  6e-01 196:44.0
  291   3492 1.117925046968181e-01 4.4e+00 4.96e-01  4e-01  6e-01 199:26.6
  295   3540 7.367596484760416e-02 4.3e+00 4.93e-01  4e-01  6e-01 202:08.4
  299   3588 2.856916386731082e-02 4.4e+00 4.65e-01  4e-01  5e-01 204:51.0
  300   3600 1.210011072378225e-01 4.4e+00 4.57e-01  3e-01  5e-01 205:31.7
  304   3648 2.605372230519355e-02 4.5e+00 4.45e-01  3e-01  5e-01 208:14.2
  308   3696 3.936518350122740e-02 4.4e+00 3.69e-01  3e-01  4e-01 210:56.6
  312   3744 2.358941772104518e-02 4.6e+00 3.56e-01  3e-01  4e-01 213:39.2
  316   3792 4.360876890973604e-02 4.6e+00 3.77e-01  3e-01  4e-01 216:21.3
  320   3840 3.503084449741944e-02 4.6e+00 4.17e-01  3e-01  5e-01 219:03.8
  324   3888 4.990460797359919e-02 4.7e+00 3.53e-01  3e-01  4e-01 221:46.5
  328   3936 4.543285337939271e-02 4.7e+00 3.23e-01  2e-01  4e-01 224:29.3
  332   3984 1.825980714255336e-02 4.7e+00 2.98e-01  2e-01  3e-01 227:11.8
  336   4032 4.723318155947526e-02 4.6e+00 2.97e-01  2e-01  3e-01 229:53.9
  340   4080 1.479582741876778e-02 4.5e+00 3.04e-01  2e-01  3e-01 232:36.6
  344   4128 2.023381221005642e-02 4.7e+00 2.99e-01  2e-01  3e-01 235:19.5
  348   4176 3.142413098383466e-02 4.9e+00 2.73e-01  2e-01  3e-01 238:02.6
  352   4224 9.789024792917857e-03 5.0e+00 2.39e-01  2e-01  3e-01 240:45.7
  356   4272 2.024558170171003e-02 5.1e+00 2.64e-01  2e-01  3e-01 243:28.5
  360   4320 1.311478685390221e-02 5.3e+00 2.56e-01  2e-01  3e-01 246:11.4
  364   4368 8.320005532651595e-03 5.1e+00 2.85e-01  2e-01  3e-01 248:54.5
  368   4416 2.765633890033966e-02 5.2e+00 2.56e-01  2e-01  3e-01 251:37.5
  372   4464 1.158656897986935e-02 5.4e+00 2.31e-01  2e-01  2e-01 254:20.4
  376   4512 5.639966450343716e-03 5.4e+00 2.08e-01  1e-01  2e-01 257:03.1
  380   4560 3.308926059114507e-03 5.5e+00 1.88e-01  1e-01  2e-01 259:45.8
  384   4608 -2.851296645268612e-04 5.8e+00 1.73e-01  1e-01  2e-01 262:27.9
  388   4656 -1.436019796837107e-03 6.1e+00 1.66e-01  1e-01  2e-01 265:10.6
  392   4704 2.064847058868406e-03 6.4e+00 1.76e-01  1e-01  2e-01 267:52.8
  396   4752 1.096145976494248e-03 6.8e+00 1.85e-01  1e-01  2e-01 270:35.1
  400   4800 3.207239200031901e-04 7.1e+00 1.66e-01  1e-01  2e-01 273:17.5
  405   4860 -1.194034482401442e-03 7.1e+00 1.51e-01  1e-01  2e-01 276:40.4
  410   4920 4.023035466552086e-04 7.2e+00 1.33e-01  9e-02  2e-01 280:03.2
  415   4980 3.823623137072026e-04 7.4e+00 1.21e-01  8e-02  1e-01 283:26.2
  420   5040 -6.250142943067011e-04 7.5e+00 1.12e-01  8e-02  1e-01 286:49.3
  425   5100 -3.126183079806996e-04 7.7e+00 1.11e-01  7e-02  1e-01 290:12.3
  430   5160 -1.578600819139447e-03 7.8e+00 1.19e-01  8e-02  1e-01 293:35.7
  435   5220 -1.478522857763659e-03 7.9e+00 1.32e-01  9e-02  2e-01 296:59.0
  440   5280 -1.063984073822250e-03 8.0e+00 1.35e-01  9e-02  2e-01 300:22.4
  445   5340 -1.046426863608806e-03 8.2e+00 1.13e-01  7e-02  1e-01 303:46.2
  450   5400 -2.010469498983090e-03 8.4e+00 1.05e-01  6e-02  1e-01 307:09.7
  455   5460 -2.028796318186825e-03 8.6e+00 8.72e-02  5e-02  1e-01 310:33.2
  460   5520 -2.212275090026815e-03 9.1e+00 7.71e-02  4e-02  9e-02 313:56.5
  465   5580 -2.271483539788403e-03 9.6e+00 7.70e-02  4e-02  9e-02 317:19.8
  470   5640 -2.490232984568142e-03 9.8e+00 6.77e-02  4e-02  8e-02 320:43.1
  475   5700 -2.395601892825876e-03 1.0e+01 6.19e-02  3e-02  7e-02 324:05.7
  480   5760 -2.510524235270617e-03 1.1e+01 5.63e-02  3e-02  6e-02 327:28.6
  485   5820 -2.480330327596865e-03 1.1e+01 5.23e-02  3e-02  6e-02 330:51.6
  490   5880 -2.562985352021990e-03 1.1e+01 4.42e-02  2e-02  5e-02 334:14.8
  495   5940 -2.602222163819113e-03 1.1e+01 4.29e-02  2e-02  5e-02 337:37.9
  500   6000 -2.663657151618848e-03 1.1e+01 4.58e-02  2e-02  5e-02 341:00.7
  505   6060 -2.718718764184553e-03 1.2e+01 4.08e-02  2e-02  5e-02 344:23.9
  510   6120 -2.743223878609743e-03 1.2e+01 3.62e-02  2e-02  4e-02 347:47.0
  515   6180 -2.797181286508243e-03 1.3e+01 3.14e-02  1e-02  3e-02 351:09.6
  520   6240 -2.827674241593863e-03 1.3e+01 2.40e-02  1e-02  3e-02 354:32.1
  525   6300 -2.861890759931432e-03 1.4e+01 2.25e-02  9e-03  2e-02 357:55.4
  530   6360 -2.891130223772416e-03 1.4e+01 2.19e-02  9e-03  2e-02 361:18.2
  535   6420 -2.949244568520097e-03 1.5e+01 2.56e-02  1e-02  3e-02 364:41.2
  540   6480 -2.952847328492339e-03 1.5e+01 2.41e-02  9e-03  3e-02 368:04.1
  545   6540 -2.979676820702117e-03 1.5e+01 2.62e-02  1e-02  3e-02 371:27.1
  550   6600 -2.984255650759606e-03 1.6e+01 2.61e-02  1e-02  3e-02 374:50.2
  555   6660 -3.029683943240572e-03 1.5e+01 2.37e-02  9e-03  3e-02 378:12.6
  560   6720 -3.060790085293305e-03 1.6e+01 2.55e-02  9e-03  3e-02 381:35.4
  565   6780 -3.071962172470363e-03 1.7e+01 2.55e-02  9e-03  3e-02 384:58.4
  570   6840 -3.115619517038101e-03 1.9e+01 3.39e-02  1e-02  5e-02 388:21.4
  575   6900 -3.214758466169227e-03 2.1e+01 4.91e-02  2e-02  8e-02 391:44.0
  580   6960 -3.240211653864605e-03 2.5e+01 5.92e-02  2e-02  1e-01 395:07.1
  585   7020 -3.454772272512405e-03 2.6e+01 6.90e-02  2e-02  1e-01 398:30.5
  590   7080 -3.574704686045071e-03 2.9e+01 7.79e-02  2e-02  2e-01 401:53.7
  595   7140 -3.610246969069184e-03 3.0e+01 7.34e-02  2e-02  1e-01 405:16.4
  600   7200 -3.551468478725859e-03 3.0e+01 6.38e-02  2e-02  1e-01 408:39.3
  605   7260 -3.567237593333481e-03 3.0e+01 5.46e-02  2e-02  1e-01 412:02.5
  611   7332 -3.704347324726841e-03 3.0e+01 4.17e-02  1e-02  8e-02 416:06.4
  617   7404 -3.812285428881344e-03 3.1e+01 4.59e-02  1e-02  9e-02 420:09.7
  623   7476 -3.864851891878924e-03 3.1e+01 4.53e-02  1e-02  9e-02 424:13.0
  629   7548 -3.891882990336932e-03 3.2e+01 4.39e-02  1e-02  9e-02 428:16.7
  635   7620 -3.920435584220951e-03 3.2e+01 4.10e-02  1e-02  9e-02 432:20.1
  641   7692 -3.964704523018640e-03 3.4e+01 4.05e-02  1e-02  9e-02 436:23.7
  647   7764 -3.989355093742244e-03 3.5e+01 3.17e-02  8e-03  7e-02 440:27.4
  653   7836 -4.023651105611064e-03 3.6e+01 2.94e-02  8e-03  6e-02 444:30.8
  659   7908 -4.064473648557475e-03 3.5e+01 2.75e-02  7e-03  6e-02 448:33.9
  665   7980 -4.076758358722352e-03 3.6e+01 2.34e-02  6e-03  5e-02 452:37.6
  671   8052 -4.083765124769328e-03 4.0e+01 2.02e-02  5e-03  5e-02 456:41.3
  677   8124 -4.102312469906545e-03 4.1e+01 1.83e-02  4e-03  4e-02 460:45.0
  683   8196 -4.116004633920443e-03 4.5e+01 1.96e-02  5e-03  5e-02 464:48.2
  689   8268 -4.131222738573411e-03 4.8e+01 2.20e-02  5e-03  6e-02 468:52.0
  695   8340 -4.147786214978552e-03 5.5e+01 2.30e-02  5e-03  7e-02 472:55.1
  700   8400 -4.153485927564447e-03 5.8e+01 2.21e-02  5e-03  6e-02 476:17.8
  706   8472 -4.172397666101300e-03 6.0e+01 2.30e-02  5e-03  7e-02 480:21.4
  712   8544 -4.177291475036019e-03 6.5e+01 2.38e-02  5e-03  8e-02 484:25.0
  718   8616 -4.188951106334369e-03 6.9e+01 2.41e-02  5e-03  8e-02 488:28.5
  724   8688 -4.202336361249032e-03 7.5e+01 2.37e-02  5e-03  8e-02 492:32.2
  730   8760 -4.214251147678687e-03 7.9e+01 2.78e-02  5e-03  1e-01 496:36.2
  736   8832 -4.243584412482515e-03 8.0e+01 3.03e-02  6e-03  1e-01 500:39.6
  742   8904 -4.245929420582667e-03 8.2e+01 3.28e-02  6e-03  1e-01 504:43.1
  748   8976 -4.281178266663829e-03 8.2e+01 3.66e-02  7e-03  1e-01 508:46.9
  754   9048 -4.283420047563709e-03 8.8e+01 3.85e-02  7e-03  1e-01 512:50.3
  760   9120 -4.301906569804305e-03 8.7e+01 2.93e-02  5e-03  1e-01 516:54.1
  766   9192 -4.333477824009106e-03 9.3e+01 2.77e-02  5e-03  1e-01 520:57.9
  772   9264 -4.362955203578007e-03 1.1e+02 3.60e-02  6e-03  1e-01 525:01.5
  778   9336 -4.385868966286145e-03 1.1e+02 4.18e-02  7e-03  2e-01 529:04.6
  784   9408 -4.416842903981221e-03 1.2e+02 4.82e-02  8e-03  2e-01 533:08.4
  790   9480 -4.459708291933501e-03 1.2e+02 5.87e-02  9e-03  3e-01 537:12.2
  796   9552 -4.475877239949689e-03 1.4e+02 6.78e-02  1e-02  3e-01 541:15.8
  800   9600 -4.482846108824240e-03 1.4e+02 5.38e-02  8e-03  2e-01 543:58.0
  806   9672 -4.487040140984282e-03 1.4e+02 3.73e-02  6e-03  2e-01 548:01.8
  812   9744 -4.498683301728260e-03 1.3e+02 2.81e-02  4e-03  1e-01 552:05.6
  818   9816 -4.505821063427429e-03 1.3e+02 2.27e-02  3e-03  9e-02 556:09.2
  824   9888 -4.509801212872496e-03 1.3e+02 2.43e-02  3e-03  1e-01 560:12.7
  830   9960 -4.513597151388864e-03 1.4e+02 2.87e-02  4e-03  1e-01 564:16.3
  836  10032 -4.519921474007918e-03 1.4e+02 2.95e-02  4e-03  1e-01 568:19.9
  842  10104 -4.528752286289298e-03 1.4e+02 2.48e-02  3e-03  1e-01 572:23.6
  849  10188 -4.536003544405459e-03 1.4e+02 2.26e-02  3e-03  9e-02 577:07.8
  856  10272 -4.540073353816240e-03 1.4e+02 2.28e-02  3e-03  9e-02 581:51.7
  863  10356 -4.553831200555753e-03 1.5e+02 2.46e-02  3e-03  9e-02 586:35.6
  870  10440 -4.569778009494260e-03 1.5e+02 2.89e-02  3e-03  1e-01 591:20.2
  877  10524 -4.584638517871747e-03 1.4e+02 3.80e-02  4e-03  1e-01 596:03.9
  884  10608 -4.599394783168687e-03 1.4e+02 4.10e-02  4e-03  1e-01 600:48.2
  891  10692 -4.610139832166680e-03 1.4e+02 3.88e-02  4e-03  1e-01 605:32.6
  898  10776 -4.607323737920803e-03 1.4e+02 4.91e-02  5e-03  2e-01 610:16.5
  900  10800 -4.610741064687170e-03 1.3e+02 5.14e-02  5e-03  2e-01 611:37.8
  907  10884 -4.610084301280374e-03 1.3e+02 4.23e-02  4e-03  1e-01 616:22.1
  914  10968 -4.620194919205847e-03 1.3e+02 2.70e-02  3e-03  8e-02 621:05.9
  921  11052 -4.622454745067749e-03 1.3e+02 2.56e-02  2e-03  8e-02 625:50.1
  928  11136 -4.623798664299893e-03 1.3e+02 2.16e-02  2e-03  6e-02 630:34.7
  935  11220 -4.627524667400097e-03 1.3e+02 1.93e-02  2e-03  6e-02 635:18.7
  942  11304 -4.628103102906971e-03 1.4e+02 2.05e-02  2e-03  6e-02 640:02.9
  949  11388 -4.628178182000544e-03 1.3e+02 1.93e-02  2e-03  5e-02 644:47.1
  956  11472 -4.628366700631795e-03 1.3e+02 1.87e-02  1e-03  5e-02 649:31.0
  963  11556 -4.629993923588783e-03 1.3e+02 1.66e-02  1e-03  4e-02 654:15.6
  970  11640 -4.632248989201294e-03 1.3e+02 1.90e-02  1e-03  5e-02 658:59.6
  977  11724 -4.632956278536142e-03 1.3e+02 1.67e-02  1e-03  4e-02 663:43.5
  984  11808 -4.634817548188997e-03 1.3e+02 1.55e-02  1e-03  4e-02 668:27.7
  991  11892 -4.637805486737204e-03 1.3e+02 2.22e-02  2e-03  6e-02 673:11.7
  998  11976 -4.642645085926088e-03 1.5e+02 2.83e-02  2e-03  8e-02 677:55.9
 1000  12000 -4.641024869444035e-03 1.5e+02 2.77e-02  2e-03  8e-02 679:17.1
Budget constraint satisfied 124.5199966430664 166.6339111328125 Difference:  42.113914489746094
Budget constraint satisfied 0.0 166.6339111328125 Difference:  166.6339111328125
two_most_probable_states: ['00000000100', '00000000000']
final_expectation_value: -0.004642645085926088
params: [4.689211419359696, -0.04163870187860374, -3.4265149449996444, 11.377730639768656, -9.347623330567462, 12.544281979074587, 10.180833363133507, 23.981980624462835, 0.9746786222295383, 8.857987988828606, 0.8190742008111032, 15.736220929800345, 0.16016806473373468, -6.024577476602075, -4.915957898195391, 6.20674809637726, -1.681258401490119, 0.26708817730972595, -0.16206491421480423, -4.615201928320285]
total_steps: 1000
states_probs: [0.07418329130680355, 0.1715232435811132]
optimized_portfolios: [{'AMGN': 0, 'AXP': 0, 'CSCO': 0, 'DIS': 0, 'HD': 0, 'JNJ': 0, 'KO': 2, 'PG': 0, 'V': 0}, {'AMGN': 0, 'AXP': 0, 'CSCO': 0, 'DIS': 0, 'HD': 0, 'JNJ': 0, 'KO': 0, 'PG': 0, 'V': 0}]
objective_values: [-29.028979772151704, -0.0]
result_with_budget: [{'portfolio': {'AMGN': 0, 'AXP': 0, 'CSCO': 0, 'DIS': 0, 'HD': 0, 'JNJ': 0, 'KO': 2, 'PG': 0, 'V': 0}, 'budget': 124.5199966430664, 'difference': 42.113914489746094}, {'portfolio': {'AMGN': 0, 'AXP': 0, 'CSCO': 0, 'DIS': 0, 'HD': 0, 'JNJ': 0, 'KO': 0, 'PG': 0, 'V': 0}, 'budget': 0.0, 'difference': 166.6339111328125}]
Processing experiment 418
Budget: 158.27932739257812
Expected returns: -0.008296543644453801
Covariance matrix: 0.32059076986157664
3rd-order coskewness tensor: 0.24834970938226358
4th-order cokurtosis tensor: 12.511764487084463
Number of qubits for asset BA: 1
Number of qubits for asset CRM: 1
Number of qubits for asset CSCO: 2
Number of qubits for asset DOW: 3
Number of qubits for asset HD: 1
Number of qubits for asset KO: 2
Number of qubits for asset MRK: 1
Number of qubits for asset NKE: 2
Number of qubits for asset UNH: 1
Total number of qubits:  14
Optimized Weights (considering variance, skewness and kurtosis):
BA: 1.85%
CRM: 29.18%
CSCO: 7.39%
DOW: 5.25%
HD: 0.00%
KO: 6.84%
MRK: 27.68%
NKE: 16.67%
UNH: 5.15%
Left over budget:  -2.6282810665634315e-06
Optimized Discrete Allocation:
CSCO: 1
MRK: 1
Maximized utility from continuous higher moments:  -8.620245404009744
Job finished at Fri Mar 14 21:33:27 EET 2025
