Running job array 16 on pe17.int.triton.aalto.fi
Starting at Sat Mar 15 11:22:30 EET 2025
Activating virtual environment at /scratch/work/uotilav2/quantum-portfolio/venv
Processing batch 17/30: experiments 240 to 254 (total 15)
Skipping experiment 240 (already processed)
Skipping experiment 241 (already processed)
Processing experiment 242
Budget: 206.76391220092773
YF.download() has changed argument auto_adjust default to True
Expected returns: 0.07964971307842429
Covariance matrix: 0.4308627459939915
3rd-order coskewness tensor: -0.3967752277760003
4th-order cokurtosis tensor: 14.683019972787996
Number of qubits for asset DOW: 3
Number of qubits for asset NKE: 2
Number of qubits for asset PG: 1
Number of qubits for asset V: 1
Number of qubits for asset WBA: 5
Total number of qubits:  12
Optimized Weights (considering variance, skewness and kurtosis):
DOW: 10.10%
NKE: 23.55%
PG: 19.32%
V: 15.76%
WBA: 31.27%
Left over budget:  17.435943427135783
Optimized Discrete Allocation:
DOW: 1
NKE: 1
WBA: 8
Maximized utility from continuous higher moments:  -4490.1085869489525
Budget constraint not satisfied 208.63690185546875 206.76391220092773 Difference:  -1.8729896545410156
Budget constraint satisfied 206.0329475402832 206.76391220092773 Difference:  0.7309646606445312
smallest_eigenvalues: [-0.009712645447578707]
smallest_bitstrings: ['100010001000']
first_excited_energy: -0.009707617706204793
optimized_portfolio: [{'DOW': 1, 'NKE': 2, 'PG': 0, 'V': 0, 'WBA': 2}]
second_optimized_portfolio: [{'DOW': 1, 'NKE': 0, 'PG': 1, 'V': 0, 'WBA': 0}]
result_with_budget: [{'portfolio': {'DOW': 1, 'NKE': 2, 'PG': 0, 'V': 0, 'WBA': 2}, 'budget': 208.63690185546875, 'difference': -1.8729896545410156, 'objective_value': -24.86452743338907}]
result_with_budget_excited: [{'portfolio': {'DOW': 1, 'NKE': 0, 'PG': 1, 'V': 0, 'WBA': 0}, 'budget': 206.0329475402832, 'difference': 0.7309646606445312, 'objective_value': -17.185667747186493}]
Initial params:  [2.51063067 1.44978017 2.45210473 0.37157007 2.01037118 0.45035763
 2.96776493 1.63943485 1.3026989  0.83112597 2.43232687 1.43303853
 1.78578792 0.0590299  1.94035914 1.92295543 1.93815531 2.96487203
 2.14200164 1.12942738]
(6_w,12)-aCMA-ES (mu_w=3.7,w_1=40%) in dimension 20 (seed=107258, Sat Mar 15 11:23:23 2025)
Iterat #Fevals   function value  axis ratio  sigma  min&max std  t[m:s]
    1     12 1.086781857019106e-01 1.0e+00 1.41e+00  1e+00  1e+00 1:02.3
    2     24 4.139759774943114e-02 1.1e+00 1.35e+00  1e+00  1e+00 2:04.6
    3     36 5.950167728352167e-02 1.1e+00 1.27e+00  1e+00  1e+00 3:07.2
    4     48 4.627911479944055e-02 1.1e+00 1.21e+00  1e+00  1e+00 4:09.6
    5     60 7.900634445320720e-02 1.1e+00 1.15e+00  1e+00  1e+00 5:12.0
    6     72 4.124879322945517e-02 1.2e+00 1.09e+00  1e+00  1e+00 6:14.1
    7     84 4.675588381318659e-02 1.2e+00 1.06e+00  1e+00  1e+00 7:16.3
    8     96 6.965884973272264e-02 1.2e+00 1.04e+00  1e+00  1e+00 8:18.9
    9    108 5.886735245726817e-02 1.2e+00 9.97e-01  9e-01  1e+00 9:21.2
   10    120 1.223354835218905e-01 1.3e+00 9.41e-01  9e-01  1e+00 10:23.5
   11    132 4.084620902588432e-02 1.3e+00 8.97e-01  8e-01  9e-01 11:25.2
   12    144 6.690748793317518e-02 1.3e+00 8.91e-01  8e-01  9e-01 12:25.8
   13    156 4.710343341198282e-02 1.3e+00 9.26e-01  9e-01  9e-01 13:26.2
   14    168 1.213611214293230e-01 1.3e+00 9.61e-01  9e-01  1e+00 14:27.0
   15    180 3.445210373731670e-02 1.4e+00 9.98e-01  9e-01  1e+00 15:27.6
   16    192 1.671682948139953e-02 1.4e+00 1.04e+00  1e+00  1e+00 16:28.3
   17    204 6.665085891839929e-02 1.5e+00 1.11e+00  1e+00  1e+00 17:28.7
   18    216 6.100707949318120e-02 1.5e+00 1.12e+00  1e+00  1e+00 18:29.4
   19    228 8.302763986500736e-02 1.6e+00 1.18e+00  1e+00  1e+00 19:30.0
   20    240 4.056837689739030e-02 1.6e+00 1.22e+00  1e+00  1e+00 20:30.6
   21    252 5.130303057690193e-02 1.7e+00 1.24e+00  1e+00  1e+00 21:31.2
   22    264 6.135152082851857e-02 1.7e+00 1.25e+00  1e+00  1e+00 22:31.5
   23    276 2.572933731222755e-02 1.7e+00 1.23e+00  1e+00  1e+00 23:32.3
   24    288 1.970591576975406e-01 1.7e+00 1.23e+00  1e+00  1e+00 24:32.8
   25    300 4.876624837805912e-02 1.8e+00 1.25e+00  1e+00  1e+00 25:33.4
   26    312 5.015960205269988e-02 1.8e+00 1.24e+00  1e+00  1e+00 26:33.8
   27    324 7.819385390857392e-02 1.8e+00 1.25e+00  1e+00  1e+00 27:34.3
   28    336 1.065796588387846e-01 1.8e+00 1.21e+00  1e+00  1e+00 28:35.0
   29    348 6.826111802817245e-02 1.8e+00 1.19e+00  1e+00  1e+00 29:35.6
   30    360 5.276235918385012e-02 1.9e+00 1.15e+00  1e+00  1e+00 30:36.3
   31    372 4.702054499226222e-02 1.9e+00 1.11e+00  1e+00  1e+00 31:36.8
   32    384 5.602880726477284e-02 1.9e+00 1.09e+00  1e+00  1e+00 32:37.3
   33    396 5.869042327055889e-02 1.8e+00 1.12e+00  1e+00  1e+00 33:37.7
   34    408 4.990765397710634e-02 1.8e+00 1.18e+00  1e+00  1e+00 34:38.2
   35    420 1.082403829368939e-01 1.9e+00 1.18e+00  1e+00  1e+00 35:38.7
   36    432 7.235630183759002e-02 1.9e+00 1.15e+00  1e+00  1e+00 36:39.3
   37    444 6.626202819896672e-02 1.9e+00 1.10e+00  1e+00  1e+00 37:40.2
   38    456 4.159415264492583e-02 1.9e+00 1.06e+00  9e-01  1e+00 38:40.7
   39    468 9.597115332594283e-02 1.9e+00 1.06e+00  9e-01  1e+00 39:41.4
   40    480 2.882044563067156e-02 1.9e+00 1.09e+00  1e+00  1e+00 40:41.8
   41    492 6.755372950589220e-02 2.0e+00 1.11e+00  1e+00  1e+00 41:42.7
   42    504 7.804351553053224e-02 2.0e+00 1.14e+00  1e+00  1e+00 42:43.7
   43    516 5.135373633886920e-02 2.0e+00 1.15e+00  1e+00  1e+00 43:44.1
   44    528 6.877242387392052e-02 2.0e+00 1.15e+00  1e+00  1e+00 44:44.6
   45    540 1.471889018463301e-01 2.0e+00 1.11e+00  1e+00  1e+00 45:45.2
   46    552 6.406957120543390e-02 2.0e+00 1.08e+00  1e+00  1e+00 46:46.0
   47    564 2.875112752053527e-02 2.0e+00 1.03e+00  9e-01  1e+00 47:46.6
   48    576 5.649716108862209e-02 2.0e+00 1.04e+00  9e-01  1e+00 48:47.1
   49    588 4.514449267175687e-02 1.9e+00 1.08e+00  1e+00  1e+00 49:47.4
   50    600 2.685719651194825e-02 1.9e+00 1.12e+00  1e+00  1e+00 50:48.0
   51    612 3.667175579352989e-02 1.9e+00 1.19e+00  1e+00  1e+00 51:48.7
   52    624 8.800109370787894e-02 1.9e+00 1.27e+00  1e+00  1e+00 52:49.5
   53    636 3.693857193037599e-02 2.0e+00 1.34e+00  1e+00  1e+00 53:49.8
   54    648 6.333354650708624e-02 2.0e+00 1.41e+00  1e+00  2e+00 54:50.2
   55    660 6.780367081386986e-02 2.0e+00 1.43e+00  1e+00  2e+00 55:50.6
   56    672 7.303499951127485e-02 2.0e+00 1.43e+00  1e+00  2e+00 56:51.4
   57    684 4.127202209949585e-02 2.0e+00 1.40e+00  1e+00  2e+00 57:51.9
   58    696 1.254492796678285e-01 2.1e+00 1.37e+00  1e+00  2e+00 58:52.4
   59    708 1.009571010119095e-01 2.0e+00 1.35e+00  1e+00  1e+00 59:52.8
   60    720 2.750806605427952e-02 2.0e+00 1.37e+00  1e+00  1e+00 60:53.4
   61    732 8.468939148233802e-02 2.0e+00 1.41e+00  1e+00  2e+00 61:54.3
   63    756 4.516601818143561e-02 2.0e+00 1.40e+00  1e+00  2e+00 63:55.6
   65    780 2.975621787606926e-02 2.0e+00 1.37e+00  1e+00  2e+00 65:57.1
   67    804 1.072860216528940e-01 2.0e+00 1.32e+00  1e+00  1e+00 67:58.3
   69    828 3.988058082116648e-02 2.0e+00 1.22e+00  1e+00  1e+00 69:59.5
   71    852 6.743456638404446e-02 2.0e+00 1.19e+00  1e+00  1e+00 72:01.1
   73    876 9.771439498340843e-02 2.0e+00 1.25e+00  1e+00  1e+00 74:02.6
   75    900 7.855192895617201e-02 2.0e+00 1.25e+00  1e+00  1e+00 76:04.3
   77    924 3.804287306946875e-02 2.0e+00 1.16e+00  1e+00  1e+00 78:05.8
   79    948 4.560754774243209e-02 2.1e+00 1.15e+00  1e+00  1e+00 80:07.4
   81    972 4.543651886589616e-02 2.1e+00 1.12e+00  9e-01  1e+00 82:09.0
   83    996 1.004779089812910e-01 2.1e+00 1.09e+00  9e-01  1e+00 84:10.5
   85   1020 5.731934774844712e-02 2.1e+00 1.14e+00  1e+00  1e+00 86:12.3
   87   1044 8.813153309287100e-02 2.2e+00 1.13e+00  9e-01  1e+00 88:14.0
   89   1068 4.607125348666821e-02 2.2e+00 1.11e+00  9e-01  1e+00 90:15.6
   91   1092 1.132535397133965e-01 2.2e+00 1.14e+00  9e-01  1e+00 92:17.0
   93   1116 6.201165687720842e-02 2.2e+00 1.16e+00  9e-01  1e+00 94:18.4
   95   1140 7.150160427690554e-02 2.3e+00 1.19e+00  1e+00  1e+00 96:20.3
   97   1164 6.896475123429716e-02 2.3e+00 1.22e+00  1e+00  1e+00 98:21.7
   99   1188 9.750695021353208e-02 2.3e+00 1.22e+00  1e+00  1e+00 100:23.2
  100   1200 4.210759267629399e-02 2.3e+00 1.29e+00  1e+00  1e+00 101:24.1
  102   1224 8.198163141387313e-02 2.4e+00 1.50e+00  1e+00  2e+00 103:25.7
  104   1248 1.305112083108574e-01 2.5e+00 1.81e+00  2e+00  2e+00 105:27.5
  106   1272 1.408865341098290e-01 2.6e+00 2.01e+00  2e+00  2e+00 107:28.9
  108   1296 3.369607471979795e-02 2.7e+00 1.93e+00  2e+00  2e+00 109:30.3
  110   1320 1.253480940356819e-01 2.7e+00 2.00e+00  2e+00  2e+00 111:32.4
  112   1344 9.356945498170811e-02 2.7e+00 2.02e+00  2e+00  2e+00 113:33.9
  114   1368 8.612324284628033e-02 2.7e+00 1.95e+00  2e+00  2e+00 115:35.7
  116   1392 1.160095802335436e-01 2.8e+00 1.95e+00  2e+00  2e+00 117:37.5
  118   1416 8.184704560433756e-02 2.8e+00 2.17e+00  2e+00  3e+00 119:39.3
  120   1440 8.730717726012205e-02 2.9e+00 2.34e+00  2e+00  3e+00 121:41.0
  122   1464 5.405819584062897e-02 2.9e+00 2.16e+00  2e+00  3e+00 123:42.6
  124   1488 9.568477052428909e-02 3.0e+00 2.11e+00  2e+00  3e+00 125:44.5
  126   1512 9.364922964483380e-02 3.0e+00 2.06e+00  2e+00  3e+00 127:46.4
  128   1536 9.699667968310902e-02 3.0e+00 2.03e+00  2e+00  3e+00 129:48.1
  130   1560 5.504418949743666e-02 3.0e+00 2.18e+00  2e+00  3e+00 131:49.7
  132   1584 1.467480560670395e-01 3.0e+00 2.26e+00  2e+00  3e+00 133:51.0
  134   1608 1.345596581885619e-01 3.0e+00 2.32e+00  2e+00  3e+00 135:52.5
  136   1632 4.728860496399100e-02 3.0e+00 2.32e+00  2e+00  3e+00 137:54.1
  138   1656 8.378669603630334e-02 3.0e+00 2.35e+00  2e+00  3e+00 139:55.7
  140   1680 6.807847841705385e-02 3.0e+00 2.50e+00  2e+00  3e+00 141:57.4
  142   1704 8.971560124426295e-02 3.0e+00 2.76e+00  2e+00  3e+00 143:59.1
  144   1728 7.812465578086211e-02 3.0e+00 2.91e+00  2e+00  3e+00 146:00.8
  146   1752 7.029289360864235e-02 3.1e+00 2.91e+00  2e+00  4e+00 148:02.4
  148   1776 1.661716274707879e-01 3.1e+00 3.08e+00  3e+00  4e+00 150:04.0
  150   1800 6.639025655324535e-02 3.1e+00 3.07e+00  3e+00  4e+00 152:05.4
  152   1824 9.252383947390187e-02 3.1e+00 3.32e+00  3e+00  4e+00 154:06.8
  154   1848 1.510628397876337e-01 3.1e+00 3.31e+00  3e+00  4e+00 156:08.0
  156   1872 9.032473588834440e-02 3.2e+00 3.37e+00  3e+00  4e+00 158:09.4
  158   1896 1.118371158369282e-01 3.3e+00 3.12e+00  3e+00  4e+00 160:07.3
  160   1920 1.271146555448457e-01 3.3e+00 3.01e+00  2e+00  4e+00 162:08.0
  162   1944 8.768709069138278e-02 3.3e+00 3.15e+00  3e+00  4e+00 164:09.7
  164   1968 1.060780053581351e-01 3.4e+00 3.16e+00  3e+00  4e+00 166:11.6
  166   1992 1.074123184001360e-01 3.3e+00 3.13e+00  3e+00  4e+00 168:13.7
  168   2016 1.321396464739309e-01 3.4e+00 3.06e+00  2e+00  4e+00 170:15.2
  170   2040 1.086347912526155e-01 3.3e+00 3.14e+00  3e+00  4e+00 172:16.8
  172   2064 9.452200871055566e-02 3.3e+00 3.24e+00  3e+00  4e+00 174:18.6
  174   2088 6.995344681424552e-02 3.3e+00 3.52e+00  3e+00  5e+00 176:20.4
  176   2112 1.127812678176949e-01 3.4e+00 3.96e+00  3e+00  5e+00 178:22.4
  178   2136 7.972664749957550e-02 3.4e+00 4.13e+00  3e+00  5e+00 180:24.3
  180   2160 1.383491983059335e-01 3.4e+00 4.33e+00  4e+00  6e+00 182:26.9
  182   2184 7.924001905336479e-02 3.3e+00 4.55e+00  4e+00  6e+00 184:28.7
  184   2208 1.461223752648390e-01 3.3e+00 4.71e+00  4e+00  6e+00 186:30.8
  187   2244 1.019941630989579e-01 3.3e+00 5.04e+00  4e+00  6e+00 189:33.4
  190   2280 1.046562574103014e-01 3.3e+00 4.70e+00  4e+00  6e+00 192:36.3
  193   2316 1.184618790882270e-01 3.4e+00 4.83e+00  4e+00  6e+00 195:39.4
  196   2352 1.163844294287344e-01 3.4e+00 5.35e+00  4e+00  7e+00 198:42.0
  199   2388 1.270897469560269e-01 3.4e+00 5.80e+00  5e+00  7e+00 201:45.1
  200   2400 1.402704481847927e-01 3.4e+00 6.01e+00  5e+00  7e+00 202:45.8
  203   2436 9.005644886874262e-02 3.5e+00 5.58e+00  4e+00  7e+00 205:48.3
  206   2472 1.167025685865613e-01 3.5e+00 4.61e+00  4e+00  6e+00 208:51.7
  209   2508 8.049835623560536e-02 3.4e+00 3.99e+00  3e+00  5e+00 211:54.8
  212   2544 1.073418381792667e-01 3.5e+00 3.73e+00  3e+00  4e+00 214:57.4
  215   2580 8.003803187122073e-02 3.5e+00 3.43e+00  3e+00  4e+00 218:00.1
  218   2616 1.047499472758438e-01 3.5e+00 3.18e+00  3e+00  4e+00 221:03.1
  221   2652 8.340803834315910e-02 3.5e+00 3.13e+00  2e+00  4e+00 224:04.4
  224   2688 1.346447276881859e-01 3.5e+00 3.17e+00  3e+00  4e+00 227:03.6
  227   2724 1.360741038350752e-01 3.5e+00 2.99e+00  2e+00  4e+00 230:05.4
  230   2760 1.095015255779631e-01 3.6e+00 2.67e+00  2e+00  3e+00 233:07.0
  233   2796 1.476809660171723e-01 3.7e+00 2.66e+00  2e+00  3e+00 236:08.1
  236   2832 1.428250378328201e-01 3.7e+00 2.76e+00  2e+00  3e+00 239:08.3
  239   2868 1.252258274644969e-01 3.8e+00 2.94e+00  2e+00  4e+00 242:09.3
  242   2904 1.264092283332617e-01 3.9e+00 3.07e+00  2e+00  4e+00 245:10.9
  245   2940 1.270347333486606e-01 4.0e+00 3.54e+00  3e+00  4e+00 248:12.9
  248   2976 8.639724272848276e-02 4.0e+00 4.15e+00  3e+00  6e+00 251:14.6
  251   3012 1.438496434930475e-01 4.2e+00 4.45e+00  4e+00  6e+00 254:16.7
  254   3048 1.397478788305082e-01 4.2e+00 4.47e+00  4e+00  6e+00 257:18.7
  257   3084 1.598494966710796e-01 4.3e+00 4.62e+00  4e+00  6e+00 260:20.5
  260   3120 1.271750887585757e-01 4.3e+00 4.95e+00  4e+00  7e+00 263:22.6
  263   3156 1.051360359156751e-01 4.4e+00 4.12e+00  3e+00  5e+00 266:24.0
  266   3192 1.003830361305652e-01 4.3e+00 4.08e+00  3e+00  5e+00 269:26.0
  269   3228 1.074152133136100e-01 4.4e+00 4.36e+00  3e+00  6e+00 272:27.9
  272   3264 1.000062370063847e-01 4.4e+00 4.01e+00  3e+00  5e+00 275:29.5
  275   3300 8.370536148540980e-02 4.4e+00 4.10e+00  3e+00  5e+00 278:32.1
  278   3336 1.314548828039698e-01 4.5e+00 4.06e+00  3e+00  5e+00 281:33.8
  281   3372 1.416278071314529e-01 4.6e+00 3.78e+00  3e+00  5e+00 284:36.0
  284   3408 1.328222028779764e-01 4.6e+00 3.95e+00  3e+00  5e+00 287:36.8
  287   3444 9.472571340802315e-02 4.6e+00 4.28e+00  3e+00  6e+00 290:38.6
  290   3480 1.259684018382768e-01 4.6e+00 4.56e+00  4e+00  6e+00 293:41.0
  293   3516 1.022790926568738e-01 4.7e+00 4.87e+00  4e+00  7e+00 296:43.2
  296   3552 1.175445441090931e-01 4.7e+00 5.43e+00  4e+00  8e+00 299:44.7
  299   3588 1.185338822881220e-01 4.7e+00 5.14e+00  4e+00  7e+00 302:46.7
  300   3600 1.446174777450023e-01 4.8e+00 5.02e+00  4e+00  7e+00 303:47.2
  303   3636 1.228847524309668e-01 4.7e+00 4.77e+00  4e+00  6e+00 306:48.8
  306   3672 1.389930855872868e-01 4.7e+00 4.54e+00  4e+00  6e+00 309:50.3
  309   3708 1.303553324041399e-01 4.8e+00 4.14e+00  3e+00  6e+00 312:51.8
  312   3744 1.174295298704196e-01 5.1e+00 4.49e+00  4e+00  6e+00 315:53.4
  315   3780 1.542005012247405e-01 5.2e+00 4.75e+00  4e+00  7e+00 318:54.8
  318   3816 1.486636293423532e-01 5.5e+00 4.62e+00  4e+00  7e+00 321:56.1
  321   3852 1.095562856682761e-01 5.7e+00 4.07e+00  3e+00  6e+00 324:57.6
  324   3888 1.204041433278216e-01 5.6e+00 4.16e+00  3e+00  6e+00 327:58.7
  327   3924 1.205941403157603e-01 5.7e+00 4.61e+00  4e+00  6e+00 331:00.3
  330   3960 1.057633502874291e-01 5.8e+00 4.29e+00  3e+00  6e+00 334:02.1
  333   3996 1.169213017468705e-01 6.0e+00 4.08e+00  3e+00  6e+00 337:03.5
  336   4032 1.677478570315555e-01 6.2e+00 4.27e+00  3e+00  6e+00 340:04.3
  339   4068 1.547218706289328e-01 6.4e+00 4.67e+00  4e+00  7e+00 343:05.4
  342   4104 1.173436540857870e-01 6.5e+00 4.61e+00  3e+00  7e+00 346:06.6
  345   4140 1.340492332434284e-01 6.6e+00 4.45e+00  3e+00  7e+00 349:07.8
  348   4176 1.062484134909609e-01 6.8e+00 4.11e+00  3e+00  6e+00 352:09.0
  351   4212 1.175542775876879e-01 6.8e+00 4.08e+00  3e+00  6e+00 355:10.7
  354   4248 1.087794640365647e-01 6.8e+00 3.98e+00  3e+00  6e+00 358:12.3
  357   4284 1.137996144429297e-01 6.8e+00 3.74e+00  3e+00  6e+00 361:14.0
  361   4332 1.617864403968459e-01 7.1e+00 4.62e+00  4e+00  7e+00 365:16.3
  365   4380 1.526856923612453e-01 7.4e+00 5.94e+00  5e+00  9e+00 369:18.6
  369   4428 1.582382696486041e-01 7.5e+00 6.41e+00  5e+00  1e+01 373:21.0
  373   4476 1.610304215730937e-01 7.6e+00 6.60e+00  5e+00  1e+01 377:22.7
  377   4524 1.534802535508308e-01 7.5e+00 7.31e+00  6e+00  1e+01 381:24.8
  381   4572 1.532984010240142e-01 7.5e+00 6.76e+00  5e+00  1e+01 385:26.6
  385   4620 1.623873380968709e-01 7.6e+00 6.39e+00  5e+00  1e+01 389:28.6
  389   4668 1.578434812899013e-01 7.4e+00 5.99e+00  4e+00  1e+01 393:30.6
  393   4716 1.462014892601881e-01 7.7e+00 5.14e+00  4e+00  8e+00 397:32.0
  397   4764 1.673875205896567e-01 7.7e+00 4.88e+00  4e+00  8e+00 401:33.2
  400   4800 1.477552433106193e-01 7.7e+00 4.55e+00  3e+00  7e+00 404:34.6
  404   4848 1.505846828487829e-01 7.6e+00 3.81e+00  3e+00  6e+00 408:36.4
  408   4896 1.218175301659747e-01 7.6e+00 4.07e+00  3e+00  6e+00 412:37.6
  412   4944 1.776813720201600e-01 7.3e+00 4.21e+00  3e+00  6e+00 416:39.3
  416   4992 1.642350286960398e-01 7.4e+00 3.97e+00  3e+00  6e+00 420:41.4
  420   5040 1.431191304467522e-01 7.3e+00 3.33e+00  2e+00  5e+00 424:42.9
  424   5088 1.575767721411410e-01 7.4e+00 3.24e+00  2e+00  5e+00 428:44.9
  428   5136 1.474734236473189e-01 7.4e+00 2.93e+00  2e+00  4e+00 432:46.8
  432   5184 1.510450205743513e-01 7.4e+00 2.91e+00  2e+00  4e+00 436:48.7
  436   5232 1.159031024938142e-01 7.9e+00 3.07e+00  2e+00  5e+00 440:50.8
  440   5280 1.427092926066792e-01 7.9e+00 2.64e+00  2e+00  4e+00 444:53.1
  444   5328 1.548484599678948e-01 8.0e+00 2.37e+00  2e+00  3e+00 448:55.7
  448   5376 1.442205879696894e-01 7.8e+00 2.14e+00  2e+00  3e+00 452:57.7
  452   5424 1.360219742857399e-01 7.9e+00 1.96e+00  1e+00  3e+00 456:60.0
  456   5472 1.273611133682934e-01 7.9e+00 1.92e+00  1e+00  3e+00 461:02.3
  460   5520 1.511595250327294e-01 8.0e+00 1.87e+00  1e+00  3e+00 465:04.7
  464   5568 1.642734187295816e-01 8.2e+00 1.67e+00  1e+00  2e+00 469:06.4
  468   5616 1.822351500182665e-01 8.3e+00 1.37e+00  1e+00  2e+00 473:08.2
  472   5664 1.643093885224368e-01 8.5e+00 1.23e+00  9e-01  2e+00 477:10.1
  476   5712 1.599854295095496e-01 8.8e+00 1.22e+00  9e-01  2e+00 481:12.3
  480   5760 1.435244291985961e-01 8.9e+00 1.34e+00  9e-01  2e+00 485:14.6
  484   5808 1.494447055863577e-01 9.1e+00 1.33e+00  9e-01  2e+00 489:16.2
  488   5856 1.559887102492789e-01 8.8e+00 1.29e+00  9e-01  2e+00 493:18.2
  492   5904 1.597868521904215e-01 8.8e+00 1.17e+00  8e-01  2e+00 497:20.0
  496   5952 1.680965423003357e-01 8.9e+00 1.11e+00  8e-01  2e+00 501:21.5
  500   6000 1.650437068353623e-01 9.0e+00 1.16e+00  8e-01  2e+00 505:23.5
  504   6048 1.664899918363713e-01 8.9e+00 1.22e+00  9e-01  2e+00 509:24.9
  508   6096 1.538901906120700e-01 9.1e+00 1.46e+00  1e+00  2e+00 513:26.6
  512   6144 1.709440545694484e-01 9.4e+00 1.37e+00  1e+00  2e+00 517:28.7
  516   6192 1.609407806656094e-01 9.2e+00 1.35e+00  1e+00  2e+00 521:30.6
  520   6240 1.566593696351145e-01 9.3e+00 1.37e+00  1e+00  2e+00 525:32.5
  524   6288 1.430514457918762e-01 9.3e+00 1.33e+00  9e-01  2e+00 529:34.2
  528   6336 1.379187722504164e-01 9.4e+00 1.29e+00  9e-01  2e+00 533:36.2
  532   6384 1.085287688600289e-01 9.8e+00 1.42e+00  1e+00  2e+00 537:38.2
  536   6432 1.394494581626439e-01 1.0e+01 1.44e+00  1e+00  2e+00 541:40.9
  540   6480 1.377073562666726e-01 1.0e+01 1.49e+00  1e+00  2e+00 545:42.7
  544   6528 1.296214908858446e-01 1.0e+01 1.60e+00  1e+00  2e+00 549:44.2
  548   6576 1.597585083079283e-01 1.1e+01 1.66e+00  1e+00  3e+00 553:45.9
  552   6624 1.487340967635716e-01 1.1e+01 1.39e+00  1e+00  2e+00 557:48.4
  556   6672 1.699808771688633e-01 1.1e+01 1.27e+00  9e-01  2e+00 561:50.1
  560   6720 1.272793709929226e-01 1.1e+01 1.28e+00  9e-01  2e+00 565:52.1
  564   6768 1.594633511488152e-01 1.1e+01 1.36e+00  1e+00  2e+00 569:53.8
  568   6816 1.575500338598007e-01 1.1e+01 1.17e+00  8e-01  2e+00 573:55.5
  572   6864 1.470961958254238e-01 1.2e+01 1.04e+00  7e-01  2e+00 577:58.1
  576   6912 1.458742354338929e-01 1.2e+01 9.61e-01  7e-01  1e+00 582:00.0
  580   6960 1.456772791700035e-01 1.1e+01 8.26e-01  6e-01  1e+00 586:01.9
  584   7008 1.261635093261094e-01 1.2e+01 7.86e-01  5e-01  1e+00 590:03.3
  588   7056 1.594591043335999e-01 1.2e+01 9.37e-01  6e-01  1e+00 594:04.8
  592   7104 1.444861861015867e-01 1.2e+01 1.04e+00  7e-01  2e+00 598:06.7
  596   7152 1.435596268539888e-01 1.2e+01 1.16e+00  8e-01  2e+00 602:08.2
  600   7200 1.683512674907526e-01 1.2e+01 1.33e+00  9e-01  2e+00 606:09.9
  605   7260 1.641027675310744e-01 1.3e+01 1.26e+00  9e-01  2e+00 611:12.2
  610   7320 1.690691798967197e-01 1.3e+01 1.25e+00  9e-01  2e+00 616:14.8
  615   7380 1.430363765157578e-01 1.4e+01 1.14e+00  8e-01  2e+00 621:17.2
  620   7440 1.385654720366130e-01 1.4e+01 1.25e+00  8e-01  2e+00 626:19.8
  625   7500 1.378359813117091e-01 1.4e+01 1.16e+00  8e-01  2e+00 631:22.5
  630   7560 1.438778743957515e-01 1.4e+01 9.43e-01  6e-01  2e+00 636:24.9
  635   7620 1.694239096058772e-01 1.5e+01 8.38e-01  5e-01  1e+00 641:27.4
  640   7680 1.610875483999681e-01 1.5e+01 1.03e+00  7e-01  2e+00 646:30.7
  645   7740 1.461760038485090e-01 1.5e+01 1.00e+00  6e-01  2e+00 651:33.4
  650   7800 1.529690477397860e-01 1.5e+01 9.38e-01  6e-01  2e+00 656:36.4
  655   7860 1.517263074685903e-01 1.5e+01 9.41e-01  6e-01  2e+00 661:38.5
  660   7920 1.501515461760665e-01 1.4e+01 9.28e-01  6e-01  2e+00 666:41.1
  665   7980 1.629166528959295e-01 1.4e+01 8.77e-01  6e-01  1e+00 671:43.2
  670   8040 1.651877493856733e-01 1.5e+01 7.76e-01  5e-01  1e+00 676:45.4
  675   8100 1.456377452812643e-01 1.5e+01 6.79e-01  4e-01  1e+00 681:47.6
  680   8160 1.698198238496091e-01 1.5e+01 6.52e-01  4e-01  1e+00 686:50.5
  685   8220 1.492853890254885e-01 1.5e+01 7.13e-01  5e-01  1e+00 691:52.7
  690   8280 1.576428292165644e-01 1.6e+01 8.63e-01  5e-01  1e+00 696:54.8
  695   8340 1.607075420710298e-01 1.6e+01 8.28e-01  5e-01  1e+00 701:57.0
  700   8400 1.530018891107676e-01 1.6e+01 1.11e+00  7e-01  2e+00 706:59.0
  705   8460 1.490381614922501e-01 1.6e+01 1.19e+00  8e-01  2e+00 712:01.2
  710   8520 1.614335367572548e-01 1.6e+01 1.18e+00  7e-01  2e+00 717:03.3
  715   8580 1.630823704319956e-01 1.5e+01 1.08e+00  7e-01  2e+00 722:05.5
  720   8640 1.505330219594797e-01 1.5e+01 1.07e+00  7e-01  2e+00 727:07.7
  725   8700 1.547262200701461e-01 1.5e+01 9.80e-01  6e-01  1e+00 732:09.8
  730   8760 1.663667574779715e-01 1.5e+01 9.60e-01  6e-01  1e+00 737:12.5
  735   8820 1.570767570819412e-01 1.5e+01 1.10e+00  6e-01  2e+00 742:14.6
  740   8880 1.565480622515963e-01 1.5e+01 1.01e+00  6e-01  2e+00 747:16.9
  745   8940 1.255995337591122e-01 1.5e+01 8.19e-01  5e-01  1e+00 752:18.8
  750   9000 1.640042067974429e-01 1.6e+01 8.07e-01  5e-01  1e+00 757:20.2
  755   9060 1.620571977424859e-01 1.6e+01 9.13e-01  5e-01  1e+00 762:21.9
  760   9120 1.387293827990759e-01 1.5e+01 8.73e-01  5e-01  1e+00 767:24.0
  765   9180 1.353949986653442e-01 1.6e+01 8.58e-01  5e-01  1e+00 772:26.0
  770   9240 1.403018726515389e-01 1.5e+01 8.50e-01  5e-01  1e+00 777:28.0
  775   9300 1.611851398650750e-01 1.6e+01 8.62e-01  5e-01  1e+00 782:30.3
  780   9360 1.509978720317524e-01 1.6e+01 9.82e-01  5e-01  1e+00 787:32.3
  785   9420 1.386580126917527e-01 1.6e+01 8.14e-01  5e-01  1e+00 792:34.4
  790   9480 1.607236219770972e-01 1.7e+01 7.68e-01  4e-01  1e+00 797:36.9
Budget constraint satisfied 39.3990364074707 206.76391220092773 Difference:  167.36487579345703
Budget constraint satisfied 0.0 206.76391220092773 Difference:  206.76391220092773
two_most_probable_states: ['100000000000', '000000000000']
final_expectation_value: 0.016716829481399527
params: [-0.361666896692173, 0.7832272330279044, 0.25122961479117545, 2.2536229417534956, 4.002180933880646, -1.5568559416604486, 4.723034352593951, -0.046689119930769685, 2.544253653984461, 1.9374059046506964, 3.5238815590761017, 4.906877224419786, 4.774495107856645, -0.6769053909129581, -1.673610497549246, -3.1185430271887933, 1.9141331103415158, 0.4408869045280839, -0.08506201726270973, 2.6109328451146485]
total_steps: 790
states_probs: [0.004141393262979009, 0.00426481909487346]
optimized_portfolios: [{'DOW': 1, 'NKE': 0, 'PG': 0, 'V': 0, 'WBA': 0}, {'DOW': 0, 'NKE': 0, 'PG': 0, 'V': 0, 'WBA': 0}]
objective_values: [-3.454115397408075, -0.0]
result_with_budget: [{'portfolio': {'DOW': 1, 'NKE': 0, 'PG': 0, 'V': 0, 'WBA': 0}, 'budget': 39.3990364074707, 'difference': 167.36487579345703}, {'portfolio': {'DOW': 0, 'NKE': 0, 'PG': 0, 'V': 0, 'WBA': 0}, 'budget': 0.0, 'difference': 206.76391220092773}]
Processing experiment 243
Budget: 258.5511779785156
Expected returns: 0.10814553811340488
Covariance matrix: 0.35239541072776936
3rd-order coskewness tensor: 0.3364503980736087
4th-order cokurtosis tensor: 6.397520335485375
Number of qubits for asset AMGN: 1
Number of qubits for asset CAT: 1
Number of qubits for asset CSCO: 3
Number of qubits for asset KO: 3
Number of qubits for asset WMT: 2
Total number of qubits:  10
Optimized Weights (considering variance, skewness and kurtosis):
AMGN: 24.58%
CAT: 34.68%
CSCO: 5.20%
KO: 7.52%
WMT: 28.03%
Left over budget:  47.5979423472765
Optimized Discrete Allocation:
CSCO: 1
KO: 1
WMT: 1
Maximized utility from continuous higher moments:  -31.90116701052343
Budget constraint satisfied 258.5511779785156 258.5511779785156 Difference:  0.0
Budget constraint not satisfied 269.75255966186523 258.5511779785156 Difference:  -11.20138168334961
smallest_eigenvalues: [-0.030318686226604587]
smallest_bitstrings: ['1000000000']
first_excited_energy: -0.030139287484685855
optimized_portfolio: [{'AMGN': 1, 'CAT': 0, 'CSCO': 0, 'KO': 0, 'WMT': 0}]
second_optimized_portfolio: [{'AMGN': 0, 'CAT': 0, 'CSCO': 2, 'KO': 1, 'WMT': 1}]
result_with_budget: [{'portfolio': {'AMGN': 1, 'CAT': 0, 'CSCO': 0, 'KO': 0, 'WMT': 0}, 'budget': 258.5511779785156, 'difference': 0.0, 'objective_value': -2.0233193047854625}]
result_with_budget_excited: [{'portfolio': {'AMGN': 0, 'CAT': 0, 'CSCO': 2, 'KO': 1, 'WMT': 1}, 'budget': 269.75255966186523, 'difference': -11.20138168334961, 'objective_value': -104.72036022162831}]
Initial params:  [0.60875808 0.27693596 2.0325321  0.6245561  0.41320886 2.95963044
 2.37416437 2.17006667 0.59270297 2.88266377 3.09473297 2.39577307
 0.6771861  1.51723344 2.71238664 0.05642795 2.22800126 2.13819842
 1.9040784  0.89932222]
(6_w,12)-aCMA-ES (mu_w=3.7,w_1=40%) in dimension 20 (seed=150216, Sun Mar 16 00:41:56 2025)
Iterat #Fevals   function value  axis ratio  sigma  min&max std  t[m:s]
    1     12 1.480569695314064e-02 1.0e+00 1.39e+00  1e+00  1e+00 0:26.6
    2     24 1.980541018072451e-02 1.1e+00 1.35e+00  1e+00  1e+00 0:53.3
    3     36 -6.878277195592009e-03 1.1e+00 1.33e+00  1e+00  1e+00 1:19.9
    4     48 -8.506742125549614e-03 1.1e+00 1.31e+00  1e+00  1e+00 1:46.7
    5     60 3.344025294840351e-02 1.2e+00 1.34e+00  1e+00  1e+00 2:13.4
    6     72 -1.247738900855676e-02 1.2e+00 1.34e+00  1e+00  1e+00 2:40.1
    7     84 -1.381692778831278e-02 1.3e+00 1.36e+00  1e+00  1e+00 3:06.6
    8     96 -1.217854490948062e-02 1.3e+00 1.36e+00  1e+00  1e+00 3:33.2
    9    108 4.138814415122394e-02 1.3e+00 1.32e+00  1e+00  1e+00 3:59.9
   10    120 -1.407800441932529e-02 1.4e+00 1.29e+00  1e+00  1e+00 4:26.4
   11    132 3.704133724222657e-02 1.4e+00 1.23e+00  1e+00  1e+00 4:52.8
   12    144 -6.159100366016512e-03 1.4e+00 1.23e+00  1e+00  1e+00 5:19.4
   13    156 2.116235934252912e-02 1.4e+00 1.22e+00  1e+00  1e+00 5:46.0
   14    168 -1.045690415379085e-02 1.4e+00 1.23e+00  1e+00  1e+00 6:12.6
   15    180 2.276540149999181e-02 1.4e+00 1.25e+00  1e+00  1e+00 6:39.2
   16    192 -8.717729883727141e-03 1.5e+00 1.24e+00  1e+00  1e+00 7:05.9
   17    204 -1.256025473444639e-02 1.5e+00 1.31e+00  1e+00  1e+00 7:32.5
   18    216 2.583967433596691e-02 1.5e+00 1.36e+00  1e+00  1e+00 7:59.0
   19    228 3.381283462145331e-02 1.6e+00 1.34e+00  1e+00  1e+00 8:25.7
   20    240 1.776250176082592e-03 1.6e+00 1.32e+00  1e+00  1e+00 8:52.4
   21    252 2.960740829903027e-03 1.6e+00 1.34e+00  1e+00  1e+00 9:18.8
   22    264 -1.102674862892005e-02 1.6e+00 1.36e+00  1e+00  1e+00 9:45.3
   23    276 7.397691357018849e-03 1.6e+00 1.38e+00  1e+00  1e+00 10:11.9
   24    288 1.444590244985903e-02 1.7e+00 1.38e+00  1e+00  1e+00 10:38.5
   25    300 -3.925286718115672e-04 1.7e+00 1.41e+00  1e+00  2e+00 11:05.0
   26    312 5.181165583270060e-04 1.7e+00 1.38e+00  1e+00  2e+00 11:31.6
   27    324 2.192917035980043e-02 1.7e+00 1.35e+00  1e+00  1e+00 11:58.2
   29    348 4.265332727215986e-03 1.7e+00 1.27e+00  1e+00  1e+00 12:51.4
   31    372 1.242828489369489e-03 1.7e+00 1.19e+00  1e+00  1e+00 13:44.7
   33    396 6.010408650201923e-03 1.7e+00 1.22e+00  1e+00  1e+00 14:37.8
   35    420 -1.383476470100845e-02 1.7e+00 1.25e+00  1e+00  1e+00 15:31.0
   37    444 6.746664192084499e-02 1.7e+00 1.31e+00  1e+00  1e+00 16:23.8
   39    468 2.385819151223596e-02 1.7e+00 1.35e+00  1e+00  1e+00 17:16.8
   41    492 5.675631345346909e-02 1.7e+00 1.40e+00  1e+00  1e+00 18:09.7
   43    516 -5.939990755514944e-03 1.8e+00 1.31e+00  1e+00  1e+00 19:02.8
   45    540 -1.102084616261222e-03 1.8e+00 1.32e+00  1e+00  1e+00 19:55.9
   47    564 3.636313907803462e-02 1.9e+00 1.30e+00  1e+00  1e+00 20:48.9
   49    588 -1.173479415418540e-04 1.9e+00 1.20e+00  1e+00  1e+00 21:42.2
   51    612 -1.193087234192091e-02 1.9e+00 1.18e+00  1e+00  1e+00 22:35.3
   53    636 8.823671207456824e-04 2.0e+00 1.11e+00  1e+00  1e+00 23:28.5
   55    660 -7.001079368497268e-03 2.0e+00 1.08e+00  1e+00  1e+00 24:21.6
   57    684 1.306723048560256e-03 2.0e+00 1.10e+00  1e+00  1e+00 25:14.8
   59    708 -1.204610623787820e-02 2.0e+00 1.15e+00  1e+00  1e+00 26:08.0
   61    732 1.744118239156628e-02 2.0e+00 1.23e+00  1e+00  1e+00 27:01.2
   63    756 7.008505817110147e-03 2.1e+00 1.19e+00  1e+00  1e+00 27:54.4
   65    780 4.881223351743337e-02 2.0e+00 1.18e+00  1e+00  1e+00 28:47.6
   67    804 -9.741069702145564e-03 2.1e+00 1.11e+00  1e+00  1e+00 29:40.9
   69    828 1.393798976198547e-03 2.1e+00 1.11e+00  1e+00  1e+00 30:34.0
   71    852 6.992021910106168e-02 2.1e+00 1.09e+00  1e+00  1e+00 31:27.2
   73    876 1.544079966433497e-02 2.2e+00 1.09e+00  1e+00  1e+00 32:20.1
   75    900 4.838054080222072e-02 2.3e+00 1.10e+00  1e+00  1e+00 33:13.2
   77    924 4.224935720881125e-02 2.4e+00 1.11e+00  1e+00  1e+00 34:06.2
   79    948 9.989271225781622e-02 2.4e+00 1.07e+00  9e-01  1e+00 34:59.4
   81    972 -8.850455705899507e-03 2.4e+00 1.04e+00  9e-01  1e+00 35:52.6
   84   1008 2.403106821885196e-02 2.3e+00 1.05e+00  9e-01  1e+00 37:12.1
   87   1044 1.333235034308441e-02 2.4e+00 1.03e+00  9e-01  1e+00 38:31.8
   90   1080 6.400401963153628e-02 2.4e+00 1.02e+00  9e-01  1e+00 39:51.9
   93   1116 5.604323479987869e-02 2.5e+00 1.07e+00  9e-01  1e+00 41:11.7
   96   1152 -1.308139056759328e-02 2.6e+00 1.14e+00  1e+00  1e+00 42:31.6
   99   1188 6.783559107163370e-03 2.6e+00 1.18e+00  1e+00  1e+00 43:51.3
  100   1200 6.209812388231743e-02 2.7e+00 1.19e+00  1e+00  1e+00 44:17.8
  103   1236 1.430963031509863e-02 2.7e+00 1.11e+00  1e+00  1e+00 45:37.3
  106   1272 4.095990866866245e-02 2.7e+00 1.07e+00  9e-01  1e+00 46:57.0
  109   1308 -1.013890449156723e-02 2.8e+00 1.05e+00  9e-01  1e+00 48:16.7
  112   1344 6.953990200818272e-02 2.8e+00 1.09e+00  9e-01  1e+00 49:35.8
  115   1380 4.406769546403049e-02 2.8e+00 1.10e+00  9e-01  1e+00 50:55.0
  118   1416 7.622337719435467e-02 2.9e+00 1.08e+00  9e-01  1e+00 52:14.5
  121   1452 -5.164310505233044e-03 2.9e+00 1.06e+00  9e-01  1e+00 53:34.0
  124   1488 3.720805381936498e-02 2.9e+00 1.09e+00  9e-01  1e+00 54:53.6
  127   1524 -5.683154369908525e-04 3.0e+00 1.05e+00  9e-01  1e+00 56:13.3
  130   1560 -3.628873963098260e-04 3.0e+00 9.56e-01  8e-01  1e+00 57:32.9
  133   1596 4.125253904567682e-03 3.0e+00 9.58e-01  8e-01  1e+00 58:52.5
  136   1632 -1.289655998720427e-03 2.9e+00 9.08e-01  8e-01  1e+00 60:12.0
  139   1668 2.363506823035906e-02 2.9e+00 9.58e-01  8e-01  1e+00 61:31.5
  142   1704 2.125982214765755e-02 2.9e+00 9.31e-01  8e-01  1e+00 62:51.2
  145   1740 4.939571874321206e-02 2.9e+00 8.84e-01  7e-01  1e+00 64:10.6
  148   1776 3.188461110050765e-02 3.0e+00 7.79e-01  6e-01  9e-01 65:31.0
  151   1812 -7.068842461384605e-03 3.1e+00 7.62e-01  6e-01  9e-01 66:50.7
  154   1848 9.055316173821657e-03 3.1e+00 7.31e-01  6e-01  9e-01 68:10.3
  157   1884 4.764610710620513e-02 3.2e+00 6.80e-01  6e-01  8e-01 69:30.1
  161   1932 6.378206863786536e-02 3.3e+00 6.75e-01  6e-01  8e-01 71:16.4
  165   1980 8.266139383195373e-03 3.3e+00 7.54e-01  6e-01  9e-01 73:02.8
  169   2028 5.647269763233998e-03 3.3e+00 8.05e-01  7e-01  9e-01 74:49.3
  173   2076 1.041366090620601e-04 3.4e+00 7.46e-01  6e-01  9e-01 76:35.6
  177   2124 2.127207364410452e-02 3.4e+00 7.96e-01  6e-01  1e+00 78:22.1
  181   2172 8.175113416480420e-02 3.5e+00 8.08e-01  6e-01  1e+00 80:08.6
  185   2220 7.751592066104873e-02 3.4e+00 8.73e-01  7e-01  1e+00 81:55.1
  189   2268 4.663736234622221e-02 3.5e+00 7.89e-01  6e-01  1e+00 83:41.7
  193   2316 7.734094203761545e-02 3.5e+00 6.70e-01  5e-01  8e-01 85:27.9
  197   2364 7.754122431895136e-02 3.5e+00 5.23e-01  4e-01  6e-01 87:14.4
  200   2400 4.402892871743654e-02 3.5e+00 4.68e-01  4e-01  6e-01 88:34.2
  204   2448 2.637998028446486e-02 3.5e+00 4.19e-01  3e-01  5e-01 90:20.6
  208   2496 -6.873172803011985e-03 3.4e+00 4.12e-01  3e-01  5e-01 92:07.1
  212   2544 1.207420897829600e-03 3.5e+00 3.79e-01  3e-01  4e-01 93:53.4
  216   2592 9.703440772554315e-05 3.6e+00 3.46e-01  3e-01  4e-01 95:40.1
  220   2640 -8.988130841322920e-03 3.6e+00 3.35e-01  3e-01  4e-01 97:26.6
  224   2688 2.757509153602199e-03 3.7e+00 3.44e-01  3e-01  4e-01 99:13.1
  228   2736 1.248367681754304e-02 3.8e+00 3.30e-01  3e-01  4e-01 101:00.5
  232   2784 -3.151142351793057e-03 3.9e+00 2.63e-01  2e-01  3e-01 102:46.5
  236   2832 -1.250866300689797e-02 3.9e+00 2.23e-01  2e-01  3e-01 104:33.3
  240   2880 -1.495949496806623e-02 4.1e+00 2.15e-01  2e-01  3e-01 106:20.0
  244   2928 -7.306282411298866e-03 4.2e+00 2.26e-01  2e-01  3e-01 108:07.0
  248   2976 -1.423816190105050e-02 4.6e+00 2.32e-01  2e-01  3e-01 109:53.7
  252   3024 -1.143398020594052e-02 4.7e+00 1.91e-01  1e-01  2e-01 111:40.6
  256   3072 -1.454618323676497e-02 4.8e+00 1.83e-01  1e-01  2e-01 113:27.3
  260   3120 -1.475785787424843e-02 5.0e+00 1.68e-01  1e-01  2e-01 115:14.3
  264   3168 -1.522966250796332e-02 5.3e+00 1.77e-01  1e-01  2e-01 117:01.2
  269   3228 -1.572323631923710e-02 5.4e+00 1.64e-01  1e-01  2e-01 119:14.9
  274   3288 -1.529270856832328e-02 5.5e+00 1.49e-01  9e-02  2e-01 121:28.4
  279   3348 -1.559391083874663e-02 5.6e+00 1.35e-01  8e-02  2e-01 123:42.1
  284   3408 -1.571598696305678e-02 5.7e+00 1.22e-01  7e-02  2e-01 125:56.0
  289   3468 -1.646293350521204e-02 5.9e+00 1.28e-01  7e-02  2e-01 128:09.8
  294   3528 -1.646553652437796e-02 5.9e+00 1.32e-01  7e-02  2e-01 130:23.6
  299   3588 -1.778561609373090e-02 6.3e+00 1.20e-01  6e-02  1e-01 132:37.0
  300   3600 -1.745203832188093e-02 6.4e+00 1.15e-01  6e-02  1e-01 133:03.6
  305   3660 -1.754659360720000e-02 6.6e+00 8.16e-02  4e-02  1e-01 135:17.1
  310   3720 -1.731761755058062e-02 7.1e+00 7.59e-02  4e-02  1e-01 137:30.7
  315   3780 -1.771936699429585e-02 7.2e+00 7.91e-02  4e-02  1e-01 139:43.9
  320   3840 -1.759337758907496e-02 7.3e+00 6.61e-02  3e-02  8e-02 141:57.4
  325   3900 -1.784577248534023e-02 7.3e+00 5.42e-02  2e-02  7e-02 144:10.9
  330   3960 -1.796856836295912e-02 7.6e+00 5.37e-02  2e-02  7e-02 146:24.4
  335   4020 -1.787510449091596e-02 7.9e+00 5.48e-02  2e-02  7e-02 148:37.5
  340   4080 -1.773694384194536e-02 8.0e+00 4.84e-02  2e-02  6e-02 150:50.6
  345   4140 -1.793396360759584e-02 8.0e+00 4.29e-02  2e-02  5e-02 153:03.7
  350   4200 -1.785477247182422e-02 8.8e+00 4.04e-02  2e-02  5e-02 155:16.8
  355   4260 -1.797922680774662e-02 9.2e+00 3.16e-02  1e-02  4e-02 157:30.2
  360   4320 -1.800649581420447e-02 9.4e+00 2.80e-02  1e-02  4e-02 159:43.8
  365   4380 -1.803566225785075e-02 9.6e+00 2.80e-02  1e-02  4e-02 161:57.5
  370   4440 -1.813094940246296e-02 1.0e+01 2.74e-02  1e-02  3e-02 164:11.0
  375   4500 -1.819685471457860e-02 1.1e+01 2.99e-02  1e-02  4e-02 166:25.3
  380   4560 -1.837574833503932e-02 1.2e+01 4.38e-02  2e-02  5e-02 168:38.6
  385   4620 -1.860374677056170e-02 1.2e+01 5.54e-02  2e-02  7e-02 170:51.7
  390   4680 -1.853283578827047e-02 1.3e+01 5.61e-02  2e-02  7e-02 173:05.0
  395   4740 -1.885949557161643e-02 1.4e+01 5.25e-02  2e-02  7e-02 175:18.3
  400   4800 -1.899290139380699e-02 1.5e+01 5.01e-02  2e-02  6e-02 177:31.7
  406   4872 -1.913822955113147e-02 1.7e+01 4.91e-02  2e-02  6e-02 180:11.8
  412   4944 -1.920994769968434e-02 1.8e+01 5.87e-02  2e-02  8e-02 182:51.6
  418   5016 -1.941861752279021e-02 1.9e+01 5.79e-02  2e-02  9e-02 185:31.8
  424   5088 -1.959053600672498e-02 2.0e+01 5.66e-02  2e-02  9e-02 188:12.2
  430   5160 -1.978405414422300e-02 2.1e+01 6.48e-02  2e-02  1e-01 190:52.6
  436   5232 -1.992217707916685e-02 2.2e+01 7.69e-02  2e-02  1e-01 193:32.4
  442   5304 -2.016911536645368e-02 2.3e+01 7.84e-02  2e-02  1e-01 196:12.6
  448   5376 -1.987468492499535e-02 2.4e+01 7.12e-02  2e-02  1e-01 198:52.8
  454   5448 -2.022409052737745e-02 2.5e+01 6.57e-02  2e-02  1e-01 201:32.8
  460   5520 -2.042085228213211e-02 2.7e+01 5.74e-02  2e-02  1e-01 204:13.0
  466   5592 -2.080306298912513e-02 2.8e+01 5.83e-02  2e-02  1e-01 206:53.4
  472   5664 -2.119628472733574e-02 3.1e+01 7.72e-02  2e-02  2e-01 209:33.8
  478   5736 -2.145400368059635e-02 3.5e+01 9.31e-02  3e-02  2e-01 212:13.7
  484   5808 -2.119699940545677e-02 3.6e+01 1.08e-01  3e-02  2e-01 214:54.0
  490   5880 -2.158082425474198e-02 3.6e+01 1.08e-01  3e-02  2e-01 217:34.2
  496   5952 -2.154673143506991e-02 3.7e+01 9.58e-02  3e-02  2e-01 220:14.2
  500   6000 -2.163063944712284e-02 3.7e+01 1.05e-01  3e-02  2e-01 222:00.8
  506   6072 -2.199705784422610e-02 3.7e+01 1.13e-01  3e-02  2e-01 224:40.9
  512   6144 -2.231573875138002e-02 3.7e+01 9.07e-02  3e-02  2e-01 227:20.9
  518   6216 -2.252353377366224e-02 3.6e+01 8.43e-02  2e-02  2e-01 230:01.0
  524   6288 -2.245914560923792e-02 3.5e+01 7.86e-02  2e-02  2e-01 232:41.4
  530   6360 -2.265198883690371e-02 3.4e+01 7.52e-02  2e-02  1e-01 235:22.1
  536   6432 -2.291841112703034e-02 3.4e+01 7.28e-02  2e-02  1e-01 238:02.0
  542   6504 -2.299112288060998e-02 3.4e+01 7.14e-02  2e-02  1e-01 240:42.3
  548   6576 -2.307720972695315e-02 3.3e+01 7.30e-02  2e-02  1e-01 243:22.7
  554   6648 -2.323939761021251e-02 3.2e+01 6.23e-02  2e-02  1e-01 246:02.7
  561   6732 -2.325132278703621e-02 3.2e+01 5.74e-02  2e-02  1e-01 249:09.8
  568   6816 -2.340772935238853e-02 3.2e+01 5.21e-02  2e-02  9e-02 252:16.8
  575   6900 -2.350208785669054e-02 3.1e+01 4.69e-02  1e-02  8e-02 255:23.5
  582   6984 -2.363295296262394e-02 3.2e+01 4.73e-02  1e-02  8e-02 258:30.4
  589   7068 -2.369529947539859e-02 3.2e+01 5.53e-02  2e-02  9e-02 261:37.5
  596   7152 -2.389162218277827e-02 3.3e+01 5.14e-02  1e-02  8e-02 264:44.3
  600   7200 -2.393756685830275e-02 3.4e+01 5.06e-02  1e-02  8e-02 266:31.0
  607   7284 -2.416114190427694e-02 3.4e+01 4.74e-02  1e-02  8e-02 269:37.8
  614   7368 -2.416160317169663e-02 3.6e+01 4.72e-02  1e-02  8e-02 272:44.6
  621   7452 -2.437157425073691e-02 3.8e+01 4.63e-02  1e-02  8e-02 275:51.9
  628   7536 -2.439704819584096e-02 4.0e+01 4.16e-02  1e-02  7e-02 278:59.0
  635   7620 -2.460235312676259e-02 4.3e+01 4.39e-02  1e-02  7e-02 282:05.6
  642   7704 -2.466568349585455e-02 4.6e+01 5.00e-02  1e-02  9e-02 285:12.5
  649   7788 -2.470719376997836e-02 4.8e+01 4.11e-02  1e-02  8e-02 288:19.6
  656   7872 -2.474988035296374e-02 4.9e+01 3.93e-02  1e-02  7e-02 291:26.2
  663   7956 -2.479724255317020e-02 5.1e+01 4.10e-02  1e-02  8e-02 294:33.5
  670   8040 -2.481415612902252e-02 5.3e+01 3.44e-02  9e-03  7e-02 297:41.0
  677   8124 -2.486199739928923e-02 5.3e+01 2.97e-02  8e-03  6e-02 300:47.9
  684   8208 -2.486739203221438e-02 5.3e+01 2.67e-02  6e-03  5e-02 303:54.8
  691   8292 -2.490555267447778e-02 5.3e+01 2.54e-02  6e-03  5e-02 307:02.1
  698   8376 -2.492361554638461e-02 5.2e+01 2.48e-02  6e-03  4e-02 310:09.0
  700   8400 -2.492422425421790e-02 5.2e+01 2.45e-02  6e-03  4e-02 311:02.5
  707   8484 -2.494861582494749e-02 5.3e+01 2.08e-02  5e-03  4e-02 314:09.6
  714   8568 -2.496836979784168e-02 5.8e+01 2.08e-02  4e-03  4e-02 317:16.3
  721   8652 -2.497922743093607e-02 5.7e+01 2.32e-02  5e-03  4e-02 320:22.8
  728   8736 -2.499933155212585e-02 6.1e+01 2.95e-02  6e-03  6e-02 323:29.9
  736   8832 -2.501238594931674e-02 6.2e+01 2.62e-02  5e-03  5e-02 327:03.6
  744   8928 -2.503520740422761e-02 6.4e+01 2.24e-02  4e-03  4e-02 330:37.6
  752   9024 -2.506354398085302e-02 6.4e+01 2.38e-02  5e-03  5e-02 334:11.6
  760   9120 -2.507918046591108e-02 6.5e+01 2.83e-02  5e-03  5e-02 337:45.0
  768   9216 -2.510683914585198e-02 6.5e+01 2.90e-02  5e-03  5e-02 341:18.7
  776   9312 -2.513251099637454e-02 6.8e+01 2.92e-02  5e-03  6e-02 344:52.1
  784   9408 -2.513738074020358e-02 7.4e+01 3.09e-02  6e-03  6e-02 348:25.8
  792   9504 -2.515564773498258e-02 7.3e+01 3.70e-02  6e-03  8e-02 351:59.8
  800   9600 -2.516686846782137e-02 7.5e+01 3.53e-02  6e-03  7e-02 355:33.6
  808   9696 -2.517717311248557e-02 7.3e+01 2.35e-02  4e-03  5e-02 359:07.5
  816   9792 -2.519438979039235e-02 7.2e+01 2.40e-02  4e-03  5e-02 362:41.5
  824   9888 -2.520711388967785e-02 7.5e+01 2.55e-02  4e-03  5e-02 366:15.0
  832   9984 -2.521647443884491e-02 7.4e+01 2.46e-02  4e-03  5e-02 369:48.5
  840  10080 -2.522666921432455e-02 7.3e+01 2.66e-02  4e-03  5e-02 373:21.7
  848  10176 -2.523302824124905e-02 7.3e+01 2.10e-02  3e-03  4e-02 376:55.4
  856  10272 -2.523639671322316e-02 7.5e+01 1.75e-02  2e-03  3e-02 380:28.9
  864  10368 -2.524076720989414e-02 7.6e+01 1.67e-02  2e-03  3e-02 384:02.6
  872  10464 -2.524801361205055e-02 7.8e+01 2.04e-02  3e-03  4e-02 387:36.4
  880  10560 -2.525202285958249e-02 8.5e+01 3.08e-02  4e-03  6e-02 391:09.9
  888  10656 -2.526812056232105e-02 8.5e+01 3.16e-02  4e-03  6e-02 394:43.8
  896  10752 -2.528340358257408e-02 8.5e+01 3.08e-02  4e-03  6e-02 398:17.4
  900  10800 -2.528412188966999e-02 8.8e+01 2.99e-02  4e-03  6e-02 400:04.4
  908  10896 -2.529867312058243e-02 8.8e+01 3.64e-02  4e-03  6e-02 403:38.3
  916  10992 -2.530640558910125e-02 9.4e+01 3.06e-02  4e-03  5e-02 407:11.8
  924  11088 -2.532034887237513e-02 1.1e+02 3.82e-02  4e-03  7e-02 410:45.5
  932  11184 -2.534234577120080e-02 1.1e+02 4.89e-02  5e-03  9e-02 414:19.1
  940  11280 -2.534547921927741e-02 1.2e+02 5.13e-02  5e-03  1e-01 417:52.6
  949  11388 -2.535877470101653e-02 1.1e+02 4.50e-02  5e-03  9e-02 421:52.7
  958  11496 -2.537475309720022e-02 1.1e+02 4.59e-02  5e-03  9e-02 425:53.0
  967  11604 -2.538364653606912e-02 1.1e+02 4.05e-02  4e-03  8e-02 429:53.5
  976  11712 -2.539102771531036e-02 1.1e+02 3.35e-02  3e-03  6e-02 433:53.3
  985  11820 -2.539303295340338e-02 1.1e+02 2.84e-02  3e-03  5e-02 437:53.6
  994  11928 -2.539902001039866e-02 1.1e+02 2.31e-02  2e-03  4e-02 441:54.0
 1000  12000 -2.540304345943514e-02 1.1e+02 2.43e-02  2e-03  4e-02 444:34.4
Budget constraint satisfied 258.5511779785156 258.5511779785156 Difference:  0.0
Budget constraint not satisfied 361.4349670410156 258.5511779785156 Difference:  -102.8837890625
two_most_probable_states: ['1000000000', '0100000000']
final_expectation_value: -0.025404401985915637
params: [-1.4014524390670977, 4.5096576180117465, 5.114899812769152, 5.610813933383965, 8.532823287536312, -2.683440807370714, 10.845395883768823, 5.48452262010223, -5.405994543560078, 1.8698964723608826, 0.09560075028975198, 13.989586617595048, -5.654588585221398, -5.776667018251465, 10.50622916606506, -0.39831987661077134, -7.177588804680885, 5.241591167180736, 8.75264318668354, -2.1016700803030184]
total_steps: 1000
states_probs: [0.12278229691835114, 0.1442375021037739]
optimized_portfolios: [{'AMGN': 1, 'CAT': 0, 'CSCO': 0, 'KO': 0, 'WMT': 0}, {'AMGN': 0, 'CAT': 1, 'CSCO': 0, 'KO': 0, 'WMT': 0}]
objective_values: [-2.0233193047854625, -1.8999974775595412]
result_with_budget: [{'portfolio': {'AMGN': 1, 'CAT': 0, 'CSCO': 0, 'KO': 0, 'WMT': 0}, 'budget': 258.5511779785156, 'difference': 0.0}, {'portfolio': {'AMGN': 0, 'CAT': 1, 'CSCO': 0, 'KO': 0, 'WMT': 0}, 'budget': 361.4349670410156, 'difference': -102.8837890625}]
Processing experiment 244
Budget: 528.0688781738281
Expected returns: 0.20876050372068228
Covariance matrix: 0.31917021142670743
3rd-order coskewness tensor: -0.15878811180821878
4th-order cokurtosis tensor: 4.234911403008918
Number of qubits for asset CAT: 1
Number of qubits for asset CRM: 1
Number of qubits for asset NKE: 3
Number of qubits for asset PG: 2
Number of qubits for asset UNH: 1
Total number of qubits:  8
Optimized Weights (considering variance, skewness and kurtosis):
CAT: 27.85%
CRM: 28.04%
NKE: 12.64%
PG: 20.40%
UNH: 11.07%
Left over budget:  27.104980459330534
Optimized Discrete Allocation:
CRM: 1
PG: 1
Maximized utility from continuous higher moments:  -6.390131954274711
Budget constraint satisfied 528.0688781738281 528.0688781738281 Difference:  0.0
Budget constraint satisfied 512.0128326416016 528.0688781738281 Difference:  16.056045532226562
smallest_eigenvalues: [-0.10628979698326065]
smallest_bitstrings: ['10000100']
first_excited_energy: -0.10616032640710861
optimized_portfolio: [{'CAT': 1, 'CRM': 0, 'NKE': 0, 'PG': 1, 'UNH': 0}]
second_optimized_portfolio: [{'CAT': 1, 'CRM': 0, 'NKE': 2, 'PG': 0, 'UNH': 0}]
result_with_budget: [{'portfolio': {'CAT': 1, 'CRM': 0, 'NKE': 0, 'PG': 1, 'UNH': 0}, 'budget': 528.0688781738281, 'difference': 0.0, 'objective_value': -7.444118988726608}]
result_with_budget_excited: [{'portfolio': {'CAT': 1, 'CRM': 0, 'NKE': 2, 'PG': 0, 'UNH': 0}, 'budget': 512.0128326416016, 'difference': 16.056045532226562, 'objective_value': -39.19298563375624}]
Initial params:  [1.63421207 2.86270494 2.79931245 2.47999927 2.84627449 2.93629424
 2.57360966 3.01270926 2.34787831 1.82257742 2.05434007 2.79204226
 2.24364619 2.85068028 0.67740156 2.25783888]
(6_w,12)-aCMA-ES (mu_w=3.7,w_1=40%) in dimension 16 (seed=225789, Sun Mar 16 08:07:29 2025)
Iterat #Fevals   function value  axis ratio  sigma  min&max std  t[m:s]
    1     12 -5.264564607094091e-02 1.0e+00 1.39e+00  1e+00  1e+00 0:08.7
    2     24 -6.286922212366346e-02 1.1e+00 1.35e+00  1e+00  1e+00 0:17.5
    3     36 -5.171631850117871e-02 1.2e+00 1.31e+00  1e+00  1e+00 0:26.3
    4     48 -3.980414356285696e-02 1.2e+00 1.26e+00  1e+00  1e+00 0:35.0
    5     60 -5.621295213142326e-02 1.2e+00 1.22e+00  1e+00  1e+00 0:43.8
    6     72 -7.127752016289668e-02 1.3e+00 1.17e+00  1e+00  1e+00 0:52.5
    7     84 -2.161929048868665e-02 1.3e+00 1.17e+00  1e+00  1e+00 1:01.3
    8     96 -5.379134881594121e-02 1.3e+00 1.15e+00  1e+00  1e+00 1:10.0
    9    108 -7.728174230997170e-02 1.3e+00 1.10e+00  1e+00  1e+00 1:18.8
   11    132 -5.066301420763436e-02 1.4e+00 1.08e+00  1e+00  1e+00 1:36.2
   13    156 -5.504568729083973e-02 1.4e+00 1.09e+00  1e+00  1e+00 1:53.6
   15    180 -4.629300972008098e-02 1.4e+00 1.09e+00  1e+00  1e+00 2:11.1
   17    204 -6.668385883016656e-02 1.4e+00 1.05e+00  1e+00  1e+00 2:28.6
   19    228 -2.958651216666985e-02 1.5e+00 1.02e+00  9e-01  1e+00 2:46.1
   21    252 -3.518156222501479e-02 1.5e+00 1.03e+00  9e-01  1e+00 3:03.6
   23    276 -2.835857427530426e-02 1.5e+00 1.16e+00  1e+00  1e+00 3:21.0
   25    300 -5.724240444544268e-02 1.6e+00 1.22e+00  1e+00  1e+00 3:38.5
   27    324 -4.202890320285178e-02 1.7e+00 1.13e+00  1e+00  1e+00 3:56.0
   30    360 -2.607322312928396e-02 1.7e+00 9.84e-01  9e-01  1e+00 4:22.2
   33    396 -6.327734765527826e-02 1.8e+00 9.19e-01  8e-01  1e+00 4:48.4
   36    432 -6.797086321591116e-02 1.8e+00 9.68e-01  8e-01  1e+00 5:14.6
   39    468 -7.585692957482280e-02 1.9e+00 1.09e+00  9e-01  1e+00 5:40.8
   42    504 -2.774115758778165e-02 2.1e+00 1.08e+00  9e-01  1e+00 6:07.1
   45    540 -7.192636746771963e-02 2.1e+00 1.11e+00  9e-01  1e+00 6:33.4
   48    576 -6.721084913615499e-02 2.1e+00 1.29e+00  1e+00  1e+00 6:59.6
   51    612 -4.505715786729480e-02 2.1e+00 1.18e+00  1e+00  1e+00 7:25.9
   54    648 -5.429249006103008e-02 2.1e+00 1.18e+00  9e-01  1e+00 7:52.1
   58    696 -6.406456546462386e-02 2.2e+00 1.08e+00  8e-01  1e+00 8:27.0
   62    744 -7.293978320105031e-02 2.3e+00 1.23e+00  9e-01  1e+00 9:01.9
   66    792 1.436334647134148e-02 2.5e+00 1.34e+00  9e-01  2e+00 9:36.8
   70    840 -5.151101527828698e-02 2.5e+00 1.30e+00  8e-01  1e+00 10:11.8
   74    888 -3.774389420272938e-02 2.7e+00 1.66e+00  1e+00  2e+00 10:46.7
   78    936 -5.582443719544629e-02 2.8e+00 1.83e+00  1e+00  2e+00 11:21.7
   82    984 -3.985955805941151e-02 2.9e+00 1.70e+00  1e+00  2e+00 11:56.7
   86   1032 -3.676547268571224e-02 2.9e+00 1.83e+00  1e+00  2e+00 12:31.7
   91   1092 -5.627494078022840e-02 2.9e+00 1.73e+00  1e+00  2e+00 13:15.4
   96   1152 -4.481445636980486e-02 3.0e+00 1.70e+00  1e+00  2e+00 13:59.1
  100   1200 -3.961429721852919e-02 3.1e+00 1.33e+00  9e-01  2e+00 14:34.0
  105   1260 -2.950356731981165e-02 3.2e+00 1.35e+00  9e-01  2e+00 15:17.6
  110   1320 -7.995325704156586e-02 3.2e+00 1.47e+00  1e+00  2e+00 16:01.3
  115   1380 -6.464078708146846e-02 3.1e+00 1.26e+00  9e-01  1e+00 16:45.0
  120   1440 -6.798828119587053e-02 3.2e+00 1.07e+00  7e-01  1e+00 17:28.8
  125   1500 -6.509267426889215e-02 3.5e+00 1.17e+00  7e-01  1e+00 18:12.5
  130   1560 -5.616902345094594e-02 3.7e+00 1.14e+00  7e-01  1e+00 18:56.2
  136   1632 -5.172674980168556e-02 4.0e+00 8.89e-01  5e-01  1e+00 19:48.6
  142   1704 -4.867041260052869e-02 4.1e+00 9.04e-01  5e-01  1e+00 20:40.9
  148   1776 -6.266824145688822e-02 4.3e+00 9.11e-01  5e-01  1e+00 21:33.3
  154   1848 -6.891943171837166e-02 4.6e+00 9.22e-01  5e-01  1e+00 22:25.7
  160   1920 -5.453731182502212e-02 5.2e+00 8.68e-01  4e-01  1e+00 23:18.2
  166   1992 -6.606693642611207e-02 5.3e+00 8.95e-01  4e-01  1e+00 24:10.6
  172   2064 -7.150269309355635e-02 5.5e+00 8.70e-01  4e-01  1e+00 25:03.0
  178   2136 -8.028250474689116e-02 5.6e+00 7.75e-01  3e-01  1e+00 25:55.4
  184   2208 -6.425563493280793e-02 5.7e+00 6.69e-01  3e-01  8e-01 26:47.8
  191   2292 -7.365743472074067e-02 5.5e+00 5.41e-01  2e-01  6e-01 27:48.9
  198   2376 -7.768270890299887e-02 5.3e+00 5.05e-01  2e-01  6e-01 28:49.9
  200   2400 -8.360268165791555e-02 5.3e+00 4.99e-01  2e-01  6e-01 29:07.4
  207   2484 -5.468803320993992e-02 5.8e+00 4.91e-01  2e-01  6e-01 30:08.5
  214   2568 -6.646489239661973e-02 6.0e+00 5.02e-01  2e-01  5e-01 31:09.6
  221   2652 -7.587935743396494e-02 6.1e+00 5.91e-01  2e-01  6e-01 32:10.6
  228   2736 -7.139010915161466e-02 6.4e+00 5.99e-01  2e-01  6e-01 33:11.6
  235   2820 -7.541590595332026e-02 7.0e+00 5.10e-01  1e-01  5e-01 34:12.8
  242   2904 -8.393250530283633e-02 7.3e+00 4.30e-01  1e-01  5e-01 35:13.9
  250   3000 -8.154456411444419e-02 8.1e+00 4.42e-01  1e-01  5e-01 36:23.7
  258   3096 -8.227331866668998e-02 8.6e+00 4.32e-01  1e-01  5e-01 37:33.6
  266   3192 -8.458145029170469e-02 9.0e+00 2.83e-01  7e-02  3e-01 38:43.5
  274   3288 -8.536437657452478e-02 9.5e+00 1.89e-01  4e-02  2e-01 39:53.3
  282   3384 -8.681665553496372e-02 1.1e+01 1.67e-01  4e-02  2e-01 41:03.1
  290   3480 -8.715308976210215e-02 1.1e+01 1.26e-01  3e-02  1e-01 42:12.8
  298   3576 -8.758094677334644e-02 1.1e+01 1.53e-01  3e-02  2e-01 43:22.7
  300   3600 -8.799954934704575e-02 1.1e+01 1.51e-01  3e-02  2e-01 43:40.2
  309   3708 -8.756075736470491e-02 1.2e+01 1.13e-01  2e-02  1e-01 44:58.8
  318   3816 -8.916446795850759e-02 1.3e+01 1.46e-01  3e-02  2e-01 46:17.6
  327   3924 -9.008204547958824e-02 1.5e+01 1.34e-01  2e-02  2e-01 47:36.2
  336   4032 -9.028297871557217e-02 1.5e+01 1.03e-01  2e-02  1e-01 48:54.9
  345   4140 -9.160203385350114e-02 1.6e+01 1.30e-01  2e-02  1e-01 50:13.6
  354   4248 -9.337470618512136e-02 1.7e+01 1.48e-01  3e-02  2e-01 51:32.1
  363   4356 -9.306081693130705e-02 1.9e+01 1.25e-01  2e-02  1e-01 52:50.8
  372   4464 -9.344709133386750e-02 2.3e+01 1.04e-01  2e-02  1e-01 54:09.4
  381   4572 -9.359148580902019e-02 2.5e+01 7.47e-02  1e-02  8e-02 55:28.0
  391   4692 -9.393794334319543e-02 2.9e+01 6.18e-02  9e-03  7e-02 56:55.4
  400   4800 -9.417369901504904e-02 3.4e+01 5.89e-02  8e-03  7e-02 58:14.0
  410   4920 -9.454248001575447e-02 3.9e+01 7.66e-02  1e-02  1e-01 59:41.4
  420   5040 -9.499569491148945e-02 4.1e+01 8.30e-02  1e-02  1e-01 61:08.7
  430   5160 -9.530974622313687e-02 4.8e+01 8.00e-02  1e-02  1e-01 62:36.2
  440   5280 -9.551606668069752e-02 5.1e+01 7.68e-02  1e-02  1e-01 64:03.7
  450   5400 -9.552113407925798e-02 5.5e+01 6.67e-02  1e-02  9e-02 65:31.9
  460   5520 -9.563864785769270e-02 6.0e+01 4.72e-02  7e-03  6e-02 66:59.6
  470   5640 -9.572556487340214e-02 6.3e+01 3.07e-02  5e-03  4e-02 68:27.3
  481   5772 -9.577085580713286e-02 6.2e+01 3.89e-02  6e-03  5e-02 70:03.7
  492   5904 -9.584688317627700e-02 6.3e+01 4.63e-02  7e-03  7e-02 71:40.1
  500   6000 -9.585726802865330e-02 6.5e+01 4.05e-02  6e-03  6e-02 72:50.2
  511   6132 -9.591091925639034e-02 6.6e+01 3.91e-02  5e-03  6e-02 74:26.5
  522   6264 -9.597891637700691e-02 7.6e+01 5.12e-02  7e-03  9e-02 76:03.1
  533   6396 -9.603202899639701e-02 8.4e+01 4.62e-02  6e-03  9e-02 77:39.5
  544   6528 -9.605542150560224e-02 8.6e+01 3.69e-02  5e-03  7e-02 79:15.9
  555   6660 -9.608513102536326e-02 8.6e+01 3.65e-02  5e-03  6e-02 80:52.3
  566   6792 -9.611011693421330e-02 9.0e+01 3.52e-02  5e-03  6e-02 82:28.7
  578   6936 -9.612271364406708e-02 8.6e+01 3.39e-02  5e-03  5e-02 84:14.1
  590   7080 -9.614988435006190e-02 9.3e+01 3.64e-02  5e-03  5e-02 85:59.2
  600   7200 -9.618234221231622e-02 1.0e+02 3.66e-02  6e-03  5e-02 87:26.9
  612   7344 -9.621677103162933e-02 1.1e+02 4.78e-02  7e-03  7e-02 89:12.3
  624   7488 -9.625462464157963e-02 1.2e+02 5.80e-02  7e-03  8e-02 90:57.3
  636   7632 -9.627392067786801e-02 1.2e+02 4.37e-02  5e-03  6e-02 92:42.7
  648   7776 -9.631046082247260e-02 1.2e+02 3.43e-02  3e-03  5e-02 94:28.0
  660   7920 -9.636111714747965e-02 1.4e+02 5.52e-02  5e-03  1e-01 96:13.2
  672   8064 -9.642336170788629e-02 1.8e+02 8.18e-02  7e-03  2e-01 97:58.3
  685   8220 -9.649175700471327e-02 2.0e+02 8.83e-02  7e-03  2e-01 99:52.4
  698   8376 -9.658664906479056e-02 2.0e+02 6.25e-02  5e-03  1e-01 101:46.3
  700   8400 -9.656409694064204e-02 2.0e+02 6.28e-02  5e-03  1e-01 102:03.7
  713   8556 -9.664399498441066e-02 2.1e+02 4.66e-02  3e-03  1e-01 103:57.6
  726   8712 -9.677690386155259e-02 2.1e+02 1.13e-01  7e-03  3e-01 105:51.5
  739   8868 -9.681951715472838e-02 2.0e+02 9.64e-02  6e-03  2e-01 107:45.6
  752   9024 -9.690857426197677e-02 2.2e+02 1.15e-01  6e-03  3e-01 109:39.5
  765   9180 -9.694752923063266e-02 2.3e+02 1.01e-01  5e-03  2e-01 111:33.5
  778   9336 -9.700550724668643e-02 2.4e+02 8.57e-02  4e-03  2e-01 113:27.5
  792   9504 -9.703486596324987e-02 2.7e+02 7.51e-02  3e-03  2e-01 115:30.3
  800   9600 -9.705366546212989e-02 2.9e+02 5.29e-02  2e-03  1e-01 116:40.5
  814   9768 -9.707543826892073e-02 2.9e+02 3.47e-02  1e-03  9e-02 118:42.9
  828   9936 -9.708475683533170e-02 3.1e+02 3.73e-02  1e-03  1e-01 120:45.4
  842  10104 -9.710189399406610e-02 3.2e+02 6.62e-02  2e-03  2e-01 122:47.8
  856  10272 -9.711206197097490e-02 3.3e+02 5.41e-02  2e-03  2e-01 124:50.1
  870  10440 -9.712881599004124e-02 3.4e+02 6.36e-02  2e-03  2e-01 126:51.3
  884  10608 -9.716143033081059e-02 3.5e+02 9.39e-02  3e-03  2e-01 128:53.5
  898  10776 -9.717939728184560e-02 3.3e+02 8.16e-02  2e-03  2e-01 130:56.5
  900  10800 -9.719648659624509e-02 3.3e+02 8.62e-02  2e-03  2e-01 131:14.0
  915  10980 -9.726820812173773e-02 3.6e+02 1.25e-01  3e-03  3e-01 133:25.1
  930  11160 -9.732848186418677e-02 4.6e+02 1.80e-01  5e-03  5e-01 135:36.4
  945  11340 -9.745325918044252e-02 4.7e+02 1.39e-01  4e-03  4e-01 137:47.4
  960  11520 -9.753392961719348e-02 4.6e+02 1.49e-01  4e-03  4e-01 139:58.4
  975  11700 -9.758822361805686e-02 4.8e+02 1.41e-01  4e-03  4e-01 142:09.5
  990  11880 -9.764803156594715e-02 5.2e+02 1.09e-01  3e-03  3e-01 144:20.6
 1000  12000 -9.770435437635365e-02 5.0e+02 1.51e-01  4e-03  5e-01 145:47.9
Budget constraint not satisfied 578.9962387084961 528.0688781738281 Difference:  -50.92736053466797
Budget constraint satisfied 503.7073059082031 528.0688781738281 Difference:  24.361572265625
two_most_probable_states: ['00100001', '00000001']
final_expectation_value: -0.09771828454204433
params: [-4.830798715367237, 2.061974879783288, -6.979062464593754, 1.1812450545740878, -11.904490693018976, 4.660744428313327, 1.2719501193923874, 26.511968098426365, -7.798831496113995, 5.5310735299410565, -1.827718190529405, 5.423557977689293, -4.622280682936748, 5.68422315379422, -3.954743588822393, -0.07544481786101699]
total_steps: 1000
states_probs: [0.03765154499313028, 0.05799601297864043]
optimized_portfolios: [{'CAT': 0, 'CRM': 0, 'NKE': 1, 'PG': 0, 'UNH': 1}, {'CAT': 0, 'CRM': 0, 'NKE': 0, 'PG': 0, 'UNH': 1}]
objective_values: [-11.630304766664578, -2.7910329249776034]
result_with_budget: [{'portfolio': {'CAT': 0, 'CRM': 0, 'NKE': 1, 'PG': 0, 'UNH': 1}, 'budget': 578.9962387084961, 'difference': -50.92736053466797}, {'portfolio': {'CAT': 0, 'CRM': 0, 'NKE': 0, 'PG': 0, 'UNH': 1}, 'budget': 503.7073059082031, 'difference': 24.361572265625}]
Processing experiment 245
Budget: 387.0075225830078
Expected returns: 0.11626329477442808
Covariance matrix: 0.18998836956002252
3rd-order coskewness tensor: 0.6568663832764786
4th-order cokurtosis tensor: 8.013269356634021
Number of qubits for asset AMGN: 1
Number of qubits for asset BA: 2
Number of qubits for asset DOW: 4
Number of qubits for asset MMM: 2
Number of qubits for asset TRV: 1
Total number of qubits:  10
Optimized Weights (considering variance, skewness and kurtosis):
AMGN: 41.16%
BA: 18.31%
DOW: 1.24%
MMM: 29.09%
TRV: 10.20%
Left over budget:  -2.785264541671495e-06
Optimized Discrete Allocation:
AMGN: 1
MMM: 1
Maximized utility from continuous higher moments:  -7.444070288154638
Budget constraint satisfied 387.0075225830078 387.0075225830078 Difference:  0.0
Budget constraint not satisfied 393.3990364074707 387.0075225830078 Difference:  -6.391513824462891
smallest_eigenvalues: [-0.049157648844648356]
smallest_bitstrings: ['1000000100']
first_excited_energy: -0.04907597821642717
optimized_portfolio: [{'AMGN': 1, 'BA': 0, 'DOW': 0, 'MMM': 1, 'TRV': 0}]
second_optimized_portfolio: [{'AMGN': 0, 'BA': 2, 'DOW': 1, 'MMM': 0, 'TRV': 0}]
result_with_budget: [{'portfolio': {'AMGN': 1, 'BA': 0, 'DOW': 0, 'MMM': 1, 'TRV': 0}, 'budget': 387.0075225830078, 'difference': 0.0, 'objective_value': -7.444070288154638}]
result_with_budget_excited: [{'portfolio': {'AMGN': 0, 'BA': 2, 'DOW': 1, 'MMM': 0, 'TRV': 0}, 'budget': 393.3990364074707, 'difference': -6.391513824462891, 'objective_value': -83.7149257565025}]
Initial params:  [1.69739967 2.66578932 1.95082569 1.04376721 2.95977563 1.64553545
 0.20519604 2.40574176 0.65836462 0.60608155 1.22563686 2.66550928
 0.27538991 1.55363133 2.63174583 2.74105175 0.78675817 2.47440241
 1.94964038 2.4224739 ]
(6_w,12)-aCMA-ES (mu_w=3.7,w_1=40%) in dimension 20 (seed=199698, Sun Mar 16 10:34:15 2025)
Iterat #Fevals   function value  axis ratio  sigma  min&max std  t[m:s]
    1     12 -1.128866519128710e-02 1.0e+00 1.44e+00  1e+00  1e+00 0:26.7
    2     24 -2.553599837231971e-02 1.1e+00 1.38e+00  1e+00  1e+00 0:53.4
    3     36 -1.104960338031946e-02 1.1e+00 1.32e+00  1e+00  1e+00 1:20.1
    4     48 -2.667394300656131e-02 1.2e+00 1.25e+00  1e+00  1e+00 1:46.7
    5     60 -3.060301547477101e-02 1.2e+00 1.21e+00  1e+00  1e+00 2:13.5
    6     72 -2.064160677767599e-02 1.2e+00 1.20e+00  1e+00  1e+00 2:40.2
    7     84 -1.845341937718148e-02 1.2e+00 1.23e+00  1e+00  1e+00 3:07.0
    8     96 -2.105049235776759e-02 1.2e+00 1.24e+00  1e+00  1e+00 3:33.7
    9    108 -2.977703268512401e-02 1.3e+00 1.28e+00  1e+00  1e+00 4:00.5
   10    120 -9.005645924495705e-03 1.3e+00 1.28e+00  1e+00  1e+00 4:27.2
   11    132 -5.240017532179946e-03 1.4e+00 1.24e+00  1e+00  1e+00 4:54.0
   12    144 2.006689587154236e-02 1.4e+00 1.22e+00  1e+00  1e+00 5:20.7
   13    156 2.809940204092254e-02 1.4e+00 1.23e+00  1e+00  1e+00 5:47.5
   14    168 4.978877393446989e-03 1.4e+00 1.25e+00  1e+00  1e+00 6:14.3
   15    180 -1.375536986916665e-02 1.5e+00 1.24e+00  1e+00  1e+00 6:41.0
   16    192 -1.438360132331637e-02 1.5e+00 1.21e+00  1e+00  1e+00 7:07.7
   17    204 -5.968745841591734e-03 1.5e+00 1.21e+00  1e+00  1e+00 7:34.5
   18    216 7.592359522174291e-03 1.5e+00 1.18e+00  1e+00  1e+00 8:01.2
   19    228 -6.647869174818090e-03 1.6e+00 1.17e+00  1e+00  1e+00 8:27.9
   20    240 1.431150965435834e-03 1.6e+00 1.18e+00  1e+00  1e+00 8:54.6
   21    252 -3.372112413175173e-02 1.6e+00 1.20e+00  1e+00  1e+00 9:21.4
   22    264 -2.264482959190422e-02 1.6e+00 1.25e+00  1e+00  1e+00 9:48.2
   23    276 -2.252824257234043e-02 1.6e+00 1.32e+00  1e+00  1e+00 10:14.9
   24    288 -2.341267885127521e-02 1.7e+00 1.36e+00  1e+00  1e+00 10:41.5
   25    300 -1.685174588055296e-02 1.7e+00 1.34e+00  1e+00  1e+00 11:08.4
   26    312 -2.587778338679884e-02 1.7e+00 1.36e+00  1e+00  1e+00 11:35.1
   27    324 2.963212129499067e-03 1.8e+00 1.38e+00  1e+00  2e+00 12:01.8
   29    348 -2.655335391226726e-02 1.8e+00 1.33e+00  1e+00  1e+00 12:55.2
   31    372 -5.225175813087927e-03 1.8e+00 1.33e+00  1e+00  1e+00 13:48.5
   33    396 6.119862880267885e-03 1.8e+00 1.30e+00  1e+00  1e+00 14:41.9
   35    420 -3.412610968627292e-02 1.8e+00 1.30e+00  1e+00  1e+00 15:35.3
   37    444 -2.873978774531743e-02 1.8e+00 1.33e+00  1e+00  1e+00 16:28.8
   39    468 -3.437955513493395e-02 1.8e+00 1.31e+00  1e+00  1e+00 17:22.3
   41    492 -1.715018690323629e-02 1.8e+00 1.33e+00  1e+00  1e+00 18:15.8
   43    516 5.607787952786073e-03 1.8e+00 1.39e+00  1e+00  1e+00 19:09.2
   45    540 -2.952613872889914e-02 1.8e+00 1.36e+00  1e+00  1e+00 20:02.0
   47    564 -1.882577508042374e-02 1.9e+00 1.22e+00  1e+00  1e+00 20:55.6
   49    588 -2.335213817347567e-02 1.9e+00 1.17e+00  1e+00  1e+00 21:49.1
   51    612 -3.322456881533146e-02 1.9e+00 1.13e+00  1e+00  1e+00 22:42.7
   53    636 -1.998177077023648e-02 1.9e+00 1.11e+00  1e+00  1e+00 23:36.0
   55    660 -1.636633012700539e-02 1.9e+00 1.07e+00  9e-01  1e+00 24:29.6
   57    684 -2.247236571736545e-02 2.0e+00 9.74e-01  9e-01  1e+00 25:23.1
   59    708 8.619283078681133e-03 2.0e+00 9.31e-01  8e-01  1e+00 26:16.5
   61    732 -1.868135499454495e-02 2.0e+00 8.92e-01  8e-01  1e+00 27:10.0
   63    756 -2.730686046432286e-02 2.0e+00 8.99e-01  8e-01  1e+00 28:03.3
   65    780 -1.403615976485191e-02 2.0e+00 8.52e-01  8e-01  1e+00 28:56.8
   67    804 -1.677590843997415e-02 2.0e+00 8.49e-01  8e-01  1e+00 29:50.4
   69    828 -2.742614600752667e-02 2.1e+00 8.43e-01  7e-01  1e+00 30:44.0
   71    852 -2.287247165469349e-02 2.1e+00 8.04e-01  7e-01  9e-01 31:37.3
   73    876 -5.288840766182596e-03 2.2e+00 7.57e-01  7e-01  9e-01 32:30.8
   75    900 -3.949654169854695e-03 2.2e+00 7.18e-01  6e-01  9e-01 33:24.4
   77    924 -1.921290121363023e-02 2.2e+00 6.68e-01  6e-01  8e-01 34:17.9
   79    948 -2.287840490115949e-02 2.2e+00 6.70e-01  6e-01  8e-01 35:11.3
   81    972 -6.992886351794347e-03 2.2e+00 6.69e-01  6e-01  8e-01 36:04.8
   84   1008 -4.101226601683623e-03 2.2e+00 6.60e-01  6e-01  8e-01 37:24.9
   87   1044 -1.551911175409857e-02 2.3e+00 7.24e-01  6e-01  8e-01 38:45.2
   90   1080 -9.767211951216360e-03 2.2e+00 7.52e-01  6e-01  8e-01 40:05.5
   93   1116 -1.272706848878312e-03 2.2e+00 7.65e-01  6e-01  9e-01 41:25.6
   96   1152 -8.542733365587630e-03 2.3e+00 7.33e-01  6e-01  8e-01 42:45.8
   99   1188 -1.339067176362448e-02 2.3e+00 7.10e-01  6e-01  8e-01 44:06.1
