Running job array 79 on pe46.int.triton.aalto.fi
Starting at Fri Mar 21 18:09:47 EET 2025
Activating virtual environment at /scratch/work/uotilav2/quantum-portfolio/venv
Processing batch 80/100: experiments 79 to 79 (total 1)
Processing experiment 79
Budget: 653
YF.download() has changed argument auto_adjust default to True
Number of qubits for asset CRM: 1
Number of qubits for asset MMM: 3
Number of qubits for asset TRV: 2
Number of qubits for asset WBA: 7
Total number of qubits:  13
Optimized Weights (considering variance, skewness and kurtosis):
CRM: 80.33%
MMM: 0.00%
TRV: 19.67%
WBA: 0.00%
Left over budget:  50.771520341315636
Optimized Discrete Allocation:
CRM: 1
TRV: 1
WBA: 3
Maximized utility from continuous higher moments:  -1.7360351806627885
Budget constraint not satisfied 653.2675266265869 653 Difference:  -0.26752662658691406
Budget constraint satisfied 651.611722946167 653 Difference:  1.3882770538330078
smallest_eigenvalues: [-0.060988778837725424]
smallest_bitstrings: ['0110101100000']
first_excited_energy: -0.060987935420212164
optimized_portfolio: [{'CRM': 0, 'MMM': 3, 'TRV': 1, 'WBA': 3}]
second_optimized_portfolio: [{'CRM': 0, 'MMM': 5, 'TRV': 0, 'WBA': 1}]
result_with_budget: [{'portfolio': {'CRM': 0, 'MMM': 3, 'TRV': 1, 'WBA': 3}, 'budget': 653.2675266265869, 'difference': -0.26752662658691406, 'objective_value': -9.462967024292055}]
result_with_budget_excited: [{'portfolio': {'CRM': 0, 'MMM': 5, 'TRV': 0, 'WBA': 1}, 'budget': 651.611722946167, 'difference': 1.3882770538330078, 'objective_value': -66.40994899330761}]
Initial params:  [2.51063067 1.44978017 2.45210473 0.37157007 2.01037118 0.45035763
 2.96776493 1.63943485 1.3026989  0.83112597 2.43232687 1.43303853
 1.78578792 0.0590299  1.94035914 1.92295543 1.93815531 2.96487203
 2.14200164 1.12942738]
(6_w,12)-aCMA-ES (mu_w=3.7,w_1=40%) in dimension 20 (seed=618797, Fri Mar 21 18:13:44 2025)
Iterat #Fevals   function value  axis ratio  sigma  min&max std  t[m:s]
    1     12 -2.181378102537789e-02 1.0e+00 9.37e-02  9e-02  9e-02 1:28.0
    2     24 -2.716072013540191e-02 1.1e+00 9.16e-02  9e-02  9e-02 2:55.1
    3     36 -2.909794749866767e-02 1.1e+00 9.14e-02  9e-02  9e-02 4:21.9
    4     48 -2.958451647874416e-02 1.2e+00 9.12e-02  9e-02  9e-02 5:49.0
    5     60 -3.392792913475057e-02 1.2e+00 8.92e-02  9e-02  9e-02 7:15.7
    6     72 -3.428805204097061e-02 1.2e+00 8.94e-02  9e-02  9e-02 8:42.5
    7     84 -3.523078297829850e-02 1.3e+00 8.59e-02  8e-02  9e-02 10:09.8
    8     96 -3.611330164289700e-02 1.3e+00 8.49e-02  8e-02  9e-02 11:36.5
    9    108 -3.671551482232936e-02 1.3e+00 8.56e-02  8e-02  9e-02 13:03.5
   10    120 -3.754314202457752e-02 1.4e+00 8.58e-02  8e-02  9e-02 14:30.1
   11    132 -3.917027573808097e-02 1.4e+00 8.79e-02  8e-02  9e-02 15:56.8
   12    144 -3.874583716391451e-02 1.4e+00 9.03e-02  8e-02  9e-02 17:23.5
   13    156 -3.912668201890380e-02 1.4e+00 9.31e-02  9e-02  1e-01 18:50.0
   14    168 -3.910402706023380e-02 1.5e+00 9.43e-02  9e-02  1e-01 20:16.7
   15    180 -4.033534021796868e-02 1.5e+00 9.36e-02  9e-02  1e-01 21:43.1
   16    192 -4.129083815585943e-02 1.5e+00 9.72e-02  9e-02  1e-01 23:09.5
   17    204 -4.095105983277747e-02 1.5e+00 9.57e-02  9e-02  1e-01 24:36.2
   18    216 -4.066698368476285e-02 1.6e+00 9.42e-02  8e-02  1e-01 26:02.8
   19    228 -4.094151176845533e-02 1.6e+00 9.31e-02  8e-02  1e-01 27:29.6
   20    240 -4.024251582967145e-02 1.6e+00 9.04e-02  8e-02  1e-01 28:56.0
   21    252 -4.111310155825727e-02 1.6e+00 9.01e-02  8e-02  1e-01 30:22.3
   22    264 -4.130152488697777e-02 1.6e+00 9.19e-02  8e-02  1e-01 31:48.9
   23    276 -4.086315904980908e-02 1.7e+00 9.32e-02  8e-02  1e-01 33:15.3
   24    288 -4.137064394999324e-02 1.7e+00 9.23e-02  8e-02  1e-01 34:41.8
   25    300 -4.274123352634365e-02 1.8e+00 9.05e-02  8e-02  1e-01 36:08.0
   26    312 -4.257780050693222e-02 1.8e+00 8.85e-02  8e-02  1e-01 37:34.2
   27    324 -4.183445515036403e-02 1.8e+00 8.69e-02  8e-02  9e-02 39:00.6
   28    336 -4.192574286606907e-02 1.9e+00 8.86e-02  8e-02  1e-01 40:26.9
   29    348 -4.142883432299169e-02 1.9e+00 9.20e-02  8e-02  1e-01 41:53.5
   30    360 -4.085960201190851e-02 2.0e+00 9.38e-02  8e-02  1e-01 43:19.5
   31    372 -4.212503902631188e-02 2.1e+00 9.56e-02  8e-02  1e-01 44:45.6
   32    384 -4.225864053627879e-02 2.1e+00 9.61e-02  8e-02  1e-01 46:11.8
   33    396 -4.282238990563912e-02 2.2e+00 9.45e-02  8e-02  1e-01 47:38.1
   34    408 -4.363853849070846e-02 2.2e+00 9.29e-02  8e-02  1e-01 49:04.4
   35    420 -4.203035461798545e-02 2.2e+00 9.23e-02  8e-02  1e-01 50:30.9
   36    432 -4.468748256045174e-02 2.3e+00 9.38e-02  8e-02  1e-01 51:56.9
   37    444 -4.474432419455017e-02 2.3e+00 9.83e-02  9e-02  1e-01 53:23.0
   38    456 -4.521887554906775e-02 2.3e+00 9.63e-02  8e-02  1e-01 54:49.6
   39    468 -4.453071430019869e-02 2.4e+00 9.32e-02  8e-02  1e-01 56:16.0
   40    480 -4.409504447433363e-02 2.4e+00 8.90e-02  8e-02  1e-01 57:42.5
   41    492 -4.369707960485660e-02 2.4e+00 8.74e-02  8e-02  1e-01 59:08.6
   42    504 -4.387732033873840e-02 2.5e+00 8.81e-02  8e-02  1e-01 60:34.9
   43    516 -4.267492977192273e-02 2.5e+00 8.49e-02  7e-02  1e-01 62:01.7
   44    528 -4.324047068480376e-02 2.6e+00 8.20e-02  7e-02  9e-02 63:28.2
   45    540 -4.444114590456555e-02 2.6e+00 8.34e-02  7e-02  9e-02 64:54.7
   46    552 -4.431286540579796e-02 2.6e+00 8.68e-02  8e-02  1e-01 66:21.6
   47    564 -4.348667016961776e-02 2.7e+00 8.79e-02  8e-02  1e-01 67:48.4
   48    576 -4.346993353368705e-02 2.7e+00 9.00e-02  8e-02  1e-01 69:15.1
   49    588 -4.291247285796336e-02 2.7e+00 8.99e-02  8e-02  1e-01 70:41.4
   50    600 -4.322754043005365e-02 2.8e+00 8.94e-02  8e-02  1e-01 72:08.0
   51    612 -4.283755123379880e-02 2.8e+00 8.84e-02  8e-02  1e-01 73:34.2
   52    624 -4.350845374609574e-02 2.9e+00 8.68e-02  7e-02  1e-01 75:00.7
   53    636 -4.392780151052350e-02 2.9e+00 8.29e-02  7e-02  1e-01 76:27.0
   54    648 -4.405700138992947e-02 2.9e+00 7.98e-02  7e-02  9e-02 77:54.1
   55    660 -4.447750807294464e-02 3.0e+00 7.78e-02  7e-02  9e-02 79:20.5
   56    672 -4.422603066839317e-02 3.0e+00 7.94e-02  7e-02  9e-02 80:46.9
   57    684 -4.453856886612231e-02 3.1e+00 8.12e-02  7e-02  9e-02 82:13.4
   58    696 -4.438005344281015e-02 3.1e+00 8.43e-02  7e-02  1e-01 83:39.7
   59    708 -4.466180499026635e-02 3.2e+00 8.55e-02  7e-02  1e-01 85:06.3
   60    720 -4.522686028824368e-02 3.2e+00 8.42e-02  7e-02  1e-01 86:33.0
   61    732 -4.510999960434306e-02 3.3e+00 8.30e-02  7e-02  1e-01 87:59.5
   62    744 -4.422919464610643e-02 3.3e+00 8.32e-02  7e-02  1e-01 89:25.9
   63    756 -4.466380452619293e-02 3.3e+00 7.99e-02  7e-02  9e-02 90:52.2
   64    768 -4.480013618322100e-02 3.3e+00 7.87e-02  7e-02  9e-02 92:18.9
   65    780 -4.501777878048351e-02 3.4e+00 7.82e-02  6e-02  9e-02 93:45.5
   66    792 -4.474304307971275e-02 3.4e+00 7.71e-02  6e-02  9e-02 95:11.8
   67    804 -4.547623311543023e-02 3.6e+00 7.83e-02  6e-02  1e-01 96:38.2
   68    816 -4.569441560183858e-02 3.7e+00 7.74e-02  6e-02  1e-01 98:04.9
   69    828 -4.554502124951266e-02 3.7e+00 7.93e-02  7e-02  1e-01 99:31.4
   70    840 -4.543775005858712e-02 3.8e+00 7.93e-02  7e-02  1e-01 100:57.9
   71    852 -4.544533153124825e-02 3.9e+00 7.95e-02  7e-02  1e-01 102:24.2
   72    864 -4.532195726387572e-02 3.9e+00 7.79e-02  6e-02  1e-01 103:50.5
   73    876 -4.500852533550278e-02 4.0e+00 7.79e-02  6e-02  1e-01 105:17.0
   74    888 -4.479734039173802e-02 4.0e+00 7.54e-02  6e-02  1e-01 106:43.8
   75    900 -4.497065485328583e-02 4.1e+00 7.32e-02  6e-02  9e-02 108:10.1
   76    912 -4.466897407188590e-02 4.1e+00 7.10e-02  6e-02  9e-02 109:36.4
   77    924 -4.505930799739938e-02 4.2e+00 6.98e-02  6e-02  9e-02 111:02.6
   78    936 -4.549904073033034e-02 4.2e+00 6.78e-02  5e-02  9e-02 112:29.1
   79    948 -4.550547871906644e-02 4.4e+00 6.62e-02  5e-02  8e-02 113:55.5
   80    960 -4.497426547012096e-02 4.4e+00 6.38e-02  5e-02  8e-02 115:21.8
   81    972 -4.545507883291033e-02 4.4e+00 6.24e-02  5e-02  8e-02 116:48.2
   82    984 -4.560383587872734e-02 4.6e+00 6.15e-02  5e-02  8e-02 118:14.3
   83    996 -4.526329818459113e-02 4.6e+00 6.03e-02  5e-02  8e-02 119:40.4
   84   1008 -4.515509298626521e-02 4.7e+00 5.73e-02  5e-02  7e-02 121:06.9
   85   1020 -4.547106996467669e-02 4.8e+00 5.57e-02  4e-02  7e-02 122:33.1
   86   1032 -4.553719918303897e-02 4.8e+00 5.37e-02  4e-02  7e-02 123:59.7
   87   1044 -4.547228016905081e-02 4.9e+00 5.17e-02  4e-02  7e-02 125:25.7
   89   1068 -4.578214705825145e-02 5.1e+00 4.69e-02  4e-02  6e-02 128:18.9
   91   1092 -4.591288677975813e-02 5.2e+00 4.65e-02  4e-02  6e-02 131:11.5
   93   1116 -4.597003668231778e-02 5.4e+00 4.64e-02  4e-02  6e-02 134:04.6
   95   1140 -4.586973730946193e-02 5.7e+00 4.49e-02  3e-02  6e-02 136:57.2
   97   1164 -4.597475971807074e-02 5.8e+00 4.29e-02  3e-02  6e-02 139:49.7
   99   1188 -4.599433499561059e-02 6.0e+00 4.09e-02  3e-02  5e-02 142:42.4
  100   1200 -4.605161382481746e-02 6.1e+00 3.95e-02  3e-02  5e-02 144:08.7
  102   1224 -4.604904792564019e-02 6.3e+00 3.89e-02  3e-02  5e-02 147:01.3
  104   1248 -4.603619934954169e-02 6.4e+00 3.98e-02  3e-02  5e-02 149:53.8
  106   1272 -4.612146364472883e-02 6.5e+00 3.90e-02  3e-02  5e-02 152:46.5
  108   1296 -4.634332642486023e-02 6.7e+00 4.09e-02  3e-02  5e-02 155:39.4
  110   1320 -4.633708730587072e-02 6.9e+00 4.21e-02  3e-02  5e-02 158:32.3
  112   1344 -4.648493996790201e-02 7.0e+00 4.36e-02  3e-02  6e-02 161:24.9
  114   1368 -4.633330992465578e-02 7.1e+00 4.70e-02  4e-02  6e-02 164:17.4
  116   1392 -4.642900155497516e-02 7.3e+00 4.83e-02  4e-02  6e-02 167:09.5
  118   1416 -4.665152681155543e-02 7.3e+00 4.77e-02  4e-02  6e-02 170:02.1
  120   1440 -4.639911190124776e-02 7.5e+00 4.81e-02  4e-02  6e-02 172:54.2
  122   1464 -4.674544503538178e-02 7.7e+00 4.65e-02  3e-02  6e-02 175:46.6
  124   1488 -4.684487561207739e-02 7.9e+00 4.77e-02  4e-02  6e-02 178:39.3
  126   1512 -4.702209180623553e-02 8.0e+00 4.87e-02  4e-02  6e-02 181:31.5
  128   1536 -4.710953277149057e-02 8.4e+00 5.09e-02  4e-02  7e-02 184:24.4
  130   1560 -4.704229291661201e-02 9.1e+00 4.90e-02  4e-02  6e-02 187:17.2
  132   1584 -4.690345800391129e-02 9.3e+00 4.53e-02  3e-02  6e-02 190:09.5
  134   1608 -4.718845035363976e-02 9.3e+00 4.63e-02  3e-02  6e-02 193:02.3
  136   1632 -4.716409984979926e-02 9.4e+00 4.58e-02  3e-02  6e-02 195:54.3
  138   1656 -4.733997945569206e-02 9.3e+00 4.54e-02  3e-02  6e-02 198:47.1
  140   1680 -4.726473012399089e-02 9.5e+00 4.69e-02  3e-02  6e-02 201:39.4
  142   1704 -4.729853179152205e-02 9.8e+00 4.60e-02  3e-02  6e-02 204:32.4
  144   1728 -4.749008530857735e-02 9.8e+00 4.26e-02  3e-02  5e-02 207:24.8
  146   1752 -4.753989525021566e-02 9.9e+00 4.02e-02  3e-02  5e-02 210:17.4
  148   1776 -4.761949020205232e-02 1.0e+01 3.81e-02  3e-02  5e-02 213:10.0
  150   1800 -4.783433433584378e-02 1.1e+01 3.97e-02  3e-02  5e-02 216:02.6
  152   1824 -4.796669692406046e-02 1.2e+01 4.39e-02  3e-02  6e-02 218:54.8
  154   1848 -4.821866385038941e-02 1.2e+01 4.95e-02  3e-02  7e-02 221:47.3
  156   1872 -4.810497744032777e-02 1.3e+01 4.86e-02  3e-02  7e-02 224:39.7
  158   1896 -4.840633688250130e-02 1.3e+01 5.22e-02  3e-02  8e-02 227:32.6
  160   1920 -4.852750889446256e-02 1.4e+01 5.55e-02  4e-02  8e-02 230:25.2
  162   1944 -4.878814489938111e-02 1.4e+01 6.30e-02  4e-02  1e-01 233:18.0
  164   1968 -4.915832378703426e-02 1.5e+01 7.12e-02  5e-02  1e-01 236:10.7
  166   1992 -4.915387556180635e-02 1.6e+01 7.94e-02  5e-02  1e-01 239:03.0
  168   2016 -4.965336230751954e-02 1.7e+01 8.88e-02  6e-02  2e-01 241:55.7
  170   2040 -4.899288975303295e-02 1.8e+01 9.04e-02  6e-02  2e-01 244:48.6
  172   2064 -4.899767097831098e-02 1.9e+01 9.20e-02  6e-02  2e-01 247:41.0
  174   2088 -4.966929857829709e-02 1.9e+01 8.92e-02  6e-02  2e-01 250:33.4
  176   2112 -4.994669694894591e-02 2.0e+01 8.65e-02  5e-02  2e-01 253:25.6
  178   2136 -4.971528710647795e-02 2.0e+01 8.67e-02  6e-02  2e-01 256:18.9
  180   2160 -4.988790549524705e-02 2.1e+01 8.65e-02  6e-02  2e-01 259:11.9
  182   2184 -4.952145823037748e-02 2.1e+01 7.92e-02  5e-02  2e-01 262:04.9
  184   2208 -5.040902450065154e-02 2.1e+01 7.27e-02  5e-02  1e-01 264:57.9
  186   2232 -5.057528631215878e-02 2.2e+01 7.42e-02  5e-02  1e-01 267:50.3
  188   2256 -5.065278861842346e-02 2.2e+01 7.47e-02  5e-02  2e-01 270:42.9
  190   2280 -5.054548784106156e-02 2.2e+01 7.07e-02  4e-02  1e-01 273:35.4
  192   2304 -5.087565512040668e-02 2.3e+01 6.93e-02  4e-02  1e-01 276:27.7
  194   2328 -5.099208622506025e-02 2.3e+01 6.93e-02  4e-02  1e-01 279:19.5
  196   2352 -5.118180911741838e-02 2.4e+01 7.16e-02  4e-02  1e-01 282:11.8
  198   2376 -5.125350164648549e-02 2.5e+01 7.56e-02  4e-02  2e-01 285:04.4
  200   2400 -5.127799587070180e-02 2.5e+01 7.09e-02  4e-02  2e-01 287:56.8
  202   2424 -5.137927957828944e-02 2.5e+01 6.82e-02  4e-02  1e-01 290:49.4
  204   2448 -5.155865371205035e-02 2.6e+01 7.07e-02  4e-02  2e-01 293:42.2
  206   2472 -5.147166273197912e-02 2.5e+01 7.06e-02  4e-02  2e-01 296:34.9
  208   2496 -5.152697249154301e-02 2.6e+01 7.01e-02  4e-02  2e-01 299:28.2
  210   2520 -5.130453655367440e-02 2.6e+01 6.62e-02  4e-02  1e-01 302:20.7
  212   2544 -5.139268256906155e-02 2.6e+01 6.26e-02  3e-02  1e-01 305:13.2
  214   2568 -5.142685106083800e-02 2.6e+01 6.16e-02  3e-02  1e-01 308:05.8
  216   2592 -5.167422888961472e-02 2.6e+01 6.32e-02  3e-02  1e-01 310:58.4
  218   2616 -5.152124714130277e-02 2.7e+01 6.19e-02  3e-02  1e-01 313:51.0
  220   2640 -5.143954497233918e-02 2.6e+01 5.92e-02  3e-02  1e-01 316:44.0
  222   2664 -5.162070295970894e-02 2.7e+01 5.65e-02  3e-02  1e-01 319:36.6
  224   2688 -5.186225538392584e-02 2.7e+01 5.28e-02  3e-02  1e-01 322:29.6
  226   2712 -5.179286004935280e-02 2.7e+01 4.64e-02  2e-02  1e-01 325:22.2
  228   2736 -5.178745224429671e-02 2.6e+01 4.17e-02  2e-02  8e-02 328:15.3
  230   2760 -5.181458300670597e-02 2.6e+01 3.96e-02  2e-02  8e-02 331:07.7
  232   2784 -5.190760115497257e-02 2.6e+01 3.93e-02  2e-02  8e-02 334:00.1
  234   2808 -5.192093844858628e-02 2.6e+01 3.89e-02  2e-02  8e-02 336:52.7
  236   2832 -5.191457932670791e-02 2.6e+01 3.78e-02  2e-02  7e-02 339:45.0
  238   2856 -5.201095046832320e-02 2.6e+01 3.61e-02  2e-02  7e-02 342:38.0
  240   2880 -5.204521178086699e-02 2.6e+01 3.64e-02  2e-02  7e-02 345:30.1
  242   2904 -5.196182662775332e-02 2.7e+01 3.72e-02  2e-02  7e-02 348:22.7
  244   2928 -5.201269219173406e-02 2.7e+01 3.79e-02  2e-02  7e-02 351:15.2
  246   2952 -5.205846504889794e-02 2.7e+01 3.85e-02  2e-02  8e-02 354:07.7
  248   2976 -5.204250176978857e-02 2.8e+01 3.74e-02  2e-02  7e-02 357:00.6
  250   3000 -5.204919691899310e-02 2.8e+01 3.46e-02  2e-02  7e-02 359:53.4
  252   3024 -5.211709114679051e-02 2.9e+01 3.35e-02  2e-02  7e-02 362:45.8
  254   3048 -5.213562341964984e-02 2.9e+01 3.33e-02  2e-02  7e-02 365:38.2
  256   3072 -5.212297076935957e-02 2.9e+01 3.17e-02  2e-02  6e-02 368:30.5
  258   3096 -5.213822841637304e-02 2.9e+01 2.88e-02  1e-02  6e-02 371:23.2
  261   3132 -5.220048958166694e-02 2.8e+01 2.83e-02  1e-02  5e-02 375:41.4
  264   3168 -5.222133914275185e-02 2.8e+01 2.96e-02  2e-02  6e-02 380:00.3
  267   3204 -5.225236200670218e-02 2.9e+01 3.13e-02  2e-02  6e-02 384:19.4
  270   3240 -5.228424567702063e-02 2.9e+01 3.12e-02  2e-02  6e-02 388:38.1
  273   3276 -5.231484856933791e-02 2.9e+01 3.26e-02  2e-02  6e-02 392:57.4
  276   3312 -5.234017247739393e-02 3.0e+01 3.00e-02  1e-02  6e-02 397:16.0
  279   3348 -5.234233052093785e-02 3.0e+01 2.82e-02  1e-02  5e-02 401:35.2
  282   3384 -5.235689942308488e-02 3.1e+01 2.67e-02  1e-02  5e-02 405:53.6
  285   3420 -5.239674886751546e-02 3.1e+01 2.57e-02  1e-02  5e-02 410:12.2
  288   3456 -5.241776842231937e-02 3.2e+01 2.65e-02  1e-02  5e-02 414:30.8
  291   3492 -5.243686818262185e-02 3.2e+01 2.66e-02  1e-02  5e-02 418:49.2
  294   3528 -5.243696558725754e-02 3.3e+01 2.77e-02  1e-02  5e-02 423:08.2
  297   3564 -5.243670378848130e-02 3.4e+01 2.74e-02  1e-02  5e-02 427:26.6
  300   3600 -5.247115978491167e-02 3.6e+01 2.59e-02  1e-02  5e-02 431:45.4
  303   3636 -5.248698893813613e-02 3.7e+01 2.30e-02  1e-02  5e-02 436:03.9
  306   3672 -5.248140705227521e-02 3.7e+01 2.04e-02  9e-03  4e-02 440:22.1
  309   3708 -5.251989820935270e-02 3.7e+01 2.05e-02  9e-03  4e-02 444:41.2
  312   3744 -5.251630535812787e-02 3.8e+01 2.14e-02  1e-02  4e-02 448:59.5
  315   3780 -5.251976773666452e-02 3.7e+01 2.18e-02  1e-02  4e-02 453:18.1
  318   3816 -5.253198230859162e-02 3.8e+01 2.24e-02  1e-02  4e-02 457:36.7
  321   3852 -5.254926320579607e-02 3.9e+01 2.29e-02  1e-02  5e-02 461:55.2
  324   3888 -5.254530556235467e-02 4.0e+01 2.09e-02  9e-03  4e-02 466:14.2
  327   3924 -5.255688617296060e-02 4.0e+01 1.94e-02  8e-03  4e-02 470:32.9
  330   3960 -5.255284108752235e-02 4.0e+01 1.96e-02  9e-03  4e-02 474:52.1
  333   3996 -5.257728445848010e-02 4.1e+01 2.13e-02  9e-03  4e-02 479:11.3
  336   4032 -5.259780415274501e-02 4.3e+01 2.41e-02  1e-02  5e-02 483:30.1
  339   4068 -5.258511779064842e-02 4.6e+01 2.35e-02  1e-02  5e-02 487:48.9
  342   4104 -5.260467307786695e-02 4.8e+01 2.22e-02  1e-02  5e-02 492:07.9
  345   4140 -5.261209273399246e-02 5.0e+01 2.10e-02  9e-03  5e-02 496:26.8
  348   4176 -5.261553658482328e-02 5.2e+01 2.08e-02  9e-03  5e-02 500:46.0
  351   4212 -5.261963940920705e-02 5.5e+01 2.18e-02  9e-03  5e-02 505:04.9
  354   4248 -5.262888980130548e-02 5.5e+01 2.29e-02  1e-02  5e-02 509:23.8
  357   4284 -5.264644842092927e-02 5.8e+01 2.64e-02  1e-02  6e-02 513:42.7
  360   4320 -5.264138566156677e-02 6.2e+01 2.80e-02  1e-02  6e-02 518:01.5
  363   4356 -5.264190232004449e-02 6.3e+01 2.44e-02  1e-02  5e-02 522:20.8
  366   4392 -5.265588692966652e-02 6.3e+01 2.10e-02  8e-03  5e-02 526:39.5
  369   4428 -5.265636795728839e-02 6.4e+01 1.99e-02  8e-03  5e-02 530:59.4
  372   4464 -5.266890399116918e-02 6.5e+01 2.04e-02  8e-03  5e-02 535:18.0
  375   4500 -5.267653514737370e-02 6.8e+01 2.31e-02  9e-03  5e-02 539:37.1
  378   4536 -5.268214605441542e-02 6.8e+01 2.44e-02  9e-03  6e-02 543:56.4
  381   4572 -5.269686203359496e-02 6.9e+01 2.69e-02  1e-02  6e-02 548:15.2
  384   4608 -5.269710167328464e-02 7.1e+01 2.77e-02  1e-02  6e-02 552:34.5
  387   4644 -5.270365529258217e-02 7.2e+01 2.89e-02  1e-02  7e-02 556:53.4
  390   4680 -5.271721952945246e-02 7.6e+01 2.93e-02  1e-02  7e-02 561:12.4
  393   4716 -5.272145670336532e-02 7.7e+01 2.62e-02  1e-02  6e-02 565:31.5
  396   4752 -5.274702573115905e-02 7.8e+01 2.49e-02  9e-03  6e-02 569:50.0
  399   4788 -5.275583198688244e-02 8.0e+01 2.63e-02  1e-02  6e-02 574:09.0
  400   4800 -5.275344398490773e-02 8.0e+01 2.57e-02  1e-02  6e-02 575:35.4
  403   4836 -5.276625818867198e-02 8.2e+01 2.52e-02  9e-03  6e-02 579:54.5
  406   4872 -5.278260247145392e-02 8.3e+01 2.58e-02  1e-02  7e-02 584:13.6
  409   4908 -5.278694930930742e-02 8.6e+01 2.77e-02  1e-02  7e-02 588:33.0
  412   4944 -5.278159615445846e-02 8.9e+01 2.87e-02  1e-02  8e-02 592:51.7
  415   4980 -5.279427792550358e-02 8.9e+01 2.99e-02  1e-02  8e-02 597:10.4
  418   5016 -5.280530582895720e-02 8.9e+01 3.65e-02  1e-02  1e-01 601:29.7
  421   5052 -5.281043183245269e-02 8.9e+01 3.99e-02  1e-02  1e-01 605:48.7
  424   5088 -5.282051894511993e-02 8.8e+01 3.77e-02  1e-02  1e-01 610:08.4
  427   5124 -5.283481699441456e-02 8.9e+01 3.40e-02  1e-02  9e-02 614:27.6
  430   5160 -5.285251137971807e-02 8.9e+01 3.26e-02  1e-02  9e-02 618:46.8
  433   5196 -5.283391509359735e-02 9.1e+01 3.42e-02  1e-02  1e-01 623:05.4
  436   5232 -5.287158095136641e-02 9.1e+01 3.23e-02  1e-02  9e-02 627:23.4
  439   5268 -5.287979654155977e-02 9.3e+01 3.49e-02  1e-02  1e-01 631:42.4
  442   5304 -5.287635140263152e-02 9.5e+01 3.67e-02  1e-02  1e-01 636:01.5
  445   5340 -5.288034298825143e-02 9.6e+01 3.79e-02  1e-02  1e-01 640:20.1
  448   5376 -5.290040309099368e-02 9.7e+01 4.07e-02  1e-02  1e-01 644:39.0
  451   5412 -5.288339530713142e-02 1.0e+02 4.03e-02  1e-02  1e-01 648:58.1
  454   5448 -5.290297278391468e-02 9.9e+01 3.61e-02  1e-02  1e-01 653:17.3
  457   5484 -5.291660196842958e-02 1.0e+02 3.45e-02  1e-02  1e-01 657:36.6
  460   5520 -5.293334579151153e-02 1.0e+02 3.31e-02  1e-02  1e-01 661:55.2
  463   5556 -5.292755679738950e-02 1.1e+02 3.48e-02  1e-02  1e-01 666:14.4
  466   5592 -5.294424432719086e-02 1.1e+02 3.38e-02  1e-02  1e-01 670:33.3
  469   5628 -5.297301500595532e-02 1.1e+02 3.82e-02  1e-02  1e-01 674:53.6
  472   5664 -5.297818856076285e-02 1.1e+02 4.26e-02  1e-02  1e-01 679:12.4
  475   5700 -5.298904138492282e-02 1.1e+02 4.80e-02  1e-02  2e-01 683:32.3
  478   5736 -5.295756336467961e-02 1.2e+02 4.59e-02  1e-02  1e-01 687:52.1
  481   5772 -5.298367587874681e-02 1.1e+02 4.11e-02  1e-02  1e-01 692:10.9
  484   5808 -5.298977765338485e-02 1.1e+02 3.74e-02  1e-02  1e-01 696:30.2
  487   5844 -5.300906692086402e-02 1.1e+02 4.03e-02  1e-02  1e-01 700:49.2
  490   5880 -5.300997227838220e-02 1.2e+02 3.90e-02  1e-02  1e-01 705:08.2
  493   5916 -5.303421150365677e-02 1.2e+02 3.55e-02  1e-02  1e-01 709:27.4
  496   5952 -5.304991130134928e-02 1.2e+02 3.64e-02  1e-02  1e-01 713:46.1
  499   5988 -5.306210950731951e-02 1.2e+02 3.86e-02  1e-02  1e-01 718:05.8
  500   6000 -5.306187339150301e-02 1.2e+02 3.89e-02  1e-02  1e-01 719:32.0
  503   6036 -5.308670456621013e-02 1.2e+02 4.08e-02  1e-02  1e-01 723:51.9
  506   6072 -5.308958290111522e-02 1.2e+02 4.24e-02  1e-02  1e-01 728:11.1
  509   6108 -5.310763744916739e-02 1.2e+02 3.93e-02  1e-02  1e-01 732:29.8
  512   6144 -5.312371050986182e-02 1.3e+02 3.88e-02  9e-03  1e-01 736:49.1
  516   6192 -5.314589450119538e-02 1.3e+02 4.19e-02  1e-02  1e-01 742:33.7
  520   6240 -5.314496413735511e-02 1.3e+02 4.41e-02  1e-02  1e-01 748:18.3
  524   6288 -5.316277335491951e-02 1.3e+02 4.75e-02  1e-02  1e-01 754:03.5
  528   6336 -5.316768013650940e-02 1.3e+02 5.08e-02  1e-02  2e-01 759:48.6
  532   6384 -5.316169789050439e-02 1.3e+02 4.06e-02  9e-03  1e-01 765:33.5
  536   6432 -5.317096495627407e-02 1.3e+02 3.41e-02  8e-03  1e-01 771:17.9
  540   6480 -5.319496147430224e-02 1.4e+02 3.20e-02  7e-03  1e-01 777:02.7
  544   6528 -5.320234841362620e-02 1.4e+02 2.92e-02  6e-03  9e-02 782:47.9
  548   6576 -5.320895147312214e-02 1.4e+02 2.83e-02  6e-03  9e-02 788:33.1
  552   6624 -5.322615898443663e-02 1.4e+02 3.02e-02  6e-03  1e-01 794:17.5
  556   6672 -5.322197590360393e-02 1.4e+02 2.72e-02  5e-03  9e-02 800:02.0
  560   6720 -5.323876022962048e-02 1.4e+02 2.55e-02  5e-03  8e-02 805:47.7
  564   6768 -5.324250181424845e-02 1.4e+02 2.66e-02  5e-03  9e-02 811:32.9
  568   6816 -5.325003056145750e-02 1.4e+02 2.47e-02  5e-03  8e-02 817:17.9
  572   6864 -5.325649249958931e-02 1.5e+02 2.65e-02  5e-03  9e-02 823:02.7
  576   6912 -5.326327207458865e-02 1.5e+02 3.24e-02  6e-03  1e-01 828:47.4
