Running job array 38 on pe17.int.triton.aalto.fi
Starting at Sun Mar 16 11:20:27 EET 2025
Activating virtual environment at /scratch/work/uotilav2/quantum-portfolio/venv
Processing batch 39/40: experiments 423 to 433 (total 11)
Processing experiment 423
Budget: 175.1500015258789
YF.download() has changed argument auto_adjust default to True
Expected returns: 0.12568068121337128
Covariance matrix: 0.5268106843102407
3rd-order coskewness tensor: 0.20309755105177021
4th-order cokurtosis tensor: 16.370973079916975
Number of qubits for asset BA: 1
Number of qubits for asset GS: 1
Number of qubits for asset JPM: 1
Number of qubits for asset MMM: 1
Number of qubits for asset MRK: 1
Number of qubits for asset MSFT: 1
Number of qubits for asset NKE: 2
Number of qubits for asset PG: 1
Number of qubits for asset V: 1
Total number of qubits:  10
Optimized Weights (considering variance, skewness and kurtosis):
BA: 7.92%
GS: 2.17%
JPM: 0.00%
MMM: 20.07%
MRK: 28.66%
MSFT: 13.10%
NKE: 14.06%
PG: 14.02%
V: 0.00%
Left over budget:  0.3810651711081334
Optimized Discrete Allocation:
MRK: 1
NKE: 1
Maximized utility from continuous higher moments:  -8.002484873806129
Budget constraint not satisfied 177.0 175.1500015258789 Difference:  -1.8499984741210938
Budget constraint satisfied 174.76893615722656 175.1500015258789 Difference:  0.38106536865234375
smallest_eigenvalues: [-0.006564445203060855]
smallest_bitstrings: ['1000000000']
first_excited_energy: -0.006563412542881718
optimized_portfolio: [{'BA': 1, 'GS': 0, 'JPM': 0, 'MMM': 0, 'MRK': 0, 'MSFT': 0, 'NKE': 0, 'PG': 0, 'V': 0}]
second_optimized_portfolio: [{'BA': 0, 'GS': 0, 'JPM': 0, 'MMM': 0, 'MRK': 1, 'MSFT': 0, 'NKE': 1, 'PG': 0, 'V': 0}]
result_with_budget: [{'portfolio': {'BA': 1, 'GS': 0, 'JPM': 0, 'MMM': 0, 'MRK': 0, 'MSFT': 0, 'NKE': 0, 'PG': 0, 'V': 0}, 'budget': 177.0, 'difference': -1.8499984741210938, 'objective_value': -3.319142178250366}]
result_with_budget_excited: [{'portfolio': {'BA': 0, 'GS': 0, 'JPM': 0, 'MMM': 0, 'MRK': 1, 'MSFT': 0, 'NKE': 1, 'PG': 0, 'V': 0}, 'budget': 174.76893615722656, 'difference': 0.38106536865234375, 'objective_value': -8.002484873806129}]
Initial params:  [2.51063067 1.44978017 2.45210473 0.37157007 2.01037118 0.45035763
 2.96776493 1.63943485 1.3026989  0.83112597 2.43232687 1.43303853
 1.78578792 0.0590299  1.94035914 1.92295543 1.93815531 2.96487203
 2.14200164 1.12942738]
(6_w,12)-aCMA-ES (mu_w=3.7,w_1=40%) in dimension 20 (seed=164382, Sun Mar 16 11:20:47 2025)
Iterat #Fevals   function value  axis ratio  sigma  min&max std  t[m:s]
    1     12 1.788915338345905e-02 1.0e+00 1.42e+00  1e+00  1e+00 0:28.4
    2     24 1.239919375484165e-02 1.1e+00 1.36e+00  1e+00  1e+00 0:56.9
    3     36 3.894845693434082e-02 1.1e+00 1.33e+00  1e+00  1e+00 1:25.3
    4     48 3.710724647880419e-02 1.2e+00 1.35e+00  1e+00  1e+00 1:53.7
    5     60 2.889950221647421e-02 1.2e+00 1.40e+00  1e+00  1e+00 2:22.1
    6     72 6.728029080765766e-02 1.3e+00 1.40e+00  1e+00  1e+00 2:50.6
    7     84 5.925926653936404e-02 1.3e+00 1.44e+00  1e+00  2e+00 3:19.0
    8     96 6.917296035657797e-02 1.4e+00 1.50e+00  1e+00  2e+00 3:47.1
    9    108 2.283842541828579e-02 1.4e+00 1.53e+00  1e+00  2e+00 4:15.0
   10    120 2.945984743628759e-02 1.4e+00 1.56e+00  2e+00  2e+00 4:42.6
   11    132 3.047686740979564e-02 1.5e+00 1.53e+00  1e+00  2e+00 5:09.9
   12    144 5.414852775992879e-02 1.5e+00 1.55e+00  1e+00  2e+00 5:37.3
   13    156 6.094438397698955e-02 1.5e+00 1.53e+00  1e+00  2e+00 6:04.7
   14    168 2.453204647400268e-02 1.5e+00 1.53e+00  1e+00  2e+00 6:32.1
   15    180 1.875687046276438e-02 1.5e+00 1.53e+00  1e+00  2e+00 6:59.5
   16    192 3.180622418826783e-02 1.5e+00 1.51e+00  1e+00  2e+00 7:26.8
   17    204 8.472835611503959e-02 1.5e+00 1.53e+00  1e+00  2e+00 7:54.3
   18    216 8.926537168258473e-02 1.5e+00 1.54e+00  1e+00  2e+00 8:21.7
   19    228 6.867010816565156e-02 1.5e+00 1.54e+00  1e+00  2e+00 8:48.9
   20    240 8.705293175033648e-03 1.6e+00 1.57e+00  1e+00  2e+00 9:16.3
   21    252 8.044057770624932e-02 1.6e+00 1.58e+00  1e+00  2e+00 9:43.9
   22    264 3.619067010909290e-02 1.6e+00 1.57e+00  1e+00  2e+00 10:11.3
   23    276 1.449040980120795e-02 1.6e+00 1.56e+00  1e+00  2e+00 10:38.6
   24    288 4.875659406933035e-02 1.6e+00 1.55e+00  1e+00  2e+00 11:05.9
   25    300 5.420299802749120e-03 1.6e+00 1.55e+00  1e+00  2e+00 11:33.3
   26    312 3.765647209451514e-02 1.7e+00 1.50e+00  1e+00  2e+00 12:00.8
   27    324 1.411016670589312e-02 1.7e+00 1.49e+00  1e+00  2e+00 12:28.2
   28    336 6.122837292497844e-02 1.7e+00 1.47e+00  1e+00  2e+00 12:55.6
   30    360 3.852795986188874e-02 1.7e+00 1.49e+00  1e+00  2e+00 13:50.3
   32    384 3.776288164989722e-02 1.7e+00 1.57e+00  1e+00  2e+00 14:44.6
   34    408 2.529947488187935e-02 1.8e+00 1.69e+00  2e+00  2e+00 15:38.0
   36    432 3.344091378922545e-02 1.9e+00 1.81e+00  2e+00  2e+00 16:32.6
   38    456 1.545737084839468e-02 2.0e+00 1.77e+00  2e+00  2e+00 17:27.3
   40    480 7.102696116493278e-02 2.1e+00 1.73e+00  2e+00  2e+00 18:22.1
   42    504 4.287437293139224e-02 2.1e+00 1.68e+00  2e+00  2e+00 19:16.7
   44    528 7.302027521356015e-02 2.0e+00 1.83e+00  2e+00  2e+00 20:11.5
   46    552 5.236478536808708e-02 2.1e+00 1.86e+00  2e+00  2e+00 21:06.1
   48    576 8.493521885544610e-02 2.1e+00 1.72e+00  2e+00  2e+00 22:01.0
   50    600 2.107365487919250e-02 2.0e+00 1.63e+00  2e+00  2e+00 22:55.7
   52    624 4.114699000804103e-02 2.0e+00 1.55e+00  1e+00  2e+00 23:50.3
   54    648 1.834417839006502e-01 2.0e+00 1.46e+00  1e+00  2e+00 24:45.0
   56    672 3.642174012497067e-02 2.0e+00 1.38e+00  1e+00  2e+00 25:39.6
   58    696 1.452061580081292e-01 2.1e+00 1.48e+00  1e+00  2e+00 26:34.5
   60    720 7.931249744802463e-02 2.1e+00 1.49e+00  1e+00  2e+00 27:29.2
   62    744 3.719111081613974e-02 2.1e+00 1.51e+00  1e+00  2e+00 28:24.0
   64    768 5.754653625298611e-02 2.1e+00 1.48e+00  1e+00  2e+00 29:18.8
   66    792 9.551347415467373e-02 2.1e+00 1.48e+00  1e+00  2e+00 30:13.5
   68    816 1.291429486838097e-01 2.2e+00 1.43e+00  1e+00  2e+00 31:08.4
   70    840 1.216331699522405e-01 2.2e+00 1.35e+00  1e+00  2e+00 32:03.2
   72    864 7.218704352638253e-02 2.3e+00 1.22e+00  1e+00  1e+00 32:57.8
   74    888 1.790710490868430e-02 2.2e+00 1.12e+00  1e+00  1e+00 33:52.5
   76    912 5.452271081371925e-02 2.2e+00 1.10e+00  1e+00  1e+00 34:47.0
   78    936 4.704199299248393e-02 2.2e+00 1.13e+00  1e+00  1e+00 35:41.7
   80    960 1.339314898737027e-01 2.2e+00 1.15e+00  1e+00  1e+00 36:36.4
   82    984 5.456300154704334e-02 2.3e+00 1.17e+00  1e+00  1e+00 37:31.0
   85   1020 6.577891488783914e-02 2.4e+00 1.20e+00  1e+00  2e+00 38:53.3
   88   1056 7.510296455117249e-02 2.5e+00 1.25e+00  1e+00  2e+00 40:15.4
   91   1092 4.109124164557836e-02 2.5e+00 1.35e+00  1e+00  2e+00 41:37.5
   94   1128 3.312775342617739e-02 2.6e+00 1.38e+00  1e+00  2e+00 42:59.3
   97   1164 9.999854133986363e-02 2.6e+00 1.43e+00  1e+00  2e+00 44:21.5
  100   1200 9.255783436296294e-02 2.7e+00 1.51e+00  1e+00  2e+00 45:43.7
  103   1236 2.939474168426267e-02 2.8e+00 1.46e+00  1e+00  2e+00 47:06.5
  106   1272 8.763950662953758e-02 2.8e+00 1.47e+00  1e+00  2e+00 48:28.7
  109   1308 5.597472744386148e-02 2.9e+00 1.53e+00  1e+00  2e+00 49:50.9
  112   1344 4.185501377270604e-02 2.9e+00 1.66e+00  1e+00  2e+00 51:13.0
  115   1380 1.303064414388569e-01 2.9e+00 1.56e+00  1e+00  2e+00 52:35.0
  118   1416 4.080946928934573e-02 2.9e+00 1.48e+00  1e+00  2e+00 53:57.4
  121   1452 7.708380012393845e-02 3.0e+00 1.37e+00  1e+00  2e+00 55:19.6
  124   1488 5.011822762209077e-02 3.1e+00 1.47e+00  1e+00  2e+00 56:41.9
  127   1524 5.533816936200971e-02 3.1e+00 1.33e+00  1e+00  2e+00 58:04.2
  130   1560 9.905020517368932e-02 3.2e+00 1.24e+00  1e+00  2e+00 59:26.3
  133   1596 7.774398296168938e-02 3.2e+00 1.30e+00  1e+00  2e+00 60:48.4
  136   1632 1.033639181127176e-01 3.3e+00 1.43e+00  1e+00  2e+00 62:10.5
  139   1668 6.312751132258720e-02 3.2e+00 1.42e+00  1e+00  2e+00 63:32.5
  142   1704 9.687613247986417e-02 3.2e+00 1.32e+00  1e+00  2e+00 64:55.4
  145   1740 7.009475385795474e-02 3.3e+00 1.49e+00  1e+00  2e+00 66:17.6
  148   1776 6.662395886931000e-02 3.4e+00 1.51e+00  1e+00  2e+00 67:39.9
  151   1812 4.552031129826699e-02 3.4e+00 1.52e+00  1e+00  2e+00 69:02.1
  154   1848 7.629604265669325e-02 3.4e+00 1.46e+00  1e+00  2e+00 70:24.3
  157   1884 1.506099168643910e-01 3.4e+00 1.45e+00  1e+00  2e+00 71:46.5
  160   1920 5.125491629588613e-02 3.2e+00 1.79e+00  1e+00  2e+00 73:08.6
  163   1956 5.937563503094888e-02 3.3e+00 1.92e+00  2e+00  2e+00 74:31.0
  166   1992 8.028450750938251e-02 3.2e+00 1.84e+00  1e+00  2e+00 75:53.1
  170   2040 5.100833435066705e-02 3.3e+00 1.78e+00  1e+00  2e+00 77:42.9
  174   2088 7.818594113342324e-02 3.4e+00 1.87e+00  2e+00  2e+00 79:32.2
  178   2136 4.677259109891378e-02 3.6e+00 1.65e+00  1e+00  2e+00 81:19.8
  182   2184 5.011040565640678e-02 3.8e+00 1.67e+00  1e+00  2e+00 83:09.3
  186   2232 7.485854082742065e-02 4.1e+00 1.51e+00  1e+00  2e+00 84:58.8
  190   2280 4.450789579004398e-02 4.3e+00 1.41e+00  1e+00  2e+00 86:48.2
  194   2328 8.683166360510985e-02 4.3e+00 1.18e+00  9e-01  1e+00 88:37.4
  198   2376 8.068427606865271e-02 4.3e+00 1.05e+00  8e-01  1e+00 90:26.9
  200   2400 4.069187748439051e-02 4.3e+00 1.02e+00  8e-01  1e+00 91:21.6
  204   2448 3.785893016219343e-02 4.4e+00 9.19e-01  7e-01  1e+00 93:11.1
  208   2496 8.116117441705013e-02 4.5e+00 8.72e-01  7e-01  1e+00 95:00.9
  212   2544 2.342622558841057e-02 4.6e+00 9.56e-01  7e-01  1e+00 96:50.2
  216   2592 5.936569642357341e-02 4.7e+00 9.41e-01  7e-01  1e+00 98:39.5
  220   2640 2.694515688214618e-02 4.7e+00 9.55e-01  7e-01  1e+00 100:28.8
  224   2688 8.925403743039827e-02 4.7e+00 9.05e-01  7e-01  1e+00 102:18.5
  228   2736 2.324309066030502e-02 4.7e+00 1.01e+00  7e-01  1e+00 104:08.2
  232   2784 1.153911998531521e-01 4.8e+00 1.04e+00  8e-01  1e+00 105:57.7
  236   2832 7.278543225878832e-02 5.0e+00 1.01e+00  7e-01  1e+00 107:47.0
  240   2880 6.410497298477949e-02 5.0e+00 9.26e-01  7e-01  1e+00 109:36.4
  244   2928 4.559744128287425e-02 5.1e+00 8.27e-01  6e-01  1e+00 111:26.4
  248   2976 4.859221998832414e-02 5.1e+00 7.35e-01  5e-01  1e+00 113:16.2
  252   3024 8.756765540506103e-02 5.2e+00 7.72e-01  6e-01  1e+00 115:05.7
  256   3072 9.238183419242978e-02 5.2e+00 7.84e-01  6e-01  1e+00 116:55.1
  260   3120 8.929463590576274e-02 5.1e+00 9.02e-01  7e-01  1e+00 118:44.5
  264   3168 5.486404325700869e-02 5.1e+00 9.32e-01  7e-01  1e+00 120:34.6
  268   3216 4.878898188968089e-02 5.1e+00 9.75e-01  7e-01  1e+00 122:24.3
  272   3264 6.046233457352820e-02 5.3e+00 9.63e-01  7e-01  1e+00 124:13.8
  277   3324 8.707712159639600e-02 5.2e+00 8.82e-01  6e-01  1e+00 126:30.6
  282   3384 3.469831126381802e-02 5.2e+00 8.90e-01  6e-01  1e+00 128:47.7
  287   3444 1.000637185240704e-01 5.7e+00 9.69e-01  7e-01  1e+00 131:05.3
  292   3504 5.553392331493369e-02 5.7e+00 1.08e+00  7e-01  2e+00 133:22.6
  297   3564 8.843829611356380e-02 5.8e+00 9.92e-01  7e-01  1e+00 135:39.8
  300   3600 9.126551101187994e-02 6.1e+00 9.66e-01  7e-01  1e+00 137:02.3
  305   3660 9.332728505393080e-02 6.0e+00 1.15e+00  8e-01  2e+00 139:20.2
  310   3720 3.009122013223699e-02 6.3e+00 1.16e+00  8e-01  2e+00 141:37.8
  315   3780 8.626330907520544e-02 6.5e+00 1.42e+00  1e+00  2e+00 143:54.9
  320   3840 8.346548760074000e-02 6.5e+00 1.43e+00  1e+00  2e+00 146:10.0
  325   3900 7.132287101763481e-02 6.9e+00 1.51e+00  1e+00  2e+00 148:27.5
  330   3960 6.840224340926009e-02 7.1e+00 1.56e+00  1e+00  2e+00 150:45.0
  335   4020 1.022292962364363e-01 7.0e+00 1.30e+00  9e-01  2e+00 153:02.0
  340   4080 4.823803588787492e-02 7.1e+00 1.24e+00  8e-01  2e+00 155:19.1
  345   4140 7.795612170192927e-02 6.9e+00 1.03e+00  7e-01  1e+00 157:36.6
  350   4200 7.318306165807144e-02 6.8e+00 1.13e+00  8e-01  2e+00 159:53.8
  355   4260 6.100654417866343e-02 7.0e+00 1.10e+00  7e-01  2e+00 162:11.2
  360   4320 3.721285976162530e-02 6.9e+00 9.59e-01  6e-01  1e+00 164:28.4
  365   4380 7.716292544273873e-02 7.2e+00 9.15e-01  6e-01  1e+00 166:45.7
  370   4440 1.362012013569829e-01 7.1e+00 8.41e-01  6e-01  1e+00 169:03.3
  375   4500 7.301735795202297e-02 7.2e+00 9.37e-01  6e-01  1e+00 171:20.2
  380   4560 4.606680394451644e-02 7.3e+00 1.07e+00  7e-01  2e+00 173:37.3
  385   4620 6.522317775908620e-02 7.5e+00 1.23e+00  8e-01  2e+00 175:54.7
  390   4680 8.785821126311351e-02 8.0e+00 1.40e+00  9e-01  2e+00 178:10.8
  395   4740 5.120117154709784e-02 8.0e+00 1.74e+00  1e+00  3e+00 180:28.0
  400   4800 6.194431235555593e-02 8.0e+00 1.88e+00  1e+00  3e+00 182:45.3
  405   4860 8.159441880313589e-02 8.3e+00 2.10e+00  1e+00  3e+00 185:02.5
  410   4920 1.092111482097340e-01 8.3e+00 1.72e+00  1e+00  3e+00 187:19.9
  416   4992 7.255700008745908e-02 8.5e+00 1.56e+00  1e+00  2e+00 190:04.4
  422   5064 1.049398673618430e-01 8.7e+00 1.48e+00  9e-01  2e+00 192:49.3
  428   5136 4.427939811314391e-02 8.6e+00 1.58e+00  1e+00  2e+00 195:34.5
  434   5208 1.301977269094698e-01 8.5e+00 1.85e+00  1e+00  3e+00 198:19.1
  440   5280 3.434112857489170e-02 8.7e+00 1.97e+00  1e+00  3e+00 201:04.0
  446   5352 9.666243161307961e-02 8.9e+00 1.61e+00  1e+00  2e+00 203:49.4
  452   5424 8.091290547752290e-02 8.6e+00 1.36e+00  9e-01  2e+00 206:34.4
  458   5496 1.203508159098386e-01 8.7e+00 1.37e+00  9e-01  2e+00 209:19.2
  464   5568 1.161585954461372e-01 9.2e+00 1.27e+00  8e-01  2e+00 212:04.0
  470   5640 1.168160391409136e-01 9.0e+00 1.35e+00  9e-01  2e+00 214:49.0
  476   5712 1.142777115005449e-01 9.4e+00 1.30e+00  9e-01  2e+00 217:33.8
  482   5784 1.275710930588510e-01 9.1e+00 1.32e+00  9e-01  2e+00 220:18.4
  488   5856 9.096913204644740e-02 9.3e+00 1.41e+00  9e-01  2e+00 223:03.3
  494   5928 1.214673354763670e-01 9.2e+00 1.63e+00  1e+00  2e+00 225:48.0
  500   6000 4.172056005126688e-02 9.2e+00 1.42e+00  9e-01  2e+00 228:33.1
  506   6072 1.337239142174781e-01 9.1e+00 1.30e+00  8e-01  2e+00 231:17.9
  512   6144 1.081978386320187e-01 9.3e+00 1.16e+00  7e-01  2e+00 234:02.6
  518   6216 1.378247091492759e-01 9.2e+00 9.13e-01  6e-01  1e+00 236:47.2
  524   6288 5.181362520987604e-02 9.5e+00 8.06e-01  5e-01  1e+00 239:26.8
  531   6372 8.552866788752932e-02 1.0e+01 9.86e-01  6e-01  2e+00 242:30.7
  537   6444 7.692383820753033e-02 1.0e+01 1.03e+00  6e-01  2e+00 245:15.4
  543   6516 4.233828335717815e-02 1.1e+01 8.56e-01  5e-01  1e+00 248:00.1
  549   6588 6.883456901248824e-02 1.1e+01 7.31e-01  4e-01  1e+00 250:44.9
  555   6660 8.959503495959484e-02 1.1e+01 6.29e-01  4e-01  1e+00 253:29.8
  561   6732 1.437832962882622e-01 1.0e+01 5.97e-01  4e-01  9e-01 256:14.7
  567   6804 1.226003806435573e-01 1.0e+01 5.43e-01  3e-01  8e-01 258:59.6
  573   6876 9.780632461142086e-02 1.0e+01 5.07e-01  3e-01  7e-01 261:44.5
  580   6960 1.326627395245522e-01 9.8e+00 4.87e-01  3e-01  7e-01 264:56.4
  587   7044 1.014511269209405e-01 9.7e+00 5.40e-01  3e-01  8e-01 268:08.8
  594   7128 1.284135414103642e-01 1.0e+01 6.31e-01  3e-01  9e-01 271:21.3
  600   7200 8.671290979460353e-02 1.1e+01 6.80e-01  4e-01  1e+00 274:06.1
  607   7284 6.762109111851709e-02 1.1e+01 7.12e-01  4e-01  1e+00 277:18.7
  614   7368 1.324447222742779e-01 1.1e+01 6.26e-01  4e-01  9e-01 280:29.9
  621   7452 1.186367950683635e-01 1.1e+01 5.72e-01  3e-01  8e-01 283:41.7
  628   7536 4.589132410110042e-02 1.1e+01 4.73e-01  3e-01  7e-01 286:53.9
  635   7620 1.202600860908922e-01 1.1e+01 4.63e-01  3e-01  7e-01 290:05.9
  642   7704 1.059661818943391e-01 1.1e+01 4.97e-01  3e-01  7e-01 293:18.5
  649   7788 5.033601369854056e-02 1.1e+01 5.22e-01  3e-01  7e-01 296:30.6
  656   7872 9.144868229067277e-02 1.1e+01 4.39e-01  2e-01  6e-01 299:42.7
  663   7956 4.989637834109371e-02 1.1e+01 4.47e-01  2e-01  6e-01 302:55.0
  670   8040 4.297747027056090e-02 1.1e+01 3.58e-01  2e-01  5e-01 306:07.3
  677   8124 4.074733537257134e-02 1.1e+01 2.58e-01  1e-01  3e-01 309:17.6
  684   8208 2.788847159442492e-02 1.1e+01 2.43e-01  1e-01  3e-01 312:30.2
  691   8292 1.991428679467248e-02 1.1e+01 1.97e-01  1e-01  3e-01 315:42.8
  698   8376 2.111069865511173e-02 1.1e+01 1.85e-01  1e-01  2e-01 318:54.9
  700   8400 1.823304479083835e-02 1.1e+01 1.66e-01  9e-02  2e-01 319:49.8
  707   8484 1.369783740111720e-02 1.1e+01 1.33e-01  7e-02  2e-01 323:02.3
  714   8568 1.124982397415007e-02 1.1e+01 1.30e-01  6e-02  2e-01 326:14.7
  721   8652 1.287799230631633e-02 1.1e+01 1.33e-01  6e-02  2e-01 329:27.0
  728   8736 9.713318231894705e-03 1.1e+01 1.36e-01  6e-02  2e-01 332:39.5
  735   8820 9.649447476357459e-03 1.1e+01 1.36e-01  6e-02  2e-01 335:51.5
  742   8904 5.315414583548055e-03 1.1e+01 1.22e-01  5e-02  2e-01 339:03.9
  749   8988 6.032546901486599e-03 1.1e+01 9.22e-02  4e-02  1e-01 342:16.3
  756   9072 4.844491514985587e-03 1.1e+01 7.20e-02  3e-02  9e-02 345:28.6
  764   9168 3.693261022864094e-03 1.1e+01 5.56e-02  2e-02  7e-02 349:08.1
  771   9252 2.821858956574665e-03 1.0e+01 4.48e-02  2e-02  5e-02 352:22.0
  779   9348 1.940008713566147e-03 1.0e+01 4.44e-02  2e-02  5e-02 356:03.5
  787   9444 1.183900397406276e-03 9.6e+00 4.05e-02  2e-02  5e-02 359:45.2
  795   9540 7.474034577218123e-04 9.8e+00 3.98e-02  2e-02  5e-02 363:26.7
  800   9600 8.192085874080595e-04 9.9e+00 2.95e-02  1e-02  3e-02 365:44.9
  808   9696 5.255759958435516e-04 9.9e+00 2.32e-02  9e-03  3e-02 369:27.0
  816   9792 3.257523813813906e-04 9.7e+00 2.48e-02  9e-03  3e-02 373:08.8
  824   9888 1.266577942517859e-04 9.8e+00 2.56e-02  9e-03  3e-02 376:49.1
  832   9984 -6.545402095734198e-05 1.1e+01 3.63e-02  1e-02  4e-02 380:28.7
  840  10080 -6.982959849007489e-05 1.2e+01 3.19e-02  1e-02  4e-02 384:08.6
  848  10176 -2.870825855435205e-04 1.2e+01 2.93e-02  9e-03  3e-02 387:49.0
  856  10272 -4.578299394249192e-04 1.3e+01 3.56e-02  1e-02  4e-02 391:29.4
  864  10368 -8.257580006177228e-04 1.4e+01 4.04e-02  1e-02  5e-02 395:09.7
  872  10464 -9.387230098346572e-04 1.5e+01 5.54e-02  2e-02  7e-02 398:50.2
  880  10560 -8.290722485124551e-04 1.5e+01 5.57e-02  2e-02  7e-02 402:30.5
  888  10656 -1.267382366899237e-03 1.5e+01 4.61e-02  1e-02  6e-02 406:11.0
  896  10752 -1.447728139934050e-03 1.5e+01 3.80e-02  1e-02  5e-02 409:51.3
  900  10800 -1.453552835931306e-03 1.6e+01 3.18e-02  8e-03  4e-02 411:41.5
  908  10896 -1.562454946870309e-03 1.7e+01 3.03e-02  7e-03  4e-02 415:20.8
  916  10992 -1.596769170029282e-03 1.8e+01 2.41e-02  6e-03  3e-02 419:00.7
  924  11088 -1.657455140119849e-03 1.8e+01 2.28e-02  5e-03  3e-02 422:41.4
  932  11184 -1.732361334810847e-03 1.9e+01 2.15e-02  5e-03  3e-02 426:21.7
  940  11280 -1.809322027615567e-03 2.0e+01 2.78e-02  6e-03  3e-02 430:02.5
  948  11376 -1.891511378210063e-03 2.2e+01 4.21e-02  9e-03  5e-02 433:43.5
  956  11472 -2.123029294003834e-03 2.7e+01 5.07e-02  1e-02  7e-02 437:23.8
  964  11568 -2.168926619471336e-03 2.8e+01 5.85e-02  1e-02  8e-02 441:04.3
  972  11664 -2.222178540496892e-03 3.2e+01 5.25e-02  1e-02  8e-02 444:44.8
  980  11760 -2.377669069703815e-03 3.5e+01 5.49e-02  1e-02  8e-02 448:25.1
  989  11868 -2.611466066332754e-03 3.9e+01 4.74e-02  8e-03  8e-02 452:33.0
  998  11976 -2.725782189098832e-03 4.4e+01 5.21e-02  9e-03  9e-02 456:40.9
 1000  12000 -2.758250829141959e-03 4.5e+01 5.30e-02  9e-03  9e-02 457:36.0
Budget constraint satisfied 75.28893280029297 175.1500015258789 Difference:  99.86106872558594
Budget constraint satisfied 0.0 175.1500015258789 Difference:  175.1500015258789
two_most_probable_states: ['0000001000', '0000000000']
final_expectation_value: -0.0028033871147097192
params: [6.555475432914488, 1.986725564751285, -3.524223645797985, -9.100147919474125, 18.784902350619973, -0.660715877738666, -23.26402420194349, -4.639928266417886, 10.221921317692592, 20.3402680016838, -9.377831981407073, -0.045788120922533856, -3.3020863249686374, 2.188642807405356, -36.132190576536765, -23.553702019825383, -13.186060211884763, 20.351024111379328, -6.437937320730907, 15.631645893172687]
total_steps: 1000
states_probs: [0.10241536695336985, 0.18159028473685096]
optimized_portfolios: [{'BA': 0, 'GS': 0, 'JPM': 0, 'MMM': 0, 'MRK': 0, 'MSFT': 0, 'NKE': 1, 'PG': 0, 'V': 0}, {'BA': 0, 'GS': 0, 'JPM': 0, 'MMM': 0, 'MRK': 0, 'MSFT': 0, 'NKE': 0, 'PG': 0, 'V': 0}]
objective_values: [-3.223926048114967, -0.0]
result_with_budget: [{'portfolio': {'BA': 0, 'GS': 0, 'JPM': 0, 'MMM': 0, 'MRK': 0, 'MSFT': 0, 'NKE': 1, 'PG': 0, 'V': 0}, 'budget': 75.28893280029297, 'difference': 99.86106872558594}, {'portfolio': {'BA': 0, 'GS': 0, 'JPM': 0, 'MMM': 0, 'MRK': 0, 'MSFT': 0, 'NKE': 0, 'PG': 0, 'V': 0}, 'budget': 0.0, 'difference': 175.1500015258789}]
Processing experiment 424
Budget: 238.4783477783203
Expected returns: 0.17820422554530427
Covariance matrix: 0.5735317393413512
3rd-order coskewness tensor: 1.0810248989396305
4th-order cokurtosis tensor: 21.98840231309298
Number of qubits for asset AXP: 1
Number of qubits for asset BA: 1
Number of qubits for asset CSCO: 3
Number of qubits for asset DIS: 2
Number of qubits for asset HON: 1
Number of qubits for asset IBM: 1
Number of qubits for asset JNJ: 1
Number of qubits for asset JPM: 1
Number of qubits for asset PG: 1
Total number of qubits:  12
Optimized Weights (considering variance, skewness and kurtosis):
AXP: 0.00%
BA: 12.60%
CSCO: 7.11%
DIS: 20.98%
HON: 0.00%
IBM: 11.12%
JNJ: 25.12%
JPM: 7.35%
PG: 15.72%
Left over budget:  36.207466074352794
Optimized Discrete Allocation:
CSCO: 1
JNJ: 1
Maximized utility from continuous higher moments:  -11.979940410193226
Budget constraint satisfied 238.4783477783203 238.4783477783203 Difference:  0.0
Budget constraint satisfied 235.79932403564453 238.4783477783203 Difference:  2.6790237426757812
smallest_eigenvalues: [-0.014444325344199014]
smallest_bitstrings: ['000000000010']
first_excited_energy: -0.014434966066484877
optimized_portfolio: [{'AXP': 0, 'BA': 0, 'CSCO': 0, 'DIS': 0, 'HON': 0, 'IBM': 0, 'JNJ': 0, 'JPM': 1, 'PG': 0}]
second_optimized_portfolio: [{'AXP': 0, 'BA': 1, 'CSCO': 1, 'DIS': 0, 'HON': 0, 'IBM': 0, 'JNJ': 0, 'JPM': 0, 'PG': 0}]
result_with_budget: [{'portfolio': {'AXP': 0, 'BA': 0, 'CSCO': 0, 'DIS': 0, 'HON': 0, 'IBM': 0, 'JNJ': 0, 'JPM': 1, 'PG': 0}, 'budget': 238.4783477783203, 'difference': 0.0, 'objective_value': -2.8489219497131266}]
result_with_budget_excited: [{'portfolio': {'AXP': 0, 'BA': 1, 'CSCO': 1, 'DIS': 0, 'HON': 0, 'IBM': 0, 'JNJ': 0, 'JPM': 0, 'PG': 0}, 'budget': 235.79932403564453, 'difference': 2.6790237426757812, 'objective_value': -14.991934190053765}]
Initial params:  [1.52516943 2.69361441 0.0870512  1.32510223 2.60861997 1.46536881
 0.68278495 0.71295586 0.01965846 0.7646756  0.97285963 2.17856253
 1.99447035 3.11835129 2.4494738  0.56835983 0.45506974 1.45671579
 1.16407501 2.72178699]
(6_w,12)-aCMA-ES (mu_w=3.7,w_1=40%) in dimension 20 (seed=225555, Sun Mar 16 18:59:54 2025)
Iterat #Fevals   function value  axis ratio  sigma  min&max std  t[m:s]
    1     12 -3.108131848917224e-03 1.0e+00 1.41e+00  1e+00  1e+00 1:02.2
    2     24 8.581249187637835e-03 1.1e+00 1.37e+00  1e+00  1e+00 2:04.4
    3     36 1.110662273511123e-02 1.1e+00 1.39e+00  1e+00  1e+00 3:06.5
    4     48 1.128983086726638e-01 1.2e+00 1.39e+00  1e+00  1e+00 4:08.7
    5     60 4.028685668564878e-02 1.2e+00 1.38e+00  1e+00  1e+00 5:10.9
    6     72 1.880205316929775e-03 1.2e+00 1.35e+00  1e+00  1e+00 6:13.0
    7     84 -3.997475600110970e-03 1.3e+00 1.35e+00  1e+00  1e+00 7:15.1
    8     96 -3.671572025835208e-03 1.3e+00 1.36e+00  1e+00  1e+00 8:17.2
    9    108 -8.070328760066183e-04 1.3e+00 1.35e+00  1e+00  1e+00 9:19.5
   10    120 1.608064163306219e-02 1.3e+00 1.36e+00  1e+00  1e+00 10:21.7
   11    132 -6.541529567100027e-04 1.4e+00 1.34e+00  1e+00  1e+00 11:23.8
   12    144 8.012780698210249e-03 1.4e+00 1.35e+00  1e+00  1e+00 12:26.2
   13    156 2.927456811838878e-03 1.4e+00 1.38e+00  1e+00  1e+00 13:28.4
   14    168 3.183382571177926e-02 1.4e+00 1.35e+00  1e+00  1e+00 14:30.7
   15    180 4.193281317558522e-03 1.4e+00 1.37e+00  1e+00  1e+00 15:33.2
   16    192 1.339279589246983e-02 1.5e+00 1.32e+00  1e+00  1e+00 16:35.3
   17    204 -5.837412765517113e-03 1.5e+00 1.33e+00  1e+00  1e+00 17:37.8
   18    216 -3.812749656435500e-03 1.5e+00 1.32e+00  1e+00  1e+00 18:39.9
   19    228 8.390024849735146e-03 1.5e+00 1.32e+00  1e+00  1e+00 19:42.2
   20    240 7.520950435076324e-03 1.5e+00 1.32e+00  1e+00  1e+00 20:44.5
   21    252 5.501765530206496e-03 1.5e+00 1.28e+00  1e+00  1e+00 21:46.7
   22    264 1.473415738950397e-02 1.5e+00 1.31e+00  1e+00  1e+00 22:48.9
   23    276 4.410540430025792e-03 1.6e+00 1.31e+00  1e+00  1e+00 23:50.9
   24    288 2.477426157964335e-03 1.6e+00 1.24e+00  1e+00  1e+00 24:53.1
   25    300 4.624458297649387e-03 1.6e+00 1.22e+00  1e+00  1e+00 25:55.4
   26    312 -1.591579364873115e-03 1.6e+00 1.16e+00  1e+00  1e+00 26:57.5
   27    324 2.122794708209048e-03 1.6e+00 1.13e+00  1e+00  1e+00 27:59.5
   28    336 -5.553429735575467e-03 1.6e+00 1.13e+00  1e+00  1e+00 29:01.6
   29    348 2.299956612896309e-02 1.6e+00 1.10e+00  1e+00  1e+00 30:03.8
   30    360 2.214886553793240e-03 1.6e+00 1.08e+00  1e+00  1e+00 31:06.0
   31    372 -4.129673225098222e-03 1.7e+00 1.08e+00  1e+00  1e+00 32:08.1
   32    384 2.439600143923984e-02 1.7e+00 1.06e+00  1e+00  1e+00 33:10.3
   33    396 4.684505557160400e-03 1.7e+00 1.04e+00  1e+00  1e+00 34:12.3
   34    408 -2.483178639844407e-03 1.7e+00 1.02e+00  9e-01  1e+00 35:14.3
   35    420 -3.495264743075275e-03 1.7e+00 1.04e+00  1e+00  1e+00 36:16.7
   36    432 6.480348564233794e-03 1.7e+00 1.06e+00  1e+00  1e+00 37:19.1
   37    444 1.126324533026874e-02 1.7e+00 1.05e+00  1e+00  1e+00 38:21.0
   38    456 -7.634437052576657e-03 1.7e+00 1.04e+00  1e+00  1e+00 39:23.2
   39    468 -7.863528511195438e-03 1.7e+00 1.01e+00  9e-01  1e+00 40:25.4
   40    480 5.857982168795469e-02 1.7e+00 9.72e-01  9e-01  1e+00 41:27.8
   41    492 -4.501101685387250e-03 1.7e+00 9.38e-01  9e-01  1e+00 42:30.0
   42    504 5.435811101835318e-03 1.7e+00 9.28e-01  8e-01  1e+00 43:32.6
   43    516 8.183837953975343e-03 1.7e+00 9.30e-01  8e-01  1e+00 44:34.8
   44    528 2.197949513530497e-02 1.7e+00 9.38e-01  8e-01  1e+00 45:36.8
   45    540 -8.058976909871855e-04 1.8e+00 9.52e-01  9e-01  1e+00 46:39.0
   46    552 1.920984088475275e-02 1.7e+00 9.43e-01  9e-01  1e+00 47:41.7
   47    564 1.949317773878791e-02 1.7e+00 9.29e-01  8e-01  1e+00 48:44.1
   48    576 -4.665173260100066e-03 1.7e+00 9.19e-01  8e-01  1e+00 49:46.5
   49    588 3.420568647934871e-02 1.7e+00 8.99e-01  8e-01  1e+00 50:48.6
   50    600 -4.272559676943380e-03 1.7e+00 9.31e-01  8e-01  1e+00 51:50.9
   51    612 2.154877416398686e-02 1.7e+00 9.40e-01  9e-01  1e+00 52:53.5
   52    624 -5.251837271751673e-03 1.8e+00 9.26e-01  8e-01  1e+00 53:55.7
   53    636 6.538393651942794e-03 1.8e+00 9.12e-01  8e-01  1e+00 54:57.7
   54    648 -4.681299120368034e-03 1.8e+00 8.98e-01  8e-01  1e+00 55:59.9
   55    660 5.430918935445051e-03 1.8e+00 8.89e-01  8e-01  1e+00 57:02.3
   56    672 -4.027175550716555e-03 1.8e+00 8.78e-01  8e-01  1e+00 58:04.8
   57    684 2.851442425616570e-02 1.9e+00 8.77e-01  8e-01  1e+00 59:07.1
   58    696 -2.412062800070116e-03 1.9e+00 9.02e-01  8e-01  1e+00 60:09.2
   59    708 -7.076114166249012e-03 1.9e+00 9.20e-01  8e-01  1e+00 61:11.6
   60    720 1.341953408110713e-03 1.9e+00 9.24e-01  8e-01  1e+00 62:13.8
   61    732 -2.768684766818327e-03 2.0e+00 9.36e-01  9e-01  1e+00 63:16.3
   62    744 1.027778125275146e-04 2.0e+00 9.86e-01  9e-01  1e+00 64:18.5
   63    756 1.148845470655797e-03 2.0e+00 1.04e+00  9e-01  1e+00 65:20.7
   65    780 1.401286086822687e-02 2.1e+00 1.10e+00  1e+00  1e+00 67:25.6
   67    804 -4.595390539014657e-03 2.1e+00 1.06e+00  9e-01  1e+00 69:30.3
   69    828 5.895679925710168e-03 2.1e+00 9.80e-01  9e-01  1e+00 71:34.8
   71    852 1.284902859516659e-02 2.1e+00 1.05e+00  9e-01  1e+00 73:39.4
   73    876 -4.419527627504701e-03 2.1e+00 1.07e+00  9e-01  1e+00 75:43.7
   75    900 2.437843811434588e-03 2.1e+00 9.96e-01  9e-01  1e+00 77:48.6
   77    924 -4.709799131643017e-03 2.1e+00 9.22e-01  8e-01  1e+00 79:53.5
   79    948 4.611017410527923e-02 2.1e+00 9.25e-01  8e-01  1e+00 81:58.2
   81    972 2.141708671950211e-02 2.1e+00 9.74e-01  8e-01  1e+00 84:02.8
   83    996 1.283322040547886e-03 2.1e+00 9.76e-01  8e-01  1e+00 86:07.2
   85   1020 1.714292195906029e-04 2.1e+00 9.41e-01  8e-01  1e+00 88:11.7
   87   1044 1.482435187264955e-02 2.2e+00 9.61e-01  8e-01  1e+00 90:16.1
   89   1068 7.179579748585773e-03 2.1e+00 9.76e-01  8e-01  1e+00 92:20.6
   91   1092 1.728896434109621e-02 2.1e+00 1.02e+00  9e-01  1e+00 94:25.0
   93   1116 2.251094145051658e-02 2.1e+00 1.03e+00  9e-01  1e+00 96:29.2
   95   1140 7.561028709339461e-02 2.2e+00 1.07e+00  9e-01  1e+00 98:33.6
   97   1164 -4.354210098872087e-03 2.2e+00 1.08e+00  9e-01  1e+00 100:38.0
   99   1188 1.447809678370010e-02 2.2e+00 1.06e+00  9e-01  1e+00 102:42.3
  100   1200 -4.246966586278487e-03 2.2e+00 1.10e+00  9e-01  1e+00 103:44.5
  102   1224 -3.354324488147927e-03 2.2e+00 1.16e+00  1e+00  1e+00 105:48.9
  104   1248 3.854391049996416e-03 2.3e+00 1.26e+00  1e+00  1e+00 107:53.4
  106   1272 7.632087260931686e-04 2.4e+00 1.32e+00  1e+00  2e+00 109:58.0
  108   1296 1.717601502280449e-02 2.4e+00 1.37e+00  1e+00  2e+00 112:02.8
  110   1320 2.037230241818402e-02 2.4e+00 1.42e+00  1e+00  2e+00 114:07.3
  112   1344 -3.454852083154495e-03 2.4e+00 1.43e+00  1e+00  2e+00 116:12.0
  114   1368 -6.496350006925808e-03 2.4e+00 1.38e+00  1e+00  2e+00 118:16.5
  116   1392 9.438373648244298e-04 2.4e+00 1.29e+00  1e+00  2e+00 120:21.0
  118   1416 1.113059561698001e-02 2.4e+00 1.32e+00  1e+00  2e+00 122:25.7
  120   1440 -2.395493270464936e-03 2.5e+00 1.30e+00  1e+00  2e+00 124:30.1
  122   1464 3.316967596269744e-03 2.5e+00 1.31e+00  1e+00  2e+00 126:35.2
  124   1488 5.516929908144311e-03 2.6e+00 1.32e+00  1e+00  2e+00 128:39.6
  126   1512 1.112872166802277e-02 2.6e+00 1.40e+00  1e+00  2e+00 130:44.2
  128   1536 3.435673214396168e-02 2.6e+00 1.51e+00  1e+00  2e+00 132:49.1
  130   1560 3.565821758802159e-03 2.6e+00 1.56e+00  1e+00  2e+00 134:53.4
  132   1584 -3.150907194705905e-03 2.6e+00 1.59e+00  1e+00  2e+00 136:57.8
  134   1608 -6.461373019579416e-03 2.6e+00 1.61e+00  1e+00  2e+00 139:01.2
  136   1632 4.721267293299079e-04 2.7e+00 1.58e+00  1e+00  2e+00 141:05.5
  138   1656 2.445192460251620e-02 2.8e+00 1.66e+00  1e+00  2e+00 143:10.5
  140   1680 1.630194842934891e-02 2.8e+00 1.75e+00  1e+00  2e+00 145:14.9
  142   1704 2.137385600411766e-02 2.8e+00 1.84e+00  2e+00  2e+00 147:19.9
  144   1728 -2.614501109041933e-03 3.0e+00 1.80e+00  1e+00  2e+00 149:24.9
  146   1752 2.909464369152136e-03 3.0e+00 1.86e+00  2e+00  2e+00 151:29.5
  148   1776 9.224635474588948e-03 3.1e+00 1.98e+00  2e+00  2e+00 153:34.0
  150   1800 -3.971033801726728e-03 3.2e+00 2.20e+00  2e+00  3e+00 155:38.6
  152   1824 4.206381957385127e-02 3.3e+00 2.26e+00  2e+00  3e+00 157:43.4
  154   1848 4.312231220190298e-02 3.3e+00 2.36e+00  2e+00  3e+00 159:47.9
  156   1872 1.595257604464793e-02 3.3e+00 2.35e+00  2e+00  3e+00 161:52.8
  158   1896 3.887642766173523e-02 3.4e+00 2.46e+00  2e+00  3e+00 163:57.7
  160   1920 8.339891498779549e-02 3.6e+00 2.38e+00  2e+00  3e+00 166:02.1
  162   1944 1.541095961681784e-03 3.6e+00 2.42e+00  2e+00  3e+00 168:06.8
  164   1968 1.773862700948278e-02 3.6e+00 2.36e+00  2e+00  3e+00 170:11.1
  166   1992 1.823721439021042e-02 3.6e+00 2.43e+00  2e+00  3e+00 172:15.6
  168   2016 1.205037985904107e-03 3.7e+00 2.27e+00  2e+00  3e+00 174:20.5
  170   2040 1.554827835360333e-02 3.7e+00 2.18e+00  2e+00  3e+00 176:25.1
  172   2064 -1.376034940694068e-03 3.7e+00 2.05e+00  2e+00  3e+00 178:30.1
  174   2088 2.150252518980882e-02 3.7e+00 1.97e+00  2e+00  3e+00 180:34.7
  176   2112 9.687078583517822e-02 3.7e+00 1.93e+00  2e+00  3e+00 182:39.5
  178   2136 2.496919791521529e-02 3.7e+00 1.96e+00  2e+00  3e+00 184:43.9
  180   2160 6.304533143724662e-02 3.7e+00 1.99e+00  2e+00  3e+00 186:48.6
  182   2184 4.512241064207213e-02 3.8e+00 1.99e+00  2e+00  3e+00 188:53.3
  184   2208 6.276857304134802e-02 3.8e+00 1.98e+00  2e+00  3e+00 190:58.0
  186   2232 1.706018205199179e-02 3.8e+00 1.95e+00  2e+00  3e+00 193:02.6
  189   2268 1.093877494620934e-02 3.8e+00 2.05e+00  2e+00  3e+00 196:09.3
  192   2304 -8.024314091318122e-04 3.9e+00 2.12e+00  2e+00  3e+00 199:16.6
  195   2340 3.347610982677691e-02 3.8e+00 2.05e+00  2e+00  3e+00 202:23.4
  198   2376 3.062226558154479e-02 3.9e+00 2.02e+00  2e+00  3e+00 205:30.5
  200   2400 5.979253341493572e-03 3.8e+00 2.03e+00  2e+00  3e+00 207:34.9
  203   2436 2.693929858965575e-02 3.9e+00 1.95e+00  2e+00  3e+00 210:41.9
  206   2472 -5.052376090934210e-03 3.9e+00 1.90e+00  2e+00  2e+00 213:48.8
  209   2508 -5.838805730234505e-04 4.0e+00 1.63e+00  1e+00  2e+00 216:55.7
  212   2544 1.816346149158432e-02 4.0e+00 1.71e+00  1e+00  2e+00 220:02.8
  215   2580 7.513745506265297e-02 4.0e+00 1.82e+00  1e+00  2e+00 223:09.4
  218   2616 3.095015786025618e-05 4.1e+00 1.79e+00  1e+00  2e+00 226:16.2
  221   2652 2.388366553933321e-02 4.1e+00 1.80e+00  1e+00  2e+00 229:22.8
  224   2688 -2.905060177033800e-03 4.2e+00 1.71e+00  1e+00  2e+00 232:29.9
  227   2724 4.690091872189851e-02 4.2e+00 1.70e+00  1e+00  2e+00 235:37.0
  230   2760 1.229624946744243e-01 4.3e+00 1.91e+00  1e+00  2e+00 238:43.6
  233   2796 -3.605819882100490e-03 4.4e+00 2.25e+00  2e+00  3e+00 241:50.6
  236   2832 2.386070583142216e-02 4.5e+00 2.43e+00  2e+00  3e+00 244:57.6
  239   2868 3.480864787513379e-02 4.7e+00 2.65e+00  2e+00  3e+00 248:04.6
  242   2904 4.382123992333813e-02 4.8e+00 2.55e+00  2e+00  3e+00 251:11.6
  245   2940 1.479663680854905e-02 4.7e+00 2.26e+00  2e+00  3e+00 254:18.6
  248   2976 -5.452658555068935e-03 4.8e+00 2.12e+00  2e+00  3e+00 257:25.4
  251   3012 3.770054255005498e-02 4.8e+00 1.87e+00  1e+00  3e+00 260:32.7
  254   3048 -1.913532419630107e-03 4.9e+00 1.91e+00  1e+00  3e+00 263:39.2
  257   3084 -3.674432000161940e-03 5.0e+00 1.99e+00  1e+00  3e+00 266:46.7
  260   3120 -2.408127355259434e-03 5.0e+00 2.01e+00  1e+00  3e+00 269:53.4
  263   3156 1.439557341897757e-02 5.1e+00 1.94e+00  1e+00  3e+00 272:59.5
  266   3192 -6.811865895550170e-03 5.4e+00 1.97e+00  1e+00  3e+00 276:06.5
  269   3228 2.355552127807705e-02 5.4e+00 1.90e+00  1e+00  3e+00 279:12.9
  272   3264 5.148942574356982e-02 5.4e+00 1.66e+00  1e+00  2e+00 282:20.3
  275   3300 1.447412138273721e-02 5.5e+00 1.54e+00  1e+00  2e+00 285:26.9
  278   3336 4.491619349441332e-02 5.7e+00 1.39e+00  1e+00  2e+00 288:34.1
  281   3372 7.744769900788027e-05 5.8e+00 1.42e+00  1e+00  2e+00 291:41.2
  284   3408 9.188394209435239e-03 5.7e+00 1.61e+00  1e+00  2e+00 294:47.9
  287   3444 4.685715683367888e-02 5.8e+00 1.73e+00  1e+00  2e+00 297:55.0
  290   3480 -3.883884414626888e-03 5.8e+00 1.72e+00  1e+00  2e+00 301:02.0
  293   3516 6.452009052397298e-02 5.9e+00 1.58e+00  1e+00  2e+00 304:09.2
  296   3552 1.539058969795160e-03 6.0e+00 1.48e+00  1e+00  2e+00 307:15.7
  299   3588 1.719057903376589e-02 6.1e+00 1.46e+00  1e+00  2e+00 310:23.0
  300   3600 6.048262719423003e-03 6.1e+00 1.40e+00  1e+00  2e+00 311:25.1
  303   3636 9.615349800290310e-03 6.0e+00 1.37e+00  1e+00  2e+00 314:32.0
  306   3672 1.137585944533456e-02 6.0e+00 1.35e+00  1e+00  2e+00 317:38.9
  309   3708 1.402891032578296e-02 5.8e+00 1.41e+00  1e+00  2e+00 320:46.1
  312   3744 3.309467005333942e-02 5.8e+00 1.32e+00  1e+00  2e+00 323:53.5
  315   3780 9.298934100522736e-03 5.8e+00 1.22e+00  9e-01  2e+00 326:59.5
  318   3816 8.348736848699273e-03 5.7e+00 1.25e+00  9e-01  2e+00 330:07.0
  321   3852 1.224834701518182e-02 5.8e+00 1.32e+00  1e+00  2e+00 333:14.9
  324   3888 -3.092222250351067e-03 5.6e+00 1.35e+00  1e+00  2e+00 336:23.9
  327   3924 4.025525241432538e-02 5.5e+00 1.54e+00  1e+00  2e+00 339:33.2
  330   3960 8.898109952613879e-02 5.6e+00 1.61e+00  1e+00  2e+00 342:41.2
  333   3996 6.154593443965085e-02 5.7e+00 1.53e+00  1e+00  2e+00 345:49.0
  336   4032 4.319392611459250e-03 5.9e+00 1.55e+00  1e+00  2e+00 348:57.8
  339   4068 -3.157550755247597e-03 5.9e+00 1.69e+00  1e+00  2e+00 352:06.7
  342   4104 4.321562585107081e-02 5.9e+00 1.82e+00  1e+00  2e+00 355:14.7
  345   4140 8.218879292628480e-02 5.9e+00 1.84e+00  1e+00  2e+00 358:22.3
  348   4176 3.395271360552650e-02 5.9e+00 2.00e+00  1e+00  3e+00 361:31.3
  351   4212 8.312621615345574e-02 5.8e+00 2.15e+00  2e+00  3e+00 364:40.7
  354   4248 7.296012423679575e-02 5.7e+00 2.12e+00  1e+00  3e+00 367:49.3
  357   4284 5.453146866066088e-02 5.8e+00 2.03e+00  1e+00  3e+00 370:57.5
  360   4320 9.244235561065485e-02 6.0e+00 2.04e+00  1e+00  3e+00 374:05.3
  363   4356 6.094459541073150e-02 6.1e+00 1.92e+00  1e+00  3e+00 377:15.0
  366   4392 2.348566667078257e-02 6.2e+00 1.75e+00  1e+00  2e+00 380:25.2
  369   4428 3.099814280235126e-02 6.2e+00 1.82e+00  1e+00  2e+00 383:34.8
  373   4476 5.873289403532751e-02 6.2e+00 2.00e+00  1e+00  3e+00 387:42.4
  377   4524 5.620254068727003e-02 6.1e+00 2.11e+00  1e+00  3e+00 391:50.4
  381   4572 3.122199199663469e-02 6.0e+00 2.02e+00  1e+00  3e+00 395:58.6
  385   4620 1.847486711396861e-02 5.9e+00 2.01e+00  1e+00  3e+00 400:07.7
  389   4668 1.314934519267876e-02 6.0e+00 1.72e+00  1e+00  2e+00 404:16.5
  393   4716 5.986069976190686e-03 6.1e+00 1.53e+00  1e+00  2e+00 408:25.5
  397   4764 1.174298651869636e-02 6.2e+00 1.56e+00  1e+00  2e+00 412:34.9
  400   4800 1.425566494206772e-02 6.1e+00 1.49e+00  1e+00  2e+00 415:41.8
  404   4848 1.234513464820795e-02 6.2e+00 1.23e+00  8e-01  2e+00 419:51.0
  408   4896 1.221917895221833e-02 6.3e+00 9.83e-01  6e-01  1e+00 423:59.7
  412   4944 -3.617627910266295e-03 6.5e+00 9.94e-01  7e-01  1e+00 428:08.2
  416   4992 2.151384326826519e-02 6.5e+00 8.59e-01  6e-01  1e+00 432:16.9
  420   5040 1.048329160325281e-02 6.6e+00 7.74e-01  5e-01  1e+00 436:24.0
  424   5088 4.124431945267244e-04 6.7e+00 6.98e-01  5e-01  9e-01 440:14.1
  428   5136 4.326301286464104e-02 6.8e+00 7.37e-01  5e-01  9e-01 444:19.5
  432   5184 3.941020296358598e-03 6.9e+00 7.27e-01  5e-01  9e-01 448:25.4
  436   5232 7.541765255804397e-03 6.9e+00 7.45e-01  5e-01  9e-01 452:30.7
  440   5280 5.260122418682363e-03 6.8e+00 7.95e-01  6e-01  1e+00 456:36.7
  444   5328 8.588188077286789e-04 6.6e+00 8.65e-01  6e-01  1e+00 460:41.9
  448   5376 1.839572308446821e-02 6.7e+00 9.47e-01  6e-01  1e+00 464:48.7
  452   5424 1.280040654958800e-03 6.8e+00 1.06e+00  7e-01  1e+00 468:54.4
  456   5472 2.488198757709349e-02 6.9e+00 9.39e-01  6e-01  1e+00 472:59.7
  460   5520 2.141623208576897e-03 7.2e+00 8.94e-01  6e-01  1e+00 477:04.3
  464   5568 4.988003897518879e-03 7.3e+00 8.46e-01  6e-01  1e+00 481:09.2
  468   5616 2.744587490144035e-02 7.4e+00 8.95e-01  6e-01  1e+00 485:14.6
  472   5664 2.982370820342966e-02 7.4e+00 8.17e-01  6e-01  1e+00 489:19.7
  476   5712 -6.289933245028974e-03 7.3e+00 7.18e-01  5e-01  9e-01 493:24.7
  480   5760 5.803687879361209e-02 7.3e+00 6.86e-01  5e-01  9e-01 497:29.4
  484   5808 2.309650638623767e-02 7.4e+00 6.94e-01  5e-01  9e-01 501:33.9
  488   5856 4.619470787020204e-02 7.3e+00 7.34e-01  5e-01  9e-01 505:38.9
  492   5904 3.960526577301168e-02 7.2e+00 7.19e-01  5e-01  9e-01 509:44.5
  496   5952 8.012728383256758e-02 7.2e+00 8.06e-01  5e-01  1e+00 513:49.6
  500   6000 3.236363978032189e-02 7.2e+00 8.48e-01  6e-01  1e+00 517:54.7
  504   6048 7.517412972026773e-03 7.5e+00 8.44e-01  5e-01  1e+00 521:59.4
  508   6096 6.140946160129458e-03 7.6e+00 8.31e-01  5e-01  1e+00 526:04.8
  512   6144 -2.077366738577552e-03 7.8e+00 8.20e-01  5e-01  1e+00 530:11.5
  516   6192 6.026295441863575e-02 7.7e+00 9.05e-01  6e-01  1e+00 534:17.9
  520   6240 2.515775487255221e-02 8.0e+00 1.01e+00  7e-01  1e+00 538:23.0
  524   6288 1.335177774757927e-01 8.0e+00 1.16e+00  8e-01  2e+00 542:27.6
  528   6336 -6.598993078360348e-04 8.2e+00 1.23e+00  8e-01  2e+00 546:34.9
  532   6384 3.934215485083787e-02 8.4e+00 1.23e+00  8e-01  2e+00 550:41.5
  536   6432 7.510668758974584e-05 8.6e+00 1.11e+00  7e-01  2e+00 554:46.9
  540   6480 1.432320589596673e-02 8.7e+00 1.01e+00  7e-01  1e+00 558:51.8
  544   6528 1.067507216013298e-03 8.6e+00 9.55e-01  6e-01  1e+00 562:58.1
  548   6576 2.992683312124418e-02 8.7e+00 9.52e-01  7e-01  1e+00 567:04.5
  552   6624 4.771623739351948e-02 8.5e+00 1.07e+00  7e-01  2e+00 571:09.6
  556   6672 2.026280012487994e-02 8.6e+00 1.02e+00  7e-01  1e+00 575:14.6
  560   6720 3.663160804060801e-02 8.6e+00 1.14e+00  8e-01  2e+00 579:19.7
  564   6768 -1.497430181852923e-03 8.9e+00 1.07e+00  7e-01  2e+00 583:26.0
  568   6816 5.002095543854330e-02 8.8e+00 1.02e+00  7e-01  1e+00 587:32.7
  572   6864 3.115336291311320e-02 9.0e+00 9.42e-01  6e-01  1e+00 591:38.4
  576   6912 1.547268358466458e-02 9.0e+00 8.58e-01  5e-01  1e+00 595:43.4
  580   6960 9.987031869510214e-03 9.1e+00 8.27e-01  5e-01  1e+00 599:49.2
  584   7008 -3.045633527646680e-03 9.2e+00 9.70e-01  6e-01  1e+00 603:55.2
  588   7056 1.536817544661657e-02 9.4e+00 1.02e+00  6e-01  1e+00 608:02.2
  592   7104 1.387377718816001e-01 9.5e+00 9.69e-01  6e-01  1e+00 612:08.2
  596   7152 -4.510412584979192e-03 9.2e+00 1.03e+00  6e-01  1e+00 616:13.1
  600   7200 9.609769124101096e-02 9.2e+00 8.71e-01  5e-01  1e+00 620:17.9
  604   7248 2.571919091196866e-03 9.3e+00 9.98e-01  6e-01  1e+00 624:23.5
  608   7296 6.893599531011960e-03 9.4e+00 9.64e-01  6e-01  1e+00 628:30.4
  613   7356 3.910601511915677e-02 9.6e+00 8.50e-01  5e-01  1e+00 633:36.8
  618   7416 -4.429780255783995e-03 9.8e+00 8.38e-01  5e-01  1e+00 638:44.3
  623   7476 8.172971180296532e-03 1.0e+01 9.19e-01  6e-01  1e+00 643:52.1
  628   7536 -6.412983087279235e-03 1.1e+01 8.04e-01  5e-01  1e+00 648:59.4
  633   7596 2.125937301917551e-02 1.1e+01 7.72e-01  5e-01  1e+00 654:05.9
  638   7656 5.244739109485291e-02 1.0e+01 6.59e-01  4e-01  8e-01 659:11.8
  643   7716 2.409086305996762e-03 1.0e+01 6.85e-01  4e-01  9e-01 664:18.3
  648   7776 1.261635495449838e-02 1.0e+01 6.92e-01  4e-01  9e-01 669:26.1
  653   7836 4.431331091638190e-02 1.1e+01 6.31e-01  4e-01  8e-01 674:34.0
  658   7896 3.653965025171891e-03 1.1e+01 5.59e-01  3e-01  7e-01 679:41.7
  663   7956 6.902009080605308e-02 1.1e+01 5.19e-01  3e-01  7e-01 684:48.8
  668   8016 1.003921585517618e-02 1.1e+01 4.80e-01  3e-01  6e-01 689:56.0
  673   8076 3.848092078714481e-03 1.1e+01 4.58e-01  3e-01  6e-01 695:02.8
  678   8136 -3.509750889714647e-03 1.1e+01 4.17e-01  2e-01  5e-01 700:08.9
  683   8196 -3.090930980910815e-03 1.1e+01 3.51e-01  2e-01  4e-01 705:16.9
  688   8256 3.097728476666623e-04 1.1e+01 3.87e-01  2e-01  5e-01 710:07.1
  693   8316 -2.866021024710887e-03 1.1e+01 3.67e-01  2e-01  4e-01 714:52.5
  698   8376 -4.082651085071995e-03 1.1e+01 3.09e-01  2e-01  4e-01 719:37.8
  700   8400 -7.214495231207259e-04 1.1e+01 3.07e-01  2e-01  4e-01 721:31.7
  705   8460 -5.369749524691909e-03 1.1e+01 2.84e-01  2e-01  3e-01 726:17.0
  710   8520 -5.204718597995104e-03 1.1e+01 2.23e-01  1e-01  2e-01 731:03.3
  715   8580 -5.153523545246511e-03 1.1e+01 2.25e-01  1e-01  2e-01 735:48.4
  720   8640 -6.176801008761014e-03 1.1e+01 2.07e-01  1e-01  2e-01 740:34.4
  725   8700 -5.196849538964815e-03 1.1e+01 1.92e-01  1e-01  2e-01 745:19.5
  730   8760 -7.034331196021648e-03 1.1e+01 2.04e-01  1e-01  2e-01 750:05.1
  735   8820 -8.752800503228186e-03 1.1e+01 1.81e-01  1e-01  2e-01 754:50.5
  740   8880 -9.022990195024748e-03 1.1e+01 1.57e-01  9e-02  2e-01 759:36.0
  745   8940 -9.397358602159270e-03 1.1e+01 1.61e-01  9e-02  2e-01 764:21.4
  750   9000 -8.215020253080997e-03 1.1e+01 1.62e-01  9e-02  2e-01 769:07.0
  755   9060 -9.203846243927455e-03 1.1e+01 1.37e-01  7e-02  1e-01 773:52.6
  760   9120 -9.340870059832014e-03 1.0e+01 1.24e-01  6e-02  1e-01 778:38.1
  765   9180 -9.775380210989020e-03 1.0e+01 1.24e-01  6e-02  1e-01 783:23.6
  770   9240 -9.200086482776825e-03 1.0e+01 1.28e-01  6e-02  1e-01 788:09.4
  775   9300 -9.754591255479896e-03 1.0e+01 1.04e-01  5e-02  1e-01 792:54.5
  780   9360 -9.297495566720151e-03 1.1e+01 9.86e-02  5e-02  1e-01 797:40.1
  785   9420 -9.803151800944591e-03 1.1e+01 7.11e-02  3e-02  7e-02 802:25.1
  790   9480 -9.813850002782475e-03 1.1e+01 7.77e-02  4e-02  8e-02 807:10.5
  795   9540 -1.003216399913880e-02 1.1e+01 8.43e-02  4e-02  8e-02 811:56.5
  800   9600 -1.000470073188258e-02 1.2e+01 7.30e-02  3e-02  7e-02 816:43.1
  806   9672 -1.014154837252931e-02 1.2e+01 6.57e-02  3e-02  6e-02 822:25.8
  812   9744 -1.020337267528868e-02 1.3e+01 5.43e-02  2e-02  5e-02 828:08.6
  818   9816 -1.025712365160305e-02 1.3e+01 5.03e-02  2e-02  5e-02 833:50.4
  824   9888 -1.027061812050076e-02 1.3e+01 4.19e-02  2e-02  4e-02 839:32.9
  830   9960 -1.030364538176458e-02 1.4e+01 3.66e-02  1e-02  4e-02 845:15.8
  836  10032 -1.033070499804997e-02 1.4e+01 3.37e-02  1e-02  3e-02 850:59.0
  842  10104 -1.038386458134324e-02 1.5e+01 3.91e-02  2e-02  4e-02 856:41.3
  848  10176 -1.041749921333006e-02 1.5e+01 4.27e-02  2e-02  4e-02 862:24.5
  854  10248 -1.046738525286696e-02 1.5e+01 4.11e-02  2e-02  4e-02 868:06.3
  860  10320 -1.048418360042149e-02 1.6e+01 4.49e-02  2e-02  4e-02 873:48.9
  866  10392 -1.051586066689408e-02 1.7e+01 3.77e-02  1e-02  4e-02 879:30.8
  871  10452 -1.055139365364242e-02 1.8e+01 3.80e-02  1e-02  4e-02 884:33.1
  876  10512 -1.061956499435345e-02 1.9e+01 4.34e-02  2e-02  4e-02 889:43.9
  881  10572 -1.065647902337543e-02 2.2e+01 5.65e-02  2e-02  7e-02 894:53.7
  886  10632 -1.085271816709934e-02 2.5e+01 7.06e-02  3e-02  9e-02 900:04.5
  891  10692 -1.090439406543282e-02 2.8e+01 9.31e-02  3e-02  1e-01 905:15.9
  896  10752 -1.112515822772409e-02 3.0e+01 8.97e-02  3e-02  1e-01 910:26.5
  900  10800 -1.116562735256778e-02 3.1e+01 8.43e-02  3e-02  1e-01 914:34.4
  905  10860 -1.120382142824053e-02 3.2e+01 7.13e-02  2e-02  1e-01 919:45.8
  910  10920 -1.124766189521472e-02 3.1e+01 6.36e-02  2e-02  1e-01 924:56.0
  915  10980 -1.128959676782816e-02 3.0e+01 6.40e-02  2e-02  9e-02 930:07.1
  920  11040 -1.129717371033645e-02 3.1e+01 6.55e-02  2e-02  9e-02 935:17.5
  925  11100 -1.126758965628143e-02 3.2e+01 6.13e-02  2e-02  9e-02 940:30.1
  930  11160 -1.129626770891084e-02 3.2e+01 6.40e-02  2e-02  9e-02 945:42.2
  935  11220 -1.126718686302549e-02 3.2e+01 5.62e-02  2e-02  8e-02 950:52.7
  941  11292 -1.132576933946802e-02 3.2e+01 4.55e-02  1e-02  6e-02 957:05.4
  947  11364 -1.134104744711061e-02 3.3e+01 3.49e-02  1e-02  5e-02 963:18.1
  953  11436 -1.137415450111946e-02 3.5e+01 3.33e-02  1e-02  4e-02 969:31.5
  959  11508 -1.136842701336449e-02 3.5e+01 3.21e-02  9e-03  4e-02 975:46.0
  965  11580 -1.137387252733032e-02 3.5e+01 3.54e-02  1e-02  4e-02 981:59.7
