Running job array 13 on milan7.int.triton.aalto.fi
Starting at Wed Mar 12 12:45:19 EET 2025
Activating virtual environment at /scratch/work/uotilav2/quantum-portfolio/venv
Processing batch 14/20: experiments 291 to 312 (total 22)
Processing experiment 291
Budget: 615.0399932861328
YF.download() has changed argument auto_adjust default to True
Number of qubits for asset DIS: 3
Number of qubits for asset HD: 1
Number of qubits for asset INTC: 5
Number of qubits for asset TRV: 2
Number of qubits for asset UNH: 1
Total number of qubits:  12
Optimized Weights (considering variance, skewness and kurtosis):
DIS: 0.00%
HD: 3.86%
INTC: 0.00%
TRV: 0.00%
UNH: 96.14%
Left over budget:  91.28268648831238
Optimized Discrete Allocation:
INTC: 1
UNH: 1
Maximized utility from continuous higher moments:  1.849711502241527
Budget constraint not satisfied 615.0573043823242 615.0399932861328 Difference:  -0.01731109619140625
Budget constraint satisfied 614.0584869384766 615.0399932861328 Difference:  0.98150634765625
smallest_eigenvalues: [-0.07033141513997576]
smallest_bitstrings: ['100000000001']
first_excited_energy: -0.07033114488478473
optimized_portfolio: [{'DIS': 1, 'HD': 0, 'INTC': 0, 'TRV': 0, 'UNH': 1}]
second_optimized_portfolio: [{'DIS': 3, 'HD': 0, 'INTC': 2, 'TRV': 1, 'UNH': 0}]
result_with_budget: [{'portfolio': {'DIS': 1, 'HD': 0, 'INTC': 0, 'TRV': 0, 'UNH': 1}, 'budget': 615.0573043823242, 'difference': -0.01731109619140625, 'objective_value': 1.9575840582923885}]
result_with_budget_excited: [{'portfolio': {'DIS': 3, 'HD': 0, 'INTC': 2, 'TRV': 1, 'UNH': 0}, 'budget': 614.0584869384766, 'difference': 0.98150634765625, 'objective_value': -6.7899429575243175}]
Initial params:  [2.01037118 0.45035763 2.96776493 1.63943485 1.3026989  0.83112597
 2.43232687 1.43303853 1.78578792 0.0590299  1.94035914 1.92295543
 1.93815531 2.96487203 2.14200164 1.12942738 1.37297638 2.19167304
 0.1892039  2.09470941 2.106871   0.66093631 0.40503391 0.99094739]
(6_w,13)-aCMA-ES (mu_w=4.0,w_1=38%) in dimension 24 (seed=892859, Wed Mar 12 12:45:56 2025)
Iterat #Fevals   function value  axis ratio  sigma  min&max std  t[m:s]
    1     13 1.765657928363542e-01 1.0e+00 9.39e-02  9e-02  9e-02 0:51.5
    2     26 1.423608167251637e-01 1.1e+00 9.20e-02  9e-02  9e-02 1:46.4
    3     39 9.281238278147129e-02 1.1e+00 9.32e-02  9e-02  1e-01 2:39.0
    4     52 9.158204302186482e-02 1.2e+00 9.53e-02  9e-02  1e-01 3:30.9
    5     65 6.125948269769348e-02 1.2e+00 9.72e-02  1e-01  1e-01 4:22.2
    6     78 1.007742054087461e-02 1.3e+00 9.89e-02  1e-01  1e-01 5:13.7
    7     91 -2.378144769933748e-02 1.3e+00 1.03e-01  1e-01  1e-01 6:08.1
    8    104 -2.061469996620164e-02 1.3e+00 1.07e-01  1e-01  1e-01 7:00.5
    9    117 -2.870411822444388e-02 1.4e+00 1.12e-01  1e-01  1e-01 7:51.4
   10    130 -3.311482223137991e-02 1.4e+00 1.20e-01  1e-01  1e-01 8:43.7
   11    143 -3.856186556614710e-02 1.5e+00 1.29e-01  1e-01  1e-01 9:37.1
   12    156 -3.740273237746789e-02 1.5e+00 1.35e-01  1e-01  1e-01 10:31.4
   13    169 -4.392414294048081e-02 1.6e+00 1.39e-01  1e-01  1e-01 11:23.2
   14    182 -4.169323532016483e-02 1.6e+00 1.43e-01  1e-01  2e-01 12:15.7
   15    195 -4.641652215801188e-02 1.7e+00 1.49e-01  1e-01  2e-01 13:07.0
   16    208 -4.238267045333311e-02 1.7e+00 1.59e-01  2e-01  2e-01 13:59.7
   17    221 -4.941481318852334e-02 1.8e+00 1.67e-01  2e-01  2e-01 14:53.1
   18    234 -4.930515783890470e-02 1.9e+00 1.74e-01  2e-01  2e-01 15:45.0
   19    247 -4.480008210165558e-02 1.9e+00 1.83e-01  2e-01  2e-01 16:37.7
   20    260 -4.919712331607827e-02 2.0e+00 1.93e-01  2e-01  2e-01 17:30.3
   21    273 -4.935381354041613e-02 2.0e+00 2.04e-01  2e-01  3e-01 18:24.1
   22    286 -4.454805946841549e-02 2.1e+00 2.11e-01  2e-01  3e-01 19:16.1
   23    299 -4.893381679643513e-02 2.1e+00 2.15e-01  2e-01  3e-01 20:07.2
   24    312 -3.965889254655586e-02 2.2e+00 2.13e-01  2e-01  3e-01 20:58.9
   25    325 -3.966722735655501e-02 2.3e+00 2.12e-01  2e-01  3e-01 21:52.2
   26    338 -3.527983922962417e-02 2.3e+00 2.14e-01  2e-01  3e-01 22:48.6
   27    351 -4.859236273816967e-02 2.4e+00 2.16e-01  2e-01  3e-01 23:41.4
   28    364 -4.801479642756452e-02 2.4e+00 2.20e-01  2e-01  3e-01 24:33.8
   29    377 -5.005053247235091e-02 2.5e+00 2.27e-01  2e-01  3e-01 25:25.9
   30    390 -4.443490369154649e-02 2.5e+00 2.32e-01  2e-01  3e-01 26:17.9
   31    403 -4.932897414051382e-02 2.5e+00 2.36e-01  2e-01  3e-01 27:13.1
   32    416 -5.103655186892325e-02 2.6e+00 2.33e-01  2e-01  3e-01 28:06.8
   33    429 -4.159019249844227e-02 2.6e+00 2.28e-01  2e-01  3e-01 28:59.9
   34    442 -5.154839208921747e-02 2.7e+00 2.26e-01  2e-01  3e-01 29:52.8
   35    455 -4.721630975971654e-02 2.7e+00 2.26e-01  2e-01  3e-01 30:45.9
   36    468 -4.820471312597357e-02 2.7e+00 2.24e-01  2e-01  3e-01 31:40.1
   37    481 -4.905837146474414e-02 2.7e+00 2.13e-01  2e-01  3e-01 32:33.1
   38    494 -5.184058100725458e-02 2.7e+00 2.08e-01  2e-01  3e-01 33:26.4
   39    507 -4.686913413331990e-02 2.8e+00 2.09e-01  2e-01  3e-01 34:18.9
   40    520 -4.348989406742055e-02 2.8e+00 2.05e-01  2e-01  3e-01 35:14.2
   41    533 -4.796823392228099e-02 2.8e+00 2.03e-01  2e-01  3e-01 36:08.2
   42    546 -4.526784370649174e-02 2.8e+00 1.93e-01  2e-01  3e-01 37:00.7
   43    559 -4.991650335804276e-02 2.8e+00 1.78e-01  2e-01  2e-01 37:53.8
   44    572 -5.103272321269202e-02 2.8e+00 1.72e-01  2e-01  2e-01 38:47.2
   45    585 -5.028022487417136e-02 2.9e+00 1.70e-01  2e-01  2e-01 39:42.7
   46    598 -4.870364803244034e-02 2.9e+00 1.69e-01  2e-01  2e-01 40:35.0
   47    611 -4.911084016480854e-02 2.9e+00 1.68e-01  2e-01  2e-01 41:27.8
   48    624 -4.958749224905527e-02 3.0e+00 1.67e-01  2e-01  2e-01 42:20.8
   49    637 -5.116544723337864e-02 3.0e+00 1.60e-01  1e-01  2e-01 43:15.1
   50    650 -4.926959715189292e-02 3.0e+00 1.50e-01  1e-01  2e-01 44:09.8
   51    663 -5.040089059163599e-02 3.0e+00 1.46e-01  1e-01  2e-01 45:02.0
   52    676 -5.089816474135965e-02 3.1e+00 1.41e-01  1e-01  2e-01 45:54.0
   53    689 -5.212576453181116e-02 3.1e+00 1.38e-01  1e-01  2e-01 46:46.5
   54    702 -5.073632567502274e-02 3.2e+00 1.34e-01  1e-01  2e-01 47:40.5
   55    715 -5.011560490799301e-02 3.2e+00 1.31e-01  1e-01  2e-01 48:35.7
   57    741 -5.119835717996787e-02 3.2e+00 1.18e-01  1e-01  2e-01 50:21.3
   59    767 -5.195797823892404e-02 3.2e+00 1.12e-01  1e-01  2e-01 52:07.1
   61    793 -5.207239050019342e-02 3.2e+00 1.10e-01  1e-01  2e-01 53:54.5
   63    819 -5.245551099874575e-02 3.3e+00 1.10e-01  1e-01  2e-01 55:40.7
   65    845 -5.222964120506765e-02 3.4e+00 1.09e-01  1e-01  2e-01 57:28.1
   67    871 -5.201112057353880e-02 3.4e+00 1.10e-01  1e-01  2e-01 59:14.1
   69    897 -5.278680094551959e-02 3.4e+00 1.10e-01  1e-01  2e-01 61:03.6
   71    923 -5.299280624827828e-02 3.5e+00 9.89e-02  9e-02  1e-01 62:48.9
   73    949 -5.171810555674326e-02 3.6e+00 9.16e-02  8e-02  1e-01 64:35.9
   75    975 -5.243193079061038e-02 3.6e+00 8.56e-02  8e-02  1e-01 66:21.1
   77   1001 -5.224848502340521e-02 3.7e+00 8.03e-02  7e-02  1e-01 68:07.6
   79   1027 -5.412935032957206e-02 3.8e+00 8.01e-02  7e-02  1e-01 69:56.6
   81   1053 -5.420474804912260e-02 3.9e+00 8.11e-02  7e-02  1e-01 71:41.1
   83   1079 -5.441451515187574e-02 4.0e+00 8.43e-02  7e-02  1e-01 73:29.4
   85   1105 -5.510892374846887e-02 4.1e+00 8.52e-02  7e-02  1e-01 75:16.9
   87   1131 -5.573110338748959e-02 4.3e+00 8.68e-02  8e-02  1e-01 77:02.5
   89   1157 -5.500442246547281e-02 4.3e+00 8.68e-02  8e-02  1e-01 78:49.2
   91   1183 -5.502521969206494e-02 4.4e+00 8.68e-02  8e-02  1e-01 80:36.9
   93   1209 -5.547246247202813e-02 4.4e+00 8.44e-02  7e-02  1e-01 82:25.6
   95   1235 -5.592645383138534e-02 4.6e+00 8.33e-02  7e-02  1e-01 84:09.3
   97   1261 -5.449801029868208e-02 4.6e+00 8.40e-02  7e-02  1e-01 85:57.7
   99   1287 -5.504017204704001e-02 4.7e+00 8.65e-02  8e-02  1e-01 87:45.2
  100   1300 -5.452282149231989e-02 4.8e+00 8.58e-02  7e-02  1e-01 88:37.7
  102   1326 -5.544819225407369e-02 4.9e+00 8.47e-02  7e-02  1e-01 90:26.3
  104   1352 -5.548985206469177e-02 4.9e+00 8.06e-02  7e-02  1e-01 92:11.5
  106   1378 -5.522525923204945e-02 5.0e+00 7.63e-02  6e-02  1e-01 93:58.5
  108   1404 -5.532364768351252e-02 5.1e+00 7.57e-02  6e-02  1e-01 95:47.9
  110   1430 -5.522267866553688e-02 5.1e+00 7.15e-02  6e-02  1e-01 97:32.6
  112   1456 -5.551211191921403e-02 5.1e+00 7.12e-02  6e-02  1e-01 99:22.1
  114   1482 -5.448678551772326e-02 5.1e+00 7.09e-02  6e-02  1e-01 101:10.0
  116   1508 -5.550871038785118e-02 5.2e+00 6.51e-02  5e-02  9e-02 102:57.6
  118   1534 -5.542350413098544e-02 5.2e+00 6.28e-02  5e-02  9e-02 104:42.8
  120   1560 -5.553998428232220e-02 5.3e+00 6.25e-02  5e-02  9e-02 106:31.6
  122   1586 -5.574587982422106e-02 5.4e+00 5.97e-02  5e-02  8e-02 108:19.5
  124   1612 -5.561222005532279e-02 5.6e+00 5.64e-02  5e-02  8e-02 110:04.1
  126   1638 -5.586971304111511e-02 5.7e+00 5.19e-02  4e-02  7e-02 111:53.6
  128   1664 -5.596911670326066e-02 5.8e+00 4.81e-02  4e-02  7e-02 113:40.0
  130   1690 -5.623575135216684e-02 5.8e+00 4.77e-02  4e-02  7e-02 115:26.6
  132   1716 -5.616373670069123e-02 6.0e+00 4.68e-02  4e-02  7e-02 117:14.2
  134   1742 -5.607831572615070e-02 6.1e+00 4.59e-02  4e-02  7e-02 119:00.5
  136   1768 -5.616153469626745e-02 6.2e+00 4.35e-02  4e-02  6e-02 120:49.1
  138   1794 -5.608906459952176e-02 6.3e+00 4.05e-02  3e-02  6e-02 122:35.6
  140   1820 -5.630205741791922e-02 6.6e+00 4.03e-02  3e-02  6e-02 124:24.9
  142   1846 -5.647153040582776e-02 6.6e+00 4.08e-02  3e-02  6e-02 126:12.0
  144   1872 -5.630766191266431e-02 6.8e+00 3.94e-02  3e-02  5e-02 127:59.9
  146   1898 -5.668316729160586e-02 6.8e+00 3.83e-02  3e-02  5e-02 129:45.6
  148   1924 -5.675234767565304e-02 6.9e+00 3.80e-02  3e-02  5e-02 131:32.1
  150   1950 -5.667661821287377e-02 6.9e+00 3.71e-02  3e-02  5e-02 133:20.4
  152   1976 -5.673607554615915e-02 7.1e+00 3.84e-02  3e-02  5e-02 135:04.7
  154   2002 -5.686047619453305e-02 7.3e+00 4.26e-02  3e-02  6e-02 136:52.9
  156   2028 -5.701177943378722e-02 7.6e+00 4.46e-02  4e-02  6e-02 138:40.1
  159   2067 -5.684282543958968e-02 7.9e+00 4.51e-02  4e-02  6e-02 141:20.1
  162   2106 -5.719404883011196e-02 8.2e+00 4.21e-02  3e-02  6e-02 144:00.1
  164   2132 -5.736664747356075e-02 8.2e+00 4.20e-02  3e-02  6e-02 145:48.3
  167   2171 -5.754238729425992e-02 8.6e+00 4.73e-02  4e-02  7e-02 148:27.0
  170   2210 -5.789858927873993e-02 8.9e+00 6.01e-02  5e-02  8e-02 151:09.2
  173   2249 -5.837169292328150e-02 9.4e+00 6.88e-02  5e-02  1e-01 153:50.4
  176   2288 -5.895915756789258e-02 1.0e+01 7.73e-02  6e-02  1e-01 156:27.3
  179   2327 -5.892365186594148e-02 1.1e+01 8.77e-02  7e-02  1e-01 159:08.2
  182   2366 -5.945216338220301e-02 1.1e+01 9.59e-02  7e-02  2e-01 161:46.9
  185   2405 -5.912695556327890e-02 1.2e+01 9.24e-02  7e-02  1e-01 164:28.5
  188   2444 -5.984449687722405e-02 1.2e+01 8.52e-02  6e-02  1e-01 167:08.5
  191   2483 -6.017281754530459e-02 1.3e+01 7.88e-02  6e-02  1e-01 169:48.9
  194   2522 -6.017599237621795e-02 1.3e+01 7.09e-02  5e-02  1e-01 172:27.3
  197   2561 -6.010646458994894e-02 1.4e+01 6.52e-02  5e-02  1e-01 175:08.7
  200   2600 -6.023863458166952e-02 1.4e+01 6.12e-02  4e-02  1e-01 177:47.6
  203   2639 -6.079568485335583e-02 1.4e+01 5.65e-02  4e-02  9e-02 180:28.3
  206   2678 -6.073336204422849e-02 1.5e+01 5.20e-02  4e-02  8e-02 183:10.4
  209   2717 -6.108965207049617e-02 1.5e+01 4.84e-02  3e-02  7e-02 185:48.7
  212   2756 -6.165543471919517e-02 1.5e+01 5.09e-02  4e-02  8e-02 188:29.9
  215   2795 -6.137385447791347e-02 1.6e+01 5.25e-02  4e-02  8e-02 191:10.4
  218   2834 -6.156693537163920e-02 1.6e+01 5.27e-02  4e-02  8e-02 193:49.2
  221   2873 -6.167901847766857e-02 1.6e+01 5.00e-02  3e-02  8e-02 196:31.5
  224   2912 -6.198602454383832e-02 1.7e+01 4.94e-02  3e-02  8e-02 199:08.0
  227   2951 -6.194660341293143e-02 1.7e+01 5.21e-02  4e-02  8e-02 201:50.5
  230   2990 -6.180409057669917e-02 1.8e+01 5.16e-02  4e-02  8e-02 204:30.7
  233   3029 -6.198195692847957e-02 1.8e+01 5.03e-02  3e-02  8e-02 207:09.3
  236   3068 -6.213539023475260e-02 1.8e+01 5.18e-02  4e-02  8e-02 209:50.5
  239   3107 -6.229597244084339e-02 1.8e+01 4.82e-02  3e-02  7e-02 212:27.6
  242   3146 -6.224786403052586e-02 1.9e+01 4.29e-02  3e-02  7e-02 215:07.5
  245   3185 -6.222770649164608e-02 1.9e+01 3.87e-02  3e-02  6e-02 217:46.6
  248   3224 -6.227570404706011e-02 2.0e+01 3.81e-02  3e-02  6e-02 220:24.4
  251   3263 -6.235826719763646e-02 2.0e+01 3.62e-02  2e-02  6e-02 223:05.1
  254   3302 -6.230711230837214e-02 2.0e+01 3.57e-02  2e-02  6e-02 225:44.4
  257   3341 -6.239251685544486e-02 2.0e+01 3.71e-02  2e-02  6e-02 228:23.3
  260   3380 -6.243016644672004e-02 2.0e+01 3.80e-02  3e-02  6e-02 231:00.5
  263   3419 -6.239193005977552e-02 2.0e+01 3.62e-02  2e-02  6e-02 233:39.3
  266   3458 -6.241273095786012e-02 2.1e+01 3.29e-02  2e-02  5e-02 236:16.0
  269   3497 -6.251649791955777e-02 2.1e+01 2.92e-02  2e-02  5e-02 238:55.7
  272   3536 -6.252327653562564e-02 2.1e+01 2.71e-02  2e-02  4e-02 241:35.3
  275   3575 -6.259244976987713e-02 2.1e+01 2.45e-02  2e-02  4e-02 244:11.2
  278   3614 -6.262035235398054e-02 2.1e+01 2.27e-02  1e-02  4e-02 246:50.8
  281   3653 -6.262423452946882e-02 2.2e+01 2.44e-02  2e-02  4e-02 249:26.8
  284   3692 -6.273232229521268e-02 2.3e+01 2.68e-02  2e-02  4e-02 252:07.0
  287   3731 -6.276832436670801e-02 2.4e+01 2.99e-02  2e-02  5e-02 254:43.1
  290   3770 -6.270479213906105e-02 2.4e+01 3.18e-02  2e-02  5e-02 257:26.6
  293   3809 -6.285165448737773e-02 2.4e+01 3.57e-02  2e-02  6e-02 260:05.4
  296   3848 -6.285521069671186e-02 2.5e+01 3.59e-02  2e-02  6e-02 262:46.3
  299   3887 -6.289511205996696e-02 2.6e+01 3.90e-02  2e-02  7e-02 265:23.1
  300   3900 -6.300372084975438e-02 2.7e+01 4.03e-02  3e-02  7e-02 266:14.3
  303   3939 -6.291758819440514e-02 2.8e+01 4.27e-02  3e-02  8e-02 268:55.7
  307   3991 -6.305383963774393e-02 2.9e+01 3.74e-02  2e-02  7e-02 272:21.9
  310   4030 -6.315762344245149e-02 2.9e+01 3.69e-02  2e-02  7e-02 275:02.9
  314   4082 -6.319073310755888e-02 3.1e+01 3.60e-02  2e-02  7e-02 278:34.1
  318   4134 -6.320326271995365e-02 3.2e+01 3.14e-02  2e-02  6e-02 282:02.1
  321   4173 -6.325333626557358e-02 3.3e+01 2.91e-02  2e-02  6e-02 284:42.4
  325   4225 -6.332480861805309e-02 3.4e+01 2.69e-02  2e-02  5e-02 288:13.4
  329   4277 -6.336602016875964e-02 3.5e+01 2.55e-02  2e-02  5e-02 291:40.6
  333   4329 -6.340464486703892e-02 3.8e+01 2.65e-02  2e-02  6e-02 295:12.6
  337   4381 -6.338700494432147e-02 4.0e+01 2.38e-02  1e-02  5e-02 298:45.4
  341   4433 -6.340366045126203e-02 4.0e+01 2.00e-02  1e-02  4e-02 302:11.6
  345   4485 -6.345683815006069e-02 4.1e+01 1.83e-02  1e-02  4e-02 305:44.4
  349   4537 -6.347169189281406e-02 4.2e+01 1.91e-02  1e-02  4e-02 309:18.9
  353   4589 -6.349170162037328e-02 4.5e+01 2.08e-02  1e-02  5e-02 312:50.7
  357   4641 -6.349956411940720e-02 4.8e+01 2.10e-02  1e-02  5e-02 316:23.5
  361   4693 -6.351050056562003e-02 4.9e+01 2.04e-02  1e-02  5e-02 319:53.4
  365   4745 -6.353540618493990e-02 5.0e+01 2.04e-02  1e-02  5e-02 323:24.1
  369   4797 -6.353961194341430e-02 5.1e+01 1.79e-02  1e-02  5e-02 326:56.8
  373   4849 -6.353833301840983e-02 5.1e+01 1.63e-02  9e-03  4e-02 330:29.8
  377   4901 -6.357824109465904e-02 5.0e+01 1.47e-02  8e-03  4e-02 333:57.3
  381   4953 -6.358102667706475e-02 5.1e+01 1.42e-02  8e-03  4e-02 337:28.5
  385   5005 -6.358906076390371e-02 5.2e+01 1.38e-02  7e-03  4e-02 341:01.5
  389   5057 -6.362679331051521e-02 5.2e+01 1.46e-02  8e-03  4e-02 344:31.1
  393   5109 -6.363678546082330e-02 5.4e+01 1.43e-02  8e-03  4e-02 348:01.0
  397   5161 -6.365477860656982e-02 5.4e+01 1.33e-02  7e-03  4e-02 351:34.0
  400   5200 -6.366239959513599e-02 5.6e+01 1.37e-02  7e-03  4e-02 354:13.0
  404   5252 -6.370282081158753e-02 5.7e+01 1.66e-02  9e-03  5e-02 357:44.4
  408   5304 -6.373635384461890e-02 5.9e+01 1.93e-02  1e-02  6e-02 361:16.9
  412   5356 -6.377374707948531e-02 5.9e+01 2.26e-02  1e-02  7e-02 364:46.9
  416   5408 -6.382614887920157e-02 6.0e+01 2.55e-02  1e-02  8e-02 368:20.6
  420   5460 -6.380120828362408e-02 6.3e+01 2.67e-02  1e-02  9e-02 371:54.0
  424   5512 -6.389285273452404e-02 6.5e+01 2.92e-02  2e-02  1e-01 375:26.4
  428   5564 -6.391904278215436e-02 6.7e+01 2.93e-02  2e-02  1e-01 378:58.1
  432   5616 -6.395815564097823e-02 6.9e+01 2.52e-02  1e-02  9e-02 382:32.6
  436   5668 -6.394455919867588e-02 7.1e+01 2.52e-02  1e-02  9e-02 386:02.5
  440   5720 -6.399801946031898e-02 7.2e+01 2.65e-02  1e-02  9e-02 389:31.5
  444   5772 -6.403296921570233e-02 7.1e+01 2.55e-02  1e-02  9e-02 393:06.3
  448   5824 -6.405842059424911e-02 7.3e+01 2.55e-02  1e-02  9e-02 396:37.8
  452   5876 -6.409429190702870e-02 7.5e+01 2.65e-02  1e-02  9e-02 400:07.1
  456   5928 -6.409342881170434e-02 7.6e+01 3.02e-02  2e-02  1e-01 403:39.6
  460   5980 -6.407543548079518e-02 7.9e+01 3.22e-02  2e-02  1e-01 407:11.5
  464   6032 -6.406643069011367e-02 8.0e+01 2.83e-02  1e-02  1e-01 410:41.7
  468   6084 -6.410402695816832e-02 7.8e+01 2.51e-02  1e-02  9e-02 414:14.9
  472   6136 -6.409609545060461e-02 7.9e+01 2.36e-02  1e-02  9e-02 417:45.9
  476   6188 -6.412512008411048e-02 8.0e+01 2.26e-02  1e-02  8e-02 421:18.2
  480   6240 -6.413128548477261e-02 8.1e+01 2.11e-02  1e-02  8e-02 424:52.6
  484   6292 -6.411726569291769e-02 8.0e+01 2.01e-02  1e-02  7e-02 428:25.3
  488   6344 -6.413753003622204e-02 7.8e+01 1.81e-02  9e-03  6e-02 431:52.4
  492   6396 -6.413685165343201e-02 7.7e+01 1.66e-02  8e-03  6e-02 435:26.8
  496   6448 -6.413236665044494e-02 7.8e+01 1.56e-02  7e-03  5e-02 439:01.2
  500   6500 -6.415065956163778e-02 7.7e+01 1.56e-02  7e-03  5e-02 442:31.8
  504   6552 -6.415479538363192e-02 7.7e+01 1.57e-02  7e-03  5e-02 446:06.4
  508   6604 -6.416398657222483e-02 7.8e+01 1.55e-02  7e-03  5e-02 449:37.8
  512   6656 -6.416356001357244e-02 7.8e+01 1.50e-02  7e-03  5e-02 453:09.6
  516   6708 -6.417595729399046e-02 7.9e+01 1.48e-02  7e-03  5e-02 456:45.1
  520   6760 -6.417909944690450e-02 7.9e+01 1.44e-02  6e-03  5e-02 460:19.4
  525   6825 -6.418492216844897e-02 7.8e+01 1.25e-02  6e-03  4e-02 464:44.7
  529   6877 -6.419282945595316e-02 7.8e+01 1.38e-02  6e-03  4e-02 468:16.8
  534   6942 -6.419987943482576e-02 8.0e+01 1.44e-02  6e-03  5e-02 472:43.6
  539   7007 -6.421038097332676e-02 8.0e+01 1.69e-02  7e-03  5e-02 477:10.5
  544   7072 -6.423196280831367e-02 8.1e+01 1.76e-02  8e-03  5e-02 481:39.0
  549   7137 -6.422023393892674e-02 8.2e+01 1.74e-02  8e-03  5e-02 486:06.9
  554   7202 -6.424088561541279e-02 8.2e+01 1.62e-02  7e-03  5e-02 490:33.8
  559   7267 -6.425623278438886e-02 8.2e+01 1.54e-02  6e-03  4e-02 494:59.9
  564   7332 -6.425775500913471e-02 8.0e+01 1.65e-02  7e-03  5e-02 499:27.2
  569   7397 -6.427167232419284e-02 8.1e+01 1.60e-02  7e-03  4e-02 503:54.9
  574   7462 -6.428322715049135e-02 8.0e+01 1.71e-02  7e-03  5e-02 508:22.7
  579   7527 -6.428583648361043e-02 8.0e+01 1.82e-02  8e-03  5e-02 512:50.6
  584   7592 -6.430342899716213e-02 8.2e+01 2.00e-02  8e-03  5e-02 517:17.5
  589   7657 -6.431451057227930e-02 8.2e+01 1.96e-02  8e-03  5e-02 521:43.7
  594   7722 -6.433150315424738e-02 8.3e+01 1.89e-02  8e-03  5e-02 526:12.1
  599   7787 -6.433199390209984e-02 8.3e+01 1.84e-02  8e-03  5e-02 530:41.2
  600   7800 -6.433070899050014e-02 8.3e+01 1.78e-02  7e-03  5e-02 531:33.9
  605   7865 -6.434265231678510e-02 8.0e+01 1.76e-02  7e-03  4e-02 536:02.5
  610   7930 -6.434329835842316e-02 8.1e+01 1.87e-02  8e-03  5e-02 540:30.2
  615   7995 -6.435015746393129e-02 8.1e+01 1.81e-02  7e-03  4e-02 544:58.5
  620   8060 -6.435660897979957e-02 8.1e+01 1.62e-02  7e-03  4e-02 549:27.1
  625   8125 -6.436737999023263e-02 8.0e+01 1.59e-02  6e-03  4e-02 553:55.2
  630   8190 -6.436568954976057e-02 8.2e+01 1.77e-02  7e-03  4e-02 558:22.9
  635   8255 -6.437097383022410e-02 8.2e+01 1.57e-02  6e-03  4e-02 562:51.0
  640   8320 -6.436623606706775e-02 8.4e+01 1.51e-02  6e-03  3e-02 567:19.6
  645   8385 -6.437647600519740e-02 8.3e+01 1.29e-02  5e-03  3e-02 571:47.7
  650   8450 -6.437756457842629e-02 8.3e+01 1.06e-02  4e-03  2e-02 576:15.6
  655   8515 -6.437961872122090e-02 8.3e+01 9.02e-03  3e-03  2e-02 580:43.3
  660   8580 -6.438348425702753e-02 8.4e+01 8.57e-03  3e-03  2e-02 585:12.7
  665   8645 -6.438669822102272e-02 8.7e+01 8.70e-03  3e-03  2e-02 589:39.8
  670   8710 -6.439027572558806e-02 8.9e+01 9.43e-03  3e-03  2e-02 594:05.4
  675   8775 -6.439562648139326e-02 8.9e+01 1.03e-02  4e-03  2e-02 598:29.5
  680   8840 -6.440187154927930e-02 8.9e+01 1.21e-02  4e-03  3e-02 602:54.6
  685   8905 -6.440381010088662e-02 8.9e+01 1.29e-02  4e-03  3e-02 607:21.4
  690   8970 -6.440647844957928e-02 9.2e+01 1.14e-02  4e-03  2e-02 611:46.6
  695   9035 -6.441053415504214e-02 9.3e+01 1.12e-02  4e-03  2e-02 616:08.0
  700   9100 -6.441082986546866e-02 9.4e+01 1.11e-02  4e-03  2e-02 620:31.6
  705   9165 -6.441664219248765e-02 9.2e+01 1.19e-02  4e-03  2e-02 624:55.1
  710   9230 -6.442009294568128e-02 9.7e+01 1.30e-02  4e-03  3e-02 629:18.5
  715   9295 -6.442715042775296e-02 1.0e+02 1.48e-02  5e-03  3e-02 633:42.0
  720   9360 -6.442787868257417e-02 1.1e+02 1.51e-02  5e-03  3e-02 638:05.5
  725   9425 -6.443464844995968e-02 1.1e+02 1.46e-02  5e-03  3e-02 642:22.1
  730   9490 -6.443761073870852e-02 1.2e+02 1.51e-02  5e-03  3e-02 646:48.7
  735   9555 -6.444282099309011e-02 1.3e+02 1.54e-02  5e-03  4e-02 651:14.4
  740   9620 -6.444228325102926e-02 1.4e+02 1.71e-02  5e-03  4e-02 655:40.4
  745   9685 -6.445077414175807e-02 1.4e+02 1.79e-02  6e-03  5e-02 660:07.9
  750   9750 -6.445826220998645e-02 1.5e+02 1.98e-02  6e-03  5e-02 664:36.9
  755   9815 -6.445241723236643e-02 1.5e+02 1.83e-02  6e-03  5e-02 669:06.2
  760   9880 -6.446346809678269e-02 1.5e+02 1.72e-02  5e-03  5e-02 673:36.2
  765   9945 -6.446586181472476e-02 1.6e+02 1.65e-02  5e-03  5e-02 678:07.9
  770  10010 -6.446207785911479e-02 1.6e+02 1.44e-02  4e-03  4e-02 682:38.0
  775  10075 -6.446633692692742e-02 1.7e+02 1.18e-02  4e-03  3e-02 687:07.7
  780  10140 -6.446769946980560e-02 1.7e+02 1.08e-02  3e-03  3e-02 691:37.3
  785  10205 -6.447075633066437e-02 1.7e+02 1.08e-02  3e-03  3e-02 696:07.8
  790  10270 -6.447164366759923e-02 1.6e+02 1.08e-02  3e-03  3e-02 700:37.9
  795  10335 -6.447387825901754e-02 1.6e+02 1.06e-02  3e-03  3e-02 705:04.9
  800  10400 -6.447918273524103e-02 1.6e+02 1.21e-02  4e-03  3e-02 709:34.9
  805  10465 -6.447930193818027e-02 1.5e+02 1.23e-02  4e-03  3e-02 714:05.0
  810  10530 -6.448171547567957e-02 1.5e+02 1.18e-02  3e-03  3e-02 718:36.0
  816  10608 -6.448591176997930e-02 1.6e+02 1.16e-02  3e-03  3e-02 723:57.7
  822  10686 -6.448849118991888e-02 1.6e+02 1.19e-02  3e-03  3e-02 729:17.9
  828  10764 -6.449169914246705e-02 1.6e+02 1.21e-02  3e-03  3e-02 734:38.2
  834  10842 -6.449692597756934e-02 1.7e+02 1.46e-02  4e-03  4e-02 740:00.1
  840  10920 -6.450416499813433e-02 1.7e+02 1.60e-02  4e-03  4e-02 745:25.7
  846  10998 -6.451825085613251e-02 1.8e+02 2.05e-02  5e-03  5e-02 750:49.1
  852  11076 -6.451573640428007e-02 1.8e+02 2.77e-02  7e-03  7e-02 756:13.0
  858  11154 -6.453471019900468e-02 1.8e+02 3.00e-02  8e-03  7e-02 761:35.1
  864  11232 -6.454993384228576e-02 1.8e+02 2.78e-02  7e-03  6e-02 767:00.4
  870  11310 -6.454815084790611e-02 1.9e+02 3.07e-02  8e-03  7e-02 772:24.7
  876  11388 -6.455218403139359e-02 1.9e+02 2.80e-02  7e-03  6e-02 777:49.0
  882  11466 -6.455394367105900e-02 1.9e+02 2.67e-02  7e-03  6e-02 783:11.6
  888  11544 -6.456114280453122e-02 1.9e+02 2.70e-02  7e-03  6e-02 788:28.6
  894  11622 -6.458579976011439e-02 1.9e+02 2.67e-02  7e-03  6e-02 793:48.3
  900  11700 -6.459607181877108e-02 1.9e+02 2.79e-02  7e-03  6e-02 799:05.5
  906  11778 -6.459186389038094e-02 2.0e+02 2.85e-02  8e-03  6e-02 804:24.7
  912  11856 -6.461363931943807e-02 2.0e+02 2.41e-02  6e-03  5e-02 809:43.5
  918  11934 -6.462772239379623e-02 2.0e+02 2.72e-02  7e-03  6e-02 815:04.7
  924  12012 -6.465237198255554e-02 1.9e+02 3.26e-02  9e-03  7e-02 820:24.5
  930  12090 -6.464357928649084e-02 1.9e+02 2.97e-02  8e-03  7e-02 825:44.3
  936  12168 -6.466738751917596e-02 2.0e+02 2.72e-02  7e-03  6e-02 831:01.2
  942  12246 -6.465808475621491e-02 2.0e+02 2.66e-02  7e-03  7e-02 836:20.8
  948  12324 -6.467286716809242e-02 2.0e+02 2.49e-02  6e-03  6e-02 841:39.8
  954  12402 -6.468312565545893e-02 2.0e+02 2.45e-02  6e-03  6e-02 847:01.4
  960  12480 -6.470069323118470e-02 1.9e+02 2.37e-02  6e-03  6e-02 852:19.7
  966  12558 -6.470093270765093e-02 1.8e+02 2.18e-02  5e-03  5e-02 857:38.4
  972  12636 -6.470703963715997e-02 1.9e+02 2.21e-02  5e-03  5e-02 862:57.7
  978  12714 -6.471280620634978e-02 1.9e+02 2.27e-02  5e-03  5e-02 868:14.3
  984  12792 -6.471233701471575e-02 1.9e+02 2.24e-02  5e-03  5e-02 873:32.9
  990  12870 -6.472495630779512e-02 1.9e+02 2.03e-02  5e-03  5e-02 878:52.1
  996  12948 -6.473013091916095e-02 1.9e+02 2.15e-02  5e-03  5e-02 884:13.6
 1000  13000 -6.472733755165239e-02 1.9e+02 2.17e-02  5e-03  5e-02 887:45.6
Iterat #Fevals   function value  axis ratio  sigma  min&max std  t[m:s]
 1006  13078 -6.473679925355787e-02 1.9e+02 1.81e-02  4e-03  4e-02 893:03.5
 1012  13156 -6.473554881087719e-02 1.9e+02 1.62e-02  4e-03  4e-02 898:20.0
 1018  13234 -6.473799149411733e-02 1.9e+02 1.42e-02  3e-03  3e-02 903:37.3
 1024  13312 -6.473971426273038e-02 1.8e+02 1.36e-02  3e-03  3e-02 908:55.2
 1030  13390 -6.474466219902872e-02 1.8e+02 1.24e-02  3e-03  3e-02 914:15.5
 1036  13468 -6.474543736122612e-02 1.8e+02 1.43e-02  3e-03  3e-02 919:32.4
 1042  13546 -6.474910218623245e-02 1.9e+02 1.34e-02  3e-03  3e-02 924:55.3
 1048  13624 -6.475287922810229e-02 1.9e+02 1.43e-02  3e-03  3e-02 930:17.2
 1054  13702 -6.475393714900390e-02 1.8e+02 1.45e-02  3e-03  3e-02 935:36.9
 1060  13780 -6.475457614269195e-02 1.8e+02 1.32e-02  3e-03  3e-02 940:55.1
 1066  13858 -6.475911567897848e-02 1.8e+02 1.24e-02  3e-03  3e-02 946:14.6
 1072  13936 -6.476122721365241e-02 1.8e+02 1.28e-02  3e-03  3e-02 951:37.5
 1078  14014 -6.476387747567869e-02 1.8e+02 1.22e-02  3e-03  3e-02 956:56.8
 1084  14092 -6.476710980663786e-02 1.8e+02 1.14e-02  2e-03  2e-02 962:14.6
 1091  14183 -6.476959824723835e-02 1.8e+02 1.37e-02  3e-03  3e-02 968:23.7
 1098  14274 -6.477013692720479e-02 1.8e+02 1.39e-02  3e-03  3e-02 974:33.2
 1100  14300 -6.477272536795252e-02 1.8e+02 1.41e-02  3e-03  3e-02 976:17.4
 1106  14378 -6.477521066230794e-02 1.8e+02 1.37e-02  3e-03  3e-02 981:36.5
 1113  14469 -6.477658010271088e-02 1.8e+02 1.37e-02  3e-03  3e-02 987:43.2
 1120  14560 -6.478138363933950e-02 1.8e+02 1.41e-02  3e-03  3e-02 993:50.0
 1127  14651 -6.478227343357457e-02 1.8e+02 1.28e-02  3e-03  2e-02 1000:02.4
 1134  14742 -6.478442989518800e-02 1.9e+02 1.16e-02  2e-03  2e-02 1006:12.4
 1141  14833 -6.478700081345393e-02 1.9e+02 1.16e-02  2e-03  2e-02 1012:23.0
 1148  14924 -6.479058885810648e-02 2.0e+02 1.32e-02  3e-03  3e-02 1018:31.2
 1155  15015 -6.479125221171721e-02 2.1e+02 1.44e-02  3e-03  3e-02 1024:38.1
 1162  15106 -6.479296165775789e-02 2.1e+02 1.20e-02  2e-03  2e-02 1030:49.3
 1169  15197 -6.479576333899420e-02 2.1e+02 1.03e-02  2e-03  2e-02 1036:59.1
 1176  15288 -6.479692341479057e-02 2.2e+02 1.14e-02  2e-03  2e-02 1043:10.9
 1183  15379 -6.479811151664663e-02 2.2e+02 1.20e-02  2e-03  2e-02 1049:19.1
 1190  15470 -6.479978014031244e-02 2.3e+02 1.12e-02  2e-03  2e-02 1055:29.6
 1197  15561 -6.479988752287312e-02 2.3e+02 1.00e-02  2e-03  2e-02 1061:40.6
 1200  15600 -6.480066242670586e-02 2.3e+02 1.03e-02  2e-03  2e-02 1064:20.7
 1207  15691 -6.480185920009164e-02 2.4e+02 1.02e-02  2e-03  2e-02 1070:29.0
 1214  15782 -6.480341588888007e-02 2.4e+02 8.69e-03  1e-03  2e-02 1076:39.5
 1221  15873 -6.480457937503538e-02 2.4e+02 9.46e-03  2e-03  2e-02 1082:48.6
 1228  15964 -6.480681089956175e-02 2.4e+02 1.20e-02  2e-03  2e-02 1088:59.3
 1235  16055 -6.480794801478487e-02 2.4e+02 1.25e-02  2e-03  2e-02 1095:12.0
 1242  16146 -6.481032324192094e-02 2.5e+02 1.24e-02  2e-03  2e-02 1101:19.1
 1249  16237 -6.481222341290500e-02 2.5e+02 1.44e-02  3e-03  3e-02 1107:32.8
 1256  16328 -6.481380615827625e-02 2.6e+02 1.37e-02  2e-03  3e-02 1113:43.3
 1263  16419 -6.481499872229136e-02 2.7e+02 1.27e-02  2e-03  3e-02 1119:58.7
 1270  16510 -6.481611438790744e-02 2.7e+02 1.45e-02  3e-03  3e-02 1126:08.6
 1277  16601 -6.481870186313361e-02 2.9e+02 1.54e-02  3e-03  4e-02 1132:24.2
 1284  16692 -6.482046367990915e-02 3.0e+02 1.70e-02  3e-03  4e-02 1138:35.5
 1291  16783 -6.482141969321541e-02 3.3e+02 1.69e-02  3e-03  4e-02 1144:50.3
 1298  16874 -6.482283577418819e-02 3.3e+02 1.58e-02  3e-03  4e-02 1151:02.2
 1300  16900 -6.482381129440461e-02 3.4e+02 1.43e-02  2e-03  4e-02 1152:50.6
 1307  16991 -6.482360294344414e-02 3.3e+02 1.19e-02  2e-03  3e-02 1158:59.5
 1314  17082 -6.482497462095486e-02 3.3e+02 1.01e-02  2e-03  3e-02 1165:06.3
 1321  17173 -6.482593161380544e-02 3.5e+02 9.56e-03  2e-03  3e-02 1171:16.6
 1328  17264 -6.482685801434300e-02 3.5e+02 1.11e-02  2e-03  3e-02 1177:25.6
 1335  17355 -6.482776189677905e-02 3.5e+02 1.12e-02  2e-03  3e-02 1183:33.9
 1342  17446 -6.482933244742230e-02 3.6e+02 1.32e-02  2e-03  4e-02 1189:40.4
 1349  17537 -6.483137397491637e-02 3.8e+02 1.57e-02  3e-03  5e-02 1195:49.9
 1356  17628 -6.483193160700379e-02 4.0e+02 1.72e-02  3e-03  5e-02 1201:55.7
 1363  17719 -6.483297463775854e-02 4.1e+02 1.65e-02  3e-03  5e-02 1208:01.0
 1370  17810 -6.483538429074966e-02 4.0e+02 1.58e-02  2e-03  5e-02 1214:03.2
 1377  17901 -6.483562425382453e-02 4.0e+02 1.31e-02  2e-03  4e-02 1220:08.3
 1384  17992 -6.483587889796120e-02 4.0e+02 9.90e-03  1e-03  3e-02 1226:08.9
 1391  18083 -6.483823731380536e-02 3.9e+02 1.24e-02  2e-03  4e-02 1232:12.1
 1398  18174 -6.483959002177919e-02 4.2e+02 1.57e-02  2e-03  5e-02 1238:16.1
 1400  18200 -6.483902591783662e-02 4.3e+02 1.58e-02  2e-03  6e-02 1239:59.2
 1407  18291 -6.484157832894137e-02 4.3e+02 1.45e-02  2e-03  5e-02 1246:04.2
 1415  18395 -6.484546119119679e-02 4.5e+02 1.41e-02  2e-03  5e-02 1252:55.6
 1423  18499 -6.484832417009982e-02 4.7e+02 1.48e-02  2e-03  6e-02 1259:50.5
 1431  18603 -6.484956553538183e-02 4.6e+02 1.46e-02  2e-03  6e-02 1266:48.6
 1438  18694 -6.485672039939126e-02 4.9e+02 1.81e-02  2e-03  7e-02 1273:53.7
 1445  18785 -6.486453310399785e-02 5.1e+02 2.51e-02  3e-03  1e-01 1281:00.7
 1452  18876 -6.486955709679645e-02 5.4e+02 2.66e-02  3e-03  1e-01 1288:05.5
 1459  18967 -6.487605081445671e-02 5.3e+02 2.34e-02  3e-03  1e-01 1295:16.4
 1466  19058 -6.488453769674399e-02 5.5e+02 2.25e-02  3e-03  9e-02 1302:26.2
 1473  19149 -6.489263698925825e-02 5.4e+02 2.62e-02  3e-03  1e-01 1309:36.1
 1480  19240 -6.489248863166931e-02 5.3e+02 2.61e-02  3e-03  1e-01 1316:48.6
 1487  19331 -6.489949980622822e-02 5.4e+02 2.29e-02  3e-03  9e-02 1323:55.4
 1494  19422 -6.490815468280016e-02 5.3e+02 2.13e-02  2e-03  8e-02 1331:01.5
 1500  19500 -6.491007779384560e-02 5.2e+02 2.26e-02  2e-03  9e-02 1337:08.4
 1507  19591 -6.491812014235381e-02 5.2e+02 2.40e-02  3e-03  9e-02 1344:18.0
 1514  19682 -6.491682400699174e-02 5.1e+02 2.79e-02  3e-03  1e-01 1351:23.9
 1521  19773 -6.492080748477820e-02 5.1e+02 2.35e-02  3e-03  9e-02 1358:32.0
 1528  19864 -6.492620221237481e-02 5.0e+02 2.27e-02  2e-03  8e-02 1365:40.8
 1535  19955 -6.492711684159461e-02 4.8e+02 2.04e-02  2e-03  7e-02 1372:48.2
 1542  20046 -6.493172925968126e-02 4.7e+02 1.69e-02  2e-03  6e-02 1379:45.9
 1549  20137 -6.493492261916782e-02 4.7e+02 1.60e-02  2e-03  5e-02 1386:42.8
 1556  20228 -6.493668932022588e-02 4.3e+02 1.51e-02  2e-03  5e-02 1393:43.9
 1563  20319 -6.493985601714269e-02 4.2e+02 1.50e-02  2e-03  5e-02 1400:42.9
 1570  20410 -6.494216828939674e-02 4.0e+02 1.65e-02  2e-03  5e-02 1407:47.3
 1577  20501 -6.494519393117316e-02 3.8e+02 1.69e-02  2e-03  5e-02 1414:51.3
 1584  20592 -6.494728273780168e-02 3.9e+02 1.82e-02  2e-03  6e-02 1421:55.1
 1591  20683 -6.494838735482548e-02 3.8e+02 1.92e-02  2e-03  6e-02 1428:53.6
 1598  20774 -6.495058024215532e-02 3.8e+02 1.68e-02  2e-03  5e-02 1435:53.4
 1600  20800 -6.495061122592408e-02 3.8e+02 1.60e-02  1e-03  5e-02 1437:57.2
