Running job array 91 on csl45.int.triton.aalto.fi
Starting at Sat Mar 22 10:19:32 EET 2025
Activating virtual environment at /scratch/work/uotilav2/quantum-portfolio/venv
Processing batch 92/100: experiments 91 to 91 (total 1)
Processing experiment 91
Budget: 1700
YF.download() has changed argument auto_adjust default to True
Number of qubits for asset MSFT: 3
Number of qubits for asset TRV: 3
Total number of qubits:  6
Optimized Weights (considering variance, skewness and kurtosis):
MSFT: 100.00%
TRV: 0.00%
Left over budget:  17.37389862862483
Optimized Discrete Allocation:
MSFT: 4
Maximized utility from continuous higher moments:  -7.231981866507494
Budget constraint satisfied 1682.6260986328125 1700 Difference:  17.3739013671875
Budget constraint satisfied 1679.3594512939453 1700 Difference:  20.640548706054688
smallest_eigenvalues: [-0.35119244251781095]
smallest_bitstrings: ['001000']
first_excited_energy: -0.3511735243334056
optimized_portfolio: [{'MSFT': 4, 'TRV': 0}]
second_optimized_portfolio: [{'MSFT': 0, 'TRV': 7}]
result_with_budget: [{'portfolio': {'MSFT': 4, 'TRV': 0}, 'budget': 1682.6260986328125, 'difference': 17.3739013671875, 'objective_value': -7.231981866507494}]
result_with_budget_excited: [{'portfolio': {'MSFT': 0, 'TRV': 7}, 'budget': 1679.3594512939453, 'difference': 20.640548706054688, 'objective_value': -248.43813498923703}]
Initial params:  [2.9078476  0.22316636 0.27372477 0.06351797 2.61575239 2.44465153
 2.73322377 3.07442019 2.51063067 1.44978017 2.45210473 0.37157007]
(5_w,11)-aCMA-ES (mu_w=3.4,w_1=42%) in dimension 12 (seed=828035, Sat Mar 22 10:19:33 2025)
Iterat #Fevals   function value  axis ratio  sigma  min&max std  t[m:s]
    1     11 -1.730224684962981e-01 1.0e+00 8.81e-02  9e-02  9e-02 0:01.8
    2     22 -1.932019888562167e-01 1.2e+00 8.49e-02  8e-02  9e-02 0:03.5
    3     33 -2.242158660270818e-01 1.2e+00 8.94e-02  9e-02  9e-02 0:05.3
    5     55 -2.742949710277690e-01 1.5e+00 1.00e-01  9e-02  1e-01 0:08.8
    8     88 -2.792891844185889e-01 1.7e+00 1.06e-01  1e-01  1e-01 0:13.7
   11    121 -2.945870246814639e-01 1.9e+00 1.11e-01  1e-01  1e-01 0:19.0
   15    165 -2.943005803367635e-01 2.0e+00 1.01e-01  9e-02  1e-01 0:26.2
   20    220 -3.056178871074994e-01 2.2e+00 7.15e-02  6e-02  8e-02 0:34.6
   25    275 -3.042096078549046e-01 2.4e+00 5.94e-02  5e-02  6e-02 0:43.3
   31    341 -3.053707941367944e-01 2.7e+00 4.87e-02  4e-02  5e-02 0:53.6
   37    407 -3.062693104480273e-01 3.3e+00 5.11e-02  4e-02  6e-02 1:04.2
   44    484 -3.069008035696363e-01 3.9e+00 7.44e-02  5e-02  8e-02 1:16.4
   52    572 -3.135553416365654e-01 5.7e+00 7.01e-02  4e-02  8e-02 1:30.1
   60    660 -3.145873786027927e-01 6.6e+00 4.50e-02  3e-02  5e-02 1:44.3
   69    759 -3.171579533286311e-01 7.7e+00 7.15e-02  3e-02  8e-02 1:59.5
   78    858 -3.177129885068109e-01 8.8e+00 1.01e-01  5e-02  1e-01 2:15.4
   88    968 -3.204758171674363e-01 1.1e+01 1.07e-01  4e-02  1e-01 2:32.7
   98   1078 -3.210821530780941e-01 1.3e+01 7.29e-02  3e-02  1e-01 2:50.0
  100   1100 -3.210526270686487e-01 1.3e+01 6.64e-02  2e-02  9e-02 2:53.5
  111   1221 -3.228741944141976e-01 1.6e+01 7.47e-02  2e-02  1e-01 3:12.6
  123   1353 -3.228949115220779e-01 2.0e+01 6.87e-02  2e-02  1e-01 3:33.5
  136   1496 -3.240208661419287e-01 2.4e+01 5.99e-02  1e-02  9e-02 3:55.7
  149   1639 -3.245212556302809e-01 2.5e+01 4.27e-02  9e-03  6e-02 4:18.3
  163   1793 -3.249889322119190e-01 2.9e+01 4.73e-02  9e-03  8e-02 4:42.5
  177   1947 -3.259375642976868e-01 4.7e+01 6.40e-02  1e-02  2e-01 5:06.9
  192   2112 -3.287256810251963e-01 7.1e+01 1.01e-01  1e-02  3e-01 5:32.9
  200   2200 -3.288555771885737e-01 9.3e+01 1.12e-01  1e-02  4e-01 5:46.6
  216   2376 -3.306392882371507e-01 9.9e+01 7.71e-02  8e-03  3e-01 6:14.3
  233   2563 -3.311183623129311e-01 8.4e+01 3.25e-02  3e-03  1e-01 6:43.8
  250   2750 -3.313000221948609e-01 8.8e+01 3.68e-02  3e-03  1e-01 7:13.1
  268   2948 -3.314479069838509e-01 9.3e+01 4.50e-02  3e-03  1e-01 7:44.0
  286   3146 -3.315763875702465e-01 1.0e+02 4.27e-02  2e-03  1e-01 8:15.4
  300   3300 -3.317404534571663e-01 9.8e+01 5.58e-02  3e-03  1e-01 8:39.7
  320   3520 -3.320742638670603e-01 9.7e+01 5.73e-02  3e-03  1e-01 9:14.4
  340   3740 -3.323246952527280e-01 1.2e+02 6.00e-02  2e-03  1e-01 9:48.8
  361   3971 -3.324323221911265e-01 1.1e+02 3.51e-02  1e-03  7e-02 10:25.1
  382   4202 -3.324742260812477e-01 1.3e+02 2.69e-02  8e-04  5e-02 11:01.7
  400   4400 -3.324781418010358e-01 1.3e+02 1.25e-02  3e-04  2e-02 11:32.8
  422   4642 -3.324826708262302e-01 1.2e+02 1.53e-02  4e-04  2e-02 12:11.0
  445   4895 -3.324913326310471e-01 1.2e+02 3.13e-02  6e-04  4e-02 12:51.0
  468   5148 -3.324996465296760e-01 1.1e+02 2.21e-02  4e-04  3e-02 13:31.1
  492   5412 -3.325088335672493e-01 1.1e+02 3.33e-02  5e-04  4e-02 14:12.8
  500   5500 -3.325105860589520e-01 1.2e+02 2.24e-02  3e-04  3e-02 14:26.8
  525   5775 -3.325173213217545e-01 1.5e+02 2.93e-02  4e-04  4e-02 15:09.9
  551   6061 -3.325234569549163e-01 1.8e+02 2.90e-02  3e-04  4e-02 15:54.5
  578   6358 -3.325572795804995e-01 2.5e+02 5.72e-02  6e-04  9e-02 16:41.2
  600   6600 -3.325889341132259e-01 2.2e+02 6.87e-02  7e-04  1e-01 17:19.1
  628   6908 -3.326215064356578e-01 1.8e+02 6.11e-02  6e-04  7e-02 18:06.4
  657   7227 -3.326260486463921e-01 1.6e+02 1.82e-02  1e-04  1e-02 18:54.6
  687   7557 -3.326266105393100e-01 1.9e+02 7.93e-03  5e-05  6e-03 19:44.4
  700   7700 -3.326266380411276e-01 2.0e+02 2.97e-03  2e-05  2e-03 20:06.0
  731   8041 -3.326266408827386e-01 1.8e+02 6.96e-04  3e-06  3e-04 20:57.3
  764   8404 -3.326266410479050e-01 2.2e+02 1.09e-04  4e-07  5e-05 21:50.1
  793   8723 -3.326266410497258e-01 2.2e+02 1.60e-05  5e-08  6e-06 22:36.3
Budget constraint not satisfied 1741.7865600585938 1700 Difference:  -41.78656005859375
Budget constraint satisfied 1682.6260986328125 1700 Difference:  17.3739013671875
two_most_probable_states: ['110010', '001000']
final_expectation_value: -0.33262664104972584
params: [2.6301415953796257, 3.0158200895535736, -6.343917482260857, 1.159179687474327, 9.7245639143651, 8.170203860918031, 2.1101801781223846, 2.9987911356664747, 2.610733823390867, 0.9560274121829835, 3.0234189520246724, -0.07793322448109402]
total_steps: 793
states_probs: [0.054424541612703166, 0.06249151189827044]
optimized_portfolios: [{'MSFT': 3, 'TRV': 2}, {'MSFT': 4, 'TRV': 0}]
objective_values: [-17.670245278381596, -7.231981866507494]
result_with_budget: [{'portfolio': {'MSFT': 3, 'TRV': 2}, 'budget': 1741.7865600585938, 'difference': -41.78656005859375}, {'portfolio': {'MSFT': 4, 'TRV': 0}, 'budget': 1682.6260986328125, 'difference': 17.3739013671875}]
Batch 92/100 completed. Results saved to portfolio_optimization_results_batch_91.json
Job finished at Sat Mar 22 10:42:37 EET 2025
