Running job array 84 on csl45.int.triton.aalto.fi
Starting at Sat Mar 22 10:19:30 EET 2025
Activating virtual environment at /scratch/work/uotilav2/quantum-portfolio/venv
Processing batch 85/100: experiments 84 to 84 (total 1)
Processing experiment 84
Budget: 4467
YF.download() has changed argument auto_adjust default to True
Number of qubits for asset GS: 3
Number of qubits for asset MCD: 4
Total number of qubits:  7
Optimized Weights (considering variance, skewness and kurtosis):
GS: 75.18%
MCD: 24.82%
Left over budget:  183.55499200718896
Optimized Discrete Allocation:
GS: 6
MCD: 3
Maximized utility from continuous higher moments:  -239.0210200313755
Budget constraint not satisfied 4565.013671875 4467 Difference:  -98.013671875
Budget constraint not satisfied 4571.6708984375 4467 Difference:  -104.6708984375
smallest_eigenvalues: [-0.6085292850284508]
smallest_bitstrings: ['1110100']
first_excited_energy: -0.6084875901363435
optimized_portfolio: [{'GS': 7, 'MCD': 2}]
second_optimized_portfolio: [{'GS': 6, 'MCD': 4}]
result_with_budget: [{'portfolio': {'GS': 7, 'MCD': 2}, 'budget': 4565.013671875, 'difference': -98.013671875, 'objective_value': -224.21987039227477}]
result_with_budget_excited: [{'portfolio': {'GS': 6, 'MCD': 4}, 'budget': 4571.6708984375, 'difference': -104.6708984375, 'objective_value': -395.72800198183637}]
Initial params:  [0.27372477 0.06351797 2.61575239 2.44465153 2.73322377 3.07442019
 2.51063067 1.44978017 2.45210473 0.37157007 2.01037118 0.45035763
 2.96776493 1.63943485]
(5_w,11)-aCMA-ES (mu_w=3.4,w_1=42%) in dimension 14 (seed=655518, Sat Mar 22 10:19:33 2025)
Iterat #Fevals   function value  axis ratio  sigma  min&max std  t[m:s]
    1     11 -5.024903813451466e-01 1.0e+00 9.72e-02  1e-01  1e-01 0:03.5
    2     22 -5.054853310592295e-01 1.2e+00 9.43e-02  9e-02  1e-01 0:07.1
    3     33 -5.467696782693132e-01 1.2e+00 9.64e-02  9e-02  1e-01 0:10.6
    4     44 -5.583259084219361e-01 1.3e+00 1.01e-01  1e-01  1e-01 0:14.2
    6     66 -5.619861479343455e-01 1.4e+00 1.07e-01  1e-01  1e-01 0:21.3
    8     88 -5.631813038179673e-01 1.5e+00 1.01e-01  9e-02  1e-01 0:28.5
   10    110 -5.598585345328875e-01 1.5e+00 9.82e-02  9e-02  1e-01 0:35.6
   12    132 -5.630071428433872e-01 1.5e+00 9.06e-02  8e-02  1e-01 0:42.7
   15    165 -5.646186052069777e-01 1.6e+00 8.28e-02  7e-02  9e-02 0:53.5
   18    198 -5.670482582933687e-01 1.8e+00 8.70e-02  7e-02  9e-02 1:04.2
   21    231 -5.670024605790442e-01 2.0e+00 8.59e-02  7e-02  9e-02 1:14.9
   25    275 -5.670688414100657e-01 2.1e+00 7.26e-02  6e-02  8e-02 1:29.2
   29    319 -5.694198722138499e-01 2.3e+00 6.16e-02  5e-02  7e-02 1:43.5
   33    363 -5.694926237915739e-01 2.4e+00 7.54e-02  5e-02  8e-02 1:57.8
   37    407 -5.723810978307363e-01 2.6e+00 8.96e-02  6e-02  1e-01 2:12.1
   42    462 -5.737100331188232e-01 2.9e+00 7.88e-02  5e-02  9e-02 2:30.0
   47    517 -5.727821052641294e-01 3.2e+00 7.25e-02  5e-02  8e-02 2:48.0
   52    572 -5.750513425659393e-01 3.4e+00 7.57e-02  5e-02  8e-02 3:05.8
   58    638 -5.753454996420652e-01 3.6e+00 6.69e-02  4e-02  7e-02 3:27.3
   64    704 -5.760576206715271e-01 4.7e+00 6.76e-02  4e-02  8e-02 3:48.8
   70    770 -5.784808512911873e-01 5.5e+00 6.23e-02  3e-02  7e-02 4:10.3
   76    836 -5.796105658945507e-01 5.8e+00 6.35e-02  3e-02  7e-02 4:31.8
   83    913 -5.801814037608909e-01 7.0e+00 7.43e-02  4e-02  9e-02 4:56.8
   90    990 -5.811452730502337e-01 9.5e+00 8.30e-02  4e-02  1e-01 5:21.9
   97   1067 -5.809623110384363e-01 9.7e+00 8.03e-02  4e-02  1e-01 5:46.9
  100   1100 -5.807549308022091e-01 1.0e+01 6.99e-02  3e-02  9e-02 5:57.6
  108   1188 -5.810031576429407e-01 1.2e+01 7.92e-02  4e-02  1e-01 6:26.2
  116   1276 -5.816975389465254e-01 1.4e+01 7.48e-02  3e-02  1e-01 6:54.8
  124   1364 -5.824375653060115e-01 1.6e+01 5.90e-02  3e-02  8e-02 7:23.4
  133   1463 -5.832557486156189e-01 1.8e+01 1.01e-01  5e-02  2e-01 7:55.5
  142   1562 -5.835787872215951e-01 2.1e+01 8.19e-02  4e-02  1e-01 8:27.6
  151   1661 -5.839085706260231e-01 2.1e+01 5.53e-02  3e-02  8e-02 8:59.8
  160   1760 -5.839832819696925e-01 2.4e+01 4.94e-02  2e-02  8e-02 9:31.9
  170   1870 -5.840551848563457e-01 2.9e+01 3.68e-02  2e-02  6e-02 10:07.7
  180   1980 -5.842294701301264e-01 3.0e+01 2.96e-02  1e-02  5e-02 10:43.3
  190   2090 -5.843455853585239e-01 3.3e+01 4.02e-02  2e-02  7e-02 11:19.1
  200   2200 -5.844632196080108e-01 4.0e+01 3.66e-02  1e-02  6e-02 11:54.9
  211   2321 -5.848280705640789e-01 5.2e+01 4.00e-02  1e-02  8e-02 12:34.2
  222   2442 -5.852641497688451e-01 6.8e+01 5.28e-02  2e-02  1e-01 13:13.5
  233   2563 -5.854487399698091e-01 7.9e+01 4.39e-02  1e-02  1e-01 13:52.8
  245   2695 -5.858795106773460e-01 1.1e+02 5.47e-02  2e-02  2e-01 14:35.8
  257   2827 -5.861449004414514e-01 1.3e+02 6.26e-02  2e-02  2e-01 15:18.6
  269   2959 -5.864293376586416e-01 1.3e+02 7.08e-02  2e-02  3e-01 16:01.5
  282   3102 -5.867881583410811e-01 1.2e+02 1.12e-01  3e-02  4e-01 16:47.9
  295   3245 -5.869748870021552e-01 1.1e+02 1.07e-01  3e-02  4e-01 17:34.3
  300   3300 -5.869815150836677e-01 1.1e+02 9.63e-02  2e-02  3e-01 17:52.2
  313   3443 -5.872050027596454e-01 1.2e+02 5.57e-02  1e-02  2e-01 18:38.5
  327   3597 -5.872961857326882e-01 1.2e+02 4.44e-02  8e-03  1e-01 19:28.5
  341   3751 -5.875088976309327e-01 1.3e+02 4.29e-02  7e-03  1e-01 20:18.4
  355   3905 -5.876983754749689e-01 1.3e+02 4.37e-02  6e-03  1e-01 21:08.3
  370   4070 -5.877235798816781e-01 1.2e+02 3.21e-02  4e-03  7e-02 22:01.8
  385   4235 -5.877348403113279e-01 1.1e+02 1.85e-02  2e-03  4e-02 22:55.3
  400   4400 -5.877441781353595e-01 1.1e+02 1.67e-02  2e-03  3e-02 23:48.7
  415   4565 -5.877580061803901e-01 1.2e+02 1.79e-02  2e-03  3e-02 24:42.3
  431   4741 -5.877905071661295e-01 1.5e+02 3.02e-02  3e-03  6e-02 25:39.3
  447   4917 -5.880033063379655e-01 2.4e+02 8.11e-02  7e-03  3e-01 26:36.3
  463   5093 -5.897937525784629e-01 3.3e+02 2.11e-01  2e-02  8e-01 27:33.2
  480   5280 -5.901237870039463e-01 2.5e+02 1.45e-01  1e-02  5e-01 28:33.7
  497   5467 -5.903258772250873e-01 2.0e+02 7.48e-02  5e-03  2e-01 29:34.2
  500   5500 -5.903267255165203e-01 2.0e+02 6.62e-02  4e-03  2e-01 29:44.9
  517   5687 -5.903832416800580e-01 1.8e+02 4.82e-02  3e-03  9e-02 30:45.4
  535   5885 -5.904108839090182e-01 1.6e+02 4.82e-02  3e-03  8e-02 31:48.7
  553   6083 -5.904367167436544e-01 2.0e+02 3.63e-02  2e-03  6e-02 32:51.0
  572   6292 -5.904584673369511e-01 2.3e+02 1.16e-01  8e-03  2e-01 33:56.8
  591   6501 -5.905179598405039e-01 2.4e+02 9.87e-02  7e-03  1e-01 35:02.6
  600   6600 -5.905579137598485e-01 2.5e+02 8.57e-02  6e-03  1e-01 35:33.7
  620   6820 -5.905915277413131e-01 2.6e+02 1.25e-01  1e-02  2e-01 36:43.0
  640   7040 -5.906758807929940e-01 2.5e+02 1.22e-01  9e-03  2e-01 37:52.2
  660   7260 -5.907584797490248e-01 2.7e+02 9.84e-02  7e-03  1e-01 39:01.4
  680   7480 -5.908689210538167e-01 3.8e+02 1.46e-01  1e-02  3e-01 40:10.6
  700   7700 -5.910160287985793e-01 4.1e+02 1.34e-01  1e-02  2e-01 41:19.9
  721   7931 -5.911608123112801e-01 4.1e+02 9.43e-02  7e-03  1e-01 42:32.6
  742   8162 -5.913489312929964e-01 4.3e+02 1.71e-01  1e-02  3e-01 43:45.3
  764   8404 -5.916036526755146e-01 4.3e+02 1.77e-01  1e-02  2e-01 45:01.7
  786   8646 -5.917292620979955e-01 3.7e+02 9.30e-02  4e-03  1e-01 46:18.1
  800   8800 -5.917696819011219e-01 4.5e+02 9.62e-02  4e-03  1e-01 47:06.1
  823   9053 -5.918425200595765e-01 4.8e+02 1.16e-01  5e-03  2e-01 48:25.1
  846   9306 -5.919637326932286e-01 5.7e+02 1.61e-01  6e-03  2e-01 49:44.0
  869   9559 -5.920282511136775e-01 5.2e+02 9.82e-02  3e-03  1e-01 51:03.0
  893   9823 -5.921289255453458e-01 6.4e+02 1.60e-01  5e-03  3e-01 52:25.4
  900   9900 -5.921405524877039e-01 6.6e+02 1.33e-01  4e-03  2e-01 52:49.3
  924  10164 -5.922273029626958e-01 6.8e+02 2.46e-01  6e-03  4e-01 54:11.7
  948  10428 -5.922690926225932e-01 5.7e+02 2.07e-01  5e-03  2e-01 55:33.9
  973  10703 -5.923305041847617e-01 5.5e+02 1.16e-01  2e-03  1e-01 56:59.6
  998  10978 -5.924051516513488e-01 6.1e+02 1.66e-01  4e-03  2e-01 58:25.2
 1000  11000 -5.924185724965276e-01 6.0e+02 1.70e-01  4e-03  2e-01 58:32.0
Budget constraint not satisfied 4584.9853515625 4467 Difference:  -117.9853515625
Budget constraint not satisfied 4873.211242675781 4467 Difference:  -406.21124267578125
two_most_probable_states: ['0010001', '0011001']
final_expectation_value: -0.5924185724965276
params: [8.15682556714193, -5.910086775537403, 7.088231448207407, -8.011069412056377, 6.908203000620571, 1.980376834920909, -2.6262539872299233, 1.7215691740555175, 2.676296349134072, -0.09051809715483847, 3.3817742908226447, -0.6832829164733802, 2.582628822720716, 2.4879279155322833]
total_steps: 1000
states_probs: [0.02429228132971407, 0.02536348734453594]
optimized_portfolios: [{'GS': 4, 'MCD': 8}, {'GS': 4, 'MCD': 9}]
objective_values: [-1346.0300593177844, -1956.6640731208988]
result_with_budget: [{'portfolio': {'GS': 4, 'MCD': 8}, 'budget': 4584.9853515625, 'difference': -117.9853515625}, {'portfolio': {'GS': 4, 'MCD': 9}, 'budget': 4873.211242675781, 'difference': -406.21124267578125}]
Batch 85/100 completed. Results saved to portfolio_optimization_results_batch_84.json
Job finished at Sat Mar 22 11:18:33 EET 2025
