Running job array 11 on pe65.int.triton.aalto.fi
Starting at Sun Mar 16 11:20:29 EET 2025
Activating virtual environment at /scratch/work/uotilav2/quantum-portfolio/venv
Processing batch 12/40: experiments 126 to 136 (total 11)
Skipping experiment 126 (already processed)
Skipping experiment 127 (already processed)
Skipping experiment 128 (already processed)
Skipping experiment 129 (already processed)
Skipping experiment 130 (already processed)
Processing experiment 131
Budget: 2955.129180908203
YF.download() has changed argument auto_adjust default to True
Expected returns: 0.18615503918655085
Covariance matrix: 0.3972551729953519
3rd-order coskewness tensor: -0.8843858556494059
4th-order cokurtosis tensor: 17.89048060219783
Number of qubits for asset HD: 3
Number of qubits for asset JNJ: 5
Number of qubits for asset V: 4
Total number of qubits:  12
Optimized Weights (considering variance, skewness and kurtosis):
HD: 16.96%
JNJ: 46.42%
V: 36.62%
Left over budget:  15.311675777866185
Optimized Discrete Allocation:
HD: 1
JNJ: 9
V: 4
Maximized utility from continuous higher moments:  -18971.11094878193
Budget constraint satisfied 2951.656005859375 2955.129180908203 Difference:  3.473175048828125
Budget constraint satisfied 2950.2401733398438 2955.129180908203 Difference:  4.889007568359375
smallest_eigenvalues: [-0.10647710760457034]
smallest_bitstrings: ['001100000010']
first_excited_energy: -0.10646509764614519
optimized_portfolio: [{'HD': 4, 'JNJ': 1, 'V': 4}]
second_optimized_portfolio: [{'HD': 6, 'JNJ': 0, 'V': 2}]
result_with_budget: [{'portfolio': {'HD': 4, 'JNJ': 1, 'V': 4}, 'budget': 2951.656005859375, 'difference': 3.473175048828125, 'objective_value': -6381.961863874849}]
result_with_budget_excited: [{'portfolio': {'HD': 6, 'JNJ': 0, 'V': 2}, 'budget': 2950.2401733398438, 'difference': 4.889007568359375, 'objective_value': -6751.664535227769}]
Initial params:  [2.51063067 1.44978017 2.45210473 0.37157007 2.01037118 0.45035763
 2.96776493 1.63943485 1.3026989  0.83112597 2.43232687 1.43303853
 1.78578792 0.0590299  1.94035914 1.92295543 1.93815531 2.96487203
 2.14200164 1.12942738]
(6_w,12)-aCMA-ES (mu_w=3.7,w_1=40%) in dimension 20 (seed=243355, Sun Mar 16 11:21:21 2025)
Iterat #Fevals   function value  axis ratio  sigma  min&max std  t[m:s]
    1     12 -1.445366380637132e-02 1.0e+00 1.42e+00  1e+00  1e+00 1:02.9
    2     24 -4.322373424401945e-02 1.1e+00 1.39e+00  1e+00  1e+00 2:06.2
    3     36 -6.720846959584066e-02 1.2e+00 1.43e+00  1e+00  1e+00 3:09.0
    4     48 -5.999939823386328e-02 1.2e+00 1.43e+00  1e+00  1e+00 4:12.1
    5     60 -6.071626509815870e-02 1.2e+00 1.38e+00  1e+00  1e+00 5:15.5
    6     72 -6.877389545878036e-02 1.2e+00 1.37e+00  1e+00  1e+00 6:18.6
    7     84 -5.866787732143371e-02 1.3e+00 1.35e+00  1e+00  1e+00 7:21.7
    8     96 -7.405458817634678e-02 1.3e+00 1.36e+00  1e+00  1e+00 8:24.7
    9    108 -6.868496906662724e-02 1.3e+00 1.38e+00  1e+00  1e+00 9:27.8
   10    120 -4.471107771804061e-02 1.3e+00 1.33e+00  1e+00  1e+00 10:31.3
   11    132 -5.351890206929980e-02 1.3e+00 1.27e+00  1e+00  1e+00 11:34.5
   12    144 -4.171790639850541e-02 1.3e+00 1.27e+00  1e+00  1e+00 12:37.4
   13    156 -8.325413305799309e-02 1.4e+00 1.25e+00  1e+00  1e+00 13:39.7
   14    168 -5.353734975742434e-02 1.4e+00 1.23e+00  1e+00  1e+00 14:41.1
   15    180 -6.226016575323311e-02 1.4e+00 1.25e+00  1e+00  1e+00 15:42.4
   16    192 -6.316823103705817e-02 1.4e+00 1.22e+00  1e+00  1e+00 16:43.5
   17    204 -7.332022775616057e-02 1.4e+00 1.18e+00  1e+00  1e+00 17:44.5
   18    216 -6.921283335308405e-02 1.4e+00 1.20e+00  1e+00  1e+00 18:45.4
   19    228 -7.503668050476205e-02 1.4e+00 1.17e+00  1e+00  1e+00 19:46.4
   20    240 -3.271682466623182e-02 1.4e+00 1.15e+00  1e+00  1e+00 20:47.5
   21    252 -5.021959674527442e-02 1.4e+00 1.15e+00  1e+00  1e+00 21:48.5
   22    264 -6.507294925144537e-02 1.4e+00 1.17e+00  1e+00  1e+00 22:49.5
   23    276 -8.206101534386562e-02 1.4e+00 1.17e+00  1e+00  1e+00 23:50.9
   24    288 -5.365508082927723e-02 1.5e+00 1.18e+00  1e+00  1e+00 24:51.9
   25    300 -7.229111284184274e-02 1.5e+00 1.19e+00  1e+00  1e+00 25:52.9
   26    312 -4.280701999585696e-02 1.5e+00 1.19e+00  1e+00  1e+00 26:53.9
   27    324 -6.197891100467302e-02 1.5e+00 1.17e+00  1e+00  1e+00 27:54.8
   28    336 -3.872439482012523e-02 1.5e+00 1.12e+00  1e+00  1e+00 28:55.7
   29    348 -5.885508194278184e-02 1.5e+00 1.08e+00  1e+00  1e+00 29:56.7
   30    360 -6.486079888490405e-02 1.5e+00 1.06e+00  1e+00  1e+00 30:57.8
   31    372 -7.039065726645180e-02 1.6e+00 1.04e+00  1e+00  1e+00 31:58.7
   32    384 -5.611718002983963e-02 1.6e+00 1.03e+00  9e-01  1e+00 33:00.0
   33    396 -5.204968795113755e-02 1.6e+00 1.04e+00  1e+00  1e+00 34:01.4
   34    408 -5.661202121971231e-02 1.6e+00 1.09e+00  1e+00  1e+00 35:02.5
   35    420 -5.443257009165770e-02 1.6e+00 1.09e+00  1e+00  1e+00 36:03.5
   36    432 -3.567110865590993e-02 1.7e+00 1.09e+00  1e+00  1e+00 37:04.6
   37    444 -6.184052691431050e-02 1.6e+00 1.11e+00  1e+00  1e+00 38:05.6
   38    456 -6.780729909861447e-02 1.7e+00 1.13e+00  1e+00  1e+00 39:06.8
   39    468 -7.662435616080200e-02 1.7e+00 1.16e+00  1e+00  1e+00 40:07.8
   40    480 -7.772154223934787e-02 1.7e+00 1.16e+00  1e+00  1e+00 41:08.8
   41    492 -6.474180810076213e-02 1.7e+00 1.16e+00  1e+00  1e+00 42:09.7
   42    504 -6.156353393320196e-02 1.7e+00 1.14e+00  1e+00  1e+00 43:10.7
   43    516 -5.080949673029662e-02 1.7e+00 1.15e+00  1e+00  1e+00 44:12.0
   44    528 -6.562564741946604e-02 1.7e+00 1.16e+00  1e+00  1e+00 45:12.9
   45    540 -5.546793040987075e-02 1.7e+00 1.14e+00  1e+00  1e+00 46:13.7
   46    552 -7.450794520285707e-02 1.7e+00 1.14e+00  1e+00  1e+00 47:14.8
   47    564 -6.895475330798470e-02 1.7e+00 1.14e+00  1e+00  1e+00 48:15.6
   48    576 -7.841558833549979e-02 1.7e+00 1.16e+00  1e+00  1e+00 49:16.8
   49    588 -3.941524234820003e-02 1.7e+00 1.17e+00  1e+00  1e+00 50:18.1
   50    600 -7.694785758283794e-02 1.7e+00 1.16e+00  1e+00  1e+00 51:19.0
   51    612 -6.238656771217341e-02 1.7e+00 1.17e+00  1e+00  1e+00 52:19.8
   52    624 -6.792666469201251e-02 1.7e+00 1.13e+00  1e+00  1e+00 53:20.8
   53    636 -7.115374804599511e-02 1.7e+00 1.11e+00  1e+00  1e+00 54:21.8
   54    648 -5.942971089629240e-02 1.7e+00 1.08e+00  1e+00  1e+00 55:22.9
   55    660 -6.018391623631604e-02 1.7e+00 1.09e+00  1e+00  1e+00 56:23.7
   56    672 3.148674092849907e-03 1.7e+00 1.05e+00  9e-01  1e+00 57:24.7
   57    684 -7.287259705620111e-02 1.8e+00 9.85e-01  9e-01  1e+00 58:25.8
   58    696 -7.291691727807664e-02 1.8e+00 9.59e-01  8e-01  1e+00 59:26.7
   59    708 -6.119533142585302e-02 1.8e+00 9.45e-01  8e-01  1e+00 60:27.7
   60    720 -7.127594326419250e-02 1.8e+00 9.18e-01  8e-01  9e-01 61:28.4
   61    732 -6.805984829927421e-02 1.8e+00 8.86e-01  8e-01  9e-01 62:29.4
   63    756 -6.388150603528614e-02 1.8e+00 8.43e-01  7e-01  9e-01 64:31.1
   65    780 -5.617317405693018e-02 1.8e+00 8.07e-01  7e-01  9e-01 66:32.9
   67    804 -5.393374048149009e-02 1.9e+00 7.66e-01  7e-01  8e-01 68:34.6
   69    828 -6.797114714647313e-02 1.9e+00 7.59e-01  7e-01  8e-01 70:36.8
   71    852 -6.544993236452626e-02 1.9e+00 7.63e-01  7e-01  8e-01 72:39.0
   73    876 -6.306035383381281e-02 2.0e+00 7.68e-01  7e-01  8e-01 74:41.3
   75    900 -7.249721666280826e-02 2.1e+00 7.88e-01  7e-01  8e-01 76:43.1
   77    924 -7.004805927644395e-02 2.1e+00 7.86e-01  7e-01  8e-01 78:45.3
   79    948 -7.655180251308805e-02 2.1e+00 8.51e-01  8e-01  9e-01 80:47.7
   81    972 -7.012720138429951e-02 2.2e+00 8.57e-01  8e-01  9e-01 82:49.7
   83    996 -4.506694458399000e-02 2.2e+00 8.64e-01  8e-01  9e-01 84:51.7
   85   1020 -7.512858518559519e-02 2.3e+00 8.11e-01  7e-01  9e-01 86:53.7
   87   1044 -7.358817274945402e-02 2.3e+00 8.05e-01  7e-01  9e-01 88:55.8
   89   1068 -4.177830568986395e-02 2.4e+00 7.66e-01  7e-01  8e-01 90:58.4
   91   1092 -6.070452976012203e-02 2.3e+00 7.27e-01  6e-01  8e-01 93:00.4
   93   1116 2.383904233523867e-02 2.4e+00 7.59e-01  7e-01  8e-01 95:02.1
   95   1140 -5.751673797720002e-02 2.4e+00 8.53e-01  7e-01  9e-01 97:03.9
   97   1164 -6.422222388399899e-02 2.3e+00 9.04e-01  8e-01  1e+00 99:06.5
   99   1188 -6.517000747499059e-02 2.5e+00 9.58e-01  8e-01  1e+00 101:08.9
  100   1200 -3.880251695531400e-02 2.5e+00 9.51e-01  8e-01  1e+00 102:10.2
  102   1224 -7.120452395731673e-02 2.5e+00 9.64e-01  8e-01  1e+00 104:12.9
  104   1248 -4.884343079369813e-02 2.5e+00 1.00e+00  9e-01  1e+00 106:15.1
  106   1272 -6.175291731414844e-02 2.5e+00 9.98e-01  9e-01  1e+00 108:17.6
  108   1296 -4.665586937759771e-02 2.6e+00 1.03e+00  9e-01  1e+00 110:20.1
  110   1320 -6.209720324347386e-02 2.7e+00 1.12e+00  9e-01  1e+00 112:22.8
  112   1344 -2.098836848368432e-02 2.7e+00 1.18e+00  1e+00  1e+00 114:25.2
  114   1368 -4.702782305434815e-02 2.8e+00 1.25e+00  1e+00  1e+00 116:27.3
  116   1392 1.944223484112980e-03 2.9e+00 1.22e+00  1e+00  1e+00 118:29.1
  118   1416 -4.211739775413037e-02 2.9e+00 1.09e+00  9e-01  1e+00 120:31.0
  120   1440 -4.465947086968029e-02 3.0e+00 1.02e+00  8e-01  1e+00 122:33.0
  122   1464 -4.693044843205400e-02 3.0e+00 9.21e-01  8e-01  1e+00 124:35.4
  124   1488 -7.489245534474633e-02 3.1e+00 9.23e-01  8e-01  1e+00 126:37.2
  126   1512 -6.381147910083050e-02 3.1e+00 8.74e-01  7e-01  1e+00 128:39.1
  128   1536 -6.403430333915358e-02 3.0e+00 8.22e-01  6e-01  1e+00 130:40.9
  130   1560 -3.654588309925570e-02 3.1e+00 8.20e-01  6e-01  1e+00 132:42.7
  132   1584 -6.421334408669971e-02 3.0e+00 8.17e-01  6e-01  1e+00 134:44.6
  134   1608 -5.078752948520261e-02 3.0e+00 8.07e-01  6e-01  1e+00 136:46.5
  136   1632 -6.447975526020946e-02 2.9e+00 8.41e-01  6e-01  1e+00 138:48.3
  138   1656 -5.561122620526976e-02 3.0e+00 9.20e-01  7e-01  1e+00 140:50.2
  140   1680 -3.864408910616531e-02 3.1e+00 9.71e-01  8e-01  1e+00 142:52.4
  142   1704 -7.426104448309177e-02 3.1e+00 9.75e-01  8e-01  1e+00 144:54.8
  144   1728 -7.931714312692191e-02 3.1e+00 9.94e-01  8e-01  1e+00 146:57.1
  146   1752 -7.696630449059232e-02 3.1e+00 1.03e+00  8e-01  1e+00 148:58.9
  148   1776 -6.729789782119024e-02 3.1e+00 1.01e+00  8e-01  1e+00 151:01.0
  150   1800 -6.622629554838540e-02 3.0e+00 9.19e-01  7e-01  1e+00 153:02.7
  152   1824 -6.809340912154026e-02 3.1e+00 8.69e-01  7e-01  1e+00 155:04.8
  154   1848 -8.776380608341421e-02 3.1e+00 7.69e-01  6e-01  9e-01 157:06.4
  156   1872 -6.064745862263718e-02 3.2e+00 7.79e-01  6e-01  9e-01 159:08.7
  158   1896 -7.291365866799196e-02 3.2e+00 8.27e-01  7e-01  1e+00 161:10.4
  160   1920 -5.909784718239031e-02 3.2e+00 9.08e-01  7e-01  1e+00 163:12.3
  162   1944 -5.005051738364007e-02 3.3e+00 9.71e-01  8e-01  1e+00 165:14.7
  164   1968 -5.774318921282833e-02 3.3e+00 1.01e+00  8e-01  1e+00 167:16.4
  166   1992 -5.406920952560869e-02 3.3e+00 1.03e+00  8e-01  1e+00 169:18.7
  168   2016 -2.801883687659512e-02 3.4e+00 1.09e+00  8e-01  1e+00 171:20.9
  170   2040 -2.694331213401711e-02 3.5e+00 1.11e+00  9e-01  1e+00 173:22.8
  172   2064 -2.675665813472843e-02 3.6e+00 1.04e+00  8e-01  1e+00 175:24.5
  174   2088 -3.304223048193541e-02 3.6e+00 9.91e-01  8e-01  1e+00 177:26.2
  176   2112 -2.270678649834505e-02 3.6e+00 9.67e-01  7e-01  1e+00 179:28.2
  178   2136 -2.746175399438812e-02 3.6e+00 9.81e-01  7e-01  1e+00 181:29.9
  180   2160 -5.593659680094595e-02 3.5e+00 9.66e-01  7e-01  1e+00 183:31.7
  182   2184 -6.713364098277094e-02 3.6e+00 9.39e-01  7e-01  1e+00 185:34.0
  185   2220 -5.747638530549243e-02 3.7e+00 1.03e+00  8e-01  1e+00 188:36.7
  188   2256 -6.271453486590899e-02 3.8e+00 1.09e+00  8e-01  1e+00 191:40.1
  191   2292 5.700266797122212e-02 3.8e+00 1.09e+00  8e-01  1e+00 194:43.1
  194   2328 -7.222043785266895e-02 3.8e+00 1.12e+00  8e-01  1e+00 197:45.9
  197   2364 -5.631002763994233e-02 3.7e+00 1.09e+00  8e-01  1e+00 200:49.2
  200   2400 -6.315921136301110e-02 3.6e+00 1.06e+00  8e-01  1e+00 203:51.7
  203   2436 -2.951262785744628e-02 3.7e+00 1.02e+00  8e-01  1e+00 206:54.2
  206   2472 -6.149195567990079e-02 3.7e+00 1.07e+00  8e-01  1e+00 209:57.3
  209   2508 -5.756551255295496e-02 3.8e+00 1.03e+00  8e-01  1e+00 213:00.6
  212   2544 -3.287552833136265e-02 3.8e+00 1.16e+00  9e-01  1e+00 216:04.0
  215   2580 -6.905126111538053e-02 3.9e+00 1.19e+00  9e-01  1e+00 219:06.7
  218   2616 -4.917141602764270e-04 4.0e+00 1.27e+00  1e+00  2e+00 222:09.7
  221   2652 -3.891998572751158e-02 3.9e+00 1.23e+00  9e-01  1e+00 225:13.2
  224   2688 1.650042377688242e-02 3.9e+00 1.15e+00  9e-01  1e+00 228:17.1
  227   2724 -3.665276383828416e-02 4.1e+00 1.05e+00  8e-01  1e+00 231:20.5
  230   2760 -4.273758789343897e-02 4.2e+00 9.96e-01  8e-01  1e+00 234:23.4
  233   2796 -3.435169979535097e-02 4.2e+00 1.04e+00  8e-01  1e+00 237:26.4
  236   2832 5.743514118376607e-03 4.2e+00 1.03e+00  8e-01  1e+00 240:29.2
  239   2868 -5.815159969775479e-02 4.2e+00 9.75e-01  8e-01  1e+00 243:32.4
  242   2904 -6.557464628894683e-02 4.1e+00 9.46e-01  7e-01  1e+00 246:36.2
  245   2940 -2.621833725638755e-02 4.2e+00 9.11e-01  7e-01  1e+00 249:39.1
  248   2976 -5.491148421659013e-02 4.2e+00 9.38e-01  7e-01  1e+00 252:42.7
  251   3012 -6.257383892919967e-02 4.2e+00 8.86e-01  7e-01  1e+00 255:45.6
  254   3048 -5.390812086676354e-02 4.2e+00 8.52e-01  7e-01  1e+00 258:48.3
  257   3084 -1.088682784022759e-02 4.2e+00 8.13e-01  6e-01  1e+00 261:51.7
  260   3120 -5.264730796630643e-02 4.2e+00 8.30e-01  6e-01  1e+00 264:54.4
  263   3156 -2.947132984886577e-02 4.1e+00 9.31e-01  7e-01  1e+00 267:57.6
  266   3192 -4.790239814370713e-02 4.1e+00 9.90e-01  8e-01  1e+00 271:01.3
  269   3228 -4.638800350737853e-02 4.1e+00 9.24e-01  7e-01  1e+00 274:04.8
  272   3264 -6.988874330504305e-02 4.1e+00 8.88e-01  7e-01  1e+00 277:08.5
  275   3300 -5.053512162761566e-02 4.1e+00 9.80e-01  8e-01  1e+00 280:12.2
  278   3336 -6.773683203682432e-02 4.2e+00 9.65e-01  7e-01  1e+00 283:15.4
  281   3372 -4.225145686758588e-02 4.2e+00 9.67e-01  8e-01  1e+00 286:18.3
  284   3408 -6.925057902141610e-02 4.3e+00 1.00e+00  8e-01  1e+00 289:21.1
  287   3444 -4.536525533024525e-02 4.2e+00 9.39e-01  7e-01  1e+00 292:24.0
  290   3480 -3.654009014148926e-02 4.3e+00 9.10e-01  7e-01  1e+00 295:27.0
  293   3516 -5.662043132678499e-02 4.2e+00 8.29e-01  6e-01  1e+00 298:29.8
  296   3552 -6.799473853409227e-02 4.3e+00 7.26e-01  5e-01  9e-01 301:33.0
  299   3588 4.478166363803915e-02 4.4e+00 6.62e-01  5e-01  8e-01 304:35.9
  300   3600 -5.640098870276355e-02 4.5e+00 6.81e-01  5e-01  8e-01 305:37.2
  303   3636 1.773785946949620e-02 4.5e+00 7.72e-01  6e-01  9e-01 308:40.2
  306   3672 -5.710214795418612e-02 4.4e+00 8.63e-01  6e-01  1e+00 311:43.3
  309   3708 -6.544560255082352e-02 4.3e+00 9.19e-01  7e-01  1e+00 314:46.2
  312   3744 -3.738427447191107e-03 4.5e+00 8.90e-01  7e-01  1e+00 317:49.1
  315   3780 5.789111763624281e-03 4.4e+00 8.31e-01  6e-01  1e+00 320:52.5
  318   3816 -7.555676822050693e-02 4.4e+00 7.82e-01  6e-01  9e-01 323:55.5
  321   3852 -2.416143221919412e-02 4.5e+00 7.78e-01  6e-01  9e-01 326:58.3
  324   3888 -2.706527360353243e-02 4.3e+00 8.45e-01  6e-01  1e+00 330:01.4
  327   3924 -3.486078412875894e-02 4.4e+00 8.39e-01  6e-01  1e+00 333:04.8
  330   3960 -1.010561580514464e-02 4.3e+00 8.55e-01  6e-01  1e+00 336:07.8
  333   3996 -1.279808235983013e-02 4.4e+00 7.56e-01  6e-01  9e-01 339:10.9
  336   4032 3.710605679019616e-03 4.4e+00 7.34e-01  5e-01  9e-01 342:13.9
  339   4068 -1.186838398540153e-02 4.5e+00 7.71e-01  6e-01  9e-01 345:16.8
  342   4104 -2.044280788681707e-02 4.6e+00 7.70e-01  6e-01  9e-01 348:19.8
  345   4140 -6.823012335636933e-02 4.7e+00 7.97e-01  6e-01  9e-01 351:22.5
  348   4176 -4.561853684733341e-02 4.9e+00 8.66e-01  7e-01  1e+00 354:25.7
  351   4212 -5.962573553866489e-02 4.9e+00 8.14e-01  6e-01  1e+00 357:29.0
  354   4248 2.614653298679161e-04 5.0e+00 7.99e-01  6e-01  9e-01 360:32.4
  357   4284 -4.942329919480819e-02 5.1e+00 7.43e-01  6e-01  9e-01 363:36.2
  360   4320 -5.343474822607969e-02 5.0e+00 6.91e-01  5e-01  8e-01 366:39.6
  363   4356 -2.135919070226956e-02 5.0e+00 6.44e-01  5e-01  8e-01 369:43.3
  366   4392 -1.464727369593707e-02 5.1e+00 5.94e-01  4e-01  7e-01 372:46.9
  370   4440 1.390686419023158e-02 5.1e+00 5.44e-01  4e-01  6e-01 376:51.8
  374   4488 -4.106202413563678e-02 5.1e+00 5.17e-01  4e-01  6e-01 380:56.3
  378   4536 -5.118030254284568e-02 5.2e+00 4.80e-01  4e-01  6e-01 385:01.0
  382   4584 -5.706724733875977e-02 5.3e+00 4.25e-01  3e-01  5e-01 389:05.6
  386   4632 -7.765354787982506e-02 5.3e+00 4.06e-01  3e-01  5e-01 393:10.3
  390   4680 -6.378813406238708e-02 5.3e+00 3.94e-01  3e-01  4e-01 397:14.7
  394   4728 -7.415853545937250e-02 5.3e+00 3.39e-01  2e-01  4e-01 401:18.9
  398   4776 -7.329435711049473e-02 5.3e+00 2.90e-01  2e-01  3e-01 405:23.8
  400   4800 -6.716166216049051e-02 5.3e+00 2.86e-01  2e-01  3e-01 407:26.2
  404   4848 -6.590113951603020e-02 5.3e+00 2.73e-01  2e-01  3e-01 411:30.8
  408   4896 -6.689256552541981e-02 5.3e+00 2.97e-01  2e-01  3e-01 415:35.0
  412   4944 -5.134932064269808e-02 5.2e+00 2.81e-01  2e-01  3e-01 419:38.9
  416   4992 -7.162673957330118e-02 5.3e+00 2.51e-01  2e-01  3e-01 423:43.0
  420   5040 -7.563166819254470e-02 5.7e+00 2.96e-01  2e-01  4e-01 427:47.3
  424   5088 -6.253980292844481e-02 5.7e+00 2.79e-01  2e-01  3e-01 431:51.4
  428   5136 -7.450789451571865e-02 5.6e+00 2.55e-01  2e-01  3e-01 435:55.6
  432   5184 -7.945150861312437e-02 5.4e+00 2.25e-01  1e-01  3e-01 439:59.3
  436   5232 -8.674623224412521e-02 5.5e+00 1.93e-01  1e-01  2e-01 444:03.4
  440   5280 -8.220023866766250e-02 5.5e+00 1.87e-01  1e-01  2e-01 448:07.1
  444   5328 -8.079871989080380e-02 5.6e+00 1.71e-01  1e-01  2e-01 452:11.0
  448   5376 -8.683182591508860e-02 5.7e+00 1.36e-01  8e-02  2e-01 456:15.3
  452   5424 -8.889728185059922e-02 5.7e+00 1.22e-01  7e-02  1e-01 460:19.0
  456   5472 -9.094049050117010e-02 5.7e+00 1.24e-01  7e-02  1e-01 464:23.3
  460   5520 -9.072984618968190e-02 5.6e+00 1.24e-01  7e-02  1e-01 468:26.9
  464   5568 -8.968359604505645e-02 5.5e+00 1.18e-01  7e-02  1e-01 472:30.6
  468   5616 -8.905322020594622e-02 5.7e+00 1.41e-01  8e-02  2e-01 476:34.6
  472   5664 -8.584706551624369e-02 5.7e+00 1.34e-01  7e-02  2e-01 480:38.4
  476   5712 -8.873084488403316e-02 5.7e+00 1.04e-01  6e-02  1e-01 484:42.2
  480   5760 -9.035857788590104e-02 5.8e+00 9.17e-02  5e-02  1e-01 488:46.3
  484   5808 -9.116027018111743e-02 5.8e+00 7.90e-02  4e-02  9e-02 492:51.7
  488   5856 -9.092225571035957e-02 5.9e+00 7.87e-02  4e-02  9e-02 496:57.1
  492   5904 -9.221100714094206e-02 6.1e+00 7.09e-02  4e-02  8e-02 501:01.3
  496   5952 -9.170404525349757e-02 6.2e+00 6.79e-02  3e-02  8e-02 505:05.4
  500   6000 -9.288648537175534e-02 6.2e+00 5.83e-02  3e-02  7e-02 509:09.4
  504   6048 -9.298539056160157e-02 6.4e+00 4.52e-02  2e-02  5e-02 513:13.2
  508   6096 -9.278798545839911e-02 6.5e+00 3.84e-02  2e-02  4e-02 517:17.9
  512   6144 -9.314002388658509e-02 6.6e+00 3.06e-02  1e-02  4e-02 521:21.8
  516   6192 -9.326364845992734e-02 6.8e+00 3.04e-02  1e-02  3e-02 525:25.6
  520   6240 -9.346364954219850e-02 7.1e+00 3.12e-02  1e-02  4e-02 529:29.8
  524   6288 -9.355641383499039e-02 7.5e+00 2.92e-02  1e-02  3e-02 533:34.9
  528   6336 -9.375843813791224e-02 8.1e+00 3.18e-02  2e-02  4e-02 537:39.8
  532   6384 -9.378307283229879e-02 8.5e+00 3.11e-02  1e-02  4e-02 541:44.0
  536   6432 -9.383509755701200e-02 9.2e+00 3.34e-02  2e-02  4e-02 545:48.5
  540   6480 -9.375877507938762e-02 9.5e+00 3.07e-02  1e-02  4e-02 549:52.6
  544   6528 -9.381709587703448e-02 9.7e+00 3.03e-02  1e-02  4e-02 553:57.0
  548   6576 -9.389573801392845e-02 1.0e+01 2.66e-02  1e-02  3e-02 558:01.6
  552   6624 -9.403845903779784e-02 1.0e+01 2.56e-02  1e-02  3e-02 562:05.3
  556   6672 -9.412527288953265e-02 1.0e+01 2.71e-02  1e-02  3e-02 566:09.7
  560   6720 -9.406987497217822e-02 1.1e+01 2.84e-02  1e-02  3e-02 570:13.5
  564   6768 -9.422431795376116e-02 1.1e+01 3.52e-02  1e-02  4e-02 574:17.5
  568   6816 -9.457355294663949e-02 1.3e+01 4.52e-02  2e-02  6e-02 578:21.6
  572   6864 -9.428842845411360e-02 1.3e+01 5.38e-02  2e-02  7e-02 582:26.1
  576   6912 -9.426570412270414e-02 1.4e+01 6.66e-02  3e-02  9e-02 586:30.1
  580   6960 -9.480104372083190e-02 1.5e+01 7.67e-02  3e-02  1e-01 590:34.2
  584   7008 -9.430117605020635e-02 1.5e+01 7.71e-02  3e-02  1e-01 594:38.6
  588   7056 -9.463178423953768e-02 1.6e+01 7.96e-02  3e-02  1e-01 598:43.1
  592   7104 -9.466142980817839e-02 1.6e+01 6.93e-02  3e-02  1e-01 602:47.5
  596   7152 -9.492023293761748e-02 1.6e+01 5.65e-02  2e-02  8e-02 606:51.9
  600   7200 -9.508490228746097e-02 1.8e+01 5.39e-02  2e-02  8e-02 610:56.2
  604   7248 -9.514241085322270e-02 1.9e+01 5.94e-02  2e-02  9e-02 615:00.6
  608   7296 -9.534533200763119e-02 2.0e+01 6.59e-02  2e-02  1e-01 619:04.9
  613   7356 -9.509866767240885e-02 2.0e+01 6.74e-02  2e-02  1e-01 624:10.6
  618   7416 -9.533816746648512e-02 2.1e+01 5.73e-02  2e-02  8e-02 629:17.6
  623   7476 -9.545335924745486e-02 2.2e+01 5.67e-02  2e-02  8e-02 634:24.4
  628   7536 -9.548746187360503e-02 2.2e+01 5.40e-02  2e-02  8e-02 639:30.1
  633   7596 -9.559136038476651e-02 2.3e+01 4.12e-02  1e-02  6e-02 644:35.5
  638   7656 -9.569740333424769e-02 2.3e+01 3.27e-02  1e-02  5e-02 649:41.2
  643   7716 -9.571608594261588e-02 2.3e+01 3.13e-02  9e-03  4e-02 654:47.1
  648   7776 -9.574144893970031e-02 2.3e+01 3.16e-02  9e-03  5e-02 659:52.9
  653   7836 -9.574889156086257e-02 2.3e+01 2.78e-02  7e-03  4e-02 664:59.5
  658   7896 -9.573952071875601e-02 2.3e+01 2.69e-02  7e-03  4e-02 670:05.7
  663   7956 -9.577664750340358e-02 2.4e+01 2.45e-02  6e-03  3e-02 675:11.7
  668   8016 -9.577594601604658e-02 2.5e+01 2.18e-02  6e-03  3e-02 680:17.1
  673   8076 -9.580257218398851e-02 2.6e+01 1.88e-02  5e-03  3e-02 685:23.1
  678   8136 -9.580794329663016e-02 2.7e+01 1.76e-02  4e-03  2e-02 690:28.0
  683   8196 -9.582019028616404e-02 2.8e+01 1.73e-02  4e-03  2e-02 695:34.6
  688   8256 -9.584783691042349e-02 2.8e+01 1.82e-02  4e-03  3e-02 700:40.1
  693   8316 -9.587676269415484e-02 2.9e+01 1.86e-02  4e-03  3e-02 705:45.2
  698   8376 -9.589311367580693e-02 2.9e+01 2.20e-02  5e-03  4e-02 710:51.1
  700   8400 -9.589281438621679e-02 2.9e+01 2.32e-02  5e-03  4e-02 712:53.2
  705   8460 -9.590661315624338e-02 3.1e+01 2.36e-02  5e-03  4e-02 717:58.3
  710   8520 -9.592619292473895e-02 3.2e+01 2.32e-02  5e-03  4e-02 723:03.4
  715   8580 -9.593080920817167e-02 3.4e+01 2.12e-02  4e-03  4e-02 728:08.3
  720   8640 -9.596056002255385e-02 3.5e+01 2.24e-02  4e-03  4e-02 733:13.8
  725   8700 -9.597463337274272e-02 3.5e+01 2.92e-02  6e-03  5e-02 738:19.1
  730   8760 -9.596687558251930e-02 3.6e+01 3.82e-02  7e-03  7e-02 743:24.3
  735   8820 -9.595883372920327e-02 3.7e+01 3.23e-02  6e-03  5e-02 748:29.3
  740   8880 -9.597494934164963e-02 3.7e+01 2.45e-02  4e-03  4e-02 753:35.2
  745   8940 -9.599777096004314e-02 3.7e+01 1.94e-02  3e-03  3e-02 758:41.4
  750   9000 -9.601715478623750e-02 3.9e+01 1.88e-02  3e-03  3e-02 763:46.9
  755   9060 -9.602762275577253e-02 4.0e+01 2.42e-02  4e-03  4e-02 768:51.9
  760   9120 -9.604665595624140e-02 4.2e+01 2.88e-02  5e-03  5e-02 773:57.6
  765   9180 -9.605007546661957e-02 4.3e+01 2.63e-02  4e-03  4e-02 779:03.5
  770   9240 -9.608659225648516e-02 4.3e+01 2.48e-02  4e-03  4e-02 784:09.7
  775   9300 -9.607954026035680e-02 4.4e+01 2.05e-02  3e-03  3e-02 789:15.7
  780   9360 -9.608986714098679e-02 4.6e+01 1.96e-02  3e-03  3e-02 794:21.7
  785   9420 -9.611818363874022e-02 4.5e+01 1.99e-02  3e-03  3e-02 799:27.6
  790   9480 -9.612255787374664e-02 4.8e+01 2.35e-02  3e-03  4e-02 804:33.2
  795   9540 -9.615004911967655e-02 4.9e+01 2.54e-02  4e-03  4e-02 809:38.8
  800   9600 -9.618717453527606e-02 5.0e+01 3.02e-02  4e-03  5e-02 814:44.4
  805   9660 -9.624512368783195e-02 5.8e+01 3.64e-02  5e-03  6e-02 819:50.2
  810   9720 -9.629000697432170e-02 6.7e+01 4.58e-02  7e-03  9e-02 824:56.1
  815   9780 -9.630183148665675e-02 7.6e+01 5.71e-02  8e-03  1e-01 830:02.0
  820   9840 -9.633988171608222e-02 7.8e+01 6.23e-02  9e-03  1e-01 835:08.2
  825   9900 -9.635604009167657e-02 7.9e+01 7.04e-02  1e-02  2e-01 840:14.1
  830   9960 -9.654427304465464e-02 8.2e+01 6.86e-02  9e-03  2e-01 845:20.0
  835  10020 -9.657134560222400e-02 8.3e+01 5.59e-02  7e-03  1e-01 850:25.6
  840  10080 -9.666578867194901e-02 8.6e+01 5.47e-02  7e-03  1e-01 855:31.6
  845  10140 -9.687182071616286e-02 9.5e+01 6.47e-02  8e-03  2e-01 860:37.8
  850  10200 -9.704173660506508e-02 1.0e+02 8.80e-02  1e-02  2e-01 865:44.5
  855  10260 -9.709036253099200e-02 1.0e+02 8.93e-02  1e-02  2e-01 870:49.7
  860  10320 -9.722133131153277e-02 1.0e+02 7.25e-02  9e-03  2e-01 875:56.3
  865  10380 -9.727514028159390e-02 1.0e+02 7.68e-02  1e-02  2e-01 881:03.0
  870  10440 -9.730093277736528e-02 1.0e+02 5.68e-02  8e-03  2e-01 886:08.6
  875  10500 -9.735882484716954e-02 1.0e+02 5.33e-02  7e-03  1e-01 891:14.7
  880  10560 -9.747799339893190e-02 1.0e+02 5.71e-02  7e-03  2e-01 896:20.8
  885  10620 -9.753654898587545e-02 1.1e+02 6.00e-02  8e-03  2e-01 901:26.2
  890  10680 -9.762084448454793e-02 1.1e+02 5.16e-02  6e-03  1e-01 906:31.7
  895  10740 -9.765472113869311e-02 1.1e+02 4.94e-02  6e-03  1e-01 911:36.6
  900  10800 -9.767063006380994e-02 1.1e+02 4.71e-02  6e-03  1e-01 916:41.5
  905  10860 -9.770528674909928e-02 1.1e+02 4.85e-02  6e-03  1e-01 921:46.9
  910  10920 -9.769536920456731e-02 1.0e+02 5.58e-02  7e-03  1e-01 926:52.6
  916  10992 -9.772083849532318e-02 1.1e+02 5.26e-02  6e-03  1e-01 932:58.5
  922  11064 -9.781564739310933e-02 1.1e+02 6.63e-02  8e-03  2e-01 939:05.5
  928  11136 -9.779132452811455e-02 1.0e+02 5.93e-02  6e-03  2e-01 945:12.1
  934  11208 -9.787213398332779e-02 1.1e+02 4.75e-02  5e-03  1e-01 951:18.5
  940  11280 -9.789366873275210e-02 1.1e+02 4.47e-02  5e-03  1e-01 957:24.4
  946  11352 -9.793084912343858e-02 1.1e+02 4.36e-02  5e-03  1e-01 963:31.4
  952  11424 -9.795249730912456e-02 1.0e+02 5.17e-02  5e-03  1e-01 969:38.3
  958  11496 -9.800530347492810e-02 1.1e+02 6.02e-02  6e-03  2e-01 975:44.9
  964  11568 -9.801055214744951e-02 1.1e+02 5.23e-02  5e-03  1e-01 981:52.6
  970  11640 -9.804903111556593e-02 1.1e+02 5.08e-02  5e-03  1e-01 987:59.9
  976  11712 -9.807141192221877e-02 1.0e+02 4.84e-02  5e-03  1e-01 994:06.3
  982  11784 -9.809166575628733e-02 1.0e+02 4.25e-02  4e-03  1e-01 1000:12.9
  988  11856 -9.812550390832335e-02 1.0e+02 4.40e-02  4e-03  1e-01 1006:19.7
  994  11928 -9.813103840841102e-02 1.0e+02 4.05e-02  3e-03  9e-02 1012:26.7
 1000  12000 -9.817550771458669e-02 1.1e+02 4.45e-02  4e-03  1e-01 1018:33.5
Budget constraint satisfied 2693.92041015625 2955.129180908203 Difference:  261.2087707519531
Budget constraint satisfied 2409.8089599609375 2955.129180908203 Difference:  545.3202209472656
two_most_probable_states: ['001000100000', '000000100010']
final_expectation_value: -0.09817550771458669
params: [3.276347940218211, 1.5459007212298457, 1.9675022249019982, -3.120333914928152, -4.75832540101035, 18.371061496842035, -10.562570765993472, 5.805704182990023, -3.4876925398543706, 7.644536902318133, 3.375886058283703, -14.276392839343009, -6.624828202903221, -5.5026089220153995, 5.356850835744119, 14.293713048159326, -6.884935106025981, 3.0386002129842193, 8.525595063469368, -4.550085657779453]
total_steps: 1000
states_probs: [0.01581388077731577, 0.016969515255307255]
optimized_portfolios: [{'HD': 4, 'JNJ': 8, 'V': 0}, {'HD': 0, 'JNJ': 8, 'V': 4}]
objective_values: [-11715.256764208114, -11092.364607076204]
result_with_budget: [{'portfolio': {'HD': 4, 'JNJ': 8, 'V': 0}, 'budget': 2693.92041015625, 'difference': 261.2087707519531}, {'portfolio': {'HD': 0, 'JNJ': 8, 'V': 4}, 'budget': 2409.8089599609375, 'difference': 545.3202209472656}]
Processing experiment 132
Budget: 1503.5873947143555
Expected returns: 0.1081455051354077
Covariance matrix: 0.38132998860113243
3rd-order coskewness tensor: 0.3364492175076865
4th-order cokurtosis tensor: 6.397500674008526
Number of qubits for asset AMGN: 3
Number of qubits for asset JPM: 3
Number of qubits for asset WMT: 5
Total number of qubits:  11
Optimized Weights (considering variance, skewness and kurtosis):
AMGN: 37.23%
JPM: 28.50%
WMT: 34.28%
Left over budget:  57.7783442611651
Optimized Discrete Allocation:
AMGN: 2
JPM: 2
WMT: 5
Maximized utility from continuous higher moments:  -2306.942226260639
Budget constraint not satisfied 1511.1614074707031 1503.5873947143555 Difference:  -7.574012756347656
Budget constraint satisfied 1491.0885772705078 1503.5873947143555 Difference:  12.498817443847656
smallest_eigenvalues: [-0.08150160715569116]
smallest_bitstrings: ['00101000000']
first_excited_energy: -0.0814879375150101
optimized_portfolio: [{'AMGN': 4, 'JPM': 2, 'WMT': 0}]
second_optimized_portfolio: [{'AMGN': 3, 'JPM': 3, 'WMT': 0}]
result_with_budget: [{'portfolio': {'AMGN': 4, 'JPM': 2, 'WMT': 0}, 'budget': 1511.1614074707031, 'difference': -7.574012756347656, 'objective_value': -520.2189988551328}]
result_with_budget_excited: [{'portfolio': {'AMGN': 3, 'JPM': 3, 'WMT': 0}, 'budget': 1491.0885772705078, 'difference': 12.498817443847656, 'objective_value': -613.2216979134905}]
Initial params:  [0.87067953 2.13039417 0.58107066 1.11509002 1.4492239  2.80008612
 1.17985163 1.15694904 1.88867698 0.46970097 1.66314293 0.88381044
 0.17806589 1.82560832 2.47282266 1.51118856 2.64590992 0.54070352
 2.50203524 1.46191058]
(6_w,12)-aCMA-ES (mu_w=3.7,w_1=40%) in dimension 20 (seed=328253, Mon Mar 17 04:20:54 2025)
Iterat #Fevals   function value  axis ratio  sigma  min&max std  t[m:s]
    1     12 -1.114267675413841e-02 1.0e+00 1.41e+00  1e+00  1e+00 0:41.8
    2     24 -4.826401371111087e-02 1.1e+00 1.36e+00  1e+00  1e+00 1:23.5
    3     36 6.644374349871219e-03 1.1e+00 1.34e+00  1e+00  1e+00 2:05.1
    4     48 -3.244817697163015e-02 1.2e+00 1.37e+00  1e+00  1e+00 2:46.9
    5     60 -1.763682996199131e-02 1.2e+00 1.42e+00  1e+00  1e+00 3:28.7
    6     72 -4.317168441353577e-02 1.3e+00 1.46e+00  1e+00  1e+00 4:10.4
    7     84 -3.988500240945896e-02 1.3e+00 1.49e+00  1e+00  2e+00 4:52.1
    8     96 -3.507345553442335e-02 1.4e+00 1.47e+00  1e+00  2e+00 5:33.8
    9    108 -1.174183582603849e-03 1.4e+00 1.50e+00  1e+00  2e+00 6:15.5
   10    120 4.251045114316832e-02 1.4e+00 1.57e+00  2e+00  2e+00 6:57.0
   11    132 -5.324781197453127e-02 1.5e+00 1.60e+00  2e+00  2e+00 7:38.8
   12    144 -3.934487048108496e-02 1.5e+00 1.65e+00  2e+00  2e+00 8:20.3
   13    156 -2.918252804322650e-02 1.6e+00 1.76e+00  2e+00  2e+00 9:02.7
   14    168 -3.681900251287304e-02 1.7e+00 1.85e+00  2e+00  2e+00 9:44.2
   15    180 -3.656499385554422e-02 1.7e+00 1.92e+00  2e+00  2e+00 10:25.8
   16    192 -2.332142005122414e-02 1.7e+00 1.99e+00  2e+00  2e+00 11:07.3
   17    204 -5.586026275207581e-03 1.8e+00 2.09e+00  2e+00  2e+00 11:48.8
   18    216 -1.870333715202343e-02 1.8e+00 2.12e+00  2e+00  2e+00 12:30.2
   19    228 -3.861401369339976e-02 1.9e+00 2.14e+00  2e+00  3e+00 13:11.8
   20    240 -7.641229022289112e-03 1.9e+00 2.15e+00  2e+00  3e+00 13:53.5
   21    252 -1.775345576543864e-02 1.9e+00 2.11e+00  2e+00  2e+00 14:35.2
   22    264 -1.294774419835683e-04 1.9e+00 2.06e+00  2e+00  2e+00 15:16.7
   23    276 -1.620764802741357e-02 1.9e+00 2.03e+00  2e+00  2e+00 15:58.2
   24    288 -3.518786937049031e-02 1.9e+00 2.00e+00  2e+00  2e+00 16:39.8
   25    300 1.084072405550823e-02 1.9e+00 1.99e+00  2e+00  2e+00 17:21.3
   26    312 -2.669155746488712e-02 1.9e+00 1.96e+00  2e+00  2e+00 18:02.9
   27    324 -3.163256605676987e-02 1.9e+00 1.90e+00  2e+00  2e+00 18:44.3
   28    336 -4.594892915085035e-02 1.9e+00 1.85e+00  2e+00  2e+00 19:26.1
   29    348 -2.389472661832014e-02 1.9e+00 1.85e+00  2e+00  2e+00 20:07.9
   30    360 1.393157751350600e-01 1.9e+00 1.87e+00  2e+00  2e+00 20:49.6
   31    372 1.369235951791094e-02 1.9e+00 1.82e+00  2e+00  2e+00 21:31.2
   32    384 -1.876218257783091e-02 1.9e+00 1.85e+00  2e+00  2e+00 22:12.8
   33    396 -3.870297296145552e-03 1.9e+00 1.85e+00  2e+00  2e+00 22:54.3
   34    408 -1.515285675025611e-03 1.9e+00 1.86e+00  2e+00  2e+00 23:35.7
   35    420 -2.163356226035735e-02 1.9e+00 1.88e+00  2e+00  2e+00 24:17.2
   36    432 -2.425817170743295e-02 1.9e+00 1.86e+00  2e+00  2e+00 24:58.8
   37    444 3.476053270594440e-03 1.9e+00 1.88e+00  2e+00  2e+00 25:40.4
   38    456 2.384211201531623e-02 2.0e+00 1.87e+00  2e+00  2e+00 26:21.9
   39    468 -1.867236405158012e-02 2.0e+00 1.83e+00  2e+00  2e+00 27:03.3
   40    480 -2.066195899189530e-02 2.0e+00 1.76e+00  2e+00  2e+00 27:44.9
   41    492 -3.092624064785601e-02 2.0e+00 1.76e+00  2e+00  2e+00 28:26.6
   42    504 -5.089271001848065e-02 2.0e+00 1.78e+00  2e+00  2e+00 29:08.2
   44    528 -1.727855528982073e-02 2.0e+00 1.74e+00  2e+00  2e+00 30:31.8
   46    552 -3.414545135622384e-02 2.0e+00 1.72e+00  2e+00  2e+00 31:55.0
   48    576 -1.551574729629388e-02 2.1e+00 1.66e+00  2e+00  2e+00 33:18.1
   50    600 -1.506033123092807e-02 2.1e+00 1.49e+00  1e+00  2e+00 34:41.2
   52    624 -3.955221748683086e-02 2.1e+00 1.38e+00  1e+00  2e+00 36:04.2
   54    648 2.877543143020004e-02 2.1e+00 1.36e+00  1e+00  2e+00 37:26.9
   56    672 -1.890722738701248e-02 2.1e+00 1.30e+00  1e+00  2e+00 38:49.9
   58    696 2.336697429619786e-03 2.1e+00 1.24e+00  1e+00  2e+00 40:12.9
   60    720 -3.302869242401749e-02 2.2e+00 1.27e+00  1e+00  2e+00 41:35.7
   62    744 -2.590112755030082e-02 2.2e+00 1.25e+00  1e+00  2e+00 42:58.8
   64    768 -1.197652884841617e-02 2.2e+00 1.22e+00  1e+00  1e+00 44:21.7
   66    792 -3.274139563264664e-02 2.2e+00 1.26e+00  1e+00  2e+00 45:44.7
   68    816 -1.526113003773149e-02 2.3e+00 1.35e+00  1e+00  2e+00 47:07.8
   70    840 -4.354080811951684e-02 2.3e+00 1.35e+00  1e+00  2e+00 48:30.8
   72    864 -3.862271919584188e-02 2.4e+00 1.20e+00  1e+00  2e+00 49:53.6
   74    888 -1.078131343063472e-02 2.4e+00 1.20e+00  1e+00  1e+00 51:16.3
   76    912 7.339111735885172e-03 2.5e+00 1.13e+00  1e+00  1e+00 52:39.4
   78    936 -3.163732645609807e-02 2.5e+00 1.16e+00  1e+00  1e+00 54:02.7
   80    960 -2.691873365642497e-03 2.4e+00 1.10e+00  1e+00  1e+00 55:25.4
   82    984 -7.463826949141366e-03 2.5e+00 1.10e+00  1e+00  1e+00 56:48.6
   84   1008 -1.811169715624066e-02 2.5e+00 1.14e+00  1e+00  1e+00 58:11.6
   86   1032 -2.733326008241519e-02 2.5e+00 1.15e+00  1e+00  1e+00 59:34.6
   88   1056 -2.357718715609292e-02 2.6e+00 1.10e+00  1e+00  1e+00 60:57.5
   90   1080 -2.557566931818123e-03 2.6e+00 1.03e+00  9e-01  1e+00 62:20.4
   92   1104 -4.898434603945209e-02 2.6e+00 9.81e-01  9e-01  1e+00 63:43.4
   94   1128 -1.845062214849956e-02 2.6e+00 9.92e-01  9e-01  1e+00 65:06.4
   96   1152 -1.861809283597074e-02 2.7e+00 9.98e-01  9e-01  1e+00 66:29.4
   98   1176 -5.198041361880913e-02 2.7e+00 9.21e-01  8e-01  1e+00 67:52.5
  100   1200 -6.254711869541539e-03 2.8e+00 9.74e-01  8e-01  1e+00 69:15.3
  102   1224 -3.688383310407263e-03 2.8e+00 1.01e+00  9e-01  1e+00 70:38.2
  104   1248 -3.954459651955720e-02 2.9e+00 9.85e-01  9e-01  1e+00 72:01.1
  106   1272 -4.737874269812987e-02 2.9e+00 1.04e+00  9e-01  1e+00 73:24.2
  108   1296 -3.586437981722981e-02 2.9e+00 1.10e+00  1e+00  1e+00 74:47.2
  110   1320 -4.236076345107635e-02 2.9e+00 1.15e+00  1e+00  1e+00 76:10.0
  112   1344 -4.398342072004567e-02 3.0e+00 1.12e+00  1e+00  1e+00 77:33.3
  114   1368 -3.260657493908008e-02 3.1e+00 1.09e+00  1e+00  1e+00 78:56.2
  116   1392 -4.358162138451335e-02 3.0e+00 1.06e+00  9e-01  1e+00 80:19.2
  118   1416 -3.406282408791145e-02 3.1e+00 1.00e+00  9e-01  1e+00 81:42.0
  120   1440 -5.154315893468032e-02 3.1e+00 8.99e-01  8e-01  1e+00 83:04.9
  122   1464 1.116305757423477e-03 3.2e+00 8.28e-01  7e-01  1e+00 84:28.0
  124   1488 -3.694240788208363e-02 3.2e+00 7.98e-01  7e-01  1e+00 85:50.9
  126   1512 -4.341730637415215e-02 3.2e+00 7.45e-01  6e-01  1e+00 87:13.9
  129   1548 -4.078247981116845e-02 3.3e+00 6.54e-01  5e-01  9e-01 89:18.7
  132   1584 -2.196544853386418e-02 3.4e+00 6.45e-01  5e-01  9e-01 91:23.1
  135   1620 -2.158202818129393e-02 3.4e+00 6.58e-01  5e-01  9e-01 93:28.4
  138   1656 -4.197269148584057e-02 3.5e+00 6.88e-01  6e-01  9e-01 95:33.0
  141   1692 -3.536037491606678e-02 3.5e+00 7.32e-01  6e-01  1e+00 97:37.7
  144   1728 -4.208246866675489e-02 3.5e+00 7.32e-01  6e-01  1e+00 99:43.0
  147   1764 -1.255644662261604e-02 3.5e+00 7.28e-01  6e-01  1e+00 101:47.4
  150   1800 -3.184872052307192e-02 3.6e+00 7.69e-01  6e-01  1e+00 103:52.1
  153   1836 3.563151405092203e-02 3.7e+00 8.09e-01  7e-01  1e+00 105:56.7
  156   1872 3.641749925105101e-03 3.9e+00 8.26e-01  7e-01  1e+00 108:01.2
  159   1908 -2.018736392192743e-02 4.0e+00 8.73e-01  7e-01  1e+00 110:05.6
  162   1944 -1.305011979356575e-02 3.9e+00 8.84e-01  7e-01  1e+00 112:10.4
  165   1980 6.593735903899692e-03 3.9e+00 8.88e-01  7e-01  1e+00 114:15.1
  168   2016 -6.446688655393086e-03 3.8e+00 9.68e-01  8e-01  1e+00 116:19.8
  171   2052 -2.846959389614184e-02 3.8e+00 8.93e-01  7e-01  1e+00 118:24.5
  174   2088 -3.611700322454422e-02 3.8e+00 9.12e-01  7e-01  1e+00 120:28.5
  177   2124 1.861100108536557e-02 3.9e+00 8.83e-01  7e-01  1e+00 122:33.4
  180   2160 -4.362369147215323e-02 3.9e+00 8.38e-01  7e-01  1e+00 124:38.0
  183   2196 -3.249221484105901e-02 3.9e+00 7.50e-01  6e-01  1e+00 126:42.8
  186   2232 -3.326978816922228e-02 3.9e+00 6.56e-01  5e-01  9e-01 128:47.5
  189   2268 -1.952892721896197e-02 3.8e+00 5.96e-01  5e-01  8e-01 130:52.1
  192   2304 -3.398949404716208e-02 3.8e+00 6.20e-01  5e-01  8e-01 132:56.7
  195   2340 -4.466927263798482e-02 3.9e+00 5.73e-01  4e-01  8e-01 135:01.1
  198   2376 -2.880680006059278e-02 4.0e+00 5.49e-01  4e-01  7e-01 137:06.2
  200   2400 -9.213880691918601e-04 4.0e+00 5.11e-01  4e-01  7e-01 138:29.2
  203   2436 -2.926478942257148e-02 4.0e+00 5.25e-01  4e-01  7e-01 140:34.4
  206   2472 -2.625014914430781e-02 4.0e+00 5.73e-01  4e-01  8e-01 142:39.4
  209   2508 -3.683490191650254e-02 4.1e+00 5.78e-01  4e-01  8e-01 144:44.4
  212   2544 -4.910239995587051e-02 4.2e+00 5.52e-01  4e-01  7e-01 146:48.8
  215   2580 -1.809519212006413e-02 4.2e+00 5.34e-01  4e-01  7e-01 148:52.8
  218   2616 -3.989231418411517e-02 4.2e+00 5.02e-01  3e-01  6e-01 150:57.5
  221   2652 -3.320736845525180e-02 4.2e+00 4.58e-01  3e-01  6e-01 153:02.0
  224   2688 2.496198130118523e-03 4.2e+00 4.56e-01  3e-01  6e-01 155:06.8
  227   2724 -4.798429204706126e-02 4.3e+00 4.49e-01  3e-01  6e-01 157:11.2
  230   2760 -2.776784249905112e-02 4.4e+00 4.23e-01  3e-01  5e-01 159:15.6
  233   2796 -4.309804058197635e-02 4.5e+00 4.00e-01  3e-01  5e-01 161:19.8
  236   2832 -5.291605765585428e-02 4.5e+00 3.85e-01  2e-01  5e-01 163:24.1
  239   2868 -5.139893644250865e-02 4.4e+00 3.50e-01  2e-01  4e-01 165:29.1
  242   2904 -4.818343986585263e-02 4.4e+00 3.38e-01  2e-01  4e-01 167:33.9
  245   2940 -4.224858239652532e-02 4.5e+00 3.28e-01  2e-01  4e-01 169:38.5
  248   2976 -5.194042703762689e-02 4.5e+00 2.83e-01  2e-01  3e-01 171:43.6
  252   3024 -5.431576437074803e-02 4.5e+00 2.50e-01  1e-01  3e-01 174:30.3
  256   3072 -6.208892985818767e-02 4.5e+00 2.29e-01  1e-01  3e-01 177:16.8
  260   3120 -6.014413724168880e-02 4.6e+00 2.19e-01  1e-01  3e-01 180:02.9
  264   3168 -6.065035685496362e-02 4.8e+00 2.11e-01  1e-01  2e-01 182:49.8
  268   3216 -6.496095040344210e-02 4.8e+00 1.83e-01  1e-01  2e-01 185:36.1
  272   3264 -5.807884158456568e-02 4.7e+00 1.80e-01  1e-01  2e-01 188:22.4
  276   3312 -6.082349656980354e-02 4.6e+00 1.69e-01  9e-02  2e-01 191:08.4
  280   3360 -6.010971128849994e-02 4.7e+00 1.56e-01  8e-02  2e-01 193:54.5
  284   3408 -6.190140743278012e-02 4.8e+00 1.56e-01  8e-02  2e-01 196:40.9
  288   3456 -6.280724751084897e-02 5.0e+00 1.32e-01  7e-02  2e-01 199:27.0
  292   3504 -6.227259558462731e-02 5.1e+00 1.14e-01  6e-02  1e-01 202:13.0
  296   3552 -6.505159078733118e-02 5.3e+00 9.90e-02  5e-02  1e-01 204:59.3
  300   3600 -6.548976071517944e-02 5.4e+00 9.16e-02  4e-02  1e-01 207:45.1
  304   3648 -6.737104021858172e-02 5.3e+00 9.29e-02  5e-02  1e-01 210:31.1
  308   3696 -6.742620035904873e-02 5.4e+00 8.84e-02  4e-02  1e-01 213:17.5
  312   3744 -6.677419274284860e-02 5.6e+00 8.62e-02  4e-02  1e-01 216:03.3
  316   3792 -6.711805300322750e-02 5.6e+00 7.83e-02  4e-02  9e-02 218:49.0
  320   3840 -6.850876366521591e-02 5.8e+00 7.49e-02  3e-02  8e-02 221:35.4
  324   3888 -6.776701868913153e-02 6.1e+00 8.36e-02  4e-02  9e-02 224:22.0
  328   3936 -6.875658779231975e-02 6.4e+00 8.92e-02  4e-02  1e-01 227:08.2
  332   3984 -6.839746440106631e-02 7.0e+00 9.57e-02  4e-02  1e-01 229:54.0
  336   4032 -6.848037154307590e-02 7.2e+00 9.27e-02  4e-02  1e-01 232:39.8
  340   4080 -6.867880478199903e-02 7.6e+00 8.16e-02  4e-02  1e-01 235:25.8
  344   4128 -6.891473331261724e-02 7.7e+00 6.70e-02  3e-02  8e-02 238:11.9
  348   4176 -6.878726184432617e-02 7.8e+00 5.63e-02  2e-02  7e-02 240:58.0
  352   4224 -6.863499787655246e-02 8.0e+00 5.15e-02  2e-02  6e-02 243:44.2
  356   4272 -6.879640611418081e-02 8.1e+00 4.04e-02  2e-02  5e-02 246:30.6
  360   4320 -6.887603355085892e-02 8.6e+00 3.77e-02  2e-02  4e-02 249:16.7
  364   4368 -6.894982141731849e-02 8.9e+00 3.63e-02  2e-02  4e-02 252:02.8
  368   4416 -6.908958305682998e-02 9.6e+00 3.86e-02  2e-02  5e-02 254:48.9
  372   4464 -6.909563580386974e-02 1.0e+01 4.10e-02  2e-02  5e-02 257:35.4
  376   4512 -6.921440769806100e-02 1.1e+01 4.07e-02  2e-02  5e-02 260:21.1
  380   4560 -6.921457041258498e-02 1.2e+01 4.25e-02  2e-02  6e-02 263:07.1
  384   4608 -6.919500907008742e-02 1.2e+01 4.02e-02  2e-02  5e-02 265:53.0
  388   4656 -6.933953665043414e-02 1.2e+01 3.34e-02  1e-02  4e-02 268:39.6
  392   4704 -6.942692284569908e-02 1.3e+01 3.08e-02  1e-02  4e-02 271:26.3
  396   4752 -6.945615270626605e-02 1.3e+01 3.09e-02  1e-02  4e-02 274:12.7
  400   4800 -6.952388206421177e-02 1.3e+01 3.57e-02  1e-02  4e-02 276:58.9
  404   4848 -6.953560321790649e-02 1.3e+01 3.88e-02  1e-02  5e-02 279:45.2
  408   4896 -6.961753751668399e-02 1.4e+01 4.30e-02  2e-02  5e-02 282:31.1
  412   4944 -6.971388242807876e-02 1.4e+01 4.38e-02  2e-02  5e-02 285:16.6
  417   5004 -6.987057824407188e-02 1.4e+01 4.43e-02  2e-02  5e-02 288:44.0
  422   5064 -6.999828214094246e-02 1.4e+01 4.80e-02  2e-02  6e-02 292:11.2
  427   5124 -7.007007476328106e-02 1.5e+01 4.77e-02  2e-02  5e-02 295:38.5
  432   5184 -7.024927673275617e-02 1.5e+01 4.86e-02  2e-02  6e-02 299:05.5
  437   5244 -7.028199963802802e-02 1.6e+01 5.82e-02  2e-02  7e-02 302:33.3
  442   5304 -7.055618289935454e-02 1.7e+01 6.05e-02  2e-02  7e-02 306:00.5
  447   5364 -7.066444725426406e-02 1.7e+01 5.64e-02  2e-02  7e-02 309:27.8
  452   5424 -7.066774780054057e-02 1.8e+01 5.34e-02  2e-02  6e-02 312:55.0
  457   5484 -7.087645926021038e-02 1.9e+01 4.68e-02  1e-02  6e-02 316:22.2
  462   5544 -7.086743357149471e-02 2.0e+01 3.94e-02  1e-02  5e-02 319:50.3
  467   5604 -7.097294513534788e-02 2.0e+01 3.52e-02  1e-02  4e-02 323:18.2
  472   5664 -7.107531281919151e-02 2.1e+01 3.59e-02  1e-02  5e-02 326:46.0
  477   5724 -7.111806417024920e-02 2.2e+01 3.64e-02  1e-02  5e-02 330:13.1
  482   5784 -7.115796335471743e-02 2.2e+01 3.91e-02  1e-02  5e-02 333:40.5
  487   5844 -7.125087468029719e-02 2.2e+01 3.49e-02  1e-02  4e-02 337:08.1
  492   5904 -7.127403367427353e-02 2.3e+01 3.36e-02  9e-03  4e-02 340:35.5
  497   5964 -7.128496831886641e-02 2.5e+01 3.30e-02  9e-03  4e-02 344:03.0
  500   6000 -7.125589738348422e-02 2.7e+01 3.57e-02  9e-03  5e-02 346:07.7
  505   6060 -7.138317016205627e-02 3.0e+01 3.44e-02  9e-03  5e-02 349:35.9
  510   6120 -7.138352573027938e-02 3.3e+01 2.65e-02  7e-03  4e-02 353:03.1
  515   6180 -7.145677813015625e-02 3.5e+01 2.55e-02  7e-03  4e-02 356:30.2
  520   6240 -7.149816102036735e-02 3.6e+01 2.55e-02  7e-03  4e-02 359:57.5
  525   6300 -7.152814581979447e-02 3.8e+01 2.50e-02  7e-03  4e-02 363:24.8
  530   6360 -7.162932646332529e-02 4.0e+01 2.96e-02  9e-03  5e-02 366:52.5
  535   6420 -7.166437276359695e-02 4.3e+01 3.79e-02  1e-02  7e-02 370:19.8
  540   6480 -7.174058126545219e-02 4.6e+01 3.94e-02  1e-02  8e-02 373:47.2
  545   6540 -7.176972970808465e-02 4.7e+01 3.26e-02  1e-02  6e-02 377:14.5
  550   6600 -7.179352684939586e-02 4.7e+01 2.99e-02  1e-02  6e-02 380:41.6
  555   6660 -7.188786513611164e-02 5.0e+01 3.02e-02  1e-02  6e-02 384:09.3
  560   6720 -7.192765361323560e-02 5.2e+01 3.15e-02  1e-02  7e-02 387:37.3
  565   6780 -7.195187439359906e-02 5.6e+01 3.45e-02  1e-02  8e-02 391:05.1
  570   6840 -7.200032944804249e-02 6.0e+01 3.53e-02  1e-02  9e-02 394:32.6
  575   6900 -7.208682126954033e-02 6.2e+01 3.33e-02  1e-02  9e-02 397:59.7
  580   6960 -7.209424619145176e-02 6.3e+01 3.14e-02  1e-02  8e-02 401:27.1
  585   7020 -7.212568237317939e-02 6.3e+01 2.65e-02  9e-03  7e-02 404:54.6
  590   7080 -7.213098317515353e-02 6.6e+01 2.62e-02  9e-03  7e-02 408:21.8
  595   7140 -7.215120519036754e-02 6.4e+01 2.27e-02  7e-03  6e-02 411:48.8
  600   7200 -7.215764751675358e-02 6.5e+01 2.23e-02  7e-03  6e-02 415:16.3
  605   7260 -7.218913570787239e-02 6.4e+01 2.50e-02  8e-03  6e-02 418:43.8
  610   7320 -7.219974475847134e-02 6.6e+01 2.30e-02  7e-03  6e-02 422:11.4
