Running job array 44 on pe74.int.triton.aalto.fi
Starting at Fri Mar 21 16:01:41 EET 2025
Activating virtual environment at /scratch/work/uotilav2/quantum-portfolio/venv
Processing batch 45/100: experiments 44 to 44 (total 1)
Processing experiment 44
Budget: 336
YF.download() has changed argument auto_adjust default to True
Number of qubits for asset CRM: 1
Number of qubits for asset DIS: 2
Number of qubits for asset HON: 1
Number of qubits for asset MMM: 2
Number of qubits for asset VZ: 4
Total number of qubits:  10
Optimized Weights (considering variance, skewness and kurtosis):
CRM: 73.82%
DIS: 0.00%
HON: 26.18%
MMM: 0.00%
VZ: 0.00%
Left over budget:  1.6700134143184755
Optimized Discrete Allocation:
CRM: 1
Maximized utility from continuous higher moments:  0.12828143018379284
Budget constraint not satisfied 336.0374984741211 336 Difference:  -0.03749847412109375
Budget constraint satisfied 335.50012969970703 336 Difference:  0.49987030029296875
smallest_eigenvalues: [-0.05054143427408897]
smallest_bitstrings: ['0101000000']
first_excited_energy: -0.05054128393705952
optimized_portfolio: [{'CRM': 0, 'DIS': 1, 'HON': 1, 'MMM': 0, 'VZ': 0}]
second_optimized_portfolio: [{'CRM': 0, 'DIS': 0, 'HON': 0, 'MMM': 2, 'VZ': 2}]
result_with_budget: [{'portfolio': {'CRM': 0, 'DIS': 1, 'HON': 1, 'MMM': 0, 'VZ': 0}, 'budget': 336.0374984741211, 'difference': -0.03749847412109375, 'objective_value': -0.30481340264258616}]
result_with_budget_excited: [{'portfolio': {'CRM': 0, 'DIS': 0, 'HON': 0, 'MMM': 2, 'VZ': 2}, 'budget': 335.50012969970703, 'difference': 0.49987030029296875, 'objective_value': -1.566543392543924}]
Initial params:  [2.51063067 1.44978017 2.45210473 0.37157007 2.01037118 0.45035763
 2.96776493 1.63943485 1.3026989  0.83112597 2.43232687 1.43303853
 1.78578792 0.0590299  1.94035914 1.92295543 1.93815531 2.96487203
 2.14200164 1.12942738]
(6_w,12)-aCMA-ES (mu_w=3.7,w_1=40%) in dimension 20 (seed=703655, Fri Mar 21 16:02:01 2025)
Iterat #Fevals   function value  axis ratio  sigma  min&max std  t[m:s]
    1     12 -1.577687214651985e-02 1.0e+00 9.88e-02  1e-01  1e-01 0:26.1
    2     24 -2.389835179070059e-02 1.1e+00 1.01e-01  1e-01  1e-01 0:52.3
    3     36 -2.682895941201770e-02 1.2e+00 1.03e-01  1e-01  1e-01 1:18.5
    4     48 -2.549905619781957e-02 1.2e+00 1.07e-01  1e-01  1e-01 1:44.8
    5     60 -3.025355475363574e-02 1.2e+00 1.10e-01  1e-01  1e-01 2:11.0
    6     72 -2.928701714558254e-02 1.2e+00 1.11e-01  1e-01  1e-01 2:37.2
    7     84 -2.921375911238200e-02 1.3e+00 1.07e-01  1e-01  1e-01 3:03.5
    8     96 -3.176199776388738e-02 1.3e+00 1.05e-01  1e-01  1e-01 3:29.6
    9    108 -3.115916777871252e-02 1.3e+00 1.04e-01  1e-01  1e-01 3:55.8
   10    120 -3.396786951896052e-02 1.3e+00 1.06e-01  1e-01  1e-01 4:22.0
   11    132 -3.401539917075137e-02 1.3e+00 1.10e-01  1e-01  1e-01 4:48.3
   12    144 -3.331278437844985e-02 1.4e+00 1.11e-01  1e-01  1e-01 5:14.4
   13    156 -3.348549146236596e-02 1.4e+00 1.11e-01  1e-01  1e-01 5:40.6
   14    168 -3.434676760656809e-02 1.5e+00 1.10e-01  1e-01  1e-01 6:06.9
   15    180 -3.449631522203965e-02 1.5e+00 1.10e-01  1e-01  1e-01 6:33.2
   16    192 -3.461826703308616e-02 1.5e+00 1.08e-01  1e-01  1e-01 6:59.3
   17    204 -3.423022271540521e-02 1.6e+00 1.07e-01  1e-01  1e-01 7:25.5
   18    216 -3.321913024948034e-02 1.6e+00 1.03e-01  9e-02  1e-01 7:51.7
   19    228 -3.309974389379976e-02 1.6e+00 9.92e-02  9e-02  1e-01 8:17.9
   20    240 -3.346678336987402e-02 1.6e+00 9.58e-02  9e-02  1e-01 8:44.0
   21    252 -3.427498417654016e-02 1.6e+00 9.20e-02  8e-02  1e-01 9:10.2
   22    264 -3.284944300040542e-02 1.6e+00 9.12e-02  8e-02  1e-01 9:36.4
   23    276 -3.283156018545423e-02 1.6e+00 9.09e-02  8e-02  1e-01 10:02.4
   24    288 -3.298573619300849e-02 1.7e+00 9.05e-02  8e-02  1e-01 10:28.6
   25    300 -3.258598537560869e-02 1.7e+00 9.11e-02  8e-02  1e-01 10:54.9
   26    312 -3.237076223712432e-02 1.7e+00 8.97e-02  8e-02  1e-01 11:21.1
   27    324 -3.266756909320804e-02 1.7e+00 8.84e-02  8e-02  1e-01 11:47.2
   29    348 -3.420393419873180e-02 1.7e+00 9.05e-02  8e-02  1e-01 12:39.7
   31    372 -3.484854563765677e-02 1.8e+00 9.45e-02  8e-02  1e-01 13:32.2
   33    396 -3.437610168115823e-02 1.8e+00 9.79e-02  9e-02  1e-01 14:24.6
   35    420 -3.239846360139696e-02 1.8e+00 1.02e-01  9e-02  1e-01 15:16.9
   37    444 -3.538186129451703e-02 1.9e+00 9.96e-02  9e-02  1e-01 16:09.5
   39    468 -3.446009088660736e-02 2.0e+00 1.03e-01  9e-02  1e-01 17:01.8
   41    492 -3.415732908991788e-02 2.1e+00 1.09e-01  1e-01  1e-01 17:54.2
   43    516 -3.416085356972390e-02 2.2e+00 1.10e-01  1e-01  1e-01 18:46.8
   45    540 -3.370978205269429e-02 2.3e+00 1.12e-01  1e-01  1e-01 19:39.2
   47    564 -3.451538977001204e-02 2.5e+00 1.10e-01  9e-02  1e-01 20:31.7
   49    588 -3.388814124631062e-02 2.5e+00 1.06e-01  9e-02  1e-01 21:24.2
   51    612 -3.341168327883064e-02 2.6e+00 1.05e-01  9e-02  1e-01 22:16.6
   53    636 -3.556873143252742e-02 2.6e+00 9.52e-02  8e-02  1e-01 23:09.0
   55    660 -3.465586817698071e-02 2.6e+00 8.69e-02  7e-02  1e-01 24:01.3
   57    684 -3.527853853866605e-02 2.7e+00 8.12e-02  7e-02  9e-02 24:53.7
   59    708 -3.537617972860269e-02 2.8e+00 8.16e-02  7e-02  9e-02 25:46.2
   61    732 -3.468245439396191e-02 2.9e+00 8.56e-02  7e-02  1e-01 26:38.5
   63    756 -3.547880257747596e-02 3.0e+00 8.31e-02  7e-02  9e-02 27:30.7
   65    780 -3.565437344470557e-02 3.1e+00 7.55e-02  6e-02  9e-02 28:23.1
   67    804 -3.527537484300120e-02 3.2e+00 7.15e-02  6e-02  8e-02 29:15.4
   69    828 -3.525502156189965e-02 3.3e+00 6.52e-02  5e-02  8e-02 30:07.6
   71    852 -3.588033585111909e-02 3.3e+00 6.16e-02  5e-02  7e-02 30:59.8
   73    876 -3.568263473130488e-02 3.3e+00 6.10e-02  5e-02  7e-02 31:52.3
   75    900 -3.611733129466574e-02 3.4e+00 6.38e-02  5e-02  7e-02 32:44.6
   77    924 -3.535921024518913e-02 3.5e+00 6.55e-02  5e-02  8e-02 33:37.1
   79    948 -3.547578472355371e-02 3.6e+00 6.56e-02  5e-02  8e-02 34:29.4
   82    984 -3.589496371797636e-02 3.6e+00 5.66e-02  4e-02  7e-02 35:47.6
   85   1020 -3.615352041640749e-02 3.8e+00 4.77e-02  4e-02  6e-02 37:06.2
   88   1056 -3.623148665415857e-02 3.9e+00 4.49e-02  4e-02  5e-02 38:25.2
   91   1092 -3.616681280434834e-02 4.2e+00 4.30e-02  3e-02  5e-02 39:44.1
   94   1128 -3.641446588275803e-02 4.3e+00 4.11e-02  3e-02  5e-02 41:02.9
   97   1164 -3.672861055789193e-02 4.6e+00 4.39e-02  4e-02  5e-02 42:21.9
  100   1200 -3.665942391246053e-02 4.7e+00 4.95e-02  4e-02  6e-02 43:40.9
  103   1236 -3.707551003277382e-02 4.9e+00 5.71e-02  5e-02  7e-02 44:59.6
  106   1272 -3.751587020286607e-02 4.9e+00 6.75e-02  5e-02  8e-02 46:18.6
  109   1308 -3.727935742287453e-02 5.1e+00 6.36e-02  5e-02  7e-02 47:37.3
  112   1344 -3.747838394359534e-02 5.3e+00 5.83e-02  5e-02  7e-02 48:56.0
  115   1380 -3.804640222467217e-02 5.4e+00 5.49e-02  4e-02  6e-02 50:14.7
  118   1416 -3.789925416882810e-02 5.6e+00 5.15e-02  4e-02  6e-02 51:33.6
  121   1452 -3.800478030311012e-02 5.7e+00 4.98e-02  4e-02  6e-02 52:52.5
  124   1488 -3.817719296736211e-02 5.8e+00 4.87e-02  4e-02  6e-02 54:11.1
  127   1524 -3.840028388904202e-02 5.9e+00 5.15e-02  4e-02  6e-02 55:29.9
  130   1560 -3.845368476581115e-02 6.3e+00 5.23e-02  4e-02  7e-02 56:48.9
  133   1596 -3.857162036048092e-02 6.5e+00 4.89e-02  4e-02  6e-02 58:07.6
  136   1632 -3.857837680445832e-02 6.6e+00 4.66e-02  4e-02  6e-02 59:26.9
  139   1668 -3.868773480365193e-02 6.7e+00 4.80e-02  4e-02  6e-02 60:46.0
  142   1704 -3.868029765983030e-02 7.0e+00 4.66e-02  4e-02  6e-02 62:04.8
  145   1740 -3.860958571835907e-02 7.1e+00 4.68e-02  4e-02  6e-02 63:23.5
  148   1776 -3.868567242895464e-02 7.4e+00 4.15e-02  3e-02  5e-02 64:42.4
  151   1812 -3.878246559389849e-02 7.7e+00 3.55e-02  3e-02  4e-02 66:01.3
  154   1848 -3.886395770684309e-02 7.9e+00 3.45e-02  3e-02  4e-02 67:20.3
  157   1884 -3.880191142545686e-02 8.3e+00 3.38e-02  3e-02  4e-02 68:39.4
  161   1932 -3.887587389645890e-02 8.8e+00 3.50e-02  3e-02  4e-02 70:24.7
  165   1980 -3.897573617787581e-02 9.7e+00 3.77e-02  3e-02  5e-02 72:10.0
  169   2028 -3.904745901441065e-02 1.0e+01 3.59e-02  3e-02  5e-02 73:55.2
  173   2076 -3.910089833401204e-02 1.1e+01 3.65e-02  3e-02  5e-02 75:40.0
  177   2124 -3.920070233772122e-02 1.2e+01 3.90e-02  3e-02  5e-02 77:25.0
  181   2172 -3.931308268873009e-02 1.3e+01 4.13e-02  3e-02  6e-02 79:10.2
  185   2220 -3.937371065916844e-02 1.4e+01 4.08e-02  3e-02  6e-02 80:55.4
  189   2268 -3.943207944605791e-02 1.4e+01 3.75e-02  3e-02  6e-02 82:40.8
  193   2316 -3.963121788206136e-02 1.5e+01 3.62e-02  3e-02  6e-02 84:25.9
  197   2364 -3.972205351195391e-02 1.7e+01 3.75e-02  3e-02  7e-02 86:11.1
  200   2400 -3.970362738587883e-02 1.8e+01 4.03e-02  3e-02  7e-02 87:30.0
  204   2448 -3.988524018134074e-02 1.8e+01 4.04e-02  3e-02  7e-02 89:15.1
  208   2496 -3.999487296931639e-02 2.0e+01 4.16e-02  3e-02  8e-02 91:00.4
  212   2544 -4.009776594839275e-02 2.2e+01 4.82e-02  3e-02  1e-01 92:45.7
  216   2592 -4.029387061535523e-02 2.4e+01 5.09e-02  4e-02  1e-01 94:31.0
  220   2640 -4.046420189150253e-02 2.7e+01 6.24e-02  4e-02  2e-01 96:16.4
  224   2688 -4.070163735728227e-02 3.1e+01 7.59e-02  5e-02  2e-01 98:01.7
  228   2736 -4.083380128650400e-02 3.3e+01 6.94e-02  5e-02  2e-01 99:47.1
  232   2784 -4.121613499808078e-02 3.5e+01 6.24e-02  4e-02  2e-01 101:32.5
  236   2832 -4.124543734995327e-02 3.8e+01 6.13e-02  4e-02  2e-01 103:18.0
  240   2880 -4.124096881078039e-02 3.8e+01 6.08e-02  4e-02  2e-01 105:03.5
  244   2928 -4.145076583777792e-02 4.1e+01 6.35e-02  4e-02  2e-01 106:49.1
  248   2976 -4.173017032677214e-02 4.2e+01 5.67e-02  4e-02  2e-01 108:34.6
  252   3024 -4.175447162867744e-02 4.3e+01 5.32e-02  4e-02  2e-01 110:20.0
  256   3072 -4.183904444644343e-02 4.2e+01 4.94e-02  3e-02  2e-01 112:05.3
  260   3120 -4.179482651873143e-02 4.3e+01 4.59e-02  3e-02  1e-01 113:50.6
  264   3168 -4.204199861341409e-02 4.3e+01 4.03e-02  3e-02  1e-01 115:36.2
  269   3228 -4.217774697975454e-02 4.5e+01 3.80e-02  3e-02  1e-01 117:47.9
  274   3288 -4.235994712767176e-02 4.9e+01 4.14e-02  3e-02  1e-01 119:59.8
  279   3348 -4.237924532753846e-02 5.1e+01 4.24e-02  3e-02  1e-01 122:11.4
  284   3408 -4.258856281777757e-02 5.3e+01 4.88e-02  3e-02  2e-01 124:22.9
  289   3468 -4.264656394439340e-02 5.6e+01 4.89e-02  3e-02  2e-01 126:34.7
  294   3528 -4.275639530317937e-02 5.7e+01 4.78e-02  3e-02  2e-01 128:45.9
  299   3588 -4.284594466207510e-02 6.0e+01 4.75e-02  3e-02  2e-01 130:57.5
  300   3600 -4.286066162772235e-02 6.1e+01 4.80e-02  3e-02  2e-01 131:23.9
  305   3660 -4.283940083558016e-02 6.3e+01 5.12e-02  3e-02  2e-01 133:35.1
  310   3720 -4.292649114510776e-02 6.6e+01 4.27e-02  3e-02  2e-01 135:46.5
  315   3780 -4.298834065132246e-02 6.6e+01 3.52e-02  2e-02  1e-01 137:57.6
  320   3840 -4.307446147837916e-02 6.6e+01 2.93e-02  2e-02  1e-01 140:08.8
  325   3900 -4.310041628566397e-02 6.9e+01 2.69e-02  2e-02  1e-01 142:20.2
  330   3960 -4.320397036746126e-02 7.5e+01 3.17e-02  2e-02  1e-01 144:31.9
  335   4020 -4.325406321970266e-02 7.9e+01 3.92e-02  2e-02  2e-01 146:43.0
  340   4080 -4.339252872693617e-02 8.2e+01 4.83e-02  3e-02  2e-01 148:54.2
  345   4140 -4.357231554696975e-02 9.0e+01 6.29e-02  3e-02  3e-01 151:05.5
  350   4200 -4.353671854766494e-02 1.0e+02 7.29e-02  4e-02  4e-01 153:16.8
  355   4260 -4.365730461057285e-02 1.1e+02 7.04e-02  3e-02  4e-01 155:28.0
  360   4320 -4.380784722613115e-02 1.1e+02 6.47e-02  3e-02  3e-01 157:39.4
  365   4380 -4.400523469838702e-02 1.2e+02 5.92e-02  3e-02  3e-01 159:50.7
  370   4440 -4.429202139821432e-02 1.2e+02 6.54e-02  3e-02  4e-01 162:02.2
  375   4500 -4.424030596792247e-02 1.3e+02 5.67e-02  3e-02  3e-01 164:13.2
  380   4560 -4.432153202730111e-02 1.4e+02 4.99e-02  2e-02  3e-01 166:24.6
  385   4620 -4.446135875592405e-02 1.4e+02 5.36e-02  2e-02  3e-01 168:36.1
  390   4680 -4.464118045607531e-02 1.4e+02 5.58e-02  3e-02  3e-01 170:47.3
  396   4752 -4.466168823782100e-02 1.5e+02 5.57e-02  3e-02  4e-01 173:25.2
  400   4800 -4.476249957779969e-02 1.6e+02 5.08e-02  2e-02  3e-01 175:10.9
  406   4872 -4.488581213398052e-02 1.7e+02 5.06e-02  2e-02  3e-01 177:48.8
  412   4944 -4.501959360053315e-02 1.7e+02 5.14e-02  2e-02  4e-01 180:26.1
  418   5016 -4.509074719324787e-02 2.0e+02 5.76e-02  2e-02  4e-01 183:03.7
  424   5088 -4.513927397965418e-02 2.1e+02 4.90e-02  2e-02  4e-01 185:41.1
  430   5160 -4.523294145235424e-02 2.2e+02 4.34e-02  2e-02  3e-01 188:19.0
  436   5232 -4.526250951724581e-02 2.2e+02 4.19e-02  1e-02  3e-01 190:57.0
  442   5304 -4.531383788639635e-02 2.4e+02 4.29e-02  1e-02  4e-01 193:35.1
  448   5376 -4.532743592147940e-02 2.4e+02 3.40e-02  1e-02  3e-01 196:12.6
  454   5448 -4.538964814352280e-02 2.5e+02 3.03e-02  9e-03  3e-01 198:50.1
  460   5520 -4.543391343179096e-02 2.4e+02 2.97e-02  9e-03  3e-01 201:28.4
  466   5592 -4.546401188541609e-02 2.5e+02 3.08e-02  9e-03  3e-01 204:06.0
  472   5664 -4.550166957564412e-02 2.5e+02 2.96e-02  8e-03  3e-01 206:43.9
  478   5736 -4.553838021255769e-02 2.7e+02 3.15e-02  8e-03  3e-01 209:21.5
  484   5808 -4.560978530464323e-02 3.0e+02 3.65e-02  1e-02  3e-01 211:59.8
  490   5880 -4.567062402760301e-02 3.3e+02 5.10e-02  1e-02  5e-01 214:36.8
  496   5952 -4.577862122527301e-02 3.5e+02 4.74e-02  1e-02  5e-01 217:14.1
  500   6000 -4.573078744757680e-02 3.7e+02 4.64e-02  1e-02  5e-01 218:59.1
  506   6072 -4.581787662333010e-02 3.9e+02 4.81e-02  1e-02  5e-01 221:36.8
  512   6144 -4.580662824760162e-02 4.0e+02 4.74e-02  1e-02  5e-01 224:14.0
  518   6216 -4.588849707895228e-02 4.1e+02 5.39e-02  1e-02  6e-01 226:51.5
  524   6288 -4.589764615778180e-02 4.3e+02 6.20e-02  1e-02  7e-01 229:28.9
  530   6360 -4.589827366911613e-02 4.3e+02 6.08e-02  1e-02  7e-01 232:06.2
  536   6432 -4.598766087249175e-02 4.3e+02 5.12e-02  9e-03  6e-01 234:43.4
  542   6504 -4.597472765736609e-02 4.3e+02 4.73e-02  8e-03  5e-01 237:20.9
  549   6588 -4.607864968755960e-02 4.7e+02 4.68e-02  8e-03  6e-01 240:24.7
  556   6672 -4.612974293900795e-02 4.9e+02 4.24e-02  7e-03  6e-01 243:28.4
  563   6756 -4.613805510333489e-02 5.1e+02 4.38e-02  6e-03  6e-01 246:32.3
  570   6840 -4.621935030800237e-02 5.2e+02 4.30e-02  6e-03  6e-01 249:37.0
  577   6924 -4.628042758349258e-02 5.1e+02 3.71e-02  5e-03  5e-01 252:40.8
  584   7008 -4.629477625442530e-02 5.3e+02 3.39e-02  4e-03  5e-01 255:44.0
  591   7092 -4.635473615786831e-02 5.7e+02 3.94e-02  5e-03  6e-01 258:47.2
  598   7176 -4.635777105712235e-02 5.6e+02 3.65e-02  4e-03  5e-01 261:50.1
  600   7200 -4.638414415744599e-02 5.6e+02 3.88e-02  4e-03  6e-01 262:42.4
  607   7284 -4.637608488903895e-02 5.6e+02 4.16e-02  5e-03  6e-01 265:45.5
  614   7368 -4.644195354838047e-02 5.8e+02 4.26e-02  5e-03  6e-01 268:48.8
  621   7452 -4.649434853683000e-02 5.6e+02 5.57e-02  6e-03  8e-01 271:53.1
  628   7536 -4.656069501765592e-02 6.0e+02 6.10e-02  6e-03  9e-01 274:57.0
  635   7620 -4.656377608495826e-02 6.1e+02 4.96e-02  5e-03  7e-01 278:00.7
  642   7704 -4.662296980328745e-02 5.9e+02 4.23e-02  4e-03  6e-01 281:04.3
  649   7788 -4.664927116220069e-02 5.8e+02 3.93e-02  4e-03  5e-01 284:07.9
  656   7872 -4.666477300345954e-02 6.1e+02 3.56e-02  3e-03  5e-01 287:11.4
  663   7956 -4.669966922740452e-02 6.0e+02 3.33e-02  3e-03  5e-01 290:15.0
  670   8040 -4.671936501789207e-02 6.0e+02 3.37e-02  3e-03  5e-01 293:18.6
  677   8124 -4.674648204189796e-02 6.1e+02 3.76e-02  3e-03  5e-01 296:21.7
  684   8208 -4.674639094325227e-02 6.7e+02 5.42e-02  4e-03  8e-01 299:25.1
  691   8292 -4.676212548795686e-02 6.6e+02 5.31e-02  4e-03  7e-01 302:28.7
  698   8376 -4.677296280507457e-02 6.5e+02 4.34e-02  3e-03  6e-01 305:32.0
  700   8400 -4.679764041901605e-02 6.4e+02 4.26e-02  3e-03  6e-01 306:24.6
  707   8484 -4.679612713404675e-02 6.3e+02 4.14e-02  3e-03  5e-01 309:28.1
  714   8568 -4.680517760134782e-02 6.5e+02 3.32e-02  2e-03  4e-01 312:31.5
  722   8664 -4.682298765312005e-02 6.2e+02 2.76e-02  2e-03  3e-01 316:01.3
  730   8760 -4.683112066864686e-02 6.2e+02 2.97e-02  2e-03  4e-01 319:31.3
  738   8856 -4.684186613591414e-02 6.1e+02 3.38e-02  2e-03  4e-01 323:01.0
  746   8952 -4.685789898138017e-02 6.1e+02 5.19e-02  3e-03  6e-01 326:30.7
  754   9048 -4.686491590623103e-02 6.2e+02 4.75e-02  3e-03  5e-01 329:57.2
  762   9144 -4.688565526423876e-02 6.0e+02 4.21e-02  2e-03  5e-01 333:20.2
  770   9240 -4.690827326991610e-02 6.1e+02 4.18e-02  2e-03  5e-01 336:43.9
  778   9336 -4.692889655066693e-02 5.9e+02 4.29e-02  2e-03  5e-01 340:06.8
  786   9432 -4.694683978362531e-02 5.9e+02 5.12e-02  2e-03  5e-01 343:32.0
  794   9528 -4.695981588267165e-02 5.8e+02 4.65e-02  2e-03  5e-01 346:56.5
  800   9600 -4.700324189712158e-02 5.7e+02 5.73e-02  3e-03  6e-01 349:29.4
  808   9696 -4.701627042756865e-02 5.9e+02 7.35e-02  3e-03  7e-01 352:52.6
  816   9792 -4.703771504223010e-02 5.9e+02 9.41e-02  4e-03  9e-01 356:16.1
  824   9888 -4.708792880907559e-02 6.1e+02 1.09e-01  4e-03  1e+00 359:39.8
  832   9984 -4.706703904618588e-02 6.1e+02 1.03e-01  4e-03  1e+00 363:03.4
  840  10080 -4.712576409201447e-02 6.0e+02 9.56e-02  4e-03  9e-01 366:27.2
  848  10176 -4.715042779728156e-02 6.0e+02 8.90e-02  3e-03  8e-01 369:50.8
  856  10272 -4.715318543782484e-02 6.1e+02 6.86e-02  2e-03  6e-01 373:14.1
  864  10368 -4.719477920959995e-02 6.1e+02 6.02e-02  2e-03  5e-01 376:37.8
  872  10464 -4.721241540433985e-02 6.2e+02 6.51e-02  2e-03  6e-01 380:01.5
  881  10572 -4.723220286018428e-02 6.5e+02 5.70e-02  2e-03  5e-01 383:50.7
  890  10680 -4.724669254890842e-02 6.7e+02 4.72e-02  2e-03  4e-01 387:40.8
  899  10788 -4.726955869886066e-02 6.5e+02 6.00e-02  2e-03  5e-01 391:29.8
  900  10800 -4.727406349416616e-02 6.5e+02 6.00e-02  2e-03  5e-01 391:55.2
  909  10908 -4.728832378900243e-02 6.3e+02 7.63e-02  2e-03  6e-01 395:44.2
  918  11016 -4.730147518116822e-02 6.3e+02 5.55e-02  2e-03  5e-01 399:32.9
  927  11124 -4.731720431358566e-02 6.3e+02 5.84e-02  2e-03  5e-01 403:22.0
  936  11232 -4.733165478789111e-02 6.3e+02 4.91e-02  1e-03  4e-01 407:10.6
  945  11340 -4.733651533495416e-02 6.5e+02 3.66e-02  1e-03  3e-01 410:59.6
  954  11448 -4.734204165644888e-02 7.0e+02 3.95e-02  1e-03  3e-01 414:48.9
  963  11556 -4.734670274896010e-02 7.5e+02 3.11e-02  8e-04  3e-01 418:38.1
  972  11664 -4.734899268398188e-02 7.7e+02 3.51e-02  9e-04  3e-01 422:27.4
  981  11772 -4.735188669815973e-02 8.1e+02 3.94e-02  1e-03  3e-01 426:16.9
  990  11880 -4.735377150029429e-02 8.3e+02 3.23e-02  8e-04  3e-01 430:06.9
  999  11988 -4.735768285631391e-02 8.4e+02 2.10e-02  5e-04  2e-01 433:56.2
 1000  12000 -4.735711139620273e-02 8.4e+02 2.03e-02  5e-04  2e-01 434:21.8
Budget constraint satisfied 318.39378356933594 336 Difference:  17.606216430664062
Budget constraint satisfied 279.1000633239746 336 Difference:  56.89993667602539
two_most_probable_states: ['0100100100', '0100101000']
final_expectation_value: -0.047357682856313914
params: [2.013926409581101, 3.623739652849056, 5.78761210903397, 13.91375019907959, 23.57711174383496, -0.19257710865071717, 11.965310474485994, 32.44908845739244, 53.594947337943324, -0.4309808068674999, 1.4606108421229012, 2.4612920961127065, 2.529011056085857, -0.17746060837306607, 2.39283355416899, 0.6645642391814516, 3.118459614711906, 3.081429275650872, 0.3049254282468028, 2.793200628549877]
total_steps: 1000
states_probs: [0.021172016746611205, 0.02185900522481396]
optimized_portfolios: [{'CRM': 0, 'DIS': 1, 'HON': 0, 'MMM': 1, 'VZ': 2}, {'CRM': 0, 'DIS': 1, 'HON': 0, 'MMM': 1, 'VZ': 1}]
objective_values: [0.030590968169302846, -0.034271699703443625]
result_with_budget: [{'portfolio': {'CRM': 0, 'DIS': 1, 'HON': 0, 'MMM': 1, 'VZ': 2}, 'budget': 318.39378356933594, 'difference': 17.606216430664062}, {'portfolio': {'CRM': 0, 'DIS': 1, 'HON': 0, 'MMM': 1, 'VZ': 1}, 'budget': 279.1000633239746, 'difference': 56.89993667602539}]
Batch 45/100 completed. Results saved to portfolio_optimization_results_batch_44.json
Job finished at Fri Mar 21 23:19:38 EET 2025
