Running job array 7 on pe55.int.triton.aalto.fi
Starting at Sat Mar 22 10:18:26 EET 2025
Activating virtual environment at /scratch/work/uotilav2/quantum-portfolio/venv
Processing batch 8/100: experiments 7 to 7 (total 1)
Processing experiment 7
Budget: 5913
YF.download() has changed argument auto_adjust default to True
Number of qubits for asset HD: 4
Number of qubits for asset MRK: 6
Total number of qubits:  10
Optimized Weights (considering variance, skewness and kurtosis):
HD: 54.93%
MRK: 45.07%
Left over budget:  59.12142891502663
Optimized Discrete Allocation:
HD: 8
MRK: 28
Maximized utility from continuous higher moments:  -27188.569915098295
Budget constraint satisfied 5904.657585144043 5913 Difference:  8.342414855957031
Budget constraint satisfied 5912.63240814209 5913 Difference:  0.36759185791015625
smallest_eigenvalues: [-0.5906841157535581]
smallest_bitstrings: ['0111101000']
first_excited_energy: -0.5906837827823148
optimized_portfolio: [{'HD': 14, 'MRK': 5}]
second_optimized_portfolio: [{'HD': 13, 'MRK': 9}]
result_with_budget: [{'portfolio': {'HD': 14, 'MRK': 5}, 'budget': 5904.657585144043, 'difference': 8.342414855957031, 'objective_value': -4759.040231564075}]
result_with_budget_excited: [{'portfolio': {'HD': 13, 'MRK': 9}, 'budget': 5912.63240814209, 'difference': 0.36759185791015625, 'objective_value': -5597.717755738911}]
Initial params:  [2.51063067 1.44978017 2.45210473 0.37157007 2.01037118 0.45035763
 2.96776493 1.63943485 1.3026989  0.83112597 2.43232687 1.43303853
 1.78578792 0.0590299  1.94035914 1.92295543 1.93815531 2.96487203
 2.14200164 1.12942738]
(6_w,12)-aCMA-ES (mu_w=3.7,w_1=40%) in dimension 20 (seed=790491, Sat Mar 22 10:18:45 2025)
Iterat #Fevals   function value  axis ratio  sigma  min&max std  t[m:s]
    1     12 -5.284700701973039e-01 1.0e+00 9.52e-02  9e-02  1e-01 0:26.9
    2     24 -5.539920937148377e-01 1.1e+00 9.34e-02  9e-02  9e-02 0:53.6
    3     36 -5.535259558154928e-01 1.1e+00 9.03e-02  9e-02  9e-02 1:20.4
    4     48 -5.519087583736697e-01 1.2e+00 8.69e-02  8e-02  9e-02 1:47.1
    5     60 -5.565531174303806e-01 1.2e+00 8.50e-02  8e-02  9e-02 2:13.7
    6     72 -5.590718997948111e-01 1.2e+00 8.21e-02  8e-02  8e-02 2:40.5
    7     84 -5.549149497246111e-01 1.2e+00 8.21e-02  8e-02  8e-02 3:07.3
    8     96 -5.578848316373478e-01 1.2e+00 8.19e-02  8e-02  8e-02 3:34.0
    9    108 -5.586666079536240e-01 1.3e+00 7.91e-02  8e-02  8e-02 4:00.8
   10    120 -5.618007473972209e-01 1.3e+00 7.78e-02  7e-02  8e-02 4:27.5
   11    132 -5.584648780902418e-01 1.3e+00 7.80e-02  7e-02  8e-02 4:54.3
   12    144 -5.621713982760798e-01 1.4e+00 7.85e-02  7e-02  8e-02 5:21.1
   13    156 -5.594602528669173e-01 1.4e+00 7.89e-02  7e-02  8e-02 5:47.9
   14    168 -5.598265823009717e-01 1.5e+00 7.80e-02  7e-02  8e-02 6:14.6
   15    180 -5.617000791950489e-01 1.5e+00 7.71e-02  7e-02  8e-02 6:41.3
   16    192 -5.598479322451526e-01 1.6e+00 7.62e-02  7e-02  8e-02 7:08.0
   17    204 -5.588567125047388e-01 1.7e+00 7.58e-02  7e-02  8e-02 7:34.8
   18    216 -5.612358487510508e-01 1.7e+00 7.49e-02  7e-02  8e-02 8:01.6
   19    228 -5.614704732868924e-01 1.7e+00 7.09e-02  7e-02  8e-02 8:28.3
   20    240 -5.615466468955039e-01 1.7e+00 6.85e-02  6e-02  8e-02 8:54.9
   21    252 -5.640738769820026e-01 1.7e+00 6.82e-02  6e-02  7e-02 9:21.6
   22    264 -5.627718416890706e-01 1.7e+00 6.69e-02  6e-02  7e-02 9:48.3
   23    276 -5.625551542965410e-01 1.7e+00 6.55e-02  6e-02  7e-02 10:15.1
   24    288 -5.641992196351980e-01 1.7e+00 6.50e-02  6e-02  7e-02 10:41.8
   25    300 -5.644234757123775e-01 1.8e+00 6.54e-02  6e-02  7e-02 11:08.6
   26    312 -5.641019663952949e-01 1.8e+00 6.72e-02  6e-02  7e-02 11:35.2
   27    324 -5.606894148120215e-01 1.9e+00 6.93e-02  6e-02  8e-02 12:02.0
   29    348 -5.654286665001117e-01 2.0e+00 7.05e-02  6e-02  8e-02 12:55.6
   31    372 -5.633242556684787e-01 2.1e+00 6.76e-02  6e-02  7e-02 13:49.0
   33    396 -5.652129733761959e-01 2.1e+00 6.82e-02  6e-02  8e-02 14:42.4
   35    420 -5.661056051026980e-01 2.1e+00 6.33e-02  5e-02  7e-02 15:36.1
   37    444 -5.657695090411407e-01 2.2e+00 6.48e-02  6e-02  7e-02 16:29.6
   39    468 -5.655565368792888e-01 2.3e+00 6.70e-02  6e-02  7e-02 17:23.3
   41    492 -5.629191157508028e-01 2.3e+00 6.16e-02  5e-02  7e-02 18:17.1
   43    516 -5.646753218591415e-01 2.4e+00 5.49e-02  5e-02  6e-02 19:10.7
   45    540 -5.662475677619929e-01 2.4e+00 5.35e-02  5e-02  6e-02 20:04.2
   47    564 -5.659569600158821e-01 2.5e+00 5.08e-02  4e-02  6e-02 20:57.8
   49    588 -5.668691765203940e-01 2.5e+00 4.80e-02  4e-02  5e-02 21:50.1
   51    612 -5.665723817752245e-01 2.6e+00 4.61e-02  4e-02  5e-02 22:42.2
   53    636 -5.667503334302089e-01 2.6e+00 4.43e-02  4e-02  5e-02 23:33.8
   55    660 -5.674827150762179e-01 2.7e+00 4.19e-02  3e-02  5e-02 24:25.8
   57    684 -5.668823553512461e-01 2.7e+00 3.95e-02  3e-02  4e-02 25:17.6
   59    708 -5.671670338637023e-01 2.8e+00 3.90e-02  3e-02  4e-02 26:09.4
   61    732 -5.671816307092613e-01 2.9e+00 3.88e-02  3e-02  4e-02 27:01.3
   63    756 -5.672770845440775e-01 2.9e+00 3.79e-02  3e-02  4e-02 27:53.1
   65    780 -5.675637756147413e-01 3.0e+00 4.25e-02  3e-02  5e-02 28:45.1
   67    804 -5.680112848952868e-01 3.3e+00 4.61e-02  4e-02  5e-02 29:37.0
   69    828 -5.680546886344254e-01 3.5e+00 4.42e-02  4e-02  5e-02 30:28.8
   71    852 -5.667801313258904e-01 3.7e+00 4.21e-02  3e-02  5e-02 31:20.7
   73    876 -5.684210170472148e-01 3.9e+00 4.41e-02  3e-02  5e-02 32:12.2
   75    900 -5.683393342199656e-01 4.1e+00 4.17e-02  3e-02  5e-02 33:03.9
   77    924 -5.681894030649602e-01 4.3e+00 4.07e-02  3e-02  4e-02 33:55.6
   80    960 -5.680454159956638e-01 4.4e+00 3.53e-02  3e-02  4e-02 35:13.4
   83    996 -5.684122675958372e-01 4.5e+00 3.10e-02  2e-02  3e-02 36:30.8
   86   1032 -5.682478747606392e-01 4.7e+00 3.04e-02  2e-02  3e-02 37:47.9
   89   1068 -5.682140472897069e-01 4.7e+00 2.76e-02  2e-02  3e-02 39:05.7
   92   1104 -5.686807949457698e-01 4.8e+00 2.72e-02  2e-02  3e-02 40:23.4
   95   1140 -5.688756825986075e-01 5.0e+00 2.76e-02  2e-02  3e-02 41:41.2
   98   1176 -5.690457510370821e-01 5.1e+00 3.04e-02  2e-02  3e-02 42:59.1
  100   1200 -5.690822376003705e-01 5.2e+00 3.46e-02  2e-02  4e-02 43:51.0
  103   1236 -5.685697371713381e-01 5.3e+00 3.64e-02  3e-02  4e-02 45:09.0
  106   1272 -5.690388632310234e-01 5.6e+00 3.37e-02  2e-02  4e-02 46:26.9
  109   1308 -5.688391808507096e-01 5.8e+00 3.30e-02  2e-02  4e-02 47:44.9
  112   1344 -5.695226957476793e-01 5.9e+00 3.21e-02  2e-02  4e-02 49:02.8
  115   1380 -5.693191808384058e-01 6.0e+00 3.02e-02  2e-02  4e-02 50:20.2
  118   1416 -5.695595059458749e-01 6.2e+00 3.01e-02  2e-02  4e-02 51:37.9
  121   1452 -5.696018701150199e-01 6.3e+00 2.70e-02  2e-02  3e-02 52:55.5
  124   1488 -5.695904690012953e-01 6.5e+00 2.70e-02  2e-02  3e-02 54:13.3
  127   1524 -5.697227786647502e-01 6.8e+00 2.68e-02  2e-02  3e-02 55:31.0
  130   1560 -5.698845168302752e-01 7.1e+00 2.60e-02  2e-02  3e-02 56:48.6
  133   1596 -5.698605935864770e-01 7.3e+00 2.53e-02  2e-02  3e-02 58:05.9
  136   1632 -5.699799285020496e-01 7.3e+00 2.45e-02  2e-02  3e-02 59:23.5
  139   1668 -5.698492127382322e-01 7.7e+00 2.44e-02  2e-02  3e-02 60:41.4
  142   1704 -5.700882628503093e-01 8.1e+00 2.52e-02  2e-02  4e-02 61:58.9
  145   1740 -5.702431192531815e-01 8.4e+00 2.48e-02  2e-02  4e-02 63:16.5
  148   1776 -5.702353487846673e-01 8.7e+00 2.55e-02  2e-02  4e-02 64:34.1
  151   1812 -5.703197101633131e-01 9.3e+00 2.47e-02  1e-02  4e-02 65:51.7
  154   1848 -5.702364151099859e-01 9.9e+00 2.40e-02  1e-02  4e-02 67:09.3
  158   1896 -5.704044465462614e-01 1.0e+01 2.02e-02  1e-02  3e-02 68:52.6
  162   1944 -5.703732064461841e-01 1.1e+01 1.72e-02  1e-02  3e-02 70:36.1
  166   1992 -5.705507451542585e-01 1.2e+01 1.76e-02  1e-02  3e-02 72:19.6
  170   2040 -5.707102659033828e-01 1.2e+01 2.12e-02  1e-02  4e-02 74:03.1
  174   2088 -5.709255297780599e-01 1.4e+01 2.76e-02  1e-02  5e-02 75:46.3
  178   2136 -5.711223285231797e-01 1.6e+01 3.04e-02  2e-02  6e-02 77:29.6
  182   2184 -5.712010042921954e-01 1.8e+01 3.38e-02  2e-02  8e-02 79:12.9
  186   2232 -5.715172913358983e-01 1.9e+01 3.37e-02  2e-02  8e-02 80:56.4
  190   2280 -5.716612611201181e-01 2.1e+01 3.53e-02  2e-02  9e-02 82:39.9
  194   2328 -5.716933854929384e-01 2.2e+01 3.03e-02  2e-02  7e-02 84:23.5
  198   2376 -5.721152045164412e-01 2.3e+01 3.02e-02  2e-02  8e-02 86:06.6
  200   2400 -5.720879664294293e-01 2.3e+01 2.99e-02  2e-02  8e-02 86:58.2
  204   2448 -5.723264534729524e-01 2.4e+01 2.83e-02  1e-02  7e-02 88:41.6
  208   2496 -5.727188887137283e-01 2.5e+01 2.87e-02  1e-02  8e-02 90:25.2
  212   2544 -5.728478668908108e-01 2.8e+01 3.28e-02  2e-02  9e-02 92:08.4
  216   2592 -5.729358320134675e-01 3.0e+01 3.64e-02  2e-02  1e-01 93:51.7
  220   2640 -5.732753796291071e-01 3.2e+01 4.20e-02  2e-02  1e-01 95:35.2
  224   2688 -5.734263975673586e-01 3.4e+01 4.48e-02  2e-02  1e-01 97:18.6
  228   2736 -5.733754540901739e-01 3.5e+01 4.27e-02  2e-02  1e-01 99:02.1
  232   2784 -5.735214225183385e-01 3.5e+01 3.72e-02  2e-02  1e-01 100:45.7
  236   2832 -5.736180674857608e-01 3.5e+01 3.30e-02  2e-02  1e-01 102:29.1
  240   2880 -5.736257418360992e-01 3.6e+01 3.29e-02  2e-02  1e-01 104:12.5
  244   2928 -5.737227262463932e-01 3.7e+01 3.23e-02  1e-02  1e-01 105:56.0
  248   2976 -5.738421332192712e-01 3.8e+01 3.59e-02  2e-02  1e-01 107:39.9
  252   3024 -5.739967220928557e-01 3.8e+01 3.86e-02  2e-02  1e-01 109:23.9
  257   3084 -5.741174397712669e-01 3.9e+01 3.60e-02  2e-02  1e-01 111:32.6
  262   3144 -5.743029325476254e-01 4.3e+01 3.38e-02  1e-02  1e-01 113:41.6
  267   3204 -5.742836662991330e-01 4.4e+01 3.45e-02  1e-02  1e-01 115:50.8
  272   3264 -5.744341358524813e-01 4.4e+01 3.04e-02  1e-02  1e-01 118:00.1
  277   3324 -5.745172732921469e-01 4.6e+01 2.47e-02  1e-02  8e-02 120:09.2
  282   3384 -5.746012070850232e-01 4.7e+01 2.47e-02  1e-02  8e-02 122:18.5
  287   3444 -5.746377229482336e-01 4.9e+01 2.44e-02  1e-02  8e-02 124:28.2
  292   3504 -5.747712855798823e-01 4.8e+01 2.60e-02  1e-02  9e-02 126:37.5
  297   3564 -5.747362808684076e-01 4.9e+01 2.75e-02  1e-02  9e-02 128:46.4
  300   3600 -5.748211051388348e-01 5.1e+01 2.96e-02  1e-02  1e-01 130:04.0
  305   3660 -5.747140323541661e-01 5.4e+01 2.76e-02  1e-02  9e-02 132:12.6
  310   3720 -5.749491278994112e-01 5.4e+01 2.27e-02  9e-03  8e-02 134:22.7
  315   3780 -5.750317787366153e-01 5.6e+01 2.25e-02  9e-03  8e-02 136:33.1
  320   3840 -5.749946996635106e-01 5.8e+01 2.42e-02  1e-02  8e-02 138:43.4
  325   3900 -5.751093804429261e-01 5.8e+01 2.06e-02  8e-03  7e-02 140:53.8
  330   3960 -5.752166466586911e-01 6.0e+01 2.07e-02  8e-03  8e-02 143:04.3
  335   4020 -5.752475257655810e-01 6.8e+01 2.22e-02  9e-03  9e-02 145:14.4
  340   4080 -5.752967622815435e-01 7.2e+01 2.06e-02  8e-03  9e-02 147:24.8
  345   4140 -5.753399439530749e-01 7.5e+01 1.72e-02  7e-03  7e-02 149:35.4
  350   4200 -5.754154413881970e-01 7.5e+01 1.75e-02  7e-03  7e-02 151:45.8
  355   4260 -5.754538118300203e-01 7.6e+01 1.56e-02  6e-03  7e-02 153:56.1
  360   4320 -5.754560602625226e-01 8.0e+01 1.70e-02  7e-03  8e-02 156:05.7
  365   4380 -5.754832344456575e-01 8.2e+01 1.46e-02  6e-03  7e-02 158:15.5
  370   4440 -5.754804492696826e-01 8.2e+01 1.24e-02  5e-03  6e-02 160:25.4
  375   4500 -5.755331165289652e-01 8.2e+01 9.56e-03  4e-03  4e-02 162:34.9
  380   4560 -5.755421657359359e-01 8.6e+01 9.25e-03  3e-03  4e-02 164:44.6
  385   4620 -5.755638077459242e-01 8.7e+01 1.02e-02  4e-03  4e-02 166:54.4
  390   4680 -5.755779429935325e-01 8.8e+01 1.10e-02  4e-03  5e-02 169:04.7
  396   4752 -5.756072906572921e-01 9.0e+01 1.17e-02  4e-03  5e-02 171:41.1
  400   4800 -5.756262184072670e-01 9.2e+01 1.35e-02  4e-03  6e-02 173:25.2
  406   4872 -5.756722528460837e-01 9.4e+01 1.56e-02  5e-03  7e-02 176:01.5
  412   4944 -5.757084195205632e-01 9.7e+01 1.66e-02  5e-03  7e-02 178:37.8
  418   5016 -5.757610434516409e-01 1.0e+02 1.60e-02  5e-03  7e-02 181:14.1
  424   5088 -5.758501082433759e-01 1.1e+02 1.67e-02  5e-03  8e-02 183:50.7
  430   5160 -5.758944216663103e-01 1.2e+02 1.73e-02  5e-03  8e-02 186:27.0
  436   5232 -5.759781850715815e-01 1.2e+02 1.84e-02  5e-03  9e-02 189:03.1
  442   5304 -5.760959447605974e-01 1.3e+02 2.66e-02  7e-03  1e-01 191:39.2
  448   5376 -5.759583255879325e-01 1.5e+02 2.73e-02  8e-03  1e-01 194:15.3
  454   5448 -5.762792860862623e-01 1.5e+02 2.98e-02  8e-03  2e-01 196:51.9
  460   5520 -5.763741718887870e-01 1.5e+02 3.20e-02  9e-03  2e-01 199:28.2
  466   5592 -5.765064577930383e-01 1.5e+02 2.85e-02  8e-03  1e-01 202:04.3
  472   5664 -5.767222291620810e-01 1.5e+02 2.99e-02  8e-03  1e-01 204:40.0
  478   5736 -5.767309951408796e-01 1.5e+02 3.32e-02  8e-03  2e-01 207:15.8
  484   5808 -5.771435253308789e-01 1.5e+02 3.54e-02  9e-03  2e-01 209:51.4
  490   5880 -5.775349375133947e-01 1.6e+02 3.78e-02  9e-03  2e-01 212:27.2
  496   5952 -5.775009257743340e-01 1.6e+02 3.23e-02  7e-03  2e-01 215:02.5
  500   6000 -5.775879044637084e-01 1.5e+02 2.85e-02  6e-03  1e-01 216:46.8
  506   6072 -5.779365238942619e-01 1.6e+02 3.15e-02  7e-03  2e-01 219:22.4
  512   6144 -5.782418064566994e-01 1.6e+02 3.40e-02  7e-03  2e-01 221:58.3
  518   6216 -5.781567884689331e-01 1.7e+02 4.08e-02  8e-03  2e-01 224:34.6
  524   6288 -5.787775358179580e-01 1.8e+02 4.50e-02  9e-03  2e-01 227:11.3
  530   6360 -5.786926894524288e-01 1.8e+02 4.23e-02  8e-03  2e-01 229:47.7
  536   6432 -5.791559985557303e-01 1.9e+02 4.20e-02  8e-03  2e-01 232:23.7
  542   6504 -5.793449444634269e-01 2.1e+02 3.47e-02  7e-03  2e-01 235:00.2
  549   6588 -5.795175095996608e-01 2.0e+02 3.13e-02  6e-03  2e-01 238:02.7
  556   6672 -5.795440947842608e-01 2.0e+02 3.02e-02  6e-03  2e-01 241:05.2
  563   6756 -5.798923105563705e-01 2.0e+02 2.78e-02  5e-03  2e-01 244:07.7
  570   6840 -5.799347545018085e-01 2.2e+02 3.02e-02  5e-03  2e-01 247:10.3
  577   6924 -5.803621389840606e-01 2.3e+02 2.86e-02  5e-03  2e-01 250:12.7
  584   7008 -5.805562832246040e-01 2.4e+02 3.36e-02  6e-03  2e-01 253:14.8
  591   7092 -5.807186490086903e-01 2.5e+02 3.53e-02  6e-03  3e-01 256:16.8
  598   7176 -5.808280692992693e-01 2.6e+02 3.24e-02  5e-03  2e-01 259:18.5
  600   7200 -5.808017989366353e-01 2.6e+02 3.22e-02  5e-03  2e-01 260:10.4
  607   7284 -5.809004369762550e-01 2.5e+02 2.67e-02  4e-03  2e-01 263:12.2
  614   7368 -5.809740599219132e-01 2.4e+02 2.64e-02  4e-03  2e-01 266:13.7
  621   7452 -5.810470628792997e-01 2.4e+02 1.94e-02  3e-03  1e-01 269:15.0
  628   7536 -5.812215730458737e-01 2.5e+02 2.46e-02  3e-03  2e-01 272:16.8
  635   7620 -5.812316282911437e-01 2.5e+02 2.53e-02  3e-03  2e-01 275:18.1
  642   7704 -5.812716270211215e-01 2.5e+02 2.34e-02  3e-03  2e-01 278:20.3
  649   7788 -5.813414656896511e-01 2.3e+02 2.86e-02  4e-03  2e-01 281:23.3
  656   7872 -5.813676815191752e-01 2.1e+02 2.87e-02  4e-03  2e-01 284:25.7
  663   7956 -5.814160585252556e-01 2.2e+02 2.66e-02  3e-03  2e-01 287:28.6
  670   8040 -5.814531257660919e-01 2.2e+02 2.09e-02  2e-03  1e-01 290:31.3
  677   8124 -5.814609817351324e-01 2.1e+02 1.70e-02  2e-03  1e-01 293:33.8
  684   8208 -5.814922571772762e-01 2.2e+02 1.86e-02  2e-03  1e-01 296:36.3
  691   8292 -5.814957679202074e-01 2.1e+02 1.58e-02  2e-03  1e-01 299:38.3
  698   8376 -5.815482763624004e-01 2.1e+02 1.68e-02  2e-03  1e-01 302:40.6
  700   8400 -5.815551026507335e-01 2.1e+02 1.90e-02  2e-03  1e-01 303:32.6
  707   8484 -5.815762874223538e-01 2.1e+02 2.27e-02  2e-03  1e-01 306:34.6
  715   8580 -5.816423738931097e-01 2.1e+02 2.73e-02  2e-03  2e-01 309:59.4
  723   8676 -5.816731946554493e-01 2.2e+02 3.12e-02  3e-03  2e-01 313:22.1
  731   8772 -5.817613311576889e-01 2.2e+02 2.33e-02  2e-03  1e-01 316:44.7
  739   8868 -5.818404391189493e-01 2.3e+02 2.64e-02  2e-03  2e-01 320:06.8
  747   8964 -5.819089034781444e-01 2.3e+02 3.44e-02  3e-03  2e-01 323:29.3
  755   9060 -5.819827788060149e-01 2.4e+02 3.79e-02  3e-03  2e-01 326:51.7
  763   9156 -5.820348292526892e-01 2.5e+02 5.01e-02  4e-03  3e-01 330:14.1
  771   9252 -5.821095636844601e-01 2.6e+02 5.25e-02  4e-03  3e-01 333:36.3
  779   9348 -5.819627676874627e-01 2.7e+02 5.84e-02  4e-03  4e-01 336:58.9
  787   9444 -5.822171880596139e-01 2.8e+02 5.21e-02  4e-03  3e-01 340:21.6
  795   9540 -5.821603539328835e-01 2.7e+02 4.65e-02  3e-03  3e-01 343:43.9
  800   9600 -5.822148354234499e-01 2.8e+02 3.66e-02  2e-03  2e-01 345:50.6
  808   9696 -5.823183097698461e-01 2.8e+02 2.97e-02  2e-03  2e-01 349:13.1
  816   9792 -5.823647576661327e-01 2.8e+02 3.05e-02  2e-03  2e-01 352:35.1
  824   9888 -5.824476690422441e-01 2.7e+02 3.62e-02  2e-03  2e-01 355:57.8
  832   9984 -5.825107915898454e-01 2.7e+02 3.70e-02  2e-03  2e-01 359:20.2
  840  10080 -5.825471097276091e-01 2.7e+02 4.01e-02  2e-03  2e-01 362:42.5
  848  10176 -5.826031755535683e-01 2.9e+02 4.11e-02  2e-03  3e-01 366:05.1
  856  10272 -5.826738745248101e-01 3.0e+02 4.01e-02  2e-03  3e-01 369:27.6
  864  10368 -5.827484916146460e-01 3.3e+02 4.21e-02  2e-03  3e-01 372:52.0
  872  10464 -5.827732893147325e-01 3.4e+02 3.37e-02  2e-03  2e-01 376:17.2
  880  10560 -5.827933848387290e-01 3.7e+02 2.64e-02  1e-03  2e-01 379:43.3
  888  10656 -5.828583993624701e-01 3.9e+02 2.62e-02  1e-03  2e-01 383:09.0
  896  10752 -5.829041611395276e-01 4.1e+02 2.84e-02  1e-03  2e-01 386:34.1
  900  10800 -5.829232720967189e-01 4.2e+02 2.94e-02  1e-03  2e-01 388:17.0
  909  10908 -5.829395286799431e-01 4.3e+02 3.31e-02  2e-03  3e-01 392:08.8
  918  11016 -5.829523827948735e-01 4.2e+02 2.25e-02  1e-03  2e-01 396:00.5
  927  11124 -5.829762717422566e-01 4.1e+02 2.22e-02  1e-03  2e-01 399:52.7
  936  11232 -5.829904272406372e-01 4.2e+02 1.53e-02  7e-04  1e-01 403:44.5
  945  11340 -5.830137377755460e-01 4.2e+02 1.82e-02  8e-04  1e-01 407:37.3
  954  11448 -5.830457699315768e-01 4.3e+02 2.25e-02  1e-03  2e-01 411:29.2
  963  11556 -5.830930065174532e-01 4.3e+02 2.76e-02  1e-03  2e-01 415:20.2
  972  11664 -5.831219281301357e-01 4.4e+02 2.54e-02  1e-03  2e-01 419:12.1
  981  11772 -5.831770920027768e-01 4.4e+02 3.37e-02  1e-03  2e-01 423:03.6
  990  11880 -5.832418949929192e-01 4.3e+02 3.87e-02  2e-03  3e-01 426:55.3
  999  11988 -5.832802955284961e-01 4.4e+02 4.52e-02  2e-03  3e-01 430:46.0
 1000  12000 -5.832861592424553e-01 4.5e+02 4.49e-02  2e-03  3e-01 431:11.3
Budget constraint satisfied 5763.225440979004 5913 Difference:  149.7745590209961
Budget constraint not satisfied 6248.390380859375 5913 Difference:  -335.390380859375
two_most_probable_states: ['1110111110', '0001000001']
final_expectation_value: -0.5832861592424553
params: [3.0151314975459202, 5.648112127105545, 4.509202365080142, -1.1670712996630794, 11.168633822707164, -18.198556159086408, 9.155321844810151, 24.029766074843398, 17.003372612159012, 14.845136806222591, 1.1607427421563044, 1.526321296227335, -0.8028185437924145, 2.1005827560764248, 3.0347931795584677, 1.5823486266379718, 1.6517108722295573, 3.0690892551442093, 1.5130129267406904, 1.5320513745343056]
total_steps: 1000
states_probs: [0.005976690585376967, 0.006428408774991255]
optimized_portfolios: [{'HD': 7, 'MRK': 31}, {'HD': 8, 'MRK': 32}]
objective_values: [-36625.883741528145, -43349.44343742655]
result_with_budget: [{'portfolio': {'HD': 7, 'MRK': 31}, 'budget': 5763.225440979004, 'difference': 149.7745590209961}, {'portfolio': {'HD': 8, 'MRK': 32}, 'budget': 6248.390380859375, 'difference': -335.390380859375}]
Batch 8/100 completed. Results saved to portfolio_optimization_results_batch_7.json
Job finished at Sat Mar 22 17:31:46 EET 2025
