Running job array 19 on pe34.int.triton.aalto.fi
Starting at Sun Mar 23 11:31:38 EET 2025
Activating virtual environment at /scratch/work/uotilav2/quantum-portfolio/venv
Processing batch 20/100: experiments 19 to 19 (total 1)
Processing experiment 19
Budget: 547
YF.download() has changed argument auto_adjust default to True
Number of qubits for asset BA: 2
Number of qubits for asset CVX: 2
Number of qubits for asset DIS: 3
Number of qubits for asset INTC: 5
Number of qubits for asset V: 1
Total number of qubits:  13
Optimized Weights (considering variance, skewness and kurtosis):
BA: 0.00%
CVX: 0.00%
DIS: 0.00%
INTC: 0.00%
V: 100.00%
Left over budget:  151.2908782353935
Optimized Discrete Allocation:
INTC: 4
V: 1
Maximized utility from continuous higher moments:  -20.972557983262245
Budget constraint not satisfied 549.3021926879883 547 Difference:  -2.3021926879882812
Budget constraint satisfied 545.5499954223633 547 Difference:  1.4500045776367188
smallest_eigenvalues: [-0.0704337095342827]
smallest_bitstrings: ['0001010010000']
first_excited_energy: -0.07043352432274767
optimized_portfolio: [{'BA': 0, 'CVX': 2, 'DIS': 2, 'INTC': 2, 'V': 0}]
second_optimized_portfolio: [{'BA': 2, 'CVX': 0, 'DIS': 1, 'INTC': 4, 'V': 0}]
result_with_budget: [{'portfolio': {'BA': 0, 'CVX': 2, 'DIS': 2, 'INTC': 2, 'V': 0}, 'budget': 549.3021926879883, 'difference': -2.3021926879882812, 'objective_value': -18.170330009743303}]
result_with_budget_excited: [{'portfolio': {'BA': 2, 'CVX': 0, 'DIS': 1, 'INTC': 4, 'V': 0}, 'budget': 545.5499954223633, 'difference': 1.4500045776367188, 'objective_value': -40.4341990214604}]
Initial params:  [2.51063067 1.44978017 2.45210473 0.37157007 2.01037118 0.45035763
 2.96776493 1.63943485 1.3026989  0.83112597 2.43232687 1.43303853
 1.78578792 0.0590299  1.94035914 1.92295543 1.93815531 2.96487203
 2.14200164 1.12942738]
(6_w,12)-aCMA-ES (mu_w=3.7,w_1=40%) in dimension 20 (seed=811713, Sun Mar 23 11:36:27 2025)
Iterat #Fevals   function value  axis ratio  sigma  min&max std  t[m:s]
    1     12 -2.717915878104924e-02 1.0e+00 9.34e-02  9e-02  9e-02 1:31.7
    2     24 -4.328032911496971e-02 1.1e+00 9.20e-02  9e-02  9e-02 3:03.3
    3     36 -4.724859069571227e-02 1.1e+00 9.49e-02  9e-02  1e-01 4:35.8
    4     48 -5.018046388547821e-02 1.2e+00 9.79e-02  1e-01  1e-01 6:07.7
    5     60 -5.023725675083160e-02 1.2e+00 1.04e-01  1e-01  1e-01 7:39.4
    6     72 -5.120058574484999e-02 1.3e+00 1.08e-01  1e-01  1e-01 9:11.2
    7     84 -5.382049733007774e-02 1.3e+00 1.11e-01  1e-01  1e-01 10:43.2
    8     96 -5.197104195390345e-02 1.3e+00 1.17e-01  1e-01  1e-01 12:15.8
    9    108 -5.361293361518006e-02 1.4e+00 1.17e-01  1e-01  1e-01 13:47.8
   10    120 -5.363193470293050e-02 1.5e+00 1.20e-01  1e-01  1e-01 15:19.7
   11    132 -5.194530589134534e-02 1.6e+00 1.19e-01  1e-01  1e-01 16:51.8
   12    144 -5.422053463001621e-02 1.6e+00 1.17e-01  1e-01  1e-01 18:23.5
   13    156 -5.360101058177397e-02 1.6e+00 1.13e-01  1e-01  1e-01 19:55.6
   14    168 -5.439966917005224e-02 1.6e+00 1.09e-01  1e-01  1e-01 21:27.5
   15    180 -5.353213934755378e-02 1.6e+00 1.08e-01  1e-01  1e-01 22:58.9
   16    192 -5.478066314666603e-02 1.6e+00 1.05e-01  1e-01  1e-01 24:30.6
   17    204 -5.455472357564932e-02 1.7e+00 1.04e-01  9e-02  1e-01 26:02.4
   18    216 -5.418323803220451e-02 1.7e+00 1.01e-01  9e-02  1e-01 27:34.4
   19    228 -5.478422075614699e-02 1.7e+00 9.38e-02  8e-02  1e-01 29:06.2
   20    240 -5.453292591046340e-02 1.7e+00 8.85e-02  8e-02  1e-01 30:37.8
   21    252 -5.463143835406666e-02 1.7e+00 8.65e-02  8e-02  1e-01 32:09.6
   22    264 -5.421185446255940e-02 1.7e+00 8.43e-02  7e-02  9e-02 33:41.2
   23    276 -5.439835416774910e-02 1.8e+00 8.13e-02  7e-02  9e-02 35:12.9
   24    288 -5.472095887337981e-02 1.8e+00 7.75e-02  7e-02  9e-02 36:44.8
   25    300 -5.480030607413314e-02 1.8e+00 7.47e-02  7e-02  8e-02 38:16.6
   26    312 -5.408503955831428e-02 1.8e+00 7.09e-02  6e-02  8e-02 39:48.4
   27    324 -5.438451121428432e-02 1.8e+00 6.75e-02  6e-02  7e-02 41:20.3
   28    336 -5.442203220702886e-02 1.9e+00 6.50e-02  6e-02  7e-02 42:52.4
   29    348 -5.486525904446508e-02 1.9e+00 6.24e-02  5e-02  7e-02 44:24.4
   30    360 -5.477985702905400e-02 1.9e+00 6.08e-02  5e-02  7e-02 45:56.3
   31    372 -5.501439081674528e-02 1.9e+00 6.14e-02  5e-02  7e-02 47:28.3
   32    384 -5.494884869487514e-02 2.0e+00 6.21e-02  5e-02  7e-02 48:58.9
   33    396 -5.471382467075108e-02 2.0e+00 6.19e-02  5e-02  7e-02 50:27.2
   34    408 -5.521236330586499e-02 2.0e+00 6.32e-02  5e-02  7e-02 51:55.4
   35    420 -5.485504165742881e-02 2.1e+00 6.49e-02  5e-02  7e-02 53:23.3
   36    432 -5.472191105588424e-02 2.1e+00 6.60e-02  6e-02  7e-02 54:51.5
   37    444 -5.503005892221877e-02 2.2e+00 6.62e-02  6e-02  7e-02 56:19.5
   38    456 -5.478000016662390e-02 2.2e+00 6.55e-02  6e-02  7e-02 57:47.4
   39    468 -5.491866345166926e-02 2.3e+00 6.29e-02  5e-02  7e-02 59:15.5
   40    480 -5.522883850337131e-02 2.3e+00 6.22e-02  5e-02  7e-02 60:43.6
   41    492 -5.540300199495603e-02 2.3e+00 6.31e-02  5e-02  7e-02 62:12.1
   42    504 -5.571203735128638e-02 2.4e+00 6.39e-02  5e-02  7e-02 63:40.4
   43    516 -5.542962724178198e-02 2.3e+00 6.67e-02  6e-02  7e-02 65:08.6
   44    528 -5.583942544173680e-02 2.4e+00 6.83e-02  6e-02  8e-02 66:37.6
   45    540 -5.581576455849339e-02 2.4e+00 6.98e-02  6e-02  8e-02 68:05.5
   46    552 -5.590625908180866e-02 2.5e+00 7.30e-02  6e-02  8e-02 69:34.0
   47    564 -5.524845088824062e-02 2.5e+00 7.73e-02  7e-02  9e-02 71:02.2
   48    576 -5.595098213576279e-02 2.6e+00 8.11e-02  7e-02  9e-02 72:30.2
   49    588 -5.557613634677869e-02 2.7e+00 8.05e-02  7e-02  9e-02 73:58.2
   50    600 -5.634636186249484e-02 2.8e+00 7.87e-02  7e-02  9e-02 75:26.1
   51    612 -5.565311717993764e-02 2.8e+00 7.61e-02  6e-02  9e-02 76:54.2
   52    624 -5.643110839236871e-02 2.9e+00 7.19e-02  6e-02  8e-02 78:22.4
   53    636 -5.588394564832169e-02 3.0e+00 7.26e-02  6e-02  9e-02 79:50.5
   54    648 -5.573045003183415e-02 3.1e+00 7.13e-02  6e-02  9e-02 81:18.4
   55    660 -5.562286878284933e-02 3.0e+00 7.04e-02  6e-02  9e-02 82:46.9
   56    672 -5.612705648995577e-02 3.1e+00 6.91e-02  6e-02  8e-02 84:15.2
   57    684 -5.599678643624405e-02 3.1e+00 6.85e-02  6e-02  8e-02 85:43.3
   58    696 -5.624748007300357e-02 3.1e+00 6.66e-02  6e-02  8e-02 87:11.7
   59    708 -5.607798936917330e-02 3.2e+00 6.58e-02  6e-02  8e-02 88:39.6
   60    720 -5.591553043435141e-02 3.3e+00 6.28e-02  5e-02  8e-02 90:07.7
   61    732 -5.637425263717935e-02 3.3e+00 6.11e-02  5e-02  7e-02 91:36.1
   62    744 -5.638786475343953e-02 3.3e+00 5.85e-02  5e-02  7e-02 93:04.0
   63    756 -5.652651452045341e-02 3.4e+00 5.53e-02  5e-02  7e-02 94:31.9
   64    768 -5.655601396576004e-02 3.5e+00 5.38e-02  4e-02  7e-02 95:59.9
   65    780 -5.622037815331889e-02 3.6e+00 5.40e-02  4e-02  7e-02 97:27.9
   66    792 -5.647774463317952e-02 3.6e+00 5.59e-02  5e-02  7e-02 98:56.4
   67    804 -5.661017005709264e-02 3.6e+00 5.72e-02  5e-02  7e-02 100:24.9
   68    816 -5.626839286096910e-02 3.6e+00 5.63e-02  5e-02  7e-02 101:52.7
   69    828 -5.652103555591257e-02 3.6e+00 5.57e-02  5e-02  7e-02 103:20.7
   70    840 -5.659624339349619e-02 3.7e+00 5.47e-02  5e-02  7e-02 104:48.6
   71    852 -5.656288073821079e-02 3.7e+00 5.26e-02  4e-02  6e-02 106:16.7
   72    864 -5.690503221127666e-02 3.8e+00 5.00e-02  4e-02  6e-02 107:44.6
   73    876 -5.675977399302249e-02 3.8e+00 4.97e-02  4e-02  6e-02 109:12.5
   74    888 -5.681702183654325e-02 3.9e+00 4.89e-02  4e-02  6e-02 110:40.4
   75    900 -5.687220839602178e-02 4.0e+00 4.86e-02  4e-02  6e-02 112:08.5
   76    912 -5.701523561911428e-02 4.1e+00 4.81e-02  4e-02  6e-02 113:37.0
   77    924 -5.724034681362502e-02 4.1e+00 4.81e-02  4e-02  6e-02 115:04.9
   78    936 -5.721972507191370e-02 4.1e+00 4.94e-02  4e-02  6e-02 116:32.9
   79    948 -5.706224729098348e-02 4.2e+00 5.12e-02  4e-02  6e-02 118:01.2
   80    960 -5.707254089092507e-02 4.2e+00 5.12e-02  4e-02  6e-02 119:29.4
   81    972 -5.732953149473018e-02 4.2e+00 5.13e-02  4e-02  6e-02 120:57.6
   82    984 -5.771813347823483e-02 4.2e+00 5.32e-02  4e-02  6e-02 122:25.6
   83    996 -5.752997628883189e-02 4.3e+00 5.45e-02  4e-02  7e-02 123:53.6
   84   1008 -5.755799926823969e-02 4.3e+00 5.57e-02  5e-02  7e-02 125:22.4
   85   1020 -5.770416658085535e-02 4.4e+00 5.63e-02  5e-02  7e-02 126:50.9
   86   1032 -5.735181365813475e-02 4.6e+00 5.50e-02  5e-02  7e-02 128:19.5
   87   1044 -5.755921966670271e-02 4.7e+00 5.33e-02  4e-02  7e-02 129:47.6
   88   1056 -5.773725860659613e-02 4.8e+00 5.28e-02  4e-02  7e-02 131:15.5
   89   1068 -5.777490612319390e-02 4.9e+00 5.06e-02  4e-02  6e-02 132:43.6
   91   1092 -5.786930769984309e-02 5.0e+00 5.12e-02  4e-02  6e-02 135:40.4
   93   1116 -5.807144229270057e-02 5.1e+00 4.56e-02  4e-02  6e-02 138:36.8
   95   1140 -5.804365958614464e-02 5.3e+00 4.43e-02  4e-02  6e-02 141:33.3
   97   1164 -5.810329599127859e-02 5.4e+00 4.38e-02  4e-02  5e-02 144:29.3
   99   1188 -5.826757654851696e-02 5.7e+00 4.73e-02  4e-02  6e-02 147:25.5
  100   1200 -5.825141675002136e-02 5.8e+00 4.96e-02  4e-02  6e-02 148:53.7
  102   1224 -5.840773236161540e-02 6.1e+00 5.10e-02  4e-02  6e-02 151:50.0
  104   1248 -5.852800337302461e-02 6.4e+00 5.38e-02  4e-02  7e-02 154:46.5
  106   1272 -5.876446246906118e-02 6.6e+00 5.49e-02  4e-02  7e-02 157:42.9
  108   1296 -5.881656405162094e-02 6.8e+00 5.53e-02  4e-02  7e-02 160:38.9
  110   1320 -5.885569715778902e-02 7.0e+00 5.82e-02  5e-02  8e-02 163:35.5
  112   1344 -5.871749325233263e-02 7.3e+00 6.11e-02  5e-02  8e-02 166:32.1
  114   1368 -5.906409021232006e-02 7.5e+00 6.73e-02  6e-02  9e-02 169:28.4
  116   1392 -5.950325466199919e-02 7.8e+00 8.16e-02  7e-02  1e-01 172:24.9
  118   1416 -5.932119552196787e-02 8.1e+00 9.36e-02  8e-02  1e-01 175:21.1
  120   1440 -5.917789234184473e-02 8.1e+00 9.49e-02  8e-02  1e-01 178:17.4
  122   1464 -5.927427599263103e-02 8.2e+00 9.55e-02  8e-02  1e-01 181:13.6
  124   1488 -5.914574623074099e-02 8.5e+00 8.95e-02  7e-02  1e-01 184:09.7
  126   1512 -5.935447679187920e-02 8.6e+00 8.46e-02  7e-02  1e-01 187:06.1
  128   1536 -5.949038731361909e-02 8.9e+00 8.61e-02  7e-02  1e-01 190:02.1
  130   1560 -5.988775247640755e-02 8.9e+00 9.12e-02  7e-02  1e-01 192:59.0
  132   1584 -5.956775463735244e-02 9.0e+00 9.49e-02  7e-02  1e-01 195:54.7
  134   1608 -5.948704266468464e-02 9.2e+00 9.36e-02  7e-02  1e-01 198:51.4
  136   1632 -5.880806692000730e-02 9.4e+00 8.94e-02  7e-02  1e-01 201:48.0
  138   1656 -6.020470690498015e-02 9.7e+00 8.93e-02  7e-02  1e-01 204:44.3
  140   1680 -6.009080908021731e-02 1.0e+01 9.20e-02  7e-02  1e-01 207:40.8
  142   1704 -6.035657741874301e-02 1.0e+01 9.50e-02  7e-02  1e-01 210:36.4
  144   1728 -5.957775823736444e-02 1.0e+01 9.27e-02  7e-02  1e-01 213:32.6
  146   1752 -6.014109703174138e-02 1.0e+01 8.60e-02  7e-02  1e-01 216:28.9
  148   1776 -6.016246800712662e-02 1.0e+01 8.27e-02  6e-02  1e-01 219:25.1
  150   1800 -6.028744377419911e-02 1.0e+01 7.84e-02  6e-02  1e-01 222:21.8
  152   1824 -6.023807576700081e-02 1.1e+01 7.85e-02  6e-02  1e-01 225:17.5
  154   1848 -6.072237933469549e-02 1.1e+01 8.25e-02  6e-02  1e-01 228:14.2
  156   1872 -6.085325719005806e-02 1.2e+01 8.69e-02  6e-02  1e-01 231:11.1
  158   1896 -6.082432516410778e-02 1.2e+01 8.66e-02  6e-02  1e-01 234:07.3
  160   1920 -6.090018517247400e-02 1.2e+01 8.53e-02  6e-02  1e-01 237:03.6
  162   1944 -6.047335647333178e-02 1.2e+01 8.63e-02  6e-02  1e-01 239:59.9
  164   1968 -6.061696479203197e-02 1.2e+01 7.78e-02  5e-02  1e-01 242:56.2
  166   1992 -6.089333147814041e-02 1.2e+01 7.09e-02  5e-02  1e-01 245:52.4
  168   2016 -6.093118964771695e-02 1.2e+01 6.92e-02  5e-02  1e-01 248:48.7
  170   2040 -6.108802130617497e-02 1.3e+01 6.90e-02  5e-02  1e-01 251:45.3
  172   2064 -6.122231849815040e-02 1.3e+01 6.84e-02  5e-02  1e-01 254:41.2
  174   2088 -6.122741055681513e-02 1.3e+01 6.53e-02  4e-02  1e-01 257:38.2
  176   2112 -6.136354071321720e-02 1.3e+01 6.33e-02  4e-02  1e-01 260:34.6
  178   2136 -6.153397626001684e-02 1.4e+01 6.80e-02  5e-02  1e-01 263:30.5
  180   2160 -6.150375180817339e-02 1.4e+01 7.27e-02  5e-02  1e-01 266:27.0
  182   2184 -6.159602404194264e-02 1.5e+01 7.41e-02  5e-02  1e-01 269:23.3
  184   2208 -6.164195500094666e-02 1.5e+01 7.60e-02  5e-02  1e-01 272:19.8
  186   2232 -6.156728635061268e-02 1.5e+01 7.47e-02  5e-02  1e-01 275:16.1
  188   2256 -6.172490395066594e-02 1.5e+01 7.36e-02  5e-02  1e-01 278:12.4
  190   2280 -6.158932299968160e-02 1.5e+01 6.57e-02  4e-02  1e-01 281:08.7
  192   2304 -6.171530991278014e-02 1.6e+01 6.52e-02  4e-02  1e-01 284:04.5
  194   2328 -6.172315403931329e-02 1.6e+01 6.35e-02  4e-02  9e-02 287:01.2
  196   2352 -6.175376182723464e-02 1.7e+01 6.28e-02  4e-02  1e-01 289:57.1
  198   2376 -6.175503081735487e-02 1.7e+01 6.24e-02  4e-02  1e-01 292:53.1
  200   2400 -6.174966259279609e-02 1.7e+01 5.58e-02  4e-02  9e-02 295:49.4
  202   2424 -6.183438405126209e-02 1.8e+01 5.16e-02  3e-02  8e-02 298:45.5
  204   2448 -6.196212198641188e-02 1.8e+01 5.05e-02  3e-02  8e-02 301:41.5
  206   2472 -6.206201853741207e-02 1.8e+01 4.87e-02  3e-02  7e-02 304:37.9
  208   2496 -6.197423363325466e-02 1.8e+01 4.77e-02  3e-02  7e-02 307:34.0
  210   2520 -6.208120813112702e-02 1.9e+01 4.71e-02  3e-02  7e-02 310:30.2
  212   2544 -6.221252965160076e-02 1.9e+01 5.09e-02  3e-02  8e-02 313:26.3
  214   2568 -6.222252221903089e-02 2.0e+01 4.95e-02  3e-02  8e-02 316:23.2
  216   2592 -6.217745154563634e-02 2.0e+01 4.56e-02  3e-02  7e-02 319:19.0
  218   2616 -6.216973667175683e-02 2.0e+01 4.10e-02  2e-02  6e-02 322:15.5
  220   2640 -6.225199925485515e-02 2.0e+01 3.98e-02  2e-02  6e-02 325:11.8
  222   2664 -6.234672131479393e-02 2.1e+01 3.94e-02  2e-02  6e-02 328:07.3
  224   2688 -6.242401350353881e-02 2.2e+01 4.15e-02  2e-02  7e-02 331:03.7
  226   2712 -6.239757008576959e-02 2.3e+01 4.17e-02  2e-02  7e-02 334:00.2
  228   2736 -6.244108515906115e-02 2.4e+01 4.11e-02  2e-02  7e-02 336:56.4
  230   2760 -6.244322480734860e-02 2.4e+01 3.97e-02  2e-02  6e-02 339:52.8
  232   2784 -6.264845063343515e-02 2.5e+01 4.20e-02  2e-02  7e-02 342:48.8
  234   2808 -6.267831288268313e-02 2.8e+01 4.99e-02  3e-02  9e-02 345:45.7
  236   2832 -6.270089598513050e-02 3.0e+01 5.65e-02  3e-02  1e-01 348:41.6
  238   2856 -6.287517760465353e-02 3.1e+01 6.50e-02  3e-02  1e-01 351:38.0
  240   2880 -6.298905141773753e-02 3.2e+01 7.08e-02  4e-02  1e-01 354:34.2
  242   2904 -6.313624262135901e-02 3.4e+01 7.86e-02  4e-02  2e-01 357:30.5
  244   2928 -6.308910028221587e-02 3.5e+01 8.43e-02  4e-02  2e-01 360:26.7
  246   2952 -6.308296312573609e-02 3.6e+01 8.47e-02  4e-02  2e-01 363:23.2
  248   2976 -6.304595584335240e-02 3.6e+01 8.07e-02  4e-02  2e-01 366:19.1
  250   3000 -6.322060963963966e-02 3.6e+01 7.89e-02  4e-02  2e-01 369:15.6
  252   3024 -6.336194404782759e-02 3.7e+01 7.77e-02  4e-02  2e-01 372:11.9
  254   3048 -6.340629944044736e-02 3.8e+01 7.62e-02  4e-02  2e-01 375:08.9
  256   3072 -6.334406954393199e-02 3.9e+01 7.35e-02  3e-02  1e-01 378:05.1
  258   3096 -6.349809170094134e-02 3.9e+01 6.89e-02  3e-02  1e-01 381:01.7
  260   3120 -6.348999370787455e-02 3.9e+01 7.20e-02  3e-02  1e-01 383:57.9
  262   3144 -6.330867646713720e-02 4.0e+01 7.67e-02  4e-02  2e-01 386:54.8
  265   3180 -6.338759885343118e-02 4.0e+01 7.79e-02  4e-02  2e-01 391:18.6
  268   3216 -6.346532933663973e-02 4.1e+01 6.69e-02  3e-02  1e-01 395:42.4
  271   3252 -6.359900989809911e-02 4.1e+01 6.22e-02  3e-02  1e-01 400:05.4
  274   3288 -6.361581601883202e-02 4.2e+01 5.60e-02  2e-02  1e-01 404:29.6
  277   3324 -6.369823632214563e-02 4.2e+01 5.26e-02  2e-02  1e-01 408:53.1
  280   3360 -6.368504209844787e-02 4.3e+01 5.47e-02  2e-02  1e-01 413:17.0
  283   3396 -6.367973221215567e-02 4.4e+01 6.08e-02  3e-02  1e-01 417:40.4
  286   3432 -6.378123541141018e-02 4.5e+01 6.07e-02  3e-02  1e-01 422:04.7
  289   3468 -6.377266908713848e-02 4.4e+01 6.48e-02  3e-02  1e-01 426:28.5
  292   3504 -6.365864135310985e-02 4.5e+01 6.47e-02  3e-02  1e-01 430:52.6
  295   3540 -6.370210443520503e-02 4.6e+01 6.27e-02  3e-02  1e-01 435:17.2
  298   3576 -6.381518455612128e-02 4.6e+01 6.21e-02  3e-02  1e-01 439:41.6
  300   3600 -6.379417257262000e-02 4.8e+01 6.26e-02  3e-02  1e-01 442:37.6
  303   3636 -6.384586981381840e-02 4.8e+01 5.95e-02  2e-02  1e-01 447:01.1
  306   3672 -6.391406746991289e-02 4.9e+01 6.26e-02  2e-02  1e-01 451:25.5
  309   3708 -6.390592126515225e-02 4.9e+01 6.40e-02  2e-02  1e-01 455:49.5
  312   3744 -6.390042686010118e-02 4.8e+01 6.32e-02  2e-02  1e-01 460:13.5
  315   3780 -6.394290298611228e-02 4.8e+01 5.67e-02  2e-02  1e-01 464:38.0
  318   3816 -6.392582536564724e-02 5.2e+01 5.74e-02  2e-02  1e-01 469:02.5
  321   3852 -6.404337440586183e-02 5.5e+01 5.65e-02  2e-02  1e-01 473:26.1
  324   3888 -6.401975987201744e-02 5.6e+01 5.90e-02  2e-02  1e-01 477:50.4
  327   3924 -6.398454554907643e-02 5.5e+01 5.48e-02  2e-02  1e-01 482:14.5
  330   3960 -6.414624770813687e-02 5.6e+01 5.33e-02  2e-02  1e-01 486:39.0
  333   3996 -6.416333954280934e-02 5.6e+01 5.40e-02  2e-02  1e-01 491:03.1
  336   4032 -6.422598480085853e-02 5.7e+01 6.19e-02  2e-02  1e-01 495:27.0
  339   4068 -6.413095737356307e-02 5.7e+01 6.30e-02  2e-02  1e-01 499:51.7
  342   4104 -6.423343665842880e-02 5.8e+01 5.42e-02  2e-02  1e-01 504:15.9
  345   4140 -6.422651596524546e-02 6.1e+01 5.11e-02  2e-02  1e-01 508:40.9
  348   4176 -6.430894439474204e-02 6.2e+01 4.95e-02  2e-02  1e-01 513:05.3
  351   4212 -6.434191572166864e-02 6.4e+01 4.38e-02  1e-02  9e-02 517:30.4
  354   4248 -6.430839099960259e-02 6.4e+01 4.10e-02  1e-02  9e-02 521:55.0
  357   4284 -6.435628274566857e-02 6.6e+01 4.15e-02  1e-02  9e-02 526:19.0
  360   4320 -6.436222393379418e-02 6.9e+01 4.26e-02  1e-02  1e-01 530:43.2
  363   4356 -6.439695184472588e-02 7.2e+01 4.68e-02  1e-02  1e-01 535:06.7
  366   4392 -6.435250601766185e-02 7.1e+01 4.54e-02  1e-02  1e-01 539:30.9
  369   4428 -6.439830155162549e-02 7.3e+01 4.27e-02  1e-02  1e-01 543:55.2
  372   4464 -6.442797332642407e-02 7.5e+01 4.09e-02  1e-02  1e-01 548:19.4
  375   4500 -6.445808664399483e-02 7.5e+01 3.89e-02  1e-02  9e-02 552:44.0
  378   4536 -6.444327144917994e-02 7.4e+01 3.61e-02  1e-02  8e-02 557:08.2
  381   4572 -6.446431371208200e-02 7.6e+01 3.54e-02  9e-03  8e-02 561:32.5
  384   4608 -6.445741551140866e-02 7.5e+01 3.61e-02  1e-02  8e-02 565:56.7
  387   4644 -6.448241913532486e-02 7.6e+01 3.93e-02  1e-02  9e-02 570:21.3
  390   4680 -6.450237719713159e-02 7.7e+01 4.19e-02  1e-02  1e-01 574:45.8
  393   4716 -6.448173585957924e-02 7.5e+01 4.27e-02  1e-02  1e-01 579:10.2
  396   4752 -6.454110600883615e-02 7.9e+01 4.25e-02  1e-02  1e-01 583:35.2
  399   4788 -6.454909779529953e-02 8.0e+01 4.06e-02  1e-02  1e-01 588:00.2
  400   4800 -6.452796811646054e-02 7.9e+01 4.03e-02  1e-02  1e-01 589:28.3
  403   4836 -6.453605007088430e-02 8.3e+01 3.96e-02  1e-02  1e-01 593:52.8
  406   4872 -6.454150734515315e-02 8.6e+01 3.57e-02  8e-03  9e-02 598:18.0
  409   4908 -6.458570223923883e-02 8.8e+01 3.45e-02  8e-03  9e-02 602:43.2
  412   4944 -6.457303859487785e-02 9.1e+01 3.53e-02  8e-03  9e-02 607:08.2
  415   4980 -6.458635671406905e-02 9.2e+01 3.35e-02  8e-03  9e-02 611:33.8
  418   5016 -6.459714218603951e-02 9.6e+01 3.16e-02  7e-03  9e-02 616:00.0
  421   5052 -6.460809852043459e-02 9.6e+01 3.07e-02  7e-03  8e-02 620:26.5
  424   5088 -6.462373502048216e-02 9.9e+01 3.15e-02  7e-03  9e-02 624:53.0
  427   5124 -6.463668990303655e-02 1.0e+02 3.24e-02  7e-03  9e-02 629:18.8
  430   5160 -6.463336665267325e-02 1.1e+02 3.16e-02  7e-03  9e-02 633:45.6
  433   5196 -6.466786029484783e-02 1.1e+02 3.44e-02  7e-03  1e-01 638:11.9
  436   5232 -6.466945423595705e-02 1.2e+02 3.94e-02  8e-03  1e-01 642:38.3
  439   5268 -6.468539979907083e-02 1.2e+02 3.99e-02  8e-03  1e-01 647:04.5
  442   5304 -6.469047897540120e-02 1.3e+02 3.97e-02  8e-03  1e-01 651:29.8
  445   5340 -6.470271531000399e-02 1.3e+02 3.99e-02  8e-03  1e-01 655:55.2
  448   5376 -6.474169972743180e-02 1.3e+02 4.09e-02  8e-03  1e-01 660:20.9
  451   5412 -6.474957317972181e-02 1.4e+02 4.29e-02  8e-03  2e-01 664:46.5
  454   5448 -6.478044234678265e-02 1.5e+02 4.32e-02  8e-03  2e-01 669:11.6
  457   5484 -6.477576619975155e-02 1.6e+02 3.97e-02  7e-03  2e-01 673:36.6
  460   5520 -6.477084938108012e-02 1.6e+02 3.53e-02  6e-03  1e-01 678:02.7
  463   5556 -6.480727744463047e-02 1.6e+02 2.98e-02  5e-03  1e-01 682:27.6
  466   5592 -6.482495073157851e-02 1.7e+02 2.98e-02  5e-03  1e-01 686:53.1
  469   5628 -6.482228352783161e-02 1.7e+02 2.97e-02  5e-03  1e-01 691:18.1
  472   5664 -6.484767757348658e-02 1.8e+02 3.15e-02  5e-03  1e-01 695:43.3
  475   5700 -6.486130754911847e-02 1.8e+02 3.28e-02  5e-03  1e-01 700:08.9
  478   5736 -6.488344681049227e-02 1.9e+02 3.25e-02  5e-03  1e-01 704:34.5
  481   5772 -6.488534861178151e-02 2.0e+02 3.48e-02  6e-03  2e-01 708:59.3
  484   5808 -6.494611241760045e-02 2.1e+02 4.03e-02  6e-03  2e-01 713:24.9
  487   5844 -6.494515038583056e-02 2.3e+02 4.67e-02  7e-03  3e-01 717:50.1
  490   5880 -6.500219318093262e-02 2.5e+02 5.58e-02  9e-03  3e-01 722:15.9
  493   5916 -6.496624434679500e-02 2.6e+02 5.52e-02  8e-03  3e-01 726:41.3
  496   5952 -6.496863521439482e-02 2.6e+02 4.98e-02  7e-03  3e-01 731:06.5
  499   5988 -6.501075125579513e-02 2.7e+02 4.63e-02  7e-03  3e-01 735:32.1
  500   6000 -6.500521135676757e-02 2.7e+02 4.52e-02  6e-03  3e-01 737:00.4
  503   6036 -6.501976335260175e-02 2.7e+02 3.97e-02  6e-03  2e-01 741:25.7
  506   6072 -6.503218263060764e-02 2.6e+02 3.56e-02  5e-03  2e-01 745:51.4
  509   6108 -6.505146393404122e-02 2.6e+02 3.16e-02  4e-03  2e-01 750:17.0
  512   6144 -6.506044802258791e-02 2.5e+02 2.95e-02  4e-03  2e-01 754:42.3
  515   6180 -6.508524502411649e-02 2.6e+02 2.96e-02  4e-03  2e-01 759:08.4
  518   6216 -6.512761668193194e-02 2.7e+02 3.19e-02  4e-03  2e-01 763:33.7
  521   6252 -6.510735725799444e-02 2.7e+02 3.62e-02  4e-03  2e-01 767:59.4
  524   6288 -6.513730730401147e-02 2.8e+02 4.68e-02  6e-03  3e-01 772:25.4
  527   6324 -6.517054344539121e-02 2.8e+02 4.73e-02  5e-03  3e-01 776:51.2
  531   6372 -6.516536572072282e-02 2.8e+02 4.41e-02  5e-03  3e-01 782:45.3
  535   6420 -6.522664743358829e-02 2.9e+02 4.29e-02  5e-03  3e-01 788:39.6
  539   6468 -6.525279732240587e-02 3.2e+02 3.95e-02  4e-03  3e-01 794:33.5
  543   6516 -6.532385855116980e-02 3.2e+02 4.03e-02  4e-03  3e-01 800:27.9
  547   6564 -6.533036054819130e-02 3.5e+02 4.26e-02  4e-03  3e-01 806:23.1
  551   6612 -6.538776371281811e-02 3.7e+02 4.23e-02  4e-03  3e-01 812:17.9
  555   6660 -6.542421754806547e-02 3.9e+02 4.48e-02  4e-03  3e-01 818:12.7
  559   6708 -6.541311495932628e-02 3.9e+02 4.59e-02  4e-03  3e-01 824:07.0
  563   6756 -6.543325421488046e-02 3.8e+02 4.62e-02  4e-03  4e-01 830:01.3
  567   6804 -6.544264761393263e-02 4.0e+02 4.37e-02  4e-03  3e-01 835:55.5
  571   6852 -6.547158835027501e-02 4.0e+02 4.22e-02  4e-03  3e-01 841:50.2
  575   6900 -6.549833262521272e-02 4.1e+02 4.72e-02  4e-03  4e-01 847:44.8
  579   6948 -6.547581994297021e-02 4.4e+02 5.52e-02  5e-03  5e-01 853:39.3
  583   6996 -6.546029019708395e-02 4.4e+02 5.65e-02  5e-03  5e-01 859:34.6
  587   7044 -6.550441187229065e-02 4.4e+02 5.53e-02  5e-03  5e-01 865:29.0
  591   7092 -6.549760861556340e-02 4.3e+02 4.77e-02  4e-03  4e-01 871:24.3
  595   7140 -6.552768563401529e-02 4.3e+02 4.00e-02  3e-03  3e-01 877:18.8
  599   7188 -6.555117800439962e-02 4.3e+02 3.12e-02  2e-03  3e-01 883:13.3
  600   7200 -6.554827658641940e-02 4.3e+02 2.99e-02  2e-03  2e-01 884:41.5
  604   7248 -6.554844329878826e-02 4.1e+02 2.90e-02  2e-03  2e-01 890:37.1
  608   7296 -6.554717936147822e-02 4.1e+02 2.84e-02  2e-03  2e-01 896:31.5
  612   7344 -6.555609472822195e-02 4.1e+02 2.85e-02  2e-03  2e-01 902:26.1
  616   7392 -6.556655344019605e-02 4.2e+02 2.62e-02  2e-03  2e-01 908:21.0
  620   7440 -6.557721197065369e-02 4.2e+02 2.44e-02  2e-03  2e-01 914:15.6
  624   7488 -6.557561610817393e-02 4.2e+02 2.39e-02  2e-03  2e-01 920:10.4
  628   7536 -6.557780689981203e-02 4.3e+02 2.60e-02  2e-03  2e-01 926:05.4
  632   7584 -6.559117601372247e-02 4.2e+02 3.06e-02  2e-03  2e-01 932:00.3
  636   7632 -6.558237344694949e-02 4.3e+02 3.14e-02  2e-03  2e-01 937:54.5
  640   7680 -6.558688444445188e-02 4.3e+02 3.02e-02  2e-03  2e-01 943:48.7
  644   7728 -6.559824423616444e-02 4.5e+02 2.96e-02  2e-03  2e-01 949:43.3
  648   7776 -6.559847005139938e-02 4.4e+02 3.17e-02  2e-03  2e-01 955:37.4
  652   7824 -6.560456705371795e-02 4.3e+02 3.08e-02  2e-03  2e-01 961:31.5
  656   7872 -6.559881313827132e-02 4.4e+02 3.12e-02  2e-03  2e-01 967:25.4
  660   7920 -6.561948423441953e-02 4.5e+02 2.98e-02  2e-03  2e-01 973:19.9
  664   7968 -6.561804917881718e-02 4.4e+02 2.80e-02  2e-03  2e-01 979:14.6
  668   8016 -6.562107651681444e-02 4.5e+02 2.31e-02  1e-03  2e-01 985:09.3
  672   8064 -6.562162126053125e-02 4.6e+02 2.35e-02  1e-03  2e-01 991:04.4
  676   8112 -6.562989594105390e-02 4.8e+02 2.37e-02  1e-03  2e-01 996:58.7
  680   8160 -6.562688884057712e-02 5.0e+02 2.35e-02  1e-03  2e-01 1002:52.5
  684   8208 -6.563367519819911e-02 5.0e+02 2.15e-02  1e-03  2e-01 1008:47.6
  688   8256 -6.563830649150554e-02 5.1e+02 1.88e-02  1e-03  1e-01 1014:42.5
  692   8304 -6.564057623964817e-02 5.2e+02 2.09e-02  1e-03  1e-01 1020:37.1
  696   8352 -6.564160394650523e-02 5.1e+02 2.11e-02  1e-03  2e-01 1026:32.3
  700   8400 -6.564223754564329e-02 5.3e+02 2.03e-02  1e-03  1e-01 1032:27.0
  704   8448 -6.564594021943307e-02 5.3e+02 1.91e-02  9e-04  1e-01 1038:22.2
  708   8496 -6.564911139882407e-02 5.3e+02 2.04e-02  1e-03  1e-01 1044:16.7
  712   8544 -6.565049579258926e-02 5.7e+02 2.05e-02  1e-03  1e-01 1050:11.8
  716   8592 -6.565308131550571e-02 5.8e+02 2.03e-02  1e-03  1e-01 1056:06.6
  720   8640 -6.565905478524782e-02 5.8e+02 2.48e-02  1e-03  2e-01 1062:00.8
  724   8688 -6.566651771199171e-02 5.8e+02 2.96e-02  1e-03  2e-01 1067:56.2
  728   8736 -6.566347622320803e-02 5.8e+02 3.10e-02  1e-03  2e-01 1073:50.9
  732   8784 -6.567810979973900e-02 5.9e+02 3.70e-02  2e-03  3e-01 1079:45.1
  736   8832 -6.570203711629591e-02 5.8e+02 4.31e-02  2e-03  3e-01 1085:39.6
  740   8880 -6.573251428712681e-02 5.7e+02 5.22e-02  2e-03  3e-01 1091:33.9
  744   8928 -6.574129609930671e-02 5.7e+02 6.00e-02  3e-03  4e-01 1097:28.3
  748   8976 -6.579014834768174e-02 5.7e+02 7.06e-02  3e-03  5e-01 1103:21.8
  752   9024 -6.579042883200334e-02 5.5e+02 6.74e-02  3e-03  4e-01 1109:15.3
  756   9072 -6.580973291482350e-02 5.5e+02 6.49e-02  3e-03  4e-01 1115:09.9
  760   9120 -6.581309017177045e-02 5.4e+02 6.77e-02  3e-03  4e-01 1121:05.0
  764   9168 -6.581640477644679e-02 5.4e+02 6.71e-02  3e-03  4e-01 1126:59.4
  768   9216 -6.580427591196793e-02 5.3e+02 5.67e-02  2e-03  3e-01 1132:53.2
  772   9264 -6.583734091156633e-02 5.2e+02 5.11e-02  2e-03  3e-01 1138:47.2
  776   9312 -6.584215822273633e-02 5.3e+02 5.62e-02  2e-03  3e-01 1144:41.1
  780   9360 -6.584873890631872e-02 5.6e+02 5.58e-02  2e-03  3e-01 1150:35.2
  784   9408 -6.584459929774980e-02 5.7e+02 5.42e-02  2e-03  3e-01 1156:29.1
  788   9456 -6.584127629379449e-02 5.6e+02 5.70e-02  2e-03  3e-01 1162:22.9
  792   9504 -6.585779595841161e-02 5.6e+02 6.03e-02  2e-03  4e-01 1168:16.1
  796   9552 -6.585284297201147e-02 5.7e+02 5.61e-02  2e-03  3e-01 1174:10.0
  800   9600 -6.586086447304057e-02 5.7e+02 4.73e-02  2e-03  3e-01 1180:03.2
Budget constraint satisfied 465.4499931335449 547 Difference:  81.55000686645508
Budget constraint satisfied 445.3999938964844 547 Difference:  101.60000610351562
two_most_probable_states: ['0000001100000', '0000001000000']
final_expectation_value: -0.06586275266324382
params: [3.694277991991978, 8.200415794252704, 2.4153186497210797, 15.85692825170496, 11.030489717731403, -17.477687705403895, 8.293710510810032, 14.30057476285256, 3.455364714811537, 7.727395709336425, 2.6212468858653453, -0.15836309351968428, 2.990450807561818, -0.1627945829993408, 2.929390174115131, -0.07512476031723515, 3.4915022721385847, 3.230804783264957, 1.3980519822552064, 1.5197320572860014]
total_steps: 800
states_probs: [0.0028519149704744336, 0.0028878250855634813]
optimized_portfolios: [{'BA': 0, 'CVX': 0, 'DIS': 4, 'INTC': 1, 'V': 0}, {'BA': 0, 'CVX': 0, 'DIS': 4, 'INTC': 0, 'V': 0}]
objective_values: [-14.204511354973516, -11.670282239525307]
result_with_budget: [{'portfolio': {'BA': 0, 'CVX': 0, 'DIS': 4, 'INTC': 1, 'V': 0}, 'budget': 465.4499931335449, 'difference': 81.55000686645508}, {'portfolio': {'BA': 0, 'CVX': 0, 'DIS': 4, 'INTC': 0, 'V': 0}, 'budget': 445.3999938964844, 'difference': 101.60000610351562}]
Batch 20/100 completed. Results saved to portfolio_optimization_results_batch_19.json
Job finished at Mon Mar 24 07:16:56 EET 2025
