Running job array 6 on pe62.int.triton.aalto.fi
Starting at Sat Mar 22 10:18:25 EET 2025
Activating virtual environment at /scratch/work/uotilav2/quantum-portfolio/venv
Processing batch 7/100: experiments 6 to 6 (total 1)
Processing experiment 6
Budget: 2147
YF.download() has changed argument auto_adjust default to True
Number of qubits for asset DOW: 6
Number of qubits for asset TRV: 4
Total number of qubits:  10
Optimized Weights (considering variance, skewness and kurtosis):
DOW: 25.22%
TRV: 74.78%
Left over budget:  34.25114876298312
Optimized Discrete Allocation:
DOW: 11
TRV: 7
Maximized utility from continuous higher moments:  -4381.686815631606
Budget constraint not satisfied 2159.1764373779297 2147 Difference:  -12.176437377929688
Budget constraint not satisfied 2155.6621627807617 2147 Difference:  -8.662162780761719
smallest_eigenvalues: [-0.3052683148859604]
smallest_bitstrings: ['0000001001']
first_excited_energy: -0.30526519560556903
optimized_portfolio: [{'DOW': 0, 'TRV': 9}]
second_optimized_portfolio: [{'DOW': 6, 'TRV': 8}]
result_with_budget: [{'portfolio': {'DOW': 0, 'TRV': 9}, 'budget': 2159.1764373779297, 'difference': -12.176437377929688, 'objective_value': -609.0874345674116}]
result_with_budget_excited: [{'portfolio': {'DOW': 6, 'TRV': 8}, 'budget': 2155.6621627807617, 'difference': -8.662162780761719, 'objective_value': -1714.4432171289097}]
Initial params:  [2.51063067 1.44978017 2.45210473 0.37157007 2.01037118 0.45035763
 2.96776493 1.63943485 1.3026989  0.83112597 2.43232687 1.43303853
 1.78578792 0.0590299  1.94035914 1.92295543 1.93815531 2.96487203
 2.14200164 1.12942738]
(6_w,12)-aCMA-ES (mu_w=3.7,w_1=40%) in dimension 20 (seed=698251, Sat Mar 22 10:18:31 2025)
Iterat #Fevals   function value  axis ratio  sigma  min&max std  t[m:s]
    1     12 -1.905060577779677e-01 1.0e+00 9.56e-02  9e-02  1e-01 0:27.6
    2     24 -2.059731276626017e-01 1.1e+00 9.39e-02  9e-02  1e-01 0:55.1
    3     36 -2.101424856203274e-01 1.1e+00 9.22e-02  9e-02  9e-02 1:22.6
    4     48 -2.109054142006691e-01 1.2e+00 8.96e-02  9e-02  9e-02 1:50.1
    5     60 -2.045128028229461e-01 1.2e+00 8.66e-02  8e-02  9e-02 2:17.7
    6     72 -2.143996522966437e-01 1.2e+00 8.34e-02  8e-02  9e-02 2:45.4
    7     84 -2.134382081604425e-01 1.2e+00 7.84e-02  7e-02  8e-02 3:13.0
    8     96 -2.118612805032574e-01 1.2e+00 7.73e-02  7e-02  8e-02 3:40.4
    9    108 -2.200805300461642e-01 1.3e+00 7.69e-02  7e-02  8e-02 4:07.9
   10    120 -2.175877241603236e-01 1.3e+00 7.77e-02  7e-02  8e-02 4:35.6
   11    132 -2.300405825674484e-01 1.3e+00 7.79e-02  7e-02  8e-02 5:03.2
   12    144 -2.269107153560876e-01 1.4e+00 7.62e-02  7e-02  8e-02 5:30.8
   13    156 -2.411460529409591e-01 1.4e+00 7.67e-02  7e-02  8e-02 5:58.4
   14    168 -2.379178805430417e-01 1.5e+00 7.71e-02  7e-02  8e-02 6:25.9
   15    180 -2.414091325040249e-01 1.5e+00 7.78e-02  7e-02  8e-02 6:53.5
   16    192 -2.343562830013360e-01 1.5e+00 7.82e-02  7e-02  8e-02 7:21.1
   17    204 -2.344782612130115e-01 1.6e+00 7.86e-02  7e-02  8e-02 7:48.7
   18    216 -2.352791787427366e-01 1.6e+00 8.26e-02  8e-02  9e-02 8:16.3
   19    228 -2.368119717357525e-01 1.7e+00 8.57e-02  8e-02  9e-02 8:43.9
   20    240 -2.421977934792743e-01 1.8e+00 8.87e-02  8e-02  1e-01 9:11.5
   21    252 -2.361744196046419e-01 1.8e+00 9.09e-02  8e-02  1e-01 9:39.0
   22    264 -2.389866311887525e-01 1.9e+00 9.65e-02  9e-02  1e-01 10:06.6
   23    276 -2.446190232981524e-01 1.9e+00 9.84e-02  9e-02  1e-01 10:34.1
   24    288 -2.482564655763334e-01 2.0e+00 9.89e-02  9e-02  1e-01 11:01.7
   25    300 -2.477554796818832e-01 2.0e+00 1.00e-01  9e-02  1e-01 11:29.3
   26    312 -2.474372366804362e-01 2.0e+00 9.78e-02  9e-02  1e-01 11:56.9
   27    324 -2.513769203243429e-01 2.1e+00 9.52e-02  9e-02  1e-01 12:24.6
   28    336 -2.465088729322882e-01 2.1e+00 9.18e-02  8e-02  1e-01 12:52.2
   30    360 -2.608612028800132e-01 2.1e+00 9.06e-02  8e-02  1e-01 13:47.2
   32    384 -2.485706682792340e-01 2.2e+00 8.86e-02  8e-02  1e-01 14:42.5
   34    408 -2.471089853392085e-01 2.3e+00 9.23e-02  8e-02  1e-01 15:37.6
   36    432 -2.557885094993255e-01 2.4e+00 8.92e-02  8e-02  1e-01 16:32.8
   38    456 -2.575656432265049e-01 2.5e+00 8.69e-02  7e-02  1e-01 17:28.0
   40    480 -2.645672980911894e-01 2.6e+00 8.80e-02  7e-02  1e-01 18:23.4
   42    504 -2.630809831856290e-01 2.7e+00 9.06e-02  8e-02  1e-01 19:18.5
   44    528 -2.645442059758104e-01 2.7e+00 8.64e-02  7e-02  9e-02 20:13.9
   46    552 -2.711588570049551e-01 2.7e+00 8.32e-02  7e-02  9e-02 21:09.0
   48    576 -2.657798939983553e-01 2.8e+00 7.82e-02  7e-02  8e-02 22:04.2
   50    600 -2.643596466739527e-01 3.0e+00 7.77e-02  7e-02  9e-02 22:59.5
   52    624 -2.701920031226717e-01 3.0e+00 8.21e-02  7e-02  9e-02 23:54.6
   54    648 -2.626924528091649e-01 3.2e+00 8.54e-02  7e-02  9e-02 24:49.9
   56    672 -2.650033459800718e-01 3.3e+00 7.84e-02  7e-02  9e-02 25:45.0
   58    696 -2.696739126528236e-01 3.4e+00 7.03e-02  6e-02  8e-02 26:40.4
   60    720 -2.713692365081751e-01 3.5e+00 7.11e-02  6e-02  8e-02 27:35.4
   62    744 -2.671107691988158e-01 3.5e+00 7.25e-02  6e-02  8e-02 28:30.7
   64    768 -2.687065697532087e-01 3.6e+00 6.94e-02  6e-02  8e-02 29:25.8
   66    792 -2.710642057612886e-01 3.7e+00 6.78e-02  6e-02  8e-02 30:21.1
   68    816 -2.685461450757888e-01 3.7e+00 6.43e-02  5e-02  7e-02 31:16.2
   70    840 -2.699717333098682e-01 3.8e+00 6.29e-02  5e-02  7e-02 32:10.0
   72    864 -2.728415590821737e-01 3.8e+00 6.58e-02  5e-02  7e-02 33:03.0
   74    888 -2.716366892599852e-01 3.9e+00 6.53e-02  5e-02  7e-02 33:56.0
   76    912 -2.748379069386279e-01 3.9e+00 6.26e-02  5e-02  7e-02 34:48.9
   78    936 -2.739734795983990e-01 4.1e+00 5.83e-02  5e-02  7e-02 35:42.0
   81    972 -2.734378018894780e-01 4.2e+00 5.45e-02  4e-02  6e-02 37:01.3
   84   1008 -2.738313550397565e-01 4.4e+00 5.37e-02  4e-02  6e-02 38:21.0
   87   1044 -2.761008536491673e-01 4.5e+00 5.37e-02  4e-02  6e-02 39:40.7
   90   1080 -2.761976815909266e-01 4.8e+00 5.47e-02  4e-02  6e-02 41:00.1
   93   1116 -2.778234548511001e-01 4.9e+00 5.41e-02  4e-02  6e-02 42:19.5
   96   1152 -2.767037475574116e-01 5.0e+00 5.01e-02  4e-02  6e-02 43:39.1
   99   1188 -2.759924416785818e-01 5.0e+00 5.56e-02  4e-02  6e-02 44:59.0
  100   1200 -2.766852632914018e-01 5.1e+00 5.71e-02  4e-02  7e-02 45:25.5
  103   1236 -2.766479072256396e-01 5.1e+00 5.40e-02  4e-02  6e-02 46:45.3
  106   1272 -2.767864132135004e-01 5.3e+00 5.42e-02  4e-02  6e-02 48:04.9
  109   1308 -2.770487041681531e-01 5.4e+00 5.73e-02  4e-02  7e-02 49:24.4
  112   1344 -2.775505120172879e-01 5.7e+00 5.91e-02  4e-02  7e-02 50:43.8
  115   1380 -2.782703538860852e-01 5.9e+00 5.47e-02  4e-02  6e-02 52:03.2
  118   1416 -2.780387075625910e-01 6.1e+00 5.38e-02  4e-02  6e-02 53:22.9
  121   1452 -2.790056076241081e-01 6.5e+00 4.79e-02  3e-02  6e-02 54:42.4
  124   1488 -2.786287522002233e-01 6.8e+00 4.49e-02  3e-02  5e-02 56:01.8
  127   1524 -2.791435923702723e-01 6.8e+00 4.53e-02  3e-02  5e-02 57:21.6
  130   1560 -2.793066699034394e-01 6.9e+00 4.11e-02  3e-02  5e-02 58:41.0
  133   1596 -2.794113222342173e-01 7.1e+00 3.38e-02  2e-02  4e-02 60:00.6
  136   1632 -2.796327715966290e-01 7.3e+00 2.85e-02  2e-02  3e-02 61:20.1
  139   1668 -2.796680768310839e-01 7.7e+00 2.64e-02  2e-02  3e-02 62:39.6
  142   1704 -2.796908933251361e-01 8.1e+00 2.64e-02  2e-02  3e-02 63:59.2
  145   1740 -2.797888353973464e-01 8.2e+00 2.55e-02  2e-02  3e-02 65:18.9
  148   1776 -2.798897051454406e-01 8.3e+00 2.46e-02  1e-02  3e-02 66:38.7
  151   1812 -2.797234167483409e-01 8.5e+00 2.55e-02  1e-02  3e-02 67:58.2
  154   1848 -2.798221790011852e-01 8.8e+00 2.28e-02  1e-02  3e-02 69:17.8
  157   1884 -2.800569340596369e-01 9.4e+00 2.13e-02  1e-02  3e-02 70:37.3
  161   1932 -2.800948568758269e-01 9.6e+00 2.17e-02  1e-02  3e-02 72:23.2
  165   1980 -2.802203364166814e-01 9.8e+00 2.55e-02  1e-02  3e-02 74:09.3
  169   2028 -2.803207166570368e-01 1.0e+01 2.55e-02  1e-02  3e-02 75:55.8
  173   2076 -2.801545545447606e-01 1.1e+01 2.63e-02  1e-02  3e-02 77:41.5
  177   2124 -2.803827357273364e-01 1.2e+01 2.25e-02  1e-02  3e-02 79:27.6
  181   2172 -2.804755703560558e-01 1.2e+01 2.43e-02  1e-02  3e-02 81:13.5
  185   2220 -2.806039646475623e-01 1.3e+01 2.30e-02  1e-02  3e-02 82:59.6
  189   2268 -2.806356810488458e-01 1.3e+01 2.24e-02  1e-02  3e-02 84:45.9
  193   2316 -2.807594717486852e-01 1.3e+01 2.38e-02  1e-02  3e-02 86:31.8
  197   2364 -2.807915512142891e-01 1.4e+01 2.52e-02  1e-02  3e-02 88:18.0
  200   2400 -2.808998957431804e-01 1.6e+01 2.44e-02  1e-02  3e-02 89:37.5
  204   2448 -2.809843193172029e-01 1.6e+01 2.18e-02  1e-02  3e-02 91:23.9
  208   2496 -2.810966212268596e-01 1.7e+01 1.86e-02  9e-03  3e-02 93:10.1
  212   2544 -2.812901452459450e-01 1.8e+01 2.22e-02  1e-02  3e-02 94:56.2
  216   2592 -2.812570114325288e-01 1.9e+01 2.14e-02  1e-02  3e-02 96:42.2
  220   2640 -2.813726576203698e-01 2.0e+01 2.02e-02  1e-02  3e-02 98:28.4
  224   2688 -2.814657967256486e-01 2.1e+01 1.98e-02  1e-02  3e-02 100:14.5
  228   2736 -2.814844163750280e-01 2.2e+01 2.13e-02  1e-02  3e-02 102:00.9
  232   2784 -2.816884536686540e-01 2.4e+01 2.71e-02  1e-02  5e-02 103:47.0
  236   2832 -2.817623939853977e-01 2.6e+01 2.95e-02  1e-02  6e-02 105:33.1
  240   2880 -2.817933379913258e-01 2.8e+01 2.75e-02  1e-02  5e-02 107:19.3
  244   2928 -2.819375830063076e-01 2.9e+01 2.64e-02  1e-02  5e-02 109:05.7
  248   2976 -2.819835196151613e-01 3.1e+01 2.69e-02  1e-02  6e-02 110:52.4
  252   3024 -2.823158759026491e-01 3.3e+01 2.69e-02  1e-02  6e-02 112:38.7
  256   3072 -2.822431478707323e-01 3.3e+01 2.68e-02  1e-02  6e-02 114:25.0
  260   3120 -2.823889183015552e-01 3.3e+01 2.52e-02  1e-02  6e-02 116:11.0
  264   3168 -2.825381144597114e-01 3.4e+01 2.55e-02  1e-02  6e-02 117:57.2
  269   3228 -2.826964186955971e-01 3.9e+01 2.63e-02  1e-02  6e-02 120:09.7
  274   3288 -2.828171187174743e-01 4.3e+01 3.05e-02  1e-02  8e-02 122:22.6
  279   3348 -2.829761279903327e-01 4.8e+01 3.81e-02  2e-02  1e-01 124:35.2
  284   3408 -2.832287628779684e-01 5.2e+01 3.61e-02  2e-02  1e-01 126:48.2
  289   3468 -2.834141113394863e-01 5.2e+01 3.36e-02  2e-02  1e-01 129:00.9
  294   3528 -2.835528913655859e-01 5.4e+01 3.38e-02  2e-02  1e-01 131:13.6
  299   3588 -2.836260097269097e-01 6.0e+01 3.66e-02  2e-02  1e-01 133:26.0
  300   3600 -2.836000443137569e-01 6.1e+01 3.58e-02  2e-02  1e-01 133:52.6
  305   3660 -2.837836936168189e-01 6.1e+01 3.55e-02  2e-02  1e-01 136:05.4
  310   3720 -2.839333671099626e-01 6.1e+01 3.22e-02  1e-02  1e-01 138:18.6
  315   3780 -2.840726040853639e-01 6.2e+01 2.79e-02  1e-02  1e-01 140:31.4
  320   3840 -2.843294364127784e-01 6.4e+01 2.97e-02  1e-02  1e-01 142:44.1
  325   3900 -2.842791322298969e-01 6.3e+01 2.95e-02  1e-02  1e-01 144:56.9
  330   3960 -2.845836969764914e-01 6.2e+01 3.10e-02  1e-02  1e-01 147:09.9
  335   4020 -2.846743407778808e-01 6.1e+01 3.22e-02  1e-02  1e-01 149:22.6
  340   4080 -2.848203684797985e-01 6.0e+01 3.23e-02  1e-02  1e-01 151:35.5
  345   4140 -2.849846321695875e-01 6.1e+01 3.02e-02  1e-02  1e-01 153:48.8
  350   4200 -2.852024902221126e-01 6.1e+01 3.23e-02  1e-02  1e-01 156:02.0
  355   4260 -2.853011899155183e-01 6.1e+01 3.77e-02  2e-02  1e-01 158:14.8
  360   4320 -2.853509358605252e-01 6.0e+01 3.54e-02  1e-02  1e-01 160:27.6
  365   4380 -2.854336242453169e-01 5.8e+01 2.85e-02  1e-02  9e-02 162:40.2
  370   4440 -2.855175472412193e-01 5.8e+01 2.76e-02  1e-02  8e-02 164:53.2
  375   4500 -2.856191964289242e-01 5.6e+01 2.54e-02  9e-03  8e-02 167:05.6
  380   4560 -2.857506839980171e-01 5.6e+01 2.10e-02  7e-03  6e-02 169:18.3
  385   4620 -2.857780767848319e-01 5.7e+01 2.18e-02  8e-03  7e-02 171:31.3
  390   4680 -2.858983690141698e-01 5.8e+01 2.58e-02  9e-03  8e-02 173:44.5
  395   4740 -2.859144260037227e-01 5.7e+01 3.15e-02  1e-02  9e-02 175:57.5
  400   4800 -2.859472014683358e-01 5.7e+01 2.86e-02  1e-02  9e-02 178:10.1
  406   4872 -2.859119419482835e-01 5.9e+01 2.74e-02  9e-03  8e-02 180:49.6
  412   4944 -2.860693893594810e-01 5.9e+01 2.96e-02  1e-02  9e-02 183:28.9
  418   5016 -2.860678336660780e-01 5.8e+01 2.66e-02  9e-03  8e-02 186:07.6
  424   5088 -2.862241705589814e-01 5.9e+01 2.67e-02  8e-03  8e-02 188:46.4
  430   5160 -2.863931865407393e-01 5.9e+01 3.56e-02  1e-02  1e-01 191:25.5
  436   5232 -2.864432506738296e-01 5.8e+01 4.09e-02  1e-02  1e-01 194:04.4
  442   5304 -2.866863114889655e-01 5.9e+01 4.61e-02  2e-02  1e-01 196:43.7
  448   5376 -2.866850127505137e-01 5.9e+01 4.34e-02  2e-02  1e-01 199:22.9
  454   5448 -2.867842385123578e-01 5.8e+01 3.56e-02  1e-02  1e-01 202:01.7
  460   5520 -2.869721769277261e-01 5.8e+01 3.18e-02  1e-02  8e-02 204:41.0
  466   5592 -2.870876124013149e-01 5.8e+01 2.83e-02  9e-03  7e-02 207:20.1
  472   5664 -2.872268018057594e-01 6.1e+01 3.25e-02  1e-02  9e-02 209:59.1
  478   5736 -2.873076648184160e-01 6.3e+01 3.69e-02  1e-02  1e-01 212:37.7
  484   5808 -2.873905640263820e-01 6.5e+01 3.24e-02  1e-02  1e-01 215:16.9
  490   5880 -2.875390779783928e-01 7.1e+01 3.56e-02  1e-02  1e-01 217:56.1
  496   5952 -2.878224445777229e-01 7.6e+01 4.69e-02  2e-02  2e-01 220:35.4
  500   6000 -2.878478333023340e-01 8.1e+01 4.77e-02  2e-02  2e-01 222:21.7
  506   6072 -2.884587733200176e-01 9.2e+01 6.76e-02  2e-02  3e-01 225:01.7
  512   6144 -2.883610405174152e-01 1.1e+02 8.09e-02  3e-02  4e-01 227:40.9
  518   6216 -2.890072137979028e-01 1.1e+02 8.28e-02  2e-02  4e-01 230:20.1
  524   6288 -2.891613904653584e-01 1.2e+02 7.18e-02  2e-02  3e-01 232:59.4
  530   6360 -2.892964728114056e-01 1.2e+02 5.52e-02  2e-02  3e-01 235:39.0
  536   6432 -2.894649285242611e-01 1.2e+02 3.96e-02  1e-02  2e-01 238:18.8
  542   6504 -2.895564615148741e-01 1.2e+02 4.03e-02  1e-02  2e-01 240:58.4
  548   6576 -2.896061578965616e-01 1.2e+02 3.77e-02  1e-02  2e-01 243:37.8
  555   6660 -2.896033663553121e-01 1.2e+02 3.70e-02  1e-02  2e-01 246:43.5
  562   6744 -2.896778112737152e-01 1.3e+02 3.23e-02  8e-03  1e-01 249:49.0
  569   6828 -2.897064567757305e-01 1.3e+02 2.41e-02  6e-03  1e-01 252:54.8
  576   6912 -2.897437351315513e-01 1.3e+02 2.48e-02  6e-03  1e-01 256:00.8
  583   6996 -2.897543637205535e-01 1.3e+02 2.25e-02  5e-03  9e-02 259:06.6
  590   7080 -2.897810443698152e-01 1.2e+02 1.79e-02  4e-03  7e-02 262:12.6
  597   7164 -2.898023914536804e-01 1.2e+02 1.51e-02  3e-03  6e-02 265:18.4
  600   7200 -2.898115297184820e-01 1.2e+02 1.50e-02  3e-03  6e-02 266:37.8
  607   7284 -2.898160732338524e-01 1.2e+02 1.42e-02  3e-03  6e-02 269:43.6
  614   7368 -2.898496356526843e-01 1.3e+02 1.62e-02  3e-03  6e-02 272:49.0
  621   7452 -2.898620061528974e-01 1.2e+02 1.79e-02  4e-03  7e-02 275:55.2
  628   7536 -2.898754601972737e-01 1.2e+02 1.70e-02  3e-03  6e-02 279:01.1
  635   7620 -2.898851873632445e-01 1.2e+02 2.21e-02  4e-03  8e-02 282:07.0
  642   7704 -2.899204045384874e-01 1.2e+02 2.06e-02  4e-03  7e-02 285:13.8
  649   7788 -2.899367926936729e-01 1.2e+02 2.08e-02  4e-03  7e-02 288:19.8
  656   7872 -2.899447123090937e-01 1.2e+02 2.05e-02  3e-03  7e-02 291:25.5
  663   7956 -2.899847602947128e-01 1.2e+02 2.49e-02  4e-03  8e-02 294:31.0
  670   8040 -2.899968866431356e-01 1.2e+02 2.64e-02  4e-03  8e-02 297:36.4
  677   8124 -2.900199861865130e-01 1.2e+02 2.40e-02  4e-03  8e-02 300:41.6
  684   8208 -2.900220966888200e-01 1.2e+02 2.10e-02  3e-03  6e-02 303:46.6
  691   8292 -2.900410572161087e-01 1.2e+02 1.55e-02  2e-03  5e-02 306:52.2
  698   8376 -2.900452074181642e-01 1.2e+02 1.30e-02  2e-03  4e-02 309:57.3
  700   8400 -2.900484616104640e-01 1.2e+02 1.22e-02  2e-03  4e-02 310:50.4
  707   8484 -2.900516730459442e-01 1.2e+02 1.28e-02  2e-03  4e-02 313:56.0
  714   8568 -2.900557469999212e-01 1.2e+02 1.39e-02  2e-03  4e-02 317:01.2
  721   8652 -2.900637344625543e-01 1.2e+02 1.55e-02  2e-03  4e-02 320:06.8
  729   8748 -2.900682072062305e-01 1.2e+02 1.65e-02  2e-03  4e-02 323:38.8
  737   8844 -2.900764476117354e-01 1.2e+02 1.43e-02  2e-03  4e-02 327:11.1
  745   8940 -2.900770843936445e-01 1.3e+02 1.24e-02  1e-03  3e-02 330:43.3
  753   9036 -2.900800669494095e-01 1.3e+02 1.10e-02  1e-03  3e-02 334:15.2
  761   9132 -2.900814621720539e-01 1.3e+02 9.53e-03  1e-03  3e-02 337:47.7
  769   9228 -2.900827603740408e-01 1.3e+02 6.94e-03  7e-04  2e-02 341:19.8
  777   9324 -2.900829173253084e-01 1.3e+02 5.58e-03  5e-04  1e-02 344:52.3
  785   9420 -2.900838255014019e-01 1.3e+02 5.26e-03  5e-04  1e-02 348:24.7
  793   9516 -2.900848767519799e-01 1.4e+02 4.57e-03  4e-04  1e-02 351:56.9
  800   9600 -2.900852728637884e-01 1.4e+02 5.94e-03  5e-04  1e-02 355:02.8
  808   9696 -2.900862464977840e-01 1.4e+02 6.74e-03  6e-04  2e-02 358:35.5
  816   9792 -2.900867663334797e-01 1.4e+02 5.57e-03  5e-04  1e-02 362:07.7
  824   9888 -2.900871518815280e-01 1.5e+02 4.27e-03  4e-04  9e-03 365:39.7
  832   9984 -2.900877075671074e-01 1.5e+02 5.06e-03  4e-04  1e-02 369:11.9
  840  10080 -2.900879330771468e-01 1.6e+02 5.42e-03  4e-04  1e-02 372:44.2
  848  10176 -2.900885199648454e-01 1.7e+02 4.39e-03  4e-04  9e-03 376:16.4
  856  10272 -2.900891105543867e-01 1.8e+02 4.30e-03  3e-04  1e-02 379:48.5
  864  10368 -2.900898213073910e-01 2.0e+02 5.56e-03  4e-04  1e-02 383:20.7
  872  10464 -2.900922148354340e-01 2.6e+02 9.51e-03  7e-04  3e-02 386:52.9
  880  10560 -2.900948156912325e-01 2.8e+02 2.12e-02  2e-03  7e-02 390:25.4
  888  10656 -2.901139257479758e-01 2.8e+02 3.42e-02  2e-03  1e-01 393:57.5
  896  10752 -2.901115144785593e-01 2.7e+02 4.30e-02  3e-03  1e-01 397:29.2
  900  10800 -2.901415800103765e-01 2.8e+02 4.69e-02  3e-03  2e-01 399:15.5
  908  10896 -2.901301404032311e-01 2.8e+02 5.71e-02  4e-03  2e-01 402:48.1
  916  10992 -2.902250520273739e-01 2.8e+02 5.01e-02  3e-03  2e-01 406:20.7
  924  11088 -2.902931185862102e-01 2.9e+02 5.19e-02  4e-03  2e-01 409:53.7
  932  11184 -2.903050892320051e-01 3.0e+02 4.26e-02  3e-03  1e-01 413:26.3
  941  11292 -2.904226045220500e-01 3.1e+02 4.94e-02  3e-03  2e-01 417:25.7
  950  11400 -2.905088483372060e-01 3.4e+02 5.02e-02  3e-03  2e-01 421:24.9
  959  11508 -2.905646774300100e-01 3.5e+02 4.84e-02  3e-03  2e-01 425:23.6
  968  11616 -2.906263510743832e-01 3.8e+02 5.70e-02  4e-03  2e-01 429:22.9
  977  11724 -2.907258319388145e-01 3.7e+02 3.93e-02  2e-03  2e-01 433:21.6
  986  11832 -2.907994098783729e-01 3.6e+02 4.78e-02  3e-03  2e-01 437:20.4
  995  11940 -2.908624156795164e-01 3.5e+02 4.97e-02  3e-03  2e-01 441:19.2
 1000  12000 -2.908763607113728e-01 3.4e+02 5.10e-02  3e-03  2e-01 443:32.0
Budget constraint satisfied 1958.6669807434082 2147 Difference:  188.3330192565918
Budget constraint satisfied 1919.2679443359375 2147 Difference:  227.7320556640625
two_most_probable_states: ['1000000001', '0000000001']
final_expectation_value: -0.29087696515782213
params: [2.29900385339073, 5.303364878761788, 2.853678185413507, -0.7484343878568404, 11.347292847889772, -0.6502321279489501, -0.08357127624671862, 3.6226365814239077, 8.537911623600964, 2.182789419980787, 2.6740075040359916, 1.4805997519641276, 0.43581251717331065, 0.9683489579349476, 1.856861957467668, 2.784468019856417, 1.5203117040296958, 3.1515939816878302, 1.4896231316732005, 1.584589898912367]
total_steps: 1000
states_probs: [0.006798383777043409, 0.006810788704497121]
optimized_portfolios: [{'DOW': 1, 'TRV': 8}, {'DOW': 0, 'TRV': 8}]
objective_values: [-482.4787568265175, -381.31344022579555]
result_with_budget: [{'portfolio': {'DOW': 1, 'TRV': 8}, 'budget': 1958.6669807434082, 'difference': 188.3330192565918}, {'portfolio': {'DOW': 0, 'TRV': 8}, 'budget': 1919.2679443359375, 'difference': 227.7320556640625}]
Batch 7/100 completed. Results saved to portfolio_optimization_results_batch_6.json
Job finished at Sat Mar 22 17:43:33 EET 2025
