Running job array 0 on pe79.int.triton.aalto.fi
Starting at Fri Mar 14 10:12:04 EET 2025
Activating virtual environment at /scratch/work/uotilav2/quantum-portfolio/venv
Processing batch 1/30: experiments 0 to 14 (total 15)
Processing experiment 0
Budget: 143.4715576171875
YF.download() has changed argument auto_adjust default to True
Expected returns: 0.13283864287184222
Covariance matrix: 0.44900488017023765
3rd-order coskewness tensor: 0.05969135393412802
4th-order cokurtosis tensor: 12.49173848502975
Number of qubits for asset HON: 1
Number of qubits for asset JNJ: 1
Total number of qubits:  2
Optimized Weights (considering variance, skewness and kurtosis):
HON: 46.40%
JNJ: 53.60%
Left over budget:  -8.572726528655039e-09
Optimized Discrete Allocation:
JNJ: 1
Maximized utility from continuous higher moments:  -2.6674420808246735
Budget constraint satisfied 143.4715576171875 143.4715576171875 Difference:  0.0
Budget constraint not satisfied 224.6875 143.4715576171875 Difference:  -81.2159423828125
smallest_eigenvalues: [-0.6381737856697]
smallest_bitstrings: ['01']
first_excited_energy: -0.43359421397569975
optimized_portfolio: [{'HON': 0, 'JNJ': 1}]
second_optimized_portfolio: [{'HON': 1, 'JNJ': 0}]
result_with_budget: [{'portfolio': {'HON': 0, 'JNJ': 1}, 'budget': 143.4715576171875, 'difference': 0.0, 'objective_value': -2.6674420808246735}]
result_with_budget_excited: [{'portfolio': {'HON': 1, 'JNJ': 0}, 'budget': 224.6875, 'difference': -81.2159423828125, 'objective_value': -2.8987829907898126}]
Initial params:  [1.20757075 0.93473253 0.17816907 0.85657501]
(4_w,8)-aCMA-ES (mu_w=2.6,w_1=52%) in dimension 4 (seed=1053075, Fri Mar 14 10:12:22 2025)
Iterat #Fevals   function value  axis ratio  sigma  min&max std  t[m:s]
    1      8 -1.525780929846210e-01 1.0e+00 1.56e+00  1e+00  2e+00 0:00.2
    2     16 -2.391330307081822e-01 1.4e+00 1.63e+00  1e+00  2e+00 0:00.2
    3     24 -1.620801306229808e-01 1.3e+00 2.09e+00  2e+00  2e+00 0:00.3
   62    496 -5.290194407343372e-01 1.3e+01 3.59e+00  1e+00  6e+00 0:03.3
  100    800 -5.754763069114233e-01 1.7e+01 3.67e-01  4e-02  3e-01 0:05.2
  199   1592 -5.985713629751594e-01 5.5e+00 4.40e-05  6e-08  2e-07 0:10.1
Budget constraint not satisfied 224.6875 143.4715576171875 Difference:  -81.2159423828125
Budget constraint satisfied 143.4715576171875 143.4715576171875 Difference:  0.0
two_most_probable_states: ['10', '01']
final_expectation_value: -0.5985713629751594
params: [19.36547649297657, -48.671500447825814, -14.508630228441094, 12.21438990978079]
total_steps: 199
states_probs: [0.1455935315330909, 0.8420951821765035]
optimized_portfolios: [{'HON': 1, 'JNJ': 0}, {'HON': 0, 'JNJ': 1}]
objective_values: [-2.8987829907898126, -2.6674420808246735]
result_with_budget: [{'portfolio': {'HON': 1, 'JNJ': 0}, 'budget': 224.6875, 'difference': -81.2159423828125}, {'portfolio': {'HON': 0, 'JNJ': 1}, 'budget': 143.4715576171875, 'difference': 0.0}]
Processing experiment 1
Budget: 534.5721893310547
Expected returns: 0.1782042459277219
Covariance matrix: 0.7296733797477758
3rd-order coskewness tensor: 1.0810251799269792
4th-order cokurtosis tensor: 21.988417302601164
Number of qubits for asset AXP: 1
Number of qubits for asset JPM: 2
Total number of qubits:  3
Optimized Weights (considering variance, skewness and kurtosis):
AXP: 39.07%
JPM: 60.93%
Left over budget:  2.215028871432878e-08
Optimized Discrete Allocation:
AXP: 1
JPM: 1
Maximized utility from continuous higher moments:  -29.798917675772532
Budget constraint satisfied 534.5721893310547 534.5721893310547 Difference:  0.0
Budget constraint satisfied 476.9566955566406 534.5721893310547 Difference:  57.61549377441406
smallest_eigenvalues: [-0.7451237954637467]
smallest_bitstrings: ['110']
first_excited_energy: -0.7364580676934359
optimized_portfolio: [{'AXP': 1, 'JPM': 1}]
second_optimized_portfolio: [{'AXP': 0, 'JPM': 2}]
result_with_budget: [{'portfolio': {'AXP': 1, 'JPM': 1}, 'budget': 534.5721893310547, 'difference': 0.0, 'objective_value': -29.798917675772532}]
result_with_budget_excited: [{'portfolio': {'AXP': 0, 'JPM': 2}, 'budget': 476.9566955566406, 'difference': 57.61549377441406, 'objective_value': -31.892094670733872}]
Initial params:  [1.72925409 3.10377644 0.90545675 2.30360198 0.99986652 0.35248584]
(4_w,9)-aCMA-ES (mu_w=2.8,w_1=49%) in dimension 6 (seed=1048972, Fri Mar 14 10:12:35 2025)
Iterat #Fevals   function value  axis ratio  sigma  min&max std  t[m:s]
    1      9 -5.653378724943882e-01 1.0e+00 1.36e+00  1e+00  1e+00 0:00.1
    2     18 -6.346707940030825e-01 1.2e+00 1.42e+00  1e+00  1e+00 0:00.3
    3     27 -6.640111645507967e-01 1.3e+00 1.36e+00  1e+00  1e+00 0:00.4
   25    225 -6.343162100875754e-01 3.5e+00 1.55e+00  1e+00  2e+00 0:03.5
   54    486 -6.417310786942307e-01 3.7e+00 8.79e-01  4e-01  9e-01 0:07.6
   90    810 -6.048796112643098e-01 1.2e+01 5.66e-01  2e-01  7e-01 0:12.7
  100    900 -6.553332451950711e-01 1.1e+01 3.03e-01  1e-01  3e-01 0:14.1
  150   1350 -6.669068914032213e-01 8.9e+00 2.50e-01  3e-02  1e-01 0:21.2
  200   1800 -6.872882821323477e-01 2.6e+01 7.09e-01  4e-02  4e-01 0:28.4
  263   2367 -7.235745696232906e-01 3.6e+01 4.97e-01  1e-02  9e-02 0:37.4
  300   2700 -7.242370227619962e-01 5.2e+01 5.59e-01  6e-03  8e-02 0:42.7
  378   3402 -7.248434523707867e-01 7.0e+01 1.96e-01  4e-04  1e-02 0:53.8
  400   3600 -7.248436711492525e-01 7.1e+01 3.42e-02  4e-05  1e-03 0:56.9
  453   4077 -7.248436736859839e-01 1.3e+02 3.19e-04  1e-07  6e-06 1:04.5
Budget constraint satisfied 534.5721893310547 534.5721893310547 Difference:  0.0
Budget constraint satisfied 476.9566955566406 534.5721893310547 Difference:  57.61549377441406
two_most_probable_states: ['110', '001']
final_expectation_value: -0.724843673686
params: [-1.8676335703818854, 8.567210918681111, 4.897382813637648, 3.3679023108004387, 4.5544174270108435, 1.2246316917161177]
total_steps: 453
states_probs: [0.3987868364396552, 0.47443815968240644]
optimized_portfolios: [{'AXP': 1, 'JPM': 1}, {'AXP': 0, 'JPM': 2}]
objective_values: [-29.798917675772532, -31.892094670733872]
result_with_budget: [{'portfolio': {'AXP': 1, 'JPM': 1}, 'budget': 534.5721893310547, 'difference': 0.0}, {'portfolio': {'AXP': 0, 'JPM': 2}, 'budget': 476.9566955566406, 'difference': 57.61549377441406}]
Processing experiment 2
Budget: 672.0999984741211
Expected returns: 0.16956216671897123
Covariance matrix: 0.32471984326072056
3rd-order coskewness tensor: 0.22219910770576168
4th-order cokurtosis tensor: 10.092061294470597
Number of qubits for asset GS: 1
Number of qubits for asset MRK: 3
Total number of qubits:  4
Optimized Weights (considering variance, skewness and kurtosis):
GS: 46.62%
MRK: 53.38%
Left over budget:  2.8254393697909563
Optimized Discrete Allocation:
GS: 1
MRK: 1
Maximized utility from continuous higher moments:  -7.698284863708622
Budget constraint satisfied 669.2745590209961 672.0999984741211 Difference:  2.825439453125
Budget constraint not satisfied 696.3600234985352 672.0999984741211 Difference:  -24.260025024414062
smallest_eigenvalues: [-0.7156160325728299]
smallest_bitstrings: ['1100']
first_excited_energy: -0.7037422320846408
optimized_portfolio: [{'GS': 1, 'MRK': 1}]
second_optimized_portfolio: [{'GS': 0, 'MRK': 7}]
result_with_budget: [{'portfolio': {'GS': 1, 'MRK': 1}, 'budget': 669.2745590209961, 'difference': 2.825439453125, 'objective_value': -7.698284863708622}]
result_with_budget_excited: [{'portfolio': {'GS': 0, 'MRK': 7}, 'budget': 696.3600234985352, 'difference': -24.260025024414062, 'objective_value': -2358.647833189995}]
Initial params:  [1.68721268 2.26678682 1.74218388 1.31934512 0.23363991 2.79625432
 0.34705289 2.04528856]
(5_w,10)-aCMA-ES (mu_w=3.2,w_1=45%) in dimension 8 (seed=1016835, Fri Mar 14 10:13:45 2025)
Iterat #Fevals   function value  axis ratio  sigma  min&max std  t[m:s]
    1     10 -6.249587967827491e-01 1.0e+00 1.38e+00  1e+00  1e+00 0:00.4
    2     20 -6.081674983439376e-01 1.2e+00 1.33e+00  1e+00  1e+00 0:00.8
    3     30 -5.836142191717949e-01 1.2e+00 1.43e+00  1e+00  2e+00 0:01.2
   11    110 -6.205286256284303e-01 1.9e+00 1.62e+00  1e+00  2e+00 0:04.4
   22    220 -5.407579753845289e-01 2.2e+00 1.27e+00  1e+00  1e+00 0:08.7
   35    350 -6.498563550748565e-01 2.6e+00 1.14e+00  7e-01  1e+00 0:13.9
   51    510 -6.477463480038076e-01 3.4e+00 1.29e+00  8e-01  1e+00 0:20.2
   69    690 -5.838666769845468e-01 4.3e+00 1.43e+00  9e-01  2e+00 0:27.5
   90    900 -6.257004454671737e-01 4.6e+00 2.27e+00  2e+00  2e+00 0:35.8
  100   1000 -6.153507857814137e-01 5.3e+00 2.66e+00  2e+00  3e+00 0:39.8
  125   1250 -5.769015483260251e-01 9.0e+00 5.60e+00  4e+00  8e+00 0:49.8
  153   1530 -5.506583131979961e-01 2.0e+01 1.32e+01  8e+00  2e+01 1:01.0
  183   1830 -5.812478501684133e-01 1.9e+01 1.10e+01  6e+00  2e+01 1:13.0
  200   2000 -5.972389931270726e-01 1.7e+01 1.24e+01  7e+00  1e+01 1:19.8
  236   2360 -5.836012278632948e-01 2.1e+01 8.56e+00  4e+00  1e+01 1:34.2
  274   2740 -5.829474678512243e-01 2.2e+01 1.12e+01  5e+00  1e+01 1:49.4
  300   3000 -5.563931181183893e-01 4.4e+01 2.84e+01  2e+01  5e+01 1:59.8
  343   3430 -5.625342325893611e-01 5.1e+01 9.83e+00  5e+00  1e+01 2:17.0
  389   3890 -5.924652472297899e-01 9.4e+01 1.47e+01  8e+00  3e+01 2:35.4
  400   4000 -5.916218523894538e-01 7.9e+01 1.07e+01  6e+00  2e+01 2:39.8
  451   4510 -5.236987834058665e-01 1.3e+02 1.00e+01  5e+00  2e+01 3:00.1
  500   5000 -6.102252012392549e-01 2.9e+02 5.91e+00  2e+00  9e+00 3:19.7
  555   5550 -5.824806745680648e-01 2.5e+02 3.03e+00  6e-01  3e+00 3:41.7
  600   6000 -5.775749971353425e-01 3.3e+02 2.90e+00  4e-01  3e+00 3:59.8
  660   6600 -6.364197713363299e-01 6.0e+01 8.03e-01  3e-02  1e-01 4:23.8
  700   7000 -6.520435796480843e-01 3.4e+01 1.93e+00  3e-02  2e-01 4:39.8
  765   7650 -6.614431930410059e-01 3.2e+01 3.16e+00  1e-02  3e-01 5:05.8
  800   8000 -6.782300900047412e-01 2.8e+01 6.78e+00  2e-02  4e-01 5:19.9
  870   8700 -6.856168211803318e-01 3.6e+01 9.91e+00  2e-02  2e-01 5:47.9
  900   9000 -6.917485542020042e-01 3.2e+01 1.33e+01  2e-02  2e-01 5:60.0
  976   9760 -6.925185479173425e-01 3.5e+01 5.71e-02  2e-05  4e-04 6:30.4
 1000  10000 -6.925185493676821e-01 3.9e+01 1.14e-02  3e-06  5e-05 6:39.9
Budget constraint not satisfied 696.3600234985352 672.0999984741211 Difference:  -24.260025024414062
Budget constraint satisfied 669.2745590209961 672.0999984741211 Difference:  2.825439453125
two_most_probable_states: ['0111', '1100']
final_expectation_value: -0.6925185493682711
params: [-78.29557818746179, -32.461022659689476, 83.87150605390688, -15.947790711418763, 39.031388595138615, -8.757735219864824, 71.09723746745979, -12.787338274068178]
total_steps: 1000
states_probs: [0.2999376768483488, 0.37252280988461056]
optimized_portfolios: [{'GS': 0, 'MRK': 7}, {'GS': 1, 'MRK': 1}]
objective_values: [-2358.647833189995, -7.698284863708622]
result_with_budget: [{'portfolio': {'GS': 0, 'MRK': 7}, 'budget': 696.3600234985352, 'difference': -24.260025024414062}, {'portfolio': {'GS': 1, 'MRK': 1}, 'budget': 669.2745590209961, 'difference': 2.825439453125}]
Processing experiment 3
Budget: 219.1415557861328
Expected returns: 0.0765139370125727
Covariance matrix: 0.30848697756100585
3rd-order coskewness tensor: -0.14602943295553686
4th-order cokurtosis tensor: 9.367530410875824
Number of qubits for asset JNJ: 1
Number of qubits for asset NKE: 2
Total number of qubits:  3
Optimized Weights (considering variance, skewness and kurtosis):
JNJ: 51.85%
NKE: 48.15%
Left over budget:  0.3810653668776922
Optimized Discrete Allocation:
JNJ: 1
NKE: 1
Maximized utility from continuous higher moments:  -8.28848354335636
Budget constraint satisfied 218.76049041748047 219.1415557861328 Difference:  0.38106536865234375
Budget constraint not satisfied 225.8667984008789 219.1415557861328 Difference:  -6.725242614746094
smallest_eigenvalues: [-0.6965622834627034]
smallest_bitstrings: ['110']
first_excited_energy: -0.6897144418364975
optimized_portfolio: [{'JNJ': 1, 'NKE': 1}]
second_optimized_portfolio: [{'JNJ': 0, 'NKE': 3}]
result_with_budget: [{'portfolio': {'JNJ': 1, 'NKE': 1}, 'budget': 218.76049041748047, 'difference': 0.38106536865234375, 'objective_value': -8.28848354335636}]
result_with_budget_excited: [{'portfolio': {'JNJ': 0, 'NKE': 3}, 'budget': 225.8667984008789, 'difference': -6.725242614746094, 'objective_value': -157.7915717820281}]
Initial params:  [0.17617913 2.47809492 2.38649129 2.5536896  1.81277774 2.36572364]
(4_w,9)-aCMA-ES (mu_w=2.8,w_1=49%) in dimension 6 (seed=968390, Fri Mar 14 10:20:43 2025)
Iterat #Fevals   function value  axis ratio  sigma  min&max std  t[m:s]
    1      9 -6.118048801535209e-01 1.0e+00 1.44e+00  1e+00  2e+00 0:00.1
    2     18 -5.699104742691742e-01 1.3e+00 1.36e+00  1e+00  2e+00 0:00.3
    3     27 -5.764651257180127e-01 1.4e+00 1.21e+00  1e+00  1e+00 0:00.4
   24    216 -5.903697836155523e-01 2.7e+00 6.20e-01  4e-01  6e-01 0:03.4
   52    468 -6.343966660214454e-01 9.9e+00 3.23e-01  7e-02  4e-01 0:07.4
   87    783 -6.392240678000832e-01 1.4e+01 1.97e-01  2e-02  2e-01 0:12.5
  100    900 -6.431162370799940e-01 1.8e+01 2.30e-01  2e-02  2e-01 0:14.3
  149   1341 -6.608525684279443e-01 2.4e+01 2.45e-01  1e-02  1e-01 0:21.4
  200   1800 -6.613071001942460e-01 3.0e+01 5.76e-03  7e-05  1e-03 0:28.7
  259   2331 -6.613071143763799e-01 3.5e+01 2.10e-05  6e-08  1e-06 0:37.2
Budget constraint not satisfied 225.8667984008789 219.1415557861328 Difference:  -6.725242614746094
Budget constraint satisfied 218.76049041748047 219.1415557861328 Difference:  0.38106536865234375
two_most_probable_states: ['011', '110']
final_expectation_value: -0.6613071143763847
params: [3.7770874471959592, 4.057603117264087, 2.6163212572642185, 4.141711483424812, -1.7988116152819136, 1.3061699361745465]
total_steps: 259
states_probs: [0.282802973931643, 0.30427877506256573]
optimized_portfolios: [{'JNJ': 0, 'NKE': 3}, {'JNJ': 1, 'NKE': 1}]
objective_values: [-157.7915717820281, -8.28848354335636]
result_with_budget: [{'portfolio': {'JNJ': 0, 'NKE': 3}, 'budget': 225.8667984008789, 'difference': -6.725242614746094}, {'portfolio': {'JNJ': 1, 'NKE': 1}, 'budget': 218.76049041748047, 'difference': 0.38106536865234375}]
Processing experiment 4
Budget: 40.130001068115234
Expected returns: 0.05994557138477692
Covariance matrix: 0.4706987193805775
3rd-order coskewness tensor: 0.42021598587472775
4th-order cokurtosis tensor: 9.011158766257541
Number of qubits for asset DIS: 1
Number of qubits for asset DOW: 1
Total number of qubits:  2
Optimized Weights (considering variance, skewness and kurtosis):
DIS: 60.58%
DOW: 39.42%
Left over budget:  0.7309646589141181
Optimized Discrete Allocation:
DOW: 1
Maximized utility from continuous higher moments:  -3.454117368625509
Budget constraint satisfied 39.3990364074707 40.130001068115234 Difference:  0.7309646606445312
Budget constraint satisfied 0.0 40.130001068115234 Difference:  40.130001068115234
smallest_eigenvalues: [-0.15041056420314092]
smallest_bitstrings: ['01']
first_excited_energy: 0.0
optimized_portfolio: [{'DIS': 0, 'DOW': 1}]
second_optimized_portfolio: [{'DIS': 0, 'DOW': 0}]
result_with_budget: [{'portfolio': {'DIS': 0, 'DOW': 1}, 'budget': 39.3990364074707, 'difference': 0.7309646606445312, 'objective_value': -3.454117368625509}]
result_with_budget_excited: [{'portfolio': {'DIS': 0, 'DOW': 0}, 'budget': 0.0, 'difference': 40.130001068115234, 'objective_value': -0.0}]
Initial params:  [2.13841485 1.87768053 1.75914142 0.19663035]
(4_w,8)-aCMA-ES (mu_w=2.6,w_1=52%) in dimension 4 (seed=1062345, Fri Mar 14 10:21:23 2025)
Iterat #Fevals   function value  axis ratio  sigma  min&max std  t[m:s]
    1      8 8.351940999414348e-02 1.0e+00 1.28e+00  1e+00  1e+00 0:00.1
    2     16 1.013717866297709e-01 1.3e+00 1.00e+00  8e-01  1e+00 0:00.1
    3     24 2.044232027078187e-01 1.3e+00 8.42e-01  7e-01  8e-01 0:00.2
   63    504 -1.281495221663538e-01 7.3e+00 3.27e-01  2e-02  1e-01 0:03.2
  100    800 -1.455502547158189e-01 9.9e+00 2.10e-01  4e-03  3e-02 0:05.0
  172   1376 -1.455700268711297e-01 6.7e+00 1.19e-04  1e-07  7e-07 0:08.7
Budget constraint satisfied 0.0 40.130001068115234 Difference:  40.130001068115234
Budget constraint satisfied 39.3990364074707 40.130001068115234 Difference:  0.7309646606445312
two_most_probable_states: ['00', '01']
final_expectation_value: -0.14557002687114434
params: [3.876783391793058, 3.468660396732265, 3.5963307077291096, -0.7780543357274078]
total_steps: 172
states_probs: [0.014654296610518942, 0.9804165740821726]
optimized_portfolios: [{'DIS': 0, 'DOW': 0}, {'DIS': 0, 'DOW': 1}]
objective_values: [-0.0, -3.454117368625509]
result_with_budget: [{'portfolio': {'DIS': 0, 'DOW': 0}, 'budget': 0.0, 'difference': 40.130001068115234}, {'portfolio': {'DIS': 0, 'DOW': 1}, 'budget': 39.3990364074707, 'difference': 0.7309646606445312}]
Processing experiment 5
Budget: 388.989990234375
Expected returns: 0.10814550910152891
Covariance matrix: 0.4090803756167462
3rd-order coskewness tensor: 0.33644883863005937
4th-order cokurtosis tensor: 6.397508750311161
Number of qubits for asset AMGN: 1
Number of qubits for asset HD: 1
Total number of qubits:  2
Optimized Weights (considering variance, skewness and kurtosis):
AMGN: 65.33%
HD: 34.67%
Left over budget:  130.4388122345789
Optimized Discrete Allocation:
AMGN: 1
Maximized utility from continuous higher moments:  -2.0233186653723365
Budget constraint satisfied 386.5369873046875 388.989990234375 Difference:  2.4530029296875
Budget constraint satisfied 258.5511779785156 388.989990234375 Difference:  130.43881225585938
smallest_eigenvalues: [-0.8149843103234811]
smallest_bitstrings: ['01']
first_excited_energy: -0.723393826165379
optimized_portfolio: [{'AMGN': 0, 'HD': 1}]
second_optimized_portfolio: [{'AMGN': 1, 'HD': 0}]
result_with_budget: [{'portfolio': {'AMGN': 0, 'HD': 1}, 'budget': 386.5369873046875, 'difference': 2.4530029296875, 'objective_value': -3.9923582920661635}]
result_with_budget_excited: [{'portfolio': {'AMGN': 1, 'HD': 0}, 'budget': 258.5511779785156, 'difference': 130.43881225585938, 'objective_value': -2.0233186653723365}]
Initial params:  [0.33995528 2.62390951 0.38106681 1.45538613]
(4_w,8)-aCMA-ES (mu_w=2.6,w_1=52%) in dimension 4 (seed=1051652, Fri Mar 14 10:21:33 2025)
Iterat #Fevals   function value  axis ratio  sigma  min&max std  t[m:s]
    1      8 -6.780478640578137e-01 1.0e+00 1.25e+00  1e+00  1e+00 0:00.1
    2     16 -5.950752281715643e-01 1.1e+00 1.10e+00  9e-01  1e+00 0:00.1
    3     24 -6.316169550390112e-01 1.2e+00 9.33e-01  8e-01  9e-01 0:00.2
   63    504 -7.661479441503080e-01 8.0e+00 1.70e-01  1e-02  8e-02 0:03.2
  100    800 -7.697025381950215e-01 2.8e+01 1.46e-01  1e-02  6e-02 0:05.0
  200   1600 -7.774813745975159e-01 1.7e+01 9.91e-04  1e-06  8e-06 0:10.1
  219   1752 -7.774813745989478e-01 1.6e+01 8.44e-05  4e-08  3e-07 0:11.1
Budget constraint satisfied 258.5511779785156 388.989990234375 Difference:  130.43881225585938
Budget constraint satisfied 386.5369873046875 388.989990234375 Difference:  2.4530029296875
two_most_probable_states: ['10', '01']
final_expectation_value: -0.7774813745989478
params: [3.1386300778082217, 2.182277809238351, 2.0580024166107993, 5.461002624428358]
total_steps: 219
states_probs: [0.40254795825532425, 0.5958879730075602]
optimized_portfolios: [{'AMGN': 1, 'HD': 0}, {'AMGN': 0, 'HD': 1}]
objective_values: [-2.0233186653723365, -3.9923582920661635]
result_with_budget: [{'portfolio': {'AMGN': 1, 'HD': 0}, 'budget': 258.5511779785156, 'difference': 130.43881225585938}, {'portfolio': {'AMGN': 0, 'HD': 1}, 'budget': 386.5369873046875, 'difference': 2.4530029296875}]
Processing experiment 6
Budget: 58.79932403564453
Expected returns: 0.0856454851935761
Covariance matrix: 0.4608664163268383
3rd-order coskewness tensor: -0.5221941795736192
4th-order cokurtosis tensor: 12.32551633335404
Number of qubits for asset CSCO: 1
Number of qubits for asset DOW: 1
Total number of qubits:  2
Optimized Weights (considering variance, skewness and kurtosis):
CSCO: 53.53%
DOW: 46.47%
Left over budget:  -3.9940900364854315e-07
Optimized Discrete Allocation:
CSCO: 1
Maximized utility from continuous higher moments:  -3.2161411462624887
Budget constraint satisfied 58.79932403564453 58.79932403564453 Difference:  0.0
Budget constraint satisfied 39.3990364074707 58.79932403564453 Difference:  19.400287628173828
smallest_eigenvalues: [-0.8220934400297863]
smallest_bitstrings: ['10']
first_excited_energy: -0.7322392626443646
optimized_portfolio: [{'CSCO': 1, 'DOW': 0}]
second_optimized_portfolio: [{'CSCO': 0, 'DOW': 1}]
result_with_budget: [{'portfolio': {'CSCO': 1, 'DOW': 0}, 'budget': 58.79932403564453, 'difference': 0.0, 'objective_value': -3.2161411462624887}]
result_with_budget_excited: [{'portfolio': {'CSCO': 0, 'DOW': 1}, 'budget': 39.3990364074707, 'difference': 19.400287628173828, 'objective_value': -3.454117368625509}]
Initial params:  [0.86795416 0.72215931 2.85609359 0.25735863]
(4_w,8)-aCMA-ES (mu_w=2.6,w_1=52%) in dimension 4 (seed=1063573, Fri Mar 14 10:21:47 2025)
Iterat #Fevals   function value  axis ratio  sigma  min&max std  t[m:s]
    1      8 -6.479099200890552e-01 1.0e+00 1.45e+00  1e+00  2e+00 0:00.0
    2     16 -6.922105119310786e-01 1.3e+00 1.34e+00  1e+00  1e+00 0:00.1
    3     24 -5.372229773568258e-01 1.5e+00 1.24e+00  1e+00  1e+00 0:00.1
   63    504 -7.783580769319547e-01 1.7e+01 5.75e-02  3e-03  4e-02 0:03.2
  100    800 -7.806071797887193e-01 1.2e+02 2.55e-01  3e-03  2e-01 0:05.0
  193   1544 -7.812803014074783e-01 1.4e+02 1.10e-04  7e-08  3e-06 0:09.7
Budget constraint satisfied 39.3990364074707 58.79932403564453 Difference:  19.400287628173828
Budget constraint satisfied 58.79932403564453 58.79932403564453 Difference:  0.0
two_most_probable_states: ['01', '10']
final_expectation_value: -0.7812803014074794
params: [-12.362489689618284, -2.1272896684150693, -3.0349258943449335, 1.0621431487823485]
total_steps: 193
states_probs: [0.39742940185384046, 0.5917934054139656]
optimized_portfolios: [{'CSCO': 0, 'DOW': 1}, {'CSCO': 1, 'DOW': 0}]
objective_values: [-3.454117368625509, -3.2161411462624887]
result_with_budget: [{'portfolio': {'CSCO': 0, 'DOW': 1}, 'budget': 39.3990364074707, 'difference': 19.400287628173828}, {'portfolio': {'CSCO': 1, 'DOW': 0}, 'budget': 58.79932403564453, 'difference': 0.0}]
Processing experiment 7
Budget: 361.4349670410156
Expected returns: 0.2087605183979134
Covariance matrix: 0.2791404289286923
3rd-order coskewness tensor: -0.15878692990207913
4th-order cokurtosis tensor: 4.234901299480857
Number of qubits for asset CAT: 1
Number of qubits for asset MRK: 2
Total number of qubits:  3
Optimized Weights (considering variance, skewness and kurtosis):
CAT: 52.98%
MRK: 47.02%
Left over budget:  -1.586945245435345e-06
Optimized Discrete Allocation:
CAT: 1
Maximized utility from continuous higher moments:  -1.8999956089882333
Budget constraint satisfied 361.4349670410156 361.4349670410156 Difference:  0.0
Budget constraint satisfied 298.4400100708008 361.4349670410156 Difference:  62.994956970214844
smallest_eigenvalues: [-0.772593188881078]
smallest_bitstrings: ['100']
first_excited_energy: -0.7476947119800326
optimized_portfolio: [{'CAT': 1, 'MRK': 0}]
second_optimized_portfolio: [{'CAT': 0, 'MRK': 3}]
result_with_budget: [{'portfolio': {'CAT': 1, 'MRK': 0}, 'budget': 361.4349670410156, 'difference': 0.0, 'objective_value': -1.8999956089882333}]
result_with_budget_excited: [{'portfolio': {'CAT': 0, 'MRK': 3}, 'budget': 298.4400100708008, 'difference': 62.994956970214844, 'objective_value': -90.30291714085017}]
Initial params:  [1.94746638 0.41331563 0.78803825 1.38704083 2.81570582 2.5766681 ]
(4_w,9)-aCMA-ES (mu_w=2.8,w_1=49%) in dimension 6 (seed=983167, Fri Mar 14 10:21:59 2025)
Iterat #Fevals   function value  axis ratio  sigma  min&max std  t[m:s]
    1      9 -6.320612440712133e-01 1.0e+00 1.59e+00  2e+00  2e+00 0:00.1
    2     18 -5.850325444797894e-01 1.3e+00 1.71e+00  2e+00  2e+00 0:00.3
    3     27 -6.599176589444343e-01 1.4e+00 1.75e+00  2e+00  2e+00 0:00.4
   24    216 -6.127076027028505e-01 3.2e+00 2.19e+00  2e+00  3e+00 0:03.4
   52    468 -5.354505991937996e-01 7.4e+00 1.71e+00  1e+00  2e+00 0:07.4
   87    783 -6.602825527553819e-01 6.6e+00 7.19e-01  3e-01  7e-01 0:12.5
  100    900 -6.862463493987958e-01 1.1e+01 6.00e-01  2e-01  6e-01 0:14.3
  149   1341 -7.134314753525370e-01 1.1e+01 1.58e-01  1e-02  7e-02 0:21.4
  200   1800 -7.137681309580133e-01 3.5e+01 1.62e-02  6e-04  6e-03 0:28.7
  263   2367 -7.137692791410307e-01 4.5e+01 2.77e-04  3e-06  4e-05 0:37.8
  293   2637 -7.137692791566377e-01 5.0e+01 2.46e-05  1e-07  2e-06 0:42.1
Budget constraint satisfied 298.4400100708008 361.4349670410156 Difference:  62.994956970214844
Budget constraint satisfied 361.4349670410156 361.4349670410156 Difference:  0.0
two_most_probable_states: ['011', '100']
final_expectation_value: -0.7137692791566447
params: [-6.839066324076501, 1.0814304140074835, 4.488382249655045, 3.789589264881689, 2.665707828676064, 0.3951968460217196]
total_steps: 293
states_probs: [0.21362891416231572, 0.38424991243971796]
optimized_portfolios: [{'CAT': 0, 'MRK': 3}, {'CAT': 1, 'MRK': 0}]
objective_values: [-90.30291714085017, -1.8999956089882333]
result_with_budget: [{'portfolio': {'CAT': 0, 'MRK': 3}, 'budget': 298.4400100708008, 'difference': 62.994956970214844}, {'portfolio': {'CAT': 1, 'MRK': 0}, 'budget': 361.4349670410156, 'difference': 0.0}]
Processing experiment 8
Budget: 388.989990234375
Expected returns: 0.2087605183979134
Covariance matrix: 0.43348314152787354
3rd-order coskewness tensor: -0.15878692990207913
4th-order cokurtosis tensor: 4.234901299480857
Number of qubits for asset CAT: 1
Number of qubits for asset HD: 1
Total number of qubits:  2
Optimized Weights (considering variance, skewness and kurtosis):
CAT: 65.38%
HD: 34.62%
Left over budget:  27.555023161894383
Optimized Discrete Allocation:
CAT: 1
Maximized utility from continuous higher moments:  -1.8999956089882333
Budget constraint satisfied 386.5369873046875 388.989990234375 Difference:  2.4530029296875
Budget constraint satisfied 361.4349670410156 388.989990234375 Difference:  27.555023193359375
smallest_eigenvalues: [-0.9331652396221678]
smallest_bitstrings: ['01']
first_excited_energy: -0.928553305855331
optimized_portfolio: [{'CAT': 0, 'HD': 1}]
second_optimized_portfolio: [{'CAT': 1, 'HD': 0}]
result_with_budget: [{'portfolio': {'CAT': 0, 'HD': 1}, 'budget': 386.5369873046875, 'difference': 2.4530029296875, 'objective_value': -3.9923582920661635}]
result_with_budget_excited: [{'portfolio': {'CAT': 1, 'HD': 0}, 'budget': 361.4349670410156, 'difference': 27.555023193359375, 'objective_value': -1.8999956089882333}]
Initial params:  [1.60632    0.56584128 1.67696023 2.45386794]
(4_w,8)-aCMA-ES (mu_w=2.6,w_1=52%) in dimension 4 (seed=1035318, Fri Mar 14 10:22:45 2025)
Iterat #Fevals   function value  axis ratio  sigma  min&max std  t[m:s]
    1      8 -8.069480223432489e-01 1.0e+00 1.40e+00  1e+00  1e+00 0:00.1
    2     16 -9.002030599489481e-01 1.4e+00 1.21e+00  1e+00  1e+00 0:00.1
    3     24 -7.769931995694149e-01 1.3e+00 1.19e+00  1e+00  1e+00 0:00.2
   63    504 -9.305064076505040e-01 2.2e+01 1.26e-01  2e-02  8e-02 0:03.2
  100    800 -9.307853494004390e-01 5.1e+01 5.25e-02  5e-03  2e-02 0:05.1
  199   1592 -9.308470348884311e-01 7.1e+01 1.49e-04  2e-07  2e-06 0:10.1
  200   1600 -9.308470348884419e-01 7.8e+01 1.62e-04  2e-07  2e-06 0:10.1
  202   1616 -9.308470348884439e-01 5.8e+01 1.39e-04  1e-07  1e-06 0:10.3
Budget constraint satisfied 386.5369873046875 388.989990234375 Difference:  2.4530029296875
Budget constraint satisfied 361.4349670410156 388.989990234375 Difference:  27.555023193359375
two_most_probable_states: ['01', '10']
final_expectation_value: -0.9308470348884439
params: [1.8176219850737463, 1.282924022408623, -1.1766851921593653, 3.9282426428441894]
total_steps: 202
states_probs: [0.49735431767058275, 0.5026456397886838]
optimized_portfolios: [{'CAT': 0, 'HD': 1}, {'CAT': 1, 'HD': 0}]
objective_values: [-3.9923582920661635, -1.8999956089882333]
result_with_budget: [{'portfolio': {'CAT': 0, 'HD': 1}, 'budget': 386.5369873046875, 'difference': 2.4530029296875}, {'portfolio': {'CAT': 1, 'HD': 0}, 'budget': 361.4349670410156, 'difference': 27.555023193359375}]
Processing experiment 9
Budget: 177.0
Expected returns: 0.12568064652840713
Covariance matrix: 0.31197495370740014
3rd-order coskewness tensor: 0.20309751759137398
4th-order cokurtosis tensor: 16.37097937549543
Number of qubits for asset BA: 1
Number of qubits for asset WBA: 5
Total number of qubits:  6
Optimized Weights (considering variance, skewness and kurtosis):
BA: 49.43%
WBA: 50.57%
Left over budget:  46.38000106789764
Optimized Discrete Allocation:
WBA: 14
Maximized utility from continuous higher moments:  -57467.51289837089
Budget constraint satisfied 177.0 177.0 Difference:  0.0
Budget constraint not satisfied 186.32999992370605 177.0 Difference:  -9.329999923706055
smallest_eigenvalues: [-0.007605081093244856]
smallest_bitstrings: ['100000']
first_excited_energy: -0.007582079285595967
optimized_portfolio: [{'BA': 1, 'WBA': 0}]
second_optimized_portfolio: [{'BA': 1, 'WBA': 1}]
result_with_budget: [{'portfolio': {'BA': 1, 'WBA': 0}, 'budget': 177.0, 'difference': 0.0, 'objective_value': -3.319143016612835}]
result_with_budget_excited: [{'portfolio': {'BA': 1, 'WBA': 1}, 'budget': 186.32999992370605, 'difference': -9.329999923706055, 'objective_value': -7.67235543164394}]
Initial params:  [0.62446082 0.56867906 0.60693224 0.01891951 2.68656021 2.81009841
 2.35384411 0.62831163 0.09431203 0.37698459 0.33525062 1.92748339]
(5_w,11)-aCMA-ES (mu_w=3.4,w_1=42%) in dimension 12 (seed=1113286, Fri Mar 14 10:22:57 2025)
Iterat #Fevals   function value  axis ratio  sigma  min&max std  t[m:s]
    1     11 6.321977587880874e-02 1.0e+00 1.45e+00  1e+00  1e+00 0:02.2
    2     22 6.547916815156682e-02 1.2e+00 1.46e+00  1e+00  2e+00 0:04.5
    3     33 6.460620567708319e-02 1.3e+00 1.41e+00  1e+00  1e+00 0:06.7
    5     55 3.659783874252124e-02 1.4e+00 1.42e+00  1e+00  2e+00 0:11.3
    7     77 5.448257623949954e-02 1.5e+00 1.41e+00  1e+00  2e+00 0:15.8
   10    110 5.552312188985552e-02 1.6e+00 1.28e+00  1e+00  1e+00 0:22.6
   13    143 5.114445247056038e-02 1.6e+00 1.15e+00  1e+00  1e+00 0:29.3
   17    187 2.171801621524445e-02 1.7e+00 1.05e+00  9e-01  1e+00 0:38.4
   21    231 5.280003242793308e-02 1.9e+00 1.11e+00  1e+00  1e+00 0:47.4
   25    275 3.608142847634549e-02 2.0e+00 8.44e-01  7e-01  1e+00 0:56.4
   30    330 3.532831020707520e-02 2.1e+00 8.63e-01  7e-01  1e+00 1:07.7
   35    385 2.216853331929600e-02 2.4e+00 6.23e-01  5e-01  7e-01 1:19.0
   41    451 2.966606760190961e-02 2.5e+00 4.91e-01  4e-01  5e-01 1:32.6
   47    517 1.379674780473074e-03 2.8e+00 5.06e-01  3e-01  5e-01 1:46.1
   54    594 1.558413563029688e-02 3.0e+00 4.47e-01  3e-01  5e-01 2:01.9
   61    671 1.305566202855968e-02 3.2e+00 4.17e-01  3e-01  5e-01 2:17.7
   69    759 9.237060131183084e-03 4.2e+00 3.55e-01  2e-01  4e-01 2:35.8
   77    847 7.009038068863706e-03 5.1e+00 3.00e-01  2e-01  4e-01 2:53.8
   85    935 3.583001682088315e-03 6.6e+00 2.08e-01  1e-01  3e-01 3:11.9
   94   1034 9.967990157634097e-04 8.0e+00 1.93e-01  9e-02  2e-01 3:32.2
  100   1100 -1.440347043438925e-03 8.4e+00 1.28e-01  5e-02  2e-01 3:45.8
  110   1210 -2.223561804490605e-03 1.0e+01 7.58e-02  3e-02  9e-02 4:08.3
  120   1320 -2.339477191782080e-03 1.1e+01 5.52e-02  2e-02  6e-02 4:30.9
  131   1441 -2.552659952694431e-03 1.3e+01 6.30e-02  3e-02  7e-02 4:55.8
  142   1562 -2.939156311844367e-03 1.5e+01 6.67e-02  3e-02  8e-02 5:20.6
  154   1694 -3.079267089602248e-03 2.2e+01 4.59e-02  2e-02  5e-02 5:47.7
  166   1826 -3.226209474903428e-03 2.5e+01 4.79e-02  2e-02  5e-02 6:14.8
  178   1958 -3.405746848144198e-03 3.2e+01 4.61e-02  2e-02  6e-02 6:41.8
  191   2101 -3.453927018029933e-03 3.7e+01 4.04e-02  1e-02  6e-02 7:11.2
  200   2200 -3.493049630330898e-03 3.7e+01 2.67e-02  8e-03  4e-02 7:31.5
  214   2354 -3.534480621951514e-03 3.9e+01 2.19e-02  6e-03  3e-02 8:03.2
  228   2508 -3.574309569654267e-03 4.7e+01 2.36e-02  6e-03  4e-02 8:34.8
  243   2673 -3.609800011860535e-03 4.8e+01 2.78e-02  7e-03  4e-02 9:08.7
  258   2838 -3.632737047690672e-03 4.9e+01 3.38e-02  7e-03  4e-02 9:42.6
  274   3014 -3.652602874481472e-03 4.5e+01 2.13e-02  4e-03  2e-02 10:18.7
  290   3190 -3.670798935500354e-03 5.1e+01 2.25e-02  3e-03  3e-02 10:54.8
  300   3300 -3.671479216847455e-03 4.8e+01 2.52e-02  3e-03  3e-02 11:17.4
  317   3487 -3.680327448007198e-03 5.0e+01 2.20e-02  3e-03  2e-02 11:55.9
  334   3674 -3.695553199383934e-03 4.9e+01 3.92e-02  4e-03  3e-02 12:34.3
  352   3872 -3.721399572846401e-03 4.9e+01 3.80e-02  4e-03  3e-02 13:14.9
  370   4070 -3.762493495909408e-03 4.6e+01 5.00e-02  5e-03  4e-02 13:55.6
  389   4279 -3.792806719725353e-03 5.5e+01 4.27e-02  4e-03  4e-02 14:38.5
  400   4400 -3.812652679902832e-03 7.0e+01 4.17e-02  4e-03  5e-02 15:03.4
  420   4620 -3.827228853733630e-03 8.3e+01 2.28e-02  2e-03  3e-02 15:48.6
  440   4840 -3.830482554329717e-03 7.1e+01 1.48e-02  1e-03  2e-02 16:33.8
  460   5060 -3.833997070846726e-03 7.4e+01 2.33e-02  1e-03  2e-02 17:19.0
  481   5291 -3.840808168878661e-03 7.3e+01 2.71e-02  2e-03  2e-02 18:06.4
  500   5500 -3.842288430219298e-03 6.1e+01 1.63e-02  8e-04  9e-03 18:49.3
  522   5742 -3.845313708319014e-03 5.5e+01 3.45e-02  1e-03  2e-02 19:39.0
  544   5984 -3.854502507230890e-03 7.1e+01 4.48e-02  2e-03  2e-02 20:28.8
  567   6237 -3.865618826726064e-03 6.8e+01 7.43e-02  3e-03  3e-02 21:20.8
  590   6490 -3.876993647410099e-03 7.5e+01 5.30e-02  2e-03  2e-02 22:12.7
  600   6600 -3.882110744408124e-03 7.4e+01 5.41e-02  2e-03  2e-02 22:35.4
  624   6864 -3.896402915243686e-03 8.4e+01 8.40e-02  3e-03  4e-02 23:29.6
  648   7128 -3.919074677723471e-03 8.4e+01 1.23e-01  4e-03  6e-02 24:23.8
  673   7403 -3.956942750782053e-03 1.1e+02 1.79e-01  6e-03  1e-01 25:20.3
  698   7678 -3.983143978680216e-03 1.4e+02 1.24e-01  5e-03  8e-02 26:16.8
  700   7700 -3.988074785643540e-03 1.4e+02 1.19e-01  5e-03  7e-02 26:21.4
  726   7986 -4.002830741290424e-03 1.8e+02 1.56e-01  7e-03  1e-01 27:20.1
  753   8283 -4.011558385432160e-03 1.8e+02 1.08e-01  4e-03  6e-02 28:21.1
  780   8580 -4.015358306445256e-03 2.0e+02 7.57e-02  3e-03  3e-02 29:22.1
  800   8800 -4.016968582754180e-03 1.8e+02 7.06e-02  2e-03  2e-02 30:07.3
  828   9108 -4.017553869222284e-03 2.1e+02 3.21e-02  1e-03  8e-03 31:10.7
  856   9416 -4.017773567873427e-03 2.7e+02 3.88e-02  1e-03  9e-03 32:14.1
  885   9735 -4.017842778375143e-03 2.9e+02 1.75e-02  4e-04  4e-03 33:19.6
  900   9900 -4.017848958821019e-03 2.9e+02 8.09e-03  2e-04  1e-03 33:53.6
  930  10230 -4.017850858252394e-03 2.8e+02 1.31e-03  3e-05  2e-04 35:01.4
  960  10560 -4.017850879411890e-03 3.4e+02 1.79e-04  3e-06  2e-05 36:09.2
  977  10747 -4.017850879552023e-03 3.1e+02 6.11e-05  1e-06  8e-06 36:47.6
Budget constraint satisfied 177.0 177.0 Difference:  0.0
Budget constraint satisfied 0.0 177.0 Difference:  177.0
two_most_probable_states: ['100000', '000000']
final_expectation_value: -0.004017850879555428
params: [-2.7801230513656376, 1.0936860560968367, -1.386915328456356, 4.107686429805423, 1.3635377908716448, 1.6165810445415334, 4.826066282050958, 0.3607158376329807, -1.999470208295372, 3.6878844020008494, 0.4715892245812398, 2.0433435437814778]
total_steps: 977
states_probs: [0.18109910864375459, 0.18299641602667557]
optimized_portfolios: [{'BA': 1, 'WBA': 0}, {'BA': 0, 'WBA': 0}]
objective_values: [-3.319143016612835, -0.0]
result_with_budget: [{'portfolio': {'BA': 1, 'WBA': 0}, 'budget': 177.0, 'difference': 0.0}, {'portfolio': {'BA': 0, 'WBA': 0}, 'budget': 0.0, 'difference': 177.0}]
Processing experiment 10
Budget: 352.23999786376953
Expected returns: 0.06418419302926236
Covariance matrix: 0.3890409643806297
3rd-order coskewness tensor: 0.32992718783929237
4th-order cokurtosis tensor: 11.30964189030876
Number of qubits for asset DIS: 2
Number of qubits for asset TRV: 1
Total number of qubits:  3
Optimized Weights (considering variance, skewness and kurtosis):
DIS: 62.70%
TRV: 37.30%
Left over budget:  0.9815063519511682
Optimized Discrete Allocation:
DIS: 1
TRV: 1
Maximized utility from continuous higher moments:  -14.950250617525171
Budget constraint satisfied 351.2584915161133 352.23999786376953 Difference:  0.98150634765625
Budget constraint satisfied 334.0499954223633 352.23999786376953 Difference:  18.19000244140625
smallest_eigenvalues: [-0.6906833157682329]
smallest_bitstrings: ['101']
first_excited_energy: -0.6870742770244337
optimized_portfolio: [{'DIS': 1, 'TRV': 1}]
second_optimized_portfolio: [{'DIS': 3, 'TRV': 0}]
result_with_budget: [{'portfolio': {'DIS': 1, 'TRV': 1}, 'budget': 351.2584915161133, 'difference': 0.98150634765625, 'objective_value': -14.950250617525171}]
result_with_budget_excited: [{'portfolio': {'DIS': 3, 'TRV': 0}, 'budget': 334.0499954223633, 'difference': 18.19000244140625, 'objective_value': -123.36355452445795}]
Initial params:  [3.07330966 1.97949777 1.39515164 3.09006944 0.81091341 1.56241809]
(4_w,9)-aCMA-ES (mu_w=2.8,w_1=49%) in dimension 6 (seed=1080094, Fri Mar 14 11:00:04 2025)
Iterat #Fevals   function value  axis ratio  sigma  min&max std  t[m:s]
    1      9 -6.205422769334467e-01 1.0e+00 1.32e+00  1e+00  1e+00 0:00.1
    2     18 -5.904061537067188e-01 1.3e+00 1.40e+00  1e+00  1e+00 0:00.3
    3     27 -5.796835078536079e-01 1.5e+00 1.50e+00  1e+00  2e+00 0:00.4
   24    216 -6.161230782921506e-01 3.8e+00 6.70e-01  5e-01  7e-01 0:03.5
   52    468 -6.361312184772195e-01 7.2e+00 2.36e-01  6e-02  3e-01 0:07.5
   87    783 -6.561276506850769e-01 3.4e+01 3.01e-01  4e-02  4e-01 0:12.5
  100    900 -6.618641221414582e-01 3.2e+01 2.66e-01  3e-02  4e-01 0:14.4
  149   1341 -6.754086345223321e-01 7.8e+01 3.37e-01  1e-02  4e-01 0:21.5
  200   1800 -6.757824076404003e-01 5.0e+01 3.22e-02  5e-04  1e-02 0:28.9
  263   2367 -6.757833543787288e-01 5.7e+01 3.31e-04  1e-06  3e-05 0:37.9
  292   2628 -6.757833543811307e-01 6.5e+01 1.38e-05  3e-08  6e-07 0:42.1
Budget constraint satisfied 351.2584915161133 352.23999786376953 Difference:  0.98150634765625
Budget constraint satisfied 334.0499954223633 352.23999786376953 Difference:  18.19000244140625
two_most_probable_states: ['101', '110']
final_expectation_value: -0.6757833543811307
params: [-10.87105841775985, 9.901439535372807, 3.512639059438693, 2.890177649655365, -2.341889733781196, 2.7954769177288066]
total_steps: 292
states_probs: [0.39548524378246125, 0.43526649714162313]
optimized_portfolios: [{'DIS': 1, 'TRV': 1}, {'DIS': 3, 'TRV': 0}]
objective_values: [-14.950250617525171, -123.36355452445795]
result_with_budget: [{'portfolio': {'DIS': 1, 'TRV': 1}, 'budget': 351.2584915161133, 'difference': 0.98150634765625}, {'portfolio': {'DIS': 3, 'TRV': 0}, 'budget': 334.0499954223633, 'difference': 18.19000244140625}]
Processing experiment 11
Budget: 572.6199951171875
Expected returns: 0.07964967988913885
Covariance matrix: 0.6217629814854877
3rd-order coskewness tensor: -0.39677505674922614
4th-order cokurtosis tensor: 14.683036161120278
Number of qubits for asset DOW: 4
Number of qubits for asset GS: 1
Total number of qubits:  5
Optimized Weights (considering variance, skewness and kurtosis):
DOW: 37.39%
GS: 62.61%
Left over budget:  2.8254386921563537
Optimized Discrete Allocation:
GS: 1
Maximized utility from continuous higher moments:  -2.4329517620489276
Budget constraint satisfied 569.7945556640625 572.6199951171875 Difference:  2.825439453125
Budget constraint not satisfied 609.1935920715332 572.6199951171875 Difference:  -36.5735969543457
smallest_eigenvalues: [-0.5230979264973827]
smallest_bitstrings: ['00001']
first_excited_energy: -0.5209176930948655
optimized_portfolio: [{'DOW': 0, 'GS': 1}]
second_optimized_portfolio: [{'DOW': 1, 'GS': 1}]
result_with_budget: [{'portfolio': {'DOW': 0, 'GS': 1}, 'budget': 569.7945556640625, 'difference': 2.825439453125, 'objective_value': -2.4329517620489276}]
result_with_budget_excited: [{'portfolio': {'DOW': 1, 'GS': 1}, 'budget': 609.1935920715332, 'difference': -36.5735969543457, 'objective_value': -17.703647389088474}]
Initial params:  [0.69895505 1.80164094 2.23897766 0.58467223 0.32036045 1.89004323
 0.37019224 2.12981614 2.32995743 1.3290551 ]
(5_w,10)-aCMA-ES (mu_w=3.2,w_1=45%) in dimension 10 (seed=1070149, Fri Mar 14 11:00:50 2025)
Iterat #Fevals   function value  axis ratio  sigma  min&max std  t[m:s]
    1     10 -3.518708906577075e-01 1.0e+00 1.48e+00  1e+00  2e+00 0:00.9
    2     20 -3.235802647514311e-01 1.2e+00 1.44e+00  1e+00  1e+00 0:01.9
    3     30 -3.990829238745144e-01 1.3e+00 1.40e+00  1e+00  1e+00 0:02.9
    7     70 -3.090905927591104e-01 1.4e+00 1.37e+00  1e+00  1e+00 0:06.6
   12    120 -3.187040353675165e-01 1.6e+00 1.54e+00  1e+00  2e+00 0:11.3
   18    180 -3.656491309534128e-01 2.0e+00 1.61e+00  1e+00  2e+00 0:17.0
   25    250 -2.973839095358204e-01 2.5e+00 1.95e+00  2e+00  2e+00 0:23.5
   33    330 -3.300925874659408e-01 2.6e+00 1.44e+00  1e+00  2e+00 0:31.1
   42    420 -3.326894544467724e-01 3.0e+00 1.59e+00  1e+00  2e+00 0:39.5
   52    520 -2.989911011306877e-01 3.1e+00 1.77e+00  1e+00  2e+00 0:49.0
   63    630 -3.303181375062012e-01 3.8e+00 9.00e-01  6e-01  1e+00 0:59.3
   75    750 -3.054527719975185e-01 4.3e+00 9.96e-01  7e-01  1e+00 1:10.5
   88    880 -3.544966861798055e-01 5.4e+00 9.20e-01  6e-01  1e+00 1:22.7
  100   1000 -3.070175644129711e-01 6.4e+00 6.62e-01  4e-01  8e-01 1:33.9
  115   1150 -3.677146035762016e-01 7.4e+00 4.84e-01  3e-01  5e-01 1:48.0
  131   1310 -3.647752839415893e-01 8.3e+00 2.70e-01  1e-01  3e-01 2:03.0
  149   1490 -3.979021025135616e-01 1.1e+01 2.00e-01  5e-02  2e-01 2:19.8
  168   1680 -4.050837359166296e-01 1.3e+01 1.44e-01  2e-02  2e-01 2:37.6
  188   1880 -4.095702337380767e-01 1.3e+01 1.14e-01  1e-02  1e-01 2:56.3
  200   2000 -4.098450888838533e-01 1.4e+01 7.15e-02  7e-03  7e-02 3:07.6
  222   2220 -4.104151134591105e-01 1.5e+01 5.24e-02  4e-03  5e-02 3:28.2
  245   2450 -4.112950444204411e-01 3.0e+01 7.14e-02  4e-03  8e-02 3:49.7
  269   2690 -4.120283665727776e-01 4.9e+01 6.51e-02  3e-03  8e-02 4:12.1
  294   2940 -4.121330722475900e-01 3.8e+01 3.89e-02  1e-03  4e-02 4:35.5
  300   3000 -4.121552999844424e-01 3.9e+01 4.09e-02  1e-03  4e-02 4:41.1
  327   3270 -4.125671151808996e-01 4.4e+01 8.42e-02  3e-03  9e-02 5:06.3
  355   3550 -4.144735168111615e-01 1.1e+02 2.12e-01  5e-03  3e-01 5:32.5
  384   3840 -4.276017100442767e-01 7.0e+01 4.96e-01  1e-02  4e-01 5:59.6
  400   4000 -4.374803786029302e-01 6.3e+01 6.48e-01  1e-02  5e-01 6:14.5
  431   4310 -4.480347389521867e-01 5.5e+01 3.43e-01  7e-03  2e-01 6:43.6
  464   4640 -4.494629169757459e-01 6.7e+01 2.44e-01  5e-03  1e-01 7:14.4
  498   4980 -4.496881813191324e-01 7.2e+01 4.72e-02  8e-04  2e-02 7:46.2
  500   5000 -4.496878715408717e-01 7.4e+01 3.85e-02  7e-04  2e-02 7:48.1
  536   5360 -4.496928892363297e-01 8.5e+01 1.80e-02  2e-04  7e-03 8:21.7
  573   5730 -4.496930283861907e-01 8.4e+01 1.59e-03  2e-05  4e-04 8:56.3
  600   6000 -4.496930291074874e-01 9.1e+01 2.18e-04  2e-06  5e-05 9:21.5
  639   6390 -4.496930291182011e-01 1.2e+02 1.46e-05  9e-08  2e-06 9:57.9
  641   6410 -4.496930291181978e-01 1.1e+02 1.26e-05  7e-08  2e-06 9:59.8
Budget constraint not satisfied 609.1935920715332 572.6199951171875 Difference:  -36.5735969543457
Budget constraint satisfied 569.7945556640625 572.6199951171875 Difference:  2.825439453125
two_most_probable_states: ['10001', '00001']
final_expectation_value: -0.4496930291182016
params: [-3.0626415158182474, 9.323402217669258, -4.193583510320307, 5.969547178321316, -2.4751574773025466, -6.085498733957209, 4.877242646929536, -0.37903302485334817, -2.9978408465372413, -1.9430300861519632]
total_steps: 641
states_probs: [0.17760191680000437, 0.20021865117277118]
optimized_portfolios: [{'DOW': 1, 'GS': 1}, {'DOW': 0, 'GS': 1}]
objective_values: [-17.703647389088474, -2.4329517620489276]
result_with_budget: [{'portfolio': {'DOW': 1, 'GS': 1}, 'budget': 609.1935920715332, 'difference': -36.5735969543457}, {'portfolio': {'DOW': 0, 'GS': 1}, 'budget': 569.7945556640625, 'difference': 2.825439453125}]
Processing experiment 12
Budget: 946.5273742675781
Expected returns: 0.2724870915403674
Covariance matrix: 0.6314807157707196
3rd-order coskewness tensor: 0.07522411959851882
4th-order cokurtosis tensor: 7.7961601400955
Number of qubits for asset MSFT: 2
Number of qubits for asset V: 2
Total number of qubits:  4
Optimized Weights (considering variance, skewness and kurtosis):
MSFT: 56.17%
V: 43.83%
Left over budget:  210.3617246289707
Optimized Discrete Allocation:
MSFT: 1
V: 1
Maximized utility from continuous higher moments:  -15.394199882992119
Budget constraint satisfied 946.5273742675781 946.5273742675781 Difference:  0.0
Budget constraint satisfied 841.3130493164062 946.5273742675781 Difference:  105.21432495117188
smallest_eigenvalues: [-0.5120186322538378]
smallest_bitstrings: ['0011']
first_excited_energy: -0.5058379340068837
optimized_portfolio: [{'MSFT': 0, 'V': 3}]
second_optimized_portfolio: [{'MSFT': 2, 'V': 0}]
result_with_budget: [{'portfolio': {'MSFT': 0, 'V': 3}, 'budget': 946.5273742675781, 'difference': 0.0, 'objective_value': -110.55966959712286}]
result_with_budget_excited: [{'portfolio': {'MSFT': 2, 'V': 0}, 'budget': 841.3130493164062, 'difference': 105.21432495117188, 'objective_value': -20.74644961871619}]
Initial params:  [2.46787277 2.10224645 2.6720057  0.77813967 2.2398501  1.78561487
 1.35915031 2.21546271]
(5_w,10)-aCMA-ES (mu_w=3.2,w_1=45%) in dimension 8 (seed=1046866, Fri Mar 14 11:11:06 2025)
Iterat #Fevals   function value  axis ratio  sigma  min&max std  t[m:s]
    1     10 -3.809023553677049e-01 1.0e+00 1.43e+00  1e+00  1e+00 0:00.4
    2     20 -3.047251997408030e-01 1.2e+00 1.41e+00  1e+00  1e+00 0:00.8
    3     30 -3.831957500223682e-01 1.3e+00 1.46e+00  1e+00  2e+00 0:01.2
   11    110 -3.830385970321428e-01 1.7e+00 1.64e+00  1e+00  2e+00 0:04.3
   22    220 -3.495075430389123e-01 2.0e+00 1.79e+00  1e+00  2e+00 0:08.7
   35    350 -3.897479341095581e-01 2.6e+00 1.73e+00  1e+00  2e+00 0:13.8
   51    510 -4.245748693748948e-01 3.5e+00 1.21e+00  7e-01  1e+00 0:20.2
   69    690 -3.835708079917522e-01 4.4e+00 9.32e-01  4e-01  1e+00 0:27.3
   90    900 -4.224121668058585e-01 5.1e+00 8.15e-01  4e-01  9e-01 0:35.7
  100   1000 -3.929309797049634e-01 6.2e+00 7.04e-01  3e-01  8e-01 0:39.7
  126   1260 -4.642383689485662e-01 5.8e+00 1.95e-01  8e-02  1e-01 0:50.0
  154   1540 -4.687160179580908e-01 1.0e+01 6.14e-02  2e-02  5e-02 1:01.2
  185   1850 -4.710348812872668e-01 2.5e+01 8.54e-02  2e-02  1e-01 1:13.5
  200   2000 -4.728899052395634e-01 3.4e+01 1.83e-01  3e-02  3e-01 1:19.5
  236   2360 -4.777986652667940e-01 3.4e+01 9.88e-02  7e-03  8e-02 1:33.7
  274   2740 -4.780702878168094e-01 4.2e+01 1.31e-02  4e-04  6e-03 1:48.9
  300   3000 -4.780708595736848e-01 6.8e+01 2.90e-03  6e-05  2e-03 1:59.2
  343   3430 -4.780709310673230e-01 3.1e+02 4.40e-03  6e-05  8e-03 2:16.3
  389   3890 -4.780709501029405e-01 4.8e+02 1.74e-04  1e-06  2e-04 2:34.6
  400   4000 -4.780709501068521e-01 6.3e+02 7.09e-05  5e-07  9e-05 2:39.0
  419   4190 -4.780709501072889e-01 6.1e+02 1.49e-05  8e-08  1e-05 2:46.5
Budget constraint satisfied 946.5273742675781 946.5273742675781 Difference:  0.0
Budget constraint satisfied 736.1656494140625 946.5273742675781 Difference:  210.36172485351562
two_most_probable_states: ['0011', '1010']
final_expectation_value: -0.4780709501072921
params: [3.807042711564859, 3.0740652469729928, 3.413837908206795, -1.165939828634078, 1.052207641330303, 7.502351217774493, 15.375984266253123, -1.5250559702130266]
total_steps: 419
states_probs: [0.1547701634934606, 0.19600788003816708]
optimized_portfolios: [{'MSFT': 0, 'V': 3}, {'MSFT': 1, 'V': 1}]
objective_values: [-110.55966959712286, -15.394199882992119]
result_with_budget: [{'portfolio': {'MSFT': 0, 'V': 3}, 'budget': 946.5273742675781, 'difference': 0.0}, {'portfolio': {'MSFT': 1, 'V': 1}, 'budget': 736.1656494140625, 'difference': 210.36172485351562}]
Processing experiment 13
Budget: 722.6699981689453
Expected returns: 0.06418419302926236
Covariance matrix: 0.3890409643806297
3rd-order coskewness tensor: 0.32992718783929237
4th-order cokurtosis tensor: 11.30964189030876
Number of qubits for asset DIS: 3
Number of qubits for asset TRV: 2
Total number of qubits:  5
Optimized Weights (considering variance, skewness and kurtosis):
DIS: 62.70%
TRV: 37.30%
Left over budget:  37.36151097796619
Optimized Discrete Allocation:
DIS: 4
TRV: 1
Maximized utility from continuous higher moments:  -483.6895378654574
Budget constraint satisfied 719.7254791259766 722.6699981689453 Difference:  2.94451904296875
Budget constraint satisfied 702.5169830322266 722.6699981689453 Difference:  20.15301513671875
smallest_eigenvalues: [-0.6064948867800327]
smallest_bitstrings: ['00011']
first_excited_energy: -0.6063533980336479
optimized_portfolio: [{'DIS': 0, 'TRV': 3}]
second_optimized_portfolio: [{'DIS': 2, 'TRV': 2}]
result_with_budget: [{'portfolio': {'DIS': 0, 'TRV': 3}, 'budget': 719.7254791259766, 'difference': 2.94451904296875, 'objective_value': -275.6164277893004}]
result_with_budget_excited: [{'portfolio': {'DIS': 2, 'TRV': 2}, 'budget': 702.5169830322266, 'difference': 20.15301513671875, 'objective_value': -180.963755011339}]
Initial params:  [2.46199737 0.1913054  0.2325614  0.76550365 2.48704199 0.34271543
 2.68877373 2.27049185 1.33294774 0.02271359]
(5_w,10)-aCMA-ES (mu_w=3.2,w_1=45%) in dimension 10 (seed=991383, Fri Mar 14 11:14:00 2025)
Iterat #Fevals   function value  axis ratio  sigma  min&max std  t[m:s]
    1     10 -5.451027950624968e-01 1.0e+00 1.43e+00  1e+00  1e+00 0:00.9
    2     20 -5.048723326913274e-01 1.2e+00 1.44e+00  1e+00  1e+00 0:01.9
    3     30 -4.825376704783864e-01 1.2e+00 1.33e+00  1e+00  1e+00 0:02.8
    7     70 -5.451096847906810e-01 1.5e+00 1.32e+00  1e+00  1e+00 0:06.6
   12    120 -5.488485365682439e-01 1.7e+00 1.44e+00  1e+00  2e+00 0:11.3
   18    180 -5.386108386311240e-01 1.9e+00 1.23e+00  1e+00  1e+00 0:16.8
   25    250 -4.711316546475944e-01 2.3e+00 1.34e+00  1e+00  1e+00 0:23.3
   33    330 -5.186695634663757e-01 2.4e+00 1.09e+00  9e-01  1e+00 0:30.8
   42    420 -5.591964792149742e-01 2.8e+00 6.95e-01  5e-01  8e-01 0:39.2
   52    520 -5.399187725265266e-01 2.8e+00 5.55e-01  3e-01  6e-01 0:48.6
   63    630 -5.430738988668113e-01 4.0e+00 6.29e-01  2e-01  7e-01 0:58.9
   75    750 -5.543966148000474e-01 5.8e+00 5.77e-01  2e-01  7e-01 1:10.1
   88    880 -5.583999697586499e-01 8.0e+00 5.77e-01  1e-01  7e-01 1:22.2
  100   1000 -5.577790132404236e-01 1.1e+01 4.35e-01  6e-02  5e-01 1:33.5
  116   1160 -5.577342604417035e-01 1.4e+01 2.57e-01  3e-02  3e-01 1:48.4
  133   1330 -5.600841350949826e-01 2.5e+01 2.38e-01  3e-02  3e-01 2:04.3
  151   1510 -5.655151887324865e-01 2.5e+01 1.81e-01  2e-02  2e-01 2:21.2
  170   1700 -5.684782041659967e-01 2.3e+01 1.52e-01  1e-02  2e-01 2:39.0
  190   1900 -5.725851450584852e-01 2.8e+01 2.31e-01  2e-02  3e-01 2:57.8
  200   2000 -5.748284569277703e-01 3.0e+01 1.57e-01  1e-02  2e-01 3:07.2
  223   2230 -5.758755967978820e-01 4.5e+01 1.15e-01  6e-03  2e-01 3:28.0
  247   2470 -5.767906835763001e-01 4.4e+01 1.03e-01  5e-03  1e-01 3:49.7
  272   2720 -5.785420427645227e-01 8.0e+01 1.32e-01  6e-03  2e-01 4:12.1
  298   2980 -5.823271857688942e-01 1.3e+02 2.42e-01  9e-03  7e-01 4:35.5
  300   3000 -5.823685505880741e-01 1.3e+02 2.52e-01  9e-03  8e-01 4:37.3
  328   3280 -5.829909278829168e-01 1.3e+02 8.94e-02  3e-03  2e-01 5:02.4
  358   3580 -5.837536245348572e-01 1.1e+02 9.32e-02  2e-03  1e-01 5:28.9
  389   3890 -5.842176830168909e-01 1.1e+02 1.94e-01  3e-03  2e-01 5:56.3
  400   4000 -5.844089017298756e-01 1.0e+02 1.17e-01  2e-03  1e-01 6:05.9
  433   4330 -5.859453279392780e-01 1.6e+02 2.21e-01  3e-03  3e-01 6:35.1
  468   4680 -5.861604601797530e-01 2.0e+02 7.20e-02  9e-04  8e-02 7:05.9
  500   5000 -5.862765444610046e-01 2.3e+02 1.55e-01  1e-03  2e-01 7:34.1
  537   5370 -5.863179097202824e-01 2.9e+02 8.20e-02  6e-04  7e-02 8:06.8
  575   5750 -5.863363338164161e-01 2.4e+02 1.04e-01  6e-04  7e-02 8:40.3
  600   6000 -5.863463504993305e-01 2.6e+02 7.13e-02  3e-04  4e-02 9:02.2
  640   6400 -5.863612869753960e-01 3.6e+02 9.26e-02  3e-04  5e-02 9:37.5
  681   6810 -5.863750214051432e-01 3.9e+02 1.59e-01  5e-04  6e-02 10:13.7
  700   7000 -5.863938822747868e-01 3.9e+02 1.59e-01  4e-04  7e-02 10:30.6
  743   7430 -5.864613307350505e-01 4.4e+02 1.09e+00  2e-03  4e-01 11:08.6
  787   7870 -5.867578205782643e-01 4.7e+02 6.73e-01  1e-03  2e-01 11:47.6
  800   8000 -5.867800551009402e-01 4.7e+02 3.53e-01  6e-04  1e-01 11:59.2
  847   8470 -5.868078576054896e-01 4.7e+02 1.07e-01  1e-04  2e-02 12:40.8
  895   8950 -5.868080110733443e-01 4.8e+02 4.11e-03  3e-06  5e-04 13:23.3
  900   9000 -5.868080110884406e-01 4.8e+02 2.76e-03  2e-06  3e-04 13:27.7
  947   9470 -5.868080111386564e-01 5.4e+02 7.93e-05  4e-08  6e-06 14:09.4
Budget constraint satisfied 719.7254791259766 722.6699981689453 Difference:  2.94451904296875
Budget constraint satisfied 573.9584884643555 722.6699981689453 Difference:  148.71150970458984
two_most_probable_states: ['00011', '11010']
final_expectation_value: -0.5868080111386613
params: [-12.266907063160327, 7.6804996979916105, 1.0789514178961215, -11.208021434680902, 24.66862996754087, -6.332028854690398, -0.5172827847303113, 7.1499007501906835, -3.0823865175116745, 3.0885563802021534]
total_steps: 947
states_probs: [0.09355377690107061, 0.09408776841736574]
optimized_portfolios: [{'DIS': 0, 'TRV': 3}, {'DIS': 3, 'TRV': 1}]
objective_values: [-275.6164277893004, -182.07293552038436]
result_with_budget: [{'portfolio': {'DIS': 0, 'TRV': 3}, 'budget': 719.7254791259766, 'difference': 2.94451904296875}, {'portfolio': {'DIS': 3, 'TRV': 1}, 'budget': 573.9584884643555, 'difference': 148.71150970458984}]
Processing experiment 14
Budget: 722.8699340820312
Expected returns: 0.2087605183979134
Covariance matrix: 0.3191704961138725
3rd-order coskewness tensor: -0.15878692990207913
4th-order cokurtosis tensor: 4.234901299480857
Number of qubits for asset CAT: 1
Number of qubits for asset CRM: 2
Total number of qubits:  3
Optimized Weights (considering variance, skewness and kurtosis):
CAT: 53.89%
CRM: 46.11%
Left over budget:  27.10498062406714
Optimized Discrete Allocation:
CAT: 1
CRM: 1
Maximized utility from continuous higher moments:  -5.249927873819397
Budget constraint satisfied 695.7649536132812 722.8699340820312 Difference:  27.10498046875
Budget constraint satisfied 668.6599731445312 722.8699340820312 Difference:  54.2099609375
smallest_eigenvalues: [-0.7489057879750309]
smallest_bitstrings: ['110']
first_excited_energy: -0.7456217202571074
optimized_portfolio: [{'CAT': 1, 'CRM': 1}]
second_optimized_portfolio: [{'CAT': 0, 'CRM': 2}]
result_with_budget: [{'portfolio': {'CAT': 1, 'CRM': 1}, 'budget': 695.7649536132812, 'difference': 27.10498046875, 'objective_value': -5.249927873819397}]
result_with_budget_excited: [{'portfolio': {'CAT': 0, 'CRM': 2}, 'budget': 668.6599731445312, 'difference': 54.2099609375, 'objective_value': -33.57281125134227}]
Initial params:  [2.88353335 0.01619913 1.30594543 0.30692482 1.92771678 1.07213905]
(4_w,9)-aCMA-ES (mu_w=2.8,w_1=49%) in dimension 6 (seed=964822, Fri Mar 14 11:28:31 2025)
Iterat #Fevals   function value  axis ratio  sigma  min&max std  t[m:s]
    1      9 -5.113904408568336e-01 1.0e+00 1.43e+00  1e+00  1e+00 0:00.1
    2     18 -5.691099425846242e-01 1.3e+00 1.43e+00  1e+00  2e+00 0:00.3
    3     27 -6.307001795435988e-01 1.5e+00 1.49e+00  1e+00  2e+00 0:00.4
   26    234 -6.155818908250200e-01 3.0e+00 1.38e+00  8e-01  2e+00 0:03.5
   56    504 -5.859958450853672e-01 4.8e+00 6.31e-01  2e-01  8e-01 0:07.5
   94    846 -5.988830475536515e-01 1.9e+01 1.20e+00  4e-01  2e+00 0:12.7
  100    900 -6.243850894210722e-01 1.9e+01 9.69e-01  3e-01  1e+00 0:13.5
  152   1368 -6.606740403127260e-01 1.4e+01 1.12e-01  2e-02  8e-02 0:20.5
  200   1800 -6.617796562711643e-01 4.1e+01 5.00e-02  5e-03  2e-02 0:27.0
  267   2403 -6.666994080178751e-01 4.1e+01 1.24e+00  5e-02  2e-01 0:36.0
  300   2700 -6.902491368339583e-01 7.3e+01 2.88e+00  5e-02  5e-01 0:40.5
  382   3438 -7.311661753653309e-01 7.8e+01 9.96e+00  7e-02  7e-01 0:51.5
  400   3600 -7.392376291026846e-01 4.2e+01 3.95e+00  1e-02  2e-01 0:54.0
  497   4473 -7.421245847724651e-01 9.7e+01 1.89e+00  9e-04  3e-02 1:07.1
  500   4500 -7.421266169517097e-01 1.1e+02 1.98e+00  9e-04  3e-02 1:07.5
  600   5400 -7.422356422024116e-01 4.6e+01 1.61e+01  2e-03  3e-02 1:21.0
  700   6300 -7.425503246791516e-01 6.4e+01 4.30e+01  1e-03  3e-02 1:34.5
  800   7200 -7.427254839427350e-01 2.2e+02 2.69e+00  2e-05  8e-04 1:48.0
  844   7596 -7.427254842675898e-01 2.3e+02 3.58e-02  7e-08  4e-06 1:53.9
Budget constraint satisfied 668.6599731445312 722.8699340820312 Difference:  54.2099609375
Budget constraint satisfied 695.7649536132812 722.8699340820312 Difference:  27.10498046875
two_most_probable_states: ['001', '110']
final_expectation_value: -0.7427254842675944
params: [6.8117973981151465, 8.810737061816473, -2.5859070641788726, 1.6416022736259954, 3.308055422252484, -14.794206257955041]
total_steps: 844
states_probs: [0.47940693919726374, 0.488267558844558]
optimized_portfolios: [{'CAT': 0, 'CRM': 2}, {'CAT': 1, 'CRM': 1}]
objective_values: [-33.57281125134227, -5.249927873819397]
result_with_budget: [{'portfolio': {'CAT': 0, 'CRM': 2}, 'budget': 668.6599731445312, 'difference': 54.2099609375}, {'portfolio': {'CAT': 1, 'CRM': 1}, 'budget': 695.7649536132812, 'difference': 27.10498046875}]
Batch 1/30 completed. Results saved to portfolio_optimization_results_batch_0.json
Job finished at Fri Mar 14 11:30:35 EET 2025
