Running job array 26 on csl45.int.triton.aalto.fi
Starting at Sat Mar 22 10:18:49 EET 2025
Activating virtual environment at /scratch/work/uotilav2/quantum-portfolio/venv
Processing batch 27/100: experiments 26 to 26 (total 1)
Processing experiment 26
Budget: 3331
YF.download() has changed argument auto_adjust default to True
Number of qubits for asset CAT: 4
Number of qubits for asset HD: 4
Total number of qubits:  8
Optimized Weights (considering variance, skewness and kurtosis):
CAT: 75.56%
HD: 24.44%
Left over budget:  27.88125521092843
Optimized Discrete Allocation:
CAT: 7
HD: 2
Maximized utility from continuous higher moments:  -64.43562206548498
Budget constraint satisfied 3328.2207641601562 3331 Difference:  2.77923583984375
Budget constraint not satisfied 3353.322784423828 3331 Difference:  -22.322784423828125
smallest_eigenvalues: [-0.21698383485504885]
smallest_bitstrings: ['01101100']
first_excited_energy: -0.21697420236238404
optimized_portfolio: [{'CAT': 6, 'HD': 3}]
second_optimized_portfolio: [{'CAT': 5, 'HD': 4}]
result_with_budget: [{'portfolio': {'CAT': 6, 'HD': 3}, 'budget': 3328.2207641601562, 'difference': 2.77923583984375, 'objective_value': -63.22773121417699}]
result_with_budget_excited: [{'portfolio': {'CAT': 5, 'HD': 4}, 'budget': 3353.322784423828, 'difference': -22.322784423828125, 'objective_value': -78.50700489876559}]
Initial params:  [2.61575239 2.44465153 2.73322377 3.07442019 2.51063067 1.44978017
 2.45210473 0.37157007 2.01037118 0.45035763 2.96776493 1.63943485
 1.3026989  0.83112597 2.43232687 1.43303853]
(6_w,12)-aCMA-ES (mu_w=3.7,w_1=40%) in dimension 16 (seed=763178, Sat Mar 22 10:19:02 2025)
Iterat #Fevals   function value  axis ratio  sigma  min&max std  t[m:s]
    1     12 1.725290488112452e-03 1.0e+00 9.67e-02  9e-02  1e-01 0:06.0
    2     24 -4.630794818056163e-02 1.1e+00 1.02e-01  1e-01  1e-01 0:12.3
    3     36 -8.048785510712005e-02 1.2e+00 1.05e-01  1e-01  1e-01 0:18.4
    4     48 -1.046850631100969e-01 1.3e+00 1.09e-01  1e-01  1e-01 0:24.6
    5     60 -9.448804336439878e-02 1.4e+00 1.15e-01  1e-01  1e-01 0:31.5
    6     72 -1.103742590820377e-01 1.5e+00 1.18e-01  1e-01  1e-01 0:38.9
    7     84 -1.094188085297126e-01 1.5e+00 1.19e-01  1e-01  1e-01 0:46.3
    8     96 -1.234264061182348e-01 1.6e+00 1.19e-01  1e-01  1e-01 0:53.7
   10    120 -1.060152431412098e-01 1.6e+00 1.20e-01  1e-01  1e-01 1:08.6
   12    144 -1.191932614153416e-01 1.7e+00 1.10e-01  1e-01  1e-01 1:23.4
   14    168 -1.171711444578970e-01 1.7e+00 9.89e-02  9e-02  1e-01 1:38.3
   16    192 -1.244360799197407e-01 1.8e+00 9.76e-02  9e-02  1e-01 1:53.2
   18    216 -1.168887051879482e-01 1.8e+00 9.30e-02  8e-02  1e-01 2:08.0
   20    240 -1.263910223254628e-01 1.9e+00 9.20e-02  8e-02  1e-01 2:22.9
   22    264 -1.368529312618804e-01 1.9e+00 8.97e-02  8e-02  9e-02 2:37.7
   25    300 -1.401149758997717e-01 1.9e+00 8.17e-02  7e-02  9e-02 2:60.0
   28    336 -1.473027315637160e-01 2.1e+00 8.50e-02  7e-02  9e-02 3:22.2
   31    372 -1.402589878236477e-01 2.2e+00 9.13e-02  7e-02  1e-01 3:44.6
   34    408 -1.493838852994092e-01 2.4e+00 8.76e-02  7e-02  9e-02 4:06.9
   37    444 -1.501446146250050e-01 2.4e+00 8.37e-02  6e-02  9e-02 4:29.2
   40    480 -1.426736232883054e-01 2.5e+00 9.17e-02  7e-02  1e-01 4:51.4
   43    516 -1.498676029371904e-01 2.6e+00 9.21e-02  7e-02  1e-01 5:13.7
   46    552 -1.487871053181255e-01 2.7e+00 9.05e-02  7e-02  1e-01 5:36.1
   50    600 -1.528587368671720e-01 2.9e+00 8.81e-02  6e-02  1e-01 6:05.8
   54    648 -1.593230662862972e-01 3.1e+00 8.34e-02  6e-02  9e-02 6:35.4
   58    696 -1.538444649750923e-01 3.2e+00 8.92e-02  7e-02  1e-01 7:05.1
   62    744 -1.614181811863952e-01 3.3e+00 8.12e-02  6e-02  9e-02 7:34.8
   66    792 -1.645853830217077e-01 3.5e+00 7.78e-02  6e-02  9e-02 8:04.5
   70    840 -1.634369279235807e-01 3.7e+00 7.92e-02  6e-02  9e-02 8:34.2
   74    888 -1.697347677921674e-01 3.9e+00 7.17e-02  5e-02  8e-02 9:03.8
   79    948 -1.688321634946445e-01 4.1e+00 5.36e-02  4e-02  6e-02 9:40.9
   84   1008 -1.731667913148850e-01 4.5e+00 5.59e-02  4e-02  7e-02 10:18.1
   89   1068 -1.735670388206159e-01 5.3e+00 5.68e-02  4e-02  7e-02 10:55.2
   94   1128 -1.748446307897392e-01 5.6e+00 4.66e-02  3e-02  6e-02 11:32.2
   99   1188 -1.758194582917877e-01 6.3e+00 4.47e-02  3e-02  6e-02 12:09.4
  100   1200 -1.756383387179486e-01 6.4e+00 4.21e-02  2e-02  5e-02 12:16.8
  105   1260 -1.759964095178235e-01 6.8e+00 3.53e-02  2e-02  4e-02 12:53.8
  110   1320 -1.769394983105247e-01 7.3e+00 3.39e-02  2e-02  4e-02 13:30.9
  116   1392 -1.773394146153364e-01 7.5e+00 2.86e-02  2e-02  4e-02 14:15.3
  122   1464 -1.801343885960132e-01 7.7e+00 4.04e-02  2e-02  5e-02 14:59.7
  128   1536 -1.822381650098044e-01 8.9e+00 4.83e-02  3e-02  7e-02 15:44.3
  134   1608 -1.846516717921369e-01 9.2e+00 7.88e-02  5e-02  1e-01 16:28.8
  140   1680 -1.830494202551922e-01 9.5e+00 8.42e-02  5e-02  1e-01 17:13.3
  146   1752 -1.867878056002334e-01 9.5e+00 9.40e-02  5e-02  1e-01 17:57.8
  152   1824 -1.859452606268597e-01 1.0e+01 7.04e-02  4e-02  1e-01 18:42.2
  159   1908 -1.864205876665969e-01 9.9e+00 6.50e-02  3e-02  9e-02 19:34.2
  166   1992 -1.873458579536122e-01 1.1e+01 4.17e-02  2e-02  6e-02 20:26.1
  173   2076 -1.880766006183699e-01 1.1e+01 3.71e-02  2e-02  5e-02 21:18.0
  180   2160 -1.884354428061520e-01 1.2e+01 3.53e-02  2e-02  5e-02 22:09.9
  187   2244 -1.884694496530907e-01 1.3e+01 3.10e-02  1e-02  4e-02 23:01.7
  194   2328 -1.887630201661760e-01 1.3e+01 3.08e-02  1e-02  4e-02 23:53.7
  200   2400 -1.887699959648697e-01 1.4e+01 2.82e-02  1e-02  4e-02 24:38.0
  208   2496 -1.891685334451561e-01 1.4e+01 3.22e-02  1e-02  4e-02 25:35.9
  216   2592 -1.893048559988324e-01 1.8e+01 4.02e-02  2e-02  6e-02 26:33.5
  224   2688 -1.896491958458343e-01 2.0e+01 3.70e-02  1e-02  6e-02 27:31.3
  232   2784 -1.901162344470021e-01 2.3e+01 4.74e-02  2e-02  9e-02 28:29.0
  240   2880 -1.903833491457449e-01 2.6e+01 4.64e-02  2e-02  9e-02 29:26.8
  248   2976 -1.909180565885445e-01 2.9e+01 3.79e-02  1e-02  8e-02 30:24.6
  257   3084 -1.920544764672152e-01 3.1e+01 3.85e-02  1e-02  8e-02 31:29.5
  266   3192 -1.935368097289399e-01 4.1e+01 5.81e-02  2e-02  2e-01 32:34.5
  275   3300 -1.933115451206574e-01 4.7e+01 5.93e-02  2e-02  2e-01 33:39.3
  284   3408 -1.939852870753579e-01 4.7e+01 5.01e-02  1e-02  1e-01 34:44.3
  293   3516 -1.944653804891162e-01 4.7e+01 5.71e-02  1e-02  1e-01 35:49.2
  300   3600 -1.946194179887843e-01 4.5e+01 6.37e-02  1e-02  2e-01 36:39.6
  309   3708 -1.951586792788072e-01 4.7e+01 4.95e-02  1e-02  1e-01 37:44.6
  319   3828 -1.955774824059332e-01 5.2e+01 5.60e-02  1e-02  1e-01 38:56.7
  329   3948 -1.956891019313369e-01 5.4e+01 3.46e-02  6e-03  8e-02 40:08.8
  339   4068 -1.961379507587990e-01 5.4e+01 3.75e-02  7e-03  9e-02 41:21.0
  349   4188 -1.965426744591851e-01 6.4e+01 4.89e-02  9e-03  1e-01 42:33.2
  359   4308 -1.972956245257206e-01 7.1e+01 5.84e-02  1e-02  2e-01 43:45.4
  369   4428 -1.978196983020109e-01 7.3e+01 7.10e-02  2e-02  2e-01 44:57.8
  379   4548 -1.985933396607467e-01 6.7e+01 6.80e-02  2e-02  2e-01 46:10.1
  389   4668 -1.988939762482281e-01 6.8e+01 5.64e-02  1e-02  1e-01 47:22.2
  400   4800 -1.991938374938038e-01 6.7e+01 4.16e-02  9e-03  9e-02 48:41.1
  411   4932 -1.994314499309107e-01 6.1e+01 2.90e-02  6e-03  6e-02 49:59.9
  422   5064 -1.995650584141447e-01 5.9e+01 3.10e-02  6e-03  6e-02 51:18.5
  433   5196 -1.998602097035923e-01 5.9e+01 3.86e-02  7e-03  8e-02 52:37.4
  444   5328 -1.999528695251900e-01 6.1e+01 4.68e-02  8e-03  1e-01 53:55.9
  455   5460 -2.001781598923212e-01 6.4e+01 4.18e-02  7e-03  9e-02 55:14.6
  467   5604 -2.003112953583300e-01 7.1e+01 3.99e-02  6e-03  1e-01 56:40.5
  479   5748 -2.004032943252433e-01 7.8e+01 3.38e-02  5e-03  9e-02 58:06.5
  491   5892 -2.004659317196460e-01 8.0e+01 1.93e-02  3e-03  5e-02 59:31.3
  500   6000 -2.004811945212318e-01 8.0e+01 1.83e-02  2e-03  4e-02 60:29.6
  514   6168 -2.005056065473916e-01 8.1e+01 1.67e-02  2e-03  4e-02 61:55.2
  528   6336 -2.005156825531653e-01 8.7e+01 1.17e-02  1e-03  3e-02 63:20.4
  542   6504 -2.005192628148364e-01 9.0e+01 5.75e-03  6e-04  1e-02 64:45.7
  557   6684 -2.005202184801870e-01 8.8e+01 3.26e-03  3e-04  6e-03 66:16.8
  572   6864 -2.005203821391393e-01 9.4e+01 2.02e-03  2e-04  4e-03 67:48.1
  587   7044 -2.005204529230516e-01 9.8e+01 1.24e-03  1e-04  2e-03 69:19.5
  600   7200 -2.005204823235602e-01 9.8e+01 7.51e-04  6e-05  1e-03 70:38.7
  615   7380 -2.005205001112519e-01 1.1e+02 6.27e-04  5e-05  1e-03 72:10.2
  630   7560 -2.005205317925380e-01 1.4e+02 9.01e-04  6e-05  2e-03 73:41.5
  646   7752 -2.005207375735535e-01 3.3e+02 3.07e-03  2e-04  1e-02 75:18.1
  662   7944 -2.005212293222207e-01 4.6e+02 4.19e-03  2e-04  2e-02 76:54.8
  678   8136 -2.005230353226796e-01 9.0e+02 1.04e-02  6e-04  1e-01 78:31.3
  694   8328 -2.005259072758215e-01 1.1e+03 8.90e-03  5e-04  1e-01 80:08.2
  700   8400 -2.005269100514276e-01 1.1e+03 9.21e-03  5e-04  1e-01 80:44.4
  717   8604 -2.005283104671226e-01 1.2e+03 1.25e-02  6e-04  1e-01 82:26.9
  734   8808 -2.005308966812875e-01 1.1e+03 9.47e-03  4e-04  1e-01 84:09.5
  751   9012 -2.005330487336047e-01 9.3e+02 9.37e-03  4e-04  8e-02 85:52.3
  768   9216 -2.005351374025640e-01 8.0e+02 1.01e-02  4e-04  7e-02 87:35.0
  785   9420 -2.005381773435953e-01 6.3e+02 9.71e-03  4e-04  5e-02 89:17.3
  800   9600 -2.005410938029244e-01 5.8e+02 1.48e-02  5e-04  7e-02 90:48.2
  818   9816 -2.005439528272236e-01 4.5e+02 1.59e-02  6e-04  6e-02 92:36.8
  836  10032 -2.005468011494574e-01 4.1e+02 1.03e-02  3e-04  3e-02 94:25.3
  854  10248 -2.005487111176104e-01 3.5e+02 1.34e-02  4e-04  3e-02 96:13.9
  872  10464 -2.005507771481792e-01 3.1e+02 1.28e-02  4e-04  3e-02 98:02.5
  890  10680 -2.005524213194860e-01 2.7e+02 1.12e-02  3e-04  2e-02 99:51.1
  900  10800 -2.005528691371869e-01 2.6e+02 9.02e-03  2e-04  2e-02 100:51.4
  919  11028 -2.005541433667158e-01 2.3e+02 8.88e-03  2e-04  1e-02 102:45.2
  938  11256 -2.005554400792010e-01 2.2e+02 9.68e-03  2e-04  1e-02 104:39.5
  957  11484 -2.005570052078767e-01 2.2e+02 1.06e-02  3e-04  1e-02 106:34.2
  977  11724 -2.005606268567813e-01 2.3e+02 1.91e-02  4e-04  2e-02 108:30.2
  997  11964 -2.005670593662191e-01 2.1e+02 3.73e-02  8e-04  4e-02 110:25.6
 1000  12000 -2.005651926186627e-01 2.1e+02 3.66e-02  8e-04  4e-02 110:42.0
Budget constraint satisfied 2991.8878173828125 3331 Difference:  339.1121826171875
Budget constraint satisfied 3092.2958984375 3331 Difference:  238.7041015625
two_most_probable_states: ['00100010', '00000001']
final_expectation_value: -0.20056728463860907
params: [1.2704772555433779, 1.0574238015996036, 5.981492613761027, 6.376643086004067, 2.190386970304505, 2.9366517536000183, 9.174357443242775, 3.0746193984486143, 2.7745414506394277, -0.37762700168705526, 2.564610481557234, 2.0132847769546824, 0.5745977515085815, 2.3838027349990396, 1.4619232994755442, 1.4091172294105612]
total_steps: 1000
states_probs: [0.022115929294542154, 0.022332081020730653]
optimized_portfolios: [{'CAT': 4, 'HD': 4}, {'CAT': 0, 'HD': 8}]
objective_values: [-57.770004220244715, -311.7171271605038]
result_with_budget: [{'portfolio': {'CAT': 4, 'HD': 4}, 'budget': 2991.8878173828125, 'difference': 339.1121826171875}, {'portfolio': {'CAT': 0, 'HD': 8}, 'budget': 3092.2958984375, 'difference': 238.7041015625}]
Batch 27/100 completed. Results saved to portfolio_optimization_results_batch_26.json
Job finished at Sat Mar 22 12:10:20 EET 2025
