Running job array 18 on csl48.int.triton.aalto.fi
Starting at Mon Mar 17 13:01:02 EET 2025
Activating virtual environment at /scratch/work/uotilav2/quantum-portfolio/venv
Processing batch 19/50: experiments 162 to 170 (total 9)
Processing experiment 162
Budget: 590.6399459838867
YF.download() has changed argument auto_adjust default to True
Expected returns: 0.2741397972552571
Covariance matrix: 0.5025971816571672
3rd-order coskewness tensor: -0.0030536592101716342
4th-order cokurtosis tensor: 5.303613236138103
Number of qubits for asset AAPL: 2
Number of qubits for asset HD: 1
Number of qubits for asset WMT: 3
Total number of qubits:  6
Optimized Weights (considering variance, skewness and kurtosis):
AAPL: 48.97%
HD: 10.38%
WMT: 40.65%
Left over budget:  69.44497666930147
Optimized Discrete Allocation:
AAPL: 1
WMT: 3
Maximized utility from continuous higher moments:  -198.9537507602313
Budget constraint satisfied 590.6399459838867 590.6399459838867 Difference:  0.0
Budget constraint satisfied 567.2369842529297 590.6399459838867 Difference:  23.40296173095703
smallest_eigenvalues: [-0.2767752432109452]
smallest_bitstrings: ['010100']
first_excited_energy: -0.27626201902444614
optimized_portfolio: [{'AAPL': 2, 'HD': 0, 'WMT': 1}]
second_optimized_portfolio: [{'AAPL': 0, 'HD': 1, 'WMT': 2}]
result_with_budget: [{'portfolio': {'AAPL': 2, 'HD': 0, 'WMT': 1}, 'budget': 590.6399459838867, 'difference': 0.0, 'objective_value': -28.557433014183573}]
result_with_budget_excited: [{'portfolio': {'AAPL': 0, 'HD': 1, 'WMT': 2}, 'budget': 567.2369842529297, 'difference': 23.40296173095703, 'objective_value': -62.95952687726188}]
Initial params:  [2.9078476  0.22316636 0.27372477 0.06351797 2.61575239 2.44465153
 2.73322377 3.07442019 2.51063067 1.44978017 2.45210473 0.37157007]
(5_w,11)-aCMA-ES (mu_w=3.4,w_1=42%) in dimension 12 (seed=277574, Mon Mar 17 13:01:04 2025)
Iterat #Fevals   function value  axis ratio  sigma  min&max std  t[m:s]
    1     11 -1.296949073516266e-01 1.0e+00 1.40e+00  1e+00  1e+00 0:01.8
    2     22 -1.546110341932713e-01 1.1e+00 1.40e+00  1e+00  1e+00 0:03.5
    3     33 -2.122042603811434e-01 1.2e+00 1.42e+00  1e+00  1e+00 0:05.3
    5     55 -1.313277658032965e-01 1.4e+00 1.38e+00  1e+00  1e+00 0:08.7
    8     88 -1.870281383848212e-01 1.5e+00 1.28e+00  1e+00  1e+00 0:13.8
   11    121 -2.094449832801208e-01 1.7e+00 1.13e+00  1e+00  1e+00 0:18.9
   15    165 -2.089891989982672e-01 1.7e+00 1.00e+00  9e-01  1e+00 0:25.7
   20    220 -1.577547114249891e-01 1.9e+00 7.82e-01  7e-01  8e-01 0:34.5
   25    275 -1.622290500908772e-01 2.0e+00 7.64e-01  7e-01  8e-01 0:43.3
   31    341 -1.776055941619308e-01 2.1e+00 6.75e-01  6e-01  7e-01 0:53.9
   37    407 -1.191894821951098e-01 2.1e+00 5.67e-01  5e-01  6e-01 1:04.5
   44    484 -1.625743215397908e-01 2.6e+00 5.29e-01  4e-01  6e-01 1:16.8
   51    561 -2.074915117316619e-01 3.0e+00 4.31e-01  3e-01  5e-01 1:29.2
   59    649 -2.088723779010221e-01 3.7e+00 5.67e-01  4e-01  6e-01 1:43.3
   67    737 -2.096041196963728e-01 4.8e+00 6.56e-01  5e-01  7e-01 1:57.4
   76    836 -1.875960190084824e-01 5.9e+00 5.37e-01  4e-01  6e-01 2:13.3
   86    946 -2.390427103143530e-01 7.2e+00 3.08e-01  2e-01  3e-01 2:30.9
   96   1056 -2.435070840059774e-01 9.2e+00 1.90e-01  1e-01  2e-01 2:48.5
  100   1100 -2.430728464657254e-01 9.3e+00 1.70e-01  1e-01  2e-01 2:55.6
  111   1221 -2.457884663474842e-01 1.1e+01 1.16e-01  7e-02  1e-01 3:15.2
  123   1353 -2.469837297821514e-01 1.6e+01 1.25e-01  7e-02  2e-01 3:36.6
  135   1485 -2.471131276214668e-01 2.1e+01 8.24e-02  4e-02  1e-01 3:57.9
  148   1628 -2.478545052003791e-01 2.4e+01 6.71e-02  3e-02  8e-02 4:21.2
  161   1771 -2.483430045061704e-01 2.8e+01 7.00e-02  3e-02  8e-02 4:44.7
  175   1925 -2.488498945520577e-01 3.2e+01 7.02e-02  4e-02  8e-02 5:09.6
  190   2090 -2.492047325536053e-01 3.7e+01 4.34e-02  2e-02  5e-02 5:35.9
  200   2200 -2.492709961839871e-01 3.7e+01 3.40e-02  1e-02  4e-02 5:53.4
  216   2376 -2.493829428023740e-01 4.7e+01 3.66e-02  1e-02  5e-02 6:21.6
  232   2552 -2.494744050845885e-01 6.0e+01 3.43e-02  1e-02  6e-02 6:49.7
  249   2739 -2.496306215944297e-01 6.3e+01 4.26e-02  1e-02  6e-02 7:19.6
  267   2937 -2.498078680664735e-01 5.2e+01 4.56e-02  1e-02  6e-02 7:51.2
  285   3135 -2.500031759922439e-01 6.0e+01 6.88e-02  1e-02  1e-01 8:22.8
  300   3300 -2.503213655041334e-01 7.4e+01 8.01e-02  1e-02  1e-01 8:49.4
  319   3509 -2.509278147019700e-01 9.6e+01 1.41e-01  2e-02  3e-01 9:23.3
  339   3729 -2.515965566929582e-01 8.3e+01 8.68e-02  9e-03  1e-01 9:58.9
  359   3949 -2.519021249530079e-01 9.8e+01 8.18e-02  6e-03  1e-01 10:34.8
  380   4180 -2.520707011856577e-01 1.1e+02 5.41e-02  4e-03  8e-02 11:11.9
  400   4400 -2.521198430150608e-01 1.0e+02 3.71e-02  2e-03  5e-02 11:47.0
  422   4642 -2.522052090129170e-01 1.2e+02 6.26e-02  3e-03  8e-02 12:25.7
  445   4895 -2.523568885343738e-01 1.4e+02 9.12e-02  4e-03  1e-01 13:06.2
  468   5148 -2.524351681264954e-01 1.4e+02 4.18e-02  2e-03  5e-02 13:46.6
  492   5412 -2.524631928804725e-01 1.2e+02 3.26e-02  1e-03  4e-02 14:29.0
  500   5500 -2.524666960874013e-01 1.3e+02 2.85e-02  1e-03  3e-02 14:43.1
  525   5775 -2.524702834121588e-01 1.4e+02 6.92e-03  2e-04  7e-03 15:27.5
  550   6050 -2.524714607051478e-01 1.4e+02 1.23e-02  4e-04  1e-02 16:12.5
  576   6336 -2.524770979999703e-01 2.6e+02 2.92e-02  7e-04  4e-02 16:58.5
  600   6600 -2.524966318761280e-01 4.4e+02 5.96e-02  1e-03  1e-01 17:40.7
  627   6897 -2.525235126345439e-01 4.4e+02 4.96e-02  1e-03  8e-02 18:28.2
  655   7205 -2.525325760862542e-01 3.9e+02 4.45e-02  8e-04  7e-02 19:17.4
  683   7513 -2.525462731911766e-01 2.3e+02 6.19e-02  1e-03  6e-02 20:06.8
  700   7700 -2.525603036529416e-01 2.1e+02 8.03e-02  1e-03  7e-02 20:37.1
  729   8019 -2.525761005231096e-01 1.5e+02 5.57e-02  7e-04  3e-02 21:28.6
  759   8349 -2.525899662261689e-01 9.8e+01 8.63e-02  1e-03  3e-02 22:22.3
  790   8690 -2.525967598196416e-01 9.5e+01 4.90e-02  5e-04  1e-02 23:16.8
  800   8800 -2.525978301371059e-01 9.8e+01 3.88e-02  4e-04  1e-02 23:34.3
  832   9152 -2.526010566818493e-01 1.3e+02 8.49e-02  7e-04  2e-02 24:30.5
  864   9504 -2.526032453047178e-01 1.3e+02 2.04e-02  2e-04  5e-03 25:26.8
  897   9867 -2.526033071102232e-01 1.6e+02 4.27e-03  3e-05  9e-04 26:25.5
  900   9900 -2.526033081050006e-01 1.6e+02 3.54e-03  2e-05  7e-04 26:30.8
  934  10274 -2.526033107617768e-01 1.9e+02 1.09e-03  6e-06  2e-04 27:31.2
  968  10648 -2.526033108375272e-01 2.0e+02 1.02e-04  4e-07  2e-05 28:31.7
  989  10879 -2.526033108378825e-01 1.9e+02 3.60e-05  1e-07  5e-06 29:08.8
Budget constraint satisfied 430.844970703125 590.6399459838867 Difference:  159.79497528076172
Budget constraint satisfied 521.1949691772461 590.6399459838867 Difference:  69.44497680664062
two_most_probable_states: ['100010', '100110']
final_expectation_value: -0.2526033108378938
params: [-1.2459917506070701, -3.9334107066042296, 0.9619318098488128, 4.149972535574131, 4.310360404810369, -8.755329183033991, 2.771411759679464, 2.177642210195288, -0.8728210703776096, 0.7700480690476795, 6.062143127138056, -4.452427934220415]
total_steps: 989
states_probs: [0.07420183975200335, 0.12529296216018093]
optimized_portfolios: [{'AAPL': 1, 'HD': 0, 'WMT': 2}, {'AAPL': 1, 'HD': 0, 'WMT': 3}]
objective_values: [-48.760215378976326, -198.9537507602313]
result_with_budget: [{'portfolio': {'AAPL': 1, 'HD': 0, 'WMT': 2}, 'budget': 430.844970703125, 'difference': 159.79497528076172}, {'portfolio': {'AAPL': 1, 'HD': 0, 'WMT': 3}, 'budget': 521.1949691772461, 'difference': 69.44497680664062}]
Processing experiment 163
Budget: 460.78652572631836
Expected returns: -0.008296536309715772
Covariance matrix: 0.4968628164497532
3rd-order coskewness tensor: 0.2483497719686487
4th-order cokurtosis tensor: 12.511766242455563
Number of qubits for asset BA: 2
Number of qubits for asset DOW: 4
Number of qubits for asset MSFT: 1
Total number of qubits:  7
Optimized Weights (considering variance, skewness and kurtosis):
BA: 25.72%
DOW: 25.99%
MSFT: 48.30%
Left over budget:  0.7309646020947866
Optimized Discrete Allocation:
DOW: 1
MSFT: 1
Maximized utility from continuous higher moments:  -15.459940654246518
Budget constraint satisfied 460.0555610656738 460.78652572631836 Difference:  0.7309646606445312
Budget constraint satisfied 432.7980728149414 460.78652572631836 Difference:  27.988452911376953
smallest_eigenvalues: [-0.15435086103180878]
smallest_bitstrings: ['0010001']
first_excited_energy: -0.1533532951050124
optimized_portfolio: [{'BA': 0, 'DOW': 1, 'MSFT': 1}]
second_optimized_portfolio: [{'BA': 2, 'DOW': 2, 'MSFT': 0}]
result_with_budget: [{'portfolio': {'BA': 0, 'DOW': 1, 'MSFT': 1}, 'budget': 460.0555610656738, 'difference': 0.7309646606445312, 'objective_value': -15.459940654246518}]
result_with_budget_excited: [{'portfolio': {'BA': 2, 'DOW': 2, 'MSFT': 0}, 'budget': 432.7980728149414, 'difference': 27.988452911376953, 'objective_value': -228.2794735407877}]
Initial params:  [0.91572934 1.94552866 1.62831717 2.60747411 2.82757648 1.24451142
 2.08511944 2.52249497 1.76065384 2.29962707 1.25272254 0.81160615
 0.10576087 2.8603689 ]
(5_w,11)-aCMA-ES (mu_w=3.4,w_1=42%) in dimension 14 (seed=311214, Mon Mar 17 13:30:42 2025)
Iterat #Fevals   function value  axis ratio  sigma  min&max std  t[m:s]
    1     11 -2.566918712569068e-02 1.0e+00 1.38e+00  1e+00  1e+00 0:03.6
    2     22 -5.236507198193477e-02 1.1e+00 1.34e+00  1e+00  1e+00 0:07.2
    3     33 -2.732441101522021e-02 1.2e+00 1.36e+00  1e+00  1e+00 0:10.9
    4     44 -2.355290250474650e-02 1.3e+00 1.40e+00  1e+00  1e+00 0:14.5
    6     66 -4.724628337561505e-02 1.5e+00 1.58e+00  1e+00  2e+00 0:21.8
    8     88 -5.047823908758165e-02 1.6e+00 1.56e+00  1e+00  2e+00 0:29.1
   10    110 -5.879776572829966e-02 1.7e+00 1.60e+00  1e+00  2e+00 0:36.3
   12    132 -3.655413461044851e-02 1.7e+00 1.54e+00  1e+00  2e+00 0:43.6
   15    165 -3.270903750403263e-02 1.7e+00 1.52e+00  1e+00  2e+00 0:54.5
   18    198 -2.718732168891946e-02 1.8e+00 1.52e+00  1e+00  2e+00 1:05.5
   21    231 -4.940208151715703e-02 1.8e+00 1.44e+00  1e+00  2e+00 1:16.3
   25    275 3.200829191385726e-02 1.8e+00 1.22e+00  1e+00  1e+00 1:30.9
   29    319 -2.148696084774633e-02 1.8e+00 1.19e+00  1e+00  1e+00 1:45.3
   33    363 -9.274382489015220e-02 1.8e+00 1.20e+00  1e+00  1e+00 1:59.9
   37    407 -7.308914596908103e-02 2.0e+00 1.18e+00  1e+00  1e+00 2:14.4
   42    462 -3.437196439469415e-02 2.3e+00 1.45e+00  1e+00  2e+00 2:32.8
   47    517 -2.717102517348479e-02 2.5e+00 1.52e+00  1e+00  2e+00 2:51.3
   52    572 -7.374830402534018e-02 2.5e+00 1.37e+00  1e+00  2e+00 3:09.5
   57    627 -6.463835518851706e-02 2.7e+00 1.44e+00  1e+00  2e+00 3:27.6
   63    693 -3.952417033459168e-02 2.9e+00 1.99e+00  2e+00  3e+00 3:49.6
   69    759 -7.089156552420346e-02 3.0e+00 1.63e+00  1e+00  2e+00 4:11.8
   75    825 -7.782972723220022e-02 3.1e+00 1.53e+00  1e+00  2e+00 4:34.0
   81    891 -1.489480246154462e-02 3.0e+00 1.53e+00  1e+00  2e+00 4:56.0
   88    968 -2.193367096038508e-02 3.2e+00 2.08e+00  2e+00  3e+00 5:21.3
   95   1045 -1.413831298375742e-02 3.3e+00 2.41e+00  2e+00  4e+00 5:46.7
  100   1100 -2.553908150214343e-02 3.4e+00 2.72e+00  2e+00  4e+00 6:04.8
  108   1188 -1.009307030707713e-01 3.7e+00 3.60e+00  3e+00  5e+00 6:33.9
  116   1276 -9.382450924377532e-02 4.3e+00 3.10e+00  3e+00  5e+00 7:02.5
  125   1375 -4.113002041441626e-02 4.6e+00 2.45e+00  2e+00  4e+00 7:33.0
  134   1474 -3.613019557241549e-02 4.6e+00 2.63e+00  2e+00  4e+00 8:03.7
  143   1573 -5.844051721419344e-02 4.7e+00 1.98e+00  1e+00  3e+00 8:34.6
  153   1683 -1.446978470485628e-02 4.9e+00 1.89e+00  1e+00  3e+00 9:09.0
  162   1782 2.735360677473296e-03 5.2e+00 1.12e+00  8e-01  2e+00 9:43.1
  171   1881 -1.650941715130839e-02 5.6e+00 1.13e+00  9e-01  2e+00 10:17.6
  181   1991 1.050801072244729e-02 5.5e+00 9.65e-01  7e-01  2e+00 10:54.3
  191   2101 5.433986070374185e-04 5.4e+00 5.93e-01  4e-01  9e-01 11:30.6
  200   2200 4.120206697213454e-03 5.6e+00 5.65e-01  4e-01  8e-01 12:02.9
  211   2321 -5.586740618678972e-02 5.7e+00 3.16e-01  2e-01  5e-01 12:40.1
  223   2453 -2.706733407239107e-02 5.6e+00 4.03e-01  2e-01  5e-01 13:21.3
  234   2574 -6.812825237927586e-02 5.4e+00 4.78e-01  3e-01  6e-01 14:01.8
  245   2695 -9.652898228045728e-02 5.8e+00 3.82e-01  2e-01  4e-01 14:42.2
  257   2827 -9.287018061879090e-02 6.2e+00 2.36e-01  1e-01  3e-01 15:26.6
  269   2959 -1.131789593226355e-01 6.9e+00 1.47e-01  7e-02  2e-01 16:11.5
  282   3102 -1.215486702804741e-01 7.1e+00 1.10e-01  4e-02  1e-01 16:56.2
  296   3256 -1.251467883394324e-01 9.3e+00 9.36e-02  3e-02  1e-01 17:43.8
  300   3300 -1.259819956623528e-01 1.1e+01 9.51e-02  3e-02  1e-01 17:58.3
  313   3443 -1.260656529170662e-01 1.4e+01 4.65e-02  1e-02  6e-02 18:45.7
  326   3586 -1.260754582053352e-01 1.5e+01 4.20e-02  1e-02  5e-02 19:33.0
  339   3729 -1.263482873721987e-01 1.9e+01 4.35e-02  1e-02  5e-02 20:21.1
  353   3883 -1.264477800372103e-01 2.2e+01 3.86e-02  8e-03  5e-02 21:12.4
  367   4037 -1.268424641666679e-01 2.7e+01 6.80e-02  1e-02  9e-02 22:03.6
  383   4213 -1.276514944299286e-01 3.1e+01 7.90e-02  1e-02  1e-01 22:57.8
  399   4389 -1.280493639984462e-01 3.5e+01 6.55e-02  9e-03  1e-01 23:52.9
  400   4400 -1.279576415588046e-01 3.5e+01 6.40e-02  9e-03  1e-01 23:56.6
  415   4565 -1.281578167695729e-01 3.9e+01 4.90e-02  6e-03  9e-02 24:52.1
  430   4730 -1.284029905682887e-01 4.1e+01 8.72e-02  1e-02  1e-01 25:47.7
  446   4906 -1.288810372837646e-01 4.6e+01 8.95e-02  9e-03  2e-01 26:46.9
  462   5082 -1.292667650819397e-01 5.2e+01 9.85e-02  9e-03  2e-01 27:45.3
  481   5291 -1.295340550041390e-01 5.3e+01 4.45e-02  4e-03  7e-02 28:44.6
  498   5478 -1.297576293652024e-01 5.6e+01 4.81e-02  4e-03  8e-02 29:46.3
  500   5500 -1.297833430108468e-01 5.6e+01 5.11e-02  4e-03  9e-02 29:53.6
  518   5698 -1.300421621455914e-01 7.6e+01 1.07e-01  7e-03  2e-01 30:56.8
  536   5896 -1.306470243810245e-01 9.2e+01 8.67e-02  5e-03  2e-01 31:59.0
  554   6094 -1.310773797773158e-01 9.8e+01 6.17e-02  4e-03  1e-01 33:03.1
  572   6292 -1.313021486259105e-01 1.1e+02 6.49e-02  4e-03  1e-01 34:10.0
  591   6501 -1.313719154865705e-01 1.0e+02 3.09e-02  2e-03  5e-02 35:16.6
  600   6600 -1.313859760127116e-01 1.1e+02 2.85e-02  1e-03  5e-02 35:44.4
  622   6842 -1.314385161484119e-01 1.1e+02 4.16e-02  2e-03  6e-02 36:53.2
  643   7073 -1.314799520544787e-01 1.1e+02 3.92e-02  2e-03  6e-02 38:01.8
  665   7315 -1.314850199400944e-01 1.1e+02 1.29e-02  5e-04  2e-02 39:13.2
  687   7557 -1.314862100693105e-01 1.1e+02 8.58e-03  3e-04  1e-02 40:24.1
  700   7700 -1.314874992747181e-01 1.1e+02 1.41e-02  5e-04  2e-02 41:05.7
  723   7953 -1.314943484992915e-01 1.4e+02 2.64e-02  8e-04  3e-02 42:17.7
  747   8217 -1.315021457679627e-01 1.5e+02 2.79e-02  8e-04  3e-02 43:32.1
  769   8459 -1.315086202254089e-01 1.6e+02 2.22e-02  6e-04  3e-02 44:47.9
  790   8690 -1.315161960263513e-01 1.6e+02 2.84e-02  7e-04  3e-02 46:03.7
  800   8800 -1.315185517321646e-01 1.6e+02 3.19e-02  7e-04  3e-02 46:40.7
  821   9031 -1.315239282677277e-01 1.3e+02 3.30e-02  7e-04  3e-02 47:58.8
  842   9262 -1.315300989008291e-01 1.4e+02 3.47e-02  7e-04  3e-02 49:17.3
  863   9493 -1.315333177858796e-01 1.4e+02 2.09e-02  4e-04  2e-02 50:37.0
  885   9735 -1.315344715156828e-01 1.5e+02 1.42e-02  2e-04  1e-02 51:58.2
  900   9900 -1.315349008138563e-01 1.7e+02 1.33e-02  2e-04  1e-02 52:53.2
  923  10153 -1.315350074030170e-01 2.0e+02 4.84e-03  7e-05  4e-03 54:17.8
  946  10406 -1.315350668149290e-01 2.0e+02 5.30e-03  7e-05  4e-03 55:43.1
  969  10659 -1.315351545412563e-01 2.1e+02 6.25e-03  7e-05  4e-03 57:08.9
  993  10923 -1.315353575392632e-01 4.0e+02 1.02e-02  1e-04  1e-02 58:35.4
 1000  11000 -1.315354357926280e-01 4.7e+02 1.11e-02  1e-04  1e-02 59:00.8
Job finished at Mon Mar 17 14:30:36 EET 2025
