Running job array 16 on pe78.int.triton.aalto.fi
Starting at Fri Mar 14 10:12:05 EET 2025
Activating virtual environment at /scratch/work/uotilav2/quantum-portfolio/venv
Processing batch 17/30: experiments 240 to 254 (total 15)
Processing experiment 240
Budget: 239.80634307861328
YF.download() has changed argument auto_adjust default to True
Expected returns: 0.06418418613368182
Covariance matrix: 0.4014419007228207
3rd-order coskewness tensor: 0.32992623317635167
4th-order cokurtosis tensor: 11.309644345834093
Number of qubits for asset DIS: 2
Number of qubits for asset IBM: 1
Number of qubits for asset MMM: 1
Number of qubits for asset MRK: 2
Number of qubits for asset MSFT: 1
Total number of qubits:  7
Optimized Weights (considering variance, skewness and kurtosis):
DIS: 20.36%
IBM: 4.91%
MMM: 21.52%
MRK: 34.80%
MSFT: 18.41%
Left over budget:  11.869994811987056
Optimized Discrete Allocation:
MMM: 1
MRK: 1
Maximized utility from continuous higher moments:  -6.297132295216793
Budget constraint satisfied 239.80634307861328 239.80634307861328 Difference:  0.0
Budget constraint satisfied 227.93634796142578 239.80634307861328 Difference:  11.8699951171875
smallest_eigenvalues: [-0.044570695070379744]
smallest_bitstrings: ['1001000']
first_excited_energy: -0.044474500028549656
optimized_portfolio: [{'DIS': 1, 'IBM': 0, 'MMM': 1, 'MRK': 0, 'MSFT': 0}]
second_optimized_portfolio: [{'DIS': 0, 'IBM': 0, 'MMM': 1, 'MRK': 1, 'MSFT': 0}]
result_with_budget: [{'portfolio': {'DIS': 1, 'IBM': 0, 'MMM': 1, 'MRK': 0, 'MSFT': 0}, 'budget': 239.80634307861328, 'difference': 0.0, 'objective_value': -11.988191285379756}]
result_with_budget_excited: [{'portfolio': {'DIS': 0, 'IBM': 0, 'MMM': 1, 'MRK': 1, 'MSFT': 0}, 'budget': 227.93634796142578, 'difference': 11.8699951171875, 'objective_value': -6.297132295216793}]
Initial params:  [0.27372477 0.06351797 2.61575239 2.44465153 2.73322377 3.07442019
 2.51063067 1.44978017 2.45210473 0.37157007 2.01037118 0.45035763
 2.96776493 1.63943485]
(5_w,11)-aCMA-ES (mu_w=3.4,w_1=42%) in dimension 14 (seed=1097031, Fri Mar 14 10:12:22 2025)
Iterat #Fevals   function value  axis ratio  sigma  min&max std  t[m:s]
    1     11 1.007737224983548e-01 1.0e+00 1.43e+00  1e+00  1e+00 0:04.4
    2     22 6.362680642374432e-03 1.1e+00 1.36e+00  1e+00  1e+00 0:08.8
    3     33 -1.947998023639886e-03 1.2e+00 1.40e+00  1e+00  1e+00 0:13.3
    4     44 -2.583142908371096e-02 1.2e+00 1.35e+00  1e+00  1e+00 0:17.7
    5     55 -1.185205404270307e-02 1.3e+00 1.44e+00  1e+00  2e+00 0:22.1
    7     77 -6.108880981055199e-03 1.4e+00 1.42e+00  1e+00  2e+00 0:31.0
    9     99 -2.101655701067088e-03 1.5e+00 1.41e+00  1e+00  2e+00 0:39.8
   11    121 -2.595249176160780e-03 1.5e+00 1.42e+00  1e+00  2e+00 0:48.4
   13    143 1.085480874529584e-02 1.6e+00 1.44e+00  1e+00  2e+00 0:57.1
   16    176 -1.255197734579361e-02 1.7e+00 1.34e+00  1e+00  2e+00 1:10.1
   19    209 2.013837484414814e-02 1.8e+00 1.15e+00  1e+00  1e+00 1:23.1
   22    242 2.100720006814588e-02 1.8e+00 9.66e-01  9e-01  1e+00 1:35.9
   25    275 2.209896502407711e-02 1.9e+00 8.40e-01  7e-01  1e+00 1:48.9
   28    308 -2.218286315868517e-03 2.0e+00 8.14e-01  7e-01  1e+00 2:01.9
   32    352 2.672826290976622e-02 2.2e+00 7.68e-01  7e-01  9e-01 2:19.2
   36    396 6.703622502203533e-03 2.3e+00 7.92e-01  7e-01  1e+00 2:36.4
   40    440 1.356935643173621e-02 2.2e+00 8.73e-01  8e-01  1e+00 2:53.8
   44    484 3.836630084585417e-02 2.5e+00 9.54e-01  8e-01  1e+00 3:11.2
   49    539 4.049510273713311e-02 2.6e+00 8.96e-01  7e-01  1e+00 3:32.9
   54    594 1.223100602593526e-01 2.6e+00 1.32e+00  1e+00  2e+00 3:54.6
   59    649 1.438880795297368e-02 2.8e+00 1.14e+00  9e-01  1e+00 4:16.2
   64    704 2.770174214067220e-02 2.9e+00 1.08e+00  8e-01  1e+00 4:37.7
   70    770 6.144753227316052e-03 3.4e+00 1.48e+00  1e+00  2e+00 5:03.7
   76    836 1.043077668449448e-01 3.7e+00 1.52e+00  1e+00  2e+00 5:29.5
   82    902 2.829669687443444e-02 3.9e+00 1.44e+00  1e+00  2e+00 5:55.4
   88    968 -5.634579276418855e-03 3.9e+00 1.72e+00  1e+00  2e+00 6:21.4
   95   1045 -2.249227619586199e-03 3.8e+00 1.76e+00  1e+00  2e+00 6:51.7
  100   1100 4.934969467669899e-02 3.7e+00 1.62e+00  1e+00  2e+00 7:13.3
  107   1177 -1.115272709163640e-02 3.7e+00 1.72e+00  1e+00  2e+00 7:43.5
  114   1254 -5.286993512893383e-03 4.1e+00 1.71e+00  1e+00  2e+00 8:13.8
  121   1331 7.840576587415046e-02 4.3e+00 1.55e+00  1e+00  2e+00 8:44.1
  129   1419 1.212921472001659e-01 4.5e+00 1.42e+00  9e-01  2e+00 9:18.8
  137   1507 -1.747957716527595e-02 5.0e+00 1.45e+00  9e-01  2e+00 9:53.3
  145   1595 -4.957631414059686e-03 5.5e+00 1.29e+00  8e-01  2e+00 10:27.9
  153   1683 -8.667405456035757e-03 5.6e+00 1.30e+00  8e-01  2e+00 11:02.5
  162   1782 1.308438771149388e-02 5.4e+00 1.11e+00  6e-01  1e+00 11:41.3
  171   1881 4.112045960002415e-02 5.4e+00 1.26e+00  7e-01  2e+00 12:20.2
  180   1980 -1.025704080596252e-02 5.7e+00 1.51e+00  8e-01  2e+00 12:59.0
  189   2079 -1.199175532601319e-02 5.5e+00 1.67e+00  9e-01  2e+00 13:37.8
  199   2189 1.979615913345274e-04 6.2e+00 2.09e+00  1e+00  3e+00 14:21.1
  200   2200 8.807712857595634e-02 6.1e+00 1.98e+00  1e+00  3e+00 14:25.3
  210   2310 3.280719336902387e-02 6.2e+00 1.33e+00  8e-01  2e+00 15:08.6
  220   2420 -4.381810810732694e-03 6.7e+00 1.31e+00  8e-01  2e+00 15:51.8
  230   2530 5.536056286570836e-03 6.9e+00 1.79e+00  1e+00  2e+00 16:35.1
  241   2651 2.937365864132740e-02 7.6e+00 1.75e+00  1e+00  3e+00 17:22.5
  252   2772 3.705191728712218e-02 7.9e+00 1.65e+00  1e+00  3e+00 18:10.1
  263   2893 2.759850086270312e-02 7.8e+00 1.17e+00  7e-01  2e+00 18:57.6
  274   3014 5.591341444554902e-02 7.7e+00 7.50e-01  4e-01  1e+00 19:45.1
  286   3146 4.663800867459866e-02 8.1e+00 5.75e-01  3e-01  8e-01 20:37.0
  298   3278 1.067870629574185e-01 8.1e+00 5.42e-01  3e-01  7e-01 21:28.7
  300   3300 4.771018272608090e-02 7.9e+00 5.13e-01  3e-01  7e-01 21:37.3
  312   3432 -3.294729742539614e-03 8.5e+00 6.15e-01  3e-01  8e-01 22:29.2
  325   3575 2.242555851626853e-02 9.6e+00 4.07e-01  2e-01  5e-01 23:25.4
  338   3718 4.584717766297781e-02 9.1e+00 4.17e-01  2e-01  5e-01 24:21.6
  351   3861 -1.379404822896956e-03 8.1e+00 3.03e-01  1e-01  3e-01 25:17.8
  364   4004 -9.682900390206740e-03 7.9e+00 1.60e-01  7e-02  2e-01 26:13.8
  377   4147 -1.893497104587868e-02 9.1e+00 1.50e-01  6e-02  2e-01 27:10.0
  391   4301 -2.312585642804151e-02 1.1e+01 1.20e-01  4e-02  1e-01 28:10.6
  400   4400 -2.461066018819253e-02 1.3e+01 1.05e-01  4e-02  1e-01 28:49.5
  414   4554 -2.960060055019255e-02 1.6e+01 9.08e-02  3e-02  1e-01 29:50.0
  428   4708 -3.095854535073042e-02 1.7e+01 9.32e-02  3e-02  1e-01 30:50.5
  443   4873 -3.134120939903329e-02 1.6e+01 5.21e-02  1e-02  6e-02 31:55.1
  458   5038 -3.148277105463964e-02 1.6e+01 5.98e-02  1e-02  6e-02 32:59.9
  473   5203 -3.166668104005844e-02 1.8e+01 2.89e-02  6e-03  3e-02 34:04.8
  488   5368 -3.171190617017563e-02 2.0e+01 1.84e-02  3e-03  2e-02 35:09.6
  500   5500 -3.175179002560006e-02 2.3e+01 2.32e-02  4e-03  2e-02 36:01.4
  516   5676 -3.187737775483539e-02 2.8e+01 4.29e-02  6e-03  5e-02 37:10.4
  532   5852 -3.197858647774871e-02 3.7e+01 4.29e-02  6e-03  6e-02 38:19.6
  548   6028 -3.200402509970321e-02 4.8e+01 2.59e-02  3e-03  4e-02 39:28.8
  564   6204 -3.203927067852472e-02 5.0e+01 2.88e-02  3e-03  4e-02 40:38.1
  581   6391 -3.212057708632216e-02 7.2e+01 4.87e-02  4e-03  8e-02 41:51.5
  598   6578 -3.229140307018648e-02 8.2e+01 7.85e-02  7e-03  1e-01 43:04.9
  600   6600 -3.233303533181292e-02 8.4e+01 8.45e-02  7e-03  1e-01 43:13.6
  617   6787 -3.255167724885627e-02 1.0e+02 1.21e-01  9e-03  2e-01 44:27.0
  635   6985 -3.274797627130615e-02 9.8e+01 8.87e-02  6e-03  2e-01 45:44.9
  653   7183 -3.289408243250073e-02 1.3e+02 1.20e-01  7e-03  3e-01 47:03.0
  671   7381 -3.313497903883367e-02 1.4e+02 1.15e-01  7e-03  2e-01 48:21.2
  689   7579 -3.327579199570554e-02 1.5e+02 6.56e-02  4e-03  1e-01 49:39.2
  700   7700 -3.333209487884503e-02 1.5e+02 5.67e-02  3e-03  1e-01 50:25.7
  719   7909 -3.335664469883232e-02 1.4e+02 3.11e-02  2e-03  6e-02 51:45.2
  739   8129 -3.336311715443207e-02 1.4e+02 1.57e-02  7e-04  3e-02 53:08.9
  759   8349 -3.337192249355879e-02 1.2e+02 3.17e-02  1e-03  5e-02 54:32.6
  779   8569 -3.339128074791645e-02 1.3e+02 4.00e-02  1e-03  6e-02 55:56.0
  799   8789 -3.339809244491342e-02 1.4e+02 4.42e-02  1e-03  6e-02 57:19.4
  800   8800 -3.340015165614820e-02 1.4e+02 4.17e-02  1e-03  6e-02 57:23.6
  821   9031 -3.341466680894106e-02 1.5e+02 4.39e-02  1e-03  6e-02 58:51.1
  842   9262 -3.341490459126084e-02 1.7e+02 4.08e-02  1e-03  5e-02 60:18.7
  863   9493 -3.341940026429456e-02 1.8e+02 1.98e-02  4e-04  2e-02 61:46.1
  885   9735 -3.342029315210727e-02 1.7e+02 1.61e-02  3e-04  2e-02 63:17.9
  900   9900 -3.342039466731452e-02 2.0e+02 1.21e-02  2e-04  1e-02 64:20.4
  922  10142 -3.342057320277698e-02 1.9e+02 4.71e-03  9e-05  5e-03 65:52.1
  944  10384 -3.342059788772093e-02 2.1e+02 2.46e-03  4e-05  2e-03 67:23.8
  967  10637 -3.342060372760105e-02 1.9e+02 9.32e-04  1e-05  8e-04 68:59.7
  990  10890 -3.342060431648609e-02 2.1e+02 3.24e-04  4e-06  3e-04 70:35.7
 1000  11000 -3.342060432554354e-02 2.0e+02 1.54e-04  2e-06  1e-04 71:17.4
Budget constraint satisfied 218.37515258789062 239.80634307861328 Difference:  21.431190490722656
Budget constraint satisfied 222.6999969482422 239.80634307861328 Difference:  17.106346130371094
two_most_probable_states: ['0010000', '0100000']
final_expectation_value: -0.033420604325663225
params: [-5.609545599293843, 10.832885544465276, -11.242332023515623, -1.9684747559612505, -1.5152392248709512, 7.917020347222128, -7.6304450133680195, 17.90765299696892, 4.704960261754275, 11.457153889962457, -11.152412344550319, 12.355062575724638, 0.4366367563621603, 15.52064928344232]
total_steps: 1000
states_probs: [0.19891822444452595, 0.20520235332747927]
optimized_portfolios: [{'DIS': 0, 'IBM': 1, 'MMM': 0, 'MRK': 0, 'MSFT': 0}, {'DIS': 2, 'IBM': 0, 'MMM': 0, 'MRK': 0, 'MSFT': 0}]
objective_values: [-2.8394090963986462, -27.171215386695415]
result_with_budget: [{'portfolio': {'DIS': 0, 'IBM': 1, 'MMM': 0, 'MRK': 0, 'MSFT': 0}, 'budget': 218.37515258789062, 'difference': 21.431190490722656}, {'portfolio': {'DIS': 2, 'IBM': 0, 'MMM': 0, 'MRK': 0, 'MSFT': 0}, 'budget': 222.6999969482422, 'difference': 17.106346130371094}]
Processing experiment 241
Budget: 648.1576232910156
Expected returns: 0.20876048076057946
Covariance matrix: 0.3191699141298478
3rd-order coskewness tensor: -0.15878785400612638
4th-order cokurtosis tensor: 4.234900989680292
Number of qubits for asset CAT: 1
Number of qubits for asset CRM: 1
Number of qubits for asset CVX: 3
Number of qubits for asset JNJ: 3
Number of qubits for asset MRK: 3
Total number of qubits:  11
Optimized Weights (considering variance, skewness and kurtosis):
CAT: 27.78%
CRM: 29.92%
CVX: 1.99%
JNJ: 17.01%
MRK: 23.31%
Left over budget:  70.87607554606632
Optimized Discrete Allocation:
CRM: 1
JNJ: 1
MRK: 1
Maximized utility from continuous higher moments:  -9.768285915022322
Budget constraint satisfied 648.1576232910156 648.1576232910156 Difference:  0.0
Budget constraint not satisfied 648.3780822753906 648.1576232910156 Difference:  -0.220458984375
smallest_eigenvalues: [-0.057274076560639674]
smallest_bitstrings: ['10100100000']
first_excited_energy: -0.05727343361843929
optimized_portfolio: [{'CAT': 1, 'CRM': 0, 'CVX': 1, 'JNJ': 1, 'MRK': 0}]
second_optimized_portfolio: [{'CAT': 1, 'CRM': 0, 'CVX': 0, 'JNJ': 2, 'MRK': 0}]
result_with_budget: [{'portfolio': {'CAT': 1, 'CRM': 0, 'CVX': 1, 'JNJ': 1, 'MRK': 0}, 'budget': 648.1576232910156, 'difference': 0.0, 'objective_value': -31.029069528711194}]
result_with_budget_excited: [{'portfolio': {'CAT': 1, 'CRM': 0, 'CVX': 0, 'JNJ': 2, 'MRK': 0}, 'budget': 648.3780822753906, 'difference': -0.220458984375, 'objective_value': -34.01041002715908}]
Initial params:  [0.68603617 2.39679716 1.54880063 0.58900901 0.99888757 2.9754985
 2.34975556 2.50738657 0.0735724  0.17550434 1.82319078 2.81323137
 0.86397451 0.46552638 1.68975674 1.22478992 2.19150806 1.74181955
 2.35090481 0.78044012]
(6_w,12)-aCMA-ES (mu_w=3.7,w_1=40%) in dimension 20 (seed=1015027, Fri Mar 14 11:24:34 2025)
Iterat #Fevals   function value  axis ratio  sigma  min&max std  t[m:s]
    1     12 -2.645217352994494e-02 1.0e+00 1.36e+00  1e+00  1e+00 0:39.8
    2     24 -3.835308273428313e-02 1.1e+00 1.30e+00  1e+00  1e+00 1:19.7
    3     36 -2.232157025335058e-02 1.1e+00 1.24e+00  1e+00  1e+00 1:59.9
    4     48 -3.456888925447960e-02 1.1e+00 1.24e+00  1e+00  1e+00 2:40.0
    5     60 -1.890649883037648e-02 1.2e+00 1.28e+00  1e+00  1e+00 3:20.2
    6     72 1.828975500470308e-02 1.2e+00 1.29e+00  1e+00  1e+00 4:00.1
    7     84 -3.499770875922177e-02 1.3e+00 1.32e+00  1e+00  1e+00 4:40.1
    8     96 -3.073842602674254e-02 1.4e+00 1.33e+00  1e+00  1e+00 5:20.1
    9    108 -2.410692724005591e-02 1.4e+00 1.35e+00  1e+00  1e+00 6:00.9
   10    120 -3.599420489918771e-02 1.4e+00 1.39e+00  1e+00  2e+00 6:42.5
   11    132 -3.756309914691365e-02 1.4e+00 1.38e+00  1e+00  2e+00 7:23.5
   12    144 -2.347229119009057e-02 1.4e+00 1.40e+00  1e+00  2e+00 8:04.3
   13    156 2.249890584707125e-02 1.4e+00 1.43e+00  1e+00  2e+00 8:45.3
   14    168 -3.426835317312215e-02 1.4e+00 1.50e+00  1e+00  2e+00 9:26.1
   15    180 -3.036693492723232e-02 1.4e+00 1.47e+00  1e+00  2e+00 10:07.0
   16    192 -3.358598317177425e-02 1.4e+00 1.49e+00  1e+00  2e+00 10:47.9
   17    204 -2.625864961438176e-02 1.4e+00 1.47e+00  1e+00  2e+00 11:28.6
   18    216 -3.804818831110436e-02 1.4e+00 1.42e+00  1e+00  2e+00 12:09.5
   19    228 -3.160282314327836e-02 1.4e+00 1.39e+00  1e+00  1e+00 12:50.4
   20    240 -2.633138809246040e-02 1.5e+00 1.38e+00  1e+00  1e+00 13:31.4
   21    252 -1.348641045264526e-02 1.5e+00 1.37e+00  1e+00  1e+00 14:12.2
   22    264 -3.745224065521205e-02 1.5e+00 1.30e+00  1e+00  1e+00 14:53.2
   23    276 -3.382639949419763e-02 1.6e+00 1.28e+00  1e+00  1e+00 15:34.0
   24    288 -2.790693257747527e-02 1.6e+00 1.26e+00  1e+00  1e+00 16:15.1
   25    300 -3.323642806770889e-02 1.6e+00 1.26e+00  1e+00  1e+00 16:55.7
   26    312 -2.129833348366570e-02 1.6e+00 1.27e+00  1e+00  1e+00 17:36.4
   27    324 -2.452914938024036e-02 1.6e+00 1.28e+00  1e+00  1e+00 18:17.2
   28    336 -1.699452778808663e-02 1.6e+00 1.29e+00  1e+00  1e+00 18:58.0
   29    348 3.382822907694327e-03 1.6e+00 1.30e+00  1e+00  1e+00 19:38.9
   30    360 -3.298616545261154e-02 1.6e+00 1.30e+00  1e+00  1e+00 20:19.7
   31    372 -1.561821961351298e-02 1.7e+00 1.25e+00  1e+00  1e+00 21:00.5
   32    384 -3.919092354977478e-02 1.7e+00 1.23e+00  1e+00  1e+00 21:41.4
   33    396 -2.613655116127069e-02 1.7e+00 1.17e+00  1e+00  1e+00 22:22.2
   34    408 -6.581046096727855e-03 1.7e+00 1.12e+00  1e+00  1e+00 23:02.9
   35    420 -2.408615437188580e-02 1.7e+00 1.08e+00  1e+00  1e+00 23:43.7
   36    432 -3.609519783236971e-02 1.7e+00 1.08e+00  1e+00  1e+00 24:24.6
   37    444 -2.242294399480785e-02 1.7e+00 1.07e+00  1e+00  1e+00 25:05.4
   38    456 -2.439416876843171e-02 1.7e+00 1.05e+00  1e+00  1e+00 25:46.1
   39    468 -3.422454886404485e-02 1.8e+00 1.01e+00  9e-01  1e+00 26:27.0
   40    480 -2.616908991270628e-02 1.8e+00 9.99e-01  9e-01  1e+00 27:07.7
   41    492 -2.236102986169392e-02 1.8e+00 9.79e-01  9e-01  1e+00 27:48.6
   43    516 -2.269313864144397e-02 1.8e+00 9.66e-01  9e-01  1e+00 29:10.3
   45    540 -2.713974278763795e-02 1.8e+00 9.96e-01  9e-01  1e+00 30:32.5
   47    564 -2.879305246170783e-02 1.8e+00 1.10e+00  1e+00  1e+00 31:54.5
   49    588 -3.775345789166652e-02 1.9e+00 1.16e+00  1e+00  1e+00 33:16.2
   51    612 -2.524341961267889e-02 1.9e+00 1.15e+00  1e+00  1e+00 34:37.6
   53    636 -1.864224793380390e-02 1.9e+00 1.14e+00  1e+00  1e+00 35:59.2
   55    660 -2.970107385038457e-02 2.0e+00 1.06e+00  1e+00  1e+00 37:20.7
   57    684 6.162846148594993e-03 2.0e+00 1.05e+00  1e+00  1e+00 38:42.5
   59    708 1.385158346207985e-02 2.0e+00 1.08e+00  1e+00  1e+00 40:03.6
   61    732 -2.966831487614000e-02 2.1e+00 1.02e+00  9e-01  1e+00 41:25.3
   63    756 -3.707063838312939e-02 2.1e+00 9.95e-01  9e-01  1e+00 42:47.0
   65    780 -2.017895218311278e-02 2.1e+00 9.24e-01  8e-01  1e+00 44:08.6
   67    804 -2.853294391673584e-02 2.0e+00 8.38e-01  7e-01  9e-01 45:30.1
   69    828 -3.097671981074234e-02 2.0e+00 7.96e-01  7e-01  9e-01 46:51.9
   71    852 -3.360803646262379e-02 2.1e+00 7.72e-01  7e-01  8e-01 48:13.5
   73    876 -1.047219123744480e-02 2.1e+00 7.09e-01  6e-01  8e-01 49:35.1
   75    900 -3.449175757487147e-02 2.1e+00 6.57e-01  6e-01  7e-01 50:56.4
   77    924 -2.632412532048466e-02 2.0e+00 6.34e-01  5e-01  7e-01 52:18.2
   79    948 -3.230664051971721e-02 2.1e+00 6.27e-01  5e-01  7e-01 53:40.0
   81    972 -2.681495816553716e-02 2.1e+00 6.02e-01  5e-01  6e-01 55:01.2
   83    996 -2.718695362262665e-02 2.0e+00 5.60e-01  5e-01  6e-01 56:22.8
   85   1020 -2.252063224589356e-02 2.1e+00 5.34e-01  4e-01  6e-01 57:44.5
   87   1044 -3.470308094514007e-02 2.2e+00 5.71e-01  5e-01  6e-01 59:06.4
   89   1068 -2.993220020804077e-02 2.2e+00 5.45e-01  4e-01  6e-01 60:28.5
   91   1092 -4.606130852214894e-02 2.2e+00 5.06e-01  4e-01  5e-01 61:50.0
   93   1116 -2.370821009019130e-02 2.2e+00 4.72e-01  4e-01  5e-01 63:11.0
   95   1140 -2.166257393720097e-02 2.3e+00 4.74e-01  4e-01  5e-01 64:32.5
   97   1164 -2.583309974540360e-02 2.3e+00 4.96e-01  4e-01  5e-01 65:54.5
   99   1188 -2.531313306761562e-02 2.4e+00 5.12e-01  4e-01  5e-01 67:16.4
  100   1200 -2.045043360548990e-02 2.4e+00 5.05e-01  4e-01  5e-01 67:57.5
  102   1224 -3.153464835495562e-02 2.4e+00 4.75e-01  4e-01  5e-01 69:19.1
  104   1248 -1.830776294801523e-02 2.4e+00 4.67e-01  4e-01  5e-01 70:40.5
  106   1272 -3.435929412555404e-02 2.4e+00 4.79e-01  4e-01  5e-01 72:01.8
  108   1296 -3.321776706186596e-02 2.4e+00 4.86e-01  4e-01  5e-01 73:23.3
  110   1320 -2.965621832262092e-02 2.4e+00 4.55e-01  4e-01  5e-01 74:43.7
  112   1344 -3.250830724940999e-02 2.4e+00 4.36e-01  3e-01  5e-01 76:02.7
  114   1368 -3.346527005068186e-02 2.5e+00 4.23e-01  3e-01  4e-01 77:21.6
  116   1392 -3.353998354660397e-02 2.5e+00 4.29e-01  3e-01  5e-01 78:41.5
  118   1416 -1.457712640106193e-02 2.6e+00 4.18e-01  3e-01  4e-01 80:03.1
  120   1440 -3.428235249342047e-02 2.7e+00 4.32e-01  3e-01  5e-01 81:24.0
  123   1476 -3.113286975842397e-02 2.7e+00 4.50e-01  3e-01  5e-01 83:24.5
  126   1512 -2.723381219933848e-02 2.9e+00 4.97e-01  4e-01  6e-01 85:24.4
  129   1548 -3.616640740211267e-02 3.0e+00 5.24e-01  4e-01  6e-01 87:24.2
  132   1584 -3.461724904418418e-02 3.1e+00 5.46e-01  4e-01  6e-01 89:23.5
  135   1620 -3.238464217176412e-02 3.2e+00 5.08e-01  4e-01  6e-01 91:22.5
  138   1656 -3.089046462321482e-02 3.3e+00 4.67e-01  3e-01  5e-01 93:21.5
  141   1692 -3.683982132046422e-02 3.3e+00 4.57e-01  3e-01  5e-01 95:20.0
  144   1728 -2.749869791480379e-02 3.4e+00 5.00e-01  3e-01  6e-01 97:18.5
  147   1764 -3.552983198611541e-02 3.5e+00 5.42e-01  4e-01  6e-01 99:17.1
  150   1800 -3.784303700907395e-02 3.6e+00 5.02e-01  3e-01  6e-01 101:15.4
  153   1836 -3.659358711583813e-02 3.7e+00 4.59e-01  3e-01  5e-01 103:13.6
  156   1872 -3.786912747795547e-02 3.7e+00 3.96e-01  3e-01  5e-01 105:11.8
  159   1908 -3.905556714336935e-02 3.7e+00 3.66e-01  2e-01  4e-01 107:10.3
  162   1944 -3.890509147125901e-02 3.8e+00 3.52e-01  2e-01  4e-01 109:08.8
  165   1980 -3.952655520530505e-02 3.9e+00 3.90e-01  2e-01  5e-01 111:07.2
  168   2016 -3.640035798431665e-02 4.1e+00 3.88e-01  2e-01  5e-01 113:05.8
  171   2052 -4.033377868707570e-02 4.2e+00 4.21e-01  3e-01  5e-01 115:04.1
  174   2088 -3.546477067301212e-02 4.5e+00 4.29e-01  3e-01  5e-01 117:02.2
  177   2124 -3.808707887846060e-02 4.7e+00 3.86e-01  2e-01  5e-01 119:00.4
  180   2160 -4.070282103907084e-02 4.8e+00 3.58e-01  2e-01  4e-01 120:58.9
  183   2196 -3.819394690082516e-02 4.9e+00 3.50e-01  2e-01  4e-01 122:57.8
  186   2232 -3.807045053727820e-02 5.1e+00 3.33e-01  2e-01  4e-01 124:57.0
  189   2268 -3.891660865406756e-02 5.2e+00 3.13e-01  2e-01  4e-01 126:56.2
  192   2304 -3.018565311466195e-02 5.3e+00 3.04e-01  2e-01  4e-01 128:55.3
  195   2340 -4.144164371224746e-02 5.3e+00 3.07e-01  2e-01  4e-01 130:54.6
  198   2376 -3.782702370515626e-02 5.5e+00 3.07e-01  2e-01  4e-01 132:54.0
  200   2400 -3.815355161182228e-02 5.5e+00 2.89e-01  2e-01  3e-01 134:13.5
  203   2436 -4.048142135726575e-02 5.8e+00 3.08e-01  2e-01  4e-01 136:12.9
  206   2472 -4.469092432182372e-02 6.1e+00 2.93e-01  2e-01  3e-01 138:12.4
  209   2508 -4.025463651549092e-02 6.2e+00 2.69e-01  1e-01  3e-01 140:11.5
  212   2544 -4.020019364192150e-02 6.3e+00 2.39e-01  1e-01  3e-01 142:10.2
  215   2580 -4.286672995080933e-02 6.3e+00 2.27e-01  1e-01  3e-01 144:08.7
  218   2616 -4.450098483422509e-02 6.5e+00 2.26e-01  1e-01  3e-01 146:07.6
  221   2652 -4.378383480705496e-02 6.7e+00 2.04e-01  1e-01  2e-01 148:07.0
  224   2688 -4.329489764877877e-02 6.9e+00 2.22e-01  1e-01  3e-01 150:06.5
  227   2724 -4.463168312175322e-02 7.0e+00 2.06e-01  1e-01  2e-01 152:05.8
