Running job array 8 on milan6.int.triton.aalto.fi
Starting at Wed Mar 12 12:45:20 EET 2025
Activating virtual environment at /scratch/work/uotilav2/quantum-portfolio/venv
Processing batch 9/20: experiments 181 to 202 (total 22)
Processing experiment 181
Budget: 377.22999572753906
YF.download() has changed argument auto_adjust default to True
Number of qubits for asset HON: 1
Number of qubits for asset NKE: 3
Number of qubits for asset UNH: 1
Number of qubits for asset VZ: 4
Total number of qubits:  9
Optimized Weights (considering variance, skewness and kurtosis):
HON: 1.45%
NKE: 0.00%
UNH: 98.42%
VZ: 0.13%
Left over budget:  37.959842014672915
Optimized Discrete Allocation:
HON: 1
NKE: 1
VZ: 1
Maximized utility from continuous higher moments:  2.888326917511022
Budget constraint not satisfied 378.5638732910156 377.22999572753906 Difference:  -1.3338775634765625
Budget constraint satisfied 375.26536560058594 377.22999572753906 Difference:  1.964630126953125
smallest_eigenvalues: [-0.07073762957531578]
smallest_bitstrings: ['110000100']
first_excited_energy: -0.07073639434440733
optimized_portfolio: [{'HON': 1, 'NKE': 1, 'UNH': 0, 'VZ': 2}]
second_optimized_portfolio: [{'HON': 1, 'NKE': 2, 'UNH': 0, 'VZ': 0}]
result_with_budget: [{'portfolio': {'HON': 1, 'NKE': 1, 'UNH': 0, 'VZ': 2}, 'budget': 378.5638732910156, 'difference': -1.3338775634765625, 'objective_value': 3.8199405075759927}]
result_with_budget_excited: [{'portfolio': {'HON': 1, 'NKE': 2, 'UNH': 0, 'VZ': 0}, 'budget': 375.26536560058594, 'difference': 1.964630126953125, 'objective_value': 1.2050678396966794}]
Initial params:  [1.48788356 2.51613533 1.63512823 2.13276294 2.26393425 1.8284691
 1.68820779 2.38326127 0.33271856 1.4878596  0.58538032 2.31509673
 0.680313   0.42480042 1.01831901 0.47021746 0.69844324 1.21419094]
(6_w,12)-aCMA-ES (mu_w=3.7,w_1=40%) in dimension 18 (seed=909237, Wed Mar 12 12:45:37 2025)
Iterat #Fevals   function value  axis ratio  sigma  min&max std  t[m:s]
    1     12 2.724854567975532e-01 1.0e+00 9.29e-02  9e-02  9e-02 0:12.8
    2     24 2.469973662134106e-01 1.1e+00 8.90e-02  9e-02  9e-02 0:25.7
    3     36 1.977470139942933e-01 1.2e+00 9.08e-02  9e-02  1e-01 0:38.1
    4     48 5.695853705102630e-02 1.2e+00 9.36e-02  9e-02  1e-01 0:50.7
    5     60 1.291996401189690e-02 1.3e+00 1.00e-01  1e-01  1e-01 1:03.1
    6     72 -2.090465915172487e-02 1.4e+00 1.11e-01  1e-01  1e-01 1:15.4
    7     84 -3.563603581835382e-02 1.4e+00 1.22e-01  1e-01  1e-01 1:27.8
    8     96 -4.075116094142671e-02 1.5e+00 1.35e-01  1e-01  2e-01 1:40.2
    9    108 -4.095340860380387e-02 1.5e+00 1.44e-01  1e-01  2e-01 1:52.4
   10    120 -4.088911783560246e-02 1.5e+00 1.47e-01  1e-01  2e-01 2:04.8
   11    132 -4.106856290691797e-02 1.5e+00 1.55e-01  1e-01  2e-01 2:17.1
   12    144 -4.469069959736430e-02 1.5e+00 1.58e-01  2e-01  2e-01 2:29.5
   13    156 -3.908945867943077e-02 1.5e+00 1.57e-01  1e-01  2e-01 2:41.8
   15    180 -3.746119273013378e-02 1.5e+00 1.45e-01  1e-01  2e-01 3:06.6
   17    204 -4.189699150010766e-02 1.6e+00 1.33e-01  1e-01  1e-01 3:31.2
   19    228 -4.069602204079923e-02 1.6e+00 1.19e-01  1e-01  1e-01 3:56.1
   21    252 -4.157576063867122e-02 1.7e+00 1.06e-01  1e-01  1e-01 4:20.9
   23    276 -4.598731988196697e-02 1.7e+00 1.05e-01  9e-02  1e-01 4:45.7
   25    300 -4.193103203773690e-02 1.7e+00 1.09e-01  1e-01  1e-01 5:10.5
   27    324 -4.307716039186573e-02 1.8e+00 1.08e-01  1e-01  1e-01 5:35.4
   29    348 -4.426205656624019e-02 1.8e+00 9.85e-02  9e-02  1e-01 5:60.0
   31    372 -4.600593457514193e-02 1.8e+00 9.04e-02  8e-02  9e-02 6:24.7
   33    396 -4.697090694254001e-02 1.9e+00 8.31e-02  7e-02  9e-02 6:49.4
   35    420 -4.854358058537055e-02 1.9e+00 9.01e-02  8e-02  9e-02 7:14.1
   37    444 -4.674312426902159e-02 1.9e+00 9.19e-02  8e-02  1e-01 7:38.9
   40    480 -4.686128760022837e-02 2.0e+00 1.02e-01  9e-02  1e-01 8:15.9
   43    516 -4.682757806718358e-02 2.2e+00 1.20e-01  1e-01  1e-01 8:52.7
   46    552 -4.658016201967712e-02 2.6e+00 1.21e-01  1e-01  1e-01 9:29.8
   49    588 -4.865996237979305e-02 2.7e+00 1.03e-01  9e-02  1e-01 10:07.1
   52    624 -4.791191598926561e-02 2.8e+00 9.63e-02  8e-02  1e-01 10:44.3
   55    660 -4.834508946757371e-02 2.9e+00 8.73e-02  8e-02  9e-02 11:21.7
   58    696 -4.750330570982430e-02 3.0e+00 8.57e-02  7e-02  9e-02 11:58.9
   61    732 -4.831418853905000e-02 3.2e+00 8.38e-02  7e-02  9e-02 12:36.0
   64    768 -4.894521137847976e-02 3.3e+00 7.78e-02  7e-02  9e-02 13:13.0
   67    804 -4.892832723402265e-02 3.4e+00 6.88e-02  6e-02  8e-02 13:50.2
   70    840 -4.974766081074464e-02 3.4e+00 6.82e-02  6e-02  8e-02 14:27.6
   73    876 -5.012480000916349e-02 3.6e+00 7.46e-02  6e-02  8e-02 15:04.9
   76    912 -4.978322803816341e-02 3.8e+00 7.36e-02  6e-02  8e-02 15:42.1
   80    960 -5.011292434137563e-02 4.1e+00 6.60e-02  5e-02  8e-02 16:32.0
   84   1008 -5.017478585026135e-02 4.3e+00 6.28e-02  5e-02  7e-02 17:21.5
   88   1056 -5.020013679390265e-02 4.9e+00 5.88e-02  5e-02  7e-02 18:11.3
   92   1104 -5.021344616458186e-02 5.1e+00 5.26e-02  4e-02  6e-02 19:01.1
   96   1152 -5.029512327026504e-02 5.2e+00 4.08e-02  3e-02  5e-02 19:50.4
  100   1200 -5.080001861248615e-02 5.7e+00 3.67e-02  3e-02  4e-02 20:40.1
  104   1248 -5.102640114279732e-02 5.8e+00 3.59e-02  3e-02  4e-02 21:30.0
  108   1296 -5.126702343243027e-02 6.1e+00 4.07e-02  3e-02  5e-02 22:19.5
  112   1344 -5.155299490402304e-02 6.2e+00 5.23e-02  4e-02  6e-02 23:09.0
  116   1392 -5.123651323160012e-02 6.9e+00 5.35e-02  4e-02  6e-02 23:58.4
  120   1440 -5.178274534824796e-02 7.3e+00 5.37e-02  4e-02  6e-02 24:47.9
  124   1488 -5.186931407957533e-02 7.3e+00 5.96e-02  4e-02  7e-02 25:37.8
  129   1548 -5.231666531989929e-02 7.7e+00 5.22e-02  4e-02  6e-02 26:39.5
  134   1608 -5.246081443247928e-02 8.3e+00 5.42e-02  4e-02  6e-02 27:41.3
  139   1668 -5.256212442388040e-02 8.9e+00 5.14e-02  4e-02  6e-02 28:43.3
  144   1728 -5.262979488200489e-02 9.4e+00 4.45e-02  3e-02  5e-02 29:45.4
  149   1788 -5.281327022908394e-02 9.9e+00 4.82e-02  3e-02  6e-02 30:47.7
  154   1848 -5.303055636331863e-02 1.0e+01 4.78e-02  3e-02  6e-02 31:49.1
  159   1908 -5.313098049416410e-02 1.1e+01 4.16e-02  3e-02  5e-02 32:51.1
  164   1968 -5.333733866170465e-02 1.1e+01 3.96e-02  2e-02  5e-02 33:53.2
  169   2028 -5.353155107113688e-02 1.3e+01 5.24e-02  3e-02  8e-02 34:55.1
  174   2088 -5.383990462666636e-02 1.5e+01 5.36e-02  3e-02  8e-02 35:56.8
  179   2148 -5.431272087593795e-02 1.6e+01 5.55e-02  3e-02  9e-02 36:58.4
  184   2208 -5.452539632980140e-02 1.9e+01 6.17e-02  3e-02  1e-01 38:00.7
  189   2268 -5.494196747050997e-02 2.1e+01 6.60e-02  3e-02  1e-01 39:02.9
  195   2340 -5.487579981631456e-02 2.3e+01 7.72e-02  4e-02  1e-01 40:16.4
  200   2400 -5.557013882382421e-02 2.5e+01 7.34e-02  4e-02  1e-01 41:18.2
  206   2472 -5.597878687328980e-02 2.9e+01 8.06e-02  4e-02  2e-01 42:32.9
  212   2544 -5.640275365526658e-02 3.0e+01 7.12e-02  3e-02  1e-01 43:46.8
  218   2616 -5.683188398566727e-02 3.1e+01 6.78e-02  3e-02  1e-01 45:01.3
  224   2688 -5.708302051225425e-02 3.1e+01 5.83e-02  3e-02  1e-01 46:21.3
  230   2760 -5.719956077066734e-02 3.3e+01 4.91e-02  2e-02  1e-01 47:41.1
  236   2832 -5.742585468074016e-02 3.4e+01 4.60e-02  2e-02  1e-01 49:01.3
  242   2904 -5.739024549347323e-02 3.6e+01 5.74e-02  3e-02  1e-01 50:21.4
  248   2976 -5.775811920915155e-02 3.5e+01 5.64e-02  3e-02  1e-01 51:41.9
  254   3048 -5.776731909161575e-02 3.6e+01 4.98e-02  3e-02  1e-01 53:03.1
  260   3120 -5.810341380231979e-02 3.6e+01 4.75e-02  3e-02  1e-01 54:24.0
  266   3192 -5.831623116890108e-02 3.6e+01 5.25e-02  3e-02  1e-01 55:44.9
  272   3264 -5.862227844325445e-02 3.7e+01 5.37e-02  3e-02  1e-01 57:05.7
  278   3336 -5.872630208595481e-02 3.8e+01 5.98e-02  3e-02  1e-01 58:26.5
  285   3420 -5.892447344193787e-02 3.9e+01 7.27e-02  4e-02  2e-01 59:56.6
  292   3504 -5.870800319191708e-02 4.0e+01 6.45e-02  3e-02  1e-01 61:23.1
  299   3588 -5.910424198158078e-02 3.9e+01 4.84e-02  2e-02  1e-01 62:50.3
  300   3600 -5.917646907581595e-02 4.0e+01 5.03e-02  2e-02  1e-01 63:02.4
  307   3684 -5.930460318368812e-02 4.0e+01 4.65e-02  2e-02  1e-01 64:29.4
  314   3768 -5.949455913996179e-02 4.2e+01 4.40e-02  2e-02  9e-02 65:55.9
  321   3852 -5.965807956106082e-02 4.4e+01 4.73e-02  2e-02  1e-01 67:22.4
  328   3936 -5.988103330956594e-02 4.7e+01 4.88e-02  2e-02  1e-01 68:49.4
  335   4020 -6.005726700092563e-02 4.8e+01 4.23e-02  2e-02  1e-01 70:15.8
  343   4116 -6.017319743393601e-02 5.1e+01 4.51e-02  2e-02  1e-01 71:55.3
  351   4212 -6.047390288714632e-02 5.7e+01 5.11e-02  2e-02  1e-01 73:34.4
  359   4308 -6.064357917337484e-02 6.2e+01 9.17e-02  3e-02  3e-01 75:12.6
  367   4404 -6.100987017563330e-02 6.9e+01 1.07e-01  4e-02  3e-01 76:51.5
  375   4500 -6.114448644393137e-02 7.2e+01 7.96e-02  3e-02  2e-01 78:31.0
  383   4596 -6.122066411094489e-02 7.2e+01 5.59e-02  2e-02  2e-01 80:10.6
  391   4692 -6.139331959201087e-02 7.4e+01 5.07e-02  2e-02  1e-01 81:50.2
  399   4788 -6.153132270886809e-02 7.8e+01 4.23e-02  1e-02  1e-01 83:29.3
  400   4800 -6.153672045383669e-02 7.9e+01 4.20e-02  1e-02  1e-01 83:41.5
  408   4896 -6.174689874881151e-02 8.6e+01 4.18e-02  1e-02  1e-01 85:20.1
  416   4992 -6.198568438394848e-02 9.3e+01 6.38e-02  2e-02  2e-01 86:58.4
  424   5088 -6.235082278096584e-02 1.0e+02 7.42e-02  2e-02  3e-01 88:37.6
  432   5184 -6.251309723181672e-02 1.1e+02 7.90e-02  2e-02  3e-01 90:16.9
  441   5292 -6.297726895336885e-02 1.2e+02 7.69e-02  2e-02  3e-01 92:08.1
  450   5400 -6.287954084427069e-02 1.4e+02 8.13e-02  2e-02  3e-01 93:59.4
  459   5508 -6.309042442779950e-02 1.4e+02 7.17e-02  2e-02  3e-01 95:50.6
  468   5616 -6.334736384519687e-02 1.5e+02 5.73e-02  1e-02  2e-01 97:42.1
  477   5724 -6.334833033057015e-02 1.4e+02 4.96e-02  9e-03  2e-01 99:33.9
  485   5820 -6.347713877466914e-02 1.4e+02 3.86e-02  7e-03  1e-01 101:20.1
  493   5916 -6.354373377298990e-02 1.5e+02 4.47e-02  7e-03  2e-01 103:09.4
  500   6000 -6.361862674468603e-02 1.7e+02 5.46e-02  9e-03  2e-01 104:44.7
  508   6096 -6.365826142183212e-02 1.7e+02 4.56e-02  7e-03  2e-01 106:33.9
  516   6192 -6.374895005520320e-02 1.8e+02 4.03e-02  6e-03  2e-01 108:23.3
  525   6300 -6.387757139004895e-02 2.0e+02 4.14e-02  6e-03  2e-01 110:25.7
  534   6408 -6.393414289692664e-02 2.1e+02 4.53e-02  6e-03  2e-01 112:28.8
  543   6516 -6.404568764984511e-02 2.4e+02 4.83e-02  6e-03  3e-01 114:31.1
  552   6624 -6.410615543750472e-02 2.3e+02 4.72e-02  6e-03  2e-01 116:33.0
  561   6732 -6.416977409534086e-02 2.4e+02 4.12e-02  5e-03  2e-01 118:34.9
  570   6840 -6.424389631173516e-02 2.4e+02 3.51e-02  4e-03  2e-01 120:36.8
  579   6948 -6.428164750010616e-02 2.4e+02 3.89e-02  4e-03  2e-01 122:38.5
  588   7056 -6.432622333452233e-02 2.3e+02 4.17e-02  5e-03  2e-01 124:40.2
  597   7164 -6.436656463543772e-02 2.3e+02 3.32e-02  4e-03  2e-01 126:42.1
  600   7200 -6.437857728679754e-02 2.4e+02 3.41e-02  4e-03  2e-01 127:22.8
  609   7308 -6.442955795014282e-02 2.6e+02 4.17e-02  4e-03  2e-01 129:24.7
  618   7416 -6.446106337693168e-02 2.6e+02 4.20e-02  4e-03  2e-01 131:26.8
  628   7536 -6.446845157637746e-02 2.7e+02 3.82e-02  3e-03  2e-01 133:42.0
  638   7656 -6.448596181455525e-02 2.6e+02 3.07e-02  3e-03  1e-01 135:57.2
  648   7776 -6.453213943139628e-02 2.6e+02 2.78e-02  2e-03  1e-01 138:12.2
  658   7896 -6.456080165300591e-02 2.6e+02 3.03e-02  2e-03  1e-01 140:27.8
  668   8016 -6.458719738726267e-02 2.6e+02 3.32e-02  3e-03  1e-01 142:40.4
  678   8136 -6.462492934614726e-02 2.7e+02 4.36e-02  3e-03  2e-01 144:55.8
  688   8256 -6.464900626798707e-02 3.1e+02 6.18e-02  4e-03  3e-01 147:12.1
  698   8376 -6.471810458937158e-02 3.4e+02 6.83e-02  5e-03  3e-01 149:29.0
  700   8400 -6.473152739881063e-02 3.5e+02 7.18e-02  5e-03  3e-01 149:56.2
  710   8520 -6.486492726435035e-02 3.8e+02 1.09e-01  7e-03  6e-01 152:12.2
  720   8640 -6.493804854064487e-02 3.8e+02 9.71e-02  6e-03  5e-01 154:28.0
  730   8760 -6.499856126918539e-02 3.7e+02 7.46e-02  4e-03  4e-01 156:44.4
  740   8880 -6.503807457085047e-02 3.6e+02 7.03e-02  4e-03  3e-01 159:00.7
  750   9000 -6.506461614808520e-02 3.7e+02 5.12e-02  3e-03  2e-01 161:17.1
  761   9132 -6.508044962897670e-02 3.6e+02 4.40e-02  2e-03  2e-01 163:46.7
  772   9264 -6.509673743954052e-02 3.7e+02 4.33e-02  2e-03  2e-01 166:15.6
  783   9396 -6.511616176653855e-02 3.8e+02 4.48e-02  2e-03  2e-01 168:44.7
  794   9528 -6.513393646489325e-02 4.1e+02 3.61e-02  1e-03  2e-01 171:13.8
  800   9600 -6.515207638121059e-02 4.1e+02 4.19e-02  2e-03  2e-01 172:35.4
  811   9732 -6.516678264876694e-02 4.3e+02 6.20e-02  2e-03  3e-01 175:05.4
  822   9864 -6.521393296676832e-02 4.3e+02 8.30e-02  3e-03  4e-01 177:34.9
  833   9996 -6.527194101085751e-02 4.2e+02 1.03e-01  3e-03  5e-01 180:04.0
  844  10128 -6.530553578792456e-02 4.4e+02 1.01e-01  3e-03  5e-01 182:33.8
  855  10260 -6.537564703312566e-02 4.5e+02 9.44e-02  3e-03  5e-01 185:04.0
  866  10392 -6.543475405658139e-02 4.6e+02 7.17e-02  2e-03  4e-01 187:33.3
  877  10524 -6.547585362435553e-02 4.9e+02 5.66e-02  2e-03  3e-01 190:02.7
  888  10656 -6.551157025317593e-02 5.2e+02 8.57e-02  2e-03  5e-01 192:32.2
  899  10788 -6.555514251644846e-02 5.9e+02 7.06e-02  2e-03  5e-01 195:01.6
  900  10800 -6.554696710082943e-02 5.9e+02 7.09e-02  2e-03  5e-01 195:15.1
  912  10944 -6.558325910076931e-02 6.6e+02 6.38e-02  2e-03  5e-01 197:58.0
  924  11088 -6.571210624299045e-02 9.2e+02 1.07e-01  3e-03  1e+00 200:41.0
  936  11232 -6.580887675920245e-02 1.0e+03 1.08e-01  3e-03  1e+00 203:23.2
  948  11376 -6.585309186912906e-02 9.6e+02 9.75e-02  3e-03  9e-01 206:05.2
  960  11520 -6.588425168398603e-02 8.9e+02 1.17e-01  3e-03  1e+00 208:47.8
  972  11664 -6.593623657765837e-02 8.3e+02 6.81e-02  2e-03  6e-01 211:29.9
  984  11808 -6.594795394910932e-02 7.3e+02 6.66e-02  2e-03  5e-01 214:12.0
  996  11952 -6.597501934328685e-02 6.4e+02 6.31e-02  1e-03  4e-01 216:54.1
 1000  12000 -6.597381236757156e-02 6.2e+02 6.10e-02  1e-03  4e-01 217:47.8
Iterat #Fevals   function value  axis ratio  sigma  min&max std  t[m:s]
 1012  12144 -6.599135545681190e-02 5.6e+02 4.05e-02  9e-04  2e-01 220:29.7
 1024  12288 -6.600001492223700e-02 5.8e+02 4.73e-02  1e-03  3e-01 223:12.8
 1036  12432 -6.600473781345947e-02 5.5e+02 4.92e-02  1e-03  3e-01 225:56.3
 1048  12576 -6.600854968036513e-02 5.3e+02 3.63e-02  7e-04  2e-01 228:39.4
 1061  12732 -6.601219819077443e-02 5.0e+02 2.86e-02  6e-04  1e-01 231:34.3
 1074  12888 -6.601601454071590e-02 4.7e+02 3.03e-02  6e-04  1e-01 234:31.0
 1087  13044 -6.601882161459920e-02 4.6e+02 2.50e-02  4e-04  1e-01 237:27.3
 1100  13200 -6.602114550195891e-02 4.7e+02 2.10e-02  4e-04  8e-02 240:22.3
 1113  13356 -6.602369453409834e-02 4.7e+02 2.66e-02  4e-04  1e-01 243:15.2
 1126  13512 -6.602506507885345e-02 4.8e+02 3.19e-02  5e-04  1e-01 246:09.3
 1139  13668 -6.602687774128971e-02 4.7e+02 3.95e-02  6e-04  1e-01 249:03.9
 1152  13824 -6.602833266768297e-02 4.6e+02 2.46e-02  4e-04  8e-02 251:58.4
 1166  13992 -6.602903377022822e-02 4.7e+02 1.52e-02  2e-04  5e-02 255:00.9
 1179  14148 -6.602934765597278e-02 4.8e+02 1.29e-02  2e-04  4e-02 257:55.4
 1192  14304 -6.602952528201353e-02 4.8e+02 1.29e-02  2e-04  4e-02 260:50.0
 1200  14400 -6.602962740408320e-02 5.0e+02 1.35e-02  2e-04  4e-02 262:37.5
 1214  14568 -6.602981891077331e-02 4.7e+02 8.26e-03  1e-04  2e-02 265:45.7
 1228  14736 -6.602997717446474e-02 4.6e+02 1.01e-02  1e-04  3e-02 268:53.4
 1242  14904 -6.603020540695004e-02 4.7e+02 1.25e-02  1e-04  3e-02 272:00.2
 1256  15072 -6.603042189817621e-02 5.2e+02 1.56e-02  2e-04  5e-02 275:08.0
 1270  15240 -6.603058788279691e-02 5.5e+02 1.06e-02  1e-04  3e-02 278:15.8
 1284  15408 -6.603065551729750e-02 5.5e+02 5.17e-03  5e-05  2e-02 281:21.4
 1298  15576 -6.603066679321302e-02 5.9e+02 2.99e-03  3e-05  1e-02 284:28.2
 1300  15600 -6.603066659042432e-02 6.0e+02 2.90e-03  3e-05  1e-02 284:55.1
 1314  15768 -6.603067229043937e-02 6.4e+02 2.27e-03  2e-05  8e-03 288:03.6
 1328  15936 -6.603067476798299e-02 6.6e+02 1.16e-03  1e-05  4e-03 291:11.9
 1344  16128 -6.603067526537751e-02 6.6e+02 5.77e-04  5e-06  2e-03 294:19.2
 1362  16344 -6.603067540208256e-02 6.7e+02 2.58e-04  2e-06  8e-04 297:29.6
 1380  16560 -6.603067541234352e-02 6.7e+02 1.24e-04  9e-07  4e-04 300:39.3
 1398  16776 -6.603067541731221e-02 7.1e+02 4.54e-05  3e-07  1e-04 303:48.9
 1400  16800 -6.603067541743730e-02 7.1e+02 4.09e-05  3e-07  1e-04 304:10.1
 1419  17028 -6.603067541779829e-02 7.6e+02 1.53e-05  1e-07  4e-05 307:30.6
 1428  17136 -6.603067541783800e-02 8.1e+02 9.58e-06  6e-08  3e-05 309:05.4
Budget constraint satisfied 304.45423889160156 377.22999572753906 Difference:  72.7757568359375
Budget constraint satisfied 343.7479591369629 377.22999572753906 Difference:  33.48203659057617
two_most_probable_states: ['011000100', '011001100']
final_expectation_value: -0.066030675417838
params: [-2.097315830958794, 2.4825741485293977, 8.286589374079155, 12.771072854973736, 14.64987528392999, -0.3262317289190557, 26.38359980043655, 38.12333251413256, -8.021411849532194, 1.438815895678594, -0.7113579790313813, 2.975491315893716, -0.11763926533697831, 2.0331712629606726, 1.0279317041778966, -0.05669789302029267, 1.5111769083140156, 1.5250395248299649]
total_steps: 1428
states_probs: [0.024765510712986973, 0.02509430305662345]
optimized_portfolios: [{'HON': 0, 'NKE': 3, 'UNH': 0, 'VZ': 2}, {'HON': 0, 'NKE': 3, 'UNH': 0, 'VZ': 3}]
objective_values: [1.692799375778468, 2.762136995429711]
result_with_budget: [{'portfolio': {'HON': 0, 'NKE': 3, 'UNH': 0, 'VZ': 2}, 'budget': 304.45423889160156, 'difference': 72.7757568359375}, {'portfolio': {'HON': 0, 'NKE': 3, 'UNH': 0, 'VZ': 3}, 'budget': 343.7479591369629, 'difference': 33.48203659057617}]
Processing experiment 182
Budget: 977.8497467041016
Number of qubits for asset IBM: 3
Number of qubits for asset KO: 4
Number of qubits for asset MMM: 3
Number of qubits for asset V: 2
Total number of qubits:  12
Optimized Weights (considering variance, skewness and kurtosis):
IBM: 0.00%
KO: 0.00%
MMM: 0.00%
V: 100.00%
Left over budget:  31.322372216154236
Optimized Discrete Allocation:
V: 3
Maximized utility from continuous higher moments:  0.2784134014835966
Budget constraint satisfied 977.8497467041016 977.8497467041016 Difference:  0.0
Budget constraint satisfied 977.576961517334 977.8497467041016 Difference:  0.2727851867675781
smallest_eigenvalues: [-0.09432491403599451]
smallest_bitstrings: ['100000010001']
first_excited_energy: -0.09432460452782829
optimized_portfolio: [{'IBM': 1, 'KO': 0, 'MMM': 1, 'V': 2}]
second_optimized_portfolio: [{'IBM': 1, 'KO': 3, 'MMM': 2, 'V': 1}]
result_with_budget: [{'portfolio': {'IBM': 1, 'KO': 0, 'MMM': 1, 'V': 2}, 'budget': 977.8497467041016, 'difference': 0.0, 'objective_value': 0.7074882277199906}]
result_with_budget_excited: [{'portfolio': {'IBM': 1, 'KO': 3, 'MMM': 2, 'V': 1}, 'budget': 977.576961517334, 'difference': 0.2727851867675781, 'objective_value': -21.367142716342062}]
Initial params:  [0.2127965  0.12647169 1.32840996 1.46627126 3.07567013 1.46578387
 2.00696124 0.74931039 0.25797145 0.58208347 1.34721616 2.94681297
 2.44223804 2.30630044 0.14423606 0.99843301 1.48120943 2.91319158
 0.29013467 2.46585271 1.10584217 2.97061085 1.81107367 1.11222228]
(6_w,13)-aCMA-ES (mu_w=4.0,w_1=38%) in dimension 24 (seed=845255, Wed Mar 12 17:56:16 2025)
Iterat #Fevals   function value  axis ratio  sigma  min&max std  t[m:s]
    1     13 4.569213791028120e-02 1.0e+00 9.42e-02  9e-02  1e-01 0:52.5
    2     26 -1.362296178562312e-02 1.1e+00 9.17e-02  9e-02  9e-02 1:50.7
    3     39 1.234151415019811e-02 1.1e+00 9.13e-02  9e-02  9e-02 2:52.4
    4     52 -1.891765823291873e-02 1.1e+00 9.23e-02  9e-02  1e-01 3:54.3
    5     65 -3.725064828996266e-02 1.2e+00 9.78e-02  1e-01  1e-01 4:56.1
    6     78 -5.630163887043414e-02 1.3e+00 1.05e-01  1e-01  1e-01 5:57.5
    7     91 -5.012466994648955e-02 1.3e+00 1.09e-01  1e-01  1e-01 6:59.2
    8    104 -6.878794803585898e-02 1.4e+00 1.15e-01  1e-01  1e-01 8:00.9
    9    117 -6.925436294007907e-02 1.4e+00 1.17e-01  1e-01  1e-01 9:02.5
   10    130 -7.430089047280797e-02 1.4e+00 1.22e-01  1e-01  1e-01 10:04.5
   11    143 -7.439960495001037e-02 1.4e+00 1.27e-01  1e-01  1e-01 11:06.3
   12    156 -7.447474429600458e-02 1.5e+00 1.30e-01  1e-01  1e-01 12:07.8
   13    169 -7.540709368303013e-02 1.5e+00 1.31e-01  1e-01  1e-01 13:09.5
   14    182 -6.944267159995572e-02 1.6e+00 1.35e-01  1e-01  1e-01 14:11.3
   15    195 -7.577783074392461e-02 1.6e+00 1.36e-01  1e-01  1e-01 15:12.9
   16    208 -7.429953354003392e-02 1.6e+00 1.38e-01  1e-01  2e-01 16:14.6
   17    221 -6.196915498144679e-02 1.6e+00 1.41e-01  1e-01  2e-01 17:16.3
   18    234 -7.226474364198346e-02 1.6e+00 1.49e-01  1e-01  2e-01 18:18.3
   19    247 -7.012540852230394e-02 1.7e+00 1.58e-01  1e-01  2e-01 19:20.3
   20    260 -6.968535865577599e-02 1.7e+00 1.65e-01  2e-01  2e-01 20:21.8
   21    273 -7.257977255259723e-02 1.7e+00 1.70e-01  2e-01  2e-01 21:23.6
   22    286 -6.985007569252007e-02 1.8e+00 1.78e-01  2e-01  2e-01 22:25.5
   23    299 -6.579165339383138e-02 1.8e+00 1.89e-01  2e-01  2e-01 23:27.5
   24    312 -6.285663873368769e-02 1.9e+00 2.04e-01  2e-01  2e-01 24:29.6
   25    325 -6.364703783107020e-02 2.0e+00 2.20e-01  2e-01  2e-01 25:31.6
   26    338 -7.036845435134156e-02 2.1e+00 2.26e-01  2e-01  3e-01 26:33.6
   27    351 -7.318880340615087e-02 2.1e+00 2.31e-01  2e-01  3e-01 27:35.5
   28    364 -7.667251020354462e-02 2.2e+00 2.28e-01  2e-01  3e-01 28:37.4
   29    377 -7.350432740045147e-02 2.2e+00 2.26e-01  2e-01  3e-01 29:38.9
   30    390 -6.587526267705410e-02 2.2e+00 2.27e-01  2e-01  3e-01 30:40.2
   31    403 -6.473725954610836e-02 2.3e+00 2.28e-01  2e-01  3e-01 31:41.5
   32    416 -6.940201990028216e-02 2.3e+00 2.30e-01  2e-01  3e-01 32:43.1
   33    429 -7.639305206035783e-02 2.3e+00 2.32e-01  2e-01  3e-01 33:44.5
   34    442 -7.428620314226986e-02 2.4e+00 2.37e-01  2e-01  3e-01 34:45.8
   35    455 -7.133686646239161e-02 2.4e+00 2.50e-01  2e-01  3e-01 35:47.1
   36    468 -6.662734012779056e-02 2.4e+00 2.57e-01  2e-01  3e-01 36:48.1
   37    481 -7.000028517856537e-02 2.4e+00 2.62e-01  2e-01  3e-01 37:49.7
   38    494 -6.740001375154950e-02 2.4e+00 2.66e-01  3e-01  3e-01 38:51.2
   39    507 -6.683090079429412e-02 2.4e+00 2.64e-01  3e-01  3e-01 39:52.4
   40    520 -6.623633704801447e-02 2.5e+00 2.62e-01  2e-01  3e-01 40:53.9
   41    533 -6.865152454033459e-02 2.5e+00 2.57e-01  2e-01  3e-01 41:55.4
   42    546 -6.896182002056708e-02 2.5e+00 2.48e-01  2e-01  3e-01 42:56.9
   43    559 -7.011752840376496e-02 2.5e+00 2.37e-01  2e-01  3e-01 43:58.2
   44    572 -7.086687447037984e-02 2.5e+00 2.31e-01  2e-01  3e-01 44:59.7
   45    585 -7.421088676800094e-02 2.6e+00 2.29e-01  2e-01  3e-01 46:00.9
   46    598 -7.777377148658032e-02 2.6e+00 2.27e-01  2e-01  3e-01 47:02.5
   47    611 -7.414896915641880e-02 2.6e+00 2.30e-01  2e-01  3e-01 48:03.8
   48    624 -7.675504674206535e-02 2.6e+00 2.31e-01  2e-01  3e-01 49:05.6
   49    637 -7.686092176132313e-02 2.6e+00 2.34e-01  2e-01  3e-01 50:06.7
   50    650 -7.254865187691467e-02 2.6e+00 2.35e-01  2e-01  3e-01 51:08.0
   51    663 -7.443283416775262e-02 2.6e+00 2.29e-01  2e-01  3e-01 52:09.4
   52    676 -7.654943105766619e-02 2.7e+00 2.23e-01  2e-01  2e-01 53:11.1
   53    689 -7.637862339627512e-02 2.7e+00 2.14e-01  2e-01  2e-01 54:12.8
   54    702 -7.708571358822439e-02 2.7e+00 2.02e-01  2e-01  2e-01 55:14.4
   55    715 -6.888199965121114e-02 2.7e+00 1.99e-01  2e-01  2e-01 56:15.7
   56    728 -7.580029279888477e-02 2.7e+00 1.97e-01  2e-01  2e-01 57:17.3
   57    741 -7.569838787539163e-02 2.8e+00 1.89e-01  2e-01  2e-01 58:18.5
   58    754 -7.443695203122347e-02 2.8e+00 1.81e-01  2e-01  2e-01 59:20.6
   59    767 -7.680340124400237e-02 2.8e+00 1.79e-01  2e-01  2e-01 60:21.8
   61    793 -7.668353708173636e-02 2.8e+00 1.73e-01  2e-01  2e-01 62:11.5
   63    819 -7.526716971931996e-02 2.9e+00 1.70e-01  2e-01  2e-01 63:58.4
   65    845 -7.744274013776008e-02 2.9e+00 1.56e-01  1e-01  2e-01 65:44.8
   67    871 -7.724046210308366e-02 3.0e+00 1.53e-01  1e-01  2e-01 67:31.3
   69    897 -7.745971327407467e-02 3.0e+00 1.47e-01  1e-01  2e-01 69:18.0
   71    923 -7.870979945929926e-02 3.0e+00 1.43e-01  1e-01  2e-01 71:05.0
   73    949 -7.863312221538150e-02 3.0e+00 1.42e-01  1e-01  2e-01 72:53.5
   75    975 -7.532535639714960e-02 3.1e+00 1.49e-01  1e-01  2e-01 74:41.9
   77   1001 -7.836963954138675e-02 3.2e+00 1.45e-01  1e-01  2e-01 76:28.9
   79   1027 -7.626298022895886e-02 3.2e+00 1.52e-01  1e-01  2e-01 78:15.9
   81   1053 -7.731727282055942e-02 3.2e+00 1.60e-01  1e-01  2e-01 80:03.3
   83   1079 -7.808379909875474e-02 3.3e+00 1.62e-01  1e-01  2e-01 81:50.7
   85   1105 -7.785401897660214e-02 3.4e+00 1.64e-01  2e-01  2e-01 83:38.7
   87   1131 -7.793252063264619e-02 3.4e+00 1.56e-01  1e-01  2e-01 85:29.1
   89   1157 -7.680581070450825e-02 3.4e+00 1.55e-01  1e-01  2e-01 87:20.2
   91   1183 -7.869909876435963e-02 3.5e+00 1.58e-01  1e-01  2e-01 89:11.2
   93   1209 -7.674210580562010e-02 3.5e+00 1.60e-01  1e-01  2e-01 91:01.6
   95   1235 -7.909369052616502e-02 3.6e+00 1.69e-01  2e-01  2e-01 92:52.6
   97   1261 -7.731534984374328e-02 3.6e+00 1.84e-01  2e-01  2e-01 94:43.9
   99   1287 -7.720930776126582e-02 3.7e+00 1.90e-01  2e-01  2e-01 96:34.5
  100   1300 -7.650208185988475e-02 3.8e+00 1.97e-01  2e-01  2e-01 97:29.6
  102   1326 -7.849420326909207e-02 3.9e+00 2.08e-01  2e-01  2e-01 99:21.3
  104   1352 -7.538516357576543e-02 3.9e+00 2.29e-01  2e-01  3e-01 101:12.6
  106   1378 -7.633280192120234e-02 4.0e+00 2.51e-01  2e-01  3e-01 103:03.6
  108   1404 -7.560779639870444e-02 4.1e+00 2.45e-01  2e-01  3e-01 104:55.1
  110   1430 -7.599565609120051e-02 4.2e+00 2.29e-01  2e-01  3e-01 106:46.8
  112   1456 -8.068560113544297e-02 4.2e+00 2.05e-01  2e-01  2e-01 108:37.7
  114   1482 -7.859145722282226e-02 4.3e+00 1.92e-01  2e-01  2e-01 110:29.5
  116   1508 -7.658131271454408e-02 4.4e+00 1.86e-01  2e-01  2e-01 112:20.1
  118   1534 -7.907443747156379e-02 4.4e+00 1.79e-01  2e-01  2e-01 114:11.7
  120   1560 -7.628314321379601e-02 4.5e+00 1.74e-01  2e-01  2e-01 116:02.9
  122   1586 -8.270136687757496e-02 4.6e+00 1.69e-01  1e-01  2e-01 117:53.7
  124   1612 -7.864278434894863e-02 4.7e+00 1.61e-01  1e-01  2e-01 119:45.3
  126   1638 -8.037757282337150e-02 4.8e+00 1.56e-01  1e-01  2e-01 121:36.5
  128   1664 -7.820434713126913e-02 4.9e+00 1.56e-01  1e-01  2e-01 123:29.0
  130   1690 -8.086033853291506e-02 5.0e+00 1.50e-01  1e-01  2e-01 125:20.4
  132   1716 -7.978700912130225e-02 5.1e+00 1.47e-01  1e-01  2e-01 127:13.5
  134   1742 -8.015043734112484e-02 5.2e+00 1.45e-01  1e-01  2e-01 129:05.9
  136   1768 -8.254670027629328e-02 5.3e+00 1.36e-01  1e-01  2e-01 130:57.8
  138   1794 -8.296690358098943e-02 5.4e+00 1.25e-01  1e-01  2e-01 132:50.6
  140   1820 -8.243472552356994e-02 5.5e+00 1.10e-01  9e-02  1e-01 134:39.4
  142   1846 -8.318858670397963e-02 5.5e+00 1.01e-01  8e-02  1e-01 136:27.9
  144   1872 -8.308556488554818e-02 5.6e+00 9.47e-02  8e-02  1e-01 138:16.2
  146   1898 -8.225242820202139e-02 5.6e+00 9.21e-02  8e-02  1e-01 140:04.2
  148   1924 -8.301683361377028e-02 5.8e+00 8.85e-02  7e-02  1e-01 141:52.7
  150   1950 -8.267282135319223e-02 5.8e+00 8.26e-02  7e-02  1e-01 143:40.8
  152   1976 -8.323170712109637e-02 5.9e+00 8.55e-02  7e-02  1e-01 145:29.2
  154   2002 -8.338830579539361e-02 6.1e+00 8.56e-02  7e-02  1e-01 147:17.9
  156   2028 -8.382866104111404e-02 6.2e+00 8.91e-02  7e-02  1e-01 149:06.6
  158   2054 -8.321127122838133e-02 6.2e+00 9.59e-02  8e-02  1e-01 150:54.8
  160   2080 -8.324534050099935e-02 6.3e+00 1.00e-01  8e-02  1e-01 152:50.2
  162   2106 -8.391133235586924e-02 6.5e+00 9.48e-02  8e-02  1e-01 154:50.1
  164   2132 -8.354571318326431e-02 6.6e+00 9.07e-02  7e-02  1e-01 156:49.7
  166   2158 -8.325463324938645e-02 6.8e+00 9.16e-02  7e-02  1e-01 158:49.4
  168   2184 -8.314822656537500e-02 6.9e+00 9.28e-02  7e-02  1e-01 160:49.2
  170   2210 -8.332358423950506e-02 7.1e+00 8.90e-02  7e-02  1e-01 162:49.3
  172   2236 -8.338192266479490e-02 7.3e+00 8.39e-02  7e-02  1e-01 164:49.8
  174   2262 -8.307267770571401e-02 7.6e+00 8.46e-02  7e-02  1e-01 166:50.4
  176   2288 -8.377200920611409e-02 7.8e+00 8.34e-02  6e-02  1e-01 168:50.2
  178   2314 -8.351555028392534e-02 7.9e+00 8.16e-02  6e-02  1e-01 170:50.4
  180   2340 -8.353021914506313e-02 8.0e+00 8.57e-02  7e-02  1e-01 172:50.3
  182   2366 -8.370676722007576e-02 8.0e+00 9.14e-02  7e-02  1e-01 174:50.9
  185   2405 -8.380271412306468e-02 8.3e+00 1.04e-01  8e-02  1e-01 177:50.8
  188   2444 -8.406204243574565e-02 8.7e+00 1.12e-01  8e-02  1e-01 180:50.8
  191   2483 -8.402938686862661e-02 9.0e+00 1.05e-01  8e-02  1e-01 183:50.3
  194   2522 -8.433341882567570e-02 9.5e+00 9.91e-02  7e-02  1e-01 186:50.1
  197   2561 -8.423258614825334e-02 9.8e+00 9.38e-02  7e-02  1e-01 189:49.7
  200   2600 -8.409189371680742e-02 1.0e+01 9.21e-02  6e-02  1e-01 192:49.2
  203   2639 -8.408481252764925e-02 1.0e+01 9.22e-02  6e-02  1e-01 195:49.2
  206   2678 -8.419256764596560e-02 1.0e+01 8.29e-02  6e-02  1e-01 198:49.3
  209   2717 -8.453716752297485e-02 1.1e+01 7.43e-02  5e-02  1e-01 201:49.6
  212   2756 -8.466468341150733e-02 1.1e+01 6.67e-02  4e-02  9e-02 204:49.8
  215   2795 -8.497083609779207e-02 1.1e+01 6.82e-02  4e-02  9e-02 207:49.7
  218   2834 -8.476160105894291e-02 1.1e+01 7.45e-02  5e-02  1e-01 210:50.2
  221   2873 -8.473926912075880e-02 1.2e+01 7.46e-02  5e-02  1e-01 213:50.5
  224   2912 -8.467521627946559e-02 1.2e+01 7.71e-02  5e-02  1e-01 216:51.4
  227   2951 -8.496681949802459e-02 1.2e+01 8.28e-02  5e-02  1e-01 219:52.1
  230   2990 -8.475520002654859e-02 1.2e+01 8.26e-02  5e-02  1e-01 222:52.3
  233   3029 -8.481355471266200e-02 1.2e+01 7.92e-02  5e-02  1e-01 225:53.1
  236   3068 -8.505286130358054e-02 1.3e+01 7.90e-02  5e-02  1e-01 228:53.1
  239   3107 -8.520256231279705e-02 1.3e+01 7.61e-02  4e-02  1e-01 231:53.3
  242   3146 -8.518127448445346e-02 1.3e+01 7.47e-02  4e-02  1e-01 234:53.8
  245   3185 -8.534030037355642e-02 1.4e+01 7.07e-02  4e-02  1e-01 237:54.6
  248   3224 -8.525676824978910e-02 1.4e+01 6.59e-02  4e-02  9e-02 240:55.4
  251   3263 -8.505959342268388e-02 1.4e+01 6.09e-02  4e-02  9e-02 243:56.1
  254   3302 -8.526636950272851e-02 1.4e+01 5.83e-02  3e-02  8e-02 246:56.7
  257   3341 -8.548792584387693e-02 1.4e+01 5.50e-02  3e-02  8e-02 249:57.7
  260   3380 -8.539172392154899e-02 1.5e+01 5.67e-02  3e-02  8e-02 252:58.3
  263   3419 -8.532305212901263e-02 1.5e+01 5.85e-02  3e-02  8e-02 255:59.3
  266   3458 -8.537458002353468e-02 1.5e+01 5.86e-02  3e-02  9e-02 258:59.6
  269   3497 -8.544192304093477e-02 1.6e+01 5.77e-02  3e-02  9e-02 262:00.0
  272   3536 -8.520386767772749e-02 1.6e+01 6.05e-02  3e-02  9e-02 265:01.5
  275   3575 -8.533872254096923e-02 1.7e+01 6.22e-02  3e-02  9e-02 268:02.2
  278   3614 -8.546037975508396e-02 1.7e+01 5.56e-02  3e-02  8e-02 271:02.5
  281   3653 -8.567128828609508e-02 1.7e+01 5.55e-02  3e-02  8e-02 274:02.9
  284   3692 -8.570646149978076e-02 1.7e+01 5.44e-02  3e-02  8e-02 277:03.7
  287   3731 -8.583671506263083e-02 1.8e+01 5.57e-02  3e-02  8e-02 280:04.8
  290   3770 -8.584507910522435e-02 1.9e+01 5.89e-02  3e-02  9e-02 283:05.4
  293   3809 -8.584627403518615e-02 1.9e+01 6.01e-02  3e-02  9e-02 286:06.5
  296   3848 -8.562996638194666e-02 1.9e+01 5.95e-02  3e-02  9e-02 289:07.1
  299   3887 -8.597143365853364e-02 1.9e+01 5.76e-02  3e-02  9e-02 292:07.9
  300   3900 -8.582331598928726e-02 1.9e+01 5.74e-02  3e-02  9e-02 293:08.2
  303   3939 -8.600023943453837e-02 2.0e+01 5.40e-02  3e-02  8e-02 296:09.0
  306   3978 -8.602789486249648e-02 2.0e+01 4.99e-02  3e-02  7e-02 299:10.0
  309   4017 -8.611345410691153e-02 2.0e+01 4.60e-02  2e-02  7e-02 302:10.6
  312   4056 -8.609233951322977e-02 2.1e+01 4.38e-02  2e-02  6e-02 305:11.3
  315   4095 -8.617036638447086e-02 2.1e+01 4.15e-02  2e-02  6e-02 308:11.7
  318   4134 -8.618457331356034e-02 2.2e+01 3.66e-02  2e-02  5e-02 311:11.9
  321   4173 -8.619164559278754e-02 2.2e+01 3.29e-02  2e-02  5e-02 314:12.3
  324   4212 -8.626267466854454e-02 2.3e+01 3.31e-02  2e-02  5e-02 317:12.6
  327   4251 -8.629680404796333e-02 2.4e+01 3.19e-02  2e-02  5e-02 320:13.1
  330   4290 -8.626146774541422e-02 2.4e+01 2.90e-02  1e-02  4e-02 323:13.8
  333   4329 -8.631725877774231e-02 2.5e+01 2.76e-02  1e-02  4e-02 326:14.5
  336   4368 -8.635296138391593e-02 2.6e+01 2.92e-02  1e-02  4e-02 329:15.2
  339   4407 -8.637409909421327e-02 2.6e+01 2.83e-02  1e-02  4e-02 332:16.1
  342   4446 -8.641961076856591e-02 2.7e+01 2.83e-02  1e-02  4e-02 335:16.8
  345   4485 -8.643643491949597e-02 2.7e+01 2.73e-02  1e-02  4e-02 338:17.3
  348   4524 -8.646686627805031e-02 2.8e+01 2.92e-02  1e-02  5e-02 341:18.0
  351   4563 -8.650301804745554e-02 3.0e+01 2.99e-02  1e-02  5e-02 344:18.0
  354   4602 -8.654280485444497e-02 3.0e+01 3.02e-02  2e-02  5e-02 347:18.6
  357   4641 -8.656942293822872e-02 3.3e+01 3.01e-02  2e-02  5e-02 350:19.1
  361   4693 -8.658930642779301e-02 3.4e+01 2.99e-02  1e-02  5e-02 354:19.3
  365   4745 -8.664406823305427e-02 3.5e+01 2.97e-02  1e-02  5e-02 358:19.8
  369   4797 -8.664572241391680e-02 3.6e+01 3.02e-02  1e-02  5e-02 362:20.5
  373   4849 -8.673584456219732e-02 3.8e+01 2.99e-02  1e-02  5e-02 366:21.0
  377   4901 -8.679289190824137e-02 4.1e+01 2.99e-02  1e-02  5e-02 370:22.0
  381   4953 -8.686396298164827e-02 4.4e+01 3.62e-02  2e-02  6e-02 374:22.6
  385   5005 -8.682420392135416e-02 4.8e+01 4.12e-02  2e-02  7e-02 378:23.7
  389   5057 -8.684460449940243e-02 5.0e+01 3.75e-02  2e-02  7e-02 382:25.0
  393   5109 -8.693118175148370e-02 5.1e+01 3.80e-02  2e-02  7e-02 386:25.7
  397   5161 -8.699098936715834e-02 5.3e+01 3.76e-02  2e-02  7e-02 390:26.2
  400   5200 -8.704006982598977e-02 5.7e+01 3.84e-02  2e-02  8e-02 393:27.5
  404   5252 -8.710388186509109e-02 5.9e+01 3.89e-02  2e-02  8e-02 397:27.7
  408   5304 -8.710234372711585e-02 6.4e+01 4.30e-02  2e-02  9e-02 401:28.3
  412   5356 -8.712346957616154e-02 6.6e+01 4.31e-02  2e-02  9e-02 405:29.0
  416   5408 -8.717716481969123e-02 6.6e+01 3.77e-02  2e-02  8e-02 409:29.8
  420   5460 -8.714369007082254e-02 6.7e+01 3.33e-02  2e-02  7e-02 413:31.1
  424   5512 -8.720296074971065e-02 7.0e+01 2.93e-02  1e-02  6e-02 417:31.7
  428   5564 -8.725660980570747e-02 7.2e+01 2.55e-02  1e-02  5e-02 421:32.9
  432   5616 -8.726025004179742e-02 7.4e+01 2.16e-02  1e-02  5e-02 425:33.9
  436   5668 -8.727089457070372e-02 7.7e+01 2.06e-02  9e-03  4e-02 429:34.8
  440   5720 -8.728427465690843e-02 7.9e+01 1.89e-02  9e-03  4e-02 433:35.9
  444   5772 -8.726427982273564e-02 7.9e+01 2.05e-02  9e-03  4e-02 437:37.0
  448   5824 -8.730076426068833e-02 7.9e+01 2.16e-02  1e-02  5e-02 441:38.1
  452   5876 -8.732443334353436e-02 8.1e+01 2.17e-02  1e-02  5e-02 445:38.6
  456   5928 -8.731317799384224e-02 8.3e+01 2.25e-02  1e-02  5e-02 449:39.4
  460   5980 -8.733186971658412e-02 8.3e+01 1.99e-02  9e-03  4e-02 453:40.8
  464   6032 -8.733397223315624e-02 8.3e+01 1.62e-02  7e-03  3e-02 457:41.7
  468   6084 -8.735552759423718e-02 8.4e+01 1.48e-02  7e-03  3e-02 461:42.5
  472   6136 -8.735860085531266e-02 8.5e+01 1.45e-02  7e-03  3e-02 465:43.2
  476   6188 -8.737906497708486e-02 8.6e+01 1.50e-02  7e-03  3e-02 469:44.3
  480   6240 -8.739061865311025e-02 8.7e+01 1.80e-02  9e-03  4e-02 473:45.3
  484   6292 -8.741936062334026e-02 8.9e+01 2.10e-02  1e-02  4e-02 477:47.0
  488   6344 -8.744431656402366e-02 9.6e+01 2.52e-02  1e-02  6e-02 481:49.1
  492   6396 -8.746971167546576e-02 1.0e+02 2.71e-02  1e-02  6e-02 485:50.4
  496   6448 -8.746159334006007e-02 1.1e+02 2.95e-02  1e-02  7e-02 489:51.7
  500   6500 -8.748458893761607e-02 1.1e+02 2.70e-02  1e-02  7e-02 493:53.1
  504   6552 -8.751002664260564e-02 1.1e+02 2.52e-02  1e-02  6e-02 497:53.7
  508   6604 -8.753095054357307e-02 1.2e+02 2.66e-02  1e-02  7e-02 501:55.1
  512   6656 -8.753407154613269e-02 1.2e+02 2.59e-02  1e-02  7e-02 505:56.2
  516   6708 -8.755359290747242e-02 1.2e+02 2.39e-02  1e-02  6e-02 509:57.7
  520   6760 -8.755427049068147e-02 1.2e+02 2.38e-02  1e-02  6e-02 513:58.6
  524   6812 -8.756972633358978e-02 1.2e+02 2.67e-02  1e-02  7e-02 517:59.6
  528   6864 -8.758575605456409e-02 1.2e+02 3.28e-02  2e-02  9e-02 522:00.4
  532   6916 -8.757529768750964e-02 1.2e+02 3.41e-02  2e-02  9e-02 526:01.7
  536   6968 -8.767294355472433e-02 1.2e+02 3.67e-02  2e-02  9e-02 530:02.4
  540   7020 -8.764891307606928e-02 1.2e+02 3.70e-02  2e-02  1e-01 534:03.2
  544   7072 -8.763297097682564e-02 1.2e+02 4.89e-02  2e-02  1e-01 538:04.9
  548   7124 -8.764651776760000e-02 1.2e+02 5.20e-02  2e-02  1e-01 542:06.5
  552   7176 -8.763515803908417e-02 1.2e+02 4.75e-02  2e-02  1e-01 546:07.4
  556   7228 -8.765606860962161e-02 1.2e+02 4.13e-02  2e-02  1e-01 550:08.3
  560   7280 -8.771972040196928e-02 1.2e+02 3.63e-02  1e-02  1e-01 554:09.7
  564   7332 -8.770161564464636e-02 1.2e+02 3.60e-02  1e-02  1e-01 558:10.5
  568   7384 -8.775678899552435e-02 1.2e+02 3.42e-02  1e-02  9e-02 562:09.3
  572   7436 -8.777272897889127e-02 1.2e+02 2.99e-02  1e-02  8e-02 566:08.3
  576   7488 -8.779809253158727e-02 1.2e+02 3.05e-02  1e-02  8e-02 570:07.5
  580   7540 -8.781702292029091e-02 1.2e+02 3.14e-02  1e-02  8e-02 574:07.1
  584   7592 -8.782540352208418e-02 1.3e+02 2.87e-02  1e-02  8e-02 578:07.3
  588   7644 -8.782508910732190e-02 1.3e+02 2.64e-02  1e-02  7e-02 582:07.1
  592   7696 -8.787530911491070e-02 1.4e+02 2.94e-02  1e-02  9e-02 586:05.6
  597   7761 -8.796482860553581e-02 1.5e+02 3.86e-02  1e-02  1e-01 591:03.9
  600   7800 -8.797961458084878e-02 1.6e+02 4.32e-02  2e-02  2e-01 594:05.0
  605   7865 -8.798799622194028e-02 1.6e+02 4.15e-02  1e-02  1e-01 599:03.4
  610   7930 -8.804688715217157e-02 1.7e+02 3.64e-02  1e-02  1e-01 604:01.9
  615   7995 -8.806002850334632e-02 1.7e+02 3.67e-02  1e-02  1e-01 609:00.9
  620   8060 -8.815054599266094e-02 1.7e+02 4.40e-02  2e-02  2e-01 613:58.5
  625   8125 -8.811157686386618e-02 1.8e+02 4.48e-02  2e-02  2e-01 618:57.1
  630   8190 -8.816965863361864e-02 1.7e+02 3.95e-02  1e-02  1e-01 623:55.4
  635   8255 -8.818925355501139e-02 1.8e+02 3.46e-02  1e-02  1e-01 628:54.4
  640   8320 -8.820255927587312e-02 1.8e+02 3.35e-02  1e-02  1e-01 633:55.8
  645   8385 -8.825192190056619e-02 1.8e+02 3.24e-02  1e-02  1e-01 638:54.7
  650   8450 -8.828381633174626e-02 1.9e+02 3.29e-02  1e-02  1e-01 643:53.7
  655   8515 -8.831731067493215e-02 2.0e+02 3.28e-02  1e-02  1e-01 648:52.5
  660   8580 -8.838390944550378e-02 2.0e+02 3.56e-02  1e-02  1e-01 653:51.2
  665   8645 -8.839900157453716e-02 2.2e+02 4.15e-02  1e-02  2e-01 658:50.4
  670   8710 -8.844341913852280e-02 2.3e+02 4.83e-02  1e-02  2e-01 663:48.9
  675   8775 -8.844159047796800e-02 2.4e+02 4.75e-02  1e-02  2e-01 668:48.5
  680   8840 -8.848139861596503e-02 2.5e+02 4.14e-02  1e-02  2e-01 673:49.1
  685   8905 -8.849855835450275e-02 2.5e+02 3.42e-02  1e-02  2e-01 678:48.2
  690   8970 -8.855095570346648e-02 2.5e+02 3.08e-02  8e-03  1e-01 683:44.2
  695   9035 -8.857448286174173e-02 2.5e+02 3.23e-02  9e-03  2e-01 688:37.2
  700   9100 -8.859900255409101e-02 2.6e+02 3.47e-02  9e-03  2e-01 693:16.2
  705   9165 -8.863176356873920e-02 2.6e+02 3.46e-02  9e-03  2e-01 697:44.6
  710   9230 -8.862548454147602e-02 2.6e+02 3.22e-02  8e-03  2e-01 702:10.4
  715   9295 -8.868032219884198e-02 2.7e+02 2.97e-02  7e-03  1e-01 706:35.7
  720   9360 -8.872750576582270e-02 2.9e+02 3.05e-02  7e-03  2e-01 711:05.2
  725   9425 -8.880926619633997e-02 3.1e+02 3.94e-02  9e-03  2e-01 715:35.6
  730   9490 -8.883148358535305e-02 3.2e+02 4.28e-02  1e-02  2e-01 720:06.6
  735   9555 -8.887829083177187e-02 3.3e+02 4.40e-02  1e-02  2e-01 724:38.8
  740   9620 -8.889523828088480e-02 3.5e+02 4.30e-02  9e-03  3e-01 729:09.9
  745   9685 -8.891481244941964e-02 3.6e+02 3.77e-02  8e-03  2e-01 733:41.7
  750   9750 -8.892452928147042e-02 3.7e+02 2.94e-02  6e-03  2e-01 738:13.0
  755   9815 -8.893236618970403e-02 3.6e+02 2.43e-02  5e-03  1e-01 742:44.1
  761   9893 -8.897271637985357e-02 3.6e+02 2.24e-02  4e-03  1e-01 748:09.3
  767   9971 -8.899006402018514e-02 3.6e+02 2.16e-02  4e-03  1e-01 753:35.7
  773  10049 -8.902355306494035e-02 3.6e+02 2.28e-02  4e-03  1e-01 759:02.0
  779  10127 -8.903154539884311e-02 3.6e+02 2.04e-02  4e-03  1e-01 764:28.1
  785  10205 -8.904138635872577e-02 3.5e+02 2.00e-02  4e-03  1e-01 769:53.6
  791  10283 -8.904302205464723e-02 3.4e+02 2.06e-02  4e-03  1e-01 775:19.9
  797  10361 -8.904657829873690e-02 3.4e+02 2.28e-02  4e-03  1e-01 780:45.7
  800  10400 -8.904091618507930e-02 3.3e+02 2.08e-02  4e-03  1e-01 783:28.8
  806  10478 -8.905813198866060e-02 3.3e+02 1.64e-02  3e-03  8e-02 788:54.8
  812  10556 -8.906502513553358e-02 3.2e+02 1.32e-02  2e-03  7e-02 794:20.6
  818  10634 -8.907105146744136e-02 3.2e+02 1.42e-02  2e-03  7e-02 799:46.9
  824  10712 -8.907037351958527e-02 3.1e+02 1.30e-02  2e-03  6e-02 805:12.9
  830  10790 -8.907499950376277e-02 3.1e+02 1.05e-02  2e-03  5e-02 810:38.6
  836  10868 -8.907846315048230e-02 3.1e+02 1.09e-02  2e-03  5e-02 816:04.0
  842  10946 -8.907989755431439e-02 3.1e+02 9.94e-03  1e-03  5e-02 821:30.4
  848  11024 -8.908110014936728e-02 3.1e+02 8.48e-03  1e-03  4e-02 826:56.1
  854  11102 -8.908440189820763e-02 3.1e+02 9.69e-03  1e-03  4e-02 832:22.1
  860  11180 -8.908559681509427e-02 3.1e+02 9.36e-03  1e-03  4e-02 837:49.3
  866  11258 -8.909085298960988e-02 3.1e+02 1.25e-02  2e-03  5e-02 843:15.7
  872  11336 -8.909101609873867e-02 3.2e+02 1.46e-02  2e-03  6e-02 848:41.9
  878  11414 -8.909346247575486e-02 3.2e+02 1.31e-02  2e-03  6e-02 854:08.4
  884  11492 -8.909877777658409e-02 3.2e+02 1.45e-02  2e-03  6e-02 859:34.5
  890  11570 -8.910092840809829e-02 3.2e+02 1.63e-02  2e-03  7e-02 865:01.2
  896  11648 -8.910275434142494e-02 3.2e+02 1.66e-02  2e-03  7e-02 870:26.1
  900  11700 -8.910765384938799e-02 3.1e+02 1.59e-02  2e-03  6e-02 874:03.3
  906  11778 -8.911221157138613e-02 3.2e+02 1.57e-02  2e-03  6e-02 879:28.1
  912  11856 -8.911608514415709e-02 3.2e+02 1.69e-02  2e-03  7e-02 884:52.8
  918  11934 -8.912147188347624e-02 3.2e+02 1.73e-02  2e-03  7e-02 890:17.3
  924  12012 -8.913137275102198e-02 3.2e+02 2.05e-02  2e-03  8e-02 895:42.3
  930  12090 -8.914049758625284e-02 3.2e+02 2.63e-02  3e-03  1e-01 901:07.1
  936  12168 -8.915243855021347e-02 3.2e+02 3.01e-02  3e-03  1e-01 906:32.4
  942  12246 -8.915999498104904e-02 3.2e+02 2.82e-02  3e-03  1e-01 911:57.8
  948  12324 -8.917502205104040e-02 3.2e+02 2.53e-02  3e-03  1e-01 917:23.7
  954  12402 -8.918297317635804e-02 3.2e+02 2.29e-02  2e-03  9e-02 922:48.6
  960  12480 -8.919994022128901e-02 3.3e+02 2.35e-02  2e-03  9e-02 928:13.6
  966  12558 -8.920423419391141e-02 3.3e+02 2.60e-02  3e-03  1e-01 933:37.4
  972  12636 -8.922163036947105e-02 3.4e+02 2.34e-02  2e-03  9e-02 939:01.3
  978  12714 -8.923387356152727e-02 3.5e+02 2.62e-02  3e-03  1e-01 944:26.4
  984  12792 -8.923874831144259e-02 3.6e+02 2.83e-02  3e-03  1e-01 949:51.3
  990  12870 -8.925124019705506e-02 3.7e+02 2.81e-02  3e-03  1e-01 955:16.3
  996  12948 -8.925884875965186e-02 3.8e+02 2.49e-02  2e-03  1e-01 960:42.0
 1000  13000 -8.925878602270788e-02 3.9e+02 2.45e-02  2e-03  1e-01 964:19.7
Iterat #Fevals   function value  axis ratio  sigma  min&max std  t[m:s]
 1006  13078 -8.927202696495345e-02 3.9e+02 2.35e-02  2e-03  1e-01 969:46.3
 1012  13156 -8.928603623905614e-02 3.9e+02 2.43e-02  2e-03  1e-01 975:12.6
 1018  13234 -8.928626535680229e-02 4.1e+02 3.15e-02  3e-03  1e-01 980:39.8
 1024  13312 -8.929431318152450e-02 4.3e+02 3.03e-02  3e-03  1e-01 986:06.4
 1030  13390 -8.930135284394101e-02 4.3e+02 2.81e-02  2e-03  1e-01 991:32.7
 1036  13468 -8.931787568107533e-02 4.4e+02 2.87e-02  2e-03  1e-01 996:59.0
 1042  13546 -8.933883017182571e-02 4.8e+02 3.26e-02  3e-03  2e-01 1002:26.4
 1048  13624 -8.934250301498457e-02 5.2e+02 3.35e-02  3e-03  2e-01 1007:52.9
 1054  13702 -8.935269674081078e-02 5.4e+02 3.46e-02  3e-03  2e-01 1013:20.0
 1060  13780 -8.936249693342314e-02 5.9e+02 3.31e-02  3e-03  2e-01 1018:46.7
 1066  13858 -8.938584985582573e-02 6.0e+02 2.89e-02  2e-03  2e-01 1024:13.7
 1072  13936 -8.938950185357375e-02 6.0e+02 2.58e-02  2e-03  2e-01 1029:40.5
 1079  14027 -8.940509057844291e-02 6.3e+02 3.08e-02  2e-03  2e-01 1035:59.1
 1086  14118 -8.940456670780536e-02 6.3e+02 3.28e-02  3e-03  2e-01 1042:16.9
 1093  14209 -8.941402203605994e-02 6.3e+02 2.65e-02  2e-03  2e-01 1048:34.1
 1100  14300 -8.942668568778184e-02 6.4e+02 3.14e-02  2e-03  2e-01 1054:50.7
 1107  14391 -8.943801375460723e-02 6.7e+02 3.26e-02  3e-03  2e-01 1061:08.3
 1114  14482 -8.944602813607880e-02 6.6e+02 3.20e-02  3e-03  2e-01 1067:26.3
 1121  14573 -8.946419242227795e-02 6.6e+02 3.18e-02  2e-03  2e-01 1073:43.4
 1128  14664 -8.946947110563377e-02 6.6e+02 3.22e-02  2e-03  2e-01 1080:01.3
 1135  14755 -8.949321085746917e-02 6.6e+02 3.21e-02  2e-03  2e-01 1086:18.9
 1142  14846 -8.948670435735136e-02 6.6e+02 3.56e-02  3e-03  2e-01 1092:37.0
 1149  14937 -8.949653395832532e-02 6.5e+02 3.37e-02  2e-03  2e-01 1098:56.0
 1156  15028 -8.950897389950276e-02 6.5e+02 2.68e-02  2e-03  2e-01 1105:14.3
 1163  15119 -8.951809633061050e-02 6.4e+02 2.43e-02  2e-03  1e-01 1111:32.9
 1170  15210 -8.953054860240482e-02 6.5e+02 2.46e-02  2e-03  1e-01 1117:50.9
 1177  15301 -8.954097519617937e-02 6.5e+02 2.60e-02  2e-03  1e-01 1124:09.9
 1184  15392 -8.955689241946008e-02 6.6e+02 2.59e-02  2e-03  1e-01 1130:28.0
