Running job array 26 on csl48.int.triton.aalto.fi
Starting at Mon Mar 17 13:01:32 EET 2025
Activating virtual environment at /scratch/work/uotilav2/quantum-portfolio/venv
Processing batch 27/50: experiments 234 to 242 (total 9)
Processing experiment 234
Budget: 517.5115509033203
YF.download() has changed argument auto_adjust default to True
Expected returns: 0.06418418503348469
Covariance matrix: 0.292213008003936
3rd-order coskewness tensor: 0.3299273917100881
4th-order cokurtosis tensor: 11.309632051802925
Number of qubits for asset DIS: 3
Number of qubits for asset JNJ: 2
Number of qubits for asset JPM: 2
Number of qubits for asset NKE: 3
Total number of qubits:  10
Optimized Weights (considering variance, skewness and kurtosis):
DIS: 22.63%
JNJ: 32.79%
JPM: 16.36%
NKE: 28.23%
Left over budget:  0.7621304318687407
Optimized Discrete Allocation:
DIS: 2
JNJ: 1
NKE: 2
Maximized utility from continuous higher moments:  -157.55945796654902
Budget constraint not satisfied 525.4214630126953 517.5115509033203 Difference:  -7.909912109375
Budget constraint satisfied 509.6431121826172 517.5115509033203 Difference:  7.868438720703125
smallest_eigenvalues: [-0.0748323735628197]
smallest_bitstrings: ['0000110000']
first_excited_energy: -0.07479966157312319
optimized_portfolio: [{'DIS': 0, 'JNJ': 2, 'JPM': 1, 'NKE': 0}]
second_optimized_portfolio: [{'DIS': 2, 'JNJ': 2, 'JPM': 0, 'NKE': 0}]
result_with_budget: [{'portfolio': {'DIS': 0, 'JNJ': 2, 'JPM': 1, 'NKE': 0}, 'budget': 525.4214630126953, 'difference': -7.909912109375, 'objective_value': -52.81563804258644}]
result_with_budget_excited: [{'portfolio': {'DIS': 2, 'JNJ': 2, 'JPM': 0, 'NKE': 0}, 'budget': 509.6431121826172, 'difference': 7.868438720703125, 'objective_value': -95.7827267790901}]
Initial params:  [2.51063067 1.44978017 2.45210473 0.37157007 2.01037118 0.45035763
 2.96776493 1.63943485 1.3026989  0.83112597 2.43232687 1.43303853
 1.78578792 0.0590299  1.94035914 1.92295543 1.93815531 2.96487203
 2.14200164 1.12942738]
(6_w,12)-aCMA-ES (mu_w=3.7,w_1=40%) in dimension 20 (seed=290797, Mon Mar 17 13:01:35 2025)
Iterat #Fevals   function value  axis ratio  sigma  min&max std  t[m:s]
    1     12 -5.263103943914259e-02 1.0e+00 1.42e+00  1e+00  1e+00 0:23.3
    2     24 -2.421070479153593e-02 1.1e+00 1.40e+00  1e+00  1e+00 0:46.5
    3     36 1.951533584536671e-03 1.2e+00 1.42e+00  1e+00  1e+00 1:09.8
    4     48 3.374028701738647e-02 1.2e+00 1.47e+00  1e+00  2e+00 1:33.1
    5     60 -4.616747325606615e-03 1.3e+00 1.54e+00  1e+00  2e+00 1:56.3
    6     72 -2.832264565107956e-02 1.3e+00 1.59e+00  2e+00  2e+00 2:19.6
    7     84 -3.784268632095457e-02 1.4e+00 1.55e+00  1e+00  2e+00 2:43.1
    8     96 4.895761306632043e-02 1.4e+00 1.51e+00  1e+00  2e+00 3:06.5
    9    108 -2.704356987051580e-02 1.4e+00 1.45e+00  1e+00  2e+00 3:29.9
   10    120 -2.224087825312303e-02 1.5e+00 1.38e+00  1e+00  1e+00 3:53.6
   11    132 -4.377804883024306e-02 1.5e+00 1.29e+00  1e+00  1e+00 4:17.4
   12    144 1.865855223163631e-02 1.5e+00 1.27e+00  1e+00  1e+00 4:40.8
   13    156 2.235342313323700e-02 1.5e+00 1.25e+00  1e+00  1e+00 5:04.1
   14    168 -4.659134707186297e-02 1.5e+00 1.21e+00  1e+00  1e+00 5:27.3
   15    180 -2.663573720989277e-03 1.5e+00 1.23e+00  1e+00  1e+00 5:50.5
   16    192 -3.501722020343056e-02 1.5e+00 1.24e+00  1e+00  1e+00 6:13.6
   17    204 -5.051032065043747e-02 1.5e+00 1.23e+00  1e+00  1e+00 6:36.9
   18    216 -2.307003611487837e-02 1.5e+00 1.26e+00  1e+00  1e+00 7:00.2
   19    228 -3.491143508844800e-02 1.5e+00 1.30e+00  1e+00  1e+00 7:23.3
   20    240 -4.281530463208048e-02 1.5e+00 1.30e+00  1e+00  1e+00 7:46.5
   21    252 -5.059126183502357e-03 1.5e+00 1.25e+00  1e+00  1e+00 8:09.7
   22    264 -4.852429080190401e-02 1.5e+00 1.24e+00  1e+00  1e+00 8:33.3
   23    276 -4.363139853321776e-02 1.5e+00 1.25e+00  1e+00  1e+00 8:56.7
   24    288 -5.094043024712385e-02 1.5e+00 1.23e+00  1e+00  1e+00 9:20.1
   26    312 -2.734826160879760e-02 1.5e+00 1.20e+00  1e+00  1e+00 10:07.5
   28    336 -4.487207817771595e-02 1.5e+00 1.13e+00  1e+00  1e+00 10:54.4
   30    360 -1.320115472015300e-02 1.6e+00 1.12e+00  1e+00  1e+00 11:40.8
   32    384 7.032546021492343e-03 1.6e+00 1.17e+00  1e+00  1e+00 12:27.3
   34    408 -3.324466416864787e-02 1.7e+00 1.12e+00  1e+00  1e+00 13:13.7
   36    432 -2.089222051884830e-02 1.8e+00 1.15e+00  1e+00  1e+00 14:00.2
   38    456 -3.110825471633247e-02 1.9e+00 1.18e+00  1e+00  1e+00 14:47.1
   40    480 -4.027231079683173e-02 2.0e+00 1.20e+00  1e+00  1e+00 15:34.3
   42    504 -4.059841870903096e-02 2.0e+00 1.18e+00  1e+00  1e+00 16:21.5
   44    528 -3.249790925866208e-02 2.1e+00 1.20e+00  1e+00  1e+00 17:08.1
   46    552 2.758124956551554e-02 2.2e+00 1.13e+00  1e+00  1e+00 17:54.5
   48    576 1.025194452696982e-01 2.2e+00 1.04e+00  9e-01  1e+00 18:41.1
   50    600 -5.016734352926167e-02 2.2e+00 1.07e+00  9e-01  1e+00 19:27.6
   52    624 -1.451023537152863e-02 2.2e+00 1.11e+00  1e+00  1e+00 20:14.4
   54    648 -2.738323029618030e-02 2.2e+00 1.11e+00  1e+00  1e+00 21:01.3
   56    672 -4.806341046637572e-02 2.3e+00 1.05e+00  9e-01  1e+00 21:48.7
   58    696 1.908193236379033e-02 2.3e+00 1.06e+00  1e+00  1e+00 22:35.4
   60    720 -4.606442512824337e-02 2.2e+00 1.06e+00  1e+00  1e+00 23:21.9
   62    744 -3.778601834093676e-02 2.3e+00 1.05e+00  9e-01  1e+00 24:08.3
   64    768 2.252228372559109e-02 2.3e+00 9.85e-01  9e-01  1e+00 24:54.7
   66    792 -1.695464558470267e-02 2.3e+00 8.77e-01  8e-01  1e+00 25:41.3
   68    816 4.516161594370158e-04 2.3e+00 7.86e-01  7e-01  9e-01 26:28.1
   70    840 -1.969545955905816e-02 2.3e+00 7.12e-01  6e-01  8e-01 27:15.1
   72    864 -1.599967293198366e-02 2.4e+00 6.99e-01  6e-01  8e-01 28:02.2
   75    900 -2.824163396552459e-02 2.4e+00 7.28e-01  6e-01  9e-01 29:11.9
   78    936 -3.836147642740413e-02 2.4e+00 6.60e-01  6e-01  8e-01 30:21.6
   81    972 -1.442962529980808e-02 2.5e+00 6.36e-01  5e-01  8e-01 31:31.4
   84   1008 -4.650816344636407e-02 2.5e+00 6.29e-01  5e-01  7e-01 32:41.6
   87   1044 -3.107620622407822e-02 2.5e+00 6.05e-01  5e-01  7e-01 33:52.6
   90   1080 -3.189502773365328e-02 2.6e+00 5.56e-01  5e-01  6e-01 35:02.3
   93   1116 9.789288400032083e-02 2.6e+00 5.76e-01  5e-01  7e-01 36:11.4
   96   1152 -3.461842759154953e-02 2.6e+00 6.09e-01  5e-01  7e-01 37:16.7
   99   1188 -4.098433228498527e-02 2.6e+00 5.95e-01  5e-01  7e-01 38:23.2
  100   1200 4.651675670556877e-02 2.7e+00 6.02e-01  5e-01  7e-01 38:47.4
  103   1236 1.806188989921108e-03 2.7e+00 5.91e-01  5e-01  7e-01 39:59.8
  106   1272 1.826451961231916e-02 2.7e+00 6.02e-01  5e-01  7e-01 41:09.4
  109   1308 -3.078102952946942e-02 2.7e+00 6.04e-01  5e-01  7e-01 42:14.4
  112   1344 -5.048904616149010e-02 2.8e+00 5.94e-01  5e-01  7e-01 43:24.1
  115   1380 -2.499970131918135e-02 3.0e+00 5.97e-01  5e-01  7e-01 44:34.7
  118   1416 -1.318662820619302e-02 3.0e+00 5.98e-01  5e-01  8e-01 45:45.2
  121   1452 -4.960457562617390e-03 3.1e+00 5.69e-01  5e-01  7e-01 46:50.0
  124   1488 7.361853316667789e-03 3.1e+00 6.23e-01  5e-01  8e-01 47:59.8
  127   1524 -1.753914466824736e-02 3.1e+00 6.64e-01  5e-01  8e-01 49:10.0
  130   1560 4.874079160228079e-02 3.1e+00 6.56e-01  5e-01  8e-01 50:20.6
  133   1596 -5.611345287654912e-03 3.2e+00 6.37e-01  5e-01  8e-01 51:29.9
  137   1644 4.770476988223367e-03 3.2e+00 5.87e-01  5e-01  7e-01 52:56.7
  140   1680 -2.698962475687872e-02 3.3e+00 5.40e-01  4e-01  7e-01 54:07.8
  143   1716 -1.212336384538965e-02 3.3e+00 5.56e-01  4e-01  7e-01 55:19.3
  147   1764 -3.212035195309231e-02 3.3e+00 7.14e-01  6e-01  9e-01 56:54.1
  151   1812 -3.972024984485688e-02 3.5e+00 1.03e+00  8e-01  1e+00 58:16.9
  155   1860 -2.952713797458876e-02 3.6e+00 9.92e-01  8e-01  1e+00 59:49.5
  159   1908 -4.904856738001757e-02 3.6e+00 9.70e-01  8e-01  1e+00 61:18.0
  163   1956 1.480744017691130e-01 3.6e+00 1.14e+00  9e-01  1e+00 62:50.7
  167   2004 -4.397113377991240e-02 3.6e+00 1.22e+00  1e+00  2e+00 64:24.5
  171   2052 -4.661700502746560e-02 3.6e+00 1.53e+00  1e+00  2e+00 65:44.0
  175   2100 -4.155153802994399e-02 3.6e+00 1.86e+00  1e+00  2e+00 67:06.2
  179   2148 -9.529033990532287e-03 3.7e+00 1.80e+00  1e+00  2e+00 68:29.9
  183   2196 -5.089398927872948e-02 3.7e+00 1.66e+00  1e+00  2e+00 69:52.9
  187   2244 -5.262430420970897e-02 3.8e+00 1.70e+00  1e+00  2e+00 71:15.2
  192   2304 -4.763018976199729e-02 4.0e+00 1.66e+00  1e+00  2e+00 72:54.2
  196   2352 -4.543349243814363e-02 4.1e+00 1.47e+00  1e+00  2e+00 74:23.5
  200   2400 -4.400062701224452e-02 4.3e+00 1.52e+00  1e+00  2e+00 75:59.9
  204   2448 -1.592720214923779e-02 4.3e+00 1.59e+00  1e+00  2e+00 77:38.5
  208   2496 -1.251610619512678e-02 4.4e+00 1.51e+00  1e+00  2e+00 79:16.9
  212   2544 -3.366147768453915e-02 4.5e+00 1.51e+00  1e+00  2e+00 80:55.0
  216   2592 9.930529912884688e-03 4.6e+00 1.49e+00  1e+00  2e+00 82:30.6
  220   2640 4.959743527273085e-02 4.8e+00 1.46e+00  1e+00  2e+00 84:07.0
  224   2688 -3.136571712162051e-02 4.8e+00 1.37e+00  1e+00  2e+00 85:44.7
  228   2736 -3.603347151901515e-02 4.9e+00 1.38e+00  1e+00  2e+00 87:21.9
  232   2784 -4.576177398845058e-02 5.0e+00 1.22e+00  9e-01  2e+00 88:55.3
  236   2832 -4.182736384146832e-02 5.2e+00 1.15e+00  9e-01  2e+00 90:31.0
  241   2892 -2.843180860650532e-02 5.3e+00 1.12e+00  8e-01  2e+00 92:27.3
  246   2952 -4.389262838199210e-02 5.3e+00 1.01e+00  7e-01  1e+00 94:20.1
  251   3012 -2.946373522340957e-02 5.3e+00 8.08e-01  6e-01  1e+00 96:14.0
  256   3072 -2.416712671473516e-02 5.4e+00 7.72e-01  6e-01  1e+00 98:08.6
  261   3132 -4.128548057550296e-02 5.5e+00 7.93e-01  6e-01  1e+00 100:01.9
  266   3192 -3.905563944904217e-02 5.7e+00 8.19e-01  6e-01  1e+00 101:55.6
  271   3252 -3.739304358360095e-02 5.9e+00 8.32e-01  6e-01  1e+00 103:50.1
  276   3312 -3.577288699961489e-02 6.0e+00 7.81e-01  6e-01  1e+00 105:42.3
  281   3372 -2.733402020088734e-02 6.1e+00 6.88e-01  5e-01  1e+00 107:36.0
  286   3432 -2.281349323525860e-02 6.1e+00 7.04e-01  5e-01  1e+00 109:31.1
  291   3492 -4.468126047765583e-02 6.4e+00 7.67e-01  6e-01  1e+00 111:29.9
  296   3552 -4.173475726163178e-02 6.4e+00 8.44e-01  6e-01  1e+00 113:33.8
  300   3600 -4.028000502533206e-02 6.4e+00 7.68e-01  6e-01  1e+00 115:12.4
  305   3660 -3.756081264296379e-02 6.2e+00 6.98e-01  5e-01  1e+00 117:13.3
  310   3720 -4.012239829307220e-02 6.3e+00 5.20e-01  4e-01  8e-01 119:11.6
  315   3780 -2.851319358089559e-02 6.0e+00 5.31e-01  4e-01  8e-01 121:09.6
  320   3840 -3.586288261908785e-02 6.4e+00 5.14e-01  4e-01  8e-01 123:02.3
  325   3900 -4.171161104487309e-02 6.5e+00 4.75e-01  3e-01  7e-01 124:56.2
  330   3960 -3.351914025792002e-02 6.4e+00 5.48e-01  4e-01  8e-01 127:02.8
  335   4020 -5.039036971390479e-02 6.4e+00 5.67e-01  4e-01  8e-01 129:03.5
  340   4080 -2.395110238498329e-02 6.3e+00 6.70e-01  5e-01  1e+00 131:08.6
  345   4140 -1.743043169151972e-02 6.6e+00 6.35e-01  5e-01  9e-01 133:14.3
  350   4200 -3.914807054597481e-02 6.7e+00 6.09e-01  4e-01  9e-01 135:14.0
  355   4260 -1.933662012201330e-02 6.8e+00 5.71e-01  4e-01  8e-01 137:19.0
  360   4320 -3.873571129583341e-02 6.8e+00 5.74e-01  4e-01  8e-01 139:25.7
  365   4380 -4.532502220549017e-02 6.7e+00 5.15e-01  4e-01  8e-01 141:29.9
  370   4440 -4.053001472706152e-02 6.7e+00 4.61e-01  3e-01  7e-01 143:35.2
  376   4512 -3.510188445678988e-02 6.7e+00 4.69e-01  3e-01  7e-01 145:59.5
  382   4584 -3.965176707054689e-02 6.5e+00 4.61e-01  3e-01  7e-01 148:16.0
  388   4656 -4.201741978110009e-02 6.7e+00 4.83e-01  3e-01  7e-01 150:44.7
  394   4728 -2.774867215132465e-02 6.7e+00 5.11e-01  3e-01  7e-01 153:07.1
  400   4800 -3.614309208679434e-02 6.9e+00 4.27e-01  3e-01  6e-01 155:30.3
  406   4872 -4.176096760298788e-02 7.0e+00 3.76e-01  2e-01  6e-01 157:48.4
  412   4944 -5.808658099366475e-02 7.2e+00 3.04e-01  2e-01  4e-01 160:12.0
  418   5016 -5.579767340459389e-02 7.1e+00 2.40e-01  2e-01  3e-01 162:35.6
  424   5088 -5.729940990946224e-02 7.1e+00 2.18e-01  1e-01  3e-01 164:55.9
  430   5160 -5.707937936340650e-02 6.9e+00 2.21e-01  1e-01  3e-01 167:18.8
  436   5232 -6.181964645785738e-02 6.7e+00 1.94e-01  1e-01  3e-01 169:32.2
  442   5304 -5.938508287337951e-02 6.6e+00 2.08e-01  1e-01  3e-01 171:55.3
  449   5388 -6.049140454022238e-02 6.8e+00 1.86e-01  1e-01  2e-01 174:29.7
  456   5472 -6.009149757359167e-02 6.5e+00 1.41e-01  9e-02  2e-01 177:00.1
  463   5556 -6.227463663538973e-02 6.4e+00 1.31e-01  8e-02  2e-01 179:32.2
  469   5628 -6.071289940334689e-02 6.5e+00 1.25e-01  7e-02  1e-01 181:50.7
  475   5700 -6.167771046835870e-02 6.6e+00 1.06e-01  6e-02  1e-01 184:11.9
  481   5772 -6.239772940601301e-02 6.5e+00 9.17e-02  5e-02  1e-01 186:31.4
  488   5856 -6.195638339632650e-02 6.7e+00 9.33e-02  5e-02  1e-01 189:03.5
  495   5940 -6.256647401064552e-02 6.8e+00 6.54e-02  4e-02  7e-02 191:41.1
  500   6000 -6.268919679784198e-02 6.9e+00 5.94e-02  3e-02  6e-02 193:34.2
  507   6084 -6.275049889869669e-02 7.0e+00 4.77e-02  3e-02  5e-02 196:07.5
  514   6168 -6.249288591291349e-02 7.5e+00 4.69e-02  3e-02  5e-02 198:41.6
  521   6252 -6.277816277069698e-02 8.1e+00 3.78e-02  2e-02  4e-02 201:19.7
  528   6336 -6.291674140835730e-02 8.3e+00 3.76e-02  2e-02  4e-02 203:57.7
  535   6420 -6.297387089222543e-02 8.7e+00 3.92e-02  2e-02  4e-02 206:34.3
  542   6504 -6.291197888079120e-02 9.0e+00 3.71e-02  2e-02  4e-02 209:07.0
  549   6588 -6.302534477721455e-02 9.4e+00 3.10e-02  2e-02  3e-02 211:45.7
  556   6672 -6.307044774150879e-02 9.7e+00 2.70e-02  1e-02  3e-02 214:16.8
  563   6756 -6.311963124769361e-02 1.0e+01 2.82e-02  1e-02  3e-02 216:49.6
  571   6852 -6.324159453328444e-02 1.1e+01 3.54e-02  2e-02  4e-02 219:41.9
  579   6948 -6.333844756733384e-02 1.2e+01 3.38e-02  2e-02  4e-02 222:33.7
  587   7044 -6.343855788818281e-02 1.5e+01 3.54e-02  2e-02  4e-02 225:26.7
  595   7140 -6.355862308418649e-02 1.6e+01 4.55e-02  2e-02  6e-02 228:20.5
  600   7200 -6.366124295645066e-02 1.7e+01 4.06e-02  2e-02  5e-02 230:09.2
  608   7296 -6.397766393877768e-02 2.2e+01 5.67e-02  2e-02  9e-02 233:00.4
  616   7392 -6.417878290376990e-02 2.8e+01 6.44e-02  3e-02  1e-01 235:56.5
  624   7488 -6.474291819052590e-02 3.2e+01 6.68e-02  3e-02  1e-01 238:49.8
  632   7584 -6.500326424266963e-02 3.3e+01 6.46e-02  3e-02  1e-01 241:49.3
  640   7680 -6.510828776399774e-02 3.4e+01 7.42e-02  3e-02  2e-01 244:47.0
  648   7776 -6.549141752395710e-02 3.5e+01 7.19e-02  3e-02  1e-01 247:42.0
  656   7872 -6.582195141782451e-02 3.8e+01 6.75e-02  3e-02  1e-01 250:38.5
  664   7968 -6.585087306842269e-02 3.9e+01 8.41e-02  3e-02  2e-01 253:34.2
  672   8064 -6.620304294316436e-02 4.2e+01 8.44e-02  3e-02  2e-01 256:31.4
  680   8160 -6.613048014550342e-02 4.1e+01 6.92e-02  2e-02  1e-01 259:28.1
  688   8256 -6.628725427578347e-02 4.1e+01 6.00e-02  2e-02  1e-01 262:28.7
  696   8352 -6.639256660926869e-02 4.2e+01 5.54e-02  2e-02  1e-01 265:28.7
  700   8400 -6.645576505680087e-02 4.3e+01 4.66e-02  2e-02  1e-01 266:58.5
  708   8496 -6.654332497234847e-02 4.4e+01 3.79e-02  1e-02  8e-02 269:60.0
  716   8592 -6.656397726580207e-02 4.5e+01 3.72e-02  1e-02  8e-02 273:01.8
  724   8688 -6.669926431072244e-02 4.7e+01 4.57e-02  2e-02  9e-02 275:58.3
  732   8784 -6.670918976209243e-02 4.8e+01 4.40e-02  1e-02  9e-02 278:55.0
  740   8880 -6.676860627928882e-02 4.8e+01 3.59e-02  1e-02  7e-02 281:56.5
  748   8976 -6.678211459604880e-02 5.0e+01 3.13e-02  1e-02  6e-02 285:01.1
  756   9072 -6.679574010251955e-02 5.3e+01 2.87e-02  1e-02  6e-02 288:05.3
  764   9168 -6.680041452095892e-02 5.2e+01 2.28e-02  8e-03  4e-02 291:10.7
  772   9264 -6.682631144568407e-02 5.3e+01 2.25e-02  8e-03  4e-02 294:17.4
  780   9360 -6.683493773898148e-02 5.5e+01 2.21e-02  7e-03  4e-02 297:22.4
  788   9456 -6.684762854816316e-02 5.6e+01 1.61e-02  5e-03  3e-02 300:30.3
  796   9552 -6.685425679017631e-02 5.6e+01 1.41e-02  5e-03  3e-02 303:33.9
  800   9600 -6.686262290361977e-02 5.8e+01 1.36e-02  5e-03  2e-02 305:06.3
  808   9696 -6.687469652981380e-02 5.7e+01 1.76e-02  6e-03  3e-02 308:11.4
  816   9792 -6.689462784984911e-02 5.8e+01 1.71e-02  6e-03  3e-02 311:15.6
  824   9888 -6.691075477225733e-02 5.8e+01 1.86e-02  6e-03  3e-02 314:23.3
  833   9996 -6.693362538469295e-02 5.8e+01 1.91e-02  6e-03  3e-02 317:52.7
  842  10104 -6.696434669223038e-02 5.7e+01 2.68e-02  8e-03  4e-02 321:18.1
  851  10212 -6.702024275337660e-02 6.0e+01 4.49e-02  1e-02  7e-02 324:32.8
  860  10320 -6.701500120293684e-02 7.8e+01 5.79e-02  2e-02  9e-02 327:53.7
  869  10428 -6.706635179931772e-02 7.7e+01 4.95e-02  1e-02  8e-02 331:15.3
  878  10536 -6.709439417220553e-02 7.7e+01 5.69e-02  2e-02  9e-02 334:34.5
  887  10644 -6.714355325113863e-02 7.7e+01 5.13e-02  1e-02  8e-02 337:51.6
  896  10752 -6.714437711009107e-02 8.0e+01 4.39e-02  1e-02  7e-02 341:11.7
  900  10800 -6.715302710786789e-02 8.0e+01 3.67e-02  1e-02  6e-02 342:38.4
  909  10908 -6.716849994169299e-02 8.2e+01 3.60e-02  9e-03  6e-02 345:53.6
  919  11028 -6.720875146084877e-02 8.0e+01 2.98e-02  8e-03  5e-02 349:30.2
  929  11148 -6.723688867469298e-02 8.2e+01 2.40e-02  6e-03  4e-02 353:07.1
  938  11256 -6.725152777961278e-02 8.2e+01 2.65e-02  7e-03  5e-02 356:32.5
  947  11364 -6.728437612261773e-02 9.4e+01 3.27e-02  8e-03  7e-02 359:55.2
  956  11472 -6.728331633330976e-02 1.0e+02 3.96e-02  1e-02  1e-01 363:17.4
  966  11592 -6.730176854319347e-02 1.1e+02 3.36e-02  8e-03  8e-02 366:59.5
  976  11712 -6.731814884280450e-02 1.2e+02 3.00e-02  7e-03  7e-02 370:40.6
  986  11832 -6.733155473344848e-02 1.3e+02 2.49e-02  5e-03  7e-02 374:23.9
  996  11952 -6.733505467601905e-02 1.3e+02 2.62e-02  6e-03  7e-02 378:02.7
 1000  12000 -6.734282618694730e-02 1.3e+02 2.54e-02  6e-03  6e-02 379:33.9
Budget constraint satisfied 369.3383560180664 517.5115509033203 Difference:  148.1731948852539
Budget constraint satisfied 330.11048889160156 517.5115509033203 Difference:  187.40106201171875
two_most_probable_states: ['0001000110', '1001000100']
final_expectation_value: -0.0673455502490638
params: [5.769134858832599, -4.16751240168682, 5.520063675296874, -2.031755057490856, 3.905387088801882, 1.6899325796383164, -5.699867702965395, 4.234448653262279, -7.31628769073901, 2.9138083132089667, 2.740966095735677, -0.5700343487426965, 14.643851178221235, 4.738335821088415, -8.20125853272059, 11.943914937109167, 7.695169119827926, -9.648708639999114, 13.150233509865513, -0.20720811090190622]
total_steps: 1000
states_probs: [0.014972813777737903, 0.015060758091511934]
optimized_portfolios: [{'DIS': 0, 'JNJ': 1, 'JPM': 0, 'NKE': 3}, {'DIS': 1, 'JNJ': 1, 'JPM': 0, 'NKE': 1}]
objective_values: [-178.55985961120376, -20.482670532000892]
result_with_budget: [{'portfolio': {'DIS': 0, 'JNJ': 1, 'JPM': 0, 'NKE': 3}, 'budget': 369.3383560180664, 'difference': 148.1731948852539}, {'portfolio': {'DIS': 1, 'JNJ': 1, 'JPM': 0, 'NKE': 1}, 'budget': 330.11048889160156, 'difference': 187.40106201171875}]
Processing experiment 235
Budget: 988.7776679992676
Expected returns: 0.17820426903321046
Covariance matrix: 0.37683273262618866
3rd-order coskewness tensor: 1.0810265276786384
4th-order cokurtosis tensor: 21.98843701728353
Number of qubits for asset AXP: 2
Number of qubits for asset CRM: 2
Number of qubits for asset JNJ: 3
Number of qubits for asset KO: 4
Total number of qubits:  11
Optimized Weights (considering variance, skewness and kurtosis):
AXP: 16.58%
CRM: 38.95%
JNJ: 30.06%
KO: 14.41%
Left over budget:  9.606811406954648
Optimized Discrete Allocation:
AXP: 1
CRM: 1
JNJ: 2
KO: 1
Maximized utility from continuous higher moments:  -128.94963098635188
Budget constraint satisfied 988.3215827941895 988.7776679992676 Difference:  0.456085205078125
Budget constraint satisfied 979.1708564758301 988.7776679992676 Difference:  9.6068115234375
smallest_eigenvalues: [-0.12753701332341635]
smallest_bitstrings: ['01100001000']
first_excited_energy: -0.12753312897111505
optimized_portfolio: [{'AXP': 2, 'CRM': 1, 'JNJ': 0, 'KO': 1}]
second_optimized_portfolio: [{'AXP': 1, 'CRM': 1, 'JNJ': 2, 'KO': 1}]
result_with_budget: [{'portfolio': {'AXP': 2, 'CRM': 1, 'JNJ': 0, 'KO': 1}, 'budget': 988.3215827941895, 'difference': 0.456085205078125, 'objective_value': -143.46688739351666}]
result_with_budget_excited: [{'portfolio': {'AXP': 1, 'CRM': 1, 'JNJ': 2, 'KO': 1}, 'budget': 979.1708564758301, 'difference': 9.6068115234375, 'objective_value': -128.94963098635188}]
Initial params:  [2.77982275 0.95406851 0.20359494 1.57203427 0.7618613  2.51146811
 0.0683882  1.01611364 3.00989104 1.84632845 2.22916073 2.49592085
 0.52263901 2.31617406 2.69623623 2.64606779 0.57532152 0.72010404
 0.22870128 0.52325933]
(6_w,12)-aCMA-ES (mu_w=3.7,w_1=40%) in dimension 20 (seed=312766, Mon Mar 17 19:22:39 2025)
Iterat #Fevals   function value  axis ratio  sigma  min&max std  t[m:s]
    1     12 -9.590050336284200e-02 1.0e+00 1.42e+00  1e+00  1e+00 0:35.4
    2     24 -6.941571051965782e-02 1.1e+00 1.37e+00  1e+00  1e+00 1:10.1
    3     36 -6.836680703739091e-02 1.1e+00 1.34e+00  1e+00  1e+00 1:44.6
    4     48 -3.583692247987654e-02 1.2e+00 1.37e+00  1e+00  1e+00 2:18.4
    5     60 -7.307800602507526e-02 1.2e+00 1.37e+00  1e+00  1e+00 2:51.8
    6     72 -6.420941734365454e-02 1.3e+00 1.37e+00  1e+00  1e+00 3:25.8
    7     84 -3.220268363362302e-02 1.3e+00 1.39e+00  1e+00  1e+00 3:59.3
    8     96 -6.557205986879341e-02 1.4e+00 1.39e+00  1e+00  1e+00 4:34.2
    9    108 -6.794784361966125e-02 1.4e+00 1.34e+00  1e+00  1e+00 5:07.9
   10    120 -8.058798605853242e-02 1.4e+00 1.31e+00  1e+00  1e+00 5:42.8
   11    132 -3.840238147304894e-02 1.5e+00 1.33e+00  1e+00  1e+00 6:17.5
   12    144 -9.663880553578950e-02 1.5e+00 1.36e+00  1e+00  1e+00 6:52.1
   13    156 -6.415218801197738e-02 1.6e+00 1.33e+00  1e+00  1e+00 7:27.4
   14    168 -8.539886295211511e-02 1.6e+00 1.29e+00  1e+00  1e+00 8:01.7
   15    180 -8.717871113373565e-02 1.6e+00 1.32e+00  1e+00  1e+00 8:36.1
   16    192 -6.327635678004757e-02 1.6e+00 1.35e+00  1e+00  1e+00 9:10.6
   17    204 -1.036699656620255e-01 1.7e+00 1.31e+00  1e+00  1e+00 9:45.8
   18    216 -5.964313876743874e-02 1.7e+00 1.28e+00  1e+00  1e+00 10:21.3
   19    228 -7.615190655547917e-02 1.7e+00 1.27e+00  1e+00  1e+00 10:56.6
   20    240 -8.386604873245622e-02 1.7e+00 1.27e+00  1e+00  1e+00 11:32.1
   21    252 -8.552451352684182e-02 1.7e+00 1.28e+00  1e+00  1e+00 12:07.4
   22    264 -4.873478166206294e-02 1.7e+00 1.28e+00  1e+00  1e+00 12:42.5
   23    276 -4.522918464285755e-02 1.7e+00 1.29e+00  1e+00  1e+00 13:18.0
   24    288 -6.979077494576894e-02 1.8e+00 1.29e+00  1e+00  1e+00 13:53.3
   25    300 -7.541187425989819e-02 1.8e+00 1.28e+00  1e+00  1e+00 14:28.6
   26    312 -5.612883085292831e-02 1.8e+00 1.26e+00  1e+00  1e+00 15:04.0
   27    324 -5.335983519372790e-02 1.8e+00 1.29e+00  1e+00  1e+00 15:39.2
   28    336 -1.322817759799165e-02 1.8e+00 1.29e+00  1e+00  1e+00 16:14.4
   29    348 -6.425321522915803e-02 1.8e+00 1.28e+00  1e+00  1e+00 16:49.3
   30    360 -7.688291839061812e-02 1.8e+00 1.30e+00  1e+00  1e+00 17:24.4
   31    372 -8.641164154172261e-02 1.8e+00 1.35e+00  1e+00  1e+00 17:59.6
   32    384 -4.147734564368560e-02 1.8e+00 1.44e+00  1e+00  2e+00 18:33.7
   33    396 -6.341948959204431e-02 1.8e+00 1.48e+00  1e+00  2e+00 19:07.8
   34    408 -7.054590464740400e-02 1.9e+00 1.50e+00  1e+00  2e+00 19:42.0
   36    432 -5.499431318091765e-02 1.9e+00 1.54e+00  1e+00  2e+00 20:49.9
   38    456 -1.041606817276484e-01 1.9e+00 1.60e+00  1e+00  2e+00 21:59.8
   40    480 -5.415319610290038e-02 1.9e+00 1.60e+00  1e+00  2e+00 23:09.3
   42    504 -1.001526959992773e-01 1.9e+00 1.59e+00  1e+00  2e+00 24:17.9
   44    528 -9.840451054538978e-02 2.0e+00 1.52e+00  1e+00  2e+00 25:24.8
   46    552 -8.441657189883192e-02 2.0e+00 1.43e+00  1e+00  2e+00 26:31.8
   48    576 -4.180696734981083e-02 2.0e+00 1.48e+00  1e+00  2e+00 27:38.4
   50    600 -7.024141967468457e-02 2.1e+00 1.47e+00  1e+00  2e+00 28:42.0
   52    624 4.293896684153421e-02 2.1e+00 1.43e+00  1e+00  2e+00 29:46.7
   54    648 -8.446661778591324e-02 2.2e+00 1.40e+00  1e+00  2e+00 30:48.6
   56    672 -9.857088725080033e-02 2.3e+00 1.21e+00  1e+00  1e+00 31:49.8
   58    696 -9.190112360841590e-02 2.3e+00 1.14e+00  1e+00  1e+00 32:49.5
   60    720 -6.545452903871379e-02 2.3e+00 1.11e+00  1e+00  1e+00 33:49.0
   62    744 -5.636539419824678e-02 2.3e+00 1.10e+00  9e-01  1e+00 34:48.3
   64    768 -1.031820908215987e-01 2.4e+00 1.08e+00  9e-01  1e+00 35:50.7
   66    792 -5.490659399752882e-02 2.4e+00 1.04e+00  9e-01  1e+00 36:53.1
   68    816 -6.866063631344793e-02 2.4e+00 9.91e-01  9e-01  1e+00 37:50.7
   70    840 -6.220619840879655e-02 2.4e+00 1.03e+00  9e-01  1e+00 38:47.4
   72    864 -1.048578574880214e-01 2.5e+00 1.06e+00  9e-01  1e+00 39:44.2
   74    888 -7.548661068913658e-02 2.4e+00 1.05e+00  9e-01  1e+00 40:42.7
   76    912 -4.790709964204960e-02 2.4e+00 1.07e+00  9e-01  1e+00 41:40.0
   78    936 -9.424512600623965e-02 2.4e+00 1.08e+00  9e-01  1e+00 42:35.8
   81    972 -7.296530494047913e-02 2.5e+00 1.00e+00  8e-01  1e+00 43:58.1
   84   1008 -6.285352578459955e-02 2.5e+00 9.69e-01  8e-01  1e+00 45:19.5
   86   1032 -6.845512076747123e-02 2.5e+00 9.50e-01  8e-01  1e+00 46:20.0
   88   1056 -8.989892027615425e-02 2.5e+00 9.14e-01  8e-01  1e+00 47:23.5
   90   1080 -8.466251808203661e-02 2.5e+00 8.59e-01  7e-01  1e+00 48:28.1
   92   1104 -1.049607145749507e-01 2.6e+00 8.52e-01  7e-01  1e+00 49:31.6
   94   1128 -1.063369431043102e-01 2.6e+00 8.69e-01  7e-01  1e+00 50:36.8
   96   1152 -7.523566868821410e-02 2.6e+00 8.99e-01  7e-01  1e+00 51:41.3
   99   1188 -5.829118301936091e-02 2.6e+00 9.52e-01  8e-01  1e+00 53:17.0
  100   1200 -7.122551873042865e-02 2.7e+00 9.63e-01  8e-01  1e+00 53:51.1
  102   1224 -7.738539267439144e-02 2.7e+00 9.78e-01  8e-01  1e+00 54:57.8
  104   1248 -7.551539713996971e-02 2.8e+00 9.91e-01  8e-01  1e+00 56:04.9
  107   1284 -6.089949717275872e-02 2.8e+00 1.00e+00  8e-01  1e+00 57:45.5
  110   1320 -9.909594169651215e-02 2.9e+00 1.01e+00  8e-01  1e+00 59:25.5
  113   1356 -3.156392519645589e-02 3.0e+00 9.42e-01  8e-01  1e+00 61:03.8
  116   1392 -7.408925502098253e-02 3.0e+00 9.36e-01  7e-01  1e+00 62:43.7
  119   1428 -8.643172931002982e-02 3.0e+00 9.12e-01  7e-01  1e+00 64:24.8
  122   1464 -9.513357763552543e-02 3.0e+00 8.43e-01  7e-01  1e+00 66:04.1
  125   1500 -3.627552875936672e-02 3.0e+00 8.48e-01  7e-01  1e+00 67:38.3
  128   1536 -7.768848025710792e-02 3.0e+00 8.17e-01  7e-01  1e+00 69:16.1
  131   1572 -8.891622541059935e-02 3.0e+00 7.83e-01  6e-01  1e+00 70:57.1
  134   1608 -7.474630513532976e-02 3.1e+00 7.99e-01  6e-01  1e+00 72:34.1
  137   1644 -7.979533514045678e-02 3.1e+00 7.60e-01  6e-01  9e-01 74:09.5
  140   1680 -3.646494459279256e-02 3.0e+00 7.96e-01  6e-01  1e+00 75:48.7
  143   1716 -6.228779833566082e-02 3.1e+00 9.59e-01  8e-01  1e+00 77:26.2
  146   1752 -9.613471253993411e-02 3.2e+00 1.03e+00  8e-01  1e+00 79:04.0
  149   1788 -5.503874614596119e-02 3.3e+00 1.12e+00  9e-01  1e+00 80:44.7
  152   1824 -4.720969491261485e-02 3.2e+00 1.10e+00  9e-01  1e+00 82:20.7
  155   1860 -7.690783979872727e-02 3.2e+00 1.13e+00  9e-01  1e+00 83:56.1
  158   1896 2.833094690508461e-03 3.2e+00 1.23e+00  1e+00  1e+00 85:34.2
  161   1932 -7.141550443842799e-02 3.3e+00 1.15e+00  1e+00  1e+00 87:14.0
  164   1968 -6.242705454840385e-02 3.4e+00 1.07e+00  9e-01  1e+00 88:51.6
  167   2004 -5.337752579766605e-02 3.4e+00 1.04e+00  8e-01  1e+00 90:29.9
  170   2040 -7.015264159342806e-02 3.4e+00 1.14e+00  9e-01  1e+00 92:07.7
  173   2076 -5.487631342214750e-02 3.5e+00 1.19e+00  1e+00  1e+00 93:47.8
  176   2112 -7.943174908223058e-02 3.6e+00 1.31e+00  1e+00  2e+00 95:28.4
  179   2148 -6.576114876281740e-02 3.8e+00 1.40e+00  1e+00  2e+00 97:06.0
  182   2184 -1.245967020026365e-02 4.0e+00 1.50e+00  1e+00  2e+00 98:40.6
  185   2220 -6.042698207575245e-02 4.1e+00 1.34e+00  1e+00  2e+00 100:15.7
  188   2256 -9.732656365688137e-02 4.1e+00 1.44e+00  1e+00  2e+00 101:50.9
  192   2304 -7.730711912811694e-02 4.1e+00 1.29e+00  1e+00  2e+00 103:57.7
  196   2352 -7.884084403391595e-02 4.1e+00 1.18e+00  1e+00  2e+00 106:04.2
  200   2400 -7.092698079270975e-02 4.1e+00 1.20e+00  1e+00  2e+00 108:09.8
  204   2448 -2.423543536086427e-02 4.0e+00 1.04e+00  9e-01  1e+00 110:15.9
  208   2496 -5.939754148882172e-02 4.0e+00 9.35e-01  8e-01  1e+00 112:21.2
  212   2544 -4.527809089093800e-02 4.0e+00 8.16e-01  7e-01  1e+00 114:27.1
  216   2592 -6.704840485468841e-02 4.1e+00 6.50e-01  5e-01  8e-01 116:33.7
  220   2640 -9.510938931760801e-02 4.1e+00 6.14e-01  5e-01  8e-01 118:40.4
  224   2688 -6.242442764067662e-02 4.2e+00 5.84e-01  5e-01  8e-01 120:47.6
  228   2736 -8.727313440794299e-02 4.3e+00 5.26e-01  4e-01  7e-01 122:57.5
  232   2784 -8.340399280370066e-02 4.3e+00 4.43e-01  4e-01  6e-01 125:08.5
  236   2832 -7.724571285662887e-02 4.4e+00 4.68e-01  4e-01  6e-01 127:20.8
  240   2880 -5.687260080378464e-02 4.5e+00 4.28e-01  3e-01  5e-01 129:33.1
  244   2928 -9.859538200532879e-02 4.4e+00 4.34e-01  3e-01  6e-01 131:45.5
  248   2976 -8.166599329987202e-02 4.3e+00 3.95e-01  3e-01  5e-01 133:58.4
  252   3024 -5.597800115074764e-02 4.3e+00 3.61e-01  3e-01  5e-01 136:11.1
  256   3072 -7.614394406705262e-02 4.3e+00 3.41e-01  3e-01  4e-01 138:23.3
  260   3120 -8.547072245087148e-02 4.2e+00 2.95e-01  2e-01  4e-01 140:34.8
  264   3168 -8.456498091687434e-02 4.3e+00 2.89e-01  2e-01  4e-01 142:47.0
  268   3216 -6.895047434266731e-02 4.3e+00 3.18e-01  2e-01  4e-01 144:58.5
  272   3264 -9.455064906036638e-02 4.4e+00 3.08e-01  2e-01  4e-01 147:10.0
  276   3312 -8.298597668991335e-02 4.5e+00 3.01e-01  2e-01  4e-01 149:20.7
  280   3360 -8.763517686870853e-02 4.5e+00 3.10e-01  2e-01  4e-01 151:32.6
  284   3408 -9.516331041908843e-02 4.5e+00 2.99e-01  2e-01  4e-01 153:45.2
  288   3456 -9.174525064369264e-02 4.6e+00 3.03e-01  2e-01  4e-01 155:57.8
  292   3504 -8.625739283031407e-02 4.7e+00 2.77e-01  2e-01  3e-01 158:08.8
  296   3552 -1.061888549824463e-01 4.8e+00 2.54e-01  2e-01  3e-01 160:20.7
  300   3600 -1.008186221407508e-01 4.9e+00 2.33e-01  2e-01  3e-01 162:31.9
  304   3648 -9.528007170679487e-02 4.9e+00 2.33e-01  2e-01  3e-01 164:39.2
  308   3696 -1.065221923867381e-01 4.8e+00 2.12e-01  1e-01  3e-01 166:47.0
  312   3744 -1.040647353717983e-01 4.8e+00 2.10e-01  1e-01  3e-01 169:00.5
  317   3804 -1.073106311066725e-01 4.8e+00 2.27e-01  1e-01  3e-01 171:36.1
  322   3864 -1.008998086830937e-01 4.8e+00 2.19e-01  1e-01  3e-01 174:08.5
  327   3924 -1.057022010986257e-01 4.9e+00 2.22e-01  1e-01  3e-01 176:42.8
  331   3972 -1.018596859139419e-01 5.1e+00 2.08e-01  1e-01  3e-01 178:58.1
  335   4020 -1.043566262592615e-01 5.1e+00 1.99e-01  1e-01  3e-01 181:10.9
  339   4068 -1.053712803055469e-01 5.2e+00 1.95e-01  1e-01  3e-01 183:27.6
  344   4128 -1.070318557262732e-01 5.4e+00 1.81e-01  1e-01  2e-01 186:13.2
  348   4176 -1.059354022048842e-01 5.4e+00 1.95e-01  1e-01  3e-01 188:28.3
  353   4236 -1.014873349125894e-01 5.6e+00 1.99e-01  1e-01  3e-01 191:15.9
  358   4296 -1.043730537498462e-01 5.5e+00 1.71e-01  9e-02  2e-01 194:01.2
  363   4356 -1.043163086807223e-01 5.6e+00 1.80e-01  9e-02  2e-01 196:46.9
  368   4416 -1.068887149382700e-01 5.6e+00 1.60e-01  8e-02  2e-01 199:36.0
  373   4476 -1.077219463833827e-01 5.7e+00 1.38e-01  7e-02  2e-01 202:21.8
  378   4536 -1.077634850595291e-01 5.7e+00 1.24e-01  6e-02  2e-01 205:13.2
  383   4596 -1.068060556914633e-01 5.7e+00 1.08e-01  5e-02  1e-01 208:08.0
  388   4656 -1.090349491704330e-01 5.7e+00 1.04e-01  5e-02  1e-01 211:04.4
  393   4716 -1.087010093314601e-01 5.8e+00 1.00e-01  4e-02  1e-01 214:01.1
  398   4776 -1.084900575236102e-01 6.2e+00 9.07e-02  4e-02  1e-01 216:45.4
  400   4800 -1.091806110797877e-01 6.3e+00 8.99e-02  4e-02  1e-01 217:50.2
  405   4860 -1.086389508790369e-01 6.6e+00 8.34e-02  3e-02  1e-01 220:39.2
  410   4920 -1.094763416932779e-01 6.8e+00 6.36e-02  2e-02  7e-02 223:25.0
  415   4980 -1.098145427774779e-01 7.0e+00 5.80e-02  2e-02  7e-02 226:20.2
  420   5040 -1.096527083216810e-01 7.1e+00 4.81e-02  2e-02  6e-02 229:18.3
  425   5100 -1.097155705067938e-01 7.3e+00 4.05e-02  1e-02  5e-02 232:05.3
  430   5160 -1.099591406331650e-01 7.4e+00 4.10e-02  1e-02  5e-02 234:49.7
  435   5220 -1.100999931376572e-01 7.9e+00 3.86e-02  1e-02  5e-02 237:37.3
  440   5280 -1.101703936490126e-01 8.1e+00 3.89e-02  1e-02  5e-02 240:26.6
  445   5340 -1.103693507177147e-01 8.4e+00 3.51e-02  1e-02  4e-02 243:12.4
  450   5400 -1.104241010951979e-01 8.2e+00 3.49e-02  1e-02  4e-02 246:01.2
  455   5460 -1.106411195762430e-01 8.0e+00 3.78e-02  1e-02  5e-02 248:50.8
  460   5520 -1.106420166963477e-01 8.4e+00 3.76e-02  1e-02  5e-02 251:38.7
  465   5580 -1.107960508480978e-01 8.6e+00 3.60e-02  1e-02  4e-02 254:28.3
  470   5640 -1.109906924710934e-01 9.2e+00 3.46e-02  1e-02  4e-02 257:22.6
  475   5700 -1.109750164364583e-01 9.6e+00 3.03e-02  9e-03  3e-02 260:13.9
  480   5760 -1.109477539872133e-01 1.0e+01 2.82e-02  8e-03  3e-02 263:02.0
  485   5820 -1.111299507115516e-01 1.1e+01 2.97e-02  8e-03  4e-02 265:53.5
  490   5880 -1.111466945849665e-01 1.2e+01 3.12e-02  9e-03  4e-02 268:45.7
  495   5940 -1.112267207178013e-01 1.2e+01 3.19e-02  9e-03  4e-02 271:33.0
  500   6000 -1.112812271783471e-01 1.2e+01 2.95e-02  8e-03  3e-02 274:22.2
  505   6060 -1.112963280148292e-01 1.3e+01 2.94e-02  8e-03  3e-02 277:10.2
  511   6132 -1.113381368800347e-01 1.3e+01 2.67e-02  7e-03  3e-02 280:31.0
  517   6204 -1.113539530790782e-01 1.4e+01 1.85e-02  5e-03  2e-02 283:51.0
  523   6276 -1.114081784773499e-01 1.5e+01 1.65e-02  4e-03  2e-02 287:12.9
  529   6348 -1.114504654572663e-01 1.5e+01 1.40e-02  3e-03  2e-02 290:34.0
  535   6420 -1.115019844441173e-01 1.6e+01 1.46e-02  3e-03  2e-02 293:55.0
  540   6480 -1.115398115835105e-01 1.7e+01 1.77e-02  4e-03  2e-02 296:50.4
  545   6540 -1.115722822956376e-01 1.9e+01 2.34e-02  5e-03  3e-02 299:45.6
  550   6600 -1.115646756810947e-01 2.0e+01 2.34e-02  5e-03  3e-02 302:42.5
  556   6672 -1.116245258850210e-01 2.0e+01 2.22e-02  5e-03  3e-02 306:11.7
  562   6744 -1.116804467698068e-01 2.1e+01 2.57e-02  6e-03  4e-02 309:41.6
  568   6816 -1.117085434955233e-01 2.2e+01 2.66e-02  6e-03  4e-02 313:12.1
  574   6888 -1.117115243125974e-01 2.3e+01 2.88e-02  6e-03  5e-02 316:43.7
  580   6960 -1.117804627112392e-01 2.4e+01 3.22e-02  6e-03  5e-02 320:14.7
  586   7032 -1.118497043375532e-01 2.6e+01 2.96e-02  6e-03  5e-02 323:45.0
  592   7104 -1.119476104179949e-01 2.7e+01 2.55e-02  5e-03  4e-02 327:15.4
  598   7176 -1.119734837051565e-01 3.2e+01 2.44e-02  5e-03  5e-02 330:43.8
  600   7200 -1.120009131942012e-01 3.2e+01 2.54e-02  5e-03  5e-02 331:54.4
  606   7272 -1.120721617179440e-01 3.6e+01 3.15e-02  6e-03  7e-02 335:24.4
  612   7344 -1.122263928804827e-01 4.0e+01 3.84e-02  7e-03  9e-02 338:55.7
  618   7416 -1.123225522154689e-01 4.5e+01 5.44e-02  1e-02  1e-01 342:27.5
  624   7488 -1.123942517681376e-01 4.7e+01 6.04e-02  1e-02  2e-01 345:59.8
  630   7560 -1.125256353049581e-01 4.9e+01 5.42e-02  1e-02  1e-01 349:32.9
  636   7632 -1.126661432381301e-01 5.0e+01 5.72e-02  1e-02  1e-01 353:04.7
  642   7704 -1.126696667228110e-01 5.4e+01 6.19e-02  1e-02  2e-01 356:36.0
  648   7776 -1.126870207352101e-01 5.6e+01 5.55e-02  1e-02  1e-01 360:09.4
  654   7848 -1.128787540153163e-01 5.8e+01 4.25e-02  7e-03  1e-01 363:42.2
  660   7920 -1.130322214831479e-01 6.0e+01 3.79e-02  6e-03  1e-01 367:14.4
  666   7992 -1.130397474602079e-01 6.4e+01 4.12e-02  7e-03  1e-01 370:46.8
  672   8064 -1.131799970825638e-01 6.9e+01 4.21e-02  7e-03  1e-01 374:20.0
  678   8136 -1.133268566505164e-01 7.1e+01 4.29e-02  7e-03  1e-01 377:52.5
  684   8208 -1.134709275513242e-01 7.5e+01 3.99e-02  6e-03  1e-01 381:25.0
  690   8280 -1.135992647331763e-01 7.9e+01 4.21e-02  6e-03  1e-01 384:59.0
  696   8352 -1.138613592641692e-01 8.4e+01 4.46e-02  7e-03  1e-01 388:32.1
  700   8400 -1.140438963334792e-01 8.9e+01 4.48e-02  7e-03  1e-01 390:54.4
  706   8472 -1.139438506169515e-01 9.4e+01 4.37e-02  7e-03  2e-01 394:26.4
  712   8544 -1.141115257386615e-01 1.0e+02 4.98e-02  8e-03  2e-01 397:58.6
  718   8616 -1.141351837848642e-01 1.0e+02 4.36e-02  7e-03  2e-01 401:30.4
  724   8688 -1.142702406957658e-01 1.0e+02 3.95e-02  6e-03  1e-01 405:02.4
  730   8760 -1.142953879011070e-01 1.0e+02 3.56e-02  5e-03  1e-01 408:34.4
  736   8832 -1.143280655323155e-01 1.0e+02 3.26e-02  5e-03  1e-01 412:07.1
  742   8904 -1.143921451827508e-01 1.0e+02 2.86e-02  4e-03  1e-01 415:39.4
  748   8976 -1.144542249395340e-01 1.1e+02 2.67e-02  4e-03  1e-01 419:10.9
  754   9048 -1.144598953668165e-01 1.2e+02 3.05e-02  5e-03  1e-01 422:43.3
  760   9120 -1.145165417756306e-01 1.2e+02 2.79e-02  4e-03  1e-01 426:15.9
  766   9192 -1.145448065533900e-01 1.2e+02 3.02e-02  5e-03  1e-01 429:48.0
  772   9264 -1.145218912361450e-01 1.2e+02 2.59e-02  4e-03  1e-01 433:20.4
  778   9336 -1.145849513412254e-01 1.2e+02 2.25e-02  3e-03  9e-02 436:53.9
  785   9420 -1.146143184470754e-01 1.2e+02 1.91e-02  3e-03  7e-02 441:03.5
  792   9504 -1.146138797677647e-01 1.2e+02 1.80e-02  3e-03  7e-02 445:11.1
  799   9588 -1.146415651156925e-01 1.3e+02 1.73e-02  3e-03  6e-02 449:18.0
  800   9600 -1.146412210903186e-01 1.3e+02 1.77e-02  3e-03  6e-02 449:53.2
  807   9684 -1.146545132850473e-01 1.3e+02 2.08e-02  3e-03  8e-02 453:60.0
  814   9768 -1.146587763950817e-01 1.3e+02 1.95e-02  3e-03  7e-02 458:07.0
  821   9852 -1.146831619770879e-01 1.4e+02 1.65e-02  2e-03  6e-02 462:14.1
  828   9936 -1.147017436422527e-01 1.4e+02 1.83e-02  3e-03  7e-02 466:21.2
  835  10020 -1.147468683007052e-01 1.5e+02 2.52e-02  4e-03  9e-02 470:28.6
  842  10104 -1.147813472386556e-01 1.5e+02 2.87e-02  4e-03  1e-01 474:35.3
  849  10188 -1.148699586098596e-01 1.7e+02 3.32e-02  5e-03  1e-01 478:42.3
  856  10272 -1.150660079581513e-01 1.7e+02 5.83e-02  8e-03  2e-01 482:49.0
  863  10356 -1.151755716082125e-01 1.9e+02 7.52e-02  1e-02  3e-01 486:55.8
  870  10440 -1.153712399550943e-01 1.9e+02 8.28e-02  1e-02  4e-01 491:02.8
  877  10524 -1.155049881421513e-01 1.9e+02 6.89e-02  9e-03  3e-01 495:08.9
  884  10608 -1.155351514854515e-01 1.9e+02 6.23e-02  8e-03  3e-01 499:14.1
  891  10692 -1.156112274277325e-01 1.8e+02 6.29e-02  8e-03  3e-01 503:19.1
  898  10776 -1.157963489049302e-01 1.8e+02 6.07e-02  8e-03  2e-01 507:24.5
  900  10800 -1.159016266024970e-01 1.8e+02 6.36e-02  8e-03  3e-01 508:32.9
  907  10884 -1.159890045979407e-01 1.9e+02 7.47e-02  9e-03  3e-01 512:40.4
  914  10968 -1.164025734099116e-01 2.0e+02 8.24e-02  1e-02  3e-01 516:43.7
  921  11052 -1.163712335849750e-01 1.9e+02 6.80e-02  8e-03  3e-01 520:48.9
  928  11136 -1.165016195208227e-01 1.9e+02 5.10e-02  6e-03  2e-01 524:56.0
  935  11220 -1.166268459324664e-01 1.8e+02 5.95e-02  8e-03  2e-01 529:02.5
  942  11304 -1.165959380156875e-01 1.7e+02 6.41e-02  8e-03  2e-01 533:10.2
  949  11388 -1.166821329572439e-01 1.6e+02 6.01e-02  8e-03  2e-01 537:15.7
  956  11472 -1.167584773795707e-01 1.5e+02 4.91e-02  6e-03  2e-01 541:21.6
  963  11556 -1.167971546863835e-01 1.5e+02 4.33e-02  5e-03  1e-01 545:28.0
  970  11640 -1.168292618024860e-01 1.5e+02 3.37e-02  4e-03  1e-01 549:34.9
  977  11724 -1.168448275381771e-01 1.5e+02 3.08e-02  4e-03  9e-02 553:41.1
  985  11820 -1.168524342437857e-01 1.5e+02 3.22e-02  4e-03  9e-02 558:19.4
  992  11904 -1.169010449423877e-01 1.6e+02 3.81e-02  5e-03  1e-01 562:24.7
 1000  12000 -1.169180783170632e-01 1.6e+02 3.37e-02  4e-03  1e-01 567:00.6
Job finished at Tue Mar 18 04:51:13 EET 2025
