Running job array 49 on pe73.int.triton.aalto.fi
Starting at Fri Mar 21 16:01:40 EET 2025
Activating virtual environment at /scratch/work/uotilav2/quantum-portfolio/venv
Processing batch 50/100: experiments 49 to 49 (total 1)
Processing experiment 49
Budget: 4559
YF.download() has changed argument auto_adjust default to True
Number of qubits for asset MCD: 4
Number of qubits for asset NKE: 6
Total number of qubits:  10
Optimized Weights (considering variance, skewness and kurtosis):
MCD: 55.61%
NKE: 44.39%
Left over budget:  7.454709345332958
Optimized Discrete Allocation:
MCD: 9
NKE: 26
Maximized utility from continuous higher moments:  -52964.58493790771
Budget constraint satisfied 4549.255165100098 4559 Difference:  9.744834899902344
Budget constraint not satisfied 4562.185005187988 4559 Difference:  -3.1850051879882812
smallest_eigenvalues: [-0.6086945095425368]
smallest_bitstrings: ['1111110000']
first_excited_energy: -0.6086896160797107
optimized_portfolio: [{'MCD': 15, 'NKE': 3}]
second_optimized_portfolio: [{'MCD': 14, 'NKE': 7}]
result_with_budget: [{'portfolio': {'MCD': 15, 'NKE': 3}, 'budget': 4549.255165100098, 'difference': 9.744834899902344, 'objective_value': -9438.905347026042}]
result_with_budget_excited: [{'portfolio': {'MCD': 14, 'NKE': 7}, 'budget': 4562.185005187988, 'difference': -3.1850051879882812, 'objective_value': -11903.451401281625}]
Initial params:  [2.51063067 1.44978017 2.45210473 0.37157007 2.01037118 0.45035763
 2.96776493 1.63943485 1.3026989  0.83112597 2.43232687 1.43303853
 1.78578792 0.0590299  1.94035914 1.92295543 1.93815531 2.96487203
 2.14200164 1.12942738]
(6_w,12)-aCMA-ES (mu_w=3.7,w_1=40%) in dimension 20 (seed=654776, Fri Mar 21 16:02:01 2025)
Iterat #Fevals   function value  axis ratio  sigma  min&max std  t[m:s]
    1     12 -5.404439677992969e-01 1.0e+00 9.46e-02  9e-02  1e-01 0:26.5
    2     24 -5.611621948416874e-01 1.1e+00 9.27e-02  9e-02  9e-02 0:52.8
    3     36 -5.755373414475244e-01 1.1e+00 9.14e-02  9e-02  9e-02 1:19.1
    4     48 -5.667531698068775e-01 1.2e+00 9.16e-02  9e-02  9e-02 1:45.6
    5     60 -5.749386608714153e-01 1.2e+00 9.37e-02  9e-02  1e-01 2:11.9
    6     72 -5.728498875987738e-01 1.3e+00 9.49e-02  9e-02  1e-01 2:38.3
    7     84 -5.755025431354426e-01 1.3e+00 9.36e-02  9e-02  1e-01 3:04.9
    8     96 -5.757090328708520e-01 1.3e+00 8.96e-02  9e-02  9e-02 3:31.4
    9    108 -5.760504685309891e-01 1.3e+00 8.78e-02  8e-02  9e-02 3:57.7
   10    120 -5.749994296957691e-01 1.3e+00 8.55e-02  8e-02  9e-02 4:24.0
   11    132 -5.747813721193008e-01 1.4e+00 8.49e-02  8e-02  9e-02 4:50.3
   12    144 -5.768272388377610e-01 1.4e+00 8.71e-02  8e-02  9e-02 5:16.5
   13    156 -5.804821268336061e-01 1.4e+00 8.97e-02  8e-02  1e-01 5:42.8
   14    168 -5.763021492746155e-01 1.4e+00 8.78e-02  8e-02  1e-01 6:09.1
   15    180 -5.766044096436030e-01 1.5e+00 8.42e-02  8e-02  9e-02 6:35.4
   16    192 -5.756073411191510e-01 1.5e+00 8.02e-02  7e-02  9e-02 7:01.7
   17    204 -5.738821181060262e-01 1.5e+00 8.03e-02  7e-02  9e-02 7:28.0
   18    216 -5.793354709900665e-01 1.6e+00 8.08e-02  8e-02  9e-02 7:54.2
   19    228 -5.758572778405050e-01 1.6e+00 8.10e-02  7e-02  9e-02 8:20.5
   20    240 -5.777570769903446e-01 1.7e+00 7.91e-02  7e-02  9e-02 8:46.9
   21    252 -5.809990814582396e-01 1.7e+00 7.56e-02  7e-02  8e-02 9:13.2
   22    264 -5.804538325904669e-01 1.7e+00 7.40e-02  7e-02  8e-02 9:39.9
   23    276 -5.786797835887968e-01 1.7e+00 7.38e-02  7e-02  8e-02 10:06.1
   24    288 -5.780806572922972e-01 1.8e+00 7.11e-02  6e-02  8e-02 10:32.5
   25    300 -5.804512013169949e-01 1.8e+00 6.77e-02  6e-02  7e-02 10:58.8
   26    312 -5.798942646846471e-01 1.8e+00 6.49e-02  6e-02  7e-02 11:24.8
   28    336 -5.801139709724775e-01 1.8e+00 6.12e-02  5e-02  7e-02 12:18.8
   29    348 -5.787893370515313e-01 1.8e+00 6.06e-02  5e-02  7e-02 12:47.2
   30    360 -5.831880339257889e-01 1.9e+00 5.96e-02  5e-02  7e-02 13:15.5
   31    372 -5.817480744938213e-01 1.9e+00 6.06e-02  5e-02  7e-02 13:44.8
   33    396 -5.830396582967654e-01 1.9e+00 6.04e-02  5e-02  7e-02 14:38.0
   35    420 -5.833421677458204e-01 2.0e+00 5.67e-02  5e-02  6e-02 15:29.8
   37    444 -5.834053605419035e-01 2.0e+00 5.45e-02  5e-02  6e-02 16:21.4
   39    468 -5.823712521112687e-01 2.1e+00 5.32e-02  5e-02  6e-02 17:12.8
   41    492 -5.841730487559937e-01 2.1e+00 5.63e-02  5e-02  6e-02 18:04.0
   43    516 -5.823047904420131e-01 2.2e+00 5.75e-02  5e-02  6e-02 18:55.5
   45    540 -5.809567192306559e-01 2.2e+00 6.18e-02  5e-02  7e-02 19:46.6
   47    564 -5.839097995505056e-01 2.3e+00 6.08e-02  5e-02  7e-02 20:38.1
   49    588 -5.828746479322394e-01 2.5e+00 6.23e-02  5e-02  7e-02 21:29.5
   51    612 -5.834060119674218e-01 2.7e+00 5.91e-02  5e-02  7e-02 22:20.9
   53    636 -5.838839358431790e-01 2.8e+00 5.44e-02  5e-02  6e-02 23:12.1
   55    660 -5.817034320710686e-01 2.9e+00 5.12e-02  4e-02  6e-02 24:03.5
   57    684 -5.840717744614680e-01 3.0e+00 4.39e-02  4e-02  5e-02 24:54.8
   59    708 -5.843866816338306e-01 3.1e+00 3.90e-02  3e-02  4e-02 25:46.1
   61    732 -5.845058688821865e-01 3.1e+00 3.78e-02  3e-02  4e-02 26:37.5
   63    756 -5.843449671552053e-01 3.2e+00 3.37e-02  3e-02  4e-02 27:29.0
   65    780 -5.842214042526789e-01 3.3e+00 3.31e-02  3e-02  4e-02 28:20.4
   67    804 -5.847929196032456e-01 3.4e+00 3.28e-02  3e-02  4e-02 29:11.8
   69    828 -5.853593552542626e-01 3.6e+00 3.32e-02  3e-02  4e-02 30:03.0
   71    852 -5.852881682949731e-01 3.7e+00 3.40e-02  3e-02  4e-02 30:54.2
   73    876 -5.853453340453456e-01 3.9e+00 3.45e-02  3e-02  4e-02 31:45.6
   75    900 -5.860144810370589e-01 4.0e+00 3.70e-02  3e-02  4e-02 32:36.8
   78    936 -5.858575685692824e-01 4.3e+00 4.11e-02  3e-02  5e-02 33:53.9
   81    972 -5.869264372884927e-01 4.7e+00 4.43e-02  4e-02  5e-02 35:11.6
   83    996 -5.866790376835808e-01 4.9e+00 4.83e-02  4e-02  6e-02 36:07.1
   85   1020 -5.873173330960559e-01 5.1e+00 4.96e-02  4e-02  6e-02 37:03.2
   87   1044 -5.874742934409851e-01 5.3e+00 5.17e-02  4e-02  7e-02 37:59.3
   90   1080 -5.875135724858540e-01 5.5e+00 5.34e-02  4e-02  7e-02 39:23.8
   93   1116 -5.867696688858000e-01 5.8e+00 4.90e-02  4e-02  6e-02 40:48.0
   96   1152 -5.876557644106424e-01 6.0e+00 4.57e-02  4e-02  6e-02 42:12.5
   99   1188 -5.873754403557143e-01 6.2e+00 4.24e-02  3e-02  6e-02 43:36.8
  100   1200 -5.884351391448984e-01 6.3e+00 4.05e-02  3e-02  5e-02 44:04.7
  103   1236 -5.877362644434589e-01 6.5e+00 3.59e-02  3e-02  5e-02 45:28.5
  106   1272 -5.879010803895762e-01 6.7e+00 3.25e-02  2e-02  4e-02 46:54.5
  109   1308 -5.877091647725414e-01 6.8e+00 3.26e-02  2e-02  4e-02 48:23.2
  112   1344 -5.880048243775210e-01 6.9e+00 2.92e-02  2e-02  4e-02 49:47.4
  115   1380 -5.885254454666546e-01 7.1e+00 2.95e-02  2e-02  4e-02 51:11.5
  118   1416 -5.886924287894656e-01 7.4e+00 2.86e-02  2e-02  4e-02 52:35.6
  121   1452 -5.885398675359560e-01 7.7e+00 2.79e-02  2e-02  4e-02 53:59.6
  124   1488 -5.883261266381878e-01 7.8e+00 2.89e-02  2e-02  4e-02 55:29.7
  127   1524 -5.887288197049960e-01 8.0e+00 2.55e-02  2e-02  3e-02 57:00.5
  130   1560 -5.886163857418240e-01 8.3e+00 2.27e-02  2e-02  3e-02 58:31.2
  133   1596 -5.886851520065133e-01 8.5e+00 2.28e-02  2e-02  3e-02 60:01.6
  136   1632 -5.889516581394700e-01 8.8e+00 2.35e-02  2e-02  3e-02 61:32.3
  139   1668 -5.889794730768465e-01 9.1e+00 2.54e-02  2e-02  3e-02 63:02.7
  142   1704 -5.891206549359320e-01 9.2e+00 2.62e-02  2e-02  3e-02 64:33.2
  145   1740 -5.891496228300456e-01 9.7e+00 2.64e-02  2e-02  4e-02 66:03.9
  148   1776 -5.892960144520384e-01 9.9e+00 2.73e-02  2e-02  4e-02 67:34.2
  151   1812 -5.893385066853924e-01 1.0e+01 2.57e-02  2e-02  3e-02 69:04.6
  154   1848 -5.894380152016391e-01 1.1e+01 2.68e-02  2e-02  4e-02 70:29.4
  157   1884 -5.895950018429210e-01 1.1e+01 2.86e-02  2e-02  4e-02 71:54.4
  160   1920 -5.896373471780567e-01 1.1e+01 2.99e-02  2e-02  4e-02 73:19.6
  163   1956 -5.896632511960497e-01 1.1e+01 2.78e-02  2e-02  4e-02 74:44.7
  166   1992 -5.897122595721067e-01 1.2e+01 2.72e-02  2e-02  4e-02 76:10.2
  170   2040 -5.898445026424138e-01 1.2e+01 2.67e-02  2e-02  4e-02 77:55.8
  174   2088 -5.899154887784110e-01 1.3e+01 2.31e-02  1e-02  4e-02 79:39.4
  178   2136 -5.899810142927764e-01 1.3e+01 2.41e-02  2e-02  4e-02 81:23.0
  182   2184 -5.899645167383928e-01 1.3e+01 2.61e-02  2e-02  4e-02 83:06.8
  186   2232 -5.900182981386213e-01 1.4e+01 2.95e-02  2e-02  4e-02 84:50.3
  190   2280 -5.901191461504562e-01 1.4e+01 3.32e-02  2e-02  5e-02 86:32.7
  194   2328 -5.900960852650251e-01 1.4e+01 3.35e-02  2e-02  5e-02 88:15.3
  198   2376 -5.901272584428247e-01 1.5e+01 2.79e-02  2e-02  4e-02 89:57.8
  200   2400 -5.903314440755133e-01 1.5e+01 2.65e-02  2e-02  4e-02 90:49.3
  204   2448 -5.904900242834363e-01 1.6e+01 2.78e-02  2e-02  4e-02 92:32.2
  208   2496 -5.905365542804482e-01 1.6e+01 2.88e-02  2e-02  5e-02 94:14.8
  212   2544 -5.906381595174971e-01 1.7e+01 3.46e-02  2e-02  6e-02 95:57.5
  216   2592 -5.911450889229457e-01 1.8e+01 5.02e-02  3e-02  9e-02 97:40.5
  220   2640 -5.913332083833693e-01 1.9e+01 6.00e-02  3e-02  1e-01 99:23.2
  224   2688 -5.915911540063925e-01 2.0e+01 5.61e-02  3e-02  1e-01 101:05.9
  228   2736 -5.915227419045856e-01 2.1e+01 5.16e-02  3e-02  1e-01 102:48.6
  232   2784 -5.916616312600619e-01 2.2e+01 4.76e-02  2e-02  9e-02 104:31.1
  236   2832 -5.919538331176462e-01 2.2e+01 4.48e-02  2e-02  9e-02 106:13.8
  240   2880 -5.918027339282855e-01 2.3e+01 4.67e-02  2e-02  9e-02 107:56.5
  245   2940 -5.919270801500340e-01 2.3e+01 4.29e-02  2e-02  8e-02 110:04.7
  250   3000 -5.922426884899210e-01 2.4e+01 3.81e-02  2e-02  7e-02 112:12.9
  255   3060 -5.923467854967960e-01 2.5e+01 3.83e-02  2e-02  7e-02 114:21.2
  260   3120 -5.927809318297778e-01 2.5e+01 3.38e-02  1e-02  6e-02 116:29.5
  265   3180 -5.930262630782563e-01 2.6e+01 3.52e-02  2e-02  7e-02 118:37.7
  270   3240 -5.931310855231422e-01 2.9e+01 4.09e-02  2e-02  8e-02 120:45.9
  275   3300 -5.935517997927300e-01 3.2e+01 4.58e-02  2e-02  9e-02 122:54.2
  280   3360 -5.936741568193862e-01 3.3e+01 4.36e-02  2e-02  8e-02 125:02.2
  284   3408 -5.937384298585774e-01 3.3e+01 3.95e-02  2e-02  8e-02 127:05.9
  288   3456 -5.937086619986137e-01 3.4e+01 3.63e-02  1e-02  7e-02 129:13.7
  293   3516 -5.937796280097526e-01 3.6e+01 3.54e-02  1e-02  7e-02 131:28.0
  298   3576 -5.940964817522343e-01 3.8e+01 3.61e-02  1e-02  8e-02 133:38.9
  300   3600 -5.941027160401794e-01 3.8e+01 3.58e-02  1e-02  7e-02 134:31.4
  305   3660 -5.942703226275431e-01 4.0e+01 3.68e-02  1e-02  8e-02 136:42.1
  310   3720 -5.943742472138326e-01 4.0e+01 3.63e-02  1e-02  8e-02 138:52.8
  315   3780 -5.944460034908663e-01 4.0e+01 3.17e-02  1e-02  7e-02 141:03.7
  320   3840 -5.944519994499249e-01 4.0e+01 3.54e-02  1e-02  7e-02 143:14.2
  325   3900 -5.946865560724131e-01 4.1e+01 3.69e-02  1e-02  8e-02 145:25.1
  330   3960 -5.946038315293037e-01 4.4e+01 3.24e-02  1e-02  7e-02 147:35.7
  335   4020 -5.947834062410576e-01 4.4e+01 2.87e-02  1e-02  6e-02 149:46.0
  340   4080 -5.947577925011180e-01 4.7e+01 2.63e-02  9e-03  6e-02 151:56.7
  345   4140 -5.948764903692453e-01 4.8e+01 2.67e-02  9e-03  6e-02 154:07.2
  350   4200 -5.949145608308400e-01 4.9e+01 2.70e-02  8e-03  6e-02 156:17.8
  355   4260 -5.949672374413296e-01 5.1e+01 2.39e-02  7e-03  5e-02 158:28.1
  360   4320 -5.949724949677885e-01 5.3e+01 2.20e-02  7e-03  5e-02 160:38.7
  365   4380 -5.950840043953297e-01 5.4e+01 2.59e-02  8e-03  6e-02 162:49.2
  370   4440 -5.951903323244794e-01 6.1e+01 2.97e-02  9e-03  7e-02 164:59.9
  375   4500 -5.952312893722321e-01 6.2e+01 3.73e-02  1e-02  9e-02 167:10.3
  381   4572 -5.953034227990794e-01 7.2e+01 4.03e-02  1e-02  1e-01 169:47.0
  387   4644 -5.954376362282932e-01 7.3e+01 3.73e-02  1e-02  1e-01 172:23.6
  393   4716 -5.955353126372882e-01 7.6e+01 3.66e-02  1e-02  1e-01 175:00.2
  399   4788 -5.956352376769114e-01 7.7e+01 3.49e-02  9e-03  1e-01 177:37.2
  400   4800 -5.956992579265362e-01 8.0e+01 3.62e-02  9e-03  1e-01 178:03.4
  406   4872 -5.957683564982156e-01 8.3e+01 3.39e-02  8e-03  1e-01 180:40.4
  412   4944 -5.956875754486479e-01 8.7e+01 2.72e-02  6e-03  8e-02 183:16.8
  418   5016 -5.957792667851309e-01 8.9e+01 2.25e-02  5e-03  7e-02 185:53.8
  424   5088 -5.957905694909262e-01 9.1e+01 1.87e-02  4e-03  6e-02 188:30.6
  430   5160 -5.958170208182905e-01 9.5e+01 1.60e-02  4e-03  5e-02 191:07.6
  436   5232 -5.958517832781832e-01 9.6e+01 1.40e-02  3e-03  4e-02 193:44.6
  442   5304 -5.958803678322612e-01 9.7e+01 1.74e-02  4e-03  5e-02 196:21.8
  448   5376 -5.959138955351621e-01 1.1e+02 2.01e-02  4e-03  7e-02 198:59.4
  454   5448 -5.959100517909519e-01 1.2e+02 2.35e-02  5e-03  8e-02 201:36.8
  460   5520 -5.959435566061021e-01 1.2e+02 1.95e-02  4e-03  7e-02 204:13.9
  466   5592 -5.959939537484032e-01 1.3e+02 1.63e-02  3e-03  6e-02 206:51.4
  472   5664 -5.960450830545290e-01 1.3e+02 1.80e-02  3e-03  7e-02 209:28.8
  478   5736 -5.960786168401904e-01 1.4e+02 2.57e-02  5e-03  1e-01 212:07.0
  484   5808 -5.961098801129789e-01 1.6e+02 3.22e-02  6e-03  2e-01 214:44.8
  490   5880 -5.964492727183406e-01 1.7e+02 4.11e-02  7e-03  2e-01 217:23.0
  496   5952 -5.965395048251024e-01 1.8e+02 3.92e-02  6e-03  2e-01 220:00.4
  500   6000 -5.964361819293963e-01 1.8e+02 3.63e-02  6e-03  2e-01 221:45.6
  506   6072 -5.967498441804958e-01 1.7e+02 3.25e-02  5e-03  2e-01 224:23.4
  512   6144 -5.967876630871510e-01 1.8e+02 3.68e-02  6e-03  2e-01 227:00.7
  518   6216 -5.971031629029427e-01 1.9e+02 4.33e-02  6e-03  3e-01 229:38.0
  524   6288 -5.973907598968635e-01 2.0e+02 4.34e-02  6e-03  3e-01 232:15.7
  530   6360 -5.979753616487106e-01 2.1e+02 4.84e-02  7e-03  3e-01 234:53.4
  537   6444 -5.978535207248105e-01 2.3e+02 5.17e-02  7e-03  4e-01 237:57.0
  544   6528 -5.979947442407456e-01 2.4e+02 5.50e-02  7e-03  4e-01 241:00.6
  551   6612 -5.981612797490979e-01 2.3e+02 3.93e-02  5e-03  3e-01 244:03.0
  558   6696 -5.982848245827257e-01 2.4e+02 2.91e-02  4e-03  2e-01 247:04.2
  565   6780 -5.983700296975025e-01 2.3e+02 2.92e-02  4e-03  2e-01 250:06.9
  572   6864 -5.983864077384872e-01 2.3e+02 2.98e-02  4e-03  2e-01 253:09.9
  579   6948 -5.984680543727986e-01 2.3e+02 2.72e-02  3e-03  2e-01 256:12.9
  586   7032 -5.985448692044578e-01 2.3e+02 2.46e-02  3e-03  2e-01 259:15.8
  593   7116 -5.986069626162865e-01 2.2e+02 2.51e-02  3e-03  2e-01 262:18.8
  600   7200 -5.986497570657257e-01 2.2e+02 2.66e-02  3e-03  2e-01 265:21.6
  607   7284 -5.986493119858007e-01 2.3e+02 3.08e-02  3e-03  2e-01 268:24.5
  614   7368 -5.988439764814197e-01 2.2e+02 3.20e-02  3e-03  2e-01 271:27.2
  621   7452 -5.989248174958027e-01 2.2e+02 3.59e-02  4e-03  2e-01 274:30.0
  628   7536 -5.990280285968527e-01 2.2e+02 3.77e-02  4e-03  2e-01 277:32.7
  635   7620 -5.990250734513323e-01 2.2e+02 3.70e-02  4e-03  2e-01 280:35.2
  642   7704 -5.992306778595893e-01 2.1e+02 3.58e-02  3e-03  2e-01 283:37.8
  649   7788 -5.993827411056971e-01 2.2e+02 3.85e-02  4e-03  2e-01 286:40.6
  656   7872 -5.994801667152460e-01 2.3e+02 3.43e-02  3e-03  2e-01 289:43.1
  663   7956 -5.997065231511830e-01 2.3e+02 3.42e-02  3e-03  2e-01 292:45.5
  670   8040 -5.997854625458781e-01 2.3e+02 3.94e-02  3e-03  3e-01 295:45.1
  677   8124 -5.999568721811178e-01 2.4e+02 3.58e-02  3e-03  2e-01 298:47.9
  684   8208 -6.000402036167177e-01 2.3e+02 4.03e-02  3e-03  3e-01 301:50.8
  691   8292 -6.000321334844438e-01 2.3e+02 4.17e-02  3e-03  3e-01 304:53.7
  698   8376 -6.001022154943025e-01 2.4e+02 3.30e-02  3e-03  2e-01 307:56.5
  700   8400 -6.001579884603969e-01 2.4e+02 3.21e-02  3e-03  2e-01 308:49.1
  707   8484 -6.001558502207819e-01 2.4e+02 2.71e-02  2e-03  2e-01 311:52.3
  715   8580 -6.002023224362522e-01 2.4e+02 2.17e-02  2e-03  1e-01 315:21.8
  723   8676 -6.002387059268649e-01 2.3e+02 1.78e-02  1e-03  1e-01 318:51.0
  731   8772 -6.002461908418794e-01 2.3e+02 1.96e-02  1e-03  1e-01 322:19.5
  739   8868 -6.003026289525026e-01 2.3e+02 2.51e-02  2e-03  1e-01 325:48.0
  747   8964 -6.003421484751196e-01 2.3e+02 2.86e-02  2e-03  2e-01 329:14.9
  755   9060 -6.003852975684307e-01 2.3e+02 3.08e-02  2e-03  2e-01 332:43.9
  763   9156 -6.004361390419425e-01 2.5e+02 3.71e-02  3e-03  2e-01 336:13.1
  771   9252 -6.006718151577453e-01 2.5e+02 4.21e-02  3e-03  3e-01 339:42.4
  779   9348 -6.007544012405704e-01 2.6e+02 5.00e-02  3e-03  3e-01 343:11.2
  787   9444 -6.007450049710578e-01 2.8e+02 4.45e-02  3e-03  3e-01 346:40.1
  795   9540 -6.008923164810863e-01 2.9e+02 3.62e-02  2e-03  3e-01 350:08.7
  800   9600 -6.009336956911679e-01 2.9e+02 3.68e-02  2e-03  3e-01 352:19.3
  808   9696 -6.010265923666195e-01 2.9e+02 3.37e-02  2e-03  2e-01 355:48.5
  816   9792 -6.010916947465214e-01 2.9e+02 3.24e-02  2e-03  2e-01 359:16.9
  824   9888 -6.011726680679733e-01 2.8e+02 3.34e-02  2e-03  2e-01 362:45.5
  832   9984 -6.011985055991489e-01 2.9e+02 2.80e-02  2e-03  2e-01 366:13.9
  840  10080 -6.012211401775830e-01 3.0e+02 2.01e-02  1e-03  1e-01 369:41.8
  848  10176 -6.012473169703935e-01 2.9e+02 2.31e-02  1e-03  1e-01 373:10.0
  856  10272 -6.013130499848582e-01 3.0e+02 2.80e-02  2e-03  2e-01 376:38.3
  864  10368 -6.013366773457927e-01 3.0e+02 2.10e-02  1e-03  1e-01 380:06.1
  872  10464 -6.013660817629323e-01 3.1e+02 2.11e-02  1e-03  1e-01 383:34.5
  880  10560 -6.013860678381894e-01 3.2e+02 2.06e-02  1e-03  1e-01 387:02.9
  888  10656 -6.014083154851987e-01 3.3e+02 1.79e-02  1e-03  1e-01 390:31.2
  896  10752 -6.014387440138242e-01 3.4e+02 2.12e-02  1e-03  1e-01 393:59.7
  900  10800 -6.014361635084442e-01 3.5e+02 2.01e-02  1e-03  1e-01 395:43.7
  909  10908 -6.014612843647330e-01 3.6e+02 1.76e-02  9e-04  1e-01 399:37.6
  918  11016 -6.014826148263290e-01 3.6e+02 2.13e-02  1e-03  1e-01 403:32.1
  927  11124 -6.015274461971629e-01 3.6e+02 2.41e-02  1e-03  1e-01 407:26.7
  936  11232 -6.015621319201295e-01 3.6e+02 2.72e-02  1e-03  2e-01 411:21.3
  945  11340 -6.016036609868581e-01 3.6e+02 3.94e-02  2e-03  2e-01 415:16.1
  954  11448 -6.016590403869757e-01 3.5e+02 4.85e-02  2e-03  3e-01 419:10.8
  963  11556 -6.016973953004483e-01 3.5e+02 4.30e-02  2e-03  3e-01 423:04.3
  972  11664 -6.017549350286094e-01 3.5e+02 4.84e-02  2e-03  3e-01 426:54.9
  981  11772 -6.018241958443666e-01 3.8e+02 5.03e-02  2e-03  3e-01 430:45.7
  990  11880 -6.019117986043276e-01 3.9e+02 5.46e-02  2e-03  3e-01 434:39.7
  999  11988 -6.020120334649495e-01 3.9e+02 6.50e-02  3e-03  4e-01 438:33.8
 1000  12000 -6.019648442819340e-01 3.9e+02 6.62e-02  3e-03  4e-01 438:59.8
Budget constraint satisfied 4351.538154602051 4559 Difference:  207.46184539794922
Budget constraint not satisfied 4715.052978515625 4559 Difference:  -156.052978515625
two_most_probable_states: ['1110111110', '0001000001']
final_expectation_value: -0.6020139811581406
params: [2.8927171824704447, 4.908510356941639, 2.757061012079996, 8.558889081313682, 14.124473161371892, -7.1041959354157065, 6.632347634941472, 16.511624266172756, 16.98271709735907, 16.69656498583683, 2.7467781393994004, 1.5035987531111927, 1.4269420284777332, -0.10561911673743882, 1.818823571663819, 3.1027775620878653, 1.2397370231755327, 3.0754273638410803, 1.5163845188319462, 1.5319292913584486]
total_steps: 1000
states_probs: [0.00798278980910717, 0.008123177237626494]
optimized_portfolios: [{'MCD': 7, 'NKE': 31}, {'MCD': 8, 'NKE': 32}]
objective_values: [-79735.00205606665, -95670.37849260509]
result_with_budget: [{'portfolio': {'MCD': 7, 'NKE': 31}, 'budget': 4351.538154602051, 'difference': 207.46184539794922}, {'portfolio': {'MCD': 8, 'NKE': 32}, 'budget': 4715.052978515625, 'difference': -156.052978515625}]
Batch 50/100 completed. Results saved to portfolio_optimization_results_batch_49.json
Job finished at Fri Mar 21 23:24:26 EET 2025
