Running job array 2 on pe79.int.triton.aalto.fi
Starting at Fri Mar 14 10:12:04 EET 2025
Activating virtual environment at /scratch/work/uotilav2/quantum-portfolio/venv
Processing batch 3/30: experiments 30 to 44 (total 15)
Processing experiment 30
Budget: 90.3499984741211
YF.download() has changed argument auto_adjust default to True
Expected returns: 0.2741397997779875
Covariance matrix: 0.3103090377703051
3rd-order coskewness tensor: -0.0030543770839322935
4th-order cokurtosis tensor: 5.30362068627622
Number of qubits for asset AAPL: 1
Number of qubits for asset WMT: 1
Total number of qubits:  2
Optimized Weights (considering variance, skewness and kurtosis):
AAPL: 56.78%
WMT: 43.22%
Left over budget:  -1.5027772803932749e-07
Optimized Discrete Allocation:
WMT: 1
Maximized utility from continuous higher moments:  -3.2278675787849775
Budget constraint satisfied 90.3499984741211 90.3499984741211 Difference:  0.0
Budget constraint satisfied 0.0 90.3499984741211 Difference:  90.3499984741211
smallest_eigenvalues: [-0.1498543475916137]
smallest_bitstrings: ['01']
first_excited_energy: 5.551115123125783e-17
optimized_portfolio: [{'AAPL': 0, 'WMT': 1}]
second_optimized_portfolio: [{'AAPL': 0, 'WMT': 0}]
result_with_budget: [{'portfolio': {'AAPL': 0, 'WMT': 1}, 'budget': 90.3499984741211, 'difference': 0.0, 'objective_value': -3.2278675787849775}]
result_with_budget_excited: [{'portfolio': {'AAPL': 0, 'WMT': 0}, 'budget': 0.0, 'difference': 90.3499984741211, 'objective_value': -0.0}]
Initial params:  [1.20757075 0.93473253 0.17816907 0.85657501]
(4_w,8)-aCMA-ES (mu_w=2.6,w_1=52%) in dimension 4 (seed=1091872, Fri Mar 14 10:12:22 2025)
Iterat #Fevals   function value  axis ratio  sigma  min&max std  t[m:s]
    1      8 -4.730111475473014e-02 1.0e+00 1.44e+00  1e+00  1e+00 0:00.2
    2     16 1.192679501147556e-02 1.4e+00 1.56e+00  2e+00  2e+00 0:00.2
    3     24 -5.844523697827746e-02 1.4e+00 1.67e+00  2e+00  2e+00 0:00.2
   61    488 -3.925732672041206e-02 6.7e+00 5.41e-01  7e-02  3e-01 0:03.3
  100    800 -4.932896103963764e-02 4.9e+00 1.25e-02  4e-04  9e-04 0:05.3
  159   1272 -4.932914067367961e-02 4.7e+00 2.19e-05  6e-08  2e-07 0:08.2
Budget constraint satisfied 0.0 90.3499984741211 Difference:  90.3499984741211
Budget constraint satisfied 90.3499984741211 90.3499984741211 Difference:  0.0
two_most_probable_states: ['00', '01']
final_expectation_value: -0.05844523697827746
params: [2.3979491866626943, 3.9337565662687153, -3.0889321024175445, 5.2454769926676175]
total_steps: 159
states_probs: [0.06370615455438179, 0.8276732659752556]
optimized_portfolios: [{'AAPL': 0, 'WMT': 0}, {'AAPL': 0, 'WMT': 1}]
objective_values: [-0.0, -3.2278675787849775]
result_with_budget: [{'portfolio': {'AAPL': 0, 'WMT': 0}, 'budget': 0.0, 'difference': 90.3499984741211}, {'portfolio': {'AAPL': 0, 'WMT': 1}, 'budget': 90.3499984741211, 'difference': 0.0}]
Processing experiment 31
Budget: 1321.1478271484375
Expected returns: 0.10814556163392289
Covariance matrix: 0.5186702953304443
3rd-order coskewness tensor: 0.33644960537286195
4th-order cokurtosis tensor: 6.397518887945784
Number of qubits for asset AMGN: 3
Number of qubits for asset JNJ: 4
Total number of qubits:  7
Optimized Weights (considering variance, skewness and kurtosis):
AMGN: 57.89%
JNJ: 42.11%
Left over budget:  115.07962026114319
Optimized Discrete Allocation:
AMGN: 3
JNJ: 3
Maximized utility from continuous higher moments:  -469.84735112299893
Budget constraint satisfied 1321.1478271484375 1321.1478271484375 Difference:  0.0
Budget constraint satisfied 1292.7558898925781 1321.1478271484375 Difference:  28.391937255859375
smallest_eigenvalues: [-0.26858859690095477]
smallest_bitstrings: ['0010100']
first_excited_energy: -0.26844101048944113
optimized_portfolio: [{'AMGN': 4, 'JNJ': 2}]
second_optimized_portfolio: [{'AMGN': 5, 'JNJ': 0}]
result_with_budget: [{'portfolio': {'AMGN': 4, 'JNJ': 2}, 'budget': 1321.1478271484375, 'difference': 0.0, 'objective_value': -465.8807755869325}]
result_with_budget_excited: [{'portfolio': {'AMGN': 5, 'JNJ': 0}, 'budget': 1292.7558898925781, 'difference': 28.391937255859375, 'objective_value': -515.7373349767909}]
Initial params:  [0.34628371 0.3962143  1.49880615 0.46515803 2.64801456 2.52784147
 1.99642497 1.0201982  2.30502962 1.42216872 2.98651051 2.11832194
 2.77833633 0.41598323]
(5_w,11)-aCMA-ES (mu_w=3.4,w_1=42%) in dimension 14 (seed=1078438, Fri Mar 14 10:12:32 2025)
Iterat #Fevals   function value  axis ratio  sigma  min&max std  t[m:s]
    1     11 -1.632463261014460e-01 1.0e+00 1.37e+00  1e+00  1e+00 0:04.5
    2     22 -1.636100354017677e-01 1.1e+00 1.35e+00  1e+00  1e+00 0:08.8
    3     33 -1.930737603563385e-01 1.2e+00 1.32e+00  1e+00  1e+00 0:13.1
    4     44 -2.155095852688136e-01 1.2e+00 1.26e+00  1e+00  1e+00 0:17.5
    5     55 -1.345412269514832e-01 1.3e+00 1.21e+00  1e+00  1e+00 0:21.8
    7     77 -1.630437233333404e-01 1.3e+00 1.22e+00  1e+00  1e+00 0:30.5
    9     99 -1.529323545345777e-01 1.4e+00 1.23e+00  1e+00  1e+00 0:39.4
   11    121 -1.294912937453213e-01 1.5e+00 1.25e+00  1e+00  1e+00 0:48.1
   13    143 -1.857193774079444e-01 1.5e+00 1.22e+00  1e+00  1e+00 0:56.8
   16    176 -1.164013565218673e-01 1.6e+00 1.23e+00  1e+00  1e+00 1:10.0
   19    209 -1.396017846805886e-01 1.7e+00 1.25e+00  1e+00  1e+00 1:23.1
   22    242 -1.785927892465888e-01 1.9e+00 1.38e+00  1e+00  2e+00 1:36.3
   25    275 -1.652496107079091e-01 2.1e+00 1.71e+00  2e+00  2e+00 1:49.4
   28    308 -5.266783215082532e-02 2.3e+00 1.52e+00  1e+00  2e+00 2:02.7
   32    352 -1.815780523398931e-01 2.3e+00 1.18e+00  1e+00  1e+00 2:20.3
   36    396 -1.822316493890357e-01 2.4e+00 1.03e+00  9e-01  1e+00 2:37.9
   40    440 -2.197045092211137e-01 2.4e+00 1.06e+00  9e-01  1e+00 2:55.5
   44    484 -1.288719968101592e-01 2.5e+00 1.13e+00  1e+00  1e+00 3:13.1
   49    539 -1.674397377415909e-01 2.6e+00 1.13e+00  1e+00  1e+00 3:35.1
   54    594 -1.805209660441869e-01 2.7e+00 1.19e+00  1e+00  1e+00 3:57.1
   59    649 -1.337208569950410e-01 2.7e+00 1.24e+00  1e+00  1e+00 4:19.6
   64    704 -1.310397927978134e-01 3.0e+00 1.12e+00  9e-01  1e+00 4:41.9
   69    759 -1.621467982251242e-01 3.1e+00 9.30e-01  7e-01  1e+00 5:03.9
   75    825 -1.776225209377915e-01 3.3e+00 7.76e-01  6e-01  9e-01 5:30.4
   81    891 -1.445889270888370e-01 3.4e+00 6.94e-01  5e-01  8e-01 5:56.9
   87    957 -1.885874459795109e-01 3.5e+00 7.93e-01  6e-01  9e-01 6:23.2
   93   1023 -1.516361700597119e-01 3.7e+00 8.53e-01  7e-01  1e+00 6:49.6
  100   1100 -1.513676900406683e-01 3.6e+00 7.33e-01  6e-01  8e-01 7:20.4
  107   1177 -1.603218221165510e-01 3.8e+00 8.47e-01  6e-01  1e+00 7:51.4
  114   1254 -1.800851752107478e-01 4.0e+00 8.83e-01  6e-01  1e+00 8:22.1
  121   1331 -1.892341364532133e-01 4.2e+00 9.58e-01  7e-01  1e+00 8:53.1
  129   1419 -1.404406262793973e-01 4.9e+00 8.17e-01  6e-01  1e+00 9:28.3
  137   1507 -1.011868275056793e-01 4.7e+00 8.25e-01  6e-01  1e+00 10:03.5
  145   1595 -1.559578822306223e-01 4.5e+00 6.48e-01  4e-01  8e-01 10:38.7
  153   1683 -1.437209684758636e-01 4.4e+00 4.44e-01  3e-01  5e-01 11:14.0
  161   1771 -1.773907339959570e-01 4.5e+00 4.16e-01  3e-01  5e-01 11:49.2
  170   1870 -1.995297509142983e-01 4.3e+00 4.10e-01  2e-01  5e-01 12:28.9
  179   1969 -1.622272873726659e-01 4.7e+00 3.95e-01  2e-01  5e-01 13:08.6
  188   2068 -2.159181242151468e-01 5.0e+00 4.44e-01  2e-01  5e-01 13:48.2
  197   2167 -2.125714670726856e-01 5.4e+00 3.04e-01  1e-01  3e-01 14:27.8
  200   2200 -2.221890874250141e-01 5.6e+00 3.12e-01  1e-01  3e-01 14:41.0
  210   2310 -2.299531652199939e-01 6.6e+00 2.79e-01  1e-01  3e-01 15:25.0
  220   2420 -2.345675243095695e-01 8.2e+00 1.98e-01  9e-02  2e-01 16:09.2
  230   2530 -2.361461853381044e-01 1.1e+01 1.40e-01  6e-02  2e-01 16:53.2
  240   2640 -2.385815483253650e-01 1.2e+01 7.35e-02  3e-02  8e-02 17:37.3
  251   2761 -2.389025399731461e-01 1.3e+01 6.44e-02  2e-02  7e-02 18:25.8
  262   2882 -2.388923108931876e-01 1.6e+01 6.77e-02  2e-02  8e-02 19:14.2
  273   3003 -2.392062370089608e-01 1.8e+01 5.19e-02  2e-02  6e-02 20:03.0
  284   3124 -2.394839021181269e-01 2.1e+01 4.58e-02  1e-02  5e-02 20:51.9
  296   3256 -2.400043045807268e-01 3.0e+01 5.74e-02  1e-02  7e-02 21:44.7
  300   3300 -2.400235671177178e-01 3.2e+01 4.82e-02  1e-02  6e-02 22:02.4
  312   3432 -2.404559309269241e-01 3.7e+01 4.76e-02  9e-03  7e-02 22:55.3
  324   3564 -2.411269070149970e-01 5.3e+01 5.60e-02  1e-02  1e-01 23:48.3
  337   3707 -2.415178048373212e-01 5.5e+01 6.99e-02  1e-02  1e-01 24:45.5
  350   3850 -2.416854019503893e-01 5.5e+01 6.47e-02  9e-03  1e-01 25:42.8
  363   3993 -2.419837427759369e-01 5.7e+01 3.26e-02  5e-03  6e-02 26:40.3
  376   4136 -2.422952546323061e-01 6.7e+01 4.91e-02  6e-03  9e-02 27:37.6
  389   4279 -2.427437873611677e-01 7.6e+01 6.28e-02  8e-03  1e-01 28:35.0
  400   4400 -2.427042984600013e-01 9.1e+01 6.05e-02  7e-03  1e-01 29:23.6
  414   4554 -2.431718350683863e-01 1.1e+02 6.94e-02  8e-03  2e-01 30:25.3
  428   4708 -2.432850689581987e-01 1.0e+02 5.02e-02  5e-03  1e-01 31:27.1
  442   4862 -2.435899735135107e-01 1.1e+02 6.36e-02  6e-03  1e-01 32:28.8
  457   5027 -2.438883223832435e-01 1.2e+02 8.64e-02  8e-03  2e-01 33:34.8
  472   5192 -2.440865143655609e-01 1.1e+02 5.76e-02  5e-03  1e-01 34:41.0
  487   5357 -2.446158696541910e-01 1.2e+02 9.14e-02  8e-03  2e-01 35:47.4
  500   5500 -2.452881530442809e-01 1.2e+02 6.17e-02  5e-03  1e-01 36:44.7
  515   5665 -2.455549722547745e-01 1.1e+02 4.48e-02  3e-03  9e-02 37:50.8
  531   5841 -2.460448029333438e-01 1.2e+02 7.24e-02  5e-03  1e-01 39:01.5
  547   6017 -2.465626215428728e-01 1.5e+02 7.48e-02  5e-03  2e-01 40:11.9
  563   6193 -2.470063115096199e-01 1.4e+02 9.22e-02  6e-03  2e-01 41:22.4
  579   6369 -2.473732780189763e-01 1.3e+02 8.31e-02  5e-03  2e-01 42:32.9
  596   6556 -2.481484422160189e-01 1.3e+02 1.09e-01  6e-03  2e-01 43:47.8
  600   6600 -2.483209723613223e-01 1.2e+02 9.83e-02  5e-03  2e-01 44:05.5
  617   6787 -2.486908196830067e-01 1.2e+02 6.32e-02  3e-03  1e-01 45:20.3
  634   6974 -2.488628391808734e-01 1.1e+02 5.99e-02  3e-03  1e-01 46:35.3
  652   7172 -2.489701052844193e-01 1.1e+02 6.30e-02  3e-03  1e-01 47:54.5
  670   7370 -2.491634399206322e-01 1.3e+02 6.63e-02  3e-03  1e-01 49:13.7
  688   7568 -2.493228983934551e-01 1.6e+02 1.05e-01  4e-03  2e-01 50:33.6
  700   7700 -2.494324863200565e-01 1.7e+02 6.83e-02  3e-03  1e-01 51:26.4
  719   7909 -2.495474212540025e-01 1.7e+02 4.45e-02  2e-03  7e-02 52:49.5
  738   8118 -2.495995342085379e-01 2.0e+02 4.20e-02  1e-03  7e-02 54:12.7
  757   8327 -2.496454177133214e-01 2.0e+02 6.43e-02  2e-03  9e-02 55:36.5
  776   8536 -2.497192694417347e-01 2.1e+02 6.10e-02  2e-03  9e-02 57:01.1
  795   8745 -2.497624023262338e-01 1.9e+02 5.55e-02  2e-03  7e-02 58:25.5
  800   8800 -2.497746200349251e-01 2.1e+02 5.59e-02  2e-03  7e-02 58:47.4
  820   9020 -2.498290832948800e-01 2.5e+02 6.94e-02  2e-03  9e-02 60:14.9
  840   9240 -2.498659153705980e-01 2.7e+02 3.91e-02  1e-03  5e-02 61:42.7
  860   9460 -2.498928192088466e-01 2.7e+02 4.65e-02  1e-03  5e-02 63:10.8
  881   9691 -2.499303946459730e-01 3.5e+02 6.90e-02  2e-03  9e-02 64:43.1
  900   9900 -2.499740155871869e-01 4.1e+02 7.15e-02  2e-03  1e-01 66:07.4
  922  10142 -2.500026779630449e-01 4.5e+02 9.77e-02  3e-03  1e-01 67:40.0
  944  10384 -2.500533954144810e-01 4.2e+02 9.06e-02  2e-03  1e-01 69:12.8
  966  10626 -2.500870677342516e-01 4.0e+02 1.22e-01  3e-03  1e-01 70:45.6
  989  10879 -2.501172618874120e-01 3.5e+02 7.26e-02  1e-03  6e-02 72:22.5
 1000  11000 -2.501569596770581e-01 3.5e+02 9.65e-02  2e-03  9e-02 73:08.8
Budget constraint satisfied 1034.2047119140625 1321.1478271484375 Difference:  286.943115234375
Budget constraint satisfied 1147.7724609375 1321.1478271484375 Difference:  173.3753662109375
two_most_probable_states: ['0010000', '0000001']
final_expectation_value: -0.2501569596770581
params: [-3.1426431492910947, 8.337846197253276, -1.2068166373726243, -15.02879955287839, -0.8348343468328351, 1.4443676656831583, 16.198791925278265, 3.543108660672428, 3.8360974811378883, -2.4910538626007197, 4.166802401785368, 2.1488639829159695, 2.9326096056534867, -10.84253174134482]
total_steps: 1000
states_probs: [0.066099876216976, 0.06874529035467385]
optimized_portfolios: [{'AMGN': 4, 'JNJ': 0}, {'AMGN': 0, 'JNJ': 8}]
objective_values: [-217.5216347957978, -4928.952948327151]
result_with_budget: [{'portfolio': {'AMGN': 4, 'JNJ': 0}, 'budget': 1034.2047119140625, 'difference': 286.943115234375}, {'portfolio': {'AMGN': 0, 'JNJ': 8}, 'budget': 1147.7724609375, 'difference': 173.3753662109375}]
Processing experiment 32
Budget: 775.6535339355469
Expected returns: 0.10814556163392289
Covariance matrix: 0.4109021029588086
3rd-order coskewness tensor: 0.33644960537286195
4th-order cokurtosis tensor: 6.397518887945784
Number of qubits for asset AMGN: 2
Number of qubits for asset V: 2
Total number of qubits:  4
Optimized Weights (considering variance, skewness and kurtosis):
AMGN: 56.25%
V: 43.75%
Left over budget:  201.5932309263343
Optimized Discrete Allocation:
AMGN: 1
V: 1
Maximized utility from continuous higher moments:  -8.639708386211014
Budget constraint satisfied 775.6535339355469 775.6535339355469 Difference:  0.0
Budget constraint not satisfied 832.6114807128906 775.6535339355469 Difference:  -56.95794677734375
smallest_eigenvalues: [-0.563297679301986]
smallest_bitstrings: ['1100']
first_excited_energy: -0.5603706673337342
optimized_portfolio: [{'AMGN': 3, 'V': 0}]
second_optimized_portfolio: [{'AMGN': 2, 'V': 1}]
result_with_budget: [{'portfolio': {'AMGN': 3, 'V': 0}, 'budget': 775.6535339355469, 'difference': 0.0, 'objective_value': -73.40837238301566}]
result_with_budget_excited: [{'portfolio': {'AMGN': 2, 'V': 1}, 'budget': 832.6114807128906, 'difference': -56.95794677734375, 'objective_value': -32.66615987151398}]
Initial params:  [1.90555207 1.2571738  0.1465429  0.1348354  2.25952203 2.15183027
 2.97024455 2.35068516]
(5_w,10)-aCMA-ES (mu_w=3.2,w_1=45%) in dimension 8 (seed=985862, Fri Mar 14 11:26:03 2025)
Iterat #Fevals   function value  axis ratio  sigma  min&max std  t[m:s]
    1     10 -4.781996048361696e-01 1.0e+00 1.42e+00  1e+00  1e+00 0:00.4
    2     20 -4.998969911421542e-01 1.3e+00 1.25e+00  1e+00  1e+00 0:00.7
    3     30 -4.614229418730668e-01 1.3e+00 1.25e+00  1e+00  1e+00 0:01.1
   12    120 -3.636237484483994e-01 1.8e+00 1.00e+00  8e-01  1e+00 0:04.3
   24    240 -4.659337447377516e-01 2.6e+00 1.49e+00  1e+00  2e+00 0:08.6
   38    380 -4.507497484697306e-01 5.3e+00 1.20e+00  9e-01  2e+00 0:13.7
   55    550 -2.674812912175333e-01 6.3e+00 1.05e+00  8e-01  1e+00 0:19.8
   75    750 -4.682473612794592e-01 7.8e+00 1.20e+00  9e-01  2e+00 0:27.1
   98    980 -4.261199512648969e-01 1.1e+01 8.17e-01  5e-01  1e+00 0:35.4
  100   1000 -4.429092028402606e-01 1.2e+01 8.15e-01  5e-01  1e+00 0:36.2
  128   1280 -3.093328940590944e-01 1.2e+01 1.53e+00  7e-01  2e+00 0:46.3
  159   1590 -4.221823323619319e-01 1.5e+01 6.23e-01  3e-01  6e-01 0:57.7
  193   1930 -4.911667584667737e-01 1.3e+01 3.38e-01  1e-01  2e-01 1:10.0
  200   2000 -5.151572420523807e-01 1.3e+01 2.38e-01  8e-02  2e-01 1:12.6
  239   2390 -5.299586596532673e-01 1.2e+01 7.51e-02  9e-03  4e-02 1:26.8
  281   2810 -5.330763048285163e-01 2.3e+01 7.20e-02  4e-03  4e-02 1:42.1
  300   3000 -5.360394082640746e-01 3.2e+01 2.30e-01  8e-03  1e-01 1:49.0
  348   3480 -5.410395674597076e-01 5.3e+01 3.02e-01  5e-03  1e-01 2:06.3
  398   3980 -5.426522936617977e-01 8.2e+01 6.17e-02  7e-04  2e-02 2:24.3
  400   4000 -5.426547999768317e-01 8.4e+01 5.20e-02  6e-04  2e-02 2:25.0
  456   4560 -5.426554149476691e-01 1.2e+02 4.09e-04  2e-06  7e-05 2:45.2
  498   4980 -5.426554149680990e-01 1.1e+02 2.47e-05  7e-08  2e-06 3:00.5
Budget constraint not satisfied 832.6114807128906 775.6535339355469 Difference:  -56.95794677734375
Budget constraint not satisfied 889.5694274902344 775.6535339355469 Difference:  -113.9158935546875
two_most_probable_states: ['0110', '1001']
final_expectation_value: -0.5426554149681044
params: [6.140645066246036, 5.686023595008681, -5.430387861300945, -5.123675949004407, 1.59568999311309, 3.6441723458836024, -1.5675723934955959, 7.461429011711285]
total_steps: 498
states_probs: [0.22760946520355216, 0.22806357976750175]
optimized_portfolios: [{'AMGN': 2, 'V': 1}, {'AMGN': 1, 'V': 2}]
objective_values: [-32.66615987151398, -46.69968558248459]
result_with_budget: [{'portfolio': {'AMGN': 2, 'V': 1}, 'budget': 832.6114807128906, 'difference': -56.95794677734375}, {'portfolio': {'AMGN': 1, 'V': 2}, 'budget': 889.5694274902344, 'difference': -113.9158935546875}]
Processing experiment 33
Budget: 890.7999877929688
Expected returns: 0.06418418482872651
Covariance matrix: 0.2944977633140565
3rd-order coskewness tensor: 0.3299270065608975
4th-order cokurtosis tensor: 11.309639850664714
Number of qubits for asset DIS: 3
Number of qubits for asset VZ: 5
Total number of qubits:  8
Optimized Weights (considering variance, skewness and kurtosis):
DIS: 46.51%
VZ: 53.49%
Left over budget:  13.16907051824046
Optimized Discrete Allocation:
DIS: 4
VZ: 11
Maximized utility from continuous higher moments:  -9627.284575296182
Budget constraint satisfied 864.5685920715332 890.7999877929688 Difference:  26.231395721435547
Budget constraint not satisfied 903.8623123168945 890.7999877929688 Difference:  -13.062324523925781
smallest_eigenvalues: [-0.28829306822866324]
smallest_bitstrings: ['01110100']
first_excited_energy: -0.28822185974494846
optimized_portfolio: [{'DIS': 6, 'VZ': 5}]
second_optimized_portfolio: [{'DIS': 6, 'VZ': 6}]
result_with_budget: [{'portfolio': {'DIS': 6, 'VZ': 5}, 'budget': 864.5685920715332, 'difference': 26.231395721435547, 'objective_value': -1892.391340926478}]
result_with_budget_excited: [{'portfolio': {'DIS': 6, 'VZ': 6}, 'budget': 903.8623123168945, 'difference': -13.062324523925781, 'objective_value': -2152.146837523835}]
Initial params:  [0.6520776  2.42151717 3.12992104 1.18319145 2.47271378 1.76168377
 2.28452597 1.83316859 1.71894669 0.77784864 1.94769148 2.28272002
 1.2289808  1.76754538 0.47845226 0.67561712]
(6_w,12)-aCMA-ES (mu_w=3.7,w_1=40%) in dimension 16 (seed=1043142, Fri Mar 14 11:29:10 2025)
Iterat #Fevals   function value  axis ratio  sigma  min&max std  t[m:s]
    1     12 -1.209093665277994e-01 1.0e+00 1.41e+00  1e+00  1e+00 0:08.9
    2     24 -1.707547917802278e-01 1.1e+00 1.38e+00  1e+00  1e+00 0:17.8
    3     36 -1.258601506298273e-01 1.2e+00 1.43e+00  1e+00  2e+00 0:26.7
    4     48 -1.500013355516273e-01 1.3e+00 1.43e+00  1e+00  1e+00 0:35.6
    5     60 -1.406938310443843e-01 1.3e+00 1.45e+00  1e+00  2e+00 0:44.2
    6     72 -1.322396413362905e-01 1.4e+00 1.58e+00  2e+00  2e+00 0:52.9
    7     84 -1.482882453376911e-01 1.5e+00 1.62e+00  2e+00  2e+00 1:01.5
    8     96 -1.172509702570845e-01 1.6e+00 1.57e+00  1e+00  2e+00 1:10.2
    9    108 -1.561098012510747e-01 1.6e+00 1.56e+00  1e+00  2e+00 1:18.9
   11    132 -1.068818807180596e-01 1.7e+00 1.56e+00  1e+00  2e+00 1:36.1
   13    156 -1.831678192524978e-01 1.8e+00 1.55e+00  1e+00  2e+00 1:53.4
   15    180 -1.500104769034009e-01 1.9e+00 1.53e+00  1e+00  2e+00 2:10.5
   17    204 -1.306637359987907e-01 2.1e+00 1.64e+00  2e+00  2e+00 2:27.8
   19    228 -9.558740622273532e-02 2.2e+00 1.64e+00  2e+00  2e+00 2:45.0
   21    252 -1.176586283125337e-01 2.3e+00 1.47e+00  1e+00  2e+00 3:02.3
   23    276 -1.574454828746105e-01 2.3e+00 1.28e+00  1e+00  2e+00 3:19.5
   25    300 -1.349901337110204e-01 2.4e+00 1.28e+00  1e+00  2e+00 3:36.8
   27    324 -1.500770469467836e-01 2.5e+00 1.32e+00  1e+00  2e+00 3:54.0
   30    360 -1.854349896787669e-01 2.5e+00 1.29e+00  1e+00  2e+00 4:19.9
   33    396 -1.296152378371083e-01 2.4e+00 1.25e+00  1e+00  2e+00 4:45.9
   36    432 -1.846829159930930e-01 2.4e+00 1.24e+00  1e+00  2e+00 5:11.7
   39    468 -1.729588344972458e-01 2.5e+00 1.24e+00  1e+00  2e+00 5:37.6
   42    504 -1.336183320565422e-01 2.5e+00 1.18e+00  1e+00  1e+00 6:03.5
   45    540 -1.779387772002545e-01 2.5e+00 1.16e+00  1e+00  1e+00 6:29.5
   48    576 -1.867722225402582e-01 2.6e+00 1.16e+00  1e+00  1e+00 6:55.5
   51    612 -1.532499887992300e-01 2.6e+00 1.06e+00  9e-01  1e+00 7:21.4
   55    660 -1.587718803062989e-01 2.8e+00 9.91e-01  8e-01  1e+00 7:55.9
   59    708 -1.772623156592369e-01 2.7e+00 9.85e-01  8e-01  1e+00 8:30.4
   63    756 -1.668561798748038e-01 2.7e+00 9.66e-01  8e-01  1e+00 9:05.0
   67    804 -1.584591264083931e-01 2.8e+00 8.59e-01  7e-01  1e+00 9:39.6
   71    852 -1.725946148577504e-01 2.9e+00 8.27e-01  7e-01  1e+00 10:14.2
   75    900 -1.297923685280652e-01 2.8e+00 8.83e-01  7e-01  1e+00 10:48.7
   79    948 -2.003669451295379e-01 2.9e+00 8.46e-01  7e-01  1e+00 11:23.3
   83    996 -1.387631554382567e-01 2.7e+00 9.48e-01  7e-01  1e+00 11:57.8
   87   1044 -1.705475940342976e-01 2.9e+00 9.78e-01  8e-01  1e+00 12:32.3
   92   1104 -1.386271486309584e-01 2.8e+00 8.36e-01  7e-01  1e+00 13:15.5
   97   1164 -1.776618588532213e-01 2.9e+00 7.34e-01  6e-01  8e-01 13:58.6
  100   1200 -1.953074666287905e-01 3.0e+00 6.21e-01  5e-01  7e-01 14:24.5
  105   1260 -1.781678746707652e-01 3.1e+00 5.88e-01  4e-01  6e-01 15:07.6
  110   1320 -1.779450790460115e-01 3.1e+00 4.93e-01  4e-01  5e-01 15:50.8
  115   1380 -1.728759130596987e-01 3.3e+00 4.43e-01  3e-01  5e-01 16:33.9
  120   1440 -1.601651021228236e-01 3.2e+00 4.14e-01  3e-01  5e-01 17:17.1
  125   1500 -1.529471071576311e-01 3.2e+00 4.03e-01  3e-01  4e-01 18:00.3
  130   1560 -1.181847514137374e-01 3.3e+00 4.09e-01  3e-01  4e-01 18:43.7
  136   1632 -2.017805241293557e-01 3.8e+00 3.88e-01  3e-01  5e-01 19:35.5
  142   1704 -1.542685642894366e-01 3.9e+00 3.96e-01  3e-01  5e-01 20:27.2
  148   1776 -1.785873074820264e-01 3.9e+00 3.41e-01  2e-01  4e-01 21:19.1
  154   1848 -1.852958983312551e-01 3.8e+00 3.29e-01  2e-01  4e-01 22:10.9
  160   1920 -1.971457466256761e-01 3.7e+00 3.21e-01  2e-01  4e-01 23:02.8
  166   1992 -2.050003997923175e-01 3.6e+00 3.72e-01  2e-01  4e-01 23:54.6
  172   2064 -1.894920776852065e-01 3.6e+00 3.37e-01  2e-01  4e-01 24:46.4
  178   2136 -2.072873254656823e-01 3.6e+00 2.91e-01  2e-01  3e-01 25:38.1
  185   2220 -1.675463548361978e-01 3.7e+00 3.32e-01  2e-01  4e-01 26:38.4
  192   2304 -1.936401248844036e-01 3.6e+00 2.91e-01  2e-01  3e-01 27:38.9
  199   2388 -1.729750354531848e-01 3.6e+00 1.92e-01  1e-01  2e-01 28:39.2
  200   2400 -1.921081964623061e-01 3.7e+00 1.84e-01  1e-01  2e-01 28:47.8
  207   2484 -1.956057990202818e-01 3.7e+00 1.71e-01  9e-02  2e-01 29:48.4
  214   2568 -2.184402287231932e-01 3.8e+00 1.14e-01  6e-02  1e-01 30:48.7
  221   2652 -2.208672539085182e-01 4.1e+00 1.31e-01  7e-02  1e-01 31:49.1
  228   2736 -2.272444125056769e-01 4.4e+00 1.08e-01  5e-02  1e-01 32:49.6
  235   2820 -2.342310127571567e-01 4.5e+00 8.66e-02  4e-02  9e-02 33:50.1
  243   2916 -2.366500001121837e-01 5.0e+00 8.12e-02  4e-02  8e-02 34:59.6
  251   3012 -2.387391833284177e-01 5.4e+00 7.25e-02  3e-02  8e-02 36:09.1
  259   3108 -2.420986690444751e-01 5.9e+00 7.26e-02  3e-02  7e-02 37:18.6
  267   3204 -2.417338122774108e-01 6.9e+00 6.72e-02  2e-02  7e-02 38:27.8
  275   3300 -2.431394639179360e-01 7.4e+00 6.44e-02  2e-02  7e-02 39:36.8
  283   3396 -2.444980053467186e-01 7.9e+00 5.55e-02  2e-02  6e-02 40:45.9
  291   3492 -2.453949521418307e-01 8.2e+00 5.09e-02  2e-02  6e-02 41:55.0
  299   3588 -2.465588318934053e-01 8.3e+00 5.47e-02  2e-02  6e-02 43:04.4
  300   3600 -2.462315513195182e-01 8.3e+00 5.32e-02  1e-02  6e-02 43:13.0
  309   3708 -2.469869271276223e-01 9.1e+00 3.84e-02  1e-02  4e-02 44:31.2
  318   3816 -2.471131272193810e-01 9.5e+00 2.83e-02  7e-03  3e-02 45:48.8
  327   3924 -2.474602312213094e-01 9.9e+00 2.41e-02  6e-03  3e-02 47:06.6
  336   4032 -2.475651499257358e-01 1.0e+01 2.17e-02  5e-03  2e-02 48:24.3
  345   4140 -2.479423125607740e-01 1.1e+01 3.85e-02  9e-03  5e-02 49:42.0
  354   4248 -2.482938264280488e-01 1.4e+01 4.61e-02  1e-02  7e-02 50:59.7
  363   4356 -2.486256509396215e-01 1.7e+01 4.85e-02  1e-02  9e-02 52:17.5
  372   4464 -2.488910692729861e-01 2.0e+01 5.17e-02  1e-02  1e-01 53:35.6
  382   4584 -2.494141277912647e-01 2.2e+01 4.42e-02  1e-02  1e-01 55:01.8
  392   4704 -2.500026969358519e-01 2.7e+01 4.80e-02  1e-02  1e-01 56:28.1
  400   4800 -2.501846321375054e-01 3.0e+01 4.51e-02  9e-03  1e-01 57:37.0
  410   4920 -2.503988440006030e-01 3.1e+01 4.02e-02  7e-03  1e-01 59:03.3
  420   5040 -2.505015236990020e-01 3.1e+01 2.77e-02  5e-03  7e-02 60:29.5
  430   5160 -2.505574991765350e-01 3.3e+01 2.01e-02  3e-03  5e-02 61:55.6
  440   5280 -2.506553976743709e-01 3.3e+01 2.19e-02  3e-03  5e-02 63:21.7
  450   5400 -2.507298528527554e-01 3.7e+01 2.58e-02  4e-03  6e-02 64:47.9
  460   5520 -2.509302558919914e-01 4.5e+01 3.86e-02  5e-03  8e-02 66:14.1
  471   5652 -2.510417722324907e-01 4.8e+01 3.43e-02  5e-03  7e-02 67:49.0
  482   5784 -2.511496298095228e-01 4.9e+01 3.09e-02  4e-03  6e-02 69:23.7
  493   5916 -2.512472223421466e-01 4.8e+01 4.01e-02  5e-03  8e-02 70:58.6
  500   6000 -2.513424463578449e-01 4.8e+01 3.98e-02  4e-03  8e-02 71:59.1
  511   6132 -2.515537121477630e-01 4.8e+01 3.87e-02  4e-03  7e-02 73:35.0
  522   6264 -2.517426493492727e-01 5.6e+01 7.07e-02  8e-03  1e-01 75:12.4
  533   6396 -2.517921966887046e-01 5.8e+01 5.04e-02  6e-03  9e-02 76:48.6
  544   6528 -2.521560493910681e-01 6.3e+01 5.21e-02  6e-03  9e-02 78:23.6
  555   6660 -2.523802478378906e-01 6.4e+01 5.98e-02  7e-03  9e-02 80:00.1
  567   6804 -2.524245826528898e-01 6.7e+01 4.25e-02  5e-03  6e-02 81:44.4
  579   6948 -2.525840146636959e-01 6.3e+01 2.74e-02  3e-03  4e-02 83:27.8
  591   7092 -2.526745562192622e-01 6.3e+01 2.44e-02  3e-03  3e-02 85:11.5
  600   7200 -2.528528860261904e-01 6.4e+01 5.29e-02  6e-03  7e-02 86:29.2
  612   7344 -2.530457061984757e-01 6.0e+01 6.35e-02  7e-03  9e-02 88:12.6
  624   7488 -2.531019879842730e-01 5.8e+01 5.00e-02  6e-03  7e-02 89:56.2
  636   7632 -2.531581305753184e-01 5.8e+01 3.07e-02  3e-03  4e-02 91:39.8
  648   7776 -2.531955247779789e-01 5.5e+01 2.16e-02  2e-03  3e-02 93:23.2
  661   7932 -2.532023612145389e-01 6.3e+01 1.71e-02  2e-03  2e-02 95:15.4
  674   8088 -2.532118051151886e-01 6.7e+01 1.10e-02  1e-03  1e-02 97:07.5
  687   8244 -2.532160109632621e-01 7.4e+01 6.87e-03  6e-04  9e-03 98:59.5
  700   8400 -2.532169446162617e-01 7.2e+01 5.13e-03  4e-04  6e-03 100:50.9
  713   8556 -2.532173247459185e-01 7.7e+01 3.43e-03  3e-04  4e-03 102:42.6
  726   8712 -2.532176116985448e-01 8.5e+01 2.31e-03  2e-04  3e-03 104:34.3
  739   8868 -2.532176324752590e-01 8.9e+01 1.47e-03  1e-04  2e-03 106:25.8
  752   9024 -2.532176716219892e-01 8.6e+01 8.65e-04  6e-05  1e-03 108:17.4
  766   9192 -2.532176770747179e-01 9.5e+01 7.61e-04  6e-05  1e-03 110:17.7
  780   9360 -2.532176834527067e-01 9.6e+01 3.79e-04  3e-05  5e-04 112:17.9
  794   9528 -2.532176846084508e-01 9.1e+01 1.80e-04  1e-05  2e-04 114:18.5
  800   9600 -2.532176845738124e-01 9.2e+01 1.39e-04  9e-06  2e-04 115:09.9
  814   9768 -2.532176847054312e-01 9.1e+01 7.01e-05  4e-06  8e-05 117:10.6
  828   9936 -2.532176847435876e-01 1.0e+02 4.46e-05  3e-06  5e-05 119:10.9
  842  10104 -2.532176847510696e-01 1.0e+02 1.82e-05  1e-06  2e-05 121:10.8
  856  10272 -2.532176847526334e-01 1.1e+02 8.70e-06  5e-07  8e-06 123:11.4
  870  10440 -2.532176847528515e-01 1.1e+02 3.10e-06  2e-07  3e-06 125:12.0
  880  10560 -2.532176847528808e-01 1.1e+02 1.90e-06  1e-07  2e-06 126:38.2
Budget constraint not satisfied 897.3311500549316 890.7999877929688 Difference:  -6.531162261962891
Budget constraint not satisfied 1054.506031036377 890.7999877929688 Difference:  -163.7060432434082
two_most_probable_states: ['11111000', '11111100']
final_expectation_value: -0.25321768475288076
params: [2.1884493258780866, -2.6384130379141615, 2.6773466766317013, -6.670073364968922, 7.441792390220706, -3.30411340347568, 4.001476530037508, -2.2009892170418657, 7.714738070832551, -7.44673337289314, 12.953164186060171, 0.7370406072326172, 1.624529820585751, -8.293919441492397, 1.634898063977184, -5.207879085353222]
total_steps: 880
states_probs: [0.036178346935714194, 0.036273538166492966]
optimized_portfolios: [{'DIS': 7, 'VZ': 3}, {'DIS': 7, 'VZ': 7}]
objective_values: [-3283.6672975360834, -3908.7770856277457]
result_with_budget: [{'portfolio': {'DIS': 7, 'VZ': 3}, 'budget': 897.3311500549316, 'difference': -6.531162261962891}, {'portfolio': {'DIS': 7, 'VZ': 7}, 'budget': 1054.506031036377, 'difference': -163.7060432434082}]
Processing experiment 34
Budget: 1910.9143829345703
Expected returns: 0.058849164031515744
Covariance matrix: 0.34976570809924235
3rd-order coskewness tensor: 0.8566768263524059
4th-order cokurtosis tensor: 25.26892887676747
Number of qubits for asset MMM: 4
Number of qubits for asset UNH: 2
Total number of qubits:  6
Optimized Weights (considering variance, skewness and kurtosis):
MMM: 46.17%
UNH: 53.83%
Left over budget:  4.305358305060508
Optimized Discrete Allocation:
MMM: 7
UNH: 2
Maximized utility from continuous higher moments:  -8858.95511979354
Budget constraint satisfied 1896.490951538086 1910.9143829345703 Difference:  14.423431396484375
Budget constraint not satisfied 2024.9472961425781 1910.9143829345703 Difference:  -114.03291320800781
smallest_eigenvalues: [-0.6364534713116007]
smallest_bitstrings: ['110011']
first_excited_energy: -0.633778044302625
optimized_portfolio: [{'MMM': 3, 'UNH': 3}]
second_optimized_portfolio: [{'MMM': 4, 'UNH': 3}]
result_with_budget: [{'portfolio': {'MMM': 3, 'UNH': 3}, 'budget': 1896.490951538086, 'difference': 14.423431396484375, 'objective_value': -775.509883717932}]
result_with_budget_excited: [{'portfolio': {'MMM': 4, 'UNH': 3}, 'budget': 2024.9472961425781, 'difference': -114.03291320800781, 'objective_value': -1621.5009882973848}]
Initial params:  [0.78938284 0.7120612  0.52092609 1.22152781 1.76749645 2.56490817
 1.61079868 2.15219365 0.931919   2.30370492 1.7968408  0.95297331]
(5_w,11)-aCMA-ES (mu_w=3.4,w_1=42%) in dimension 12 (seed=1073722, Fri Mar 14 13:36:10 2025)
Iterat #Fevals   function value  axis ratio  sigma  min&max std  t[m:s]
    1     11 -5.139123081949937e-01 1.0e+00 1.35e+00  1e+00  1e+00 0:02.0
    2     22 -5.222546599067576e-01 1.1e+00 1.23e+00  1e+00  1e+00 0:04.1
    3     33 -5.612229805448334e-01 1.2e+00 1.15e+00  1e+00  1e+00 0:06.1
    5     55 -5.634662907521680e-01 1.4e+00 1.10e+00  1e+00  1e+00 0:10.3
    7     77 -5.693039573833725e-01 1.4e+00 9.81e-01  9e-01  1e+00 0:14.4
   10    110 -5.716083345882390e-01 1.5e+00 9.65e-01  9e-01  1e+00 0:20.6
   13    143 -5.657760439724244e-01 1.6e+00 1.03e+00  9e-01  1e+00 0:26.7
   17    187 -5.512964306702466e-01 1.8e+00 1.25e+00  1e+00  1e+00 0:34.9
   21    231 -5.650805800383517e-01 2.1e+00 1.30e+00  1e+00  1e+00 0:43.1
   26    286 -5.402397680440335e-01 2.2e+00 1.58e+00  1e+00  2e+00 0:53.4
   31    341 -5.520703636671900e-01 2.6e+00 1.75e+00  1e+00  2e+00 1:03.6
   37    407 -4.992073617835546e-01 3.0e+00 1.77e+00  1e+00  2e+00 1:16.0
   43    473 -5.841854743258430e-01 3.2e+00 1.66e+00  1e+00  2e+00 1:28.3
   50    550 -5.421654076851306e-01 3.7e+00 1.72e+00  1e+00  2e+00 1:42.7
   57    627 -5.450839169274236e-01 4.1e+00 1.52e+00  1e+00  2e+00 1:57.0
   65    715 -5.311104943961743e-01 4.2e+00 1.21e+00  9e-01  2e+00 2:13.5
   73    803 -5.668595058813735e-01 4.1e+00 1.08e+00  8e-01  1e+00 2:30.0
   82    902 -5.647123933389149e-01 4.4e+00 1.17e+00  8e-01  2e+00 2:48.5
   91   1001 -5.843896467310435e-01 5.0e+00 7.96e-01  5e-01  1e+00 3:06.9
  100   1100 -5.678023936806649e-01 5.3e+00 7.37e-01  5e-01  1e+00 3:25.5
  110   1210 -5.674082765979441e-01 5.4e+00 6.68e-01  5e-01  9e-01 3:46.0
  121   1331 -5.494675896614764e-01 6.0e+00 5.12e-01  3e-01  7e-01 4:08.7
  132   1452 -5.656830039983080e-01 5.9e+00 6.35e-01  4e-01  8e-01 4:31.4
  144   1584 -5.829465845237908e-01 5.3e+00 4.53e-01  3e-01  5e-01 4:56.1
  156   1716 -5.864152054105478e-01 6.5e+00 3.91e-01  2e-01  5e-01 5:20.9
  169   1859 -5.863089283153088e-01 7.5e+00 2.68e-01  1e-01  3e-01 5:47.7
  182   2002 -5.910543819062667e-01 1.1e+01 1.91e-01  1e-01  2e-01 6:14.5
  196   2156 -5.928323340483690e-01 1.3e+01 1.79e-01  1e-01  2e-01 6:43.3
  200   2200 -5.908866542774538e-01 1.4e+01 1.57e-01  9e-02  2e-01 6:51.6
  215   2365 -5.948671469061276e-01 1.8e+01 1.05e-01  6e-02  1e-01 7:22.5
  230   2530 -5.964106883815560e-01 2.5e+01 1.41e-01  7e-02  2e-01 7:53.4
  246   2706 -5.972084174150367e-01 4.0e+01 1.01e-01  3e-02  1e-01 8:26.4
  262   2882 -5.978314360131846e-01 5.6e+01 7.95e-02  2e-02  1e-01 8:59.4
  278   3058 -5.985131451792843e-01 7.9e+01 1.58e-01  3e-02  3e-01 9:32.4
  295   3245 -6.003642007348189e-01 9.6e+01 3.26e-01  5e-02  8e-01 10:07.5
  300   3300 -5.997184832291177e-01 1.0e+02 2.55e-01  4e-02  6e-01 10:17.8
  318   3498 -6.013608303070521e-01 1.1e+02 2.33e-01  3e-02  5e-01 10:55.0
  336   3696 -6.027797773886463e-01 1.1e+02 1.04e-01  1e-02  2e-01 11:32.1
  355   3905 -6.028398511623476e-01 1.2e+02 8.34e-02  6e-03  1e-01 12:11.3
  374   4114 -6.030097144791587e-01 1.2e+02 7.43e-02  4e-03  1e-01 12:50.4
  394   4334 -6.031780069474899e-01 1.2e+02 1.54e-01  9e-03  2e-01 13:31.5
  400   4400 -6.031219098254000e-01 1.3e+02 1.47e-01  8e-03  2e-01 13:43.8
  421   4631 -6.034571897711692e-01 1.4e+02 7.42e-02  3e-03  1e-01 14:27.0
  442   4862 -6.035868285653337e-01 1.5e+02 6.72e-02  3e-03  1e-01 15:10.2
  464   5104 -6.039420194955283e-01 1.5e+02 1.18e-01  4e-03  2e-01 15:55.2
  486   5346 -6.046385863950183e-01 1.7e+02 2.42e-01  9e-03  3e-01 16:40.3
  500   5500 -6.050932337495685e-01 1.8e+02 2.00e-01  6e-03  3e-01 17:08.9
  523   5753 -6.063080062803728e-01 1.7e+02 2.70e-01  8e-03  3e-01 17:56.1
  547   6017 -6.066272951118556e-01 1.8e+02 7.32e-02  2e-03  7e-02 18:45.4
  571   6281 -6.066848007872405e-01 1.7e+02 6.55e-02  2e-03  6e-02 19:34.4
  596   6556 -6.067394849254720e-01 1.8e+02 6.60e-02  1e-03  5e-02 20:25.7
