Running job array 79 on milan20.int.triton.aalto.fi
Starting at Sat Mar 22 10:19:12 EET 2025
Activating virtual environment at /scratch/work/uotilav2/quantum-portfolio/venv
Processing batch 80/100: experiments 79 to 79 (total 1)
Processing experiment 79
Budget: 1598
YF.download() has changed argument auto_adjust default to True
Number of qubits for asset AMGN: 3
Number of qubits for asset CSCO: 5
Number of qubits for asset TRV: 3
Total number of qubits:  11
Optimized Weights (considering variance, skewness and kurtosis):
AMGN: 34.32%
CSCO: 45.56%
TRV: 20.13%
Left over budget:  76.59793368366104
Optimized Discrete Allocation:
AMGN: 2
CSCO: 13
TRV: 1
Maximized utility from continuous higher moments:  -1722.3502451525806
Budget constraint satisfied 1594.334976196289 1598 Difference:  3.6650238037109375
Budget constraint satisfied 1591.4637069702148 1598 Difference:  6.536293029785156
smallest_eigenvalues: [-0.20900211050647538]
smallest_bitstrings: ['01001000001']
first_excited_energy: -0.209000394183614
optimized_portfolio: [{'AMGN': 2, 'CSCO': 2, 'TRV': 4}]
second_optimized_portfolio: [{'AMGN': 5, 'CSCO': 1, 'TRV': 1}]
result_with_budget: [{'portfolio': {'AMGN': 2, 'CSCO': 2, 'TRV': 4}, 'budget': 1594.334976196289, 'difference': 3.6650238037109375, 'objective_value': -77.01445334231536}]
result_with_budget_excited: [{'portfolio': {'AMGN': 5, 'CSCO': 1, 'TRV': 1}, 'budget': 1591.4637069702148, 'difference': 6.536293029785156, 'objective_value': -23.60036686909161}]
Initial params:  [2.51063067 1.44978017 2.45210473 0.37157007 2.01037118 0.45035763
 2.96776493 1.63943485 1.3026989  0.83112597 2.43232687 1.43303853
 1.78578792 0.0590299  1.94035914 1.92295543 1.93815531 2.96487203
 2.14200164 1.12942738]
(6_w,12)-aCMA-ES (mu_w=3.7,w_1=40%) in dimension 20 (seed=667276, Sat Mar 22 10:19:33 2025)
Iterat #Fevals   function value  axis ratio  sigma  min&max std  t[m:s]
    1     12 -1.108255735858147e-01 1.0e+00 9.48e-02  9e-02  1e-01 0:32.0
    2     24 -1.300140195224354e-01 1.1e+00 8.97e-02  9e-02  9e-02 1:03.8
    3     36 -1.323455972891494e-01 1.1e+00 8.45e-02  8e-02  9e-02 1:36.1
    4     48 -1.392212271231027e-01 1.2e+00 8.70e-02  8e-02  9e-02 2:08.2
    5     60 -1.322604798471623e-01 1.2e+00 8.87e-02  9e-02  9e-02 2:40.3
    6     72 -1.362735466587041e-01 1.3e+00 8.67e-02  8e-02  9e-02 3:12.4
    7     84 -1.444779768884804e-01 1.3e+00 8.58e-02  8e-02  9e-02 3:44.7
    8     96 -1.522178704562718e-01 1.3e+00 8.90e-02  9e-02  9e-02 4:16.9
    9    108 -1.616863236057753e-01 1.4e+00 9.43e-02  9e-02  1e-01 4:49.0
   10    120 -1.616362249209120e-01 1.4e+00 1.00e-01  1e-01  1e-01 5:21.2
   11    132 -1.687181090185901e-01 1.5e+00 1.03e-01  1e-01  1e-01 5:51.1
   12    144 -1.633187902115578e-01 1.5e+00 1.01e-01  1e-01  1e-01 6:20.7
   13    156 -1.620693132952317e-01 1.5e+00 9.80e-02  9e-02  1e-01 6:50.4
   14    168 -1.684759534678757e-01 1.5e+00 9.75e-02  9e-02  1e-01 7:20.1
   15    180 -1.651897912446567e-01 1.5e+00 9.39e-02  9e-02  1e-01 7:49.8
   16    192 -1.670756812401165e-01 1.5e+00 9.59e-02  9e-02  1e-01 8:19.5
   17    204 -1.625588734355291e-01 1.6e+00 9.59e-02  9e-02  1e-01 8:49.2
   18    216 -1.698262924506457e-01 1.6e+00 9.59e-02  9e-02  1e-01 9:19.8
   19    228 -1.721487004739656e-01 1.6e+00 9.43e-02  9e-02  1e-01 9:52.4
   20    240 -1.740353758459733e-01 1.6e+00 9.46e-02  9e-02  1e-01 10:25.0
   21    252 -1.723643246415427e-01 1.7e+00 9.41e-02  9e-02  1e-01 10:57.5
   22    264 -1.737722141787899e-01 1.7e+00 8.98e-02  8e-02  9e-02 11:30.2
   23    276 -1.698031023015796e-01 1.7e+00 8.92e-02  8e-02  9e-02 12:02.6
   24    288 -1.758816118545110e-01 1.7e+00 8.88e-02  8e-02  9e-02 12:35.3
   25    300 -1.741745028697997e-01 1.7e+00 8.78e-02  8e-02  9e-02 13:07.8
   26    312 -1.743306623119073e-01 1.7e+00 9.11e-02  8e-02  1e-01 13:40.5
   27    324 -1.748036021342240e-01 1.8e+00 9.39e-02  9e-02  1e-01 14:13.1
   28    336 -1.711045050550972e-01 1.9e+00 9.88e-02  9e-02  1e-01 14:45.6
   29    348 -1.720343095462752e-01 1.9e+00 1.01e-01  9e-02  1e-01 15:18.2
   30    360 -1.746377358335703e-01 2.0e+00 1.05e-01  9e-02  1e-01 15:50.8
   31    372 -1.770260602397737e-01 2.0e+00 1.07e-01  1e-01  1e-01 16:23.4
   32    384 -1.781962694966803e-01 2.0e+00 1.11e-01  1e-01  1e-01 16:55.8
   33    396 -1.808680332362785e-01 2.1e+00 1.17e-01  1e-01  1e-01 17:28.6
   35    420 -1.777571533064915e-01 2.1e+00 1.22e-01  1e-01  1e-01 18:33.7
   37    444 -1.772959548842498e-01 2.2e+00 1.28e-01  1e-01  1e-01 19:38.8
   39    468 -1.812748508233543e-01 2.3e+00 1.24e-01  1e-01  1e-01 20:44.1
   41    492 -1.794477708994292e-01 2.4e+00 1.25e-01  1e-01  1e-01 21:49.5
   43    516 -1.785790251430345e-01 2.5e+00 1.23e-01  1e-01  1e-01 22:54.4
   45    540 -1.832188984646958e-01 2.5e+00 1.13e-01  1e-01  1e-01 23:59.7
   47    564 -1.817355005887074e-01 2.6e+00 1.14e-01  1e-01  1e-01 25:02.5
   49    588 -1.772379806816922e-01 2.7e+00 1.12e-01  1e-01  1e-01 26:07.6
   51    612 -1.784188091115712e-01 2.7e+00 1.03e-01  9e-02  1e-01 27:13.0
   53    636 -1.830616831847482e-01 2.8e+00 9.86e-02  9e-02  1e-01 28:18.2
   55    660 -1.837857398026571e-01 2.9e+00 8.76e-02  8e-02  1e-01 29:23.5
   57    684 -1.843656944622752e-01 2.9e+00 8.06e-02  7e-02  9e-02 30:28.8
   59    708 -1.821953769153916e-01 3.0e+00 7.66e-02  7e-02  9e-02 31:34.0
   61    732 -1.818612856399292e-01 3.0e+00 7.67e-02  6e-02  9e-02 32:39.5
   63    756 -1.835097325456518e-01 3.1e+00 7.63e-02  6e-02  9e-02 33:44.8
   65    780 -1.845807787327243e-01 3.3e+00 7.87e-02  7e-02  9e-02 34:50.3
   67    804 -1.858197371144444e-01 3.5e+00 8.03e-02  7e-02  1e-01 35:54.8
   69    828 -1.828591148771132e-01 3.6e+00 8.08e-02  7e-02  1e-01 36:60.0
   71    852 -1.852766476995087e-01 3.7e+00 7.98e-02  7e-02  1e-01 38:05.1
   73    876 -1.836058066077515e-01 3.8e+00 7.79e-02  6e-02  1e-01 39:09.9
   75    900 -1.847832136780362e-01 3.8e+00 7.24e-02  6e-02  9e-02 40:15.1
   77    924 -1.851712360303668e-01 3.9e+00 6.82e-02  6e-02  9e-02 41:20.6
   79    948 -1.848778694432145e-01 4.0e+00 7.10e-02  6e-02  9e-02 42:25.6
   81    972 -1.842998500824740e-01 4.1e+00 6.86e-02  6e-02  9e-02 43:30.8
   83    996 -1.851623240917623e-01 4.2e+00 6.49e-02  5e-02  8e-02 44:36.0
   85   1020 -1.848292728006368e-01 4.3e+00 6.19e-02  5e-02  8e-02 45:41.0
   87   1044 -1.841922472006578e-01 4.3e+00 5.91e-02  5e-02  7e-02 46:45.8
   89   1068 -1.846040375890078e-01 4.5e+00 5.32e-02  4e-02  7e-02 47:50.5
   92   1104 -1.852276119390548e-01 4.6e+00 4.93e-02  4e-02  6e-02 49:19.4
   95   1140 -1.846654580781363e-01 4.7e+00 4.83e-02  4e-02  6e-02 50:48.8
   98   1176 -1.860366747722220e-01 5.0e+00 4.81e-02  4e-02  6e-02 52:18.3
  100   1200 -1.861748194279877e-01 5.0e+00 4.52e-02  4e-02  6e-02 53:18.1
  103   1236 -1.857839468105750e-01 5.3e+00 4.40e-02  3e-02  5e-02 54:47.5
  106   1272 -1.872226244320369e-01 5.6e+00 4.49e-02  4e-02  6e-02 56:15.3
  109   1308 -1.867248927168957e-01 5.9e+00 4.60e-02  4e-02  6e-02 57:45.3
  112   1344 -1.869235371476345e-01 6.3e+00 4.30e-02  3e-02  5e-02 59:17.8
  115   1380 -1.876353819848875e-01 6.6e+00 4.13e-02  3e-02  5e-02 60:50.5
  118   1416 -1.877660343572613e-01 7.1e+00 3.85e-02  3e-02  5e-02 62:22.9
  121   1452 -1.879132934379897e-01 7.5e+00 3.79e-02  3e-02  5e-02 63:55.6
  124   1488 -1.883061705957229e-01 8.0e+00 3.81e-02  3e-02  5e-02 65:28.2
  127   1524 -1.888667561587423e-01 8.8e+00 4.01e-02  3e-02  5e-02 67:00.4
  130   1560 -1.890412417593693e-01 9.6e+00 4.21e-02  3e-02  6e-02 68:33.2
  133   1596 -1.892670537346039e-01 1.1e+01 4.58e-02  3e-02  7e-02 70:05.2
  136   1632 -1.890523742725160e-01 1.2e+01 4.82e-02  4e-02  7e-02 71:37.3
  139   1668 -1.898271298503594e-01 1.3e+01 5.26e-02  4e-02  9e-02 73:09.8
  142   1704 -1.898188957985384e-01 1.3e+01 5.06e-02  4e-02  8e-02 74:41.9
  145   1740 -1.893586901635511e-01 1.4e+01 5.02e-02  4e-02  9e-02 76:14.3
  148   1776 -1.898568764496149e-01 1.4e+01 4.24e-02  3e-02  7e-02 77:46.6
  151   1812 -1.897545164232628e-01 1.5e+01 3.50e-02  3e-02  6e-02 79:19.1
  154   1848 -1.898965735350101e-01 1.6e+01 3.41e-02  2e-02  6e-02 80:51.7
  157   1884 -1.900743064199513e-01 1.6e+01 3.10e-02  2e-02  6e-02 82:24.0
  160   1920 -1.902788975437593e-01 1.7e+01 3.15e-02  2e-02  6e-02 83:54.0
  163   1956 -1.901693307830163e-01 1.7e+01 3.74e-02  3e-02  7e-02 85:23.8
  166   1992 -1.905741071394566e-01 1.7e+01 4.09e-02  3e-02  7e-02 86:53.9
  169   2028 -1.906051055392220e-01 1.8e+01 4.47e-02  3e-02  8e-02 88:24.1
  172   2064 -1.905492390424354e-01 1.9e+01 4.68e-02  3e-02  9e-02 89:53.7
  175   2100 -1.909152945681372e-01 2.0e+01 4.87e-02  3e-02  9e-02 91:24.5
  178   2136 -1.910365188375125e-01 2.1e+01 4.85e-02  3e-02  9e-02 92:54.8
  182   2184 -1.911668544431691e-01 2.2e+01 4.49e-02  3e-02  9e-02 94:55.3
  186   2232 -1.913776787928424e-01 2.2e+01 4.15e-02  3e-02  8e-02 96:55.6
  190   2280 -1.917510366790157e-01 2.3e+01 4.49e-02  3e-02  9e-02 98:56.1
  194   2328 -1.918957379572617e-01 2.4e+01 5.28e-02  4e-02  1e-01 100:49.5
  198   2376 -1.923517907736399e-01 2.6e+01 6.01e-02  4e-02  1e-01 102:46.1
  200   2400 -1.927771966595276e-01 2.6e+01 6.26e-02  4e-02  1e-01 103:44.3
  204   2448 -1.932782925940413e-01 2.7e+01 6.10e-02  4e-02  1e-01 105:40.6
  208   2496 -1.934599864538070e-01 2.7e+01 6.28e-02  4e-02  1e-01 107:37.0
  212   2544 -1.938297684579196e-01 2.7e+01 6.02e-02  4e-02  1e-01 109:33.1
  216   2592 -1.936375856877929e-01 2.7e+01 6.86e-02  4e-02  1e-01 111:28.9
  220   2640 -1.940437314125739e-01 2.8e+01 5.70e-02  4e-02  1e-01 113:25.5
  224   2688 -1.944102474019955e-01 2.8e+01 5.59e-02  4e-02  1e-01 115:22.0
  228   2736 -1.941477228379998e-01 2.8e+01 5.87e-02  4e-02  1e-01 117:18.7
  232   2784 -1.945520130960801e-01 2.8e+01 5.11e-02  3e-02  1e-01 119:15.4
  236   2832 -1.946866672505391e-01 2.8e+01 4.24e-02  3e-02  8e-02 121:11.5
  240   2880 -1.947450634616310e-01 2.8e+01 4.07e-02  3e-02  8e-02 123:07.3
  244   2928 -1.948508743008174e-01 2.8e+01 3.80e-02  2e-02  7e-02 125:03.3
  248   2976 -1.949246705426550e-01 2.8e+01 3.92e-02  2e-02  8e-02 126:59.7
  252   3024 -1.949337490066522e-01 2.9e+01 3.95e-02  2e-02  8e-02 128:56.1
  256   3072 -1.948847415678743e-01 3.0e+01 3.69e-02  2e-02  8e-02 130:52.4
  260   3120 -1.949627222737686e-01 3.0e+01 3.43e-02  2e-02  7e-02 132:48.7
  264   3168 -1.950537327108401e-01 3.0e+01 3.24e-02  2e-02  7e-02 134:44.9
  268   3216 -1.950052561206619e-01 3.0e+01 3.26e-02  2e-02  6e-02 136:41.1
  272   3264 -1.950666706375764e-01 2.9e+01 3.58e-02  2e-02  7e-02 138:37.2
  276   3312 -1.950171490687964e-01 3.0e+01 3.37e-02  2e-02  7e-02 140:33.6
  280   3360 -1.950789303720735e-01 3.0e+01 3.19e-02  2e-02  6e-02 142:30.2
  285   3420 -1.950850738586538e-01 3.0e+01 2.48e-02  1e-02  5e-02 144:55.5
  290   3480 -1.951376553282542e-01 3.0e+01 2.27e-02  1e-02  4e-02 147:18.0
  295   3540 -1.951591894274332e-01 3.1e+01 1.65e-02  9e-03  3e-02 149:41.0
  300   3600 -1.951726590248872e-01 3.1e+01 1.64e-02  9e-03  3e-02 152:03.5
  305   3660 -1.951965835760513e-01 3.2e+01 1.64e-02  9e-03  3e-02 154:26.2
  310   3720 -1.952019647392214e-01 3.2e+01 1.67e-02  9e-03  3e-02 156:51.5
  315   3780 -1.952191648226613e-01 3.2e+01 1.81e-02  1e-02  4e-02 159:16.8
  320   3840 -1.952610697481052e-01 3.1e+01 2.09e-02  1e-02  4e-02 161:42.1
  325   3900 -1.952846045885549e-01 3.1e+01 2.86e-02  2e-02  6e-02 164:06.1
  330   3960 -1.952847918985723e-01 3.2e+01 2.74e-02  2e-02  6e-02 166:29.5
  335   4020 -1.952978661601914e-01 3.3e+01 2.97e-02  2e-02  6e-02 168:54.4
  340   4080 -1.953302484607899e-01 3.4e+01 3.04e-02  2e-02  6e-02 171:19.6
  345   4140 -1.953763494614617e-01 3.4e+01 2.78e-02  1e-02  6e-02 173:44.7
  350   4200 -1.954009343428772e-01 3.7e+01 2.67e-02  1e-02  6e-02 176:10.2
  355   4260 -1.954241693798795e-01 3.8e+01 2.19e-02  1e-02  5e-02 178:34.8
  360   4320 -1.954540315732705e-01 3.9e+01 2.10e-02  1e-02  5e-02 181:00.2
  365   4380 -1.954896764830350e-01 3.9e+01 2.23e-02  1e-02  5e-02 183:25.4
  370   4440 -1.955248446642034e-01 4.4e+01 2.59e-02  1e-02  6e-02 185:51.2
  375   4500 -1.955779233848458e-01 5.0e+01 3.21e-02  2e-02  8e-02 188:17.2
  380   4560 -1.956166969791072e-01 5.5e+01 3.91e-02  2e-02  1e-01 190:42.6
  385   4620 -1.956225399860669e-01 6.0e+01 3.69e-02  2e-02  1e-01 193:08.0
  390   4680 -1.956374236989663e-01 6.0e+01 2.86e-02  1e-02  8e-02 195:33.2
  395   4740 -1.956477960597523e-01 6.3e+01 3.01e-02  1e-02  8e-02 197:58.2
  400   4800 -1.956639987547267e-01 6.7e+01 3.07e-02  1e-02  8e-02 200:23.6
  405   4860 -1.957365162986714e-01 6.9e+01 2.98e-02  1e-02  8e-02 202:47.7
  410   4920 -1.957456488115286e-01 7.1e+01 3.04e-02  1e-02  8e-02 205:10.7
  416   4992 -1.957918227452398e-01 7.4e+01 2.76e-02  1e-02  7e-02 208:02.1
  422   5064 -1.957906562534432e-01 7.5e+01 2.53e-02  1e-02  7e-02 210:53.3
  428   5136 -1.958611243438921e-01 7.8e+01 2.07e-02  9e-03  6e-02 213:44.8
  434   5208 -1.958900056573898e-01 8.0e+01 2.16e-02  9e-03  6e-02 216:35.1
  440   5280 -1.960076144586411e-01 8.4e+01 2.30e-02  1e-02  6e-02 219:25.5
  446   5352 -1.961225715614884e-01 9.2e+01 3.17e-02  1e-02  9e-02 222:15.9
  452   5424 -1.961972529385408e-01 1.1e+02 4.07e-02  2e-02  1e-01 225:06.3
  458   5496 -1.962229120904067e-01 1.1e+02 4.28e-02  2e-02  1e-01 227:56.4
  464   5568 -1.964030436662538e-01 1.2e+02 4.43e-02  2e-02  1e-01 230:47.2
  470   5640 -1.964546100436423e-01 1.2e+02 3.57e-02  1e-02  1e-01 233:37.0
  476   5712 -1.965281282971844e-01 1.2e+02 3.06e-02  1e-02  1e-01 236:26.0
  482   5784 -1.966001356419251e-01 1.3e+02 2.80e-02  1e-02  1e-01 239:14.8
  488   5856 -1.966784650933320e-01 1.4e+02 2.57e-02  1e-02  9e-02 242:02.3
  494   5928 -1.967268291464961e-01 1.4e+02 2.75e-02  1e-02  1e-01 244:49.7
  500   6000 -1.968136890811240e-01 1.5e+02 3.19e-02  1e-02  1e-01 247:36.6
  506   6072 -1.968663466259327e-01 1.5e+02 4.05e-02  1e-02  2e-01 250:23.5
  512   6144 -1.968887046658174e-01 1.5e+02 4.47e-02  2e-02  2e-01 253:10.4
  518   6216 -1.969591396532199e-01 1.5e+02 3.75e-02  1e-02  1e-01 255:57.2
  524   6288 -1.970823964419735e-01 1.5e+02 3.53e-02  1e-02  1e-01 258:47.1
  530   6360 -1.970998572743357e-01 1.5e+02 3.26e-02  1e-02  1e-01 261:49.2
  536   6432 -1.971936970247939e-01 1.5e+02 3.06e-02  1e-02  1e-01 264:50.6
  542   6504 -1.972532399851206e-01 1.5e+02 3.55e-02  1e-02  1e-01 267:42.3
  548   6576 -1.973518866159367e-01 1.6e+02 3.35e-02  1e-02  1e-01 270:44.4
  554   6648 -1.975005663457662e-01 1.6e+02 3.47e-02  1e-02  1e-01 273:46.5
  560   6720 -1.976082912543365e-01 1.7e+02 3.68e-02  1e-02  2e-01 276:49.0
  566   6792 -1.977006977107923e-01 1.8e+02 4.09e-02  1e-02  2e-01 279:51.4
  572   6864 -1.977719594022928e-01 1.9e+02 4.14e-02  1e-02  2e-01 282:53.9
  578   6936 -1.978336901669198e-01 2.0e+02 3.84e-02  1e-02  2e-01 285:56.1
  584   7008 -1.979610970112512e-01 2.0e+02 4.04e-02  1e-02  2e-01 288:58.5
  590   7080 -1.980076413407656e-01 2.1e+02 5.02e-02  1e-02  2e-01 292:01.3
  597   7164 -1.981187865317173e-01 2.1e+02 4.64e-02  1e-02  2e-01 295:19.6
  600   7200 -1.982478135539731e-01 2.1e+02 4.70e-02  1e-02  2e-01 296:43.5
  607   7284 -1.982918740450504e-01 2.1e+02 4.61e-02  1e-02  2e-01 299:59.6
  614   7368 -1.983845787254078e-01 2.1e+02 5.69e-02  1e-02  3e-01 303:16.5
  621   7452 -1.985430970323823e-01 2.1e+02 6.74e-02  1e-02  3e-01 306:28.8
  628   7536 -1.986612878966099e-01 2.0e+02 6.87e-02  1e-02  3e-01 309:33.3
  635   7620 -1.989131426204694e-01 2.0e+02 6.76e-02  1e-02  3e-01 312:37.7
  642   7704 -1.991720791380157e-01 2.0e+02 7.35e-02  1e-02  4e-01 315:42.2
  649   7788 -1.994515855379562e-01 2.1e+02 7.57e-02  1e-02  4e-01 318:46.3
  656   7872 -1.996649287024227e-01 2.1e+02 8.33e-02  1e-02  5e-01 321:50.4
  663   7956 -1.999070013165152e-01 2.1e+02 7.50e-02  1e-02  4e-01 324:54.9
  671   8052 -1.999133743060930e-01 2.2e+02 7.50e-02  1e-02  4e-01 328:24.8
  679   8148 -1.999204543964356e-01 2.1e+02 5.93e-02  8e-03  3e-01 331:55.8
  687   8244 -2.000904085475259e-01 2.2e+02 4.56e-02  6e-03  3e-01 335:27.2
  695   8340 -2.001226737463755e-01 2.3e+02 4.62e-02  6e-03  3e-01 338:57.6
  700   8400 -2.002420107038066e-01 2.3e+02 4.30e-02  5e-03  2e-01 341:09.6
  708   8496 -2.002350392286445e-01 2.3e+02 4.09e-02  5e-03  2e-01 344:40.7
  716   8592 -2.002768774373299e-01 2.5e+02 3.01e-02  3e-03  2e-01 348:12.0
  724   8688 -2.003069668177813e-01 2.4e+02 2.70e-02  3e-03  2e-01 351:44.1
  732   8784 -2.003218344778430e-01 2.4e+02 2.55e-02  3e-03  1e-01 355:15.2
  740   8880 -2.003306022268381e-01 2.4e+02 2.07e-02  2e-03  1e-01 358:47.3
  748   8976 -2.003419816815678e-01 2.4e+02 2.00e-02  2e-03  1e-01 362:18.8
  756   9072 -2.003460712957888e-01 2.5e+02 1.42e-02  1e-03  8e-02 365:49.9
  764   9168 -2.003493439869846e-01 2.5e+02 1.12e-02  1e-03  6e-02 369:19.9
  772   9264 -2.003514496304518e-01 2.5e+02 1.17e-02  1e-03  7e-02 372:51.4
  780   9360 -2.003542551688920e-01 2.5e+02 9.37e-03  8e-04  5e-02 376:34.1
  787   9444 -2.003550587126378e-01 2.7e+02 6.76e-03  5e-04  4e-02 379:57.2
  794   9528 -2.003554622695491e-01 2.8e+02 6.88e-03  5e-04  4e-02 383:19.6
  800   9600 -2.003564550262804e-01 2.8e+02 6.10e-03  5e-04  3e-02 386:12.9
  807   9684 -2.003576000001067e-01 2.8e+02 8.39e-03  6e-04  5e-02 389:36.1
  815   9780 -2.003585277588045e-01 2.7e+02 9.27e-03  7e-04  5e-02 393:27.7
  823   9876 -2.003622285569622e-01 2.8e+02 9.54e-03  7e-04  5e-02 397:18.4
  831   9972 -2.003645979989644e-01 2.7e+02 1.06e-02  7e-04  6e-02 401:09.7
  839  10068 -2.003665920959017e-01 2.8e+02 9.88e-03  6e-04  5e-02 404:40.6
  847  10164 -2.003690707266152e-01 2.8e+02 7.85e-03  5e-04  4e-02 408:10.8
  855  10260 -2.003725735326856e-01 2.8e+02 8.47e-03  5e-04  4e-02 411:40.3
  863  10356 -2.003778318519341e-01 3.0e+02 1.09e-02  6e-04  6e-02 415:09.4
  872  10464 -2.003836293495364e-01 3.0e+02 1.62e-02  9e-04  9e-02 419:04.9
  881  10572 -2.003907972036928e-01 3.1e+02 2.82e-02  2e-03  2e-01 423:00.8
  890  10680 -2.003914929467751e-01 3.0e+02 2.57e-02  1e-03  1e-01 426:55.9
  899  10788 -2.003944396535068e-01 3.1e+02 2.10e-02  1e-03  1e-01 430:51.2
  900  10800 -2.003960458260584e-01 3.0e+02 2.08e-02  1e-03  1e-01 431:17.4
  909  10908 -2.003984530927971e-01 3.1e+02 1.83e-02  9e-04  1e-01 435:13.0
  918  11016 -2.004008962998867e-01 3.1e+02 1.31e-02  6e-04  7e-02 439:08.2
  927  11124 -2.004020090404799e-01 3.1e+02 1.21e-02  5e-04  6e-02 443:03.1
  936  11232 -2.004030469650127e-01 3.3e+02 8.25e-03  4e-04  4e-02 446:58.6
  945  11340 -2.004042354050083e-01 3.4e+02 1.06e-02  4e-04  6e-02 450:53.8
  954  11448 -2.004041437142196e-01 3.3e+02 1.45e-02  6e-04  7e-02 454:49.5
  963  11556 -2.004052522543306e-01 3.2e+02 1.27e-02  5e-04  6e-02 458:45.3
  972  11664 -2.004061419880507e-01 3.4e+02 9.04e-03  3e-04  4e-02 462:40.6
  981  11772 -2.004066540368869e-01 3.3e+02 8.22e-03  3e-04  4e-02 466:36.3
  990  11880 -2.004072088514526e-01 3.2e+02 1.04e-02  4e-04  5e-02 470:32.0
  999  11988 -2.004078709848479e-01 3.2e+02 1.04e-02  4e-04  5e-02 474:26.7
 1000  12000 -2.004079055381187e-01 3.1e+02 1.06e-02  4e-04  5e-02 474:52.7
Budget constraint satisfied 1328.2013320922852 1598 Difference:  269.79866790771484
Budget constraint satisfied 1332.9125289916992 1598 Difference:  265.0874710083008
two_most_probable_states: ['00110100000', '00110000100']
final_expectation_value: -0.20040790553811874
params: [2.346011188761605, 4.617525694903895, 0.13995418762520842, -5.037653793955163, 4.819809709518955, 2.859001277594581, 4.072085740775456, 9.560243257326542, 20.96138837718502, -0.4889544378252849, 3.9021516507693965, 1.358615554931493, 0.6109345398370392, 1.7967124235222376, 1.3039406151213104, 2.7496033990656987, 1.3080009100364705, 2.9704055299751633, 0.4910245996495366, 2.5623465415665683]
total_steps: 1000
states_probs: [0.005659269430078386, 0.005661061318146854]
optimized_portfolios: [{'AMGN': 4, 'CSCO': 5, 'TRV': 0}, {'AMGN': 4, 'CSCO': 1, 'TRV': 1}]
objective_values: [-77.6769566190218, -11.189355316433092]
result_with_budget: [{'portfolio': {'AMGN': 4, 'CSCO': 5, 'TRV': 0}, 'budget': 1328.2013320922852, 'difference': 269.79866790771484}, {'portfolio': {'AMGN': 4, 'CSCO': 1, 'TRV': 1}, 'budget': 1332.9125289916992, 'difference': 265.0874710083008}]
Batch 80/100 completed. Results saved to portfolio_optimization_results_batch_79.json
Job finished at Sat Mar 22 18:16:15 EET 2025
