Running job array 57 on pe73.int.triton.aalto.fi
Starting at Fri Mar 21 16:01:42 EET 2025
Activating virtual environment at /scratch/work/uotilav2/quantum-portfolio/venv
Processing batch 58/100: experiments 57 to 57 (total 1)
Processing experiment 57
Budget: 1143
YF.download() has changed argument auto_adjust default to True
Number of qubits for asset AMGN: 3
Number of qubits for asset BA: 3
Number of qubits for asset GS: 2
Number of qubits for asset TRV: 3
Total number of qubits:  11
Optimized Weights (considering variance, skewness and kurtosis):
AMGN: 23.83%
BA: 0.00%
GS: 71.41%
TRV: 4.75%
Left over budget:  74.74576899469275
Optimized Discrete Allocation:
AMGN: 1
GS: 1
TRV: 1
Maximized utility from continuous higher moments:  -0.8694274893190203
Budget constraint not satisfied 1143.5511779785156 1143 Difference:  -0.551177978515625
Budget constraint satisfied 1139.589111328125 1143 Difference:  3.410888671875
smallest_eigenvalues: [-0.048881243833370676]
smallest_bitstrings: ['10010100000']
first_excited_energy: -0.04888099641087685
optimized_portfolio: [{'AMGN': 1, 'BA': 5, 'GS': 0, 'TRV': 0}]
second_optimized_portfolio: [{'AMGN': 0, 'BA': 0, 'GS': 2, 'TRV': 0}]
result_with_budget: [{'portfolio': {'AMGN': 1, 'BA': 5, 'GS': 0, 'TRV': 0}, 'budget': 1143.5511779785156, 'difference': -0.551177978515625, 'objective_value': -45.860703527984484}]
result_with_budget_excited: [{'portfolio': {'AMGN': 0, 'BA': 0, 'GS': 2, 'TRV': 0}, 'budget': 1139.589111328125, 'difference': 3.410888671875, 'objective_value': -0.38662665226588433}]
Initial params:  [2.51063067 1.44978017 2.45210473 0.37157007 2.01037118 0.45035763
 2.96776493 1.63943485 1.3026989  0.83112597 2.43232687 1.43303853
 1.78578792 0.0590299  1.94035914 1.92295543 1.93815531 2.96487203
 2.14200164 1.12942738]
(6_w,12)-aCMA-ES (mu_w=3.7,w_1=40%) in dimension 20 (seed=665329, Fri Mar 21 16:02:07 2025)
Iterat #Fevals   function value  axis ratio  sigma  min&max std  t[m:s]
    1     12 -1.828526599814416e-02 1.0e+00 9.85e-02  1e-01  1e-01 0:40.7
    2     24 -2.221359506036835e-02 1.1e+00 1.00e-01  1e-01  1e-01 1:21.4
    3     36 -2.846809364379002e-02 1.2e+00 1.01e-01  1e-01  1e-01 2:02.0
    4     48 -2.317202121922915e-02 1.2e+00 1.03e-01  1e-01  1e-01 2:42.6
    5     60 -3.089066153465632e-02 1.3e+00 1.05e-01  1e-01  1e-01 3:23.4
    6     72 -3.132625909874990e-02 1.3e+00 1.07e-01  1e-01  1e-01 4:03.9
    7     84 -3.013563680310478e-02 1.3e+00 1.06e-01  1e-01  1e-01 4:44.6
    8     96 -3.264615683160766e-02 1.4e+00 1.05e-01  1e-01  1e-01 5:25.2
    9    108 -3.368284651828064e-02 1.4e+00 1.06e-01  1e-01  1e-01 6:05.9
   10    120 -3.366812409680155e-02 1.4e+00 1.07e-01  1e-01  1e-01 6:46.5
   11    132 -3.399278050335923e-02 1.4e+00 1.08e-01  1e-01  1e-01 7:27.1
   12    144 -3.315290518974085e-02 1.5e+00 1.09e-01  1e-01  1e-01 8:07.9
   13    156 -3.314685902730918e-02 1.5e+00 1.07e-01  1e-01  1e-01 8:48.6
   14    168 -3.214559645071451e-02 1.6e+00 1.04e-01  1e-01  1e-01 9:29.3
   15    180 -3.271804059581931e-02 1.6e+00 1.04e-01  1e-01  1e-01 10:10.0
   16    192 -3.313800683853677e-02 1.6e+00 1.05e-01  1e-01  1e-01 10:50.6
   17    204 -3.336166705314497e-02 1.6e+00 1.07e-01  1e-01  1e-01 11:31.5
   18    216 -3.310101830100360e-02 1.7e+00 1.05e-01  1e-01  1e-01 12:12.4
   19    228 -3.455224557985707e-02 1.7e+00 9.78e-02  9e-02  1e-01 12:52.9
   20    240 -3.443111501465389e-02 1.7e+00 9.22e-02  8e-02  1e-01 13:33.5
   21    252 -3.452942935889257e-02 1.7e+00 8.98e-02  8e-02  1e-01 14:14.0
   22    264 -3.336415018752648e-02 1.7e+00 8.99e-02  8e-02  1e-01 14:54.6
   23    276 -3.457108876212162e-02 1.8e+00 8.94e-02  8e-02  1e-01 15:35.3
   24    288 -3.442190444077393e-02 1.8e+00 8.70e-02  8e-02  9e-02 16:15.8
   25    300 -3.494276433683192e-02 1.8e+00 8.56e-02  8e-02  9e-02 16:56.4
   26    312 -3.442674926358233e-02 1.9e+00 8.33e-02  8e-02  9e-02 17:36.9
   27    324 -3.506427837783135e-02 1.9e+00 8.16e-02  7e-02  9e-02 18:17.6
   28    336 -3.474598959366056e-02 1.9e+00 8.17e-02  7e-02  9e-02 18:58.3
   29    348 -3.464441144878136e-02 2.0e+00 7.96e-02  7e-02  9e-02 19:39.0
   30    360 -3.510574524190143e-02 2.0e+00 8.05e-02  7e-02  9e-02 20:19.5
   31    372 -3.444621536345903e-02 2.0e+00 8.29e-02  7e-02  9e-02 21:00.1
   32    384 -3.515853103927379e-02 2.0e+00 8.18e-02  7e-02  9e-02 21:40.8
   33    396 -3.461281193859535e-02 2.1e+00 7.97e-02  7e-02  9e-02 22:21.2
   34    408 -3.470623709763893e-02 2.1e+00 7.84e-02  7e-02  8e-02 23:02.0
   35    420 -3.484108930237545e-02 2.1e+00 7.56e-02  7e-02  8e-02 23:42.8
   36    432 -3.491324952525497e-02 2.2e+00 7.15e-02  6e-02  8e-02 24:23.4
   37    444 -3.452986318507997e-02 2.2e+00 7.18e-02  6e-02  8e-02 25:04.0
   38    456 -3.513174889522700e-02 2.2e+00 6.92e-02  6e-02  8e-02 25:44.7
   39    468 -3.524470710092948e-02 2.2e+00 6.74e-02  6e-02  7e-02 26:25.4
   40    480 -3.532072967434193e-02 2.3e+00 6.38e-02  6e-02  7e-02 27:06.1
   41    492 -3.531502480440303e-02 2.3e+00 6.05e-02  5e-02  7e-02 27:46.7
   43    516 -3.520949431154426e-02 2.4e+00 5.98e-02  5e-02  7e-02 29:07.9
   45    540 -3.522031233301211e-02 2.4e+00 5.81e-02  5e-02  6e-02 30:29.5
   47    564 -3.551706952878271e-02 2.5e+00 5.36e-02  5e-02  6e-02 31:49.4
   49    588 -3.553099700140412e-02 2.5e+00 5.33e-02  5e-02  6e-02 33:07.9
   51    612 -3.543905482803022e-02 2.6e+00 4.92e-02  4e-02  5e-02 34:26.7
   53    636 -3.563303706687806e-02 2.6e+00 4.70e-02  4e-02  5e-02 35:45.0
   55    660 -3.562115054797009e-02 2.7e+00 4.78e-02  4e-02  5e-02 37:03.6
   57    684 -3.575129469389202e-02 2.9e+00 4.96e-02  4e-02  5e-02 38:21.9
   59    708 -3.585522516294362e-02 3.1e+00 4.85e-02  4e-02  5e-02 39:40.5
   61    732 -3.570704876571749e-02 3.2e+00 4.70e-02  4e-02  5e-02 40:59.0
   63    756 -3.559838613714617e-02 3.3e+00 4.55e-02  4e-02  5e-02 42:17.5
   65    780 -3.567599777004472e-02 3.4e+00 4.31e-02  4e-02  5e-02 43:36.1
   67    804 -3.564885153871881e-02 3.4e+00 4.07e-02  3e-02  4e-02 44:54.5
   69    828 -3.584495255692066e-02 3.5e+00 3.78e-02  3e-02  4e-02 46:13.0
   71    852 -3.591967237360620e-02 3.5e+00 3.62e-02  3e-02  4e-02 47:31.6
   73    876 -3.591385018632622e-02 3.6e+00 3.52e-02  3e-02  4e-02 48:49.7
   75    900 -3.590059868987259e-02 3.7e+00 3.40e-02  3e-02  4e-02 50:08.5
   77    924 -3.600779043083555e-02 3.8e+00 3.49e-02  3e-02  4e-02 51:27.0
   79    948 -3.604734555254772e-02 3.8e+00 3.50e-02  3e-02  4e-02 52:45.6
   81    972 -3.597045170672401e-02 3.9e+00 3.51e-02  3e-02  4e-02 54:04.3
   83    996 -3.605953525640978e-02 3.9e+00 3.29e-02  3e-02  4e-02 55:22.9
   85   1020 -3.606637916344623e-02 3.9e+00 3.04e-02  2e-02  3e-02 56:42.0
   87   1044 -3.618043332282517e-02 4.0e+00 2.92e-02  2e-02  3e-02 58:00.6
   89   1068 -3.630217701544512e-02 4.2e+00 3.06e-02  2e-02  3e-02 59:19.4
   91   1092 -3.623800756633054e-02 4.3e+00 3.05e-02  2e-02  3e-02 60:38.0
   93   1116 -3.628698861352076e-02 4.4e+00 3.09e-02  2e-02  3e-02 61:57.1
   95   1140 -3.644016611889273e-02 4.7e+00 3.34e-02  3e-02  4e-02 63:15.7
   97   1164 -3.645032448203225e-02 4.9e+00 3.30e-02  3e-02  4e-02 64:34.3
   99   1188 -3.647801782940108e-02 5.1e+00 3.38e-02  3e-02  4e-02 65:52.9
  100   1200 -3.642270793172794e-02 5.1e+00 3.41e-02  3e-02  4e-02 66:32.1
  102   1224 -3.639512960978002e-02 5.2e+00 3.49e-02  3e-02  4e-02 67:50.6
  104   1248 -3.641403795875944e-02 5.4e+00 3.66e-02  3e-02  4e-02 69:09.3
  106   1272 -3.665398692534833e-02 5.6e+00 3.62e-02  3e-02  4e-02 70:28.0
  108   1296 -3.660328245061727e-02 6.0e+00 3.84e-02  3e-02  4e-02 71:46.7
  110   1320 -3.660814870285255e-02 6.0e+00 3.85e-02  3e-02  4e-02 73:05.4
  112   1344 -3.667145453879708e-02 6.1e+00 3.79e-02  3e-02  4e-02 74:23.9
  114   1368 -3.664130314474905e-02 6.1e+00 3.74e-02  3e-02  4e-02 75:42.6
  116   1392 -3.662067093440218e-02 6.2e+00 3.46e-02  2e-02  4e-02 77:01.2
  119   1428 -3.670647144543198e-02 6.4e+00 3.21e-02  2e-02  4e-02 78:59.4
  122   1464 -3.672553806186114e-02 6.5e+00 3.12e-02  2e-02  3e-02 80:57.6
  125   1500 -3.681246411841368e-02 6.5e+00 2.77e-02  2e-02  3e-02 82:56.1
  128   1536 -3.694199549734676e-02 7.1e+00 3.04e-02  2e-02  3e-02 84:54.2
  131   1572 -3.700845471977064e-02 7.5e+00 3.14e-02  2e-02  4e-02 86:52.1
  134   1608 -3.708884356171081e-02 8.1e+00 3.49e-02  2e-02  4e-02 88:50.0
  137   1644 -3.711250835411852e-02 8.7e+00 3.81e-02  3e-02  5e-02 90:47.7
  140   1680 -3.717829895257529e-02 9.1e+00 4.21e-02  3e-02  5e-02 92:45.6
  143   1716 -3.714336854815915e-02 9.3e+00 5.03e-02  4e-02  6e-02 94:44.1
  146   1752 -3.728294644318388e-02 9.4e+00 5.62e-02  4e-02  7e-02 96:41.9
  149   1788 -3.742315087229991e-02 9.8e+00 6.50e-02  4e-02  8e-02 98:40.1
  152   1824 -3.753481043163405e-02 1.0e+01 6.93e-02  5e-02  9e-02 100:38.1
  155   1860 -3.753875765078681e-02 1.0e+01 7.12e-02  5e-02  9e-02 102:36.1
  158   1896 -3.762510429709970e-02 1.1e+01 6.52e-02  4e-02  8e-02 104:34.3
  161   1932 -3.786369644860973e-02 1.1e+01 6.61e-02  4e-02  9e-02 106:32.2
  164   1968 -3.759869211547699e-02 1.2e+01 6.93e-02  5e-02  9e-02 108:30.7
  167   2004 -3.783389135441593e-02 1.2e+01 7.07e-02  5e-02  9e-02 110:28.8
  170   2040 -3.796933644589897e-02 1.3e+01 6.95e-02  4e-02  9e-02 112:27.2
  173   2076 -3.804510569559433e-02 1.3e+01 6.46e-02  4e-02  9e-02 114:25.1
  176   2112 -3.827175090289269e-02 1.4e+01 6.42e-02  4e-02  9e-02 116:22.9
  179   2148 -3.850114720855258e-02 1.5e+01 7.44e-02  5e-02  1e-01 118:21.0
  182   2184 -3.810852877409597e-02 1.5e+01 7.17e-02  5e-02  1e-01 120:19.0
  185   2220 -3.827296798418694e-02 1.5e+01 6.89e-02  4e-02  1e-01 122:17.2
  188   2256 -3.834543585041991e-02 1.5e+01 6.83e-02  4e-02  1e-01 124:15.3
  191   2292 -3.843681898564803e-02 1.6e+01 6.06e-02  4e-02  8e-02 126:13.3
  194   2328 -3.859318663502274e-02 1.7e+01 6.14e-02  4e-02  9e-02 128:11.5
  197   2364 -3.878234530832442e-02 1.8e+01 6.69e-02  4e-02  1e-01 130:09.4
  200   2400 -3.875639055905203e-02 1.9e+01 6.59e-02  4e-02  1e-01 132:08.1
  203   2436 -3.878136422783152e-02 2.0e+01 6.07e-02  4e-02  1e-01 134:06.1
  206   2472 -3.894491417137116e-02 2.1e+01 5.85e-02  4e-02  9e-02 136:04.0
  209   2508 -3.896811019109514e-02 2.2e+01 5.98e-02  4e-02  1e-01 138:02.1
  212   2544 -3.886219809468603e-02 2.3e+01 6.10e-02  4e-02  1e-01 139:60.0
  215   2580 -3.910514019124642e-02 2.3e+01 5.91e-02  4e-02  1e-01 141:58.2
  218   2616 -3.910762446991400e-02 2.5e+01 5.46e-02  4e-02  9e-02 143:56.3
  221   2652 -3.925041045948138e-02 2.6e+01 5.41e-02  4e-02  9e-02 145:54.4
  224   2688 -3.919738514427411e-02 2.7e+01 5.28e-02  4e-02  9e-02 147:52.6
  227   2724 -3.933576267924684e-02 2.7e+01 5.05e-02  3e-02  8e-02 149:50.6
  230   2760 -3.925172624178916e-02 2.8e+01 5.08e-02  3e-02  8e-02 151:48.7
  233   2796 -3.934635655772312e-02 2.8e+01 5.12e-02  3e-02  8e-02 153:47.1
  237   2844 -3.938519531034785e-02 2.9e+01 5.70e-02  4e-02  9e-02 156:24.3
  241   2892 -3.947864852758448e-02 3.0e+01 6.86e-02  4e-02  1e-01 159:02.0
  245   2940 -3.947997287801173e-02 3.0e+01 6.81e-02  4e-02  1e-01 161:39.8
  249   2988 -3.961125477104160e-02 3.1e+01 6.01e-02  4e-02  1e-01 164:18.6
  253   3036 -3.976183778770479e-02 3.2e+01 5.78e-02  4e-02  9e-02 166:56.0
  257   3084 -3.974860597629012e-02 3.2e+01 6.21e-02  4e-02  1e-01 169:33.2
  261   3132 -3.995693246149815e-02 3.4e+01 6.29e-02  4e-02  1e-01 172:10.6
  265   3180 -4.023580288237782e-02 3.6e+01 8.27e-02  5e-02  1e-01 174:47.9
  269   3228 -4.017099486952232e-02 3.7e+01 9.70e-02  6e-02  2e-01 177:25.2
  273   3276 -4.031687499316011e-02 3.8e+01 1.03e-01  6e-02  2e-01 180:02.5
  277   3324 -4.047193895969001e-02 3.8e+01 8.93e-02  5e-02  2e-01 182:39.9
  281   3372 -4.065592054419792e-02 3.9e+01 9.42e-02  6e-02  2e-01 185:17.1
  285   3420 -4.090008647657533e-02 3.9e+01 1.13e-01  6e-02  2e-01 187:54.6
  289   3468 -4.056725593528838e-02 4.2e+01 1.24e-01  7e-02  2e-01 190:32.6
  293   3516 -4.093212082716851e-02 4.4e+01 1.20e-01  7e-02  2e-01 193:10.1
  297   3564 -4.133176176689354e-02 4.5e+01 1.04e-01  6e-02  2e-01 195:47.8
  300   3600 -4.102654694934531e-02 4.6e+01 9.95e-02  6e-02  2e-01 197:45.8
  304   3648 -4.097193466228273e-02 4.7e+01 1.00e-01  6e-02  2e-01 200:24.4
  308   3696 -4.120544171218869e-02 4.7e+01 9.00e-02  5e-02  2e-01 203:02.2
  312   3744 -4.104702175872721e-02 4.6e+01 7.97e-02  4e-02  1e-01 205:40.0
  316   3792 -4.120411896952347e-02 4.7e+01 6.88e-02  4e-02  1e-01 208:17.6
  320   3840 -4.130645888826099e-02 4.8e+01 7.09e-02  4e-02  1e-01 210:56.0
  324   3888 -4.137992684958328e-02 4.8e+01 6.39e-02  4e-02  1e-01 213:34.0
  328   3936 -4.149026546327261e-02 4.9e+01 6.17e-02  3e-02  1e-01 216:12.0
  332   3984 -4.148540305604309e-02 4.9e+01 5.59e-02  3e-02  1e-01 218:49.8
  336   4032 -4.150412529879671e-02 5.0e+01 5.03e-02  3e-02  9e-02 221:27.6
  340   4080 -4.152184688048295e-02 5.1e+01 4.50e-02  2e-02  8e-02 224:05.5
  344   4128 -4.157458012009482e-02 5.1e+01 4.54e-02  2e-02  8e-02 226:43.6
  348   4176 -4.158474374068680e-02 5.0e+01 4.64e-02  2e-02  8e-02 229:21.3
  352   4224 -4.160956690653982e-02 5.1e+01 4.41e-02  2e-02  8e-02 231:59.2
  356   4272 -4.162286158185610e-02 5.2e+01 4.36e-02  2e-02  8e-02 234:37.0
  360   4320 -4.167470101844775e-02 5.1e+01 4.39e-02  2e-02  8e-02 237:14.7
  364   4368 -4.167596794770582e-02 5.3e+01 3.77e-02  2e-02  7e-02 239:52.1
  368   4416 -4.174322488050469e-02 5.5e+01 3.83e-02  2e-02  7e-02 242:29.3
  372   4464 -4.176147450634866e-02 5.6e+01 4.43e-02  2e-02  8e-02 245:06.3
  376   4512 -4.174902689274102e-02 5.8e+01 4.55e-02  2e-02  8e-02 247:43.3
  380   4560 -4.174780919766367e-02 5.8e+01 4.66e-02  2e-02  8e-02 250:20.2
  384   4608 -4.179306333016947e-02 5.9e+01 4.81e-02  2e-02  8e-02 252:57.4
  388   4656 -4.180072152749413e-02 5.9e+01 6.19e-02  3e-02  1e-01 255:35.1
  393   4716 -4.190518785517761e-02 6.1e+01 6.03e-02  3e-02  1e-01 258:50.7
  398   4776 -4.198958970221112e-02 6.1e+01 5.55e-02  3e-02  1e-01 262:06.6
  400   4800 -4.199381846552970e-02 6.3e+01 5.42e-02  3e-02  1e-01 263:24.9
  405   4860 -4.206919342947835e-02 6.5e+01 5.40e-02  2e-02  1e-01 266:40.6
  410   4920 -4.210471479605608e-02 6.9e+01 5.26e-02  2e-02  1e-01 269:56.3
  415   4980 -4.220375405422713e-02 7.1e+01 4.96e-02  2e-02  1e-01 273:11.8
  420   5040 -4.222404017697156e-02 7.3e+01 5.21e-02  2e-02  1e-01 276:27.3
  425   5100 -4.231336987398482e-02 7.4e+01 4.94e-02  2e-02  1e-01 279:43.1
  430   5160 -4.237583100039706e-02 8.1e+01 5.71e-02  2e-02  1e-01 282:58.5
  435   5220 -4.249962872997756e-02 9.4e+01 6.53e-02  3e-02  2e-01 286:13.7
  440   5280 -4.266227193201413e-02 1.1e+02 7.51e-02  3e-02  2e-01 289:29.3
  445   5340 -4.274441264601753e-02 1.2e+02 7.33e-02  3e-02  3e-01 292:44.8
  450   5400 -4.281831012615579e-02 1.3e+02 6.31e-02  2e-02  2e-01 296:01.2
  455   5460 -4.303978607410777e-02 1.3e+02 6.85e-02  3e-02  2e-01 299:16.6
  460   5520 -4.307616823490416e-02 1.4e+02 7.83e-02  3e-02  3e-01 302:32.4
  465   5580 -4.297671974546811e-02 1.4e+02 7.61e-02  3e-02  3e-01 305:48.4
  470   5640 -4.312430693337062e-02 1.4e+02 6.79e-02  3e-02  2e-01 309:04.4
  475   5700 -4.330619930899203e-02 1.3e+02 5.13e-02  2e-02  2e-01 312:19.8
  480   5760 -4.328445118917804e-02 1.4e+02 4.93e-02  2e-02  2e-01 315:35.7
  485   5820 -4.334064526320503e-02 1.4e+02 4.84e-02  2e-02  2e-01 318:51.7
  490   5880 -4.340325469196642e-02 1.4e+02 4.52e-02  2e-02  2e-01 322:07.3
  495   5940 -4.341398944262077e-02 1.4e+02 4.23e-02  1e-02  1e-01 325:22.6
  500   6000 -4.343287824618502e-02 1.4e+02 3.64e-02  1e-02  1e-01 328:38.5
  505   6060 -4.346214020534506e-02 1.4e+02 3.50e-02  1e-02  1e-01 331:54.4
  510   6120 -4.349891184475022e-02 1.4e+02 3.20e-02  1e-02  1e-01 335:09.8
  515   6180 -4.350955174525630e-02 1.5e+02 3.27e-02  1e-02  1e-01 338:25.4
  520   6240 -4.357081486922933e-02 1.6e+02 3.63e-02  1e-02  1e-01 341:40.9
  525   6300 -4.355050568032533e-02 1.7e+02 4.63e-02  1e-02  2e-01 344:56.9
  530   6360 -4.360246585462851e-02 1.8e+02 4.81e-02  1e-02  2e-01 348:12.8
  535   6420 -4.359502043376265e-02 1.9e+02 4.69e-02  1e-02  2e-01 351:28.1
  540   6480 -4.361574846906768e-02 2.0e+02 4.72e-02  1e-02  2e-01 354:43.9
  545   6540 -4.370718913349398e-02 2.0e+02 4.26e-02  1e-02  2e-01 357:59.5
  550   6600 -4.371761064014094e-02 2.0e+02 4.57e-02  1e-02  2e-01 361:15.4
  555   6660 -4.376278237735391e-02 2.1e+02 4.40e-02  1e-02  2e-01 364:31.0
  560   6720 -4.378873724089562e-02 2.1e+02 4.80e-02  1e-02  2e-01 367:46.4
  565   6780 -4.381231185507422e-02 2.0e+02 5.65e-02  1e-02  2e-01 371:02.1
  570   6840 -4.390751718776678e-02 2.1e+02 7.61e-02  2e-02  3e-01 374:17.9
  575   6900 -4.389417925367849e-02 2.1e+02 8.79e-02  2e-02  4e-01 377:33.2
  580   6960 -4.383563173876030e-02 2.2e+02 7.84e-02  2e-02  3e-01 380:49.3
  585   7020 -4.390930314020075e-02 2.1e+02 7.03e-02  2e-02  3e-01 384:05.4
  591   7092 -4.389251244999837e-02 2.1e+02 5.82e-02  1e-02  2e-01 388:00.6
  597   7164 -4.389625339679206e-02 2.0e+02 5.12e-02  1e-02  2e-01 391:56.0
  600   7200 -4.391886506758362e-02 2.0e+02 4.85e-02  1e-02  2e-01 393:53.8
  606   7272 -4.396199716998645e-02 2.0e+02 4.10e-02  8e-03  2e-01 397:49.7
  612   7344 -4.395468454312998e-02 2.1e+02 4.08e-02  7e-03  2e-01 401:45.0
  618   7416 -4.400636827887552e-02 2.2e+02 3.80e-02  7e-03  2e-01 405:40.0
  624   7488 -4.402515706546990e-02 2.3e+02 3.60e-02  6e-03  2e-01 409:35.4
  630   7560 -4.406094778225261e-02 2.4e+02 3.71e-02  6e-03  2e-01 413:30.9
  636   7632 -4.411209201334149e-02 2.6e+02 4.64e-02  7e-03  2e-01 417:26.2
  642   7704 -4.415402369691224e-02 2.9e+02 5.09e-02  8e-03  3e-01 421:21.9
  648   7776 -4.417313666923318e-02 3.2e+02 6.14e-02  9e-03  4e-01 425:18.1
  654   7848 -4.424819440580663e-02 3.4e+02 6.49e-02  1e-02  4e-01 429:13.4
  660   7920 -4.426104710686988e-02 3.6e+02 6.41e-02  1e-02  4e-01 433:08.8
  666   7992 -4.430417081600100e-02 3.7e+02 5.94e-02  8e-03  4e-01 437:04.0
  672   8064 -4.435350703946509e-02 3.8e+02 5.57e-02  8e-03  4e-01 440:59.7
  678   8136 -4.440375832570286e-02 3.9e+02 5.98e-02  8e-03  4e-01 444:54.8
  684   8208 -4.443824581332691e-02 4.0e+02 5.95e-02  8e-03  4e-01 448:50.0
  690   8280 -4.464323463151632e-02 4.3e+02 5.67e-02  7e-03  4e-01 452:45.2
  696   8352 -4.466257343766215e-02 4.5e+02 5.53e-02  7e-03  4e-01 456:39.9
  700   8400 -4.470149347683622e-02 4.4e+02 5.13e-02  6e-03  4e-01 459:16.7
  706   8472 -4.474126131127085e-02 4.4e+02 4.22e-02  5e-03  3e-01 463:12.0
  712   8544 -4.477837710042443e-02 4.3e+02 3.90e-02  5e-03  3e-01 467:07.2
  718   8616 -4.482360872776772e-02 4.2e+02 4.09e-02  5e-03  3e-01 471:01.7
  724   8688 -4.484725662554250e-02 4.1e+02 3.85e-02  4e-03  3e-01 474:56.5
  730   8760 -4.490099049101185e-02 4.1e+02 3.68e-02  4e-03  2e-01 478:51.4
  736   8832 -4.491719340088544e-02 4.2e+02 3.75e-02  4e-03  3e-01 482:45.4
  742   8904 -4.492700256236239e-02 4.1e+02 3.51e-02  4e-03  2e-01 486:41.4
  748   8976 -4.496364506642463e-02 4.3e+02 3.75e-02  4e-03  2e-01 490:36.8
  754   9048 -4.495053989567133e-02 4.2e+02 3.24e-02  3e-03  2e-01 494:32.1
  760   9120 -4.496434351141658e-02 4.1e+02 2.76e-02  3e-03  2e-01 498:27.5
  766   9192 -4.497381027122828e-02 4.2e+02 2.61e-02  2e-03  2e-01 502:23.0
  772   9264 -4.498052577544349e-02 4.2e+02 2.71e-02  2e-03  2e-01 506:18.2
  778   9336 -4.499292980980849e-02 4.2e+02 2.33e-02  2e-03  1e-01 510:13.0
  784   9408 -4.499314689365038e-02 4.3e+02 2.17e-02  2e-03  1e-01 514:08.1
  790   9480 -4.499704200707726e-02 4.4e+02 2.18e-02  2e-03  1e-01 518:03.1
  796   9552 -4.500720805091537e-02 4.2e+02 2.52e-02  2e-03  2e-01 521:57.4
  800   9600 -4.501295423912990e-02 4.2e+02 2.96e-02  2e-03  2e-01 524:33.8
  806   9672 -4.501464350159033e-02 4.2e+02 3.08e-02  2e-03  2e-01 528:28.7
  812   9744 -4.502376908356795e-02 4.2e+02 3.50e-02  3e-03  2e-01 532:24.1
  819   9828 -4.503307815892296e-02 4.3e+02 3.40e-02  3e-03  2e-01 536:58.6
  826   9912 -4.504615572419227e-02 4.3e+02 2.64e-02  2e-03  2e-01 541:33.4
  833   9996 -4.505754085321256e-02 4.3e+02 3.04e-02  2e-03  2e-01 546:07.4
  840  10080 -4.507332733322993e-02 4.3e+02 3.38e-02  2e-03  2e-01 550:41.2
  847  10164 -4.507876662283571e-02 4.4e+02 4.45e-02  3e-03  3e-01 555:15.3
  854  10248 -4.509140659394735e-02 4.4e+02 4.20e-02  3e-03  2e-01 559:49.1
  861  10332 -4.510018202079785e-02 4.4e+02 3.87e-02  3e-03  2e-01 564:23.0
  868  10416 -4.511133933598616e-02 4.2e+02 3.05e-02  2e-03  2e-01 568:57.9
  875  10500 -4.512609584781315e-02 4.2e+02 3.23e-02  2e-03  2e-01 573:32.8
  882  10584 -4.512623171348327e-02 4.2e+02 3.60e-02  2e-03  2e-01 578:08.0
  889  10668 -4.513474110546317e-02 4.1e+02 2.96e-02  2e-03  2e-01 582:44.1
  896  10752 -4.514409871996944e-02 4.2e+02 2.46e-02  1e-03  1e-01 587:19.3
  900  10800 -4.514651372935499e-02 4.2e+02 2.40e-02  1e-03  1e-01 589:56.7
  907  10884 -4.515246816388403e-02 4.1e+02 2.29e-02  1e-03  1e-01 594:32.1
  914  10968 -4.515736035421696e-02 4.0e+02 2.31e-02  1e-03  1e-01 599:06.6
  921  11052 -4.516355401128672e-02 4.1e+02 3.01e-02  2e-03  1e-01 603:40.7
  928  11136 -4.516965114274126e-02 4.0e+02 3.25e-02  2e-03  2e-01 608:15.0
  935  11220 -4.517665764612582e-02 3.9e+02 2.86e-02  1e-03  1e-01 612:49.0
  942  11304 -4.517903025077777e-02 3.9e+02 2.45e-02  1e-03  1e-01 617:24.3
  949  11388 -4.518346047940922e-02 3.7e+02 2.38e-02  1e-03  1e-01 621:59.1
  956  11472 -4.518811264238077e-02 3.7e+02 2.83e-02  1e-03  1e-01 626:33.4
  963  11556 -4.519492458055720e-02 3.7e+02 2.78e-02  1e-03  1e-01 631:07.9
  970  11640 -4.519850691680638e-02 4.1e+02 2.57e-02  1e-03  2e-01 635:42.5
  977  11724 -4.520400566913645e-02 4.2e+02 2.81e-02  1e-03  2e-01 640:17.3
  984  11808 -4.520931826222017e-02 4.6e+02 3.39e-02  2e-03  2e-01 644:52.8
  991  11892 -4.521556776565468e-02 4.9e+02 3.59e-02  2e-03  2e-01 649:27.2
  998  11976 -4.522177696690936e-02 4.9e+02 4.04e-02  2e-03  3e-01 654:02.1
 1000  12000 -4.522589894287021e-02 5.1e+02 4.35e-02  2e-03  3e-01 655:20.6
Budget constraint satisfied 896.7254791259766 1143 Difference:  246.27452087402344
Budget constraint satisfied 852.4596710205078 1143 Difference:  290.5403289794922
two_most_probable_states: ['00010000110', '10001000100']
final_expectation_value: -0.04522589894287021
params: [-5.847369197837021, -2.7222019519592098, 10.950550044555369, 5.020943471102104, 10.675677115149078, -4.532062347931563, 22.325390699579838, 29.684264675205345, 23.048065794726572, -3.6696248354276597, 4.978426114888747, 1.4989514299944227, 2.1322650957162943, 0.7066054567092139, 0.14981699506604174, 2.3693428411137387, 3.022274071924615, 3.0937302381735594, -0.16094883755589023, 3.260832891383021]
total_steps: 1000
states_probs: [0.012208475437645935, 0.012738372709927736]
optimized_portfolios: [{'AMGN': 0, 'BA': 1, 'GS': 0, 'TRV': 3}, {'AMGN': 1, 'BA': 2, 'GS': 0, 'TRV': 1}]
objective_values: [-17.448157133410977, -5.014273049190516]
result_with_budget: [{'portfolio': {'AMGN': 0, 'BA': 1, 'GS': 0, 'TRV': 3}, 'budget': 896.7254791259766, 'difference': 246.27452087402344}, {'portfolio': {'AMGN': 1, 'BA': 2, 'GS': 0, 'TRV': 1}, 'budget': 852.4596710205078, 'difference': 290.5403289794922}]
Batch 58/100 completed. Results saved to portfolio_optimization_results_batch_57.json
Job finished at Sat Mar 22 03:01:00 EET 2025
