Running job array 96 on csl44.int.triton.aalto.fi
Starting at Sat Mar 22 10:19:30 EET 2025
Activating virtual environment at /scratch/work/uotilav2/quantum-portfolio/venv
Processing batch 97/100: experiments 96 to 96 (total 1)
Processing experiment 96
Budget: 1788
YF.download() has changed argument auto_adjust default to True
Number of qubits for asset AAPL: 3
Number of qubits for asset JPM: 3
Total number of qubits:  6
Optimized Weights (considering variance, skewness and kurtosis):
AAPL: 100.00%
JPM: 0.00%
Left over budget:  36.98518358878073
Optimized Discrete Allocation:
AAPL: 7
Maximized utility from continuous higher moments:  -51.43266999450491
Budget constraint satisfied 1751.0148162841797 1788 Difference:  36.98518371582031
Budget constraint satisfied 1739.3481903076172 1788 Difference:  48.65180969238281
smallest_eigenvalues: [-0.6232096138461831]
smallest_bitstrings: ['111000']
first_excited_energy: -0.6230149664102502
optimized_portfolio: [{'AAPL': 7, 'JPM': 0}]
second_optimized_portfolio: [{'AAPL': 6, 'JPM': 1}]
result_with_budget: [{'portfolio': {'AAPL': 7, 'JPM': 0}, 'budget': 1751.0148162841797, 'difference': 36.98518371582031, 'objective_value': -51.43266999450491}]
result_with_budget_excited: [{'portfolio': {'AAPL': 6, 'JPM': 1}, 'budget': 1739.3481903076172, 'difference': 48.65180969238281, 'objective_value': -39.57881830192405}]
Initial params:  [2.9078476  0.22316636 0.27372477 0.06351797 2.61575239 2.44465153
 2.73322377 3.07442019 2.51063067 1.44978017 2.45210473 0.37157007]
(5_w,11)-aCMA-ES (mu_w=3.4,w_1=42%) in dimension 12 (seed=794941, Sat Mar 22 10:19:46 2025)
Iterat #Fevals   function value  axis ratio  sigma  min&max std  t[m:s]
    1     11 -5.388548346747897e-01 1.0e+00 9.48e-02  9e-02  1e-01 0:01.6
    2     22 -5.430877798665653e-01 1.2e+00 9.05e-02  9e-02  1e-01 0:03.2
    3     33 -5.371418172619908e-01 1.2e+00 8.94e-02  8e-02  1e-01 0:04.7
    5     55 -5.401622601920489e-01 1.4e+00 8.71e-02  8e-02  9e-02 0:07.7
    8     88 -5.613123944181205e-01 1.7e+00 8.24e-02  8e-02  9e-02 0:12.4
   12    132 -5.879603573498707e-01 2.1e+00 1.09e-01  1e-01  1e-01 0:18.6
   16    176 -5.936292163298047e-01 2.6e+00 1.47e-01  1e-01  2e-01 0:24.8
   21    231 -5.922472922033736e-01 3.0e+00 1.48e-01  1e-01  2e-01 0:32.5
   27    297 -5.945382700095660e-01 3.3e+00 1.31e-01  1e-01  1e-01 0:41.8
   33    363 -5.889380310355330e-01 3.9e+00 1.16e-01  9e-02  1e-01 0:51.1
   40    440 -5.932018092937559e-01 4.5e+00 1.32e-01  1e-01  2e-01 1:01.9
   48    528 -5.923009592294559e-01 4.8e+00 9.31e-02  7e-02  1e-01 1:14.3
   56    616 -5.933081079458384e-01 5.4e+00 1.03e-01  7e-02  1e-01 1:26.7
   65    715 -5.956391146981247e-01 6.5e+00 9.47e-02  5e-02  1e-01 1:40.6
   75    825 -5.962423925609646e-01 8.7e+00 5.57e-02  3e-02  7e-02 1:55.9
   85    935 -5.969463975393560e-01 1.1e+01 4.75e-02  2e-02  7e-02 2:11.3
   96   1056 -5.979210753373748e-01 1.4e+01 4.32e-02  2e-02  7e-02 2:28.1
  100   1100 -5.984372426789195e-01 1.7e+01 5.09e-02  2e-02  1e-01 2:34.3
  112   1232 -5.996536257132608e-01 2.6e+01 7.46e-02  3e-02  2e-01 2:52.8
  125   1375 -6.010037982137000e-01 3.6e+01 7.30e-02  2e-02  2e-01 3:12.8
  139   1529 -6.020561823455858e-01 4.2e+01 6.22e-02  2e-02  2e-01 3:34.3
  153   1683 -6.024602013434137e-01 4.1e+01 4.77e-02  1e-02  1e-01 3:55.9
  168   1848 -6.031065310692455e-01 5.4e+01 5.26e-02  1e-02  2e-01 4:18.9
  183   2013 -6.043916276128217e-01 8.0e+01 6.31e-02  1e-02  2e-01 4:41.9
  199   2189 -6.054243917204013e-01 1.0e+02 1.28e-01  2e-02  5e-01 5:06.6
  200   2200 -6.057857610500361e-01 1.0e+02 1.21e-01  2e-02  4e-01 5:08.1
  217   2387 -6.057673921039027e-01 8.2e+01 9.14e-02  2e-02  3e-01 5:34.3
  235   2585 -6.063631602678535e-01 8.1e+01 5.42e-02  9e-03  1e-01 6:01.9
  254   2794 -6.067425441410832e-01 8.8e+01 4.90e-02  6e-03  1e-01 6:31.2
  273   3003 -6.071235042175432e-01 9.7e+01 5.21e-02  7e-03  1e-01 7:00.5
  293   3223 -6.075457591532147e-01 9.5e+01 4.65e-02  5e-03  1e-01 7:31.3
  300   3300 -6.076150951533478e-01 8.6e+01 3.85e-02  4e-03  9e-02 7:42.1
  321   3531 -6.082638811531156e-01 9.6e+01 7.78e-02  6e-03  2e-01 8:14.4
  343   3773 -6.088269696356112e-01 1.3e+02 9.62e-02  6e-03  2e-01 8:48.1
  366   4026 -6.095370639473202e-01 1.6e+02 1.20e-01  5e-03  3e-01 9:23.5
  389   4279 -6.105250203735402e-01 2.0e+02 1.26e-01  4e-03  4e-01 9:58.9
  400   4400 -6.105564993830608e-01 2.1e+02 1.06e-01  3e-03  3e-01 10:15.8
  425   4675 -6.107984097212611e-01 2.0e+02 1.05e-01  3e-03  3e-01 10:54.1
  450   4950 -6.117504064696845e-01 2.9e+02 1.70e-01  4e-03  5e-01 11:32.6
  476   5236 -6.120477506925589e-01 2.4e+02 7.78e-02  2e-03  2e-01 12:12.5
  500   5500 -6.121048717662160e-01 2.0e+02 5.88e-02  1e-03  1e-01 12:48.8
  528   5808 -6.121198069548356e-01 2.2e+02 1.83e-02  3e-04  4e-02 13:31.1
  556   6116 -6.121204518836270e-01 2.4e+02 4.54e-03  6e-05  7e-03 14:13.2
  585   6435 -6.121204804428947e-01 2.2e+02 7.46e-04  8e-06  1e-03 14:56.8
  600   6600 -6.121204808064508e-01 2.1e+02 3.01e-04  3e-06  4e-04 15:19.4
  630   6930 -6.121204809022925e-01 2.3e+02 5.36e-05  4e-07  5e-05 16:04.5
  657   7227 -6.121204809040910e-01 2.2e+02 1.05e-05  7e-08  8e-06 16:46.7
Budget constraint satisfied 1739.3481903076172 1788 Difference:  48.65180969238281
Budget constraint not satisfied 1954.4932861328125 1788 Difference:  -166.4932861328125
two_most_probable_states: ['011100', '001001']
final_expectation_value: -0.6121204809040914
params: [3.595799708205965, 10.318468523083649, -1.0000109031677018, 13.162649771340133, 12.991078330034902, 14.823017537735932, 2.755245483315783, 3.688919576434264, 0.8286697913987874, 1.4903619199411708, 3.0703819361392104, -0.055650763790863096]
total_steps: 657
states_probs: [0.056831755859256865, 0.06247866155997646]
optimized_portfolios: [{'AAPL': 6, 'JPM': 1}, {'AAPL': 4, 'JPM': 4}]
objective_values: [-39.57881830192405, -74.59835430633572]
result_with_budget: [{'portfolio': {'AAPL': 6, 'JPM': 1}, 'budget': 1739.3481903076172, 'difference': 48.65180969238281}, {'portfolio': {'AAPL': 4, 'JPM': 4}, 'budget': 1954.4932861328125, 'difference': -166.4932861328125}]
Batch 97/100 completed. Results saved to portfolio_optimization_results_batch_96.json
Job finished at Sat Mar 22 10:37:10 EET 2025
